[INFO] Scanning for projects...
[INFO] ------------------------------------------------------------------------
[INFO] Reactor Build Order:
[INFO] 
[INFO] Quarkus - Google Cloud Services - BOM                              [pom]
[INFO] Quarkus - Google Cloud Services - Parent                           [pom]
[INFO] Quarkus - Google Cloud Services - Common                           [pom]
[INFO] Quarkus - Google Cloud Services - Common - Runtime                 [jar]
[INFO] Quarkus - Google Cloud Services - Common - Deployment              [jar]
[INFO] Quarkus - Google Cloud Services - Common - GRPC                    [jar]
[INFO] Quarkus - Google Cloud Services - BigQuery                         [pom]
[INFO] Quarkus - Google Cloud Services - BigQuery - Runtime               [jar]
[INFO] Quarkus - Google Cloud Services - BigQuery - Deployment            [jar]
[INFO] Quarkus - Google Cloud Services - PubSub                           [pom]
[INFO] Quarkus - Google Cloud Services - PubSub - Runtime                 [jar]
[INFO] Quarkus - Google Cloud Services - PubSub - Deployment              [jar]
[INFO] Quarkus - Google Cloud Services - Spanner                          [pom]
[INFO] Quarkus - Google Cloud Services - Spanner - Runtime                [jar]
[INFO] Quarkus - Google Cloud Services - Spanner - Deployment             [jar]
[INFO] Quarkus - Google Cloud Services - Storage                          [pom]
[INFO] Quarkus - Google Cloud Services - Storage - Runtime                [jar]
[INFO] Quarkus - Google Cloud Services - Storage - Deployment             [jar]
[INFO] Quarkus - Google Cloud Services - Firestore                        [pom]
[INFO] Quarkus - Google Cloud Services - Firestore - Runtime              [jar]
[INFO] Quarkus - Google Cloud Services - Firestore - Deployment           [jar]
[INFO] Quarkus - Google Cloud Services - BigTable - Parent                [pom]
[INFO] Quarkus - Google Cloud Services - Bigtable - Runtime               [jar]
[INFO] Quarkus - Google Cloud Services - Bigtable - Deployment            [jar]
[INFO] Quarkus - Google Cloud Services - Secret Manager                   [pom]
[INFO] Quarkus - Google Cloud Services - Secret Manager - Runtime         [jar]
[INFO] Quarkus - Google Cloud Services - Secret Manager - Deployment      [jar]
[INFO] Quarkus - Google Cloud Services - Integration Tests - Parent       [pom]
[INFO] Quarkus - Google Cloud Services - Integration Tests - Main         [jar]
[INFO] Quarkus - Google Cloud Services - Integration Tests - Functions    [jar]
[INFO] Quarkus - Google Cloud Services - Integration Tests - AppEngine    [jar]
[INFO] 
[INFO] --< io.quarkiverse.googlecloudservices:quarkus-google-cloud-services-bom >--
[INFO] Building Quarkus - Google Cloud Services - BOM 0.11.0-SNAPSHOT    [1/31]
[INFO] --------------------------------[ pom ]---------------------------------
[INFO] 
[INFO] --- maven-clean-plugin:3.1.0:clean (default-clean) @ quarkus-google-cloud-services-bom ---
[INFO] Deleting /home/gabsko/breaking-updates/bom/target
[INFO] 
[INFO] --- maven-enforcer-plugin:3.0.0-M3:enforce (enforce-java-version) @ quarkus-google-cloud-services-bom ---
[INFO] 
[INFO] --- maven-enforcer-plugin:3.0.0-M3:enforce (enforce-maven-version) @ quarkus-google-cloud-services-bom ---
[INFO] 
[INFO] --- buildnumber-maven-plugin:1.4:create (get-scm-revision) @ quarkus-google-cloud-services-bom ---
[INFO] Executing: /bin/sh -c cd '/home/gabsko/breaking-updates/bom' && 'git' 'rev-parse' '--verify' 'HEAD'
[INFO] Working directory: /home/gabsko/breaking-updates/bom
[INFO] Storing buildNumber: 897221a5dd687e5e4badc86604ac4432d53ab654 at timestamp: 1673060322749
[WARNING] Cannot get the branch information from the git repository: 
Detecting the current branch failed: fatal: ref HEAD is not a symbolic ref

[INFO] Executing: /bin/sh -c cd '/home/gabsko/breaking-updates/bom' && 'git' 'rev-parse' '--verify' 'HEAD'
[INFO] Working directory: /home/gabsko/breaking-updates/bom
[INFO] Storing buildScmBranch: UNKNOWN
[INFO] 
[INFO] --- formatter-maven-plugin:2.15.0:format (default) @ quarkus-google-cloud-services-bom ---
[INFO] Using 'UTF-8' encoding to format source files.
[INFO] Number of files to be formatted: 0
[INFO] 
[INFO] --- impsort-maven-plugin:1.6.0:sort (sort-imports) @ quarkus-google-cloud-services-bom ---
[INFO] Processed 0 files in 00:00.001 (Already Sorted: 0, Needed Sorting: 0)
[INFO] 
[INFO] --< io.quarkiverse.googlecloudservices:quarkus-google-cloud-services-parent >--
[INFO] Building Quarkus - Google Cloud Services - Parent 0.11.0-SNAPSHOT [2/31]
[INFO] --------------------------------[ pom ]---------------------------------
[INFO] 
[INFO] --- maven-clean-plugin:3.1.0:clean (default-clean) @ quarkus-google-cloud-services-parent ---
[INFO] Deleting /home/gabsko/breaking-updates/target
[INFO] 
[INFO] --- maven-enforcer-plugin:3.0.0-M3:enforce (enforce-java-version) @ quarkus-google-cloud-services-parent ---
[INFO] 
[INFO] --- maven-enforcer-plugin:3.0.0-M3:enforce (enforce-maven-version) @ quarkus-google-cloud-services-parent ---
[INFO] 
[INFO] --- buildnumber-maven-plugin:1.4:create (get-scm-revision) @ quarkus-google-cloud-services-parent ---
[INFO] 
[INFO] --- formatter-maven-plugin:2.15.0:format (default) @ quarkus-google-cloud-services-parent ---
[INFO] Using 'UTF-8' encoding to format source files.
[INFO] Number of files to be formatted: 0
[INFO] 
[INFO] --- impsort-maven-plugin:1.6.0:sort (sort-imports) @ quarkus-google-cloud-services-parent ---
[INFO] Processed 0 files in 00:00.000 (Already Sorted: 0, Needed Sorting: 0)
[INFO] 
[INFO] --< io.quarkiverse.googlecloudservices:quarkus-google-cloud-common-parent >--
[INFO] Building Quarkus - Google Cloud Services - Common 0.11.0-SNAPSHOT [3/31]
[INFO] --------------------------------[ pom ]---------------------------------
[INFO] 
[INFO] --- maven-clean-plugin:3.1.0:clean (default-clean) @ quarkus-google-cloud-common-parent ---
[INFO] Deleting /home/gabsko/breaking-updates/common/target
[INFO] 
[INFO] --- maven-enforcer-plugin:3.0.0-M3:enforce (enforce-java-version) @ quarkus-google-cloud-common-parent ---
[INFO] 
[INFO] --- maven-enforcer-plugin:3.0.0-M3:enforce (enforce-maven-version) @ quarkus-google-cloud-common-parent ---
[INFO] 
[INFO] --- buildnumber-maven-plugin:1.4:create (get-scm-revision) @ quarkus-google-cloud-common-parent ---
[INFO] 
[INFO] --- formatter-maven-plugin:2.15.0:format (default) @ quarkus-google-cloud-common-parent ---
[INFO] Using 'UTF-8' encoding to format source files.
[INFO] Number of files to be formatted: 0
[INFO] 
[INFO] --- impsort-maven-plugin:1.6.0:sort (sort-imports) @ quarkus-google-cloud-common-parent ---
[INFO] Processed 0 files in 00:00.000 (Already Sorted: 0, Needed Sorting: 0)
[INFO] 
[INFO] ---< io.quarkiverse.googlecloudservices:quarkus-google-cloud-common >---
[INFO] Building Quarkus - Google Cloud Services - Common - Runtime 0.11.0-SNAPSHOT [4/31]
[INFO] --------------------------------[ jar ]---------------------------------
[INFO] 
[INFO] --- maven-clean-plugin:3.1.0:clean (default-clean) @ quarkus-google-cloud-common ---
[INFO] Deleting /home/gabsko/breaking-updates/common/runtime/target
[INFO] 
[INFO] --- maven-enforcer-plugin:3.0.0-M3:enforce (enforce-java-version) @ quarkus-google-cloud-common ---
[INFO] 
[INFO] --- maven-enforcer-plugin:3.0.0-M3:enforce (enforce-maven-version) @ quarkus-google-cloud-common ---
[INFO] 
[INFO] --- buildnumber-maven-plugin:1.4:create (get-scm-revision) @ quarkus-google-cloud-common ---
[INFO] 
[INFO] --- formatter-maven-plugin:2.15.0:format (default) @ quarkus-google-cloud-common ---
[INFO] Using 'UTF-8' encoding to format source files.
[INFO] Number of files to be formatted: 6
[INFO] Successfully formatted:          0 file(s)
[INFO] Fail to format:                  0 file(s)
[INFO] Skipped:                         6 file(s)
[INFO] Read only skipped:               0 file(s)
[INFO] Approximate time taken:          0s
[INFO] 
[INFO] --- impsort-maven-plugin:1.6.0:sort (sort-imports) @ quarkus-google-cloud-common ---
[INFO] Processed 6 files in 00:00.240 (Already Sorted: 6, Needed Sorting: 0)
[INFO] 
[INFO] --- maven-resources-plugin:3.1.0:resources (default-resources) @ quarkus-google-cloud-common ---
[INFO] Using 'UTF-8' encoding to copy filtered resources.
[INFO] Copying 1 resource
[INFO] 
[INFO] --- maven-compiler-plugin:3.8.1:compile (default-compile) @ quarkus-google-cloud-common ---
[INFO] Changes detected - recompiling the module!
[INFO] Compiling 6 source files to /home/gabsko/breaking-updates/common/runtime/target/classes
[INFO] 
[INFO] --- quarkus-bootstrap-maven-plugin:2.2.0.Final:extension-descriptor (default) @ quarkus-google-cloud-common ---
[INFO] 
[INFO] --- maven-resources-plugin:3.1.0:testResources (default-testResources) @ quarkus-google-cloud-common ---
[INFO] Using 'UTF-8' encoding to copy filtered resources.
[INFO] skip non existing resourceDirectory /home/gabsko/breaking-updates/common/runtime/src/test/resources
[INFO] 
[INFO] --- maven-compiler-plugin:3.8.1:testCompile (default-testCompile) @ quarkus-google-cloud-common ---
[INFO] No sources to compile
[INFO] 
[INFO] --- maven-surefire-plugin:2.22.2:test (default-test) @ quarkus-google-cloud-common ---
[INFO] No tests to run.
[INFO] 
[INFO] --< io.quarkiverse.googlecloudservices:quarkus-google-cloud-common-deployment >--
[INFO] Building Quarkus - Google Cloud Services - Common - Deployment 0.11.0-SNAPSHOT [5/31]
[INFO] --------------------------------[ jar ]---------------------------------
[INFO] 
[INFO] --- maven-clean-plugin:3.1.0:clean (default-clean) @ quarkus-google-cloud-common-deployment ---
[INFO] Deleting /home/gabsko/breaking-updates/common/deployment/target
[INFO] 
[INFO] --- maven-enforcer-plugin:3.0.0-M3:enforce (enforce-java-version) @ quarkus-google-cloud-common-deployment ---
[INFO] 
[INFO] --- maven-enforcer-plugin:3.0.0-M3:enforce (enforce-maven-version) @ quarkus-google-cloud-common-deployment ---
[INFO] 
[INFO] --- buildnumber-maven-plugin:1.4:create (get-scm-revision) @ quarkus-google-cloud-common-deployment ---
[INFO] 
[INFO] --- formatter-maven-plugin:2.15.0:format (default) @ quarkus-google-cloud-common-deployment ---
[INFO] Using 'UTF-8' encoding to format source files.
[INFO] Number of files to be formatted: 1
[INFO] Successfully formatted:          0 file(s)
[INFO] Fail to format:                  0 file(s)
[INFO] Skipped:                         1 file(s)
[INFO] Read only skipped:               0 file(s)
[INFO] Approximate time taken:          0s
[INFO] 
[INFO] --- impsort-maven-plugin:1.6.0:sort (sort-imports) @ quarkus-google-cloud-common-deployment ---
[INFO] Processed 1 files in 00:00.007 (Already Sorted: 1, Needed Sorting: 0)
[INFO] 
[INFO] --- maven-resources-plugin:3.1.0:resources (default-resources) @ quarkus-google-cloud-common-deployment ---
[INFO] Using 'UTF-8' encoding to copy filtered resources.
[INFO] skip non existing resourceDirectory /home/gabsko/breaking-updates/common/deployment/src/main/resources
[INFO] 
[INFO] --- maven-compiler-plugin:3.8.1:compile (default-compile) @ quarkus-google-cloud-common-deployment ---
[INFO] Changes detected - recompiling the module!
[INFO] Compiling 1 source file to /home/gabsko/breaking-updates/common/deployment/target/classes
[INFO] 
[INFO] --- maven-resources-plugin:3.1.0:testResources (default-testResources) @ quarkus-google-cloud-common-deployment ---
[INFO] Using 'UTF-8' encoding to copy filtered resources.
[INFO] skip non existing resourceDirectory /home/gabsko/breaking-updates/common/deployment/src/test/resources
[INFO] 
[INFO] --- maven-compiler-plugin:3.8.1:testCompile (default-testCompile) @ quarkus-google-cloud-common-deployment ---
[INFO] No sources to compile
[INFO] 
[INFO] --- maven-surefire-plugin:2.22.2:test (default-test) @ quarkus-google-cloud-common-deployment ---
[INFO] No tests to run.
[INFO] 
[INFO] --< io.quarkiverse.googlecloudservices:quarkus-google-cloud-common-grpc >--
[INFO] Building Quarkus - Google Cloud Services - Common - GRPC 0.11.0-SNAPSHOT [6/31]
[INFO] --------------------------------[ jar ]---------------------------------
[INFO] 
[INFO] --- maven-clean-plugin:3.1.0:clean (default-clean) @ quarkus-google-cloud-common-grpc ---
[INFO] Deleting /home/gabsko/breaking-updates/common/grpc/target
[INFO] 
[INFO] --- maven-enforcer-plugin:3.0.0-M3:enforce (enforce-java-version) @ quarkus-google-cloud-common-grpc ---
[INFO] 
[INFO] --- maven-enforcer-plugin:3.0.0-M3:enforce (enforce-maven-version) @ quarkus-google-cloud-common-grpc ---
[INFO] 
[INFO] --- buildnumber-maven-plugin:1.4:create (get-scm-revision) @ quarkus-google-cloud-common-grpc ---
[INFO] 
[INFO] --- formatter-maven-plugin:2.15.0:format (default) @ quarkus-google-cloud-common-grpc ---
[INFO] Using 'UTF-8' encoding to format source files.
[INFO] Number of files to be formatted: 1
[INFO] Successfully formatted:          0 file(s)
[INFO] Fail to format:                  0 file(s)
[INFO] Skipped:                         1 file(s)
[INFO] Read only skipped:               0 file(s)
[INFO] Approximate time taken:          0s
[INFO] 
[INFO] --- impsort-maven-plugin:1.6.0:sort (sort-imports) @ quarkus-google-cloud-common-grpc ---
[INFO] Processed 1 files in 00:00.023 (Already Sorted: 1, Needed Sorting: 0)
[INFO] 
[INFO] --- maven-resources-plugin:3.1.0:resources (default-resources) @ quarkus-google-cloud-common-grpc ---
[INFO] Using 'UTF-8' encoding to copy filtered resources.
[INFO] skip non existing resourceDirectory /home/gabsko/breaking-updates/common/grpc/src/main/resources
[INFO] 
[INFO] --- maven-compiler-plugin:3.8.1:compile (default-compile) @ quarkus-google-cloud-common-grpc ---
[INFO] Changes detected - recompiling the module!
[INFO] Compiling 1 source file to /home/gabsko/breaking-updates/common/grpc/target/classes
[WARNING] /home/gabsko/breaking-updates/common/grpc/src/main/java/io/quarkiverse/googlecloudservices/common/grpc/runtime/graal/GoogleApiGaxGrpcSubstitutions.java:[103,34] unchecked call to intercept(java.util.List<io.grpc.ClientInterceptor>) as a member of the raw type io.grpc.ManagedChannelBuilder
[INFO] 
[INFO] --- maven-resources-plugin:3.1.0:testResources (default-testResources) @ quarkus-google-cloud-common-grpc ---
[INFO] Using 'UTF-8' encoding to copy filtered resources.
[INFO] skip non existing resourceDirectory /home/gabsko/breaking-updates/common/grpc/src/test/resources
[INFO] 
[INFO] --- maven-compiler-plugin:3.8.1:testCompile (default-testCompile) @ quarkus-google-cloud-common-grpc ---
[INFO] No sources to compile
[INFO] 
[INFO] --- maven-surefire-plugin:2.22.2:test (default-test) @ quarkus-google-cloud-common-grpc ---
[INFO] No tests to run.
[INFO] 
[INFO] --< io.quarkiverse.googlecloudservices:quarkus-google-cloud-bigquery-parent >--
[INFO] Building Quarkus - Google Cloud Services - BigQuery 0.11.0-SNAPSHOT [7/31]
[INFO] --------------------------------[ pom ]---------------------------------
[INFO] 
[INFO] --- maven-clean-plugin:3.1.0:clean (default-clean) @ quarkus-google-cloud-bigquery-parent ---
[INFO] Deleting /home/gabsko/breaking-updates/bigquery/target
[INFO] 
[INFO] --- maven-enforcer-plugin:3.0.0-M3:enforce (enforce-java-version) @ quarkus-google-cloud-bigquery-parent ---
[INFO] 
[INFO] --- maven-enforcer-plugin:3.0.0-M3:enforce (enforce-maven-version) @ quarkus-google-cloud-bigquery-parent ---
[INFO] 
[INFO] --- buildnumber-maven-plugin:1.4:create (get-scm-revision) @ quarkus-google-cloud-bigquery-parent ---
[INFO] 
[INFO] --- formatter-maven-plugin:2.15.0:format (default) @ quarkus-google-cloud-bigquery-parent ---
[INFO] Using 'UTF-8' encoding to format source files.
[INFO] Number of files to be formatted: 0
[INFO] 
[INFO] --- impsort-maven-plugin:1.6.0:sort (sort-imports) @ quarkus-google-cloud-bigquery-parent ---
[INFO] Processed 0 files in 00:00.000 (Already Sorted: 0, Needed Sorting: 0)
[INFO] 
[INFO] --< io.quarkiverse.googlecloudservices:quarkus-google-cloud-bigquery >--
[INFO] Building Quarkus - Google Cloud Services - BigQuery - Runtime 0.11.0-SNAPSHOT [8/31]
[INFO] --------------------------------[ jar ]---------------------------------
[INFO] 
[INFO] --- maven-clean-plugin:3.1.0:clean (default-clean) @ quarkus-google-cloud-bigquery ---
[INFO] Deleting /home/gabsko/breaking-updates/bigquery/runtime/target
[INFO] 
[INFO] --- maven-enforcer-plugin:3.0.0-M3:enforce (enforce-java-version) @ quarkus-google-cloud-bigquery ---
[INFO] 
[INFO] --- maven-enforcer-plugin:3.0.0-M3:enforce (enforce-maven-version) @ quarkus-google-cloud-bigquery ---
[INFO] 
[INFO] --- buildnumber-maven-plugin:1.4:create (get-scm-revision) @ quarkus-google-cloud-bigquery ---
[INFO] 
[INFO] --- formatter-maven-plugin:2.15.0:format (default) @ quarkus-google-cloud-bigquery ---
[INFO] Using 'UTF-8' encoding to format source files.
[INFO] Number of files to be formatted: 1
[INFO] Successfully formatted:          0 file(s)
[INFO] Fail to format:                  0 file(s)
[INFO] Skipped:                         1 file(s)
[INFO] Read only skipped:               0 file(s)
[INFO] Approximate time taken:          0s
[INFO] 
[INFO] --- impsort-maven-plugin:1.6.0:sort (sort-imports) @ quarkus-google-cloud-bigquery ---
[INFO] Processed 1 files in 00:00.004 (Already Sorted: 1, Needed Sorting: 0)
[INFO] 
[INFO] --- maven-resources-plugin:3.1.0:resources (default-resources) @ quarkus-google-cloud-bigquery ---
[INFO] Using 'UTF-8' encoding to copy filtered resources.
[INFO] Copying 1 resource
[INFO] 
[INFO] --- maven-compiler-plugin:3.8.1:compile (default-compile) @ quarkus-google-cloud-bigquery ---
[INFO] Changes detected - recompiling the module!
[INFO] Compiling 1 source file to /home/gabsko/breaking-updates/bigquery/runtime/target/classes
[INFO] 
[INFO] --- quarkus-bootstrap-maven-plugin:2.2.0.Final:extension-descriptor (default) @ quarkus-google-cloud-bigquery ---
[INFO] 
[INFO] --- maven-resources-plugin:3.1.0:testResources (default-testResources) @ quarkus-google-cloud-bigquery ---
[INFO] Using 'UTF-8' encoding to copy filtered resources.
[INFO] skip non existing resourceDirectory /home/gabsko/breaking-updates/bigquery/runtime/src/test/resources
[INFO] 
[INFO] --- maven-compiler-plugin:3.8.1:testCompile (default-testCompile) @ quarkus-google-cloud-bigquery ---
[INFO] No sources to compile
[INFO] 
[INFO] --- maven-surefire-plugin:2.22.2:test (default-test) @ quarkus-google-cloud-bigquery ---
[INFO] No tests to run.
[INFO] 
[INFO] --< io.quarkiverse.googlecloudservices:quarkus-google-cloud-bigquery-deployment >--
[INFO] Building Quarkus - Google Cloud Services - BigQuery - Deployment 0.11.0-SNAPSHOT [9/31]
[INFO] --------------------------------[ jar ]---------------------------------
[INFO] 
[INFO] --- maven-clean-plugin:3.1.0:clean (default-clean) @ quarkus-google-cloud-bigquery-deployment ---
[INFO] Deleting /home/gabsko/breaking-updates/bigquery/deployment/target
[INFO] 
[INFO] --- maven-enforcer-plugin:3.0.0-M3:enforce (enforce-java-version) @ quarkus-google-cloud-bigquery-deployment ---
[INFO] 
[INFO] --- maven-enforcer-plugin:3.0.0-M3:enforce (enforce-maven-version) @ quarkus-google-cloud-bigquery-deployment ---
[INFO] 
[INFO] --- buildnumber-maven-plugin:1.4:create (get-scm-revision) @ quarkus-google-cloud-bigquery-deployment ---
[INFO] 
[INFO] --- formatter-maven-plugin:2.15.0:format (default) @ quarkus-google-cloud-bigquery-deployment ---
[INFO] Using 'UTF-8' encoding to format source files.
[INFO] Number of files to be formatted: 1
[INFO] Successfully formatted:          0 file(s)
[INFO] Fail to format:                  0 file(s)
[INFO] Skipped:                         1 file(s)
[INFO] Read only skipped:               0 file(s)
[INFO] Approximate time taken:          0s
[INFO] 
[INFO] --- impsort-maven-plugin:1.6.0:sort (sort-imports) @ quarkus-google-cloud-bigquery-deployment ---
[INFO] Processed 1 files in 00:00.003 (Already Sorted: 1, Needed Sorting: 0)
[INFO] 
[INFO] --- maven-resources-plugin:3.1.0:resources (default-resources) @ quarkus-google-cloud-bigquery-deployment ---
[INFO] Using 'UTF-8' encoding to copy filtered resources.
[INFO] skip non existing resourceDirectory /home/gabsko/breaking-updates/bigquery/deployment/src/main/resources
[INFO] 
[INFO] --- maven-compiler-plugin:3.8.1:compile (default-compile) @ quarkus-google-cloud-bigquery-deployment ---
[INFO] Changes detected - recompiling the module!
[INFO] Compiling 1 source file to /home/gabsko/breaking-updates/bigquery/deployment/target/classes
[INFO] 
[INFO] --- maven-resources-plugin:3.1.0:testResources (default-testResources) @ quarkus-google-cloud-bigquery-deployment ---
[INFO] Using 'UTF-8' encoding to copy filtered resources.
[INFO] skip non existing resourceDirectory /home/gabsko/breaking-updates/bigquery/deployment/src/test/resources
[INFO] 
[INFO] --- maven-compiler-plugin:3.8.1:testCompile (default-testCompile) @ quarkus-google-cloud-bigquery-deployment ---
[INFO] No sources to compile
[INFO] 
[INFO] --- maven-surefire-plugin:2.22.2:test (default-test) @ quarkus-google-cloud-bigquery-deployment ---
[INFO] No tests to run.
[INFO] 
[INFO] --< io.quarkiverse.googlecloudservices:quarkus-google-cloud-pubsub-parent >--
[INFO] Building Quarkus - Google Cloud Services - PubSub 0.11.0-SNAPSHOT [10/31]
[INFO] --------------------------------[ pom ]---------------------------------
[INFO] 
[INFO] --- maven-clean-plugin:3.1.0:clean (default-clean) @ quarkus-google-cloud-pubsub-parent ---
[INFO] Deleting /home/gabsko/breaking-updates/pubsub/target
[INFO] 
[INFO] --- maven-enforcer-plugin:3.0.0-M3:enforce (enforce-java-version) @ quarkus-google-cloud-pubsub-parent ---
[INFO] 
[INFO] --- maven-enforcer-plugin:3.0.0-M3:enforce (enforce-maven-version) @ quarkus-google-cloud-pubsub-parent ---
[INFO] 
[INFO] --- buildnumber-maven-plugin:1.4:create (get-scm-revision) @ quarkus-google-cloud-pubsub-parent ---
[INFO] 
[INFO] --- formatter-maven-plugin:2.15.0:format (default) @ quarkus-google-cloud-pubsub-parent ---
[INFO] Using 'UTF-8' encoding to format source files.
[INFO] Number of files to be formatted: 0
[INFO] 
[INFO] --- impsort-maven-plugin:1.6.0:sort (sort-imports) @ quarkus-google-cloud-pubsub-parent ---
[INFO] Processed 0 files in 00:00.000 (Already Sorted: 0, Needed Sorting: 0)
[INFO] 
[INFO] ---< io.quarkiverse.googlecloudservices:quarkus-google-cloud-pubsub >---
[INFO] Building Quarkus - Google Cloud Services - PubSub - Runtime 0.11.0-SNAPSHOT [11/31]
[INFO] --------------------------------[ jar ]---------------------------------
[INFO] 
[INFO] --- maven-clean-plugin:3.1.0:clean (default-clean) @ quarkus-google-cloud-pubsub ---
[INFO] Deleting /home/gabsko/breaking-updates/pubsub/runtime/target
[INFO] 
[INFO] --- maven-enforcer-plugin:3.0.0-M3:enforce (enforce-java-version) @ quarkus-google-cloud-pubsub ---
[INFO] 
[INFO] --- maven-enforcer-plugin:3.0.0-M3:enforce (enforce-maven-version) @ quarkus-google-cloud-pubsub ---
[INFO] 
[INFO] --- buildnumber-maven-plugin:1.4:create (get-scm-revision) @ quarkus-google-cloud-pubsub ---
[INFO] 
[INFO] --- formatter-maven-plugin:2.15.0:format (default) @ quarkus-google-cloud-pubsub ---
[INFO] Using 'UTF-8' encoding to format source files.
[INFO] Number of files to be formatted: 0
[INFO] 
[INFO] --- impsort-maven-plugin:1.6.0:sort (sort-imports) @ quarkus-google-cloud-pubsub ---
[INFO] Processed 0 files in 00:00.000 (Already Sorted: 0, Needed Sorting: 0)
[INFO] 
[INFO] --- maven-resources-plugin:3.1.0:resources (default-resources) @ quarkus-google-cloud-pubsub ---
[INFO] Using 'UTF-8' encoding to copy filtered resources.
[INFO] Copying 1 resource
[INFO] 
[INFO] --- maven-compiler-plugin:3.8.1:compile (default-compile) @ quarkus-google-cloud-pubsub ---
[INFO] No sources to compile
[INFO] 
[INFO] --- quarkus-bootstrap-maven-plugin:2.2.0.Final:extension-descriptor (default) @ quarkus-google-cloud-pubsub ---
[INFO] 
[INFO] --- maven-resources-plugin:3.1.0:testResources (default-testResources) @ quarkus-google-cloud-pubsub ---
[INFO] Using 'UTF-8' encoding to copy filtered resources.
[INFO] skip non existing resourceDirectory /home/gabsko/breaking-updates/pubsub/runtime/src/test/resources
[INFO] 
[INFO] --- maven-compiler-plugin:3.8.1:testCompile (default-testCompile) @ quarkus-google-cloud-pubsub ---
[INFO] No sources to compile
[INFO] 
[INFO] --- maven-surefire-plugin:2.22.2:test (default-test) @ quarkus-google-cloud-pubsub ---
[INFO] No tests to run.
[INFO] 
[INFO] --< io.quarkiverse.googlecloudservices:quarkus-google-cloud-pubsub-deployment >--
[INFO] Building Quarkus - Google Cloud Services - PubSub - Deployment 0.11.0-SNAPSHOT [12/31]
[INFO] --------------------------------[ jar ]---------------------------------
[INFO] 
[INFO] --- maven-clean-plugin:3.1.0:clean (default-clean) @ quarkus-google-cloud-pubsub-deployment ---
[INFO] Deleting /home/gabsko/breaking-updates/pubsub/deployment/target
[INFO] 
[INFO] --- maven-enforcer-plugin:3.0.0-M3:enforce (enforce-java-version) @ quarkus-google-cloud-pubsub-deployment ---
[INFO] 
[INFO] --- maven-enforcer-plugin:3.0.0-M3:enforce (enforce-maven-version) @ quarkus-google-cloud-pubsub-deployment ---
[INFO] 
[INFO] --- buildnumber-maven-plugin:1.4:create (get-scm-revision) @ quarkus-google-cloud-pubsub-deployment ---
[INFO] 
[INFO] --- formatter-maven-plugin:2.15.0:format (default) @ quarkus-google-cloud-pubsub-deployment ---
[INFO] Using 'UTF-8' encoding to format source files.
[INFO] Number of files to be formatted: 1
[INFO] Successfully formatted:          0 file(s)
[INFO] Fail to format:                  0 file(s)
[INFO] Skipped:                         1 file(s)
[INFO] Read only skipped:               0 file(s)
[INFO] Approximate time taken:          0s
[INFO] 
[INFO] --- impsort-maven-plugin:1.6.0:sort (sort-imports) @ quarkus-google-cloud-pubsub-deployment ---
[INFO] Processed 1 files in 00:00.002 (Already Sorted: 1, Needed Sorting: 0)
[INFO] 
[INFO] --- maven-resources-plugin:3.1.0:resources (default-resources) @ quarkus-google-cloud-pubsub-deployment ---
[INFO] Using 'UTF-8' encoding to copy filtered resources.
[INFO] skip non existing resourceDirectory /home/gabsko/breaking-updates/pubsub/deployment/src/main/resources
[INFO] 
[INFO] --- maven-compiler-plugin:3.8.1:compile (default-compile) @ quarkus-google-cloud-pubsub-deployment ---
[INFO] Changes detected - recompiling the module!
[INFO] Compiling 1 source file to /home/gabsko/breaking-updates/pubsub/deployment/target/classes
[INFO] 
[INFO] --- maven-resources-plugin:3.1.0:testResources (default-testResources) @ quarkus-google-cloud-pubsub-deployment ---
[INFO] Using 'UTF-8' encoding to copy filtered resources.
[INFO] skip non existing resourceDirectory /home/gabsko/breaking-updates/pubsub/deployment/src/test/resources
[INFO] 
[INFO] --- maven-compiler-plugin:3.8.1:testCompile (default-testCompile) @ quarkus-google-cloud-pubsub-deployment ---
[INFO] No sources to compile
[INFO] 
[INFO] --- maven-surefire-plugin:2.22.2:test (default-test) @ quarkus-google-cloud-pubsub-deployment ---
[INFO] No tests to run.
[INFO] 
[INFO] --< io.quarkiverse.googlecloudservices:quarkus-google-cloud-spanner-parent >--
[INFO] Building Quarkus - Google Cloud Services - Spanner 0.11.0-SNAPSHOT [13/31]
[INFO] --------------------------------[ pom ]---------------------------------
[INFO] 
[INFO] --- maven-clean-plugin:3.1.0:clean (default-clean) @ quarkus-google-cloud-spanner-parent ---
[INFO] Deleting /home/gabsko/breaking-updates/spanner/target
[INFO] 
[INFO] --- maven-enforcer-plugin:3.0.0-M3:enforce (enforce-java-version) @ quarkus-google-cloud-spanner-parent ---
[INFO] 
[INFO] --- maven-enforcer-plugin:3.0.0-M3:enforce (enforce-maven-version) @ quarkus-google-cloud-spanner-parent ---
[INFO] 
[INFO] --- buildnumber-maven-plugin:1.4:create (get-scm-revision) @ quarkus-google-cloud-spanner-parent ---
[INFO] 
[INFO] --- formatter-maven-plugin:2.15.0:format (default) @ quarkus-google-cloud-spanner-parent ---
[INFO] Using 'UTF-8' encoding to format source files.
[INFO] Number of files to be formatted: 0
[INFO] 
[INFO] --- impsort-maven-plugin:1.6.0:sort (sort-imports) @ quarkus-google-cloud-spanner-parent ---
[INFO] Processed 0 files in 00:00.000 (Already Sorted: 0, Needed Sorting: 0)
[INFO] 
[INFO] --< io.quarkiverse.googlecloudservices:quarkus-google-cloud-spanner >---
[INFO] Building Quarkus - Google Cloud Services - Spanner - Runtime 0.11.0-SNAPSHOT [14/31]
[INFO] --------------------------------[ jar ]---------------------------------
[INFO] 
[INFO] --- maven-clean-plugin:3.1.0:clean (default-clean) @ quarkus-google-cloud-spanner ---
[INFO] Deleting /home/gabsko/breaking-updates/spanner/runtime/target
[INFO] 
[INFO] --- maven-enforcer-plugin:3.0.0-M3:enforce (enforce-java-version) @ quarkus-google-cloud-spanner ---
[INFO] 
[INFO] --- maven-enforcer-plugin:3.0.0-M3:enforce (enforce-maven-version) @ quarkus-google-cloud-spanner ---
[INFO] 
[INFO] --- buildnumber-maven-plugin:1.4:create (get-scm-revision) @ quarkus-google-cloud-spanner ---
[INFO] 
[INFO] --- formatter-maven-plugin:2.15.0:format (default) @ quarkus-google-cloud-spanner ---
[INFO] Using 'UTF-8' encoding to format source files.
[INFO] Number of files to be formatted: 1
[INFO] Successfully formatted:          0 file(s)
[INFO] Fail to format:                  0 file(s)
[INFO] Skipped:                         1 file(s)
[INFO] Read only skipped:               0 file(s)
[INFO] Approximate time taken:          0s
[INFO] 
[INFO] --- impsort-maven-plugin:1.6.0:sort (sort-imports) @ quarkus-google-cloud-spanner ---
[INFO] Processed 1 files in 00:00.004 (Already Sorted: 1, Needed Sorting: 0)
[INFO] 
[INFO] --- maven-resources-plugin:3.1.0:resources (default-resources) @ quarkus-google-cloud-spanner ---
[INFO] Using 'UTF-8' encoding to copy filtered resources.
[INFO] Copying 1 resource
[INFO] 
[INFO] --- maven-compiler-plugin:3.8.1:compile (default-compile) @ quarkus-google-cloud-spanner ---
[INFO] Changes detected - recompiling the module!
[INFO] Compiling 1 source file to /home/gabsko/breaking-updates/spanner/runtime/target/classes
[INFO] 
[INFO] --- quarkus-bootstrap-maven-plugin:2.2.0.Final:extension-descriptor (default) @ quarkus-google-cloud-spanner ---
[INFO] 
[INFO] --- maven-resources-plugin:3.1.0:testResources (default-testResources) @ quarkus-google-cloud-spanner ---
[INFO] Using 'UTF-8' encoding to copy filtered resources.
[INFO] skip non existing resourceDirectory /home/gabsko/breaking-updates/spanner/runtime/src/test/resources
[INFO] 
[INFO] --- maven-compiler-plugin:3.8.1:testCompile (default-testCompile) @ quarkus-google-cloud-spanner ---
[INFO] No sources to compile
[INFO] 
[INFO] --- maven-surefire-plugin:2.22.2:test (default-test) @ quarkus-google-cloud-spanner ---
[INFO] No tests to run.
[INFO] 
[INFO] --< io.quarkiverse.googlecloudservices:quarkus-google-cloud-spanner-deployment >--
[INFO] Building Quarkus - Google Cloud Services - Spanner - Deployment 0.11.0-SNAPSHOT [15/31]
[INFO] --------------------------------[ jar ]---------------------------------
[INFO] 
[INFO] --- maven-clean-plugin:3.1.0:clean (default-clean) @ quarkus-google-cloud-spanner-deployment ---
[INFO] Deleting /home/gabsko/breaking-updates/spanner/deployment/target
[INFO] 
[INFO] --- maven-enforcer-plugin:3.0.0-M3:enforce (enforce-java-version) @ quarkus-google-cloud-spanner-deployment ---
[INFO] 
[INFO] --- maven-enforcer-plugin:3.0.0-M3:enforce (enforce-maven-version) @ quarkus-google-cloud-spanner-deployment ---
[INFO] 
[INFO] --- buildnumber-maven-plugin:1.4:create (get-scm-revision) @ quarkus-google-cloud-spanner-deployment ---
[INFO] 
[INFO] --- formatter-maven-plugin:2.15.0:format (default) @ quarkus-google-cloud-spanner-deployment ---
[INFO] Using 'UTF-8' encoding to format source files.
[INFO] Number of files to be formatted: 1
[INFO] Successfully formatted:          0 file(s)
[INFO] Fail to format:                  0 file(s)
[INFO] Skipped:                         1 file(s)
[INFO] Read only skipped:               0 file(s)
[INFO] Approximate time taken:          0s
[INFO] 
[INFO] --- impsort-maven-plugin:1.6.0:sort (sort-imports) @ quarkus-google-cloud-spanner-deployment ---
[INFO] Processed 1 files in 00:00.006 (Already Sorted: 1, Needed Sorting: 0)
[INFO] 
[INFO] --- maven-resources-plugin:3.1.0:resources (default-resources) @ quarkus-google-cloud-spanner-deployment ---
[INFO] Using 'UTF-8' encoding to copy filtered resources.
[INFO] skip non existing resourceDirectory /home/gabsko/breaking-updates/spanner/deployment/src/main/resources
[INFO] 
[INFO] --- maven-compiler-plugin:3.8.1:compile (default-compile) @ quarkus-google-cloud-spanner-deployment ---
[INFO] Changes detected - recompiling the module!
[INFO] Compiling 1 source file to /home/gabsko/breaking-updates/spanner/deployment/target/classes
[INFO] 
[INFO] --- maven-resources-plugin:3.1.0:testResources (default-testResources) @ quarkus-google-cloud-spanner-deployment ---
[INFO] Using 'UTF-8' encoding to copy filtered resources.
[INFO] skip non existing resourceDirectory /home/gabsko/breaking-updates/spanner/deployment/src/test/resources
[INFO] 
[INFO] --- maven-compiler-plugin:3.8.1:testCompile (default-testCompile) @ quarkus-google-cloud-spanner-deployment ---
[INFO] No sources to compile
[INFO] 
[INFO] --- maven-surefire-plugin:2.22.2:test (default-test) @ quarkus-google-cloud-spanner-deployment ---
[INFO] No tests to run.
[INFO] 
[INFO] --< io.quarkiverse.googlecloudservices:quarkus-google-cloud-storage-parent >--
[INFO] Building Quarkus - Google Cloud Services - Storage 0.11.0-SNAPSHOT [16/31]
[INFO] --------------------------------[ pom ]---------------------------------
[INFO] 
[INFO] --- maven-clean-plugin:3.1.0:clean (default-clean) @ quarkus-google-cloud-storage-parent ---
[INFO] Deleting /home/gabsko/breaking-updates/storage/target
[INFO] 
[INFO] --- maven-enforcer-plugin:3.0.0-M3:enforce (enforce-java-version) @ quarkus-google-cloud-storage-parent ---
[INFO] 
[INFO] --- maven-enforcer-plugin:3.0.0-M3:enforce (enforce-maven-version) @ quarkus-google-cloud-storage-parent ---
[INFO] 
[INFO] --- buildnumber-maven-plugin:1.4:create (get-scm-revision) @ quarkus-google-cloud-storage-parent ---
[INFO] 
[INFO] --- formatter-maven-plugin:2.15.0:format (default) @ quarkus-google-cloud-storage-parent ---
[INFO] Using 'UTF-8' encoding to format source files.
[INFO] Number of files to be formatted: 0
[INFO] 
[INFO] --- impsort-maven-plugin:1.6.0:sort (sort-imports) @ quarkus-google-cloud-storage-parent ---
[INFO] Processed 0 files in 00:00.000 (Already Sorted: 0, Needed Sorting: 0)
[INFO] 
[INFO] --< io.quarkiverse.googlecloudservices:quarkus-google-cloud-storage >---
[INFO] Building Quarkus - Google Cloud Services - Storage - Runtime 0.11.0-SNAPSHOT [17/31]
[INFO] --------------------------------[ jar ]---------------------------------
[INFO] 
[INFO] --- maven-clean-plugin:3.1.0:clean (default-clean) @ quarkus-google-cloud-storage ---
[INFO] Deleting /home/gabsko/breaking-updates/storage/runtime/target
[INFO] 
[INFO] --- maven-enforcer-plugin:3.0.0-M3:enforce (enforce-java-version) @ quarkus-google-cloud-storage ---
[INFO] 
[INFO] --- maven-enforcer-plugin:3.0.0-M3:enforce (enforce-maven-version) @ quarkus-google-cloud-storage ---
[INFO] 
[INFO] --- buildnumber-maven-plugin:1.4:create (get-scm-revision) @ quarkus-google-cloud-storage ---
[INFO] 
[INFO] --- formatter-maven-plugin:2.15.0:format (default) @ quarkus-google-cloud-storage ---
[INFO] Using 'UTF-8' encoding to format source files.
[INFO] Number of files to be formatted: 2
[INFO] Successfully formatted:          0 file(s)
[INFO] Fail to format:                  0 file(s)
[INFO] Skipped:                         2 file(s)
[INFO] Read only skipped:               0 file(s)
[INFO] Approximate time taken:          0s
[INFO] 
[INFO] --- impsort-maven-plugin:1.6.0:sort (sort-imports) @ quarkus-google-cloud-storage ---
[INFO] Processed 2 files in 00:00.007 (Already Sorted: 2, Needed Sorting: 0)
[INFO] 
[INFO] --- maven-resources-plugin:3.1.0:resources (default-resources) @ quarkus-google-cloud-storage ---
[INFO] Using 'UTF-8' encoding to copy filtered resources.
[INFO] Copying 1 resource
[INFO] 
[INFO] --- maven-compiler-plugin:3.8.1:compile (default-compile) @ quarkus-google-cloud-storage ---
[INFO] Changes detected - recompiling the module!
[INFO] Compiling 2 source files to /home/gabsko/breaking-updates/storage/runtime/target/classes
[INFO] 
[INFO] --- quarkus-bootstrap-maven-plugin:2.2.0.Final:extension-descriptor (default) @ quarkus-google-cloud-storage ---
[INFO] 
[INFO] --- maven-resources-plugin:3.1.0:testResources (default-testResources) @ quarkus-google-cloud-storage ---
[INFO] Using 'UTF-8' encoding to copy filtered resources.
[INFO] skip non existing resourceDirectory /home/gabsko/breaking-updates/storage/runtime/src/test/resources
[INFO] 
[INFO] --- maven-compiler-plugin:3.8.1:testCompile (default-testCompile) @ quarkus-google-cloud-storage ---
[INFO] No sources to compile
[INFO] 
[INFO] --- maven-surefire-plugin:2.22.2:test (default-test) @ quarkus-google-cloud-storage ---
[INFO] No tests to run.
[INFO] 
[INFO] --< io.quarkiverse.googlecloudservices:quarkus-google-cloud-storage-deployment >--
[INFO] Building Quarkus - Google Cloud Services - Storage - Deployment 0.11.0-SNAPSHOT [18/31]
[INFO] --------------------------------[ jar ]---------------------------------
[INFO] 
[INFO] --- maven-clean-plugin:3.1.0:clean (default-clean) @ quarkus-google-cloud-storage-deployment ---
[INFO] Deleting /home/gabsko/breaking-updates/storage/deployment/target
[INFO] 
[INFO] --- maven-enforcer-plugin:3.0.0-M3:enforce (enforce-java-version) @ quarkus-google-cloud-storage-deployment ---
[INFO] 
[INFO] --- maven-enforcer-plugin:3.0.0-M3:enforce (enforce-maven-version) @ quarkus-google-cloud-storage-deployment ---
[INFO] 
[INFO] --- buildnumber-maven-plugin:1.4:create (get-scm-revision) @ quarkus-google-cloud-storage-deployment ---
[INFO] 
[INFO] --- formatter-maven-plugin:2.15.0:format (default) @ quarkus-google-cloud-storage-deployment ---
[INFO] Using 'UTF-8' encoding to format source files.
[INFO] Number of files to be formatted: 1
[INFO] Successfully formatted:          0 file(s)
[INFO] Fail to format:                  0 file(s)
[INFO] Skipped:                         1 file(s)
[INFO] Read only skipped:               0 file(s)
[INFO] Approximate time taken:          0s
[INFO] 
[INFO] --- impsort-maven-plugin:1.6.0:sort (sort-imports) @ quarkus-google-cloud-storage-deployment ---
[INFO] Processed 1 files in 00:00.008 (Already Sorted: 1, Needed Sorting: 0)
[INFO] 
[INFO] --- maven-resources-plugin:3.1.0:resources (default-resources) @ quarkus-google-cloud-storage-deployment ---
[INFO] Using 'UTF-8' encoding to copy filtered resources.
[INFO] skip non existing resourceDirectory /home/gabsko/breaking-updates/storage/deployment/src/main/resources
[INFO] 
[INFO] --- maven-compiler-plugin:3.8.1:compile (default-compile) @ quarkus-google-cloud-storage-deployment ---
[INFO] Changes detected - recompiling the module!
[INFO] Compiling 1 source file to /home/gabsko/breaking-updates/storage/deployment/target/classes
[INFO] 
[INFO] --- maven-resources-plugin:3.1.0:testResources (default-testResources) @ quarkus-google-cloud-storage-deployment ---
[INFO] Using 'UTF-8' encoding to copy filtered resources.
[INFO] skip non existing resourceDirectory /home/gabsko/breaking-updates/storage/deployment/src/test/resources
[INFO] 
[INFO] --- maven-compiler-plugin:3.8.1:testCompile (default-testCompile) @ quarkus-google-cloud-storage-deployment ---
[INFO] No sources to compile
[INFO] 
[INFO] --- maven-surefire-plugin:2.22.2:test (default-test) @ quarkus-google-cloud-storage-deployment ---
[INFO] No tests to run.
[INFO] 
[INFO] --< io.quarkiverse.googlecloudservices:quarkus-google-cloud-firestore-parent >--
[INFO] Building Quarkus - Google Cloud Services - Firestore 0.11.0-SNAPSHOT [19/31]
[INFO] --------------------------------[ pom ]---------------------------------
[INFO] 
[INFO] --- maven-clean-plugin:3.1.0:clean (default-clean) @ quarkus-google-cloud-firestore-parent ---
[INFO] Deleting /home/gabsko/breaking-updates/firestore/target
[INFO] 
[INFO] --- maven-enforcer-plugin:3.0.0-M3:enforce (enforce-java-version) @ quarkus-google-cloud-firestore-parent ---
[INFO] 
[INFO] --- maven-enforcer-plugin:3.0.0-M3:enforce (enforce-maven-version) @ quarkus-google-cloud-firestore-parent ---
[INFO] 
[INFO] --- buildnumber-maven-plugin:1.4:create (get-scm-revision) @ quarkus-google-cloud-firestore-parent ---
[INFO] 
[INFO] --- formatter-maven-plugin:2.15.0:format (default) @ quarkus-google-cloud-firestore-parent ---
[INFO] Using 'UTF-8' encoding to format source files.
[INFO] Number of files to be formatted: 0
[INFO] 
[INFO] --- impsort-maven-plugin:1.6.0:sort (sort-imports) @ quarkus-google-cloud-firestore-parent ---
[INFO] Processed 0 files in 00:00.000 (Already Sorted: 0, Needed Sorting: 0)
[INFO] 
[INFO] --< io.quarkiverse.googlecloudservices:quarkus-google-cloud-firestore >--
[INFO] Building Quarkus - Google Cloud Services - Firestore - Runtime 0.11.0-SNAPSHOT [20/31]
[INFO] --------------------------------[ jar ]---------------------------------
[INFO] 
[INFO] --- maven-clean-plugin:3.1.0:clean (default-clean) @ quarkus-google-cloud-firestore ---
[INFO] Deleting /home/gabsko/breaking-updates/firestore/runtime/target
[INFO] 
[INFO] --- maven-enforcer-plugin:3.0.0-M3:enforce (enforce-java-version) @ quarkus-google-cloud-firestore ---
[INFO] 
[INFO] --- maven-enforcer-plugin:3.0.0-M3:enforce (enforce-maven-version) @ quarkus-google-cloud-firestore ---
[INFO] 
[INFO] --- buildnumber-maven-plugin:1.4:create (get-scm-revision) @ quarkus-google-cloud-firestore ---
[INFO] 
[INFO] --- formatter-maven-plugin:2.15.0:format (default) @ quarkus-google-cloud-firestore ---
[INFO] Using 'UTF-8' encoding to format source files.
[INFO] Number of files to be formatted: 1
[INFO] Successfully formatted:          0 file(s)
[INFO] Fail to format:                  0 file(s)
[INFO] Skipped:                         1 file(s)
[INFO] Read only skipped:               0 file(s)
[INFO] Approximate time taken:          0s
[INFO] 
[INFO] --- impsort-maven-plugin:1.6.0:sort (sort-imports) @ quarkus-google-cloud-firestore ---
[INFO] Processed 1 files in 00:00.003 (Already Sorted: 1, Needed Sorting: 0)
[INFO] 
[INFO] --- maven-resources-plugin:3.1.0:resources (default-resources) @ quarkus-google-cloud-firestore ---
[INFO] Using 'UTF-8' encoding to copy filtered resources.
[INFO] Copying 1 resource
[INFO] 
[INFO] --- maven-compiler-plugin:3.8.1:compile (default-compile) @ quarkus-google-cloud-firestore ---
[INFO] Changes detected - recompiling the module!
[INFO] Compiling 1 source file to /home/gabsko/breaking-updates/firestore/runtime/target/classes
[INFO] 
[INFO] --- quarkus-bootstrap-maven-plugin:2.2.0.Final:extension-descriptor (default) @ quarkus-google-cloud-firestore ---
[INFO] 
[INFO] --- maven-resources-plugin:3.1.0:testResources (default-testResources) @ quarkus-google-cloud-firestore ---
[INFO] Using 'UTF-8' encoding to copy filtered resources.
[INFO] skip non existing resourceDirectory /home/gabsko/breaking-updates/firestore/runtime/src/test/resources
[INFO] 
[INFO] --- maven-compiler-plugin:3.8.1:testCompile (default-testCompile) @ quarkus-google-cloud-firestore ---
[INFO] No sources to compile
[INFO] 
[INFO] --- maven-surefire-plugin:2.22.2:test (default-test) @ quarkus-google-cloud-firestore ---
[INFO] No tests to run.
[INFO] 
[INFO] --< io.quarkiverse.googlecloudservices:quarkus-google-cloud-firestore-deployment >--
[INFO] Building Quarkus - Google Cloud Services - Firestore - Deployment 0.11.0-SNAPSHOT [21/31]
[INFO] --------------------------------[ jar ]---------------------------------
[INFO] 
[INFO] --- maven-clean-plugin:3.1.0:clean (default-clean) @ quarkus-google-cloud-firestore-deployment ---
[INFO] Deleting /home/gabsko/breaking-updates/firestore/deployment/target
[INFO] 
[INFO] --- maven-enforcer-plugin:3.0.0-M3:enforce (enforce-java-version) @ quarkus-google-cloud-firestore-deployment ---
[INFO] 
[INFO] --- maven-enforcer-plugin:3.0.0-M3:enforce (enforce-maven-version) @ quarkus-google-cloud-firestore-deployment ---
[INFO] 
[INFO] --- buildnumber-maven-plugin:1.4:create (get-scm-revision) @ quarkus-google-cloud-firestore-deployment ---
[INFO] 
[INFO] --- formatter-maven-plugin:2.15.0:format (default) @ quarkus-google-cloud-firestore-deployment ---
[INFO] Using 'UTF-8' encoding to format source files.
[INFO] Number of files to be formatted: 1
[INFO] Successfully formatted:          0 file(s)
[INFO] Fail to format:                  0 file(s)
[INFO] Skipped:                         1 file(s)
[INFO] Read only skipped:               0 file(s)
[INFO] Approximate time taken:          0s
[INFO] 
[INFO] --- impsort-maven-plugin:1.6.0:sort (sort-imports) @ quarkus-google-cloud-firestore-deployment ---
[INFO] Processed 1 files in 00:00.006 (Already Sorted: 1, Needed Sorting: 0)
[INFO] 
[INFO] --- maven-resources-plugin:3.1.0:resources (default-resources) @ quarkus-google-cloud-firestore-deployment ---
[INFO] Using 'UTF-8' encoding to copy filtered resources.
[INFO] skip non existing resourceDirectory /home/gabsko/breaking-updates/firestore/deployment/src/main/resources
[INFO] 
[INFO] --- maven-compiler-plugin:3.8.1:compile (default-compile) @ quarkus-google-cloud-firestore-deployment ---
[INFO] Changes detected - recompiling the module!
[INFO] Compiling 1 source file to /home/gabsko/breaking-updates/firestore/deployment/target/classes
[INFO] 
[INFO] --- maven-resources-plugin:3.1.0:testResources (default-testResources) @ quarkus-google-cloud-firestore-deployment ---
[INFO] Using 'UTF-8' encoding to copy filtered resources.
[INFO] skip non existing resourceDirectory /home/gabsko/breaking-updates/firestore/deployment/src/test/resources
[INFO] 
[INFO] --- maven-compiler-plugin:3.8.1:testCompile (default-testCompile) @ quarkus-google-cloud-firestore-deployment ---
[INFO] No sources to compile
[INFO] 
[INFO] --- maven-surefire-plugin:2.22.2:test (default-test) @ quarkus-google-cloud-firestore-deployment ---
[INFO] No tests to run.
[INFO] 
[INFO] --< io.quarkiverse.googlecloudservices:quarkus-google-cloud-bigtable-parent >--
[INFO] Building Quarkus - Google Cloud Services - BigTable - Parent 0.11.0-SNAPSHOT [22/31]
[INFO] --------------------------------[ pom ]---------------------------------
[INFO] 
[INFO] --- maven-clean-plugin:3.1.0:clean (default-clean) @ quarkus-google-cloud-bigtable-parent ---
[INFO] Deleting /home/gabsko/breaking-updates/bigtable/target
[INFO] 
[INFO] --- maven-enforcer-plugin:3.0.0-M3:enforce (enforce-java-version) @ quarkus-google-cloud-bigtable-parent ---
[INFO] 
[INFO] --- maven-enforcer-plugin:3.0.0-M3:enforce (enforce-maven-version) @ quarkus-google-cloud-bigtable-parent ---
[INFO] 
[INFO] --- buildnumber-maven-plugin:1.4:create (get-scm-revision) @ quarkus-google-cloud-bigtable-parent ---
[INFO] 
[INFO] --- formatter-maven-plugin:2.15.0:format (default) @ quarkus-google-cloud-bigtable-parent ---
[INFO] Using 'UTF-8' encoding to format source files.
[INFO] Number of files to be formatted: 0
[INFO] 
[INFO] --- impsort-maven-plugin:1.6.0:sort (sort-imports) @ quarkus-google-cloud-bigtable-parent ---
[INFO] Processed 0 files in 00:00.000 (Already Sorted: 0, Needed Sorting: 0)
[INFO] 
[INFO] --< io.quarkiverse.googlecloudservices:quarkus-google-cloud-bigtable >--
[INFO] Building Quarkus - Google Cloud Services - Bigtable - Runtime 0.11.0-SNAPSHOT [23/31]
[INFO] --------------------------------[ jar ]---------------------------------
[INFO] 
[INFO] --- maven-clean-plugin:3.1.0:clean (default-clean) @ quarkus-google-cloud-bigtable ---
[INFO] Deleting /home/gabsko/breaking-updates/bigtable/runtime/target
[INFO] 
[INFO] --- maven-enforcer-plugin:3.0.0-M3:enforce (enforce-java-version) @ quarkus-google-cloud-bigtable ---
[INFO] 
[INFO] --- maven-enforcer-plugin:3.0.0-M3:enforce (enforce-maven-version) @ quarkus-google-cloud-bigtable ---
[INFO] 
[INFO] --- buildnumber-maven-plugin:1.4:create (get-scm-revision) @ quarkus-google-cloud-bigtable ---
[INFO] 
[INFO] --- formatter-maven-plugin:2.15.0:format (default) @ quarkus-google-cloud-bigtable ---
[INFO] Using 'UTF-8' encoding to format source files.
[INFO] Number of files to be formatted: 0
[INFO] 
[INFO] --- impsort-maven-plugin:1.6.0:sort (sort-imports) @ quarkus-google-cloud-bigtable ---
[INFO] Processed 0 files in 00:00.000 (Already Sorted: 0, Needed Sorting: 0)
[INFO] 
[INFO] --- maven-resources-plugin:3.1.0:resources (default-resources) @ quarkus-google-cloud-bigtable ---
[INFO] Using 'UTF-8' encoding to copy filtered resources.
[INFO] Copying 1 resource
[INFO] 
[INFO] --- maven-compiler-plugin:3.8.1:compile (default-compile) @ quarkus-google-cloud-bigtable ---
[INFO] No sources to compile
[INFO] 
[INFO] --- quarkus-bootstrap-maven-plugin:2.2.0.Final:extension-descriptor (default) @ quarkus-google-cloud-bigtable ---
[INFO] 
[INFO] --- maven-resources-plugin:3.1.0:testResources (default-testResources) @ quarkus-google-cloud-bigtable ---
[INFO] Using 'UTF-8' encoding to copy filtered resources.
[INFO] skip non existing resourceDirectory /home/gabsko/breaking-updates/bigtable/runtime/src/test/resources
[INFO] 
[INFO] --- maven-compiler-plugin:3.8.1:testCompile (default-testCompile) @ quarkus-google-cloud-bigtable ---
[INFO] No sources to compile
[INFO] 
[INFO] --- maven-surefire-plugin:2.22.2:test (default-test) @ quarkus-google-cloud-bigtable ---
[INFO] No tests to run.
[INFO] 
[INFO] --< io.quarkiverse.googlecloudservices:quarkus-google-cloud-bigtable-deployment >--
[INFO] Building Quarkus - Google Cloud Services - Bigtable - Deployment 0.11.0-SNAPSHOT [24/31]
[INFO] --------------------------------[ jar ]---------------------------------
[INFO] 
[INFO] --- maven-clean-plugin:3.1.0:clean (default-clean) @ quarkus-google-cloud-bigtable-deployment ---
[INFO] Deleting /home/gabsko/breaking-updates/bigtable/deployment/target
[INFO] 
[INFO] --- maven-enforcer-plugin:3.0.0-M3:enforce (enforce-java-version) @ quarkus-google-cloud-bigtable-deployment ---
[INFO] 
[INFO] --- maven-enforcer-plugin:3.0.0-M3:enforce (enforce-maven-version) @ quarkus-google-cloud-bigtable-deployment ---
[INFO] 
[INFO] --- buildnumber-maven-plugin:1.4:create (get-scm-revision) @ quarkus-google-cloud-bigtable-deployment ---
[INFO] 
[INFO] --- formatter-maven-plugin:2.15.0:format (default) @ quarkus-google-cloud-bigtable-deployment ---
[INFO] Using 'UTF-8' encoding to format source files.
[INFO] Number of files to be formatted: 1
[INFO] Successfully formatted:          0 file(s)
[INFO] Fail to format:                  0 file(s)
[INFO] Skipped:                         1 file(s)
[INFO] Read only skipped:               0 file(s)
[INFO] Approximate time taken:          0s
[INFO] 
[INFO] --- impsort-maven-plugin:1.6.0:sort (sort-imports) @ quarkus-google-cloud-bigtable-deployment ---
[INFO] Processed 1 files in 00:00.002 (Already Sorted: 1, Needed Sorting: 0)
[INFO] 
[INFO] --- maven-resources-plugin:3.1.0:resources (default-resources) @ quarkus-google-cloud-bigtable-deployment ---
[INFO] Using 'UTF-8' encoding to copy filtered resources.
[INFO] skip non existing resourceDirectory /home/gabsko/breaking-updates/bigtable/deployment/src/main/resources
[INFO] 
[INFO] --- maven-compiler-plugin:3.8.1:compile (default-compile) @ quarkus-google-cloud-bigtable-deployment ---
[INFO] Changes detected - recompiling the module!
[INFO] Compiling 1 source file to /home/gabsko/breaking-updates/bigtable/deployment/target/classes
[INFO] 
[INFO] --- maven-resources-plugin:3.1.0:testResources (default-testResources) @ quarkus-google-cloud-bigtable-deployment ---
[INFO] Using 'UTF-8' encoding to copy filtered resources.
[INFO] skip non existing resourceDirectory /home/gabsko/breaking-updates/bigtable/deployment/src/test/resources
[INFO] 
[INFO] --- maven-compiler-plugin:3.8.1:testCompile (default-testCompile) @ quarkus-google-cloud-bigtable-deployment ---
[INFO] No sources to compile
[INFO] 
[INFO] --- maven-surefire-plugin:2.22.2:test (default-test) @ quarkus-google-cloud-bigtable-deployment ---
[INFO] No tests to run.
[INFO] 
[INFO] --< io.quarkiverse.googlecloudservices:quarkus-google-cloud-secret-manager-parent >--
[INFO] Building Quarkus - Google Cloud Services - Secret Manager 0.11.0-SNAPSHOT [25/31]
[INFO] --------------------------------[ pom ]---------------------------------
[INFO] 
[INFO] --- maven-clean-plugin:3.1.0:clean (default-clean) @ quarkus-google-cloud-secret-manager-parent ---
[INFO] Deleting /home/gabsko/breaking-updates/secret-manager/target
[INFO] 
[INFO] --- maven-enforcer-plugin:3.0.0-M3:enforce (enforce-java-version) @ quarkus-google-cloud-secret-manager-parent ---
[INFO] 
[INFO] --- maven-enforcer-plugin:3.0.0-M3:enforce (enforce-maven-version) @ quarkus-google-cloud-secret-manager-parent ---
[INFO] 
[INFO] --- buildnumber-maven-plugin:1.4:create (get-scm-revision) @ quarkus-google-cloud-secret-manager-parent ---
[INFO] 
[INFO] --- formatter-maven-plugin:2.15.0:format (default) @ quarkus-google-cloud-secret-manager-parent ---
[INFO] Using 'UTF-8' encoding to format source files.
[INFO] Number of files to be formatted: 0
[INFO] 
[INFO] --- impsort-maven-plugin:1.6.0:sort (sort-imports) @ quarkus-google-cloud-secret-manager-parent ---
[INFO] Processed 0 files in 00:00.000 (Already Sorted: 0, Needed Sorting: 0)
[INFO] 
[INFO] --< io.quarkiverse.googlecloudservices:quarkus-google-cloud-secret-manager >--
[INFO] Building Quarkus - Google Cloud Services - Secret Manager - Runtime 0.11.0-SNAPSHOT [26/31]
[INFO] --------------------------------[ jar ]---------------------------------
[INFO] 
[INFO] --- maven-clean-plugin:3.1.0:clean (default-clean) @ quarkus-google-cloud-secret-manager ---
[INFO] Deleting /home/gabsko/breaking-updates/secret-manager/runtime/target
[INFO] 
[INFO] --- maven-enforcer-plugin:3.0.0-M3:enforce (enforce-java-version) @ quarkus-google-cloud-secret-manager ---
[INFO] 
[INFO] --- maven-enforcer-plugin:3.0.0-M3:enforce (enforce-maven-version) @ quarkus-google-cloud-secret-manager ---
[INFO] 
[INFO] --- buildnumber-maven-plugin:1.4:create (get-scm-revision) @ quarkus-google-cloud-secret-manager ---
[INFO] 
[INFO] --- formatter-maven-plugin:2.15.0:format (default) @ quarkus-google-cloud-secret-manager ---
[INFO] Using 'UTF-8' encoding to format source files.
[INFO] Number of files to be formatted: 7
[INFO] Successfully formatted:          0 file(s)
[INFO] Fail to format:                  0 file(s)
[INFO] Skipped:                         7 file(s)
[INFO] Read only skipped:               0 file(s)
[INFO] Approximate time taken:          0s
[INFO] 
[INFO] --- impsort-maven-plugin:1.6.0:sort (sort-imports) @ quarkus-google-cloud-secret-manager ---
[INFO] Processed 7 files in 00:00.037 (Already Sorted: 7, Needed Sorting: 0)
[INFO] 
[INFO] --- maven-resources-plugin:3.1.0:resources (default-resources) @ quarkus-google-cloud-secret-manager ---
[INFO] Using 'UTF-8' encoding to copy filtered resources.
[INFO] Copying 1 resource
[INFO] 
[INFO] --- maven-compiler-plugin:3.8.1:compile (default-compile) @ quarkus-google-cloud-secret-manager ---
[INFO] Changes detected - recompiling the module!
[INFO] Compiling 6 source files to /home/gabsko/breaking-updates/secret-manager/runtime/target/classes
[INFO] 
[INFO] --- quarkus-bootstrap-maven-plugin:2.2.0.Final:extension-descriptor (default) @ quarkus-google-cloud-secret-manager ---
[INFO] 
[INFO] --- maven-resources-plugin:3.1.0:testResources (default-testResources) @ quarkus-google-cloud-secret-manager ---
[INFO] Using 'UTF-8' encoding to copy filtered resources.
[INFO] skip non existing resourceDirectory /home/gabsko/breaking-updates/secret-manager/runtime/src/test/resources
[INFO] 
[INFO] --- maven-compiler-plugin:3.8.1:testCompile (default-testCompile) @ quarkus-google-cloud-secret-manager ---
[INFO] Changes detected - recompiling the module!
[INFO] Compiling 1 source file to /home/gabsko/breaking-updates/secret-manager/runtime/target/test-classes
[INFO] 
[INFO] --- maven-surefire-plugin:2.22.2:test (default-test) @ quarkus-google-cloud-secret-manager ---
[INFO] 
[INFO] -------------------------------------------------------
[INFO]  T E S T S
[INFO] -------------------------------------------------------
[INFO] Running io.quarkiverse.googlecloudservices.secretmanager.runtime.config.SecretManagerConfigUtilsTest
[INFO] Tests run: 7, Failures: 0, Errors: 0, Skipped: 0, Time elapsed: 0.093 s - in io.quarkiverse.googlecloudservices.secretmanager.runtime.config.SecretManagerConfigUtilsTest
[INFO] 
[INFO] Results:
[INFO] 
[INFO] Tests run: 7, Failures: 0, Errors: 0, Skipped: 0
[INFO] 
[INFO] 
[INFO] --< io.quarkiverse.googlecloudservices:quarkus-google-cloud-secret-manager-deployment >--
[INFO] Building Quarkus - Google Cloud Services - Secret Manager - Deployment 0.11.0-SNAPSHOT [27/31]
[INFO] --------------------------------[ jar ]---------------------------------
[INFO] 
[INFO] --- maven-clean-plugin:3.1.0:clean (default-clean) @ quarkus-google-cloud-secret-manager-deployment ---
[INFO] Deleting /home/gabsko/breaking-updates/secret-manager/deployment/target
[INFO] 
[INFO] --- maven-enforcer-plugin:3.0.0-M3:enforce (enforce-java-version) @ quarkus-google-cloud-secret-manager-deployment ---
[INFO] 
[INFO] --- maven-enforcer-plugin:3.0.0-M3:enforce (enforce-maven-version) @ quarkus-google-cloud-secret-manager-deployment ---
[INFO] 
[INFO] --- buildnumber-maven-plugin:1.4:create (get-scm-revision) @ quarkus-google-cloud-secret-manager-deployment ---
[INFO] 
[INFO] --- formatter-maven-plugin:2.15.0:format (default) @ quarkus-google-cloud-secret-manager-deployment ---
[INFO] Using 'UTF-8' encoding to format source files.
[INFO] Number of files to be formatted: 1
[INFO] Successfully formatted:          0 file(s)
[INFO] Fail to format:                  0 file(s)
[INFO] Skipped:                         1 file(s)
[INFO] Read only skipped:               0 file(s)
[INFO] Approximate time taken:          0s
[INFO] 
[INFO] --- impsort-maven-plugin:1.6.0:sort (sort-imports) @ quarkus-google-cloud-secret-manager-deployment ---
[INFO] Processed 1 files in 00:00.007 (Already Sorted: 1, Needed Sorting: 0)
[INFO] 
[INFO] --- maven-resources-plugin:3.1.0:resources (default-resources) @ quarkus-google-cloud-secret-manager-deployment ---
[INFO] Using 'UTF-8' encoding to copy filtered resources.
[INFO] skip non existing resourceDirectory /home/gabsko/breaking-updates/secret-manager/deployment/src/main/resources
[INFO] 
[INFO] --- maven-compiler-plugin:3.8.1:compile (default-compile) @ quarkus-google-cloud-secret-manager-deployment ---
[INFO] Changes detected - recompiling the module!
[INFO] Compiling 1 source file to /home/gabsko/breaking-updates/secret-manager/deployment/target/classes
[INFO] 
[INFO] --- maven-resources-plugin:3.1.0:testResources (default-testResources) @ quarkus-google-cloud-secret-manager-deployment ---
[INFO] Using 'UTF-8' encoding to copy filtered resources.
[INFO] skip non existing resourceDirectory /home/gabsko/breaking-updates/secret-manager/deployment/src/test/resources
[INFO] 
[INFO] --- maven-compiler-plugin:3.8.1:testCompile (default-testCompile) @ quarkus-google-cloud-secret-manager-deployment ---
[INFO] No sources to compile
[INFO] 
[INFO] --- maven-surefire-plugin:2.22.2:test (default-test) @ quarkus-google-cloud-secret-manager-deployment ---
[INFO] No tests to run.
[INFO] 
[INFO] --< io.quarkiverse.googlecloudservices:quarkus-google-cloud-services-integration-tests-parent >--
[INFO] Building Quarkus - Google Cloud Services - Integration Tests - Parent 0.11.0-SNAPSHOT [28/31]
[INFO] --------------------------------[ pom ]---------------------------------
[INFO] 
[INFO] --- maven-clean-plugin:3.1.0:clean (default-clean) @ quarkus-google-cloud-services-integration-tests-parent ---
[INFO] Deleting /home/gabsko/breaking-updates/integration-tests/target
[INFO] 
[INFO] --- maven-enforcer-plugin:3.0.0-M3:enforce (enforce-java-version) @ quarkus-google-cloud-services-integration-tests-parent ---
[INFO] 
[INFO] --- maven-enforcer-plugin:3.0.0-M3:enforce (enforce-maven-version) @ quarkus-google-cloud-services-integration-tests-parent ---
[INFO] 
[INFO] --- buildnumber-maven-plugin:1.4:create (get-scm-revision) @ quarkus-google-cloud-services-integration-tests-parent ---
[INFO] 
[INFO] --- formatter-maven-plugin:2.15.0:format (default) @ quarkus-google-cloud-services-integration-tests-parent ---
[INFO] Using 'UTF-8' encoding to format source files.
[INFO] Number of files to be formatted: 0
[INFO] 
[INFO] --- impsort-maven-plugin:1.6.0:sort (sort-imports) @ quarkus-google-cloud-services-integration-tests-parent ---
[INFO] Processed 0 files in 00:00.000 (Already Sorted: 0, Needed Sorting: 0)
[INFO] 
[INFO] --< io.quarkiverse.googlecloudservices:quarkus-google-cloud-services-main-it >--
[INFO] Building Quarkus - Google Cloud Services - Integration Tests - Main 0.11.0-SNAPSHOT [29/31]
[INFO] --------------------------------[ jar ]---------------------------------
[INFO] 
[INFO] --- maven-clean-plugin:3.1.0:clean (default-clean) @ quarkus-google-cloud-services-main-it ---
[INFO] Deleting /home/gabsko/breaking-updates/integration-tests/main/target
[INFO] 
[INFO] --- maven-enforcer-plugin:3.0.0-M3:enforce (enforce-java-version) @ quarkus-google-cloud-services-main-it ---
[INFO] 
[INFO] --- maven-enforcer-plugin:3.0.0-M3:enforce (enforce-maven-version) @ quarkus-google-cloud-services-main-it ---
[INFO] 
[INFO] --- buildnumber-maven-plugin:1.4:create (get-scm-revision) @ quarkus-google-cloud-services-main-it ---
[INFO] 
[INFO] --- formatter-maven-plugin:2.15.0:format (default) @ quarkus-google-cloud-services-main-it ---
[INFO] Using 'UTF-8' encoding to format source files.
[INFO] Number of files to be formatted: 14
[INFO] Successfully formatted:          0 file(s)
[INFO] Fail to format:                  0 file(s)
[INFO] Skipped:                         14 file(s)
[INFO] Read only skipped:               0 file(s)
[INFO] Approximate time taken:          0s
[INFO] 
[INFO] --- impsort-maven-plugin:1.6.0:sort (sort-imports) @ quarkus-google-cloud-services-main-it ---
[INFO] Processed 14 files in 00:00.047 (Already Sorted: 14, Needed Sorting: 0)
[INFO] 
[INFO] --- maven-resources-plugin:3.1.0:resources (default-resources) @ quarkus-google-cloud-services-main-it ---
[INFO] Using 'UTF-8' encoding to copy filtered resources.
[INFO] Copying 1 resource
[INFO] 
[INFO] --- maven-compiler-plugin:3.8.1:compile (default-compile) @ quarkus-google-cloud-services-main-it ---
[INFO] Changes detected - recompiling the module!
[INFO] Compiling 8 source files to /home/gabsko/breaking-updates/integration-tests/main/target/classes
[WARNING] unknown enum constant org.osgi.annotation.bundle.Requirement.Resolution.OPTIONAL
  reason: class file for org.osgi.annotation.bundle.Requirement$Resolution not found
[INFO] 
[INFO] --- maven-resources-plugin:3.1.0:testResources (default-testResources) @ quarkus-google-cloud-services-main-it ---
[INFO] Using 'UTF-8' encoding to copy filtered resources.
[INFO] Copying 1 resource
[INFO] 
[INFO] --- maven-compiler-plugin:3.8.1:testCompile (default-testCompile) @ quarkus-google-cloud-services-main-it ---
[INFO] Changes detected - recompiling the module!
[INFO] Compiling 6 source files to /home/gabsko/breaking-updates/integration-tests/main/target/test-classes
[INFO] 
[INFO] --- maven-surefire-plugin:2.22.2:test (default-test) @ quarkus-google-cloud-services-main-it ---
[INFO] 
[INFO] -------------------------------------------------------
[INFO]  T E S T S
[INFO] -------------------------------------------------------
[INFO] Running io.quarkiverse.googlecloudservices.it.StorageResourceTest
2023-01-07 02:59:05,145 INFO  [io.quarkus] (main) Quarkus 2.2.0.Final on JVM started in 3.217s. Listening on: http://localhost:8081
2023-01-07 02:59:05,147 INFO  [io.quarkus] (main) Profile test activated. 
2023-01-07 02:59:05,148 INFO  [io.quarkus] (main) Installed features: [cdi, google-cloud-bigquery, google-cloud-bigtable, google-cloud-firestore, google-cloud-pubsub, google-cloud-secret-manager, google-cloud-spanner, google-cloud-storage, resteasy, resteasy-jsonb, smallrye-context-propagation, vertx]
2023-01-07 02:59:05,239 WARN  [org.tes.uti.TestcontainersConfiguration] (main) Attempted to read Testcontainers configuration file at file:/home/gabsko/.testcontainers.properties but the file was not found. Exception message: FileNotFoundException: /home/gabsko/.testcontainers.properties (No such file or directory)
2023-01-07 02:59:05,252 INFO  [org.tes.doc.DockerMachineClientProviderStrategy] (main) docker-machine executable was not found on PATH ([/home/gabsko/apache-maven-3.8.6/bin, /usr/local/sbin, /usr/local/bin, /usr/sbin, /usr/bin, /sbin, /bin, /usr/games, /usr/local/games, /snap/bin])
2023-01-07 02:59:35,600 ERROR [org.tes.doc.DockerClientProviderStrategy] (main) Could not find a valid Docker environment. Please check configuration. Attempted configurations were:
2023-01-07 02:59:35,600 ERROR [org.tes.doc.DockerClientProviderStrategy] (main)     UnixSocketClientProviderStrategy: failed with exception TimeoutException (Timeout waiting for result with exception). Root cause IOException (native connect() failed : Permission denied)
2023-01-07 02:59:35,600 ERROR [org.tes.doc.DockerClientProviderStrategy] (main) As no valid configuration was found, execution cannot continue
[ERROR] Tests run: 1, Failures: 0, Errors: 1, Skipped: 0, Time elapsed: 36.506 s <<< FAILURE! - in io.quarkiverse.googlecloudservices.it.StorageResourceTest
[ERROR] io.quarkiverse.googlecloudservices.it.StorageResourceTest  Time elapsed: 36.506 s  <<< ERROR!
java.lang.IllegalStateException: Could not find a valid Docker environment. Please see logs and check configuration
	at org.testcontainers.dockerclient.DockerClientProviderStrategy.lambda$getFirstValidStrategy$7(DockerClientProviderStrategy.java:215)
	at java.base/java.util.Optional.orElseThrow(Optional.java:408)
	at org.testcontainers.dockerclient.DockerClientProviderStrategy.getFirstValidStrategy(DockerClientProviderStrategy.java:207)
	at org.testcontainers.DockerClientFactory.getOrInitializeStrategy(DockerClientFactory.java:136)
	at org.testcontainers.DockerClientFactory.client(DockerClientFactory.java:178)
	at org.testcontainers.LazyDockerClient.getDockerClient(LazyDockerClient.java:14)
	at org.testcontainers.LazyDockerClient.authConfig(LazyDockerClient.java:12)
	at org.testcontainers.containers.GenericContainer.start(GenericContainer.java:310)
	at io.quarkiverse.googlecloudservices.it.StorageResourceTest.startGcloudContainer(StorageResourceTest.java:42)
	at java.base/jdk.internal.reflect.NativeMethodAccessorImpl.invoke0(Native Method)
	at java.base/jdk.internal.reflect.NativeMethodAccessorImpl.invoke(NativeMethodAccessorImpl.java:62)
	at java.base/jdk.internal.reflect.DelegatingMethodAccessorImpl.invoke(DelegatingMethodAccessorImpl.java:43)
	at java.base/java.lang.reflect.Method.invoke(Method.java:566)
	at io.quarkus.test.junit.QuarkusTestExtension.runExtensionMethod(QuarkusTestExtension.java:1079)
	at io.quarkus.test.junit.QuarkusTestExtension.runExtensionMethod(QuarkusTestExtension.java:978)
	at io.quarkus.test.junit.QuarkusTestExtension.interceptBeforeAllMethod(QuarkusTestExtension.java:793)
	at org.junit.jupiter.engine.execution.ExecutableInvoker$ReflectiveInterceptorCall.lambda$ofVoidMethod$0(ExecutableInvoker.java:115)
	at org.junit.jupiter.engine.execution.ExecutableInvoker.lambda$invoke$0(ExecutableInvoker.java:105)
	at org.junit.jupiter.engine.execution.InvocationInterceptorChain$InterceptedInvocation.proceed(InvocationInterceptorChain.java:106)
	at org.junit.jupiter.engine.extension.TimeoutExtension.intercept(TimeoutExtension.java:149)
	at org.junit.jupiter.engine.extension.TimeoutExtension.interceptLifecycleMethod(TimeoutExtension.java:126)
	at org.junit.jupiter.engine.extension.TimeoutExtension.interceptBeforeAllMethod(TimeoutExtension.java:68)
	at org.junit.jupiter.engine.execution.ExecutableInvoker$ReflectiveInterceptorCall.lambda$ofVoidMethod$0(ExecutableInvoker.java:115)
	at org.junit.jupiter.engine.execution.ExecutableInvoker.lambda$invoke$0(ExecutableInvoker.java:105)
	at org.junit.jupiter.engine.execution.InvocationInterceptorChain$InterceptedInvocation.proceed(InvocationInterceptorChain.java:106)
	at org.junit.jupiter.engine.execution.InvocationInterceptorChain.proceed(InvocationInterceptorChain.java:64)
	at org.junit.jupiter.engine.execution.InvocationInterceptorChain.chainAndInvoke(InvocationInterceptorChain.java:45)
	at org.junit.jupiter.engine.execution.InvocationInterceptorChain.invoke(InvocationInterceptorChain.java:37)
	at org.junit.jupiter.engine.execution.ExecutableInvoker.invoke(ExecutableInvoker.java:104)
	at org.junit.jupiter.engine.execution.ExecutableInvoker.invoke(ExecutableInvoker.java:98)
	at org.junit.jupiter.engine.descriptor.ClassBasedTestDescriptor.lambda$invokeBeforeAllMethods$9(ClassBasedTestDescriptor.java:384)
	at org.junit.platform.engine.support.hierarchical.ThrowableCollector.execute(ThrowableCollector.java:73)
	at org.junit.jupiter.engine.descriptor.ClassBasedTestDescriptor.invokeBeforeAllMethods(ClassBasedTestDescriptor.java:382)
	at org.junit.jupiter.engine.descriptor.ClassBasedTestDescriptor.before(ClassBasedTestDescriptor.java:196)
	at org.junit.jupiter.engine.descriptor.ClassBasedTestDescriptor.before(ClassBasedTestDescriptor.java:78)
	at org.junit.platform.engine.support.hierarchical.NodeTestTask.lambda$executeRecursively$5(NodeTestTask.java:136)
	at org.junit.platform.engine.support.hierarchical.ThrowableCollector.execute(ThrowableCollector.java:73)
	at org.junit.platform.engine.support.hierarchical.NodeTestTask.lambda$executeRecursively$7(NodeTestTask.java:129)
	at org.junit.platform.engine.support.hierarchical.Node.around(Node.java:137)
	at org.junit.platform.engine.support.hierarchical.NodeTestTask.lambda$executeRecursively$8(NodeTestTask.java:127)
	at org.junit.platform.engine.support.hierarchical.ThrowableCollector.execute(ThrowableCollector.java:73)
	at org.junit.platform.engine.support.hierarchical.NodeTestTask.executeRecursively(NodeTestTask.java:126)
	at org.junit.platform.engine.support.hierarchical.NodeTestTask.execute(NodeTestTask.java:84)
	at java.base/java.util.ArrayList.forEach(ArrayList.java:1541)
	at org.junit.platform.engine.support.hierarchical.SameThreadHierarchicalTestExecutorService.invokeAll(SameThreadHierarchicalTestExecutorService.java:38)
	at org.junit.platform.engine.support.hierarchical.NodeTestTask.lambda$executeRecursively$5(NodeTestTask.java:143)
	at org.junit.platform.engine.support.hierarchical.ThrowableCollector.execute(ThrowableCollector.java:73)
	at org.junit.platform.engine.support.hierarchical.NodeTestTask.lambda$executeRecursively$7(NodeTestTask.java:129)
	at org.junit.platform.engine.support.hierarchical.Node.around(Node.java:137)
	at org.junit.platform.engine.support.hierarchical.NodeTestTask.lambda$executeRecursively$8(NodeTestTask.java:127)
	at org.junit.platform.engine.support.hierarchical.ThrowableCollector.execute(ThrowableCollector.java:73)
	at org.junit.platform.engine.support.hierarchical.NodeTestTask.executeRecursively(NodeTestTask.java:126)
	at org.junit.platform.engine.support.hierarchical.NodeTestTask.execute(NodeTestTask.java:84)
	at org.junit.platform.engine.support.hierarchical.SameThreadHierarchicalTestExecutorService.submit(SameThreadHierarchicalTestExecutorService.java:32)
	at org.junit.platform.engine.support.hierarchical.HierarchicalTestExecutor.execute(HierarchicalTestExecutor.java:57)
	at org.junit.platform.engine.support.hierarchical.HierarchicalTestEngine.execute(HierarchicalTestEngine.java:51)
	at org.junit.platform.launcher.core.EngineExecutionOrchestrator.execute(EngineExecutionOrchestrator.java:108)
	at org.junit.platform.launcher.core.EngineExecutionOrchestrator.execute(EngineExecutionOrchestrator.java:88)
	at org.junit.platform.launcher.core.EngineExecutionOrchestrator.lambda$execute$0(EngineExecutionOrchestrator.java:54)
	at org.junit.platform.launcher.core.EngineExecutionOrchestrator.withInterceptedStreams(EngineExecutionOrchestrator.java:67)
	at org.junit.platform.launcher.core.EngineExecutionOrchestrator.execute(EngineExecutionOrchestrator.java:52)
	at org.junit.platform.launcher.core.DefaultLauncher.execute(DefaultLauncher.java:96)
	at org.junit.platform.launcher.core.DefaultLauncher.execute(DefaultLauncher.java:75)
	at org.apache.maven.surefire.junitplatform.JUnitPlatformProvider.invokeAllTests(JUnitPlatformProvider.java:150)
	at org.apache.maven.surefire.junitplatform.JUnitPlatformProvider.invoke(JUnitPlatformProvider.java:124)
	at org.apache.maven.surefire.booter.ForkedBooter.invokeProviderInSameClassLoader(ForkedBooter.java:384)
	at org.apache.maven.surefire.booter.ForkedBooter.runSuitesInProcess(ForkedBooter.java:345)
	at org.apache.maven.surefire.booter.ForkedBooter.execute(ForkedBooter.java:126)
	at org.apache.maven.surefire.booter.ForkedBooter.main(ForkedBooter.java:418)

[INFO] Running io.quarkiverse.googlecloudservices.it.GoogleServicesResourcesTest
[WARNING] Tests run: 1, Failures: 0, Errors: 0, Skipped: 1, Time elapsed: 0 s - in io.quarkiverse.googlecloudservices.it.GoogleServicesResourcesTest
[INFO] Running io.quarkiverse.googlecloudservices.it.FirestoreResourceTest
[ERROR] Tests run: 1, Failures: 0, Errors: 1, Skipped: 0, Time elapsed: 0 s <<< FAILURE! - in io.quarkiverse.googlecloudservices.it.FirestoreResourceTest
[ERROR] io.quarkiverse.googlecloudservices.it.FirestoreResourceTest  Time elapsed: 0 s  <<< ERROR!
java.lang.IllegalStateException: Previous attempts to find a Docker environment failed. Will not retry. Please see logs and check configuration
	at org.testcontainers.dockerclient.DockerClientProviderStrategy.getFirstValidStrategy(DockerClientProviderStrategy.java:109)
	at org.testcontainers.DockerClientFactory.getOrInitializeStrategy(DockerClientFactory.java:136)
	at org.testcontainers.DockerClientFactory.client(DockerClientFactory.java:178)
	at org.testcontainers.LazyDockerClient.getDockerClient(LazyDockerClient.java:14)
	at org.testcontainers.LazyDockerClient.authConfig(LazyDockerClient.java:12)
	at org.testcontainers.containers.GenericContainer.start(GenericContainer.java:310)
	at io.quarkiverse.googlecloudservices.it.FirestoreResourceTest.startGcloudContainer(FirestoreResourceTest.java:35)
	at java.base/jdk.internal.reflect.NativeMethodAccessorImpl.invoke0(Native Method)
	at java.base/jdk.internal.reflect.NativeMethodAccessorImpl.invoke(NativeMethodAccessorImpl.java:62)
	at java.base/jdk.internal.reflect.DelegatingMethodAccessorImpl.invoke(DelegatingMethodAccessorImpl.java:43)
	at java.base/java.lang.reflect.Method.invoke(Method.java:566)
	at io.quarkus.test.junit.QuarkusTestExtension.runExtensionMethod(QuarkusTestExtension.java:1079)
	at io.quarkus.test.junit.QuarkusTestExtension.runExtensionMethod(QuarkusTestExtension.java:978)
	at io.quarkus.test.junit.QuarkusTestExtension.interceptBeforeAllMethod(QuarkusTestExtension.java:793)
	at org.junit.jupiter.engine.execution.ExecutableInvoker$ReflectiveInterceptorCall.lambda$ofVoidMethod$0(ExecutableInvoker.java:115)
	at org.junit.jupiter.engine.execution.ExecutableInvoker.lambda$invoke$0(ExecutableInvoker.java:105)
	at org.junit.jupiter.engine.execution.InvocationInterceptorChain$InterceptedInvocation.proceed(InvocationInterceptorChain.java:106)
	at org.junit.jupiter.engine.extension.TimeoutExtension.intercept(TimeoutExtension.java:149)
	at org.junit.jupiter.engine.extension.TimeoutExtension.interceptLifecycleMethod(TimeoutExtension.java:126)
	at org.junit.jupiter.engine.extension.TimeoutExtension.interceptBeforeAllMethod(TimeoutExtension.java:68)
	at org.junit.jupiter.engine.execution.ExecutableInvoker$ReflectiveInterceptorCall.lambda$ofVoidMethod$0(ExecutableInvoker.java:115)
	at org.junit.jupiter.engine.execution.ExecutableInvoker.lambda$invoke$0(ExecutableInvoker.java:105)
	at org.junit.jupiter.engine.execution.InvocationInterceptorChain$InterceptedInvocation.proceed(InvocationInterceptorChain.java:106)
	at org.junit.jupiter.engine.execution.InvocationInterceptorChain.proceed(InvocationInterceptorChain.java:64)
	at org.junit.jupiter.engine.execution.InvocationInterceptorChain.chainAndInvoke(InvocationInterceptorChain.java:45)
	at org.junit.jupiter.engine.execution.InvocationInterceptorChain.invoke(InvocationInterceptorChain.java:37)
	at org.junit.jupiter.engine.execution.ExecutableInvoker.invoke(ExecutableInvoker.java:104)
	at org.junit.jupiter.engine.execution.ExecutableInvoker.invoke(ExecutableInvoker.java:98)
	at org.junit.jupiter.engine.descriptor.ClassBasedTestDescriptor.lambda$invokeBeforeAllMethods$9(ClassBasedTestDescriptor.java:384)
	at org.junit.platform.engine.support.hierarchical.ThrowableCollector.execute(ThrowableCollector.java:73)
	at org.junit.jupiter.engine.descriptor.ClassBasedTestDescriptor.invokeBeforeAllMethods(ClassBasedTestDescriptor.java:382)
	at org.junit.jupiter.engine.descriptor.ClassBasedTestDescriptor.before(ClassBasedTestDescriptor.java:196)
	at org.junit.jupiter.engine.descriptor.ClassBasedTestDescriptor.before(ClassBasedTestDescriptor.java:78)
	at org.junit.platform.engine.support.hierarchical.NodeTestTask.lambda$executeRecursively$5(NodeTestTask.java:136)
	at org.junit.platform.engine.support.hierarchical.ThrowableCollector.execute(ThrowableCollector.java:73)
	at org.junit.platform.engine.support.hierarchical.NodeTestTask.lambda$executeRecursively$7(NodeTestTask.java:129)
	at org.junit.platform.engine.support.hierarchical.Node.around(Node.java:137)
	at org.junit.platform.engine.support.hierarchical.NodeTestTask.lambda$executeRecursively$8(NodeTestTask.java:127)
	at org.junit.platform.engine.support.hierarchical.ThrowableCollector.execute(ThrowableCollector.java:73)
	at org.junit.platform.engine.support.hierarchical.NodeTestTask.executeRecursively(NodeTestTask.java:126)
	at org.junit.platform.engine.support.hierarchical.NodeTestTask.execute(NodeTestTask.java:84)
	at java.base/java.util.ArrayList.forEach(ArrayList.java:1541)
	at org.junit.platform.engine.support.hierarchical.SameThreadHierarchicalTestExecutorService.invokeAll(SameThreadHierarchicalTestExecutorService.java:38)
	at org.junit.platform.engine.support.hierarchical.NodeTestTask.lambda$executeRecursively$5(NodeTestTask.java:143)
	at org.junit.platform.engine.support.hierarchical.ThrowableCollector.execute(ThrowableCollector.java:73)
	at org.junit.platform.engine.support.hierarchical.NodeTestTask.lambda$executeRecursively$7(NodeTestTask.java:129)
	at org.junit.platform.engine.support.hierarchical.Node.around(Node.java:137)
	at org.junit.platform.engine.support.hierarchical.NodeTestTask.lambda$executeRecursively$8(NodeTestTask.java:127)
	at org.junit.platform.engine.support.hierarchical.ThrowableCollector.execute(ThrowableCollector.java:73)
	at org.junit.platform.engine.support.hierarchical.NodeTestTask.executeRecursively(NodeTestTask.java:126)
	at org.junit.platform.engine.support.hierarchical.NodeTestTask.execute(NodeTestTask.java:84)
	at org.junit.platform.engine.support.hierarchical.SameThreadHierarchicalTestExecutorService.submit(SameThreadHierarchicalTestExecutorService.java:32)
	at org.junit.platform.engine.support.hierarchical.HierarchicalTestExecutor.execute(HierarchicalTestExecutor.java:57)
	at org.junit.platform.engine.support.hierarchical.HierarchicalTestEngine.execute(HierarchicalTestEngine.java:51)
	at org.junit.platform.launcher.core.EngineExecutionOrchestrator.execute(EngineExecutionOrchestrator.java:108)
	at org.junit.platform.launcher.core.EngineExecutionOrchestrator.execute(EngineExecutionOrchestrator.java:88)
	at org.junit.platform.launcher.core.EngineExecutionOrchestrator.lambda$execute$0(EngineExecutionOrchestrator.java:54)
	at org.junit.platform.launcher.core.EngineExecutionOrchestrator.withInterceptedStreams(EngineExecutionOrchestrator.java:67)
	at org.junit.platform.launcher.core.EngineExecutionOrchestrator.execute(EngineExecutionOrchestrator.java:52)
	at org.junit.platform.launcher.core.DefaultLauncher.execute(DefaultLauncher.java:96)
	at org.junit.platform.launcher.core.DefaultLauncher.execute(DefaultLauncher.java:75)
	at org.apache.maven.surefire.junitplatform.JUnitPlatformProvider.invokeAllTests(JUnitPlatformProvider.java:150)
	at org.apache.maven.surefire.junitplatform.JUnitPlatformProvider.invoke(JUnitPlatformProvider.java:124)
	at org.apache.maven.surefire.booter.ForkedBooter.invokeProviderInSameClassLoader(ForkedBooter.java:384)
	at org.apache.maven.surefire.booter.ForkedBooter.runSuitesInProcess(ForkedBooter.java:345)
	at org.apache.maven.surefire.booter.ForkedBooter.execute(ForkedBooter.java:126)
	at org.apache.maven.surefire.booter.ForkedBooter.main(ForkedBooter.java:418)

[INFO] Running io.quarkiverse.googlecloudservices.it.BigtableResourceTest
[ERROR] Tests run: 1, Failures: 0, Errors: 1, Skipped: 0, Time elapsed: 0 s <<< FAILURE! - in io.quarkiverse.googlecloudservices.it.BigtableResourceTest
[ERROR] io.quarkiverse.googlecloudservices.it.BigtableResourceTest  Time elapsed: 0 s  <<< ERROR!
java.lang.IllegalStateException: Previous attempts to find a Docker environment failed. Will not retry. Please see logs and check configuration
	at org.testcontainers.dockerclient.DockerClientProviderStrategy.getFirstValidStrategy(DockerClientProviderStrategy.java:109)
	at org.testcontainers.DockerClientFactory.getOrInitializeStrategy(DockerClientFactory.java:136)
	at org.testcontainers.DockerClientFactory.client(DockerClientFactory.java:178)
	at org.testcontainers.LazyDockerClient.getDockerClient(LazyDockerClient.java:14)
	at org.testcontainers.LazyDockerClient.authConfig(LazyDockerClient.java:12)
	at org.testcontainers.containers.GenericContainer.start(GenericContainer.java:310)
	at io.quarkiverse.googlecloudservices.it.BigtableResourceTest.startGcloudContainer(BigtableResourceTest.java:31)
	at java.base/jdk.internal.reflect.NativeMethodAccessorImpl.invoke0(Native Method)
	at java.base/jdk.internal.reflect.NativeMethodAccessorImpl.invoke(NativeMethodAccessorImpl.java:62)
	at java.base/jdk.internal.reflect.DelegatingMethodAccessorImpl.invoke(DelegatingMethodAccessorImpl.java:43)
	at java.base/java.lang.reflect.Method.invoke(Method.java:566)
	at io.quarkus.test.junit.QuarkusTestExtension.runExtensionMethod(QuarkusTestExtension.java:1079)
	at io.quarkus.test.junit.QuarkusTestExtension.runExtensionMethod(QuarkusTestExtension.java:978)
	at io.quarkus.test.junit.QuarkusTestExtension.interceptBeforeAllMethod(QuarkusTestExtension.java:793)
	at org.junit.jupiter.engine.execution.ExecutableInvoker$ReflectiveInterceptorCall.lambda$ofVoidMethod$0(ExecutableInvoker.java:115)
	at org.junit.jupiter.engine.execution.ExecutableInvoker.lambda$invoke$0(ExecutableInvoker.java:105)
	at org.junit.jupiter.engine.execution.InvocationInterceptorChain$InterceptedInvocation.proceed(InvocationInterceptorChain.java:106)
	at org.junit.jupiter.engine.extension.TimeoutExtension.intercept(TimeoutExtension.java:149)
	at org.junit.jupiter.engine.extension.TimeoutExtension.interceptLifecycleMethod(TimeoutExtension.java:126)
	at org.junit.jupiter.engine.extension.TimeoutExtension.interceptBeforeAllMethod(TimeoutExtension.java:68)
	at org.junit.jupiter.engine.execution.ExecutableInvoker$ReflectiveInterceptorCall.lambda$ofVoidMethod$0(ExecutableInvoker.java:115)
	at org.junit.jupiter.engine.execution.ExecutableInvoker.lambda$invoke$0(ExecutableInvoker.java:105)
	at org.junit.jupiter.engine.execution.InvocationInterceptorChain$InterceptedInvocation.proceed(InvocationInterceptorChain.java:106)
	at org.junit.jupiter.engine.execution.InvocationInterceptorChain.proceed(InvocationInterceptorChain.java:64)
	at org.junit.jupiter.engine.execution.InvocationInterceptorChain.chainAndInvoke(InvocationInterceptorChain.java:45)
	at org.junit.jupiter.engine.execution.InvocationInterceptorChain.invoke(InvocationInterceptorChain.java:37)
	at org.junit.jupiter.engine.execution.ExecutableInvoker.invoke(ExecutableInvoker.java:104)
	at org.junit.jupiter.engine.execution.ExecutableInvoker.invoke(ExecutableInvoker.java:98)
	at org.junit.jupiter.engine.descriptor.ClassBasedTestDescriptor.lambda$invokeBeforeAllMethods$9(ClassBasedTestDescriptor.java:384)
	at org.junit.platform.engine.support.hierarchical.ThrowableCollector.execute(ThrowableCollector.java:73)
	at org.junit.jupiter.engine.descriptor.ClassBasedTestDescriptor.invokeBeforeAllMethods(ClassBasedTestDescriptor.java:382)
	at org.junit.jupiter.engine.descriptor.ClassBasedTestDescriptor.before(ClassBasedTestDescriptor.java:196)
	at org.junit.jupiter.engine.descriptor.ClassBasedTestDescriptor.before(ClassBasedTestDescriptor.java:78)
	at org.junit.platform.engine.support.hierarchical.NodeTestTask.lambda$executeRecursively$5(NodeTestTask.java:136)
	at org.junit.platform.engine.support.hierarchical.ThrowableCollector.execute(ThrowableCollector.java:73)
	at org.junit.platform.engine.support.hierarchical.NodeTestTask.lambda$executeRecursively$7(NodeTestTask.java:129)
	at org.junit.platform.engine.support.hierarchical.Node.around(Node.java:137)
	at org.junit.platform.engine.support.hierarchical.NodeTestTask.lambda$executeRecursively$8(NodeTestTask.java:127)
	at org.junit.platform.engine.support.hierarchical.ThrowableCollector.execute(ThrowableCollector.java:73)
	at org.junit.platform.engine.support.hierarchical.NodeTestTask.executeRecursively(NodeTestTask.java:126)
	at org.junit.platform.engine.support.hierarchical.NodeTestTask.execute(NodeTestTask.java:84)
	at java.base/java.util.ArrayList.forEach(ArrayList.java:1541)
	at org.junit.platform.engine.support.hierarchical.SameThreadHierarchicalTestExecutorService.invokeAll(SameThreadHierarchicalTestExecutorService.java:38)
	at org.junit.platform.engine.support.hierarchical.NodeTestTask.lambda$executeRecursively$5(NodeTestTask.java:143)
	at org.junit.platform.engine.support.hierarchical.ThrowableCollector.execute(ThrowableCollector.java:73)
	at org.junit.platform.engine.support.hierarchical.NodeTestTask.lambda$executeRecursively$7(NodeTestTask.java:129)
	at org.junit.platform.engine.support.hierarchical.Node.around(Node.java:137)
	at org.junit.platform.engine.support.hierarchical.NodeTestTask.lambda$executeRecursively$8(NodeTestTask.java:127)
	at org.junit.platform.engine.support.hierarchical.ThrowableCollector.execute(ThrowableCollector.java:73)
	at org.junit.platform.engine.support.hierarchical.NodeTestTask.executeRecursively(NodeTestTask.java:126)
	at org.junit.platform.engine.support.hierarchical.NodeTestTask.execute(NodeTestTask.java:84)
	at org.junit.platform.engine.support.hierarchical.SameThreadHierarchicalTestExecutorService.submit(SameThreadHierarchicalTestExecutorService.java:32)
	at org.junit.platform.engine.support.hierarchical.HierarchicalTestExecutor.execute(HierarchicalTestExecutor.java:57)
	at org.junit.platform.engine.support.hierarchical.HierarchicalTestEngine.execute(HierarchicalTestEngine.java:51)
	at org.junit.platform.launcher.core.EngineExecutionOrchestrator.execute(EngineExecutionOrchestrator.java:108)
	at org.junit.platform.launcher.core.EngineExecutionOrchestrator.execute(EngineExecutionOrchestrator.java:88)
	at org.junit.platform.launcher.core.EngineExecutionOrchestrator.lambda$execute$0(EngineExecutionOrchestrator.java:54)
	at org.junit.platform.launcher.core.EngineExecutionOrchestrator.withInterceptedStreams(EngineExecutionOrchestrator.java:67)
	at org.junit.platform.launcher.core.EngineExecutionOrchestrator.execute(EngineExecutionOrchestrator.java:52)
	at org.junit.platform.launcher.core.DefaultLauncher.execute(DefaultLauncher.java:96)
	at org.junit.platform.launcher.core.DefaultLauncher.execute(DefaultLauncher.java:75)
	at org.apache.maven.surefire.junitplatform.JUnitPlatformProvider.invokeAllTests(JUnitPlatformProvider.java:150)
	at org.apache.maven.surefire.junitplatform.JUnitPlatformProvider.invoke(JUnitPlatformProvider.java:124)
	at org.apache.maven.surefire.booter.ForkedBooter.invokeProviderInSameClassLoader(ForkedBooter.java:384)
	at org.apache.maven.surefire.booter.ForkedBooter.runSuitesInProcess(ForkedBooter.java:345)
	at org.apache.maven.surefire.booter.ForkedBooter.execute(ForkedBooter.java:126)
	at org.apache.maven.surefire.booter.ForkedBooter.main(ForkedBooter.java:418)

2023-01-07 02:59:35,695 INFO  [io.quarkus] (main) Quarkus stopped in 0.040s
[INFO] 
[INFO] Results:
[INFO] 
[ERROR] Errors: 
[ERROR]   BigtableResourceTest.startGcloudContainer:31  IllegalState Previous attempts ...
[ERROR]   FirestoreResourceTest.startGcloudContainer:35  IllegalState Previous attempts...
[ERROR]   StorageResourceTest.startGcloudContainer:42  IllegalState Could not find a va...
[INFO] 
[ERROR] Tests run: 4, Failures: 0, Errors: 3, Skipped: 1
[INFO] 
[INFO] ------------------------------------------------------------------------
[INFO] Reactor Summary for Quarkus - Google Cloud Services - Parent 0.11.0-SNAPSHOT:
[INFO] 
[INFO] Quarkus - Google Cloud Services - BOM .............. SUCCESS [  0.651 s]
[INFO] Quarkus - Google Cloud Services - Parent ........... SUCCESS [  0.019 s]
[INFO] Quarkus - Google Cloud Services - Common ........... SUCCESS [  0.015 s]
[INFO] Quarkus - Google Cloud Services - Common - Runtime . SUCCESS [  3.006 s]
[INFO] Quarkus - Google Cloud Services - Common - Deployment SUCCESS [  0.974 s]
[INFO] Quarkus - Google Cloud Services - Common - GRPC .... SUCCESS [  0.277 s]
[INFO] Quarkus - Google Cloud Services - BigQuery ......... SUCCESS [  0.008 s]
[INFO] Quarkus - Google Cloud Services - BigQuery - Runtime SUCCESS [  0.380 s]
[INFO] Quarkus - Google Cloud Services - BigQuery - Deployment SUCCESS [  0.697 s]
[INFO] Quarkus - Google Cloud Services - PubSub ........... SUCCESS [  0.007 s]
[INFO] Quarkus - Google Cloud Services - PubSub - Runtime . SUCCESS [  0.564 s]
[INFO] Quarkus - Google Cloud Services - PubSub - Deployment SUCCESS [  0.899 s]
[INFO] Quarkus - Google Cloud Services - Spanner .......... SUCCESS [  0.007 s]
[INFO] Quarkus - Google Cloud Services - Spanner - Runtime  SUCCESS [  0.547 s]
[INFO] Quarkus - Google Cloud Services - Spanner - Deployment SUCCESS [  0.823 s]
[INFO] Quarkus - Google Cloud Services - Storage .......... SUCCESS [  0.010 s]
[INFO] Quarkus - Google Cloud Services - Storage - Runtime  SUCCESS [  0.487 s]
[INFO] Quarkus - Google Cloud Services - Storage - Deployment SUCCESS [  0.563 s]
[INFO] Quarkus - Google Cloud Services - Firestore ........ SUCCESS [  0.006 s]
[INFO] Quarkus - Google Cloud Services - Firestore - Runtime SUCCESS [  0.425 s]
[INFO] Quarkus - Google Cloud Services - Firestore - Deployment SUCCESS [  0.601 s]
[INFO] Quarkus - Google Cloud Services - BigTable - Parent  SUCCESS [  0.005 s]
[INFO] Quarkus - Google Cloud Services - Bigtable - Runtime SUCCESS [  0.216 s]
[INFO] Quarkus - Google Cloud Services - Bigtable - Deployment SUCCESS [  0.583 s]
[INFO] Quarkus - Google Cloud Services - Secret Manager ... SUCCESS [  0.006 s]
[INFO] Quarkus - Google Cloud Services - Secret Manager - Runtime SUCCESS [  2.348 s]
[INFO] Quarkus - Google Cloud Services - Secret Manager - Deployment SUCCESS [  0.644 s]
[INFO] Quarkus - Google Cloud Services - Integration Tests - Parent SUCCESS [  0.007 s]
[INFO] Quarkus - Google Cloud Services - Integration Tests - Main FAILURE [ 39.024 s]
[INFO] Quarkus - Google Cloud Services - Integration Tests - Functions SKIPPED
[INFO] Quarkus - Google Cloud Services - Integration Tests - AppEngine SKIPPED
[INFO] ------------------------------------------------------------------------
[INFO] BUILD FAILURE
[INFO] ------------------------------------------------------------------------
[INFO] Total time:  54.213 s
[INFO] Finished at: 2023-01-07T02:59:36Z
[INFO] ------------------------------------------------------------------------
[ERROR] Failed to execute goal org.apache.maven.plugins:maven-surefire-plugin:2.22.2:test (default-test) on project quarkus-google-cloud-services-main-it: There are test failures.
[ERROR] 
[ERROR] Please refer to /home/gabsko/breaking-updates/integration-tests/main/target/surefire-reports for the individual test results.
[ERROR] Please refer to dump files (if any exist) [date].dump, [date]-jvmRun[N].dump and [date].dumpstream.
[ERROR] -> [Help 1]
[ERROR] 
[ERROR] To see the full stack trace of the errors, re-run Maven with the -e switch.
[ERROR] Re-run Maven using the -X switch to enable full debug logging.
[ERROR] 
[ERROR] For more information about the errors and possible solutions, please read the following articles:
[ERROR] [Help 1] http://cwiki.apache.org/confluence/display/MAVEN/MojoFailureException
[ERROR] 
[ERROR] After correcting the problems, you can resume the build with the command
[ERROR]   mvn <args> -rf :quarkus-google-cloud-services-main-it
