[INFO] Scanning for projects...
[WARNING] The POM for org.jenkins-ci.tools:maven-hpi-plugin:jar:3.17 is missing, no dependency information available
[WARNING] Failed to build parent project for io.jenkins.blueocean:blueocean-parent:pom:1.25.0-alpha-2-SNAPSHOT
[INFO] ------------------------------------------------------------------------
[INFO] Reactor Build Order:
[INFO] 
[INFO] Blue Ocean Parent                                                  [pom]
[INFO] Jenkins Design Language                                            [hpi]
[INFO] Blue Ocean Core JS                                                 [hpi]
[INFO] Common API for Blue Ocean                                          [hpi]
[INFO] REST API for Blue Ocean                                            [hpi]
[INFO] i18n for Blue Ocean                                                [hpi]
[INFO] Web for Blue Ocean                                                 [hpi]
[INFO] Pipeline SCM API for Blue Ocean                                    [hpi]
[INFO] JWT for Blue Ocean                                                 [hpi]
[INFO] REST Implementation for Blue Ocean                                 [hpi]
[INFO] Pipeline implementation for Blue Ocean                             [hpi]
[INFO] Events API for Blue Ocean                                          [hpi]
[INFO] Dashboard for Blue Ocean                                           [hpi]
[INFO] Personalization for Blue Ocean                                     [hpi]
[INFO] Config API for Blue Ocean                                          [hpi]
[INFO] GitHub Pipeline for Blue Ocean                                     [hpi]
[INFO] Git Pipeline for Blue Ocean                                        [hpi]
[INFO] Bitbucket Pipeline for Blue Ocean                                  [hpi]
[INFO] Blue Ocean Pipeline Editor                                         [hpi]
[INFO] JIRA Integration for Blue Ocean                                    [hpi]
[INFO] DEPRECATED Blue Ocean Executor Info                                [hpi]
[INFO] Blue Ocean                                                         [hpi]
[INFO] 
[INFO] ---------------< io.jenkins.blueocean:blueocean-parent >----------------
[INFO] Building Blue Ocean Parent 1.25.0-alpha-2-SNAPSHOT                [1/22]
[INFO] --------------------------------[ pom ]---------------------------------
[INFO] 
[INFO] --- maven-clean-plugin:3.1.0:clean (default-clean) @ blueocean-parent ---
[INFO] 
[INFO] --- maven-enforcer-plugin:3.0.0-M3:display-info (display-info) @ blueocean-parent ---
[INFO] Maven Version: 3.8.6
[INFO] JDK Version: 11.0.17 normalized as: 11.0.17
[INFO] OS Info: Arch: amd64 Family: unix Name: linux Version: 5.4.0-113-generic
[INFO] 
[INFO] --- maven-enforcer-plugin:3.0.0-M3:enforce (display-info) @ blueocean-parent ---
[INFO] Adding ignore: module-info
[INFO] 
[INFO] --- maven-enforcer-plugin:3.0.0-M3:enforce (no-snapshots-in-release) @ blueocean-parent ---
[INFO] 
[INFO] --- gmavenplus-plugin:1.12.1:addTestSources (test-in-groovy) @ blueocean-parent ---
[INFO] 
[INFO] --- localizer-maven-plugin:1.31:generate (default) @ blueocean-parent ---
[INFO] 
[INFO] --- flatten-maven-plugin:1.2.7:flatten (flatten) @ blueocean-parent ---
[INFO] Generating flattened POM of project io.jenkins.blueocean:blueocean-parent:pom:1.25.0-alpha-2-SNAPSHOT...
[INFO] 
[INFO] ------------< io.jenkins.blueocean:jenkins-design-language >------------
[INFO] Building Jenkins Design Language 1.25.0-alpha-2-SNAPSHOT          [2/22]
[INFO] --------------------------------[ hpi ]---------------------------------
[INFO] 
[INFO] --- maven-clean-plugin:3.1.0:clean (default-clean) @ jenkins-design-language ---
[INFO] 
[INFO] --- maven-hpi-plugin:3.17:validate (default-validate) @ jenkins-design-language ---
[INFO] 
[INFO] --- maven-hpi-plugin:3.17:validate-hpi (default-validate-hpi) @ jenkins-design-language ---
[INFO] 
[INFO] --- maven-enforcer-plugin:3.0.0-M3:display-info (display-info) @ jenkins-design-language ---
[INFO] Maven Version: 3.8.6
[INFO] JDK Version: 11.0.17 normalized as: 11.0.17
[INFO] OS Info: Arch: amd64 Family: unix Name: linux Version: 5.4.0-113-generic
[INFO] 
[INFO] --- maven-enforcer-plugin:3.0.0-M3:enforce (display-info) @ jenkins-design-language ---
[INFO] Adding ignore: module-info
[INFO] 
[INFO] --- maven-enforcer-plugin:3.0.0-M3:enforce (no-snapshots-in-release) @ jenkins-design-language ---
[INFO] 
[INFO] --- gmavenplus-plugin:1.12.1:addTestSources (test-in-groovy) @ jenkins-design-language ---
[INFO] 
[INFO] --- blueocean-maven-plugin:0.0.3:process-node-dependencies (upstream-dependencies) @ jenkins-design-language ---
[INFO] No upstream blueocean dependencies found for: jenkins-design-language
[INFO] 
[INFO] --- frontend-maven-plugin:1.12.0:install-node-and-npm (install node and npm) @ jenkins-design-language ---
[INFO] Installing node version v10.13.0
[INFO] Unpacking /home/gabsko/.m2/repository/com/github/eirslett/node/10.13.0/node-10.13.0-linux-x64.tar.gz into /home/gabsko/breaking-updates/jenkins-design-language/node/tmp
[INFO] Copying node binary from /home/gabsko/breaking-updates/jenkins-design-language/node/tmp/node-v10.13.0-linux-x64/bin/node to /home/gabsko/breaking-updates/jenkins-design-language/node/node
[INFO] Installed node locally.
[INFO] Installing npm version 6.14.4
[INFO] Unpacking /home/gabsko/.m2/repository/com/github/eirslett/npm/6.14.4/npm-6.14.4.tar.gz into /home/gabsko/breaking-updates/jenkins-design-language/node/node_modules
[INFO] Installed npm locally.
[INFO] 
[INFO] --- frontend-maven-plugin:1.12.0:npm (npm install) @ jenkins-design-language ---
[INFO] Running 'npm install' in /home/gabsko/breaking-updates/jenkins-design-language
[INFO] 
[INFO] > node-sass@4.9.3 install /home/gabsko/breaking-updates/jenkins-design-language/node_modules/terraform/node_modules/node-sass
[INFO] > node scripts/install.js
[INFO] 
[INFO] Cached binary found at /home/gabsko/.npm/node-sass/4.9.3/linux-x64-64_binding.node
[INFO] 
[INFO] > node-sass@4.11.0 install /home/gabsko/breaking-updates/jenkins-design-language/node_modules/node-sass
[INFO] > node scripts/install.js
[INFO] 
[INFO] Cached binary found at /home/gabsko/.npm/node-sass/4.11.0/linux-x64-64_binding.node
[INFO] 
[INFO] > node-sass@4.9.3 postinstall /home/gabsko/breaking-updates/jenkins-design-language/node_modules/terraform/node_modules/node-sass
[INFO] > node scripts/build.js
[INFO] 
[INFO] Binary found at /home/gabsko/breaking-updates/jenkins-design-language/node_modules/terraform/node_modules/node-sass/vendor/linux-x64-64/binding.node
[INFO] Testing binary
[INFO] Binary is fine
[INFO] 
[INFO] > node-sass@4.11.0 postinstall /home/gabsko/breaking-updates/jenkins-design-language/node_modules/node-sass
[INFO] > node scripts/build.js
[INFO] 
[INFO] Binary found at /home/gabsko/breaking-updates/jenkins-design-language/node_modules/node-sass/vendor/linux-x64-64/binding.node
[INFO] Testing binary
[INFO] Binary is fine
[INFO] npm WARN optional SKIPPING OPTIONAL DEPENDENCY: fsevents@1.2.7 (node_modules/fsevents):
[INFO] npm WARN notsup SKIPPING OPTIONAL DEPENDENCY: Unsupported platform for fsevents@1.2.7: wanted {"os":"darwin","arch":"any"} (current: {"os":"linux","arch":"x64"})
[INFO] 
[INFO] added 2130 packages from 1179 contributors and audited 2205 packages in 17.909s
[INFO] found 640 vulnerabilities (69 low, 167 moderate, 286 high, 118 critical)
[INFO]   run `npm audit fix` to fix them, or `npm audit` for details
[INFO] 
[INFO] --- localizer-maven-plugin:1.31:generate (default) @ jenkins-design-language ---
[INFO] 
[INFO] --- frontend-maven-plugin:1.12.0:npm (npm mvnbuild) @ jenkins-design-language ---
[INFO] Running 'npm run mvnbuild' in /home/gabsko/breaking-updates/jenkins-design-language
[INFO] 
[INFO] > @jenkins-cd/design-language@1.10.4 mvnbuild /home/gabsko/breaking-updates/jenkins-design-language
[INFO] > gulp lint build bundle
[INFO] 
[INFO] [01:38:39] Test specs: src/test/js/**/*-spec.{js,jsx} (use --testFileSuffix switch to select different files)
[INFO] [01:38:39] Changing default language level to ECMA v6. Found "babel-preset-es2015" dependency in package.json.
[INFO] [01:38:39] Language level set to ECMA v6. Call builder.lang([number]) to change.
[INFO] [01:38:39] **********************************************************************
[INFO] [01:38:39] This build is using Jenkins JS Builder.
[INFO] [01:38:39]   For command line options and other help, go to
[INFO] [01:38:39]   https://www.npmjs.com/package/@jenkins-cd/js-builder
[INFO] [01:38:39] **********************************************************************
[INFO] [01:38:39] Maven project.
[INFO] [01:38:39] 	- Jenkins plugin (HPI): jenkins-design-language
[INFO] [01:38:39] Defining default tasks: lint,test,bundle
[INFO] [01:38:39] Running Jenkins js-builder plugin: @jenkins-cd/js-builder-jest
[INFO] [01:38:39] Running Jenkins js-builder plugin: @jenkins-cd/js-extensions
[INFO] [01:38:39] Bundle of 'src/js/components/index.js' will be generated in directory 'target/classes/io/jenkins/blueocean' as 'jenkins-design-language.js'.
[INFO] [01:38:39] Using gulpfile ~/breaking-updates/jenkins-design-language/gulpfile.js
[INFO] [01:38:39] Starting 'lint'...
[INFO] [01:38:39] Starting 'compile-typescript'...
[INFO] [01:38:39] Starting 'compile-react'...
[INFO] [01:38:39] Starting 'less'...
[INFO] [01:38:39] Starting 'copy-icons'...
[INFO] [01:38:39] Starting 'copy-octicons'...
[INFO] [01:38:39] Starting 'copy-fonts'...
[INFO] [01:38:39] Starting 'copy-componentDocFiles'...
[INFO] [01:38:39] Starting 'copy-licenses-octicons'...
[INFO] [01:38:39] Starting 'copy-licenses-ofl'...
[INFO] [01:38:39] Starting 'log-env'...
[INFO] [01:38:39] Source Dirs:
[INFO] [01:38:39]  - src: src/js,less,dist
[INFO] [01:38:39]  - test: test/js
[INFO] [01:38:39] Finished 'log-env' after 234 μs
[INFO] [01:38:39] Starting 'js_bundle_jenkins-design-language_bundle_1'...
[INFO] [01:38:39] LESS CSS pre-processing completed to 'target/classes/io/jenkins/blueocean'.
[INFO] [01:38:39] using browserify config = 
[INFO] {
[INFO]   "entries": [
[INFO]     "src/js/components/index.js"
[INFO]   ],
[INFO]   "extensions": [
[INFO]     ".js",
[INFO]     ".es6",
[INFO]     ".jsx",
[INFO]     ".hbs",
[INFO]     ".ts",
[INFO]     ".tsx"
[INFO]   ],
[INFO]   "cache": {},
[INFO]   "packageCache": {},
[INFO]   "fullPaths": true,
[INFO]   "plugin": [
[INFO]     [
[INFO]       "tsify"
[INFO]     ]
[INFO]   ]
[INFO] }
[INFO] [01:38:39] Will use babel config from .babelrc
[INFO] [01:38:42] Finished 'copy-licenses-octicons' after 2.36 s
[INFO] [01:38:42] Finished 'copy-licenses-ofl' after 2.36 s
[INFO] [01:38:42] Finished 'copy-componentDocFiles' after 2.63 s
[INFO] [01:38:44] Finished 'copy-icons' after 4.99 s
[INFO] [01:38:44] Finished 'copy-octicons' after 5.01 s
[INFO] [01:38:44] Finished 'compile-typescript' after 5.02 s
[INFO] [01:38:44] Finished 'less' after 5.05 s
[INFO] [01:38:46] Finished 'copy-fonts' after 6.51 s
[INFO] [01:38:46] Starting 'copy'...
[INFO] [01:38:46] Finished 'copy' after 27 μs
[INFO] [01:38:53] 
[INFO] /home/gabsko/breaking-updates/jenkins-design-language/src/js/components/List.jsx
[INFO]   179:13  warning  Unexpected console statement  no-console
[INFO] 
[INFO] /home/gabsko/breaking-updates/jenkins-design-language/src/js/components/TruncatingLabel.jsx
[INFO]   128:13  warning  Unexpected console statement  no-console
[INFO]   181:17  warning  Unexpected console statement  no-console
[INFO] 
[INFO] /home/gabsko/breaking-updates/jenkins-design-language/src/js/components/jtable/TableRow.jsx
[INFO]   65:9  warning  Unexpected console statement  no-console
[INFO] 
[INFO] ✖ 4 problems (0 errors, 4 warnings)
[INFO] 
[INFO] [01:38:53] Finished 'lint' after 13 s
[INFO] [01:38:57] Finished 'js_bundle_jenkins-design-language_bundle_1' after 17 s
[INFO] [01:38:57] Starting 'bundle'...
[INFO] [01:38:57] bundling: done
[INFO] [01:38:57] Finished 'bundle' after 104 μs
[INFO] [01:38:57] Finished 'compile-react' after 17 s
[INFO] [01:38:57] Starting 'build'...
[INFO] [01:38:57] Finished 'build' after 2.4 μs
[INFO] 
[INFO] --- maven-resources-plugin:3.2.0:resources (default-resources) @ jenkins-design-language ---
[INFO] Using 'UTF-8' encoding to copy filtered resources.
[INFO] Using 'UTF-8' encoding to copy filtered properties files.
[INFO] Copying 215 resources
[INFO] Copying 1 resource to io/jenkins/blueocean
[INFO] Copying 10 resources to io/jenkins/icons
[INFO] Copying 9 resources to io/jenkins/fonts
[INFO] 
[INFO] --- flatten-maven-plugin:1.2.7:flatten (flatten) @ jenkins-design-language ---
[INFO] Generating flattened POM of project io.jenkins.blueocean:jenkins-design-language:hpi:1.25.0-alpha-2-SNAPSHOT...
[INFO] 
[INFO] --- maven-compiler-plugin:3.8.1:compile (default-compile) @ jenkins-design-language ---
[INFO] Nothing to compile - all classes are up to date
[INFO] 
[INFO] ---------------< io.jenkins.blueocean:blueocean-core-js >---------------
[INFO] Building Blue Ocean Core JS 1.25.0-alpha-2-SNAPSHOT               [3/22]
[INFO] --------------------------------[ hpi ]---------------------------------
[INFO] 
[INFO] --- maven-clean-plugin:3.1.0:clean (default-clean) @ blueocean-core-js ---
[INFO] 
[INFO] --- maven-hpi-plugin:3.17:validate (default-validate) @ blueocean-core-js ---
[INFO] 
[INFO] --- maven-hpi-plugin:3.17:validate-hpi (default-validate-hpi) @ blueocean-core-js ---
[INFO] ------------------------------------------------------------------------
[INFO] Reactor Summary for Blue Ocean Parent 1.25.0-alpha-2-SNAPSHOT:
[INFO] 
[INFO] Blue Ocean Parent .................................. SUCCESS [  1.335 s]
[INFO] Jenkins Design Language ............................ SUCCESS [ 41.040 s]
[INFO] Blue Ocean Core JS ................................. FAILURE [  0.066 s]
[INFO] Common API for Blue Ocean .......................... SKIPPED
[INFO] REST API for Blue Ocean ............................ SKIPPED
[INFO] i18n for Blue Ocean ................................ SKIPPED
[INFO] Web for Blue Ocean ................................. SKIPPED
[INFO] Pipeline SCM API for Blue Ocean .................... SKIPPED
[INFO] JWT for Blue Ocean ................................. SKIPPED
[INFO] REST Implementation for Blue Ocean ................. SKIPPED
[INFO] Pipeline implementation for Blue Ocean ............. SKIPPED
[INFO] Events API for Blue Ocean .......................... SKIPPED
[INFO] Dashboard for Blue Ocean ........................... SKIPPED
[INFO] Personalization for Blue Ocean ..................... SKIPPED
[INFO] Config API for Blue Ocean .......................... SKIPPED
[INFO] GitHub Pipeline for Blue Ocean ..................... SKIPPED
[INFO] Git Pipeline for Blue Ocean ........................ SKIPPED
[INFO] Bitbucket Pipeline for Blue Ocean .................. SKIPPED
[INFO] Blue Ocean Pipeline Editor ......................... SKIPPED
[INFO] JIRA Integration for Blue Ocean .................... SKIPPED
[INFO] DEPRECATED Blue Ocean Executor Info ................ SKIPPED
[INFO] Blue Ocean ......................................... SKIPPED
[INFO] ------------------------------------------------------------------------
[INFO] BUILD FAILURE
[INFO] ------------------------------------------------------------------------
[INFO] Total time:  43.253 s
[INFO] Finished at: 2023-01-07T01:38:57Z
[INFO] ------------------------------------------------------------------------
[ERROR] Failed to execute goal org.jenkins-ci.tools:maven-hpi-plugin:3.17:validate-hpi (default-validate-hpi) on project blueocean-core-js: Unable to retrieve manifest: /home/gabsko/breaking-updates/jenkins-design-language/target/classes (Is a directory) -> [Help 1]
[ERROR] 
[ERROR] To see the full stack trace of the errors, re-run Maven with the -e switch.
[ERROR] Re-run Maven using the -X switch to enable full debug logging.
[ERROR] 
[ERROR] For more information about the errors and possible solutions, please read the following articles:
[ERROR] [Help 1] http://cwiki.apache.org/confluence/display/MAVEN/MojoExecutionException
[ERROR] 
[ERROR] After correcting the problems, you can resume the build with the command
[ERROR]   mvn <args> -rf :blueocean-core-js
