[INFO] Scanning for projects...
[INFO] ------------------------------------------------------------------------
[INFO] Reactor Build Order:
[INFO] 
[INFO] Reaper for Apache Cassandra project                                [pom]
[INFO] Reaper for Apache Cassandra server                                 [jar]
[INFO] 
[INFO] --------------< io.cassandrareaper:cassandra-reaper-pom >---------------
[INFO] Building Reaper for Apache Cassandra project 2.3.0-SNAPSHOT        [1/2]
[INFO] --------------------------------[ pom ]---------------------------------
[INFO] 
[INFO] --- maven-clean-plugin:3.1.0:clean (default-clean) @ cassandra-reaper-pom ---
[INFO] 
[INFO] --- maven-enforcer-plugin:1.4.1:enforce (enforce-java) @ cassandra-reaper-pom ---
[INFO] 
[INFO] ----------------< io.cassandrareaper:cassandra-reaper >-----------------
[INFO] Building Reaper for Apache Cassandra server 2.3.0-SNAPSHOT         [2/2]
[INFO] --------------------------------[ jar ]---------------------------------
[INFO] Downloading from central: https://repo.maven.apache.org/maven2/org/codehaus/mojo/animal-sniffer-maven-plugin/1.18/animal-sniffer-maven-plugin-1.18.pom
[INFO] Downloaded from central: https://repo.maven.apache.org/maven2/org/codehaus/mojo/animal-sniffer-maven-plugin/1.18/animal-sniffer-maven-plugin-1.18.pom (0 B at 0 B/s)
[INFO] Downloading from central: https://repo.maven.apache.org/maven2/org/codehaus/mojo/animal-sniffer-maven-plugin/1.18/animal-sniffer-maven-plugin-1.18.jar
[INFO] Downloaded from central: https://repo.maven.apache.org/maven2/org/codehaus/mojo/animal-sniffer-maven-plugin/1.18/animal-sniffer-maven-plugin-1.18.jar (0 B at 0 B/s)
[INFO] Downloading from central: https://repo.maven.apache.org/maven2/javax/mail/javax.mail-api/1.6.2/javax.mail-api-1.6.2.pom
[INFO] Downloaded from central: https://repo.maven.apache.org/maven2/javax/mail/javax.mail-api/1.6.2/javax.mail-api-1.6.2.pom (0 B at 0 B/s)
[INFO] Downloading from central: https://repo.maven.apache.org/maven2/io/dropwizard/dropwizard-core/1.3.14/dropwizard-core-1.3.14.pom
[INFO] Downloaded from central: https://repo.maven.apache.org/maven2/io/dropwizard/dropwizard-core/1.3.14/dropwizard-core-1.3.14.pom (3.8 kB at 123 kB/s)
[INFO] Downloading from central: https://repo.maven.apache.org/maven2/io/dropwizard/dropwizard-parent/1.3.14/dropwizard-parent-1.3.14.pom
[INFO] Downloaded from central: https://repo.maven.apache.org/maven2/io/dropwizard/dropwizard-parent/1.3.14/dropwizard-parent-1.3.14.pom (28 kB at 228 kB/s)
[INFO] Downloading from central: https://repo.maven.apache.org/maven2/io/dropwizard/dropwizard-bom/1.3.14/dropwizard-bom-1.3.14.pom
[INFO] Downloaded from central: https://repo.maven.apache.org/maven2/io/dropwizard/dropwizard-bom/1.3.14/dropwizard-bom-1.3.14.pom (32 kB at 228 kB/s)
[INFO] Downloading from central: https://repo.maven.apache.org/maven2/org/jdbi/jdbi3-bom/3.5.1/jdbi3-bom-3.5.1.pom
[INFO] Downloaded from central: https://repo.maven.apache.org/maven2/org/jdbi/jdbi3-bom/3.5.1/jdbi3-bom-3.5.1.pom (5.8 kB at 448 kB/s)
[INFO] Downloading from central: https://repo.maven.apache.org/maven2/org/jdbi/jdbi3-parent/3.5.1/jdbi3-parent-3.5.1.pom
[INFO] Downloaded from central: https://repo.maven.apache.org/maven2/org/jdbi/jdbi3-parent/3.5.1/jdbi3-parent-3.5.1.pom (30 kB at 2.2 MB/s)
[INFO] Downloading from central: https://repo.maven.apache.org/maven2/org/basepom/basepom-oss/27/basepom-oss-27.pom
[INFO] Downloaded from central: https://repo.maven.apache.org/maven2/org/basepom/basepom-oss/27/basepom-oss-27.pom (9.2 kB at 916 kB/s)
[INFO] Downloading from central: https://repo.maven.apache.org/maven2/org/basepom/basepom-minimal/27/basepom-minimal-27.pom
[INFO] Downloaded from central: https://repo.maven.apache.org/maven2/org/basepom/basepom-minimal/27/basepom-minimal-27.pom (13 kB at 913 kB/s)
[INFO] Downloading from central: https://repo.maven.apache.org/maven2/org/basepom/basepom-foundation/27/basepom-foundation-27.pom
[INFO] Downloaded from central: https://repo.maven.apache.org/maven2/org/basepom/basepom-foundation/27/basepom-foundation-27.pom (51 kB at 1.1 MB/s)
[INFO] Downloading from central: https://repo.maven.apache.org/maven2/io/dropwizard/dropwizard-util/1.3.14/dropwizard-util-1.3.14.pom
[INFO] Downloaded from central: https://repo.maven.apache.org/maven2/io/dropwizard/dropwizard-util/1.3.14/dropwizard-util-1.3.14.pom (1.7 kB at 18 kB/s)
[INFO] Downloading from central: https://repo.maven.apache.org/maven2/io/dropwizard/dropwizard-jackson/1.3.14/dropwizard-jackson-1.3.14.pom
[INFO] Downloaded from central: https://repo.maven.apache.org/maven2/io/dropwizard/dropwizard-jackson/1.3.14/dropwizard-jackson-1.3.14.pom (3.6 kB at 274 kB/s)
[INFO] Downloading from central: https://repo.maven.apache.org/maven2/com/fasterxml/jackson/module/jackson-module-afterburner/2.9.9/jackson-module-afterburner-2.9.9.pom
[INFO] Downloaded from central: https://repo.maven.apache.org/maven2/com/fasterxml/jackson/module/jackson-module-afterburner/2.9.9/jackson-module-afterburner-2.9.9.pom (3.3 kB at 329 kB/s)
[INFO] Downloading from central: https://repo.maven.apache.org/maven2/com/fasterxml/jackson/datatype/jackson-datatype-joda/2.9.9/jackson-datatype-joda-2.9.9.pom
[INFO] Downloaded from central: https://repo.maven.apache.org/maven2/com/fasterxml/jackson/datatype/jackson-datatype-joda/2.9.9/jackson-datatype-joda-2.9.9.pom (3.1 kB at 314 kB/s)
[INFO] Downloading from central: https://repo.maven.apache.org/maven2/io/dropwizard/dropwizard-validation/1.3.14/dropwizard-validation-1.3.14.pom
[INFO] Downloaded from central: https://repo.maven.apache.org/maven2/io/dropwizard/dropwizard-validation/1.3.14/dropwizard-validation-1.3.14.pom (2.0 kB at 252 kB/s)
[INFO] Downloading from central: https://repo.maven.apache.org/maven2/io/dropwizard/dropwizard-configuration/1.3.14/dropwizard-configuration-1.3.14.pom
[INFO] Downloaded from central: https://repo.maven.apache.org/maven2/io/dropwizard/dropwizard-configuration/1.3.14/dropwizard-configuration-1.3.14.pom (2.4 kB at 347 kB/s)
[INFO] Downloading from central: https://repo.maven.apache.org/maven2/io/dropwizard/dropwizard-logging/1.3.14/dropwizard-logging-1.3.14.pom
[INFO] Downloaded from central: https://repo.maven.apache.org/maven2/io/dropwizard/dropwizard-logging/1.3.14/dropwizard-logging-1.3.14.pom (2.5 kB at 318 kB/s)
[INFO] Downloading from central: https://repo.maven.apache.org/maven2/io/dropwizard/metrics/metrics-logback/4.0.5/metrics-logback-4.0.5.pom
[INFO] Downloaded from central: https://repo.maven.apache.org/maven2/io/dropwizard/metrics/metrics-logback/4.0.5/metrics-logback-4.0.5.pom (1.6 kB at 159 kB/s)
[INFO] Downloading from central: https://repo.maven.apache.org/maven2/io/dropwizard/metrics/metrics-bom/4.0.5/metrics-bom-4.0.5.pom
[INFO] Downloaded from central: https://repo.maven.apache.org/maven2/io/dropwizard/metrics/metrics-bom/4.0.5/metrics-bom-4.0.5.pom (4.9 kB at 813 kB/s)
[INFO] Downloading from central: https://repo.maven.apache.org/maven2/org/eclipse/jetty/jetty-util/9.4.18.v20190429/jetty-util-9.4.18.v20190429.pom
[INFO] Downloaded from central: https://repo.maven.apache.org/maven2/org/eclipse/jetty/jetty-util/9.4.18.v20190429/jetty-util-9.4.18.v20190429.pom (3.8 kB at 343 kB/s)
[INFO] Downloading from central: https://repo.maven.apache.org/maven2/org/eclipse/jetty/jetty-project/9.4.18.v20190429/jetty-project-9.4.18.v20190429.pom
[INFO] Downloaded from central: https://repo.maven.apache.org/maven2/org/eclipse/jetty/jetty-project/9.4.18.v20190429/jetty-project-9.4.18.v20190429.pom (70 kB at 5.4 MB/s)
[INFO] Downloading from central: https://repo.maven.apache.org/maven2/io/dropwizard/dropwizard-metrics/1.3.14/dropwizard-metrics-1.3.14.pom
[INFO] Downloaded from central: https://repo.maven.apache.org/maven2/io/dropwizard/dropwizard-metrics/1.3.14/dropwizard-metrics-1.3.14.pom (2.0 kB at 20 kB/s)
[INFO] Downloading from central: https://repo.maven.apache.org/maven2/io/dropwizard/dropwizard-lifecycle/1.3.14/dropwizard-lifecycle-1.3.14.pom
[INFO] Downloaded from central: https://repo.maven.apache.org/maven2/io/dropwizard/dropwizard-lifecycle/1.3.14/dropwizard-lifecycle-1.3.14.pom (1.7 kB at 17 kB/s)
[INFO] Downloading from central: https://repo.maven.apache.org/maven2/org/eclipse/jetty/jetty-server/9.4.18.v20190429/jetty-server-9.4.18.v20190429.pom
[INFO] Downloaded from central: https://repo.maven.apache.org/maven2/org/eclipse/jetty/jetty-server/9.4.18.v20190429/jetty-server-9.4.18.v20190429.pom (2.6 kB at 214 kB/s)
[INFO] Downloading from central: https://repo.maven.apache.org/maven2/org/eclipse/jetty/jetty-http/9.4.18.v20190429/jetty-http-9.4.18.v20190429.pom
[INFO] Downloaded from central: https://repo.maven.apache.org/maven2/org/eclipse/jetty/jetty-http/9.4.18.v20190429/jetty-http-9.4.18.v20190429.pom (4.3 kB at 306 kB/s)
[INFO] Downloading from central: https://repo.maven.apache.org/maven2/org/eclipse/jetty/jetty-io/9.4.18.v20190429/jetty-io-9.4.18.v20190429.pom
[INFO] Downloaded from central: https://repo.maven.apache.org/maven2/org/eclipse/jetty/jetty-io/9.4.18.v20190429/jetty-io-9.4.18.v20190429.pom (1.3 kB at 130 kB/s)
[INFO] Downloading from central: https://repo.maven.apache.org/maven2/io/dropwizard/dropwizard-jersey/1.3.14/dropwizard-jersey-1.3.14.pom
[INFO] Downloaded from central: https://repo.maven.apache.org/maven2/io/dropwizard/dropwizard-jersey/1.3.14/dropwizard-jersey-1.3.14.pom (3.8 kB at 236 kB/s)
[INFO] Downloading from central: https://repo.maven.apache.org/maven2/org/glassfish/jersey/ext/jersey-metainf-services/2.25.1/jersey-metainf-services-2.25.1.pom
[INFO] Downloaded from central: https://repo.maven.apache.org/maven2/org/glassfish/jersey/ext/jersey-metainf-services/2.25.1/jersey-metainf-services-2.25.1.pom (5.5 kB at 684 kB/s)
[INFO] Downloading from central: https://repo.maven.apache.org/maven2/org/glassfish/jersey/ext/jersey-bean-validation/2.25.1/jersey-bean-validation-2.25.1.pom
[INFO] Downloaded from central: https://repo.maven.apache.org/maven2/org/glassfish/jersey/ext/jersey-bean-validation/2.25.1/jersey-bean-validation-2.25.1.pom (5.5 kB at 291 kB/s)
[INFO] Downloading from central: https://repo.maven.apache.org/maven2/io/dropwizard/metrics/metrics-jersey2/4.0.5/metrics-jersey2-4.0.5.pom
[INFO] Downloaded from central: https://repo.maven.apache.org/maven2/io/dropwizard/metrics/metrics-jersey2/4.0.5/metrics-jersey2-4.0.5.pom (2.1 kB at 261 kB/s)
[INFO] Downloading from central: https://repo.maven.apache.org/maven2/io/dropwizard/metrics/metrics-annotation/4.0.5/metrics-annotation-4.0.5.pom
[INFO] Downloaded from central: https://repo.maven.apache.org/maven2/io/dropwizard/metrics/metrics-annotation/4.0.5/metrics-annotation-4.0.5.pom (702 B at 44 kB/s)
[INFO] Downloading from central: https://repo.maven.apache.org/maven2/com/fasterxml/jackson/jaxrs/jackson-jaxrs-json-provider/2.9.9/jackson-jaxrs-json-provider-2.9.9.pom
[INFO] Downloaded from central: https://repo.maven.apache.org/maven2/com/fasterxml/jackson/jaxrs/jackson-jaxrs-json-provider/2.9.9/jackson-jaxrs-json-provider-2.9.9.pom (3.9 kB at 169 kB/s)
[INFO] Downloading from central: https://repo.maven.apache.org/maven2/com/fasterxml/jackson/jaxrs/jackson-jaxrs-providers/2.9.9/jackson-jaxrs-providers-2.9.9.pom
[INFO] Downloaded from central: https://repo.maven.apache.org/maven2/com/fasterxml/jackson/jaxrs/jackson-jaxrs-providers/2.9.9/jackson-jaxrs-providers-2.9.9.pom (4.1 kB at 342 kB/s)
[INFO] Downloading from central: https://repo.maven.apache.org/maven2/com/fasterxml/jackson/jaxrs/jackson-jaxrs-base/2.9.9/jackson-jaxrs-base-2.9.9.pom
[INFO] Downloaded from central: https://repo.maven.apache.org/maven2/com/fasterxml/jackson/jaxrs/jackson-jaxrs-base/2.9.9/jackson-jaxrs-base-2.9.9.pom (1.5 kB at 217 kB/s)
[INFO] Downloading from central: https://repo.maven.apache.org/maven2/org/glassfish/jersey/containers/jersey-container-servlet/2.25.1/jersey-container-servlet-2.25.1.pom
[INFO] Downloaded from central: https://repo.maven.apache.org/maven2/org/glassfish/jersey/containers/jersey-container-servlet/2.25.1/jersey-container-servlet-2.25.1.pom (4.6 kB at 517 kB/s)
[INFO] Downloading from central: https://repo.maven.apache.org/maven2/org/eclipse/jetty/jetty-webapp/9.4.18.v20190429/jetty-webapp-9.4.18.v20190429.pom
[INFO] Downloaded from central: https://repo.maven.apache.org/maven2/org/eclipse/jetty/jetty-webapp/9.4.18.v20190429/jetty-webapp-9.4.18.v20190429.pom (3.0 kB at 330 kB/s)
[INFO] Downloading from central: https://repo.maven.apache.org/maven2/org/eclipse/jetty/jetty-xml/9.4.18.v20190429/jetty-xml-9.4.18.v20190429.pom
[INFO] Downloaded from central: https://repo.maven.apache.org/maven2/org/eclipse/jetty/jetty-xml/9.4.18.v20190429/jetty-xml-9.4.18.v20190429.pom (1.9 kB at 238 kB/s)
[INFO] Downloading from central: https://repo.maven.apache.org/maven2/org/eclipse/jetty/jetty-servlet/9.4.18.v20190429/jetty-servlet-9.4.18.v20190429.pom
[INFO] Downloaded from central: https://repo.maven.apache.org/maven2/org/eclipse/jetty/jetty-servlet/9.4.18.v20190429/jetty-servlet-9.4.18.v20190429.pom (2.1 kB at 142 kB/s)
[INFO] Downloading from central: https://repo.maven.apache.org/maven2/org/eclipse/jetty/jetty-security/9.4.18.v20190429/jetty-security-9.4.18.v20190429.pom
[INFO] Downloaded from central: https://repo.maven.apache.org/maven2/org/eclipse/jetty/jetty-security/9.4.18.v20190429/jetty-security-9.4.18.v20190429.pom (1.6 kB at 174 kB/s)
[INFO] Downloading from central: https://repo.maven.apache.org/maven2/org/eclipse/jetty/jetty-continuation/9.4.18.v20190429/jetty-continuation-9.4.18.v20190429.pom
[INFO] Downloaded from central: https://repo.maven.apache.org/maven2/org/eclipse/jetty/jetty-continuation/9.4.18.v20190429/jetty-continuation-9.4.18.v20190429.pom (1.2 kB at 167 kB/s)
[INFO] Downloading from central: https://repo.maven.apache.org/maven2/io/dropwizard/dropwizard-servlets/1.3.14/dropwizard-servlets-1.3.14.pom
[INFO] Downloaded from central: https://repo.maven.apache.org/maven2/io/dropwizard/dropwizard-servlets/1.3.14/dropwizard-servlets-1.3.14.pom (3.1 kB at 341 kB/s)
[INFO] Downloading from central: https://repo.maven.apache.org/maven2/io/dropwizard/dropwizard-jetty/1.3.14/dropwizard-jetty-1.3.14.pom
[INFO] Downloaded from central: https://repo.maven.apache.org/maven2/io/dropwizard/dropwizard-jetty/1.3.14/dropwizard-jetty-1.3.14.pom (3.0 kB at 370 kB/s)
[INFO] Downloading from central: https://repo.maven.apache.org/maven2/io/dropwizard/metrics/metrics-jetty9/4.0.5/metrics-jetty9-4.0.5.pom
[INFO] Downloaded from central: https://repo.maven.apache.org/maven2/io/dropwizard/metrics/metrics-jetty9/4.0.5/metrics-jetty9-4.0.5.pom (2.0 kB at 222 kB/s)
[INFO] Downloading from central: https://repo.maven.apache.org/maven2/org/eclipse/jetty/jetty-servlets/9.4.18.v20190429/jetty-servlets-9.4.18.v20190429.pom
[INFO] Downloaded from central: https://repo.maven.apache.org/maven2/org/eclipse/jetty/jetty-servlets/9.4.18.v20190429/jetty-servlets-9.4.18.v20190429.pom (2.9 kB at 206 kB/s)
[INFO] Downloading from central: https://repo.maven.apache.org/maven2/io/dropwizard/metrics/metrics-jvm/4.0.5/metrics-jvm-4.0.5.pom
[INFO] Downloaded from central: https://repo.maven.apache.org/maven2/io/dropwizard/metrics/metrics-jvm/4.0.5/metrics-jvm-4.0.5.pom (1.3 kB at 38 kB/s)
[INFO] Downloading from central: https://repo.maven.apache.org/maven2/io/dropwizard/metrics/metrics-jmx/4.0.5/metrics-jmx-4.0.5.pom
[INFO] Downloaded from central: https://repo.maven.apache.org/maven2/io/dropwizard/metrics/metrics-jmx/4.0.5/metrics-jmx-4.0.5.pom (1.3 kB at 60 kB/s)
[INFO] Downloading from central: https://repo.maven.apache.org/maven2/io/dropwizard/metrics/metrics-servlets/4.0.5/metrics-servlets-4.0.5.pom
[INFO] Downloaded from central: https://repo.maven.apache.org/maven2/io/dropwizard/metrics/metrics-servlets/4.0.5/metrics-servlets-4.0.5.pom (3.7 kB at 408 kB/s)
[INFO] Downloading from central: https://repo.maven.apache.org/maven2/io/dropwizard/metrics/metrics-healthchecks/4.0.5/metrics-healthchecks-4.0.5.pom
[INFO] Downloaded from central: https://repo.maven.apache.org/maven2/io/dropwizard/metrics/metrics-healthchecks/4.0.5/metrics-healthchecks-4.0.5.pom (1.4 kB at 87 kB/s)
[INFO] Downloading from central: https://repo.maven.apache.org/maven2/io/dropwizard/metrics/metrics-json/4.0.5/metrics-json-4.0.5.pom
[INFO] Downloaded from central: https://repo.maven.apache.org/maven2/io/dropwizard/metrics/metrics-json/4.0.5/metrics-json-4.0.5.pom (1.8 kB at 73 kB/s)
[INFO] Downloading from central: https://repo.maven.apache.org/maven2/io/dropwizard/dropwizard-request-logging/1.3.14/dropwizard-request-logging-1.3.14.pom
[INFO] Downloaded from central: https://repo.maven.apache.org/maven2/io/dropwizard/dropwizard-request-logging/1.3.14/dropwizard-request-logging-1.3.14.pom (1.6 kB at 16 kB/s)
[INFO] Downloading from central: https://repo.maven.apache.org/maven2/org/eclipse/jetty/toolchain/setuid/jetty-setuid-java/1.0.3/jetty-setuid-java-1.0.3.pom
[INFO] Downloaded from central: https://repo.maven.apache.org/maven2/org/eclipse/jetty/toolchain/setuid/jetty-setuid-java/1.0.3/jetty-setuid-java-1.0.3.pom (1.6 kB at 204 kB/s)
[INFO] Downloading from central: https://repo.maven.apache.org/maven2/org/eclipse/jetty/toolchain/setuid/jetty-setuid-parent/1.0.3/jetty-setuid-parent-1.0.3.pom
[INFO] Downloaded from central: https://repo.maven.apache.org/maven2/org/eclipse/jetty/toolchain/setuid/jetty-setuid-parent/1.0.3/jetty-setuid-parent-1.0.3.pom (4.4 kB at 626 kB/s)
[INFO] Downloading from central: https://repo.maven.apache.org/maven2/io/dropwizard/dropwizard-client/1.3.14/dropwizard-client-1.3.14.pom
[INFO] Downloaded from central: https://repo.maven.apache.org/maven2/io/dropwizard/dropwizard-client/1.3.14/dropwizard-client-1.3.14.pom (2.2 kB at 20 kB/s)
[INFO] Downloading from central: https://repo.maven.apache.org/maven2/org/glassfish/jersey/ext/rx/jersey-rx-client/2.25.1/jersey-rx-client-2.25.1.pom
[INFO] Downloaded from central: https://repo.maven.apache.org/maven2/org/glassfish/jersey/ext/rx/jersey-rx-client/2.25.1/jersey-rx-client-2.25.1.pom (2.8 kB at 356 kB/s)
[INFO] Downloading from central: https://repo.maven.apache.org/maven2/org/glassfish/jersey/ext/rx/project/2.25.1/project-2.25.1.pom
[INFO] Downloaded from central: https://repo.maven.apache.org/maven2/org/glassfish/jersey/ext/rx/project/2.25.1/project-2.25.1.pom (3.4 kB at 479 kB/s)
[INFO] Downloading from central: https://repo.maven.apache.org/maven2/org/apache/httpcomponents/httpclient/4.5.7/httpclient-4.5.7.pom
[INFO] Downloaded from central: https://repo.maven.apache.org/maven2/org/apache/httpcomponents/httpclient/4.5.7/httpclient-4.5.7.pom (0 B at 0 B/s)
[INFO] Downloading from central: https://repo.maven.apache.org/maven2/org/apache/httpcomponents/httpcomponents-client/4.5.7/httpcomponents-client-4.5.7.pom
[INFO] Downloaded from central: https://repo.maven.apache.org/maven2/org/apache/httpcomponents/httpcomponents-client/4.5.7/httpcomponents-client-4.5.7.pom (0 B at 0 B/s)
[INFO] Downloading from central: https://repo.maven.apache.org/maven2/io/dropwizard/metrics/metrics-httpclient/4.0.5/metrics-httpclient-4.0.5.pom
[INFO] Downloaded from central: https://repo.maven.apache.org/maven2/io/dropwizard/metrics/metrics-httpclient/4.0.5/metrics-httpclient-4.0.5.pom (1.7 kB at 193 kB/s)
[INFO] Downloading from central: https://repo.maven.apache.org/maven2/org/glassfish/jersey/connectors/jersey-apache-connector/2.25.1/jersey-apache-connector-2.25.1.pom
[INFO] Downloaded from central: https://repo.maven.apache.org/maven2/org/glassfish/jersey/connectors/jersey-apache-connector/2.25.1/jersey-apache-connector-2.25.1.pom (4.5 kB at 498 kB/s)
[INFO] Downloading from central: https://repo.maven.apache.org/maven2/org/glassfish/jersey/connectors/project/2.25.1/project-2.25.1.pom
[INFO] Downloaded from central: https://repo.maven.apache.org/maven2/org/glassfish/jersey/connectors/project/2.25.1/project-2.25.1.pom (3.8 kB at 346 kB/s)
[INFO] Downloading from central: https://repo.maven.apache.org/maven2/io/dropwizard/dropwizard-jdbi/1.3.14/dropwizard-jdbi-1.3.14.pom
[INFO] Downloaded from central: https://repo.maven.apache.org/maven2/io/dropwizard/dropwizard-jdbi/1.3.14/dropwizard-jdbi-1.3.14.pom (1.5 kB at 15 kB/s)
[INFO] Downloading from central: https://repo.maven.apache.org/maven2/io/dropwizard/dropwizard-db/1.3.14/dropwizard-db-1.3.14.pom
[INFO] Downloaded from central: https://repo.maven.apache.org/maven2/io/dropwizard/dropwizard-db/1.3.14/dropwizard-db-1.3.14.pom (1.4 kB at 176 kB/s)
[INFO] Downloading from central: https://repo.maven.apache.org/maven2/org/apache/tomcat/tomcat-jdbc/9.0.16/tomcat-jdbc-9.0.16.pom
[INFO] Downloaded from central: https://repo.maven.apache.org/maven2/org/apache/tomcat/tomcat-jdbc/9.0.16/tomcat-jdbc-9.0.16.pom (1.8 kB at 219 kB/s)
[INFO] Downloading from central: https://repo.maven.apache.org/maven2/org/apache/tomcat/tomcat-juli/9.0.16/tomcat-juli-9.0.16.pom
[INFO] Downloaded from central: https://repo.maven.apache.org/maven2/org/apache/tomcat/tomcat-juli/9.0.16/tomcat-juli-9.0.16.pom (1.5 kB at 170 kB/s)
[INFO] Downloading from central: https://repo.maven.apache.org/maven2/io/dropwizard/metrics/metrics-jdbi/4.0.5/metrics-jdbi-4.0.5.pom
[INFO] Downloaded from central: https://repo.maven.apache.org/maven2/io/dropwizard/metrics/metrics-jdbi/4.0.5/metrics-jdbi-4.0.5.pom (1.6 kB at 159 kB/s)
[INFO] Downloading from central: https://repo.maven.apache.org/maven2/io/dropwizard/dropwizard-metrics-graphite/1.3.14/dropwizard-metrics-graphite-1.3.14.pom
[INFO] Downloaded from central: https://repo.maven.apache.org/maven2/io/dropwizard/dropwizard-metrics-graphite/1.3.14/dropwizard-metrics-graphite-1.3.14.pom (1.6 kB at 16 kB/s)
[INFO] Downloading from central: https://repo.maven.apache.org/maven2/io/dropwizard/metrics/metrics-graphite/4.0.5/metrics-graphite-4.0.5.pom
[INFO] Downloaded from central: https://repo.maven.apache.org/maven2/io/dropwizard/metrics/metrics-graphite/4.0.5/metrics-graphite-4.0.5.pom (2.2 kB at 278 kB/s)
[INFO] Downloading from central: https://repo.maven.apache.org/maven2/com/rabbitmq/amqp-client/4.4.1/amqp-client-4.4.1.pom
[INFO] Downloaded from central: https://repo.maven.apache.org/maven2/com/rabbitmq/amqp-client/4.4.1/amqp-client-4.4.1.pom (33 kB at 4.1 MB/s)
[INFO] Downloading from central: https://repo.maven.apache.org/maven2/io/dropwizard/dropwizard-assets/1.3.14/dropwizard-assets-1.3.14.pom
[INFO] Downloaded from central: https://repo.maven.apache.org/maven2/io/dropwizard/dropwizard-assets/1.3.14/dropwizard-assets-1.3.14.pom (1.2 kB at 6.6 kB/s)
[INFO] Downloading from central: https://repo.maven.apache.org/maven2/org/coursera/dropwizard-metrics-datadog/1.1.14/dropwizard-metrics-datadog-1.1.14.pom
[INFO] Downloaded from central: https://repo.maven.apache.org/maven2/org/coursera/dropwizard-metrics-datadog/1.1.14/dropwizard-metrics-datadog-1.1.14.pom (1.3 kB at 13 kB/s)
[INFO] Downloading from central: https://repo.maven.apache.org/maven2/org/coursera/metrics-datadog-parent/1.1.14/metrics-datadog-parent-1.1.14.pom
[INFO] Downloaded from central: https://repo.maven.apache.org/maven2/org/coursera/metrics-datadog-parent/1.1.14/metrics-datadog-parent-1.1.14.pom (7.1 kB at 791 kB/s)
[INFO] Downloading from central: https://repo.maven.apache.org/maven2/org/coursera/metrics-datadog/1.1.14/metrics-datadog-1.1.14.pom
[INFO] Downloaded from central: https://repo.maven.apache.org/maven2/org/coursera/metrics-datadog/1.1.14/metrics-datadog-1.1.14.pom (2.1 kB at 260 kB/s)
[INFO] Downloading from central: https://repo.maven.apache.org/maven2/io/dropwizard/metrics/metrics-core/3.1.1/metrics-core-3.1.1.pom
[INFO] Downloaded from central: https://repo.maven.apache.org/maven2/io/dropwizard/metrics/metrics-core/3.1.1/metrics-core-3.1.1.pom (846 B at 77 kB/s)
[INFO] Downloading from central: https://repo.maven.apache.org/maven2/io/dropwizard/metrics/metrics-parent/3.1.1/metrics-parent-3.1.1.pom
[INFO] Downloaded from central: https://repo.maven.apache.org/maven2/io/dropwizard/metrics/metrics-parent/3.1.1/metrics-parent-3.1.1.pom (12 kB at 1.3 MB/s)
[INFO] Downloading from central: https://repo.maven.apache.org/maven2/org/apache/httpcomponents/fluent-hc/4.3.6/fluent-hc-4.3.6.pom
[INFO] Downloaded from central: https://repo.maven.apache.org/maven2/org/apache/httpcomponents/fluent-hc/4.3.6/fluent-hc-4.3.6.pom (4.7 kB at 472 kB/s)
[INFO] Downloading from central: https://repo.maven.apache.org/maven2/com/datadoghq/java-dogstatsd-client/2.6.1/java-dogstatsd-client-2.6.1.pom
[INFO] Downloaded from central: https://repo.maven.apache.org/maven2/com/datadoghq/java-dogstatsd-client/2.6.1/java-dogstatsd-client-2.6.1.pom (5.7 kB at 819 kB/s)
[INFO] Downloading from central: https://repo.maven.apache.org/maven2/io/dropwizard/dropwizard-metrics/0.9.1/dropwizard-metrics-0.9.1.pom
[INFO] Downloaded from central: https://repo.maven.apache.org/maven2/io/dropwizard/dropwizard-metrics/0.9.1/dropwizard-metrics-0.9.1.pom (2.0 kB at 21 kB/s)
[INFO] Downloading from central: https://repo.maven.apache.org/maven2/io/dropwizard/dropwizard-parent/0.9.1/dropwizard-parent-0.9.1.pom
[INFO] Downloaded from central: https://repo.maven.apache.org/maven2/io/dropwizard/dropwizard-parent/0.9.1/dropwizard-parent-0.9.1.pom (24 kB at 233 kB/s)
[INFO] Downloading from central: https://repo.maven.apache.org/maven2/io/dropwizard/dropwizard-bom/0.9.1/dropwizard-bom-0.9.1.pom
[INFO] Downloaded from central: https://repo.maven.apache.org/maven2/io/dropwizard/dropwizard-bom/0.9.1/dropwizard-bom-0.9.1.pom (32 kB at 2.9 MB/s)
[INFO] Downloading from central: https://repo.maven.apache.org/maven2/org/glassfish/jersey/jersey-bom/2.22.1/jersey-bom-2.22.1.pom
[INFO] Downloaded from central: https://repo.maven.apache.org/maven2/org/glassfish/jersey/jersey-bom/2.22.1/jersey-bom-2.22.1.pom (20 kB at 2.2 MB/s)
[INFO] Downloading from central: https://repo.maven.apache.org/maven2/io/dropwizard/dropwizard-lifecycle/0.9.1/dropwizard-lifecycle-0.9.1.pom
[INFO] Downloaded from central: https://repo.maven.apache.org/maven2/io/dropwizard/dropwizard-lifecycle/0.9.1/dropwizard-lifecycle-0.9.1.pom (1.7 kB at 242 kB/s)
[INFO] Downloading from central: https://repo.maven.apache.org/maven2/io/dropwizard/dropwizard-util/0.9.1/dropwizard-util-0.9.1.pom
[INFO] Downloaded from central: https://repo.maven.apache.org/maven2/io/dropwizard/dropwizard-util/0.9.1/dropwizard-util-0.9.1.pom (1.5 kB at 8.1 kB/s)
[INFO] Downloading from central: https://repo.maven.apache.org/maven2/io/dropwizard/dropwizard-jackson/0.9.1/dropwizard-jackson-0.9.1.pom
[INFO] Downloaded from central: https://repo.maven.apache.org/maven2/io/dropwizard/dropwizard-jackson/0.9.1/dropwizard-jackson-0.9.1.pom (2.7 kB at 27 kB/s)
[INFO] Downloading from central: https://repo.maven.apache.org/maven2/com/fasterxml/jackson/datatype/jackson-datatype-jdk7/2.6.3/jackson-datatype-jdk7-2.6.3.pom
[INFO] Downloaded from central: https://repo.maven.apache.org/maven2/com/fasterxml/jackson/datatype/jackson-datatype-jdk7/2.6.3/jackson-datatype-jdk7-2.6.3.pom (2.8 kB at 216 kB/s)
[INFO] Downloading from central: https://repo.maven.apache.org/maven2/com/fasterxml/jackson/datatype/jackson-datatype-guava/2.6.3/jackson-datatype-guava-2.6.3.pom
[INFO] Downloaded from central: https://repo.maven.apache.org/maven2/com/fasterxml/jackson/datatype/jackson-datatype-guava/2.6.3/jackson-datatype-guava-2.6.3.pom (4.1 kB at 243 kB/s)
[INFO] Downloading from central: https://repo.maven.apache.org/maven2/com/fasterxml/jackson/module/jackson-module-afterburner/2.6.3/jackson-module-afterburner-2.6.3.pom
[INFO] Downloaded from central: https://repo.maven.apache.org/maven2/com/fasterxml/jackson/module/jackson-module-afterburner/2.6.3/jackson-module-afterburner-2.6.3.pom (4.9 kB at 612 kB/s)
[INFO] Downloading from central: https://repo.maven.apache.org/maven2/com/fasterxml/jackson/datatype/jackson-datatype-joda/2.6.3/jackson-datatype-joda-2.6.3.pom
[INFO] Downloaded from central: https://repo.maven.apache.org/maven2/com/fasterxml/jackson/datatype/jackson-datatype-joda/2.6.3/jackson-datatype-joda-2.6.3.pom (3.5 kB at 384 kB/s)
[INFO] Downloading from central: https://repo.maven.apache.org/maven2/io/dropwizard/dropwizard-validation/0.9.1/dropwizard-validation-0.9.1.pom
[INFO] Downloaded from central: https://repo.maven.apache.org/maven2/io/dropwizard/dropwizard-validation/0.9.1/dropwizard-validation-0.9.1.pom (1.6 kB at 14 kB/s)
[INFO] Downloading from central: https://repo.maven.apache.org/maven2/org/hibernate/hibernate-validator/5.2.2.Final/hibernate-validator-5.2.2.Final.pom
[INFO] Downloaded from central: https://repo.maven.apache.org/maven2/org/hibernate/hibernate-validator/5.2.2.Final/hibernate-validator-5.2.2.Final.pom (13 kB at 1.6 MB/s)
[INFO] Downloading from central: https://repo.maven.apache.org/maven2/org/hibernate/hibernate-validator-parent/5.2.2.Final/hibernate-validator-parent-5.2.2.Final.pom
[INFO] Downloaded from central: https://repo.maven.apache.org/maven2/org/hibernate/hibernate-validator-parent/5.2.2.Final/hibernate-validator-parent-5.2.2.Final.pom (35 kB at 2.9 MB/s)
[INFO] Downloading from central: https://repo.maven.apache.org/maven2/systems/composable/dropwizard-cassandra/4.1.0/dropwizard-cassandra-4.1.0.pom
[INFO] Downloaded from central: https://repo.maven.apache.org/maven2/systems/composable/dropwizard-cassandra/4.1.0/dropwizard-cassandra-4.1.0.pom (17 kB at 142 kB/s)
[INFO] Downloading from central: https://repo.maven.apache.org/maven2/com/datastax/cassandra/cassandra-driver-core/3.1.0/cassandra-driver-core-3.1.0.pom
[INFO] Downloaded from central: https://repo.maven.apache.org/maven2/com/datastax/cassandra/cassandra-driver-core/3.1.0/cassandra-driver-core-3.1.0.pom (16 kB at 1.6 MB/s)
[INFO] Downloading from central: https://repo.maven.apache.org/maven2/com/datastax/cassandra/cassandra-driver-parent/3.1.0/cassandra-driver-parent-3.1.0.pom
[INFO] Downloaded from central: https://repo.maven.apache.org/maven2/com/datastax/cassandra/cassandra-driver-parent/3.1.0/cassandra-driver-parent-3.1.0.pom (19 kB at 164 kB/s)
[INFO] Downloading from central: https://repo.maven.apache.org/maven2/io/netty/netty-handler/4.0.37.Final/netty-handler-4.0.37.Final.pom
[INFO] Downloaded from central: https://repo.maven.apache.org/maven2/io/netty/netty-handler/4.0.37.Final/netty-handler-4.0.37.Final.pom (2.4 kB at 300 kB/s)
[INFO] Downloading from central: https://repo.maven.apache.org/maven2/io/netty/netty-parent/4.0.37.Final/netty-parent-4.0.37.Final.pom
[INFO] Downloaded from central: https://repo.maven.apache.org/maven2/io/netty/netty-parent/4.0.37.Final/netty-parent-4.0.37.Final.pom (44 kB at 1.6 MB/s)
[INFO] Downloading from central: https://repo.maven.apache.org/maven2/io/netty/netty-buffer/4.0.37.Final/netty-buffer-4.0.37.Final.pom
[INFO] Downloaded from central: https://repo.maven.apache.org/maven2/io/netty/netty-buffer/4.0.37.Final/netty-buffer-4.0.37.Final.pom (1.4 kB at 138 kB/s)
[INFO] Downloading from central: https://repo.maven.apache.org/maven2/io/netty/netty-common/4.0.37.Final/netty-common-4.0.37.Final.pom
[INFO] Downloaded from central: https://repo.maven.apache.org/maven2/io/netty/netty-common/4.0.37.Final/netty-common-4.0.37.Final.pom (3.2 kB at 354 kB/s)
[INFO] Downloading from central: https://repo.maven.apache.org/maven2/io/netty/netty-transport/4.0.37.Final/netty-transport-4.0.37.Final.pom
[INFO] Downloaded from central: https://repo.maven.apache.org/maven2/io/netty/netty-transport/4.0.37.Final/netty-transport-4.0.37.Final.pom (1.4 kB at 173 kB/s)
[INFO] Downloading from central: https://repo.maven.apache.org/maven2/io/netty/netty-codec/4.0.37.Final/netty-codec-4.0.37.Final.pom
[INFO] Downloaded from central: https://repo.maven.apache.org/maven2/io/netty/netty-codec/4.0.37.Final/netty-codec-4.0.37.Final.pom (2.2 kB at 204 kB/s)
[INFO] Downloading from central: https://repo.maven.apache.org/maven2/com/github/jnr/jnr-ffi/2.0.7/jnr-ffi-2.0.7.pom
[INFO] Downloaded from central: https://repo.maven.apache.org/maven2/com/github/jnr/jnr-ffi/2.0.7/jnr-ffi-2.0.7.pom (0 B at 0 B/s)
[INFO] Downloading from central: https://repo.maven.apache.org/maven2/com/github/jnr/jnr-posix/3.0.27/jnr-posix-3.0.27.pom
[INFO] Downloaded from central: https://repo.maven.apache.org/maven2/com/github/jnr/jnr-posix/3.0.27/jnr-posix-3.0.27.pom (0 B at 0 B/s)
[INFO] Downloading from central: https://repo.maven.apache.org/maven2/com/github/jnr/jnr-constants/0.9.0/jnr-constants-0.9.0.pom
[INFO] Downloaded from central: https://repo.maven.apache.org/maven2/com/github/jnr/jnr-constants/0.9.0/jnr-constants-0.9.0.pom (0 B at 0 B/s)
[INFO] Downloading from central: https://repo.maven.apache.org/maven2/org/apache/cassandra/cassandra-all/2.2.12/cassandra-all-2.2.12.pom
[INFO] Downloaded from central: https://repo.maven.apache.org/maven2/org/apache/cassandra/cassandra-all/2.2.12/cassandra-all-2.2.12.pom (26 kB at 133 kB/s)
[INFO] Downloading from central: https://repo.maven.apache.org/maven2/org/apache/cassandra/cassandra-parent/2.2.12/cassandra-parent-2.2.12.pom
[INFO] Downloaded from central: https://repo.maven.apache.org/maven2/org/apache/cassandra/cassandra-parent/2.2.12/cassandra-parent-2.2.12.pom (17 kB at 87 kB/s)
[INFO] Downloading from central: https://repo.maven.apache.org/maven2/org/slf4j/log4j-over-slf4j/1.7.7/log4j-over-slf4j-1.7.7.pom
[INFO] Downloaded from central: https://repo.maven.apache.org/maven2/org/slf4j/log4j-over-slf4j/1.7.7/log4j-over-slf4j-1.7.7.pom (1.8 kB at 226 kB/s)
[INFO] Downloading from central: https://repo.maven.apache.org/maven2/com/googlecode/json-simple/json-simple/1.1/json-simple-1.1.pom
[INFO] Downloaded from central: https://repo.maven.apache.org/maven2/com/googlecode/json-simple/json-simple/1.1/json-simple-1.1.pom (0 B at 0 B/s)
[INFO] Downloading from central: https://repo.maven.apache.org/maven2/com/addthis/metrics/reporter-config3/3.0.0/reporter-config3-3.0.0.pom
[INFO] Downloaded from central: https://repo.maven.apache.org/maven2/com/addthis/metrics/reporter-config3/3.0.0/reporter-config3-3.0.0.pom (2.1 kB at 304 kB/s)
[INFO] Downloading from central: https://repo.maven.apache.org/maven2/com/addthis/metrics/reporter-config-parent/3.0.0/reporter-config-parent-3.0.0.pom
[INFO] Downloaded from central: https://repo.maven.apache.org/maven2/com/addthis/metrics/reporter-config-parent/3.0.0/reporter-config-parent-3.0.0.pom (3.7 kB at 528 kB/s)
[INFO] Downloading from central: https://repo.maven.apache.org/maven2/com/addthis/metrics/reporter-config-base/3.0.0/reporter-config-base-3.0.0.pom
[INFO] Downloaded from central: https://repo.maven.apache.org/maven2/com/addthis/metrics/reporter-config-base/3.0.0/reporter-config-base-3.0.0.pom (1.1 kB at 127 kB/s)
[INFO] Downloading from central: https://repo.maven.apache.org/maven2/org/apache/thrift/libthrift/0.9.1/libthrift-0.9.1.pom
[INFO] Downloaded from central: https://repo.maven.apache.org/maven2/org/apache/thrift/libthrift/0.9.1/libthrift-0.9.1.pom (3.5 kB at 499 kB/s)
[INFO] Downloading from central: https://repo.maven.apache.org/maven2/com/clearspring/analytics/stream/2.5.2/stream-2.5.2.pom
[INFO] Downloaded from central: https://repo.maven.apache.org/maven2/com/clearspring/analytics/stream/2.5.2/stream-2.5.2.pom (5.9 kB at 977 kB/s)
[INFO] Downloading from central: https://repo.maven.apache.org/maven2/it/unimi/dsi/fastutil/6.5.7/fastutil-6.5.7.pom
[INFO] Downloaded from central: https://repo.maven.apache.org/maven2/it/unimi/dsi/fastutil/6.5.7/fastutil-6.5.7.pom (1.1 kB at 122 kB/s)
[INFO] Downloading from central: https://repo.maven.apache.org/maven2/org/apache/cassandra/cassandra-thrift/2.2.12/cassandra-thrift-2.2.12.pom
[INFO] Downloaded from central: https://repo.maven.apache.org/maven2/org/apache/cassandra/cassandra-thrift/2.2.12/cassandra-thrift-2.2.12.pom (18 kB at 88 kB/s)
[INFO] Downloading from central: https://repo.maven.apache.org/maven2/com/github/tjake/crc32ex/0.1.1/crc32ex-0.1.1.pom
[INFO] Downloaded from central: https://repo.maven.apache.org/maven2/com/github/tjake/crc32ex/0.1.1/crc32ex-0.1.1.pom (4.8 kB at 401 kB/s)
[INFO] Downloading from central: https://repo.maven.apache.org/maven2/org/caffinitas/ohc/ohc-core/0.3.4/ohc-core-0.3.4.pom
[INFO] Downloaded from central: https://repo.maven.apache.org/maven2/org/caffinitas/ohc/ohc-core/0.3.4/ohc-core-0.3.4.pom (11 kB at 1.6 MB/s)
[INFO] Downloading from central: https://repo.maven.apache.org/maven2/org/caffinitas/ohc/ohc-parent/0.3.4/ohc-parent-0.3.4.pom
[INFO] Downloaded from central: https://repo.maven.apache.org/maven2/org/caffinitas/ohc/ohc-parent/0.3.4/ohc-parent-0.3.4.pom (17 kB at 1.9 MB/s)
[INFO] Downloading from central: https://repo.maven.apache.org/maven2/com/datastax/cassandra/cassandra-driver-core/3.10.1/cassandra-driver-core-3.10.1.pom
[INFO] Downloaded from central: https://repo.maven.apache.org/maven2/com/datastax/cassandra/cassandra-driver-core/3.10.1/cassandra-driver-core-3.10.1.pom (14 kB at 138 kB/s)
[INFO] Downloading from central: https://repo.maven.apache.org/maven2/com/datastax/cassandra/cassandra-driver-parent/3.10.1/cassandra-driver-parent-3.10.1.pom
[INFO] Downloaded from central: https://repo.maven.apache.org/maven2/com/datastax/cassandra/cassandra-driver-parent/3.10.1/cassandra-driver-parent-3.10.1.pom (48 kB at 465 kB/s)
[INFO] Downloading from central: https://repo.maven.apache.org/maven2/org/postgresql/postgresql/42.2.6/postgresql-42.2.6.pom
[INFO] Downloaded from central: https://repo.maven.apache.org/maven2/org/postgresql/postgresql/42.2.6/postgresql-42.2.6.pom (11 kB at 788 kB/s)
[INFO] Downloading from central: https://repo.maven.apache.org/maven2/org/cognitor/cassandra/cassandra-migration/2.3.0/cassandra-migration-2.3.0.pom
[INFO] Downloaded from central: https://repo.maven.apache.org/maven2/org/cognitor/cassandra/cassandra-migration/2.3.0/cassandra-migration-2.3.0.pom (1.9 kB at 20 kB/s)
[INFO] Downloading from central: https://repo.maven.apache.org/maven2/org/cognitor/cassandra/cassandra-migration-parent/2.3.0/cassandra-migration-parent-2.3.0.pom
[INFO] Downloaded from central: https://repo.maven.apache.org/maven2/org/cognitor/cassandra/cassandra-migration-parent/2.3.0/cassandra-migration-parent-2.3.0.pom (7.3 kB at 49 kB/s)
[INFO] Downloading from central: https://repo.maven.apache.org/maven2/org/flywaydb/flyway-core/5.2.4/flyway-core-5.2.4.pom
[INFO] Downloaded from central: https://repo.maven.apache.org/maven2/org/flywaydb/flyway-core/5.2.4/flyway-core-5.2.4.pom (7.6 kB at 947 kB/s)
[INFO] Downloading from central: https://repo.maven.apache.org/maven2/org/flywaydb/flyway-parent/5.2.4/flyway-parent-5.2.4.pom
[INFO] Downloaded from central: https://repo.maven.apache.org/maven2/org/flywaydb/flyway-parent/5.2.4/flyway-parent-5.2.4.pom (22 kB at 2.2 MB/s)
[INFO] Downloading from central: https://repo.maven.apache.org/maven2/io/prometheus/simpleclient/0.6.0/simpleclient-0.6.0.pom
[INFO] Downloaded from central: https://repo.maven.apache.org/maven2/io/prometheus/simpleclient/0.6.0/simpleclient-0.6.0.pom (1.6 kB at 89 kB/s)
[INFO] Downloading from central: https://repo.maven.apache.org/maven2/io/prometheus/parent/0.6.0/parent-0.6.0.pom
[INFO] Downloaded from central: https://repo.maven.apache.org/maven2/io/prometheus/parent/0.6.0/parent-0.6.0.pom (7.3 kB at 916 kB/s)
[INFO] Downloading from central: https://repo.maven.apache.org/maven2/io/prometheus/simpleclient_servlet/0.6.0/simpleclient_servlet-0.6.0.pom
[INFO] Downloaded from central: https://repo.maven.apache.org/maven2/io/prometheus/simpleclient_servlet/0.6.0/simpleclient_servlet-0.6.0.pom (2.7 kB at 161 kB/s)
[INFO] Downloading from central: https://repo.maven.apache.org/maven2/io/prometheus/simpleclient_common/0.6.0/simpleclient_common-0.6.0.pom
[INFO] Downloaded from central: https://repo.maven.apache.org/maven2/io/prometheus/simpleclient_common/0.6.0/simpleclient_common-0.6.0.pom (1.6 kB at 161 kB/s)
[INFO] Downloading from central: https://repo.maven.apache.org/maven2/io/prometheus/simpleclient_dropwizard/0.6.0/simpleclient_dropwizard-0.6.0.pom
[INFO] Downloaded from central: https://repo.maven.apache.org/maven2/io/prometheus/simpleclient_dropwizard/0.6.0/simpleclient_dropwizard-0.6.0.pom (2.2 kB at 21 kB/s)
[INFO] Downloading from central: https://repo.maven.apache.org/maven2/org/secnod/dropwizard/dropwizard-shiro/0.2.0/dropwizard-shiro-0.2.0.pom
[INFO] Downloaded from central: https://repo.maven.apache.org/maven2/org/secnod/dropwizard/dropwizard-shiro/0.2.0/dropwizard-shiro-0.2.0.pom (11 kB at 104 kB/s)
[INFO] Downloading from central: https://repo.maven.apache.org/maven2/org/apache/shiro/shiro-web/1.2.3/shiro-web-1.2.3.pom
[INFO] Downloaded from central: https://repo.maven.apache.org/maven2/org/apache/shiro/shiro-web/1.2.3/shiro-web-1.2.3.pom (3.7 kB at 37 kB/s)
[INFO] Downloading from central: https://repo.maven.apache.org/maven2/org/secnod/shiro/shiro-jersey/0.2.0/shiro-jersey-0.2.0.pom
[INFO] Downloaded from central: https://repo.maven.apache.org/maven2/org/secnod/shiro/shiro-jersey/0.2.0/shiro-jersey-0.2.0.pom (11 kB at 48 kB/s)
[INFO] Downloading from central: https://repo.maven.apache.org/maven2/org/glassfish/jersey/media/jersey-media-sse/2.25.1/jersey-media-sse-2.25.1.pom
[INFO] Downloaded from central: https://repo.maven.apache.org/maven2/org/glassfish/jersey/media/jersey-media-sse/2.25.1/jersey-media-sse-2.25.1.pom (4.2 kB at 420 kB/s)
[INFO] Downloading from central: https://repo.maven.apache.org/maven2/org/glassfish/main/external/jmxremote_optional-repackaged/5.0/jmxremote_optional-repackaged-5.0.pom
[INFO] Downloaded from central: https://repo.maven.apache.org/maven2/org/glassfish/main/external/jmxremote_optional-repackaged/5.0/jmxremote_optional-repackaged-5.0.pom (7.1 kB at 894 kB/s)
[INFO] Downloading from central: https://repo.maven.apache.org/maven2/org/glassfish/main/external/nucleus-external/5.0/nucleus-external-5.0.pom
[INFO] Downloaded from central: https://repo.maven.apache.org/maven2/org/glassfish/main/external/nucleus-external/5.0/nucleus-external-5.0.pom (4.1 kB at 165 kB/s)
[INFO] Downloading from central: https://repo.maven.apache.org/maven2/org/glassfish/main/glassfish-nucleus-parent/5.0/glassfish-nucleus-parent-5.0.pom
[INFO] Downloaded from central: https://repo.maven.apache.org/maven2/org/glassfish/main/glassfish-nucleus-parent/5.0/glassfish-nucleus-parent-5.0.pom (56 kB at 3.8 MB/s)
[INFO] Downloading from central: https://repo.maven.apache.org/maven2/org/glassfish/hk2/hk2-bom/2.5.0-b44/hk2-bom-2.5.0-b44.pom
[INFO] Downloaded from central: https://repo.maven.apache.org/maven2/org/glassfish/hk2/hk2-bom/2.5.0-b44/hk2-bom-2.5.0-b44.pom (9.6 kB at 1.1 MB/s)
[INFO] Downloading from central: https://repo.maven.apache.org/maven2/org/glassfish/grizzly/grizzly-bom/2.4.1/grizzly-bom-2.4.1.pom
[INFO] Downloaded from central: https://repo.maven.apache.org/maven2/org/glassfish/grizzly/grizzly-bom/2.4.1/grizzly-bom-2.4.1.pom (11 kB at 765 kB/s)
[INFO] Downloading from central: https://repo.maven.apache.org/maven2/org/glassfish/jersey/jersey-bom/2.26/jersey-bom-2.26.pom
[INFO] Downloaded from central: https://repo.maven.apache.org/maven2/org/glassfish/jersey/jersey-bom/2.26/jersey-bom-2.26.pom (22 kB at 2.7 MB/s)
[INFO] Downloading from central: https://repo.maven.apache.org/maven2/io/dropwizard/dropwizard-testing/1.3.14/dropwizard-testing-1.3.14.pom
[INFO] Downloaded from central: https://repo.maven.apache.org/maven2/io/dropwizard/dropwizard-testing/1.3.14/dropwizard-testing-1.3.14.pom (3.6 kB at 19 kB/s)
[INFO] Downloading from central: https://repo.maven.apache.org/maven2/org/glassfish/jersey/test-framework/providers/jersey-test-framework-provider-inmemory/2.25.1/jersey-test-framework-provider-inmemory-2.25.1.pom
[INFO] Downloaded from central: https://repo.maven.apache.org/maven2/org/glassfish/jersey/test-framework/providers/jersey-test-framework-provider-inmemory/2.25.1/jersey-test-framework-provider-inmemory-2.25.1.pom (3.4 kB at 481 kB/s)
[INFO] Downloading from central: https://repo.maven.apache.org/maven2/org/glassfish/jersey/test-framework/providers/project/2.25.1/project-2.25.1.pom
[INFO] Downloaded from central: https://repo.maven.apache.org/maven2/org/glassfish/jersey/test-framework/providers/project/2.25.1/project-2.25.1.pom (3.0 kB at 431 kB/s)
[INFO] Downloading from central: https://repo.maven.apache.org/maven2/org/glassfish/jersey/test-framework/project/2.25.1/project-2.25.1.pom
[INFO] Downloaded from central: https://repo.maven.apache.org/maven2/org/glassfish/jersey/test-framework/project/2.25.1/project-2.25.1.pom (3.1 kB at 440 kB/s)
[INFO] Downloading from central: https://repo.maven.apache.org/maven2/org/glassfish/jersey/test-framework/jersey-test-framework-core/2.25.1/jersey-test-framework-core-2.25.1.pom
[INFO] Downloaded from central: https://repo.maven.apache.org/maven2/org/glassfish/jersey/test-framework/jersey-test-framework-core/2.25.1/jersey-test-framework-core-2.25.1.pom (4.4 kB at 625 kB/s)
[INFO] Downloading from central: https://repo.maven.apache.org/maven2/org/awaitility/awaitility/3.1.6/awaitility-3.1.6.pom
[INFO] Downloaded from central: https://repo.maven.apache.org/maven2/org/awaitility/awaitility/3.1.6/awaitility-3.1.6.pom (3.9 kB at 488 kB/s)
[INFO] Downloading from central: https://repo.maven.apache.org/maven2/org/awaitility/awaitility-parent/3.1.6/awaitility-parent-3.1.6.pom
[INFO] Downloaded from central: https://repo.maven.apache.org/maven2/org/awaitility/awaitility-parent/3.1.6/awaitility-parent-3.1.6.pom (8.4 kB at 247 kB/s)
[INFO] Downloading from central: https://repo.maven.apache.org/maven2/org/easytesting/fest-assert-core/2.0M10/fest-assert-core-2.0M10.pom
[INFO] Downloaded from central: https://repo.maven.apache.org/maven2/org/easytesting/fest-assert-core/2.0M10/fest-assert-core-2.0M10.pom (2.1 kB at 62 kB/s)
[INFO] Downloading from central: https://repo.maven.apache.org/maven2/org/zapodot/embedded-ldap-junit/0.7/embedded-ldap-junit-0.7.pom
[INFO] Downloaded from central: https://repo.maven.apache.org/maven2/org/zapodot/embedded-ldap-junit/0.7/embedded-ldap-junit-0.7.pom (9.3 kB at 97 kB/s)
[INFO] Downloading from central: https://repo.maven.apache.org/maven2/com/unboundid/unboundid-ldapsdk/4.0.4/unboundid-ldapsdk-4.0.4.pom
[INFO] Downloaded from central: https://repo.maven.apache.org/maven2/com/unboundid/unboundid-ldapsdk/4.0.4/unboundid-ldapsdk-4.0.4.pom (3.1 kB at 345 kB/s)
[INFO] Downloading from central: https://repo.maven.apache.org/maven2/net/bytebuddy/byte-buddy/1.8.0/byte-buddy-1.8.0.pom
[INFO] Downloaded from central: https://repo.maven.apache.org/maven2/net/bytebuddy/byte-buddy/1.8.0/byte-buddy-1.8.0.pom (12 kB at 1.3 MB/s)
[INFO] Downloading from central: https://repo.maven.apache.org/maven2/net/bytebuddy/byte-buddy-parent/1.8.0/byte-buddy-parent-1.8.0.pom
[INFO] Downloaded from central: https://repo.maven.apache.org/maven2/net/bytebuddy/byte-buddy-parent/1.8.0/byte-buddy-parent-1.8.0.pom (26 kB at 2.6 MB/s)
[INFO] Downloading from central: https://repo.maven.apache.org/maven2/com/ibatis/ibatis2-common/2.1.7.597/ibatis2-common-2.1.7.597.pom
[INFO] Downloaded from central: https://repo.maven.apache.org/maven2/com/ibatis/ibatis2-common/2.1.7.597/ibatis2-common-2.1.7.597.pom (162 B at 1.7 kB/s)
[INFO] Downloading from central: https://repo.maven.apache.org/maven2/com/google/guava/guava/23.0/guava-23.0.jar
[INFO] Downloading from central: https://repo.maven.apache.org/maven2/io/dropwizard/dropwizard-core/1.3.14/dropwizard-core-1.3.14.jar
[INFO] Downloading from central: https://repo.maven.apache.org/maven2/io/dropwizard/dropwizard-util/1.3.14/dropwizard-util-1.3.14.jar
[INFO] Downloading from central: https://repo.maven.apache.org/maven2/javax/mail/javax.mail-api/1.6.2/javax.mail-api-1.6.2.jar
[INFO] Downloading from central: https://repo.maven.apache.org/maven2/io/dropwizard/dropwizard-jackson/1.3.14/dropwizard-jackson-1.3.14.jar
[INFO] Downloaded from central: https://repo.maven.apache.org/maven2/io/dropwizard/dropwizard-core/1.3.14/dropwizard-core-1.3.14.jar (47 kB at 2.5 MB/s)
[INFO] Downloading from central: https://repo.maven.apache.org/maven2/com/fasterxml/jackson/module/jackson-module-afterburner/2.9.9/jackson-module-afterburner-2.9.9.jar
[INFO] Downloaded from central: https://repo.maven.apache.org/maven2/javax/mail/javax.mail-api/1.6.2/javax.mail-api-1.6.2.jar (0 B at 0 B/s)
[INFO] Downloading from central: https://repo.maven.apache.org/maven2/com/fasterxml/jackson/datatype/jackson-datatype-joda/2.9.9/jackson-datatype-joda-2.9.9.jar
[INFO] Downloaded from central: https://repo.maven.apache.org/maven2/io/dropwizard/dropwizard-util/1.3.14/dropwizard-util-1.3.14.jar (13 kB at 475 kB/s)
[INFO] Downloading from central: https://repo.maven.apache.org/maven2/io/dropwizard/dropwizard-validation/1.3.14/dropwizard-validation-1.3.14.jar
[INFO] Downloaded from central: https://repo.maven.apache.org/maven2/com/fasterxml/jackson/datatype/jackson-datatype-joda/2.9.9/jackson-datatype-joda-2.9.9.jar (71 kB at 2.0 MB/s)
[INFO] Downloading from central: https://repo.maven.apache.org/maven2/io/dropwizard/dropwizard-configuration/1.3.14/dropwizard-configuration-1.3.14.jar
[INFO] Downloaded from central: https://repo.maven.apache.org/maven2/com/fasterxml/jackson/module/jackson-module-afterburner/2.9.9/jackson-module-afterburner-2.9.9.jar (147 kB at 3.8 MB/s)
[INFO] Downloading from central: https://repo.maven.apache.org/maven2/io/dropwizard/dropwizard-logging/1.3.14/dropwizard-logging-1.3.14.jar
[INFO] Downloaded from central: https://repo.maven.apache.org/maven2/io/dropwizard/dropwizard-configuration/1.3.14/dropwizard-configuration-1.3.14.jar (26 kB at 613 kB/s)
[INFO] Downloading from central: https://repo.maven.apache.org/maven2/io/dropwizard/metrics/metrics-logback/4.0.5/metrics-logback-4.0.5.jar
[INFO] Downloaded from central: https://repo.maven.apache.org/maven2/io/dropwizard/dropwizard-validation/1.3.14/dropwizard-validation-1.3.14.jar (30 kB at 682 kB/s)
[INFO] Downloading from central: https://repo.maven.apache.org/maven2/org/eclipse/jetty/jetty-util/9.4.18.v20190429/jetty-util-9.4.18.v20190429.jar
[INFO] Downloaded from central: https://repo.maven.apache.org/maven2/io/dropwizard/metrics/metrics-logback/4.0.5/metrics-logback-4.0.5.jar (4.3 kB at 81 kB/s)
[INFO] Downloading from central: https://repo.maven.apache.org/maven2/io/dropwizard/dropwizard-metrics/1.3.14/dropwizard-metrics-1.3.14.jar
[INFO] Downloaded from central: https://repo.maven.apache.org/maven2/io/dropwizard/dropwizard-logging/1.3.14/dropwizard-logging-1.3.14.jar (47 kB at 880 kB/s)
[INFO] Downloading from central: https://repo.maven.apache.org/maven2/io/dropwizard/dropwizard-jersey/1.3.14/dropwizard-jersey-1.3.14.jar
[INFO] Downloaded from central: https://repo.maven.apache.org/maven2/io/dropwizard/dropwizard-metrics/1.3.14/dropwizard-metrics-1.3.14.jar (18 kB at 296 kB/s)
[INFO] Downloading from central: https://repo.maven.apache.org/maven2/org/glassfish/jersey/ext/jersey-metainf-services/2.25.1/jersey-metainf-services-2.25.1.jar
[INFO] Downloaded from central: https://repo.maven.apache.org/maven2/io/dropwizard/dropwizard-jersey/1.3.14/dropwizard-jersey-1.3.14.jar (111 kB at 1.8 MB/s)
[INFO] Downloading from central: https://repo.maven.apache.org/maven2/org/glassfish/jersey/ext/jersey-bean-validation/2.25.1/jersey-bean-validation-2.25.1.jar
[INFO] Downloaded from central: https://repo.maven.apache.org/maven2/org/glassfish/jersey/ext/jersey-bean-validation/2.25.1/jersey-bean-validation-2.25.1.jar (41 kB at 589 kB/s)
[INFO] Downloading from central: https://repo.maven.apache.org/maven2/io/dropwizard/metrics/metrics-jersey2/4.0.5/metrics-jersey2-4.0.5.jar
[INFO] Downloaded from central: https://repo.maven.apache.org/maven2/org/eclipse/jetty/jetty-util/9.4.18.v20190429/jetty-util-9.4.18.v20190429.jar (527 kB at 7.1 MB/s)
[INFO] Downloading from central: https://repo.maven.apache.org/maven2/com/fasterxml/jackson/jaxrs/jackson-jaxrs-json-provider/2.9.9/jackson-jaxrs-json-provider-2.9.9.jar
[INFO] Downloaded from central: https://repo.maven.apache.org/maven2/com/google/guava/guava/23.0/guava-23.0.jar (0 B at 0 B/s)
[INFO] Downloading from central: https://repo.maven.apache.org/maven2/com/fasterxml/jackson/jaxrs/jackson-jaxrs-base/2.9.9/jackson-jaxrs-base-2.9.9.jar
[INFO] Downloaded from central: https://repo.maven.apache.org/maven2/com/fasterxml/jackson/jaxrs/jackson-jaxrs-json-provider/2.9.9/jackson-jaxrs-json-provider-2.9.9.jar (16 kB at 187 kB/s)
[INFO] Downloading from central: https://repo.maven.apache.org/maven2/org/glassfish/jersey/containers/jersey-container-servlet/2.25.1/jersey-container-servlet-2.25.1.jar
[INFO] Downloaded from central: https://repo.maven.apache.org/maven2/com/fasterxml/jackson/jaxrs/jackson-jaxrs-base/2.9.9/jackson-jaxrs-base-2.9.9.jar (32 kB at 364 kB/s)
[INFO] Downloading from central: https://repo.maven.apache.org/maven2/org/eclipse/jetty/jetty-server/9.4.18.v20190429/jetty-server-9.4.18.v20190429.jar
[INFO] Downloaded from central: https://repo.maven.apache.org/maven2/org/glassfish/jersey/ext/jersey-metainf-services/2.25.1/jersey-metainf-services-2.25.1.jar (6.8 kB at 73 kB/s)
[INFO] Downloading from central: https://repo.maven.apache.org/maven2/org/eclipse/jetty/jetty-io/9.4.18.v20190429/jetty-io-9.4.18.v20190429.jar
[INFO] Downloaded from central: https://repo.maven.apache.org/maven2/org/glassfish/jersey/containers/jersey-container-servlet/2.25.1/jersey-container-servlet-2.25.1.jar (18 kB at 193 kB/s)
[INFO] Downloading from central: https://repo.maven.apache.org/maven2/org/eclipse/jetty/jetty-webapp/9.4.18.v20190429/jetty-webapp-9.4.18.v20190429.jar
[INFO] Downloaded from central: https://repo.maven.apache.org/maven2/io/dropwizard/metrics/metrics-jersey2/4.0.5/metrics-jersey2-4.0.5.jar (20 kB at 212 kB/s)
[INFO] Downloading from central: https://repo.maven.apache.org/maven2/org/eclipse/jetty/jetty-xml/9.4.18.v20190429/jetty-xml-9.4.18.v20190429.jar
[INFO] Downloaded from central: https://repo.maven.apache.org/maven2/org/eclipse/jetty/jetty-xml/9.4.18.v20190429/jetty-xml-9.4.18.v20190429.jar (61 kB at 578 kB/s)
[INFO] Downloading from central: https://repo.maven.apache.org/maven2/org/eclipse/jetty/jetty-continuation/9.4.18.v20190429/jetty-continuation-9.4.18.v20190429.jar
[INFO] Downloaded from central: https://repo.maven.apache.org/maven2/org/eclipse/jetty/jetty-io/9.4.18.v20190429/jetty-io-9.4.18.v20190429.jar (156 kB at 1.4 MB/s)
[INFO] Downloading from central: https://repo.maven.apache.org/maven2/io/dropwizard/dropwizard-servlets/1.3.14/dropwizard-servlets-1.3.14.jar
[INFO] Downloaded from central: https://repo.maven.apache.org/maven2/org/eclipse/jetty/jetty-webapp/9.4.18.v20190429/jetty-webapp-9.4.18.v20190429.jar (137 kB at 1.2 MB/s)
[INFO] Downloading from central: https://repo.maven.apache.org/maven2/io/dropwizard/metrics/metrics-annotation/4.0.5/metrics-annotation-4.0.5.jar
[INFO] Downloaded from central: https://repo.maven.apache.org/maven2/org/eclipse/jetty/jetty-continuation/9.4.18.v20190429/jetty-continuation-9.4.18.v20190429.jar (25 kB at 223 kB/s)
[INFO] Downloading from central: https://repo.maven.apache.org/maven2/io/dropwizard/dropwizard-jetty/1.3.14/dropwizard-jetty-1.3.14.jar
[INFO] Downloaded from central: https://repo.maven.apache.org/maven2/io/dropwizard/dropwizard-jackson/1.3.14/dropwizard-jackson-1.3.14.jar (18 kB at 149 kB/s)
[INFO] Downloading from central: https://repo.maven.apache.org/maven2/io/dropwizard/metrics/metrics-jetty9/4.0.5/metrics-jetty9-4.0.5.jar
[INFO] Downloaded from central: https://repo.maven.apache.org/maven2/io/dropwizard/dropwizard-jetty/1.3.14/dropwizard-jetty-1.3.14.jar (41 kB at 334 kB/s)
[INFO] Downloading from central: https://repo.maven.apache.org/maven2/org/eclipse/jetty/jetty-servlet/9.4.18.v20190429/jetty-servlet-9.4.18.v20190429.jar
[INFO] Downloaded from central: https://repo.maven.apache.org/maven2/io/dropwizard/metrics/metrics-jetty9/4.0.5/metrics-jetty9-4.0.5.jar (18 kB at 145 kB/s)
[INFO] Downloading from central: https://repo.maven.apache.org/maven2/org/eclipse/jetty/jetty-security/9.4.18.v20190429/jetty-security-9.4.18.v20190429.jar
[INFO] Downloaded from central: https://repo.maven.apache.org/maven2/org/eclipse/jetty/jetty-security/9.4.18.v20190429/jetty-security-9.4.18.v20190429.jar (116 kB at 843 kB/s)
[INFO] Downloading from central: https://repo.maven.apache.org/maven2/org/eclipse/jetty/jetty-servlets/9.4.18.v20190429/jetty-servlets-9.4.18.v20190429.jar
[INFO] Downloaded from central: https://repo.maven.apache.org/maven2/io/dropwizard/dropwizard-servlets/1.3.14/dropwizard-servlets-1.3.14.jar (31 kB at 221 kB/s)
[INFO] Downloading from central: https://repo.maven.apache.org/maven2/org/eclipse/jetty/jetty-http/9.4.18.v20190429/jetty-http-9.4.18.v20190429.jar
[INFO] Downloaded from central: https://repo.maven.apache.org/maven2/org/eclipse/jetty/jetty-server/9.4.18.v20190429/jetty-server-9.4.18.v20190429.jar (648 kB at 4.6 MB/s)
[INFO] Downloading from central: https://repo.maven.apache.org/maven2/io/dropwizard/dropwizard-lifecycle/1.3.14/dropwizard-lifecycle-1.3.14.jar
[INFO] Downloaded from central: https://repo.maven.apache.org/maven2/io/dropwizard/metrics/metrics-annotation/4.0.5/metrics-annotation-4.0.5.jar (7.2 kB at 52 kB/s)
[INFO] Downloading from central: https://repo.maven.apache.org/maven2/io/dropwizard/metrics/metrics-jvm/4.0.5/metrics-jvm-4.0.5.jar
[INFO] Downloaded from central: https://repo.maven.apache.org/maven2/io/dropwizard/dropwizard-lifecycle/1.3.14/dropwizard-lifecycle-1.3.14.jar (13 kB at 87 kB/s)
[INFO] Downloading from central: https://repo.maven.apache.org/maven2/io/dropwizard/metrics/metrics-jmx/4.0.5/metrics-jmx-4.0.5.jar
[INFO] Downloaded from central: https://repo.maven.apache.org/maven2/org/eclipse/jetty/jetty-servlets/9.4.18.v20190429/jetty-servlets-9.4.18.v20190429.jar (101 kB at 675 kB/s)
[INFO] Downloading from central: https://repo.maven.apache.org/maven2/io/dropwizard/metrics/metrics-servlets/4.0.5/metrics-servlets-4.0.5.jar
[INFO] Downloaded from central: https://repo.maven.apache.org/maven2/io/dropwizard/metrics/metrics-jvm/4.0.5/metrics-jvm-4.0.5.jar (24 kB at 159 kB/s)
[INFO] Downloading from central: https://repo.maven.apache.org/maven2/io/dropwizard/metrics/metrics-json/4.0.5/metrics-json-4.0.5.jar
[INFO] Downloaded from central: https://repo.maven.apache.org/maven2/org/eclipse/jetty/jetty-http/9.4.18.v20190429/jetty-http-9.4.18.v20190429.jar (203 kB at 1.3 MB/s)
[INFO] Downloading from central: https://repo.maven.apache.org/maven2/io/dropwizard/metrics/metrics-healthchecks/4.0.5/metrics-healthchecks-4.0.5.jar
[INFO] Downloaded from central: https://repo.maven.apache.org/maven2/io/dropwizard/metrics/metrics-jmx/4.0.5/metrics-jmx-4.0.5.jar (20 kB at 131 kB/s)
[INFO] Downloading from central: https://repo.maven.apache.org/maven2/io/dropwizard/dropwizard-request-logging/1.3.14/dropwizard-request-logging-1.3.14.jar
[INFO] Downloaded from central: https://repo.maven.apache.org/maven2/io/dropwizard/metrics/metrics-servlets/4.0.5/metrics-servlets-4.0.5.jar (19 kB at 120 kB/s)
[INFO] Downloading from central: https://repo.maven.apache.org/maven2/org/eclipse/jetty/toolchain/setuid/jetty-setuid-java/1.0.3/jetty-setuid-java-1.0.3.jar
[INFO] Downloaded from central: https://repo.maven.apache.org/maven2/io/dropwizard/metrics/metrics-json/4.0.5/metrics-json-4.0.5.jar (17 kB at 105 kB/s)
[INFO] Downloading from central: https://repo.maven.apache.org/maven2/io/dropwizard/dropwizard-client/1.3.14/dropwizard-client-1.3.14.jar
[INFO] Downloaded from central: https://repo.maven.apache.org/maven2/org/eclipse/jetty/jetty-servlet/9.4.18.v20190429/jetty-servlet-9.4.18.v20190429.jar (121 kB at 757 kB/s)
[INFO] Downloading from central: https://repo.maven.apache.org/maven2/org/glassfish/jersey/ext/rx/jersey-rx-client/2.25.1/jersey-rx-client-2.25.1.jar
[INFO] Downloaded from central: https://repo.maven.apache.org/maven2/org/eclipse/jetty/toolchain/setuid/jetty-setuid-java/1.0.3/jetty-setuid-java-1.0.3.jar (13 kB at 79 kB/s)
[INFO] Downloading from central: https://repo.maven.apache.org/maven2/org/apache/httpcomponents/httpclient/4.5.7/httpclient-4.5.7.jar
[INFO] Downloaded from central: https://repo.maven.apache.org/maven2/io/dropwizard/metrics/metrics-healthchecks/4.0.5/metrics-healthchecks-4.0.5.jar (21 kB at 124 kB/s)
[INFO] Downloading from central: https://repo.maven.apache.org/maven2/io/dropwizard/metrics/metrics-httpclient/4.0.5/metrics-httpclient-4.0.5.jar
[INFO] Downloaded from central: https://repo.maven.apache.org/maven2/org/apache/httpcomponents/httpclient/4.5.7/httpclient-4.5.7.jar (0 B at 0 B/s)
[INFO] Downloading from central: https://repo.maven.apache.org/maven2/org/glassfish/jersey/connectors/jersey-apache-connector/2.25.1/jersey-apache-connector-2.25.1.jar
[INFO] Downloaded from central: https://repo.maven.apache.org/maven2/org/glassfish/jersey/connectors/jersey-apache-connector/2.25.1/jersey-apache-connector-2.25.1.jar (25 kB at 141 kB/s)
[INFO] Downloading from central: https://repo.maven.apache.org/maven2/io/dropwizard/dropwizard-jdbi/1.3.14/dropwizard-jdbi-1.3.14.jar
[INFO] Downloaded from central: https://repo.maven.apache.org/maven2/io/dropwizard/metrics/metrics-httpclient/4.0.5/metrics-httpclient-4.0.5.jar (10.0 kB at 56 kB/s)
[INFO] Downloading from central: https://repo.maven.apache.org/maven2/io/dropwizard/dropwizard-db/1.3.14/dropwizard-db-1.3.14.jar
[INFO] Downloaded from central: https://repo.maven.apache.org/maven2/org/glassfish/jersey/ext/rx/jersey-rx-client/2.25.1/jersey-rx-client-2.25.1.jar (18 kB at 101 kB/s)
[INFO] Downloading from central: https://repo.maven.apache.org/maven2/org/apache/tomcat/tomcat-jdbc/9.0.16/tomcat-jdbc-9.0.16.jar
[INFO] Downloaded from central: https://repo.maven.apache.org/maven2/org/apache/tomcat/tomcat-jdbc/9.0.16/tomcat-jdbc-9.0.16.jar (149 kB at 771 kB/s)
[INFO] Downloading from central: https://repo.maven.apache.org/maven2/org/apache/tomcat/tomcat-juli/9.0.16/tomcat-juli-9.0.16.jar
[INFO] Downloaded from central: https://repo.maven.apache.org/maven2/io/dropwizard/dropwizard-request-logging/1.3.14/dropwizard-request-logging-1.3.14.jar (17 kB at 66 kB/s)
[INFO] Downloading from central: https://repo.maven.apache.org/maven2/io/dropwizard/metrics/metrics-jdbi/4.0.5/metrics-jdbi-4.0.5.jar
[INFO] Downloaded from central: https://repo.maven.apache.org/maven2/io/dropwizard/metrics/metrics-jdbi/4.0.5/metrics-jdbi-4.0.5.jar (20 kB at 75 kB/s)
[INFO] Downloading from central: https://repo.maven.apache.org/maven2/io/dropwizard/dropwizard-metrics-graphite/1.3.14/dropwizard-metrics-graphite-1.3.14.jar
[INFO] Downloaded from central: https://repo.maven.apache.org/maven2/org/apache/tomcat/tomcat-juli/9.0.16/tomcat-juli-9.0.16.jar (47 kB at 160 kB/s)
[INFO] Downloading from central: https://repo.maven.apache.org/maven2/io/dropwizard/metrics/metrics-graphite/4.0.5/metrics-graphite-4.0.5.jar
[INFO] Downloaded from central: https://repo.maven.apache.org/maven2/io/dropwizard/dropwizard-client/1.3.14/dropwizard-client-1.3.14.jar (38 kB at 109 kB/s)
[INFO] Downloading from central: https://repo.maven.apache.org/maven2/com/rabbitmq/amqp-client/4.4.1/amqp-client-4.4.1.jar
[INFO] Downloaded from central: https://repo.maven.apache.org/maven2/io/dropwizard/dropwizard-db/1.3.14/dropwizard-db-1.3.14.jar (13 kB at 34 kB/s)
[INFO] Downloading from central: https://repo.maven.apache.org/maven2/io/dropwizard/dropwizard-assets/1.3.14/dropwizard-assets-1.3.14.jar
[INFO] Downloaded from central: https://repo.maven.apache.org/maven2/io/dropwizard/dropwizard-jdbi/1.3.14/dropwizard-jdbi-1.3.14.jar (75 kB at 199 kB/s)
[INFO] Downloading from central: https://repo.maven.apache.org/maven2/org/coursera/dropwizard-metrics-datadog/1.1.14/dropwizard-metrics-datadog-1.1.14.jar
[INFO] Downloaded from central: https://repo.maven.apache.org/maven2/io/dropwizard/metrics/metrics-graphite/4.0.5/metrics-graphite-4.0.5.jar (22 kB at 55 kB/s)
[INFO] Downloading from central: https://repo.maven.apache.org/maven2/org/coursera/metrics-datadog/1.1.14/metrics-datadog-1.1.14.jar
[INFO] Downloaded from central: https://repo.maven.apache.org/maven2/org/coursera/metrics-datadog/1.1.14/metrics-datadog-1.1.14.jar (37 kB at 91 kB/s)
[INFO] Downloading from central: https://repo.maven.apache.org/maven2/org/apache/httpcomponents/fluent-hc/4.3.6/fluent-hc-4.3.6.jar
[INFO] Downloaded from central: https://repo.maven.apache.org/maven2/org/apache/httpcomponents/fluent-hc/4.3.6/fluent-hc-4.3.6.jar (30 kB at 72 kB/s)
[INFO] Downloading from central: https://repo.maven.apache.org/maven2/com/datadoghq/java-dogstatsd-client/2.6.1/java-dogstatsd-client-2.6.1.jar
[INFO] Downloaded from central: https://repo.maven.apache.org/maven2/com/datadoghq/java-dogstatsd-client/2.6.1/java-dogstatsd-client-2.6.1.jar (26 kB at 61 kB/s)
[INFO] Downloading from central: https://repo.maven.apache.org/maven2/systems/composable/dropwizard-cassandra/4.1.0/dropwizard-cassandra-4.1.0.jar
[INFO] Downloaded from central: https://repo.maven.apache.org/maven2/io/dropwizard/dropwizard-metrics-graphite/1.3.14/dropwizard-metrics-graphite-1.3.14.jar (4.4 kB at 9.7 kB/s)
[INFO] Downloading from central: https://repo.maven.apache.org/maven2/org/apache/cassandra/cassandra-all/2.2.12/cassandra-all-2.2.12.jar
[INFO] Downloaded from central: https://repo.maven.apache.org/maven2/com/rabbitmq/amqp-client/4.4.1/amqp-client-4.4.1.jar (510 kB at 1.1 MB/s)
[INFO] Downloading from central: https://repo.maven.apache.org/maven2/org/slf4j/log4j-over-slf4j/1.7.7/log4j-over-slf4j-1.7.7.jar
[INFO] Downloaded from central: https://repo.maven.apache.org/maven2/org/slf4j/log4j-over-slf4j/1.7.7/log4j-over-slf4j-1.7.7.jar (24 kB at 47 kB/s)
[INFO] Downloading from central: https://repo.maven.apache.org/maven2/com/googlecode/json-simple/json-simple/1.1/json-simple-1.1.jar
[INFO] Downloaded from central: https://repo.maven.apache.org/maven2/com/googlecode/json-simple/json-simple/1.1/json-simple-1.1.jar (0 B at 0 B/s)
[INFO] Downloading from central: https://repo.maven.apache.org/maven2/com/addthis/metrics/reporter-config3/3.0.0/reporter-config3-3.0.0.jar
[INFO] Downloaded from central: https://repo.maven.apache.org/maven2/com/addthis/metrics/reporter-config3/3.0.0/reporter-config3-3.0.0.jar (14 kB at 27 kB/s)
[INFO] Downloading from central: https://repo.maven.apache.org/maven2/com/addthis/metrics/reporter-config-base/3.0.0/reporter-config-base-3.0.0.jar
[INFO] Downloaded from central: https://repo.maven.apache.org/maven2/com/addthis/metrics/reporter-config-base/3.0.0/reporter-config-base-3.0.0.jar (24 kB at 44 kB/s)
[INFO] Downloading from central: https://repo.maven.apache.org/maven2/com/clearspring/analytics/stream/2.5.2/stream-2.5.2.jar
[INFO] Downloaded from central: https://repo.maven.apache.org/maven2/com/clearspring/analytics/stream/2.5.2/stream-2.5.2.jar (152 kB at 276 kB/s)
[INFO] Downloading from central: https://repo.maven.apache.org/maven2/it/unimi/dsi/fastutil/6.5.7/fastutil-6.5.7.jar
[INFO] Downloaded from central: https://repo.maven.apache.org/maven2/io/dropwizard/dropwizard-assets/1.3.14/dropwizard-assets-1.3.14.jar (3.9 kB at 7.0 kB/s)
[INFO] Downloading from central: https://repo.maven.apache.org/maven2/org/apache/cassandra/cassandra-thrift/2.2.12/cassandra-thrift-2.2.12.jar
[INFO] Downloaded from central: https://repo.maven.apache.org/maven2/org/coursera/dropwizard-metrics-datadog/1.1.14/dropwizard-metrics-datadog-1.1.14.jar (9.8 kB at 17 kB/s)
[INFO] Downloading from central: https://repo.maven.apache.org/maven2/com/github/tjake/crc32ex/0.1.1/crc32ex-0.1.1.jar
[INFO] Downloaded from central: https://repo.maven.apache.org/maven2/com/github/tjake/crc32ex/0.1.1/crc32ex-0.1.1.jar (27 kB at 47 kB/s)
[INFO] Downloading from central: https://repo.maven.apache.org/maven2/org/caffinitas/ohc/ohc-core/0.3.4/ohc-core-0.3.4.jar
[INFO] Downloaded from central: https://repo.maven.apache.org/maven2/org/caffinitas/ohc/ohc-core/0.3.4/ohc-core-0.3.4.jar (146 kB at 249 kB/s)
[INFO] Downloading from central: https://repo.maven.apache.org/maven2/com/datastax/cassandra/cassandra-driver-core/3.10.1/cassandra-driver-core-3.10.1.jar
[INFO] Downloaded from central: https://repo.maven.apache.org/maven2/systems/composable/dropwizard-cassandra/4.1.0/dropwizard-cassandra-4.1.0.jar (49 kB at 79 kB/s)
[INFO] Downloading from central: https://repo.maven.apache.org/maven2/org/postgresql/postgresql/42.2.6/postgresql-42.2.6.jar
[INFO] Downloaded from central: https://repo.maven.apache.org/maven2/org/postgresql/postgresql/42.2.6/postgresql-42.2.6.jar (843 kB at 1.2 MB/s)
[INFO] Downloading from central: https://repo.maven.apache.org/maven2/org/cognitor/cassandra/cassandra-migration/2.3.0/cassandra-migration-2.3.0.jar
[INFO] Downloaded from central: https://repo.maven.apache.org/maven2/org/apache/cassandra/cassandra-thrift/2.2.12/cassandra-thrift-2.2.12.jar (1.9 MB at 2.3 MB/s)
[INFO] Downloading from central: https://repo.maven.apache.org/maven2/org/flywaydb/flyway-core/5.2.4/flyway-core-5.2.4.jar
[INFO] Downloaded from central: https://repo.maven.apache.org/maven2/it/unimi/dsi/fastutil/6.5.7/fastutil-6.5.7.jar (17 MB at 21 MB/s)
[INFO] Downloading from central: https://repo.maven.apache.org/maven2/io/prometheus/simpleclient/0.6.0/simpleclient-0.6.0.jar
[INFO] Downloaded from central: https://repo.maven.apache.org/maven2/io/prometheus/simpleclient/0.6.0/simpleclient-0.6.0.jar (59 kB at 71 kB/s)
[INFO] Downloading from central: https://repo.maven.apache.org/maven2/io/prometheus/simpleclient_servlet/0.6.0/simpleclient_servlet-0.6.0.jar
[INFO] Downloaded from central: https://repo.maven.apache.org/maven2/com/datastax/cassandra/cassandra-driver-core/3.10.1/cassandra-driver-core-3.10.1.jar (1.2 MB at 1.4 MB/s)
[INFO] Downloading from central: https://repo.maven.apache.org/maven2/io/prometheus/simpleclient_common/0.6.0/simpleclient_common-0.6.0.jar
[INFO] Downloaded from central: https://repo.maven.apache.org/maven2/io/prometheus/simpleclient_servlet/0.6.0/simpleclient_servlet-0.6.0.jar (7.1 kB at 8.5 kB/s)
[INFO] Downloading from central: https://repo.maven.apache.org/maven2/io/prometheus/simpleclient_dropwizard/0.6.0/simpleclient_dropwizard-0.6.0.jar
[INFO] Downloaded from central: https://repo.maven.apache.org/maven2/io/prometheus/simpleclient_common/0.6.0/simpleclient_common-0.6.0.jar (5.8 kB at 7.0 kB/s)
[INFO] Downloading from central: https://repo.maven.apache.org/maven2/org/secnod/dropwizard/dropwizard-shiro/0.2.0/dropwizard-shiro-0.2.0.jar
[INFO] Downloaded from central: https://repo.maven.apache.org/maven2/io/prometheus/simpleclient_dropwizard/0.6.0/simpleclient_dropwizard-0.6.0.jar (16 kB at 19 kB/s)
[INFO] Downloading from central: https://repo.maven.apache.org/maven2/org/apache/shiro/shiro-web/1.2.3/shiro-web-1.2.3.jar
[INFO] Downloaded from central: https://repo.maven.apache.org/maven2/org/flywaydb/flyway-core/5.2.4/flyway-core-5.2.4.jar (509 kB at 603 kB/s)
[INFO] Downloading from central: https://repo.maven.apache.org/maven2/org/secnod/shiro/shiro-jersey/0.2.0/shiro-jersey-0.2.0.jar
[INFO] Downloaded from central: https://repo.maven.apache.org/maven2/org/apache/cassandra/cassandra-all/2.2.12/cassandra-all-2.2.12.jar (4.7 MB at 5.4 MB/s)
[INFO] Downloading from central: https://repo.maven.apache.org/maven2/org/glassfish/jersey/media/jersey-media-sse/2.25.1/jersey-media-sse-2.25.1.jar
[INFO] Downloaded from central: https://repo.maven.apache.org/maven2/org/cognitor/cassandra/cassandra-migration/2.3.0/cassandra-migration-2.3.0.jar (35 kB at 39 kB/s)
[INFO] Downloading from central: https://repo.maven.apache.org/maven2/org/glassfish/main/external/jmxremote_optional-repackaged/5.0/jmxremote_optional-repackaged-5.0.jar
[INFO] Downloaded from central: https://repo.maven.apache.org/maven2/org/glassfish/main/external/jmxremote_optional-repackaged/5.0/jmxremote_optional-repackaged-5.0.jar (248 kB at 269 kB/s)
[INFO] Downloading from central: https://repo.maven.apache.org/maven2/io/dropwizard/dropwizard-testing/1.3.14/dropwizard-testing-1.3.14.jar
[INFO] Downloaded from central: https://repo.maven.apache.org/maven2/org/secnod/dropwizard/dropwizard-shiro/0.2.0/dropwizard-shiro-0.2.0.jar (7.2 kB at 7.7 kB/s)
[INFO] Downloading from central: https://repo.maven.apache.org/maven2/org/glassfish/jersey/test-framework/providers/jersey-test-framework-provider-inmemory/2.25.1/jersey-test-framework-provider-inmemory-2.25.1.jar
[INFO] Downloaded from central: https://repo.maven.apache.org/maven2/org/secnod/shiro/shiro-jersey/0.2.0/shiro-jersey-0.2.0.jar (12 kB at 13 kB/s)
[INFO] Downloading from central: https://repo.maven.apache.org/maven2/org/glassfish/jersey/test-framework/jersey-test-framework-core/2.25.1/jersey-test-framework-core-2.25.1.jar
[INFO] Downloaded from central: https://repo.maven.apache.org/maven2/org/apache/shiro/shiro-web/1.2.3/shiro-web-1.2.3.jar (142 kB at 151 kB/s)
[INFO] Downloading from central: https://repo.maven.apache.org/maven2/org/awaitility/awaitility/3.1.6/awaitility-3.1.6.jar
[INFO] Downloaded from central: https://repo.maven.apache.org/maven2/org/glassfish/jersey/test-framework/jersey-test-framework-core/2.25.1/jersey-test-framework-core-2.25.1.jar (30 kB at 32 kB/s)
[INFO] Downloading from central: https://repo.maven.apache.org/maven2/org/easytesting/fest-assert-core/2.0M10/fest-assert-core-2.0M10.jar
[INFO] Downloaded from central: https://repo.maven.apache.org/maven2/org/glassfish/jersey/test-framework/providers/jersey-test-framework-provider-inmemory/2.25.1/jersey-test-framework-provider-inmemory-2.25.1.jar (15 kB at 16 kB/s)
[INFO] Downloading from central: https://repo.maven.apache.org/maven2/org/easytesting/fest-util/1.2.5/fest-util-1.2.5.jar
[INFO] Downloaded from central: https://repo.maven.apache.org/maven2/org/awaitility/awaitility/3.1.6/awaitility-3.1.6.jar (103 kB at 108 kB/s)
[INFO] Downloading from central: https://repo.maven.apache.org/maven2/org/zapodot/embedded-ldap-junit/0.7/embedded-ldap-junit-0.7.jar
[INFO] Downloaded from central: https://repo.maven.apache.org/maven2/org/easytesting/fest-util/1.2.5/fest-util-1.2.5.jar (33 kB at 34 kB/s)
[INFO] Downloading from central: https://repo.maven.apache.org/maven2/com/unboundid/unboundid-ldapsdk/4.0.4/unboundid-ldapsdk-4.0.4.jar
[INFO] Downloaded from central: https://repo.maven.apache.org/maven2/org/easytesting/fest-assert-core/2.0M10/fest-assert-core-2.0M10.jar (268 kB at 278 kB/s)
[INFO] Downloading from central: https://repo.maven.apache.org/maven2/com/ibatis/ibatis2-common/2.1.7.597/ibatis2-common-2.1.7.597.jar
[INFO] Downloaded from central: https://repo.maven.apache.org/maven2/org/glassfish/jersey/media/jersey-media-sse/2.25.1/jersey-media-sse-2.25.1.jar (41 kB at 43 kB/s)
[INFO] Downloaded from central: https://repo.maven.apache.org/maven2/org/zapodot/embedded-ldap-junit/0.7/embedded-ldap-junit-0.7.jar (22 kB at 20 kB/s)
[INFO] Downloaded from central: https://repo.maven.apache.org/maven2/com/unboundid/unboundid-ldapsdk/4.0.4/unboundid-ldapsdk-4.0.4.jar (3.9 MB at 3.5 MB/s)
[INFO] Downloaded from central: https://repo.maven.apache.org/maven2/io/dropwizard/dropwizard-testing/1.3.14/dropwizard-testing-1.3.14.jar (58 kB at 51 kB/s)
[INFO] Downloaded from central: https://repo.maven.apache.org/maven2/com/ibatis/ibatis2-common/2.1.7.597/ibatis2-common-2.1.7.597.jar (85 kB at 73 kB/s)
[INFO] 
[INFO] --- maven-clean-plugin:3.1.0:clean (default-clean) @ cassandra-reaper ---
[INFO] 
[INFO] --- maven-enforcer-plugin:1.4.1:enforce (enforce-java) @ cassandra-reaper ---
[INFO] 
[INFO] --- buildnumber-maven-plugin:1.4:create (default) @ cassandra-reaper ---
[INFO] ShortRevision tag detected. The value is '7'.
[INFO] Executing: /bin/sh -c cd '/home/gabsko/breaking-updates/src/server' && 'git' 'rev-parse' '--verify' '--short=7' 'HEAD'
[INFO] Working directory: /home/gabsko/breaking-updates/src/server
[INFO] Storing buildNumber: aeef47d at timestamp: 1673649397704
[WARNING] Cannot get the branch information from the git repository: 
Detecting the current branch failed: fatal: ref HEAD is not a symbolic ref

[INFO] ShortRevision tag detected. The value is '7'.
[INFO] Executing: /bin/sh -c cd '/home/gabsko/breaking-updates/src/server' && 'git' 'rev-parse' '--verify' '--short=7' 'HEAD'
[INFO] Working directory: /home/gabsko/breaking-updates/src/server
[INFO] Storing buildScmBranch: UNKNOWN
[INFO] 
[INFO] --- maven-checkstyle-plugin:3.0.0:check (validate) @ cassandra-reaper ---
[INFO] Downloading from central: https://repo.maven.apache.org/maven2/com/puppycrawl/tools/checkstyle/6.18/checkstyle-6.18.pom
[INFO] Downloaded from central: https://repo.maven.apache.org/maven2/com/puppycrawl/tools/checkstyle/6.18/checkstyle-6.18.pom (71 kB at 12 MB/s)
[INFO] Downloading from central: https://repo.maven.apache.org/maven2/com/puppycrawl/tools/checkstyle/6.18/checkstyle-6.18.jar
[INFO] Downloaded from central: https://repo.maven.apache.org/maven2/com/puppycrawl/tools/checkstyle/6.18/checkstyle-6.18.jar (1.2 MB at 58 MB/s)
[INFO] Starting audit...
Audit done.
[INFO] 
[INFO] --- jacoco-maven-plugin:0.8.6:prepare-agent (prepare-agent) @ cassandra-reaper ---
[INFO] argLine set to -javaagent:/home/gabsko/.m2/repository/org/jacoco/org.jacoco.agent/0.8.6/org.jacoco.agent-0.8.6-runtime.jar=destfile=/home/gabsko/breaking-updates/src/server/target/jacoco.exec
[INFO] 
[INFO] --- replacer:1.5.3:replace (default) @ cassandra-reaper ---
[INFO] Replacement run on 1 file.
[INFO] 
[INFO] --- exec-maven-plugin:1.6.0:exec (exec-npm-install) @ cassandra-reaper ---
npm WARN deprecated source-map-url@0.4.1: See https://github.com/lydell/source-map-url#deprecated
npm WARN deprecated urix@0.1.0: Please see https://github.com/lydell/urix#deprecated
npm WARN deprecated har-validator@5.1.5: this library is no longer supported
npm WARN deprecated resolve-url@0.2.1: https://github.com/lydell/resolve-url#deprecated
npm WARN deprecated source-map-resolve@0.5.3: See https://github.com/lydell/source-map-resolve#deprecated
npm WARN deprecated chokidar@2.1.8: Chokidar 2 does not receive security updates since 2019. Upgrade to chokidar 3 with 15x fewer dependencies
npm WARN deprecated chokidar@2.1.8: Chokidar 2 does not receive security updates since 2019. Upgrade to chokidar 3 with 15x fewer dependencies
npm WARN deprecated querystring@0.2.0: The querystring API is considered Legacy. new code should use the URLSearchParams API instead.
npm WARN deprecated uuid@3.4.0: Please upgrade  to version 7 or higher.  Older versions may use Math.random() in certain circumstances, which is known to be problematic.  See https://v8.dev/blog/math-random for details.
npm WARN deprecated html-webpack-plugin@3.2.0: 3.x is no longer supported
npm WARN deprecated request@2.88.2: request has been deprecated, see https://github.com/request/request/issues/3142
npm WARN deprecated tar@2.2.2: This version of tar is no longer supported, and will not receive security updates. Please upgrade asap.
npm WARN deprecated popper.js@1.16.1: You can find the new Popper v2 at @popperjs/core, this package is dedicated to the legacy v1
npm WARN deprecated core-js@2.6.12: core-js@<3.23.3 is no longer maintained and not recommended for usage due to the number of issues. Because of the V8 engine whims, feature detection in old core-js versions could cause a slowdown up to 100x even if nothing is polyfilled. Some versions have web compatibility issues. Please, upgrade your dependencies to the actual version of core-js.
npm ERR! code 1
npm ERR! path /home/gabsko/breaking-updates/src/ui/node_modules/node-sass
npm ERR! command failed
npm ERR! command sh -c -- node scripts/build.js
npm ERR! Building: /usr/local/bin/node /home/gabsko/breaking-updates/src/ui/node_modules/node-gyp/bin/node-gyp.js rebuild --verbose --libsass_ext= --libsass_cflags= --libsass_ldflags= --libsass_library=
npm ERR! make: Entering directory '/home/gabsko/breaking-updates/src/ui/node_modules/node-sass/build'
npm ERR!   g++ '-DNODE_GYP_MODULE_NAME=libsass' '-DUSING_UV_SHARED=1' '-DUSING_V8_SHARED=1' '-DV8_DEPRECATION_WARNINGS=1' '-DV8_DEPRECATION_WARNINGS' '-DV8_IMMINENT_DEPRECATION_WARNINGS' '-D_GLIBCXX_USE_CXX11_ABI=1' '-D_LARGEFILE_SOURCE' '-D_FILE_OFFSET_BITS=64' '-D__STDC_FORMAT_MACROS' '-DOPENSSL_NO_PINSHARED' '-DOPENSSL_THREADS' '-DLIBSASS_VERSION="3.5.5"' -I/home/gabsko/.node-gyp/16.17.1/include/node -I/home/gabsko/.node-gyp/16.17.1/src -I/home/gabsko/.node-gyp/16.17.1/deps/openssl/config -I/home/gabsko/.node-gyp/16.17.1/deps/openssl/openssl/include -I/home/gabsko/.node-gyp/16.17.1/deps/uv/include -I/home/gabsko/.node-gyp/16.17.1/deps/zlib -I/home/gabsko/.node-gyp/16.17.1/deps/v8/include -I../src/libsass/include  -fPIC -pthread -Wall -Wextra -Wno-unused-parameter -m64 -O3 -fno-omit-frame-pointer -std=gnu++14 -std=c++0x -fexceptions -frtti -MMD -MF ./Release/.deps/Release/obj.target/libsass/src/libsass/src/ast.o.d.raw   -c -o Release/obj.target/libsass/src/libsass/src/ast.o ../src/libsass/src/ast.cpp
npm ERR!   g++ '-DNODE_GYP_MODULE_NAME=libsass' '-DUSING_UV_SHARED=1' '-DUSING_V8_SHARED=1' '-DV8_DEPRECATION_WARNINGS=1' '-DV8_DEPRECATION_WARNINGS' '-DV8_IMMINENT_DEPRECATION_WARNINGS' '-D_GLIBCXX_USE_CXX11_ABI=1' '-D_LARGEFILE_SOURCE' '-D_FILE_OFFSET_BITS=64' '-D__STDC_FORMAT_MACROS' '-DOPENSSL_NO_PINSHARED' '-DOPENSSL_THREADS' '-DLIBSASS_VERSION="3.5.5"' -I/home/gabsko/.node-gyp/16.17.1/include/node -I/home/gabsko/.node-gyp/16.17.1/src -I/home/gabsko/.node-gyp/16.17.1/deps/openssl/config -I/home/gabsko/.node-gyp/16.17.1/deps/openssl/openssl/include -I/home/gabsko/.node-gyp/16.17.1/deps/uv/include -I/home/gabsko/.node-gyp/16.17.1/deps/zlib -I/home/gabsko/.node-gyp/16.17.1/deps/v8/include -I../src/libsass/include  -fPIC -pthread -Wall -Wextra -Wno-unused-parameter -m64 -O3 -fno-omit-frame-pointer -std=gnu++14 -std=c++0x -fexceptions -frtti -MMD -MF ./Release/.deps/Release/obj.target/libsass/src/libsass/src/ast_fwd_decl.o.d.raw   -c -o Release/obj.target/libsass/src/libsass/src/ast_fwd_decl.o ../src/libsass/src/ast_fwd_decl.cpp
npm ERR!   g++ '-DNODE_GYP_MODULE_NAME=libsass' '-DUSING_UV_SHARED=1' '-DUSING_V8_SHARED=1' '-DV8_DEPRECATION_WARNINGS=1' '-DV8_DEPRECATION_WARNINGS' '-DV8_IMMINENT_DEPRECATION_WARNINGS' '-D_GLIBCXX_USE_CXX11_ABI=1' '-D_LARGEFILE_SOURCE' '-D_FILE_OFFSET_BITS=64' '-D__STDC_FORMAT_MACROS' '-DOPENSSL_NO_PINSHARED' '-DOPENSSL_THREADS' '-DLIBSASS_VERSION="3.5.5"' -I/home/gabsko/.node-gyp/16.17.1/include/node -I/home/gabsko/.node-gyp/16.17.1/src -I/home/gabsko/.node-gyp/16.17.1/deps/openssl/config -I/home/gabsko/.node-gyp/16.17.1/deps/openssl/openssl/include -I/home/gabsko/.node-gyp/16.17.1/deps/uv/include -I/home/gabsko/.node-gyp/16.17.1/deps/zlib -I/home/gabsko/.node-gyp/16.17.1/deps/v8/include -I../src/libsass/include  -fPIC -pthread -Wall -Wextra -Wno-unused-parameter -m64 -O3 -fno-omit-frame-pointer -std=gnu++14 -std=c++0x -fexceptions -frtti -MMD -MF ./Release/.deps/Release/obj.target/libsass/src/libsass/src/backtrace.o.d.raw   -c -o Release/obj.target/libsass/src/libsass/src/backtrace.o ../src/libsass/src/backtrace.cpp
npm ERR!   g++ '-DNODE_GYP_MODULE_NAME=libsass' '-DUSING_UV_SHARED=1' '-DUSING_V8_SHARED=1' '-DV8_DEPRECATION_WARNINGS=1' '-DV8_DEPRECATION_WARNINGS' '-DV8_IMMINENT_DEPRECATION_WARNINGS' '-D_GLIBCXX_USE_CXX11_ABI=1' '-D_LARGEFILE_SOURCE' '-D_FILE_OFFSET_BITS=64' '-D__STDC_FORMAT_MACROS' '-DOPENSSL_NO_PINSHARED' '-DOPENSSL_THREADS' '-DLIBSASS_VERSION="3.5.5"' -I/home/gabsko/.node-gyp/16.17.1/include/node -I/home/gabsko/.node-gyp/16.17.1/src -I/home/gabsko/.node-gyp/16.17.1/deps/openssl/config -I/home/gabsko/.node-gyp/16.17.1/deps/openssl/openssl/include -I/home/gabsko/.node-gyp/16.17.1/deps/uv/include -I/home/gabsko/.node-gyp/16.17.1/deps/zlib -I/home/gabsko/.node-gyp/16.17.1/deps/v8/include -I../src/libsass/include  -fPIC -pthread -Wall -Wextra -Wno-unused-parameter -m64 -O3 -fno-omit-frame-pointer -std=gnu++14 -std=c++0x -fexceptions -frtti -MMD -MF ./Release/.deps/Release/obj.target/libsass/src/libsass/src/base64vlq.o.d.raw   -c -o Release/obj.target/libsass/src/libsass/src/base64vlq.o ../src/libsass/src/base64vlq.cpp
npm ERR!   g++ '-DNODE_GYP_MODULE_NAME=libsass' '-DUSING_UV_SHARED=1' '-DUSING_V8_SHARED=1' '-DV8_DEPRECATION_WARNINGS=1' '-DV8_DEPRECATION_WARNINGS' '-DV8_IMMINENT_DEPRECATION_WARNINGS' '-D_GLIBCXX_USE_CXX11_ABI=1' '-D_LARGEFILE_SOURCE' '-D_FILE_OFFSET_BITS=64' '-D__STDC_FORMAT_MACROS' '-DOPENSSL_NO_PINSHARED' '-DOPENSSL_THREADS' '-DLIBSASS_VERSION="3.5.5"' -I/home/gabsko/.node-gyp/16.17.1/include/node -I/home/gabsko/.node-gyp/16.17.1/src -I/home/gabsko/.node-gyp/16.17.1/deps/openssl/config -I/home/gabsko/.node-gyp/16.17.1/deps/openssl/openssl/include -I/home/gabsko/.node-gyp/16.17.1/deps/uv/include -I/home/gabsko/.node-gyp/16.17.1/deps/zlib -I/home/gabsko/.node-gyp/16.17.1/deps/v8/include -I../src/libsass/include  -fPIC -pthread -Wall -Wextra -Wno-unused-parameter -m64 -O3 -fno-omit-frame-pointer -std=gnu++14 -std=c++0x -fexceptions -frtti -MMD -MF ./Release/.deps/Release/obj.target/libsass/src/libsass/src/bind.o.d.raw   -c -o Release/obj.target/libsass/src/libsass/src/bind.o ../src/libsass/src/bind.cpp
npm ERR!   cc '-DNODE_GYP_MODULE_NAME=libsass' '-DUSING_UV_SHARED=1' '-DUSING_V8_SHARED=1' '-DV8_DEPRECATION_WARNINGS=1' '-DV8_DEPRECATION_WARNINGS' '-DV8_IMMINENT_DEPRECATION_WARNINGS' '-D_GLIBCXX_USE_CXX11_ABI=1' '-D_LARGEFILE_SOURCE' '-D_FILE_OFFSET_BITS=64' '-D__STDC_FORMAT_MACROS' '-DOPENSSL_NO_PINSHARED' '-DOPENSSL_THREADS' '-DLIBSASS_VERSION="3.5.5"' -I/home/gabsko/.node-gyp/16.17.1/include/node -I/home/gabsko/.node-gyp/16.17.1/src -I/home/gabsko/.node-gyp/16.17.1/deps/openssl/config -I/home/gabsko/.node-gyp/16.17.1/deps/openssl/openssl/include -I/home/gabsko/.node-gyp/16.17.1/deps/uv/include -I/home/gabsko/.node-gyp/16.17.1/deps/zlib -I/home/gabsko/.node-gyp/16.17.1/deps/v8/include -I../src/libsass/include  -fPIC -pthread -Wall -Wextra -Wno-unused-parameter -m64 -O3 -fno-omit-frame-pointer  -MMD -MF ./Release/.deps/Release/obj.target/libsass/src/libsass/src/cencode.o.d.raw   -c -o Release/obj.target/libsass/src/libsass/src/cencode.o ../src/libsass/src/cencode.c
npm ERR!   g++ '-DNODE_GYP_MODULE_NAME=libsass' '-DUSING_UV_SHARED=1' '-DUSING_V8_SHARED=1' '-DV8_DEPRECATION_WARNINGS=1' '-DV8_DEPRECATION_WARNINGS' '-DV8_IMMINENT_DEPRECATION_WARNINGS' '-D_GLIBCXX_USE_CXX11_ABI=1' '-D_LARGEFILE_SOURCE' '-D_FILE_OFFSET_BITS=64' '-D__STDC_FORMAT_MACROS' '-DOPENSSL_NO_PINSHARED' '-DOPENSSL_THREADS' '-DLIBSASS_VERSION="3.5.5"' -I/home/gabsko/.node-gyp/16.17.1/include/node -I/home/gabsko/.node-gyp/16.17.1/src -I/home/gabsko/.node-gyp/16.17.1/deps/openssl/config -I/home/gabsko/.node-gyp/16.17.1/deps/openssl/openssl/include -I/home/gabsko/.node-gyp/16.17.1/deps/uv/include -I/home/gabsko/.node-gyp/16.17.1/deps/zlib -I/home/gabsko/.node-gyp/16.17.1/deps/v8/include -I../src/libsass/include  -fPIC -pthread -Wall -Wextra -Wno-unused-parameter -m64 -O3 -fno-omit-frame-pointer -std=gnu++14 -std=c++0x -fexceptions -frtti -MMD -MF ./Release/.deps/Release/obj.target/libsass/src/libsass/src/check_nesting.o.d.raw   -c -o Release/obj.target/libsass/src/libsass/src/check_nesting.o ../src/libsass/src/check_nesting.cpp
npm ERR!   g++ '-DNODE_GYP_MODULE_NAME=libsass' '-DUSING_UV_SHARED=1' '-DUSING_V8_SHARED=1' '-DV8_DEPRECATION_WARNINGS=1' '-DV8_DEPRECATION_WARNINGS' '-DV8_IMMINENT_DEPRECATION_WARNINGS' '-D_GLIBCXX_USE_CXX11_ABI=1' '-D_LARGEFILE_SOURCE' '-D_FILE_OFFSET_BITS=64' '-D__STDC_FORMAT_MACROS' '-DOPENSSL_NO_PINSHARED' '-DOPENSSL_THREADS' '-DLIBSASS_VERSION="3.5.5"' -I/home/gabsko/.node-gyp/16.17.1/include/node -I/home/gabsko/.node-gyp/16.17.1/src -I/home/gabsko/.node-gyp/16.17.1/deps/openssl/config -I/home/gabsko/.node-gyp/16.17.1/deps/openssl/openssl/include -I/home/gabsko/.node-gyp/16.17.1/deps/uv/include -I/home/gabsko/.node-gyp/16.17.1/deps/zlib -I/home/gabsko/.node-gyp/16.17.1/deps/v8/include -I../src/libsass/include  -fPIC -pthread -Wall -Wextra -Wno-unused-parameter -m64 -O3 -fno-omit-frame-pointer -std=gnu++14 -std=c++0x -fexceptions -frtti -MMD -MF ./Release/.deps/Release/obj.target/libsass/src/libsass/src/color_maps.o.d.raw   -c -o Release/obj.target/libsass/src/libsass/src/color_maps.o ../src/libsass/src/color_maps.cpp
npm ERR!   g++ '-DNODE_GYP_MODULE_NAME=libsass' '-DUSING_UV_SHARED=1' '-DUSING_V8_SHARED=1' '-DV8_DEPRECATION_WARNINGS=1' '-DV8_DEPRECATION_WARNINGS' '-DV8_IMMINENT_DEPRECATION_WARNINGS' '-D_GLIBCXX_USE_CXX11_ABI=1' '-D_LARGEFILE_SOURCE' '-D_FILE_OFFSET_BITS=64' '-D__STDC_FORMAT_MACROS' '-DOPENSSL_NO_PINSHARED' '-DOPENSSL_THREADS' '-DLIBSASS_VERSION="3.5.5"' -I/home/gabsko/.node-gyp/16.17.1/include/node -I/home/gabsko/.node-gyp/16.17.1/src -I/home/gabsko/.node-gyp/16.17.1/deps/openssl/config -I/home/gabsko/.node-gyp/16.17.1/deps/openssl/openssl/include -I/home/gabsko/.node-gyp/16.17.1/deps/uv/include -I/home/gabsko/.node-gyp/16.17.1/deps/zlib -I/home/gabsko/.node-gyp/16.17.1/deps/v8/include -I../src/libsass/include  -fPIC -pthread -Wall -Wextra -Wno-unused-parameter -m64 -O3 -fno-omit-frame-pointer -std=gnu++14 -std=c++0x -fexceptions -frtti -MMD -MF ./Release/.deps/Release/obj.target/libsass/src/libsass/src/constants.o.d.raw   -c -o Release/obj.target/libsass/src/libsass/src/constants.o ../src/libsass/src/constants.cpp
npm ERR!   g++ '-DNODE_GYP_MODULE_NAME=libsass' '-DUSING_UV_SHARED=1' '-DUSING_V8_SHARED=1' '-DV8_DEPRECATION_WARNINGS=1' '-DV8_DEPRECATION_WARNINGS' '-DV8_IMMINENT_DEPRECATION_WARNINGS' '-D_GLIBCXX_USE_CXX11_ABI=1' '-D_LARGEFILE_SOURCE' '-D_FILE_OFFSET_BITS=64' '-D__STDC_FORMAT_MACROS' '-DOPENSSL_NO_PINSHARED' '-DOPENSSL_THREADS' '-DLIBSASS_VERSION="3.5.5"' -I/home/gabsko/.node-gyp/16.17.1/include/node -I/home/gabsko/.node-gyp/16.17.1/src -I/home/gabsko/.node-gyp/16.17.1/deps/openssl/config -I/home/gabsko/.node-gyp/16.17.1/deps/openssl/openssl/include -I/home/gabsko/.node-gyp/16.17.1/deps/uv/include -I/home/gabsko/.node-gyp/16.17.1/deps/zlib -I/home/gabsko/.node-gyp/16.17.1/deps/v8/include -I../src/libsass/include  -fPIC -pthread -Wall -Wextra -Wno-unused-parameter -m64 -O3 -fno-omit-frame-pointer -std=gnu++14 -std=c++0x -fexceptions -frtti -MMD -MF ./Release/.deps/Release/obj.target/libsass/src/libsass/src/context.o.d.raw   -c -o Release/obj.target/libsass/src/libsass/src/context.o ../src/libsass/src/context.cpp
npm ERR!   g++ '-DNODE_GYP_MODULE_NAME=libsass' '-DUSING_UV_SHARED=1' '-DUSING_V8_SHARED=1' '-DV8_DEPRECATION_WARNINGS=1' '-DV8_DEPRECATION_WARNINGS' '-DV8_IMMINENT_DEPRECATION_WARNINGS' '-D_GLIBCXX_USE_CXX11_ABI=1' '-D_LARGEFILE_SOURCE' '-D_FILE_OFFSET_BITS=64' '-D__STDC_FORMAT_MACROS' '-DOPENSSL_NO_PINSHARED' '-DOPENSSL_THREADS' '-DLIBSASS_VERSION="3.5.5"' -I/home/gabsko/.node-gyp/16.17.1/include/node -I/home/gabsko/.node-gyp/16.17.1/src -I/home/gabsko/.node-gyp/16.17.1/deps/openssl/config -I/home/gabsko/.node-gyp/16.17.1/deps/openssl/openssl/include -I/home/gabsko/.node-gyp/16.17.1/deps/uv/include -I/home/gabsko/.node-gyp/16.17.1/deps/zlib -I/home/gabsko/.node-gyp/16.17.1/deps/v8/include -I../src/libsass/include  -fPIC -pthread -Wall -Wextra -Wno-unused-parameter -m64 -O3 -fno-omit-frame-pointer -std=gnu++14 -std=c++0x -fexceptions -frtti -MMD -MF ./Release/.deps/Release/obj.target/libsass/src/libsass/src/cssize.o.d.raw   -c -o Release/obj.target/libsass/src/libsass/src/cssize.o ../src/libsass/src/cssize.cpp
npm ERR!   g++ '-DNODE_GYP_MODULE_NAME=libsass' '-DUSING_UV_SHARED=1' '-DUSING_V8_SHARED=1' '-DV8_DEPRECATION_WARNINGS=1' '-DV8_DEPRECATION_WARNINGS' '-DV8_IMMINENT_DEPRECATION_WARNINGS' '-D_GLIBCXX_USE_CXX11_ABI=1' '-D_LARGEFILE_SOURCE' '-D_FILE_OFFSET_BITS=64' '-D__STDC_FORMAT_MACROS' '-DOPENSSL_NO_PINSHARED' '-DOPENSSL_THREADS' '-DLIBSASS_VERSION="3.5.5"' -I/home/gabsko/.node-gyp/16.17.1/include/node -I/home/gabsko/.node-gyp/16.17.1/src -I/home/gabsko/.node-gyp/16.17.1/deps/openssl/config -I/home/gabsko/.node-gyp/16.17.1/deps/openssl/openssl/include -I/home/gabsko/.node-gyp/16.17.1/deps/uv/include -I/home/gabsko/.node-gyp/16.17.1/deps/zlib -I/home/gabsko/.node-gyp/16.17.1/deps/v8/include -I../src/libsass/include  -fPIC -pthread -Wall -Wextra -Wno-unused-parameter -m64 -O3 -fno-omit-frame-pointer -std=gnu++14 -std=c++0x -fexceptions -frtti -MMD -MF ./Release/.deps/Release/obj.target/libsass/src/libsass/src/emitter.o.d.raw   -c -o Release/obj.target/libsass/src/libsass/src/emitter.o ../src/libsass/src/emitter.cpp
npm ERR!   g++ '-DNODE_GYP_MODULE_NAME=libsass' '-DUSING_UV_SHARED=1' '-DUSING_V8_SHARED=1' '-DV8_DEPRECATION_WARNINGS=1' '-DV8_DEPRECATION_WARNINGS' '-DV8_IMMINENT_DEPRECATION_WARNINGS' '-D_GLIBCXX_USE_CXX11_ABI=1' '-D_LARGEFILE_SOURCE' '-D_FILE_OFFSET_BITS=64' '-D__STDC_FORMAT_MACROS' '-DOPENSSL_NO_PINSHARED' '-DOPENSSL_THREADS' '-DLIBSASS_VERSION="3.5.5"' -I/home/gabsko/.node-gyp/16.17.1/include/node -I/home/gabsko/.node-gyp/16.17.1/src -I/home/gabsko/.node-gyp/16.17.1/deps/openssl/config -I/home/gabsko/.node-gyp/16.17.1/deps/openssl/openssl/include -I/home/gabsko/.node-gyp/16.17.1/deps/uv/include -I/home/gabsko/.node-gyp/16.17.1/deps/zlib -I/home/gabsko/.node-gyp/16.17.1/deps/v8/include -I../src/libsass/include  -fPIC -pthread -Wall -Wextra -Wno-unused-parameter -m64 -O3 -fno-omit-frame-pointer -std=gnu++14 -std=c++0x -fexceptions -frtti -MMD -MF ./Release/.deps/Release/obj.target/libsass/src/libsass/src/environment.o.d.raw   -c -o Release/obj.target/libsass/src/libsass/src/environment.o ../src/libsass/src/environment.cpp
npm ERR!   g++ '-DNODE_GYP_MODULE_NAME=libsass' '-DUSING_UV_SHARED=1' '-DUSING_V8_SHARED=1' '-DV8_DEPRECATION_WARNINGS=1' '-DV8_DEPRECATION_WARNINGS' '-DV8_IMMINENT_DEPRECATION_WARNINGS' '-D_GLIBCXX_USE_CXX11_ABI=1' '-D_LARGEFILE_SOURCE' '-D_FILE_OFFSET_BITS=64' '-D__STDC_FORMAT_MACROS' '-DOPENSSL_NO_PINSHARED' '-DOPENSSL_THREADS' '-DLIBSASS_VERSION="3.5.5"' -I/home/gabsko/.node-gyp/16.17.1/include/node -I/home/gabsko/.node-gyp/16.17.1/src -I/home/gabsko/.node-gyp/16.17.1/deps/openssl/config -I/home/gabsko/.node-gyp/16.17.1/deps/openssl/openssl/include -I/home/gabsko/.node-gyp/16.17.1/deps/uv/include -I/home/gabsko/.node-gyp/16.17.1/deps/zlib -I/home/gabsko/.node-gyp/16.17.1/deps/v8/include -I../src/libsass/include  -fPIC -pthread -Wall -Wextra -Wno-unused-parameter -m64 -O3 -fno-omit-frame-pointer -std=gnu++14 -std=c++0x -fexceptions -frtti -MMD -MF ./Release/.deps/Release/obj.target/libsass/src/libsass/src/error_handling.o.d.raw   -c -o Release/obj.target/libsass/src/libsass/src/error_handling.o ../src/libsass/src/error_handling.cpp
npm ERR!   g++ '-DNODE_GYP_MODULE_NAME=libsass' '-DUSING_UV_SHARED=1' '-DUSING_V8_SHARED=1' '-DV8_DEPRECATION_WARNINGS=1' '-DV8_DEPRECATION_WARNINGS' '-DV8_IMMINENT_DEPRECATION_WARNINGS' '-D_GLIBCXX_USE_CXX11_ABI=1' '-D_LARGEFILE_SOURCE' '-D_FILE_OFFSET_BITS=64' '-D__STDC_FORMAT_MACROS' '-DOPENSSL_NO_PINSHARED' '-DOPENSSL_THREADS' '-DLIBSASS_VERSION="3.5.5"' -I/home/gabsko/.node-gyp/16.17.1/include/node -I/home/gabsko/.node-gyp/16.17.1/src -I/home/gabsko/.node-gyp/16.17.1/deps/openssl/config -I/home/gabsko/.node-gyp/16.17.1/deps/openssl/openssl/include -I/home/gabsko/.node-gyp/16.17.1/deps/uv/include -I/home/gabsko/.node-gyp/16.17.1/deps/zlib -I/home/gabsko/.node-gyp/16.17.1/deps/v8/include -I../src/libsass/include  -fPIC -pthread -Wall -Wextra -Wno-unused-parameter -m64 -O3 -fno-omit-frame-pointer -std=gnu++14 -std=c++0x -fexceptions -frtti -MMD -MF ./Release/.deps/Release/obj.target/libsass/src/libsass/src/eval.o.d.raw   -c -o Release/obj.target/libsass/src/libsass/src/eval.o ../src/libsass/src/eval.cpp
npm ERR!   g++ '-DNODE_GYP_MODULE_NAME=libsass' '-DUSING_UV_SHARED=1' '-DUSING_V8_SHARED=1' '-DV8_DEPRECATION_WARNINGS=1' '-DV8_DEPRECATION_WARNINGS' '-DV8_IMMINENT_DEPRECATION_WARNINGS' '-D_GLIBCXX_USE_CXX11_ABI=1' '-D_LARGEFILE_SOURCE' '-D_FILE_OFFSET_BITS=64' '-D__STDC_FORMAT_MACROS' '-DOPENSSL_NO_PINSHARED' '-DOPENSSL_THREADS' '-DLIBSASS_VERSION="3.5.5"' -I/home/gabsko/.node-gyp/16.17.1/include/node -I/home/gabsko/.node-gyp/16.17.1/src -I/home/gabsko/.node-gyp/16.17.1/deps/openssl/config -I/home/gabsko/.node-gyp/16.17.1/deps/openssl/openssl/include -I/home/gabsko/.node-gyp/16.17.1/deps/uv/include -I/home/gabsko/.node-gyp/16.17.1/deps/zlib -I/home/gabsko/.node-gyp/16.17.1/deps/v8/include -I../src/libsass/include  -fPIC -pthread -Wall -Wextra -Wno-unused-parameter -m64 -O3 -fno-omit-frame-pointer -std=gnu++14 -std=c++0x -fexceptions -frtti -MMD -MF ./Release/.deps/Release/obj.target/libsass/src/libsass/src/expand.o.d.raw   -c -o Release/obj.target/libsass/src/libsass/src/expand.o ../src/libsass/src/expand.cpp
npm ERR!   g++ '-DNODE_GYP_MODULE_NAME=libsass' '-DUSING_UV_SHARED=1' '-DUSING_V8_SHARED=1' '-DV8_DEPRECATION_WARNINGS=1' '-DV8_DEPRECATION_WARNINGS' '-DV8_IMMINENT_DEPRECATION_WARNINGS' '-D_GLIBCXX_USE_CXX11_ABI=1' '-D_LARGEFILE_SOURCE' '-D_FILE_OFFSET_BITS=64' '-D__STDC_FORMAT_MACROS' '-DOPENSSL_NO_PINSHARED' '-DOPENSSL_THREADS' '-DLIBSASS_VERSION="3.5.5"' -I/home/gabsko/.node-gyp/16.17.1/include/node -I/home/gabsko/.node-gyp/16.17.1/src -I/home/gabsko/.node-gyp/16.17.1/deps/openssl/config -I/home/gabsko/.node-gyp/16.17.1/deps/openssl/openssl/include -I/home/gabsko/.node-gyp/16.17.1/deps/uv/include -I/home/gabsko/.node-gyp/16.17.1/deps/zlib -I/home/gabsko/.node-gyp/16.17.1/deps/v8/include -I../src/libsass/include  -fPIC -pthread -Wall -Wextra -Wno-unused-parameter -m64 -O3 -fno-omit-frame-pointer -std=gnu++14 -std=c++0x -fexceptions -frtti -MMD -MF ./Release/.deps/Release/obj.target/libsass/src/libsass/src/extend.o.d.raw   -c -o Release/obj.target/libsass/src/libsass/src/extend.o ../src/libsass/src/extend.cpp
npm ERR!   g++ '-DNODE_GYP_MODULE_NAME=libsass' '-DUSING_UV_SHARED=1' '-DUSING_V8_SHARED=1' '-DV8_DEPRECATION_WARNINGS=1' '-DV8_DEPRECATION_WARNINGS' '-DV8_IMMINENT_DEPRECATION_WARNINGS' '-D_GLIBCXX_USE_CXX11_ABI=1' '-D_LARGEFILE_SOURCE' '-D_FILE_OFFSET_BITS=64' '-D__STDC_FORMAT_MACROS' '-DOPENSSL_NO_PINSHARED' '-DOPENSSL_THREADS' '-DLIBSASS_VERSION="3.5.5"' -I/home/gabsko/.node-gyp/16.17.1/include/node -I/home/gabsko/.node-gyp/16.17.1/src -I/home/gabsko/.node-gyp/16.17.1/deps/openssl/config -I/home/gabsko/.node-gyp/16.17.1/deps/openssl/openssl/include -I/home/gabsko/.node-gyp/16.17.1/deps/uv/include -I/home/gabsko/.node-gyp/16.17.1/deps/zlib -I/home/gabsko/.node-gyp/16.17.1/deps/v8/include -I../src/libsass/include  -fPIC -pthread -Wall -Wextra -Wno-unused-parameter -m64 -O3 -fno-omit-frame-pointer -std=gnu++14 -std=c++0x -fexceptions -frtti -MMD -MF ./Release/.deps/Release/obj.target/libsass/src/libsass/src/file.o.d.raw   -c -o Release/obj.target/libsass/src/libsass/src/file.o ../src/libsass/src/file.cpp
npm ERR!   g++ '-DNODE_GYP_MODULE_NAME=libsass' '-DUSING_UV_SHARED=1' '-DUSING_V8_SHARED=1' '-DV8_DEPRECATION_WARNINGS=1' '-DV8_DEPRECATION_WARNINGS' '-DV8_IMMINENT_DEPRECATION_WARNINGS' '-D_GLIBCXX_USE_CXX11_ABI=1' '-D_LARGEFILE_SOURCE' '-D_FILE_OFFSET_BITS=64' '-D__STDC_FORMAT_MACROS' '-DOPENSSL_NO_PINSHARED' '-DOPENSSL_THREADS' '-DLIBSASS_VERSION="3.5.5"' -I/home/gabsko/.node-gyp/16.17.1/include/node -I/home/gabsko/.node-gyp/16.17.1/src -I/home/gabsko/.node-gyp/16.17.1/deps/openssl/config -I/home/gabsko/.node-gyp/16.17.1/deps/openssl/openssl/include -I/home/gabsko/.node-gyp/16.17.1/deps/uv/include -I/home/gabsko/.node-gyp/16.17.1/deps/zlib -I/home/gabsko/.node-gyp/16.17.1/deps/v8/include -I../src/libsass/include  -fPIC -pthread -Wall -Wextra -Wno-unused-parameter -m64 -O3 -fno-omit-frame-pointer -std=gnu++14 -std=c++0x -fexceptions -frtti -MMD -MF ./Release/.deps/Release/obj.target/libsass/src/libsass/src/functions.o.d.raw   -c -o Release/obj.target/libsass/src/libsass/src/functions.o ../src/libsass/src/functions.cpp
npm ERR!   g++ '-DNODE_GYP_MODULE_NAME=libsass' '-DUSING_UV_SHARED=1' '-DUSING_V8_SHARED=1' '-DV8_DEPRECATION_WARNINGS=1' '-DV8_DEPRECATION_WARNINGS' '-DV8_IMMINENT_DEPRECATION_WARNINGS' '-D_GLIBCXX_USE_CXX11_ABI=1' '-D_LARGEFILE_SOURCE' '-D_FILE_OFFSET_BITS=64' '-D__STDC_FORMAT_MACROS' '-DOPENSSL_NO_PINSHARED' '-DOPENSSL_THREADS' '-DLIBSASS_VERSION="3.5.5"' -I/home/gabsko/.node-gyp/16.17.1/include/node -I/home/gabsko/.node-gyp/16.17.1/src -I/home/gabsko/.node-gyp/16.17.1/deps/openssl/config -I/home/gabsko/.node-gyp/16.17.1/deps/openssl/openssl/include -I/home/gabsko/.node-gyp/16.17.1/deps/uv/include -I/home/gabsko/.node-gyp/16.17.1/deps/zlib -I/home/gabsko/.node-gyp/16.17.1/deps/v8/include -I../src/libsass/include  -fPIC -pthread -Wall -Wextra -Wno-unused-parameter -m64 -O3 -fno-omit-frame-pointer -std=gnu++14 -std=c++0x -fexceptions -frtti -MMD -MF ./Release/.deps/Release/obj.target/libsass/src/libsass/src/inspect.o.d.raw   -c -o Release/obj.target/libsass/src/libsass/src/inspect.o ../src/libsass/src/inspect.cpp
npm ERR!   g++ '-DNODE_GYP_MODULE_NAME=libsass' '-DUSING_UV_SHARED=1' '-DUSING_V8_SHARED=1' '-DV8_DEPRECATION_WARNINGS=1' '-DV8_DEPRECATION_WARNINGS' '-DV8_IMMINENT_DEPRECATION_WARNINGS' '-D_GLIBCXX_USE_CXX11_ABI=1' '-D_LARGEFILE_SOURCE' '-D_FILE_OFFSET_BITS=64' '-D__STDC_FORMAT_MACROS' '-DOPENSSL_NO_PINSHARED' '-DOPENSSL_THREADS' '-DLIBSASS_VERSION="3.5.5"' -I/home/gabsko/.node-gyp/16.17.1/include/node -I/home/gabsko/.node-gyp/16.17.1/src -I/home/gabsko/.node-gyp/16.17.1/deps/openssl/config -I/home/gabsko/.node-gyp/16.17.1/deps/openssl/openssl/include -I/home/gabsko/.node-gyp/16.17.1/deps/uv/include -I/home/gabsko/.node-gyp/16.17.1/deps/zlib -I/home/gabsko/.node-gyp/16.17.1/deps/v8/include -I../src/libsass/include  -fPIC -pthread -Wall -Wextra -Wno-unused-parameter -m64 -O3 -fno-omit-frame-pointer -std=gnu++14 -std=c++0x -fexceptions -frtti -MMD -MF ./Release/.deps/Release/obj.target/libsass/src/libsass/src/json.o.d.raw   -c -o Release/obj.target/libsass/src/libsass/src/json.o ../src/libsass/src/json.cpp
npm ERR!   g++ '-DNODE_GYP_MODULE_NAME=libsass' '-DUSING_UV_SHARED=1' '-DUSING_V8_SHARED=1' '-DV8_DEPRECATION_WARNINGS=1' '-DV8_DEPRECATION_WARNINGS' '-DV8_IMMINENT_DEPRECATION_WARNINGS' '-D_GLIBCXX_USE_CXX11_ABI=1' '-D_LARGEFILE_SOURCE' '-D_FILE_OFFSET_BITS=64' '-D__STDC_FORMAT_MACROS' '-DOPENSSL_NO_PINSHARED' '-DOPENSSL_THREADS' '-DLIBSASS_VERSION="3.5.5"' -I/home/gabsko/.node-gyp/16.17.1/include/node -I/home/gabsko/.node-gyp/16.17.1/src -I/home/gabsko/.node-gyp/16.17.1/deps/openssl/config -I/home/gabsko/.node-gyp/16.17.1/deps/openssl/openssl/include -I/home/gabsko/.node-gyp/16.17.1/deps/uv/include -I/home/gabsko/.node-gyp/16.17.1/deps/zlib -I/home/gabsko/.node-gyp/16.17.1/deps/v8/include -I../src/libsass/include  -fPIC -pthread -Wall -Wextra -Wno-unused-parameter -m64 -O3 -fno-omit-frame-pointer -std=gnu++14 -std=c++0x -fexceptions -frtti -MMD -MF ./Release/.deps/Release/obj.target/libsass/src/libsass/src/lexer.o.d.raw   -c -o Release/obj.target/libsass/src/libsass/src/lexer.o ../src/libsass/src/lexer.cpp
npm ERR!   g++ '-DNODE_GYP_MODULE_NAME=libsass' '-DUSING_UV_SHARED=1' '-DUSING_V8_SHARED=1' '-DV8_DEPRECATION_WARNINGS=1' '-DV8_DEPRECATION_WARNINGS' '-DV8_IMMINENT_DEPRECATION_WARNINGS' '-D_GLIBCXX_USE_CXX11_ABI=1' '-D_LARGEFILE_SOURCE' '-D_FILE_OFFSET_BITS=64' '-D__STDC_FORMAT_MACROS' '-DOPENSSL_NO_PINSHARED' '-DOPENSSL_THREADS' '-DLIBSASS_VERSION="3.5.5"' -I/home/gabsko/.node-gyp/16.17.1/include/node -I/home/gabsko/.node-gyp/16.17.1/src -I/home/gabsko/.node-gyp/16.17.1/deps/openssl/config -I/home/gabsko/.node-gyp/16.17.1/deps/openssl/openssl/include -I/home/gabsko/.node-gyp/16.17.1/deps/uv/include -I/home/gabsko/.node-gyp/16.17.1/deps/zlib -I/home/gabsko/.node-gyp/16.17.1/deps/v8/include -I../src/libsass/include  -fPIC -pthread -Wall -Wextra -Wno-unused-parameter -m64 -O3 -fno-omit-frame-pointer -std=gnu++14 -std=c++0x -fexceptions -frtti -MMD -MF ./Release/.deps/Release/obj.target/libsass/src/libsass/src/listize.o.d.raw   -c -o Release/obj.target/libsass/src/libsass/src/listize.o ../src/libsass/src/listize.cpp
npm ERR!   g++ '-DNODE_GYP_MODULE_NAME=libsass' '-DUSING_UV_SHARED=1' '-DUSING_V8_SHARED=1' '-DV8_DEPRECATION_WARNINGS=1' '-DV8_DEPRECATION_WARNINGS' '-DV8_IMMINENT_DEPRECATION_WARNINGS' '-D_GLIBCXX_USE_CXX11_ABI=1' '-D_LARGEFILE_SOURCE' '-D_FILE_OFFSET_BITS=64' '-D__STDC_FORMAT_MACROS' '-DOPENSSL_NO_PINSHARED' '-DOPENSSL_THREADS' '-DLIBSASS_VERSION="3.5.5"' -I/home/gabsko/.node-gyp/16.17.1/include/node -I/home/gabsko/.node-gyp/16.17.1/src -I/home/gabsko/.node-gyp/16.17.1/deps/openssl/config -I/home/gabsko/.node-gyp/16.17.1/deps/openssl/openssl/include -I/home/gabsko/.node-gyp/16.17.1/deps/uv/include -I/home/gabsko/.node-gyp/16.17.1/deps/zlib -I/home/gabsko/.node-gyp/16.17.1/deps/v8/include -I../src/libsass/include  -fPIC -pthread -Wall -Wextra -Wno-unused-parameter -m64 -O3 -fno-omit-frame-pointer -std=gnu++14 -std=c++0x -fexceptions -frtti -MMD -MF ./Release/.deps/Release/obj.target/libsass/src/libsass/src/memory/SharedPtr.o.d.raw   -c -o Release/obj.target/libsass/src/libsass/src/memory/SharedPtr.o ../src/libsass/src/memory/SharedPtr.cpp
npm ERR!   g++ '-DNODE_GYP_MODULE_NAME=libsass' '-DUSING_UV_SHARED=1' '-DUSING_V8_SHARED=1' '-DV8_DEPRECATION_WARNINGS=1' '-DV8_DEPRECATION_WARNINGS' '-DV8_IMMINENT_DEPRECATION_WARNINGS' '-D_GLIBCXX_USE_CXX11_ABI=1' '-D_LARGEFILE_SOURCE' '-D_FILE_OFFSET_BITS=64' '-D__STDC_FORMAT_MACROS' '-DOPENSSL_NO_PINSHARED' '-DOPENSSL_THREADS' '-DLIBSASS_VERSION="3.5.5"' -I/home/gabsko/.node-gyp/16.17.1/include/node -I/home/gabsko/.node-gyp/16.17.1/src -I/home/gabsko/.node-gyp/16.17.1/deps/openssl/config -I/home/gabsko/.node-gyp/16.17.1/deps/openssl/openssl/include -I/home/gabsko/.node-gyp/16.17.1/deps/uv/include -I/home/gabsko/.node-gyp/16.17.1/deps/zlib -I/home/gabsko/.node-gyp/16.17.1/deps/v8/include -I../src/libsass/include  -fPIC -pthread -Wall -Wextra -Wno-unused-parameter -m64 -O3 -fno-omit-frame-pointer -std=gnu++14 -std=c++0x -fexceptions -frtti -MMD -MF ./Release/.deps/Release/obj.target/libsass/src/libsass/src/node.o.d.raw   -c -o Release/obj.target/libsass/src/libsass/src/node.o ../src/libsass/src/node.cpp
npm ERR!   g++ '-DNODE_GYP_MODULE_NAME=libsass' '-DUSING_UV_SHARED=1' '-DUSING_V8_SHARED=1' '-DV8_DEPRECATION_WARNINGS=1' '-DV8_DEPRECATION_WARNINGS' '-DV8_IMMINENT_DEPRECATION_WARNINGS' '-D_GLIBCXX_USE_CXX11_ABI=1' '-D_LARGEFILE_SOURCE' '-D_FILE_OFFSET_BITS=64' '-D__STDC_FORMAT_MACROS' '-DOPENSSL_NO_PINSHARED' '-DOPENSSL_THREADS' '-DLIBSASS_VERSION="3.5.5"' -I/home/gabsko/.node-gyp/16.17.1/include/node -I/home/gabsko/.node-gyp/16.17.1/src -I/home/gabsko/.node-gyp/16.17.1/deps/openssl/config -I/home/gabsko/.node-gyp/16.17.1/deps/openssl/openssl/include -I/home/gabsko/.node-gyp/16.17.1/deps/uv/include -I/home/gabsko/.node-gyp/16.17.1/deps/zlib -I/home/gabsko/.node-gyp/16.17.1/deps/v8/include -I../src/libsass/include  -fPIC -pthread -Wall -Wextra -Wno-unused-parameter -m64 -O3 -fno-omit-frame-pointer -std=gnu++14 -std=c++0x -fexceptions -frtti -MMD -MF ./Release/.deps/Release/obj.target/libsass/src/libsass/src/operators.o.d.raw   -c -o Release/obj.target/libsass/src/libsass/src/operators.o ../src/libsass/src/operators.cpp
npm ERR!   g++ '-DNODE_GYP_MODULE_NAME=libsass' '-DUSING_UV_SHARED=1' '-DUSING_V8_SHARED=1' '-DV8_DEPRECATION_WARNINGS=1' '-DV8_DEPRECATION_WARNINGS' '-DV8_IMMINENT_DEPRECATION_WARNINGS' '-D_GLIBCXX_USE_CXX11_ABI=1' '-D_LARGEFILE_SOURCE' '-D_FILE_OFFSET_BITS=64' '-D__STDC_FORMAT_MACROS' '-DOPENSSL_NO_PINSHARED' '-DOPENSSL_THREADS' '-DLIBSASS_VERSION="3.5.5"' -I/home/gabsko/.node-gyp/16.17.1/include/node -I/home/gabsko/.node-gyp/16.17.1/src -I/home/gabsko/.node-gyp/16.17.1/deps/openssl/config -I/home/gabsko/.node-gyp/16.17.1/deps/openssl/openssl/include -I/home/gabsko/.node-gyp/16.17.1/deps/uv/include -I/home/gabsko/.node-gyp/16.17.1/deps/zlib -I/home/gabsko/.node-gyp/16.17.1/deps/v8/include -I../src/libsass/include  -fPIC -pthread -Wall -Wextra -Wno-unused-parameter -m64 -O3 -fno-omit-frame-pointer -std=gnu++14 -std=c++0x -fexceptions -frtti -MMD -MF ./Release/.deps/Release/obj.target/libsass/src/libsass/src/output.o.d.raw   -c -o Release/obj.target/libsass/src/libsass/src/output.o ../src/libsass/src/output.cpp
npm ERR!   g++ '-DNODE_GYP_MODULE_NAME=libsass' '-DUSING_UV_SHARED=1' '-DUSING_V8_SHARED=1' '-DV8_DEPRECATION_WARNINGS=1' '-DV8_DEPRECATION_WARNINGS' '-DV8_IMMINENT_DEPRECATION_WARNINGS' '-D_GLIBCXX_USE_CXX11_ABI=1' '-D_LARGEFILE_SOURCE' '-D_FILE_OFFSET_BITS=64' '-D__STDC_FORMAT_MACROS' '-DOPENSSL_NO_PINSHARED' '-DOPENSSL_THREADS' '-DLIBSASS_VERSION="3.5.5"' -I/home/gabsko/.node-gyp/16.17.1/include/node -I/home/gabsko/.node-gyp/16.17.1/src -I/home/gabsko/.node-gyp/16.17.1/deps/openssl/config -I/home/gabsko/.node-gyp/16.17.1/deps/openssl/openssl/include -I/home/gabsko/.node-gyp/16.17.1/deps/uv/include -I/home/gabsko/.node-gyp/16.17.1/deps/zlib -I/home/gabsko/.node-gyp/16.17.1/deps/v8/include -I../src/libsass/include  -fPIC -pthread -Wall -Wextra -Wno-unused-parameter -m64 -O3 -fno-omit-frame-pointer -std=gnu++14 -std=c++0x -fexceptions -frtti -MMD -MF ./Release/.deps/Release/obj.target/libsass/src/libsass/src/parser.o.d.raw   -c -o Release/obj.target/libsass/src/libsass/src/parser.o ../src/libsass/src/parser.cpp
npm ERR!   g++ '-DNODE_GYP_MODULE_NAME=libsass' '-DUSING_UV_SHARED=1' '-DUSING_V8_SHARED=1' '-DV8_DEPRECATION_WARNINGS=1' '-DV8_DEPRECATION_WARNINGS' '-DV8_IMMINENT_DEPRECATION_WARNINGS' '-D_GLIBCXX_USE_CXX11_ABI=1' '-D_LARGEFILE_SOURCE' '-D_FILE_OFFSET_BITS=64' '-D__STDC_FORMAT_MACROS' '-DOPENSSL_NO_PINSHARED' '-DOPENSSL_THREADS' '-DLIBSASS_VERSION="3.5.5"' -I/home/gabsko/.node-gyp/16.17.1/include/node -I/home/gabsko/.node-gyp/16.17.1/src -I/home/gabsko/.node-gyp/16.17.1/deps/openssl/config -I/home/gabsko/.node-gyp/16.17.1/deps/openssl/openssl/include -I/home/gabsko/.node-gyp/16.17.1/deps/uv/include -I/home/gabsko/.node-gyp/16.17.1/deps/zlib -I/home/gabsko/.node-gyp/16.17.1/deps/v8/include -I../src/libsass/include  -fPIC -pthread -Wall -Wextra -Wno-unused-parameter -m64 -O3 -fno-omit-frame-pointer -std=gnu++14 -std=c++0x -fexceptions -frtti -MMD -MF ./Release/.deps/Release/obj.target/libsass/src/libsass/src/plugins.o.d.raw   -c -o Release/obj.target/libsass/src/libsass/src/plugins.o ../src/libsass/src/plugins.cpp
npm ERR!   g++ '-DNODE_GYP_MODULE_NAME=libsass' '-DUSING_UV_SHARED=1' '-DUSING_V8_SHARED=1' '-DV8_DEPRECATION_WARNINGS=1' '-DV8_DEPRECATION_WARNINGS' '-DV8_IMMINENT_DEPRECATION_WARNINGS' '-D_GLIBCXX_USE_CXX11_ABI=1' '-D_LARGEFILE_SOURCE' '-D_FILE_OFFSET_BITS=64' '-D__STDC_FORMAT_MACROS' '-DOPENSSL_NO_PINSHARED' '-DOPENSSL_THREADS' '-DLIBSASS_VERSION="3.5.5"' -I/home/gabsko/.node-gyp/16.17.1/include/node -I/home/gabsko/.node-gyp/16.17.1/src -I/home/gabsko/.node-gyp/16.17.1/deps/openssl/config -I/home/gabsko/.node-gyp/16.17.1/deps/openssl/openssl/include -I/home/gabsko/.node-gyp/16.17.1/deps/uv/include -I/home/gabsko/.node-gyp/16.17.1/deps/zlib -I/home/gabsko/.node-gyp/16.17.1/deps/v8/include -I../src/libsass/include  -fPIC -pthread -Wall -Wextra -Wno-unused-parameter -m64 -O3 -fno-omit-frame-pointer -std=gnu++14 -std=c++0x -fexceptions -frtti -MMD -MF ./Release/.deps/Release/obj.target/libsass/src/libsass/src/position.o.d.raw   -c -o Release/obj.target/libsass/src/libsass/src/position.o ../src/libsass/src/position.cpp
npm ERR!   g++ '-DNODE_GYP_MODULE_NAME=libsass' '-DUSING_UV_SHARED=1' '-DUSING_V8_SHARED=1' '-DV8_DEPRECATION_WARNINGS=1' '-DV8_DEPRECATION_WARNINGS' '-DV8_IMMINENT_DEPRECATION_WARNINGS' '-D_GLIBCXX_USE_CXX11_ABI=1' '-D_LARGEFILE_SOURCE' '-D_FILE_OFFSET_BITS=64' '-D__STDC_FORMAT_MACROS' '-DOPENSSL_NO_PINSHARED' '-DOPENSSL_THREADS' '-DLIBSASS_VERSION="3.5.5"' -I/home/gabsko/.node-gyp/16.17.1/include/node -I/home/gabsko/.node-gyp/16.17.1/src -I/home/gabsko/.node-gyp/16.17.1/deps/openssl/config -I/home/gabsko/.node-gyp/16.17.1/deps/openssl/openssl/include -I/home/gabsko/.node-gyp/16.17.1/deps/uv/include -I/home/gabsko/.node-gyp/16.17.1/deps/zlib -I/home/gabsko/.node-gyp/16.17.1/deps/v8/include -I../src/libsass/include  -fPIC -pthread -Wall -Wextra -Wno-unused-parameter -m64 -O3 -fno-omit-frame-pointer -std=gnu++14 -std=c++0x -fexceptions -frtti -MMD -MF ./Release/.deps/Release/obj.target/libsass/src/libsass/src/prelexer.o.d.raw   -c -o Release/obj.target/libsass/src/libsass/src/prelexer.o ../src/libsass/src/prelexer.cpp
npm ERR!   g++ '-DNODE_GYP_MODULE_NAME=libsass' '-DUSING_UV_SHARED=1' '-DUSING_V8_SHARED=1' '-DV8_DEPRECATION_WARNINGS=1' '-DV8_DEPRECATION_WARNINGS' '-DV8_IMMINENT_DEPRECATION_WARNINGS' '-D_GLIBCXX_USE_CXX11_ABI=1' '-D_LARGEFILE_SOURCE' '-D_FILE_OFFSET_BITS=64' '-D__STDC_FORMAT_MACROS' '-DOPENSSL_NO_PINSHARED' '-DOPENSSL_THREADS' '-DLIBSASS_VERSION="3.5.5"' -I/home/gabsko/.node-gyp/16.17.1/include/node -I/home/gabsko/.node-gyp/16.17.1/src -I/home/gabsko/.node-gyp/16.17.1/deps/openssl/config -I/home/gabsko/.node-gyp/16.17.1/deps/openssl/openssl/include -I/home/gabsko/.node-gyp/16.17.1/deps/uv/include -I/home/gabsko/.node-gyp/16.17.1/deps/zlib -I/home/gabsko/.node-gyp/16.17.1/deps/v8/include -I../src/libsass/include  -fPIC -pthread -Wall -Wextra -Wno-unused-parameter -m64 -O3 -fno-omit-frame-pointer -std=gnu++14 -std=c++0x -fexceptions -frtti -MMD -MF ./Release/.deps/Release/obj.target/libsass/src/libsass/src/remove_placeholders.o.d.raw   -c -o Release/obj.target/libsass/src/libsass/src/remove_placeholders.o ../src/libsass/src/remove_placeholders.cpp
npm ERR!   g++ '-DNODE_GYP_MODULE_NAME=libsass' '-DUSING_UV_SHARED=1' '-DUSING_V8_SHARED=1' '-DV8_DEPRECATION_WARNINGS=1' '-DV8_DEPRECATION_WARNINGS' '-DV8_IMMINENT_DEPRECATION_WARNINGS' '-D_GLIBCXX_USE_CXX11_ABI=1' '-D_LARGEFILE_SOURCE' '-D_FILE_OFFSET_BITS=64' '-D__STDC_FORMAT_MACROS' '-DOPENSSL_NO_PINSHARED' '-DOPENSSL_THREADS' '-DLIBSASS_VERSION="3.5.5"' -I/home/gabsko/.node-gyp/16.17.1/include/node -I/home/gabsko/.node-gyp/16.17.1/src -I/home/gabsko/.node-gyp/16.17.1/deps/openssl/config -I/home/gabsko/.node-gyp/16.17.1/deps/openssl/openssl/include -I/home/gabsko/.node-gyp/16.17.1/deps/uv/include -I/home/gabsko/.node-gyp/16.17.1/deps/zlib -I/home/gabsko/.node-gyp/16.17.1/deps/v8/include -I../src/libsass/include  -fPIC -pthread -Wall -Wextra -Wno-unused-parameter -m64 -O3 -fno-omit-frame-pointer -std=gnu++14 -std=c++0x -fexceptions -frtti -MMD -MF ./Release/.deps/Release/obj.target/libsass/src/libsass/src/sass.o.d.raw   -c -o Release/obj.target/libsass/src/libsass/src/sass.o ../src/libsass/src/sass.cpp
npm ERR!   g++ '-DNODE_GYP_MODULE_NAME=libsass' '-DUSING_UV_SHARED=1' '-DUSING_V8_SHARED=1' '-DV8_DEPRECATION_WARNINGS=1' '-DV8_DEPRECATION_WARNINGS' '-DV8_IMMINENT_DEPRECATION_WARNINGS' '-D_GLIBCXX_USE_CXX11_ABI=1' '-D_LARGEFILE_SOURCE' '-D_FILE_OFFSET_BITS=64' '-D__STDC_FORMAT_MACROS' '-DOPENSSL_NO_PINSHARED' '-DOPENSSL_THREADS' '-DLIBSASS_VERSION="3.5.5"' -I/home/gabsko/.node-gyp/16.17.1/include/node -I/home/gabsko/.node-gyp/16.17.1/src -I/home/gabsko/.node-gyp/16.17.1/deps/openssl/config -I/home/gabsko/.node-gyp/16.17.1/deps/openssl/openssl/include -I/home/gabsko/.node-gyp/16.17.1/deps/uv/include -I/home/gabsko/.node-gyp/16.17.1/deps/zlib -I/home/gabsko/.node-gyp/16.17.1/deps/v8/include -I../src/libsass/include  -fPIC -pthread -Wall -Wextra -Wno-unused-parameter -m64 -O3 -fno-omit-frame-pointer -std=gnu++14 -std=c++0x -fexceptions -frtti -MMD -MF ./Release/.deps/Release/obj.target/libsass/src/libsass/src/sass2scss.o.d.raw   -c -o Release/obj.target/libsass/src/libsass/src/sass2scss.o ../src/libsass/src/sass2scss.cpp
npm ERR!   g++ '-DNODE_GYP_MODULE_NAME=libsass' '-DUSING_UV_SHARED=1' '-DUSING_V8_SHARED=1' '-DV8_DEPRECATION_WARNINGS=1' '-DV8_DEPRECATION_WARNINGS' '-DV8_IMMINENT_DEPRECATION_WARNINGS' '-D_GLIBCXX_USE_CXX11_ABI=1' '-D_LARGEFILE_SOURCE' '-D_FILE_OFFSET_BITS=64' '-D__STDC_FORMAT_MACROS' '-DOPENSSL_NO_PINSHARED' '-DOPENSSL_THREADS' '-DLIBSASS_VERSION="3.5.5"' -I/home/gabsko/.node-gyp/16.17.1/include/node -I/home/gabsko/.node-gyp/16.17.1/src -I/home/gabsko/.node-gyp/16.17.1/deps/openssl/config -I/home/gabsko/.node-gyp/16.17.1/deps/openssl/openssl/include -I/home/gabsko/.node-gyp/16.17.1/deps/uv/include -I/home/gabsko/.node-gyp/16.17.1/deps/zlib -I/home/gabsko/.node-gyp/16.17.1/deps/v8/include -I../src/libsass/include  -fPIC -pthread -Wall -Wextra -Wno-unused-parameter -m64 -O3 -fno-omit-frame-pointer -std=gnu++14 -std=c++0x -fexceptions -frtti -MMD -MF ./Release/.deps/Release/obj.target/libsass/src/libsass/src/sass_context.o.d.raw   -c -o Release/obj.target/libsass/src/libsass/src/sass_context.o ../src/libsass/src/sass_context.cpp
npm ERR!   g++ '-DNODE_GYP_MODULE_NAME=libsass' '-DUSING_UV_SHARED=1' '-DUSING_V8_SHARED=1' '-DV8_DEPRECATION_WARNINGS=1' '-DV8_DEPRECATION_WARNINGS' '-DV8_IMMINENT_DEPRECATION_WARNINGS' '-D_GLIBCXX_USE_CXX11_ABI=1' '-D_LARGEFILE_SOURCE' '-D_FILE_OFFSET_BITS=64' '-D__STDC_FORMAT_MACROS' '-DOPENSSL_NO_PINSHARED' '-DOPENSSL_THREADS' '-DLIBSASS_VERSION="3.5.5"' -I/home/gabsko/.node-gyp/16.17.1/include/node -I/home/gabsko/.node-gyp/16.17.1/src -I/home/gabsko/.node-gyp/16.17.1/deps/openssl/config -I/home/gabsko/.node-gyp/16.17.1/deps/openssl/openssl/include -I/home/gabsko/.node-gyp/16.17.1/deps/uv/include -I/home/gabsko/.node-gyp/16.17.1/deps/zlib -I/home/gabsko/.node-gyp/16.17.1/deps/v8/include -I../src/libsass/include  -fPIC -pthread -Wall -Wextra -Wno-unused-parameter -m64 -O3 -fno-omit-frame-pointer -std=gnu++14 -std=c++0x -fexceptions -frtti -MMD -MF ./Release/.deps/Release/obj.target/libsass/src/libsass/src/sass_functions.o.d.raw   -c -o Release/obj.target/libsass/src/libsass/src/sass_functions.o ../src/libsass/src/sass_functions.cpp
npm ERR!   g++ '-DNODE_GYP_MODULE_NAME=libsass' '-DUSING_UV_SHARED=1' '-DUSING_V8_SHARED=1' '-DV8_DEPRECATION_WARNINGS=1' '-DV8_DEPRECATION_WARNINGS' '-DV8_IMMINENT_DEPRECATION_WARNINGS' '-D_GLIBCXX_USE_CXX11_ABI=1' '-D_LARGEFILE_SOURCE' '-D_FILE_OFFSET_BITS=64' '-D__STDC_FORMAT_MACROS' '-DOPENSSL_NO_PINSHARED' '-DOPENSSL_THREADS' '-DLIBSASS_VERSION="3.5.5"' -I/home/gabsko/.node-gyp/16.17.1/include/node -I/home/gabsko/.node-gyp/16.17.1/src -I/home/gabsko/.node-gyp/16.17.1/deps/openssl/config -I/home/gabsko/.node-gyp/16.17.1/deps/openssl/openssl/include -I/home/gabsko/.node-gyp/16.17.1/deps/uv/include -I/home/gabsko/.node-gyp/16.17.1/deps/zlib -I/home/gabsko/.node-gyp/16.17.1/deps/v8/include -I../src/libsass/include  -fPIC -pthread -Wall -Wextra -Wno-unused-parameter -m64 -O3 -fno-omit-frame-pointer -std=gnu++14 -std=c++0x -fexceptions -frtti -MMD -MF ./Release/.deps/Release/obj.target/libsass/src/libsass/src/sass_util.o.d.raw   -c -o Release/obj.target/libsass/src/libsass/src/sass_util.o ../src/libsass/src/sass_util.cpp
npm ERR!   g++ '-DNODE_GYP_MODULE_NAME=libsass' '-DUSING_UV_SHARED=1' '-DUSING_V8_SHARED=1' '-DV8_DEPRECATION_WARNINGS=1' '-DV8_DEPRECATION_WARNINGS' '-DV8_IMMINENT_DEPRECATION_WARNINGS' '-D_GLIBCXX_USE_CXX11_ABI=1' '-D_LARGEFILE_SOURCE' '-D_FILE_OFFSET_BITS=64' '-D__STDC_FORMAT_MACROS' '-DOPENSSL_NO_PINSHARED' '-DOPENSSL_THREADS' '-DLIBSASS_VERSION="3.5.5"' -I/home/gabsko/.node-gyp/16.17.1/include/node -I/home/gabsko/.node-gyp/16.17.1/src -I/home/gabsko/.node-gyp/16.17.1/deps/openssl/config -I/home/gabsko/.node-gyp/16.17.1/deps/openssl/openssl/include -I/home/gabsko/.node-gyp/16.17.1/deps/uv/include -I/home/gabsko/.node-gyp/16.17.1/deps/zlib -I/home/gabsko/.node-gyp/16.17.1/deps/v8/include -I../src/libsass/include  -fPIC -pthread -Wall -Wextra -Wno-unused-parameter -m64 -O3 -fno-omit-frame-pointer -std=gnu++14 -std=c++0x -fexceptions -frtti -MMD -MF ./Release/.deps/Release/obj.target/libsass/src/libsass/src/sass_values.o.d.raw   -c -o Release/obj.target/libsass/src/libsass/src/sass_values.o ../src/libsass/src/sass_values.cpp
npm ERR!   g++ '-DNODE_GYP_MODULE_NAME=libsass' '-DUSING_UV_SHARED=1' '-DUSING_V8_SHARED=1' '-DV8_DEPRECATION_WARNINGS=1' '-DV8_DEPRECATION_WARNINGS' '-DV8_IMMINENT_DEPRECATION_WARNINGS' '-D_GLIBCXX_USE_CXX11_ABI=1' '-D_LARGEFILE_SOURCE' '-D_FILE_OFFSET_BITS=64' '-D__STDC_FORMAT_MACROS' '-DOPENSSL_NO_PINSHARED' '-DOPENSSL_THREADS' '-DLIBSASS_VERSION="3.5.5"' -I/home/gabsko/.node-gyp/16.17.1/include/node -I/home/gabsko/.node-gyp/16.17.1/src -I/home/gabsko/.node-gyp/16.17.1/deps/openssl/config -I/home/gabsko/.node-gyp/16.17.1/deps/openssl/openssl/include -I/home/gabsko/.node-gyp/16.17.1/deps/uv/include -I/home/gabsko/.node-gyp/16.17.1/deps/zlib -I/home/gabsko/.node-gyp/16.17.1/deps/v8/include -I../src/libsass/include  -fPIC -pthread -Wall -Wextra -Wno-unused-parameter -m64 -O3 -fno-omit-frame-pointer -std=gnu++14 -std=c++0x -fexceptions -frtti -MMD -MF ./Release/.deps/Release/obj.target/libsass/src/libsass/src/source_map.o.d.raw   -c -o Release/obj.target/libsass/src/libsass/src/source_map.o ../src/libsass/src/source_map.cpp
npm ERR!   g++ '-DNODE_GYP_MODULE_NAME=libsass' '-DUSING_UV_SHARED=1' '-DUSING_V8_SHARED=1' '-DV8_DEPRECATION_WARNINGS=1' '-DV8_DEPRECATION_WARNINGS' '-DV8_IMMINENT_DEPRECATION_WARNINGS' '-D_GLIBCXX_USE_CXX11_ABI=1' '-D_LARGEFILE_SOURCE' '-D_FILE_OFFSET_BITS=64' '-D__STDC_FORMAT_MACROS' '-DOPENSSL_NO_PINSHARED' '-DOPENSSL_THREADS' '-DLIBSASS_VERSION="3.5.5"' -I/home/gabsko/.node-gyp/16.17.1/include/node -I/home/gabsko/.node-gyp/16.17.1/src -I/home/gabsko/.node-gyp/16.17.1/deps/openssl/config -I/home/gabsko/.node-gyp/16.17.1/deps/openssl/openssl/include -I/home/gabsko/.node-gyp/16.17.1/deps/uv/include -I/home/gabsko/.node-gyp/16.17.1/deps/zlib -I/home/gabsko/.node-gyp/16.17.1/deps/v8/include -I../src/libsass/include  -fPIC -pthread -Wall -Wextra -Wno-unused-parameter -m64 -O3 -fno-omit-frame-pointer -std=gnu++14 -std=c++0x -fexceptions -frtti -MMD -MF ./Release/.deps/Release/obj.target/libsass/src/libsass/src/subset_map.o.d.raw   -c -o Release/obj.target/libsass/src/libsass/src/subset_map.o ../src/libsass/src/subset_map.cpp
npm ERR!   g++ '-DNODE_GYP_MODULE_NAME=libsass' '-DUSING_UV_SHARED=1' '-DUSING_V8_SHARED=1' '-DV8_DEPRECATION_WARNINGS=1' '-DV8_DEPRECATION_WARNINGS' '-DV8_IMMINENT_DEPRECATION_WARNINGS' '-D_GLIBCXX_USE_CXX11_ABI=1' '-D_LARGEFILE_SOURCE' '-D_FILE_OFFSET_BITS=64' '-D__STDC_FORMAT_MACROS' '-DOPENSSL_NO_PINSHARED' '-DOPENSSL_THREADS' '-DLIBSASS_VERSION="3.5.5"' -I/home/gabsko/.node-gyp/16.17.1/include/node -I/home/gabsko/.node-gyp/16.17.1/src -I/home/gabsko/.node-gyp/16.17.1/deps/openssl/config -I/home/gabsko/.node-gyp/16.17.1/deps/openssl/openssl/include -I/home/gabsko/.node-gyp/16.17.1/deps/uv/include -I/home/gabsko/.node-gyp/16.17.1/deps/zlib -I/home/gabsko/.node-gyp/16.17.1/deps/v8/include -I../src/libsass/include  -fPIC -pthread -Wall -Wextra -Wno-unused-parameter -m64 -O3 -fno-omit-frame-pointer -std=gnu++14 -std=c++0x -fexceptions -frtti -MMD -MF ./Release/.deps/Release/obj.target/libsass/src/libsass/src/to_c.o.d.raw   -c -o Release/obj.target/libsass/src/libsass/src/to_c.o ../src/libsass/src/to_c.cpp
npm ERR!   g++ '-DNODE_GYP_MODULE_NAME=libsass' '-DUSING_UV_SHARED=1' '-DUSING_V8_SHARED=1' '-DV8_DEPRECATION_WARNINGS=1' '-DV8_DEPRECATION_WARNINGS' '-DV8_IMMINENT_DEPRECATION_WARNINGS' '-D_GLIBCXX_USE_CXX11_ABI=1' '-D_LARGEFILE_SOURCE' '-D_FILE_OFFSET_BITS=64' '-D__STDC_FORMAT_MACROS' '-DOPENSSL_NO_PINSHARED' '-DOPENSSL_THREADS' '-DLIBSASS_VERSION="3.5.5"' -I/home/gabsko/.node-gyp/16.17.1/include/node -I/home/gabsko/.node-gyp/16.17.1/src -I/home/gabsko/.node-gyp/16.17.1/deps/openssl/config -I/home/gabsko/.node-gyp/16.17.1/deps/openssl/openssl/include -I/home/gabsko/.node-gyp/16.17.1/deps/uv/include -I/home/gabsko/.node-gyp/16.17.1/deps/zlib -I/home/gabsko/.node-gyp/16.17.1/deps/v8/include -I../src/libsass/include  -fPIC -pthread -Wall -Wextra -Wno-unused-parameter -m64 -O3 -fno-omit-frame-pointer -std=gnu++14 -std=c++0x -fexceptions -frtti -MMD -MF ./Release/.deps/Release/obj.target/libsass/src/libsass/src/to_value.o.d.raw   -c -o Release/obj.target/libsass/src/libsass/src/to_value.o ../src/libsass/src/to_value.cpp
npm ERR!   g++ '-DNODE_GYP_MODULE_NAME=libsass' '-DUSING_UV_SHARED=1' '-DUSING_V8_SHARED=1' '-DV8_DEPRECATION_WARNINGS=1' '-DV8_DEPRECATION_WARNINGS' '-DV8_IMMINENT_DEPRECATION_WARNINGS' '-D_GLIBCXX_USE_CXX11_ABI=1' '-D_LARGEFILE_SOURCE' '-D_FILE_OFFSET_BITS=64' '-D__STDC_FORMAT_MACROS' '-DOPENSSL_NO_PINSHARED' '-DOPENSSL_THREADS' '-DLIBSASS_VERSION="3.5.5"' -I/home/gabsko/.node-gyp/16.17.1/include/node -I/home/gabsko/.node-gyp/16.17.1/src -I/home/gabsko/.node-gyp/16.17.1/deps/openssl/config -I/home/gabsko/.node-gyp/16.17.1/deps/openssl/openssl/include -I/home/gabsko/.node-gyp/16.17.1/deps/uv/include -I/home/gabsko/.node-gyp/16.17.1/deps/zlib -I/home/gabsko/.node-gyp/16.17.1/deps/v8/include -I../src/libsass/include  -fPIC -pthread -Wall -Wextra -Wno-unused-parameter -m64 -O3 -fno-omit-frame-pointer -std=gnu++14 -std=c++0x -fexceptions -frtti -MMD -MF ./Release/.deps/Release/obj.target/libsass/src/libsass/src/units.o.d.raw   -c -o Release/obj.target/libsass/src/libsass/src/units.o ../src/libsass/src/units.cpp
npm ERR!   g++ '-DNODE_GYP_MODULE_NAME=libsass' '-DUSING_UV_SHARED=1' '-DUSING_V8_SHARED=1' '-DV8_DEPRECATION_WARNINGS=1' '-DV8_DEPRECATION_WARNINGS' '-DV8_IMMINENT_DEPRECATION_WARNINGS' '-D_GLIBCXX_USE_CXX11_ABI=1' '-D_LARGEFILE_SOURCE' '-D_FILE_OFFSET_BITS=64' '-D__STDC_FORMAT_MACROS' '-DOPENSSL_NO_PINSHARED' '-DOPENSSL_THREADS' '-DLIBSASS_VERSION="3.5.5"' -I/home/gabsko/.node-gyp/16.17.1/include/node -I/home/gabsko/.node-gyp/16.17.1/src -I/home/gabsko/.node-gyp/16.17.1/deps/openssl/config -I/home/gabsko/.node-gyp/16.17.1/deps/openssl/openssl/include -I/home/gabsko/.node-gyp/16.17.1/deps/uv/include -I/home/gabsko/.node-gyp/16.17.1/deps/zlib -I/home/gabsko/.node-gyp/16.17.1/deps/v8/include -I../src/libsass/include  -fPIC -pthread -Wall -Wextra -Wno-unused-parameter -m64 -O3 -fno-omit-frame-pointer -std=gnu++14 -std=c++0x -fexceptions -frtti -MMD -MF ./Release/.deps/Release/obj.target/libsass/src/libsass/src/utf8_string.o.d.raw   -c -o Release/obj.target/libsass/src/libsass/src/utf8_string.o ../src/libsass/src/utf8_string.cpp
npm ERR!   g++ '-DNODE_GYP_MODULE_NAME=libsass' '-DUSING_UV_SHARED=1' '-DUSING_V8_SHARED=1' '-DV8_DEPRECATION_WARNINGS=1' '-DV8_DEPRECATION_WARNINGS' '-DV8_IMMINENT_DEPRECATION_WARNINGS' '-D_GLIBCXX_USE_CXX11_ABI=1' '-D_LARGEFILE_SOURCE' '-D_FILE_OFFSET_BITS=64' '-D__STDC_FORMAT_MACROS' '-DOPENSSL_NO_PINSHARED' '-DOPENSSL_THREADS' '-DLIBSASS_VERSION="3.5.5"' -I/home/gabsko/.node-gyp/16.17.1/include/node -I/home/gabsko/.node-gyp/16.17.1/src -I/home/gabsko/.node-gyp/16.17.1/deps/openssl/config -I/home/gabsko/.node-gyp/16.17.1/deps/openssl/openssl/include -I/home/gabsko/.node-gyp/16.17.1/deps/uv/include -I/home/gabsko/.node-gyp/16.17.1/deps/zlib -I/home/gabsko/.node-gyp/16.17.1/deps/v8/include -I../src/libsass/include  -fPIC -pthread -Wall -Wextra -Wno-unused-parameter -m64 -O3 -fno-omit-frame-pointer -std=gnu++14 -std=c++0x -fexceptions -frtti -MMD -MF ./Release/.deps/Release/obj.target/libsass/src/libsass/src/util.o.d.raw   -c -o Release/obj.target/libsass/src/libsass/src/util.o ../src/libsass/src/util.cpp
npm ERR!   g++ '-DNODE_GYP_MODULE_NAME=libsass' '-DUSING_UV_SHARED=1' '-DUSING_V8_SHARED=1' '-DV8_DEPRECATION_WARNINGS=1' '-DV8_DEPRECATION_WARNINGS' '-DV8_IMMINENT_DEPRECATION_WARNINGS' '-D_GLIBCXX_USE_CXX11_ABI=1' '-D_LARGEFILE_SOURCE' '-D_FILE_OFFSET_BITS=64' '-D__STDC_FORMAT_MACROS' '-DOPENSSL_NO_PINSHARED' '-DOPENSSL_THREADS' '-DLIBSASS_VERSION="3.5.5"' -I/home/gabsko/.node-gyp/16.17.1/include/node -I/home/gabsko/.node-gyp/16.17.1/src -I/home/gabsko/.node-gyp/16.17.1/deps/openssl/config -I/home/gabsko/.node-gyp/16.17.1/deps/openssl/openssl/include -I/home/gabsko/.node-gyp/16.17.1/deps/uv/include -I/home/gabsko/.node-gyp/16.17.1/deps/zlib -I/home/gabsko/.node-gyp/16.17.1/deps/v8/include -I../src/libsass/include  -fPIC -pthread -Wall -Wextra -Wno-unused-parameter -m64 -O3 -fno-omit-frame-pointer -std=gnu++14 -std=c++0x -fexceptions -frtti -MMD -MF ./Release/.deps/Release/obj.target/libsass/src/libsass/src/values.o.d.raw   -c -o Release/obj.target/libsass/src/libsass/src/values.o ../src/libsass/src/values.cpp
npm ERR!   rm -f Release/obj.target/src/sass.a && ar crs Release/obj.target/src/sass.a Release/obj.target/libsass/src/libsass/src/ast.o Release/obj.target/libsass/src/libsass/src/ast_fwd_decl.o Release/obj.target/libsass/src/libsass/src/backtrace.o Release/obj.target/libsass/src/libsass/src/base64vlq.o Release/obj.target/libsass/src/libsass/src/bind.o Release/obj.target/libsass/src/libsass/src/cencode.o Release/obj.target/libsass/src/libsass/src/check_nesting.o Release/obj.target/libsass/src/libsass/src/color_maps.o Release/obj.target/libsass/src/libsass/src/constants.o Release/obj.target/libsass/src/libsass/src/context.o Release/obj.target/libsass/src/libsass/src/cssize.o Release/obj.target/libsass/src/libsass/src/emitter.o Release/obj.target/libsass/src/libsass/src/environment.o Release/obj.target/libsass/src/libsass/src/error_handling.o Release/obj.target/libsass/src/libsass/src/eval.o Release/obj.target/libsass/src/libsass/src/expand.o Release/obj.target/libsass/src/libsass/src/extend.o Release/obj.target/libsass/src/libsass/src/file.o Release/obj.target/libsass/src/libsass/src/functions.o Release/obj.target/libsass/src/libsass/src/inspect.o Release/obj.target/libsass/src/libsass/src/json.o Release/obj.target/libsass/src/libsass/src/lexer.o Release/obj.target/libsass/src/libsass/src/listize.o Release/obj.target/libsass/src/libsass/src/memory/SharedPtr.o Release/obj.target/libsass/src/libsass/src/node.o Release/obj.target/libsass/src/libsass/src/operators.o Release/obj.target/libsass/src/libsass/src/output.o Release/obj.target/libsass/src/libsass/src/parser.o Release/obj.target/libsass/src/libsass/src/plugins.o Release/obj.target/libsass/src/libsass/src/position.o Release/obj.target/libsass/src/libsass/src/prelexer.o Release/obj.target/libsass/src/libsass/src/remove_placeholders.o Release/obj.target/libsass/src/libsass/src/sass.o Release/obj.target/libsass/src/libsass/src/sass2scss.o Release/obj.target/libsass/src/libsass/src/sass_context.o Release/obj.target/libsass/src/libsass/src/sass_functions.o Release/obj.target/libsass/src/libsass/src/sass_util.o Release/obj.target/libsass/src/libsass/src/sass_values.o Release/obj.target/libsass/src/libsass/src/source_map.o Release/obj.target/libsass/src/libsass/src/subset_map.o Release/obj.target/libsass/src/libsass/src/to_c.o Release/obj.target/libsass/src/libsass/src/to_value.o Release/obj.target/libsass/src/libsass/src/units.o Release/obj.target/libsass/src/libsass/src/utf8_string.o Release/obj.target/libsass/src/libsass/src/util.o Release/obj.target/libsass/src/libsass/src/values.o
npm ERR!   rm -rf "Release/sass.a" && cp -af "Release/obj.target/src/sass.a" "Release/sass.a"
npm ERR!   g++ '-DNODE_GYP_MODULE_NAME=binding' '-DUSING_UV_SHARED=1' '-DUSING_V8_SHARED=1' '-DV8_DEPRECATION_WARNINGS=1' '-DV8_DEPRECATION_WARNINGS' '-DV8_IMMINENT_DEPRECATION_WARNINGS' '-D_GLIBCXX_USE_CXX11_ABI=1' '-D_LARGEFILE_SOURCE' '-D_FILE_OFFSET_BITS=64' '-D__STDC_FORMAT_MACROS' '-DOPENSSL_NO_PINSHARED' '-DOPENSSL_THREADS' '-DBUILDING_NODE_EXTENSION' -I/home/gabsko/.node-gyp/16.17.1/include/node -I/home/gabsko/.node-gyp/16.17.1/src -I/home/gabsko/.node-gyp/16.17.1/deps/openssl/config -I/home/gabsko/.node-gyp/16.17.1/deps/openssl/openssl/include -I/home/gabsko/.node-gyp/16.17.1/deps/uv/include -I/home/gabsko/.node-gyp/16.17.1/deps/zlib -I/home/gabsko/.node-gyp/16.17.1/deps/v8/include -I../../nan -I../src/libsass/include  -fPIC -pthread -Wall -Wextra -Wno-unused-parameter -m64 -O3 -fno-omit-frame-pointer -fno-rtti -fno-exceptions -std=gnu++14 -std=c++0x -MMD -MF ./Release/.deps/Release/obj.target/binding/src/binding.o.d.raw   -c -o Release/obj.target/binding/src/binding.o ../src/binding.cpp
npm ERR! binding.target.mk:133: recipe for target 'Release/obj.target/binding/src/binding.o' failed
npm ERR! make: Leaving directory '/home/gabsko/breaking-updates/src/ui/node_modules/node-sass/build'
npm ERR! gyp info it worked if it ends with ok
npm ERR! gyp verb cli [
npm ERR! gyp verb cli   '/usr/local/bin/node',
npm ERR! gyp verb cli   '/home/gabsko/breaking-updates/src/ui/node_modules/node-gyp/bin/node-gyp.js',
npm ERR! gyp verb cli   'rebuild',
npm ERR! gyp verb cli   '--verbose',
npm ERR! gyp verb cli   '--libsass_ext=',
npm ERR! gyp verb cli   '--libsass_cflags=',
npm ERR! gyp verb cli   '--libsass_ldflags=',
npm ERR! gyp verb cli   '--libsass_library='
npm ERR! gyp verb cli ]
npm ERR! gyp info using node-gyp@3.8.0
npm ERR! gyp info using node@16.17.1 | linux | x64
npm ERR! gyp verb command rebuild []
npm ERR! gyp verb command clean []
npm ERR! gyp verb clean removing "build" directory
npm ERR! gyp verb command configure []
npm ERR! gyp verb check python checking for Python executable "python2" in the PATH
npm ERR! gyp verb `which` succeeded python2 /usr/bin/python2
npm ERR! gyp verb check python version `/usr/bin/python2 -c "import sys; print "2.7.17
npm ERR! gyp verb check python version .%s.%s" % sys.version_info[:3];"` returned: %j
npm ERR! gyp verb get node dir no --target version specified, falling back to host node version: 16.17.1
npm ERR! gyp verb command install [ '16.17.1' ]
npm ERR! gyp verb install input version string "16.17.1"
npm ERR! gyp verb install installing version: 16.17.1
npm ERR! gyp verb install --ensure was passed, so won't reinstall if already installed
npm ERR! gyp verb install version not already installed, continuing with install 16.17.1
npm ERR! gyp verb ensuring nodedir is created /home/gabsko/.node-gyp/16.17.1
npm ERR! gyp verb created nodedir /home/gabsko/.node-gyp
npm ERR! gyp http GET https://nodejs.org/download/release/v16.17.1/node-v16.17.1-headers.tar.gz
npm ERR! gyp http 200 https://nodejs.org/download/release/v16.17.1/node-v16.17.1-headers.tar.gz
npm ERR! gyp verb extracted file from tarball include/node/common.gypi
npm ERR! gyp verb extracted file from tarball include/node/config.gypi
npm ERR! gyp verb extracted file from tarball include/node/node.h
npm ERR! gyp verb extracted file from tarball include/node/node_api.h
npm ERR! gyp verb extracted file from tarball include/node/js_native_api.h
npm ERR! gyp verb extracted file from tarball include/node/js_native_api_types.h
npm ERR! gyp verb extracted file from tarball include/node/node_api_types.h
npm ERR! gyp verb extracted file from tarball include/node/node_buffer.h
npm ERR! gyp verb extracted file from tarball include/node/node_object_wrap.h
npm ERR! gyp verb extracted file from tarball include/node/node_version.h
npm ERR! gyp verb extracted file from tarball include/node/v8-internal.h
npm ERR! gyp verb extracted file from tarball include/node/v8-platform.h
npm ERR! gyp verb extracted file from tarball include/node/v8.h
npm ERR! gyp verb extracted file from tarball include/node/v8-profiler.h
npm ERR! gyp verb extracted file from tarball include/node/v8-version.h
npm ERR! gyp verb extracted file from tarball include/node/v8config.h
npm ERR! gyp verb extracted file from tarball include/node/libplatform/libplatform-export.h
npm ERR! gyp verb extracted file from tarball include/node/libplatform/libplatform.h
npm ERR! gyp verb extracted file from tarball include/node/libplatform/v8-tracing.h
npm ERR! gyp verb extracted file from tarball include/node/cppgc/common.h
npm ERR! gyp verb extracted file from tarball include/node/uv.h
npm ERR! gyp verb extracted file from tarball include/node/uv/aix.h
npm ERR! gyp verb extracted file from tarball include/node/uv/android-ifaddrs.h
npm ERR! gyp verb extracted file from tarball include/node/uv/bsd.h
npm ERR! gyp verb extracted file from tarball include/node/uv/darwin.h
npm ERR! gyp verb extracted file from tarball include/node/uv/linux.h
npm ERR! gyp verb extracted file from tarball include/node/uv/os390.h
npm ERR! gyp verb extracted file from tarball include/node/uv/posix.h
npm ERR! gyp verb extracted file from tarball include/node/uv/stdint-msvc2008.h
npm ERR! gyp verb extracted file from tarball include/node/uv/sunos.h
npm ERR! gyp verb extracted file from tarball include/node/uv/threadpool.h
npm ERR! gyp verb extracted file from tarball include/node/uv/errno.h
npm ERR! gyp verb extracted file from tarball include/node/uv/tree.h
npm ERR! gyp verb extracted file from tarball include/node/uv/unix.h
npm ERR! gyp verb extracted file from tarball include/node/uv/version.h
npm ERR! gyp verb extracted file from tarball include/node/uv/win.h
npm ERR! gyp verb extracted file from tarball include/node/openssl/asn1err.h
npm ERR! gyp verb extracted file from tarball include/node/openssl/obj_mac.h
npm ERR! gyp verb extracted file from tarball include/node/openssl/ripemd.h
npm ERR! gyp verb extracted file from tarball include/node/openssl/rsa.h
npm ERR! gyp verb extracted file from tarball include/node/openssl/seed.h
npm ERR! gyp verb extracted file from tarball include/node/openssl/evp.h
npm ERR! gyp verb extracted file from tarball include/node/openssl/opensslv.h
npm ERR! gyp verb extracted file from tarball include/node/openssl/aes.h
npm ERR! gyp verb extracted file from tarball include/node/openssl/pem.h
npm ERR! gyp verb extracted file from tarball include/node/openssl/pemerr.h
npm ERR! gyp verb extracted file from tarball include/node/openssl/pkcs7.h
npm ERR! gyp verb extracted file from tarball include/node/openssl/pkcs7err.h
npm ERR! gyp verb extracted file from tarball include/node/openssl/rand.h
npm ERR! gyp verb extracted file from tarball include/node/openssl/rand_drbg.h
npm ERR! gyp verb extracted file from tarball include/node/openssl/randerr.h
npm ERR! gyp verb extracted file from tarball include/node/openssl/rc2.h
npm ERR! gyp verb extracted file from tarball include/node/openssl/rc5.h
npm ERR! gyp verb extracted file from tarball include/node/openssl/rsaerr.h
npm ERR! gyp verb extracted file from tarball include/node/openssl/ssl2.h
npm ERR! gyp verb extracted file from tarball include/node/openssl/ssl3.h
npm ERR! gyp verb extracted file from tarball include/node/openssl/stack.h
npm ERR! gyp verb extracted file from tarball include/node/openssl/store.h
npm ERR! gyp verb extracted file from tarball include/node/openssl/tserr.h
npm ERR! gyp verb extracted file from tarball include/node/openssl/ui.h
npm ERR! gyp verb extracted file from tarball include/node/openssl/x509_vfy.h
npm ERR! gyp verb extracted file from tarball include/node/openssl/x509err.h
npm ERR! gyp verb extracted file from tarball include/node/openssl/x509v3.h
npm ERR! gyp verb extracted file from tarball include/node/openssl/ossl_typ.h
npm ERR! gyp verb extracted file from tarball include/node/openssl/cmac.h
npm ERR! gyp verb extracted file from tarball include/node/openssl/cms.h
npm ERR! gyp verb extracted file from tarball include/node/openssl/ecdsa.h
npm ERR! gyp verb extracted file from tarball include/node/openssl/ocsperr.h
npm ERR! gyp verb extracted file from tarball include/node/openssl/opensslv_asm.h
npm ERR! gyp verb extracted file from tarball include/node/openssl/pkcs12err.h
npm ERR! gyp verb extracted file from tarball include/node/openssl/rc4.h
npm ERR! gyp verb extracted file from tarball include/node/openssl/safestack.h
npm ERR! gyp verb extracted file from tarball include/node/openssl/whrlpool.h
npm ERR! gyp verb extracted file from tarball include/node/openssl/x509.h
npm ERR! gyp verb extracted file from tarball include/node/openssl/ssl.h
npm ERR! gyp verb extracted file from tarball include/node/openssl/kdf.h
npm ERR! gyp verb extracted file from tarball include/node/openssl/kdferr.h
npm ERR! gyp verb extracted file from tarball include/node/openssl/md4.h
npm ERR! gyp verb extracted file from tarball include/node/openssl/md5.h
npm ERR! gyp verb extracted file from tarball include/node/openssl/mdc2.h
npm ERR! gyp verb extracted file from tarball include/node/openssl/modes.h
npm ERR! gyp verb extracted file from tarball include/node/openssl/objects.h
npm ERR! gyp verb extracted file from tarball include/node/openssl/pem2.h
npm ERR! gyp verb extracted file from tarball include/node/openssl/pkcs12.h
npm ERR! gyp verb extracted file from tarball include/node/openssl/storeerr.h
npm ERR! gyp verb extracted file from tarball include/node/openssl/symhacks.h
npm ERR! gyp verb extracted file from tarball include/node/openssl/ts.h
npm ERR! gyp verb extracted file from tarball include/node/openssl/txt_db.h
npm ERR! gyp verb extracted file from tarball include/node/openssl/uierr.h
npm ERR! gyp verb extracted file from tarball include/node/openssl/async.h
npm ERR! gyp verb extracted file from tarball include/node/openssl/blowfish.h
npm ERR! gyp verb extracted file from tarball include/node/openssl/camellia.h
npm ERR! gyp verb extracted file from tarball include/node/openssl/cast.h
npm ERR! gyp verb extracted file from tarball include/node/openssl/cmserr.h
npm ERR! gyp verb extracted file from tarball include/node/openssl/comp.h
npm ERR! gyp verb extracted file from tarball include/node/openssl/comperr.h
npm ERR! gyp verb extracted file from tarball include/node/openssl/conf.h
npm ERR! gyp verb extracted file from tarball include/node/openssl/conf_api.h
npm ERR! gyp verb extracted file from tarball include/node/openssl/conferr.h
npm ERR! gyp verb extracted file from tarball include/node/openssl/cryptoerr.h
npm ERR! gyp verb extracted file from tarball include/node/openssl/ct.h
npm ERR! gyp verb extracted file from tarball include/node/openssl/cterr.h
npm ERR! gyp verb extracted file from tarball include/node/openssl/dh.h
npm ERR! gyp verb extracted file from tarball include/node/openssl/dherr.h
npm ERR! gyp verb extracted file from tarball include/node/openssl/dsa.h
npm ERR! gyp verb extracted file from tarball include/node/openssl/dsaerr.h
npm ERR! gyp verb extracted file from tarball include/node/openssl/dtls1.h
npm ERR! gyp verb extracted file from tarball include/node/openssl/ebcdic.h
npm ERR! gyp verb extracted file from tarball include/node/openssl/ec.h
npm ERR! gyp verb extracted file from tarball include/node/openssl/ecdh.h
npm ERR! gyp verb extracted file from tarball include/node/openssl/asn1_mac.h
npm ERR! gyp verb extracted file from tarball include/node/openssl/asn1t.h
npm ERR! gyp verb extracted file from tarball include/node/openssl/ecerr.h
npm ERR! gyp verb extracted file from tarball include/node/openssl/engine.h
npm ERR! gyp verb extracted file from tarball include/node/openssl/engineerr.h
npm ERR! gyp verb extracted file from tarball include/node/openssl/err.h
npm ERR! gyp verb extracted file from tarball include/node/openssl/evperr.h
npm ERR! gyp verb extracted file from tarball include/node/openssl/hmac.h
npm ERR! gyp verb extracted file from tarball include/node/openssl/lhash.h
npm ERR! gyp verb extracted file from tarball include/node/openssl/md2.h
npm ERR! gyp verb extracted file from tarball include/node/openssl/objectserr.h
npm ERR! gyp verb extracted file from tarball include/node/openssl/ocsp.h
npm ERR! gyp verb extracted file from tarball include/node/openssl/x509v3err.h
npm ERR! gyp verb extracted file from tarball include/node/openssl/sslerr.h
npm ERR! gyp verb extracted file from tarball include/node/openssl/tls1.h
npm ERR! gyp verb extracted file from tarball include/node/openssl/sha.h
npm ERR! gyp verb extracted file from tarball include/node/openssl/srp.h
npm ERR! gyp verb extracted file from tarball include/node/openssl/srtp.h
npm ERR! gyp verb extracted file from tarball include/node/openssl/crypto.h
npm ERR! gyp verb extracted file from tarball include/node/openssl/asn1.h
npm ERR! gyp verb extracted file from tarball include/node/openssl/asyncerr.h
npm ERR! gyp verb extracted file from tarball include/node/openssl/bio.h
npm ERR! gyp verb extracted file from tarball include/node/openssl/bioerr.h
npm ERR! gyp verb extracted file from tarball include/node/openssl/bn.h
npm ERR! gyp verb extracted file from tarball include/node/openssl/bnerr.h
npm ERR! gyp verb extracted file from tarball include/node/openssl/buffer.h
npm ERR! gyp verb extracted file from tarball include/node/openssl/buffererr.h
npm ERR! gyp verb extracted file from tarball include/node/openssl/des.h
npm ERR! gyp verb extracted file from tarball include/node/openssl/e_os2.h
npm ERR! gyp verb extracted file from tarball include/node/openssl/idea.h
npm ERR! gyp verb extracted file from tarball include/node/openssl/archs/BSD-x86/asm/crypto/include/internal/bn_conf.h
npm ERR! gyp verb extracted file from tarball include/node/openssl/archs/BSD-x86/asm/crypto/include/internal/dso_conf.h
npm ERR! gyp verb extracted file from tarball include/node/openssl/archs/BSD-x86/asm/crypto/buildinf.h
npm ERR! gyp verb extracted file from tarball include/node/openssl/archs/BSD-x86/asm/include/openssl/opensslconf.h
npm ERR! gyp verb extracted file from tarball include/node/openssl/archs/BSD-x86/asm/include/progs.h
npm ERR! gyp verb extracted file from tarball include/node/openssl/archs/BSD-x86/asm_avx2/crypto/include/internal/bn_conf.h
npm ERR! gyp verb extracted file from tarball include/node/openssl/archs/BSD-x86/asm_avx2/crypto/include/internal/dso_conf.h
npm ERR! gyp verb extracted file from tarball include/node/openssl/archs/BSD-x86/asm_avx2/crypto/buildinf.h
npm ERR! gyp verb extracted file from tarball include/node/openssl/archs/BSD-x86/asm_avx2/include/openssl/opensslconf.h
npm ERR! gyp verb extracted file from tarball include/node/openssl/archs/BSD-x86/asm_avx2/include/progs.h
npm ERR! gyp verb extracted file from tarball include/node/openssl/archs/BSD-x86/no-asm/crypto/include/internal/bn_conf.h
npm ERR! gyp verb extracted file from tarball include/node/openssl/archs/BSD-x86/no-asm/crypto/include/internal/dso_conf.h
npm ERR! gyp verb extracted file from tarball include/node/openssl/archs/BSD-x86/no-asm/crypto/buildinf.h
npm ERR! gyp verb extracted file from tarball include/node/openssl/archs/BSD-x86/no-asm/include/openssl/opensslconf.h
npm ERR! gyp verb extracted file from tarball include/node/openssl/archs/BSD-x86/no-asm/include/progs.h
npm ERR! gyp verb extracted file from tarball include/node/openssl/archs/BSD-x86_64/asm/crypto/include/internal/bn_conf.h
npm ERR! gyp verb extracted file from tarball include/node/openssl/archs/BSD-x86_64/asm/crypto/include/internal/dso_conf.h
npm ERR! gyp verb extracted file from tarball include/node/openssl/archs/BSD-x86_64/asm/crypto/buildinf.h
npm ERR! gyp verb extracted file from tarball include/node/openssl/archs/BSD-x86_64/asm/include/openssl/opensslconf.h
npm ERR! gyp verb extracted file from tarball include/node/openssl/archs/BSD-x86_64/asm/include/progs.h
npm ERR! gyp verb extracted file from tarball include/node/openssl/archs/BSD-x86_64/asm_avx2/crypto/include/internal/bn_conf.h
npm ERR! gyp verb extracted file from tarball include/node/openssl/archs/BSD-x86_64/asm_avx2/crypto/include/internal/dso_conf.h
npm ERR! gyp verb extracted file from tarball include/node/openssl/archs/BSD-x86_64/asm_avx2/crypto/buildinf.h
npm ERR! gyp verb extracted file from tarball include/node/openssl/archs/BSD-x86_64/asm_avx2/include/openssl/opensslconf.h
npm ERR! gyp verb extracted file from tarball include/node/openssl/archs/BSD-x86_64/asm_avx2/include/progs.h
npm ERR! gyp verb extracted file from tarball include/node/openssl/archs/BSD-x86_64/no-asm/crypto/include/internal/bn_conf.h
npm ERR! gyp verb extracted file from tarball include/node/openssl/archs/BSD-x86_64/no-asm/crypto/include/internal/dso_conf.h
npm ERR! gyp verb extracted file from tarball include/node/openssl/archs/BSD-x86_64/no-asm/crypto/buildinf.h
npm ERR! gyp verb extracted file from tarball include/node/openssl/archs/BSD-x86_64/no-asm/include/openssl/opensslconf.h
npm ERR! gyp verb extracted file from tarball include/node/openssl/archs/BSD-x86_64/no-asm/include/progs.h
npm ERR! gyp verb extracted file from tarball include/node/openssl/archs/VC-WIN32/asm/crypto/include/internal/bn_conf.h
npm ERR! gyp verb extracted file from tarball include/node/openssl/archs/VC-WIN32/asm/crypto/include/internal/dso_conf.h
npm ERR! gyp verb extracted file from tarball include/node/openssl/archs/VC-WIN32/asm/crypto/buildinf.h
npm ERR! gyp verb extracted file from tarball include/node/openssl/archs/VC-WIN32/asm/include/openssl/opensslconf.h
npm ERR! gyp verb extracted file from tarball include/node/openssl/archs/VC-WIN32/asm/include/progs.h
npm ERR! gyp verb extracted file from tarball include/node/openssl/archs/VC-WIN32/asm_avx2/crypto/include/internal/bn_conf.h
npm ERR! gyp verb extracted file from tarball include/node/openssl/archs/VC-WIN32/asm_avx2/crypto/include/internal/dso_conf.h
npm ERR! gyp verb extracted file from tarball include/node/openssl/archs/VC-WIN32/asm_avx2/crypto/buildinf.h
npm ERR! gyp verb extracted file from tarball include/node/openssl/archs/VC-WIN32/asm_avx2/include/openssl/opensslconf.h
npm ERR! gyp verb extracted file from tarball include/node/openssl/archs/VC-WIN32/asm_avx2/include/progs.h
npm ERR! gyp verb extracted file from tarball include/node/openssl/archs/VC-WIN32/no-asm/crypto/include/internal/bn_conf.h
npm ERR! gyp verb extracted file from tarball include/node/openssl/archs/VC-WIN32/no-asm/crypto/include/internal/dso_conf.h
npm ERR! gyp verb extracted file from tarball include/node/openssl/archs/VC-WIN32/no-asm/crypto/buildinf.h
npm ERR! gyp verb extracted file from tarball include/node/openssl/archs/VC-WIN32/no-asm/include/openssl/opensslconf.h
npm ERR! gyp verb extracted file from tarball include/node/openssl/archs/VC-WIN32/no-asm/include/progs.h
npm ERR! gyp verb extracted file from tarball include/node/openssl/archs/VC-WIN64-ARM/no-asm/crypto/include/internal/bn_conf.h
npm ERR! gyp verb extracted file from tarball include/node/openssl/archs/VC-WIN64-ARM/no-asm/crypto/include/internal/dso_conf.h
npm ERR! gyp verb extracted file from tarball include/node/openssl/archs/VC-WIN64-ARM/no-asm/crypto/buildinf.h
npm ERR! gyp verb extracted file from tarball include/node/openssl/archs/VC-WIN64-ARM/no-asm/include/openssl/opensslconf.h
npm ERR! gyp verb extracted file from tarball include/node/openssl/archs/VC-WIN64-ARM/no-asm/include/progs.h
npm ERR! gyp verb extracted file from tarball include/node/openssl/archs/VC-WIN64A/asm/crypto/include/internal/bn_conf.h
npm ERR! gyp verb extracted file from tarball include/node/openssl/archs/VC-WIN64A/asm/crypto/include/internal/dso_conf.h
npm ERR! gyp verb extracted file from tarball include/node/openssl/archs/VC-WIN64A/asm/crypto/buildinf.h
npm ERR! gyp verb extracted file from tarball include/node/openssl/archs/VC-WIN64A/asm/include/openssl/opensslconf.h
npm ERR! gyp verb extracted file from tarball include/node/openssl/archs/VC-WIN64A/asm/include/progs.h
npm ERR! gyp verb extracted file from tarball include/node/openssl/archs/VC-WIN64A/asm_avx2/crypto/include/internal/bn_conf.h
npm ERR! gyp verb extracted file from tarball include/node/openssl/archs/VC-WIN64A/asm_avx2/crypto/include/internal/dso_conf.h
npm ERR! gyp verb extracted file from tarball include/node/openssl/archs/VC-WIN64A/asm_avx2/crypto/buildinf.h
npm ERR! gyp verb extracted file from tarball include/node/openssl/archs/VC-WIN64A/asm_avx2/include/openssl/opensslconf.h
npm ERR! gyp verb extracted file from tarball include/node/openssl/archs/VC-WIN64A/asm_avx2/include/progs.h
npm ERR! gyp verb extracted file from tarball include/node/openssl/archs/VC-WIN64A/no-asm/crypto/include/internal/bn_conf.h
npm ERR! gyp verb extracted file from tarball include/node/openssl/archs/VC-WIN64A/no-asm/crypto/include/internal/dso_conf.h
npm ERR! gyp verb extracted file from tarball include/node/openssl/archs/VC-WIN64A/no-asm/crypto/buildinf.h
npm ERR! gyp verb extracted file from tarball include/node/openssl/archs/VC-WIN64A/no-asm/include/openssl/opensslconf.h
npm ERR! gyp verb extracted file from tarball include/node/openssl/archs/VC-WIN64A/no-asm/include/progs.h
npm ERR! gyp verb extracted file from tarball include/node/openssl/archs/aix-gcc/asm/crypto/include/internal/bn_conf.h
npm ERR! gyp verb extracted file from tarball include/node/openssl/archs/aix-gcc/asm/crypto/include/internal/dso_conf.h
npm ERR! gyp verb extracted file from tarball include/node/openssl/archs/aix-gcc/asm/crypto/buildinf.h
npm ERR! gyp verb extracted file from tarball include/node/openssl/archs/aix-gcc/asm/include/openssl/opensslconf.h
npm ERR! gyp verb extracted file from tarball include/node/openssl/archs/aix-gcc/asm/include/progs.h
npm ERR! gyp verb extracted file from tarball include/node/openssl/archs/aix-gcc/asm_avx2/crypto/include/internal/bn_conf.h
npm ERR! gyp verb extracted file from tarball include/node/openssl/archs/aix-gcc/asm_avx2/crypto/include/internal/dso_conf.h
npm ERR! gyp verb extracted file from tarball include/node/openssl/archs/aix-gcc/asm_avx2/crypto/buildinf.h
npm ERR! gyp verb extracted file from tarball include/node/openssl/archs/aix-gcc/asm_avx2/include/openssl/opensslconf.h
npm ERR! gyp verb extracted file from tarball include/node/openssl/archs/aix-gcc/asm_avx2/include/progs.h
npm ERR! gyp verb extracted file from tarball include/node/openssl/archs/aix-gcc/no-asm/crypto/include/internal/bn_conf.h
npm ERR! gyp verb extracted file from tarball include/node/openssl/archs/aix-gcc/no-asm/crypto/include/internal/dso_conf.h
npm ERR! gyp verb extracted file from tarball include/node/openssl/archs/aix-gcc/no-asm/crypto/buildinf.h
npm ERR! gyp verb extracted file from tarball include/node/openssl/archs/aix-gcc/no-asm/include/openssl/opensslconf.h
npm ERR! gyp verb extracted file from tarball include/node/openssl/archs/aix-gcc/no-asm/include/progs.h
npm ERR! gyp verb extracted file from tarball include/node/openssl/archs/aix64-gcc/asm/crypto/include/internal/bn_conf.h
npm ERR! gyp verb extracted file from tarball include/node/openssl/archs/aix64-gcc/asm/crypto/include/internal/dso_conf.h
npm ERR! gyp verb extracted file from tarball include/node/openssl/archs/aix64-gcc/asm/crypto/buildinf.h
npm ERR! gyp verb extracted file from tarball include/node/openssl/archs/aix64-gcc/asm/include/openssl/opensslconf.h
npm ERR! gyp verb extracted file from tarball include/node/openssl/archs/aix64-gcc/asm/include/progs.h
npm ERR! gyp verb extracted file from tarball include/node/openssl/archs/aix64-gcc/asm_avx2/crypto/include/internal/bn_conf.h
npm ERR! gyp verb extracted file from tarball include/node/openssl/archs/aix64-gcc/asm_avx2/crypto/include/internal/dso_conf.h
npm ERR! gyp verb extracted file from tarball include/node/openssl/archs/aix64-gcc/asm_avx2/crypto/buildinf.h
npm ERR! gyp verb extracted file from tarball include/node/openssl/archs/aix64-gcc/asm_avx2/include/openssl/opensslconf.h
npm ERR! gyp verb extracted file from tarball include/node/openssl/archs/aix64-gcc/asm_avx2/include/progs.h
npm ERR! gyp verb extracted file from tarball include/node/openssl/archs/aix64-gcc/no-asm/crypto/include/internal/bn_conf.h
npm ERR! gyp verb extracted file from tarball include/node/openssl/archs/aix64-gcc/no-asm/crypto/include/internal/dso_conf.h
npm ERR! gyp verb extracted file from tarball include/node/openssl/archs/aix64-gcc/no-asm/crypto/buildinf.h
npm ERR! gyp verb extracted file from tarball include/node/openssl/archs/aix64-gcc/no-asm/include/openssl/opensslconf.h
npm ERR! gyp verb extracted file from tarball include/node/openssl/archs/aix64-gcc/no-asm/include/progs.h
npm ERR! gyp verb extracted file from tarball include/node/openssl/archs/darwin-i386-cc/asm/crypto/include/internal/bn_conf.h
npm ERR! gyp verb extracted file from tarball include/node/openssl/archs/darwin-i386-cc/asm/crypto/include/internal/dso_conf.h
npm ERR! gyp verb extracted file from tarball include/node/openssl/archs/darwin-i386-cc/asm/crypto/buildinf.h
npm ERR! gyp verb extracted file from tarball include/node/openssl/archs/darwin-i386-cc/asm/include/openssl/opensslconf.h
npm ERR! gyp verb extracted file from tarball include/node/openssl/archs/darwin-i386-cc/asm/include/progs.h
npm ERR! gyp verb extracted file from tarball include/node/openssl/archs/darwin-i386-cc/asm_avx2/crypto/include/internal/bn_conf.h
npm ERR! gyp verb extracted file from tarball include/node/openssl/archs/darwin-i386-cc/asm_avx2/crypto/include/internal/dso_conf.h
npm ERR! gyp verb extracted file from tarball include/node/openssl/archs/darwin-i386-cc/asm_avx2/crypto/buildinf.h
npm ERR! gyp verb extracted file from tarball include/node/openssl/archs/darwin-i386-cc/asm_avx2/include/openssl/opensslconf.h
npm ERR! gyp verb extracted file from tarball include/node/openssl/archs/darwin-i386-cc/asm_avx2/include/progs.h
npm ERR! gyp verb extracted file from tarball include/node/openssl/archs/darwin-i386-cc/no-asm/crypto/include/internal/bn_conf.h
npm ERR! gyp verb extracted file from tarball include/node/openssl/archs/darwin-i386-cc/no-asm/crypto/include/internal/dso_conf.h
npm ERR! gyp verb extracted file from tarball include/node/openssl/archs/darwin-i386-cc/no-asm/crypto/buildinf.h
npm ERR! gyp verb extracted file from tarball include/node/openssl/archs/darwin-i386-cc/no-asm/include/openssl/opensslconf.h
npm ERR! gyp verb extracted file from tarball include/node/openssl/archs/darwin-i386-cc/no-asm/include/progs.h
npm ERR! gyp verb extracted file from tarball include/node/openssl/archs/darwin64-arm64-cc/asm/crypto/include/internal/bn_conf.h
npm ERR! gyp verb extracted file from tarball include/node/openssl/archs/darwin64-arm64-cc/asm/crypto/include/internal/dso_conf.h
npm ERR! gyp verb extracted file from tarball include/node/openssl/archs/darwin64-arm64-cc/asm/crypto/buildinf.h
npm ERR! gyp verb extracted file from tarball include/node/openssl/archs/darwin64-arm64-cc/asm/include/openssl/opensslconf.h
npm ERR! gyp verb extracted file from tarball include/node/openssl/archs/darwin64-arm64-cc/asm/include/progs.h
npm ERR! gyp verb extracted file from tarball include/node/openssl/archs/darwin64-arm64-cc/asm_avx2/crypto/include/internal/bn_conf.h
npm ERR! gyp verb extracted file from tarball include/node/openssl/archs/darwin64-arm64-cc/asm_avx2/crypto/include/internal/dso_conf.h
npm ERR! gyp verb extracted file from tarball include/node/openssl/archs/darwin64-arm64-cc/asm_avx2/crypto/buildinf.h
npm ERR! gyp verb extracted file from tarball include/node/openssl/archs/darwin64-arm64-cc/asm_avx2/include/openssl/opensslconf.h
npm ERR! gyp verb extracted file from tarball include/node/openssl/archs/darwin64-arm64-cc/asm_avx2/include/progs.h
npm ERR! gyp verb extracted file from tarball include/node/openssl/archs/darwin64-arm64-cc/no-asm/crypto/include/internal/bn_conf.h
npm ERR! gyp verb extracted file from tarball include/node/openssl/archs/darwin64-arm64-cc/no-asm/crypto/include/internal/dso_conf.h
npm ERR! gyp verb extracted file from tarball include/node/openssl/archs/darwin64-arm64-cc/no-asm/crypto/buildinf.h
npm ERR! gyp verb extracted file from tarball include/node/openssl/archs/darwin64-arm64-cc/no-asm/include/openssl/opensslconf.h
npm ERR! gyp verb extracted file from tarball include/node/openssl/archs/darwin64-arm64-cc/no-asm/include/progs.h
npm ERR! gyp verb extracted file from tarball include/node/openssl/archs/darwin64-x86_64-cc/asm/crypto/include/internal/bn_conf.h
npm ERR! gyp verb extracted file from tarball include/node/openssl/archs/darwin64-x86_64-cc/asm/crypto/include/internal/dso_conf.h
npm ERR! gyp verb extracted file from tarball include/node/openssl/archs/darwin64-x86_64-cc/asm/crypto/buildinf.h
npm ERR! gyp verb extracted file from tarball include/node/openssl/archs/darwin64-x86_64-cc/asm/include/openssl/opensslconf.h
npm ERR! gyp verb extracted file from tarball include/node/openssl/archs/darwin64-x86_64-cc/asm/include/progs.h
npm ERR! gyp verb extracted file from tarball include/node/openssl/archs/darwin64-x86_64-cc/asm_avx2/crypto/include/internal/bn_conf.h
npm ERR! gyp verb extracted file from tarball include/node/openssl/archs/darwin64-x86_64-cc/asm_avx2/crypto/include/internal/dso_conf.h
npm ERR! gyp verb extracted file from tarball include/node/openssl/archs/darwin64-x86_64-cc/asm_avx2/crypto/buildinf.h
npm ERR! gyp verb extracted file from tarball include/node/openssl/archs/darwin64-x86_64-cc/asm_avx2/include/openssl/opensslconf.h
npm ERR! gyp verb extracted file from tarball include/node/openssl/archs/darwin64-x86_64-cc/asm_avx2/include/progs.h
npm ERR! gyp verb extracted file from tarball include/node/openssl/archs/darwin64-x86_64-cc/no-asm/crypto/include/internal/bn_conf.h
npm ERR! gyp verb extracted file from tarball include/node/openssl/archs/darwin64-x86_64-cc/no-asm/crypto/include/internal/dso_conf.h
npm ERR! gyp verb extracted file from tarball include/node/openssl/archs/darwin64-x86_64-cc/no-asm/crypto/buildinf.h
npm ERR! gyp verb extracted file from tarball include/node/openssl/archs/darwin64-x86_64-cc/no-asm/include/openssl/opensslconf.h
npm ERR! gyp verb extracted file from tarball include/node/openssl/archs/darwin64-x86_64-cc/no-asm/include/progs.h
npm ERR! gyp verb extracted file from tarball include/node/openssl/archs/linux-aarch64/asm/crypto/include/internal/bn_conf.h
npm ERR! gyp verb extracted file from tarball include/node/openssl/archs/linux-aarch64/asm/crypto/include/internal/dso_conf.h
npm ERR! gyp verb extracted file from tarball include/node/openssl/archs/linux-aarch64/asm/crypto/buildinf.h
npm ERR! gyp verb extracted file from tarball include/node/openssl/archs/linux-aarch64/asm/include/openssl/opensslconf.h
npm ERR! gyp verb extracted file from tarball include/node/openssl/archs/linux-aarch64/asm/include/progs.h
npm ERR! gyp verb extracted file from tarball include/node/openssl/archs/linux-aarch64/asm_avx2/crypto/include/internal/bn_conf.h
npm ERR! gyp verb extracted file from tarball include/node/openssl/archs/linux-aarch64/asm_avx2/crypto/include/internal/dso_conf.h
npm ERR! gyp verb extracted file from tarball include/node/openssl/archs/linux-aarch64/asm_avx2/crypto/buildinf.h
npm ERR! gyp verb extracted file from tarball include/node/openssl/archs/linux-aarch64/asm_avx2/include/openssl/opensslconf.h
npm ERR! gyp verb extracted file from tarball include/node/openssl/archs/linux-aarch64/asm_avx2/include/progs.h
npm ERR! gyp verb extracted file from tarball include/node/openssl/archs/linux-aarch64/no-asm/crypto/include/internal/bn_conf.h
npm ERR! gyp verb extracted file from tarball include/node/openssl/archs/linux-aarch64/no-asm/crypto/include/internal/dso_conf.h
npm ERR! gyp verb extracted file from tarball include/node/openssl/archs/linux-aarch64/no-asm/crypto/buildinf.h
npm ERR! gyp verb extracted file from tarball include/node/openssl/archs/linux-aarch64/no-asm/include/openssl/opensslconf.h
npm ERR! gyp verb extracted file from tarball include/node/openssl/archs/linux-aarch64/no-asm/include/progs.h
npm ERR! gyp verb extracted file from tarball include/node/openssl/archs/linux-armv4/asm/crypto/include/internal/bn_conf.h
npm ERR! gyp verb extracted file from tarball include/node/openssl/archs/linux-armv4/asm/crypto/include/internal/dso_conf.h
npm ERR! gyp verb extracted file from tarball include/node/openssl/archs/linux-armv4/asm/crypto/buildinf.h
npm ERR! gyp verb extracted file from tarball include/node/openssl/archs/linux-armv4/asm/include/openssl/opensslconf.h
npm ERR! gyp verb extracted file from tarball include/node/openssl/archs/linux-armv4/asm/include/progs.h
npm ERR! gyp verb extracted file from tarball include/node/openssl/archs/linux-armv4/asm_avx2/crypto/include/internal/bn_conf.h
npm ERR! gyp verb extracted file from tarball include/node/openssl/archs/linux-armv4/asm_avx2/crypto/include/internal/dso_conf.h
npm ERR! gyp verb extracted file from tarball include/node/openssl/archs/linux-armv4/asm_avx2/crypto/buildinf.h
npm ERR! gyp verb extracted file from tarball include/node/openssl/archs/linux-armv4/asm_avx2/include/openssl/opensslconf.h
npm ERR! gyp verb extracted file from tarball include/node/openssl/archs/linux-armv4/asm_avx2/include/progs.h
npm ERR! gyp verb extracted file from tarball include/node/openssl/archs/linux-armv4/no-asm/crypto/include/internal/bn_conf.h
npm ERR! gyp verb extracted file from tarball include/node/openssl/archs/linux-armv4/no-asm/crypto/include/internal/dso_conf.h
npm ERR! gyp verb extracted file from tarball include/node/openssl/archs/linux-armv4/no-asm/crypto/buildinf.h
npm ERR! gyp verb extracted file from tarball include/node/openssl/archs/linux-armv4/no-asm/include/openssl/opensslconf.h
npm ERR! gyp verb extracted file from tarball include/node/openssl/archs/linux-armv4/no-asm/include/progs.h
npm ERR! gyp verb extracted file from tarball include/node/openssl/archs/linux-elf/asm/crypto/include/internal/bn_conf.h
npm ERR! gyp verb extracted file from tarball include/node/openssl/archs/linux-elf/asm/crypto/include/internal/dso_conf.h
npm ERR! gyp verb extracted file from tarball include/node/openssl/archs/linux-elf/asm/crypto/buildinf.h
npm ERR! gyp verb extracted file from tarball include/node/openssl/archs/linux-elf/asm/include/openssl/opensslconf.h
npm ERR! gyp verb extracted file from tarball include/node/openssl/archs/linux-elf/asm/include/progs.h
npm ERR! gyp verb extracted file from tarball include/node/openssl/archs/linux-elf/asm_avx2/crypto/include/internal/bn_conf.h
npm ERR! gyp verb extracted file from tarball include/node/openssl/archs/linux-elf/asm_avx2/crypto/include/internal/dso_conf.h
npm ERR! gyp verb extracted file from tarball include/node/openssl/archs/linux-elf/asm_avx2/crypto/buildinf.h
npm ERR! gyp verb extracted file from tarball include/node/openssl/archs/linux-elf/asm_avx2/include/openssl/opensslconf.h
npm ERR! gyp verb extracted file from tarball include/node/openssl/archs/linux-elf/asm_avx2/include/progs.h
npm ERR! gyp verb extracted file from tarball include/node/openssl/archs/linux-elf/no-asm/crypto/include/internal/bn_conf.h
npm ERR! gyp verb extracted file from tarball include/node/openssl/archs/linux-elf/no-asm/crypto/include/internal/dso_conf.h
npm ERR! gyp verb extracted file from tarball include/node/openssl/archs/linux-elf/no-asm/crypto/buildinf.h
npm ERR! gyp verb extracted file from tarball include/node/openssl/archs/linux-elf/no-asm/include/openssl/opensslconf.h
npm ERR! gyp verb extracted file from tarball include/node/openssl/archs/linux-elf/no-asm/include/progs.h
npm ERR! gyp verb extracted file from tarball include/node/openssl/archs/linux-ppc/asm/crypto/include/internal/bn_conf.h
npm ERR! gyp verb extracted file from tarball include/node/openssl/archs/linux-ppc/asm/crypto/include/internal/dso_conf.h
npm ERR! gyp verb extracted file from tarball include/node/openssl/archs/linux-ppc/asm/crypto/buildinf.h
npm ERR! gyp verb extracted file from tarball include/node/openssl/archs/linux-ppc/asm/include/openssl/opensslconf.h
npm ERR! gyp verb extracted file from tarball include/node/openssl/archs/linux-ppc/asm/include/progs.h
npm ERR! gyp verb extracted file from tarball include/node/openssl/archs/linux-ppc/asm_avx2/crypto/include/internal/bn_conf.h
npm ERR! gyp verb extracted file from tarball include/node/openssl/archs/linux-ppc/asm_avx2/crypto/include/internal/dso_conf.h
npm ERR! gyp verb extracted file from tarball include/node/openssl/archs/linux-ppc/asm_avx2/crypto/buildinf.h
npm ERR! gyp verb extracted file from tarball include/node/openssl/archs/linux-ppc/asm_avx2/include/openssl/opensslconf.h
npm ERR! gyp verb extracted file from tarball include/node/openssl/archs/linux-ppc/asm_avx2/include/progs.h
npm ERR! gyp verb extracted file from tarball include/node/openssl/archs/linux-ppc/no-asm/crypto/include/internal/bn_conf.h
npm ERR! gyp verb extracted file from tarball include/node/openssl/archs/linux-ppc/no-asm/crypto/include/internal/dso_conf.h
npm ERR! gyp verb extracted file from tarball include/node/openssl/archs/linux-ppc/no-asm/crypto/buildinf.h
npm ERR! gyp verb extracted file from tarball include/node/openssl/archs/linux-ppc/no-asm/include/openssl/opensslconf.h
npm ERR! gyp verb extracted file from tarball include/node/openssl/archs/linux-ppc/no-asm/include/progs.h
npm ERR! gyp verb extracted file from tarball include/node/openssl/archs/linux-ppc64/asm/crypto/include/internal/bn_conf.h
npm ERR! gyp verb extracted file from tarball include/node/openssl/archs/linux-ppc64/asm/crypto/include/internal/dso_conf.h
npm ERR! gyp verb extracted file from tarball include/node/openssl/archs/linux-ppc64/asm/crypto/buildinf.h
npm ERR! gyp verb extracted file from tarball include/node/openssl/archs/linux-ppc64/asm/include/openssl/opensslconf.h
npm ERR! gyp verb extracted file from tarball include/node/openssl/archs/linux-ppc64/asm/include/progs.h
npm ERR! gyp verb extracted file from tarball include/node/openssl/archs/linux-ppc64/asm_avx2/crypto/include/internal/bn_conf.h
npm ERR! gyp verb extracted file from tarball include/node/openssl/archs/linux-ppc64/asm_avx2/crypto/include/internal/dso_conf.h
npm ERR! gyp verb extracted file from tarball include/node/openssl/archs/linux-ppc64/asm_avx2/crypto/buildinf.h
npm ERR! gyp verb extracted file from tarball include/node/openssl/archs/linux-ppc64/asm_avx2/include/openssl/opensslconf.h
npm ERR! gyp verb extracted file from tarball include/node/openssl/archs/linux-ppc64/asm_avx2/include/progs.h
npm ERR! gyp verb extracted file from tarball include/node/openssl/archs/linux-ppc64/no-asm/crypto/include/internal/bn_conf.h
npm ERR! gyp verb extracted file from tarball include/node/openssl/archs/linux-ppc64/no-asm/crypto/include/internal/dso_conf.h
npm ERR! gyp verb extracted file from tarball include/node/openssl/archs/linux-ppc64/no-asm/crypto/buildinf.h
npm ERR! gyp verb extracted file from tarball include/node/openssl/archs/linux-ppc64/no-asm/include/openssl/opensslconf.h
npm ERR! gyp verb extracted file from tarball include/node/openssl/archs/linux-ppc64/no-asm/include/progs.h
npm ERR! gyp verb extracted file from tarball include/node/openssl/archs/linux-ppc64le/asm/crypto/include/internal/bn_conf.h
npm ERR! gyp verb extracted file from tarball include/node/openssl/archs/linux-ppc64le/asm/crypto/include/internal/dso_conf.h
npm ERR! gyp verb extracted file from tarball include/node/openssl/archs/linux-ppc64le/asm/crypto/buildinf.h
npm ERR! gyp verb extracted file from tarball include/node/openssl/archs/linux-ppc64le/asm/include/openssl/opensslconf.h
npm ERR! gyp verb extracted file from tarball include/node/openssl/archs/linux-ppc64le/asm/include/progs.h
npm ERR! gyp verb extracted file from tarball include/node/openssl/archs/linux-ppc64le/asm_avx2/crypto/include/internal/bn_conf.h
npm ERR! gyp verb extracted file from tarball include/node/openssl/archs/linux-ppc64le/asm_avx2/crypto/include/internal/dso_conf.h
npm ERR! gyp verb extracted file from tarball include/node/openssl/archs/linux-ppc64le/asm_avx2/crypto/buildinf.h
npm ERR! gyp verb extracted file from tarball include/node/openssl/archs/linux-ppc64le/asm_avx2/include/openssl/opensslconf.h
npm ERR! gyp verb extracted file from tarball include/node/openssl/archs/linux-ppc64le/asm_avx2/include/progs.h
npm ERR! gyp verb extracted file from tarball include/node/openssl/archs/linux-ppc64le/no-asm/crypto/include/internal/bn_conf.h
npm ERR! gyp verb extracted file from tarball include/node/openssl/archs/linux-ppc64le/no-asm/crypto/include/internal/dso_conf.h
npm ERR! gyp verb extracted file from tarball include/node/openssl/archs/linux-ppc64le/no-asm/crypto/buildinf.h
npm ERR! gyp verb extracted file from tarball include/node/openssl/archs/linux-ppc64le/no-asm/include/openssl/opensslconf.h
npm ERR! gyp verb extracted file from tarball include/node/openssl/archs/linux-ppc64le/no-asm/include/progs.h
npm ERR! gyp verb extracted file from tarball include/node/openssl/archs/linux-x86_64/asm/crypto/include/internal/bn_conf.h
npm ERR! gyp verb extracted file from tarball include/node/openssl/archs/linux-x86_64/asm/crypto/include/internal/dso_conf.h
npm ERR! gyp verb extracted file from tarball include/node/openssl/archs/linux-x86_64/asm/crypto/buildinf.h
npm ERR! gyp verb extracted file from tarball include/node/openssl/archs/linux-x86_64/asm/include/openssl/opensslconf.h
npm ERR! gyp verb extracted file from tarball include/node/openssl/archs/linux-x86_64/asm/include/progs.h
npm ERR! gyp verb extracted file from tarball include/node/openssl/archs/linux-x86_64/asm_avx2/crypto/include/internal/bn_conf.h
npm ERR! gyp verb extracted file from tarball include/node/openssl/archs/linux-x86_64/asm_avx2/crypto/include/internal/dso_conf.h
npm ERR! gyp verb extracted file from tarball include/node/openssl/archs/linux-x86_64/asm_avx2/crypto/buildinf.h
npm ERR! gyp verb extracted file from tarball include/node/openssl/archs/linux-x86_64/asm_avx2/include/openssl/opensslconf.h
npm ERR! gyp verb extracted file from tarball include/node/openssl/archs/linux-x86_64/asm_avx2/include/progs.h
npm ERR! gyp verb extracted file from tarball include/node/openssl/archs/linux-x86_64/no-asm/crypto/include/internal/bn_conf.h
npm ERR! gyp verb extracted file from tarball include/node/openssl/archs/linux-x86_64/no-asm/crypto/include/internal/dso_conf.h
npm ERR! gyp verb extracted file from tarball include/node/openssl/archs/linux-x86_64/no-asm/crypto/buildinf.h
npm ERR! gyp verb extracted file from tarball include/node/openssl/archs/linux-x86_64/no-asm/include/openssl/opensslconf.h
npm ERR! gyp verb extracted file from tarball include/node/openssl/archs/linux-x86_64/no-asm/include/progs.h
npm ERR! gyp verb extracted file from tarball include/node/openssl/archs/linux32-s390x/asm/crypto/include/internal/bn_conf.h
npm ERR! gyp verb extracted file from tarball include/node/openssl/archs/linux32-s390x/asm/crypto/include/internal/dso_conf.h
npm ERR! gyp verb extracted file from tarball include/node/openssl/archs/linux32-s390x/asm/crypto/buildinf.h
npm ERR! gyp verb extracted file from tarball include/node/openssl/archs/linux32-s390x/asm/include/openssl/opensslconf.h
npm ERR! gyp verb extracted file from tarball include/node/openssl/archs/linux32-s390x/asm/include/progs.h
npm ERR! gyp verb extracted file from tarball include/node/openssl/archs/linux32-s390x/asm_avx2/crypto/include/internal/bn_conf.h
npm ERR! gyp verb extracted file from tarball include/node/openssl/archs/linux32-s390x/asm_avx2/crypto/include/internal/dso_conf.h
npm ERR! gyp verb extracted file from tarball include/node/openssl/archs/linux32-s390x/asm_avx2/crypto/buildinf.h
npm ERR! gyp verb extracted file from tarball include/node/openssl/archs/linux32-s390x/asm_avx2/include/openssl/opensslconf.h
npm ERR! gyp verb extracted file from tarball include/node/openssl/archs/linux32-s390x/asm_avx2/include/progs.h
npm ERR! gyp verb extracted file from tarball include/node/openssl/archs/linux32-s390x/no-asm/crypto/include/internal/bn_conf.h
npm ERR! gyp verb extracted file from tarball include/node/openssl/archs/linux32-s390x/no-asm/crypto/include/internal/dso_conf.h
npm ERR! gyp verb extracted file from tarball include/node/openssl/archs/linux32-s390x/no-asm/crypto/buildinf.h
npm ERR! gyp verb extracted file from tarball include/node/openssl/archs/linux32-s390x/no-asm/include/openssl/opensslconf.h
npm ERR! gyp verb extracted file from tarball include/node/openssl/archs/linux32-s390x/no-asm/include/progs.h
npm ERR! gyp verb extracted file from tarball include/node/openssl/archs/linux64-mips64/asm/crypto/include/internal/bn_conf.h
npm ERR! gyp verb extracted file from tarball include/node/openssl/archs/linux64-mips64/asm/crypto/include/internal/dso_conf.h
npm ERR! gyp verb extracted file from tarball include/node/openssl/archs/linux64-mips64/asm/crypto/buildinf.h
npm ERR! gyp verb extracted file from tarball include/node/openssl/archs/linux64-mips64/asm/include/openssl/opensslconf.h
npm ERR! gyp verb extracted file from tarball include/node/openssl/archs/linux64-mips64/asm/include/progs.h
npm ERR! gyp verb extracted file from tarball include/node/openssl/archs/linux64-mips64/asm_avx2/crypto/include/internal/bn_conf.h
npm ERR! gyp verb extracted file from tarball include/node/openssl/archs/linux64-mips64/asm_avx2/crypto/include/internal/dso_conf.h
npm ERR! gyp verb extracted file from tarball include/node/openssl/archs/linux64-mips64/asm_avx2/crypto/buildinf.h
npm ERR! gyp verb extracted file from tarball include/node/openssl/archs/linux64-mips64/asm_avx2/include/openssl/opensslconf.h
npm ERR! gyp verb extracted file from tarball include/node/openssl/archs/linux64-mips64/asm_avx2/include/progs.h
npm ERR! gyp verb extracted file from tarball include/node/openssl/archs/linux64-mips64/no-asm/crypto/include/internal/bn_conf.h
npm ERR! gyp verb extracted file from tarball include/node/openssl/archs/linux64-mips64/no-asm/crypto/include/internal/dso_conf.h
npm ERR! gyp verb extracted file from tarball include/node/openssl/archs/linux64-mips64/no-asm/crypto/buildinf.h
npm ERR! gyp verb extracted file from tarball include/node/openssl/archs/linux64-mips64/no-asm/include/openssl/opensslconf.h
npm ERR! gyp verb extracted file from tarball include/node/openssl/archs/linux64-mips64/no-asm/include/progs.h
npm ERR! gyp verb extracted file from tarball include/node/openssl/archs/linux64-s390x/asm/crypto/include/internal/bn_conf.h
npm ERR! gyp verb extracted file from tarball include/node/openssl/archs/linux64-s390x/asm/crypto/include/internal/dso_conf.h
npm ERR! gyp verb extracted file from tarball include/node/openssl/archs/linux64-s390x/asm/crypto/buildinf.h
npm ERR! gyp verb extracted file from tarball include/node/openssl/archs/linux64-s390x/asm/include/openssl/opensslconf.h
npm ERR! gyp verb extracted file from tarball include/node/openssl/archs/linux64-s390x/asm/include/progs.h
npm ERR! gyp verb extracted file from tarball include/node/openssl/archs/linux64-s390x/asm_avx2/crypto/include/internal/bn_conf.h
npm ERR! gyp verb extracted file from tarball include/node/openssl/archs/linux64-s390x/asm_avx2/crypto/include/internal/dso_conf.h
npm ERR! gyp verb extracted file from tarball include/node/openssl/archs/linux64-s390x/asm_avx2/crypto/buildinf.h
npm ERR! gyp verb extracted file from tarball include/node/openssl/archs/linux64-s390x/asm_avx2/include/openssl/opensslconf.h
npm ERR! gyp verb extracted file from tarball include/node/openssl/archs/linux64-s390x/asm_avx2/include/progs.h
npm ERR! gyp verb extracted file from tarball include/node/openssl/archs/linux64-s390x/no-asm/crypto/include/internal/bn_conf.h
npm ERR! gyp verb extracted file from tarball include/node/openssl/archs/linux64-s390x/no-asm/crypto/include/internal/dso_conf.h
npm ERR! gyp verb extracted file from tarball include/node/openssl/archs/linux64-s390x/no-asm/crypto/buildinf.h
npm ERR! gyp verb extracted file from tarball include/node/openssl/archs/linux64-s390x/no-asm/include/openssl/opensslconf.h
npm ERR! gyp verb extracted file from tarball include/node/openssl/archs/linux64-s390x/no-asm/include/progs.h
npm ERR! gyp verb extracted file from tarball include/node/openssl/archs/solaris-x86-gcc/asm/crypto/include/internal/bn_conf.h
npm ERR! gyp verb extracted file from tarball include/node/openssl/archs/solaris-x86-gcc/asm/crypto/include/internal/dso_conf.h
npm ERR! gyp verb extracted file from tarball include/node/openssl/archs/solaris-x86-gcc/asm/crypto/buildinf.h
npm ERR! gyp verb extracted file from tarball include/node/openssl/archs/solaris-x86-gcc/asm/include/openssl/opensslconf.h
npm ERR! gyp verb extracted file from tarball include/node/openssl/archs/solaris-x86-gcc/asm/include/progs.h
npm ERR! gyp verb extracted file from tarball include/node/openssl/archs/solaris-x86-gcc/asm_avx2/crypto/include/internal/bn_conf.h
npm ERR! gyp verb extracted file from tarball include/node/openssl/archs/solaris-x86-gcc/asm_avx2/crypto/include/internal/dso_conf.h
npm ERR! gyp verb extracted file from tarball include/node/openssl/archs/solaris-x86-gcc/asm_avx2/crypto/buildinf.h
npm ERR! gyp verb extracted file from tarball include/node/openssl/archs/solaris-x86-gcc/asm_avx2/include/openssl/opensslconf.h
npm ERR! gyp verb extracted file from tarball include/node/openssl/archs/solaris-x86-gcc/asm_avx2/include/progs.h
npm ERR! gyp verb extracted file from tarball include/node/openssl/archs/solaris-x86-gcc/no-asm/crypto/include/internal/bn_conf.h
npm ERR! gyp verb extracted file from tarball include/node/openssl/archs/solaris-x86-gcc/no-asm/crypto/include/internal/dso_conf.h
npm ERR! gyp verb extracted file from tarball include/node/openssl/archs/solaris-x86-gcc/no-asm/crypto/buildinf.h
npm ERR! gyp verb extracted file from tarball include/node/openssl/archs/solaris-x86-gcc/no-asm/include/openssl/opensslconf.h
npm ERR! gyp verb extracted file from tarball include/node/openssl/archs/solaris-x86-gcc/no-asm/include/progs.h
npm ERR! gyp verb extracted file from tarball include/node/openssl/archs/solaris64-x86_64-gcc/asm/crypto/include/internal/bn_conf.h
npm ERR! gyp verb extracted file from tarball include/node/openssl/archs/solaris64-x86_64-gcc/asm/crypto/include/internal/dso_conf.h
npm ERR! gyp verb extracted file from tarball include/node/openssl/archs/solaris64-x86_64-gcc/asm/crypto/buildinf.h
npm ERR! gyp verb extracted file from tarball include/node/openssl/archs/solaris64-x86_64-gcc/asm/include/openssl/opensslconf.h
npm ERR! gyp verb extracted file from tarball include/node/openssl/archs/solaris64-x86_64-gcc/asm/include/progs.h
npm ERR! gyp verb extracted file from tarball include/node/openssl/archs/solaris64-x86_64-gcc/asm_avx2/crypto/include/internal/bn_conf.h
npm ERR! gyp verb extracted file from tarball include/node/openssl/archs/solaris64-x86_64-gcc/asm_avx2/crypto/include/internal/dso_conf.h
npm ERR! gyp verb extracted file from tarball include/node/openssl/archs/solaris64-x86_64-gcc/asm_avx2/crypto/buildinf.h
npm ERR! gyp verb extracted file from tarball include/node/openssl/archs/solaris64-x86_64-gcc/asm_avx2/include/openssl/opensslconf.h
npm ERR! gyp verb extracted file from tarball include/node/openssl/archs/solaris64-x86_64-gcc/asm_avx2/include/progs.h
npm ERR! gyp verb extracted file from tarball include/node/openssl/archs/solaris64-x86_64-gcc/no-asm/crypto/include/internal/bn_conf.h
npm ERR! gyp verb extracted file from tarball include/node/openssl/archs/solaris64-x86_64-gcc/no-asm/crypto/include/internal/dso_conf.h
npm ERR! gyp verb extracted file from tarball include/node/openssl/archs/solaris64-x86_64-gcc/no-asm/crypto/buildinf.h
npm ERR! gyp verb extracted file from tarball include/node/openssl/archs/solaris64-x86_64-gcc/no-asm/include/openssl/opensslconf.h
npm ERR! gyp verb extracted file from tarball include/node/openssl/archs/solaris64-x86_64-gcc/no-asm/include/progs.h
npm ERR! gyp verb extracted file from tarball include/node/openssl/archs/linux-x32/asm/crypto/buildinf.h
npm ERR! gyp verb extracted file from tarball include/node/openssl/archs/linux-x32/asm/include/progs.h
npm ERR! gyp verb extracted file from tarball include/node/openssl/archs/linux-x32/asm_avx2/crypto/buildinf.h
npm ERR! gyp verb extracted file from tarball include/node/openssl/archs/linux-x32/asm_avx2/include/progs.h
npm ERR! gyp verb extracted file from tarball include/node/openssl/archs/linux-x32/no-asm/crypto/buildinf.h
npm ERR! gyp verb extracted file from tarball include/node/openssl/archs/linux-x32/no-asm/include/progs.h
npm ERR! gyp verb extracted file from tarball include/node/openssl/archs/linux64-riscv64/no-asm/crypto/include/internal/bn_conf.h
npm ERR! gyp verb extracted file from tarball include/node/openssl/archs/linux64-riscv64/no-asm/crypto/include/internal/dso_conf.h
npm ERR! gyp verb extracted file from tarball include/node/openssl/archs/linux64-riscv64/no-asm/crypto/buildinf.h
npm ERR! gyp verb extracted file from tarball include/node/openssl/archs/linux64-riscv64/no-asm/include/openssl/opensslconf.h
npm ERR! gyp verb extracted file from tarball include/node/openssl/archs/linux64-riscv64/no-asm/include/progs.h
npm ERR! gyp verb extracted file from tarball include/node/openssl/ssl_asm.h
npm ERR! gyp verb extracted file from tarball include/node/openssl/x509_vfy_asm.h
npm ERR! gyp verb extracted file from tarball include/node/openssl/bn_conf.h
npm ERR! gyp verb extracted file from tarball include/node/openssl/dso_conf.h
npm ERR! gyp verb extracted file from tarball include/node/openssl/opensslconf.h
npm ERR! gyp verb extracted file from tarball include/node/openssl/cmp_no-asm.h
npm ERR! gyp verb extracted file from tarball include/node/openssl/conf_asm.h
npm ERR! gyp verb extracted file from tarball include/node/openssl/configuration_no-asm.h
npm ERR! gyp verb extracted file from tarball include/node/openssl/ct_asm.h
npm ERR! gyp verb extracted file from tarball include/node/openssl/err_no-asm.h
npm ERR! gyp verb extracted file from tarball include/node/openssl/lhash_asm.h
npm ERR! gyp verb extracted file from tarball include/node/openssl/ocsp_no-asm.h
npm ERR! gyp verb extracted file from tarball include/node/openssl/pkcs12_asm.h
npm ERR! gyp verb extracted file from tarball include/node/openssl/safestack_no-asm.h
npm ERR! gyp verb extracted file from tarball include/node/openssl/x509_asm.h
npm ERR! gyp verb extracted file from tarball include/node/openssl/ct_no-asm.h
npm ERR! gyp verb extracted file from tarball include/node/openssl/ess_asm.h
npm ERR! gyp verb extracted file from tarball include/node/openssl/lhash_no-asm.h
npm ERR! gyp verb extracted file from tarball include/node/openssl/pkcs7_no-asm.h
npm ERR! gyp verb extracted file from tarball include/node/openssl/ssl_no-asm.h
npm ERR! gyp verb extracted file from tarball include/node/openssl/x509_vfy_no-asm.h
npm ERR! gyp verb extracted file from tarball include/node/openssl/asn1_no-asm.h
npm ERR! gyp verb extracted file from tarball include/node/openssl/asn1t_no-asm.h
npm ERR! gyp verb extracted file from tarball include/node/openssl/bio_no-asm.h
npm ERR! gyp verb extracted file from tarball include/node/openssl/bn_conf_no-asm.h
npm ERR! gyp verb extracted file from tarball include/node/openssl/cms_asm.h
npm ERR! gyp verb extracted file from tarball include/node/openssl/conf_no-asm.h
npm ERR! gyp verb extracted file from tarball include/node/openssl/crmf_no-asm.h
npm ERR! gyp verb extracted file from tarball include/node/openssl/dso_conf_asm.h
npm ERR! gyp verb extracted file from tarball include/node/openssl/ess_no-asm.h
npm ERR! gyp verb extracted file from tarball include/node/openssl/ocsp_asm.h
npm ERR! gyp verb content checksum node-v16.17.1-headers.tar.gz 35ccb95caf02cda3bd680da4350a8ae5d666a7a9eae3afe5c2a1b3ef29aef108
npm ERR! gyp verb extracted file from tarball include/node/openssl/opensslv_no-asm.h
npm ERR! gyp verb extracted file from tarball include/node/openssl/safestack_asm.h
npm ERR! gyp verb extracted file from tarball include/node/openssl/ui_asm.h
npm ERR! gyp verb extracted file from tarball include/node/openssl/x509v3_asm.h
npm ERR! gyp verb extracted file from tarball include/node/openssl/crmf_asm.h
npm ERR! gyp verb extracted file from tarball include/node/openssl/crypto_asm.h
npm ERR! gyp verb extracted file from tarball include/node/openssl/dso_conf_no-asm.h
npm ERR! gyp verb extracted file from tarball include/node/openssl/fipskey_asm.h
npm ERR! gyp verb extracted file from tarball include/node/openssl/opensslconf_asm.h
npm ERR! gyp verb extracted file from tarball include/node/openssl/pkcs12_no-asm.h
npm ERR! gyp verb extracted file from tarball include/node/openssl/srp_no-asm.h
npm ERR! gyp verb extracted file from tarball include/node/openssl/x509_no-asm.h
npm ERR! gyp verb extracted file from tarball include/node/openssl/asn1_asm.h
npm ERR! gyp verb extracted file from tarball include/node/openssl/asn1t_asm.h
npm ERR! gyp verb extracted file from tarball include/node/openssl/bio_asm.h
npm ERR! gyp verb extracted file from tarball include/node/openssl/bn_conf_asm.h
npm ERR! gyp verb extracted file from tarball include/node/openssl/cmp_asm.h
npm ERR! gyp verb extracted file from tarball include/node/openssl/cms_no-asm.h
npm ERR! gyp verb extracted file from tarball include/node/openssl/configuration_asm.h
npm ERR! gyp verb extracted file from tarball include/node/openssl/crypto_no-asm.h
npm ERR! gyp verb extracted file from tarball include/node/openssl/err_asm.h
npm ERR! gyp verb extracted file from tarball include/node/openssl/fipskey_no-asm.h
npm ERR! gyp verb extracted file from tarball include/node/openssl/opensslconf_no-asm.h
npm ERR! gyp verb extracted file from tarball include/node/openssl/pkcs7_asm.h
npm ERR! gyp verb extracted file from tarball include/node/openssl/srp_asm.h
npm ERR! gyp verb extracted file from tarball include/node/openssl/ui_no-asm.h
npm ERR! gyp verb extracted file from tarball include/node/openssl/x509v3_no-asm.h
npm ERR! gyp verb extracted file from tarball include/node/zconf.h
npm ERR! gyp verb extracted file from tarball include/node/zlib.h
npm ERR! gyp verb tarball done parsing tarball
npm ERR! gyp verb check download content checksum, need to download `SHASUMS256.txt`... 
npm ERR! gyp verb checksum url https://nodejs.org/download/release/v16.17.1/SHASUMS256.txt
npm ERR! gyp http GET https://nodejs.org/download/release/v16.17.1/SHASUMS256.txt
npm ERR! gyp http 200 https://nodejs.org/download/release/v16.17.1/SHASUMS256.txt
npm ERR! gyp verb checksum data {"node-v16.17.1-aix-ppc64.tar.gz":"dfb37570ef34ac04f34c26d0ec558df60a9665df5961c01c1657c0ca495f2f01","node-v16.17.1-darwin-arm64.tar.gz":"f9f02f7872e2e8ee54320fce13deb9d56904f32bb0615b6e21aa3371d8899150","node-v16.17.1-darwin-arm64.tar.xz":"09a45f60bfb9dfbea4f69044dc733ef983945acd92ca89ccccac267f3d71bd44","node-v16.17.1-darwin-x64.tar.gz":"3db26761ad8493b894d42260d7e65094b7af9bc473588739e61bc1c32d6ff955","node-v16.17.1-darwin-x64.tar.xz":"8e7089956fa01cf7d0045945c0863d282dc6818fb0476237c1396497e29a4254","node-v16.17.1-headers.tar.gz":"35ccb95caf02cda3bd680da4350a8ae5d666a7a9eae3afe5c2a1b3ef29aef108","node-v16.17.1-headers.tar.xz":"554c8d1b4b16e0f4c073b9df7c49c893716a3a533f25ac646f23619f5ccee7df","node-v16.17.1-linux-arm64.tar.gz":"adc7032888d4e672a4aac886baede8c04fccdd1a2e7ab4bcf325e3f336f44a3d","node-v16.17.1-linux-arm64.tar.xz":"3dfb8fd8f6b97df69cdc56524abc906c50ef1d0bf091188616802e6c7c731389","node-v16.17.1-linux-armv7l.tar.gz":"aeab05e35f1d2824ecfb88ca321f1408b44d292b2775f2890972c828e00216d0","node-v16.17.1-linux-armv7l.tar.xz":"a035ceefb5e16f5fce98c8ddfdf721b96eec20542c72fb8781bcbb6ef20c5550","node-v16.17.1-linux-ppc64le.tar.gz":"1f48de7bed99e973c4c50f1b7fc99fc9af5144d093fd6d2b50a1e43b5818bf05","node-v16.17.1-linux-ppc64le.tar.xz":"70305934661f89fca64053b85317a75f233d5e3fdb2caa6546a19262a519cf20","node-v16.17.1-linux-s390x.tar.gz":"029dad48018bda07b481213816549b632059fc673c30fdc7a353e04619128344","node-v16.17.1-linux-s390x.tar.xz":"1a47f604944c6aff37cb7483503155671cdb34bda9bfb8962007bc440fa04d77","node-v16.17.1-linux-x64.tar.gz":"da5658693243b3ecf6a4cba6751a71df1eb9e9703ca93b42a9404aed85f58ad0","node-v16.17.1-linux-x64.tar.xz":"06ba2eb34aa385967f5f58c87a44753f83212f6cccea892b33f80a2e7fda8384","node-v16.17.1.pkg":"12d10476ea7483298364c810c037b9316d1a73dc8c81cfeff7d794aecadde498","node-v16.17.1.tar.gz":"e423985f6019b2026f9a191adb56a96ae83ecd56cdf839cf94aa980168b7a90f","node-v16.17.1.tar.xz":"6721feb4152d56d2c6b358ce397abd5a7f1daf09ee2e25c5021b9b4d3f86a330","node-v16.17.1-win-x64.7z":"9777e8c4b2864c5b54a0e4e9400f14887db68560a09b94b4113b560a64d1e680","node-v16.17.1-win-x64.zip":"ed290151efb417262b9808a70738d4ab79e9d53653a6a9f4b8dd97912e279dce","node-v16.17.1-win-x86.7z":"0f8101648d5c9e49e89fee541da9e574f899716c32b7c51a732b1766b9fc4526","node-v16.17.1-win-x86.zip":"189b5e8b23226403e7b07a46614de19b444d369e694901e3668e2f549799cbcd","node-v16.17.1-x64.msi":"1bdff65fb7642425c0d6826084d63c4be43520316f0ea0b46e6a51999a0ed7fc","node-v16.17.1-x86.msi":"b737eb23a2c67c253b9364b5284123faf5220d567615bebd4ec4b81070e4d177","win-x64/node.exe":"f518a70dcab7c3fac5b2e1ef100b4f628edfb160f4fafa9a94ef222da8a6e9ab","win-x64/node.lib":"2f459a64647db493da63c790ce368ad54f59f086d9f22f59c5018680420197b3","win-x64/node_pdb.7z":"23215ce7d1e9de9777c3407239e7cf18d29d60f757b772219421ab361ac67c74","win-x64/node_pdb.zip":"8e32ec12028fd3e3147435be79a858ed9c870aaafa1fcb291362307ef3c47547","win-x86/node.exe":"2393aff88be19dbe0205cbde4ff0c1d89911b15de5c99c80f6e5e29604eecd12","win-x86/node.lib":"5018c3d42f3fbacbd06cb943b3f2696c8e67ca9bdf6864d0e263d6d6911dffd2","win-x86/node_pdb.7z":"05a4db56444a60ee70b0d2642d7f2d82a33339894d2d73bd07b1a41d6c869e04","win-x86/node_pdb.zip":"8f86eacb7f13a1bf6738cb0819d7854a2abca40fc2e9e1f91421e44ba52cad7e"}
npm ERR! gyp verb download contents checksum {"node-v16.17.1-headers.tar.gz":"35ccb95caf02cda3bd680da4350a8ae5d666a7a9eae3afe5c2a1b3ef29aef108"}
npm ERR! gyp verb validating download checksum for node-v16.17.1-headers.tar.gz (35ccb95caf02cda3bd680da4350a8ae5d666a7a9eae3afe5c2a1b3ef29aef108 == 35ccb95caf02cda3bd680da4350a8ae5d666a7a9eae3afe5c2a1b3ef29aef108)
npm ERR! gyp verb get node dir target node version installed: 16.17.1
npm ERR! gyp verb build dir attempting to create "build" dir: /home/gabsko/breaking-updates/src/ui/node_modules/node-sass/build
npm ERR! gyp verb build dir "build" dir needed to be created? /home/gabsko/breaking-updates/src/ui/node_modules/node-sass/build
npm ERR! gyp verb build/config.gypi creating config file
npm ERR! gyp verb build/config.gypi writing out config file: /home/gabsko/breaking-updates/src/ui/node_modules/node-sass/build/config.gypi
npm ERR! (node:9334) [DEP0150] DeprecationWarning: Setting process.config is deprecated. In the future the property will be read-only.
npm ERR! (Use `node --trace-deprecation ...` to show where the warning was created)
npm ERR! gyp verb config.gypi checking for gypi file: /home/gabsko/breaking-updates/src/ui/node_modules/node-sass/config.gypi
npm ERR! gyp verb common.gypi checking for gypi file: /home/gabsko/breaking-updates/src/ui/node_modules/node-sass/common.gypi
npm ERR! gyp verb gyp gyp format was not specified; forcing "make"
npm ERR! gyp info spawn /usr/bin/python2
npm ERR! gyp info spawn args [
npm ERR! gyp info spawn args   '/home/gabsko/breaking-updates/src/ui/node_modules/node-gyp/gyp/gyp_main.py',
npm ERR! gyp info spawn args   'binding.gyp',
npm ERR! gyp info spawn args   '-f',
npm ERR! gyp info spawn args   'make',
npm ERR! gyp info spawn args   '-I',
npm ERR! gyp info spawn args   '/home/gabsko/breaking-updates/src/ui/node_modules/node-sass/build/config.gypi',
npm ERR! gyp info spawn args   '-I',
npm ERR! gyp info spawn args   '/home/gabsko/breaking-updates/src/ui/node_modules/node-gyp/addon.gypi',
npm ERR! gyp info spawn args   '-I',
npm ERR! gyp info spawn args   '/home/gabsko/.node-gyp/16.17.1/include/node/common.gypi',
npm ERR! gyp info spawn args   '-Dlibrary=shared_library',
npm ERR! gyp info spawn args   '-Dvisibility=default',
npm ERR! gyp info spawn args   '-Dnode_root_dir=/home/gabsko/.node-gyp/16.17.1',
npm ERR! gyp info spawn args   '-Dnode_gyp_dir=/home/gabsko/breaking-updates/src/ui/node_modules/node-gyp',
npm ERR! gyp info spawn args   '-Dnode_lib_file=/home/gabsko/.node-gyp/16.17.1/<(target_arch)/node.lib',
npm ERR! gyp info spawn args   '-Dmodule_root_dir=/home/gabsko/breaking-updates/src/ui/node_modules/node-sass',
npm ERR! gyp info spawn args   '-Dnode_engine=v8',
npm ERR! gyp info spawn args   '--depth=.',
npm ERR! gyp info spawn args   '--no-parallel',
npm ERR! gyp info spawn args   '--generator-output',
npm ERR! gyp info spawn args   'build',
npm ERR! gyp info spawn args   '-Goutput_dir=.'
npm ERR! gyp info spawn args ]
npm ERR! gyp verb command build []
npm ERR! gyp verb build type Release
npm ERR! gyp verb architecture x64
npm ERR! gyp verb node dev dir /home/gabsko/.node-gyp/16.17.1
npm ERR! gyp verb `which` succeeded for `make` /usr/bin/make
npm ERR! gyp info spawn make
npm ERR! gyp info spawn args [ 'V=1', 'BUILDTYPE=Release', '-C', 'build' ]
npm ERR! ../src/libsass/src/cencode.c: In function base64_encode_block:
npm ERR! ../src/libsass/src/cencode.c:48:11: warning: this statement may fall through [-Wimplicit-fallthrough=]
npm ERR!     result = (fragment & 0x003) << 4;
npm ERR!     ~~~~~~~^~~~~~~~~~~~~~~~~~~~~~~~~
npm ERR! ../src/libsass/src/cencode.c:52:2: note: here
npm ERR!   case step_B:
npm ERR!   ^~~~
npm ERR! ../src/libsass/src/cencode.c:62:11: warning: this statement may fall through [-Wimplicit-fallthrough=]
npm ERR!     result = (fragment & 0x00f) << 2;
npm ERR!     ~~~~~~~^~~~~~~~~~~~~~~~~~~~~~~~~
npm ERR! ../src/libsass/src/cencode.c:66:2: note: here
npm ERR!   case step_C:
npm ERR!   ^~~~
npm ERR! In file included from /home/gabsko/.node-gyp/16.17.1/include/node/v8.h:30:0,
npm ERR!                  from /home/gabsko/.node-gyp/16.17.1/include/node/node.h:73,
npm ERR!                  from ../../nan/nan.h:60,
npm ERR!                  from ../src/binding.cpp:1:
npm ERR! /home/gabsko/.node-gyp/16.17.1/include/node/v8-internal.h: In function void v8::internal::PerformCastCheck(T*):
npm ERR! /home/gabsko/.node-gyp/16.17.1/include/node/v8-internal.h:492:38: error: remove_cv_t is not a member of std
npm ERR!              !std::is_same<Data, std::remove_cv_t<T>>::value>::Perform(data);
npm ERR!                                       ^~~~~~~~~~~
npm ERR! /home/gabsko/.node-gyp/16.17.1/include/node/v8-internal.h:492:38: note: suggested alternative: remove_cv
npm ERR!              !std::is_same<Data, std::remove_cv_t<T>>::value>::Perform(data);
npm ERR!                                       ^~~~~~~~~~~
npm ERR!                                       remove_cv
npm ERR! /home/gabsko/.node-gyp/16.17.1/include/node/v8-internal.h:492:38: error: remove_cv_t is not a member of std
npm ERR! /home/gabsko/.node-gyp/16.17.1/include/node/v8-internal.h:492:38: note: suggested alternative: remove_cv
npm ERR!              !std::is_same<Data, std::remove_cv_t<T>>::value>::Perform(data);
npm ERR!                                       ^~~~~~~~~~~
npm ERR!                                       remove_cv
npm ERR! /home/gabsko/.node-gyp/16.17.1/include/node/v8-internal.h:492:50: error: template argument 2 is invalid
npm ERR!              !std::is_same<Data, std::remove_cv_t<T>>::value>::Perform(data);
npm ERR!                                                   ^
npm ERR! /home/gabsko/.node-gyp/16.17.1/include/node/v8-internal.h:492:63: error: ::Perform has not been declared
npm ERR!              !std::is_same<Data, std::remove_cv_t<T>>::value>::Perform(data);
npm ERR!                                                                ^~~~~~~
npm ERR! /home/gabsko/.node-gyp/16.17.1/include/node/v8-internal.h:492:63: note: suggested alternative: herror
npm ERR!              !std::is_same<Data, std::remove_cv_t<T>>::value>::Perform(data);
npm ERR!                                                                ^~~~~~~
npm ERR!                                                                herror
npm ERR! make: *** [Release/obj.target/binding/src/binding.o] Error 1
npm ERR! gyp ERR! build error 
npm ERR! gyp ERR! stack Error: `make` failed with exit code: 2
npm ERR! gyp ERR! stack     at ChildProcess.onExit (/home/gabsko/breaking-updates/src/ui/node_modules/node-gyp/lib/build.js:262:23)
npm ERR! gyp ERR! stack     at ChildProcess.emit (node:events:513:28)
npm ERR! gyp ERR! stack     at Process.ChildProcess._handle.onexit (node:internal/child_process:291:12)
npm ERR! gyp ERR! System Linux 5.4.0-113-generic
npm ERR! gyp ERR! command "/usr/local/bin/node" "/home/gabsko/breaking-updates/src/ui/node_modules/node-gyp/bin/node-gyp.js" "rebuild" "--verbose" "--libsass_ext=" "--libsass_cflags=" "--libsass_ldflags=" "--libsass_library="
npm ERR! gyp ERR! cwd /home/gabsko/breaking-updates/src/ui/node_modules/node-sass
npm ERR! gyp ERR! node -v v16.17.1
npm ERR! gyp ERR! node-gyp -v v3.8.0
npm ERR! gyp ERR! not ok 
npm ERR! Build failed with error code: 1

npm ERR! A complete log of this run can be found in:
npm ERR!     /home/gabsko/.npm/_logs/2023-01-13T22_36_40_940Z-debug-0.log
[ERROR] Command execution failed.
org.apache.commons.exec.ExecuteException: Process exited with an error: 1 (Exit value: 1)
    at org.apache.commons.exec.DefaultExecutor.executeInternal (DefaultExecutor.java:404)
    at org.apache.commons.exec.DefaultExecutor.execute (DefaultExecutor.java:166)
    at org.codehaus.mojo.exec.ExecMojo.executeCommandLine (ExecMojo.java:804)
    at org.codehaus.mojo.exec.ExecMojo.executeCommandLine (ExecMojo.java:751)
    at org.codehaus.mojo.exec.ExecMojo.execute (ExecMojo.java:313)
    at org.apache.maven.plugin.DefaultBuildPluginManager.executeMojo (DefaultBuildPluginManager.java:137)
    at org.apache.maven.lifecycle.internal.MojoExecutor.doExecute2 (MojoExecutor.java:370)
    at org.apache.maven.lifecycle.internal.MojoExecutor.doExecute (MojoExecutor.java:351)
    at org.apache.maven.lifecycle.internal.MojoExecutor.execute (MojoExecutor.java:215)
    at org.apache.maven.lifecycle.internal.MojoExecutor.execute (MojoExecutor.java:171)
    at org.apache.maven.lifecycle.internal.MojoExecutor.execute (MojoExecutor.java:163)
    at org.apache.maven.lifecycle.internal.LifecycleModuleBuilder.buildProject (LifecycleModuleBuilder.java:117)
    at org.apache.maven.lifecycle.internal.LifecycleModuleBuilder.buildProject (LifecycleModuleBuilder.java:81)
    at org.apache.maven.lifecycle.internal.builder.singlethreaded.SingleThreadedBuilder.build (SingleThreadedBuilder.java:56)
    at org.apache.maven.lifecycle.internal.LifecycleStarter.execute (LifecycleStarter.java:128)
    at org.apache.maven.DefaultMaven.doExecute (DefaultMaven.java:294)
    at org.apache.maven.DefaultMaven.doExecute (DefaultMaven.java:192)
    at org.apache.maven.DefaultMaven.execute (DefaultMaven.java:105)
    at org.apache.maven.cli.MavenCli.execute (MavenCli.java:960)
    at org.apache.maven.cli.MavenCli.doMain (MavenCli.java:293)
    at org.apache.maven.cli.MavenCli.main (MavenCli.java:196)
    at jdk.internal.reflect.NativeMethodAccessorImpl.invoke0 (Native Method)
    at jdk.internal.reflect.NativeMethodAccessorImpl.invoke (NativeMethodAccessorImpl.java:62)
    at jdk.internal.reflect.DelegatingMethodAccessorImpl.invoke (DelegatingMethodAccessorImpl.java:43)
    at java.lang.reflect.Method.invoke (Method.java:566)
    at org.codehaus.plexus.classworlds.launcher.Launcher.launchEnhanced (Launcher.java:282)
    at org.codehaus.plexus.classworlds.launcher.Launcher.launch (Launcher.java:225)
    at org.codehaus.plexus.classworlds.launcher.Launcher.mainWithExitCode (Launcher.java:406)
    at org.codehaus.plexus.classworlds.launcher.Launcher.main (Launcher.java:347)
[INFO] ------------------------------------------------------------------------
[INFO] Reactor Summary for Reaper for Apache Cassandra project 2.3.0-SNAPSHOT:
[INFO] 
[INFO] Reaper for Apache Cassandra project ................ SUCCESS [  0.338 s]
[INFO] Reaper for Apache Cassandra server ................. FAILURE [02:12 min]
[INFO] ------------------------------------------------------------------------
[INFO] BUILD FAILURE
[INFO] ------------------------------------------------------------------------
[INFO] Total time:  02:13 min
[INFO] Finished at: 2023-01-13T22:38:42Z
[INFO] ------------------------------------------------------------------------
[ERROR] Failed to execute goal org.codehaus.mojo:exec-maven-plugin:1.6.0:exec (exec-npm-install) on project cassandra-reaper: Command execution failed. Process exited with an error: 1 (Exit value: 1) -> [Help 1]
[ERROR] 
[ERROR] To see the full stack trace of the errors, re-run Maven with the -e switch.
[ERROR] Re-run Maven using the -X switch to enable full debug logging.
[ERROR] 
[ERROR] For more information about the errors and possible solutions, please read the following articles:
[ERROR] [Help 1] http://cwiki.apache.org/confluence/display/MAVEN/MojoExecutionException
[ERROR] 
[ERROR] After correcting the problems, you can resume the build with the command
[ERROR]   mvn <args> -rf :cassandra-reaper
