[INFO] Scanning for projects...
[INFO] ------------------------------------------------------------------------
[INFO] Reactor Build Order:
[INFO] 
[INFO] FluentLenium                                                       [pom]
[INFO] FluentLenium Core                                                  [jar]
[INFO] FluentLenium TestNG                                                [jar]
[INFO] FluentLenium AssertJ                                               [jar]
[INFO] FluentLenium JUnit Jupiter                                         [jar]
[INFO] FluentLenium Integration Tests                                     [jar]
[INFO] FluentLenium JUnit                                                 [jar]
[INFO] FluentLenium Spring TestNG                                         [jar]
[INFO] FluentLenium Cucumber                                              [jar]
[INFO] FluentLenium Spock                                                 [jar]
[INFO] FluentLenium Kotest                                                [jar]
[INFO] FluentLenium Kotest Assertions                                     [jar]
[INFO] FluentLenium Coverage Report                                       [jar]
[INFO] 
[INFO] ----------------< org.fluentlenium:fluentlenium-parent >----------------
[INFO] Building FluentLenium 4.8.1-SNAPSHOT                              [1/13]
[INFO] --------------------------------[ pom ]---------------------------------
[INFO] 
[INFO] --- maven-clean-plugin:3.1.0:clean (default-clean) @ fluentlenium-parent ---
[INFO] 
[INFO] --- flatten-maven-plugin:1.2.7:clean (flatten.clean) @ fluentlenium-parent ---
[INFO] Deleting /home/gabsko/breaking-updates/.flattened-pom.xml
[INFO] 
[INFO] --- maven-enforcer-plugin:3.0.0-M3:enforce (enforce-maven) @ fluentlenium-parent ---
[INFO] 
[INFO] --- jacoco-maven-plugin:0.8.7:prepare-agent (prepare-agent) @ fluentlenium-parent ---
[INFO] argLine set to -javaagent:/home/gabsko/.m2/repository/org/jacoco/org.jacoco.agent/0.8.7/org.jacoco.agent-0.8.7-runtime.jar=destfile=/home/gabsko/breaking-updates/target/jacoco.exec,excludes=**com.steadystate*:**com/gargoylesoftware*
[INFO] 
[INFO] --- flatten-maven-plugin:1.2.7:flatten (flatten) @ fluentlenium-parent ---
[INFO] Generating flattened POM of project org.fluentlenium:fluentlenium-parent:pom:4.8.1-SNAPSHOT...
[INFO] 
[INFO] -----------------< org.fluentlenium:fluentlenium-core >-----------------
[INFO] Building FluentLenium Core 4.8.1-SNAPSHOT                         [2/13]
[INFO] --------------------------------[ jar ]---------------------------------
[INFO] 
[INFO] --- maven-clean-plugin:3.1.0:clean (default-clean) @ fluentlenium-core ---
[INFO] Deleting /home/gabsko/breaking-updates/fluentlenium-core/target
[INFO] 
[INFO] --- flatten-maven-plugin:1.2.7:clean (flatten.clean) @ fluentlenium-core ---
[INFO] Deleting /home/gabsko/breaking-updates/fluentlenium-core/.flattened-pom.xml
[INFO] 
[INFO] --- maven-enforcer-plugin:3.0.0-M3:enforce (enforce-maven) @ fluentlenium-core ---
[INFO] 
[INFO] --- jacoco-maven-plugin:0.8.7:prepare-agent (prepare-agent) @ fluentlenium-core ---
[INFO] argLine set to -javaagent:/home/gabsko/.m2/repository/org/jacoco/org.jacoco.agent/0.8.7/org.jacoco.agent-0.8.7-runtime.jar=destfile=/home/gabsko/breaking-updates/fluentlenium-core/target/jacoco.exec,excludes=**com.steadystate*:**com/gargoylesoftware*
[INFO] 
[INFO] --- maven-resources-plugin:3.2.0:resources (default-resources) @ fluentlenium-core ---
[INFO] Using 'UTF-8' encoding to copy filtered resources.
[INFO] Using 'UTF-8' encoding to copy filtered properties files.
[INFO] Copying 2 resources
[INFO] 
[INFO] --- flatten-maven-plugin:1.2.7:flatten (flatten) @ fluentlenium-core ---
[INFO] Generating flattened POM of project org.fluentlenium:fluentlenium-core:jar:4.8.1-SNAPSHOT...
[INFO] 
[INFO] --- maven-compiler-plugin:3.8.1:compile (default-compile) @ fluentlenium-core ---
[INFO] Changes detected - recompiling the module!
[INFO] Compiling 345 source files to /home/gabsko/breaking-updates/fluentlenium-core/target/classes
[INFO] /home/gabsko/breaking-updates/fluentlenium-core/src/main/java/org/fluentlenium/utils/ReflectionUtils.java: Some input files use or override a deprecated API.
[INFO] /home/gabsko/breaking-updates/fluentlenium-core/src/main/java/org/fluentlenium/utils/ReflectionUtils.java: Recompile with -Xlint:deprecation for details.
[INFO] /home/gabsko/breaking-updates/fluentlenium-core/src/main/java/org/fluentlenium/core/domain/FluentWebElement.java: Some input files use unchecked or unsafe operations.
[INFO] /home/gabsko/breaking-updates/fluentlenium-core/src/main/java/org/fluentlenium/core/domain/FluentWebElement.java: Recompile with -Xlint:unchecked for details.
[INFO] 
[INFO] --- maven-resources-plugin:3.2.0:testResources (default-testResources) @ fluentlenium-core ---
[INFO] Using 'UTF-8' encoding to copy filtered resources.
[INFO] Using 'UTF-8' encoding to copy filtered properties files.
[INFO] Copying 14 resources
[INFO] 
[INFO] --- maven-compiler-plugin:3.8.1:testCompile (default-testCompile) @ fluentlenium-core ---
[INFO] Changes detected - recompiling the module!
[INFO] Compiling 141 source files to /home/gabsko/breaking-updates/fluentlenium-core/target/test-classes
[INFO] /home/gabsko/breaking-updates/fluentlenium-core/src/test/java/org/fluentlenium/core/performance/HtmlUnitPerformanceTimingMetricsTest.java: Some input files use or override a deprecated API.
[INFO] /home/gabsko/breaking-updates/fluentlenium-core/src/test/java/org/fluentlenium/core/performance/HtmlUnitPerformanceTimingMetricsTest.java: Recompile with -Xlint:deprecation for details.
[INFO] /home/gabsko/breaking-updates/fluentlenium-core/src/test/java/org/fluentlenium/core/proxy/ProxyHookTest.java: Some input files use unchecked or unsafe operations.
[INFO] /home/gabsko/breaking-updates/fluentlenium-core/src/test/java/org/fluentlenium/core/proxy/ProxyHookTest.java: Recompile with -Xlint:unchecked for details.
[INFO] 
[INFO] --- maven-surefire-plugin:3.0.0-M5:test (default-test) @ fluentlenium-core ---
[INFO] 
[INFO] -------------------------------------------------------
[INFO]  T E S T S
[INFO] -------------------------------------------------------
[INFO] Running org.fluentlenium.core.performance.DefaultPerformanceTimingMetricsIndividualEventsTest
[INFO] Tests run: 20, Failures: 0, Errors: 0, Skipped: 0, Time elapsed: 0.097 s - in org.fluentlenium.core.performance.DefaultPerformanceTimingMetricsIndividualEventsTest
[INFO] Running org.fluentlenium.core.performance.PerformanceTimingSpecificEventValueInTimeUnitTest
[INFO] Tests run: 20, Failures: 0, Errors: 0, Skipped: 0, Time elapsed: 0.596 s - in org.fluentlenium.core.performance.PerformanceTimingSpecificEventValueInTimeUnitTest
[INFO] Running org.fluentlenium.core.performance.PerformanceTimingSpecificEventValuesTest
[INFO] Tests run: 20, Failures: 0, Errors: 0, Skipped: 0, Time elapsed: 0.028 s - in org.fluentlenium.core.performance.PerformanceTimingSpecificEventValuesTest
[INFO] Running org.fluentlenium.configuration.WebDriversRegistryImplSpecificDriversTest
[INFO] Tests run: 7, Failures: 0, Errors: 0, Skipped: 0, Time elapsed: 0.058 s - in org.fluentlenium.configuration.WebDriversRegistryImplSpecificDriversTest
[INFO] Running org.fluentlenium.utils.ReflectionUtilsTest
[INFO] Tests run: 3, Failures: 0, Errors: 0, Skipped: 0, Time elapsed: 0.029 s - in org.fluentlenium.utils.ReflectionUtilsTest
[INFO] Running org.fluentlenium.utils.SeleniumVersionCheckerRetrieveVersionTest
[INFO] Tests run: 4, Failures: 0, Errors: 0, Skipped: 0, Time elapsed: 0.308 s - in org.fluentlenium.utils.SeleniumVersionCheckerRetrieveVersionTest
[INFO] Running org.fluentlenium.utils.UrlUtilsTest
[INFO] Tests run: 17, Failures: 0, Errors: 0, Skipped: 0, Time elapsed: 0.013 s - in org.fluentlenium.utils.UrlUtilsTest
[INFO] Running org.fluentlenium.core.inject.InjectionAnnotationsTest
[INFO] Tests run: 8, Failures: 0, Errors: 0, Skipped: 0, Time elapsed: 0.038 s - in org.fluentlenium.core.inject.InjectionAnnotationsTest
[INFO] Running org.fluentlenium.core.inject.LabelAnnotationsTest
[INFO] Tests run: 5, Failures: 0, Errors: 0, Skipped: 0, Time elapsed: 0.009 s - in org.fluentlenium.core.inject.LabelAnnotationsTest
[INFO] Running org.fluentlenium.core.ScreenshotTest
14:27:32.966 [pool-2-thread-6] INFO  FluentDriverScreenshotPersister - Created screenshot at: /tmp/junit6254573966017000122/test.jpg
[INFO] Tests run: 2, Failures: 0, Errors: 0, Skipped: 0, Time elapsed: 0.105 s - in org.fluentlenium.core.ScreenshotTest
[INFO] Running org.fluentlenium.core.events.ListenerPriorityComparatorTest
[INFO] Tests run: 3, Failures: 0, Errors: 0, Skipped: 0, Time elapsed: 0.002 s - in org.fluentlenium.core.events.ListenerPriorityComparatorTest
[INFO] Running org.fluentlenium.core.wait.TimeToChronoUnitConverterTest
[INFO] Tests run: 1, Failures: 0, Errors: 0, Skipped: 0, Time elapsed: 0.737 s - in org.fluentlenium.core.wait.TimeToChronoUnitConverterTest
[INFO] Running org.fluentlenium.core.url.UrlTemplateTest
[INFO] Tests run: 25, Failures: 0, Errors: 0, Skipped: 0, Time elapsed: 0.02 s - in org.fluentlenium.core.url.UrlTemplateTest
[INFO] Running org.fluentlenium.core.conditions.IntegerConditionsTest
[INFO] Tests run: 3, Failures: 0, Errors: 0, Skipped: 0, Time elapsed: 0.007 s - in org.fluentlenium.core.conditions.IntegerConditionsTest
[INFO] Running org.fluentlenium.core.conditions.StringConditionsImplTest
[INFO] Tests run: 21, Failures: 0, Errors: 0, Skipped: 0, Time elapsed: 0.003 s - in org.fluentlenium.core.conditions.StringConditionsImplTest
[INFO] Running org.fluentlenium.core.conditions.message.MessageProxyTest
[INFO] Tests run: 3, Failures: 0, Errors: 0, Skipped: 0, Time elapsed: 0.075 s - in org.fluentlenium.core.conditions.message.MessageProxyTest
[INFO] Running org.fluentlenium.core.performance.DefaultPerformanceTimingTest
[INFO] Tests run: 7, Failures: 0, Errors: 0, Skipped: 0, Time elapsed: 0.005 s - in org.fluentlenium.core.performance.DefaultPerformanceTimingTest
[INFO] Running org.fluentlenium.core.performance.PerformanceTimingMetricsFactoryTest
[INFO] Tests run: 3, Failures: 0, Errors: 0, Skipped: 0, Time elapsed: 0.051 s - in org.fluentlenium.core.performance.PerformanceTimingMetricsFactoryTest
[INFO] Running org.fluentlenium.core.performance.PerformanceTimingNavigationStartTest
[INFO] Tests run: 1, Failures: 0, Errors: 0, Skipped: 0, Time elapsed: 0.004 s - in org.fluentlenium.core.performance.PerformanceTimingNavigationStartTest
[INFO] Running org.fluentlenium.core.performance.DefaultPerformanceTimingMetricsTest
[INFO] Tests run: 5, Failures: 0, Errors: 0, Skipped: 0, Time elapsed: 0.275 s - in org.fluentlenium.core.performance.DefaultPerformanceTimingMetricsTest
[INFO] Running org.fluentlenium.core.performance.HtmlUnitPerformanceTimingMetricsTest
[INFO] Tests run: 6, Failures: 0, Errors: 0, Skipped: 0, Time elapsed: 0.242 s - in org.fluentlenium.core.performance.HtmlUnitPerformanceTimingMetricsTest
[INFO] Running org.fluentlenium.core.filter.AttributeFilterTest
[INFO] Tests run: 13, Failures: 0, Errors: 0, Skipped: 0, Time elapsed: 0.255 s - in org.fluentlenium.core.filter.AttributeFilterTest
[INFO] Running org.fluentlenium.core.filter.matcher.StartsWithMatcherTest
[INFO] Tests run: 4, Failures: 0, Errors: 0, Skipped: 0, Time elapsed: 0.001 s - in org.fluentlenium.core.filter.matcher.StartsWithMatcherTest
[INFO] Running org.fluentlenium.core.filter.matcher.ContainsWordMatcherTest
[INFO] Tests run: 2, Failures: 0, Errors: 0, Skipped: 0, Time elapsed: 0.001 s - in org.fluentlenium.core.filter.matcher.ContainsWordMatcherTest
[INFO] Running org.fluentlenium.core.filter.matcher.CalculateServiceTest
[INFO] Tests run: 20, Failures: 0, Errors: 0, Skipped: 0, Time elapsed: 0.003 s - in org.fluentlenium.core.filter.matcher.CalculateServiceTest
[INFO] Running org.fluentlenium.core.filter.matcher.EndsWithMatcherTest
[INFO] Tests run: 4, Failures: 0, Errors: 0, Skipped: 0, Time elapsed: 0.002 s - in org.fluentlenium.core.filter.matcher.EndsWithMatcherTest
[INFO] Running org.fluentlenium.core.filter.matcher.ContainsMatcherTest
[INFO] Tests run: 4, Failures: 0, Errors: 0, Skipped: 0, Time elapsed: 0.001 s - in org.fluentlenium.core.filter.matcher.ContainsMatcherTest
[INFO] Running org.fluentlenium.core.filter.matcher.NotStartsWithMatcherTest
[INFO] Tests run: 4, Failures: 0, Errors: 0, Skipped: 0, Time elapsed: 0.002 s - in org.fluentlenium.core.filter.matcher.NotStartsWithMatcherTest
[INFO] Running org.fluentlenium.core.filter.matcher.EqualMatcherTest
[INFO] Tests run: 4, Failures: 0, Errors: 0, Skipped: 0, Time elapsed: 0.002 s - in org.fluentlenium.core.filter.matcher.EqualMatcherTest
[INFO] Running org.fluentlenium.core.filter.matcher.NotContainsMatcherTest
[INFO] Tests run: 4, Failures: 0, Errors: 0, Skipped: 0, Time elapsed: 0.001 s - in org.fluentlenium.core.filter.matcher.NotContainsMatcherTest
[INFO] Running org.fluentlenium.core.filter.matcher.NotEndsWithMatcherTest
[INFO] Tests run: 4, Failures: 0, Errors: 0, Skipped: 0, Time elapsed: 0.002 s - in org.fluentlenium.core.filter.matcher.NotEndsWithMatcherTest
[INFO] Running org.fluentlenium.adapter.sharedwebdriver.JvmSharedWebDriverContainerTest
[INFO] Tests run: 1, Failures: 0, Errors: 0, Skipped: 0, Time elapsed: 0.014 s - in org.fluentlenium.adapter.sharedwebdriver.JvmSharedWebDriverContainerTest
[INFO] Running org.fluentlenium.adapter.sharedwebdriver.SharedWebDriverContainerTest
[INFO] Tests run: 2, Failures: 0, Errors: 0, Skipped: 0, Time elapsed: 0.017 s - in org.fluentlenium.adapter.sharedwebdriver.SharedWebDriverContainerTest
[INFO] Running org.fluentlenium.adapter.sharedwebdriver.ThreadSharedWebDriverContainerTest
[INFO] Tests run: 4, Failures: 0, Errors: 0, Skipped: 0, Time elapsed: 0.005 s - in org.fluentlenium.adapter.sharedwebdriver.ThreadSharedWebDriverContainerTest
[INFO] Running org.fluentlenium.adapter.sharedwebdriver.MethodSharedWebDriverContainerTest
[INFO] Tests run: 3, Failures: 0, Errors: 0, Skipped: 0, Time elapsed: 0.003 s - in org.fluentlenium.adapter.sharedwebdriver.MethodSharedWebDriverContainerTest
[INFO] Running org.fluentlenium.adapter.sharedwebdriver.ClassSharedWebDriverContainerTest
[INFO] Tests run: 2, Failures: 0, Errors: 0, Skipped: 0, Time elapsed: 0.003 s - in org.fluentlenium.adapter.sharedwebdriver.ClassSharedWebDriverContainerTest
[INFO] Running org.fluentlenium.adapter.DefaultSharedMutatorTest
[INFO] Tests run: 1, Failures: 0, Errors: 0, Skipped: 0, Time elapsed: 0.002 s - in org.fluentlenium.adapter.DefaultSharedMutatorTest
[INFO] Running org.fluentlenium.configuration.ConfigurationFactoryProviderTest
[INFO] Tests run: 6, Failures: 0, Errors: 0, Skipped: 0, Time elapsed: 0.007 s - in org.fluentlenium.configuration.ConfigurationFactoryProviderTest
[INFO] Running org.fluentlenium.configuration.WebDriversRegistryImplTest
[INFO] Tests run: 8, Failures: 0, Errors: 0, Skipped: 0, Time elapsed: 0.659 s - in org.fluentlenium.configuration.WebDriversRegistryImplTest
[INFO] Running org.fluentlenium.configuration.RemoteWebDriverTest
[INFO] Tests run: 5, Failures: 0, Errors: 0, Skipped: 0, Time elapsed: 0.051 s - in org.fluentlenium.configuration.RemoteWebDriverTest
[INFO] Running org.fluentlenium.configuration.ConfigurationDefaultsFactoryTest
[INFO] Tests run: 4, Failures: 0, Errors: 0, Skipped: 0, Time elapsed: 0.013 s - in org.fluentlenium.configuration.ConfigurationDefaultsFactoryTest
[INFO] Running org.fluentlenium.configuration.ComposedConfigurationTest
[INFO] Tests run: 16, Failures: 0, Errors: 0, Skipped: 0, Time elapsed: 0.019 s - in org.fluentlenium.configuration.ComposedConfigurationTest
[INFO] Running org.fluentlenium.configuration.CapabilitiesJsonParsingTest
[INFO] Tests run: 1, Failures: 0, Errors: 0, Skipped: 0, Time elapsed: 0.018 s - in org.fluentlenium.configuration.CapabilitiesJsonParsingTest
[INFO] Running org.fluentlenium.configuration.AnnotationConfigurationTest
Jan 16, 2023 2:27:35 PM org.openqa.selenium.remote.DesiredCapabilities firefox
INFO: Using `new FirefoxOptions()` is preferred to `DesiredCapabilities.firefox()`
Jan 16, 2023 2:27:35 PM org.openqa.selenium.remote.DesiredCapabilities firefox
INFO: Using `new FirefoxOptions()` is preferred to `DesiredCapabilities.firefox()`
Jan 16, 2023 2:27:35 PM org.openqa.selenium.remote.DesiredCapabilities chrome
INFO: Using `new ChromeOptions()` is preferred to `DesiredCapabilities.chrome()`
Jan 16, 2023 2:27:35 PM org.openqa.selenium.remote.DesiredCapabilities firefox
INFO: Using `new FirefoxOptions()` is preferred to `DesiredCapabilities.firefox()`
[WARNING] Tests run: 29, Failures: 0, Errors: 0, Skipped: 1, Time elapsed: 10.146 s - in org.fluentlenium.configuration.AnnotationConfigurationTest
[INFO] Running org.fluentlenium.configuration.ConfigurationDefaultsTest
[INFO] Tests run: 1, Failures: 0, Errors: 0, Skipped: 0, Time elapsed: 0.018 s - in org.fluentlenium.configuration.ConfigurationDefaultsTest
[INFO] Running org.fluentlenium.configuration.ReflectiveWebDriverFactoryTest
[INFO] Tests run: 9, Failures: 0, Errors: 0, Skipped: 0, Time elapsed: 0.043 s - in org.fluentlenium.configuration.ReflectiveWebDriverFactoryTest
[INFO] Running org.fluentlenium.configuration.CapabilitiesRegistryImplTest
[INFO] Tests run: 4, Failures: 0, Errors: 0, Skipped: 0, Time elapsed: 0.003 s - in org.fluentlenium.configuration.CapabilitiesRegistryImplTest
[INFO] Running org.fluentlenium.configuration.ProgrammaticConfigurationTest
[INFO] Tests run: 2, Failures: 0, Errors: 0, Skipped: 0, Time elapsed: 0.025 s - in org.fluentlenium.configuration.ProgrammaticConfigurationTest
[INFO] Running org.fluentlenium.configuration.CapabilitiesConfigurationPropertyRetrieverTest
Jan 16, 2023 2:27:45 PM org.openqa.selenium.remote.DesiredCapabilities firefox
INFO: Using `new FirefoxOptions()` is preferred to `DesiredCapabilities.firefox()`
Jan 16, 2023 2:27:45 PM org.openqa.selenium.remote.DesiredCapabilities firefox
INFO: Using `new FirefoxOptions()` is preferred to `DesiredCapabilities.firefox()`
[INFO] Tests run: 7, Failures: 0, Errors: 0, Skipped: 0, Time elapsed: 131.404 s - in org.fluentlenium.configuration.CapabilitiesConfigurationPropertyRetrieverTest
[INFO] Running org.fluentlenium.utils.SeleniumVersionCheckLoggingTest
14:29:57.152 [maven-surefire-plugin@NotThreadSafe] INFO  SeleniumVersionChecker - FluentLenium wasn't able to read Selenium version from your pom.xml. Skipped compatibility check. Please make sure you are using correct Selenium version - 3.141.59
14:29:57.156 [maven-surefire-plugin@NotThreadSafe] WARN  SeleniumVersionChecker - You are using incompatible Selenium version. Please change it to 3.141.59. You can find example on project main page https://github.com/FluentLenium/FluentLenium
[INFO] Tests run: 4, Failures: 0, Errors: 0, Skipped: 0, Time elapsed: 0.027 s - in org.fluentlenium.utils.SeleniumVersionCheckLoggingTest
[INFO] Running org.fluentlenium.utils.ChromiumApiTest
14:29:57.223 [main] ERROR ChromiumApi - Failed to define command via reflection
14:29:57.225 [main] ERROR ChromiumApi - Failed to define command via reflection
14:29:57.225 [main] INFO  ChromiumApi - Command "" executed with null state
14:29:57.226 [main] ERROR ChromiumApi - Failed to define command via reflection
14:29:57.227 [main] ERROR ChromiumApi - Failed to define command via reflection
14:29:57.227 [main] INFO  ChromiumApi - Command "" executed with null state
[INFO] Tests run: 4, Failures: 0, Errors: 0, Skipped: 0, Time elapsed: 0.068 s - in org.fluentlenium.utils.ChromiumApiTest
[INFO] Running org.fluentlenium.core.domain.FluentListSearchTest
[INFO] Tests run: 6, Failures: 0, Errors: 0, Skipped: 0, Time elapsed: 0.034 s - in org.fluentlenium.core.domain.FluentListSearchTest
[INFO] Running org.fluentlenium.core.domain.FluentWebElementTest
[INFO] Tests run: 43, Failures: 0, Errors: 0, Skipped: 0, Time elapsed: 0.281 s - in org.fluentlenium.core.domain.FluentWebElementTest
[INFO] Running org.fluentlenium.core.domain.FluentListImplTest
[INFO] Tests run: 27, Failures: 0, Errors: 0, Skipped: 0, Time elapsed: 0.201 s - in org.fluentlenium.core.domain.FluentListImplTest
[INFO] Running org.fluentlenium.core.domain.FluentJavascriptTest
[INFO] Tests run: 2, Failures: 0, Errors: 0, Skipped: 0, Time elapsed: 0.028 s - in org.fluentlenium.core.domain.FluentJavascriptTest
[INFO] Running org.fluentlenium.core.FluentDriverHtmlDumperTest
14:29:57.787 [main] INFO  FluentDriverHtmlDumper - Created HTML dump at: /tmp/htmldump.html9409083736515538874
14:29:57.798 [main] INFO  FluentDriverHtmlDumper - Created HTML dump at: /tmp/htmldump.html4663604831588003486
[INFO] Tests run: 2, Failures: 0, Errors: 0, Skipped: 0, Time elapsed: 0.023 s - in org.fluentlenium.core.FluentDriverHtmlDumperTest
[INFO] Running org.fluentlenium.core.FluentDriverScreenshotPersisterTest
14:29:57.810 [main] INFO  FluentDriverScreenshotPersister - Created screenshot at: /tmp/screenshot.png1810456652501241394
14:29:57.811 [main] INFO  FluentDriverScreenshotPersister - Created screenshot at: /tmp/screenshot.png18024601062203292856
[INFO] Tests run: 2, Failures: 0, Errors: 0, Skipped: 0, Time elapsed: 0.013 s - in org.fluentlenium.core.FluentDriverScreenshotPersisterTest
[INFO] Running org.fluentlenium.core.FluentDriverTest
[INFO] Tests run: 14, Failures: 0, Errors: 0, Skipped: 0, Time elapsed: 0.239 s - in org.fluentlenium.core.FluentDriverTest
[INFO] Running org.fluentlenium.core.inject.FluentInjectorHookTest
[INFO] Tests run: 9, Failures: 0, Errors: 0, Skipped: 0, Time elapsed: 0.048 s - in org.fluentlenium.core.inject.FluentInjectorHookTest
[ERROR] WARNING: An illegal reflective access operation has occurred
[ERROR] WARNING: Illegal reflective access by org.fluentlenium.utils.ReflectionUtils (file:/home/gabsko/breaking-updates/fluentlenium-core/target/classes/) to field java.lang.reflect.Proxy.serialVersionUID
[ERROR] WARNING: Please consider reporting this to the maintainers of org.fluentlenium.utils.ReflectionUtils
[ERROR] WARNING: Use --illegal-access=warn to enable warnings of further illegal reflective access operations
[ERROR] WARNING: All illegal access operations will be denied in a future release
[INFO] Running org.fluentlenium.core.inject.FluentInjectorComponentTest
[INFO] Tests run: 2, Failures: 0, Errors: 0, Skipped: 0, Time elapsed: 0.007 s - in org.fluentlenium.core.inject.FluentInjectorComponentTest
[INFO] Running org.fluentlenium.core.inject.FluentInjectorListComponentTest
[INFO] Tests run: 1, Failures: 0, Errors: 0, Skipped: 0, Time elapsed: 0.003 s - in org.fluentlenium.core.inject.FluentInjectorListComponentTest
[INFO] Running org.fluentlenium.core.inject.ElementLocatorSearchContextTest
[INFO] Tests run: 2, Failures: 0, Errors: 0, Skipped: 0, Time elapsed: 0.01 s - in org.fluentlenium.core.inject.ElementLocatorSearchContextTest
[INFO] Running org.fluentlenium.core.inject.FluentInjectorContainerTest
[INFO] Tests run: 4, Failures: 0, Errors: 0, Skipped: 0, Time elapsed: 0.008 s - in org.fluentlenium.core.inject.FluentInjectorContainerTest
[INFO] Running org.fluentlenium.core.inject.FluentElementInjectionSupportValidatorTest
[INFO] Tests run: 20, Failures: 0, Errors: 0, Skipped: 0, Time elapsed: 0.044 s - in org.fluentlenium.core.inject.FluentElementInjectionSupportValidatorTest
[INFO] Running org.fluentlenium.core.inject.UnshadowerTest
[INFO] Tests run: 1, Failures: 0, Errors: 0, Skipped: 0, Time elapsed: 0.016 s - in org.fluentlenium.core.inject.UnshadowerTest
[INFO] Running org.fluentlenium.core.inject.FluentInjectorElementTest
[INFO] Tests run: 11, Failures: 0, Errors: 0, Skipped: 0, Time elapsed: 0.021 s - in org.fluentlenium.core.inject.FluentInjectorElementTest
[INFO] Running org.fluentlenium.core.FluentDriverWaitTest
[INFO] Tests run: 2, Failures: 0, Errors: 0, Skipped: 0, Time elapsed: 0.008 s - in org.fluentlenium.core.FluentDriverWaitTest
[INFO] Running org.fluentlenium.core.switchto.FluentTargetLocatorTest
[INFO] Tests run: 9, Failures: 0, Errors: 0, Skipped: 0, Time elapsed: 0.008 s - in org.fluentlenium.core.switchto.FluentTargetLocatorTest
[INFO] Running org.fluentlenium.core.events.EventsTest
[INFO] Tests run: 5, Failures: 0, Errors: 0, Skipped: 0, Time elapsed: 0.115 s - in org.fluentlenium.core.events.EventsTest
[INFO] Running org.fluentlenium.core.hook.BaseHookTest
[INFO] Tests run: 6, Failures: 0, Errors: 0, Skipped: 0, Time elapsed: 0.024 s - in org.fluentlenium.core.hook.BaseHookTest
[INFO] Running org.fluentlenium.core.hook.wait.WaitHookOptionsTest
[INFO] Tests run: 3, Failures: 0, Errors: 0, Skipped: 0, Time elapsed: 0.039 s - in org.fluentlenium.core.hook.wait.WaitHookOptionsTest
[INFO] Running org.fluentlenium.core.hook.wait.WaitHookTest
[INFO] Tests run: 9, Failures: 0, Errors: 0, Skipped: 0, Time elapsed: 0.234 s - in org.fluentlenium.core.hook.wait.WaitHookTest
[INFO] Running org.fluentlenium.core.hook.SearchHookTest
[INFO] Tests run: 10, Failures: 0, Errors: 0, Skipped: 0, Time elapsed: 0.022 s - in org.fluentlenium.core.hook.SearchHookTest
[INFO] Running org.fluentlenium.core.hook.HookControlTest
[INFO] Tests run: 8, Failures: 0, Errors: 0, Skipped: 0, Time elapsed: 0.037 s - in org.fluentlenium.core.hook.HookControlTest
[INFO] Running org.fluentlenium.core.hook.DefaultHookChainBuilderTest
[INFO] Tests run: 3, Failures: 0, Errors: 0, Skipped: 0, Time elapsed: 0.119 s - in org.fluentlenium.core.hook.DefaultHookChainBuilderTest
[INFO] Running org.fluentlenium.core.hook.BaseFluentHookTest
[INFO] Tests run: 1, Failures: 0, Errors: 0, Skipped: 0, Time elapsed: 0.031 s - in org.fluentlenium.core.hook.BaseFluentHookTest
[INFO] Running org.fluentlenium.core.FluentPageParameterQueryTest
[INFO] Tests run: 8, Failures: 0, Errors: 0, Skipped: 0, Time elapsed: 0.008 s - in org.fluentlenium.core.FluentPageParameterQueryTest
[INFO] Running org.fluentlenium.core.FluentDriverTimeoutConfigurerTest
[INFO] Tests run: 4, Failures: 0, Errors: 0, Skipped: 0, Time elapsed: 0.003 s - in org.fluentlenium.core.FluentDriverTimeoutConfigurerTest
[INFO] Running org.fluentlenium.core.wait.FluentWaitEachElementMatcherTest
[INFO] Tests run: 18, Failures: 0, Errors: 0, Skipped: 0, Time elapsed: 0.136 s - in org.fluentlenium.core.wait.FluentWaitEachElementMatcherTest
[INFO] Running org.fluentlenium.core.wait.FluentWaitElementMatcherTest
[INFO] Tests run: 15, Failures: 0, Errors: 0, Skipped: 0, Time elapsed: 0.074 s - in org.fluentlenium.core.wait.FluentWaitElementMatcherTest
[INFO] Running org.fluentlenium.core.wait.FluentWaitRectangleMatcherTest
[INFO] Tests run: 1, Failures: 0, Errors: 0, Skipped: 0, Time elapsed: 0.009 s - in org.fluentlenium.core.wait.FluentWaitRectangleMatcherTest
[INFO] Running org.fluentlenium.core.wait.WaitForPageToLoadTest
[INFO] Tests run: 2, Failures: 0, Errors: 0, Skipped: 0, Time elapsed: 0.004 s - in org.fluentlenium.core.wait.WaitForPageToLoadTest
[INFO] Running org.fluentlenium.core.wait.FluentWaitElementListMatcherTest
[INFO] Tests run: 18, Failures: 0, Errors: 0, Skipped: 0, Time elapsed: 0.141 s - in org.fluentlenium.core.wait.FluentWaitElementListMatcherTest
[INFO] Running org.fluentlenium.core.wait.FluentWaitElementTest
[INFO] Tests run: 29, Failures: 0, Errors: 0, Skipped: 0, Time elapsed: 0.038 s - in org.fluentlenium.core.wait.FluentWaitElementTest
[INFO] Running org.fluentlenium.core.wait.FluentWaitElementListTest
[INFO] Tests run: 30, Failures: 0, Errors: 0, Skipped: 0, Time elapsed: 0.052 s - in org.fluentlenium.core.wait.FluentWaitElementListTest
[INFO] Running org.fluentlenium.core.wait.FluentWaitIntegerMatcherTest
[INFO] Tests run: 1, Failures: 0, Errors: 0, Skipped: 0, Time elapsed: 0.003 s - in org.fluentlenium.core.wait.FluentWaitIntegerMatcherTest
[INFO] Running org.fluentlenium.core.wait.FluentWaitSupplierListMatcherTest
[INFO] Tests run: 1, Failures: 0, Errors: 0, Skipped: 0, Time elapsed: 0.011 s - in org.fluentlenium.core.wait.FluentWaitSupplierListMatcherTest
[INFO] Running org.fluentlenium.core.wait.FluentWaitSupplierMatcherTest
[INFO] Tests run: 1, Failures: 0, Errors: 0, Skipped: 0, Time elapsed: 0.007 s - in org.fluentlenium.core.wait.FluentWaitSupplierMatcherTest
[INFO] Running org.fluentlenium.core.wait.FluentWaitWindowMatcherTest
[INFO] Tests run: 1, Failures: 0, Errors: 0, Skipped: 0, Time elapsed: 0.006 s - in org.fluentlenium.core.wait.FluentWaitWindowMatcherTest
[INFO] Running org.fluentlenium.core.alert.AlertTest
[INFO] Tests run: 2, Failures: 0, Errors: 0, Skipped: 0, Time elapsed: 0.002 s - in org.fluentlenium.core.alert.AlertTest
[INFO] Running org.fluentlenium.core.proxy.ProxyListenerTest
[INFO] Tests run: 2, Failures: 0, Errors: 0, Skipped: 0, Time elapsed: 0.012 s - in org.fluentlenium.core.proxy.ProxyListenerTest
[INFO] Running org.fluentlenium.core.proxy.ProxyHookTest
[INFO] Tests run: 2, Failures: 0, Errors: 0, Skipped: 0, Time elapsed: 0.003 s - in org.fluentlenium.core.proxy.ProxyHookTest
[INFO] Running org.fluentlenium.core.proxy.ProxyMessageTest
[INFO] Tests run: 2, Failures: 0, Errors: 0, Skipped: 0, Time elapsed: 0.003 s - in org.fluentlenium.core.proxy.ProxyMessageTest
[INFO] Running org.fluentlenium.core.proxy.AbstractLocatorAndInvocationHandlerTest
[WARNING] Tests run: 12, Failures: 0, Errors: 0, Skipped: 3, Time elapsed: 0.033 s - in org.fluentlenium.core.proxy.AbstractLocatorAndInvocationHandlerTest
[INFO] Running org.fluentlenium.core.proxy.ElementInstanceLocatorTest
[INFO] Tests run: 2, Failures: 0, Errors: 0, Skipped: 0, Time elapsed: 0.001 s - in org.fluentlenium.core.proxy.ElementInstanceLocatorTest
[INFO] Running org.fluentlenium.core.proxy.IndexSupplierLocatorTest
[INFO] Tests run: 6, Failures: 0, Errors: 0, Skipped: 0, Time elapsed: 0.008 s - in org.fluentlenium.core.proxy.IndexSupplierLocatorTest
[INFO] Running org.fluentlenium.core.proxy.ElementSupplierLocatorTest
[INFO] Tests run: 2, Failures: 0, Errors: 0, Skipped: 0, Time elapsed: 0.002 s - in org.fluentlenium.core.proxy.ElementSupplierLocatorTest
[INFO] Running org.fluentlenium.core.proxy.ProxiesTest
[INFO] Tests run: 16, Failures: 0, Errors: 0, Skipped: 0, Time elapsed: 0.021 s - in org.fluentlenium.core.proxy.ProxiesTest
[INFO] Running org.fluentlenium.core.proxy.ElementListInstanceLocatorTest
[INFO] Tests run: 2, Failures: 0, Errors: 0, Skipped: 0, Time elapsed: 0.002 s - in org.fluentlenium.core.proxy.ElementListInstanceLocatorTest
[INFO] Running org.fluentlenium.core.proxy.AbstractLocatorHandlerTest
[INFO] Tests run: 18, Failures: 0, Errors: 0, Skipped: 0, Time elapsed: 0.052 s - in org.fluentlenium.core.proxy.AbstractLocatorHandlerTest
[INFO] Running org.fluentlenium.core.proxy.ElementListSupplierLocatorTest
[INFO] Tests run: 2, Failures: 0, Errors: 0, Skipped: 0, Time elapsed: 0.001 s - in org.fluentlenium.core.proxy.ElementListSupplierLocatorTest
[INFO] Running org.fluentlenium.core.conditions.IntegerListConditionsTest
[INFO] Tests run: 2, Failures: 0, Errors: 0, Skipped: 0, Time elapsed: 0.016 s - in org.fluentlenium.core.conditions.IntegerListConditionsTest
[INFO] Running org.fluentlenium.core.conditions.AtLeastOneElementConditionsTest
[INFO] Tests run: 22, Failures: 0, Errors: 0, Skipped: 0, Time elapsed: 0.016 s - in org.fluentlenium.core.conditions.AtLeastOneElementConditionsTest
[INFO] Running org.fluentlenium.core.conditions.wait.WaitConditionTest
[INFO] Tests run: 7, Failures: 0, Errors: 0, Skipped: 0, Time elapsed: 3.467 s - in org.fluentlenium.core.conditions.wait.WaitConditionTest
[INFO] Running org.fluentlenium.core.conditions.RectangleConditionsTest
[INFO] Tests run: 9, Failures: 0, Errors: 0, Skipped: 0, Time elapsed: 0.022 s - in org.fluentlenium.core.conditions.RectangleConditionsTest
[INFO] Running org.fluentlenium.core.conditions.RectangleListConditionsTest
[INFO] Tests run: 2, Failures: 0, Errors: 0, Skipped: 0, Time elapsed: 0.015 s - in org.fluentlenium.core.conditions.RectangleListConditionsTest
[INFO] Running org.fluentlenium.core.conditions.WebElementConditionsTest
[INFO] Tests run: 12, Failures: 0, Errors: 0, Skipped: 0, Time elapsed: 0.008 s - in org.fluentlenium.core.conditions.WebElementConditionsTest
[INFO] Running org.fluentlenium.core.conditions.EachElementConditionsTest
[INFO] Tests run: 21, Failures: 0, Errors: 0, Skipped: 0, Time elapsed: 0.018 s - in org.fluentlenium.core.conditions.EachElementConditionsTest
[INFO] Running org.fluentlenium.core.css.CssSupportImplTest
[WARNING] Tests run: 8, Failures: 0, Errors: 0, Skipped: 2, Time elapsed: 0.038 s - in org.fluentlenium.core.css.CssSupportImplTest
[INFO] Running org.fluentlenium.core.FluentDriverWrappedCapabilitiesProviderTest
[INFO] Tests run: 1, Failures: 0, Errors: 0, Skipped: 0, Time elapsed: 0.02 s - in org.fluentlenium.core.FluentDriverWrappedCapabilitiesProviderTest
[INFO] Running org.fluentlenium.core.dom.DomTest
[INFO] Tests run: 7, Failures: 0, Errors: 0, Skipped: 0, Time elapsed: 0.008 s - in org.fluentlenium.core.dom.DomTest
[INFO] Running org.fluentlenium.core.search.NoSuchElementMessageTest
[INFO] Tests run: 6, Failures: 0, Errors: 0, Skipped: 0, Time elapsed: 0.018 s - in org.fluentlenium.core.search.NoSuchElementMessageTest
[INFO] Running org.fluentlenium.core.search.SearchTest
[INFO] Tests run: 15, Failures: 0, Errors: 0, Skipped: 0, Time elapsed: 0.043 s - in org.fluentlenium.core.search.SearchTest
[INFO] Running org.fluentlenium.core.FluentPageUrlTemplateTest
[INFO] Tests run: 15, Failures: 0, Errors: 0, Skipped: 0, Time elapsed: 0.231 s - in org.fluentlenium.core.FluentPageUrlTemplateTest
[INFO] Running org.fluentlenium.core.label.FluentLabelImplTest
[INFO] Tests run: 1, Failures: 0, Errors: 0, Skipped: 0, Time elapsed: 0.001 s - in org.fluentlenium.core.label.FluentLabelImplTest
[INFO] Running org.fluentlenium.core.action.MouseElementActionsTest
Jan 16, 2023 2:30:03 PM org.openqa.selenium.interactions.Actions moveToElement
INFO: When using the W3C Action commands, offsets are from the center of element
Jan 16, 2023 2:30:03 PM org.openqa.selenium.interactions.Actions moveToElement
INFO: When using the W3C Action commands, offsets are from the center of element
Jan 16, 2023 2:30:03 PM org.openqa.selenium.interactions.Actions moveToElement
INFO: When using the W3C Action commands, offsets are from the center of element
[INFO] Tests run: 15, Failures: 0, Errors: 0, Skipped: 0, Time elapsed: 0.024 s - in org.fluentlenium.core.action.MouseElementActionsTest
[INFO] Running org.fluentlenium.core.action.FluentJavascriptActionsTest
[INFO] Tests run: 4, Failures: 0, Errors: 0, Skipped: 0, Time elapsed: 0.004 s - in org.fluentlenium.core.action.FluentJavascriptActionsTest
[INFO] Running org.fluentlenium.core.action.FillSelectTest
[INFO] Tests run: 3, Failures: 0, Errors: 0, Skipped: 0, Time elapsed: 0.018 s - in org.fluentlenium.core.action.FillSelectTest
[INFO] Running org.fluentlenium.core.action.KeyboardElementActionsTest
[INFO] Tests run: 5, Failures: 0, Errors: 0, Skipped: 0, Time elapsed: 0.018 s - in org.fluentlenium.core.action.KeyboardElementActionsTest
[INFO] Running org.fluentlenium.core.action.WindowActionsTest
[INFO] Tests run: 15, Failures: 0, Errors: 0, Skipped: 0, Time elapsed: 0.037 s - in org.fluentlenium.core.action.WindowActionsTest
[INFO] Running org.fluentlenium.core.action.FillTest
[INFO] Tests run: 2, Failures: 0, Errors: 0, Skipped: 0, Time elapsed: 0.005 s - in org.fluentlenium.core.action.FillTest
[INFO] Running org.fluentlenium.core.action.KeyboardActionsTest
[INFO] Tests run: 4, Failures: 0, Errors: 0, Skipped: 0, Time elapsed: 0.01 s - in org.fluentlenium.core.action.KeyboardActionsTest
[INFO] Running org.fluentlenium.core.action.MouseActionsTest
[INFO] Tests run: 7, Failures: 0, Errors: 0, Skipped: 0, Time elapsed: 0.011 s - in org.fluentlenium.core.action.MouseActionsTest
[INFO] Running org.fluentlenium.core.filter.PredicateFilterTest
[INFO] Tests run: 1, Failures: 0, Errors: 0, Skipped: 0, Time elapsed: 0.002 s - in org.fluentlenium.core.filter.PredicateFilterTest
[INFO] Running org.fluentlenium.core.filter.AttributeFilterPredicateTest
[INFO] Tests run: 4, Failures: 0, Errors: 0, Skipped: 0, Time elapsed: 0.004 s - in org.fluentlenium.core.filter.AttributeFilterPredicateTest
[INFO] Running org.fluentlenium.core.FluentPageTest
[INFO] Tests run: 9, Failures: 0, Errors: 0, Skipped: 0, Time elapsed: 0.01 s - in org.fluentlenium.core.FluentPageTest
[INFO] Running org.fluentlenium.adapter.FluentAdapterTest
[INFO] Tests run: 10, Failures: 0, Errors: 0, Skipped: 0, Time elapsed: 0.105 s - in org.fluentlenium.adapter.FluentAdapterTest
[INFO] Running org.fluentlenium.adapter.FluentTestRunnerAdapterRetriesTest
[INFO] Tests run: 2, Failures: 0, Errors: 0, Skipped: 0, Time elapsed: 0.126 s - in org.fluentlenium.adapter.FluentTestRunnerAdapterRetriesTest
[INFO] Running org.fluentlenium.adapter.IsolatedTestTest
[INFO] Tests run: 1, Failures: 0, Errors: 0, Skipped: 0, Time elapsed: 0.088 s - in org.fluentlenium.adapter.IsolatedTestTest
[INFO] Running org.fluentlenium.adapter.DriverContainerTest
[INFO] Tests run: 1, Failures: 0, Errors: 0, Skipped: 0, Time elapsed: 0.003 s - in org.fluentlenium.adapter.DriverContainerTest
[INFO] Running org.fluentlenium.adapter.FluentTestRunnerAdapterTest
14:30:03.886 [main] INFO  FluentDriverScreenshotPersister - Created screenshot at: /tmp/testFailedWhenDriverAvailable16159277397168444925/FluentTestRunnerAdapter$MockitoMock$1835485731_test.png
[INFO] Tests run: 7, Failures: 0, Errors: 0, Skipped: 0, Time elapsed: 0.065 s - in org.fluentlenium.adapter.FluentTestRunnerAdapterTest
[INFO] Running org.fluentlenium.configuration.PropertiesBackendConfigurationTest
Jan 16, 2023 2:30:03 PM org.openqa.selenium.remote.DesiredCapabilities firefox
INFO: Using `new FirefoxOptions()` is preferred to `DesiredCapabilities.firefox()`
Jan 16, 2023 2:30:03 PM org.openqa.selenium.remote.DesiredCapabilities chrome
INFO: Using `new ChromeOptions()` is preferred to `DesiredCapabilities.chrome()`
[INFO] Tests run: 30, Failures: 0, Errors: 0, Skipped: 0, Time elapsed: 0.024 s - in org.fluentlenium.configuration.PropertiesBackendConfigurationTest
[INFO] 
[INFO] Results:
[INFO] 
[WARNING] Tests run: 1007, Failures: 0, Errors: 0, Skipped: 6
[INFO] 
[INFO] 
[INFO] ----------------< org.fluentlenium:fluentlenium-testng >----------------
[INFO] Building FluentLenium TestNG 4.8.1-SNAPSHOT                       [3/13]
[INFO] --------------------------------[ jar ]---------------------------------
[INFO] 
[INFO] --- maven-clean-plugin:3.1.0:clean (default-clean) @ fluentlenium-testng ---
[INFO] Deleting /home/gabsko/breaking-updates/fluentlenium-testng/target
[INFO] 
[INFO] --- flatten-maven-plugin:1.2.7:clean (flatten.clean) @ fluentlenium-testng ---
[INFO] Deleting /home/gabsko/breaking-updates/fluentlenium-testng/.flattened-pom.xml
[INFO] 
[INFO] --- maven-enforcer-plugin:3.0.0-M3:enforce (enforce-maven) @ fluentlenium-testng ---
[INFO] 
[INFO] --- jacoco-maven-plugin:0.8.7:prepare-agent (prepare-agent) @ fluentlenium-testng ---
[INFO] argLine set to -javaagent:/home/gabsko/.m2/repository/org/jacoco/org.jacoco.agent/0.8.7/org.jacoco.agent-0.8.7-runtime.jar=destfile=/home/gabsko/breaking-updates/fluentlenium-testng/target/jacoco.exec,excludes=**com.steadystate*:**com/gargoylesoftware*
[INFO] 
[INFO] --- maven-resources-plugin:3.2.0:resources (default-resources) @ fluentlenium-testng ---
[INFO] Using 'UTF-8' encoding to copy filtered resources.
[INFO] Using 'UTF-8' encoding to copy filtered properties files.
[INFO] skip non existing resourceDirectory /home/gabsko/breaking-updates/fluentlenium-testng/src/main/resources
[INFO] 
[INFO] --- flatten-maven-plugin:1.2.7:flatten (flatten) @ fluentlenium-testng ---
[INFO] Generating flattened POM of project org.fluentlenium:fluentlenium-testng:jar:4.8.1-SNAPSHOT...
[INFO] 
[INFO] --- maven-compiler-plugin:3.8.1:compile (default-compile) @ fluentlenium-testng ---
[INFO] Changes detected - recompiling the module!
[INFO] Compiling 1 source file to /home/gabsko/breaking-updates/fluentlenium-testng/target/classes
[INFO] 
[INFO] --- maven-resources-plugin:3.2.0:testResources (default-testResources) @ fluentlenium-testng ---
[INFO] Using 'UTF-8' encoding to copy filtered resources.
[INFO] Using 'UTF-8' encoding to copy filtered properties files.
[INFO] Copying 3 resources
[INFO] 
[INFO] --- maven-compiler-plugin:3.8.1:testCompile (default-testCompile) @ fluentlenium-testng ---
[INFO] Changes detected - recompiling the module!
[INFO] Compiling 18 source files to /home/gabsko/breaking-updates/fluentlenium-testng/target/test-classes
[INFO] 
[INFO] --- maven-surefire-plugin:3.0.0-M5:test (default-test) @ fluentlenium-testng ---
[INFO] 
[INFO] ---------------< org.fluentlenium:fluentlenium-assertj >----------------
[INFO] Building FluentLenium AssertJ 4.8.1-SNAPSHOT                      [4/13]
[INFO] --------------------------------[ jar ]---------------------------------
[INFO] 
[INFO] --- maven-clean-plugin:3.1.0:clean (default-clean) @ fluentlenium-assertj ---
[INFO] Deleting /home/gabsko/breaking-updates/fluentlenium-assertj/target
[INFO] 
[INFO] --- flatten-maven-plugin:1.2.7:clean (flatten.clean) @ fluentlenium-assertj ---
[INFO] Deleting /home/gabsko/breaking-updates/fluentlenium-assertj/.flattened-pom.xml
[INFO] 
[INFO] --- maven-enforcer-plugin:3.0.0-M3:enforce (enforce-maven) @ fluentlenium-assertj ---
[INFO] 
[INFO] --- jacoco-maven-plugin:0.8.7:prepare-agent (prepare-agent) @ fluentlenium-assertj ---
[INFO] argLine set to -javaagent:/home/gabsko/.m2/repository/org/jacoco/org.jacoco.agent/0.8.7/org.jacoco.agent-0.8.7-runtime.jar=destfile=/home/gabsko/breaking-updates/fluentlenium-assertj/target/jacoco.exec,excludes=**com.steadystate*:**com/gargoylesoftware*
[INFO] 
[INFO] --- maven-resources-plugin:3.2.0:resources (default-resources) @ fluentlenium-assertj ---
[INFO] Using 'UTF-8' encoding to copy filtered resources.
[INFO] Using 'UTF-8' encoding to copy filtered properties files.
[INFO] skip non existing resourceDirectory /home/gabsko/breaking-updates/fluentlenium-assertj/src/main/resources
[INFO] 
[INFO] --- flatten-maven-plugin:1.2.7:flatten (flatten) @ fluentlenium-assertj ---
[INFO] Generating flattened POM of project org.fluentlenium:fluentlenium-assertj:jar:4.8.1-SNAPSHOT...
[INFO] 
[INFO] --- maven-compiler-plugin:3.8.1:compile (default-compile) @ fluentlenium-assertj ---
[INFO] Changes detected - recompiling the module!
[INFO] Compiling 16 source files to /home/gabsko/breaking-updates/fluentlenium-assertj/target/classes
[INFO] 
[INFO] --- maven-resources-plugin:3.2.0:testResources (default-testResources) @ fluentlenium-assertj ---
[INFO] Using 'UTF-8' encoding to copy filtered resources.
[INFO] Using 'UTF-8' encoding to copy filtered properties files.
[INFO] Copying 3 resources
[INFO] 
[INFO] --- maven-compiler-plugin:3.8.1:testCompile (default-testCompile) @ fluentlenium-assertj ---
[INFO] Changes detected - recompiling the module!
[INFO] Compiling 38 source files to /home/gabsko/breaking-updates/fluentlenium-assertj/target/test-classes
[INFO] /home/gabsko/breaking-updates/fluentlenium-assertj/src/test/java/org/fluentlenium/assertj/custom/FluentListAssertTest.java: Some input files use or override a deprecated API.
[INFO] /home/gabsko/breaking-updates/fluentlenium-assertj/src/test/java/org/fluentlenium/assertj/custom/FluentListAssertTest.java: Recompile with -Xlint:deprecation for details.
[INFO] 
[INFO] --- maven-surefire-plugin:3.0.0-M5:test (default-test) @ fluentlenium-assertj ---
[INFO] 
[INFO] -------------------------------------------------------
[INFO]  T E S T S
[INFO] -------------------------------------------------------
[INFO] Running TestSuite
[ERROR] OpenJDK 64-Bit Server VM warning: Sharing is only supported for boot loader classes because bootstrap classpath has been appended
[INFO] Tests run: 142, Failures: 0, Errors: 0, Skipped: 0, Time elapsed: 3.818 s - in TestSuite
[INFO] 
[INFO] Results:
[INFO] 
[INFO] Tests run: 142, Failures: 0, Errors: 0, Skipped: 0
[INFO] 
[INFO] 
[INFO] ------------< org.fluentlenium:fluentlenium-junit-jupiter >-------------
[INFO] Building FluentLenium JUnit Jupiter 4.8.1-SNAPSHOT                [5/13]
[INFO] --------------------------------[ jar ]---------------------------------
[INFO] 
[INFO] --- maven-clean-plugin:3.1.0:clean (default-clean) @ fluentlenium-junit-jupiter ---
[INFO] Deleting /home/gabsko/breaking-updates/fluentlenium-junit-jupiter/target
[INFO] 
[INFO] --- flatten-maven-plugin:1.2.7:clean (flatten.clean) @ fluentlenium-junit-jupiter ---
[INFO] Deleting /home/gabsko/breaking-updates/fluentlenium-junit-jupiter/.flattened-pom.xml
[INFO] 
[INFO] --- maven-enforcer-plugin:3.0.0-M3:enforce (enforce-maven) @ fluentlenium-junit-jupiter ---
[INFO] 
[INFO] --- jacoco-maven-plugin:0.8.7:prepare-agent (prepare-agent) @ fluentlenium-junit-jupiter ---
[INFO] argLine set to -javaagent:/home/gabsko/.m2/repository/org/jacoco/org.jacoco.agent/0.8.7/org.jacoco.agent-0.8.7-runtime.jar=destfile=/home/gabsko/breaking-updates/fluentlenium-junit-jupiter/target/jacoco.exec,excludes=**com.steadystate*:**com/gargoylesoftware*
[INFO] 
[INFO] --- maven-resources-plugin:3.2.0:resources (default-resources) @ fluentlenium-junit-jupiter ---
[INFO] Using 'UTF-8' encoding to copy filtered resources.
[INFO] Using 'UTF-8' encoding to copy filtered properties files.
[INFO] skip non existing resourceDirectory /home/gabsko/breaking-updates/fluentlenium-junit-jupiter/src/main/resources
[INFO] 
[INFO] --- flatten-maven-plugin:1.2.7:flatten (flatten) @ fluentlenium-junit-jupiter ---
[INFO] Generating flattened POM of project org.fluentlenium:fluentlenium-junit-jupiter:jar:4.8.1-SNAPSHOT...
[INFO] 
[INFO] --- maven-compiler-plugin:3.8.1:compile (default-compile) @ fluentlenium-junit-jupiter ---
[INFO] Changes detected - recompiling the module!
[INFO] Compiling 3 source files to /home/gabsko/breaking-updates/fluentlenium-junit-jupiter/target/classes
[INFO] /home/gabsko/breaking-updates/fluentlenium-junit-jupiter/src/main/java/org/fluentlenium/adapter/junit/jupiter/MockitoExtension.java: /home/gabsko/breaking-updates/fluentlenium-junit-jupiter/src/main/java/org/fluentlenium/adapter/junit/jupiter/MockitoExtension.java uses or overrides a deprecated API.
[INFO] /home/gabsko/breaking-updates/fluentlenium-junit-jupiter/src/main/java/org/fluentlenium/adapter/junit/jupiter/MockitoExtension.java: Recompile with -Xlint:deprecation for details.
[INFO] 
[INFO] --- maven-resources-plugin:3.2.0:testResources (default-testResources) @ fluentlenium-junit-jupiter ---
[INFO] Using 'UTF-8' encoding to copy filtered resources.
[INFO] Using 'UTF-8' encoding to copy filtered properties files.
[INFO] Copying 2 resources
[INFO] 
[INFO] --- maven-compiler-plugin:3.8.1:testCompile (default-testCompile) @ fluentlenium-junit-jupiter ---
[INFO] Changes detected - recompiling the module!
[INFO] Compiling 10 source files to /home/gabsko/breaking-updates/fluentlenium-junit-jupiter/target/test-classes
[INFO] /home/gabsko/breaking-updates/fluentlenium-junit-jupiter/src/test/java/org/fluentlenium/adapter/junit/jupiter/FluentJUnitJupiterTest.java: /home/gabsko/breaking-updates/fluentlenium-junit-jupiter/src/test/java/org/fluentlenium/adapter/junit/jupiter/FluentJUnitJupiterTest.java uses or overrides a deprecated API.
[INFO] /home/gabsko/breaking-updates/fluentlenium-junit-jupiter/src/test/java/org/fluentlenium/adapter/junit/jupiter/FluentJUnitJupiterTest.java: Recompile with -Xlint:deprecation for details.
[INFO] 
[INFO] --- maven-surefire-plugin:3.0.0-M5:test (default-test) @ fluentlenium-junit-jupiter ---
[INFO] 
[INFO] -------------------------------------------------------
[INFO]  T E S T S
[INFO] -------------------------------------------------------
[INFO] Running org.fluentlenium.adapter.junit.jupiter.FluentJUnitJupiterTest
[INFO] Tests run: 4, Failures: 0, Errors: 0, Skipped: 0, Time elapsed: 2.328 s - in org.fluentlenium.adapter.junit.jupiter.FluentJUnitJupiterTest
[INFO] 
[INFO] Results:
[INFO] 
[INFO] Tests run: 4, Failures: 0, Errors: 0, Skipped: 0
[INFO] 
[INFO] 
[INFO] ----------< org.fluentlenium:fluentlenium-integration-tests >-----------
[INFO] Building FluentLenium Integration Tests 4.8.1-SNAPSHOT            [6/13]
[INFO] --------------------------------[ jar ]---------------------------------
[INFO] 
[INFO] --- maven-clean-plugin:3.1.0:clean (default-clean) @ fluentlenium-integration-tests ---
[INFO] 
[INFO] --- flatten-maven-plugin:1.2.7:clean (flatten.clean) @ fluentlenium-integration-tests ---
[INFO] Deleting /home/gabsko/breaking-updates/fluentlenium-integration-tests/.flattened-pom.xml
[INFO] 
[INFO] --- maven-enforcer-plugin:3.0.0-M3:enforce (enforce-maven) @ fluentlenium-integration-tests ---
[INFO] 
[INFO] --- jacoco-maven-plugin:0.8.7:prepare-agent (prepare-agent) @ fluentlenium-integration-tests ---
[INFO] argLine set to -javaagent:/home/gabsko/.m2/repository/org/jacoco/org.jacoco.agent/0.8.7/org.jacoco.agent-0.8.7-runtime.jar=destfile=/home/gabsko/breaking-updates/fluentlenium-integration-tests/target/jacoco.exec,excludes=**com.steadystate*:**com/gargoylesoftware*
[INFO] 
[INFO] --- maven-resources-plugin:3.2.0:resources (default-resources) @ fluentlenium-integration-tests ---
[INFO] Using 'UTF-8' encoding to copy filtered resources.
[INFO] Using 'UTF-8' encoding to copy filtered properties files.
[INFO] skip non existing resourceDirectory /home/gabsko/breaking-updates/fluentlenium-integration-tests/src/main/resources
[INFO] 
[INFO] --- flatten-maven-plugin:1.2.7:flatten (flatten) @ fluentlenium-integration-tests ---
[INFO] Generating flattened POM of project org.fluentlenium:fluentlenium-integration-tests:jar:4.8.1-SNAPSHOT...
[INFO] 
[INFO] --- maven-compiler-plugin:3.8.1:compile (default-compile) @ fluentlenium-integration-tests ---
[INFO] No sources to compile
[INFO] 
[INFO] --- maven-resources-plugin:3.2.0:testResources (default-testResources) @ fluentlenium-integration-tests ---
[INFO] Using 'UTF-8' encoding to copy filtered resources.
[INFO] Using 'UTF-8' encoding to copy filtered properties files.
[INFO] Copying 14 resources
[INFO] 
[INFO] --- maven-compiler-plugin:3.8.1:testCompile (default-testCompile) @ fluentlenium-integration-tests ---
[INFO] Changes detected - recompiling the module!
[INFO] Compiling 99 source files to /home/gabsko/breaking-updates/fluentlenium-integration-tests/target/test-classes
[INFO] /home/gabsko/breaking-updates/fluentlenium-integration-tests/src/test/java/org/fluentlenium/pages/IndexPage2.java: Some input files use unchecked or unsafe operations.
[INFO] /home/gabsko/breaking-updates/fluentlenium-integration-tests/src/test/java/org/fluentlenium/pages/IndexPage2.java: Recompile with -Xlint:unchecked for details.
[INFO] 
[INFO] --- maven-surefire-plugin:3.0.0-M5:test (default-test) @ fluentlenium-integration-tests ---
[INFO] 
[INFO] -------------------------------------------------------
[INFO]  T E S T S
[INFO] -------------------------------------------------------
[INFO] Running org.fluentlenium.test.baseurl.BaseUrlDynamicTest
[INFO] Tests run: 3, Failures: 0, Errors: 0, Skipped: 0, Time elapsed: 1.97 s - in org.fluentlenium.test.baseurl.BaseUrlDynamicTest
[INFO] Running org.fluentlenium.test.baseurl.BaseUrlTest
[INFO] Tests run: 4, Failures: 0, Errors: 0, Skipped: 0, Time elapsed: 0.258 s - in org.fluentlenium.test.baseurl.BaseUrlTest
[INFO] Running org.fluentlenium.test.actions.window.WindowActionsTest
[INFO] Tests run: 2, Failures: 0, Errors: 0, Skipped: 0, Time elapsed: 0.125 s - in org.fluentlenium.test.actions.window.WindowActionsTest
[INFO] Running org.fluentlenium.test.actions.waitandclick.WaitAndClickTest
[INFO] Tests run: 5, Failures: 0, Errors: 0, Skipped: 0, Time elapsed: 4.818 s - in org.fluentlenium.test.actions.waitandclick.WaitAndClickTest
[INFO] Running org.fluentlenium.test.actions.click.ClicksWaitHookTest
[INFO] Tests run: 2, Failures: 0, Errors: 0, Skipped: 0, Time elapsed: 0.08 s - in org.fluentlenium.test.actions.click.ClicksWaitHookTest
[INFO] Running org.fluentlenium.test.actions.click.ClicksTest
[INFO] Tests run: 2, Failures: 0, Errors: 0, Skipped: 0, Time elapsed: 0.073 s - in org.fluentlenium.test.actions.click.ClicksTest
[INFO] Running org.fluentlenium.test.actions.onlist.ActionOnListTest
[INFO] Tests run: 7, Failures: 0, Errors: 0, Skipped: 0, Time elapsed: 0.253 s - in org.fluentlenium.test.actions.onlist.ActionOnListTest
[INFO] Running org.fluentlenium.test.actions.onlist.ActionOnListWithBddTest
[INFO] Tests run: 4, Failures: 0, Errors: 0, Skipped: 0, Time elapsed: 0.114 s - in org.fluentlenium.test.actions.onlist.ActionOnListWithBddTest
[INFO] Running org.fluentlenium.test.actions.onselector.ActionOnSelectorTest
[INFO] Tests run: 9, Failures: 0, Errors: 0, Skipped: 0, Time elapsed: 0.228 s - in org.fluentlenium.test.actions.onselector.ActionOnSelectorTest
[INFO] Running org.fluentlenium.test.actions.onselector.ActionOnSelectorWithBddTest
[INFO] Tests run: 5, Failures: 0, Errors: 0, Skipped: 0, Time elapsed: 0.241 s - in org.fluentlenium.test.actions.onselector.ActionOnSelectorWithBddTest
[INFO] Running org.fluentlenium.test.actions.attributemodification.AttributeModificationTest
[INFO] Tests run: 2, Failures: 0, Errors: 0, Skipped: 0, Time elapsed: 0.049 s - in org.fluentlenium.test.actions.attributemodification.AttributeModificationTest
[INFO] Running org.fluentlenium.test.driver.DriverTest
[INFO] Tests run: 2, Failures: 0, Errors: 0, Skipped: 0, Time elapsed: 0.023 s - in org.fluentlenium.test.driver.DriverTest
[INFO] Running org.fluentlenium.test.fluentwebelement.FluentWebElementInTest
[INFO] Tests run: 1, Failures: 0, Errors: 0, Skipped: 0, Time elapsed: 0.037 s - in org.fluentlenium.test.fluentwebelement.FluentWebElementInTest
[INFO] Running org.fluentlenium.test.fluentwebelement.FluentWebElementDelegateClassInTest
[INFO] Tests run: 1, Failures: 0, Errors: 0, Skipped: 0, Time elapsed: 0.034 s - in org.fluentlenium.test.fluentwebelement.FluentWebElementDelegateClassInTest
[INFO] Running org.fluentlenium.test.fluentwebelement.StateOnElementTest
[INFO] Tests run: 7, Failures: 0, Errors: 0, Skipped: 0, Time elapsed: 0.176 s - in org.fluentlenium.test.fluentwebelement.StateOnElementTest
[INFO] Running org.fluentlenium.test.fluentwebelement.FluentWebElementSubclassInTest
[INFO] Tests run: 1, Failures: 0, Errors: 0, Skipped: 0, Time elapsed: 0.038 s - in org.fluentlenium.test.fluentwebelement.FluentWebElementSubclassInTest
[INFO] Running org.fluentlenium.test.events.EventsInvalidDriverTest
[INFO] Tests run: 1, Failures: 0, Errors: 0, Skipped: 0, Time elapsed: 0.152 s - in org.fluentlenium.test.events.EventsInvalidDriverTest
[INFO] Running org.fluentlenium.test.events.ContainerAnnotationsEventsRegistrySuperClassSetupTest
14:30:26.317 [main] INFO  EventBasedIntegrationFluentTest - About to click on something...
14:30:26.325 [main] INFO  EventBasedIntegrationFluentTest - Clicked successfully. FluentLenium is awesome! :)
[INFO] Tests run: 1, Failures: 0, Errors: 0, Skipped: 0, Time elapsed: 0.053 s - in org.fluentlenium.test.events.ContainerAnnotationsEventsRegistrySuperClassSetupTest
[INFO] Running org.fluentlenium.test.events.EventsTest
[INFO] Tests run: 4, Failures: 0, Errors: 0, Skipped: 0, Time elapsed: 0.223 s - in org.fluentlenium.test.events.EventsTest
[INFO] Running org.fluentlenium.test.events.ContainerAnnotationsEventsRegistrySetupTest
14:30:26.651 [main] INFO  ContainerAnnotationsEventsRegistrySetupTest - About to click on something...
14:30:26.652 [main] INFO  ContainerAnnotationsEventsRegistrySetupTest - Clicked successfully. FluentLenium is awesome! :)
14:30:26.653 [main] INFO  ContainerAnnotationsEventsRegistrySetupTest - Isn't it?
[INFO] Tests run: 2, Failures: 0, Errors: 0, Skipped: 0, Time elapsed: 0.071 s - in org.fluentlenium.test.events.ContainerAnnotationsEventsRegistrySetupTest
[INFO] Running org.fluentlenium.test.iframe.IframeTest
[INFO] Tests run: 4, Failures: 0, Errors: 0, Skipped: 0, Time elapsed: 0.215 s - in org.fluentlenium.test.iframe.IframeTest
[INFO] Running org.fluentlenium.test.component.ComponentsTest
[INFO] Tests run: 3, Failures: 0, Errors: 0, Skipped: 0, Time elapsed: 8.734 s - in org.fluentlenium.test.component.ComponentsTest
[INFO] Running org.fluentlenium.test.component.ElementAsTest
[INFO] Tests run: 6, Failures: 0, Errors: 0, Skipped: 0, Time elapsed: 0.155 s - in org.fluentlenium.test.component.ElementAsTest
[INFO] Running org.fluentlenium.test.injection.InjectionTest
[INFO] Tests run: 1, Failures: 0, Errors: 0, Skipped: 0, Time elapsed: 0.028 s - in org.fluentlenium.test.injection.InjectionTest
[INFO] Running org.fluentlenium.test.injection.InjectionFindTest
[INFO] Tests run: 4, Failures: 0, Errors: 0, Skipped: 0, Time elapsed: 0.105 s - in org.fluentlenium.test.injection.InjectionFindTest
[INFO] Running org.fluentlenium.test.seleniumcheck.SeleniumVersionCheckLoggingTest
[INFO] Tests run: 1, Failures: 0, Errors: 0, Skipped: 0, Time elapsed: 0.002 s - in org.fluentlenium.test.seleniumcheck.SeleniumVersionCheckLoggingTest
[INFO] Running org.fluentlenium.test.proxy.ProxyLazynessTest
[INFO] Tests run: 4, Failures: 0, Errors: 0, Skipped: 0, Time elapsed: 0.084 s - in org.fluentlenium.test.proxy.ProxyLazynessTest
[INFO] Running org.fluentlenium.test.cssinject.CssInjectTest
[INFO] Tests run: 2, Failures: 0, Errors: 0, Skipped: 0, Time elapsed: 0.085 s - in org.fluentlenium.test.cssinject.CssInjectTest
[INFO] Running org.fluentlenium.test.await.WaitSizeTest
[INFO] Tests run: 9, Failures: 0, Errors: 0, Skipped: 0, Time elapsed: 12.786 s - in org.fluentlenium.test.await.WaitSizeTest
[INFO] Running org.fluentlenium.test.await.FluentLeniumFunctionalWaitTest
[INFO] Tests run: 57, Failures: 0, Errors: 0, Skipped: 0, Time elapsed: 7.451 s - in org.fluentlenium.test.await.FluentLeniumFunctionalWaitTest
[INFO] Running org.fluentlenium.test.await.negate.HappyPathsNegatedAwaitTest
[INFO] Tests run: 10, Failures: 0, Errors: 0, Skipped: 0, Time elapsed: 0.187 s - in org.fluentlenium.test.await.negate.HappyPathsNegatedAwaitTest
[INFO] Running org.fluentlenium.test.await.negate.NegatedAwaitFluentListTest
[INFO] Tests run: 7, Failures: 0, Errors: 0, Skipped: 0, Time elapsed: 2.908 s - in org.fluentlenium.test.await.negate.NegatedAwaitFluentListTest
[INFO] Running org.fluentlenium.test.await.negate.NegatedAwaitElementTest
[INFO] Tests run: 7, Failures: 0, Errors: 0, Skipped: 0, Time elapsed: 2.503 s - in org.fluentlenium.test.await.negate.NegatedAwaitElementTest
[INFO] Running org.fluentlenium.test.await.JsAwaitTest
[INFO] Tests run: 10, Failures: 0, Errors: 0, Skipped: 0, Time elapsed: 29.295 s - in org.fluentlenium.test.await.JsAwaitTest
[INFO] Running org.fluentlenium.test.await.FluentLeniumWaitTest
[INFO] Tests run: 83, Failures: 0, Errors: 0, Skipped: 0, Time elapsed: 12.066 s - in org.fluentlenium.test.await.FluentLeniumWaitTest
[INFO] Running org.fluentlenium.test.await.FluentWaitMessageWithHookTest
[INFO] Tests run: 13, Failures: 0, Errors: 0, Skipped: 0, Time elapsed: 12.251 s - in org.fluentlenium.test.await.FluentWaitMessageWithHookTest
[INFO] Running org.fluentlenium.test.await.hook.WaitHookFilteringTest
[INFO] Tests run: 1, Failures: 0, Errors: 0, Skipped: 0, Time elapsed: 0.03 s - in org.fluentlenium.test.await.hook.WaitHookFilteringTest
[INFO] Running org.fluentlenium.test.await.hook.WaitHookWithTest
[INFO] Tests run: 3, Failures: 0, Errors: 0, Skipped: 0, Time elapsed: 7.075 s - in org.fluentlenium.test.await.hook.WaitHookWithTest
[INFO] Running org.fluentlenium.test.await.hook.WaitHookAnnotationTest
[INFO] Tests run: 5, Failures: 0, Errors: 0, Skipped: 0, Time elapsed: 13.116 s - in org.fluentlenium.test.await.hook.WaitHookAnnotationTest
[INFO] Running org.fluentlenium.test.await.component.WaitComponentsListTest
[INFO] Tests run: 6, Failures: 0, Errors: 0, Skipped: 0, Time elapsed: 13.65 s - in org.fluentlenium.test.await.component.WaitComponentsListTest
[INFO] Running org.fluentlenium.test.await.FluentWaitMessageTest
[INFO] Tests run: 14, Failures: 0, Errors: 0, Skipped: 0, Time elapsed: 2.552 s - in org.fluentlenium.test.await.FluentWaitMessageTest
[INFO] Running org.fluentlenium.test.await.FluentLeniumWaitIgnoringTest
[INFO] Tests run: 6, Failures: 0, Errors: 0, Skipped: 0, Time elapsed: 0.107 s - in org.fluentlenium.test.await.FluentLeniumWaitIgnoringTest
[INFO] Running org.fluentlenium.test.await.FluentLeniumWaitElementTest
[INFO] Tests run: 45, Failures: 0, Errors: 0, Skipped: 0, Time elapsed: 15.194 s - in org.fluentlenium.test.await.FluentLeniumWaitElementTest
[INFO] Running org.fluentlenium.test.after.AfterTest
[INFO] Tests run: 1, Failures: 0, Errors: 0, Skipped: 0, Time elapsed: 0.002 s - in org.fluentlenium.test.after.AfterTest
[INFO] Running org.fluentlenium.test.htmldump.HtmlDumpPathTest
14:32:47.671 [main] INFO  FluentDriverHtmlDumper - Created HTML dump at: /tmp/tempfiles18126388385223770097/test.html
[INFO] Tests run: 1, Failures: 0, Errors: 0, Skipped: 0, Time elapsed: 0.024 s - in org.fluentlenium.test.htmldump.HtmlDumpPathTest
[INFO] Running org.fluentlenium.test.htmldump.HtmlDumpTest
14:32:47.700 [main] INFO  FluentDriverHtmlDumper - Created HTML dump at: /tmp/tempfiles9224658817941193297/test.html
[INFO] Tests run: 1, Failures: 0, Errors: 0, Skipped: 0, Time elapsed: 0.02 s - in org.fluentlenium.test.htmldump.HtmlDumpTest
[INFO] Running org.fluentlenium.test.capabilities.CapabilitiesTest
[INFO] Tests run: 1, Failures: 0, Errors: 0, Skipped: 0, Time elapsed: 0.015 s - in org.fluentlenium.test.capabilities.CapabilitiesTest
[INFO] Running org.fluentlenium.test.param.FluentListParamTest
[INFO] Tests run: 10, Failures: 0, Errors: 0, Skipped: 0, Time elapsed: 0.176 s - in org.fluentlenium.test.param.FluentListParamTest
[INFO] Running org.fluentlenium.test.param.ParamTest
[INFO] Tests run: 3, Failures: 0, Errors: 0, Skipped: 0, Time elapsed: 0.045 s - in org.fluentlenium.test.param.ParamTest
[INFO] Running org.fluentlenium.test.annotations.AnnotationsComponentsPriorityEventsTest
[INFO] Tests run: 1, Failures: 0, Errors: 0, Skipped: 0, Time elapsed: 0.023 s - in org.fluentlenium.test.annotations.AnnotationsComponentsPriorityEventsTest
[INFO] Running org.fluentlenium.test.annotations.AnnotationsComponentEventsTest
[INFO] Tests run: 3, Failures: 0, Errors: 0, Skipped: 0, Time elapsed: 0.074 s - in org.fluentlenium.test.annotations.AnnotationsComponentEventsTest
[INFO] Running org.fluentlenium.test.annotations.AnnotationsEventsTest
[INFO] Tests run: 5, Failures: 0, Errors: 0, Skipped: 0, Time elapsed: 0.096 s - in org.fluentlenium.test.annotations.AnnotationsEventsTest
[INFO] Running org.fluentlenium.test.annotations.AnnotationsPriorityEventsTest
[INFO] Tests run: 1, Failures: 0, Errors: 0, Skipped: 0, Time elapsed: 0.028 s - in org.fluentlenium.test.annotations.AnnotationsPriorityEventsTest
[INFO] Running org.fluentlenium.test.initialization.DontRunTestsWhenInitFailTest
[INFO] Tests run: 1, Failures: 0, Errors: 0, Skipped: 0, Time elapsed: 0.036 s - in org.fluentlenium.test.initialization.DontRunTestsWhenInitFailTest
[INFO] Running org.fluentlenium.test.findby.FindByOfComponentContainerTest
[INFO] Tests run: 4, Failures: 0, Errors: 0, Skipped: 0, Time elapsed: 0.072 s - in org.fluentlenium.test.findby.FindByOfComponentContainerTest
[INFO] Running org.fluentlenium.test.findby.FindByOfComponentTest
[INFO] Tests run: 4, Failures: 0, Errors: 0, Skipped: 0, Time elapsed: 0.076 s - in org.fluentlenium.test.findby.FindByOfComponentTest
[INFO] Running org.fluentlenium.test.findby.FluentSelectorTest
[INFO] Tests run: 26, Failures: 0, Errors: 0, Skipped: 0, Time elapsed: 0.537 s - in org.fluentlenium.test.findby.FluentSelectorTest
[INFO] Running org.fluentlenium.test.findby.FindByOfListTest
[INFO] Tests run: 2, Failures: 0, Errors: 0, Skipped: 0, Time elapsed: 0.043 s - in org.fluentlenium.test.findby.FindByOfListTest
[INFO] Running org.fluentlenium.test.fluentlist.SearchOnlyWithFiltersTest
[INFO] Tests run: 21, Failures: 0, Errors: 0, Skipped: 0, Time elapsed: 0.432 s - in org.fluentlenium.test.fluentlist.SearchOnlyWithFiltersTest
[INFO] Running org.fluentlenium.test.fluentlist.SearchTest
[INFO] Tests run: 9, Failures: 0, Errors: 0, Skipped: 0, Time elapsed: 0.143 s - in org.fluentlenium.test.fluentlist.SearchTest
[INFO] Running org.fluentlenium.test.fluentability.FluentabilityTest
[INFO] Tests run: 1, Failures: 0, Errors: 0, Skipped: 0, Time elapsed: 0.015 s - in org.fluentlenium.test.fluentability.FluentabilityTest
[INFO] Running org.fluentlenium.test.text.HiddenTextTest
[INFO] Tests run: 2, Failures: 0, Errors: 0, Skipped: 0, Time elapsed: 0.028 s - in org.fluentlenium.test.text.HiddenTextTest
[INFO] Running org.fluentlenium.test.page.PageInPageWithCreatePageTest
[INFO] Tests run: 1, Failures: 0, Errors: 0, Skipped: 0, Time elapsed: 0.01 s - in org.fluentlenium.test.page.PageInPageWithCreatePageTest
[INFO] Running org.fluentlenium.test.page.isat.IsAtTest
[INFO] Tests run: 7, Failures: 0, Errors: 0, Skipped: 0, Time elapsed: 0.156 s - in org.fluentlenium.test.page.isat.IsAtTest
[INFO] Running org.fluentlenium.test.page.PageUrlParameterQueryTest
[INFO] Tests run: 4, Failures: 0, Errors: 0, Skipped: 0, Time elapsed: 0.082 s - in org.fluentlenium.test.page.PageUrlParameterQueryTest
[INFO] Running org.fluentlenium.test.page.PageTest
[INFO] Tests run: 15, Failures: 0, Errors: 0, Skipped: 0, Time elapsed: 0.464 s - in org.fluentlenium.test.page.PageTest
[INFO] Running org.fluentlenium.test.page.PageWithAjaxElementTest
[INFO] Tests run: 4, Failures: 0, Errors: 0, Skipped: 0, Time elapsed: 17.106 s - in org.fluentlenium.test.page.PageWithAjaxElementTest
[INFO] Running org.fluentlenium.test.page.PageInPageWithAnnotationPageTest
[INFO] Tests run: 1, Failures: 0, Errors: 0, Skipped: 0, Time elapsed: 0.015 s - in org.fluentlenium.test.page.PageInPageWithAnnotationPageTest
[INFO] Running org.fluentlenium.test.page.gotopage.GoToTest
[INFO] Tests run: 5, Failures: 0, Errors: 0, Skipped: 0, Time elapsed: 0.036 s - in org.fluentlenium.test.page.gotopage.GoToTest
[INFO] Running org.fluentlenium.test.page.gotopage.GoToInNewTabTest
[INFO] Tests run: 1, Failures: 0, Errors: 0, Skipped: 0, Time elapsed: 0.045 s - in org.fluentlenium.test.page.gotopage.GoToInNewTabTest
[INFO] Running org.fluentlenium.test.page.SuperclassPageTest
[INFO] Tests run: 17, Failures: 0, Errors: 0, Skipped: 0, Time elapsed: 0.538 s - in org.fluentlenium.test.page.SuperclassPageTest
[INFO] Running org.fluentlenium.test.page.PageInPageTest
[INFO] Tests run: 1, Failures: 0, Errors: 0, Skipped: 0, Time elapsed: 0.016 s - in org.fluentlenium.test.page.PageInPageTest
[INFO] Running org.fluentlenium.test.page.PageAdapterTest
[INFO] Tests run: 3, Failures: 0, Errors: 0, Skipped: 0, Time elapsed: 0.033 s - in org.fluentlenium.test.page.PageAdapterTest
[INFO] Running org.fluentlenium.test.javascript.JavascriptTest
[INFO] Tests run: 8, Failures: 0, Errors: 0, Skipped: 0, Time elapsed: 0.297 s - in org.fluentlenium.test.javascript.JavascriptTest
[INFO] Running org.fluentlenium.test.count.CountTest
[INFO] Tests run: 1, Failures: 0, Errors: 0, Skipped: 0, Time elapsed: 0.09 s - in org.fluentlenium.test.count.CountTest
[INFO] Running org.fluentlenium.test.axes.AxesTest
[INFO] Tests run: 7, Failures: 0, Errors: 0, Skipped: 0, Time elapsed: 0.141 s - in org.fluentlenium.test.axes.AxesTest
[INFO] 
[INFO] Results:
[INFO] 
[INFO] Tests run: 538, Failures: 0, Errors: 0, Skipped: 0
[INFO] 
[INFO] 
[INFO] ----------------< org.fluentlenium:fluentlenium-junit >-----------------
[INFO] Building FluentLenium JUnit 4.8.1-SNAPSHOT                        [7/13]
[INFO] --------------------------------[ jar ]---------------------------------
[INFO] 
[INFO] --- maven-clean-plugin:3.1.0:clean (default-clean) @ fluentlenium-junit ---
[INFO] Deleting /home/gabsko/breaking-updates/fluentlenium-junit/target
[INFO] 
[INFO] --- flatten-maven-plugin:1.2.7:clean (flatten.clean) @ fluentlenium-junit ---
[INFO] Deleting /home/gabsko/breaking-updates/fluentlenium-junit/.flattened-pom.xml
[INFO] 
[INFO] --- maven-enforcer-plugin:3.0.0-M3:enforce (enforce-maven) @ fluentlenium-junit ---
[INFO] 
[INFO] --- jacoco-maven-plugin:0.8.7:prepare-agent (prepare-agent) @ fluentlenium-junit ---
[INFO] argLine set to -javaagent:/home/gabsko/.m2/repository/org/jacoco/org.jacoco.agent/0.8.7/org.jacoco.agent-0.8.7-runtime.jar=destfile=/home/gabsko/breaking-updates/fluentlenium-junit/target/jacoco.exec,excludes=**com.steadystate*:**com/gargoylesoftware*
[INFO] 
[INFO] --- maven-resources-plugin:3.2.0:resources (default-resources) @ fluentlenium-junit ---
[INFO] Using 'UTF-8' encoding to copy filtered resources.
[INFO] Using 'UTF-8' encoding to copy filtered properties files.
[INFO] skip non existing resourceDirectory /home/gabsko/breaking-updates/fluentlenium-junit/src/main/resources
[INFO] 
[INFO] --- flatten-maven-plugin:1.2.7:flatten (flatten) @ fluentlenium-junit ---
[INFO] Generating flattened POM of project org.fluentlenium:fluentlenium-junit:jar:4.8.1-SNAPSHOT...
[INFO] 
[INFO] --- maven-compiler-plugin:3.8.1:compile (default-compile) @ fluentlenium-junit ---
[INFO] Changes detected - recompiling the module!
[INFO] Compiling 3 source files to /home/gabsko/breaking-updates/fluentlenium-junit/target/classes
[INFO] 
[INFO] --- maven-resources-plugin:3.2.0:testResources (default-testResources) @ fluentlenium-junit ---
[INFO] Using 'UTF-8' encoding to copy filtered resources.
[INFO] Using 'UTF-8' encoding to copy filtered properties files.
[INFO] Copying 2 resources
[INFO] 
[INFO] --- maven-compiler-plugin:3.8.1:testCompile (default-testCompile) @ fluentlenium-junit ---
[INFO] Changes detected - recompiling the module!
[INFO] Compiling 18 source files to /home/gabsko/breaking-updates/fluentlenium-junit/target/test-classes
[INFO] /home/gabsko/breaking-updates/fluentlenium-junit/src/test/java/org/fluentlenium/adapter/junit/FluentTestRuleTest.java: /home/gabsko/breaking-updates/fluentlenium-junit/src/test/java/org/fluentlenium/adapter/junit/FluentTestRuleTest.java uses or overrides a deprecated API.
[INFO] /home/gabsko/breaking-updates/fluentlenium-junit/src/test/java/org/fluentlenium/adapter/junit/FluentTestRuleTest.java: Recompile with -Xlint:deprecation for details.
[INFO] 
[INFO] --- maven-surefire-plugin:3.0.0-M5:test (default-test) @ fluentlenium-junit ---
[INFO] 
[INFO] -------------------------------------------------------
[INFO]  T E S T S
[INFO] -------------------------------------------------------
[INFO] Running org.fluentlenium.adapter.junit.AfterSuccessTest
[INFO] Tests run: 1, Failures: 0, Errors: 0, Skipped: 0, Time elapsed: 1.359 s - in org.fluentlenium.adapter.junit.AfterSuccessTest
[INFO] Running org.fluentlenium.adapter.junit.AfterFailedTest
[INFO] Tests run: 1, Failures: 0, Errors: 0, Skipped: 0, Time elapsed: 0.122 s - in org.fluentlenium.adapter.junit.AfterFailedTest
[INFO] Running org.fluentlenium.adapter.junit.FluentTestRuleTest
[INFO] Tests run: 2, Failures: 0, Errors: 0, Skipped: 0, Time elapsed: 0.638 s - in org.fluentlenium.adapter.junit.FluentTestRuleTest
[INFO] 
[INFO] Results:
[INFO] 
[INFO] Tests run: 4, Failures: 0, Errors: 0, Skipped: 0
[INFO] 
[INFO] 
[INFO] ------------< org.fluentlenium:fluentlenium-spring-testng >-------------
[INFO] Building FluentLenium Spring TestNG 4.8.1-SNAPSHOT                [8/13]
[INFO] --------------------------------[ jar ]---------------------------------
[INFO] 
[INFO] --- maven-clean-plugin:3.1.0:clean (default-clean) @ fluentlenium-spring-testng ---
[INFO] Deleting /home/gabsko/breaking-updates/fluentlenium-spring-testng/target
[INFO] 
[INFO] --- flatten-maven-plugin:1.2.7:clean (flatten.clean) @ fluentlenium-spring-testng ---
[INFO] Deleting /home/gabsko/breaking-updates/fluentlenium-spring-testng/.flattened-pom.xml
[INFO] 
[INFO] --- maven-enforcer-plugin:3.0.0-M3:enforce (enforce-maven) @ fluentlenium-spring-testng ---
[INFO] 
[INFO] --- jacoco-maven-plugin:0.8.7:prepare-agent (prepare-agent) @ fluentlenium-spring-testng ---
[INFO] argLine set to -javaagent:/home/gabsko/.m2/repository/org/jacoco/org.jacoco.agent/0.8.7/org.jacoco.agent-0.8.7-runtime.jar=destfile=/home/gabsko/breaking-updates/fluentlenium-spring-testng/target/jacoco.exec,excludes=**com.steadystate*:**com/gargoylesoftware*
[INFO] 
[INFO] --- maven-resources-plugin:3.2.0:resources (default-resources) @ fluentlenium-spring-testng ---
[INFO] Using 'UTF-8' encoding to copy filtered resources.
[INFO] Using 'UTF-8' encoding to copy filtered properties files.
[INFO] skip non existing resourceDirectory /home/gabsko/breaking-updates/fluentlenium-spring-testng/src/main/resources
[INFO] 
[INFO] --- flatten-maven-plugin:1.2.7:flatten (flatten) @ fluentlenium-spring-testng ---
[INFO] Generating flattened POM of project org.fluentlenium:fluentlenium-spring-testng:jar:4.8.1-SNAPSHOT...
[INFO] 
[INFO] --- maven-compiler-plugin:3.8.1:compile (default-compile) @ fluentlenium-spring-testng ---
[INFO] Changes detected - recompiling the module!
[INFO] Compiling 4 source files to /home/gabsko/breaking-updates/fluentlenium-spring-testng/target/classes
[INFO] 
[INFO] --- maven-resources-plugin:3.2.0:testResources (default-testResources) @ fluentlenium-spring-testng ---
[INFO] Using 'UTF-8' encoding to copy filtered resources.
[INFO] Using 'UTF-8' encoding to copy filtered properties files.
[INFO] Copying 4 resources
[INFO] 
[INFO] --- maven-compiler-plugin:3.8.1:testCompile (default-testCompile) @ fluentlenium-spring-testng ---
[INFO] Changes detected - recompiling the module!
[INFO] Compiling 22 source files to /home/gabsko/breaking-updates/fluentlenium-spring-testng/target/test-classes
[INFO] 
[INFO] --- maven-surefire-plugin:3.0.0-M5:test (default-test) @ fluentlenium-spring-testng ---
[INFO] 
[INFO] -------------------------------------------------------
[INFO]  T E S T S
[INFO] -------------------------------------------------------
[INFO] Running TestSuite
14:33:14.466 [main] INFO  AbstractTestContextBootstrapper - Using TestExecutionListeners: [org.springframework.test.context.support.DirtiesContextBeforeModesTestExecutionListener@189fe8af, org.springframework.test.context.event.ApplicationEventsTestExecutionListener@6f99b8c4, org.springframework.test.context.support.DependencyInjectionTestExecutionListener@5f5c2451, org.springframework.test.context.support.DirtiesContextTestExecutionListener@3b5769b3, org.springframework.test.context.event.EventPublishingTestExecutionListener@5cea34e6]
14:33:14.601 [main] INFO  AbstractTestContextBootstrapper - Using TestExecutionListeners: [org.springframework.test.context.support.DirtiesContextBeforeModesTestExecutionListener@39d8240b, org.springframework.test.context.event.ApplicationEventsTestExecutionListener@3a6732bc, org.springframework.test.context.support.DependencyInjectionTestExecutionListener@35b799c0, org.springframework.test.context.support.DirtiesContextTestExecutionListener@3963d003, org.springframework.test.context.event.EventPublishingTestExecutionListener@41e35358]
14:33:14.613 [main] INFO  AbstractTestContextBootstrapper - Using TestExecutionListeners: [org.springframework.test.context.support.DirtiesContextBeforeModesTestExecutionListener@51dcf51b, org.springframework.test.context.event.ApplicationEventsTestExecutionListener@6eb58fdd, org.springframework.test.context.support.DependencyInjectionTestExecutionListener@7a0619a8, org.springframework.test.context.support.DirtiesContextTestExecutionListener@5df9d890, org.springframework.test.context.event.EventPublishingTestExecutionListener@6b3b9a19]
14:33:14.633 [main] INFO  AbstractTestContextBootstrapper - Using TestExecutionListeners: [org.springframework.test.context.support.DirtiesContextBeforeModesTestExecutionListener@6d293b41, org.springframework.test.context.event.ApplicationEventsTestExecutionListener@c0d114b, org.springframework.test.context.support.DependencyInjectionTestExecutionListener@2079ce51, org.springframework.test.context.support.DirtiesContextTestExecutionListener@1692d173, org.springframework.test.context.event.EventPublishingTestExecutionListener@32c503d3]
14:33:14.643 [main] INFO  AbstractTestContextBootstrapper - Using TestExecutionListeners: [org.springframework.test.context.support.DirtiesContextBeforeModesTestExecutionListener@5248688c, org.springframework.test.context.event.ApplicationEventsTestExecutionListener@37736bf1, org.springframework.test.context.support.DependencyInjectionTestExecutionListener@2a7c82e, org.springframework.test.context.support.DirtiesContextTestExecutionListener@22128b73, org.springframework.test.context.event.EventPublishingTestExecutionListener@338f9bb5]
14:33:14.656 [main] INFO  AbstractTestContextBootstrapper - Using TestExecutionListeners: [org.springframework.test.context.support.DirtiesContextBeforeModesTestExecutionListener@79715834, org.springframework.test.context.event.ApplicationEventsTestExecutionListener@4d94b0af, org.springframework.test.context.support.DependencyInjectionTestExecutionListener@72a80668, org.springframework.test.context.support.DirtiesContextTestExecutionListener@42cb8174, org.springframework.test.context.event.EventPublishingTestExecutionListener@3108d1e1]
14:33:14.673 [main] INFO  AbstractTestContextBootstrapper - Using TestExecutionListeners: [org.springframework.test.context.support.DirtiesContextBeforeModesTestExecutionListener@167080e, org.springframework.test.context.event.ApplicationEventsTestExecutionListener@33980345, org.springframework.test.context.support.DependencyInjectionTestExecutionListener@195c5803, org.springframework.test.context.support.DirtiesContextTestExecutionListener@60f8d38c, org.springframework.test.context.event.EventPublishingTestExecutionListener@596690e5]
14:33:14.688 [main] INFO  AbstractTestContextBootstrapper - Using TestExecutionListeners: [org.springframework.test.context.support.DirtiesContextBeforeModesTestExecutionListener@65f913fd, org.springframework.test.context.event.ApplicationEventsTestExecutionListener@56059cf1, org.springframework.test.context.support.DependencyInjectionTestExecutionListener@3b89bccf, org.springframework.test.context.support.DirtiesContextTestExecutionListener@299a0651, org.springframework.test.context.event.EventPublishingTestExecutionListener@4518e64]
14:33:14.703 [main] INFO  AbstractTestContextBootstrapper - Using TestExecutionListeners: [org.springframework.test.context.support.DirtiesContextBeforeModesTestExecutionListener@78cb15b9, org.springframework.test.context.event.ApplicationEventsTestExecutionListener@3f77cd24, org.springframework.test.context.support.DependencyInjectionTestExecutionListener@5408854f, org.springframework.test.context.support.DirtiesContextTestExecutionListener@7ca9c253, org.springframework.test.context.event.EventPublishingTestExecutionListener@5cef76a2]
14:33:14.724 [main] INFO  AbstractTestContextBootstrapper - Using TestExecutionListeners: [org.springframework.test.context.support.DirtiesContextBeforeModesTestExecutionListener@219acda9, org.springframework.test.context.event.ApplicationEventsTestExecutionListener@455e8356, org.springframework.test.context.support.DependencyInjectionTestExecutionListener@5b9037b6, org.springframework.test.context.support.DirtiesContextTestExecutionListener@6887e1d1, org.springframework.test.context.event.EventPublishingTestExecutionListener@1f878eed]
14:33:14.734 [main] INFO  AbstractTestContextBootstrapper - Using TestExecutionListeners: [org.springframework.test.context.support.DirtiesContextBeforeModesTestExecutionListener@13f4149d, org.springframework.test.context.event.ApplicationEventsTestExecutionListener@3f64a088, org.springframework.test.context.support.DependencyInjectionTestExecutionListener@557d9532, org.springframework.test.context.support.DirtiesContextTestExecutionListener@2bc3ab4d, org.springframework.test.context.event.EventPublishingTestExecutionListener@18a01254]
14:33:14.744 [main] INFO  AbstractTestContextBootstrapper - Using TestExecutionListeners: [org.springframework.test.context.support.DirtiesContextBeforeModesTestExecutionListener@58decd96, org.springframework.test.context.event.ApplicationEventsTestExecutionListener@67ee26af, org.springframework.test.context.support.DependencyInjectionTestExecutionListener@57cc535, org.springframework.test.context.support.DirtiesContextTestExecutionListener@41cc3795, org.springframework.test.context.event.EventPublishingTestExecutionListener@6f50f047]
14:33:14.754 [main] INFO  AbstractTestContextBootstrapper - Using TestExecutionListeners: [org.springframework.test.context.support.DirtiesContextBeforeModesTestExecutionListener@b230f87, org.springframework.test.context.event.ApplicationEventsTestExecutionListener@5b293cc9, org.springframework.test.context.support.DependencyInjectionTestExecutionListener@6c551798, org.springframework.test.context.support.DirtiesContextTestExecutionListener@18212778, org.springframework.test.context.event.EventPublishingTestExecutionListener@b6d5ccc]
14:33:14.764 [main] INFO  AbstractTestContextBootstrapper - Using TestExecutionListeners: [org.springframework.test.context.support.DirtiesContextBeforeModesTestExecutionListener@317e9cf5, org.springframework.test.context.event.ApplicationEventsTestExecutionListener@33a267f, org.springframework.test.context.support.DependencyInjectionTestExecutionListener@6a94ccde, org.springframework.test.context.support.DirtiesContextTestExecutionListener@7261773c, org.springframework.test.context.event.EventPublishingTestExecutionListener@37bdd4b1]
14:33:14.802 [main] INFO  AbstractTestContextBootstrapper - Using TestExecutionListeners: [org.springframework.test.context.support.DirtiesContextBeforeModesTestExecutionListener@6013565b, org.springframework.test.context.event.ApplicationEventsTestExecutionListener@250cb65a, org.springframework.test.context.support.DependencyInjectionTestExecutionListener@54eda0bb, org.springframework.test.context.support.DirtiesContextTestExecutionListener@41ad5874, org.springframework.test.context.event.EventPublishingTestExecutionListener@3bf66f94]
14:33:14.816 [main] INFO  AbstractTestContextBootstrapper - Using TestExecutionListeners: [org.springframework.test.context.support.DirtiesContextBeforeModesTestExecutionListener@27879b4e, org.springframework.test.context.event.ApplicationEventsTestExecutionListener@646599c6, org.springframework.test.context.support.DependencyInjectionTestExecutionListener@153e2f2f, org.springframework.test.context.support.DirtiesContextTestExecutionListener@4457e347, org.springframework.test.context.event.EventPublishingTestExecutionListener@5f914d68]
14:33:14.857 [main] INFO  AbstractTestContextBootstrapper - Using TestExecutionListeners: [org.springframework.test.context.support.DirtiesContextBeforeModesTestExecutionListener@70b5ea27, org.springframework.test.context.event.ApplicationEventsTestExecutionListener@44d8e130, org.springframework.test.context.support.DependencyInjectionTestExecutionListener@3d9188de, org.springframework.test.context.support.DirtiesContextTestExecutionListener@349ff599, org.springframework.test.context.event.EventPublishingTestExecutionListener@6ba4d5ff]
14:33:14.873 [main] INFO  AbstractTestContextBootstrapper - Using TestExecutionListeners: [org.springframework.test.context.support.DirtiesContextBeforeModesTestExecutionListener@30fc1d0c, org.springframework.test.context.event.ApplicationEventsTestExecutionListener@151ddfc6, org.springframework.test.context.support.DependencyInjectionTestExecutionListener@638d0527, org.springframework.test.context.support.DirtiesContextTestExecutionListener@e9f28, org.springframework.test.context.event.EventPublishingTestExecutionListener@50caf658]
14:33:17.617 [TestNG-test=Surefire test-1] INFO  AbstractTestContextBootstrapper - Neither @ContextConfiguration nor @ContextHierarchy found for test class [org.fluentlenium.adapter.testng.SpringTestNGControl], using DelegatingSmartContextLoader
14:33:17.618 [TestNG-test=Surefire test-1] INFO  AbstractContextLoader - Could not detect default resource locations for test class [org.fluentlenium.adapter.testng.SpringTestNGControl]: no resource found for suffixes {-context.xml}.
14:33:17.620 [TestNG-test=Surefire test-1] INFO  AnnotationConfigContextLoaderUtils - Could not detect default configuration classes for test class [org.fluentlenium.adapter.testng.SpringTestNGControl]: SpringTestNGControl does not declare any static, non-private, non-final, nested classes annotated with @Configuration.
14:33:17.622 [TestNG-test=Surefire test-1] INFO  AbstractTestContextBootstrapper - Using TestExecutionListeners: [org.springframework.test.context.support.DirtiesContextBeforeModesTestExecutionListener@79b03645, org.springframework.test.context.event.ApplicationEventsTestExecutionListener@73bbe551, org.springframework.test.context.support.DependencyInjectionTestExecutionListener@2b5d553, org.springframework.test.context.support.DirtiesContextTestExecutionListener@367aa748, org.springframework.test.context.event.EventPublishingTestExecutionListener@4e80addc]
14:33:17.636 [TestNG-test=Surefire test-1] INFO  AbstractTestContextBootstrapper - Neither @ContextConfiguration nor @ContextHierarchy found for test class [org.fluentlenium.adapter.testng.SpringTestNGControl], using DelegatingSmartContextLoader
14:33:17.636 [TestNG-test=Surefire test-1] INFO  AbstractContextLoader - Could not detect default resource locations for test class [org.fluentlenium.adapter.testng.SpringTestNGControl]: no resource found for suffixes {-context.xml}.
14:33:17.636 [TestNG-test=Surefire test-1] INFO  AnnotationConfigContextLoaderUtils - Could not detect default configuration classes for test class [org.fluentlenium.adapter.testng.SpringTestNGControl]: SpringTestNGControl does not declare any static, non-private, non-final, nested classes annotated with @Configuration.
14:33:17.638 [TestNG-test=Surefire test-1] INFO  AbstractTestContextBootstrapper - Using TestExecutionListeners: [org.springframework.test.context.support.DirtiesContextBeforeModesTestExecutionListener@c947880, org.springframework.test.context.event.ApplicationEventsTestExecutionListener@5970be75, org.springframework.test.context.support.DependencyInjectionTestExecutionListener@6f637187, org.springframework.test.context.support.DirtiesContextTestExecutionListener@2e30b841, org.springframework.test.context.event.EventPublishingTestExecutionListener@14f857f]
14:33:17.647 [TestNG-test=Surefire test-1] INFO  AbstractTestContextBootstrapper - Neither @ContextConfiguration nor @ContextHierarchy found for test class [org.fluentlenium.adapter.testng.SpringTestNGControl], using DelegatingSmartContextLoader
14:33:17.647 [TestNG-test=Surefire test-1] INFO  AbstractContextLoader - Could not detect default resource locations for test class [org.fluentlenium.adapter.testng.SpringTestNGControl]: no resource found for suffixes {-context.xml}.
14:33:17.648 [TestNG-test=Surefire test-1] INFO  AnnotationConfigContextLoaderUtils - Could not detect default configuration classes for test class [org.fluentlenium.adapter.testng.SpringTestNGControl]: SpringTestNGControl does not declare any static, non-private, non-final, nested classes annotated with @Configuration.
14:33:17.649 [TestNG-test=Surefire test-1] INFO  AbstractTestContextBootstrapper - Using TestExecutionListeners: [org.springframework.test.context.support.DirtiesContextBeforeModesTestExecutionListener@343d642d, org.springframework.test.context.event.ApplicationEventsTestExecutionListener@28f011b1, org.springframework.test.context.support.DependencyInjectionTestExecutionListener@3eb89e65, org.springframework.test.context.support.DirtiesContextTestExecutionListener@2d72ea1a, org.springframework.test.context.event.EventPublishingTestExecutionListener@72b1ef95]
14:33:17.656 [TestNG-test=Surefire test-1] INFO  AbstractTestContextBootstrapper - Neither @ContextConfiguration nor @ContextHierarchy found for test class [org.fluentlenium.adapter.testng.SpringTestNGControl], using DelegatingSmartContextLoader
14:33:17.657 [TestNG-test=Surefire test-1] INFO  AbstractContextLoader - Could not detect default resource locations for test class [org.fluentlenium.adapter.testng.SpringTestNGControl]: no resource found for suffixes {-context.xml}.
14:33:17.657 [TestNG-test=Surefire test-1] INFO  AnnotationConfigContextLoaderUtils - Could not detect default configuration classes for test class [org.fluentlenium.adapter.testng.SpringTestNGControl]: SpringTestNGControl does not declare any static, non-private, non-final, nested classes annotated with @Configuration.
14:33:17.659 [TestNG-test=Surefire test-1] INFO  AbstractTestContextBootstrapper - Using TestExecutionListeners: [org.springframework.test.context.support.DirtiesContextBeforeModesTestExecutionListener@5a11de5b, org.springframework.test.context.event.ApplicationEventsTestExecutionListener@525a5653, org.springframework.test.context.support.DependencyInjectionTestExecutionListener@464526cd, org.springframework.test.context.support.DirtiesContextTestExecutionListener@4c20867d, org.springframework.test.context.event.EventPublishingTestExecutionListener@18176aa4]
14:33:17.662 [TestNG-test=Surefire test-1] INFO  AbstractTestContextBootstrapper - Neither @ContextConfiguration nor @ContextHierarchy found for test class [org.fluentlenium.adapter.testng.SpringTestNGControl], using DelegatingSmartContextLoader
14:33:17.662 [TestNG-test=Surefire test-1] INFO  AbstractContextLoader - Could not detect default resource locations for test class [org.fluentlenium.adapter.testng.SpringTestNGControl]: no resource found for suffixes {-context.xml}.
14:33:17.662 [TestNG-test=Surefire test-1] INFO  AnnotationConfigContextLoaderUtils - Could not detect default configuration classes for test class [org.fluentlenium.adapter.testng.SpringTestNGControl]: SpringTestNGControl does not declare any static, non-private, non-final, nested classes annotated with @Configuration.
14:33:17.663 [TestNG-test=Surefire test-1] INFO  AbstractTestContextBootstrapper - Using TestExecutionListeners: [org.springframework.test.context.support.DirtiesContextBeforeModesTestExecutionListener@1beeb4a6, org.springframework.test.context.event.ApplicationEventsTestExecutionListener@22491e79, org.springframework.test.context.support.DependencyInjectionTestExecutionListener@8c67cc9, org.springframework.test.context.support.DirtiesContextTestExecutionListener@4dc53ac6, org.springframework.test.context.event.EventPublishingTestExecutionListener@2360fc5c]
14:33:17.666 [TestNG-test=Surefire test-1] INFO  AbstractTestContextBootstrapper - Neither @ContextConfiguration nor @ContextHierarchy found for test class [org.fluentlenium.adapter.testng.SpringTestNGControl], using DelegatingSmartContextLoader
14:33:17.666 [TestNG-test=Surefire test-1] INFO  AbstractContextLoader - Could not detect default resource locations for test class [org.fluentlenium.adapter.testng.SpringTestNGControl]: no resource found for suffixes {-context.xml}.
14:33:17.667 [TestNG-test=Surefire test-1] INFO  AnnotationConfigContextLoaderUtils - Could not detect default configuration classes for test class [org.fluentlenium.adapter.testng.SpringTestNGControl]: SpringTestNGControl does not declare any static, non-private, non-final, nested classes annotated with @Configuration.
14:33:17.668 [TestNG-test=Surefire test-1] INFO  AbstractTestContextBootstrapper - Using TestExecutionListeners: [org.springframework.test.context.support.DirtiesContextBeforeModesTestExecutionListener@ac5a201, org.springframework.test.context.event.ApplicationEventsTestExecutionListener@30310e98, org.springframework.test.context.support.DependencyInjectionTestExecutionListener@72e6e719, org.springframework.test.context.support.DirtiesContextTestExecutionListener@167768f, org.springframework.test.context.event.EventPublishingTestExecutionListener@26951908]
14:33:17.670 [TestNG-test=Surefire test-1] INFO  AbstractTestContextBootstrapper - Neither @ContextConfiguration nor @ContextHierarchy found for test class [org.fluentlenium.adapter.testng.SpringTestNGControl], using DelegatingSmartContextLoader
14:33:17.671 [TestNG-test=Surefire test-1] INFO  AbstractContextLoader - Could not detect default resource locations for test class [org.fluentlenium.adapter.testng.SpringTestNGControl]: no resource found for suffixes {-context.xml}.
14:33:17.671 [TestNG-test=Surefire test-1] INFO  AnnotationConfigContextLoaderUtils - Could not detect default configuration classes for test class [org.fluentlenium.adapter.testng.SpringTestNGControl]: SpringTestNGControl does not declare any static, non-private, non-final, nested classes annotated with @Configuration.
14:33:17.672 [TestNG-test=Surefire test-1] INFO  AbstractTestContextBootstrapper - Using TestExecutionListeners: [org.springframework.test.context.support.DirtiesContextBeforeModesTestExecutionListener@7c733697, org.springframework.test.context.event.ApplicationEventsTestExecutionListener@409012df, org.springframework.test.context.support.DependencyInjectionTestExecutionListener@1bed7b26, org.springframework.test.context.support.DirtiesContextTestExecutionListener@5e2b3a2d, org.springframework.test.context.event.EventPublishingTestExecutionListener@3b8978f1]
14:33:17.675 [TestNG-test=Surefire test-1] INFO  AbstractTestContextBootstrapper - Neither @ContextConfiguration nor @ContextHierarchy found for test class [org.fluentlenium.adapter.testng.SpringTestNGControl], using DelegatingSmartContextLoader
14:33:17.676 [TestNG-test=Surefire test-1] INFO  AbstractContextLoader - Could not detect default resource locations for test class [org.fluentlenium.adapter.testng.SpringTestNGControl]: no resource found for suffixes {-context.xml}.
14:33:17.676 [TestNG-test=Surefire test-1] INFO  AnnotationConfigContextLoaderUtils - Could not detect default configuration classes for test class [org.fluentlenium.adapter.testng.SpringTestNGControl]: SpringTestNGControl does not declare any static, non-private, non-final, nested classes annotated with @Configuration.
14:33:17.678 [TestNG-test=Surefire test-1] INFO  AbstractTestContextBootstrapper - Using TestExecutionListeners: [org.springframework.test.context.support.DirtiesContextBeforeModesTestExecutionListener@19b097dd, org.springframework.test.context.event.ApplicationEventsTestExecutionListener@4bb5981a, org.springframework.test.context.support.DependencyInjectionTestExecutionListener@68a3b7d7, org.springframework.test.context.support.DirtiesContextTestExecutionListener@7112a232, org.springframework.test.context.event.EventPublishingTestExecutionListener@6c01ddb2]
14:33:17.684 [TestNG-test=Surefire test-1] INFO  AbstractTestContextBootstrapper - Neither @ContextConfiguration nor @ContextHierarchy found for test class [org.fluentlenium.adapter.testng.SpringTestNGControl], using DelegatingSmartContextLoader
14:33:17.684 [TestNG-test=Surefire test-1] INFO  AbstractContextLoader - Could not detect default resource locations for test class [org.fluentlenium.adapter.testng.SpringTestNGControl]: no resource found for suffixes {-context.xml}.
14:33:17.685 [TestNG-test=Surefire test-1] INFO  AnnotationConfigContextLoaderUtils - Could not detect default configuration classes for test class [org.fluentlenium.adapter.testng.SpringTestNGControl]: SpringTestNGControl does not declare any static, non-private, non-final, nested classes annotated with @Configuration.
14:33:17.687 [TestNG-test=Surefire test-1] INFO  AbstractTestContextBootstrapper - Using TestExecutionListeners: [org.springframework.test.context.support.DirtiesContextBeforeModesTestExecutionListener@52793bd3, org.springframework.test.context.event.ApplicationEventsTestExecutionListener@12844c35, org.springframework.test.context.support.DependencyInjectionTestExecutionListener@5a3c60d, org.springframework.test.context.support.DirtiesContextTestExecutionListener@25df2f4e, org.springframework.test.context.event.EventPublishingTestExecutionListener@3e633f85]
14:33:17.690 [TestNG-test=Surefire test-1] INFO  AbstractTestContextBootstrapper - Neither @ContextConfiguration nor @ContextHierarchy found for test class [org.fluentlenium.adapter.testng.SpringTestNGControl], using DelegatingSmartContextLoader
14:33:17.690 [TestNG-test=Surefire test-1] INFO  AbstractContextLoader - Could not detect default resource locations for test class [org.fluentlenium.adapter.testng.SpringTestNGControl]: no resource found for suffixes {-context.xml}.
14:33:17.691 [TestNG-test=Surefire test-1] INFO  AnnotationConfigContextLoaderUtils - Could not detect default configuration classes for test class [org.fluentlenium.adapter.testng.SpringTestNGControl]: SpringTestNGControl does not declare any static, non-private, non-final, nested classes annotated with @Configuration.
14:33:17.692 [TestNG-test=Surefire test-1] INFO  AbstractTestContextBootstrapper - Using TestExecutionListeners: [org.springframework.test.context.support.DirtiesContextBeforeModesTestExecutionListener@3f3ecccf, org.springframework.test.context.event.ApplicationEventsTestExecutionListener@432234d, org.springframework.test.context.support.DependencyInjectionTestExecutionListener@6d7ffa3d, org.springframework.test.context.support.DirtiesContextTestExecutionListener@1c55a534, org.springframework.test.context.event.EventPublishingTestExecutionListener@55c44ac5]
14:33:17.695 [TestNG-test=Surefire test-1] INFO  AbstractTestContextBootstrapper - Neither @ContextConfiguration nor @ContextHierarchy found for test class [org.fluentlenium.adapter.testng.SpringTestNGControl], using DelegatingSmartContextLoader
14:33:17.695 [TestNG-test=Surefire test-1] INFO  AbstractContextLoader - Could not detect default resource locations for test class [org.fluentlenium.adapter.testng.SpringTestNGControl]: no resource found for suffixes {-context.xml}.
14:33:17.695 [TestNG-test=Surefire test-1] INFO  AnnotationConfigContextLoaderUtils - Could not detect default configuration classes for test class [org.fluentlenium.adapter.testng.SpringTestNGControl]: SpringTestNGControl does not declare any static, non-private, non-final, nested classes annotated with @Configuration.
14:33:17.696 [TestNG-test=Surefire test-1] INFO  AbstractTestContextBootstrapper - Using TestExecutionListeners: [org.springframework.test.context.support.DirtiesContextBeforeModesTestExecutionListener@e197fee, org.springframework.test.context.event.ApplicationEventsTestExecutionListener@6721035d, org.springframework.test.context.support.DependencyInjectionTestExecutionListener@2a00e59b, org.springframework.test.context.support.DirtiesContextTestExecutionListener@6e124e47, org.springframework.test.context.event.EventPublishingTestExecutionListener@2bb1aa64]
14:33:17.699 [TestNG-test=Surefire test-1] INFO  AbstractTestContextBootstrapper - Neither @ContextConfiguration nor @ContextHierarchy found for test class [org.fluentlenium.adapter.testng.SpringTestNGControl], using DelegatingSmartContextLoader
14:33:17.700 [TestNG-test=Surefire test-1] INFO  AbstractContextLoader - Could not detect default resource locations for test class [org.fluentlenium.adapter.testng.SpringTestNGControl]: no resource found for suffixes {-context.xml}.
14:33:17.700 [TestNG-test=Surefire test-1] INFO  AnnotationConfigContextLoaderUtils - Could not detect default configuration classes for test class [org.fluentlenium.adapter.testng.SpringTestNGControl]: SpringTestNGControl does not declare any static, non-private, non-final, nested classes annotated with @Configuration.
14:33:17.701 [TestNG-test=Surefire test-1] INFO  AbstractTestContextBootstrapper - Using TestExecutionListeners: [org.springframework.test.context.support.DirtiesContextBeforeModesTestExecutionListener@70857d55, org.springframework.test.context.event.ApplicationEventsTestExecutionListener@f3e06a4, org.springframework.test.context.support.DependencyInjectionTestExecutionListener@5d757c27, org.springframework.test.context.support.DirtiesContextTestExecutionListener@28634c2a, org.springframework.test.context.event.EventPublishingTestExecutionListener@7357e3a6]
14:33:17.704 [TestNG-test=Surefire test-1] INFO  AbstractTestContextBootstrapper - Neither @ContextConfiguration nor @ContextHierarchy found for test class [org.fluentlenium.adapter.testng.SpringTestNGControl], using DelegatingSmartContextLoader
14:33:17.704 [TestNG-test=Surefire test-1] INFO  AbstractContextLoader - Could not detect default resource locations for test class [org.fluentlenium.adapter.testng.SpringTestNGControl]: no resource found for suffixes {-context.xml}.
14:33:17.704 [TestNG-test=Surefire test-1] INFO  AnnotationConfigContextLoaderUtils - Could not detect default configuration classes for test class [org.fluentlenium.adapter.testng.SpringTestNGControl]: SpringTestNGControl does not declare any static, non-private, non-final, nested classes annotated with @Configuration.
14:33:17.705 [TestNG-test=Surefire test-1] INFO  AbstractTestContextBootstrapper - Using TestExecutionListeners: [org.springframework.test.context.support.DirtiesContextBeforeModesTestExecutionListener@31474310, org.springframework.test.context.event.ApplicationEventsTestExecutionListener@51e3b3d5, org.springframework.test.context.support.DependencyInjectionTestExecutionListener@49678a3c, org.springframework.test.context.support.DirtiesContextTestExecutionListener@62531375, org.springframework.test.context.event.EventPublishingTestExecutionListener@690793ec]
14:33:17.708 [TestNG-test=Surefire test-1] INFO  AbstractTestContextBootstrapper - Neither @ContextConfiguration nor @ContextHierarchy found for test class [org.fluentlenium.adapter.testng.SpringTestNGControl], using DelegatingSmartContextLoader
14:33:17.708 [TestNG-test=Surefire test-1] INFO  AbstractContextLoader - Could not detect default resource locations for test class [org.fluentlenium.adapter.testng.SpringTestNGControl]: no resource found for suffixes {-context.xml}.
14:33:17.708 [TestNG-test=Surefire test-1] INFO  AnnotationConfigContextLoaderUtils - Could not detect default configuration classes for test class [org.fluentlenium.adapter.testng.SpringTestNGControl]: SpringTestNGControl does not declare any static, non-private, non-final, nested classes annotated with @Configuration.
14:33:17.709 [TestNG-test=Surefire test-1] INFO  AbstractTestContextBootstrapper - Using TestExecutionListeners: [org.springframework.test.context.support.DirtiesContextBeforeModesTestExecutionListener@356e5665, org.springframework.test.context.event.ApplicationEventsTestExecutionListener@ec533b3, org.springframework.test.context.support.DependencyInjectionTestExecutionListener@6c87187b, org.springframework.test.context.support.DirtiesContextTestExecutionListener@feefe17, org.springframework.test.context.event.EventPublishingTestExecutionListener@48f45cf1]
14:33:17.711 [TestNG-test=Surefire test-1] INFO  AbstractTestContextBootstrapper - Neither @ContextConfiguration nor @ContextHierarchy found for test class [org.fluentlenium.adapter.testng.SpringTestNGControl], using DelegatingSmartContextLoader
14:33:17.712 [TestNG-test=Surefire test-1] INFO  AbstractContextLoader - Could not detect default resource locations for test class [org.fluentlenium.adapter.testng.SpringTestNGControl]: no resource found for suffixes {-context.xml}.
14:33:17.712 [TestNG-test=Surefire test-1] INFO  AnnotationConfigContextLoaderUtils - Could not detect default configuration classes for test class [org.fluentlenium.adapter.testng.SpringTestNGControl]: SpringTestNGControl does not declare any static, non-private, non-final, nested classes annotated with @Configuration.
14:33:17.713 [TestNG-test=Surefire test-1] INFO  AbstractTestContextBootstrapper - Using TestExecutionListeners: [org.springframework.test.context.support.DirtiesContextBeforeModesTestExecutionListener@3f1273aa, org.springframework.test.context.event.ApplicationEventsTestExecutionListener@7178691a, org.springframework.test.context.support.DependencyInjectionTestExecutionListener@158f6fdb, org.springframework.test.context.support.DirtiesContextTestExecutionListener@72027604, org.springframework.test.context.event.EventPublishingTestExecutionListener@5e21c4cd]
14:33:17.715 [TestNG-test=Surefire test-1] INFO  AbstractTestContextBootstrapper - Neither @ContextConfiguration nor @ContextHierarchy found for test class [org.fluentlenium.adapter.testng.SpringTestNGControl], using DelegatingSmartContextLoader
14:33:17.716 [TestNG-test=Surefire test-1] INFO  AbstractContextLoader - Could not detect default resource locations for test class [org.fluentlenium.adapter.testng.SpringTestNGControl]: no resource found for suffixes {-context.xml}.
14:33:17.716 [TestNG-test=Surefire test-1] INFO  AnnotationConfigContextLoaderUtils - Could not detect default configuration classes for test class [org.fluentlenium.adapter.testng.SpringTestNGControl]: SpringTestNGControl does not declare any static, non-private, non-final, nested classes annotated with @Configuration.
14:33:17.717 [TestNG-test=Surefire test-1] INFO  AbstractTestContextBootstrapper - Using TestExecutionListeners: [org.springframework.test.context.support.DirtiesContextBeforeModesTestExecutionListener@2d0d41db, org.springframework.test.context.event.ApplicationEventsTestExecutionListener@4f364817, org.springframework.test.context.support.DependencyInjectionTestExecutionListener@3a9a5aa2, org.springframework.test.context.support.DirtiesContextTestExecutionListener@19b0ee07, org.springframework.test.context.event.EventPublishingTestExecutionListener@5e746773]
14:33:17.720 [TestNG-test=Surefire test-1] INFO  AbstractTestContextBootstrapper - Neither @ContextConfiguration nor @ContextHierarchy found for test class [org.fluentlenium.adapter.testng.SpringTestNGControl], using DelegatingSmartContextLoader
14:33:17.720 [TestNG-test=Surefire test-1] INFO  AbstractContextLoader - Could not detect default resource locations for test class [org.fluentlenium.adapter.testng.SpringTestNGControl]: no resource found for suffixes {-context.xml}.
14:33:17.721 [TestNG-test=Surefire test-1] INFO  AnnotationConfigContextLoaderUtils - Could not detect default configuration classes for test class [org.fluentlenium.adapter.testng.SpringTestNGControl]: SpringTestNGControl does not declare any static, non-private, non-final, nested classes annotated with @Configuration.
14:33:17.722 [TestNG-test=Surefire test-1] INFO  AbstractTestContextBootstrapper - Using TestExecutionListeners: [org.springframework.test.context.support.DirtiesContextBeforeModesTestExecutionListener@2e2fb354, org.springframework.test.context.event.ApplicationEventsTestExecutionListener@3bfa38e6, org.springframework.test.context.support.DependencyInjectionTestExecutionListener@1d588b63, org.springframework.test.context.support.DirtiesContextTestExecutionListener@7bbacdad, org.springframework.test.context.event.EventPublishingTestExecutionListener@28dc749d]
14:33:17.724 [TestNG-test=Surefire test-1] INFO  AbstractTestContextBootstrapper - Neither @ContextConfiguration nor @ContextHierarchy found for test class [org.fluentlenium.adapter.testng.SpringTestNGControl], using DelegatingSmartContextLoader
14:33:17.724 [TestNG-test=Surefire test-1] INFO  AbstractContextLoader - Could not detect default resource locations for test class [org.fluentlenium.adapter.testng.SpringTestNGControl]: no resource found for suffixes {-context.xml}.
14:33:17.724 [TestNG-test=Surefire test-1] INFO  AnnotationConfigContextLoaderUtils - Could not detect default configuration classes for test class [org.fluentlenium.adapter.testng.SpringTestNGControl]: SpringTestNGControl does not declare any static, non-private, non-final, nested classes annotated with @Configuration.
14:33:17.725 [TestNG-test=Surefire test-1] INFO  AbstractTestContextBootstrapper - Using TestExecutionListeners: [org.springframework.test.context.support.DirtiesContextBeforeModesTestExecutionListener@4b02a8fc, org.springframework.test.context.event.ApplicationEventsTestExecutionListener@670eaf06, org.springframework.test.context.support.DependencyInjectionTestExecutionListener@48d4ab7e, org.springframework.test.context.support.DirtiesContextTestExecutionListener@6c547372, org.springframework.test.context.event.EventPublishingTestExecutionListener@32cf734c]
14:33:17.728 [TestNG-test=Surefire test-1] INFO  AbstractTestContextBootstrapper - Neither @ContextConfiguration nor @ContextHierarchy found for test class [org.fluentlenium.adapter.testng.SpringTestNGControl], using DelegatingSmartContextLoader
14:33:17.728 [TestNG-test=Surefire test-1] INFO  AbstractContextLoader - Could not detect default resource locations for test class [org.fluentlenium.adapter.testng.SpringTestNGControl]: no resource found for suffixes {-context.xml}.
14:33:17.728 [TestNG-test=Surefire test-1] INFO  AnnotationConfigContextLoaderUtils - Could not detect default configuration classes for test class [org.fluentlenium.adapter.testng.SpringTestNGControl]: SpringTestNGControl does not declare any static, non-private, non-final, nested classes annotated with @Configuration.
14:33:17.729 [TestNG-test=Surefire test-1] INFO  AbstractTestContextBootstrapper - Using TestExecutionListeners: [org.springframework.test.context.support.DirtiesContextBeforeModesTestExecutionListener@71279414, org.springframework.test.context.event.ApplicationEventsTestExecutionListener@53ae3215, org.springframework.test.context.support.DependencyInjectionTestExecutionListener@2fd0d4cb, org.springframework.test.context.support.DirtiesContextTestExecutionListener@7e808a75, org.springframework.test.context.event.EventPublishingTestExecutionListener@33ca3685]
14:33:17.731 [TestNG-test=Surefire test-1] INFO  AbstractTestContextBootstrapper - Neither @ContextConfiguration nor @ContextHierarchy found for test class [org.fluentlenium.adapter.testng.SpringTestNGControl], using DelegatingSmartContextLoader
14:33:17.731 [TestNG-test=Surefire test-1] INFO  AbstractContextLoader - Could not detect default resource locations for test class [org.fluentlenium.adapter.testng.SpringTestNGControl]: no resource found for suffixes {-context.xml}.
14:33:17.731 [TestNG-test=Surefire test-1] INFO  AnnotationConfigContextLoaderUtils - Could not detect default configuration classes for test class [org.fluentlenium.adapter.testng.SpringTestNGControl]: SpringTestNGControl does not declare any static, non-private, non-final, nested classes annotated with @Configuration.
14:33:17.733 [TestNG-test=Surefire test-1] INFO  AbstractTestContextBootstrapper - Using TestExecutionListeners: [org.springframework.test.context.support.DirtiesContextBeforeModesTestExecutionListener@24266429, org.springframework.test.context.event.ApplicationEventsTestExecutionListener@214d9435, org.springframework.test.context.support.DependencyInjectionTestExecutionListener@12c9c8ef, org.springframework.test.context.support.DirtiesContextTestExecutionListener@7c3b60b3, org.springframework.test.context.event.EventPublishingTestExecutionListener@6b2b5431]
14:33:17.735 [TestNG-test=Surefire test-1] INFO  AbstractTestContextBootstrapper - Neither @ContextConfiguration nor @ContextHierarchy found for test class [org.fluentlenium.adapter.testng.SpringTestNGControl], using DelegatingSmartContextLoader
14:33:17.735 [TestNG-test=Surefire test-1] INFO  AbstractContextLoader - Could not detect default resource locations for test class [org.fluentlenium.adapter.testng.SpringTestNGControl]: no resource found for suffixes {-context.xml}.
14:33:17.735 [TestNG-test=Surefire test-1] INFO  AnnotationConfigContextLoaderUtils - Could not detect default configuration classes for test class [org.fluentlenium.adapter.testng.SpringTestNGControl]: SpringTestNGControl does not declare any static, non-private, non-final, nested classes annotated with @Configuration.
14:33:17.736 [TestNG-test=Surefire test-1] INFO  AbstractTestContextBootstrapper - Using TestExecutionListeners: [org.springframework.test.context.support.DirtiesContextBeforeModesTestExecutionListener@69e542ff, org.springframework.test.context.event.ApplicationEventsTestExecutionListener@7566b09, org.springframework.test.context.support.DependencyInjectionTestExecutionListener@7ea592de, org.springframework.test.context.support.DirtiesContextTestExecutionListener@27314df8, org.springframework.test.context.event.EventPublishingTestExecutionListener@6400115b]
14:33:17.751 [TestNG-test=Surefire test-1] INFO  AbstractTestContextBootstrapper - Neither @ContextConfiguration nor @ContextHierarchy found for test class [org.fluentlenium.adapter.testng.SpringTestNGControl], using DelegatingSmartContextLoader
14:33:17.751 [TestNG-test=Surefire test-1] INFO  AbstractContextLoader - Could not detect default resource locations for test class [org.fluentlenium.adapter.testng.SpringTestNGControl]: no resource found for suffixes {-context.xml}.
14:33:17.751 [TestNG-test=Surefire test-1] INFO  AnnotationConfigContextLoaderUtils - Could not detect default configuration classes for test class [org.fluentlenium.adapter.testng.SpringTestNGControl]: SpringTestNGControl does not declare any static, non-private, non-final, nested classes annotated with @Configuration.
14:33:17.752 [TestNG-test=Surefire test-1] INFO  AbstractTestContextBootstrapper - Using TestExecutionListeners: [org.springframework.test.context.support.DirtiesContextBeforeModesTestExecutionListener@57bc69bd, org.springframework.test.context.event.ApplicationEventsTestExecutionListener@be1b5a9, org.springframework.test.context.support.DependencyInjectionTestExecutionListener@4200271b, org.springframework.test.context.support.DirtiesContextTestExecutionListener@47e8a97, org.springframework.test.context.event.EventPublishingTestExecutionListener@30bbfa24]
14:33:17.755 [TestNG-test=Surefire test-1] INFO  AbstractTestContextBootstrapper - Neither @ContextConfiguration nor @ContextHierarchy found for test class [org.fluentlenium.adapter.testng.SpringTestNGControl], using DelegatingSmartContextLoader
14:33:17.755 [TestNG-test=Surefire test-1] INFO  AbstractContextLoader - Could not detect default resource locations for test class [org.fluentlenium.adapter.testng.SpringTestNGControl]: no resource found for suffixes {-context.xml}.
14:33:17.755 [TestNG-test=Surefire test-1] INFO  AnnotationConfigContextLoaderUtils - Could not detect default configuration classes for test class [org.fluentlenium.adapter.testng.SpringTestNGControl]: SpringTestNGControl does not declare any static, non-private, non-final, nested classes annotated with @Configuration.
14:33:17.756 [TestNG-test=Surefire test-1] INFO  AbstractTestContextBootstrapper - Using TestExecutionListeners: [org.springframework.test.context.support.DirtiesContextBeforeModesTestExecutionListener@78de7b44, org.springframework.test.context.event.ApplicationEventsTestExecutionListener@74bec0b4, org.springframework.test.context.support.DependencyInjectionTestExecutionListener@653ad3fa, org.springframework.test.context.support.DirtiesContextTestExecutionListener@51de988b, org.springframework.test.context.event.EventPublishingTestExecutionListener@5ad1ddaf]
14:33:17.759 [TestNG-test=Surefire test-1] INFO  AbstractTestContextBootstrapper - Neither @ContextConfiguration nor @ContextHierarchy found for test class [org.fluentlenium.adapter.testng.SpringTestNGControl], using DelegatingSmartContextLoader
14:33:17.759 [TestNG-test=Surefire test-1] INFO  AbstractContextLoader - Could not detect default resource locations for test class [org.fluentlenium.adapter.testng.SpringTestNGControl]: no resource found for suffixes {-context.xml}.
14:33:17.759 [TestNG-test=Surefire test-1] INFO  AnnotationConfigContextLoaderUtils - Could not detect default configuration classes for test class [org.fluentlenium.adapter.testng.SpringTestNGControl]: SpringTestNGControl does not declare any static, non-private, non-final, nested classes annotated with @Configuration.
14:33:17.760 [TestNG-test=Surefire test-1] INFO  AbstractTestContextBootstrapper - Using TestExecutionListeners: [org.springframework.test.context.support.DirtiesContextBeforeModesTestExecutionListener@33a212aa, org.springframework.test.context.event.ApplicationEventsTestExecutionListener@6a1bcd55, org.springframework.test.context.support.DependencyInjectionTestExecutionListener@4c4277c3, org.springframework.test.context.support.DirtiesContextTestExecutionListener@49a2f8e, org.springframework.test.context.event.EventPublishingTestExecutionListener@270e5af5]
14:33:17.762 [TestNG-test=Surefire test-1] INFO  AbstractTestContextBootstrapper - Neither @ContextConfiguration nor @ContextHierarchy found for test class [org.fluentlenium.adapter.testng.SpringTestNGControl], using DelegatingSmartContextLoader
14:33:17.763 [TestNG-test=Surefire test-1] INFO  AbstractContextLoader - Could not detect default resource locations for test class [org.fluentlenium.adapter.testng.SpringTestNGControl]: no resource found for suffixes {-context.xml}.
14:33:17.763 [TestNG-test=Surefire test-1] INFO  AnnotationConfigContextLoaderUtils - Could not detect default configuration classes for test class [org.fluentlenium.adapter.testng.SpringTestNGControl]: SpringTestNGControl does not declare any static, non-private, non-final, nested classes annotated with @Configuration.
14:33:17.764 [TestNG-test=Surefire test-1] INFO  AbstractTestContextBootstrapper - Using TestExecutionListeners: [org.springframework.test.context.support.DirtiesContextBeforeModesTestExecutionListener@749c8200, org.springframework.test.context.event.ApplicationEventsTestExecutionListener@1cd51f41, org.springframework.test.context.support.DependencyInjectionTestExecutionListener@7f0ff8b0, org.springframework.test.context.support.DirtiesContextTestExecutionListener@4fda3338, org.springframework.test.context.event.EventPublishingTestExecutionListener@5f463441]
14:33:17.766 [TestNG-test=Surefire test-1] INFO  AbstractTestContextBootstrapper - Neither @ContextConfiguration nor @ContextHierarchy found for test class [org.fluentlenium.adapter.testng.SpringTestNGControl], using DelegatingSmartContextLoader
14:33:17.766 [TestNG-test=Surefire test-1] INFO  AbstractContextLoader - Could not detect default resource locations for test class [org.fluentlenium.adapter.testng.SpringTestNGControl]: no resource found for suffixes {-context.xml}.
14:33:17.766 [TestNG-test=Surefire test-1] INFO  AnnotationConfigContextLoaderUtils - Could not detect default configuration classes for test class [org.fluentlenium.adapter.testng.SpringTestNGControl]: SpringTestNGControl does not declare any static, non-private, non-final, nested classes annotated with @Configuration.
14:33:17.767 [TestNG-test=Surefire test-1] INFO  AbstractTestContextBootstrapper - Using TestExecutionListeners: [org.springframework.test.context.support.DirtiesContextBeforeModesTestExecutionListener@78fd3015, org.springframework.test.context.event.ApplicationEventsTestExecutionListener@3a503f8f, org.springframework.test.context.support.DependencyInjectionTestExecutionListener@4c4ada15, org.springframework.test.context.support.DirtiesContextTestExecutionListener@78baf54d, org.springframework.test.context.event.EventPublishingTestExecutionListener@69560fd7]
14:33:17.769 [TestNG-test=Surefire test-1] INFO  AbstractTestContextBootstrapper - Neither @ContextConfiguration nor @ContextHierarchy found for test class [org.fluentlenium.adapter.testng.SpringTestNGControl], using DelegatingSmartContextLoader
14:33:17.770 [TestNG-test=Surefire test-1] INFO  AbstractContextLoader - Could not detect default resource locations for test class [org.fluentlenium.adapter.testng.SpringTestNGControl]: no resource found for suffixes {-context.xml}.
14:33:17.770 [TestNG-test=Surefire test-1] INFO  AnnotationConfigContextLoaderUtils - Could not detect default configuration classes for test class [org.fluentlenium.adapter.testng.SpringTestNGControl]: SpringTestNGControl does not declare any static, non-private, non-final, nested classes annotated with @Configuration.
14:33:17.771 [TestNG-test=Surefire test-1] INFO  AbstractTestContextBootstrapper - Using TestExecutionListeners: [org.springframework.test.context.support.DirtiesContextBeforeModesTestExecutionListener@2e4e26ed, org.springframework.test.context.event.ApplicationEventsTestExecutionListener@550d0c6f, org.springframework.test.context.support.DependencyInjectionTestExecutionListener@1aea01d1, org.springframework.test.context.support.DirtiesContextTestExecutionListener@24a45c30, org.springframework.test.context.event.EventPublishingTestExecutionListener@7b027f07]
14:33:17.773 [TestNG-test=Surefire test-1] INFO  AbstractTestContextBootstrapper - Neither @ContextConfiguration nor @ContextHierarchy found for test class [org.fluentlenium.adapter.testng.SpringTestNGControl], using DelegatingSmartContextLoader
14:33:17.773 [TestNG-test=Surefire test-1] INFO  AbstractContextLoader - Could not detect default resource locations for test class [org.fluentlenium.adapter.testng.SpringTestNGControl]: no resource found for suffixes {-context.xml}.
14:33:17.773 [TestNG-test=Surefire test-1] INFO  AnnotationConfigContextLoaderUtils - Could not detect default configuration classes for test class [org.fluentlenium.adapter.testng.SpringTestNGControl]: SpringTestNGControl does not declare any static, non-private, non-final, nested classes annotated with @Configuration.
14:33:17.774 [TestNG-test=Surefire test-1] INFO  AbstractTestContextBootstrapper - Using TestExecutionListeners: [org.springframework.test.context.support.DirtiesContextBeforeModesTestExecutionListener@6d721b06, org.springframework.test.context.event.ApplicationEventsTestExecutionListener@6b29ee57, org.springframework.test.context.support.DependencyInjectionTestExecutionListener@764a7f40, org.springframework.test.context.support.DirtiesContextTestExecutionListener@3a13c298, org.springframework.test.context.event.EventPublishingTestExecutionListener@47c444f7]
14:33:17.776 [TestNG-test=Surefire test-1] INFO  AbstractTestContextBootstrapper - Neither @ContextConfiguration nor @ContextHierarchy found for test class [org.fluentlenium.adapter.testng.SpringTestNGControl], using DelegatingSmartContextLoader
14:33:17.777 [TestNG-test=Surefire test-1] INFO  AbstractContextLoader - Could not detect default resource locations for test class [org.fluentlenium.adapter.testng.SpringTestNGControl]: no resource found for suffixes {-context.xml}.
14:33:17.777 [TestNG-test=Surefire test-1] INFO  AnnotationConfigContextLoaderUtils - Could not detect default configuration classes for test class [org.fluentlenium.adapter.testng.SpringTestNGControl]: SpringTestNGControl does not declare any static, non-private, non-final, nested classes annotated with @Configuration.
14:33:17.778 [TestNG-test=Surefire test-1] INFO  AbstractTestContextBootstrapper - Using TestExecutionListeners: [org.springframework.test.context.support.DirtiesContextBeforeModesTestExecutionListener@14d4c097, org.springframework.test.context.event.ApplicationEventsTestExecutionListener@37edbdd8, org.springframework.test.context.support.DependencyInjectionTestExecutionListener@4eb617d3, org.springframework.test.context.support.DirtiesContextTestExecutionListener@3b33fb8f, org.springframework.test.context.event.EventPublishingTestExecutionListener@9515406]
14:33:17.780 [TestNG-test=Surefire test-1] INFO  AbstractTestContextBootstrapper - Neither @ContextConfiguration nor @ContextHierarchy found for test class [org.fluentlenium.adapter.testng.SpringTestNGControl], using DelegatingSmartContextLoader
14:33:17.780 [TestNG-test=Surefire test-1] INFO  AbstractContextLoader - Could not detect default resource locations for test class [org.fluentlenium.adapter.testng.SpringTestNGControl]: no resource found for suffixes {-context.xml}.
14:33:17.780 [TestNG-test=Surefire test-1] INFO  AnnotationConfigContextLoaderUtils - Could not detect default configuration classes for test class [org.fluentlenium.adapter.testng.SpringTestNGControl]: SpringTestNGControl does not declare any static, non-private, non-final, nested classes annotated with @Configuration.
14:33:17.781 [TestNG-test=Surefire test-1] INFO  AbstractTestContextBootstrapper - Using TestExecutionListeners: [org.springframework.test.context.support.DirtiesContextBeforeModesTestExecutionListener@778b889f, org.springframework.test.context.event.ApplicationEventsTestExecutionListener@7d1cd4ea, org.springframework.test.context.support.DependencyInjectionTestExecutionListener@192268c2, org.springframework.test.context.support.DirtiesContextTestExecutionListener@ea259b, org.springframework.test.context.event.EventPublishingTestExecutionListener@2b0e9a69]
14:33:17.783 [TestNG-test=Surefire test-1] INFO  AbstractTestContextBootstrapper - Neither @ContextConfiguration nor @ContextHierarchy found for test class [org.fluentlenium.adapter.testng.SpringTestNGControl], using DelegatingSmartContextLoader
14:33:17.783 [TestNG-test=Surefire test-1] INFO  AbstractContextLoader - Could not detect default resource locations for test class [org.fluentlenium.adapter.testng.SpringTestNGControl]: no resource found for suffixes {-context.xml}.
14:33:17.783 [TestNG-test=Surefire test-1] INFO  AnnotationConfigContextLoaderUtils - Could not detect default configuration classes for test class [org.fluentlenium.adapter.testng.SpringTestNGControl]: SpringTestNGControl does not declare any static, non-private, non-final, nested classes annotated with @Configuration.
14:33:17.785 [TestNG-test=Surefire test-1] INFO  AbstractTestContextBootstrapper - Using TestExecutionListeners: [org.springframework.test.context.support.DirtiesContextBeforeModesTestExecutionListener@7185c688, org.springframework.test.context.event.ApplicationEventsTestExecutionListener@363381e9, org.springframework.test.context.support.DependencyInjectionTestExecutionListener@5404c921, org.springframework.test.context.support.DirtiesContextTestExecutionListener@3a4517, org.springframework.test.context.event.EventPublishingTestExecutionListener@5f54621e]
14:33:17.787 [TestNG-test=Surefire test-1] INFO  AbstractTestContextBootstrapper - Neither @ContextConfiguration nor @ContextHierarchy found for test class [org.fluentlenium.adapter.testng.SpringTestNGControl], using DelegatingSmartContextLoader
14:33:17.787 [TestNG-test=Surefire test-1] INFO  AbstractContextLoader - Could not detect default resource locations for test class [org.fluentlenium.adapter.testng.SpringTestNGControl]: no resource found for suffixes {-context.xml}.
14:33:17.787 [TestNG-test=Surefire test-1] INFO  AnnotationConfigContextLoaderUtils - Could not detect default configuration classes for test class [org.fluentlenium.adapter.testng.SpringTestNGControl]: SpringTestNGControl does not declare any static, non-private, non-final, nested classes annotated with @Configuration.
14:33:17.788 [TestNG-test=Surefire test-1] INFO  AbstractTestContextBootstrapper - Using TestExecutionListeners: [org.springframework.test.context.support.DirtiesContextBeforeModesTestExecutionListener@a4b991f, org.springframework.test.context.event.ApplicationEventsTestExecutionListener@1ba6f3dd, org.springframework.test.context.support.DependencyInjectionTestExecutionListener@3376a64, org.springframework.test.context.support.DirtiesContextTestExecutionListener@1385325c, org.springframework.test.context.event.EventPublishingTestExecutionListener@4550d252]
14:33:17.790 [TestNG-test=Surefire test-1] INFO  AbstractTestContextBootstrapper - Neither @ContextConfiguration nor @ContextHierarchy found for test class [org.fluentlenium.adapter.testng.SpringTestNGControl], using DelegatingSmartContextLoader
14:33:17.790 [TestNG-test=Surefire test-1] INFO  AbstractContextLoader - Could not detect default resource locations for test class [org.fluentlenium.adapter.testng.SpringTestNGControl]: no resource found for suffixes {-context.xml}.
14:33:17.790 [TestNG-test=Surefire test-1] INFO  AnnotationConfigContextLoaderUtils - Could not detect default configuration classes for test class [org.fluentlenium.adapter.testng.SpringTestNGControl]: SpringTestNGControl does not declare any static, non-private, non-final, nested classes annotated with @Configuration.
14:33:17.791 [TestNG-test=Surefire test-1] INFO  AbstractTestContextBootstrapper - Using TestExecutionListeners: [org.springframework.test.context.support.DirtiesContextBeforeModesTestExecutionListener@2e58ec2d, org.springframework.test.context.event.ApplicationEventsTestExecutionListener@474f9e40, org.springframework.test.context.support.DependencyInjectionTestExecutionListener@1f4894d, org.springframework.test.context.support.DirtiesContextTestExecutionListener@6e6428bc, org.springframework.test.context.event.EventPublishingTestExecutionListener@7b488d9]
14:33:17.793 [TestNG-test=Surefire test-1] INFO  AbstractTestContextBootstrapper - Neither @ContextConfiguration nor @ContextHierarchy found for test class [org.fluentlenium.adapter.testng.SpringTestNGControl], using DelegatingSmartContextLoader
14:33:17.794 [TestNG-test=Surefire test-1] INFO  AbstractContextLoader - Could not detect default resource locations for test class [org.fluentlenium.adapter.testng.SpringTestNGControl]: no resource found for suffixes {-context.xml}.
14:33:17.794 [TestNG-test=Surefire test-1] INFO  AnnotationConfigContextLoaderUtils - Could not detect default configuration classes for test class [org.fluentlenium.adapter.testng.SpringTestNGControl]: SpringTestNGControl does not declare any static, non-private, non-final, nested classes annotated with @Configuration.
14:33:17.795 [TestNG-test=Surefire test-1] INFO  AbstractTestContextBootstrapper - Using TestExecutionListeners: [org.springframework.test.context.support.DirtiesContextBeforeModesTestExecutionListener@4baced87, org.springframework.test.context.event.ApplicationEventsTestExecutionListener@7dec30e3, org.springframework.test.context.support.DependencyInjectionTestExecutionListener@62bfa58b, org.springframework.test.context.support.DirtiesContextTestExecutionListener@5f1db457, org.springframework.test.context.event.EventPublishingTestExecutionListener@73f1aae6]
14:33:17.797 [TestNG-test=Surefire test-1] INFO  AbstractTestContextBootstrapper - Neither @ContextConfiguration nor @ContextHierarchy found for test class [org.fluentlenium.adapter.testng.SpringTestNGControl], using DelegatingSmartContextLoader
14:33:17.797 [TestNG-test=Surefire test-1] INFO  AbstractContextLoader - Could not detect default resource locations for test class [org.fluentlenium.adapter.testng.SpringTestNGControl]: no resource found for suffixes {-context.xml}.
14:33:17.797 [TestNG-test=Surefire test-1] INFO  AnnotationConfigContextLoaderUtils - Could not detect default configuration classes for test class [org.fluentlenium.adapter.testng.SpringTestNGControl]: SpringTestNGControl does not declare any static, non-private, non-final, nested classes annotated with @Configuration.
14:33:17.798 [TestNG-test=Surefire test-1] INFO  AbstractTestContextBootstrapper - Using TestExecutionListeners: [org.springframework.test.context.support.DirtiesContextBeforeModesTestExecutionListener@24d9ae06, org.springframework.test.context.event.ApplicationEventsTestExecutionListener@32633709, org.springframework.test.context.support.DependencyInjectionTestExecutionListener@4102348, org.springframework.test.context.support.DirtiesContextTestExecutionListener@5b4407cd, org.springframework.test.context.event.EventPublishingTestExecutionListener@32842b3d]
14:33:17.800 [TestNG-test=Surefire test-1] INFO  AbstractTestContextBootstrapper - Neither @ContextConfiguration nor @ContextHierarchy found for test class [org.fluentlenium.adapter.testng.SpringTestNGControl], using DelegatingSmartContextLoader
14:33:17.801 [TestNG-test=Surefire test-1] INFO  AbstractContextLoader - Could not detect default resource locations for test class [org.fluentlenium.adapter.testng.SpringTestNGControl]: no resource found for suffixes {-context.xml}.
14:33:17.801 [TestNG-test=Surefire test-1] INFO  AnnotationConfigContextLoaderUtils - Could not detect default configuration classes for test class [org.fluentlenium.adapter.testng.SpringTestNGControl]: SpringTestNGControl does not declare any static, non-private, non-final, nested classes annotated with @Configuration.
14:33:17.802 [TestNG-test=Surefire test-1] INFO  AbstractTestContextBootstrapper - Using TestExecutionListeners: [org.springframework.test.context.support.DirtiesContextBeforeModesTestExecutionListener@79c526ec, org.springframework.test.context.event.ApplicationEventsTestExecutionListener@304158fd, org.springframework.test.context.support.DependencyInjectionTestExecutionListener@2aa56e1, org.springframework.test.context.support.DirtiesContextTestExecutionListener@34e0b29a, org.springframework.test.context.event.EventPublishingTestExecutionListener@644200ac]
14:33:17.932 [TestNG-test=Surefire test-1] INFO  AbstractTestContextBootstrapper - Neither @ContextConfiguration nor @ContextHierarchy found for test class [org.fluentlenium.adapter.testng.SpringTestNGControl], using DelegatingSmartContextLoader
14:33:17.933 [TestNG-test=Surefire test-1] INFO  AbstractContextLoader - Could not detect default resource locations for test class [org.fluentlenium.adapter.testng.SpringTestNGControl]: no resource found for suffixes {-context.xml}.
14:33:17.934 [TestNG-test=Surefire test-1] INFO  AnnotationConfigContextLoaderUtils - Could not detect default configuration classes for test class [org.fluentlenium.adapter.testng.SpringTestNGControl]: SpringTestNGControl does not declare any static, non-private, non-final, nested classes annotated with @Configuration.
14:33:17.936 [TestNG-test=Surefire test-1] INFO  AbstractTestContextBootstrapper - Using TestExecutionListeners: [org.springframework.test.context.support.DirtiesContextBeforeModesTestExecutionListener@64ad6812, org.springframework.test.context.event.ApplicationEventsTestExecutionListener@1246f1ec, org.springframework.test.context.support.DependencyInjectionTestExecutionListener@4847c6a5, org.springframework.test.context.support.DirtiesContextTestExecutionListener@56660cd1, org.springframework.test.context.event.EventPublishingTestExecutionListener@598403f7]
14:33:17.942 [TestNG-test=Surefire test-1] INFO  AbstractTestContextBootstrapper - Neither @ContextConfiguration nor @ContextHierarchy found for test class [org.fluentlenium.adapter.testng.SpringTestNGControl], using DelegatingSmartContextLoader
14:33:17.942 [TestNG-test=Surefire test-1] INFO  AbstractContextLoader - Could not detect default resource locations for test class [org.fluentlenium.adapter.testng.SpringTestNGControl]: no resource found for suffixes {-context.xml}.
14:33:17.943 [TestNG-test=Surefire test-1] INFO  AnnotationConfigContextLoaderUtils - Could not detect default configuration classes for test class [org.fluentlenium.adapter.testng.SpringTestNGControl]: SpringTestNGControl does not declare any static, non-private, non-final, nested classes annotated with @Configuration.
14:33:17.945 [TestNG-test=Surefire test-1] INFO  AbstractTestContextBootstrapper - Using TestExecutionListeners: [org.springframework.test.context.support.DirtiesContextBeforeModesTestExecutionListener@5914dfea, org.springframework.test.context.event.ApplicationEventsTestExecutionListener@76cd33b6, org.springframework.test.context.support.DependencyInjectionTestExecutionListener@8feb388, org.springframework.test.context.support.DirtiesContextTestExecutionListener@5789b2f6, org.springframework.test.context.event.EventPublishingTestExecutionListener@281ddc62]
14:33:17.949 [TestNG-test=Surefire test-1] INFO  AbstractTestContextBootstrapper - Neither @ContextConfiguration nor @ContextHierarchy found for test class [org.fluentlenium.adapter.testng.SpringTestNGControl], using DelegatingSmartContextLoader
14:33:17.950 [TestNG-test=Surefire test-1] INFO  AbstractContextLoader - Could not detect default resource locations for test class [org.fluentlenium.adapter.testng.SpringTestNGControl]: no resource found for suffixes {-context.xml}.
14:33:17.950 [TestNG-test=Surefire test-1] INFO  AnnotationConfigContextLoaderUtils - Could not detect default configuration classes for test class [org.fluentlenium.adapter.testng.SpringTestNGControl]: SpringTestNGControl does not declare any static, non-private, non-final, nested classes annotated with @Configuration.
14:33:17.952 [TestNG-test=Surefire test-1] INFO  AbstractTestContextBootstrapper - Using TestExecutionListeners: [org.springframework.test.context.support.DirtiesContextBeforeModesTestExecutionListener@219a55e2, org.springframework.test.context.event.ApplicationEventsTestExecutionListener@6ad18124, org.springframework.test.context.support.DependencyInjectionTestExecutionListener@3e2b122c, org.springframework.test.context.support.DirtiesContextTestExecutionListener@6630dd78, org.springframework.test.context.event.EventPublishingTestExecutionListener@15f6b119]
14:33:17.962 [TestNG-test=Surefire test-1] INFO  AbstractTestContextBootstrapper - Neither @ContextConfiguration nor @ContextHierarchy found for test class [org.fluentlenium.adapter.testng.SpringTestNGControl], using DelegatingSmartContextLoader
14:33:17.962 [TestNG-test=Surefire test-1] INFO  AbstractContextLoader - Could not detect default resource locations for test class [org.fluentlenium.adapter.testng.SpringTestNGControl]: no resource found for suffixes {-context.xml}.
14:33:17.962 [TestNG-test=Surefire test-1] INFO  AnnotationConfigContextLoaderUtils - Could not detect default configuration classes for test class [org.fluentlenium.adapter.testng.SpringTestNGControl]: SpringTestNGControl does not declare any static, non-private, non-final, nested classes annotated with @Configuration.
14:33:17.964 [TestNG-test=Surefire test-1] INFO  AbstractTestContextBootstrapper - Using TestExecutionListeners: [org.springframework.test.context.support.DirtiesContextBeforeModesTestExecutionListener@5f21d532, org.springframework.test.context.event.ApplicationEventsTestExecutionListener@53201b61, org.springframework.test.context.support.DependencyInjectionTestExecutionListener@4cda3dff, org.springframework.test.context.support.DirtiesContextTestExecutionListener@7b3754b2, org.springframework.test.context.event.EventPublishingTestExecutionListener@2aee86a3]
14:33:17.966 [TestNG-test=Surefire test-1] INFO  AbstractTestContextBootstrapper - Neither @ContextConfiguration nor @ContextHierarchy found for test class [org.fluentlenium.adapter.testng.SpringTestNGControl], using DelegatingSmartContextLoader
14:33:17.966 [TestNG-test=Surefire test-1] INFO  AbstractContextLoader - Could not detect default resource locations for test class [org.fluentlenium.adapter.testng.SpringTestNGControl]: no resource found for suffixes {-context.xml}.
14:33:17.966 [TestNG-test=Surefire test-1] INFO  AnnotationConfigContextLoaderUtils - Could not detect default configuration classes for test class [org.fluentlenium.adapter.testng.SpringTestNGControl]: SpringTestNGControl does not declare any static, non-private, non-final, nested classes annotated with @Configuration.
14:33:17.967 [TestNG-test=Surefire test-1] INFO  AbstractTestContextBootstrapper - Using TestExecutionListeners: [org.springframework.test.context.support.DirtiesContextBeforeModesTestExecutionListener@1ad91db9, org.springframework.test.context.event.ApplicationEventsTestExecutionListener@27620761, org.springframework.test.context.support.DependencyInjectionTestExecutionListener@4d454671, org.springframework.test.context.support.DirtiesContextTestExecutionListener@96483ad, org.springframework.test.context.event.EventPublishingTestExecutionListener@5b0273ed]
14:33:17.969 [TestNG-test=Surefire test-1] INFO  AbstractTestContextBootstrapper - Neither @ContextConfiguration nor @ContextHierarchy found for test class [org.fluentlenium.adapter.testng.SpringTestNGControl], using DelegatingSmartContextLoader
14:33:17.970 [TestNG-test=Surefire test-1] INFO  AbstractContextLoader - Could not detect default resource locations for test class [org.fluentlenium.adapter.testng.SpringTestNGControl]: no resource found for suffixes {-context.xml}.
14:33:17.970 [TestNG-test=Surefire test-1] INFO  AnnotationConfigContextLoaderUtils - Could not detect default configuration classes for test class [org.fluentlenium.adapter.testng.SpringTestNGControl]: SpringTestNGControl does not declare any static, non-private, non-final, nested classes annotated with @Configuration.
14:33:17.971 [TestNG-test=Surefire test-1] INFO  AbstractTestContextBootstrapper - Using TestExecutionListeners: [org.springframework.test.context.support.DirtiesContextBeforeModesTestExecutionListener@24745db3, org.springframework.test.context.event.ApplicationEventsTestExecutionListener@74fa541b, org.springframework.test.context.support.DependencyInjectionTestExecutionListener@73d8bd20, org.springframework.test.context.support.DirtiesContextTestExecutionListener@a839f88, org.springframework.test.context.event.EventPublishingTestExecutionListener@c1cd2ae]
14:33:17.974 [TestNG-test=Surefire test-1] INFO  AbstractTestContextBootstrapper - Neither @ContextConfiguration nor @ContextHierarchy found for test class [org.fluentlenium.adapter.testng.SpringTestNGControl], using DelegatingSmartContextLoader
14:33:17.975 [TestNG-test=Surefire test-1] INFO  AbstractContextLoader - Could not detect default resource locations for test class [org.fluentlenium.adapter.testng.SpringTestNGControl]: no resource found for suffixes {-context.xml}.
14:33:17.975 [TestNG-test=Surefire test-1] INFO  AnnotationConfigContextLoaderUtils - Could not detect default configuration classes for test class [org.fluentlenium.adapter.testng.SpringTestNGControl]: SpringTestNGControl does not declare any static, non-private, non-final, nested classes annotated with @Configuration.
14:33:17.976 [TestNG-test=Surefire test-1] INFO  AbstractTestContextBootstrapper - Using TestExecutionListeners: [org.springframework.test.context.support.DirtiesContextBeforeModesTestExecutionListener@176a0322, org.springframework.test.context.event.ApplicationEventsTestExecutionListener@1786e060, org.springframework.test.context.support.DependencyInjectionTestExecutionListener@5e200495, org.springframework.test.context.support.DirtiesContextTestExecutionListener@276fc058, org.springframework.test.context.event.EventPublishingTestExecutionListener@605ba484]
14:33:17.978 [TestNG-test=Surefire test-1] INFO  AbstractTestContextBootstrapper - Neither @ContextConfiguration nor @ContextHierarchy found for test class [org.fluentlenium.adapter.testng.SpringTestNGControl], using DelegatingSmartContextLoader
14:33:17.979 [TestNG-test=Surefire test-1] INFO  AbstractContextLoader - Could not detect default resource locations for test class [org.fluentlenium.adapter.testng.SpringTestNGControl]: no resource found for suffixes {-context.xml}.
14:33:17.979 [TestNG-test=Surefire test-1] INFO  AnnotationConfigContextLoaderUtils - Could not detect default configuration classes for test class [org.fluentlenium.adapter.testng.SpringTestNGControl]: SpringTestNGControl does not declare any static, non-private, non-final, nested classes annotated with @Configuration.
14:33:17.980 [TestNG-test=Surefire test-1] INFO  AbstractTestContextBootstrapper - Using TestExecutionListeners: [org.springframework.test.context.support.DirtiesContextBeforeModesTestExecutionListener@61622d30, org.springframework.test.context.event.ApplicationEventsTestExecutionListener@4e02605f, org.springframework.test.context.support.DependencyInjectionTestExecutionListener@92fb17c, org.springframework.test.context.support.DirtiesContextTestExecutionListener@1db8406a, org.springframework.test.context.event.EventPublishingTestExecutionListener@6dc3f540]
14:33:17.983 [TestNG-test=Surefire test-1] INFO  AbstractTestContextBootstrapper - Neither @ContextConfiguration nor @ContextHierarchy found for test class [org.fluentlenium.adapter.testng.SpringTestNGControl], using DelegatingSmartContextLoader
14:33:17.984 [TestNG-test=Surefire test-1] INFO  AbstractContextLoader - Could not detect default resource locations for test class [org.fluentlenium.adapter.testng.SpringTestNGControl]: no resource found for suffixes {-context.xml}.
14:33:17.984 [TestNG-test=Surefire test-1] INFO  AnnotationConfigContextLoaderUtils - Could not detect default configuration classes for test class [org.fluentlenium.adapter.testng.SpringTestNGControl]: SpringTestNGControl does not declare any static, non-private, non-final, nested classes annotated with @Configuration.
14:33:17.985 [TestNG-test=Surefire test-1] INFO  AbstractTestContextBootstrapper - Using TestExecutionListeners: [org.springframework.test.context.support.DirtiesContextBeforeModesTestExecutionListener@671389ff, org.springframework.test.context.event.ApplicationEventsTestExecutionListener@69bbc98f, org.springframework.test.context.support.DependencyInjectionTestExecutionListener@735cc327, org.springframework.test.context.support.DirtiesContextTestExecutionListener@3c5b3f48, org.springframework.test.context.event.EventPublishingTestExecutionListener@477c154d]
14:33:17.987 [TestNG-test=Surefire test-1] INFO  AbstractTestContextBootstrapper - Neither @ContextConfiguration nor @ContextHierarchy found for test class [org.fluentlenium.adapter.testng.SpringTestNGControl], using DelegatingSmartContextLoader
14:33:17.987 [TestNG-test=Surefire test-1] INFO  AbstractContextLoader - Could not detect default resource locations for test class [org.fluentlenium.adapter.testng.SpringTestNGControl]: no resource found for suffixes {-context.xml}.
14:33:17.987 [TestNG-test=Surefire test-1] INFO  AnnotationConfigContextLoaderUtils - Could not detect default configuration classes for test class [org.fluentlenium.adapter.testng.SpringTestNGControl]: SpringTestNGControl does not declare any static, non-private, non-final, nested classes annotated with @Configuration.
14:33:17.988 [TestNG-test=Surefire test-1] INFO  AbstractTestContextBootstrapper - Using TestExecutionListeners: [org.springframework.test.context.support.DirtiesContextBeforeModesTestExecutionListener@169efc7b, org.springframework.test.context.event.ApplicationEventsTestExecutionListener@69425d59, org.springframework.test.context.support.DependencyInjectionTestExecutionListener@2884871, org.springframework.test.context.support.DirtiesContextTestExecutionListener@6b4b24f0, org.springframework.test.context.event.EventPublishingTestExecutionListener@ad760c6]
14:33:17.990 [TestNG-test=Surefire test-1] INFO  AbstractTestContextBootstrapper - Neither @ContextConfiguration nor @ContextHierarchy found for test class [org.fluentlenium.adapter.testng.SpringTestNGControl], using DelegatingSmartContextLoader
14:33:17.990 [TestNG-test=Surefire test-1] INFO  AbstractContextLoader - Could not detect default resource locations for test class [org.fluentlenium.adapter.testng.SpringTestNGControl]: no resource found for suffixes {-context.xml}.
14:33:17.990 [TestNG-test=Surefire test-1] INFO  AnnotationConfigContextLoaderUtils - Could not detect default configuration classes for test class [org.fluentlenium.adapter.testng.SpringTestNGControl]: SpringTestNGControl does not declare any static, non-private, non-final, nested classes annotated with @Configuration.
14:33:17.991 [TestNG-test=Surefire test-1] INFO  AbstractTestContextBootstrapper - Using TestExecutionListeners: [org.springframework.test.context.support.DirtiesContextBeforeModesTestExecutionListener@41c5c6e2, org.springframework.test.context.event.ApplicationEventsTestExecutionListener@1066567b, org.springframework.test.context.support.DependencyInjectionTestExecutionListener@547f4d2d, org.springframework.test.context.support.DirtiesContextTestExecutionListener@3b9bc4d8, org.springframework.test.context.event.EventPublishingTestExecutionListener@5406f79f]
14:33:17.993 [TestNG-test=Surefire test-1] INFO  AbstractTestContextBootstrapper - Neither @ContextConfiguration nor @ContextHierarchy found for test class [org.fluentlenium.adapter.testng.SpringTestNGControl], using DelegatingSmartContextLoader
14:33:17.993 [TestNG-test=Surefire test-1] INFO  AbstractContextLoader - Could not detect default resource locations for test class [org.fluentlenium.adapter.testng.SpringTestNGControl]: no resource found for suffixes {-context.xml}.
14:33:17.993 [TestNG-test=Surefire test-1] INFO  AnnotationConfigContextLoaderUtils - Could not detect default configuration classes for test class [org.fluentlenium.adapter.testng.SpringTestNGControl]: SpringTestNGControl does not declare any static, non-private, non-final, nested classes annotated with @Configuration.
14:33:17.994 [TestNG-test=Surefire test-1] INFO  AbstractTestContextBootstrapper - Using TestExecutionListeners: [org.springframework.test.context.support.DirtiesContextBeforeModesTestExecutionListener@57273c99, org.springframework.test.context.event.ApplicationEventsTestExecutionListener@15ad2fef, org.springframework.test.context.support.DependencyInjectionTestExecutionListener@fa71b4c, org.springframework.test.context.support.DirtiesContextTestExecutionListener@a985405, org.springframework.test.context.event.EventPublishingTestExecutionListener@64b5623b]
14:33:17.997 [TestNG-test=Surefire test-1] INFO  AbstractTestContextBootstrapper - Neither @ContextConfiguration nor @ContextHierarchy found for test class [org.fluentlenium.adapter.testng.SpringTestNGControl], using DelegatingSmartContextLoader
14:33:17.997 [TestNG-test=Surefire test-1] INFO  AbstractContextLoader - Could not detect default resource locations for test class [org.fluentlenium.adapter.testng.SpringTestNGControl]: no resource found for suffixes {-context.xml}.
14:33:17.997 [TestNG-test=Surefire test-1] INFO  AnnotationConfigContextLoaderUtils - Could not detect default configuration classes for test class [org.fluentlenium.adapter.testng.SpringTestNGControl]: SpringTestNGControl does not declare any static, non-private, non-final, nested classes annotated with @Configuration.
14:33:17.998 [TestNG-test=Surefire test-1] INFO  AbstractTestContextBootstrapper - Using TestExecutionListeners: [org.springframework.test.context.support.DirtiesContextBeforeModesTestExecutionListener@e9faaca, org.springframework.test.context.event.ApplicationEventsTestExecutionListener@133e02d3, org.springframework.test.context.support.DependencyInjectionTestExecutionListener@6c1b7d43, org.springframework.test.context.support.DirtiesContextTestExecutionListener@fb69379, org.springframework.test.context.event.EventPublishingTestExecutionListener@7c0ca1bf]
14:33:18.001 [TestNG-test=Surefire test-1] INFO  AbstractTestContextBootstrapper - Neither @ContextConfiguration nor @ContextHierarchy found for test class [org.fluentlenium.adapter.testng.SpringTestNGControl], using DelegatingSmartContextLoader
14:33:18.001 [TestNG-test=Surefire test-1] INFO  AbstractContextLoader - Could not detect default resource locations for test class [org.fluentlenium.adapter.testng.SpringTestNGControl]: no resource found for suffixes {-context.xml}.
14:33:18.001 [TestNG-test=Surefire test-1] INFO  AnnotationConfigContextLoaderUtils - Could not detect default configuration classes for test class [org.fluentlenium.adapter.testng.SpringTestNGControl]: SpringTestNGControl does not declare any static, non-private, non-final, nested classes annotated with @Configuration.
14:33:18.002 [TestNG-test=Surefire test-1] INFO  AbstractTestContextBootstrapper - Using TestExecutionListeners: [org.springframework.test.context.support.DirtiesContextBeforeModesTestExecutionListener@240e31fb, org.springframework.test.context.event.ApplicationEventsTestExecutionListener@390ad46a, org.springframework.test.context.support.DependencyInjectionTestExecutionListener@741bf9c5, org.springframework.test.context.support.DirtiesContextTestExecutionListener@64140be3, org.springframework.test.context.event.EventPublishingTestExecutionListener@31406f73]
14:33:18.004 [TestNG-test=Surefire test-1] INFO  AbstractTestContextBootstrapper - Neither @ContextConfiguration nor @ContextHierarchy found for test class [org.fluentlenium.adapter.testng.SpringTestNGControl], using DelegatingSmartContextLoader
14:33:18.004 [TestNG-test=Surefire test-1] INFO  AbstractContextLoader - Could not detect default resource locations for test class [org.fluentlenium.adapter.testng.SpringTestNGControl]: no resource found for suffixes {-context.xml}.
14:33:18.004 [TestNG-test=Surefire test-1] INFO  AnnotationConfigContextLoaderUtils - Could not detect default configuration classes for test class [org.fluentlenium.adapter.testng.SpringTestNGControl]: SpringTestNGControl does not declare any static, non-private, non-final, nested classes annotated with @Configuration.
14:33:18.005 [TestNG-test=Surefire test-1] INFO  AbstractTestContextBootstrapper - Using TestExecutionListeners: [org.springframework.test.context.support.DirtiesContextBeforeModesTestExecutionListener@1a976827, org.springframework.test.context.event.ApplicationEventsTestExecutionListener@14ace5b0, org.springframework.test.context.support.DependencyInjectionTestExecutionListener@6053ea34, org.springframework.test.context.support.DirtiesContextTestExecutionListener@64f45b1, org.springframework.test.context.event.EventPublishingTestExecutionListener@27b8d30f]
14:33:18.007 [TestNG-test=Surefire test-1] INFO  AbstractTestContextBootstrapper - Neither @ContextConfiguration nor @ContextHierarchy found for test class [org.fluentlenium.adapter.testng.SpringTestNGControl], using DelegatingSmartContextLoader
14:33:18.007 [TestNG-test=Surefire test-1] INFO  AbstractContextLoader - Could not detect default resource locations for test class [org.fluentlenium.adapter.testng.SpringTestNGControl]: no resource found for suffixes {-context.xml}.
14:33:18.008 [TestNG-test=Surefire test-1] INFO  AnnotationConfigContextLoaderUtils - Could not detect default configuration classes for test class [org.fluentlenium.adapter.testng.SpringTestNGControl]: SpringTestNGControl does not declare any static, non-private, non-final, nested classes annotated with @Configuration.
14:33:18.008 [TestNG-test=Surefire test-1] INFO  AbstractTestContextBootstrapper - Using TestExecutionListeners: [org.springframework.test.context.support.DirtiesContextBeforeModesTestExecutionListener@74763f7e, org.springframework.test.context.event.ApplicationEventsTestExecutionListener@68f0e81f, org.springframework.test.context.support.DependencyInjectionTestExecutionListener@cc15403, org.springframework.test.context.support.DirtiesContextTestExecutionListener@410b4c47, org.springframework.test.context.event.EventPublishingTestExecutionListener@4c306d7]
14:33:18.114 [TestNG-test=Surefire test-1] INFO  AbstractTestContextBootstrapper - Neither @ContextConfiguration nor @ContextHierarchy found for test class [org.fluentlenium.DontRunTestsWhenInitFailTest$TestClass], using DelegatingSmartContextLoader
14:33:18.115 [TestNG-test=Surefire test-1] INFO  AbstractContextLoader - Could not detect default resource locations for test class [org.fluentlenium.DontRunTestsWhenInitFailTest$TestClass]: no resource found for suffixes {-context.xml}.
14:33:18.115 [TestNG-test=Surefire test-1] INFO  AnnotationConfigContextLoaderUtils - Could not detect default configuration classes for test class [org.fluentlenium.DontRunTestsWhenInitFailTest$TestClass]: TestClass does not declare any static, non-private, non-final, nested classes annotated with @Configuration.
14:33:18.118 [TestNG-test=Surefire test-1] INFO  AbstractTestContextBootstrapper - Using TestExecutionListeners: [org.springframework.test.context.support.DirtiesContextBeforeModesTestExecutionListener@28b6dc2d, org.springframework.test.context.event.ApplicationEventsTestExecutionListener@29f14971, org.springframework.test.context.support.DependencyInjectionTestExecutionListener@4035d58f, org.springframework.test.context.support.DirtiesContextTestExecutionListener@5b91bc4b, org.springframework.test.context.event.EventPublishingTestExecutionListener@45d854a0]
14:33:18.130 [TestNG-test=Surefire test-1] ERROR TestContextManager - Caught exception while allowing TestExecutionListener [org.springframework.test.context.support.DependencyInjectionTestExecutionListener@4035d58f] to prepare test instance [org.fluentlenium.DontRunTestsWhenInitFailTest$TestClass@306160da]
java.lang.IllegalStateException: Failed to load ApplicationContext
	at org.springframework.test.context.cache.DefaultCacheAwareContextLoaderDelegate.loadContext(DefaultCacheAwareContextLoaderDelegate.java:132)
	at org.springframework.test.context.support.DefaultTestContext.getApplicationContext(DefaultTestContext.java:124)
	at org.springframework.test.context.support.DependencyInjectionTestExecutionListener.injectDependencies(DependencyInjectionTestExecutionListener.java:118)
	at org.springframework.test.context.support.DependencyInjectionTestExecutionListener.prepareTestInstance(DependencyInjectionTestExecutionListener.java:83)
	at org.springframework.test.context.TestContextManager.prepareTestInstance(TestContextManager.java:244)
	at org.springframework.test.context.testng.AbstractTestNGSpringContextTests.springTestContextPrepareTestInstance(AbstractTestNGSpringContextTests.java:149)
	at java.base/jdk.internal.reflect.NativeMethodAccessorImpl.invoke0(Native Method)
	at java.base/jdk.internal.reflect.NativeMethodAccessorImpl.invoke(NativeMethodAccessorImpl.java:62)
	at java.base/jdk.internal.reflect.DelegatingMethodAccessorImpl.invoke(DelegatingMethodAccessorImpl.java:43)
	at java.base/java.lang.reflect.Method.invoke(Method.java:566)
	at org.testng.internal.MethodInvocationHelper.invokeMethod(MethodInvocationHelper.java:132)
	at org.testng.internal.MethodInvocationHelper.invokeMethodConsideringTimeout(MethodInvocationHelper.java:61)
	at org.testng.internal.ConfigInvoker.invokeConfigurationMethod(ConfigInvoker.java:366)
	at org.testng.internal.ConfigInvoker.invokeConfigurations(ConfigInvoker.java:320)
	at org.testng.internal.TestMethodWorker.invokeBeforeClassMethods(TestMethodWorker.java:176)
	at org.testng.internal.TestMethodWorker.run(TestMethodWorker.java:122)
	at java.base/java.util.ArrayList.forEach(ArrayList.java:1541)
	at org.testng.TestRunner.privateRun(TestRunner.java:764)
	at org.testng.TestRunner.run(TestRunner.java:585)
	at org.testng.SuiteRunner.runTest(SuiteRunner.java:384)
	at org.testng.SuiteRunner.runSequentially(SuiteRunner.java:378)
	at org.testng.SuiteRunner.privateRun(SuiteRunner.java:337)
	at org.testng.SuiteRunner.run(SuiteRunner.java:286)
	at org.testng.SuiteRunnerWorker.runSuite(SuiteRunnerWorker.java:53)
	at org.testng.SuiteRunnerWorker.run(SuiteRunnerWorker.java:96)
	at org.testng.TestNG.runSuitesSequentially(TestNG.java:1218)
	at org.testng.TestNG.runSuitesLocally(TestNG.java:1140)
	at org.testng.TestNG.runSuites(TestNG.java:1069)
	at org.testng.TestNG.run(TestNG.java:1037)
	at org.fluentlenium.DontRunTestsWhenInitFailTest.testRun(DontRunTestsWhenInitFailTest.java:63)
	at java.base/jdk.internal.reflect.NativeMethodAccessorImpl.invoke0(Native Method)
	at java.base/jdk.internal.reflect.NativeMethodAccessorImpl.invoke(NativeMethodAccessorImpl.java:62)
	at java.base/jdk.internal.reflect.DelegatingMethodAccessorImpl.invoke(DelegatingMethodAccessorImpl.java:43)
	at java.base/java.lang.reflect.Method.invoke(Method.java:566)
	at org.testng.internal.MethodInvocationHelper.invokeMethod(MethodInvocationHelper.java:132)
	at org.testng.internal.TestInvoker.invokeMethod(TestInvoker.java:599)
	at org.testng.internal.TestInvoker.invokeTestMethod(TestInvoker.java:174)
	at org.testng.internal.MethodRunner.runInSequence(MethodRunner.java:46)
	at org.testng.internal.TestInvoker$MethodInvocationAgent.invoke(TestInvoker.java:822)
	at org.testng.internal.TestInvoker.invokeTestMethods(TestInvoker.java:147)
	at org.testng.internal.TestMethodWorker.invokeTestMethods(TestMethodWorker.java:146)
	at org.testng.internal.TestMethodWorker.run(TestMethodWorker.java:128)
	at java.base/java.util.concurrent.ThreadPoolExecutor.runWorker(ThreadPoolExecutor.java:1128)
	at java.base/java.util.concurrent.ThreadPoolExecutor$Worker.run(ThreadPoolExecutor.java:628)
	at java.base/java.lang.Thread.run(Thread.java:829)
Caused by: java.lang.IllegalStateException: Neither GenericXmlContextLoader nor AnnotationConfigContextLoader was able to load an ApplicationContext from [MergedContextConfiguration@5cba7617 testClass = DontRunTestsWhenInitFailTest.TestClass, locations = '{}', classes = '{}', contextInitializerClasses = '[]', activeProfiles = '{}', propertySourceLocations = '{}', propertySourceProperties = '{}', contextCustomizers = set[[empty]], contextLoader = 'org.springframework.test.context.support.DelegatingSmartContextLoader', parent = [null]].
	at org.springframework.test.context.support.AbstractDelegatingSmartContextLoader.loadContext(AbstractDelegatingSmartContextLoader.java:255)
	at org.springframework.test.context.cache.DefaultCacheAwareContextLoaderDelegate.loadContextInternal(DefaultCacheAwareContextLoaderDelegate.java:99)
	at org.springframework.test.context.cache.DefaultCacheAwareContextLoaderDelegate.loadContext(DefaultCacheAwareContextLoaderDelegate.java:124)
	... 44 common frames omitted

===============================================
Command line suite
Total tests run: 2, Passes: 0, Failures: 0, Skips: 2
Configuration Failures: 3, Skips: 0
===============================================

[INFO] Tests run: 95, Failures: 0, Errors: 0, Skipped: 0, Time elapsed: 5.852 s - in TestSuite
[INFO] 
[INFO] Results:
[INFO] 
[INFO] Tests run: 95, Failures: 0, Errors: 0, Skipped: 0
[INFO] 
[INFO] 
[INFO] ---------------< org.fluentlenium:fluentlenium-cucumber >---------------
[INFO] Building FluentLenium Cucumber 4.8.1-SNAPSHOT                     [9/13]
[INFO] --------------------------------[ jar ]---------------------------------
[INFO] 
[INFO] --- maven-clean-plugin:3.1.0:clean (default-clean) @ fluentlenium-cucumber ---
[INFO] Deleting /home/gabsko/breaking-updates/fluentlenium-cucumber/target
[INFO] 
[INFO] --- flatten-maven-plugin:1.2.7:clean (flatten.clean) @ fluentlenium-cucumber ---
[INFO] Deleting /home/gabsko/breaking-updates/fluentlenium-cucumber/.flattened-pom.xml
[INFO] 
[INFO] --- maven-enforcer-plugin:3.0.0-M3:enforce (enforce-maven) @ fluentlenium-cucumber ---
[INFO] 
[INFO] --- jacoco-maven-plugin:0.8.7:prepare-agent (prepare-agent) @ fluentlenium-cucumber ---
[INFO] argLine set to -javaagent:/home/gabsko/.m2/repository/org/jacoco/org.jacoco.agent/0.8.7/org.jacoco.agent-0.8.7-runtime.jar=destfile=/home/gabsko/breaking-updates/fluentlenium-cucumber/target/jacoco.exec,excludes=**com.steadystate*:**com/gargoylesoftware*
[INFO] 
[INFO] --- maven-resources-plugin:3.2.0:resources (default-resources) @ fluentlenium-cucumber ---
[INFO] Using 'UTF-8' encoding to copy filtered resources.
[INFO] Using 'UTF-8' encoding to copy filtered properties files.
[INFO] skip non existing resourceDirectory /home/gabsko/breaking-updates/fluentlenium-cucumber/src/main/resources
[INFO] 
[INFO] --- flatten-maven-plugin:1.2.7:flatten (flatten) @ fluentlenium-cucumber ---
[INFO] Generating flattened POM of project org.fluentlenium:fluentlenium-cucumber:jar:4.8.1-SNAPSHOT...
[INFO] 
[INFO] --- maven-compiler-plugin:3.8.1:compile (default-compile) @ fluentlenium-cucumber ---
[INFO] Changes detected - recompiling the module!
[INFO] Compiling 4 source files to /home/gabsko/breaking-updates/fluentlenium-cucumber/target/classes
[INFO] /home/gabsko/breaking-updates/fluentlenium-cucumber/src/main/java/cucumber/runtime/java/fluentlenium/FluentObjectFactory.java: /home/gabsko/breaking-updates/fluentlenium-cucumber/src/main/java/cucumber/runtime/java/fluentlenium/FluentObjectFactory.java uses unchecked or unsafe operations.
[INFO] /home/gabsko/breaking-updates/fluentlenium-cucumber/src/main/java/cucumber/runtime/java/fluentlenium/FluentObjectFactory.java: Recompile with -Xlint:unchecked for details.
[INFO] 
[INFO] --- maven-resources-plugin:3.2.0:testResources (default-testResources) @ fluentlenium-cucumber ---
[INFO] Using 'UTF-8' encoding to copy filtered resources.
[INFO] Using 'UTF-8' encoding to copy filtered properties files.
[INFO] Copying 15 resources
[INFO] 
[INFO] --- maven-compiler-plugin:3.8.1:testCompile (default-testCompile) @ fluentlenium-cucumber ---
[INFO] Changes detected - recompiling the module!
[INFO] Compiling 68 source files to /home/gabsko/breaking-updates/fluentlenium-cucumber/target/test-classes
[INFO] 
[INFO] --- maven-surefire-plugin:3.0.0-M5:test (default-test) @ fluentlenium-cucumber ---
[INFO] 
[INFO] -------------------------------------------------------
[INFO]  T E S T S
[INFO] -------------------------------------------------------
[INFO] Running org.fluentlenium.adapter.cucumber.unit.FluentCucumberSharedMutatorTest
[INFO] Tests run: 2, Failures: 0, Errors: 0, Skipped: 0, Time elapsed: 0.094 s - in org.fluentlenium.adapter.cucumber.unit.FluentCucumberSharedMutatorTest
[INFO] Running org.fluentlenium.adapter.cucumber.unit.FluentObjectFactoryTest
[INFO] Tests run: 6, Failures: 0, Errors: 0, Skipped: 0, Time elapsed: 0.523 s - in org.fluentlenium.adapter.cucumber.unit.FluentObjectFactoryTest
[INFO] Running org.fluentlenium.adapter.cucumber.unit.FluentTestContainerTest
[INFO] Tests run: 3, Failures: 0, Errors: 0, Skipped: 0, Time elapsed: 0.017 s - in org.fluentlenium.adapter.cucumber.unit.FluentTestContainerTest
[INFO] 
[INFO] Results:
[INFO] 
[INFO] Tests run: 11, Failures: 0, Errors: 0, Skipped: 0
[INFO] 
[INFO] 
[INFO] ----------------< org.fluentlenium:fluentlenium-spock >-----------------
[INFO] Building FluentLenium Spock 4.8.1-SNAPSHOT                       [10/13]
[INFO] --------------------------------[ jar ]---------------------------------
[INFO] 
[INFO] --- maven-clean-plugin:3.1.0:clean (default-clean) @ fluentlenium-spock ---
[INFO] Deleting /home/gabsko/breaking-updates/fluentlenium-spock/target
[INFO] 
[INFO] --- flatten-maven-plugin:1.2.7:clean (flatten.clean) @ fluentlenium-spock ---
[INFO] Deleting /home/gabsko/breaking-updates/fluentlenium-spock/.flattened-pom.xml
[INFO] 
[INFO] --- maven-enforcer-plugin:3.0.0-M3:enforce (enforce-maven) @ fluentlenium-spock ---
[INFO] 
[INFO] --- jacoco-maven-plugin:0.8.7:prepare-agent (prepare-agent) @ fluentlenium-spock ---
[INFO] argLine set to -javaagent:/home/gabsko/.m2/repository/org/jacoco/org.jacoco.agent/0.8.7/org.jacoco.agent-0.8.7-runtime.jar=destfile=/home/gabsko/breaking-updates/fluentlenium-spock/target/jacoco.exec,excludes=**com.steadystate*:**com/gargoylesoftware*
[INFO] 
[INFO] --- gmavenplus-plugin:1.12.1:addSources (default) @ fluentlenium-spock ---
[INFO] 
[INFO] --- gmavenplus-plugin:1.12.1:addTestSources (default) @ fluentlenium-spock ---
[INFO] 
[INFO] --- build-helper-maven-plugin:3.2.0:add-source (add-groovy-sources) @ fluentlenium-spock ---
[INFO] Source directory: /home/gabsko/breaking-updates/fluentlenium-spock/src/main/groovy added.
[INFO] 
[INFO] --- maven-resources-plugin:3.2.0:resources (default-resources) @ fluentlenium-spock ---
[INFO] Using 'UTF-8' encoding to copy filtered resources.
[INFO] Using 'UTF-8' encoding to copy filtered properties files.
[INFO] skip non existing resourceDirectory /home/gabsko/breaking-updates/fluentlenium-spock/src/main/resources
[INFO] 
[INFO] --- flatten-maven-plugin:1.2.7:flatten (flatten) @ fluentlenium-spock ---
[INFO] Generating flattened POM of project org.fluentlenium:fluentlenium-spock:jar:4.8.1-SNAPSHOT...
[INFO] 
[INFO] --- maven-compiler-plugin:3.8.1:compile (default-compile) @ fluentlenium-spock ---
[INFO] Changes detected - recompiling the module!
[INFO] 
[INFO] --- gmavenplus-plugin:1.12.1:compile (default) @ fluentlenium-spock ---
[INFO] Using isolated classloader, without GMavenPlus classpath.
[INFO] Using Groovy 3.0.8 to perform compile.
[INFO] Parallel parsing disabled.
[INFO] Compiled 4 files.
[INFO] 
[INFO] --- build-helper-maven-plugin:3.2.0:add-test-source (add-test-source) @ fluentlenium-spock ---
[INFO] Test Source directory: /home/gabsko/breaking-updates/fluentlenium-spock/src/test/groovy added.
[INFO] 
[INFO] --- maven-resources-plugin:3.2.0:testResources (default-testResources) @ fluentlenium-spock ---
[INFO] Using 'UTF-8' encoding to copy filtered resources.
[INFO] Using 'UTF-8' encoding to copy filtered properties files.
[INFO] Copying 4 resources
[INFO] 
[INFO] --- maven-compiler-plugin:3.8.1:testCompile (default-testCompile) @ fluentlenium-spock ---
[INFO] Changes detected - recompiling the module!
[INFO] 
[INFO] --- gmavenplus-plugin:1.12.1:compileTests (default) @ fluentlenium-spock ---
[INFO] Using isolated classloader, without GMavenPlus classpath.
[INFO] Using Groovy 3.0.8 to perform compileTests.
[INFO] Parallel parsing disabled.
[INFO] Compiled 14 files.
[INFO] 
[INFO] --- maven-surefire-plugin:3.0.0-M5:test (default-test) @ fluentlenium-spock ---
[INFO] 
[INFO] -------------------------------------------------------
[INFO]  T E S T S
[INFO] -------------------------------------------------------
[INFO] Running org.fluentlenium.adapter.spock.smoketest.SmokeTestNewWebDriverSpec
[INFO] Tests run: 1, Failures: 0, Errors: 0, Skipped: 0, Time elapsed: 1.598 s - in org.fluentlenium.adapter.spock.smoketest.SmokeTestNewWebDriverSpec
[INFO] Running org.fluentlenium.adapter.spock.smoketest.SmokeTestGetWebDriverSpec
[INFO] Tests run: 1, Failures: 0, Errors: 0, Skipped: 0, Time elapsed: 0.102 s - in org.fluentlenium.adapter.spock.smoketest.SmokeTestGetWebDriverSpec
[INFO] Running org.fluentlenium.adapter.spock.BasicSpec
[INFO] Tests run: 3, Failures: 0, Errors: 0, Skipped: 0, Time elapsed: 0.165 s - in org.fluentlenium.adapter.spock.BasicSpec
[INFO] Running org.fluentlenium.adapter.spock.control.SpockControlSpec
[INFO] Tests run: 16, Failures: 0, Errors: 0, Skipped: 0, Time elapsed: 0.887 s - in org.fluentlenium.adapter.spock.control.SpockControlSpec
[INFO] Running org.fluentlenium.adapter.spock.control.SpockControlUnitSpec
[INFO] Tests run: 73, Failures: 0, Errors: 0, Skipped: 0, Time elapsed: 1.12 s - in org.fluentlenium.adapter.spock.control.SpockControlUnitSpec
[INFO] Running org.fluentlenium.adapter.spock.annotation.TestAnnotationAccessSpec
[INFO] Tests run: 4, Failures: 0, Errors: 0, Skipped: 0, Time elapsed: 0.095 s - in org.fluentlenium.adapter.spock.annotation.TestAnnotationAccessSpec
[INFO] Running org.fluentlenium.adapter.spock.page.PageSpec
[INFO] Tests run: 1, Failures: 0, Errors: 0, Skipped: 0, Time elapsed: 0.101 s - in org.fluentlenium.adapter.spock.page.PageSpec
[INFO] Running org.fluentlenium.adapter.spock.page.LocalPageSpec
[INFO] Tests run: 1, Failures: 0, Errors: 0, Skipped: 0, Time elapsed: 0.087 s - in org.fluentlenium.adapter.spock.page.LocalPageSpec
[INFO] Running org.fluentlenium.adapter.spock.description.TestDescriptionAccessSpec
[INFO] Tests run: 1, Failures: 0, Errors: 0, Skipped: 0, Time elapsed: 0.031 s - in org.fluentlenium.adapter.spock.description.TestDescriptionAccessSpec
[INFO] 
[INFO] Results:
[INFO] 
[INFO] Tests run: 101, Failures: 0, Errors: 0, Skipped: 0
[INFO] 
[INFO] 
[INFO] ----------------< org.fluentlenium:fluentlenium-kotest >----------------
[INFO] Building FluentLenium Kotest 4.8.1-SNAPSHOT                      [11/13]
[INFO] --------------------------------[ jar ]---------------------------------
[INFO] 
[INFO] --- maven-clean-plugin:3.1.0:clean (default-clean) @ fluentlenium-kotest ---
[INFO] Deleting /home/gabsko/breaking-updates/fluentlenium-kotest/target
[INFO] 
[INFO] --- flatten-maven-plugin:1.2.7:clean (flatten.clean) @ fluentlenium-kotest ---
[INFO] Deleting /home/gabsko/breaking-updates/fluentlenium-kotest/.flattened-pom.xml
[INFO] 
[INFO] --- maven-enforcer-plugin:3.0.0-M3:enforce (enforce-maven) @ fluentlenium-kotest ---
[INFO] 
[INFO] --- jacoco-maven-plugin:0.8.7:prepare-agent (prepare-agent) @ fluentlenium-kotest ---
[INFO] argLine set to -javaagent:/home/gabsko/.m2/repository/org/jacoco/org.jacoco.agent/0.8.7/org.jacoco.agent-0.8.7-runtime.jar=destfile=/home/gabsko/breaking-updates/fluentlenium-kotest/target/jacoco.exec,excludes=**com.steadystate*:**com/gargoylesoftware*
[INFO] 
[INFO] --- ktlint-maven-plugin:1.9.0:format (format-and-check) @ fluentlenium-kotest ---
[INFO] 0 file(s) formatted.
[INFO] 
[INFO] --- maven-resources-plugin:3.2.0:resources (default-resources) @ fluentlenium-kotest ---
[INFO] Using 'UTF-8' encoding to copy filtered resources.
[INFO] Using 'UTF-8' encoding to copy filtered properties files.
[INFO] skip non existing resourceDirectory /home/gabsko/breaking-updates/fluentlenium-kotest/src/main/resources
[INFO] 
[INFO] --- flatten-maven-plugin:1.2.7:flatten (flatten) @ fluentlenium-kotest ---
[INFO] Generating flattened POM of project org.fluentlenium:fluentlenium-kotest:jar:4.8.1-SNAPSHOT...
[INFO] 
[INFO] --- maven-compiler-plugin:3.8.1:compile (default-compile) @ fluentlenium-kotest ---
[INFO] Changes detected - recompiling the module!
[INFO] 
[INFO] --- kotlin-maven-plugin:1.5.10:compile (compile) @ fluentlenium-kotest ---
[INFO] 
[INFO] --- maven-resources-plugin:3.2.0:testResources (default-testResources) @ fluentlenium-kotest ---
[INFO] Using 'UTF-8' encoding to copy filtered resources.
[INFO] Using 'UTF-8' encoding to copy filtered properties files.
[INFO] Copying 4 resources
[INFO] 
[INFO] --- maven-compiler-plugin:3.8.1:testCompile (default-testCompile) @ fluentlenium-kotest ---
[INFO] Changes detected - recompiling the module!
[INFO] 
[INFO] --- kotlin-maven-plugin:1.5.10:test-compile (test-compile) @ fluentlenium-kotest ---
[INFO] 
[INFO] --- maven-surefire-plugin:3.0.0-M5:test (default-test) @ fluentlenium-kotest ---
[INFO] 
[INFO] -------------------------------------------------------
[INFO]  T E S T S
[INFO] -------------------------------------------------------
~~~ Kotest Configuration ~~~
-> Parallelization factor: 1
-> Concurrent specs: null
-> Global concurrent tests: 1
-> Dispatcher affinity: true
-> Default test timeout: 600000ms
-> Default test order: Sequential
-> Default isolation mode: SingleInstance
-> Global soft assertions: false
-> Write spec failure file: false
-> Fail on ignored tests: false
-> Spec execution order: SpecExecutionOrder
-> Remove test name whitespace: false
-> Append tags to test names: false
-> Extensions
  - io.kotest.engine.extensions.SystemPropertyTagExtension
  - io.kotest.core.extensions.RuntimeTagExtension
  - io.kotest.engine.extensions.RuntimeTagExpressionExtension
-> Listeners
  - class org.fluentlenium.adapter.kotest.KoTestConfig$listeners$1
  - class io.kotest.engine.config.LoadConfigFromClasspathKt$toDetectedConfig$beforeAfterAllListener$1

[INFO] Running org.fluentlenium.adapter.kotest.describespec.CanProvideCustomWebDriverSpec
[INFO] Tests run: 1, Failures: 0, Errors: 0, Skipped: 0, Time elapsed: 1.134 s - in org.fluentlenium.adapter.kotest.describespec.CanProvideCustomWebDriverSpec
[INFO] Running org.fluentlenium.adapter.kotest.describespec.ConfigurationDefaultSpec
Starting ChromeDriver 102.0.5005.61 (0e59bcc00cc4985ce39ad31c150065f159d95ad3-refs/branch-heads/5005@{#819}) on port 10570
Only local connections are allowed.
Please see https://chromedriver.chromium.org/security-considerations for suggestions on keeping ChromeDriver safe.
ChromeDriver was started successfully.
Starting ChromeDriver 102.0.5005.61 (0e59bcc00cc4985ce39ad31c150065f159d95ad3-refs/branch-heads/5005@{#819}) on port 12897
Only local connections are allowed.
Please see https://chromedriver.chromium.org/security-considerations for suggestions on keeping ChromeDriver safe.
ChromeDriver was started successfully.
Starting ChromeDriver 102.0.5005.61 (0e59bcc00cc4985ce39ad31c150065f159d95ad3-refs/branch-heads/5005@{#819}) on port 21278
Only local connections are allowed.
Please see https://chromedriver.chromium.org/security-considerations for suggestions on keeping ChromeDriver safe.
ChromeDriver was started successfully.
Starting ChromeDriver 102.0.5005.61 (0e59bcc00cc4985ce39ad31c150065f159d95ad3-refs/branch-heads/5005@{#819}) on port 17543
Only local connections are allowed.
Please see https://chromedriver.chromium.org/security-considerations for suggestions on keeping ChromeDriver safe.
ChromeDriver was started successfully.
[ERROR] Tests run: 4, Failures: 0, Errors: 4, Skipped: 0, Time elapsed: 240.619 s <<< FAILURE! - in org.fluentlenium.adapter.kotest.describespec.ConfigurationDefaultSpec
[ERROR] org.fluentlenium.adapter.kotest.describespec.ConfigurationDefaultSpec.remoteUrl via custom default class  Time elapsed: 60.384 s  <<< ERROR!
org.openqa.selenium.WebDriverException: 
Browser failed to start, test [ remoteUrl via custom default class ] execution interrupted.
Caused by: [ unknown error: DevToolsActivePort file doesn't exist
Build info: version: '3.141.59', revision: 'e82be7d358', time: '2018-11-14T08:17:03'
System info: host: 'repairnator', ip: '127.0.1.1', os.name: 'Linux', os.arch: 'amd64', os.version: '5.4.0-113-generic', java.version: '11.0.17'
Driver info: driver.version: ChromeDriver
remote stacktrace: #0 0x55f065f42f33 <unknown>
#1 0x55f065c8d118 <unknown>
#2 0x55f065cb3282 <unknown>
#3 0x55f065caf7c6 <unknown>
#4 0x55f065cabd5a <unknown>
#5 0x55f065ce6d3a <unknown>
#6 0x55f065ce0e63 <unknown>
#7 0x55f065cb682a <unknown>
#8 0x55f065cb7985 <unknown>
#9 0x55f065f874cd <unknown>
#10 0x55f065f8b5ec <unknown>
#11 0x55f065f7171e <unknown>
#12 0x55f065f8c238 <unknown>
#13 0x55f065f66870 <unknown>
#14 0x55f065fa8608 <unknown>
#15 0x55f065fa8788 <unknown>
#16 0x55f065fc2f1d <unknown>
#17 0x7f09c71f56db <unknown>
]
Build info: version: '3.141.59', revision: 'e82be7d358', time: '2018-11-14T08:17:03'
System info: host: 'repairnator', ip: '127.0.1.1', os.name: 'Linux', os.arch: 'amd64', os.version: '5.4.0-113-generic', java.version: '11.0.17'
Driver info: driver.version: unknown
Caused by: java.util.concurrent.ExecutionException: org.fluentlenium.configuration.ConfigurationException: Can't create new WebDriver instance
Caused by: org.fluentlenium.configuration.ConfigurationException: Can't create new WebDriver instance
Caused by: java.lang.reflect.InvocationTargetException
Caused by: org.openqa.selenium.WebDriverException: 
unknown error: DevToolsActivePort file doesn't exist
Build info: version: '3.141.59', revision: 'e82be7d358', time: '2018-11-14T08:17:03'
System info: host: 'repairnator', ip: '127.0.1.1', os.name: 'Linux', os.arch: 'amd64', os.version: '5.4.0-113-generic', java.version: '11.0.17'
Driver info: driver.version: ChromeDriver
remote stacktrace: #0 0x55f065f42f33 <unknown>
#1 0x55f065c8d118 <unknown>
#2 0x55f065cb3282 <unknown>
#3 0x55f065caf7c6 <unknown>
#4 0x55f065cabd5a <unknown>
#5 0x55f065ce6d3a <unknown>
#6 0x55f065ce0e63 <unknown>
#7 0x55f065cb682a <unknown>
#8 0x55f065cb7985 <unknown>
#9 0x55f065f874cd <unknown>
#10 0x55f065f8b5ec <unknown>
#11 0x55f065f7171e <unknown>
#12 0x55f065f8c238 <unknown>
#13 0x55f065f66870 <unknown>
#14 0x55f065fa8608 <unknown>
#15 0x55f065fa8788 <unknown>
#16 0x55f065fc2f1d <unknown>
#17 0x7f09c71f56db <unknown>


[ERROR] org.fluentlenium.adapter.kotest.describespec.ConfigurationDefaultSpec.driver should be as defined  Time elapsed: 60.072 s  <<< ERROR!
org.openqa.selenium.WebDriverException: 
Browser failed to start, test [ driver should be as defined ] execution interrupted.
Caused by: [ unknown error: DevToolsActivePort file doesn't exist
Build info: version: '3.141.59', revision: 'e82be7d358', time: '2018-11-14T08:17:03'
System info: host: 'repairnator', ip: '127.0.1.1', os.name: 'Linux', os.arch: 'amd64', os.version: '5.4.0-113-generic', java.version: '11.0.17'
Driver info: driver.version: ChromeDriver
remote stacktrace: #0 0x55d559508f33 <unknown>
#1 0x55d559253118 <unknown>
#2 0x55d559279282 <unknown>
#3 0x55d5592757c6 <unknown>
#4 0x55d559271d5a <unknown>
#5 0x55d5592acd3a <unknown>
#6 0x55d5592a6e63 <unknown>
#7 0x55d55927c82a <unknown>
#8 0x55d55927d985 <unknown>
#9 0x55d55954d4cd <unknown>
#10 0x55d5595515ec <unknown>
#11 0x55d55953771e <unknown>
#12 0x55d559552238 <unknown>
#13 0x55d55952c870 <unknown>
#14 0x55d55956e608 <unknown>
#15 0x55d55956e788 <unknown>
#16 0x55d559588f1d <unknown>
#17 0x7fcb61d436db <unknown>
]
Build info: version: '3.141.59', revision: 'e82be7d358', time: '2018-11-14T08:17:03'
System info: host: 'repairnator', ip: '127.0.1.1', os.name: 'Linux', os.arch: 'amd64', os.version: '5.4.0-113-generic', java.version: '11.0.17'
Driver info: driver.version: unknown
Caused by: java.util.concurrent.ExecutionException: org.fluentlenium.configuration.ConfigurationException: Can't create new WebDriver instance
Caused by: org.fluentlenium.configuration.ConfigurationException: Can't create new WebDriver instance
Caused by: java.lang.reflect.InvocationTargetException
Caused by: org.openqa.selenium.WebDriverException: 
unknown error: DevToolsActivePort file doesn't exist
Build info: version: '3.141.59', revision: 'e82be7d358', time: '2018-11-14T08:17:03'
System info: host: 'repairnator', ip: '127.0.1.1', os.name: 'Linux', os.arch: 'amd64', os.version: '5.4.0-113-generic', java.version: '11.0.17'
Driver info: driver.version: ChromeDriver
remote stacktrace: #0 0x55d559508f33 <unknown>
#1 0x55d559253118 <unknown>
#2 0x55d559279282 <unknown>
#3 0x55d5592757c6 <unknown>
#4 0x55d559271d5a <unknown>
#5 0x55d5592acd3a <unknown>
#6 0x55d5592a6e63 <unknown>
#7 0x55d55927c82a <unknown>
#8 0x55d55927d985 <unknown>
#9 0x55d55954d4cd <unknown>
#10 0x55d5595515ec <unknown>
#11 0x55d55953771e <unknown>
#12 0x55d559552238 <unknown>
#13 0x55d55952c870 <unknown>
#14 0x55d55956e608 <unknown>
#15 0x55d55956e788 <unknown>
#16 0x55d559588f1d <unknown>
#17 0x7fcb61d436db <unknown>


[ERROR] org.fluentlenium.adapter.kotest.describespec.ConfigurationDefaultSpec.should take screenshot  Time elapsed: 60.069 s  <<< ERROR!
org.openqa.selenium.WebDriverException: 
Browser failed to start, test [ should take screenshot ] execution interrupted.
Caused by: [ unknown error: DevToolsActivePort file doesn't exist
Build info: version: '3.141.59', revision: 'e82be7d358', time: '2018-11-14T08:17:03'
System info: host: 'repairnator', ip: '127.0.1.1', os.name: 'Linux', os.arch: 'amd64', os.version: '5.4.0-113-generic', java.version: '11.0.17'
Driver info: driver.version: ChromeDriver
remote stacktrace: #0 0x5591500a4f33 <unknown>
#1 0x55914fdef118 <unknown>
#2 0x55914fe15282 <unknown>
#3 0x55914fe117c6 <unknown>
#4 0x55914fe0dd5a <unknown>
#5 0x55914fe48d3a <unknown>
#6 0x55914fe42e63 <unknown>
#7 0x55914fe1882a <unknown>
#8 0x55914fe19985 <unknown>
#9 0x5591500e94cd <unknown>
#10 0x5591500ed5ec <unknown>
#11 0x5591500d371e <unknown>
#12 0x5591500ee238 <unknown>
#13 0x5591500c8870 <unknown>
#14 0x55915010a608 <unknown>
#15 0x55915010a788 <unknown>
#16 0x559150124f1d <unknown>
#17 0x7f5797f466db <unknown>
]
Build info: version: '3.141.59', revision: 'e82be7d358', time: '2018-11-14T08:17:03'
System info: host: 'repairnator', ip: '127.0.1.1', os.name: 'Linux', os.arch: 'amd64', os.version: '5.4.0-113-generic', java.version: '11.0.17'
Driver info: driver.version: unknown
Caused by: java.util.concurrent.ExecutionException: org.fluentlenium.configuration.ConfigurationException: Can't create new WebDriver instance
Caused by: org.fluentlenium.configuration.ConfigurationException: Can't create new WebDriver instance
Caused by: java.lang.reflect.InvocationTargetException
Caused by: org.openqa.selenium.WebDriverException: 
unknown error: DevToolsActivePort file doesn't exist
Build info: version: '3.141.59', revision: 'e82be7d358', time: '2018-11-14T08:17:03'
System info: host: 'repairnator', ip: '127.0.1.1', os.name: 'Linux', os.arch: 'amd64', os.version: '5.4.0-113-generic', java.version: '11.0.17'
Driver info: driver.version: ChromeDriver
remote stacktrace: #0 0x5591500a4f33 <unknown>
#1 0x55914fdef118 <unknown>
#2 0x55914fe15282 <unknown>
#3 0x55914fe117c6 <unknown>
#4 0x55914fe0dd5a <unknown>
#5 0x55914fe48d3a <unknown>
#6 0x55914fe42e63 <unknown>
#7 0x55914fe1882a <unknown>
#8 0x55914fe19985 <unknown>
#9 0x5591500e94cd <unknown>
#10 0x5591500ed5ec <unknown>
#11 0x5591500d371e <unknown>
#12 0x5591500ee238 <unknown>
#13 0x5591500c8870 <unknown>
#14 0x55915010a608 <unknown>
#15 0x55915010a788 <unknown>
#16 0x559150124f1d <unknown>
#17 0x7f5797f466db <unknown>


[ERROR] org.fluentlenium.adapter.kotest.describespec.ConfigurationDefaultSpec.should navigate  Time elapsed: 60.061 s  <<< ERROR!
org.openqa.selenium.WebDriverException: 
Browser failed to start, test [ should navigate ] execution interrupted.
Caused by: [ unknown error: DevToolsActivePort file doesn't exist
Build info: version: '3.141.59', revision: 'e82be7d358', time: '2018-11-14T08:17:03'
System info: host: 'repairnator', ip: '127.0.1.1', os.name: 'Linux', os.arch: 'amd64', os.version: '5.4.0-113-generic', java.version: '11.0.17'
Driver info: driver.version: ChromeDriver
remote stacktrace: #0 0x559a64963f33 <unknown>
#1 0x559a646ae118 <unknown>
#2 0x559a646d4282 <unknown>
#3 0x559a646d07c6 <unknown>
#4 0x559a646ccd5a <unknown>
#5 0x559a64707d3a <unknown>
#6 0x559a64701e63 <unknown>
#7 0x559a646d782a <unknown>
#8 0x559a646d8985 <unknown>
#9 0x559a649a84cd <unknown>
#10 0x559a649ac5ec <unknown>
#11 0x559a6499271e <unknown>
#12 0x559a649ad238 <unknown>
#13 0x559a64987870 <unknown>
#14 0x559a649c9608 <unknown>
#15 0x559a649c9788 <unknown>
#16 0x559a649e3f1d <unknown>
#17 0x7f20d764f6db <unknown>
]
Build info: version: '3.141.59', revision: 'e82be7d358', time: '2018-11-14T08:17:03'
System info: host: 'repairnator', ip: '127.0.1.1', os.name: 'Linux', os.arch: 'amd64', os.version: '5.4.0-113-generic', java.version: '11.0.17'
Driver info: driver.version: unknown
Caused by: java.util.concurrent.ExecutionException: org.fluentlenium.configuration.ConfigurationException: Can't create new WebDriver instance
Caused by: org.fluentlenium.configuration.ConfigurationException: Can't create new WebDriver instance
Caused by: java.lang.reflect.InvocationTargetException
Caused by: org.openqa.selenium.WebDriverException: 
unknown error: DevToolsActivePort file doesn't exist
Build info: version: '3.141.59', revision: 'e82be7d358', time: '2018-11-14T08:17:03'
System info: host: 'repairnator', ip: '127.0.1.1', os.name: 'Linux', os.arch: 'amd64', os.version: '5.4.0-113-generic', java.version: '11.0.17'
Driver info: driver.version: ChromeDriver
remote stacktrace: #0 0x559a64963f33 <unknown>
#1 0x559a646ae118 <unknown>
#2 0x559a646d4282 <unknown>
#3 0x559a646d07c6 <unknown>
#4 0x559a646ccd5a <unknown>
#5 0x559a64707d3a <unknown>
#6 0x559a64701e63 <unknown>
#7 0x559a646d782a <unknown>
#8 0x559a646d8985 <unknown>
#9 0x559a649a84cd <unknown>
#10 0x559a649ac5ec <unknown>
#11 0x559a6499271e <unknown>
#12 0x559a649ad238 <unknown>
#13 0x559a64987870 <unknown>
#14 0x559a649c9608 <unknown>
#15 0x559a649c9788 <unknown>
#16 0x559a649e3f1d <unknown>
#17 0x7f20d764f6db <unknown>


[INFO] Running org.fluentlenium.adapter.kotest.describespec.ConfigurationSpec
[INFO] Tests run: 6, Failures: 0, Errors: 0, Skipped: 0, Time elapsed: 0.062 s - in org.fluentlenium.adapter.kotest.describespec.ConfigurationSpec
[INFO] Running org.fluentlenium.adapter.kotest.describespec.EventSpec
[INFO] Tests run: 1, Failures: 0, Errors: 0, Skipped: 0, Time elapsed: 0.064 s - in org.fluentlenium.adapter.kotest.describespec.EventSpec
[INFO] Running org.fluentlenium.adapter.kotest.annotationspec.ExampleAnnotationSpec
[INFO] Tests run: 1, Failures: 0, Errors: 0, Skipped: 0, Time elapsed: 0.825 s - in org.fluentlenium.adapter.kotest.annotationspec.ExampleAnnotationSpec
[INFO] Running org.fluentlenium.adapter.kotest.behaviorspec.ExampleBehaviorSpec
[INFO] Tests run: 3, Failures: 0, Errors: 0, Skipped: 0, Time elapsed: 0.138 s - in org.fluentlenium.adapter.kotest.behaviorspec.ExampleBehaviorSpec
[INFO] Running org.fluentlenium.adapter.kotest.describespec.ExampleDescribeSpec
[INFO] Tests run: 1, Failures: 0, Errors: 0, Skipped: 0, Time elapsed: 0.049 s - in org.fluentlenium.adapter.kotest.describespec.ExampleDescribeSpec
[INFO] Running org.fluentlenium.adapter.kotest.expectspec.ExampleExpectSpec
[INFO] Tests run: 2, Failures: 0, Errors: 0, Skipped: 0, Time elapsed: 0.049 s - in org.fluentlenium.adapter.kotest.expectspec.ExampleExpectSpec
[INFO] Running org.fluentlenium.adapter.kotest.featurespec.ExampleFeatureSpec
[INFO] Tests run: 2, Failures: 0, Errors: 0, Skipped: 0, Time elapsed: 0.061 s - in org.fluentlenium.adapter.kotest.featurespec.ExampleFeatureSpec
[INFO] Running org.fluentlenium.adapter.kotest.freespec.ExampleFreeSpec
[INFO] Tests run: 2, Failures: 0, Errors: 0, Skipped: 0, Time elapsed: 0.071 s - in org.fluentlenium.adapter.kotest.freespec.ExampleFreeSpec
[INFO] Running org.fluentlenium.adapter.kotest.funspec.ExampleFunSpec
[INFO] Tests run: 1, Failures: 0, Errors: 0, Skipped: 0, Time elapsed: 0.052 s - in org.fluentlenium.adapter.kotest.funspec.ExampleFunSpec
[INFO] Running org.fluentlenium.adapter.kotest.shouldspec.ExampleShouldSpec
[INFO] Tests run: 2, Failures: 0, Errors: 0, Skipped: 0, Time elapsed: 0.058 s - in org.fluentlenium.adapter.kotest.shouldspec.ExampleShouldSpec
[INFO] Running org.fluentlenium.adapter.kotest.stringspec.ExampleStringSpec
[INFO] Tests run: 1, Failures: 0, Errors: 0, Skipped: 0, Time elapsed: 0.055 s - in org.fluentlenium.adapter.kotest.stringspec.ExampleStringSpec
[INFO] Running org.fluentlenium.adapter.kotest.wordspec.ExampleWordSpec
[INFO] Tests run: 2, Failures: 0, Errors: 0, Skipped: 0, Time elapsed: 0.057 s - in org.fluentlenium.adapter.kotest.wordspec.ExampleWordSpec
[INFO] Running org.fluentlenium.adapter.kotest.describespec.HookSpec
[INFO] Tests run: 1, Failures: 0, Errors: 0, Skipped: 0, Time elapsed: 0.065 s - in org.fluentlenium.adapter.kotest.describespec.HookSpec
[INFO] Running org.fluentlenium.adapter.kotest.describespec.PageSpec
[INFO] Tests run: 3, Failures: 0, Errors: 0, Skipped: 0, Time elapsed: 0.136 s - in org.fluentlenium.adapter.kotest.describespec.PageSpec
[INFO] Running org.fluentlenium.adapter.kotest.describespec.ThreadWebDriverSpec
[INFO] Tests run: 2, Failures: 0, Errors: 0, Skipped: 0, Time elapsed: 0.056 s - in org.fluentlenium.adapter.kotest.describespec.ThreadWebDriverSpec
[INFO] 
[INFO] Results:
[INFO] 
[ERROR] Errors: 
[ERROR]   ConfigurationDefaultSpec.driver should be as defined  WebDriver Browser faile...
[ERROR]   ConfigurationDefaultSpec.remoteUrl via custom default class  WebDriver Browse...
[ERROR]   ConfigurationDefaultSpec.should navigate  WebDriver Browser failed to start, ...
[ERROR]   ConfigurationDefaultSpec.should take screenshot  WebDriver Browser failed to ...
[INFO] 
[ERROR] Tests run: 35, Failures: 0, Errors: 4, Skipped: 0
[INFO] 
[INFO] ------------------------------------------------------------------------
[INFO] Reactor Summary for FluentLenium 4.8.1-SNAPSHOT:
[INFO] 
[INFO] FluentLenium ....................................... SUCCESS [  0.531 s]
[INFO] FluentLenium Core .................................. SUCCESS [02:39 min]
[INFO] FluentLenium TestNG ................................ SUCCESS [  0.459 s]
[INFO] FluentLenium AssertJ ............................... SUCCESS [  5.453 s]
[INFO] FluentLenium JUnit Jupiter ......................... SUCCESS [  3.942 s]
[INFO] FluentLenium Integration Tests ..................... SUCCESS [02:54 min]
[INFO] FluentLenium JUnit ................................. SUCCESS [  3.347 s]
[INFO] FluentLenium Spring TestNG ......................... SUCCESS [  7.288 s]
[INFO] FluentLenium Cucumber .............................. SUCCESS [  1.917 s]
[INFO] FluentLenium Spock ................................. SUCCESS [  8.872 s]
[INFO] FluentLenium Kotest ................................ FAILURE [04:20 min]
[INFO] FluentLenium Kotest Assertions ..................... SKIPPED
[INFO] FluentLenium Coverage Report ....................... SKIPPED
[INFO] ------------------------------------------------------------------------
[INFO] BUILD FAILURE
[INFO] ------------------------------------------------------------------------
[INFO] Total time:  10:27 min
[INFO] Finished at: 2023-01-16T14:37:51Z
[INFO] ------------------------------------------------------------------------
[ERROR] Failed to execute goal org.apache.maven.plugins:maven-surefire-plugin:3.0.0-M5:test (default-test) on project fluentlenium-kotest: There are test failures.
[ERROR] 
[ERROR] Please refer to /home/gabsko/breaking-updates/fluentlenium-kotest/target/surefire-reports for the individual test results.
[ERROR] Please refer to dump files (if any exist) [date].dump, [date]-jvmRun[N].dump and [date].dumpstream.
[ERROR] -> [Help 1]
[ERROR] 
[ERROR] To see the full stack trace of the errors, re-run Maven with the -e switch.
[ERROR] Re-run Maven using the -X switch to enable full debug logging.
[ERROR] 
[ERROR] For more information about the errors and possible solutions, please read the following articles:
[ERROR] [Help 1] http://cwiki.apache.org/confluence/display/MAVEN/MojoFailureException
[ERROR] 
[ERROR] After correcting the problems, you can resume the build with the command
[ERROR]   mvn <args> -rf :fluentlenium-kotest
