[INFO] Scanning for projects...
[INFO] 
[INFO] ----------------< org.mybatis.caches:mybatis-memcached >----------------
[INFO] Building mybatis-memcached 1.1.1-SNAPSHOT
[INFO] --------------------------------[ jar ]---------------------------------
[INFO] 
[INFO] --- maven-clean-plugin:3.1.0:clean (default-clean) @ mybatis-memcached ---
[INFO] Deleting /home/gabsko/breaking-updates/target
[INFO] 
[INFO] --- maven-enforcer-plugin:3.0.0:enforce (enforce-java) @ mybatis-memcached ---
[INFO] 
[INFO] --- jacoco-maven-plugin:0.8.7:prepare-agent (prepare-agent) @ mybatis-memcached ---
[INFO] argLine set to -javaagent:/home/gabsko/.m2/repository/org/jacoco/org.jacoco.agent/0.8.7/org.jacoco.agent-0.8.7-runtime.jar=destfile=/home/gabsko/breaking-updates/target/jacoco.exec
[INFO] 
[INFO] --- whitespace-maven-plugin:1.0.4:trim (default) @ mybatis-memcached ---
[INFO] 
[INFO] --- formatter-maven-plugin:2.16.0:format (default) @ mybatis-memcached ---
[INFO] Using 'UTF-8' encoding to format source files.
[INFO] Formatting is skipped for types: XML
[INFO] Number of files to be formatted: 18
[INFO] Successfully formatted:          0 file(s)
[INFO] Fail to format:                  0 file(s)
[INFO] Skipped:                         18 file(s)
[INFO] Read only skipped:               0 file(s)
[INFO] Approximate time taken:          0s
[INFO] 
[INFO] --- impsort-maven-plugin:1.6.2:sort (default) @ mybatis-memcached ---
[INFO] Processed 18 files in 00:00.309 (Already Sorted: 18, Needed Sorting: 0)
[INFO] 
[INFO] --- license-maven-plugin:4.2.rc2:format (default) @ mybatis-memcached ---
[INFO] Updating license headers...
[INFO] Updating license header in: /home/gabsko/breaking-updates/pom.xml
[INFO] Updating license header in: /home/gabsko/breaking-updates/.mvn/extensions.xml
[INFO] 
[INFO] --- maven-resources-plugin:3.2.0:resources (default-resources) @ mybatis-memcached ---
[INFO] Using 'UTF-8' encoding to copy filtered resources.
[INFO] Using 'UTF-8' encoding to copy filtered properties files.
[INFO] skip non existing resourceDirectory /home/gabsko/breaking-updates/src/main/resources
[INFO] Copying 2 resources to META-INF
[INFO] 
[INFO] --- maven-compiler-plugin:3.9.0:compile (default-compile) @ mybatis-memcached ---
[INFO] Compiling 16 source files to /home/gabsko/breaking-updates/target/classes
[INFO] /home/gabsko/breaking-updates/src/main/java/org/mybatis/caches/memcached/MemcachedClientWrapper.java: Some input files use or override a deprecated API.
[INFO] /home/gabsko/breaking-updates/src/main/java/org/mybatis/caches/memcached/MemcachedClientWrapper.java: Recompile with -Xlint:deprecation for details.
[INFO] 
[INFO] --- animal-sniffer-maven-plugin:1.21:check (check-java-compat) @ mybatis-memcached ---
[INFO] Checking unresolved references to org.codehaus.mojo.signature:java18:1.0
[INFO] 
[INFO] --- maven-bundle-plugin:5.1.4:manifest (bundle-manifest) @ mybatis-memcached ---
[INFO] Writing manifest: /home/gabsko/breaking-updates/target/osgi/MANIFEST.MF
[INFO] 
[INFO] --- maven-resources-plugin:3.2.0:testResources (default-testResources) @ mybatis-memcached ---
[INFO] Using 'UTF-8' encoding to copy filtered resources.
[INFO] Using 'UTF-8' encoding to copy filtered properties files.
[INFO] skip non existing resourceDirectory /home/gabsko/breaking-updates/src/test/resources
[INFO] 
[INFO] --- maven-compiler-plugin:3.9.0:testCompile (default-testCompile) @ mybatis-memcached ---
[INFO] Compiling 2 source files to /home/gabsko/breaking-updates/target/test-classes
[INFO] 
[INFO] --- maven-surefire-plugin:3.0.0-M5:test (default-test) @ mybatis-memcached ---
[INFO] 
[INFO] -------------------------------------------------------
[INFO]  T E S T S
[INFO] -------------------------------------------------------
[INFO] Running org.mybatis.caches.memcached.MemcachedTestCase
2023-01-17 21:02:15.931 INFO net.spy.memcached.MemcachedConnection:  Setting retryQueueSize to -1
2023-01-17 21:02:15.937 INFO net.spy.memcached.MemcachedConnection:  Added {QA sa=localhost/127.0.0.1:11211, #Rops=0, #Wops=0, #iq=0, topRop=null, topWop=null, toWrite=0, interested=0} to connect queue
2023-01-17 21:02:15.941 INFO net.spy.memcached.MemcachedConnection:  Reconnecting due to failure to connect to {QA sa=localhost/127.0.0.1:11211, #Rops=0, #Wops=0, #iq=0, topRop=null, topWop=null, toWrite=0, interested=0}
java.net.ConnectException: Connection refused
	at java.base/sun.nio.ch.SocketChannelImpl.checkConnect(Native Method)
	at java.base/sun.nio.ch.SocketChannelImpl.finishConnect(SocketChannelImpl.java:777)
	at net.spy.memcached.MemcachedConnection.handleIO(MemcachedConnection.java:691)
	at net.spy.memcached.MemcachedConnection.handleIO(MemcachedConnection.java:450)
	at net.spy.memcached.MemcachedConnection.run(MemcachedConnection.java:1457)
2023-01-17 21:02:15.943 WARN net.spy.memcached.MemcachedConnection:  Closing, and reopening {QA sa=localhost/127.0.0.1:11211, #Rops=0, #Wops=0, #iq=0, topRop=null, topWop=null, toWrite=0, interested=0}, attempt 1.
2023-01-17 21:02:15.945 WARN net.spy.memcached.MemcachedConnection:  Could not redistribute to another node, retrying primary node for _mybatis_b6589fc6ab0dc82cf12099d1c2d40ab994e8410c.
2023-01-17 21:02:15.947 WARN net.spy.memcached.MemcachedConnection:  Could not redistribute to another node, retrying primary node for _mybatis_812c516200027c6d59a514c3be83675ea36daa6d.
Jan 17, 2023 9:02:18 PM org.apache.ibatis.logging.jdk14.Jdk14LoggingImpl error
SEVERE: Impossible to retrieve group '_mybatis_812c516200027c6d59a514c3be83675ea36daa6d' see nested exceptions
net.spy.memcached.OperationTimeoutException: Timeout waiting for value
	at net.spy.memcached.MemcachedClient.gets(MemcachedClient.java:1146)
	at net.spy.memcached.MemcachedClient.gets(MemcachedClient.java:1210)
	at org.mybatis.caches.memcached.MemcachedClientWrapper.retrieveWithCas(MemcachedClientWrapper.java:235)
	at org.mybatis.caches.memcached.MemcachedClientWrapper.getGroup(MemcachedClientWrapper.java:153)
	at org.mybatis.caches.memcached.MemcachedClientWrapper.putObject(MemcachedClientWrapper.java:262)
	at org.mybatis.caches.memcached.MemcachedCache.putObject(MemcachedCache.java:96)
	at org.mybatis.caches.memcached.MemcachedTestCase.shouldFlushAllItemsOnDemand(MemcachedTestCase.java:72)
	at java.base/jdk.internal.reflect.NativeMethodAccessorImpl.invoke0(Native Method)
	at java.base/jdk.internal.reflect.NativeMethodAccessorImpl.invoke(NativeMethodAccessorImpl.java:62)
	at java.base/jdk.internal.reflect.DelegatingMethodAccessorImpl.invoke(DelegatingMethodAccessorImpl.java:43)
	at java.base/java.lang.reflect.Method.invoke(Method.java:566)
	at org.junit.platform.commons.util.ReflectionUtils.invokeMethod(ReflectionUtils.java:725)
	at org.junit.jupiter.engine.execution.MethodInvocation.proceed(MethodInvocation.java:60)
	at org.junit.jupiter.engine.execution.InvocationInterceptorChain$ValidatingInvocation.proceed(InvocationInterceptorChain.java:131)
	at org.junit.jupiter.engine.extension.TimeoutExtension.intercept(TimeoutExtension.java:149)
	at org.junit.jupiter.engine.extension.TimeoutExtension.interceptTestableMethod(TimeoutExtension.java:140)
	at org.junit.jupiter.engine.extension.TimeoutExtension.interceptTestMethod(TimeoutExtension.java:84)
	at org.junit.jupiter.engine.execution.ExecutableInvoker$ReflectiveInterceptorCall.lambda$ofVoidMethod$0(ExecutableInvoker.java:115)
	at org.junit.jupiter.engine.execution.ExecutableInvoker.lambda$invoke$0(ExecutableInvoker.java:105)
	at org.junit.jupiter.engine.execution.InvocationInterceptorChain$InterceptedInvocation.proceed(InvocationInterceptorChain.java:106)
	at org.junit.jupiter.engine.execution.InvocationInterceptorChain.proceed(InvocationInterceptorChain.java:64)
	at org.junit.jupiter.engine.execution.InvocationInterceptorChain.chainAndInvoke(InvocationInterceptorChain.java:45)
	at org.junit.jupiter.engine.execution.InvocationInterceptorChain.invoke(InvocationInterceptorChain.java:37)
	at org.junit.jupiter.engine.execution.ExecutableInvoker.invoke(ExecutableInvoker.java:104)
	at org.junit.jupiter.engine.execution.ExecutableInvoker.invoke(ExecutableInvoker.java:98)
	at org.junit.jupiter.engine.descriptor.TestMethodTestDescriptor.lambda$invokeTestMethod$7(TestMethodTestDescriptor.java:214)
	at org.junit.platform.engine.support.hierarchical.ThrowableCollector.execute(ThrowableCollector.java:73)
	at org.junit.jupiter.engine.descriptor.TestMethodTestDescriptor.invokeTestMethod(TestMethodTestDescriptor.java:210)
	at org.junit.jupiter.engine.descriptor.TestMethodTestDescriptor.execute(TestMethodTestDescriptor.java:135)
	at org.junit.jupiter.engine.descriptor.TestMethodTestDescriptor.execute(TestMethodTestDescriptor.java:66)
	at org.junit.platform.engine.support.hierarchical.NodeTestTask.lambda$executeRecursively$6(NodeTestTask.java:151)
	at org.junit.platform.engine.support.hierarchical.ThrowableCollector.execute(ThrowableCollector.java:73)
	at org.junit.platform.engine.support.hierarchical.NodeTestTask.lambda$executeRecursively$8(NodeTestTask.java:141)
	at org.junit.platform.engine.support.hierarchical.Node.around(Node.java:137)
	at org.junit.platform.engine.support.hierarchical.NodeTestTask.lambda$executeRecursively$9(NodeTestTask.java:139)
	at org.junit.platform.engine.support.hierarchical.ThrowableCollector.execute(ThrowableCollector.java:73)
	at org.junit.platform.engine.support.hierarchical.NodeTestTask.executeRecursively(NodeTestTask.java:138)
	at org.junit.platform.engine.support.hierarchical.NodeTestTask.execute(NodeTestTask.java:95)
	at java.base/java.util.ArrayList.forEach(ArrayList.java:1541)
	at org.junit.platform.engine.support.hierarchical.SameThreadHierarchicalTestExecutorService.invokeAll(SameThreadHierarchicalTestExecutorService.java:41)
	at org.junit.platform.engine.support.hierarchical.NodeTestTask.lambda$executeRecursively$6(NodeTestTask.java:155)
	at org.junit.platform.engine.support.hierarchical.ThrowableCollector.execute(ThrowableCollector.java:73)
	at org.junit.platform.engine.support.hierarchical.NodeTestTask.lambda$executeRecursively$8(NodeTestTask.java:141)
	at org.junit.platform.engine.support.hierarchical.Node.around(Node.java:137)
	at org.junit.platform.engine.support.hierarchical.NodeTestTask.lambda$executeRecursively$9(NodeTestTask.java:139)
	at org.junit.platform.engine.support.hierarchical.ThrowableCollector.execute(ThrowableCollector.java:73)
	at org.junit.platform.engine.support.hierarchical.NodeTestTask.executeRecursively(NodeTestTask.java:138)
	at org.junit.platform.engine.support.hierarchical.NodeTestTask.execute(NodeTestTask.java:95)
	at java.base/java.util.ArrayList.forEach(ArrayList.java:1541)
	at org.junit.platform.engine.support.hierarchical.SameThreadHierarchicalTestExecutorService.invokeAll(SameThreadHierarchicalTestExecutorService.java:41)
	at org.junit.platform.engine.support.hierarchical.NodeTestTask.lambda$executeRecursively$6(NodeTestTask.java:155)
	at org.junit.platform.engine.support.hierarchical.ThrowableCollector.execute(ThrowableCollector.java:73)
	at org.junit.platform.engine.support.hierarchical.NodeTestTask.lambda$executeRecursively$8(NodeTestTask.java:141)
	at org.junit.platform.engine.support.hierarchical.Node.around(Node.java:137)
	at org.junit.platform.engine.support.hierarchical.NodeTestTask.lambda$executeRecursively$9(NodeTestTask.java:139)
	at org.junit.platform.engine.support.hierarchical.ThrowableCollector.execute(ThrowableCollector.java:73)
	at org.junit.platform.engine.support.hierarchical.NodeTestTask.executeRecursively(NodeTestTask.java:138)
	at org.junit.platform.engine.support.hierarchical.NodeTestTask.execute(NodeTestTask.java:95)
	at org.junit.platform.engine.support.hierarchical.SameThreadHierarchicalTestExecutorService.submit(SameThreadHierarchicalTestExecutorService.java:35)
	at org.junit.platform.engine.support.hierarchical.HierarchicalTestExecutor.execute(HierarchicalTestExecutor.java:57)
	at org.junit.platform.engine.support.hierarchical.HierarchicalTestEngine.execute(HierarchicalTestEngine.java:54)
	at org.junit.platform.launcher.core.EngineExecutionOrchestrator.execute(EngineExecutionOrchestrator.java:107)
	at org.junit.platform.launcher.core.EngineExecutionOrchestrator.execute(EngineExecutionOrchestrator.java:88)
	at org.junit.platform.launcher.core.EngineExecutionOrchestrator.lambda$execute$0(EngineExecutionOrchestrator.java:54)
	at org.junit.platform.launcher.core.EngineExecutionOrchestrator.withInterceptedStreams(EngineExecutionOrchestrator.java:67)
	at org.junit.platform.launcher.core.EngineExecutionOrchestrator.execute(EngineExecutionOrchestrator.java:52)
	at org.junit.platform.launcher.core.DefaultLauncher.execute(DefaultLauncher.java:114)
	at org.junit.platform.launcher.core.DefaultLauncher.execute(DefaultLauncher.java:86)
	at org.junit.platform.launcher.core.DefaultLauncherSession$DelegatingLauncher.execute(DefaultLauncherSession.java:86)
	at org.junit.platform.launcher.core.SessionPerRequestLauncher.execute(SessionPerRequestLauncher.java:53)
	at org.apache.maven.surefire.junitplatform.JUnitPlatformProvider.execute(JUnitPlatformProvider.java:188)
	at org.apache.maven.surefire.junitplatform.JUnitPlatformProvider.invokeAllTests(JUnitPlatformProvider.java:154)
	at org.apache.maven.surefire.junitplatform.JUnitPlatformProvider.invoke(JUnitPlatformProvider.java:128)
	at org.apache.maven.surefire.booter.ForkedBooter.runSuitesInProcess(ForkedBooter.java:428)
	at org.apache.maven.surefire.booter.ForkedBooter.execute(ForkedBooter.java:162)
	at org.apache.maven.surefire.booter.ForkedBooter.run(ForkedBooter.java:562)
	at org.apache.maven.surefire.booter.ForkedBooter.main(ForkedBooter.java:548)
Caused by: net.spy.memcached.internal.CheckedOperationTimeoutException: Timed out waiting for operation - failing node: localhost/127.0.0.1:11211
	at net.spy.memcached.internal.OperationFuture.get(OperationFuture.java:167)
	at net.spy.memcached.MemcachedClient.gets(MemcachedClient.java:1136)
	... 76 more

2023-01-17 21:02:18.485 WARN net.spy.memcached.MemcachedConnection:  Could not redistribute to another node, retrying primary node for _mybatis_812c516200027c6d59a514c3be83675ea36daa6d.
2023-01-17 21:02:19.946 INFO net.spy.memcached.MemcachedConnection:  Reconnecting {QA sa=localhost/127.0.0.1:11211, #Rops=0, #Wops=3, #iq=0, topRop=null, topWop=Cmd: set Key: _mybatis_b6589fc6ab0dc82cf12099d1c2d40ab994e8410c Flags: 512 Exp: 2592000 Data Length: 0, toWrite=0, interested=0}
2023-01-17 21:02:19.948 INFO net.spy.memcached.MemcachedConnection:  Reconnecting due to failure to connect to {QA sa=localhost/127.0.0.1:11211, #Rops=0, #Wops=3, #iq=0, topRop=null, topWop=Cmd: set Key: _mybatis_b6589fc6ab0dc82cf12099d1c2d40ab994e8410c Flags: 512 Exp: 2592000 Data Length: 0, toWrite=0, interested=0}
java.net.ConnectException: Connection refused
	at java.base/sun.nio.ch.SocketChannelImpl.checkConnect(Native Method)
	at java.base/sun.nio.ch.SocketChannelImpl.finishConnect(SocketChannelImpl.java:777)
	at net.spy.memcached.MemcachedConnection.handleIO(MemcachedConnection.java:691)
	at net.spy.memcached.MemcachedConnection.handleIO(MemcachedConnection.java:450)
	at net.spy.memcached.MemcachedConnection.run(MemcachedConnection.java:1457)
2023-01-17 21:02:19.949 WARN net.spy.memcached.MemcachedConnection:  Closing, and reopening {QA sa=localhost/127.0.0.1:11211, #Rops=0, #Wops=3, #iq=0, topRop=null, topWop=Cmd: set Key: _mybatis_b6589fc6ab0dc82cf12099d1c2d40ab994e8410c Flags: 512 Exp: 2592000 Data Length: 0, toWrite=0, interested=0}, attempt 2.
2023-01-17 21:02:21.009 WARN net.spy.memcached.MemcachedConnection:  Could not redistribute to another node, retrying primary node for _mybatis_fa8d9c0acb977c25cb63372e0fabc696fe3406bc.
2023-01-17 21:02:21.009 WARN net.spy.memcached.MemcachedConnection:  Could not redistribute to another node, retrying primary node for _mybatis_812c516200027c6d59a514c3be83675ea36daa6d.
Jan 17, 2023 9:02:23 PM org.apache.ibatis.logging.jdk14.Jdk14LoggingImpl error
SEVERE: Impossible to retrieve group '_mybatis_812c516200027c6d59a514c3be83675ea36daa6d' see nested exceptions
net.spy.memcached.OperationTimeoutException: Timeout waiting for value
	at net.spy.memcached.MemcachedClient.gets(MemcachedClient.java:1146)
	at net.spy.memcached.MemcachedClient.gets(MemcachedClient.java:1210)
	at org.mybatis.caches.memcached.MemcachedClientWrapper.retrieveWithCas(MemcachedClientWrapper.java:235)
	at org.mybatis.caches.memcached.MemcachedClientWrapper.getGroup(MemcachedClientWrapper.java:153)
	at org.mybatis.caches.memcached.MemcachedClientWrapper.putObject(MemcachedClientWrapper.java:262)
	at org.mybatis.caches.memcached.MemcachedCache.putObject(MemcachedCache.java:96)
	at org.mybatis.caches.memcached.MemcachedTestCase.shouldAcceptAKeyBiggerThan250(MemcachedTestCase.java:87)
	at java.base/jdk.internal.reflect.NativeMethodAccessorImpl.invoke0(Native Method)
	at java.base/jdk.internal.reflect.NativeMethodAccessorImpl.invoke(NativeMethodAccessorImpl.java:62)
	at java.base/jdk.internal.reflect.DelegatingMethodAccessorImpl.invoke(DelegatingMethodAccessorImpl.java:43)
	at java.base/java.lang.reflect.Method.invoke(Method.java:566)
	at org.junit.platform.commons.util.ReflectionUtils.invokeMethod(ReflectionUtils.java:725)
	at org.junit.jupiter.engine.execution.MethodInvocation.proceed(MethodInvocation.java:60)
	at org.junit.jupiter.engine.execution.InvocationInterceptorChain$ValidatingInvocation.proceed(InvocationInterceptorChain.java:131)
	at org.junit.jupiter.engine.extension.TimeoutExtension.intercept(TimeoutExtension.java:149)
	at org.junit.jupiter.engine.extension.TimeoutExtension.interceptTestableMethod(TimeoutExtension.java:140)
	at org.junit.jupiter.engine.extension.TimeoutExtension.interceptTestMethod(TimeoutExtension.java:84)
	at org.junit.jupiter.engine.execution.ExecutableInvoker$ReflectiveInterceptorCall.lambda$ofVoidMethod$0(ExecutableInvoker.java:115)
	at org.junit.jupiter.engine.execution.ExecutableInvoker.lambda$invoke$0(ExecutableInvoker.java:105)
	at org.junit.jupiter.engine.execution.InvocationInterceptorChain$InterceptedInvocation.proceed(InvocationInterceptorChain.java:106)
	at org.junit.jupiter.engine.execution.InvocationInterceptorChain.proceed(InvocationInterceptorChain.java:64)
	at org.junit.jupiter.engine.execution.InvocationInterceptorChain.chainAndInvoke(InvocationInterceptorChain.java:45)
	at org.junit.jupiter.engine.execution.InvocationInterceptorChain.invoke(InvocationInterceptorChain.java:37)
	at org.junit.jupiter.engine.execution.ExecutableInvoker.invoke(ExecutableInvoker.java:104)
	at org.junit.jupiter.engine.execution.ExecutableInvoker.invoke(ExecutableInvoker.java:98)
	at org.junit.jupiter.engine.descriptor.TestMethodTestDescriptor.lambda$invokeTestMethod$7(TestMethodTestDescriptor.java:214)
	at org.junit.platform.engine.support.hierarchical.ThrowableCollector.execute(ThrowableCollector.java:73)
	at org.junit.jupiter.engine.descriptor.TestMethodTestDescriptor.invokeTestMethod(TestMethodTestDescriptor.java:210)
	at org.junit.jupiter.engine.descriptor.TestMethodTestDescriptor.execute(TestMethodTestDescriptor.java:135)
	at org.junit.jupiter.engine.descriptor.TestMethodTestDescriptor.execute(TestMethodTestDescriptor.java:66)
	at org.junit.platform.engine.support.hierarchical.NodeTestTask.lambda$executeRecursively$6(NodeTestTask.java:151)
	at org.junit.platform.engine.support.hierarchical.ThrowableCollector.execute(ThrowableCollector.java:73)
	at org.junit.platform.engine.support.hierarchical.NodeTestTask.lambda$executeRecursively$8(NodeTestTask.java:141)
	at org.junit.platform.engine.support.hierarchical.Node.around(Node.java:137)
	at org.junit.platform.engine.support.hierarchical.NodeTestTask.lambda$executeRecursively$9(NodeTestTask.java:139)
	at org.junit.platform.engine.support.hierarchical.ThrowableCollector.execute(ThrowableCollector.java:73)
	at org.junit.platform.engine.support.hierarchical.NodeTestTask.executeRecursively(NodeTestTask.java:138)
	at org.junit.platform.engine.support.hierarchical.NodeTestTask.execute(NodeTestTask.java:95)
	at java.base/java.util.ArrayList.forEach(ArrayList.java:1541)
	at org.junit.platform.engine.support.hierarchical.SameThreadHierarchicalTestExecutorService.invokeAll(SameThreadHierarchicalTestExecutorService.java:41)
	at org.junit.platform.engine.support.hierarchical.NodeTestTask.lambda$executeRecursively$6(NodeTestTask.java:155)
	at org.junit.platform.engine.support.hierarchical.ThrowableCollector.execute(ThrowableCollector.java:73)
	at org.junit.platform.engine.support.hierarchical.NodeTestTask.lambda$executeRecursively$8(NodeTestTask.java:141)
	at org.junit.platform.engine.support.hierarchical.Node.around(Node.java:137)
	at org.junit.platform.engine.support.hierarchical.NodeTestTask.lambda$executeRecursively$9(NodeTestTask.java:139)
	at org.junit.platform.engine.support.hierarchical.ThrowableCollector.execute(ThrowableCollector.java:73)
	at org.junit.platform.engine.support.hierarchical.NodeTestTask.executeRecursively(NodeTestTask.java:138)
	at org.junit.platform.engine.support.hierarchical.NodeTestTask.execute(NodeTestTask.java:95)
	at java.base/java.util.ArrayList.forEach(ArrayList.java:1541)
	at org.junit.platform.engine.support.hierarchical.SameThreadHierarchicalTestExecutorService.invokeAll(SameThreadHierarchicalTestExecutorService.java:41)
	at org.junit.platform.engine.support.hierarchical.NodeTestTask.lambda$executeRecursively$6(NodeTestTask.java:155)
	at org.junit.platform.engine.support.hierarchical.ThrowableCollector.execute(ThrowableCollector.java:73)
	at org.junit.platform.engine.support.hierarchical.NodeTestTask.lambda$executeRecursively$8(NodeTestTask.java:141)
	at org.junit.platform.engine.support.hierarchical.Node.around(Node.java:137)
	at org.junit.platform.engine.support.hierarchical.NodeTestTask.lambda$executeRecursively$9(NodeTestTask.java:139)
	at org.junit.platform.engine.support.hierarchical.ThrowableCollector.execute(ThrowableCollector.java:73)
	at org.junit.platform.engine.support.hierarchical.NodeTestTask.executeRecursively(NodeTestTask.java:138)
	at org.junit.platform.engine.support.hierarchical.NodeTestTask.execute(NodeTestTask.java:95)
	at org.junit.platform.engine.support.hierarchical.SameThreadHierarchicalTestExecutorService.submit(SameThreadHierarchicalTestExecutorService.java:35)
	at org.junit.platform.engine.support.hierarchical.HierarchicalTestExecutor.execute(HierarchicalTestExecutor.java:57)
	at org.junit.platform.engine.support.hierarchical.HierarchicalTestEngine.execute(HierarchicalTestEngine.java:54)
	at org.junit.platform.launcher.core.EngineExecutionOrchestrator.execute(EngineExecutionOrchestrator.java:107)
	at org.junit.platform.launcher.core.EngineExecutionOrchestrator.execute(EngineExecutionOrchestrator.java:88)
	at org.junit.platform.launcher.core.EngineExecutionOrchestrator.lambda$execute$0(EngineExecutionOrchestrator.java:54)
	at org.junit.platform.launcher.core.EngineExecutionOrchestrator.withInterceptedStreams(EngineExecutionOrchestrator.java:67)
	at org.junit.platform.launcher.core.EngineExecutionOrchestrator.execute(EngineExecutionOrchestrator.java:52)
	at org.junit.platform.launcher.core.DefaultLauncher.execute(DefaultLauncher.java:114)
	at org.junit.platform.launcher.core.DefaultLauncher.execute(DefaultLauncher.java:86)
	at org.junit.platform.launcher.core.DefaultLauncherSession$DelegatingLauncher.execute(DefaultLauncherSession.java:86)
	at org.junit.platform.launcher.core.SessionPerRequestLauncher.execute(SessionPerRequestLauncher.java:53)
	at org.apache.maven.surefire.junitplatform.JUnitPlatformProvider.execute(JUnitPlatformProvider.java:188)
	at org.apache.maven.surefire.junitplatform.JUnitPlatformProvider.invokeAllTests(JUnitPlatformProvider.java:154)
	at org.apache.maven.surefire.junitplatform.JUnitPlatformProvider.invoke(JUnitPlatformProvider.java:128)
	at org.apache.maven.surefire.booter.ForkedBooter.runSuitesInProcess(ForkedBooter.java:428)
	at org.apache.maven.surefire.booter.ForkedBooter.execute(ForkedBooter.java:162)
	at org.apache.maven.surefire.booter.ForkedBooter.run(ForkedBooter.java:562)
	at org.apache.maven.surefire.booter.ForkedBooter.main(ForkedBooter.java:548)
Caused by: net.spy.memcached.internal.CheckedOperationTimeoutException: Timed out waiting for operation - failing node: localhost/127.0.0.1:11211
	at net.spy.memcached.internal.OperationFuture.get(OperationFuture.java:167)
	at net.spy.memcached.MemcachedClient.gets(MemcachedClient.java:1136)
	... 76 more

2023-01-17 21:02:23.515 WARN net.spy.memcached.MemcachedConnection:  Could not redistribute to another node, retrying primary node for _mybatis_812c516200027c6d59a514c3be83675ea36daa6d.
2023-01-17 21:02:26.022 WARN net.spy.memcached.MemcachedConnection:  Could not redistribute to another node, retrying primary node for _mybatis_b6589fc6ab0dc82cf12099d1c2d40ab994e8410c.
2023-01-17 21:02:26.023 WARN net.spy.memcached.MemcachedConnection:  Could not redistribute to another node, retrying primary node for _mybatis_812c516200027c6d59a514c3be83675ea36daa6d.
2023-01-17 21:02:27.952 INFO net.spy.memcached.MemcachedConnection:  Reconnecting {QA sa=localhost/127.0.0.1:11211, #Rops=0, #Wops=8, #iq=0, topRop=null, topWop=Cmd: set Key: _mybatis_b6589fc6ab0dc82cf12099d1c2d40ab994e8410c Flags: 512 Exp: 2592000 Data Length: 0, toWrite=0, interested=0}
2023-01-17 21:02:27.953 INFO net.spy.memcached.MemcachedConnection:  Reconnecting due to failure to connect to {QA sa=localhost/127.0.0.1:11211, #Rops=0, #Wops=8, #iq=0, topRop=null, topWop=Cmd: set Key: _mybatis_b6589fc6ab0dc82cf12099d1c2d40ab994e8410c Flags: 512 Exp: 2592000 Data Length: 0, toWrite=0, interested=0}
java.net.ConnectException: Connection refused
	at java.base/sun.nio.ch.SocketChannelImpl.checkConnect(Native Method)
	at java.base/sun.nio.ch.SocketChannelImpl.finishConnect(SocketChannelImpl.java:777)
	at net.spy.memcached.MemcachedConnection.handleIO(MemcachedConnection.java:691)
	at net.spy.memcached.MemcachedConnection.handleIO(MemcachedConnection.java:450)
	at net.spy.memcached.MemcachedConnection.run(MemcachedConnection.java:1457)
2023-01-17 21:02:27.954 WARN net.spy.memcached.MemcachedConnection:  Closing, and reopening {QA sa=localhost/127.0.0.1:11211, #Rops=0, #Wops=8, #iq=0, topRop=null, topWop=Cmd: set Key: _mybatis_b6589fc6ab0dc82cf12099d1c2d40ab994e8410c Flags: 512 Exp: 2592000 Data Length: 0, toWrite=0, interested=0}, attempt 3.
Jan 17, 2023 9:02:28 PM org.apache.ibatis.logging.jdk14.Jdk14LoggingImpl error
SEVERE: Impossible to retrieve group '_mybatis_812c516200027c6d59a514c3be83675ea36daa6d' see nested exceptions
net.spy.memcached.OperationTimeoutException: Timeout waiting for value
	at net.spy.memcached.MemcachedClient.gets(MemcachedClient.java:1146)
	at net.spy.memcached.MemcachedClient.gets(MemcachedClient.java:1210)
	at org.mybatis.caches.memcached.MemcachedClientWrapper.retrieveWithCas(MemcachedClientWrapper.java:235)
	at org.mybatis.caches.memcached.MemcachedClientWrapper.getGroup(MemcachedClientWrapper.java:153)
	at org.mybatis.caches.memcached.MemcachedClientWrapper.putObject(MemcachedClientWrapper.java:262)
	at org.mybatis.caches.memcached.MemcachedCache.putObject(MemcachedCache.java:96)
	at org.mybatis.caches.memcached.MemcachedTestCase.shouldRemoveItemOnDemand(MemcachedTestCase.java:62)
	at java.base/jdk.internal.reflect.NativeMethodAccessorImpl.invoke0(Native Method)
	at java.base/jdk.internal.reflect.NativeMethodAccessorImpl.invoke(NativeMethodAccessorImpl.java:62)
	at java.base/jdk.internal.reflect.DelegatingMethodAccessorImpl.invoke(DelegatingMethodAccessorImpl.java:43)
	at java.base/java.lang.reflect.Method.invoke(Method.java:566)
	at org.junit.platform.commons.util.ReflectionUtils.invokeMethod(ReflectionUtils.java:725)
	at org.junit.jupiter.engine.execution.MethodInvocation.proceed(MethodInvocation.java:60)
	at org.junit.jupiter.engine.execution.InvocationInterceptorChain$ValidatingInvocation.proceed(InvocationInterceptorChain.java:131)
	at org.junit.jupiter.engine.extension.TimeoutExtension.intercept(TimeoutExtension.java:149)
	at org.junit.jupiter.engine.extension.TimeoutExtension.interceptTestableMethod(TimeoutExtension.java:140)
	at org.junit.jupiter.engine.extension.TimeoutExtension.interceptTestMethod(TimeoutExtension.java:84)
	at org.junit.jupiter.engine.execution.ExecutableInvoker$ReflectiveInterceptorCall.lambda$ofVoidMethod$0(ExecutableInvoker.java:115)
	at org.junit.jupiter.engine.execution.ExecutableInvoker.lambda$invoke$0(ExecutableInvoker.java:105)
	at org.junit.jupiter.engine.execution.InvocationInterceptorChain$InterceptedInvocation.proceed(InvocationInterceptorChain.java:106)
	at org.junit.jupiter.engine.execution.InvocationInterceptorChain.proceed(InvocationInterceptorChain.java:64)
	at org.junit.jupiter.engine.execution.InvocationInterceptorChain.chainAndInvoke(InvocationInterceptorChain.java:45)
	at org.junit.jupiter.engine.execution.InvocationInterceptorChain.invoke(InvocationInterceptorChain.java:37)
	at org.junit.jupiter.engine.execution.ExecutableInvoker.invoke(ExecutableInvoker.java:104)
	at org.junit.jupiter.engine.execution.ExecutableInvoker.invoke(ExecutableInvoker.java:98)
	at org.junit.jupiter.engine.descriptor.TestMethodTestDescriptor.lambda$invokeTestMethod$7(TestMethodTestDescriptor.java:214)
	at org.junit.platform.engine.support.hierarchical.ThrowableCollector.execute(ThrowableCollector.java:73)
	at org.junit.jupiter.engine.descriptor.TestMethodTestDescriptor.invokeTestMethod(TestMethodTestDescriptor.java:210)
	at org.junit.jupiter.engine.descriptor.TestMethodTestDescriptor.execute(TestMethodTestDescriptor.java:135)
	at org.junit.jupiter.engine.descriptor.TestMethodTestDescriptor.execute(TestMethodTestDescriptor.java:66)
	at org.junit.platform.engine.support.hierarchical.NodeTestTask.lambda$executeRecursively$6(NodeTestTask.java:151)
	at org.junit.platform.engine.support.hierarchical.ThrowableCollector.execute(ThrowableCollector.java:73)
	at org.junit.platform.engine.support.hierarchical.NodeTestTask.lambda$executeRecursively$8(NodeTestTask.java:141)
	at org.junit.platform.engine.support.hierarchical.Node.around(Node.java:137)
	at org.junit.platform.engine.support.hierarchical.NodeTestTask.lambda$executeRecursively$9(NodeTestTask.java:139)
	at org.junit.platform.engine.support.hierarchical.ThrowableCollector.execute(ThrowableCollector.java:73)
	at org.junit.platform.engine.support.hierarchical.NodeTestTask.executeRecursively(NodeTestTask.java:138)
	at org.junit.platform.engine.support.hierarchical.NodeTestTask.execute(NodeTestTask.java:95)
	at java.base/java.util.ArrayList.forEach(ArrayList.java:1541)
	at org.junit.platform.engine.support.hierarchical.SameThreadHierarchicalTestExecutorService.invokeAll(SameThreadHierarchicalTestExecutorService.java:41)
	at org.junit.platform.engine.support.hierarchical.NodeTestTask.lambda$executeRecursively$6(NodeTestTask.java:155)
	at org.junit.platform.engine.support.hierarchical.ThrowableCollector.execute(ThrowableCollector.java:73)
	at org.junit.platform.engine.support.hierarchical.NodeTestTask.lambda$executeRecursively$8(NodeTestTask.java:141)
	at org.junit.platform.engine.support.hierarchical.Node.around(Node.java:137)
	at org.junit.platform.engine.support.hierarchical.NodeTestTask.lambda$executeRecursively$9(NodeTestTask.java:139)
	at org.junit.platform.engine.support.hierarchical.ThrowableCollector.execute(ThrowableCollector.java:73)
	at org.junit.platform.engine.support.hierarchical.NodeTestTask.executeRecursively(NodeTestTask.java:138)
	at org.junit.platform.engine.support.hierarchical.NodeTestTask.execute(NodeTestTask.java:95)
	at java.base/java.util.ArrayList.forEach(ArrayList.java:1541)
	at org.junit.platform.engine.support.hierarchical.SameThreadHierarchicalTestExecutorService.invokeAll(SameThreadHierarchicalTestExecutorService.java:41)
	at org.junit.platform.engine.support.hierarchical.NodeTestTask.lambda$executeRecursively$6(NodeTestTask.java:155)
	at org.junit.platform.engine.support.hierarchical.ThrowableCollector.execute(ThrowableCollector.java:73)
	at org.junit.platform.engine.support.hierarchical.NodeTestTask.lambda$executeRecursively$8(NodeTestTask.java:141)
	at org.junit.platform.engine.support.hierarchical.Node.around(Node.java:137)
	at org.junit.platform.engine.support.hierarchical.NodeTestTask.lambda$executeRecursively$9(NodeTestTask.java:139)
	at org.junit.platform.engine.support.hierarchical.ThrowableCollector.execute(ThrowableCollector.java:73)
	at org.junit.platform.engine.support.hierarchical.NodeTestTask.executeRecursively(NodeTestTask.java:138)
	at org.junit.platform.engine.support.hierarchical.NodeTestTask.execute(NodeTestTask.java:95)
	at org.junit.platform.engine.support.hierarchical.SameThreadHierarchicalTestExecutorService.submit(SameThreadHierarchicalTestExecutorService.java:35)
	at org.junit.platform.engine.support.hierarchical.HierarchicalTestExecutor.execute(HierarchicalTestExecutor.java:57)
	at org.junit.platform.engine.support.hierarchical.HierarchicalTestEngine.execute(HierarchicalTestEngine.java:54)
	at org.junit.platform.launcher.core.EngineExecutionOrchestrator.execute(EngineExecutionOrchestrator.java:107)
	at org.junit.platform.launcher.core.EngineExecutionOrchestrator.execute(EngineExecutionOrchestrator.java:88)
	at org.junit.platform.launcher.core.EngineExecutionOrchestrator.lambda$execute$0(EngineExecutionOrchestrator.java:54)
	at org.junit.platform.launcher.core.EngineExecutionOrchestrator.withInterceptedStreams(EngineExecutionOrchestrator.java:67)
	at org.junit.platform.launcher.core.EngineExecutionOrchestrator.execute(EngineExecutionOrchestrator.java:52)
	at org.junit.platform.launcher.core.DefaultLauncher.execute(DefaultLauncher.java:114)
	at org.junit.platform.launcher.core.DefaultLauncher.execute(DefaultLauncher.java:86)
	at org.junit.platform.launcher.core.DefaultLauncherSession$DelegatingLauncher.execute(DefaultLauncherSession.java:86)
	at org.junit.platform.launcher.core.SessionPerRequestLauncher.execute(SessionPerRequestLauncher.java:53)
	at org.apache.maven.surefire.junitplatform.JUnitPlatformProvider.execute(JUnitPlatformProvider.java:188)
	at org.apache.maven.surefire.junitplatform.JUnitPlatformProvider.invokeAllTests(JUnitPlatformProvider.java:154)
	at org.apache.maven.surefire.junitplatform.JUnitPlatformProvider.invoke(JUnitPlatformProvider.java:128)
	at org.apache.maven.surefire.booter.ForkedBooter.runSuitesInProcess(ForkedBooter.java:428)
	at org.apache.maven.surefire.booter.ForkedBooter.execute(ForkedBooter.java:162)
	at org.apache.maven.surefire.booter.ForkedBooter.run(ForkedBooter.java:562)
	at org.apache.maven.surefire.booter.ForkedBooter.main(ForkedBooter.java:548)
Caused by: net.spy.memcached.internal.CheckedOperationTimeoutException: Timed out waiting for operation - failing node: localhost/127.0.0.1:11211
	at net.spy.memcached.internal.OperationFuture.get(OperationFuture.java:167)
	at net.spy.memcached.MemcachedClient.gets(MemcachedClient.java:1136)
	... 76 more

2023-01-17 21:02:28.528 WARN net.spy.memcached.MemcachedConnection:  Could not redistribute to another node, retrying primary node for _mybatis_812c516200027c6d59a514c3be83675ea36daa6d.
2023-01-17 21:02:31.035 WARN net.spy.memcached.MemcachedConnection:  Could not redistribute to another node, retrying primary node for _mybatis_b6589fc6ab0dc82cf12099d1c2d40ab994e8410c.
2023-01-17 21:02:31.036 WARN net.spy.memcached.MemcachedConnection:  Could not redistribute to another node, retrying primary node for _mybatis_812c516200027c6d59a514c3be83675ea36daa6d.
Jan 17, 2023 9:02:33 PM org.apache.ibatis.logging.jdk14.Jdk14LoggingImpl error
SEVERE: Impossible to retrieve group '_mybatis_812c516200027c6d59a514c3be83675ea36daa6d' see nested exceptions
net.spy.memcached.OperationTimeoutException: Timeout waiting for value
	at net.spy.memcached.MemcachedClient.gets(MemcachedClient.java:1146)
	at net.spy.memcached.MemcachedClient.gets(MemcachedClient.java:1210)
	at org.mybatis.caches.memcached.MemcachedClientWrapper.retrieveWithCas(MemcachedClientWrapper.java:235)
	at org.mybatis.caches.memcached.MemcachedClientWrapper.getGroup(MemcachedClientWrapper.java:153)
	at org.mybatis.caches.memcached.MemcachedClientWrapper.putObject(MemcachedClientWrapper.java:262)
	at org.mybatis.caches.memcached.MemcachedCache.putObject(MemcachedCache.java:96)
	at org.mybatis.caches.memcached.MemcachedTestCase.shouldDemonstrateCopiesAreEqual(MemcachedTestCase.java:55)
	at java.base/jdk.internal.reflect.NativeMethodAccessorImpl.invoke0(Native Method)
	at java.base/jdk.internal.reflect.NativeMethodAccessorImpl.invoke(NativeMethodAccessorImpl.java:62)
	at java.base/jdk.internal.reflect.DelegatingMethodAccessorImpl.invoke(DelegatingMethodAccessorImpl.java:43)
	at java.base/java.lang.reflect.Method.invoke(Method.java:566)
	at org.junit.platform.commons.util.ReflectionUtils.invokeMethod(ReflectionUtils.java:725)
	at org.junit.jupiter.engine.execution.MethodInvocation.proceed(MethodInvocation.java:60)
	at org.junit.jupiter.engine.execution.InvocationInterceptorChain$ValidatingInvocation.proceed(InvocationInterceptorChain.java:131)
	at org.junit.jupiter.engine.extension.TimeoutExtension.intercept(TimeoutExtension.java:149)
	at org.junit.jupiter.engine.extension.TimeoutExtension.interceptTestableMethod(TimeoutExtension.java:140)
	at org.junit.jupiter.engine.extension.TimeoutExtension.interceptTestMethod(TimeoutExtension.java:84)
	at org.junit.jupiter.engine.execution.ExecutableInvoker$ReflectiveInterceptorCall.lambda$ofVoidMethod$0(ExecutableInvoker.java:115)
	at org.junit.jupiter.engine.execution.ExecutableInvoker.lambda$invoke$0(ExecutableInvoker.java:105)
	at org.junit.jupiter.engine.execution.InvocationInterceptorChain$InterceptedInvocation.proceed(InvocationInterceptorChain.java:106)
	at org.junit.jupiter.engine.execution.InvocationInterceptorChain.proceed(InvocationInterceptorChain.java:64)
	at org.junit.jupiter.engine.execution.InvocationInterceptorChain.chainAndInvoke(InvocationInterceptorChain.java:45)
	at org.junit.jupiter.engine.execution.InvocationInterceptorChain.invoke(InvocationInterceptorChain.java:37)
	at org.junit.jupiter.engine.execution.ExecutableInvoker.invoke(ExecutableInvoker.java:104)
	at org.junit.jupiter.engine.execution.ExecutableInvoker.invoke(ExecutableInvoker.java:98)
	at org.junit.jupiter.engine.descriptor.TestMethodTestDescriptor.lambda$invokeTestMethod$7(TestMethodTestDescriptor.java:214)
	at org.junit.platform.engine.support.hierarchical.ThrowableCollector.execute(ThrowableCollector.java:73)
	at org.junit.jupiter.engine.descriptor.TestMethodTestDescriptor.invokeTestMethod(TestMethodTestDescriptor.java:210)
	at org.junit.jupiter.engine.descriptor.TestMethodTestDescriptor.execute(TestMethodTestDescriptor.java:135)
	at org.junit.jupiter.engine.descriptor.TestMethodTestDescriptor.execute(TestMethodTestDescriptor.java:66)
	at org.junit.platform.engine.support.hierarchical.NodeTestTask.lambda$executeRecursively$6(NodeTestTask.java:151)
	at org.junit.platform.engine.support.hierarchical.ThrowableCollector.execute(ThrowableCollector.java:73)
	at org.junit.platform.engine.support.hierarchical.NodeTestTask.lambda$executeRecursively$8(NodeTestTask.java:141)
	at org.junit.platform.engine.support.hierarchical.Node.around(Node.java:137)
	at org.junit.platform.engine.support.hierarchical.NodeTestTask.lambda$executeRecursively$9(NodeTestTask.java:139)
	at org.junit.platform.engine.support.hierarchical.ThrowableCollector.execute(ThrowableCollector.java:73)
	at org.junit.platform.engine.support.hierarchical.NodeTestTask.executeRecursively(NodeTestTask.java:138)
	at org.junit.platform.engine.support.hierarchical.NodeTestTask.execute(NodeTestTask.java:95)
	at java.base/java.util.ArrayList.forEach(ArrayList.java:1541)
	at org.junit.platform.engine.support.hierarchical.SameThreadHierarchicalTestExecutorService.invokeAll(SameThreadHierarchicalTestExecutorService.java:41)
	at org.junit.platform.engine.support.hierarchical.NodeTestTask.lambda$executeRecursively$6(NodeTestTask.java:155)
	at org.junit.platform.engine.support.hierarchical.ThrowableCollector.execute(ThrowableCollector.java:73)
	at org.junit.platform.engine.support.hierarchical.NodeTestTask.lambda$executeRecursively$8(NodeTestTask.java:141)
	at org.junit.platform.engine.support.hierarchical.Node.around(Node.java:137)
	at org.junit.platform.engine.support.hierarchical.NodeTestTask.lambda$executeRecursively$9(NodeTestTask.java:139)
	at org.junit.platform.engine.support.hierarchical.ThrowableCollector.execute(ThrowableCollector.java:73)
	at org.junit.platform.engine.support.hierarchical.NodeTestTask.executeRecursively(NodeTestTask.java:138)
	at org.junit.platform.engine.support.hierarchical.NodeTestTask.execute(NodeTestTask.java:95)
	at java.base/java.util.ArrayList.forEach(ArrayList.java:1541)
	at org.junit.platform.engine.support.hierarchical.SameThreadHierarchicalTestExecutorService.invokeAll(SameThreadHierarchicalTestExecutorService.java:41)
	at org.junit.platform.engine.support.hierarchical.NodeTestTask.lambda$executeRecursively$6(NodeTestTask.java:155)
	at org.junit.platform.engine.support.hierarchical.ThrowableCollector.execute(ThrowableCollector.java:73)
	at org.junit.platform.engine.support.hierarchical.NodeTestTask.lambda$executeRecursively$8(NodeTestTask.java:141)
	at org.junit.platform.engine.support.hierarchical.Node.around(Node.java:137)
	at org.junit.platform.engine.support.hierarchical.NodeTestTask.lambda$executeRecursively$9(NodeTestTask.java:139)
	at org.junit.platform.engine.support.hierarchical.ThrowableCollector.execute(ThrowableCollector.java:73)
	at org.junit.platform.engine.support.hierarchical.NodeTestTask.executeRecursively(NodeTestTask.java:138)
	at org.junit.platform.engine.support.hierarchical.NodeTestTask.execute(NodeTestTask.java:95)
	at org.junit.platform.engine.support.hierarchical.SameThreadHierarchicalTestExecutorService.submit(SameThreadHierarchicalTestExecutorService.java:35)
	at org.junit.platform.engine.support.hierarchical.HierarchicalTestExecutor.execute(HierarchicalTestExecutor.java:57)
	at org.junit.platform.engine.support.hierarchical.HierarchicalTestEngine.execute(HierarchicalTestEngine.java:54)
	at org.junit.platform.launcher.core.EngineExecutionOrchestrator.execute(EngineExecutionOrchestrator.java:107)
	at org.junit.platform.launcher.core.EngineExecutionOrchestrator.execute(EngineExecutionOrchestrator.java:88)
	at org.junit.platform.launcher.core.EngineExecutionOrchestrator.lambda$execute$0(EngineExecutionOrchestrator.java:54)
	at org.junit.platform.launcher.core.EngineExecutionOrchestrator.withInterceptedStreams(EngineExecutionOrchestrator.java:67)
	at org.junit.platform.launcher.core.EngineExecutionOrchestrator.execute(EngineExecutionOrchestrator.java:52)
	at org.junit.platform.launcher.core.DefaultLauncher.execute(DefaultLauncher.java:114)
	at org.junit.platform.launcher.core.DefaultLauncher.execute(DefaultLauncher.java:86)
	at org.junit.platform.launcher.core.DefaultLauncherSession$DelegatingLauncher.execute(DefaultLauncherSession.java:86)
	at org.junit.platform.launcher.core.SessionPerRequestLauncher.execute(SessionPerRequestLauncher.java:53)
	at org.apache.maven.surefire.junitplatform.JUnitPlatformProvider.execute(JUnitPlatformProvider.java:188)
	at org.apache.maven.surefire.junitplatform.JUnitPlatformProvider.invokeAllTests(JUnitPlatformProvider.java:154)
	at org.apache.maven.surefire.junitplatform.JUnitPlatformProvider.invoke(JUnitPlatformProvider.java:128)
	at org.apache.maven.surefire.booter.ForkedBooter.runSuitesInProcess(ForkedBooter.java:428)
	at org.apache.maven.surefire.booter.ForkedBooter.execute(ForkedBooter.java:162)
	at org.apache.maven.surefire.booter.ForkedBooter.run(ForkedBooter.java:562)
	at org.apache.maven.surefire.booter.ForkedBooter.main(ForkedBooter.java:548)
Caused by: net.spy.memcached.internal.CheckedOperationTimeoutException: Timed out waiting for operation - failing node: localhost/127.0.0.1:11211
	at net.spy.memcached.internal.OperationFuture.get(OperationFuture.java:167)
	at net.spy.memcached.MemcachedClient.gets(MemcachedClient.java:1136)
	... 76 more

2023-01-17 21:02:33.542 WARN net.spy.memcached.MemcachedConnection:  Could not redistribute to another node, retrying primary node for _mybatis_812c516200027c6d59a514c3be83675ea36daa6d.
2023-01-17 21:02:36.048 WARN net.spy.memcached.MemcachedConnection:  Could not redistribute to another node, retrying primary node for _mybatis_e26041a87cdf0947ac000d408e2c9857d82c31a1.
Jan 17, 2023 9:02:38 PM org.apache.ibatis.logging.jdk14.Jdk14LoggingImpl error
SEVERE: Impossible to retrieve group '_mybatis_e26041a87cdf0947ac000d408e2c9857d82c31a1' see nested exceptions
net.spy.memcached.OperationTimeoutException: Timeout waiting for value
	at net.spy.memcached.MemcachedClient.gets(MemcachedClient.java:1146)
	at net.spy.memcached.MemcachedClient.gets(MemcachedClient.java:1210)
	at org.mybatis.caches.memcached.MemcachedClientWrapper.retrieveWithCas(MemcachedClientWrapper.java:235)
	at org.mybatis.caches.memcached.MemcachedClientWrapper.getGroup(MemcachedClientWrapper.java:153)
	at org.mybatis.caches.memcached.MemcachedClientWrapper.removeGroup(MemcachedClientWrapper.java:389)
	at org.mybatis.caches.memcached.MemcachedCache.clear(MemcachedCache.java:56)
	at org.mybatis.caches.memcached.MemcachedTestCase.groupShouldContainAllKeys(MemcachedTestCase.java:102)
	at java.base/jdk.internal.reflect.NativeMethodAccessorImpl.invoke0(Native Method)
	at java.base/jdk.internal.reflect.NativeMethodAccessorImpl.invoke(NativeMethodAccessorImpl.java:62)
	at java.base/jdk.internal.reflect.DelegatingMethodAccessorImpl.invoke(DelegatingMethodAccessorImpl.java:43)
	at java.base/java.lang.reflect.Method.invoke(Method.java:566)
	at org.junit.platform.commons.util.ReflectionUtils.invokeMethod(ReflectionUtils.java:725)
	at org.junit.jupiter.engine.execution.MethodInvocation.proceed(MethodInvocation.java:60)
	at org.junit.jupiter.engine.execution.InvocationInterceptorChain$ValidatingInvocation.proceed(InvocationInterceptorChain.java:131)
	at org.junit.jupiter.engine.extension.TimeoutExtension.intercept(TimeoutExtension.java:149)
	at org.junit.jupiter.engine.extension.TimeoutExtension.interceptTestableMethod(TimeoutExtension.java:140)
	at org.junit.jupiter.engine.extension.TimeoutExtension.interceptTestMethod(TimeoutExtension.java:84)
	at org.junit.jupiter.engine.execution.ExecutableInvoker$ReflectiveInterceptorCall.lambda$ofVoidMethod$0(ExecutableInvoker.java:115)
	at org.junit.jupiter.engine.execution.ExecutableInvoker.lambda$invoke$0(ExecutableInvoker.java:105)
	at org.junit.jupiter.engine.execution.InvocationInterceptorChain$InterceptedInvocation.proceed(InvocationInterceptorChain.java:106)
	at org.junit.jupiter.engine.execution.InvocationInterceptorChain.proceed(InvocationInterceptorChain.java:64)
	at org.junit.jupiter.engine.execution.InvocationInterceptorChain.chainAndInvoke(InvocationInterceptorChain.java:45)
	at org.junit.jupiter.engine.execution.InvocationInterceptorChain.invoke(InvocationInterceptorChain.java:37)
	at org.junit.jupiter.engine.execution.ExecutableInvoker.invoke(ExecutableInvoker.java:104)
	at org.junit.jupiter.engine.execution.ExecutableInvoker.invoke(ExecutableInvoker.java:98)
	at org.junit.jupiter.engine.descriptor.TestMethodTestDescriptor.lambda$invokeTestMethod$7(TestMethodTestDescriptor.java:214)
	at org.junit.platform.engine.support.hierarchical.ThrowableCollector.execute(ThrowableCollector.java:73)
	at org.junit.jupiter.engine.descriptor.TestMethodTestDescriptor.invokeTestMethod(TestMethodTestDescriptor.java:210)
	at org.junit.jupiter.engine.descriptor.TestMethodTestDescriptor.execute(TestMethodTestDescriptor.java:135)
	at org.junit.jupiter.engine.descriptor.TestMethodTestDescriptor.execute(TestMethodTestDescriptor.java:66)
	at org.junit.platform.engine.support.hierarchical.NodeTestTask.lambda$executeRecursively$6(NodeTestTask.java:151)
	at org.junit.platform.engine.support.hierarchical.ThrowableCollector.execute(ThrowableCollector.java:73)
	at org.junit.platform.engine.support.hierarchical.NodeTestTask.lambda$executeRecursively$8(NodeTestTask.java:141)
	at org.junit.platform.engine.support.hierarchical.Node.around(Node.java:137)
	at org.junit.platform.engine.support.hierarchical.NodeTestTask.lambda$executeRecursively$9(NodeTestTask.java:139)
	at org.junit.platform.engine.support.hierarchical.ThrowableCollector.execute(ThrowableCollector.java:73)
	at org.junit.platform.engine.support.hierarchical.NodeTestTask.executeRecursively(NodeTestTask.java:138)
	at org.junit.platform.engine.support.hierarchical.NodeTestTask.execute(NodeTestTask.java:95)
	at java.base/java.util.ArrayList.forEach(ArrayList.java:1541)
	at org.junit.platform.engine.support.hierarchical.SameThreadHierarchicalTestExecutorService.invokeAll(SameThreadHierarchicalTestExecutorService.java:41)
	at org.junit.platform.engine.support.hierarchical.NodeTestTask.lambda$executeRecursively$6(NodeTestTask.java:155)
	at org.junit.platform.engine.support.hierarchical.ThrowableCollector.execute(ThrowableCollector.java:73)
	at org.junit.platform.engine.support.hierarchical.NodeTestTask.lambda$executeRecursively$8(NodeTestTask.java:141)
	at org.junit.platform.engine.support.hierarchical.Node.around(Node.java:137)
	at org.junit.platform.engine.support.hierarchical.NodeTestTask.lambda$executeRecursively$9(NodeTestTask.java:139)
	at org.junit.platform.engine.support.hierarchical.ThrowableCollector.execute(ThrowableCollector.java:73)
	at org.junit.platform.engine.support.hierarchical.NodeTestTask.executeRecursively(NodeTestTask.java:138)
	at org.junit.platform.engine.support.hierarchical.NodeTestTask.execute(NodeTestTask.java:95)
	at java.base/java.util.ArrayList.forEach(ArrayList.java:1541)
	at org.junit.platform.engine.support.hierarchical.SameThreadHierarchicalTestExecutorService.invokeAll(SameThreadHierarchicalTestExecutorService.java:41)
	at org.junit.platform.engine.support.hierarchical.NodeTestTask.lambda$executeRecursively$6(NodeTestTask.java:155)
	at org.junit.platform.engine.support.hierarchical.ThrowableCollector.execute(ThrowableCollector.java:73)
	at org.junit.platform.engine.support.hierarchical.NodeTestTask.lambda$executeRecursively$8(NodeTestTask.java:141)
	at org.junit.platform.engine.support.hierarchical.Node.around(Node.java:137)
	at org.junit.platform.engine.support.hierarchical.NodeTestTask.lambda$executeRecursively$9(NodeTestTask.java:139)
	at org.junit.platform.engine.support.hierarchical.ThrowableCollector.execute(ThrowableCollector.java:73)
	at org.junit.platform.engine.support.hierarchical.NodeTestTask.executeRecursively(NodeTestTask.java:138)
	at org.junit.platform.engine.support.hierarchical.NodeTestTask.execute(NodeTestTask.java:95)
	at org.junit.platform.engine.support.hierarchical.SameThreadHierarchicalTestExecutorService.submit(SameThreadHierarchicalTestExecutorService.java:35)
	at org.junit.platform.engine.support.hierarchical.HierarchicalTestExecutor.execute(HierarchicalTestExecutor.java:57)
	at org.junit.platform.engine.support.hierarchical.HierarchicalTestEngine.execute(HierarchicalTestEngine.java:54)
	at org.junit.platform.launcher.core.EngineExecutionOrchestrator.execute(EngineExecutionOrchestrator.java:107)
	at org.junit.platform.launcher.core.EngineExecutionOrchestrator.execute(EngineExecutionOrchestrator.java:88)
	at org.junit.platform.launcher.core.EngineExecutionOrchestrator.lambda$execute$0(EngineExecutionOrchestrator.java:54)
	at org.junit.platform.launcher.core.EngineExecutionOrchestrator.withInterceptedStreams(EngineExecutionOrchestrator.java:67)
	at org.junit.platform.launcher.core.EngineExecutionOrchestrator.execute(EngineExecutionOrchestrator.java:52)
	at org.junit.platform.launcher.core.DefaultLauncher.execute(DefaultLauncher.java:114)
	at org.junit.platform.launcher.core.DefaultLauncher.execute(DefaultLauncher.java:86)
	at org.junit.platform.launcher.core.DefaultLauncherSession$DelegatingLauncher.execute(DefaultLauncherSession.java:86)
	at org.junit.platform.launcher.core.SessionPerRequestLauncher.execute(SessionPerRequestLauncher.java:53)
	at org.apache.maven.surefire.junitplatform.JUnitPlatformProvider.execute(JUnitPlatformProvider.java:188)
	at org.apache.maven.surefire.junitplatform.JUnitPlatformProvider.invokeAllTests(JUnitPlatformProvider.java:154)
	at org.apache.maven.surefire.junitplatform.JUnitPlatformProvider.invoke(JUnitPlatformProvider.java:128)
	at org.apache.maven.surefire.booter.ForkedBooter.runSuitesInProcess(ForkedBooter.java:428)
	at org.apache.maven.surefire.booter.ForkedBooter.execute(ForkedBooter.java:162)
	at org.apache.maven.surefire.booter.ForkedBooter.run(ForkedBooter.java:562)
	at org.apache.maven.surefire.booter.ForkedBooter.main(ForkedBooter.java:548)
Caused by: net.spy.memcached.internal.CheckedOperationTimeoutException: Timed out waiting for operation - failing node: localhost/127.0.0.1:11211
	at net.spy.memcached.internal.OperationFuture.get(OperationFuture.java:167)
	at net.spy.memcached.MemcachedClient.gets(MemcachedClient.java:1136)
	... 76 more

2023-01-17 21:02:38.557 WARN net.spy.memcached.MemcachedConnection:  Could not redistribute to another node, retrying primary node for _mybatis_d661feb1387ecafd0624c8d9ce39c7e295838365.
2023-01-17 21:02:38.557 WARN net.spy.memcached.MemcachedConnection:  Could not redistribute to another node, retrying primary node for _mybatis_385d01fe768794787aa8f515c056d7fc065a5671.
2023-01-17 21:02:38.558 WARN net.spy.memcached.MemcachedConnection:  Could not redistribute to another node, retrying primary node for _mybatis_e26041a87cdf0947ac000d408e2c9857d82c31a1.
2023-01-17 21:02:38.559 WARN net.spy.memcached.MemcachedConnection:  Could not redistribute to another node, retrying primary node for _mybatis_e26041a87cdf0947ac000d408e2c9857d82c31a1.
2023-01-17 21:02:38.564 WARN net.spy.memcached.MemcachedConnection:  Could not redistribute to another node, retrying primary node for _mybatis_5eab0e32e65f2833928572f319e9807217d00742.
2023-01-17 21:02:38.564 WARN net.spy.memcached.MemcachedConnection:  Could not redistribute to another node, retrying primary node for _mybatis_26e1edea3a02053f6613235363f23186ac21064f.
2023-01-17 21:02:38.566 WARN net.spy.memcached.MemcachedConnection:  Could not redistribute to another node, retrying primary node for _mybatis_a51c443ef6e11197801623cc2694ff2c336b214e.
2023-01-17 21:02:38.566 WARN net.spy.memcached.MemcachedConnection:  Could not redistribute to another node, retrying primary node for _mybatis_76f939cd0eadeff56348288d8b6b437607a64266.
2023-01-17 21:02:38.566 WARN net.spy.memcached.MemcachedConnection:  Could not redistribute to another node, retrying primary node for _mybatis_622a7c250019cea4dceb19af2666868c626abf4b.
2023-01-17 21:02:38.567 WARN net.spy.memcached.MemcachedConnection:  Could not redistribute to another node, retrying primary node for _mybatis_fd1d24afe40bdfb63d502fad3f01f5a54c90e936.
2023-01-17 21:02:38.568 WARN net.spy.memcached.MemcachedConnection:  Could not redistribute to another node, retrying primary node for _mybatis_113752f6c620597b1fb714cb59e68a0ac5179cc6.
2023-01-17 21:02:38.568 WARN net.spy.memcached.MemcachedConnection:  Could not redistribute to another node, retrying primary node for _mybatis_db771b0c46496279bb9fc6dad97a26fd03098852.
2023-01-17 21:02:38.569 WARN net.spy.memcached.MemcachedConnection:  Could not redistribute to another node, retrying primary node for _mybatis_e26041a87cdf0947ac000d408e2c9857d82c31a1.
2023-01-17 21:02:38.569 WARN net.spy.memcached.MemcachedConnection:  Could not redistribute to another node, retrying primary node for _mybatis_e26041a87cdf0947ac000d408e2c9857d82c31a1.
2023-01-17 21:02:38.570 WARN net.spy.memcached.MemcachedConnection:  Could not redistribute to another node, retrying primary node for _mybatis_e26041a87cdf0947ac000d408e2c9857d82c31a1.
2023-01-17 21:02:38.570 WARN net.spy.memcached.MemcachedConnection:  Could not redistribute to another node, retrying primary node for _mybatis_e26041a87cdf0947ac000d408e2c9857d82c31a1.
2023-01-17 21:02:38.571 WARN net.spy.memcached.MemcachedConnection:  Could not redistribute to another node, retrying primary node for _mybatis_e26041a87cdf0947ac000d408e2c9857d82c31a1.
2023-01-17 21:02:38.571 WARN net.spy.memcached.MemcachedConnection:  Could not redistribute to another node, retrying primary node for _mybatis_e26041a87cdf0947ac000d408e2c9857d82c31a1.
2023-01-17 21:02:38.572 WARN net.spy.memcached.MemcachedConnection:  Could not redistribute to another node, retrying primary node for _mybatis_bc9cd97ce6b8da256dba909352c8ccb6abae8d6e.
2023-01-17 21:02:38.572 WARN net.spy.memcached.MemcachedConnection:  Could not redistribute to another node, retrying primary node for _mybatis_698903f13d351ea21a886af5c0615570c8d3b25c.
2023-01-17 21:02:38.573 WARN net.spy.memcached.MemcachedConnection:  Could not redistribute to another node, retrying primary node for _mybatis_5fd15cc31999725dab89b6a64a996985135caac9.
2023-01-17 21:02:38.573 WARN net.spy.memcached.MemcachedConnection:  Could not redistribute to another node, retrying primary node for _mybatis_acaa87c493927a8e0b8cbba7af890a7e43331a15.
2023-01-17 21:02:38.574 WARN net.spy.memcached.MemcachedConnection:  Could not redistribute to another node, retrying primary node for _mybatis_07e93a7030155c27412d32643e50fb997fb7b7d9.
2023-01-17 21:02:38.574 WARN net.spy.memcached.MemcachedConnection:  Could not redistribute to another node, retrying primary node for _mybatis_e26041a87cdf0947ac000d408e2c9857d82c31a1.
2023-01-17 21:02:38.575 WARN net.spy.memcached.MemcachedConnection:  Could not redistribute to another node, retrying primary node for _mybatis_b53a932fce46e425af23edf13fe1637bc59dfebc.
2023-01-17 21:02:38.576 WARN net.spy.memcached.MemcachedConnection:  Could not redistribute to another node, retrying primary node for _mybatis_5948d988cd0a3af52f91dcb58053b9125efcc404.
2023-01-17 21:02:38.576 WARN net.spy.memcached.MemcachedConnection:  Could not redistribute to another node, retrying primary node for _mybatis_40868b4169f96436d9f32fd064f77061dd941287.
2023-01-17 21:02:38.577 WARN net.spy.memcached.MemcachedConnection:  Could not redistribute to another node, retrying primary node for _mybatis_f33d1dd405ac6ec072631137ae791e6ffc86fe40.
2023-01-17 21:02:38.577 WARN net.spy.memcached.MemcachedConnection:  Could not redistribute to another node, retrying primary node for _mybatis_e26041a87cdf0947ac000d408e2c9857d82c31a1.
2023-01-17 21:02:38.578 WARN net.spy.memcached.MemcachedConnection:  Could not redistribute to another node, retrying primary node for _mybatis_6f0eae3fe3ebea4bb9282833ec7837b4e2f24c2a.
2023-01-17 21:02:38.578 WARN net.spy.memcached.MemcachedConnection:  Could not redistribute to another node, retrying primary node for _mybatis_e26041a87cdf0947ac000d408e2c9857d82c31a1.
2023-01-17 21:02:38.579 WARN net.spy.memcached.MemcachedConnection:  Could not redistribute to another node, retrying primary node for _mybatis_e26041a87cdf0947ac000d408e2c9857d82c31a1.
2023-01-17 21:02:38.579 WARN net.spy.memcached.MemcachedConnection:  Could not redistribute to another node, retrying primary node for _mybatis_e26041a87cdf0947ac000d408e2c9857d82c31a1.
2023-01-17 21:02:38.580 WARN net.spy.memcached.MemcachedConnection:  Could not redistribute to another node, retrying primary node for _mybatis_e26041a87cdf0947ac000d408e2c9857d82c31a1.
2023-01-17 21:02:38.580 WARN net.spy.memcached.MemcachedConnection:  Could not redistribute to another node, retrying primary node for _mybatis_e26041a87cdf0947ac000d408e2c9857d82c31a1.
2023-01-17 21:02:38.580 WARN net.spy.memcached.MemcachedConnection:  Could not redistribute to another node, retrying primary node for _mybatis_e26041a87cdf0947ac000d408e2c9857d82c31a1.
2023-01-17 21:02:38.582 WARN net.spy.memcached.MemcachedConnection:  Could not redistribute to another node, retrying primary node for _mybatis_e26041a87cdf0947ac000d408e2c9857d82c31a1.
2023-01-17 21:02:38.582 WARN net.spy.memcached.MemcachedConnection:  Could not redistribute to another node, retrying primary node for _mybatis_e26041a87cdf0947ac000d408e2c9857d82c31a1.
2023-01-17 21:02:38.582 WARN net.spy.memcached.MemcachedConnection:  Could not redistribute to another node, retrying primary node for _mybatis_e26041a87cdf0947ac000d408e2c9857d82c31a1.
2023-01-17 21:02:38.583 WARN net.spy.memcached.MemcachedConnection:  Could not redistribute to another node, retrying primary node for _mybatis_e26041a87cdf0947ac000d408e2c9857d82c31a1.
Jan 17, 2023 9:02:41 PM org.apache.ibatis.logging.jdk14.Jdk14LoggingImpl error
SEVERE: Impossible to retrieve group '_mybatis_e26041a87cdf0947ac000d408e2c9857d82c31a1' see nested exceptions
net.spy.memcached.OperationTimeoutException: Timeout waiting for value
	at net.spy.memcached.MemcachedClient.gets(MemcachedClient.java:1146)
	at net.spy.memcached.MemcachedClient.gets(MemcachedClient.java:1210)
	at org.mybatis.caches.memcached.MemcachedClientWrapper.retrieveWithCas(MemcachedClientWrapper.java:235)
	at org.mybatis.caches.memcached.MemcachedClientWrapper.getGroup(MemcachedClientWrapper.java:153)
	at org.mybatis.caches.memcached.MemcachedClientWrapper.putObject(MemcachedClientWrapper.java:262)
	at org.mybatis.caches.memcached.MemcachedCache.putObject(MemcachedCache.java:96)
	at org.mybatis.caches.memcached.GroupTestThread.run(GroupTestThread.java:57)
Caused by: net.spy.memcached.internal.CheckedOperationTimeoutException: Timed out waiting for operation - failing node: localhost/127.0.0.1:11211
	at net.spy.memcached.internal.OperationFuture.get(OperationFuture.java:167)
	at net.spy.memcached.MemcachedClient.gets(MemcachedClient.java:1136)
	... 6 more

2023-01-17 21:02:41.063 WARN net.spy.memcached.MemcachedConnection:  Could not redistribute to another node, retrying primary node for _mybatis_e26041a87cdf0947ac000d408e2c9857d82c31a1.
Jan 17, 2023 9:02:41 PM org.apache.ibatis.logging.jdk14.Jdk14LoggingImpl error
SEVERE: Impossible to retrieve group '_mybatis_e26041a87cdf0947ac000d408e2c9857d82c31a1' see nested exceptions
net.spy.memcached.OperationTimeoutException: Timeout waiting for value
	at net.spy.memcached.MemcachedClient.gets(MemcachedClient.java:1146)
	at net.spy.memcached.MemcachedClient.gets(MemcachedClient.java:1210)
	at org.mybatis.caches.memcached.MemcachedClientWrapper.retrieveWithCas(MemcachedClientWrapper.java:235)
	at org.mybatis.caches.memcached.MemcachedClientWrapper.getGroup(MemcachedClientWrapper.java:153)
	at org.mybatis.caches.memcached.MemcachedClientWrapper.putObject(MemcachedClientWrapper.java:262)
	at org.mybatis.caches.memcached.MemcachedCache.putObject(MemcachedCache.java:96)
	at org.mybatis.caches.memcached.GroupTestThread.run(GroupTestThread.java:57)
Caused by: net.spy.memcached.internal.CheckedOperationTimeoutException: Timed out waiting for operation - failing node: localhost/127.0.0.1:11211
	at net.spy.memcached.internal.OperationFuture.get(OperationFuture.java:167)
	at net.spy.memcached.MemcachedClient.gets(MemcachedClient.java:1136)
	... 6 more

2023-01-17 21:02:41.065 WARN net.spy.memcached.MemcachedConnection:  Could not redistribute to another node, retrying primary node for _mybatis_e26041a87cdf0947ac000d408e2c9857d82c31a1.
Jan 17, 2023 9:02:41 PM org.apache.ibatis.logging.jdk14.Jdk14LoggingImpl error
SEVERE: Impossible to retrieve group '_mybatis_e26041a87cdf0947ac000d408e2c9857d82c31a1' see nested exceptions
net.spy.memcached.OperationTimeoutException: Timeout waiting for value
	at net.spy.memcached.MemcachedClient.gets(MemcachedClient.java:1146)
	at net.spy.memcached.MemcachedClient.gets(MemcachedClient.java:1210)
	at org.mybatis.caches.memcached.MemcachedClientWrapper.retrieveWithCas(MemcachedClientWrapper.java:235)
	at org.mybatis.caches.memcached.MemcachedClientWrapper.getGroup(MemcachedClientWrapper.java:153)
	at org.mybatis.caches.memcached.MemcachedClientWrapper.putObject(MemcachedClientWrapper.java:262)
	at org.mybatis.caches.memcached.MemcachedCache.putObject(MemcachedCache.java:96)
	at org.mybatis.caches.memcached.GroupTestThread.run(GroupTestThread.java:57)
Caused by: net.spy.memcached.internal.CheckedOperationTimeoutException: Timed out waiting for operation - failing node: localhost/127.0.0.1:11211
	at net.spy.memcached.internal.OperationFuture.get(OperationFuture.java:167)
	at net.spy.memcached.MemcachedClient.gets(MemcachedClient.java:1136)
	... 6 more

2023-01-17 21:02:41.071 WARN net.spy.memcached.MemcachedConnection:  Could not redistribute to another node, retrying primary node for _mybatis_e26041a87cdf0947ac000d408e2c9857d82c31a1.
Jan 17, 2023 9:02:41 PM org.apache.ibatis.logging.jdk14.Jdk14LoggingImpl error
SEVERE: Impossible to retrieve group '_mybatis_e26041a87cdf0947ac000d408e2c9857d82c31a1' see nested exceptions
net.spy.memcached.OperationTimeoutException: Timeout waiting for value
	at net.spy.memcached.MemcachedClient.gets(MemcachedClient.java:1146)
	at net.spy.memcached.MemcachedClient.gets(MemcachedClient.java:1210)
	at org.mybatis.caches.memcached.MemcachedClientWrapper.retrieveWithCas(MemcachedClientWrapper.java:235)
	at org.mybatis.caches.memcached.MemcachedClientWrapper.getGroup(MemcachedClientWrapper.java:153)
	at org.mybatis.caches.memcached.MemcachedClientWrapper.putObject(MemcachedClientWrapper.java:262)
	at org.mybatis.caches.memcached.MemcachedCache.putObject(MemcachedCache.java:96)
	at org.mybatis.caches.memcached.GroupTestThread.run(GroupTestThread.java:57)
Caused by: net.spy.memcached.internal.CheckedOperationTimeoutException: Timed out waiting for operation - failing node: localhost/127.0.0.1:11211
	at net.spy.memcached.internal.OperationFuture.get(OperationFuture.java:167)
	at net.spy.memcached.MemcachedClient.gets(MemcachedClient.java:1136)
	... 6 more

Jan 17, 2023 9:02:41 PM org.apache.ibatis.logging.jdk14.Jdk14LoggingImpl error
SEVERE: Impossible to retrieve group '_mybatis_e26041a87cdf0947ac000d408e2c9857d82c31a1' see nested exceptions
net.spy.memcached.OperationTimeoutException: Timeout waiting for value
	at net.spy.memcached.MemcachedClient.gets(MemcachedClient.java:1146)
	at net.spy.memcached.MemcachedClient.gets(MemcachedClient.java:1210)
	at org.mybatis.caches.memcached.MemcachedClientWrapper.retrieveWithCas(MemcachedClientWrapper.java:235)
	at org.mybatis.caches.memcached.MemcachedClientWrapper.getGroup(MemcachedClientWrapper.java:153)
	at org.mybatis.caches.memcached.MemcachedClientWrapper.putObject(MemcachedClientWrapper.java:262)
	at org.mybatis.caches.memcached.MemcachedCache.putObject(MemcachedCache.java:96)
	at org.mybatis.caches.memcached.GroupTestThread.run(GroupTestThread.java:57)
Caused by: net.spy.memcached.internal.CheckedOperationTimeoutException: Timed out waiting for operation - failing node: localhost/127.0.0.1:11211
	at net.spy.memcached.internal.OperationFuture.get(OperationFuture.java:167)
	at net.spy.memcached.MemcachedClient.gets(MemcachedClient.java:1136)
	... 6 more

2023-01-17 21:02:41.074 WARN net.spy.memcached.MemcachedConnection:  Could not redistribute to another node, retrying primary node for _mybatis_e26041a87cdf0947ac000d408e2c9857d82c31a1.
Jan 17, 2023 9:02:41 PM org.apache.ibatis.logging.jdk14.Jdk14LoggingImpl error
SEVERE: Impossible to retrieve group '_mybatis_e26041a87cdf0947ac000d408e2c9857d82c31a1' see nested exceptions
net.spy.memcached.OperationTimeoutException: Timeout waiting for value
	at net.spy.memcached.MemcachedClient.gets(MemcachedClient.java:1146)
	at net.spy.memcached.MemcachedClient.gets(MemcachedClient.java:1210)
	at org.mybatis.caches.memcached.MemcachedClientWrapper.retrieveWithCas(MemcachedClientWrapper.java:235)
	at org.mybatis.caches.memcached.MemcachedClientWrapper.getGroup(MemcachedClientWrapper.java:153)
	at org.mybatis.caches.memcached.MemcachedClientWrapper.putObject(MemcachedClientWrapper.java:262)
	at org.mybatis.caches.memcached.MemcachedCache.putObject(MemcachedCache.java:96)
	at org.mybatis.caches.memcached.GroupTestThread.run(GroupTestThread.java:57)
Caused by: net.spy.memcached.internal.CheckedOperationTimeoutException: Timed out waiting for operation - failing node: localhost/127.0.0.1:11211
	at net.spy.memcached.internal.OperationFuture.get(OperationFuture.java:167)
	at net.spy.memcached.MemcachedClient.gets(MemcachedClient.java:1136)
	... 6 more

2023-01-17 21:02:41.075 WARN net.spy.memcached.MemcachedConnection:  Could not redistribute to another node, retrying primary node for _mybatis_e26041a87cdf0947ac000d408e2c9857d82c31a1.
2023-01-17 21:02:41.075 WARN net.spy.memcached.MemcachedConnection:  Could not redistribute to another node, retrying primary node for _mybatis_e26041a87cdf0947ac000d408e2c9857d82c31a1.
Jan 17, 2023 9:02:41 PM org.apache.ibatis.logging.jdk14.Jdk14LoggingImpl error
SEVERE: Impossible to retrieve group '_mybatis_e26041a87cdf0947ac000d408e2c9857d82c31a1' see nested exceptions
net.spy.memcached.OperationTimeoutException: Timeout waiting for value
	at net.spy.memcached.MemcachedClient.gets(MemcachedClient.java:1146)
	at net.spy.memcached.MemcachedClient.gets(MemcachedClient.java:1210)
	at org.mybatis.caches.memcached.MemcachedClientWrapper.retrieveWithCas(MemcachedClientWrapper.java:235)
	at org.mybatis.caches.memcached.MemcachedClientWrapper.getGroup(MemcachedClientWrapper.java:153)
	at org.mybatis.caches.memcached.MemcachedClientWrapper.putObject(MemcachedClientWrapper.java:262)
	at org.mybatis.caches.memcached.MemcachedCache.putObject(MemcachedCache.java:96)
	at org.mybatis.caches.memcached.GroupTestThread.run(GroupTestThread.java:57)
Caused by: net.spy.memcached.internal.CheckedOperationTimeoutException: Timed out waiting for operation - failing node: localhost/127.0.0.1:11211
	at net.spy.memcached.internal.OperationFuture.get(OperationFuture.java:167)
	at net.spy.memcached.MemcachedClient.gets(MemcachedClient.java:1136)
	... 6 more

2023-01-17 21:02:41.076 WARN net.spy.memcached.MemcachedConnection:  Could not redistribute to another node, retrying primary node for _mybatis_e26041a87cdf0947ac000d408e2c9857d82c31a1.
Jan 17, 2023 9:02:41 PM org.apache.ibatis.logging.jdk14.Jdk14LoggingImpl error
SEVERE: Impossible to retrieve group '_mybatis_e26041a87cdf0947ac000d408e2c9857d82c31a1' see nested exceptions
net.spy.memcached.OperationTimeoutException: Timeout waiting for value
	at net.spy.memcached.MemcachedClient.gets(MemcachedClient.java:1146)
	at net.spy.memcached.MemcachedClient.gets(MemcachedClient.java:1210)
	at org.mybatis.caches.memcached.MemcachedClientWrapper.retrieveWithCas(MemcachedClientWrapper.java:235)
	at org.mybatis.caches.memcached.MemcachedClientWrapper.getGroup(MemcachedClientWrapper.java:153)
	at org.mybatis.caches.memcached.MemcachedClientWrapper.putObject(MemcachedClientWrapper.java:262)
	at org.mybatis.caches.memcached.MemcachedCache.putObject(MemcachedCache.java:96)
	at org.mybatis.caches.memcached.GroupTestThread.run(GroupTestThread.java:57)
Caused by: net.spy.memcached.internal.CheckedOperationTimeoutException: Timed out waiting for operation - failing node: localhost/127.0.0.1:11211
	at net.spy.memcached.internal.OperationFuture.get(OperationFuture.java:167)
	at net.spy.memcached.MemcachedClient.gets(MemcachedClient.java:1136)
	... 6 more

2023-01-17 21:02:41.077 WARN net.spy.memcached.MemcachedConnection:  Could not redistribute to another node, retrying primary node for _mybatis_e26041a87cdf0947ac000d408e2c9857d82c31a1.
Jan 17, 2023 9:02:41 PM org.apache.ibatis.logging.jdk14.Jdk14LoggingImpl error
SEVERE: Impossible to retrieve group '_mybatis_e26041a87cdf0947ac000d408e2c9857d82c31a1' see nested exceptions
net.spy.memcached.OperationTimeoutException: Timeout waiting for value
	at net.spy.memcached.MemcachedClient.gets(MemcachedClient.java:1146)
	at net.spy.memcached.MemcachedClient.gets(MemcachedClient.java:1210)
	at org.mybatis.caches.memcached.MemcachedClientWrapper.retrieveWithCas(MemcachedClientWrapper.java:235)
	at org.mybatis.caches.memcached.MemcachedClientWrapper.getGroup(MemcachedClientWrapper.java:153)
	at org.mybatis.caches.memcached.MemcachedClientWrapper.putObject(MemcachedClientWrapper.java:262)
	at org.mybatis.caches.memcached.MemcachedCache.putObject(MemcachedCache.java:96)
	at org.mybatis.caches.memcached.GroupTestThread.run(GroupTestThread.java:57)
Caused by: net.spy.memcached.internal.CheckedOperationTimeoutException: Timed out waiting for operation - failing node: localhost/127.0.0.1:11211
	at net.spy.memcached.internal.OperationFuture.get(OperationFuture.java:167)
	at net.spy.memcached.MemcachedClient.gets(MemcachedClient.java:1136)
	... 6 more

2023-01-17 21:02:41.079 WARN net.spy.memcached.MemcachedConnection:  Could not redistribute to another node, retrying primary node for _mybatis_e26041a87cdf0947ac000d408e2c9857d82c31a1.
Jan 17, 2023 9:02:41 PM org.apache.ibatis.logging.jdk14.Jdk14LoggingImpl error
SEVERE: Impossible to retrieve group '_mybatis_e26041a87cdf0947ac000d408e2c9857d82c31a1' see nested exceptions
net.spy.memcached.OperationTimeoutException: Timeout waiting for value
	at net.spy.memcached.MemcachedClient.gets(MemcachedClient.java:1146)
	at net.spy.memcached.MemcachedClient.gets(MemcachedClient.java:1210)
	at org.mybatis.caches.memcached.MemcachedClientWrapper.retrieveWithCas(MemcachedClientWrapper.java:235)
	at org.mybatis.caches.memcached.MemcachedClientWrapper.getGroup(MemcachedClientWrapper.java:153)
	at org.mybatis.caches.memcached.MemcachedClientWrapper.putObject(MemcachedClientWrapper.java:262)
	at org.mybatis.caches.memcached.MemcachedCache.putObject(MemcachedCache.java:96)
	at org.mybatis.caches.memcached.GroupTestThread.run(GroupTestThread.java:57)
Caused by: net.spy.memcached.internal.CheckedOperationTimeoutException: Timed out waiting for operation - failing node: localhost/127.0.0.1:11211
	at net.spy.memcached.internal.OperationFuture.get(OperationFuture.java:167)
	at net.spy.memcached.MemcachedClient.gets(MemcachedClient.java:1136)
	... 6 more

2023-01-17 21:02:41.080 WARN net.spy.memcached.MemcachedConnection:  Could not redistribute to another node, retrying primary node for _mybatis_e26041a87cdf0947ac000d408e2c9857d82c31a1.
Jan 17, 2023 9:02:41 PM org.apache.ibatis.logging.jdk14.Jdk14LoggingImpl error
SEVERE: Impossible to retrieve group '_mybatis_e26041a87cdf0947ac000d408e2c9857d82c31a1' see nested exceptions
net.spy.memcached.OperationTimeoutException: Timeout waiting for value
	at net.spy.memcached.MemcachedClient.gets(MemcachedClient.java:1146)
	at net.spy.memcached.MemcachedClient.gets(MemcachedClient.java:1210)
	at org.mybatis.caches.memcached.MemcachedClientWrapper.retrieveWithCas(MemcachedClientWrapper.java:235)
	at org.mybatis.caches.memcached.MemcachedClientWrapper.getGroup(MemcachedClientWrapper.java:153)
	at org.mybatis.caches.memcached.MemcachedClientWrapper.putObject(MemcachedClientWrapper.java:262)
	at org.mybatis.caches.memcached.MemcachedCache.putObject(MemcachedCache.java:96)
	at org.mybatis.caches.memcached.GroupTestThread.run(GroupTestThread.java:57)
Caused by: net.spy.memcached.internal.CheckedOperationTimeoutException: Timed out waiting for operation - failing node: localhost/127.0.0.1:11211
	at net.spy.memcached.internal.OperationFuture.get(OperationFuture.java:167)
	at net.spy.memcached.MemcachedClient.gets(MemcachedClient.java:1136)
	... 6 more

2023-01-17 21:02:41.081 WARN net.spy.memcached.MemcachedConnection:  Could not redistribute to another node, retrying primary node for _mybatis_e26041a87cdf0947ac000d408e2c9857d82c31a1.
Jan 17, 2023 9:02:41 PM org.apache.ibatis.logging.jdk14.Jdk14LoggingImpl error
SEVERE: Impossible to retrieve group '_mybatis_e26041a87cdf0947ac000d408e2c9857d82c31a1' see nested exceptions
net.spy.memcached.OperationTimeoutException: Timeout waiting for value
	at net.spy.memcached.MemcachedClient.gets(MemcachedClient.java:1146)
	at net.spy.memcached.MemcachedClient.gets(MemcachedClient.java:1210)
	at org.mybatis.caches.memcached.MemcachedClientWrapper.retrieveWithCas(MemcachedClientWrapper.java:235)
	at org.mybatis.caches.memcached.MemcachedClientWrapper.getGroup(MemcachedClientWrapper.java:153)
	at org.mybatis.caches.memcached.MemcachedClientWrapper.putObject(MemcachedClientWrapper.java:262)
	at org.mybatis.caches.memcached.MemcachedCache.putObject(MemcachedCache.java:96)
	at org.mybatis.caches.memcached.GroupTestThread.run(GroupTestThread.java:57)
Caused by: net.spy.memcached.internal.CheckedOperationTimeoutException: Timed out waiting for operation - failing node: localhost/127.0.0.1:11211
	at net.spy.memcached.internal.OperationFuture.get(OperationFuture.java:167)
	at net.spy.memcached.MemcachedClient.gets(MemcachedClient.java:1136)
	... 6 more

Jan 17, 2023 9:02:41 PM org.apache.ibatis.logging.jdk14.Jdk14LoggingImpl error
SEVERE: Impossible to retrieve group '_mybatis_e26041a87cdf0947ac000d408e2c9857d82c31a1' see nested exceptions
net.spy.memcached.OperationTimeoutException: Timeout waiting for value
	at net.spy.memcached.MemcachedClient.gets(MemcachedClient.java:1146)
	at net.spy.memcached.MemcachedClient.gets(MemcachedClient.java:1210)
	at org.mybatis.caches.memcached.MemcachedClientWrapper.retrieveWithCas(MemcachedClientWrapper.java:235)
	at org.mybatis.caches.memcached.MemcachedClientWrapper.getGroup(MemcachedClientWrapper.java:153)
	at org.mybatis.caches.memcached.MemcachedClientWrapper.putObject(MemcachedClientWrapper.java:262)
	at org.mybatis.caches.memcached.MemcachedCache.putObject(MemcachedCache.java:96)
	at org.mybatis.caches.memcached.GroupTestThread.run(GroupTestThread.java:57)
Caused by: net.spy.memcached.internal.CheckedOperationTimeoutException: Timed out waiting for operation - failing node: localhost/127.0.0.1:11211
	at net.spy.memcached.internal.OperationFuture.get(OperationFuture.java:167)
	at net.spy.memcached.MemcachedClient.gets(MemcachedClient.java:1136)
	... 6 more

2023-01-17 21:02:41.083 WARN net.spy.memcached.MemcachedConnection:  Could not redistribute to another node, retrying primary node for _mybatis_e26041a87cdf0947ac000d408e2c9857d82c31a1.
2023-01-17 21:02:41.083 WARN net.spy.memcached.MemcachedConnection:  Could not redistribute to another node, retrying primary node for _mybatis_e26041a87cdf0947ac000d408e2c9857d82c31a1.
Jan 17, 2023 9:02:41 PM org.apache.ibatis.logging.jdk14.Jdk14LoggingImpl error
SEVERE: Impossible to retrieve group '_mybatis_e26041a87cdf0947ac000d408e2c9857d82c31a1' see nested exceptions
net.spy.memcached.OperationTimeoutException: Timeout waiting for value
	at net.spy.memcached.MemcachedClient.gets(MemcachedClient.java:1146)
	at net.spy.memcached.MemcachedClient.gets(MemcachedClient.java:1210)
	at org.mybatis.caches.memcached.MemcachedClientWrapper.retrieveWithCas(MemcachedClientWrapper.java:235)
	at org.mybatis.caches.memcached.MemcachedClientWrapper.getGroup(MemcachedClientWrapper.java:153)
	at org.mybatis.caches.memcached.MemcachedClientWrapper.putObject(MemcachedClientWrapper.java:262)
	at org.mybatis.caches.memcached.MemcachedCache.putObject(MemcachedCache.java:96)
	at org.mybatis.caches.memcached.GroupTestThread.run(GroupTestThread.java:57)
Caused by: net.spy.memcached.internal.CheckedOperationTimeoutException: Timed out waiting for operation - failing node: localhost/127.0.0.1:11211
	at net.spy.memcached.internal.OperationFuture.get(OperationFuture.java:167)
	at net.spy.memcached.MemcachedClient.gets(MemcachedClient.java:1136)
	... 6 more

2023-01-17 21:02:41.084 WARN net.spy.memcached.MemcachedConnection:  Could not redistribute to another node, retrying primary node for _mybatis_e26041a87cdf0947ac000d408e2c9857d82c31a1.
Jan 17, 2023 9:02:41 PM org.apache.ibatis.logging.jdk14.Jdk14LoggingImpl error
SEVERE: Impossible to retrieve group '_mybatis_e26041a87cdf0947ac000d408e2c9857d82c31a1' see nested exceptions
net.spy.memcached.OperationTimeoutException: Timeout waiting for value
	at net.spy.memcached.MemcachedClient.gets(MemcachedClient.java:1146)
	at net.spy.memcached.MemcachedClient.gets(MemcachedClient.java:1210)
	at org.mybatis.caches.memcached.MemcachedClientWrapper.retrieveWithCas(MemcachedClientWrapper.java:235)
	at org.mybatis.caches.memcached.MemcachedClientWrapper.getGroup(MemcachedClientWrapper.java:153)
	at org.mybatis.caches.memcached.MemcachedClientWrapper.putObject(MemcachedClientWrapper.java:262)
	at org.mybatis.caches.memcached.MemcachedCache.putObject(MemcachedCache.java:96)
	at org.mybatis.caches.memcached.GroupTestThread.run(GroupTestThread.java:57)
Caused by: net.spy.memcached.internal.CheckedOperationTimeoutException: Timed out waiting for operation - failing node: localhost/127.0.0.1:11211
	at net.spy.memcached.internal.OperationFuture.get(OperationFuture.java:167)
	at net.spy.memcached.MemcachedClient.gets(MemcachedClient.java:1136)
	... 6 more

2023-01-17 21:02:41.088 WARN net.spy.memcached.MemcachedConnection:  Could not redistribute to another node, retrying primary node for _mybatis_e26041a87cdf0947ac000d408e2c9857d82c31a1.
Jan 17, 2023 9:02:41 PM org.apache.ibatis.logging.jdk14.Jdk14LoggingImpl error
SEVERE: Impossible to retrieve group '_mybatis_e26041a87cdf0947ac000d408e2c9857d82c31a1' see nested exceptions
net.spy.memcached.OperationTimeoutException: Timeout waiting for value
	at net.spy.memcached.MemcachedClient.gets(MemcachedClient.java:1146)
	at net.spy.memcached.MemcachedClient.gets(MemcachedClient.java:1210)
	at org.mybatis.caches.memcached.MemcachedClientWrapper.retrieveWithCas(MemcachedClientWrapper.java:235)
	at org.mybatis.caches.memcached.MemcachedClientWrapper.getGroup(MemcachedClientWrapper.java:153)
	at org.mybatis.caches.memcached.MemcachedClientWrapper.putObject(MemcachedClientWrapper.java:262)
	at org.mybatis.caches.memcached.MemcachedCache.putObject(MemcachedCache.java:96)
	at org.mybatis.caches.memcached.GroupTestThread.run(GroupTestThread.java:57)
Caused by: net.spy.memcached.internal.CheckedOperationTimeoutException: Timed out waiting for operation - failing node: localhost/127.0.0.1:11211
	at net.spy.memcached.internal.OperationFuture.get(OperationFuture.java:167)
	at net.spy.memcached.MemcachedClient.gets(MemcachedClient.java:1136)
	... 6 more

2023-01-17 21:02:41.089 WARN net.spy.memcached.MemcachedConnection:  Could not redistribute to another node, retrying primary node for _mybatis_e26041a87cdf0947ac000d408e2c9857d82c31a1.
Jan 17, 2023 9:02:41 PM org.apache.ibatis.logging.jdk14.Jdk14LoggingImpl error
SEVERE: Impossible to retrieve group '_mybatis_e26041a87cdf0947ac000d408e2c9857d82c31a1' see nested exceptions
net.spy.memcached.OperationTimeoutException: Timeout waiting for value
	at net.spy.memcached.MemcachedClient.gets(MemcachedClient.java:1146)
	at net.spy.memcached.MemcachedClient.gets(MemcachedClient.java:1210)
	at org.mybatis.caches.memcached.MemcachedClientWrapper.retrieveWithCas(MemcachedClientWrapper.java:235)
	at org.mybatis.caches.memcached.MemcachedClientWrapper.getGroup(MemcachedClientWrapper.java:153)
	at org.mybatis.caches.memcached.MemcachedClientWrapper.putObject(MemcachedClientWrapper.java:262)
	at org.mybatis.caches.memcached.MemcachedCache.putObject(MemcachedCache.java:96)
	at org.mybatis.caches.memcached.GroupTestThread.run(GroupTestThread.java:57)
Caused by: net.spy.memcached.internal.CheckedOperationTimeoutException: Timed out waiting for operation - failing node: localhost/127.0.0.1:11211
	at net.spy.memcached.internal.OperationFuture.get(OperationFuture.java:167)
	at net.spy.memcached.MemcachedClient.gets(MemcachedClient.java:1136)
	... 6 more

2023-01-17 21:02:41.090 WARN net.spy.memcached.MemcachedConnection:  Could not redistribute to another node, retrying primary node for _mybatis_e26041a87cdf0947ac000d408e2c9857d82c31a1.
Jan 17, 2023 9:02:41 PM org.apache.ibatis.logging.jdk14.Jdk14LoggingImpl error
SEVERE: Impossible to retrieve group '_mybatis_e26041a87cdf0947ac000d408e2c9857d82c31a1' see nested exceptions
net.spy.memcached.OperationTimeoutException: Timeout waiting for value
	at net.spy.memcached.MemcachedClient.gets(MemcachedClient.java:1146)
	at net.spy.memcached.MemcachedClient.gets(MemcachedClient.java:1210)
	at org.mybatis.caches.memcached.MemcachedClientWrapper.retrieveWithCas(MemcachedClientWrapper.java:235)
	at org.mybatis.caches.memcached.MemcachedClientWrapper.getGroup(MemcachedClientWrapper.java:153)
	at org.mybatis.caches.memcached.MemcachedClientWrapper.putObject(MemcachedClientWrapper.java:262)
	at org.mybatis.caches.memcached.MemcachedCache.putObject(MemcachedCache.java:96)
	at org.mybatis.caches.memcached.GroupTestThread.run(GroupTestThread.java:57)
Caused by: net.spy.memcached.internal.CheckedOperationTimeoutException: Timed out waiting for operation - failing node: localhost/127.0.0.1:11211
	at net.spy.memcached.internal.OperationFuture.get(OperationFuture.java:167)
	at net.spy.memcached.MemcachedClient.gets(MemcachedClient.java:1136)
	... 6 more

2023-01-17 21:02:41.091 WARN net.spy.memcached.MemcachedConnection:  Could not redistribute to another node, retrying primary node for _mybatis_e26041a87cdf0947ac000d408e2c9857d82c31a1.
Jan 17, 2023 9:02:41 PM org.apache.ibatis.logging.jdk14.Jdk14LoggingImpl error
SEVERE: Impossible to retrieve group '_mybatis_e26041a87cdf0947ac000d408e2c9857d82c31a1' see nested exceptions
net.spy.memcached.OperationTimeoutException: Timeout waiting for value
	at net.spy.memcached.MemcachedClient.gets(MemcachedClient.java:1146)
	at net.spy.memcached.MemcachedClient.gets(MemcachedClient.java:1210)
	at org.mybatis.caches.memcached.MemcachedClientWrapper.retrieveWithCas(MemcachedClientWrapper.java:235)
	at org.mybatis.caches.memcached.MemcachedClientWrapper.getGroup(MemcachedClientWrapper.java:153)
	at org.mybatis.caches.memcached.MemcachedClientWrapper.putObject(MemcachedClientWrapper.java:262)
	at org.mybatis.caches.memcached.MemcachedCache.putObject(MemcachedCache.java:96)
	at org.mybatis.caches.memcached.GroupTestThread.run(GroupTestThread.java:57)
Caused by: net.spy.memcached.internal.CheckedOperationTimeoutException: Timed out waiting for operation - failing node: localhost/127.0.0.1:11211
	at net.spy.memcached.internal.OperationFuture.get(OperationFuture.java:167)
	at net.spy.memcached.MemcachedClient.gets(MemcachedClient.java:1136)
	... 6 more

2023-01-17 21:02:41.093 WARN net.spy.memcached.MemcachedConnection:  Could not redistribute to another node, retrying primary node for _mybatis_e26041a87cdf0947ac000d408e2c9857d82c31a1.
Jan 17, 2023 9:02:41 PM org.apache.ibatis.logging.jdk14.Jdk14LoggingImpl error
SEVERE: Impossible to retrieve group '_mybatis_e26041a87cdf0947ac000d408e2c9857d82c31a1' see nested exceptions
net.spy.memcached.OperationTimeoutException: Timeout waiting for value
	at net.spy.memcached.MemcachedClient.gets(MemcachedClient.java:1146)
	at net.spy.memcached.MemcachedClient.gets(MemcachedClient.java:1210)
	at org.mybatis.caches.memcached.MemcachedClientWrapper.retrieveWithCas(MemcachedClientWrapper.java:235)
	at org.mybatis.caches.memcached.MemcachedClientWrapper.getGroup(MemcachedClientWrapper.java:153)
	at org.mybatis.caches.memcached.MemcachedClientWrapper.putObject(MemcachedClientWrapper.java:262)
	at org.mybatis.caches.memcached.MemcachedCache.putObject(MemcachedCache.java:96)
	at org.mybatis.caches.memcached.GroupTestThread.run(GroupTestThread.java:57)
Caused by: net.spy.memcached.internal.CheckedOperationTimeoutException: Timed out waiting for operation - failing node: localhost/127.0.0.1:11211
	at net.spy.memcached.internal.OperationFuture.get(OperationFuture.java:167)
	at net.spy.memcached.MemcachedClient.gets(MemcachedClient.java:1136)
	... 6 more

2023-01-17 21:02:41.094 WARN net.spy.memcached.MemcachedConnection:  Could not redistribute to another node, retrying primary node for _mybatis_e26041a87cdf0947ac000d408e2c9857d82c31a1.
Exception in thread "Thread-2" java.lang.RuntimeException: Timed out waiting for operation
	at net.spy.memcached.internal.OperationFuture.get(OperationFuture.java:142)
	at org.mybatis.caches.memcached.MemcachedClientWrapper.tryToAdd(MemcachedClientWrapper.java:356)
	at org.mybatis.caches.memcached.MemcachedClientWrapper.putObject(MemcachedClientWrapper.java:273)
	at org.mybatis.caches.memcached.MemcachedCache.putObject(MemcachedCache.java:96)
	at org.mybatis.caches.memcached.GroupTestThread.run(GroupTestThread.java:57)
Caused by: net.spy.memcached.internal.CheckedOperationTimeoutException: Timed out waiting for operation - failing node: localhost/127.0.0.1:11211
	at net.spy.memcached.internal.OperationFuture.get(OperationFuture.java:167)
	at net.spy.memcached.internal.OperationFuture.get(OperationFuture.java:140)
	... 4 more
Exception in thread "Thread-3" java.lang.RuntimeException: Timed out waiting for operation
	at net.spy.memcached.internal.OperationFuture.get(OperationFuture.java:142)
	at org.mybatis.caches.memcached.MemcachedClientWrapper.tryToAdd(MemcachedClientWrapper.java:356)
	at org.mybatis.caches.memcached.MemcachedClientWrapper.putObject(MemcachedClientWrapper.java:273)
	at org.mybatis.caches.memcached.MemcachedCache.putObject(MemcachedCache.java:96)
	at org.mybatis.caches.memcached.GroupTestThread.run(GroupTestThread.java:57)
Caused by: net.spy.memcached.internal.CheckedOperationTimeoutException: Timed out waiting for operation - failing node: localhost/127.0.0.1:11211
	at net.spy.memcached.internal.OperationFuture.get(OperationFuture.java:167)
	at net.spy.memcached.internal.OperationFuture.get(OperationFuture.java:140)
	... 4 more
Exception in thread "Thread-6" java.lang.RuntimeException: Timed out waiting for operation
	at net.spy.memcached.internal.OperationFuture.get(OperationFuture.java:142)
	at org.mybatis.caches.memcached.MemcachedClientWrapper.tryToAdd(MemcachedClientWrapper.java:356)
	at org.mybatis.caches.memcached.MemcachedClientWrapper.putObject(MemcachedClientWrapper.java:273)
	at org.mybatis.caches.memcached.MemcachedCache.putObject(MemcachedCache.java:96)
	at org.mybatis.caches.memcached.GroupTestThread.run(GroupTestThread.java:57)
Caused by: net.spy.memcached.internal.CheckedOperationTimeoutException: Timed out waiting for operation - failing node: localhost/127.0.0.1:11211
	at net.spy.memcached.internal.OperationFuture.get(OperationFuture.java:167)
	at net.spy.memcached.internal.OperationFuture.get(OperationFuture.java:140)
	... 4 more
Exception in thread "Thread-15" java.lang.RuntimeException: Timed out waiting for operation
	at net.spy.memcached.internal.OperationFuture.get(OperationFuture.java:142)
	at org.mybatis.caches.memcached.MemcachedClientWrapper.tryToAdd(MemcachedClientWrapper.java:356)
	at org.mybatis.caches.memcached.MemcachedClientWrapper.putObject(MemcachedClientWrapper.java:273)
	at org.mybatis.caches.memcached.MemcachedCache.putObject(MemcachedCache.java:96)
	at org.mybatis.caches.memcached.GroupTestThread.run(GroupTestThread.java:57)
Caused by: net.spy.memcached.internal.CheckedOperationTimeoutException: Timed out waiting for operation - failing node: localhost/127.0.0.1:11211
	at net.spy.memcached.internal.OperationFuture.get(OperationFuture.java:167)
	at net.spy.memcached.internal.OperationFuture.get(OperationFuture.java:140)
	... 4 more
Exception in thread "Thread-10" java.lang.RuntimeException: Timed out waiting for operation
	at net.spy.memcached.internal.OperationFuture.get(OperationFuture.java:142)
	at org.mybatis.caches.memcached.MemcachedClientWrapper.tryToAdd(MemcachedClientWrapper.java:356)
	at org.mybatis.caches.memcached.MemcachedClientWrapper.putObject(MemcachedClientWrapper.java:273)
	at org.mybatis.caches.memcached.MemcachedCache.putObject(MemcachedCache.java:96)
	at org.mybatis.caches.memcached.GroupTestThread.run(GroupTestThread.java:57)
Caused by: net.spy.memcached.internal.CheckedOperationTimeoutException: Timed out waiting for operation - failing node: localhost/127.0.0.1:11211
	at net.spy.memcached.internal.OperationFuture.get(OperationFuture.java:167)
	at net.spy.memcached.internal.OperationFuture.get(OperationFuture.java:140)
	... 4 more
Exception in thread "Thread-7" java.lang.RuntimeException: Timed out waiting for operation
	at net.spy.memcached.internal.OperationFuture.get(OperationFuture.java:142)
	at org.mybatis.caches.memcached.MemcachedClientWrapper.tryToAdd(MemcachedClientWrapper.java:356)
	at org.mybatis.caches.memcached.MemcachedClientWrapper.putObject(MemcachedClientWrapper.java:273)
	at org.mybatis.caches.memcached.MemcachedCache.putObject(MemcachedCache.java:96)
	at org.mybatis.caches.memcached.GroupTestThread.run(GroupTestThread.java:57)
Caused by: net.spy.memcached.internal.CheckedOperationTimeoutException: Timed out waiting for operation - failing node: localhost/127.0.0.1:11211
	at net.spy.memcached.internal.OperationFuture.get(OperationFuture.java:167)
	at net.spy.memcached.internal.OperationFuture.get(OperationFuture.java:140)
	... 4 more
Exception in thread "Thread-16" java.lang.RuntimeException: Timed out waiting for operation
	at net.spy.memcached.internal.OperationFuture.get(OperationFuture.java:142)
	at org.mybatis.caches.memcached.MemcachedClientWrapper.tryToAdd(MemcachedClientWrapper.java:356)
	at org.mybatis.caches.memcached.MemcachedClientWrapper.putObject(MemcachedClientWrapper.java:273)
	at org.mybatis.caches.memcached.MemcachedCache.putObject(MemcachedCache.java:96)
	at org.mybatis.caches.memcached.GroupTestThread.run(GroupTestThread.java:57)
Caused by: net.spy.memcached.internal.CheckedOperationTimeoutException: Timed out waiting for operation - failing node: localhost/127.0.0.1:11211
	at net.spy.memcached.internal.OperationFuture.get(OperationFuture.java:167)
	at net.spy.memcached.internal.OperationFuture.get(OperationFuture.java:140)
	... 4 more
Exception in thread "Thread-12" java.lang.RuntimeException: Timed out waiting for operation
	at net.spy.memcached.internal.OperationFuture.get(OperationFuture.java:142)
	at org.mybatis.caches.memcached.MemcachedClientWrapper.tryToAdd(MemcachedClientWrapper.java:356)
	at org.mybatis.caches.memcached.MemcachedClientWrapper.putObject(MemcachedClientWrapper.java:273)
	at org.mybatis.caches.memcached.MemcachedCache.putObject(MemcachedCache.java:96)
	at org.mybatis.caches.memcached.GroupTestThread.run(GroupTestThread.java:57)
Caused by: net.spy.memcached.internal.CheckedOperationTimeoutException: Timed out waiting for operation - failing node: localhost/127.0.0.1:11211
	at net.spy.memcached.internal.OperationFuture.get(OperationFuture.java:167)
	at net.spy.memcached.internal.OperationFuture.get(OperationFuture.java:140)
	... 4 more
Exception in thread "Thread-4" java.lang.RuntimeException: Timed out waiting for operation
	at net.spy.memcached.internal.OperationFuture.get(OperationFuture.java:142)
	at org.mybatis.caches.memcached.MemcachedClientWrapper.tryToAdd(MemcachedClientWrapper.java:356)
	at org.mybatis.caches.memcached.MemcachedClientWrapper.putObject(MemcachedClientWrapper.java:273)
	at org.mybatis.caches.memcached.MemcachedCache.putObject(MemcachedCache.java:96)
	at org.mybatis.caches.memcached.GroupTestThread.run(GroupTestThread.java:57)
Caused by: net.spy.memcached.internal.CheckedOperationTimeoutException: Timed out waiting for operation - failing node: localhost/127.0.0.1:11211
	at net.spy.memcached.internal.OperationFuture.get(OperationFuture.java:167)
	at net.spy.memcached.internal.OperationFuture.get(OperationFuture.java:140)
	... 4 more
Exception in thread "Thread-5" java.lang.RuntimeException: Timed out waiting for operation
	at net.spy.memcached.internal.OperationFuture.get(OperationFuture.java:142)
	at org.mybatis.caches.memcached.MemcachedClientWrapper.tryToAdd(MemcachedClientWrapper.java:356)
	at org.mybatis.caches.memcached.MemcachedClientWrapper.putObject(MemcachedClientWrapper.java:273)
	at org.mybatis.caches.memcached.MemcachedCache.putObject(MemcachedCache.java:96)
	at org.mybatis.caches.memcached.GroupTestThread.run(GroupTestThread.java:57)
Caused by: net.spy.memcached.internal.CheckedOperationTimeoutException: Timed out waiting for operation - failing node: localhost/127.0.0.1:11211
	at net.spy.memcached.internal.OperationFuture.get(OperationFuture.java:167)
	at net.spy.memcached.internal.OperationFuture.get(OperationFuture.java:140)
	... 4 more
Exception in thread "Thread-8" java.lang.RuntimeException: Timed out waiting for operation
	at net.spy.memcached.internal.OperationFuture.get(OperationFuture.java:142)
	at org.mybatis.caches.memcached.MemcachedClientWrapper.tryToAdd(MemcachedClientWrapper.java:356)
	at org.mybatis.caches.memcached.MemcachedClientWrapper.putObject(MemcachedClientWrapper.java:273)
	at org.mybatis.caches.memcached.MemcachedCache.putObject(MemcachedCache.java:96)
	at org.mybatis.caches.memcached.GroupTestThread.run(GroupTestThread.java:57)
Caused by: net.spy.memcached.internal.CheckedOperationTimeoutException: Timed out waiting for operation - failing node: localhost/127.0.0.1:11211
	at net.spy.memcached.internal.OperationFuture.get(OperationFuture.java:167)
	at net.spy.memcached.internal.OperationFuture.get(OperationFuture.java:140)
	... 4 more
Exception in thread "Thread-14" java.lang.RuntimeException: Timed out waiting for operation
Exception in thread "Thread-9" 	at net.spy.memcached.internal.OperationFuture.get(OperationFuture.java:142)
	at org.mybatis.caches.memcached.MemcachedClientWrapper.tryToAdd(MemcachedClientWrapper.java:356)
	at org.mybatis.caches.memcached.MemcachedClientWrapper.putObject(MemcachedClientWrapper.java:273)
	at org.mybatis.caches.memcached.MemcachedCache.putObject(MemcachedCache.java:96)
	at org.mybatis.caches.memcached.GroupTestThread.run(GroupTestThread.java:57)
Caused by: net.spy.memcached.internal.CheckedOperationTimeoutException: Timed out waiting for operation - failing node: localhost/127.0.0.1:11211
	at net.spy.memcached.internal.OperationFuture.get(OperationFuture.java:167)
	at net.spy.memcached.internal.OperationFuture.get(OperationFuture.java:140)
	... 4 more
java.lang.RuntimeException: Timed out waiting for operation
	at net.spy.memcached.internal.OperationFuture.get(OperationFuture.java:142)
	at org.mybatis.caches.memcached.MemcachedClientWrapper.tryToAdd(MemcachedClientWrapper.java:356)
	at org.mybatis.caches.memcached.MemcachedClientWrapper.putObject(MemcachedClientWrapper.java:273)
	at org.mybatis.caches.memcached.MemcachedCache.putObject(MemcachedCache.java:96)
	at org.mybatis.caches.memcached.GroupTestThread.run(GroupTestThread.java:57)
Caused by: net.spy.memcached.internal.CheckedOperationTimeoutException: Timed out waiting for operation - failing node: localhost/127.0.0.1:11211
	at net.spy.memcached.internal.OperationFuture.get(OperationFuture.java:167)
	at net.spy.memcached.internal.OperationFuture.get(OperationFuture.java:140)
	... 4 more
Exception in thread "Thread-13" java.lang.RuntimeException: Timed out waiting for operation
	at net.spy.memcached.internal.OperationFuture.get(OperationFuture.java:142)
	at org.mybatis.caches.memcached.MemcachedClientWrapper.tryToAdd(MemcachedClientWrapper.java:356)
	at org.mybatis.caches.memcached.MemcachedClientWrapper.putObject(MemcachedClientWrapper.java:273)
	at org.mybatis.caches.memcached.MemcachedCache.putObject(MemcachedCache.java:96)
	at org.mybatis.caches.memcached.GroupTestThread.run(GroupTestThread.java:57)
Caused by: net.spy.memcached.internal.CheckedOperationTimeoutException: Timed out waiting for operation - failing node: localhost/127.0.0.1:11211
	at net.spy.memcached.internal.OperationFuture.get(OperationFuture.java:167)
	at net.spy.memcached.internal.OperationFuture.get(OperationFuture.java:140)
	... 4 more
Exception in thread "Thread-11" java.lang.RuntimeException: Timed out waiting for operation
	at net.spy.memcached.internal.OperationFuture.get(OperationFuture.java:142)
	at org.mybatis.caches.memcached.MemcachedClientWrapper.tryToAdd(MemcachedClientWrapper.java:356)
	at org.mybatis.caches.memcached.MemcachedClientWrapper.putObject(MemcachedClientWrapper.java:273)
	at org.mybatis.caches.memcached.MemcachedCache.putObject(MemcachedCache.java:96)
	at org.mybatis.caches.memcached.GroupTestThread.run(GroupTestThread.java:57)
Caused by: net.spy.memcached.internal.CheckedOperationTimeoutException: Timed out waiting for operation - failing node: localhost/127.0.0.1:11211
	at net.spy.memcached.internal.OperationFuture.get(OperationFuture.java:167)
	at net.spy.memcached.internal.OperationFuture.get(OperationFuture.java:140)
	... 4 more
Exception in thread "Thread-18" java.lang.RuntimeException: Timed out waiting for operation
	at net.spy.memcached.internal.OperationFuture.get(OperationFuture.java:142)
	at org.mybatis.caches.memcached.MemcachedClientWrapper.tryToAdd(MemcachedClientWrapper.java:356)
	at org.mybatis.caches.memcached.MemcachedClientWrapper.putObject(MemcachedClientWrapper.java:273)
	at org.mybatis.caches.memcached.MemcachedCache.putObject(MemcachedCache.java:96)
	at org.mybatis.caches.memcached.GroupTestThread.run(GroupTestThread.java:57)
Caused by: net.spy.memcached.internal.CheckedOperationTimeoutException: Timed out waiting for operation - failing node: localhost/127.0.0.1:11211
	at net.spy.memcached.internal.OperationFuture.get(OperationFuture.java:167)
	at net.spy.memcached.internal.OperationFuture.get(OperationFuture.java:140)
	... 4 more
Exception in thread "Thread-20" java.lang.RuntimeException: Timed out waiting for operation
	at net.spy.memcached.internal.OperationFuture.get(OperationFuture.java:142)
	at org.mybatis.caches.memcached.MemcachedClientWrapper.tryToAdd(MemcachedClientWrapper.java:356)
	at org.mybatis.caches.memcached.MemcachedClientWrapper.putObject(MemcachedClientWrapper.java:273)
	at org.mybatis.caches.memcached.MemcachedCache.putObject(MemcachedCache.java:96)
	at org.mybatis.caches.memcached.GroupTestThread.run(GroupTestThread.java:57)
Caused by: net.spy.memcached.internal.CheckedOperationTimeoutException: Timed out waiting for operation - failing node: localhost/127.0.0.1:11211
	at net.spy.memcached.internal.OperationFuture.get(OperationFuture.java:167)
	at net.spy.memcached.internal.OperationFuture.get(OperationFuture.java:140)
	... 4 more
Exception in thread "Thread-21" java.lang.RuntimeException: Timed out waiting for operation
	at net.spy.memcached.internal.OperationFuture.get(OperationFuture.java:142)
	at org.mybatis.caches.memcached.MemcachedClientWrapper.tryToAdd(MemcachedClientWrapper.java:356)
	at org.mybatis.caches.memcached.MemcachedClientWrapper.putObject(MemcachedClientWrapper.java:273)
	at org.mybatis.caches.memcached.MemcachedCache.putObject(MemcachedCache.java:96)
	at org.mybatis.caches.memcached.GroupTestThread.run(GroupTestThread.java:57)
Caused by: net.spy.memcached.internal.CheckedOperationTimeoutException: Timed out waiting for operation - failing node: localhost/127.0.0.1:11211
	at net.spy.memcached.internal.OperationFuture.get(OperationFuture.java:167)
	at net.spy.memcached.internal.OperationFuture.get(OperationFuture.java:140)
	... 4 more
Exception in thread "Thread-19" java.lang.RuntimeException: Timed out waiting for operation
	at net.spy.memcached.internal.OperationFuture.get(OperationFuture.java:142)
	at org.mybatis.caches.memcached.MemcachedClientWrapper.tryToAdd(MemcachedClientWrapper.java:356)
	at org.mybatis.caches.memcached.MemcachedClientWrapper.putObject(MemcachedClientWrapper.java:273)
	at org.mybatis.caches.memcached.MemcachedCache.putObject(MemcachedCache.java:96)
	at org.mybatis.caches.memcached.GroupTestThread.run(GroupTestThread.java:57)
Caused by: net.spy.memcached.internal.CheckedOperationTimeoutException: Timed out waiting for operation - failing node: localhost/127.0.0.1:11211
	at net.spy.memcached.internal.OperationFuture.get(OperationFuture.java:167)
	at net.spy.memcached.internal.OperationFuture.get(OperationFuture.java:140)
	... 4 more
Exception in thread "Thread-17" java.lang.RuntimeException: Timed out waiting for operation
	at net.spy.memcached.internal.OperationFuture.get(OperationFuture.java:142)
	at org.mybatis.caches.memcached.MemcachedClientWrapper.tryToAdd(MemcachedClientWrapper.java:356)
	at org.mybatis.caches.memcached.MemcachedClientWrapper.putObject(MemcachedClientWrapper.java:273)
	at org.mybatis.caches.memcached.MemcachedCache.putObject(MemcachedCache.java:96)
	at org.mybatis.caches.memcached.GroupTestThread.run(GroupTestThread.java:57)
Caused by: net.spy.memcached.internal.CheckedOperationTimeoutException: Timed out waiting for operation - failing node: localhost/127.0.0.1:11211
	at net.spy.memcached.internal.OperationFuture.get(OperationFuture.java:167)
	at net.spy.memcached.internal.OperationFuture.get(OperationFuture.java:140)
	... 4 more
2023-01-17 21:02:43.598 WARN net.spy.memcached.MemcachedConnection:  Could not redistribute to another node, retrying primary node for _mybatis_e26041a87cdf0947ac000d408e2c9857d82c31a1.
2023-01-17 21:02:43.956 INFO net.spy.memcached.MemcachedConnection:  Reconnecting {QA sa=localhost/127.0.0.1:11211, #Rops=0, #Wops=74, #iq=0, topRop=null, topWop=Cmd: set Key: _mybatis_b6589fc6ab0dc82cf12099d1c2d40ab994e8410c Flags: 512 Exp: 2592000 Data Length: 0, toWrite=0, interested=0}
2023-01-17 21:02:43.957 INFO net.spy.memcached.MemcachedConnection:  Reconnecting due to failure to connect to {QA sa=localhost/127.0.0.1:11211, #Rops=0, #Wops=74, #iq=0, topRop=null, topWop=Cmd: set Key: _mybatis_b6589fc6ab0dc82cf12099d1c2d40ab994e8410c Flags: 512 Exp: 2592000 Data Length: 0, toWrite=0, interested=0}
java.net.ConnectException: Connection refused
	at java.base/sun.nio.ch.SocketChannelImpl.checkConnect(Native Method)
	at java.base/sun.nio.ch.SocketChannelImpl.finishConnect(SocketChannelImpl.java:777)
	at net.spy.memcached.MemcachedConnection.handleIO(MemcachedConnection.java:691)
	at net.spy.memcached.MemcachedConnection.handleIO(MemcachedConnection.java:450)
	at net.spy.memcached.MemcachedConnection.run(MemcachedConnection.java:1457)
2023-01-17 21:02:43.958 WARN net.spy.memcached.MemcachedConnection:  Closing, and reopening {QA sa=localhost/127.0.0.1:11211, #Rops=0, #Wops=74, #iq=0, topRop=null, topWop=Cmd: set Key: _mybatis_b6589fc6ab0dc82cf12099d1c2d40ab994e8410c Flags: 512 Exp: 2592000 Data Length: 0, toWrite=0, interested=0}, attempt 4.
[ERROR] Tests run: 5, Failures: 0, Errors: 5, Skipped: 0, Time elapsed: 30.249 s <<< FAILURE! - in org.mybatis.caches.memcached.MemcachedTestCase
[ERROR] org.mybatis.caches.memcached.MemcachedTestCase.shouldFlushAllItemsOnDemand  Time elapsed: 5.135 s  <<< ERROR!
java.lang.RuntimeException: Timed out waiting for operation
	at org.mybatis.caches.memcached.MemcachedTestCase.shouldFlushAllItemsOnDemand(MemcachedTestCase.java:72)
Caused by: net.spy.memcached.internal.CheckedOperationTimeoutException: Timed out waiting for operation - failing node: localhost/127.0.0.1:11211
	at org.mybatis.caches.memcached.MemcachedTestCase.shouldFlushAllItemsOnDemand(MemcachedTestCase.java:72)

[ERROR] org.mybatis.caches.memcached.MemcachedTestCase.shouldAcceptAKeyBiggerThan250  Time elapsed: 5.01 s  <<< ERROR!
java.lang.RuntimeException: Timed out waiting for operation
	at org.mybatis.caches.memcached.MemcachedTestCase.shouldAcceptAKeyBiggerThan250(MemcachedTestCase.java:87)
Caused by: net.spy.memcached.internal.CheckedOperationTimeoutException: Timed out waiting for operation - failing node: localhost/127.0.0.1:11211
	at org.mybatis.caches.memcached.MemcachedTestCase.shouldAcceptAKeyBiggerThan250(MemcachedTestCase.java:87)

[ERROR] org.mybatis.caches.memcached.MemcachedTestCase.shouldRemoveItemOnDemand  Time elapsed: 5.011 s  <<< ERROR!
java.lang.RuntimeException: Timed out waiting for operation
	at org.mybatis.caches.memcached.MemcachedTestCase.shouldRemoveItemOnDemand(MemcachedTestCase.java:62)
Caused by: net.spy.memcached.internal.CheckedOperationTimeoutException: Timed out waiting for operation - failing node: localhost/127.0.0.1:11211
	at org.mybatis.caches.memcached.MemcachedTestCase.shouldRemoveItemOnDemand(MemcachedTestCase.java:62)

[ERROR] org.mybatis.caches.memcached.MemcachedTestCase.shouldDemonstrateCopiesAreEqual  Time elapsed: 5.011 s  <<< ERROR!
java.lang.RuntimeException: Timed out waiting for operation
	at org.mybatis.caches.memcached.MemcachedTestCase.shouldDemonstrateCopiesAreEqual(MemcachedTestCase.java:55)
Caused by: net.spy.memcached.internal.CheckedOperationTimeoutException: Timed out waiting for operation - failing node: localhost/127.0.0.1:11211
	at org.mybatis.caches.memcached.MemcachedTestCase.shouldDemonstrateCopiesAreEqual(MemcachedTestCase.java:55)

[ERROR] org.mybatis.caches.memcached.MemcachedTestCase.groupShouldContainAllKeys  Time elapsed: 10.057 s  <<< ERROR!
net.spy.memcached.OperationTimeoutException: Timeout waiting for value: waited 2,500 ms. Node status: Connection Status { localhost/127.0.0.1:11211 active: false, authed: true, last read: 30,166 ms ago }
	at org.mybatis.caches.memcached.MemcachedTestCase.groupShouldContainAllKeys(MemcachedTestCase.java:130)
Caused by: net.spy.memcached.internal.CheckedOperationTimeoutException: Timed out waiting for operation - failing node: localhost/127.0.0.1:11211
	at org.mybatis.caches.memcached.MemcachedTestCase.groupShouldContainAllKeys(MemcachedTestCase.java:130)

[INFO] 
[INFO] Results:
[INFO] 
[ERROR] Errors: 
[ERROR]   MemcachedTestCase.groupShouldContainAllKeys:130  OperationTimeout Timeout wai...
[ERROR]   MemcachedTestCase.shouldAcceptAKeyBiggerThan250:87  Runtime Timed out waiting...
[ERROR]   MemcachedTestCase.shouldDemonstrateCopiesAreEqual:55  Runtime Timed out waiti...
[ERROR]   MemcachedTestCase.shouldFlushAllItemsOnDemand:72  Runtime Timed out waiting f...
[ERROR]   MemcachedTestCase.shouldRemoveItemOnDemand:62  Runtime Timed out waiting for ...
[INFO] 
[ERROR] Tests run: 5, Failures: 0, Errors: 5, Skipped: 0
[INFO] 
[INFO] ------------------------------------------------------------------------
[INFO] BUILD FAILURE
[INFO] ------------------------------------------------------------------------
[INFO] Total time:  37.486 s
[INFO] Finished at: 2023-01-17T21:02:46Z
[INFO] ------------------------------------------------------------------------
[ERROR] Failed to execute goal org.apache.maven.plugins:maven-surefire-plugin:3.0.0-M5:test (default-test) on project mybatis-memcached: There are test failures.
[ERROR] 
[ERROR] Please refer to /home/gabsko/breaking-updates/target/surefire-reports for the individual test results.
[ERROR] Please refer to dump files (if any exist) [date].dump, [date]-jvmRun[N].dump and [date].dumpstream.
[ERROR] -> [Help 1]
[ERROR] 
[ERROR] To see the full stack trace of the errors, re-run Maven with the -e switch.
[ERROR] Re-run Maven using the -X switch to enable full debug logging.
[ERROR] 
[ERROR] For more information about the errors and possible solutions, please read the following articles:
[ERROR] [Help 1] http://cwiki.apache.org/confluence/display/MAVEN/MojoFailureException
