[INFO] Scanning for projects...
[INFO] Inspecting build with total of 42 modules...
[INFO] Installing Nexus Staging features:
[INFO]   ... total of 42 executions of maven-deploy-plugin replaced with nexus-staging-maven-plugin
[INFO] ------------------------------------------------------------------------
[INFO] Reactor Build Order:
[INFO] 
[INFO] mvn-defaults                                                       [pom]
[INFO] nb-annotations                                                     [jar]
[INFO] nb-api                                                             [jar]
[INFO] virtdata-lang                                                      [jar]
[INFO] virtdata-api                                                       [jar]
[INFO] virtdata-realdata                                                  [jar]
[INFO] virtdata-lib-basics                                                [jar]
[INFO] virtdata-lib-realer                                                [jar]
[INFO] virtdata-lib-random                                                [jar]
[INFO] virtdata-lib-curves4                                               [jar]
[INFO] docsys                                                             [jar]
[INFO] virtdata-userlibs                                                  [jar]
[INFO] adapters-api                                                       [jar]
[INFO] drivers-api                                                        [jar]
[INFO] engine-api                                                         [jar]
[INFO] engine-clients                                                     [jar]
[INFO] engine-core                                                        [jar]
[INFO] engine-docker                                                      [jar]
[INFO] engine-cli                                                         [jar]
[INFO] engine-rest                                                        [jar]
[INFO] engine-docs                                                        [jar]
[INFO] engine-extensions                                                  [jar]
[INFO] driver-diag                                                        [jar]
[INFO] nbr                                                                [jar]
[INFO] driver-web                                                         [jar]
[INFO] driver-stdout                                                      [jar]
[INFO] driver-kafka                                                       [jar]
[INFO] driver-tcp                                                         [jar]
[INFO] driver-http                                                        [jar]
[INFO] driver-jmx                                                         [jar]
[INFO] driver-dsegraph-shaded                                             [jar]
[INFO] driver-cql-shaded                                                  [jar]
[INFO] driver-cqld3-shaded                                                [jar]
[INFO] driver-cqlverify                                                   [jar]
[INFO] driver-mongodb                                                     [jar]
[INFO] driver-pulsar                                                      [jar]
[INFO] nosqlbench                                                         [pom]
[INFO] driver-jdbc                                                        [jar]
[INFO] driver-cockroachdb                                                 [jar]
[INFO] driver-jms                                                         [jar]
[INFO] nb                                                                 [jar]
[INFO] driver-grpc                                                        [jar]
[INFO] 
[INFO] ---------------------< io.nosqlbench:mvn-defaults >---------------------
[INFO] Building mvn-defaults 4.15.89-SNAPSHOT                            [1/42]
[INFO] --------------------------------[ pom ]---------------------------------
[INFO] 
[INFO] --- maven-clean-plugin:3.1.0:clean (default-clean) @ mvn-defaults ---
[INFO] 
[INFO] --------------------< io.nosqlbench:nb-annotations >--------------------
[INFO] Building nb-annotations 4.15.89-SNAPSHOT                          [2/42]
[INFO] --------------------------------[ jar ]---------------------------------
[WARNING] The artifact org.slf4j:slf4j-log4j12:jar:1.7.36 has been relocated to org.slf4j:slf4j-reload4j:jar:1.7.36
[INFO] 
[INFO] --- maven-clean-plugin:3.1.0:clean (default-clean) @ nb-annotations ---
[INFO] Deleting /home/gabsko/breaking-updates/nb-annotations/target
[INFO] 
[INFO] --- maven-resources-plugin:3.1.0:resources (default-resources) @ nb-annotations ---
[INFO] Using 'UTF-8' encoding to copy filtered resources.
[INFO] skip non existing resourceDirectory /home/gabsko/breaking-updates/nb-annotations/src/main/resources
[INFO] 
[INFO] --- maven-compiler-plugin:3.8.1:compile (default-compile) @ nb-annotations ---
[INFO] Changes detected - recompiling the module!
[INFO] Compiling 4 source files to /home/gabsko/breaking-updates/nb-annotations/target/classes
[INFO] 
[INFO] --- maven-resources-plugin:3.1.0:testResources (default-testResources) @ nb-annotations ---
[INFO] Using 'UTF-8' encoding to copy filtered resources.
[INFO] skip non existing resourceDirectory /home/gabsko/breaking-updates/nb-annotations/src/test/resources
[INFO] 
[INFO] --- maven-compiler-plugin:3.8.1:testCompile (default-testCompile) @ nb-annotations ---
[INFO] No sources to compile
[INFO] 
[INFO] --- maven-surefire-plugin:3.0.0-M4:test (default-test) @ nb-annotations ---
[INFO] No tests to run.
[INFO] 
[INFO] ------------------------< io.nosqlbench:nb-api >------------------------
[INFO] Building nb-api 4.15.89-SNAPSHOT                                  [3/42]
[INFO] --------------------------------[ jar ]---------------------------------
[WARNING] The artifact org.slf4j:slf4j-log4j12:jar:1.7.36 has been relocated to org.slf4j:slf4j-reload4j:jar:1.7.36
[INFO] 
[INFO] --- maven-clean-plugin:3.1.0:clean (default-clean) @ nb-api ---
[INFO] Deleting /home/gabsko/breaking-updates/nb-api/target
[INFO] 
[INFO] --- maven-resources-plugin:3.1.0:resources (default-resources) @ nb-api ---
[INFO] Using 'UTF-8' encoding to copy filtered resources.
[INFO] Copying 5 resources
[INFO] 
[INFO] --- maven-compiler-plugin:3.8.1:compile (default-compile) @ nb-api ---
[INFO] Changes detected - recompiling the module!
[INFO] Compiling 124 source files to /home/gabsko/breaking-updates/nb-api/target/classes
[INFO] /home/gabsko/breaking-updates/nb-api/src/main/java/io/nosqlbench/nb/api/content/NBIO.java: /home/gabsko/breaking-updates/nb-api/src/main/java/io/nosqlbench/nb/api/content/NBIO.java uses or overrides a deprecated API.
[INFO] /home/gabsko/breaking-updates/nb-api/src/main/java/io/nosqlbench/nb/api/content/NBIO.java: Recompile with -Xlint:deprecation for details.
[INFO] /home/gabsko/breaking-updates/nb-api/src/main/java/io/nosqlbench/nb/api/config/standard/Param.java: Some input files use unchecked or unsafe operations.
[INFO] /home/gabsko/breaking-updates/nb-api/src/main/java/io/nosqlbench/nb/api/config/standard/Param.java: Recompile with -Xlint:unchecked for details.
[INFO] 
[INFO] --- maven-resources-plugin:3.1.0:testResources (default-testResources) @ nb-api ---
[INFO] Using 'UTF-8' encoding to copy filtered resources.
[INFO] Copying 15 resources
[INFO] 
[INFO] --- maven-compiler-plugin:3.8.1:testCompile (default-testCompile) @ nb-api ---
[INFO] Changes detected - recompiling the module!
[INFO] Compiling 18 source files to /home/gabsko/breaking-updates/nb-api/target/test-classes
[INFO] 
[INFO] --- maven-surefire-plugin:3.0.0-M4:test (default-test) @ nb-api ---
[INFO] 
[INFO] -------------------------------------------------------
[INFO]  T E S T S
[INFO] -------------------------------------------------------
[INFO] Running io.nosqlbench.nb.addins.s3.s3utils.S3UploaderTest
[WARNING] Tests run: 1, Failures: 0, Errors: 0, Skipped: 1, Time elapsed: 0.022 s - in io.nosqlbench.nb.addins.s3.s3utils.S3UploaderTest
[INFO] Running io.nosqlbench.nb.addins.s3.s3urlhandler.S3UrlStreamHandlerTest
[WARNING] Tests run: 1, Failures: 0, Errors: 0, Skipped: 1, Time elapsed: 0.001 s - in io.nosqlbench.nb.addins.s3.s3urlhandler.S3UrlStreamHandlerTest
[INFO] Running io.nosqlbench.nb.api.config.standard.ConfigElementTest
[INFO] Tests run: 1, Failures: 0, Errors: 0, Skipped: 0, Time elapsed: 0.067 s - in io.nosqlbench.nb.api.config.standard.ConfigElementTest
[INFO] Running io.nosqlbench.nb.api.config.standard.NBTypeConverterTest
inc:float, outc:float, in:9.0 --> out:9.0, type:Float
inc:float, outc:double, in:9.0 --> out:9.0, type:Double
inc:float, outc:Double, in:9.0 --> out:9.0, type:Double
inc:float, outc:Byte, in:9.0 --> out:9, type:Byte
inc:float, outc:String, in:9.0 --> out:9.0, type:String
inc:float, outc:long, in:9.0 --> out:9, type:Long
inc:float, outc:Integer, in:9.0 --> out:9, type:Integer
inc:float, outc:byte, in:9.0 --> out:9, type:Byte
inc:float, outc:Long, in:9.0 --> out:9, type:Long
inc:float, outc:char, in:9.0 --> out:	, type:Character
inc:float, outc:Short, in:9.0 --> out:9, type:Short
inc:float, outc:Float, in:9.0 --> out:9.0, type:Float
inc:float, outc:int, in:9.0 --> out:9, type:Integer
inc:float, outc:short, in:9.0 --> out:9, type:Short
inc:float, outc:Character, in:9.0 --> out:	, type:Character
inc:double, outc:float, in:10.0 --> out:10.0, type:Float
inc:double, outc:double, in:10.0 --> out:10.0, type:Double
inc:double, outc:Double, in:10.0 --> out:10.0, type:Double
inc:double, outc:Byte, in:10.0 --> out:10, type:Byte
inc:double, outc:String, in:10.0 --> out:10.0, type:String
inc:double, outc:long, in:10.0 --> out:10, type:Long
inc:double, outc:Integer, in:10.0 --> out:10, type:Integer
inc:double, outc:byte, in:10.0 --> out:10, type:Byte
inc:double, outc:Long, in:10.0 --> out:10, type:Long
inc:double, outc:char, in:10.0 --> out:
, type:Character
inc:double, outc:Short, in:10.0 --> out:10, type:Short
inc:double, outc:Float, in:10.0 --> out:10.0, type:Float
inc:double, outc:int, in:10.0 --> out:10, type:Integer
inc:double, outc:short, in:10.0 --> out:10, type:Short
inc:double, outc:Character, in:10.0 --> out:
, type:Character
inc:Double, outc:float, in:10.1 --> out:10.1, type:Float
inc:Double, outc:double, in:10.1 --> out:10.1, type:Double
inc:Double, outc:Double, in:10.1 --> out:10.1, type:Double
inc:Double, outc:Byte, in:10.1 --> out:10, type:Byte
inc:Double, outc:String, in:10.1 --> out:10.1, type:String
inc:Double, outc:long, in:10.1 --> out:10, type:Long
inc:Double, outc:Integer, in:10.1 --> out:10, type:Integer
inc:Double, outc:byte, in:10.1 --> out:10, type:Byte
inc:Double, outc:Long, in:10.1 --> out:10, type:Long
inc:Double, outc:char, in:10.1 --> out:
, type:Character
inc:Double, outc:Short, in:10.1 --> out:10, type:Short
inc:Double, outc:Float, in:10.1 --> out:10.1, type:Float
inc:Double, outc:int, in:10.1 --> out:10, type:Integer
inc:Double, outc:short, in:10.1 --> out:10, type:Short
inc:Double, outc:Character, in:10.1 --> out:
, type:Character
inc:Byte, outc:float, in:2 --> out:2.0, type:Float
inc:Byte, outc:double, in:2 --> out:2.0, type:Double
inc:Byte, outc:Double, in:2 --> out:2.0, type:Double
inc:Byte, outc:Byte, in:2 --> out:2, type:Byte
inc:Byte, outc:String, in:2 --> out:2, type:String
inc:Byte, outc:long, in:2 --> out:2, type:Long
inc:Byte, outc:Integer, in:2 --> out:2, type:Integer
inc:Byte, outc:byte, in:2 --> out:2, type:Byte
inc:Byte, outc:Long, in:2 --> out:2, type:Long
inc:Byte, outc:char, in:2 --> out:, type:Character
inc:Byte, outc:Short, in:2 --> out:2, type:Short
inc:Byte, outc:Float, in:2 --> out:2.0, type:Float
inc:Byte, outc:int, in:2 --> out:2, type:Integer
inc:Byte, outc:short, in:2 --> out:2, type:Short
inc:Byte, outc:Character, in:2 --> out:, type:Character
inc:String, outc:float, in:1 --> out:1.0, type:Float
inc:String, outc:double, in:1 --> out:1.0, type:Double
inc:String, outc:Double, in:1 --> out:1.0, type:Double
inc:String, outc:Byte, in:1 --> out:1, type:Byte
inc:String, outc:String, in:1 --> out:1, type:String
inc:String, outc:long, in:1 --> out:1, type:Long
inc:String, outc:Integer, in:1 --> out:1, type:Integer
inc:String, outc:byte, in:1 --> out:1, type:Byte
inc:String, outc:Long, in:1 --> out:1, type:Long
inc:String, outc:char, in:1 --> out:1, type:Character
inc:String, outc:Short, in:1 --> out:1, type:Short
inc:String, outc:Float, in:1 --> out:1.0, type:Float
inc:String, outc:int, in:1 --> out:1, type:Integer
inc:String, outc:short, in:1 --> out:1, type:Short
inc:String, outc:Character, in:1 --> out:1, type:Character
inc:long, outc:float, in:7 --> out:7.0, type:Float
inc:long, outc:double, in:7 --> out:7.0, type:Double
inc:long, outc:Double, in:7 --> out:7.0, type:Double
inc:long, outc:Byte, in:7 --> out:7, type:Byte
inc:long, outc:String, in:7 --> out:7, type:String
inc:long, outc:long, in:7 --> out:7, type:Long
inc:long, outc:Integer, in:7 --> out:7, type:Integer
inc:long, outc:byte, in:7 --> out:7, type:Byte
inc:long, outc:Long, in:7 --> out:7, type:Long
inc:long, outc:char, in:7 --> out:, type:Character
inc:long, outc:Short, in:7 --> out:7, type:Short
inc:long, outc:Float, in:7 --> out:7.0, type:Float
inc:long, outc:int, in:7 --> out:7, type:Integer
inc:long, outc:short, in:7 --> out:7, type:Short
inc:long, outc:Character, in:7 --> out:, type:Character
inc:Integer, outc:float, in:6 --> out:6.0, type:Float
inc:Integer, outc:double, in:6 --> out:6.0, type:Double
inc:Integer, outc:Double, in:6 --> out:6.0, type:Double
inc:Integer, outc:Byte, in:6 --> out:6, type:Byte
inc:Integer, outc:String, in:6 --> out:6, type:String
inc:Integer, outc:long, in:6 --> out:6, type:Long
inc:Integer, outc:Integer, in:6 --> out:6, type:Integer
inc:Integer, outc:byte, in:6 --> out:6, type:Byte
inc:Integer, outc:Long, in:6 --> out:6, type:Long
inc:Integer, outc:char, in:6 --> out:, type:Character
inc:Integer, outc:Short, in:6 --> out:6, type:Short
inc:Integer, outc:Float, in:6 --> out:6.0, type:Float
inc:Integer, outc:int, in:6 --> out:6, type:Integer
inc:Integer, outc:short, in:6 --> out:6, type:Short
inc:Integer, outc:Character, in:6 --> out:, type:Character
inc:byte, outc:float, in:1 --> out:1.0, type:Float
inc:byte, outc:double, in:1 --> out:1.0, type:Double
inc:byte, outc:Double, in:1 --> out:1.0, type:Double
inc:byte, outc:Byte, in:1 --> out:1, type:Byte
inc:byte, outc:String, in:1 --> out:1, type:String
inc:byte, outc:long, in:1 --> out:1, type:Long
inc:byte, outc:Integer, in:1 --> out:1, type:Integer
inc:byte, outc:byte, in:1 --> out:1, type:Byte
inc:byte, outc:Long, in:1 --> out:1, type:Long
inc:byte, outc:char, in:1 --> out:, type:Character
inc:byte, outc:Short, in:1 --> out:1, type:Short
inc:byte, outc:Float, in:1 --> out:1.0, type:Float
inc:byte, outc:int, in:1 --> out:1, type:Integer
inc:byte, outc:short, in:1 --> out:1, type:Short
inc:byte, outc:Character, in:1 --> out:, type:Character
inc:Long, outc:float, in:8 --> out:8.0, type:Float
inc:Long, outc:double, in:8 --> out:8.0, type:Double
inc:Long, outc:Double, in:8 --> out:8.0, type:Double
inc:Long, outc:Byte, in:8 --> out:8, type:Byte
inc:Long, outc:String, in:8 --> out:8, type:String
inc:Long, outc:long, in:8 --> out:8, type:Long
inc:Long, outc:Integer, in:8 --> out:8, type:Integer
inc:Long, outc:byte, in:8 --> out:8, type:Byte
inc:Long, outc:Long, in:8 --> out:8, type:Long
inc:Long, outc:char, in:8 --> out:, type:Character
inc:Long, outc:Short, in:8 --> out:8, type:Short
inc:Long, outc:Float, in:8 --> out:8.0, type:Float
inc:Long, outc:int, in:8 --> out:8, type:Integer
inc:Long, outc:short, in:8 --> out:8, type:Short
inc:Long, outc:Character, in:8 --> out:, type:Character
inc:char, outc:float, in:c --> out:c, type:Character
inc:char, outc:double, in:c --> out:c, type:Character
inc:char, outc:Double, in:c --> out:99.0, type:Double
inc:char, outc:Byte, in:c --> out:99, type:Byte
inc:char, outc:String, in:c --> out:c, type:String
inc:char, outc:long, in:c --> out:c, type:Character
inc:char, outc:Integer, in:c --> out:99, type:Integer
inc:char, outc:byte, in:c --> out:99, type:Byte
inc:char, outc:Long, in:c --> out:99, type:Long
inc:char, outc:char, in:c --> out:c, type:Character
inc:char, outc:Short, in:c --> out:99, type:Short
inc:char, outc:Float, in:c --> out:99.0, type:Float
inc:char, outc:int, in:c --> out:c, type:Character
inc:char, outc:short, in:c --> out:99, type:Short
inc:char, outc:Character, in:c --> out:c, type:Character
inc:Short, outc:float, in:4 --> out:4.0, type:Float
inc:Short, outc:double, in:4 --> out:4.0, type:Double
inc:Short, outc:Double, in:4 --> out:4.0, type:Double
inc:Short, outc:Byte, in:4 --> out:4, type:Byte
inc:Short, outc:String, in:4 --> out:4, type:String
inc:Short, outc:long, in:4 --> out:4, type:Long
inc:Short, outc:Integer, in:4 --> out:4, type:Integer
inc:Short, outc:byte, in:4 --> out:4, type:Byte
inc:Short, outc:Long, in:4 --> out:4, type:Long
inc:Short, outc:char, in:4 --> out:, type:Character
inc:Short, outc:Short, in:4 --> out:4, type:Short
inc:Short, outc:Float, in:4 --> out:4.0, type:Float
inc:Short, outc:int, in:4 --> out:4, type:Integer
inc:Short, outc:short, in:4 --> out:4, type:Short
inc:Short, outc:Character, in:4 --> out:, type:Character
inc:Float, outc:float, in:9.1 --> out:9.1, type:Float
inc:Float, outc:double, in:9.1 --> out:9.100000381469727, type:Double
inc:Float, outc:Double, in:9.1 --> out:9.100000381469727, type:Double
inc:Float, outc:Byte, in:9.1 --> out:9, type:Byte
inc:Float, outc:String, in:9.1 --> out:9.1, type:String
inc:Float, outc:long, in:9.1 --> out:9, type:Long
inc:Float, outc:Integer, in:9.1 --> out:9, type:Integer
inc:Float, outc:byte, in:9.1 --> out:9, type:Byte
inc:Float, outc:Long, in:9.1 --> out:9, type:Long
inc:Float, outc:char, in:9.1 --> out:	, type:Character
inc:Float, outc:Short, in:9.1 --> out:9, type:Short
inc:Float, outc:Float, in:9.1 --> out:9.1, type:Float
inc:Float, outc:int, in:9.1 --> out:9, type:Integer
inc:Float, outc:short, in:9.1 --> out:9, type:Short
inc:Float, outc:Character, in:9.1 --> out:	, type:Character
inc:int, outc:float, in:5 --> out:5.0, type:Float
inc:int, outc:double, in:5 --> out:5.0, type:Double
inc:int, outc:Double, in:5 --> out:5.0, type:Double
inc:int, outc:Byte, in:5 --> out:5, type:Byte
inc:int, outc:String, in:5 --> out:5, type:String
inc:int, outc:long, in:5 --> out:5, type:Long
inc:int, outc:Integer, in:5 --> out:5, type:Integer
inc:int, outc:byte, in:5 --> out:5, type:Byte
inc:int, outc:Long, in:5 --> out:5, type:Long
inc:int, outc:char, in:5 --> out:, type:Character
inc:int, outc:Short, in:5 --> out:5, type:Short
inc:int, outc:Float, in:5 --> out:5.0, type:Float
inc:int, outc:int, in:5 --> out:5, type:Integer
inc:int, outc:short, in:5 --> out:5, type:Short
inc:int, outc:Character, in:5 --> out:, type:Character
inc:short, outc:float, in:3 --> out:3.0, type:Float
inc:short, outc:double, in:3 --> out:3.0, type:Double
inc:short, outc:Double, in:3 --> out:3.0, type:Double
inc:short, outc:Byte, in:3 --> out:3, type:Byte
inc:short, outc:String, in:3 --> out:3, type:String
inc:short, outc:long, in:3 --> out:3, type:Long
inc:short, outc:Integer, in:3 --> out:3, type:Integer
inc:short, outc:byte, in:3 --> out:3, type:Byte
inc:short, outc:Long, in:3 --> out:3, type:Long
inc:short, outc:char, in:3 --> out:, type:Character
inc:short, outc:Short, in:3 --> out:3, type:Short
inc:short, outc:Float, in:3 --> out:3.0, type:Float
inc:short, outc:int, in:3 --> out:3, type:Integer
inc:short, outc:short, in:3 --> out:3, type:Short
inc:short, outc:Character, in:3 --> out:, type:Character
inc:Character, outc:float, in:c --> out:c, type:Character
inc:Character, outc:double, in:c --> out:c, type:Character
inc:Character, outc:Double, in:c --> out:99.0, type:Double
inc:Character, outc:Byte, in:c --> out:99, type:Byte
inc:Character, outc:String, in:c --> out:c, type:String
inc:Character, outc:long, in:c --> out:c, type:Character
inc:Character, outc:Integer, in:c --> out:99, type:Integer
inc:Character, outc:byte, in:c --> out:99, type:Byte
inc:Character, outc:Long, in:c --> out:99, type:Long
inc:Character, outc:char, in:c --> out:c, type:Character
inc:Character, outc:Short, in:c --> out:99, type:Short
inc:Character, outc:Float, in:c --> out:99.0, type:Float
inc:Character, outc:int, in:c --> out:c, type:Character
inc:Character, outc:short, in:c --> out:99, type:Short
inc:Character, outc:Character, in:c --> out:c, type:Character

[INFO] Tests run: 4, Failures: 0, Errors: 0, Skipped: 0, Time elapsed: 0.063 s - in io.nosqlbench.nb.api.config.standard.NBTypeConverterTest
[INFO] Running io.nosqlbench.nb.api.config.ConfigModelTest
[INFO] Tests run: 1, Failures: 0, Errors: 0, Skipped: 0, Time elapsed: 0.005 s - in io.nosqlbench.nb.api.config.ConfigModelTest
[INFO] Running io.nosqlbench.nb.api.config.params.NBParamsTest
[INFO] Tests run: 10, Failures: 0, Errors: 0, Skipped: 0, Time elapsed: 0.403 s - in io.nosqlbench.nb.api.config.params.NBParamsTest
[INFO] Running io.nosqlbench.nb.api.config.ConfigLoaderTest
[INFO] Tests run: 5, Failures: 0, Errors: 0, Skipped: 0, Time elapsed: 0.031 s - in io.nosqlbench.nb.api.config.ConfigLoaderTest
[INFO] Running io.nosqlbench.nb.api.config.SynonymsTest
[INFO] Tests run: 1, Failures: 0, Errors: 0, Skipped: 0, Time elapsed: 0.005 s - in io.nosqlbench.nb.api.config.SynonymsTest
[INFO] Running io.nosqlbench.nb.api.SystemIdTest
SLF4J: Class path contains multiple SLF4J bindings.
SLF4J: Found binding in [jar:file:/home/gabsko/.m2/repository/org/apache/logging/log4j/log4j-slf4j-impl/2.17.1/log4j-slf4j-impl-2.17.1.jar!/org/slf4j/impl/StaticLoggerBinder.class]
SLF4J: Found binding in [jar:file:/home/gabsko/.m2/repository/org/apache/logging/log4j/slf4j-impl/2.0-alpha2/slf4j-impl-2.0-alpha2.jar!/org/slf4j/impl/StaticLoggerBinder.class]
SLF4J: Found binding in [jar:file:/home/gabsko/.m2/repository/org/slf4j/slf4j-reload4j/1.7.36/slf4j-reload4j-1.7.36.jar!/org/slf4j/impl/StaticLoggerBinder.class]
SLF4J: See http://www.slf4j.org/codes.html#multiple_bindings for an explanation.
SLF4J: Actual binding is of type [org.apache.logging.slf4j.Log4jLoggerFactory]
{"memory-GiB":"125.49","processor-name":"Intel(R) Core(TM) i9-10980XE CPU @ 3.00GHz","heap-max-GiB":"29.97","if-speeds":["0Mib","10Gib","1Gib"],"physical-cores":"18","max-frequency-ghz":"3.80","logical-cores":"36","sockets":"1"}
[INFO] Tests run: 3, Failures: 0, Errors: 0, Skipped: 0, Time elapsed: 0.725 s - in io.nosqlbench.nb.api.SystemIdTest
[INFO] Running io.nosqlbench.nb.api.markdown.aggregator.MarkdownDocsTest
[WARNING] Tests run: 1, Failures: 0, Errors: 0, Skipped: 1, Time elapsed: 0.001 s - in io.nosqlbench.nb.api.markdown.aggregator.MarkdownDocsTest
[INFO] Running io.nosqlbench.nb.api.testutils.BoundsTest
[INFO] Tests run: 2, Failures: 0, Errors: 0, Skipped: 0, Time elapsed: 0.003 s - in io.nosqlbench.nb.api.testutils.BoundsTest
[INFO] Running io.nosqlbench.nb.api.testutils.PerfTest
Sanity Check for Perf methods:
iter D_ops_s          unittest
000: NaN              '0':   100_ops 0.000000_S  1,000,000,000.000_ops_s 1_ns_op
001: 210000000.000    '1':   121_ops 0.000000_S  1,210,000,000.000_ops_s 1_ns_op
002: 13000000000.000  '2': 1,421_ops 0.000000_S 14,210,000,000.000_ops_s 0_ns_op
003: 100000000.000    '3': 1,431_ops 0.000000_S 14,310,000,000.000_ops_s 0_ns_op

[INFO] Tests run: 1, Failures: 0, Errors: 0, Skipped: 0, Time elapsed: 0.031 s - in io.nosqlbench.nb.api.testutils.PerfTest
[INFO] Running io.nosqlbench.nb.api.pathutil.ResolverForURLTest
[INFO] Tests run: 3, Failures: 0, Errors: 0, Skipped: 0, Time elapsed: 0.296 s - in io.nosqlbench.nb.api.pathutil.ResolverForURLTest
[INFO] Running io.nosqlbench.nb.api.content.NBIOTest
found 205 entries for path '.'
found 397 entries for path '.'
found 0 entries for path '.'
[INFO] Tests run: 23, Failures: 0, Errors: 0, Skipped: 0, Time elapsed: 0.19 s - in io.nosqlbench.nb.api.content.NBIOTest
[INFO] Running io.nosqlbench.nb.api.annotations.AnnotationBuilderTest
[INFO] Tests run: 1, Failures: 0, Errors: 0, Skipped: 0, Time elapsed: 0.008 s - in io.nosqlbench.nb.api.annotations.AnnotationBuilderTest
[INFO] Running io.nosqlbench.nb.api.NBEnvironmentTest
[INFO] Tests run: 3, Failures: 0, Errors: 0, Skipped: 0, Time elapsed: 0.008 s - in io.nosqlbench.nb.api.NBEnvironmentTest
[INFO] Running io.nosqlbench.engine.api.activityimpl.motor.ParamsParserTest
[INFO] Tests run: 16, Failures: 0, Errors: 0, Skipped: 0, Time elapsed: 0.052 s - in io.nosqlbench.engine.api.activityimpl.motor.ParamsParserTest
[INFO] 
[INFO] Results:
[INFO] 
[WARNING] Tests run: 77, Failures: 0, Errors: 0, Skipped: 3
[INFO] 
[INFO] 
[INFO] --------------------< io.nosqlbench:virtdata-lang >---------------------
[INFO] Building virtdata-lang 4.15.89-SNAPSHOT                           [4/42]
[INFO] --------------------------------[ jar ]---------------------------------
[WARNING] The artifact org.slf4j:slf4j-log4j12:jar:1.7.36 has been relocated to org.slf4j:slf4j-reload4j:jar:1.7.36
[INFO] 
[INFO] --- maven-clean-plugin:3.1.0:clean (default-clean) @ virtdata-lang ---
[INFO] Deleting /home/gabsko/breaking-updates/virtdata-lang/target
[INFO] 
[INFO] --- antlr4-maven-plugin:4.9.2:antlr4 (antlr) @ virtdata-lang ---
[INFO] No grammars to process
[INFO] ANTLR 4: Processing source directory /home/gabsko/breaking-updates/virtdata-lang/src/main/java/io/nosqlbench/virtdata/lang/grammars
[INFO] 
[INFO] --- maven-resources-plugin:3.1.0:resources (default-resources) @ virtdata-lang ---
[INFO] Using 'UTF-8' encoding to copy filtered resources.
[INFO] skip non existing resourceDirectory /home/gabsko/breaking-updates/virtdata-lang/src/main/resources
[INFO] 
[INFO] --- maven-compiler-plugin:3.8.1:compile (default-compile) @ virtdata-lang ---
[INFO] Changes detected - recompiling the module!
[INFO] Compiling 24 source files to /home/gabsko/breaking-updates/virtdata-lang/target/classes
[INFO] 
[INFO] --- maven-resources-plugin:3.1.0:testResources (default-testResources) @ virtdata-lang ---
[INFO] Using 'UTF-8' encoding to copy filtered resources.
[INFO] Copying 4 resources
[INFO] 
[INFO] --- maven-compiler-plugin:3.8.1:testCompile (default-testCompile) @ virtdata-lang ---
[INFO] Changes detected - recompiling the module!
[INFO] Compiling 1 source file to /home/gabsko/breaking-updates/virtdata-lang/target/test-classes
[INFO] 
[INFO] --- maven-surefire-plugin:3.0.0-M4:test (default-test) @ virtdata-lang ---
[INFO] 
[INFO] -------------------------------------------------------
[INFO]  T E S T S
[INFO] -------------------------------------------------------
[INFO] Running io.nosqlbench.virtdata.lang.parser.VirtdataBuilderTest
Parsing:
joy=full(); zero=Integer->one(two($joy),four(1.0E40,234000.0),seven(),eight('nine')->Integer);;
Identity()
Mod(5)

(virtdataRecipe (virtdataFlow (expression (lvalue joy) = (virtdataCall (funcName full) ( ))) ; (expression (lvalue zero) = (virtdataCall (inputType Integer) -> (funcName one) ( (arg (virtdataCall (funcName two) ( (arg (ref $ joy)) ))) , (arg (virtdataCall (funcName four) ( (arg (value (floatValue 1.0E40))) , (arg (value (floatValue 234000.0))) ))) , (arg (virtdataCall (funcName seven) ( ))) , (arg (virtdataCall (funcName eight) ( (arg (value (stringValue 'nine'))) ) -> (outputType Integer))) )))) (specend ;; \n) (virtdataFlow (expression (virtdataCall (funcName Identity) ( )))) (specend \n) (virtdataFlow (expression (virtdataCall (funcName Mod) ( (arg (value (integerValue 5))) )))) (specend \n) <EOF>)
[INFO] Tests run: 4, Failures: 0, Errors: 0, Skipped: 0, Time elapsed: 0.492 s - in io.nosqlbench.virtdata.lang.parser.VirtdataBuilderTest
[INFO] 
[INFO] Results:
[INFO] 
[INFO] Tests run: 4, Failures: 0, Errors: 0, Skipped: 0
[INFO] 
[INFO] 
[INFO] ---------------------< io.nosqlbench:virtdata-api >---------------------
[INFO] Building virtdata-api 4.15.89-SNAPSHOT                            [5/42]
[INFO] --------------------------------[ jar ]---------------------------------
[WARNING] The artifact org.slf4j:slf4j-log4j12:jar:1.7.36 has been relocated to org.slf4j:slf4j-reload4j:jar:1.7.36
[INFO] 
[INFO] --- maven-clean-plugin:3.1.0:clean (default-clean) @ virtdata-api ---
[INFO] Deleting /home/gabsko/breaking-updates/virtdata-api/target
[INFO] 
[INFO] --- maven-resources-plugin:3.1.0:resources (default-resources) @ virtdata-api ---
[INFO] Using 'UTF-8' encoding to copy filtered resources.
[INFO] skip non existing resourceDirectory /home/gabsko/breaking-updates/virtdata-api/src/main/resources
[INFO] 
[INFO] --- maven-compiler-plugin:3.8.1:compile (default-compile) @ virtdata-api ---
[INFO] Changes detected - recompiling the module!
[INFO] Compiling 87 source files to /home/gabsko/breaking-updates/virtdata-api/target/classes
[INFO] /home/gabsko/breaking-updates/virtdata-api/src/main/java/io/nosqlbench/virtdata/api/bindings/VirtDataConversions.java: Some input files use unchecked or unsafe operations.
[INFO] /home/gabsko/breaking-updates/virtdata-api/src/main/java/io/nosqlbench/virtdata/api/bindings/VirtDataConversions.java: Recompile with -Xlint:unchecked for details.
[INFO] 
[INFO] --- maven-resources-plugin:3.1.0:testResources (default-testResources) @ virtdata-api ---
[INFO] Using 'UTF-8' encoding to copy filtered resources.
[INFO] skip non existing resourceDirectory /home/gabsko/breaking-updates/virtdata-api/src/test/resources
[INFO] 
[INFO] --- maven-compiler-plugin:3.8.1:testCompile (default-testCompile) @ virtdata-api ---
[INFO] Changes detected - recompiling the module!
[INFO] Compiling 20 source files to /home/gabsko/breaking-updates/virtdata-api/target/test-classes
[INFO] /home/gabsko/breaking-updates/virtdata-api/src/test/java/io/nosqlbench/virtdata/util/VirtDataFunctionsTest.java: Some input files use unchecked or unsafe operations.
[INFO] /home/gabsko/breaking-updates/virtdata-api/src/test/java/io/nosqlbench/virtdata/util/VirtDataFunctionsTest.java: Recompile with -Xlint:unchecked for details.
[INFO] 
[INFO] --- maven-surefire-plugin:3.0.0-M4:test (default-test) @ virtdata-api ---
[INFO] 
[INFO] -------------------------------------------------------
[INFO]  T E S T S
[INFO] -------------------------------------------------------
[INFO] Running io.nosqlbench.virtdata.core.config.ConfigDataTest
[INFO] Tests run: 2, Failures: 0, Errors: 0, Skipped: 0, Time elapsed: 0.103 s - in io.nosqlbench.virtdata.core.config.ConfigDataTest
[INFO] Running io.nosqlbench.virtdata.core.CompatibilityFixupsTest
[INFO] Tests run: 4, Failures: 0, Errors: 0, Skipped: 0, Time elapsed: 0.397 s - in io.nosqlbench.virtdata.core.CompatibilityFixupsTest
[INFO] Running io.nosqlbench.virtdata.core.VirtDataComposerTest
[INFO] Tests run: 3, Failures: 0, Errors: 0, Skipped: 0, Time elapsed: 0.251 s - in io.nosqlbench.virtdata.core.VirtDataComposerTest
[INFO] Running io.nosqlbench.virtdata.core.templates.ValueTypeTest
[INFO] Tests run: 1, Failures: 0, Errors: 0, Skipped: 0, Time elapsed: 0.001 s - in io.nosqlbench.virtdata.core.templates.ValueTypeTest
[INFO] Running io.nosqlbench.virtdata.core.templates.StringBindingsTemplateTest
[INFO] Tests run: 1, Failures: 0, Errors: 0, Skipped: 0, Time elapsed: 0.01 s - in io.nosqlbench.virtdata.core.templates.StringBindingsTemplateTest
[INFO] Running io.nosqlbench.virtdata.core.templates.BindPointParserTest
[INFO] Tests run: 2, Failures: 0, Errors: 0, Skipped: 0, Time elapsed: 0.002 s - in io.nosqlbench.virtdata.core.templates.BindPointParserTest
[INFO] Running io.nosqlbench.virtdata.core.templates.StringCompositorTest
[INFO] Tests run: 2, Failures: 0, Errors: 0, Skipped: 0, Time elapsed: 0.009 s - in io.nosqlbench.virtdata.core.templates.StringCompositorTest
[INFO] Running io.nosqlbench.virtdata.core.templates.CapturePointTest
[INFO] Tests run: 2, Failures: 0, Errors: 0, Skipped: 0, Time elapsed: 0.003 s - in io.nosqlbench.virtdata.core.templates.CapturePointTest
[INFO] Running io.nosqlbench.virtdata.core.templates.ParsedTemplateTest
[INFO] Tests run: 7, Failures: 0, Errors: 0, Skipped: 0, Time elapsed: 0.015 s - in io.nosqlbench.virtdata.core.templates.ParsedTemplateTest
[INFO] Running io.nosqlbench.virtdata.core.composers.FunctionAssemblerMatrixTest
  1/625 testing: f1:F_long_long, f2:F_long_long out:1
  2/625 testing: f1:F_long_long, f2:F_long_int out:1
  3/625 testing: f1:F_long_long, f2:F_long_double out:1.0
  4/625 testing: f1:F_long_long, f2:F_long_T_Object out:1
  5/625 testing: f1:F_long_long, f2:F_long_T_DOUBLE out:1.0
  6/625 testing: f1:F_long_long, f2:F_long_T_LONG out:1
  7/625 testing: f1:F_long_long, f2:F_long_T_INT out:1
  8/625 testing: f1:F_long_long, f2:F_int_int out:1
  9/625 testing: f1:F_long_long, f2:F_int_long out:1
 10/625 testing: f1:F_long_long, f2:F_int_double out:1.0
 11/625 testing: f1:F_long_long, f2:F_int_T_Object out:1
 12/625 testing: f1:F_long_long, f2:F_int_T_LONG out:1
 13/625 testing: f1:F_long_long, f2:F_int_T_DOUBLE out:1.0
 14/625 testing: f1:F_long_long, f2:F_int_T_INT out:1
 15/625 testing: f1:F_long_long, f2:F_double_T_Object out:1
 16/625 testing: f1:F_long_long, f2:F_double_T_LONG out:1
 17/625 testing: f1:F_long_long, f2:F_double_T_DOUBLE out:1.0
 18/625 testing: f1:F_long_long, f2:F_double_T_INT out:1
 19/625 testing: f1:F_long_long, f2:F_double_double out:1.0
 20/625 testing: f1:F_long_long, f2:F_double_int out:1
 21/625 testing: f1:F_long_long, f2:F_double_long out:1
 22/625 testing: f1:F_long_long, f2:F_R_T_Object out:1
 23/625 testing: f1:F_long_long, f2:F_R_T_LONG out:1
 24/625 testing: f1:F_long_long, f2:F_R_T_DOUBLE out:1.0
 25/625 testing: f1:F_long_long, f2:F_R_T_INT out:1
 26/625 testing: f1:F_long_int, f2:F_long_long out:1
 27/625 testing: f1:F_long_int, f2:F_long_int out:1
 28/625 testing: f1:F_long_int, f2:F_long_double out:1.0
 29/625 testing: f1:F_long_int, f2:F_long_T_Object out:1
 30/625 testing: f1:F_long_int, f2:F_long_T_DOUBLE out:1.0
 31/625 testing: f1:F_long_int, f2:F_long_T_LONG out:1
 32/625 testing: f1:F_long_int, f2:F_long_T_INT out:1
 33/625 testing: f1:F_long_int, f2:F_int_int out:1
 34/625 testing: f1:F_long_int, f2:F_int_long out:1
 35/625 testing: f1:F_long_int, f2:F_int_double out:1.0
 36/625 testing: f1:F_long_int, f2:F_int_T_Object out:1
 37/625 testing: f1:F_long_int, f2:F_int_T_LONG out:1
 38/625 testing: f1:F_long_int, f2:F_int_T_DOUBLE out:1.0
 39/625 testing: f1:F_long_int, f2:F_int_T_INT out:1
 40/625 testing: f1:F_long_int, f2:F_double_T_Object out:1
 41/625 testing: f1:F_long_int, f2:F_double_T_LONG out:1
 42/625 testing: f1:F_long_int, f2:F_double_T_DOUBLE out:1.0
 43/625 testing: f1:F_long_int, f2:F_double_T_INT out:1
 44/625 testing: f1:F_long_int, f2:F_double_double out:1.0
 45/625 testing: f1:F_long_int, f2:F_double_int out:1
 46/625 testing: f1:F_long_int, f2:F_double_long out:1
 47/625 testing: f1:F_long_int, f2:F_R_T_Object out:1
 48/625 testing: f1:F_long_int, f2:F_R_T_LONG out:1
 49/625 testing: f1:F_long_int, f2:F_R_T_DOUBLE out:1.0
 50/625 testing: f1:F_long_int, f2:F_R_T_INT out:1
 51/625 testing: f1:F_long_double, f2:F_long_long out:1
 52/625 testing: f1:F_long_double, f2:F_long_int out:1
 53/625 testing: f1:F_long_double, f2:F_long_double out:1.0
 54/625 testing: f1:F_long_double, f2:F_long_T_Object out:1
 55/625 testing: f1:F_long_double, f2:F_long_T_DOUBLE out:1.0
 56/625 testing: f1:F_long_double, f2:F_long_T_LONG out:1
 57/625 testing: f1:F_long_double, f2:F_long_T_INT out:1
 58/625 testing: f1:F_long_double, f2:F_int_int out:1
 59/625 testing: f1:F_long_double, f2:F_int_long out:1
 60/625 testing: f1:F_long_double, f2:F_int_double out:1.0
 61/625 testing: f1:F_long_double, f2:F_int_T_Object out:1
 62/625 testing: f1:F_long_double, f2:F_int_T_LONG out:1
 63/625 testing: f1:F_long_double, f2:F_int_T_DOUBLE out:1.0
 64/625 testing: f1:F_long_double, f2:F_int_T_INT out:1
 65/625 testing: f1:F_long_double, f2:F_double_T_Object out:1
 66/625 testing: f1:F_long_double, f2:F_double_T_LONG out:1
 67/625 testing: f1:F_long_double, f2:F_double_T_DOUBLE out:1.0
 68/625 testing: f1:F_long_double, f2:F_double_T_INT out:1
 69/625 testing: f1:F_long_double, f2:F_double_double out:1.0
 70/625 testing: f1:F_long_double, f2:F_double_int out:1
 71/625 testing: f1:F_long_double, f2:F_double_long out:1
 72/625 testing: f1:F_long_double, f2:F_R_T_Object out:1.0
 73/625 testing: f1:F_long_double, f2:F_R_T_LONG out:1
 74/625 testing: f1:F_long_double, f2:F_R_T_DOUBLE out:1.0
 75/625 testing: f1:F_long_double, f2:F_R_T_INT out:1
 76/625 testing: f1:F_long_T_Object, f2:F_long_long out:1
 77/625 testing: f1:F_long_T_Object, f2:F_long_int out:1
 78/625 testing: f1:F_long_T_Object, f2:F_long_double out:1.0
 79/625 testing: f1:F_long_T_Object, f2:F_long_T_Object out:1
 80/625 testing: f1:F_long_T_Object, f2:F_long_T_DOUBLE out:1.0
 81/625 testing: f1:F_long_T_Object, f2:F_long_T_LONG out:1
 82/625 testing: f1:F_long_T_Object, f2:F_long_T_INT out:1
 83/625 testing: f1:F_long_T_Object, f2:F_int_int out:1
 84/625 testing: f1:F_long_T_Object, f2:F_int_long out:1
 85/625 testing: f1:F_long_T_Object, f2:F_int_double out:1.0
 86/625 testing: f1:F_long_T_Object, f2:F_int_T_Object out:1
 87/625 testing: f1:F_long_T_Object, f2:F_int_T_LONG out:1
 88/625 testing: f1:F_long_T_Object, f2:F_int_T_DOUBLE out:1.0
 89/625 testing: f1:F_long_T_Object, f2:F_int_T_INT out:1
 90/625 testing: f1:F_long_T_Object, f2:F_double_T_Object out:1
 91/625 testing: f1:F_long_T_Object, f2:F_double_T_LONG out:1
 92/625 testing: f1:F_long_T_Object, f2:F_double_T_DOUBLE out:1.0
 93/625 testing: f1:F_long_T_Object, f2:F_double_T_INT out:1
 94/625 testing: f1:F_long_T_Object, f2:F_double_double out:1.0
 95/625 testing: f1:F_long_T_Object, f2:F_double_int out:1
 96/625 testing: f1:F_long_T_Object, f2:F_double_long out:1
 97/625 testing: f1:F_long_T_Object, f2:F_R_T_Object out:1
 98/625 testing: f1:F_long_T_Object, f2:F_R_T_LONG out:1
 99/625 testing: f1:F_long_T_Object, f2:F_R_T_DOUBLE out:1.0
100/625 testing: f1:F_long_T_Object, f2:F_R_T_INT out:1
101/625 testing: f1:F_long_T_DOUBLE, f2:F_long_long out:1
102/625 testing: f1:F_long_T_DOUBLE, f2:F_long_int out:1
103/625 testing: f1:F_long_T_DOUBLE, f2:F_long_double out:1.0
104/625 testing: f1:F_long_T_DOUBLE, f2:F_long_T_Object out:1
105/625 testing: f1:F_long_T_DOUBLE, f2:F_long_T_DOUBLE out:1.0
106/625 testing: f1:F_long_T_DOUBLE, f2:F_long_T_LONG out:1
107/625 testing: f1:F_long_T_DOUBLE, f2:F_long_T_INT out:1
108/625 testing: f1:F_long_T_DOUBLE, f2:F_int_int out:1
109/625 testing: f1:F_long_T_DOUBLE, f2:F_int_long out:1
110/625 testing: f1:F_long_T_DOUBLE, f2:F_int_double out:1.0
111/625 testing: f1:F_long_T_DOUBLE, f2:F_int_T_Object out:1
112/625 testing: f1:F_long_T_DOUBLE, f2:F_int_T_LONG out:1
113/625 testing: f1:F_long_T_DOUBLE, f2:F_int_T_DOUBLE out:1.0
114/625 testing: f1:F_long_T_DOUBLE, f2:F_int_T_INT out:1
115/625 testing: f1:F_long_T_DOUBLE, f2:F_double_T_Object out:1
116/625 testing: f1:F_long_T_DOUBLE, f2:F_double_T_LONG out:1
117/625 testing: f1:F_long_T_DOUBLE, f2:F_double_T_DOUBLE out:1.0
118/625 testing: f1:F_long_T_DOUBLE, f2:F_double_T_INT out:1
119/625 testing: f1:F_long_T_DOUBLE, f2:F_double_double out:1.0
120/625 testing: f1:F_long_T_DOUBLE, f2:F_double_int out:1
121/625 testing: f1:F_long_T_DOUBLE, f2:F_double_long out:1
122/625 testing: f1:F_long_T_DOUBLE, f2:F_R_T_Object out:1.0
123/625 testing: f1:F_long_T_DOUBLE, f2:F_R_T_LONG out:1
124/625 testing: f1:F_long_T_DOUBLE, f2:F_R_T_DOUBLE out:1.0
125/625 testing: f1:F_long_T_DOUBLE, f2:F_R_T_INT out:1
126/625 testing: f1:F_long_T_LONG, f2:F_long_long out:1
127/625 testing: f1:F_long_T_LONG, f2:F_long_int out:1
128/625 testing: f1:F_long_T_LONG, f2:F_long_double out:1.0
129/625 testing: f1:F_long_T_LONG, f2:F_long_T_Object out:1
130/625 testing: f1:F_long_T_LONG, f2:F_long_T_DOUBLE out:1.0
131/625 testing: f1:F_long_T_LONG, f2:F_long_T_LONG out:1
132/625 testing: f1:F_long_T_LONG, f2:F_long_T_INT out:1
133/625 testing: f1:F_long_T_LONG, f2:F_int_int out:1
134/625 testing: f1:F_long_T_LONG, f2:F_int_long out:1
135/625 testing: f1:F_long_T_LONG, f2:F_int_double out:1.0
136/625 testing: f1:F_long_T_LONG, f2:F_int_T_Object out:1
137/625 testing: f1:F_long_T_LONG, f2:F_int_T_LONG out:1
138/625 testing: f1:F_long_T_LONG, f2:F_int_T_DOUBLE out:1.0
139/625 testing: f1:F_long_T_LONG, f2:F_int_T_INT out:1
140/625 testing: f1:F_long_T_LONG, f2:F_double_T_Object out:1
141/625 testing: f1:F_long_T_LONG, f2:F_double_T_LONG out:1
142/625 testing: f1:F_long_T_LONG, f2:F_double_T_DOUBLE out:1.0
143/625 testing: f1:F_long_T_LONG, f2:F_double_T_INT out:1
144/625 testing: f1:F_long_T_LONG, f2:F_double_double out:1.0
145/625 testing: f1:F_long_T_LONG, f2:F_double_int out:1
146/625 testing: f1:F_long_T_LONG, f2:F_double_long out:1
147/625 testing: f1:F_long_T_LONG, f2:F_R_T_Object out:1
148/625 testing: f1:F_long_T_LONG, f2:F_R_T_LONG out:1
149/625 testing: f1:F_long_T_LONG, f2:F_R_T_DOUBLE out:1.0
150/625 testing: f1:F_long_T_LONG, f2:F_R_T_INT out:1
151/625 testing: f1:F_long_T_INT, f2:F_long_long out:1
152/625 testing: f1:F_long_T_INT, f2:F_long_int out:1
153/625 testing: f1:F_long_T_INT, f2:F_long_double out:1.0
154/625 testing: f1:F_long_T_INT, f2:F_long_T_Object out:1
155/625 testing: f1:F_long_T_INT, f2:F_long_T_DOUBLE out:1.0
156/625 testing: f1:F_long_T_INT, f2:F_long_T_LONG out:1
157/625 testing: f1:F_long_T_INT, f2:F_long_T_INT out:1
158/625 testing: f1:F_long_T_INT, f2:F_int_int out:1
159/625 testing: f1:F_long_T_INT, f2:F_int_long out:1
160/625 testing: f1:F_long_T_INT, f2:F_int_double out:1.0
161/625 testing: f1:F_long_T_INT, f2:F_int_T_Object out:1
162/625 testing: f1:F_long_T_INT, f2:F_int_T_LONG out:1
163/625 testing: f1:F_long_T_INT, f2:F_int_T_DOUBLE out:1.0
164/625 testing: f1:F_long_T_INT, f2:F_int_T_INT out:1
165/625 testing: f1:F_long_T_INT, f2:F_double_T_Object out:1
166/625 testing: f1:F_long_T_INT, f2:F_double_T_LONG out:1
167/625 testing: f1:F_long_T_INT, f2:F_double_T_DOUBLE out:1.0
168/625 testing: f1:F_long_T_INT, f2:F_double_T_INT out:1
169/625 testing: f1:F_long_T_INT, f2:F_double_double out:1.0
170/625 testing: f1:F_long_T_INT, f2:F_double_int out:1
171/625 testing: f1:F_long_T_INT, f2:F_double_long out:1
172/625 testing: f1:F_long_T_INT, f2:F_R_T_Object out:1
173/625 testing: f1:F_long_T_INT, f2:F_R_T_LONG out:1
174/625 testing: f1:F_long_T_INT, f2:F_R_T_DOUBLE out:1.0
175/625 testing: f1:F_long_T_INT, f2:F_R_T_INT out:1
176/625 testing: f1:F_int_int, f2:F_long_long out:1
177/625 testing: f1:F_int_int, f2:F_long_int out:1
178/625 testing: f1:F_int_int, f2:F_long_double out:1
179/625 testing: f1:F_int_int, f2:F_long_T_Object out:1
180/625 testing: f1:F_int_int, f2:F_long_T_DOUBLE out:1.0
181/625 testing: f1:F_int_int, f2:F_long_T_LONG out:1
182/625 testing: f1:F_int_int, f2:F_long_T_INT out:1
183/625 testing: f1:F_int_int, f2:F_int_int out:1
184/625 testing: f1:F_int_int, f2:F_int_long out:1
185/625 testing: f1:F_int_int, f2:F_int_double out:1
186/625 testing: f1:F_int_int, f2:F_int_T_Object out:1
187/625 testing: f1:F_int_int, f2:F_int_T_LONG out:1
188/625 testing: f1:F_int_int, f2:F_int_T_DOUBLE out:1.0
189/625 testing: f1:F_int_int, f2:F_int_T_INT out:1
190/625 testing: f1:F_int_int, f2:F_double_T_Object out:1
191/625 testing: f1:F_int_int, f2:F_double_T_LONG out:1
192/625 testing: f1:F_int_int, f2:F_double_T_DOUBLE out:1
193/625 testing: f1:F_int_int, f2:F_double_T_INT out:1
194/625 testing: f1:F_int_int, f2:F_double_double out:1
195/625 testing: f1:F_int_int, f2:F_double_int out:1
196/625 testing: f1:F_int_int, f2:F_double_long out:1
197/625 testing: f1:F_int_int, f2:F_R_T_Object out:1
198/625 testing: f1:F_int_int, f2:F_R_T_LONG out:1
199/625 testing: f1:F_int_int, f2:F_R_T_DOUBLE out:1.0
200/625 testing: f1:F_int_int, f2:F_R_T_INT out:1
201/625 testing: f1:F_int_long, f2:F_long_long out:1
202/625 testing: f1:F_int_long, f2:F_long_int out:1
203/625 testing: f1:F_int_long, f2:F_long_double out:1
204/625 testing: f1:F_int_long, f2:F_long_T_Object out:1
205/625 testing: f1:F_int_long, f2:F_long_T_DOUBLE out:1.0
206/625 testing: f1:F_int_long, f2:F_long_T_LONG out:1
207/625 testing: f1:F_int_long, f2:F_long_T_INT out:1
208/625 testing: f1:F_int_long, f2:F_int_int out:1
209/625 testing: f1:F_int_long, f2:F_int_long out:1
210/625 testing: f1:F_int_long, f2:F_int_double out:1
211/625 testing: f1:F_int_long, f2:F_int_T_Object out:1
212/625 testing: f1:F_int_long, f2:F_int_T_LONG out:1
213/625 testing: f1:F_int_long, f2:F_int_T_DOUBLE out:1.0
214/625 testing: f1:F_int_long, f2:F_int_T_INT out:1
215/625 testing: f1:F_int_long, f2:F_double_T_Object out:1
216/625 testing: f1:F_int_long, f2:F_double_T_LONG out:1
217/625 testing: f1:F_int_long, f2:F_double_T_DOUBLE out:1
218/625 testing: f1:F_int_long, f2:F_double_T_INT out:1
219/625 testing: f1:F_int_long, f2:F_double_double out:1
220/625 testing: f1:F_int_long, f2:F_double_int out:1
221/625 testing: f1:F_int_long, f2:F_double_long out:1
222/625 testing: f1:F_int_long, f2:F_R_T_Object out:1
223/625 testing: f1:F_int_long, f2:F_R_T_LONG out:1
224/625 testing: f1:F_int_long, f2:F_R_T_DOUBLE out:1.0
225/625 testing: f1:F_int_long, f2:F_R_T_INT out:1
226/625 testing: f1:F_int_double, f2:F_long_long out:1
227/625 testing: f1:F_int_double, f2:F_long_int out:1
228/625 testing: f1:F_int_double, f2:F_long_double out:1
229/625 testing: f1:F_int_double, f2:F_long_T_Object out:1
230/625 testing: f1:F_int_double, f2:F_long_T_DOUBLE out:1.0
231/625 testing: f1:F_int_double, f2:F_long_T_LONG out:1
232/625 testing: f1:F_int_double, f2:F_long_T_INT out:1
233/625 testing: f1:F_int_double, f2:F_int_int out:1
234/625 testing: f1:F_int_double, f2:F_int_long out:1
235/625 testing: f1:F_int_double, f2:F_int_double out:1
236/625 testing: f1:F_int_double, f2:F_int_T_Object out:1
237/625 testing: f1:F_int_double, f2:F_int_T_LONG out:1
238/625 testing: f1:F_int_double, f2:F_int_T_DOUBLE out:1.0
239/625 testing: f1:F_int_double, f2:F_int_T_INT out:1
240/625 testing: f1:F_int_double, f2:F_double_T_Object out:1
241/625 testing: f1:F_int_double, f2:F_double_T_LONG out:1
242/625 testing: f1:F_int_double, f2:F_double_T_DOUBLE out:1
243/625 testing: f1:F_int_double, f2:F_double_T_INT out:1
244/625 testing: f1:F_int_double, f2:F_double_double out:1
245/625 testing: f1:F_int_double, f2:F_double_int out:1
246/625 testing: f1:F_int_double, f2:F_double_long out:1
247/625 testing: f1:F_int_double, f2:F_R_T_Object out:1.0
248/625 testing: f1:F_int_double, f2:F_R_T_LONG out:1
249/625 testing: f1:F_int_double, f2:F_R_T_DOUBLE out:1.0
250/625 testing: f1:F_int_double, f2:F_R_T_INT out:1
251/625 testing: f1:F_int_T_Object, f2:F_long_long out:1
252/625 testing: f1:F_int_T_Object, f2:F_long_int out:1
253/625 testing: f1:F_int_T_Object, f2:F_long_double out:1
254/625 testing: f1:F_int_T_Object, f2:F_long_T_Object out:1
255/625 testing: f1:F_int_T_Object, f2:F_long_T_DOUBLE out:1.0
256/625 testing: f1:F_int_T_Object, f2:F_long_T_LONG out:1
257/625 testing: f1:F_int_T_Object, f2:F_long_T_INT out:1
258/625 testing: f1:F_int_T_Object, f2:F_int_int out:1
259/625 testing: f1:F_int_T_Object, f2:F_int_long out:1
260/625 testing: f1:F_int_T_Object, f2:F_int_double out:1
261/625 testing: f1:F_int_T_Object, f2:F_int_T_Object out:1
262/625 testing: f1:F_int_T_Object, f2:F_int_T_LONG out:1
263/625 testing: f1:F_int_T_Object, f2:F_int_T_DOUBLE out:1.0
264/625 testing: f1:F_int_T_Object, f2:F_int_T_INT out:1
265/625 testing: f1:F_int_T_Object, f2:F_double_T_Object out:1
266/625 testing: f1:F_int_T_Object, f2:F_double_T_LONG out:1
267/625 testing: f1:F_int_T_Object, f2:F_double_T_DOUBLE out:1
268/625 testing: f1:F_int_T_Object, f2:F_double_T_INT out:1
269/625 testing: f1:F_int_T_Object, f2:F_double_double out:1
270/625 testing: f1:F_int_T_Object, f2:F_double_int out:1
271/625 testing: f1:F_int_T_Object, f2:F_double_long out:1
272/625 testing: f1:F_int_T_Object, f2:F_R_T_Object out:1
273/625 testing: f1:F_int_T_Object, f2:F_R_T_LONG out:1
274/625 testing: f1:F_int_T_Object, f2:F_R_T_DOUBLE out:1.0
275/625 testing: f1:F_int_T_Object, f2:F_R_T_INT out:1
276/625 testing: f1:F_int_T_LONG, f2:F_long_long out:1
277/625 testing: f1:F_int_T_LONG, f2:F_long_int out:1
278/625 testing: f1:F_int_T_LONG, f2:F_long_double out:1
279/625 testing: f1:F_int_T_LONG, f2:F_long_T_Object out:1
280/625 testing: f1:F_int_T_LONG, f2:F_long_T_DOUBLE out:1.0
281/625 testing: f1:F_int_T_LONG, f2:F_long_T_LONG out:1
282/625 testing: f1:F_int_T_LONG, f2:F_long_T_INT out:1
283/625 testing: f1:F_int_T_LONG, f2:F_int_int out:1
284/625 testing: f1:F_int_T_LONG, f2:F_int_long out:1
285/625 testing: f1:F_int_T_LONG, f2:F_int_double out:1
286/625 testing: f1:F_int_T_LONG, f2:F_int_T_Object out:1
287/625 testing: f1:F_int_T_LONG, f2:F_int_T_LONG out:1
288/625 testing: f1:F_int_T_LONG, f2:F_int_T_DOUBLE out:1.0
289/625 testing: f1:F_int_T_LONG, f2:F_int_T_INT out:1
290/625 testing: f1:F_int_T_LONG, f2:F_double_T_Object out:1
291/625 testing: f1:F_int_T_LONG, f2:F_double_T_LONG out:1
292/625 testing: f1:F_int_T_LONG, f2:F_double_T_DOUBLE out:1
293/625 testing: f1:F_int_T_LONG, f2:F_double_T_INT out:1
294/625 testing: f1:F_int_T_LONG, f2:F_double_double out:1
295/625 testing: f1:F_int_T_LONG, f2:F_double_int out:1
296/625 testing: f1:F_int_T_LONG, f2:F_double_long out:1
297/625 testing: f1:F_int_T_LONG, f2:F_R_T_Object out:1
298/625 testing: f1:F_int_T_LONG, f2:F_R_T_LONG out:1
299/625 testing: f1:F_int_T_LONG, f2:F_R_T_DOUBLE out:1.0
300/625 testing: f1:F_int_T_LONG, f2:F_R_T_INT out:1
301/625 testing: f1:F_int_T_DOUBLE, f2:F_long_long out:1
302/625 testing: f1:F_int_T_DOUBLE, f2:F_long_int out:1
303/625 testing: f1:F_int_T_DOUBLE, f2:F_long_double out:1
304/625 testing: f1:F_int_T_DOUBLE, f2:F_long_T_Object out:1
305/625 testing: f1:F_int_T_DOUBLE, f2:F_long_T_DOUBLE out:1.0
306/625 testing: f1:F_int_T_DOUBLE, f2:F_long_T_LONG out:1
307/625 testing: f1:F_int_T_DOUBLE, f2:F_long_T_INT out:1
308/625 testing: f1:F_int_T_DOUBLE, f2:F_int_int out:1
309/625 testing: f1:F_int_T_DOUBLE, f2:F_int_long out:1
310/625 testing: f1:F_int_T_DOUBLE, f2:F_int_double out:1
311/625 testing: f1:F_int_T_DOUBLE, f2:F_int_T_Object out:1
312/625 testing: f1:F_int_T_DOUBLE, f2:F_int_T_LONG out:1
313/625 testing: f1:F_int_T_DOUBLE, f2:F_int_T_DOUBLE out:1.0
314/625 testing: f1:F_int_T_DOUBLE, f2:F_int_T_INT out:1
315/625 testing: f1:F_int_T_DOUBLE, f2:F_double_T_Object out:1
316/625 testing: f1:F_int_T_DOUBLE, f2:F_double_T_LONG out:1
317/625 testing: f1:F_int_T_DOUBLE, f2:F_double_T_DOUBLE out:1
318/625 testing: f1:F_int_T_DOUBLE, f2:F_double_T_INT out:1
319/625 testing: f1:F_int_T_DOUBLE, f2:F_double_double out:1
320/625 testing: f1:F_int_T_DOUBLE, f2:F_double_int out:1
321/625 testing: f1:F_int_T_DOUBLE, f2:F_double_long out:1
322/625 testing: f1:F_int_T_DOUBLE, f2:F_R_T_Object out:1.0
323/625 testing: f1:F_int_T_DOUBLE, f2:F_R_T_LONG out:1
324/625 testing: f1:F_int_T_DOUBLE, f2:F_R_T_DOUBLE out:1.0
325/625 testing: f1:F_int_T_DOUBLE, f2:F_R_T_INT out:1
326/625 testing: f1:F_int_T_INT, f2:F_long_long out:1
327/625 testing: f1:F_int_T_INT, f2:F_long_int out:1
328/625 testing: f1:F_int_T_INT, f2:F_long_double out:1
329/625 testing: f1:F_int_T_INT, f2:F_long_T_Object out:1
330/625 testing: f1:F_int_T_INT, f2:F_long_T_DOUBLE out:1.0
331/625 testing: f1:F_int_T_INT, f2:F_long_T_LONG out:1
332/625 testing: f1:F_int_T_INT, f2:F_long_T_INT out:1
333/625 testing: f1:F_int_T_INT, f2:F_int_int out:1
334/625 testing: f1:F_int_T_INT, f2:F_int_long out:1
335/625 testing: f1:F_int_T_INT, f2:F_int_double out:1
336/625 testing: f1:F_int_T_INT, f2:F_int_T_Object out:1
337/625 testing: f1:F_int_T_INT, f2:F_int_T_LONG out:1
338/625 testing: f1:F_int_T_INT, f2:F_int_T_DOUBLE out:1.0
339/625 testing: f1:F_int_T_INT, f2:F_int_T_INT out:1
340/625 testing: f1:F_int_T_INT, f2:F_double_T_Object out:1
341/625 testing: f1:F_int_T_INT, f2:F_double_T_LONG out:1
342/625 testing: f1:F_int_T_INT, f2:F_double_T_DOUBLE out:1
343/625 testing: f1:F_int_T_INT, f2:F_double_T_INT out:1
344/625 testing: f1:F_int_T_INT, f2:F_double_double out:1
345/625 testing: f1:F_int_T_INT, f2:F_double_int out:1
346/625 testing: f1:F_int_T_INT, f2:F_double_long out:1
347/625 testing: f1:F_int_T_INT, f2:F_R_T_Object out:1
348/625 testing: f1:F_int_T_INT, f2:F_R_T_LONG out:1
349/625 testing: f1:F_int_T_INT, f2:F_R_T_DOUBLE out:1.0
350/625 testing: f1:F_int_T_INT, f2:F_R_T_INT out:1
351/625 testing: f1:F_double_T_Object, f2:F_long_long out:1
352/625 testing: f1:F_double_T_Object, f2:F_long_int out:1
353/625 testing: f1:F_double_T_Object, f2:F_long_double out:1.0
354/625 testing: f1:F_double_T_Object, f2:F_long_T_Object out:1
355/625 testing: f1:F_double_T_Object, f2:F_long_T_DOUBLE out:1.0
356/625 testing: f1:F_double_T_Object, f2:F_long_T_LONG out:1
357/625 testing: f1:F_double_T_Object, f2:F_long_T_INT out:1
358/625 testing: f1:F_double_T_Object, f2:F_int_int out:1
359/625 testing: f1:F_double_T_Object, f2:F_int_long out:1
360/625 testing: f1:F_double_T_Object, f2:F_int_double out:1.0
361/625 testing: f1:F_double_T_Object, f2:F_int_T_Object out:1
362/625 testing: f1:F_double_T_Object, f2:F_int_T_LONG out:1
363/625 testing: f1:F_double_T_Object, f2:F_int_T_DOUBLE out:1.0
364/625 testing: f1:F_double_T_Object, f2:F_int_T_INT out:1
365/625 testing: f1:F_double_T_Object, f2:F_double_T_Object out:1
366/625 testing: f1:F_double_T_Object, f2:F_double_T_LONG out:1
367/625 testing: f1:F_double_T_Object, f2:F_double_T_DOUBLE out:1.0
368/625 testing: f1:F_double_T_Object, f2:F_double_T_INT out:1
369/625 testing: f1:F_double_T_Object, f2:F_double_double out:1.0
370/625 testing: f1:F_double_T_Object, f2:F_double_int out:1
371/625 testing: f1:F_double_T_Object, f2:F_double_long out:1
372/625 testing: f1:F_double_T_Object, f2:F_R_T_Object out:1
373/625 testing: f1:F_double_T_Object, f2:F_R_T_LONG out:1
374/625 testing: f1:F_double_T_Object, f2:F_R_T_DOUBLE out:1.0
375/625 testing: f1:F_double_T_Object, f2:F_R_T_INT out:1
376/625 testing: f1:F_double_T_LONG, f2:F_long_long out:1
377/625 testing: f1:F_double_T_LONG, f2:F_long_int out:1
378/625 testing: f1:F_double_T_LONG, f2:F_long_double out:1.0
379/625 testing: f1:F_double_T_LONG, f2:F_long_T_Object out:1
380/625 testing: f1:F_double_T_LONG, f2:F_long_T_DOUBLE out:1.0
381/625 testing: f1:F_double_T_LONG, f2:F_long_T_LONG out:1
382/625 testing: f1:F_double_T_LONG, f2:F_long_T_INT out:1
383/625 testing: f1:F_double_T_LONG, f2:F_int_int out:1
384/625 testing: f1:F_double_T_LONG, f2:F_int_long out:1
385/625 testing: f1:F_double_T_LONG, f2:F_int_double out:1.0
386/625 testing: f1:F_double_T_LONG, f2:F_int_T_Object out:1
387/625 testing: f1:F_double_T_LONG, f2:F_int_T_LONG out:1
388/625 testing: f1:F_double_T_LONG, f2:F_int_T_DOUBLE out:1.0
389/625 testing: f1:F_double_T_LONG, f2:F_int_T_INT out:1
390/625 testing: f1:F_double_T_LONG, f2:F_double_T_Object out:1
391/625 testing: f1:F_double_T_LONG, f2:F_double_T_LONG out:1
392/625 testing: f1:F_double_T_LONG, f2:F_double_T_DOUBLE out:1.0
393/625 testing: f1:F_double_T_LONG, f2:F_double_T_INT out:1
394/625 testing: f1:F_double_T_LONG, f2:F_double_double out:1.0
395/625 testing: f1:F_double_T_LONG, f2:F_double_int out:1
396/625 testing: f1:F_double_T_LONG, f2:F_double_long out:1
397/625 testing: f1:F_double_T_LONG, f2:F_R_T_Object out:1
398/625 testing: f1:F_double_T_LONG, f2:F_R_T_LONG out:1
399/625 testing: f1:F_double_T_LONG, f2:F_R_T_DOUBLE out:1.0
400/625 testing: f1:F_double_T_LONG, f2:F_R_T_INT out:1
401/625 testing: f1:F_double_T_DOUBLE, f2:F_long_long out:1
402/625 testing: f1:F_double_T_DOUBLE, f2:F_long_int out:1
403/625 testing: f1:F_double_T_DOUBLE, f2:F_long_double out:1.0
404/625 testing: f1:F_double_T_DOUBLE, f2:F_long_T_Object out:1
405/625 testing: f1:F_double_T_DOUBLE, f2:F_long_T_DOUBLE out:1.0
406/625 testing: f1:F_double_T_DOUBLE, f2:F_long_T_LONG out:1
407/625 testing: f1:F_double_T_DOUBLE, f2:F_long_T_INT out:1
408/625 testing: f1:F_double_T_DOUBLE, f2:F_int_int out:1
409/625 testing: f1:F_double_T_DOUBLE, f2:F_int_long out:1
410/625 testing: f1:F_double_T_DOUBLE, f2:F_int_double out:1.0
411/625 testing: f1:F_double_T_DOUBLE, f2:F_int_T_Object out:1
412/625 testing: f1:F_double_T_DOUBLE, f2:F_int_T_LONG out:1
413/625 testing: f1:F_double_T_DOUBLE, f2:F_int_T_DOUBLE out:1.0
414/625 testing: f1:F_double_T_DOUBLE, f2:F_int_T_INT out:1
415/625 testing: f1:F_double_T_DOUBLE, f2:F_double_T_Object out:1
416/625 testing: f1:F_double_T_DOUBLE, f2:F_double_T_LONG out:1
417/625 testing: f1:F_double_T_DOUBLE, f2:F_double_T_DOUBLE out:1.0
418/625 testing: f1:F_double_T_DOUBLE, f2:F_double_T_INT out:1
419/625 testing: f1:F_double_T_DOUBLE, f2:F_double_double out:1.0
420/625 testing: f1:F_double_T_DOUBLE, f2:F_double_int out:1
421/625 testing: f1:F_double_T_DOUBLE, f2:F_double_long out:1
422/625 testing: f1:F_double_T_DOUBLE, f2:F_R_T_Object out:1.0
423/625 testing: f1:F_double_T_DOUBLE, f2:F_R_T_LONG out:1
424/625 testing: f1:F_double_T_DOUBLE, f2:F_R_T_DOUBLE out:1.0
425/625 testing: f1:F_double_T_DOUBLE, f2:F_R_T_INT out:1
426/625 testing: f1:F_double_T_INT, f2:F_long_long out:1
427/625 testing: f1:F_double_T_INT, f2:F_long_int out:1
428/625 testing: f1:F_double_T_INT, f2:F_long_double out:1.0
429/625 testing: f1:F_double_T_INT, f2:F_long_T_Object out:1
430/625 testing: f1:F_double_T_INT, f2:F_long_T_DOUBLE out:1.0
431/625 testing: f1:F_double_T_INT, f2:F_long_T_LONG out:1
432/625 testing: f1:F_double_T_INT, f2:F_long_T_INT out:1
433/625 testing: f1:F_double_T_INT, f2:F_int_int out:1
434/625 testing: f1:F_double_T_INT, f2:F_int_long out:1
435/625 testing: f1:F_double_T_INT, f2:F_int_double out:1.0
436/625 testing: f1:F_double_T_INT, f2:F_int_T_Object out:1
437/625 testing: f1:F_double_T_INT, f2:F_int_T_LONG out:1
438/625 testing: f1:F_double_T_INT, f2:F_int_T_DOUBLE out:1.0
439/625 testing: f1:F_double_T_INT, f2:F_int_T_INT out:1
440/625 testing: f1:F_double_T_INT, f2:F_double_T_Object out:1
441/625 testing: f1:F_double_T_INT, f2:F_double_T_LONG out:1
442/625 testing: f1:F_double_T_INT, f2:F_double_T_DOUBLE out:1.0
443/625 testing: f1:F_double_T_INT, f2:F_double_T_INT out:1
444/625 testing: f1:F_double_T_INT, f2:F_double_double out:1.0
445/625 testing: f1:F_double_T_INT, f2:F_double_int out:1
446/625 testing: f1:F_double_T_INT, f2:F_double_long out:1
447/625 testing: f1:F_double_T_INT, f2:F_R_T_Object out:1
448/625 testing: f1:F_double_T_INT, f2:F_R_T_LONG out:1
449/625 testing: f1:F_double_T_INT, f2:F_R_T_DOUBLE out:1.0
450/625 testing: f1:F_double_T_INT, f2:F_R_T_INT out:1
451/625 testing: f1:F_double_double, f2:F_long_long out:1
452/625 testing: f1:F_double_double, f2:F_long_int out:1
453/625 testing: f1:F_double_double, f2:F_long_double out:1.0
454/625 testing: f1:F_double_double, f2:F_long_T_Object out:1
455/625 testing: f1:F_double_double, f2:F_long_T_DOUBLE out:1.0
456/625 testing: f1:F_double_double, f2:F_long_T_LONG out:1
457/625 testing: f1:F_double_double, f2:F_long_T_INT out:1
458/625 testing: f1:F_double_double, f2:F_int_int out:1
459/625 testing: f1:F_double_double, f2:F_int_long out:1
460/625 testing: f1:F_double_double, f2:F_int_double out:1.0
461/625 testing: f1:F_double_double, f2:F_int_T_Object out:1
462/625 testing: f1:F_double_double, f2:F_int_T_LONG out:1
463/625 testing: f1:F_double_double, f2:F_int_T_DOUBLE out:1.0
464/625 testing: f1:F_double_double, f2:F_int_T_INT out:1
465/625 testing: f1:F_double_double, f2:F_double_T_Object out:1
466/625 testing: f1:F_double_double, f2:F_double_T_LONG out:1
467/625 testing: f1:F_double_double, f2:F_double_T_DOUBLE out:1.0
468/625 testing: f1:F_double_double, f2:F_double_T_INT out:1
469/625 testing: f1:F_double_double, f2:F_double_double out:1.0
470/625 testing: f1:F_double_double, f2:F_double_int out:1
471/625 testing: f1:F_double_double, f2:F_double_long out:1
472/625 testing: f1:F_double_double, f2:F_R_T_Object out:1.0
473/625 testing: f1:F_double_double, f2:F_R_T_LONG out:1
474/625 testing: f1:F_double_double, f2:F_R_T_DOUBLE out:1.0
475/625 testing: f1:F_double_double, f2:F_R_T_INT out:1
476/625 testing: f1:F_double_int, f2:F_long_long out:1
477/625 testing: f1:F_double_int, f2:F_long_int out:1
478/625 testing: f1:F_double_int, f2:F_long_double out:1.0
479/625 testing: f1:F_double_int, f2:F_long_T_Object out:1
480/625 testing: f1:F_double_int, f2:F_long_T_DOUBLE out:1.0
481/625 testing: f1:F_double_int, f2:F_long_T_LONG out:1
482/625 testing: f1:F_double_int, f2:F_long_T_INT out:1
483/625 testing: f1:F_double_int, f2:F_int_int out:1
484/625 testing: f1:F_double_int, f2:F_int_long out:1
485/625 testing: f1:F_double_int, f2:F_int_double out:1.0
486/625 testing: f1:F_double_int, f2:F_int_T_Object out:1
487/625 testing: f1:F_double_int, f2:F_int_T_LONG out:1
488/625 testing: f1:F_double_int, f2:F_int_T_DOUBLE out:1.0
489/625 testing: f1:F_double_int, f2:F_int_T_INT out:1
490/625 testing: f1:F_double_int, f2:F_double_T_Object out:1
491/625 testing: f1:F_double_int, f2:F_double_T_LONG out:1
492/625 testing: f1:F_double_int, f2:F_double_T_DOUBLE out:1.0
493/625 testing: f1:F_double_int, f2:F_double_T_INT out:1
494/625 testing: f1:F_double_int, f2:F_double_double out:1.0
495/625 testing: f1:F_double_int, f2:F_double_int out:1
496/625 testing: f1:F_double_int, f2:F_double_long out:1
497/625 testing: f1:F_double_int, f2:F_R_T_Object out:1
498/625 testing: f1:F_double_int, f2:F_R_T_LONG out:1
499/625 testing: f1:F_double_int, f2:F_R_T_DOUBLE out:1.0
500/625 testing: f1:F_double_int, f2:F_R_T_INT out:1
501/625 testing: f1:F_double_long, f2:F_long_long out:1
502/625 testing: f1:F_double_long, f2:F_long_int out:1
503/625 testing: f1:F_double_long, f2:F_long_double out:1.0
504/625 testing: f1:F_double_long, f2:F_long_T_Object out:1
505/625 testing: f1:F_double_long, f2:F_long_T_DOUBLE out:1.0
506/625 testing: f1:F_double_long, f2:F_long_T_LONG out:1
507/625 testing: f1:F_double_long, f2:F_long_T_INT out:1
508/625 testing: f1:F_double_long, f2:F_int_int out:1
509/625 testing: f1:F_double_long, f2:F_int_long out:1
510/625 testing: f1:F_double_long, f2:F_int_double out:1.0
511/625 testing: f1:F_double_long, f2:F_int_T_Object out:1
512/625 testing: f1:F_double_long, f2:F_int_T_LONG out:1
513/625 testing: f1:F_double_long, f2:F_int_T_DOUBLE out:1.0
514/625 testing: f1:F_double_long, f2:F_int_T_INT out:1
515/625 testing: f1:F_double_long, f2:F_double_T_Object out:1
516/625 testing: f1:F_double_long, f2:F_double_T_LONG out:1
517/625 testing: f1:F_double_long, f2:F_double_T_DOUBLE out:1.0
518/625 testing: f1:F_double_long, f2:F_double_T_INT out:1
519/625 testing: f1:F_double_long, f2:F_double_double out:1.0
520/625 testing: f1:F_double_long, f2:F_double_int out:1
521/625 testing: f1:F_double_long, f2:F_double_long out:1
522/625 testing: f1:F_double_long, f2:F_R_T_Object out:1
523/625 testing: f1:F_double_long, f2:F_R_T_LONG out:1
524/625 testing: f1:F_double_long, f2:F_R_T_DOUBLE out:1.0
525/625 testing: f1:F_double_long, f2:F_R_T_INT out:1
526/625 testing: f1:F_R_T_Object, f2:F_long_long out:1
527/625 testing: f1:F_R_T_Object, f2:F_long_int out:1
528/625 testing: f1:F_R_T_Object, f2:F_long_double out:1.0
529/625 testing: f1:F_R_T_Object, f2:F_long_T_Object out:1
530/625 testing: f1:F_R_T_Object, f2:F_long_T_DOUBLE out:1.0
531/625 testing: f1:F_R_T_Object, f2:F_long_T_LONG out:1
532/625 testing: f1:F_R_T_Object, f2:F_long_T_INT out:1
533/625 testing: f1:F_R_T_Object, f2:F_int_int out:1
534/625 testing: f1:F_R_T_Object, f2:F_int_long out:1
535/625 testing: f1:F_R_T_Object, f2:F_int_double out:1.0
536/625 testing: f1:F_R_T_Object, f2:F_int_T_Object out:1
537/625 testing: f1:F_R_T_Object, f2:F_int_T_LONG out:1
538/625 testing: f1:F_R_T_Object, f2:F_int_T_DOUBLE out:1.0
539/625 testing: f1:F_R_T_Object, f2:F_int_T_INT out:1
540/625 testing: f1:F_R_T_Object, f2:F_double_T_Object out:1
541/625 testing: f1:F_R_T_Object, f2:F_double_T_LONG out:1
542/625 testing: f1:F_R_T_Object, f2:F_double_T_DOUBLE out:1.0
543/625 testing: f1:F_R_T_Object, f2:F_double_T_INT out:1
544/625 testing: f1:F_R_T_Object, f2:F_double_double out:1.0
545/625 testing: f1:F_R_T_Object, f2:F_double_int out:1
546/625 testing: f1:F_R_T_Object, f2:F_double_long out:1
547/625 testing: f1:F_R_T_Object, f2:F_R_T_Object out:1
548/625 testing: f1:F_R_T_Object, f2:F_R_T_LONG out:1
549/625 testing: f1:F_R_T_Object, f2:F_R_T_DOUBLE out:1.0
550/625 testing: f1:F_R_T_Object, f2:F_R_T_INT out:1
551/625 testing: f1:F_R_T_LONG, f2:F_long_long out:1
552/625 testing: f1:F_R_T_LONG, f2:F_long_int out:1
553/625 testing: f1:F_R_T_LONG, f2:F_long_double out:1.0
554/625 testing: f1:F_R_T_LONG, f2:F_long_T_Object out:1
555/625 testing: f1:F_R_T_LONG, f2:F_long_T_DOUBLE out:1.0
556/625 testing: f1:F_R_T_LONG, f2:F_long_T_LONG out:1
557/625 testing: f1:F_R_T_LONG, f2:F_long_T_INT out:1
558/625 testing: f1:F_R_T_LONG, f2:F_int_int out:1
559/625 testing: f1:F_R_T_LONG, f2:F_int_long out:1
560/625 testing: f1:F_R_T_LONG, f2:F_int_double out:1.0
561/625 testing: f1:F_R_T_LONG, f2:F_int_T_Object out:1
562/625 testing: f1:F_R_T_LONG, f2:F_int_T_LONG out:1
563/625 testing: f1:F_R_T_LONG, f2:F_int_T_DOUBLE out:1.0
564/625 testing: f1:F_R_T_LONG, f2:F_int_T_INT out:1
565/625 testing: f1:F_R_T_LONG, f2:F_double_T_Object out:1
566/625 testing: f1:F_R_T_LONG, f2:F_double_T_LONG out:1
567/625 testing: f1:F_R_T_LONG, f2:F_double_T_DOUBLE out:1.0
568/625 testing: f1:F_R_T_LONG, f2:F_double_T_INT out:1
569/625 testing: f1:F_R_T_LONG, f2:F_double_double out:1.0
570/625 testing: f1:F_R_T_LONG, f2:F_double_int out:1
571/625 testing: f1:F_R_T_LONG, f2:F_double_long out:1
572/625 testing: f1:F_R_T_LONG, f2:F_R_T_Object out:1
573/625 testing: f1:F_R_T_LONG, f2:F_R_T_LONG out:1
574/625 testing: f1:F_R_T_LONG, f2:F_R_T_DOUBLE out:1.0
575/625 testing: f1:F_R_T_LONG, f2:F_R_T_INT out:1
576/625 testing: f1:F_R_T_DOUBLE, f2:F_long_long out:1
577/625 testing: f1:F_R_T_DOUBLE, f2:F_long_int out:1
578/625 testing: f1:F_R_T_DOUBLE, f2:F_long_double out:1.0
579/625 testing: f1:F_R_T_DOUBLE, f2:F_long_T_Object out:1
580/625 testing: f1:F_R_T_DOUBLE, f2:F_long_T_DOUBLE out:1.0
581/625 testing: f1:F_R_T_DOUBLE, f2:F_long_T_LONG out:1
582/625 testing: f1:F_R_T_DOUBLE, f2:F_long_T_INT out:1
583/625 testing: f1:F_R_T_DOUBLE, f2:F_int_int out:1
584/625 testing: f1:F_R_T_DOUBLE, f2:F_int_long out:1
585/625 testing: f1:F_R_T_DOUBLE, f2:F_int_double out:1.0
586/625 testing: f1:F_R_T_DOUBLE, f2:F_int_T_Object out:1
587/625 testing: f1:F_R_T_DOUBLE, f2:F_int_T_LONG out:1
588/625 testing: f1:F_R_T_DOUBLE, f2:F_int_T_DOUBLE out:1.0
589/625 testing: f1:F_R_T_DOUBLE, f2:F_int_T_INT out:1
590/625 testing: f1:F_R_T_DOUBLE, f2:F_double_T_Object out:1
591/625 testing: f1:F_R_T_DOUBLE, f2:F_double_T_LONG out:1
592/625 testing: f1:F_R_T_DOUBLE, f2:F_double_T_DOUBLE out:1.0
593/625 testing: f1:F_R_T_DOUBLE, f2:F_double_T_INT out:1
594/625 testing: f1:F_R_T_DOUBLE, f2:F_double_double out:1.0
595/625 testing: f1:F_R_T_DOUBLE, f2:F_double_int out:1
596/625 testing: f1:F_R_T_DOUBLE, f2:F_double_long out:1
597/625 testing: f1:F_R_T_DOUBLE, f2:F_R_T_Object out:1.0
598/625 testing: f1:F_R_T_DOUBLE, f2:F_R_T_LONG out:1
599/625 testing: f1:F_R_T_DOUBLE, f2:F_R_T_DOUBLE out:1.0
600/625 testing: f1:F_R_T_DOUBLE, f2:F_R_T_INT out:1
601/625 testing: f1:F_R_T_INT, f2:F_long_long out:1
602/625 testing: f1:F_R_T_INT, f2:F_long_int out:1
603/625 testing: f1:F_R_T_INT, f2:F_long_double out:1.0
604/625 testing: f1:F_R_T_INT, f2:F_long_T_Object out:1
605/625 testing: f1:F_R_T_INT, f2:F_long_T_DOUBLE out:1.0
606/625 testing: f1:F_R_T_INT, f2:F_long_T_LONG out:1
607/625 testing: f1:F_R_T_INT, f2:F_long_T_INT out:1
608/625 testing: f1:F_R_T_INT, f2:F_int_int out:1
609/625 testing: f1:F_R_T_INT, f2:F_int_long out:1
610/625 testing: f1:F_R_T_INT, f2:F_int_double out:1.0
611/625 testing: f1:F_R_T_INT, f2:F_int_T_Object out:1
612/625 testing: f1:F_R_T_INT, f2:F_int_T_LONG out:1
613/625 testing: f1:F_R_T_INT, f2:F_int_T_DOUBLE out:1.0
614/625 testing: f1:F_R_T_INT, f2:F_int_T_INT out:1
615/625 testing: f1:F_R_T_INT, f2:F_double_T_Object out:1
616/625 testing: f1:F_R_T_INT, f2:F_double_T_LONG out:1
617/625 testing: f1:F_R_T_INT, f2:F_double_T_DOUBLE out:1.0
618/625 testing: f1:F_R_T_INT, f2:F_double_T_INT out:1
619/625 testing: f1:F_R_T_INT, f2:F_double_double out:1.0
620/625 testing: f1:F_R_T_INT, f2:F_double_int out:1
621/625 testing: f1:F_R_T_INT, f2:F_double_long out:1
622/625 testing: f1:F_R_T_INT, f2:F_R_T_Object out:1
623/625 testing: f1:F_R_T_INT, f2:F_R_T_LONG out:1
624/625 testing: f1:F_R_T_INT, f2:F_R_T_DOUBLE out:1.0
625/625 testing: f1:F_R_T_INT, f2:F_R_T_INT out:1
[INFO] Tests run: 1, Failures: 0, Errors: 0, Skipped: 0, Time elapsed: 0.237 s - in io.nosqlbench.virtdata.core.composers.FunctionAssemblerMatrixTest
[INFO] Running io.nosqlbench.virtdata.core.composers.FunctionAssemblerTest
[INFO] Tests run: 8, Failures: 0, Errors: 0, Skipped: 0, Time elapsed: 0.007 s - in io.nosqlbench.virtdata.core.composers.FunctionAssemblerTest
[INFO] Running io.nosqlbench.virtdata.core.ResolvedFunctionTest
[INFO] Tests run: 2, Failures: 0, Errors: 0, Skipped: 0, Time elapsed: 0.004 s - in io.nosqlbench.virtdata.core.ResolvedFunctionTest
[INFO] Running io.nosqlbench.virtdata.core.VirtDataTest
[INFO] Tests run: 1, Failures: 0, Errors: 0, Skipped: 0, Time elapsed: 0.002 s - in io.nosqlbench.virtdata.core.VirtDataTest
[INFO] Running io.nosqlbench.virtdata.api.bindings.VirtDataConversionsTest
[INFO] Tests run: 1, Failures: 0, Errors: 0, Skipped: 0, Time elapsed: 0.092 s - in io.nosqlbench.virtdata.api.bindings.VirtDataConversionsTest
[INFO] Running io.nosqlbench.virtdata.util.StringObjectPromoterTest
[INFO] Tests run: 10, Failures: 0, Errors: 0, Skipped: 0, Time elapsed: 0.029 s - in io.nosqlbench.virtdata.util.StringObjectPromoterTest
[INFO] Running io.nosqlbench.virtdata.util.VirtDataFunctionsTest
[INFO] Tests run: 2, Failures: 0, Errors: 0, Skipped: 0, Time elapsed: 0.007 s - in io.nosqlbench.virtdata.util.VirtDataFunctionsTest
[INFO] Running io.nosqlbench.virtdata.annotations.ExampleDataTest
[INFO] Tests run: 3, Failures: 0, Errors: 0, Skipped: 0, Time elapsed: 0.009 s - in io.nosqlbench.virtdata.annotations.ExampleDataTest
[INFO] Running io.nosqlbench.virtdata.testmappers.TestableTemplateTest
[INFO] Tests run: 1, Failures: 0, Errors: 0, Skipped: 0, Time elapsed: 0.002 s - in io.nosqlbench.virtdata.testmappers.TestableTemplateTest
[INFO] 
[INFO] Results:
[INFO] 
[INFO] Tests run: 53, Failures: 0, Errors: 0, Skipped: 0
[INFO] 
[INFO] 
[INFO] ------------------< io.nosqlbench:virtdata-realdata >-------------------
[INFO] Building virtdata-realdata 4.15.89-SNAPSHOT                       [6/42]
[INFO] --------------------------------[ jar ]---------------------------------
[WARNING] The artifact org.slf4j:slf4j-log4j12:jar:1.7.36 has been relocated to org.slf4j:slf4j-reload4j:jar:1.7.36
[INFO] 
[INFO] --- maven-clean-plugin:3.1.0:clean (default-clean) @ virtdata-realdata ---
[INFO] Deleting /home/gabsko/breaking-updates/virtdata-realdata/target
[INFO] 
[INFO] --- maven-resources-plugin:3.1.0:resources (default-resources) @ virtdata-realdata ---
[INFO] Using 'UTF-8' encoding to copy filtered resources.
[INFO] Copying 15 resources
[INFO] 
[INFO] --- maven-compiler-plugin:3.8.1:compile (default-compile) @ virtdata-realdata ---
[INFO] Changes detected - recompiling the module!
[INFO] Compiling 1 source file to /home/gabsko/breaking-updates/virtdata-realdata/target/classes
[INFO] 
[INFO] --- maven-resources-plugin:3.1.0:testResources (default-testResources) @ virtdata-realdata ---
[INFO] Using 'UTF-8' encoding to copy filtered resources.
[INFO] skip non existing resourceDirectory /home/gabsko/breaking-updates/virtdata-realdata/src/test/resources
[INFO] 
[INFO] --- maven-compiler-plugin:3.8.1:testCompile (default-testCompile) @ virtdata-realdata ---
[INFO] No sources to compile
[INFO] 
[INFO] --- maven-surefire-plugin:3.0.0-M4:test (default-test) @ virtdata-realdata ---
[INFO] No tests to run.
[INFO] 
[INFO] -----------------< io.nosqlbench:virtdata-lib-basics >------------------
[INFO] Building virtdata-lib-basics 4.15.89-SNAPSHOT                     [7/42]
[INFO] --------------------------------[ jar ]---------------------------------
[WARNING] The artifact org.slf4j:slf4j-log4j12:jar:1.7.36 has been relocated to org.slf4j:slf4j-reload4j:jar:1.7.36
[INFO] 
[INFO] --- maven-clean-plugin:3.1.0:clean (default-clean) @ virtdata-lib-basics ---
[INFO] Deleting /home/gabsko/breaking-updates/virtdata-lib-basics/target
[INFO] 
[INFO] --- maven-resources-plugin:3.1.0:resources (default-resources) @ virtdata-lib-basics ---
[INFO] Using 'UTF-8' encoding to copy filtered resources.
[INFO] Copying 72 resources
[INFO] 
[INFO] --- maven-compiler-plugin:3.8.1:compile (default-compile) @ virtdata-lib-basics ---
[INFO] Changes detected - recompiling the module!
[INFO] Compiling 341 source files to /home/gabsko/breaking-updates/virtdata-lib-basics/target/classes
[INFO] /home/gabsko/breaking-updates/virtdata-lib-basics/src/main/java/io/nosqlbench/virtdata/library/basics/shared/from_long/to_collection/SetSized.java: Some input files use unchecked or unsafe operations.
[INFO] /home/gabsko/breaking-updates/virtdata-lib-basics/src/main/java/io/nosqlbench/virtdata/library/basics/shared/from_long/to_collection/SetSized.java: Recompile with -Xlint:unchecked for details.
[INFO] 
[INFO] --- maven-resources-plugin:3.1.0:testResources (default-testResources) @ virtdata-lib-basics ---
[INFO] Using 'UTF-8' encoding to copy filtered resources.
[INFO] Copying 6 resources
[INFO] 
[INFO] --- maven-compiler-plugin:3.8.1:testCompile (default-testCompile) @ virtdata-lib-basics ---
[INFO] Changes detected - recompiling the module!
[INFO] Compiling 67 source files to /home/gabsko/breaking-updates/virtdata-lib-basics/target/test-classes
[INFO] /home/gabsko/breaking-updates/virtdata-lib-basics/src/test/java/io/nosqlbench/virtdata/library/basics/shared/from_long/to_collection/SetTest.java: Some input files use or override a deprecated API.
[INFO] /home/gabsko/breaking-updates/virtdata-lib-basics/src/test/java/io/nosqlbench/virtdata/library/basics/shared/from_long/to_collection/SetTest.java: Recompile with -Xlint:deprecation for details.
[INFO] /home/gabsko/breaking-updates/virtdata-lib-basics/src/test/java/io/nosqlbench/virtdata/library/basics/shared/IntFlowTest.java: /home/gabsko/breaking-updates/virtdata-lib-basics/src/test/java/io/nosqlbench/virtdata/library/basics/shared/IntFlowTest.java uses unchecked or unsafe operations.
[INFO] /home/gabsko/breaking-updates/virtdata-lib-basics/src/test/java/io/nosqlbench/virtdata/library/basics/shared/IntFlowTest.java: Recompile with -Xlint:unchecked for details.
[INFO] 
[INFO] --- maven-surefire-plugin:3.0.0-M4:test (default-test) @ virtdata-lib-basics ---
[INFO] 
[INFO] -------------------------------------------------------
[INFO]  T E S T S
[INFO] -------------------------------------------------------
[INFO] Running io.nosqlbench.virtdata.library.basics.core.lfsrs.MetaShiftTest
[INFO] Tests run: 5, Failures: 0, Errors: 0, Skipped: 0, Time elapsed: 0.564 s - in io.nosqlbench.virtdata.library.basics.core.lfsrs.MetaShiftTest
[INFO] Running io.nosqlbench.virtdata.library.basics.core.stathelpers.DiscreteProbabilityBufferTest
entry: 1:0.001953125
entry: 2:0.001953125
entry: 3:0.00390625
entry: 4:0.0078125
entry: 5:0.015625
entry: 6:0.03125
entry: 7:0.0625
entry: 8:0.125
entry: 9:0.25
entry: 10:0.5
cumuProb:1.0
[INFO] Tests run: 1, Failures: 0, Errors: 0, Skipped: 0, Time elapsed: 0.011 s - in io.nosqlbench.virtdata.library.basics.core.stathelpers.DiscreteProbabilityBufferTest
[INFO] Running io.nosqlbench.virtdata.library.basics.core.stathelpers.aliasmethod.AliasSamplerDoubleIntTest
Single threaded performance: 100000000 ops in 605085028 nanos for 165266029.355464 ops/s
[0, 1667, 3334, 4999]
[0, 79, 79, 157, 313, 626, 1250, 2499, 4997]
[WARNING] Tests run: 4, Failures: 0, Errors: 0, Skipped: 1, Time elapsed: 1.172 s - in io.nosqlbench.virtdata.library.basics.core.stathelpers.aliasmethod.AliasSamplerDoubleIntTest
[INFO] Running io.nosqlbench.virtdata.library.basics.core.stathelpers.aliasmethod.AliasElementSamplerTest
[0, 79, 79, 157, 313, 626, 1250, 2499, 4997]
[INFO] Tests run: 1, Failures: 0, Errors: 0, Skipped: 0, Time elapsed: 0.005 s - in io.nosqlbench.virtdata.library.basics.core.stathelpers.aliasmethod.AliasElementSamplerTest
[INFO] Running io.nosqlbench.virtdata.library.basics.shared.conversions.from_long.ToByteBufferTest
[INFO] Tests run: 3, Failures: 0, Errors: 0, Skipped: 0, Time elapsed: 0.005 s - in io.nosqlbench.virtdata.library.basics.shared.conversions.from_long.ToByteBufferTest
[INFO] Running io.nosqlbench.virtdata.library.basics.shared.conversions.from_long.ToStringTest
[INFO] Tests run: 4, Failures: 0, Errors: 0, Skipped: 0, Time elapsed: 0.005 s - in io.nosqlbench.virtdata.library.basics.shared.conversions.from_long.ToStringTest
[INFO] Running io.nosqlbench.virtdata.library.basics.shared.conversions.from_double.ToStringTest
[INFO] Tests run: 4, Failures: 0, Errors: 0, Skipped: 0, Time elapsed: 0.005 s - in io.nosqlbench.virtdata.library.basics.shared.conversions.from_double.ToStringTest
[INFO] Running io.nosqlbench.virtdata.library.basics.shared.unary_string.ReplaceRegexTest
[INFO] Tests run: 2, Failures: 0, Errors: 0, Skipped: 0, Time elapsed: 0.002 s - in io.nosqlbench.virtdata.library.basics.shared.unary_string.ReplaceRegexTest
[INFO] Running io.nosqlbench.virtdata.library.basics.shared.unary_string.TemplateTest
[INFO] Tests run: 3, Failures: 0, Errors: 0, Skipped: 0, Time elapsed: 0.015 s - in io.nosqlbench.virtdata.library.basics.shared.unary_string.TemplateTest
[INFO] Running io.nosqlbench.virtdata.library.basics.shared.unary_string.FieldExtractorTest
[INFO] Tests run: 2, Failures: 0, Errors: 0, Skipped: 0, Time elapsed: 0.012 s - in io.nosqlbench.virtdata.library.basics.shared.unary_string.FieldExtractorTest
[INFO] Running io.nosqlbench.virtdata.library.basics.shared.stateful.LoadThreadLocalTests
[INFO] Tests run: 5, Failures: 0, Errors: 0, Skipped: 0, Time elapsed: 0.01 s - in io.nosqlbench.virtdata.library.basics.shared.stateful.LoadThreadLocalTests
[INFO] Running io.nosqlbench.virtdata.library.basics.shared.stateful.ShowTest
[INFO] Tests run: 1, Failures: 0, Errors: 0, Skipped: 0, Time elapsed: 0.002 s - in io.nosqlbench.virtdata.library.basics.shared.stateful.ShowTest
[INFO] Running io.nosqlbench.virtdata.library.basics.shared.stateful.NullOrPassTest
[INFO] Tests run: 4, Failures: 0, Errors: 0, Skipped: 0, Time elapsed: 0.006 s - in io.nosqlbench.virtdata.library.basics.shared.stateful.NullOrPassTest
[INFO] Running io.nosqlbench.virtdata.library.basics.shared.unary_int.IntHashTest
[INFO] Tests run: 1, Failures: 0, Errors: 0, Skipped: 0, Time elapsed: 0.002 s - in io.nosqlbench.virtdata.library.basics.shared.unary_int.IntHashTest
[INFO] Running io.nosqlbench.virtdata.library.basics.shared.diagnostics.TypeOfTest
[INFO] Tests run: 1, Failures: 0, Errors: 0, Skipped: 0, Time elapsed: 0.002 s - in io.nosqlbench.virtdata.library.basics.shared.diagnostics.TypeOfTest
[INFO] Running io.nosqlbench.virtdata.library.basics.shared.IntFlowTest
EFGHIJKLMNOPQRSTUVWXYZABCDEFGHIJKLMNOPQRSTUVWXYZABCDEFGHIJKLMNOPQRSTUVWXYZABCDEFGHIJKLMNOPQRSTUVWXYZ
[INFO] Tests run: 5, Failures: 0, Errors: 0, Skipped: 0, Time elapsed: 0.022 s - in io.nosqlbench.virtdata.library.basics.shared.IntFlowTest
[INFO] Running io.nosqlbench.virtdata.library.basics.shared.basicsmappers.ExprTest
(ops/time)=(1000000/772214572ns) rate=1294976.858
[INFO] Tests run: 5, Failures: 0, Errors: 0, Skipped: 0, Time elapsed: 0.869 s - in io.nosqlbench.virtdata.library.basics.shared.basicsmappers.ExprTest
[INFO] Running io.nosqlbench.virtdata.library.basics.shared.from_long.to_uuid.ToUUIDTest
[INFO] Tests run: 2, Failures: 0, Errors: 0, Skipped: 0, Time elapsed: 0.001 s - in io.nosqlbench.virtdata.library.basics.shared.from_long.to_uuid.ToUUIDTest
[INFO] Running io.nosqlbench.virtdata.library.basics.shared.from_long.to_uuid.ToHashedUUIDTest
[INFO] Tests run: 1, Failures: 0, Errors: 0, Skipped: 0, Time elapsed: 0.001 s - in io.nosqlbench.virtdata.library.basics.shared.from_long.to_uuid.ToHashedUUIDTest
[INFO] Running io.nosqlbench.virtdata.library.basics.shared.from_long.to_time_types.joda.TimezonesTest
[INFO] Tests run: 1, Failures: 0, Errors: 0, Skipped: 0, Time elapsed: 0.026 s - in io.nosqlbench.virtdata.library.basics.shared.from_long.to_time_types.joda.TimezonesTest
[INFO] Running io.nosqlbench.virtdata.library.basics.shared.from_long.to_time_types.joda.ToMillisAtStartOfTimeframeTests
[INFO] Tests run: 9, Failures: 0, Errors: 0, Skipped: 0, Time elapsed: 0.111 s - in io.nosqlbench.virtdata.library.basics.shared.from_long.to_time_types.joda.ToMillisAtStartOfTimeframeTests
[INFO] Running io.nosqlbench.virtdata.library.basics.shared.from_long.to_time_types.ToDateTest
[INFO] Tests run: 2, Failures: 0, Errors: 0, Skipped: 0, Time elapsed: 0.015 s - in io.nosqlbench.virtdata.library.basics.shared.from_long.to_time_types.ToDateTest
[INFO] Running io.nosqlbench.virtdata.library.basics.shared.from_long.to_collection.ListSizedHashedTest
L{6230831440793267488}
L{1890224253118620849}
L{6547064057926097980}
L{6550781878632472331}
L{578331311602652151}
L{7839901772208873102}
L{171192923694429698}
L{5191950665966578870}
L{8480101364643400392}
L{6430845061144496567}
L{4927736457669061486}
L{4231884545630975006}
L{5131520138470025968}
L{7956668324612438705}
L{470481653519822592}
L{8386789411135296226}
L{1888789799201510721}
L{2673394748313685307}
L{9199489684923556534}
L{7178644953191857339}
L{6319450045204224695}
L{6613130192665828692}
L{5599023019300171271}
L{6491887258544916498}
L{8601320758979964972}
L{6583370270222842061}
L{7499801590664374618}
L{6119920834090908762}
L{833017302195531651}
L{4034148463600419421}
L{3082307468938861695}
L{404210454449867092}
L{1086880059762628052}
L{2667221304225360137}
L{4259724360211121058}
L{1201290297550525891}
L{6844769750854934062}
[INFO] Tests run: 2, Failures: 0, Errors: 0, Skipped: 0, Time elapsed: 0.015 s - in io.nosqlbench.virtdata.library.basics.shared.from_long.to_collection.ListSizedHashedTest
[INFO] Running io.nosqlbench.virtdata.library.basics.shared.from_long.to_collection.ListTest
[INFO] Tests run: 2, Failures: 0, Errors: 0, Skipped: 0, Time elapsed: 0.007 s - in io.nosqlbench.virtdata.library.basics.shared.from_long.to_collection.ListTest
[INFO] Running io.nosqlbench.virtdata.library.basics.shared.from_long.to_collection.SetFunctionsTest
[3.0, 3]
[INFO] Tests run: 6, Failures: 0, Errors: 0, Skipped: 0, Time elapsed: 0.03 s - in io.nosqlbench.virtdata.library.basics.shared.from_long.to_collection.SetFunctionsTest
[INFO] Running io.nosqlbench.virtdata.library.basics.shared.from_long.to_collection.MapFunctionsTest
[INFO] Tests run: 6, Failures: 0, Errors: 0, Skipped: 0, Time elapsed: 0.071 s - in io.nosqlbench.virtdata.library.basics.shared.from_long.to_collection.MapFunctionsTest
[INFO] Running io.nosqlbench.virtdata.library.basics.shared.from_long.to_collection.MapTest
[INFO] Tests run: 4, Failures: 0, Errors: 0, Skipped: 0, Time elapsed: 0.015 s - in io.nosqlbench.virtdata.library.basics.shared.from_long.to_collection.MapTest
[INFO] Running io.nosqlbench.virtdata.library.basics.shared.from_long.to_collection.ListFunctionsTest
[INFO] Tests run: 1, Failures: 0, Errors: 0, Skipped: 0, Time elapsed: 0.016 s - in io.nosqlbench.virtdata.library.basics.shared.from_long.to_collection.ListFunctionsTest
[INFO] Running io.nosqlbench.virtdata.library.basics.shared.from_long.to_collection.SetTest
[INFO] Tests run: 2, Failures: 0, Errors: 0, Skipped: 0, Time elapsed: 0.004 s - in io.nosqlbench.virtdata.library.basics.shared.from_long.to_collection.SetTest
[INFO] Running io.nosqlbench.virtdata.library.basics.shared.from_long.to_long.HashRangeScaledTest
LongSummaryStatistics{count=1000000, sum=125022922888, min=0, average=125022.922888, max=498820}
LongSummaryStatistics{count=1000000, sum=500092691712, min=0, average=500092.691712, max=1995280}
LongSummaryStatistics{count=1000000, sum=250046345856, min=0, average=250046.345856, max=997640}
[INFO] Tests run: 4, Failures: 0, Errors: 0, Skipped: 0, Time elapsed: 0.362 s - in io.nosqlbench.virtdata.library.basics.shared.from_long.to_long.HashRangeScaledTest
[INFO] Running io.nosqlbench.virtdata.library.basics.shared.from_long.to_long.ShuffleTest
[1, 15, 2, 11, 3, 12, 4, 16, 5, 14, 6, 9, 7, 13, 8, 10]
[1, 2, 3, 4, 5, 6, 7, 8, 9, 10, 11, 12, 13, 14, 15, 16]
[WARNING] Tests run: 5, Failures: 0, Errors: 0, Skipped: 4, Time elapsed: 0.007 s - in io.nosqlbench.virtdata.library.basics.shared.from_long.to_long.ShuffleTest
[INFO] Running io.nosqlbench.virtdata.library.basics.shared.from_long.to_long.SwapTest
[INFO] Tests run: 1, Failures: 0, Errors: 0, Skipped: 0, Time elapsed: 0.002 s - in io.nosqlbench.virtdata.library.basics.shared.from_long.to_long.SwapTest
[INFO] Running io.nosqlbench.virtdata.library.basics.shared.from_long.to_long.InterpolateTest
expected long at 80% of maximum value:800000000
 -> was 800000000
[INFO] Tests run: 2, Failures: 0, Errors: 0, Skipped: 0, Time elapsed: 1.327 s - in io.nosqlbench.virtdata.library.basics.shared.from_long.to_long.InterpolateTest
[INFO] Running io.nosqlbench.virtdata.library.basics.shared.from_long.to_long.HashIntervalTest
[INFO] Tests run: 2, Failures: 0, Errors: 0, Skipped: 0, Time elapsed: 0.002 s - in io.nosqlbench.virtdata.library.basics.shared.from_long.to_long.HashIntervalTest
[INFO] Running io.nosqlbench.virtdata.library.basics.shared.from_long.to_long.PartitionLongsTest
[INFO] Tests run: 2, Failures: 0, Errors: 0, Skipped: 0, Time elapsed: 0.006 s - in io.nosqlbench.virtdata.library.basics.shared.from_long.to_long.PartitionLongsTest
[INFO] Running io.nosqlbench.virtdata.library.basics.shared.from_long.to_long.SaveTest
[INFO] Tests run: 3, Failures: 0, Errors: 0, Skipped: 0, Time elapsed: 0.004 s - in io.nosqlbench.virtdata.library.basics.shared.from_long.to_long.SaveTest
[INFO] Running io.nosqlbench.virtdata.library.basics.shared.from_long.to_other.NullsRatioTest
[INFO] Tests run: 1, Failures: 0, Errors: 0, Skipped: 0, Time elapsed: 0.001 s - in io.nosqlbench.virtdata.library.basics.shared.from_long.to_other.NullsRatioTest
[INFO] Running io.nosqlbench.virtdata.library.basics.shared.from_long.to_bytebuffer.ByteBufferSizedHashedTest
[INFO] Tests run: 1, Failures: 0, Errors: 0, Skipped: 0, Time elapsed: 0.001 s - in io.nosqlbench.virtdata.library.basics.shared.from_long.to_bytebuffer.ByteBufferSizedHashedTest
[INFO] Running io.nosqlbench.virtdata.library.basics.shared.from_long.to_bytebuffer.DigestToByteBufferTest
2cffb2670c40af12487f5ecb39f394f1556bd4c8
8413891ca0f1e9e927c480b72a3844e6
[INFO] Tests run: 3, Failures: 0, Errors: 0, Skipped: 0, Time elapsed: 0.034 s - in io.nosqlbench.virtdata.library.basics.shared.from_long.to_bytebuffer.DigestToByteBufferTest
[INFO] Running io.nosqlbench.virtdata.library.basics.shared.from_long.to_bytebuffer.HashedByteBufferExtractTest
942c7e25f44b687ea547
5d1ea77115250841e344
caea420e2912fdcb01c4
ab519aef5c20b2885962
bf0cca1b640c34641438
47d7722a7d96c8991c72
58c8b6106c45b0bfe37f
27a1608addb8f4be676d
253448d2118ca87faa2c
2b6230b6048745cf09fd
Z1kKdHiMoU
m cVUC26KI
e7jLy Djj5
FaRZgylxLe
6GG3W u53k
5Vx3D7DXsM
DkqPtk392D
V8GsNw88sr
DcZRDEj6cL
5gKcE8DZIa
942c7e25f44b687ea547
5d1ea77115250841e344
caea420e2912fdcb01c4
ab519aef5c20b2885962
bf0cca1b640c34641438
47d7722a7d96c8991c72
58c8b6106c45b0bfe37f
27a1608addb8f4be676d
253448d2118ca87faa2c
2b6230b6048745cf09fd
 sed maxim
od vel pre
lis eu. Nu
ttis, in v
ectetur el
ctus. Phas
s enim mol
luctus. Ph
oin tempus
ur adipisc
[INFO] Tests run: 4, Failures: 0, Errors: 0, Skipped: 0, Time elapsed: 0.227 s - in io.nosqlbench.virtdata.library.basics.shared.from_long.to_bytebuffer.HashedByteBufferExtractTest
[INFO] Running io.nosqlbench.virtdata.library.basics.shared.from_long.to_object.WeightedFuncsTest
[100023, 99871, 99591, 99988, 99905, 100585, 99692, 99939, 100111, 100295][INFO] Tests run: 1, Failures: 0, Errors: 0, Skipped: 0, Time elapsed: 0.115 s - in io.nosqlbench.virtdata.library.basics.shared.from_long.to_object.WeightedFuncsTest
[INFO] Running io.nosqlbench.virtdata.library.basics.shared.from_long.to_object.CoinFuncTest
[WARNING] Tests run: 3, Failures: 0, Errors: 0, Skipped: 1, Time elapsed: 0.002 s - in io.nosqlbench.virtdata.library.basics.shared.from_long.to_object.CoinFuncTest
[INFO] Running io.nosqlbench.virtdata.library.basics.shared.from_long.to_bigdecimal.ToBigDecimalTest
[INFO] Tests run: 1, Failures: 0, Errors: 0, Skipped: 0, Time elapsed: 0.002 s - in io.nosqlbench.virtdata.library.basics.shared.from_long.to_bigdecimal.ToBigDecimalTest
[INFO] Running io.nosqlbench.virtdata.library.basics.shared.from_long.to_string.NumberNameToStringTest
[INFO] Tests run: 1, Failures: 0, Errors: 0, Skipped: 0, Time elapsed: 0.001 s - in io.nosqlbench.virtdata.library.basics.shared.from_long.to_string.NumberNameToStringTest
[INFO] Running io.nosqlbench.virtdata.library.basics.shared.from_long.to_string.TextImageExtractTest
f1:XoKTNlWyz2
f2:bcaa131121ba22c
f3:bca
cbi:teneleventwelvethirt
[INFO] Tests run: 2, Failures: 0, Errors: 0, Skipped: 0, Time elapsed: 0.003 s - in io.nosqlbench.virtdata.library.basics.shared.from_long.to_string.TextImageExtractTest
[INFO] Running io.nosqlbench.virtdata.library.basics.shared.from_long.to_string.ToMD5ByteBufferTest
[INFO] Tests run: 1, Failures: 0, Errors: 0, Skipped: 0, Time elapsed: 0.001 s - in io.nosqlbench.virtdata.library.basics.shared.from_long.to_string.ToMD5ByteBufferTest
[INFO] Running io.nosqlbench.virtdata.library.basics.shared.from_long.to_string.ToBase64StringTest
[INFO] Tests run: 2, Failures: 0, Errors: 0, Skipped: 0, Time elapsed: 0.003 s - in io.nosqlbench.virtdata.library.basics.shared.from_long.to_string.ToBase64StringTest
[INFO] Running io.nosqlbench.virtdata.library.basics.shared.from_long.to_string.JoinTemplateTest
[INFO] Tests run: 3, Failures: 0, Errors: 0, Skipped: 0, Time elapsed: 0.002 s - in io.nosqlbench.virtdata.library.basics.shared.from_long.to_string.JoinTemplateTest
[INFO] Running io.nosqlbench.virtdata.library.basics.shared.from_long.to_string.DirectoryLinesTest
[INFO] Tests run: 1, Failures: 0, Errors: 0, Skipped: 0, Time elapsed: 0.013 s - in io.nosqlbench.virtdata.library.basics.shared.from_long.to_string.DirectoryLinesTest
[INFO] Running io.nosqlbench.virtdata.library.basics.shared.from_string.MatchRegexTest
[INFO] Tests run: 1, Failures: 0, Errors: 0, Skipped: 0, Time elapsed: 0.001 s - in io.nosqlbench.virtdata.library.basics.shared.from_string.MatchRegexTest
[INFO] Running io.nosqlbench.virtdata.library.basics.shared.from_string.MatchFuncTest
[INFO] Tests run: 1, Failures: 0, Errors: 0, Skipped: 0, Time elapsed: 0.002 s - in io.nosqlbench.virtdata.library.basics.shared.from_string.MatchFuncTest
[INFO] Running io.nosqlbench.virtdata.library.basics.shared.distributions.CSVSamplerTest
{epsilon=24744.0, alpha=30188.0, delta=20096.0, gamma=15059.0, beta=9913.0}
{epsilon=33532.0, alpha=6724.0, delta=26796.0, gamma=19643.0, beta=13305.0}
{epsilon=23565.0, alpha=33258.0, delta=19177.0, beta=9686.0, gamma=14314.0}
{epsilon=16779.0, alpha=33468.0, delta=16700.0, gamma=16738.0, beta=16315.0}
{epsilon=28597.0, alpha=20228.0, delta=22591.0, gamma=17253.0, beta=11331.0}
{epsilon=20160.0, alpha=20017.0, delta=20096.0, beta=20084.0, gamma=19643.0}
[INFO] Tests run: 6, Failures: 0, Errors: 0, Skipped: 0, Time elapsed: 0.136 s - in io.nosqlbench.virtdata.library.basics.shared.distributions.CSVSamplerTest
[INFO] Running io.nosqlbench.virtdata.library.basics.shared.from_double.to_bigdecimal.ToBigDecimalTest
1.234567890098765E9
1.2346E+9
[INFO] Tests run: 1, Failures: 0, Errors: 0, Skipped: 0, Time elapsed: 0.002 s - in io.nosqlbench.virtdata.library.basics.shared.from_double.to_bigdecimal.ToBigDecimalTest
[INFO] Running io.nosqlbench.virtdata.library.basics.shared.from_double.to_double.to_double.ClampTest
[INFO] Tests run: 3, Failures: 0, Errors: 0, Skipped: 0, Time elapsed: 0.005 s - in io.nosqlbench.virtdata.library.basics.shared.from_double.to_double.to_double.ClampTest
[INFO] Running io.nosqlbench.virtdata.library.basics.tests.libraryimpl.BasicDataMappersTest
[INFO] Tests run: 7, Failures: 0, Errors: 0, Skipped: 0, Time elapsed: 0.494 s - in io.nosqlbench.virtdata.library.basics.tests.libraryimpl.BasicDataMappersTest
[INFO] Running io.nosqlbench.virtdata.library.basics.tests.long_double.HashedDoubleRangeTest
[INFO] Tests run: 1, Failures: 0, Errors: 0, Skipped: 0, Time elapsed: 0.018 s - in io.nosqlbench.virtdata.library.basics.tests.long_double.HashedDoubleRangeTest
[INFO] Running io.nosqlbench.virtdata.library.basics.tests.long_collections.HashedRangeToLongListTest
long list range test size: 0
long list range test size: 1
long list range test size: 2
long list range test size: 3
long list range test size: 4
long list range test size: 5
long list range test size: 6
long list range test size: 7
long list range test size: 8
long list range test size: 9
long list range test size: 10
long list range test size: 11
long list range test size: 12
long list range test size: 13
long list range test size: 14
long list range test size: 15
long list range test size: 16
long list range test size: 17
long list range test size: 18
long list range test size: 19
long list range test size: 20
long list range test size: 21
long list range test size: 22
long list range test size: 23
long list range test size: 24
long list range test size: 25
long list range test size: 26
long list range test size: 27
long list range test size: 28
long list range test size: 29
long list range test size: 30
long list range test size: 31
long list range test size: 32
long list range test size: 33
long list range test size: 34
long list range test size: 35
long list range test size: 36
long list range test size: 37
long list range test size: 38
long list range test size: 39
long list range test size: 40
long list range test size: 41
long list range test size: 42
long list range test size: 43
long list range test size: 44
long list range test size: 45
long list range test size: 46
long list range test size: 47
long list range test size: 48
long list range test size: 49
long list range test size: 50
long list range test size: 51
long list range test size: 52
long list range test size: 53
long list range test size: 54
long list range test size: 55
long list range test size: 56
long list range test size: 57
long list range test size: 58
long list range test size: 59
long list range test size: 60
long list range test size: 61
long list range test size: 62
long list range test size: 63
long list range test size: 64
long list range test size: 65
long list range test size: 66
long list range test size: 67
long list range test size: 68
long list range test size: 69
long list range test size: 70
long list range test size: 71
long list range test size: 72
long list range test size: 73
long list range test size: 74
long list range test size: 75
long list range test size: 76
long list range test size: 77
long list range test size: 78
long list range test size: 79
long list range test size: 80
long list range test size: 81
long list range test size: 82
long list range test size: 83
long list range test size: 84
long list range test size: 85
long list range test size: 86
long list range test size: 87
long list range test size: 88
long list range test size: 89
long list range test size: 90
long list range test size: 91
long list range test size: 92
long list range test size: 93
long list range test size: 94
long list range test size: 95
long list range test size: 96
long list range test size: 97
long list range test size: 98
long list range test size: 99
[INFO] Tests run: 1, Failures: 0, Errors: 0, Skipped: 0, Time elapsed: 0.015 s - in io.nosqlbench.virtdata.library.basics.tests.long_collections.HashedRangeToLongListTest
[INFO] Running io.nosqlbench.virtdata.library.basics.tests.long_string.AlphaNumericStringTest
[INFO] Tests run: 2, Failures: 0, Errors: 0, Skipped: 0, Time elapsed: 2.373 s - in io.nosqlbench.virtdata.library.basics.tests.long_string.AlphaNumericStringTest
[INFO] Running io.nosqlbench.virtdata.library.basics.tests.long_string.HashedFileExtractToStringTest
Loaded examples from data/lorem_ipsum_full.txt:IntSummaryStatistics{count=50000, sum=75111935, min=3, average=1502.238700, max=3000}
Loaded examples from data/lorem_ipsum_full.txt:IntSummaryStatistics{count=50000, sum=2320314548, min=0, average=46406.290960, max=92816}
[INFO] Tests run: 2, Failures: 0, Errors: 0, Skipped: 0, Time elapsed: 1.316 s - in io.nosqlbench.virtdata.library.basics.tests.long_string.HashedFileExtractToStringTest
[INFO] Running io.nosqlbench.virtdata.library.basics.tests.long_string.CombinationsTest
i:0 = b:00000000
i:1 = b:00000001
i:2 = b:00000010
i:3 = b:00000011
i:4 = b:00000100
i:5 = b:00000101
i:6 = b:00000110
i:7 = b:00000111
i:8 = b:00001000
i:9 = b:00001001
i:10 = b:00001010
i:11 = b:00001011
i:12 = b:00001100
i:13 = b:00001101
i:14 = b:00001110
i:15 = b:00001111
i:16 = b:00010000
i:17 = b:00010001
i:18 = b:00010010
i:19 = b:00010011
i:20 = b:00010100
i:21 = b:00010101
i:22 = b:00010110
i:23 = b:00010111
i:24 = b:00011000
i:25 = b:00011001
i:26 = b:00011010
i:27 = b:00011011
i:28 = b:00011100
i:29 = b:00011101
i:30 = b:00011110
i:31 = b:00011111
i:32 = b:00100000
i:33 = b:00100001
i:34 = b:00100010
i:35 = b:00100011
i:36 = b:00100100
i:37 = b:00100101
i:38 = b:00100110
i:39 = b:00100111
i:40 = b:00101000
i:41 = b:00101001
i:42 = b:00101010
i:43 = b:00101011
i:44 = b:00101100
i:45 = b:00101101
i:46 = b:00101110
i:47 = b:00101111
i:48 = b:00110000
i:49 = b:00110001
i:50 = b:00110010
i:51 = b:00110011
i:52 = b:00110100
i:53 = b:00110101
i:54 = b:00110110
i:55 = b:00110111
i:56 = b:00111000
i:57 = b:00111001
i:58 = b:00111010
i:59 = b:00111011
i:60 = b:00111100
i:61 = b:00111101
i:62 = b:00111110
i:63 = b:00111111
i:64 = b:01000000
i:65 = b:01000001
i:66 = b:01000010
i:67 = b:01000011
i:68 = b:01000100
i:69 = b:01000101
i:70 = b:01000110
i:71 = b:01000111
i:72 = b:01001000
i:73 = b:01001001
i:74 = b:01001010
i:75 = b:01001011
i:76 = b:01001100
i:77 = b:01001101
i:78 = b:01001110
i:79 = b:01001111
i:80 = b:01010000
i:81 = b:01010001
i:82 = b:01010010
i:83 = b:01010011
i:84 = b:01010100
i:85 = b:01010101
i:86 = b:01010110
i:87 = b:01010111
i:88 = b:01011000
i:89 = b:01011001
i:90 = b:01011010
i:91 = b:01011011
i:92 = b:01011100
i:93 = b:01011101
i:94 = b:01011110
i:95 = b:01011111
i:96 = b:01100000
i:97 = b:01100001
i:98 = b:01100010
i:99 = b:01100011
i:100 = b:01100100
i:101 = b:01100101
i:102 = b:01100110
i:103 = b:01100111
i:104 = b:01101000
i:105 = b:01101001
i:106 = b:01101010
i:107 = b:01101011
i:108 = b:01101100
i:109 = b:01101101
i:110 = b:01101110
i:111 = b:01101111
i:112 = b:01110000
i:113 = b:01110001
i:114 = b:01110010
i:115 = b:01110011
i:116 = b:01110100
i:117 = b:01110101
i:118 = b:01110110
i:119 = b:01110111
i:120 = b:01111000
i:121 = b:01111001
i:122 = b:01111010
i:123 = b:01111011
i:124 = b:01111100
i:125 = b:01111101
i:126 = b:01111110
i:127 = b:01111111
i:128 = b:10000000
i:129 = b:10000001
i:130 = b:10000010
i:131 = b:10000011
i:132 = b:10000100
i:133 = b:10000101
i:134 = b:10000110
i:135 = b:10000111
i:136 = b:10001000
i:137 = b:10001001
i:138 = b:10001010
i:139 = b:10001011
i:140 = b:10001100
i:141 = b:10001101
i:142 = b:10001110
i:143 = b:10001111
i:144 = b:10010000
i:145 = b:10010001
i:146 = b:10010010
i:147 = b:10010011
i:148 = b:10010100
i:149 = b:10010101
i:150 = b:10010110
i:151 = b:10010111
i:152 = b:10011000
i:153 = b:10011001
i:154 = b:10011010
i:155 = b:10011011
i:156 = b:10011100
i:157 = b:10011101
i:158 = b:10011110
i:159 = b:10011111
i:160 = b:10100000
i:161 = b:10100001
i:162 = b:10100010
i:163 = b:10100011
i:164 = b:10100100
i:165 = b:10100101
i:166 = b:10100110
i:167 = b:10100111
i:168 = b:10101000
i:169 = b:10101001
i:170 = b:10101010
i:171 = b:10101011
i:172 = b:10101100
i:173 = b:10101101
i:174 = b:10101110
i:175 = b:10101111
i:176 = b:10110000
i:177 = b:10110001
i:178 = b:10110010
i:179 = b:10110011
i:180 = b:10110100
i:181 = b:10110101
i:182 = b:10110110
i:183 = b:10110111
i:184 = b:10111000
i:185 = b:10111001
i:186 = b:10111010
i:187 = b:10111011
i:188 = b:10111100
i:189 = b:10111101
i:190 = b:10111110
i:191 = b:10111111
i:192 = b:11000000
i:193 = b:11000001
i:194 = b:11000010
i:195 = b:11000011
i:196 = b:11000100
i:197 = b:11000101
i:198 = b:11000110
i:199 = b:11000111
i:200 = b:11001000
i:201 = b:11001001
i:202 = b:11001010
i:203 = b:11001011
i:204 = b:11001100
i:205 = b:11001101
i:206 = b:11001110
i:207 = b:11001111
i:208 = b:11010000
i:209 = b:11010001
i:210 = b:11010010
i:211 = b:11010011
i:212 = b:11010100
i:213 = b:11010101
i:214 = b:11010110
i:215 = b:11010111
i:216 = b:11011000
i:217 = b:11011001
i:218 = b:11011010
i:219 = b:11011011
i:220 = b:11011100
i:221 = b:11011101
i:222 = b:11011110
i:223 = b:11011111
i:224 = b:11100000
i:225 = b:11100001
i:226 = b:11100010
i:227 = b:11100011
i:228 = b:11100100
i:229 = b:11100101
i:230 = b:11100110
i:231 = b:11100111
i:232 = b:11101000
i:233 = b:11101001
i:234 = b:11101010
i:235 = b:11101011
i:236 = b:11101100
i:237 = b:11101101
i:238 = b:11101110
i:239 = b:11101111
i:240 = b:11110000
i:241 = b:11110001
i:242 = b:11110010
i:243 = b:11110011
i:244 = b:11110100
i:245 = b:11110101
i:246 = b:11110110
i:247 = b:11110111
i:248 = b:11111000
i:249 = b:11111001
i:250 = b:11111010
i:251 = b:11111011
i:252 = b:11111100
i:253 = b:11111101
i:254 = b:11111110
i:255 = b:11111111
i:256 = b:00000000
i:257 = b:00000001
i:258 = b:00000010
i:259 = b:00000011
i:260 = b:00000100
i:261 = b:00000101
i:262 = b:00000110
i:263 = b:00000111
i:264 = b:00001000
i:265 = b:00001001
i:266 = b:00001010
i:267 = b:00001011
i:268 = b:00001100
i:269 = b:00001101
i:270 = b:00001110
i:271 = b:00001111
i:272 = b:00010000
i:273 = b:00010001
i:274 = b:00010010
i:275 = b:00010011
i:276 = b:00010100
i:277 = b:00010101
i:278 = b:00010110
i:279 = b:00010111
i:280 = b:00011000
i:281 = b:00011001
i:282 = b:00011010
i:283 = b:00011011
i:284 = b:00011100
i:285 = b:00011101
i:286 = b:00011110
i:287 = b:00011111
i:288 = b:00100000
i:289 = b:00100001
i:290 = b:00100010
i:291 = b:00100011
i:292 = b:00100100
i:293 = b:00100101
i:294 = b:00100110
i:295 = b:00100111
i:296 = b:00101000
i:297 = b:00101001
i:298 = b:00101010
i:299 = b:00101011
i:300 = b:00101100
i:301 = b:00101101
i:302 = b:00101110
i:303 = b:00101111
i:304 = b:00110000
i:305 = b:00110001
i:306 = b:00110010
i:307 = b:00110011
i:308 = b:00110100
i:309 = b:00110101
i:310 = b:00110110
i:311 = b:00110111
i:312 = b:00111000
i:313 = b:00111001
i:314 = b:00111010
i:315 = b:00111011
i:316 = b:00111100
i:317 = b:00111101
i:318 = b:00111110
i:319 = b:00111111
i:320 = b:01000000
i:321 = b:01000001
i:322 = b:01000010
i:323 = b:01000011
i:324 = b:01000100
i:325 = b:01000101
i:326 = b:01000110
i:327 = b:01000111
i:328 = b:01001000
i:329 = b:01001001
i:330 = b:01001010
i:331 = b:01001011
i:332 = b:01001100
i:333 = b:01001101
i:334 = b:01001110
i:335 = b:01001111
i:336 = b:01010000
i:337 = b:01010001
i:338 = b:01010010
i:339 = b:01010011
i:340 = b:01010100
i:341 = b:01010101
i:342 = b:01010110
i:343 = b:01010111
i:344 = b:01011000
i:345 = b:01011001
i:346 = b:01011010
i:347 = b:01011011
i:348 = b:01011100
i:349 = b:01011101
i:350 = b:01011110
i:351 = b:01011111
i:352 = b:01100000
i:353 = b:01100001
i:354 = b:01100010
i:355 = b:01100011
i:356 = b:01100100
i:357 = b:01100101
i:358 = b:01100110
i:359 = b:01100111
i:360 = b:01101000
i:361 = b:01101001
i:362 = b:01101010
i:363 = b:01101011
i:364 = b:01101100
i:365 = b:01101101
i:366 = b:01101110
i:367 = b:01101111
i:368 = b:01110000
i:369 = b:01110001
i:370 = b:01110010
i:371 = b:01110011
i:372 = b:01110100
i:373 = b:01110101
i:374 = b:01110110
i:375 = b:01110111
i:376 = b:01111000
i:377 = b:01111001
i:378 = b:01111010
i:379 = b:01111011
i:380 = b:01111100
i:381 = b:01111101
i:382 = b:01111110
i:383 = b:01111111
i:384 = b:10000000
i:385 = b:10000001
i:386 = b:10000010
i:387 = b:10000011
i:388 = b:10000100
i:389 = b:10000101
i:390 = b:10000110
i:391 = b:10000111
i:392 = b:10001000
i:393 = b:10001001
i:394 = b:10001010
i:395 = b:10001011
i:396 = b:10001100
i:397 = b:10001101
i:398 = b:10001110
i:399 = b:10001111
i:400 = b:10010000
i:401 = b:10010001
i:402 = b:10010010
i:403 = b:10010011
i:404 = b:10010100
i:405 = b:10010101
i:406 = b:10010110
i:407 = b:10010111
i:408 = b:10011000
i:409 = b:10011001
i:410 = b:10011010
i:411 = b:10011011
i:412 = b:10011100
i:413 = b:10011101
i:414 = b:10011110
i:415 = b:10011111
i:416 = b:10100000
i:417 = b:10100001
i:418 = b:10100010
i:419 = b:10100011
i:420 = b:10100100
i:421 = b:10100101
i:422 = b:10100110
i:423 = b:10100111
i:424 = b:10101000
i:425 = b:10101001
i:426 = b:10101010
i:427 = b:10101011
i:428 = b:10101100
i:429 = b:10101101
i:430 = b:10101110
i:431 = b:10101111
i:432 = b:10110000
i:433 = b:10110001
i:434 = b:10110010
i:435 = b:10110011
i:436 = b:10110100
i:437 = b:10110101
i:438 = b:10110110
i:439 = b:10110111
i:440 = b:10111000
i:441 = b:10111001
i:442 = b:10111010
i:443 = b:10111011
i:444 = b:10111100
i:445 = b:10111101
i:446 = b:10111110
i:447 = b:10111111
i:448 = b:11000000
i:449 = b:11000001
i:450 = b:11000010
i:451 = b:11000011
i:452 = b:11000100
i:453 = b:11000101
i:454 = b:11000110
i:455 = b:11000111
i:456 = b:11001000
i:457 = b:11001001
i:458 = b:11001010
i:459 = b:11001011
i:460 = b:11001100
i:461 = b:11001101
i:462 = b:11001110
i:463 = b:11001111
i:464 = b:11010000
i:465 = b:11010001
i:466 = b:11010010
i:467 = b:11010011
i:468 = b:11010100
i:469 = b:11010101
i:470 = b:11010110
i:471 = b:11010111
i:472 = b:11011000
i:473 = b:11011001
i:474 = b:11011010
i:475 = b:11011011
i:476 = b:11011100
i:477 = b:11011101
i:478 = b:11011110
i:479 = b:11011111
i:480 = b:11100000
i:481 = b:11100001
i:482 = b:11100010
i:483 = b:11100011
i:484 = b:11100100
i:485 = b:11100101
i:486 = b:11100110
i:487 = b:11100111
i:488 = b:11101000
i:489 = b:11101001
i:490 = b:11101010
i:491 = b:11101011
i:492 = b:11101100
i:493 = b:11101101
i:494 = b:11101110
i:495 = b:11101111
i:496 = b:11110000
i:497 = b:11110001
i:498 = b:11110010
i:499 = b:11110011
i:500 = b:11110100
i:501 = b:11110101
i:502 = b:11110110
i:503 = b:11110111
i:504 = b:11111000
i:505 = b:11111001
i:506 = b:11111010
i:507 = b:11111011
i:508 = b:11111100
i:509 = b:11111101
i:510 = b:11111110
i:511 = b:11111111
[INFO] Tests run: 9, Failures: 0, Errors: 0, Skipped: 0, Time elapsed: 0.02 s - in io.nosqlbench.virtdata.library.basics.tests.long_string.CombinationsTest
[INFO] Running io.nosqlbench.virtdata.library.basics.tests.long_string.WeightedStringsTest
{zero=1036, fiveup=4962, four=1024, one=976, two=967, three=1035}
[INFO] Tests run: 1, Failures: 0, Errors: 0, Skipped: 0, Time elapsed: 0.008 s - in io.nosqlbench.virtdata.library.basics.tests.long_string.WeightedStringsTest
[INFO] Running io.nosqlbench.virtdata.library.basics.tests.long_timeuuid.TimeUUIDTests
[INFO] Tests run: 5, Failures: 0, Errors: 0, Skipped: 0, Time elapsed: 0.029 s - in io.nosqlbench.virtdata.library.basics.tests.long_timeuuid.TimeUUIDTests
[INFO] Running io.nosqlbench.virtdata.library.basics.tests.long_timeuuid.ToEpochTimeUUIDTest
2023-01-25 06:22:19.959+0000
2023-01-25 06:22:19
20230125T062219.959Z
20230125T062219Z
2023-01-25
20230125
202301
2023
[INFO] Tests run: 1, Failures: 0, Errors: 0, Skipped: 0, Time elapsed: 0.003 s - in io.nosqlbench.virtdata.library.basics.tests.long_timeuuid.ToEpochTimeUUIDTest
[INFO] Running io.nosqlbench.virtdata.library.basics.tests.long_long.HashTest
[INFO] Tests run: 1, Failures: 0, Errors: 0, Skipped: 0, Time elapsed: 0.004 s - in io.nosqlbench.virtdata.library.basics.tests.long_long.HashTest
[INFO] Running io.nosqlbench.virtdata.library.basics.tests.long_long.HashRangeTest
[INFO] Tests run: 2, Failures: 0, Errors: 0, Skipped: 0, Time elapsed: 0.001 s - in io.nosqlbench.virtdata.library.basics.tests.long_long.HashRangeTest
[INFO] Running io.nosqlbench.virtdata.library.basics.tests.long_long.RangeTests
[INFO] Tests run: 4, Failures: 0, Errors: 0, Skipped: 0, Time elapsed: 0.002 s - in io.nosqlbench.virtdata.library.basics.tests.long_long.RangeTests
[INFO] Running io.nosqlbench.virtdata.library.basics.tests.long_long.SignedHashTest
i=0 result=39
i=1 result=24
i=2 result=-43
i=3 result=-33
i=4 result=21
i=5 result=0
i=6 result=6
i=7 result=-22
i=8 result=6
i=9 result=-2
i=0 result=-41
i=1 result=36
i=2 result=35
i=3 result=2
i=4 result=30
i=5 result=38
i=6 result=-42
i=7 result=17
i=8 result=-31
i=9 result=5
[INFO] Tests run: 2, Failures: 0, Errors: 0, Skipped: 0, Time elapsed: 0.002 s - in io.nosqlbench.virtdata.library.basics.tests.long_long.SignedHashTest
[INFO] 
[INFO] Results:
[INFO] 
[WARNING] Tests run: 182, Failures: 0, Errors: 0, Skipped: 6
[INFO] 
[INFO] 
[INFO] -----------------< io.nosqlbench:virtdata-lib-realer >------------------
[INFO] Building virtdata-lib-realer 4.15.89-SNAPSHOT                     [8/42]
[INFO] --------------------------------[ jar ]---------------------------------
[WARNING] The artifact org.slf4j:slf4j-log4j12:jar:1.7.36 has been relocated to org.slf4j:slf4j-reload4j:jar:1.7.36
[INFO] 
[INFO] --- maven-clean-plugin:3.1.0:clean (default-clean) @ virtdata-lib-realer ---
[INFO] Deleting /home/gabsko/breaking-updates/virtdata-lib-realer/target
[INFO] 
[INFO] --- maven-resources-plugin:3.1.0:resources (default-resources) @ virtdata-lib-realer ---
[INFO] Using 'UTF-8' encoding to copy filtered resources.
[INFO] Copying 1 resource
[INFO] 
[INFO] --- maven-compiler-plugin:3.8.1:compile (default-compile) @ virtdata-lib-realer ---
[INFO] Changes detected - recompiling the module!
[INFO] Compiling 81 source files to /home/gabsko/breaking-updates/virtdata-lib-realer/target/classes
[INFO] 
[INFO] --- maven-resources-plugin:3.1.0:testResources (default-testResources) @ virtdata-lib-realer ---
[INFO] Using 'UTF-8' encoding to copy filtered resources.
[INFO] skip non existing resourceDirectory /home/gabsko/breaking-updates/virtdata-lib-realer/src/test/resources
[INFO] 
[INFO] --- maven-compiler-plugin:3.8.1:testCompile (default-testCompile) @ virtdata-lib-realer ---
[INFO] No sources to compile
[INFO] 
[INFO] --- maven-surefire-plugin:3.0.0-M4:test (default-test) @ virtdata-lib-realer ---
[INFO] No tests to run.
[INFO] 
[INFO] -----------------< io.nosqlbench:virtdata-lib-random >------------------
[INFO] Building virtdata-lib-random 4.15.89-SNAPSHOT                     [9/42]
[INFO] --------------------------------[ jar ]---------------------------------
[WARNING] The artifact org.slf4j:slf4j-log4j12:jar:1.7.36 has been relocated to org.slf4j:slf4j-reload4j:jar:1.7.36
[INFO] 
[INFO] --- maven-clean-plugin:3.1.0:clean (default-clean) @ virtdata-lib-random ---
[INFO] Deleting /home/gabsko/breaking-updates/virtdata-lib-random/target
[INFO] 
[INFO] --- maven-resources-plugin:3.1.0:resources (default-resources) @ virtdata-lib-random ---
[INFO] Using 'UTF-8' encoding to copy filtered resources.
[INFO] Copying 0 resource
[INFO] Copying 1 resource
[INFO] 
[INFO] --- maven-compiler-plugin:3.8.1:compile (default-compile) @ virtdata-lib-random ---
[INFO] Changes detected - recompiling the module!
[INFO] Compiling 13 source files to /home/gabsko/breaking-updates/virtdata-lib-random/target/classes
[INFO] 
[INFO] --- maven-resources-plugin:3.1.0:testResources (default-testResources) @ virtdata-lib-random ---
[INFO] Using 'UTF-8' encoding to copy filtered resources.
[INFO] skip non existing resourceDirectory /home/gabsko/breaking-updates/virtdata-lib-random/src/test/resources
[INFO] 
[INFO] --- maven-compiler-plugin:3.8.1:testCompile (default-testCompile) @ virtdata-lib-random ---
[INFO] No sources to compile
[INFO] 
[INFO] --- maven-surefire-plugin:3.0.0-M4:test (default-test) @ virtdata-lib-random ---
[INFO] No tests to run.
[INFO] 
[INFO] -----------------< io.nosqlbench:virtdata-lib-curves4 >-----------------
[INFO] Building virtdata-lib-curves4 4.15.89-SNAPSHOT                   [10/42]
[INFO] --------------------------------[ jar ]---------------------------------
[WARNING] The artifact org.slf4j:slf4j-log4j12:jar:1.7.36 has been relocated to org.slf4j:slf4j-reload4j:jar:1.7.36
[INFO] 
[INFO] --- maven-clean-plugin:3.1.0:clean (default-clean) @ virtdata-lib-curves4 ---
[INFO] Deleting /home/gabsko/breaking-updates/virtdata-lib-curves4/target
[INFO] 
[INFO] --- maven-resources-plugin:3.1.0:resources (default-resources) @ virtdata-lib-curves4 ---
[INFO] Using 'UTF-8' encoding to copy filtered resources.
[INFO] Copying 41 resources
[INFO] 
[INFO] --- maven-compiler-plugin:3.8.1:compile (default-compile) @ virtdata-lib-curves4 ---
[INFO] Changes detected - recompiling the module!
[INFO] Compiling 685 source files to /home/gabsko/breaking-updates/virtdata-lib-curves4/target/classes
[INFO] /home/gabsko/breaking-updates/virtdata-lib-curves4/src/main/java/org/apache/commons/math4/analysis/integration/BaseAbstractUnivariateIntegrator.java: Some input files use or override a deprecated API.
[INFO] /home/gabsko/breaking-updates/virtdata-lib-curves4/src/main/java/org/apache/commons/math4/analysis/integration/BaseAbstractUnivariateIntegrator.java: Recompile with -Xlint:deprecation for details.
[INFO] 
[INFO] --- maven-resources-plugin:3.1.0:testResources (default-testResources) @ virtdata-lib-curves4 ---
[INFO] Using 'UTF-8' encoding to copy filtered resources.
[INFO] skip non existing resourceDirectory /home/gabsko/breaking-updates/virtdata-lib-curves4/src/test/resources
[INFO] 
[INFO] --- maven-compiler-plugin:3.8.1:testCompile (default-testCompile) @ virtdata-lib-curves4 ---
[INFO] Changes detected - recompiling the module!
[INFO] Compiling 9 source files to /home/gabsko/breaking-updates/virtdata-lib-curves4/target/test-classes
[INFO] 
[INFO] --- maven-surefire-plugin:3.0.0-M4:test (default-test) @ virtdata-lib-curves4 ---
[INFO] 
[INFO] -------------------------------------------------------
[INFO]  T E S T S
[INFO] -------------------------------------------------------
[INFO] Running io.nosqlbench.virtdata.library.curves4.continuous.RealDistributionsValuesTest
exec time 105.158388ms
iterations: 10000000
iterations/ms: 95094.649036
pctile   10  9.989991
pctile   20  19.979992
pctile   30  29.969993
pctile   40  39.959994
pctile   50  49.949995
pctile   60  59.939996
pctile   70  69.929997
pctile   80  79.919998
pctile   90  89.909999

exec time 98.127501ms
iterations: 1000000
iterations/ms: 10190.823060
pctile   10  7.435474
pctile   20  8.316028
pctile   30  8.952537
pctile   40  9.493916
pctile   50  10.000787
pctile   60  10.503810
pctile   70  11.046644
pctile   80  11.680387
pctile   90  12.556186

exec time 91.712372ms
iterations: 1000000
iterations/ms: 10903.654307
pctile   10  9.997561
pctile   20  20.009807
pctile   30  30.053336
pctile   40  40.051844
pctile   50  50.065769
pctile   60  60.004273
pctile   70  70.032511
pctile   80  80.040006
pctile   90  90.029113

exec time 131.959962ms
iterations: 1000000
iterations/ms: 7578.056138
pctile   10  7.436619
pctile   20  8.317458
pctile   30  8.954266
pctile   40  9.495989
pctile   50  10.003297
pctile   60  10.506915
pctile   70  11.050672
pctile   80  11.686102
pctile   90  12.566424

exec time 72.553398ms
iterations: 1000000
iterations/ms: 13782.951971
pctile   10  9.987564
pctile   20  19.989797
pctile   30  30.023283
pctile   40  40.011792
pctile   50  50.015704
pctile   60  59.944269
pctile   70  69.962479
pctile   80  79.959966
pctile   90  89.939084

[INFO] Tests run: 5, Failures: 0, Errors: 0, Skipped: 0, Time elapsed: 2.544 s - in io.nosqlbench.virtdata.library.curves4.continuous.RealDistributionsValuesTest
[INFO] Running io.nosqlbench.virtdata.library.curves4.continuous.LevyTest
[INFO] Tests run: 1, Failures: 0, Errors: 0, Skipped: 0, Time elapsed: 0.003 s - in io.nosqlbench.virtdata.library.curves4.continuous.LevyTest
[INFO] Running io.nosqlbench.virtdata.library.curves4.continuous.EnumeratedTest
[INFO] Tests run: 1, Failures: 0, Errors: 0, Skipped: 0, Time elapsed: 0.018 s - in io.nosqlbench.virtdata.library.curves4.continuous.EnumeratedTest
[INFO] Running io.nosqlbench.virtdata.library.curves4.continuous.RealDistributionsConcurrencyTests
normal(10.0,2.0)/100 threads/1000 iterations: verified values for thread 0
normal(10.0,2.0)/100 threads/1000 iterations: verified values for thread 1
normal(10.0,2.0)/100 threads/1000 iterations: verified values for thread 2
normal(10.0,2.0)/100 threads/1000 iterations: verified values for thread 3
normal(10.0,2.0)/100 threads/1000 iterations: verified values for thread 4
normal(10.0,2.0)/100 threads/1000 iterations: verified values for thread 5
normal(10.0,2.0)/100 threads/1000 iterations: verified values for thread 6
normal(10.0,2.0)/100 threads/1000 iterations: verified values for thread 7
normal(10.0,2.0)/100 threads/1000 iterations: verified values for thread 8
normal(10.0,2.0)/100 threads/1000 iterations: verified values for thread 9
normal(10.0,2.0)/100 threads/1000 iterations: verified values for thread 10
normal(10.0,2.0)/100 threads/1000 iterations: verified values for thread 11
normal(10.0,2.0)/100 threads/1000 iterations: verified values for thread 12
normal(10.0,2.0)/100 threads/1000 iterations: verified values for thread 13
normal(10.0,2.0)/100 threads/1000 iterations: verified values for thread 14
normal(10.0,2.0)/100 threads/1000 iterations: verified values for thread 15
normal(10.0,2.0)/100 threads/1000 iterations: verified values for thread 16
normal(10.0,2.0)/100 threads/1000 iterations: verified values for thread 17
normal(10.0,2.0)/100 threads/1000 iterations: verified values for thread 18
normal(10.0,2.0)/100 threads/1000 iterations: verified values for thread 19
normal(10.0,2.0)/100 threads/1000 iterations: verified values for thread 20
normal(10.0,2.0)/100 threads/1000 iterations: verified values for thread 21
normal(10.0,2.0)/100 threads/1000 iterations: verified values for thread 22
normal(10.0,2.0)/100 threads/1000 iterations: verified values for thread 23
normal(10.0,2.0)/100 threads/1000 iterations: verified values for thread 24
normal(10.0,2.0)/100 threads/1000 iterations: verified values for thread 25
normal(10.0,2.0)/100 threads/1000 iterations: verified values for thread 26
normal(10.0,2.0)/100 threads/1000 iterations: verified values for thread 27
normal(10.0,2.0)/100 threads/1000 iterations: verified values for thread 28
normal(10.0,2.0)/100 threads/1000 iterations: verified values for thread 29
normal(10.0,2.0)/100 threads/1000 iterations: verified values for thread 30
normal(10.0,2.0)/100 threads/1000 iterations: verified values for thread 31
normal(10.0,2.0)/100 threads/1000 iterations: verified values for thread 32
normal(10.0,2.0)/100 threads/1000 iterations: verified values for thread 33
normal(10.0,2.0)/100 threads/1000 iterations: verified values for thread 34
normal(10.0,2.0)/100 threads/1000 iterations: verified values for thread 35
normal(10.0,2.0)/100 threads/1000 iterations: verified values for thread 36
normal(10.0,2.0)/100 threads/1000 iterations: verified values for thread 37
normal(10.0,2.0)/100 threads/1000 iterations: verified values for thread 38
normal(10.0,2.0)/100 threads/1000 iterations: verified values for thread 39
normal(10.0,2.0)/100 threads/1000 iterations: verified values for thread 40
normal(10.0,2.0)/100 threads/1000 iterations: verified values for thread 41
normal(10.0,2.0)/100 threads/1000 iterations: verified values for thread 42
normal(10.0,2.0)/100 threads/1000 iterations: verified values for thread 43
normal(10.0,2.0)/100 threads/1000 iterations: verified values for thread 44
normal(10.0,2.0)/100 threads/1000 iterations: verified values for thread 45
normal(10.0,2.0)/100 threads/1000 iterations: verified values for thread 46
normal(10.0,2.0)/100 threads/1000 iterations: verified values for thread 47
normal(10.0,2.0)/100 threads/1000 iterations: verified values for thread 48
normal(10.0,2.0)/100 threads/1000 iterations: verified values for thread 49
normal(10.0,2.0)/100 threads/1000 iterations: verified values for thread 50
normal(10.0,2.0)/100 threads/1000 iterations: verified values for thread 51
normal(10.0,2.0)/100 threads/1000 iterations: verified values for thread 52
normal(10.0,2.0)/100 threads/1000 iterations: verified values for thread 53
normal(10.0,2.0)/100 threads/1000 iterations: verified values for thread 54
normal(10.0,2.0)/100 threads/1000 iterations: verified values for thread 55
normal(10.0,2.0)/100 threads/1000 iterations: verified values for thread 56
normal(10.0,2.0)/100 threads/1000 iterations: verified values for thread 57
normal(10.0,2.0)/100 threads/1000 iterations: verified values for thread 58
normal(10.0,2.0)/100 threads/1000 iterations: verified values for thread 59
normal(10.0,2.0)/100 threads/1000 iterations: verified values for thread 60
normal(10.0,2.0)/100 threads/1000 iterations: verified values for thread 61
normal(10.0,2.0)/100 threads/1000 iterations: verified values for thread 62
normal(10.0,2.0)/100 threads/1000 iterations: verified values for thread 63
normal(10.0,2.0)/100 threads/1000 iterations: verified values for thread 64
normal(10.0,2.0)/100 threads/1000 iterations: verified values for thread 65
normal(10.0,2.0)/100 threads/1000 iterations: verified values for thread 66
normal(10.0,2.0)/100 threads/1000 iterations: verified values for thread 67
normal(10.0,2.0)/100 threads/1000 iterations: verified values for thread 68
normal(10.0,2.0)/100 threads/1000 iterations: verified values for thread 69
normal(10.0,2.0)/100 threads/1000 iterations: verified values for thread 70
normal(10.0,2.0)/100 threads/1000 iterations: verified values for thread 71
normal(10.0,2.0)/100 threads/1000 iterations: verified values for thread 72
normal(10.0,2.0)/100 threads/1000 iterations: verified values for thread 73
normal(10.0,2.0)/100 threads/1000 iterations: verified values for thread 74
normal(10.0,2.0)/100 threads/1000 iterations: verified values for thread 75
normal(10.0,2.0)/100 threads/1000 iterations: verified values for thread 76
normal(10.0,2.0)/100 threads/1000 iterations: verified values for thread 77
normal(10.0,2.0)/100 threads/1000 iterations: verified values for thread 78
normal(10.0,2.0)/100 threads/1000 iterations: verified values for thread 79
normal(10.0,2.0)/100 threads/1000 iterations: verified values for thread 80
normal(10.0,2.0)/100 threads/1000 iterations: verified values for thread 81
normal(10.0,2.0)/100 threads/1000 iterations: verified values for thread 82
normal(10.0,2.0)/100 threads/1000 iterations: verified values for thread 83
normal(10.0,2.0)/100 threads/1000 iterations: verified values for thread 84
normal(10.0,2.0)/100 threads/1000 iterations: verified values for thread 85
normal(10.0,2.0)/100 threads/1000 iterations: verified values for thread 86
normal(10.0,2.0)/100 threads/1000 iterations: verified values for thread 87
normal(10.0,2.0)/100 threads/1000 iterations: verified values for thread 88
normal(10.0,2.0)/100 threads/1000 iterations: verified values for thread 89
normal(10.0,2.0)/100 threads/1000 iterations: verified values for thread 90
normal(10.0,2.0)/100 threads/1000 iterations: verified values for thread 91
normal(10.0,2.0)/100 threads/1000 iterations: verified values for thread 92
normal(10.0,2.0)/100 threads/1000 iterations: verified values for thread 93
normal(10.0,2.0)/100 threads/1000 iterations: verified values for thread 94
normal(10.0,2.0)/100 threads/1000 iterations: verified values for thread 95
normal(10.0,2.0)/100 threads/1000 iterations: verified values for thread 96
normal(10.0,2.0)/100 threads/1000 iterations: verified values for thread 97
normal(10.0,2.0)/100 threads/1000 iterations: verified values for thread 98
normal(10.0,2.0)/100 threads/1000 iterations: verified values for thread 99
[INFO] Tests run: 1, Failures: 0, Errors: 0, Skipped: 0, Time elapsed: 2.058 s - in io.nosqlbench.virtdata.library.curves4.continuous.RealDistributionsConcurrencyTests
[INFO] Running io.nosqlbench.virtdata.library.curves4.discrete.common.ThreadSafeHashTest
[INFO] Tests run: 1, Failures: 0, Errors: 0, Skipped: 0, Time elapsed: 0.004 s - in io.nosqlbench.virtdata.library.curves4.discrete.common.ThreadSafeHashTest
[INFO] Running io.nosqlbench.virtdata.library.curves4.discrete.IntegerDistributionsValuesTest
i=0/10000000
i=1000000/10000000
i=2000000/10000000
i=3000000/10000000
i=4000000/10000000
i=5000000/10000000
i=6000000/10000000
i=7000000/10000000
i=8000000/10000000
i=9000000/10000000
i=0/1000000
i=100000/1000000
i=200000/1000000
i=300000/1000000
i=400000/1000000
i=500000/1000000
i=600000/1000000
i=700000/1000000
i=800000/1000000
i=900000/1000000
exec time 67.616874ms
iterations: 1000000
iterations/ms: 14789.207794
pctile   10  9.997561
pctile   20  20.009807
pctile   30  30.053336
pctile   40  40.051844
pctile   50  50.065769
pctile   60  60.004273
pctile   70  70.032511
pctile   80  80.040006
pctile   90  90.029113

i=0/1000000
i=100000/1000000
i=200000/1000000
i=300000/1000000
i=400000/1000000
i=500000/1000000
i=600000/1000000
i=700000/1000000
i=800000/1000000
i=900000/1000000
exec time 62.579596ms
iterations: 1000000
iterations/ms: 15979.649341
pctile   10  9.987564
pctile   20  19.989797
pctile   30  30.023283
pctile   40  40.011792
pctile   50  50.015704
pctile   60  59.944269
pctile   70  69.962479
pctile   80  79.959966
pctile   90  89.939084

exec time 1.765570ms
iterations: 10000
iterations/ms: 5663.893247
pctile   10  1.000000
pctile   20  1.000000
pctile   30  1.000000
pctile   40  1.000000
pctile   50  1.000000
pctile   60  1.000000
pctile   70  2.000000
pctile   80  3.000000
pctile   90  6.000000

[WARNING] Tests run: 6, Failures: 0, Errors: 0, Skipped: 1, Time elapsed: 1.476 s - in io.nosqlbench.virtdata.library.curves4.discrete.IntegerDistributionsValuesTest
[INFO] Running io.nosqlbench.virtdata.library.curves4.discrete.IntegerDistributionsConcurrencyTest
Binomial(8,0.5)/100 threads/1000 iterations: got results for thread 0
Binomial(8,0.5)/100 threads/1000 iterations: got results for thread 1
Binomial(8,0.5)/100 threads/1000 iterations: got results for thread 2
Binomial(8,0.5)/100 threads/1000 iterations: got results for thread 3
Binomial(8,0.5)/100 threads/1000 iterations: got results for thread 4
Binomial(8,0.5)/100 threads/1000 iterations: got results for thread 5
Binomial(8,0.5)/100 threads/1000 iterations: got results for thread 6
Binomial(8,0.5)/100 threads/1000 iterations: got results for thread 7
Binomial(8,0.5)/100 threads/1000 iterations: got results for thread 8
Binomial(8,0.5)/100 threads/1000 iterations: got results for thread 9
Binomial(8,0.5)/100 threads/1000 iterations: got results for thread 10
Binomial(8,0.5)/100 threads/1000 iterations: got results for thread 11
Binomial(8,0.5)/100 threads/1000 iterations: got results for thread 12
Binomial(8,0.5)/100 threads/1000 iterations: got results for thread 13
Binomial(8,0.5)/100 threads/1000 iterations: got results for thread 14
Binomial(8,0.5)/100 threads/1000 iterations: got results for thread 15
Binomial(8,0.5)/100 threads/1000 iterations: got results for thread 16
Binomial(8,0.5)/100 threads/1000 iterations: got results for thread 17
Binomial(8,0.5)/100 threads/1000 iterations: got results for thread 18
Binomial(8,0.5)/100 threads/1000 iterations: got results for thread 19
Binomial(8,0.5)/100 threads/1000 iterations: got results for thread 20
Binomial(8,0.5)/100 threads/1000 iterations: got results for thread 21
Binomial(8,0.5)/100 threads/1000 iterations: got results for thread 22
Binomial(8,0.5)/100 threads/1000 iterations: got results for thread 23
Binomial(8,0.5)/100 threads/1000 iterations: got results for thread 24
Binomial(8,0.5)/100 threads/1000 iterations: got results for thread 25
Binomial(8,0.5)/100 threads/1000 iterations: got results for thread 26
Binomial(8,0.5)/100 threads/1000 iterations: got results for thread 27
Binomial(8,0.5)/100 threads/1000 iterations: got results for thread 28
Binomial(8,0.5)/100 threads/1000 iterations: got results for thread 29
Binomial(8,0.5)/100 threads/1000 iterations: got results for thread 30
Binomial(8,0.5)/100 threads/1000 iterations: got results for thread 31
Binomial(8,0.5)/100 threads/1000 iterations: got results for thread 32
Binomial(8,0.5)/100 threads/1000 iterations: got results for thread 33
Binomial(8,0.5)/100 threads/1000 iterations: got results for thread 34
Binomial(8,0.5)/100 threads/1000 iterations: got results for thread 35
Binomial(8,0.5)/100 threads/1000 iterations: got results for thread 36
Binomial(8,0.5)/100 threads/1000 iterations: got results for thread 37
Binomial(8,0.5)/100 threads/1000 iterations: got results for thread 38
Binomial(8,0.5)/100 threads/1000 iterations: got results for thread 39
Binomial(8,0.5)/100 threads/1000 iterations: got results for thread 40
Binomial(8,0.5)/100 threads/1000 iterations: got results for thread 41
Binomial(8,0.5)/100 threads/1000 iterations: got results for thread 42
Binomial(8,0.5)/100 threads/1000 iterations: got results for thread 43
Binomial(8,0.5)/100 threads/1000 iterations: got results for thread 44
Binomial(8,0.5)/100 threads/1000 iterations: got results for thread 45
Binomial(8,0.5)/100 threads/1000 iterations: got results for thread 46
Binomial(8,0.5)/100 threads/1000 iterations: got results for thread 47
Binomial(8,0.5)/100 threads/1000 iterations: got results for thread 48
Binomial(8,0.5)/100 threads/1000 iterations: got results for thread 49
Binomial(8,0.5)/100 threads/1000 iterations: got results for thread 50
Binomial(8,0.5)/100 threads/1000 iterations: got results for thread 51
Binomial(8,0.5)/100 threads/1000 iterations: got results for thread 52
Binomial(8,0.5)/100 threads/1000 iterations: got results for thread 53
Binomial(8,0.5)/100 threads/1000 iterations: got results for thread 54
Binomial(8,0.5)/100 threads/1000 iterations: got results for thread 55
Binomial(8,0.5)/100 threads/1000 iterations: got results for thread 56
Binomial(8,0.5)/100 threads/1000 iterations: got results for thread 57
Binomial(8,0.5)/100 threads/1000 iterations: got results for thread 58
Binomial(8,0.5)/100 threads/1000 iterations: got results for thread 59
Binomial(8,0.5)/100 threads/1000 iterations: got results for thread 60
Binomial(8,0.5)/100 threads/1000 iterations: got results for thread 61
Binomial(8,0.5)/100 threads/1000 iterations: got results for thread 62
Binomial(8,0.5)/100 threads/1000 iterations: got results for thread 63
Binomial(8,0.5)/100 threads/1000 iterations: got results for thread 64
Binomial(8,0.5)/100 threads/1000 iterations: got results for thread 65
Binomial(8,0.5)/100 threads/1000 iterations: got results for thread 66
Binomial(8,0.5)/100 threads/1000 iterations: got results for thread 67
Binomial(8,0.5)/100 threads/1000 iterations: got results for thread 68
Binomial(8,0.5)/100 threads/1000 iterations: got results for thread 69
Binomial(8,0.5)/100 threads/1000 iterations: got results for thread 70
Binomial(8,0.5)/100 threads/1000 iterations: got results for thread 71
Binomial(8,0.5)/100 threads/1000 iterations: got results for thread 72
Binomial(8,0.5)/100 threads/1000 iterations: got results for thread 73
Binomial(8,0.5)/100 threads/1000 iterations: got results for thread 74
Binomial(8,0.5)/100 threads/1000 iterations: got results for thread 75
Binomial(8,0.5)/100 threads/1000 iterations: got results for thread 76
Binomial(8,0.5)/100 threads/1000 iterations: got results for thread 77
Binomial(8,0.5)/100 threads/1000 iterations: got results for thread 78
Binomial(8,0.5)/100 threads/1000 iterations: got results for thread 79
Binomial(8,0.5)/100 threads/1000 iterations: got results for thread 80
Binomial(8,0.5)/100 threads/1000 iterations: got results for thread 81
Binomial(8,0.5)/100 threads/1000 iterations: got results for thread 82
Binomial(8,0.5)/100 threads/1000 iterations: got results for thread 83
Binomial(8,0.5)/100 threads/1000 iterations: got results for thread 84
Binomial(8,0.5)/100 threads/1000 iterations: got results for thread 85
Binomial(8,0.5)/100 threads/1000 iterations: got results for thread 86
Binomial(8,0.5)/100 threads/1000 iterations: got results for thread 87
Binomial(8,0.5)/100 threads/1000 iterations: got results for thread 88
Binomial(8,0.5)/100 threads/1000 iterations: got results for thread 89
Binomial(8,0.5)/100 threads/1000 iterations: got results for thread 90
Binomial(8,0.5)/100 threads/1000 iterations: got results for thread 91
Binomial(8,0.5)/100 threads/1000 iterations: got results for thread 92
Binomial(8,0.5)/100 threads/1000 iterations: got results for thread 93
Binomial(8,0.5)/100 threads/1000 iterations: got results for thread 94
Binomial(8,0.5)/100 threads/1000 iterations: got results for thread 95
Binomial(8,0.5)/100 threads/1000 iterations: got results for thread 96
Binomial(8,0.5)/100 threads/1000 iterations: got results for thread 97
Binomial(8,0.5)/100 threads/1000 iterations: got results for thread 98
Binomial(8,0.5)/100 threads/1000 iterations: got results for thread 99
Binomial(8,0.5)/100 threads/1000 iterations: verified values for thread 0
Binomial(8,0.5)/100 threads/1000 iterations: verified values for thread 1
Binomial(8,0.5)/100 threads/1000 iterations: verified values for thread 2
Binomial(8,0.5)/100 threads/1000 iterations: verified values for thread 3
Binomial(8,0.5)/100 threads/1000 iterations: verified values for thread 4
Binomial(8,0.5)/100 threads/1000 iterations: verified values for thread 5
Binomial(8,0.5)/100 threads/1000 iterations: verified values for thread 6
Binomial(8,0.5)/100 threads/1000 iterations: verified values for thread 7
Binomial(8,0.5)/100 threads/1000 iterations: verified values for thread 8
Binomial(8,0.5)/100 threads/1000 iterations: verified values for thread 9
Binomial(8,0.5)/100 threads/1000 iterations: verified values for thread 10
Binomial(8,0.5)/100 threads/1000 iterations: verified values for thread 11
Binomial(8,0.5)/100 threads/1000 iterations: verified values for thread 12
Binomial(8,0.5)/100 threads/1000 iterations: verified values for thread 13
Binomial(8,0.5)/100 threads/1000 iterations: verified values for thread 14
Binomial(8,0.5)/100 threads/1000 iterations: verified values for thread 15
Binomial(8,0.5)/100 threads/1000 iterations: verified values for thread 16
Binomial(8,0.5)/100 threads/1000 iterations: verified values for thread 17
Binomial(8,0.5)/100 threads/1000 iterations: verified values for thread 18
Binomial(8,0.5)/100 threads/1000 iterations: verified values for thread 19
Binomial(8,0.5)/100 threads/1000 iterations: verified values for thread 20
Binomial(8,0.5)/100 threads/1000 iterations: verified values for thread 21
Binomial(8,0.5)/100 threads/1000 iterations: verified values for thread 22
Binomial(8,0.5)/100 threads/1000 iterations: verified values for thread 23
Binomial(8,0.5)/100 threads/1000 iterations: verified values for thread 24
Binomial(8,0.5)/100 threads/1000 iterations: verified values for thread 25
Binomial(8,0.5)/100 threads/1000 iterations: verified values for thread 26
Binomial(8,0.5)/100 threads/1000 iterations: verified values for thread 27
Binomial(8,0.5)/100 threads/1000 iterations: verified values for thread 28
Binomial(8,0.5)/100 threads/1000 iterations: verified values for thread 29
Binomial(8,0.5)/100 threads/1000 iterations: verified values for thread 30
Binomial(8,0.5)/100 threads/1000 iterations: verified values for thread 31
Binomial(8,0.5)/100 threads/1000 iterations: verified values for thread 32
Binomial(8,0.5)/100 threads/1000 iterations: verified values for thread 33
Binomial(8,0.5)/100 threads/1000 iterations: verified values for thread 34
Binomial(8,0.5)/100 threads/1000 iterations: verified values for thread 35
Binomial(8,0.5)/100 threads/1000 iterations: verified values for thread 36
Binomial(8,0.5)/100 threads/1000 iterations: verified values for thread 37
Binomial(8,0.5)/100 threads/1000 iterations: verified values for thread 38
Binomial(8,0.5)/100 threads/1000 iterations: verified values for thread 39
Binomial(8,0.5)/100 threads/1000 iterations: verified values for thread 40
Binomial(8,0.5)/100 threads/1000 iterations: verified values for thread 41
Binomial(8,0.5)/100 threads/1000 iterations: verified values for thread 42
Binomial(8,0.5)/100 threads/1000 iterations: verified values for thread 43
Binomial(8,0.5)/100 threads/1000 iterations: verified values for thread 44
Binomial(8,0.5)/100 threads/1000 iterations: verified values for thread 45
Binomial(8,0.5)/100 threads/1000 iterations: verified values for thread 46
Binomial(8,0.5)/100 threads/1000 iterations: verified values for thread 47
Binomial(8,0.5)/100 threads/1000 iterations: verified values for thread 48
Binomial(8,0.5)/100 threads/1000 iterations: verified values for thread 49
Binomial(8,0.5)/100 threads/1000 iterations: verified values for thread 50
Binomial(8,0.5)/100 threads/1000 iterations: verified values for thread 51
Binomial(8,0.5)/100 threads/1000 iterations: verified values for thread 52
Binomial(8,0.5)/100 threads/1000 iterations: verified values for thread 53
Binomial(8,0.5)/100 threads/1000 iterations: verified values for thread 54
Binomial(8,0.5)/100 threads/1000 iterations: verified values for thread 55
Binomial(8,0.5)/100 threads/1000 iterations: verified values for thread 56
Binomial(8,0.5)/100 threads/1000 iterations: verified values for thread 57
Binomial(8,0.5)/100 threads/1000 iterations: verified values for thread 58
Binomial(8,0.5)/100 threads/1000 iterations: verified values for thread 59
Binomial(8,0.5)/100 threads/1000 iterations: verified values for thread 60
Binomial(8,0.5)/100 threads/1000 iterations: verified values for thread 61
Binomial(8,0.5)/100 threads/1000 iterations: verified values for thread 62
Binomial(8,0.5)/100 threads/1000 iterations: verified values for thread 63
Binomial(8,0.5)/100 threads/1000 iterations: verified values for thread 64
Binomial(8,0.5)/100 threads/1000 iterations: verified values for thread 65
Binomial(8,0.5)/100 threads/1000 iterations: verified values for thread 66
Binomial(8,0.5)/100 threads/1000 iterations: verified values for thread 67
Binomial(8,0.5)/100 threads/1000 iterations: verified values for thread 68
Binomial(8,0.5)/100 threads/1000 iterations: verified values for thread 69
Binomial(8,0.5)/100 threads/1000 iterations: verified values for thread 70
Binomial(8,0.5)/100 threads/1000 iterations: verified values for thread 71
Binomial(8,0.5)/100 threads/1000 iterations: verified values for thread 72
Binomial(8,0.5)/100 threads/1000 iterations: verified values for thread 73
Binomial(8,0.5)/100 threads/1000 iterations: verified values for thread 74
Binomial(8,0.5)/100 threads/1000 iterations: verified values for thread 75
Binomial(8,0.5)/100 threads/1000 iterations: verified values for thread 76
Binomial(8,0.5)/100 threads/1000 iterations: verified values for thread 77
Binomial(8,0.5)/100 threads/1000 iterations: verified values for thread 78
Binomial(8,0.5)/100 threads/1000 iterations: verified values for thread 79
Binomial(8,0.5)/100 threads/1000 iterations: verified values for thread 80
Binomial(8,0.5)/100 threads/1000 iterations: verified values for thread 81
Binomial(8,0.5)/100 threads/1000 iterations: verified values for thread 82
Binomial(8,0.5)/100 threads/1000 iterations: verified values for thread 83
Binomial(8,0.5)/100 threads/1000 iterations: verified values for thread 84
Binomial(8,0.5)/100 threads/1000 iterations: verified values for thread 85
Binomial(8,0.5)/100 threads/1000 iterations: verified values for thread 86
Binomial(8,0.5)/100 threads/1000 iterations: verified values for thread 87
Binomial(8,0.5)/100 threads/1000 iterations: verified values for thread 88
Binomial(8,0.5)/100 threads/1000 iterations: verified values for thread 89
Binomial(8,0.5)/100 threads/1000 iterations: verified values for thread 90
Binomial(8,0.5)/100 threads/1000 iterations: verified values for thread 91
Binomial(8,0.5)/100 threads/1000 iterations: verified values for thread 92
Binomial(8,0.5)/100 threads/1000 iterations: verified values for thread 93
Binomial(8,0.5)/100 threads/1000 iterations: verified values for thread 94
Binomial(8,0.5)/100 threads/1000 iterations: verified values for thread 95
Binomial(8,0.5)/100 threads/1000 iterations: verified values for thread 96
Binomial(8,0.5)/100 threads/1000 iterations: verified values for thread 97
Binomial(8,0.5)/100 threads/1000 iterations: verified values for thread 98
Binomial(8,0.5)/100 threads/1000 iterations: verified values for thread 99
[INFO] Tests run: 3, Failures: 0, Errors: 0, Skipped: 0, Time elapsed: 1.257 s - in io.nosqlbench.virtdata.library.curves4.discrete.IntegerDistributionsConcurrencyTest
[INFO] Running io.nosqlbench.virtdata.library.curves4.discrete.long_long.ZipfTest
[WARNING] Tests run: 1, Failures: 0, Errors: 0, Skipped: 1, Time elapsed: 0.001 s - in io.nosqlbench.virtdata.library.curves4.discrete.long_long.ZipfTest
[INFO] 
[INFO] Results:
[INFO] 
[WARNING] Tests run: 19, Failures: 0, Errors: 0, Skipped: 2
[INFO] 
[INFO] 
[INFO] ------------------------< io.nosqlbench:docsys >------------------------
[INFO] Building docsys 4.15.89-SNAPSHOT                                 [11/42]
[INFO] --------------------------------[ jar ]---------------------------------
[WARNING] The artifact org.slf4j:slf4j-log4j12:jar:1.7.36 has been relocated to org.slf4j:slf4j-reload4j:jar:1.7.36
[INFO] 
[INFO] --- maven-clean-plugin:3.1.0:clean (default-clean) @ docsys ---
[INFO] Deleting /home/gabsko/breaking-updates/docsys/target
[INFO] 
[INFO] --- maven-resources-plugin:3.1.0:resources (default-resources) @ docsys ---
[INFO] Using 'UTF-8' encoding to copy filtered resources.
[INFO] Copying 32 resources
[INFO] 
[INFO] --- maven-compiler-plugin:3.8.1:compile (default-compile) @ docsys ---
[INFO] Changes detected - recompiling the module!
[INFO] Compiling 16 source files to /home/gabsko/breaking-updates/docsys/target/classes
[INFO] /home/gabsko/breaking-updates/docsys/src/main/java/io/nosqlbench/docsys/api/Docs.java: /home/gabsko/breaking-updates/docsys/src/main/java/io/nosqlbench/docsys/api/Docs.java uses unchecked or unsafe operations.
[INFO] /home/gabsko/breaking-updates/docsys/src/main/java/io/nosqlbench/docsys/api/Docs.java: Recompile with -Xlint:unchecked for details.
[INFO] 
[INFO] --- maven-resources-plugin:3.1.0:testResources (default-testResources) @ docsys ---
[INFO] Using 'UTF-8' encoding to copy filtered resources.
[INFO] Copying 5 resources
[INFO] 
[INFO] --- maven-compiler-plugin:3.8.1:testCompile (default-testCompile) @ docsys ---
[INFO] Changes detected - recompiling the module!
[INFO] Compiling 2 source files to /home/gabsko/breaking-updates/docsys/target/test-classes
[INFO] 
[INFO] --- maven-surefire-plugin:3.0.0-M4:test (default-test) @ docsys ---
[INFO] 
[INFO] -------------------------------------------------------
[INFO]  T E S T S
[INFO] -------------------------------------------------------
[INFO] Running io.nosqlbench.docsys.core.DocsysMarkdownLoaderEndpointTest
[INFO] Tests run: 1, Failures: 0, Errors: 0, Skipped: 0, Time elapsed: 0.348 s - in io.nosqlbench.docsys.core.DocsysMarkdownLoaderEndpointTest
[INFO] 
[INFO] Results:
[INFO] 
[INFO] Tests run: 1, Failures: 0, Errors: 0, Skipped: 0
[INFO] 
[INFO] 
[INFO] ------------------< io.nosqlbench:virtdata-userlibs >-------------------
[INFO] Building virtdata-userlibs 4.15.89-SNAPSHOT                      [12/42]
[INFO] --------------------------------[ jar ]---------------------------------
[WARNING] The artifact org.slf4j:slf4j-log4j12:jar:1.7.36 has been relocated to org.slf4j:slf4j-reload4j:jar:1.7.36
[INFO] 
[INFO] --- maven-clean-plugin:3.1.0:clean (default-clean) @ virtdata-userlibs ---
[INFO] Deleting /home/gabsko/breaking-updates/virtdata-userlibs/target
[INFO] 
[INFO] --- maven-resources-plugin:3.1.0:resources (default-resources) @ virtdata-userlibs ---
[INFO] Using 'UTF-8' encoding to copy filtered resources.
[INFO] Copying 24 resources
[INFO] 
[INFO] --- maven-compiler-plugin:3.8.1:compile (default-compile) @ virtdata-userlibs ---
[INFO] Changes detected - recompiling the module!
[INFO] Compiling 35 source files to /home/gabsko/breaking-updates/virtdata-userlibs/target/classes
[INFO] 
[INFO] --- maven-resources-plugin:3.1.0:testResources (default-testResources) @ virtdata-userlibs ---
[INFO] Using 'UTF-8' encoding to copy filtered resources.
[INFO] Copying 1 resource
[INFO] 
[INFO] --- maven-compiler-plugin:3.8.1:testCompile (default-testCompile) @ virtdata-userlibs ---
[INFO] Changes detected - recompiling the module!
[INFO] Compiling 14 source files to /home/gabsko/breaking-updates/virtdata-userlibs/target/test-classes
[INFO] 
[INFO] --- maven-surefire-plugin:3.0.0-M4:test (default-test) @ virtdata-userlibs ---
[INFO] 
[INFO] -------------------------------------------------------
[INFO]  T E S T S
[INFO] -------------------------------------------------------
[INFO] Running io.nosqlbench.virtdata.userlibs.apps.docsapp.FDocFuncsTest
## ClassName1

javadoc javadoc

- intype -> ClassName1(val1: arg1, val2: arg2) -> outtype
  - *notes:* ctordoc
  - *example:* `example`
  - *one*

- intype -> ClassName2(val1: arg1) -> outtype
  - *notes:* ctordoc
  - *example:* `example`
  - *one*

[INFO] Tests run: 1, Failures: 0, Errors: 0, Skipped: 0, Time elapsed: 0.546 s - in io.nosqlbench.virtdata.userlibs.apps.docsapp.FDocFuncsTest
[INFO] Running io.nosqlbench.virtdata.userlibs.streams.fillers.ChunkedByteBufferTest
[INFO] Tests run: 1, Failures: 0, Errors: 0, Skipped: 0, Time elapsed: 0.204 s - in io.nosqlbench.virtdata.userlibs.streams.fillers.ChunkedByteBufferTest
[INFO] Running io.nosqlbench.virtdata.userlibs.streams.pojos.ByteBufferFillableTest
[INFO] Tests run: 2, Failures: 0, Errors: 0, Skipped: 0, Time elapsed: 0.025 s - in io.nosqlbench.virtdata.userlibs.streams.pojos.ByteBufferFillableTest
[INFO] 
[INFO] Results:
[INFO] 
[INFO] Tests run: 4, Failures: 0, Errors: 0, Skipped: 0
[INFO] 
[INFO] 
[INFO] ---------------------< io.nosqlbench:adapters-api >---------------------
[INFO] Building adapters-api 4.15.89-SNAPSHOT                           [13/42]
[INFO] --------------------------------[ jar ]---------------------------------
[WARNING] The artifact org.slf4j:slf4j-log4j12:jar:1.7.36 has been relocated to org.slf4j:slf4j-reload4j:jar:1.7.36
[INFO] 
[INFO] --- maven-clean-plugin:3.1.0:clean (default-clean) @ adapters-api ---
[INFO] Deleting /home/gabsko/breaking-updates/adapters-api/target
[INFO] 
[INFO] --- maven-resources-plugin:3.1.0:resources (default-resources) @ adapters-api ---
[INFO] Using 'UTF-8' encoding to copy filtered resources.
[INFO] skip non existing resourceDirectory /home/gabsko/breaking-updates/adapters-api/src/main/resources
[INFO] 
[INFO] --- maven-compiler-plugin:3.8.1:compile (default-compile) @ adapters-api ---
[INFO] Changes detected - recompiling the module!
[INFO] Compiling 22 source files to /home/gabsko/breaking-updates/adapters-api/target/classes
[INFO] /home/gabsko/breaking-updates/adapters-api/src/main/java/io/nosqlbench/engine/api/templating/ParsedOp.java: Some input files use unchecked or unsafe operations.
[INFO] /home/gabsko/breaking-updates/adapters-api/src/main/java/io/nosqlbench/engine/api/templating/ParsedOp.java: Recompile with -Xlint:unchecked for details.
[INFO] 
[INFO] --- maven-resources-plugin:3.1.0:testResources (default-testResources) @ adapters-api ---
[INFO] Using 'UTF-8' encoding to copy filtered resources.
[INFO] skip non existing resourceDirectory /home/gabsko/breaking-updates/adapters-api/src/test/resources
[INFO] 
[INFO] --- maven-compiler-plugin:3.8.1:testCompile (default-testCompile) @ adapters-api ---
[INFO] No sources to compile
[INFO] 
[INFO] --- maven-surefire-plugin:3.0.0-M4:test (default-test) @ adapters-api ---
[INFO] No tests to run.
[INFO] 
[INFO] ---------------------< io.nosqlbench:drivers-api >----------------------
[INFO] Building drivers-api 4.15.89-SNAPSHOT                            [14/42]
[INFO] --------------------------------[ jar ]---------------------------------
[WARNING] The artifact org.slf4j:slf4j-log4j12:jar:1.7.36 has been relocated to org.slf4j:slf4j-reload4j:jar:1.7.36
[INFO] 
[INFO] --- maven-clean-plugin:3.1.0:clean (default-clean) @ drivers-api ---
[INFO] Deleting /home/gabsko/breaking-updates/drivers-api/target
[INFO] 
[INFO] --- maven-resources-plugin:3.1.0:resources (default-resources) @ drivers-api ---
[INFO] Using 'UTF-8' encoding to copy filtered resources.
[INFO] skip non existing resourceDirectory /home/gabsko/breaking-updates/drivers-api/src/main/resources
[INFO] 
[INFO] --- maven-compiler-plugin:3.8.1:compile (default-compile) @ drivers-api ---
[INFO] Changes detected - recompiling the module!
[INFO] Compiling 2 source files to /home/gabsko/breaking-updates/drivers-api/target/classes
[INFO] /home/gabsko/breaking-updates/drivers-api/src/main/java/io/nosqlbench/engine/api/activityconfig/yaml/OpData.java: /home/gabsko/breaking-updates/drivers-api/src/main/java/io/nosqlbench/engine/api/activityconfig/yaml/OpData.java uses unchecked or unsafe operations.
[INFO] /home/gabsko/breaking-updates/drivers-api/src/main/java/io/nosqlbench/engine/api/activityconfig/yaml/OpData.java: Recompile with -Xlint:unchecked for details.
[INFO] 
[INFO] --- maven-resources-plugin:3.1.0:testResources (default-testResources) @ drivers-api ---
[INFO] Using 'UTF-8' encoding to copy filtered resources.
[INFO] skip non existing resourceDirectory /home/gabsko/breaking-updates/drivers-api/src/test/resources
[INFO] 
[INFO] --- maven-compiler-plugin:3.8.1:testCompile (default-testCompile) @ drivers-api ---
[INFO] Changes detected - recompiling the module!
[INFO] Compiling 1 source file to /home/gabsko/breaking-updates/drivers-api/target/test-classes
[INFO] 
[INFO] --- maven-surefire-plugin:3.0.0-M4:test (default-test) @ drivers-api ---
[INFO] 
[INFO] -------------------------------------------------------
[INFO]  T E S T S
[INFO] -------------------------------------------------------
[INFO] Running io.nosqlbench.engine.api.templating.ParsedOpTest
[INFO] Tests run: 4, Failures: 0, Errors: 0, Skipped: 0, Time elapsed: 0.916 s - in io.nosqlbench.engine.api.templating.ParsedOpTest
[INFO] 
[INFO] Results:
[INFO] 
[INFO] Tests run: 4, Failures: 0, Errors: 0, Skipped: 0
[INFO] 
[INFO] 
[INFO] ----------------------< io.nosqlbench:engine-api >----------------------
[INFO] Building engine-api 4.15.89-SNAPSHOT                             [15/42]
[INFO] --------------------------------[ jar ]---------------------------------
[WARNING] The artifact org.slf4j:slf4j-log4j12:jar:1.7.36 has been relocated to org.slf4j:slf4j-reload4j:jar:1.7.36
[INFO] Downloading from central: https://repo.maven.apache.org/maven2/org/graalvm/truffle/truffle-api/20.3.0/truffle-api-20.3.0.jar
[INFO] Downloading from central: https://repo.maven.apache.org/maven2/org/graalvm/js/js/20.3.0/js-20.3.0.jar
[INFO] Downloading from central: https://repo.maven.apache.org/maven2/org/graalvm/regex/regex/20.3.0/regex-20.3.0.jar
[INFO] Downloaded from central: https://repo.maven.apache.org/maven2/org/graalvm/regex/regex/20.3.0/regex-20.3.0.jar (2.8 MB at 1.7 MB/s)
[INFO] Downloaded from central: https://repo.maven.apache.org/maven2/org/graalvm/truffle/truffle-api/20.3.0/truffle-api-20.3.0.jar (7.1 MB at 4.0 MB/s)
[INFO] Downloaded from central: https://repo.maven.apache.org/maven2/org/graalvm/js/js/20.3.0/js-20.3.0.jar (17 MB at 7.6 MB/s)
[INFO] 
[INFO] --- maven-clean-plugin:3.1.0:clean (default-clean) @ engine-api ---
[INFO] Deleting /home/gabsko/breaking-updates/engine-api/target
[INFO] 
[INFO] --- maven-resources-plugin:3.1.0:resources (default-resources) @ engine-api ---
[INFO] Using 'UTF-8' encoding to copy filtered resources.
[INFO] Copying 5 resources
[INFO] 
[INFO] --- maven-compiler-plugin:3.8.1:compile (default-compile) @ engine-api ---
[INFO] Changes detected - recompiling the module!
[INFO] Compiling 213 source files to /home/gabsko/breaking-updates/engine-api/target/classes
[INFO] /home/gabsko/breaking-updates/engine-api/src/main/java/io/nosqlbench/engine/api/templating/StrInterpolator.java: /home/gabsko/breaking-updates/engine-api/src/main/java/io/nosqlbench/engine/api/templating/StrInterpolator.java uses or overrides a deprecated API.
[INFO] /home/gabsko/breaking-updates/engine-api/src/main/java/io/nosqlbench/engine/api/templating/StrInterpolator.java: Recompile with -Xlint:deprecation for details.
[INFO] /home/gabsko/breaking-updates/engine-api/src/main/java/io/nosqlbench/engine/api/activityimpl/SimpleActivity.java: Some input files use or override a deprecated API that is marked for removal.
[INFO] /home/gabsko/breaking-updates/engine-api/src/main/java/io/nosqlbench/engine/api/activityimpl/SimpleActivity.java: Recompile with -Xlint:removal for details.
[INFO] /home/gabsko/breaking-updates/engine-api/src/main/java/io/nosqlbench/engine/api/activityconfig/rawyaml/RawStmtsDoc.java: Some input files use unchecked or unsafe operations.
[INFO] /home/gabsko/breaking-updates/engine-api/src/main/java/io/nosqlbench/engine/api/activityconfig/rawyaml/RawStmtsDoc.java: Recompile with -Xlint:unchecked for details.
[INFO] 
[INFO] --- maven-resources-plugin:3.1.0:testResources (default-testResources) @ engine-api ---
[INFO] Using 'UTF-8' encoding to copy filtered resources.
[INFO] Copying 21 resources
[INFO] 
[INFO] --- maven-compiler-plugin:3.8.1:testCompile (default-testCompile) @ engine-api ---
[INFO] Changes detected - recompiling the module!
[INFO] Compiling 68 source files to /home/gabsko/breaking-updates/engine-api/target/test-classes
[INFO] /home/gabsko/breaking-updates/engine-api/src/test/java/io/nosqlbench/engine/api/templating/CommandTemplateTest.java: /home/gabsko/breaking-updates/engine-api/src/test/java/io/nosqlbench/engine/api/templating/CommandTemplateTest.java uses or overrides a deprecated API that is marked for removal.
[INFO] /home/gabsko/breaking-updates/engine-api/src/test/java/io/nosqlbench/engine/api/templating/CommandTemplateTest.java: Recompile with -Xlint:removal for details.
[INFO] /home/gabsko/breaking-updates/engine-api/src/test/java/io/nosqlbench/engine/api/activityconfig/MultiMapLookupTest.java: Some input files use unchecked or unsafe operations.
[INFO] /home/gabsko/breaking-updates/engine-api/src/test/java/io/nosqlbench/engine/api/activityconfig/MultiMapLookupTest.java: Recompile with -Xlint:unchecked for details.
[INFO] 
[INFO] --- maven-surefire-plugin:3.0.0-M4:test (default-test) @ engine-api ---
[INFO] 
[INFO] -------------------------------------------------------
[INFO]  T E S T S
[INFO] -------------------------------------------------------
[INFO] Running io.nosqlbench.nb.AggregateTests
ary[0]
 (count, min, mean, max) = (50, 0.000, 20005.740, 1000004.000)
         p(25,50,75) = (4.000,6.000,8.000)
 p(90,99,9.99,99.99) = (9.000,1000004.000,1000004.000,1000004.000)
ary[1]
 (count, min, mean, max) = (50, 0.000, 20005.740, 1000004.000)
         p(25,50,75) = (4.000,6.000,8.000)
 p(90,99,9.99,99.99) = (9.000,1000004.000,1000004.000,1000004.000)
ary[2]
 (count, min, mean, max) = (50, 0.000, 20005.740, 1000004.000)
         p(25,50,75) = (4.000,6.000,8.000)
 p(90,99,9.99,99.99) = (9.000,1000004.000,1000004.000,1000004.000)
all
 (count, min, mean, max) = (150, 0.000, 20005.740, 1000004.000)
         p(25,50,75) = (4.000,6.000,8.000)
 p(90,99,9.99,99.99) = (9.000,1000004.000,1000004.000,1000004.000)
avg of 10.0 => 1.000 (min,max)=(1.000,1.000)
direct 10.0 => 1.000

avg of 20.0 => 3.000 (min,max)=(3.000,3.000)
direct 20.0 => 3.000

avg of 30.0 => 5.000 (min,max)=(5.000,5.000)
direct 30.0 => 5.000

avg of 40.0 => 6.000 (min,max)=(6.000,6.000)
direct 40.0 => 6.000

avg of 50.0 => 6.000 (min,max)=(6.000,6.000)
direct 50.0 => 6.000

avg of 60.0 => 7.000 (min,max)=(7.000,7.000)
direct 60.0 => 7.000

avg of 70.0 => 8.000 (min,max)=(8.000,8.000)
direct 70.0 => 8.000

avg of 80.0 => 8.000 (min,max)=(8.000,8.000)
direct 80.0 => 8.000

avg of 90.0 => 9.000 (min,max)=(9.000,9.000)
direct 90.0 => 9.000

avg of 95.0 => 9.000 (min,max)=(9.000,9.000)
direct 95.0 => 9.000

avg of 99.0 => 1000004.000 (min,max)=(1000004.000,1000004.000)
direct 99.0 => 1000004.000

avg of 99.9 => 1000004.000 (min,max)=(1000004.000,1000004.000)
direct 99.9 => 1000004.000

avg of 99.99 => 1000004.000 (min,max)=(1000004.000,1000004.000)
direct 99.99 => 1000004.000

proto[0] =  85  32  26   3  70  29  25  16  72  37 
proto[1] =  48  82   1  53  26  22  90  12  20   8 
proto[2] =  86  77  67  82   8  16  95  30  98  16 
proto[3] =  77  94  21  27  54  49  22  67  61  76 
proto[4] =   4  78   8  90  78  71  94  40  51  40 
proto[5] =  73  57  28  21  88  78  64  58  75  47 
proto[6] =  38  23   7  39  67  40  69  74  84  31 
proto[7] =  15  57  35  51  77  12  16   9  85  58 
proto[8] =  66  69  70  76  10  13   4  75  64   9 
proto[9] =  69  82  85  72  48  29  78   6  22  71 
ary[0]
 (count, min, mean, max) = (100, 2.649, 37.333, 85.288)
         p(25,50,75) = (23.705,30.923,51.447)
 p(90,99,9.99,99.99) = (65.921,80.449,85.288,85.288)
ary[1]
 (count, min, mean, max) = (100, 0.675, 37.054, 90.257)
         p(25,50,75) = (17.811,30.350,52.607)
 p(90,99,9.99,99.99) = (71.681,84.065,90.257,90.257)
ary[2]
 (count, min, mean, max) = (100, 7.802, 58.023, 97.741)
         p(25,50,75) = (37.385,68.113,77.596)
 p(90,99,9.99,99.99) = (83.749,95.020,97.741,97.741)
ary[3]
 (count, min, mean, max) = (100, 21.356, 52.782, 94.134)
         p(25,50,75) = (34.466,51.612,66.690)
 p(90,99,9.99,99.99) = (80.902,92.550,94.134,94.134)
ary[4]
 (count, min, mean, max) = (100, 4.264, 58.635, 94.091)
         p(25,50,75) = (43.538,58.667,77.601)
 p(90,99,9.99,99.99) = (85.576,91.962,94.091,94.091)
ary[5]
 (count, min, mean, max) = (100, 20.586, 58.732, 88.116)
         p(25,50,75) = (49.414,62.247,70.269)
 p(90,99,9.99,99.99) = (79.804,87.192,88.116,88.116)
ary[6]
 (count, min, mean, max) = (100, 6.970, 48.538, 84.135)
         p(25,50,75) = (30.365,50.093,69.126)
 p(90,99,9.99,99.99) = (75.611,83.188,84.135,84.135)
ary[7]
 (count, min, mean, max) = (100, 9.147, 41.965, 85.459)
         p(25,50,75) = (16.084,42.676,57.912)
 p(90,99,9.99,99.99) = (71.584,82.941,85.459,85.459)
ary[8]
 (count, min, mean, max) = (100, 3.703, 46.375, 75.967)
         p(25,50,75) = (12.589,58.837,69.748)
 p(90,99,9.99,99.99) = (72.311,75.444,75.967,75.967)
ary[9]
 (count, min, mean, max) = (100, 5.683, 54.789, 84.668)
         p(25,50,75) = (35.982,58.380,75.355)
 p(90,99,9.99,99.99) = (82.483,84.426,84.668,84.668)
all
 (count, min, mean, max) = (1000, 0.675, 49.422, 97.741)
         p(25,50,75) = (28.335,50.988,69.748)
 p(90,99,9.99,99.99) = (79.214,90.247,95.020,97.741)
avg of 10.0 => 17.821 (min,max)=(10.154,26.966)
direct 10.0 => 14.849

avg of 20.0 => 26.428 (min,max)=(11.780,41.555)
direct 20.0 => 24.478

avg of 30.0 => 34.864 (min,max)=(19.545,54.457)
direct 30.0 => 33.696

avg of 40.0 => 43.462 (min,max)=(24.478,59.484)
direct 40.0 => 43.061

avg of 50.0 => 51.190 (min,max)=(30.350,68.113)
direct 50.0 => 50.988

avg of 60.0 => 58.976 (min,max)=(39.248,72.169)
direct 60.0 => 60.056

avg of 70.0 => 64.085 (min,max)=(46.923,75.522)
direct 70.0 => 67.160

avg of 80.0 => 69.822 (min,max)=(56.422,79.380)
direct 80.0 => 72.218

avg of 90.0 => 76.962 (min,max)=(65.921,85.576)
direct 90.0 => 79.214

avg of 95.0 => 80.909 (min,max)=(69.747,89.132)
direct 95.0 => 83.455

avg of 99.0 => 85.724 (min,max)=(75.444,95.020)
direct 99.0 => 90.247

avg of 99.9 => 87.986 (min,max)=(75.967,97.741)
direct 99.9 => 95.020

avg of 99.99 => 87.986 (min,max)=(75.967,97.741)
direct 99.99 => 97.741

aggstats avg:7.444444444444444
allstats avg:6.714285714285714
[INFO] Tests run: 4, Failures: 0, Errors: 0, Skipped: 0, Time elapsed: 7.682 s - in io.nosqlbench.nb.AggregateTests
[INFO] Running io.nosqlbench.engine.api.clireader.CLITest
[INFO] Tests run: 1, Failures: 0, Errors: 0, Skipped: 0, Time elapsed: 0.001 s - in io.nosqlbench.engine.api.clireader.CLITest
[INFO] Running io.nosqlbench.engine.api.activityapi.core.ops.fluent.OpTrackerImplTest
[INFO] Tests run: 1, Failures: 0, Errors: 0, Skipped: 0, Time elapsed: 0.008 s - in io.nosqlbench.engine.api.activityapi.core.ops.fluent.OpTrackerImplTest
[INFO] Running io.nosqlbench.engine.api.activityapi.errorhandling.HashedErrorHandlerTest
[INFO] Tests run: 10, Failures: 0, Errors: 0, Skipped: 0, Time elapsed: 0.493 s - in io.nosqlbench.engine.api.activityapi.errorhandling.HashedErrorHandlerTest
[INFO] Running io.nosqlbench.engine.api.activityapi.errorhandling.modular.NBErrorHandlerTest
[INFO] Tests run: 7, Failures: 0, Errors: 0, Skipped: 0, Time elapsed: 0.108 s - in io.nosqlbench.engine.api.activityapi.errorhandling.modular.NBErrorHandlerTest
[INFO] Running io.nosqlbench.engine.api.activityapi.planning.ConcatSequencerTest
[INFO] Tests run: 2, Failures: 0, Errors: 0, Skipped: 0, Time elapsed: 0.008 s - in io.nosqlbench.engine.api.activityapi.planning.ConcatSequencerTest
[INFO] Running io.nosqlbench.engine.api.activityapi.planning.BucketSequencerTest
[INFO] Tests run: 1, Failures: 0, Errors: 0, Skipped: 0, Time elapsed: 0.003 s - in io.nosqlbench.engine.api.activityapi.planning.BucketSequencerTest
[INFO] Running io.nosqlbench.engine.api.activityapi.planning.IntervalSequencerTest
[INFO] Tests run: 6, Failures: 0, Errors: 0, Skipped: 0, Time elapsed: 0.008 s - in io.nosqlbench.engine.api.activityapi.planning.IntervalSequencerTest
[INFO] Running io.nosqlbench.engine.api.activityapi.cyclelog.inputs.cyclelog.CycleLogInputTest
tmp file for testing:/tmp/cycle-log-reader-test11551534887000130708cyclelog
[INFO] Tests run: 1, Failures: 0, Errors: 0, Skipped: 0, Time elapsed: 0.038 s - in io.nosqlbench.engine.api.activityapi.cyclelog.inputs.cyclelog.CycleLogInputTest
[INFO] Running io.nosqlbench.engine.api.activityapi.cyclelog.buffers.CycleResultsRLEBufferTargetTest
[INFO] Tests run: 3, Failures: 0, Errors: 0, Skipped: 0, Time elapsed: 0.008 s - in io.nosqlbench.engine.api.activityapi.cyclelog.buffers.CycleResultsRLEBufferTargetTest
[INFO] Running io.nosqlbench.engine.api.activityapi.cyclelog.buffers.CycleResultsRLEBufferReadableTest
[INFO] Tests run: 4, Failures: 0, Errors: 0, Skipped: 0, Time elapsed: 0.006 s - in io.nosqlbench.engine.api.activityapi.cyclelog.buffers.CycleResultsRLEBufferReadableTest
[INFO] Running io.nosqlbench.engine.api.activityapi.cyclelog.buffers.results.CycleResultArraySegmentBufferTest
[INFO] Tests run: 1, Failures: 0, Errors: 0, Skipped: 0, Time elapsed: 0.003 s - in io.nosqlbench.engine.api.activityapi.cyclelog.buffers.results.CycleResultArraySegmentBufferTest
[INFO] Running io.nosqlbench.engine.api.activityapi.cyclelog.tristate.ResultFilteringSieveTest
[INFO] Tests run: 4, Failures: 0, Errors: 0, Skipped: 0, Time elapsed: 0.006 s - in io.nosqlbench.engine.api.activityapi.cyclelog.tristate.ResultFilteringSieveTest
[INFO] Running io.nosqlbench.engine.api.activityapi.cyclelog.tristate.CoreResultFilterTest
[INFO] Tests run: 1, Failures: 0, Errors: 0, Skipped: 0, Time elapsed: 0.012 s - in io.nosqlbench.engine.api.activityapi.cyclelog.tristate.CoreResultFilterTest
[INFO] Running io.nosqlbench.engine.api.activityapi.cyclelog.filters.tristate.EnumReadableMappingFilterTest
[INFO] Tests run: 1, Failures: 0, Errors: 0, Skipped: 0, Time elapsed: 0.002 s - in io.nosqlbench.engine.api.activityapi.cyclelog.filters.tristate.EnumReadableMappingFilterTest
[INFO] Running io.nosqlbench.engine.api.activityapi.cyclelog.CycleResultsArraySegmentReadableTest
[INFO] Tests run: 1, Failures: 0, Errors: 0, Skipped: 0, Time elapsed: 0.003 s - in io.nosqlbench.engine.api.activityapi.cyclelog.CycleResultsArraySegmentReadableTest
[INFO] Running io.nosqlbench.engine.api.activityapi.sysperf.SysPerfBaselinerTest
[WARNING] Tests run: 1, Failures: 0, Errors: 0, Skipped: 1, Time elapsed: 0.002 s - in io.nosqlbench.engine.api.activityapi.sysperf.SysPerfBaselinerTest
[INFO] Running io.nosqlbench.engine.api.activityapi.sysperf.SysPerfTest
[WARNING] Tests run: 1, Failures: 0, Errors: 0, Skipped: 1, Time elapsed: 0.001 s - in io.nosqlbench.engine.api.activityapi.sysperf.SysPerfTest
[INFO] Running io.nosqlbench.engine.api.activityapi.ratelimits.TokenPoolTest
[INFO] Tests run: 3, Failures: 0, Errors: 0, Skipped: 0, Time elapsed: 0.009 s - in io.nosqlbench.engine.api.activityapi.ratelimits.TokenPoolTest
[INFO] Running io.nosqlbench.engine.api.activityapi.ratelimits.TestRateLimiterPerfSingle
[WARNING] Tests run: 11, Failures: 0, Errors: 0, Skipped: 11, Time elapsed: 0.003 s - in io.nosqlbench.engine.api.activityapi.ratelimits.TestRateLimiterPerfSingle
[INFO] Running io.nosqlbench.engine.api.activityapi.ratelimits.TestRateLimiterPerf1E7
[WARNING] Tests run: 6, Failures: 0, Errors: 0, Skipped: 6, Time elapsed: 0.002 s - in io.nosqlbench.engine.api.activityapi.ratelimits.TestRateLimiterPerf1E7
[INFO] Running io.nosqlbench.engine.api.activityapi.ratelimits.RateSpecTest
[INFO] Tests run: 3, Failures: 0, Errors: 0, Skipped: 0, Time elapsed: 0.005 s - in io.nosqlbench.engine.api.activityapi.ratelimits.RateSpecTest
[INFO] Running io.nosqlbench.engine.api.activityapi.ratelimits.TestRateLimiterPerf1E8
[WARNING] Tests run: 10, Failures: 0, Errors: 0, Skipped: 10, Time elapsed: 0.003 s - in io.nosqlbench.engine.api.activityapi.ratelimits.TestRateLimiterPerf1E8
[INFO] Running io.nosqlbench.engine.api.activityapi.ratelimits.TestHybridRateLimiterPerf
[WARNING] Tests run: 17, Failures: 0, Errors: 0, Skipped: 17, Time elapsed: 0.005 s - in io.nosqlbench.engine.api.activityapi.ratelimits.TestHybridRateLimiterPerf
[INFO] Running io.nosqlbench.engine.api.activityapi.ParameterMapTest
[INFO] Tests run: 12, Failures: 0, Errors: 0, Skipped: 0, Time elapsed: 0.012 s - in io.nosqlbench.engine.api.activityapi.ParameterMapTest
[INFO] Running io.nosqlbench.engine.api.util.SimpleConfigTest
[INFO] Tests run: 1, Failures: 0, Errors: 0, Skipped: 0, Time elapsed: 0.001 s - in io.nosqlbench.engine.api.util.SimpleConfigTest
[INFO] Running io.nosqlbench.engine.api.util.TagFilterTest
(,) filter(one:'four-.*' five two seven six=again) tag(one:four-five-six): did not match '^'four-.*' five two seven six=again$'
[INFO] Tests run: 13, Failures: 0, Errors: 0, Skipped: 0, Time elapsed: 0.044 s - in io.nosqlbench.engine.api.util.TagFilterTest
[INFO] Running io.nosqlbench.engine.api.util.UnitParserTests
[INFO] Tests run: 7, Failures: 0, Errors: 0, Skipped: 0, Time elapsed: 0.017 s - in io.nosqlbench.engine.api.util.UnitParserTests
[INFO] Running io.nosqlbench.engine.api.util.SSLKsFactoryTest
[INFO] Tests run: 17, Failures: 0, Errors: 0, Skipped: 0, Time elapsed: 0.772 s - in io.nosqlbench.engine.api.util.SSLKsFactoryTest
[INFO] Running io.nosqlbench.engine.api.activityconfig.StatementsLoaderTest
[INFO] Tests run: 2, Failures: 0, Errors: 0, Skipped: 0, Time elapsed: 0.101 s - in io.nosqlbench.engine.api.activityconfig.StatementsLoaderTest
[INFO] Running io.nosqlbench.engine.api.activityconfig.rawyaml.UniformWorkloadSpecificationTest
Op Templates > a single un-named op template
	 at (target/classes/workload_definition/templated_operations.md:33)
- checking yaml->json                   OK
- checking yaml->ops                    OK
Op Templates > un-named op templates as a list of strings
	 at (target/classes/workload_definition/templated_operations.md:66)
- checking yaml->json                   OK
- checking yaml->ops                    OK
Op Templates > named op templates as a list of maps with name-stmt as first entry
	 at (target/classes/workload_definition/templated_operations.md:105)
- checking yaml->json                   OK
- checking yaml->ops                    OK
Op Templates > op templates as a list of maps with name field
	 at (target/classes/workload_definition/templated_operations.md:143)
- checking yaml->json                   OK
- checking yaml->ops                    OK
Op Templates > named op templates as a map of strings
	 at (target/classes/workload_definition/templated_operations.md:183)
- checking yaml->json                   OK
- checking yaml->ops                    OK
Op Templates > named op templates as a map of maps
	 at (target/classes/workload_definition/templated_operations.md:219)
- checking yaml->json                   OK
- checking yaml->ops                    OK
Op Template Properties > detailed op template example
	 at (target/classes/workload_definition/templated_operations.md:267)
- checking yaml->json                   OK
- checking yaml->ops                    OK
Property Layering > block-level defaults and overrides
	 at (target/classes/workload_definition/templated_operations.md:340)
- checking yaml->json                   OK
- checking yaml->ops                    OK
Layout of Examples
	 at (target/classes/workload_definition/templated_workloads.md:55)
- checking yaml->json                   OK
- checking yaml->ops                    OK
Layout of Examples > Description
	 at (target/classes/workload_definition/templated_workloads.md:82)
- checking yaml->json                   OK
- checking yaml->ops                    OK
Layout of Examples > Scenarios > single un-named step
	 at (target/classes/workload_definition/templated_workloads.md:117)
- checking yaml->json                   OK
- checking yaml->ops                    OK
Layout of Examples > Scenarios > multiple named steps
	 at (target/classes/workload_definition/templated_workloads.md:142)
- checking yaml->json                   OK
- checking yaml->ops                    OK
Layout of Examples > Scenarios > list of un-named steps
	 at (target/classes/workload_definition/templated_workloads.md:172)
- checking yaml->json                   OK
- checking yaml->ops                    OK
Layout of Examples > Scenarios > silent locked step parameters
	 at (target/classes/workload_definition/templated_workloads.md:207)
- checking yaml->json                   OK
- checking yaml->ops                    OK
Layout of Examples > Bindings
	 at (target/classes/workload_definition/templated_workloads.md:249)
- checking yaml->json                   OK
- checking yaml->ops                    OK
Layout of Examples > Params
	 at (target/classes/workload_definition/templated_workloads.md:283)
- checking yaml->json                   OK
- checking yaml->ops                    OK
Layout of Examples > Tags
	 at (target/classes/workload_definition/templated_workloads.md:318)
- checking yaml->json                   OK
- checking yaml->ops                    OK
Layout of Examples > Blocks > named blocks as a map of property maps
	 at (target/classes/workload_definition/templated_workloads.md:357)
- checking yaml->json                   OK
- checking yaml->ops                    OK
Layout of Examples > Blocks > lists of blocks as a list of property maps
	 at (target/classes/workload_definition/templated_workloads.md:421)
- checking yaml->json                   OK
- checking yaml->ops                    OK
Layout of Examples > Names
	 at (target/classes/workload_definition/templated_workloads.md:508)
- checking yaml->json                   OK
- checking yaml->ops                    OK
Template Variables > angle bracket value with defaults
	 at (target/classes/workload_definition/template_variables.md:11)
- checking yaml->json                   OK
- checking yaml->ops                    OK
Template Variables > call form with defaults
	 at (target/classes/workload_definition/template_variables.md:34)
- checking yaml->json                   OK
- checking yaml->ops                    OK
Template Variables > call form with no default, requires input
	 at (target/classes/workload_definition/template_variables.md:53)
- checking yaml->json                   OK
- checking yaml->ops                    OK
Template Variables > call form with null default
	 at (target/classes/workload_definition/template_variables.md:72)
- checking yaml->json                   OK
- checking yaml->ops                    OK
[INFO] Tests run: 4, Failures: 0, Errors: 0, Skipped: 0, Time elapsed: 0.252 s - in io.nosqlbench.engine.api.activityconfig.rawyaml.UniformWorkloadSpecificationTest
[INFO] Running io.nosqlbench.engine.api.activityconfig.rawyaml.OpDefTest
{p3=v3, topic_uri=My topic URI, global=value}
[INFO] Tests run: 6, Failures: 0, Errors: 0, Skipped: 0, Time elapsed: 0.019 s - in io.nosqlbench.engine.api.activityconfig.rawyaml.OpDefTest
[INFO] Running io.nosqlbench.engine.api.activityconfig.rawyaml.RawYamlStatementLoaderTest
[INFO] Tests run: 4, Failures: 0, Errors: 0, Skipped: 0, Time elapsed: 0.012 s - in io.nosqlbench.engine.api.activityconfig.rawyaml.RawYamlStatementLoaderTest
[INFO] Running io.nosqlbench.engine.api.activityconfig.rawyaml.StmtEscapingTest
[INFO] Tests run: 3, Failures: 0, Errors: 0, Skipped: 0, Time elapsed: 0.006 s - in io.nosqlbench.engine.api.activityconfig.rawyaml.StmtEscapingTest
[INFO] Running io.nosqlbench.engine.api.activityconfig.rawyaml.StmtVariationTests
[INFO] Tests run: 4, Failures: 0, Errors: 0, Skipped: 0, Time elapsed: 0.008 s - in io.nosqlbench.engine.api.activityconfig.rawyaml.StmtVariationTests
[INFO] Running io.nosqlbench.engine.api.activityconfig.rawyaml.BindingEscapingTest
[INFO] Tests run: 2, Failures: 0, Errors: 0, Skipped: 0, Time elapsed: 0.221 s - in io.nosqlbench.engine.api.activityconfig.rawyaml.BindingEscapingTest
[INFO] Running io.nosqlbench.engine.api.activityconfig.rawyaml.HeadingScannerTest
[INFO] Tests run: 1, Failures: 0, Errors: 0, Skipped: 0, Time elapsed: 0.003 s - in io.nosqlbench.engine.api.activityconfig.rawyaml.HeadingScannerTest
[INFO] Running io.nosqlbench.engine.api.activityconfig.MultiMapLookupTest
[INFO] Tests run: 1, Failures: 0, Errors: 0, Skipped: 0, Time elapsed: 0.001 s - in io.nosqlbench.engine.api.activityconfig.MultiMapLookupTest
[INFO] Running io.nosqlbench.engine.api.activityconfig.yaml.ParsedStmtOpTest
[INFO] Tests run: 2, Failures: 0, Errors: 0, Skipped: 0, Time elapsed: 0.008 s - in io.nosqlbench.engine.api.activityconfig.yaml.ParsedStmtOpTest
[INFO] Running io.nosqlbench.engine.api.activityconfig.yaml.StmtsDocListTest
[INFO] Tests run: 5, Failures: 0, Errors: 0, Skipped: 0, Time elapsed: 0.009 s - in io.nosqlbench.engine.api.activityconfig.yaml.StmtsDocListTest
[INFO] Running io.nosqlbench.engine.api.activityconfig.yaml.StmtDetailOverrideTest
[INFO] Tests run: 1, Failures: 0, Errors: 0, Skipped: 0, Time elapsed: 0.004 s - in io.nosqlbench.engine.api.activityconfig.yaml.StmtDetailOverrideTest
[INFO] Running io.nosqlbench.engine.api.templating.StrInterpolatorTest
[INFO] Tests run: 10, Failures: 0, Errors: 0, Skipped: 0, Time elapsed: 0.005 s - in io.nosqlbench.engine.api.templating.StrInterpolatorTest
[INFO] Running io.nosqlbench.engine.api.templating.CommandTemplateTest
{
  "name": "block0--s1",
  "statics": {
    "Optional[{stmt": "test1\u003dfoo"
  },
  "dynamics": {
    "test2": {
      "compositor": {
        "templateSegments": [
          "",
          "bar",
          "}]"
        ],
        "stringfunc": {}
      },
      "bindings": {
        "template": {
          "fconfig": {},
          "bindPointNames": [
            "bar"
          ],
          "specifiers": [
            "NumberNameToString();"
          ]
        },
        "dataMappers": [
          {}
        ],
        "nameCache": {
          "threadLocalHashCode": -1592272150
        }
      }
    }
  }
}
[INFO] Tests run: 2, Failures: 0, Errors: 0, Skipped: 0, Time elapsed: 0.022 s - in io.nosqlbench.engine.api.templating.CommandTemplateTest
[INFO] Running io.nosqlbench.engine.api.scripting.GraalJsEvaluatorTest
[INFO] Tests run: 3, Failures: 0, Errors: 0, Skipped: 0, Time elapsed: 0.912 s - in io.nosqlbench.engine.api.scripting.GraalJsEvaluatorTest
[INFO] Running io.nosqlbench.engine.api.metrics.TestHistoTypes
[WARNING] Tests run: 1, Failures: 0, Errors: 0, Skipped: 1, Time elapsed: 0 s - in io.nosqlbench.engine.api.metrics.TestHistoTypes
[INFO] Running io.nosqlbench.engine.api.metrics.NicerHistogramTest
[INFO] Tests run: 1, Failures: 0, Errors: 0, Skipped: 0, Time elapsed: 0.505 s - in io.nosqlbench.engine.api.metrics.NicerHistogramTest
[INFO] Running io.nosqlbench.engine.api.metrics.ActivityMetricsTest
[INFO] Tests run: 1, Failures: 0, Errors: 0, Skipped: 0, Time elapsed: 0.003 s - in io.nosqlbench.engine.api.metrics.ActivityMetricsTest
[INFO] Running io.nosqlbench.engine.api.metrics.HistoIntervalLoggerTest
delayed 1001 millis
delayed 1001 millis
[INFO] Tests run: 1, Failures: 0, Errors: 0, Skipped: 0, Time elapsed: 2.051 s - in io.nosqlbench.engine.api.metrics.HistoIntervalLoggerTest
[INFO] Running io.nosqlbench.engine.api.activityimpl.marker.CoreOutputAtticTest
[INFO] Tests run: 1, Failures: 0, Errors: 0, Skipped: 0, Time elapsed: 0.01 s - in io.nosqlbench.engine.api.activityimpl.marker.CoreOutputAtticTest
[INFO] Running io.nosqlbench.engine.api.activityimpl.marker.ByteTrackerExtentTest
[INFO] Tests run: 2, Failures: 0, Errors: 0, Skipped: 0, Time elapsed: 0.004 s - in io.nosqlbench.engine.api.activityimpl.marker.ByteTrackerExtentTest
[INFO] Running io.nosqlbench.engine.api.activityimpl.marker.CoreOutputTest
[INFO] Tests run: 1, Failures: 0, Errors: 0, Skipped: 0, Time elapsed: 0.001 s - in io.nosqlbench.engine.api.activityimpl.marker.CoreOutputTest
[INFO] Running io.nosqlbench.engine.api.activityimpl.input.CycleArrayTest
[INFO] Tests run: 1, Failures: 0, Errors: 0, Skipped: 0, Time elapsed: 0.003 s - in io.nosqlbench.engine.api.activityimpl.input.CycleArrayTest
[INFO] Running io.nosqlbench.engine.api.activityimpl.input.AtomicInputTest
[INFO] Tests run: 1, Failures: 0, Errors: 0, Skipped: 0, Time elapsed: 0.005 s - in io.nosqlbench.engine.api.activityimpl.input.AtomicInputTest
[INFO] Running io.nosqlbench.engine.api.activityimpl.input.CycleArrayBufferTest
[INFO] Tests run: 1, Failures: 0, Errors: 0, Skipped: 0, Time elapsed: 0.001 s - in io.nosqlbench.engine.api.activityimpl.input.CycleArrayBufferTest
[INFO] Running io.nosqlbench.engine.api.activityimpl.input.InputIntervalTest
[INFO] Tests run: 1, Failures: 0, Errors: 0, Skipped: 0, Time elapsed: 0.001 s - in io.nosqlbench.engine.api.activityimpl.input.InputIntervalTest
[INFO] Running io.nosqlbench.engine.api.activityimpl.tracking.TreeTracker1024Test
[INFO] Tests run: 1, Failures: 0, Errors: 0, Skipped: 0, Time elapsed: 0.003 s - in io.nosqlbench.engine.api.activityimpl.tracking.TreeTracker1024Test
[INFO] Running io.nosqlbench.engine.api.activityimpl.tracking.LongTreeTrackerTest2
1 0 0 0 0 0 0 0 0 0 0 0 0 0 0 0 0 0 0 0 0 0 0 0 0 0 0 0 0 0 0 0 
 0   0   0   0   0   0   0   0   0   0   0   0   0   0   0   0   
   0       0       0       0       0       0       0       0       
       0               0               0               0               
               0                               0                               
                               0
                               0

1 1 0 0 0 0 0 0 0 0 0 0 0 0 0 0 0 0 0 0 0 0 0 0 0 0 0 0 0 0 0 0 
 1   0   0   0   0   0   0   0   0   0   0   0   0   0   0   0   
   0       0       0       0       0       0       0       0       
       0               0               0               0               
               0                               0                               
                               0
                               0

1 1 1 0 0 0 0 0 0 0 0 0 0 0 0 0 0 0 0 0 0 0 0 0 0 0 0 0 0 0 0 0 
 1   0   0   0   0   0   0   0   0   0   0   0   0   0   0   0   
   0       0       0       0       0       0       0       0       
       0               0               0               0               
               0                               0                               
                               0
                               0

1 1 1 0 0 1 0 0 0 0 0 0 0 0 0 0 0 0 0 0 0 0 0 0 0 0 0 0 0 0 0 0 
 1   0   0   0   0   0   0   0   0   0   0   0   0   0   0   0   
   0       0       0       0       0       0       0       0       
       0               0               0               0               
               0                               0                               
                               0
                               0

1 1 1 0 0 1 1 0 0 0 0 0 0 0 0 0 0 0 0 0 0 0 0 0 0 0 0 0 0 0 0 0 
 1   0   0   0   0   0   0   0   0   0   0   0   0   0   0   0   
   0       0       0       0       0       0       0       0       
       0               0               0               0               
               0                               0                               
                               0
                               0

1 1 1 1 0 1 1 0 0 0 0 0 0 0 0 0 0 0 0 0 0 0 0 0 0 0 0 0 0 0 0 0 
 1   1   0   0   0   0   0   0   0   0   0   0   0   0   0   0   
   1       0       0       0       0       0       0       0       
       0               0               0               0               
               0                               0                               
                               0
                               0

1 1 1 1 1 1 1 0 0 0 0 0 0 0 0 0 0 0 0 0 0 0 0 0 0 0 0 0 0 0 0 0 
 1   1   1   0   0   0   0   0   0   0   0   0   0   0   0   0   
   1       0       0       0       0       0       0       0       
       0               0               0               0               
               0                               0                               
                               0
                               0

1 1 1 1 1 1 1 1 0 0 0 0 0 0 0 0 0 0 0 0 0 0 0 0 0 0 0 0 0 0 0 0 
 1   1   1   1   0   0   0   0   0   0   0   0   0   0   0   0   
   1       1       0       0       0       0       0       0       
       1               0               0               0               
               0                               0                               
                               0
                               0

1 1 1 1 1 1 1 1 1 1 1 1 1 1 1 1 1 1 1 1 1 1 1 1 1 1 1 1 1 1 1 1 
 1   1   1   1   1   1   1   1   1   1   1   1   1   1   1   1   
   1       1       1       1       1       1       1       1       
       1               1               1               1               
               1                               1                               
                               1
                               0

0 0 0 0 0 0 0 0 0 0 0 0 0 0 0 0 0 0 0 0 0 0 0 0 0 0 0 0 0 0 0 0 
 0   0   0   0   0   0   0   0   0   0   0   0   0   0   0   0   
   0       0       0       0       0       0       0       0       
       0               0               0               0               
               0                               0                               
                               1
                               0

[WARNING] Tests run: 9, Failures: 0, Errors: 0, Skipped: 2, Time elapsed: 0.004 s - in io.nosqlbench.engine.api.activityimpl.tracking.LongTreeTrackerTest2
[INFO] Running io.nosqlbench.engine.api.activityimpl.CpuInfoTest
SLF4J: Class path contains multiple SLF4J bindings.
SLF4J: Found binding in [jar:file:/home/gabsko/.m2/repository/org/apache/logging/log4j/log4j-slf4j-impl/2.17.1/log4j-slf4j-impl-2.17.1.jar!/org/slf4j/impl/StaticLoggerBinder.class]
SLF4J: Found binding in [jar:file:/home/gabsko/.m2/repository/org/apache/logging/log4j/slf4j-impl/2.0-alpha2/slf4j-impl-2.0-alpha2.jar!/org/slf4j/impl/StaticLoggerBinder.class]
SLF4J: Found binding in [jar:file:/home/gabsko/.m2/repository/org/slf4j/slf4j-reload4j/1.7.36/slf4j-reload4j-1.7.36.jar!/org/slf4j/impl/StaticLoggerBinder.class]
SLF4J: See http://www.slf4j.org/codes.html#multiple_bindings for an explanation.
SLF4J: Actual binding is of type [org.apache.logging.slf4j.Log4jLoggerFactory]
cores=36 cpus=18 mhz=3000 speedavg=9.884802813469242E-4 model='Intel64 Family 6 Model 85 Stepping 7'
[INFO] Tests run: 1, Failures: 0, Errors: 0, Skipped: 0, Time elapsed: 0.388 s - in io.nosqlbench.engine.api.activityimpl.CpuInfoTest
[INFO] Running io.nosqlbench.engine.api.activityimpl.ActivityDefTest
[INFO] Tests run: 2, Failures: 0, Errors: 0, Skipped: 0, Time elapsed: 0.003 s - in io.nosqlbench.engine.api.activityimpl.ActivityDefTest
[INFO] 
[INFO] Results:
[INFO] 
[WARNING] Tests run: 225, Failures: 0, Errors: 0, Skipped: 49
[INFO] 
[INFO] 
[INFO] --------------------< io.nosqlbench:engine-clients >--------------------
[INFO] Building engine-clients 4.15.89-SNAPSHOT                         [16/42]
[INFO] --------------------------------[ jar ]---------------------------------
[WARNING] The artifact org.slf4j:slf4j-log4j12:jar:1.7.36 has been relocated to org.slf4j:slf4j-reload4j:jar:1.7.36
[INFO] 
[INFO] --- maven-clean-plugin:3.1.0:clean (default-clean) @ engine-clients ---
[INFO] Deleting /home/gabsko/breaking-updates/engine-clients/target
[INFO] 
[INFO] --- maven-resources-plugin:3.1.0:resources (default-resources) @ engine-clients ---
[INFO] Using 'UTF-8' encoding to copy filtered resources.
[INFO] skip non existing resourceDirectory /home/gabsko/breaking-updates/engine-clients/src/main/resources
[INFO] 
[INFO] --- maven-compiler-plugin:3.8.1:compile (default-compile) @ engine-clients ---
[INFO] Changes detected - recompiling the module!
[INFO] Compiling 32 source files to /home/gabsko/breaking-updates/engine-clients/target/classes
[INFO] /home/gabsko/breaking-updates/engine-clients/src/main/java/io/nosqlbench/engine/clients/grafana/GrafanaClient.java: /home/gabsko/breaking-updates/engine-clients/src/main/java/io/nosqlbench/engine/clients/grafana/GrafanaClient.java uses or overrides a deprecated API.
[INFO] /home/gabsko/breaking-updates/engine-clients/src/main/java/io/nosqlbench/engine/clients/grafana/GrafanaClient.java: Recompile with -Xlint:deprecation for details.
[INFO] /home/gabsko/breaking-updates/engine-clients/src/main/java/io/nosqlbench/engine/clients/grafana/transfer/GTemplate.java: /home/gabsko/breaking-updates/engine-clients/src/main/java/io/nosqlbench/engine/clients/grafana/transfer/GTemplate.java uses unchecked or unsafe operations.
[INFO] /home/gabsko/breaking-updates/engine-clients/src/main/java/io/nosqlbench/engine/clients/grafana/transfer/GTemplate.java: Recompile with -Xlint:unchecked for details.
[INFO] 
[INFO] --- maven-resources-plugin:3.1.0:testResources (default-testResources) @ engine-clients ---
[INFO] Using 'UTF-8' encoding to copy filtered resources.
[INFO] Copying 1 resource
[INFO] 
[INFO] --- maven-compiler-plugin:3.8.1:testCompile (default-testCompile) @ engine-clients ---
[INFO] Changes detected - recompiling the module!
[INFO] Compiling 4 source files to /home/gabsko/breaking-updates/engine-clients/target/test-classes
[INFO] 
[INFO] --- maven-surefire-plugin:3.0.0-M4:test (default-test) @ engine-clients ---
[INFO] 
[INFO] -------------------------------------------------------
[INFO]  T E S T S
[INFO] -------------------------------------------------------
[INFO] Running io.nosqlbench.engine.clients.prometheus.PMatrixElemTest
[WARNING] Tests run: 1, Failures: 0, Errors: 0, Skipped: 1, Time elapsed: 0.025 s - in io.nosqlbench.engine.clients.prometheus.PMatrixElemTest
[INFO] Running io.nosqlbench.engine.clients.grafana.analyzer.GrafanaRegionAnalyzerTest
[WARNING] Tests run: 1, Failures: 0, Errors: 0, Skipped: 1, Time elapsed: 0.001 s - in io.nosqlbench.engine.clients.grafana.analyzer.GrafanaRegionAnalyzerTest
[INFO] Running io.nosqlbench.engine.clients.grafana.GrafanaClientTest
[WARNING] Tests run: 3, Failures: 0, Errors: 0, Skipped: 3, Time elapsed: 0.002 s - in io.nosqlbench.engine.clients.grafana.GrafanaClientTest
[INFO] Running io.nosqlbench.engine.clients.grafana.GTimeUnitTest
[INFO] Tests run: 2, Failures: 0, Errors: 0, Skipped: 0, Time elapsed: 0.095 s - in io.nosqlbench.engine.clients.grafana.GTimeUnitTest
[INFO] 
[INFO] Results:
[INFO] 
[WARNING] Tests run: 7, Failures: 0, Errors: 0, Skipped: 5
[INFO] 
[INFO] 
[INFO] ---------------------< io.nosqlbench:engine-core >----------------------
[INFO] Building engine-core 4.15.89-SNAPSHOT                            [17/42]
[INFO] --------------------------------[ jar ]---------------------------------
[WARNING] The artifact org.slf4j:slf4j-log4j12:jar:1.7.36 has been relocated to org.slf4j:slf4j-reload4j:jar:1.7.36
[INFO] Downloading from central: https://repo.maven.apache.org/maven2/org/graalvm/tools/profiler/20.3.0/profiler-20.3.0.jar
[INFO] Downloaded from central: https://repo.maven.apache.org/maven2/org/graalvm/tools/profiler/20.3.0/profiler-20.3.0.jar (383 kB at 23 MB/s)
[INFO] 
[INFO] --- maven-clean-plugin:3.1.0:clean (default-clean) @ engine-core ---
[INFO] Deleting /home/gabsko/breaking-updates/engine-core/target
[INFO] 
[INFO] --- maven-resources-plugin:3.1.0:resources (default-resources) @ engine-core ---
[INFO] Using 'UTF-8' encoding to copy filtered resources.
[INFO] Copying 4 resources
[INFO] 
[INFO] --- maven-compiler-plugin:3.8.1:compile (default-compile) @ engine-core ---
[INFO] Changes detected - recompiling the module!
[INFO] Compiling 37 source files to /home/gabsko/breaking-updates/engine-core/target/classes
[INFO] /home/gabsko/breaking-updates/engine-core/src/main/java/io/nosqlbench/engine/core/script/ScriptParams.java: Some input files use unchecked or unsafe operations.
[INFO] /home/gabsko/breaking-updates/engine-core/src/main/java/io/nosqlbench/engine/core/script/ScriptParams.java: Recompile with -Xlint:unchecked for details.
[INFO] 
[INFO] --- maven-resources-plugin:3.1.0:testResources (default-testResources) @ engine-core ---
[INFO] Using 'UTF-8' encoding to copy filtered resources.
[INFO] Copying 2 resources
[INFO] 
[INFO] --- maven-compiler-plugin:3.8.1:testCompile (default-testCompile) @ engine-core ---
[INFO] Changes detected - recompiling the module!
[INFO] Compiling 8 source files to /home/gabsko/breaking-updates/engine-core/target/test-classes
[INFO] /home/gabsko/breaking-updates/engine-core/src/test/java/io/nosqlbench/engine/core/ActivityExecutorTest.java: /home/gabsko/breaking-updates/engine-core/src/test/java/io/nosqlbench/engine/core/ActivityExecutorTest.java uses unchecked or unsafe operations.
[INFO] /home/gabsko/breaking-updates/engine-core/src/test/java/io/nosqlbench/engine/core/ActivityExecutorTest.java: Recompile with -Xlint:unchecked for details.
[INFO] 
[INFO] --- maven-surefire-plugin:3.0.0-M4:test (default-test) @ engine-core ---
[INFO] 
[INFO] -------------------------------------------------------
[INFO]  T E S T S
[INFO] -------------------------------------------------------
[INFO] Running io.nosqlbench.engine.core.experimental.CompletableTests
[INFO] Tests run: 1, Failures: 0, Errors: 0, Skipped: 0, Time elapsed: 0.045 s - in io.nosqlbench.engine.core.experimental.CompletableTests
[INFO] Running io.nosqlbench.engine.core.script.ScriptParamsTest
[INFO] Tests run: 1, Failures: 0, Errors: 0, Skipped: 0, Time elapsed: 0.511 s - in io.nosqlbench.engine.core.script.ScriptParamsTest
[INFO] Running io.nosqlbench.engine.core.script.ScenarioContextBufferTest
[INFO] Tests run: 1, Failures: 0, Errors: 0, Skipped: 0, Time elapsed: 0.015 s - in io.nosqlbench.engine.core.script.ScenarioContextBufferTest
[INFO] Running io.nosqlbench.engine.core.script.ScenariosExecutorTest
[WARNING] Tests run: 1, Failures: 0, Errors: 0, Skipped: 1, Time elapsed: 0.002 s - in io.nosqlbench.engine.core.script.ScenariosExecutorTest
[INFO] Running io.nosqlbench.engine.core.ScenarioTest
loaded script environment...
[INFO] Tests run: 1, Failures: 0, Errors: 0, Skipped: 0, Time elapsed: 0.81 s - in io.nosqlbench.engine.core.ScenarioTest
[INFO] Running io.nosqlbench.engine.core.ActivityExecutorTest
[INFO] Tests run: 3, Failures: 0, Errors: 0, Skipped: 0, Time elapsed: 21.101 s - in io.nosqlbench.engine.core.ActivityExecutorTest
[INFO] Running io.nosqlbench.engine.core.CoreMotorTest
[INFO] Tests run: 2, Failures: 0, Errors: 0, Skipped: 0, Time elapsed: 1.734 s - in io.nosqlbench.engine.core.CoreMotorTest
[INFO] Running io.nosqlbench.engine.core.metrics.NBMetricsSummaryTest
test                                     count=100000

[INFO] Tests run: 1, Failures: 0, Errors: 0, Skipped: 0, Time elapsed: 0.05 s - in io.nosqlbench.engine.core.metrics.NBMetricsSummaryTest
[INFO] 
[INFO] Results:
[INFO] 
[WARNING] Tests run: 11, Failures: 0, Errors: 0, Skipped: 1
[INFO] 
[INFO] 
[INFO] --------------------< io.nosqlbench:engine-docker >---------------------
[INFO] Building engine-docker 4.15.89-SNAPSHOT                          [18/42]
[INFO] --------------------------------[ jar ]---------------------------------
[WARNING] The artifact org.slf4j:slf4j-log4j12:jar:1.7.36 has been relocated to org.slf4j:slf4j-reload4j:jar:1.7.36
[INFO] 
[INFO] --- maven-clean-plugin:3.1.0:clean (default-clean) @ engine-docker ---
[INFO] Deleting /home/gabsko/breaking-updates/engine-docker/target
[INFO] 
[INFO] --- maven-resources-plugin:3.1.0:resources (default-resources) @ engine-docker ---
[INFO] Using 'UTF-8' encoding to copy filtered resources.
[INFO] Copying 6 resources
[INFO] 
[INFO] --- maven-compiler-plugin:3.8.1:compile (default-compile) @ engine-docker ---
[INFO] Changes detected - recompiling the module!
[INFO] Compiling 3 source files to /home/gabsko/breaking-updates/engine-docker/target/classes
[INFO] /home/gabsko/breaking-updates/engine-docker/src/main/java/io/nosqlbench/engine/docker/DockerHelper.java: Some input files use or override a deprecated API.
[INFO] /home/gabsko/breaking-updates/engine-docker/src/main/java/io/nosqlbench/engine/docker/DockerHelper.java: Recompile with -Xlint:deprecation for details.
[INFO] /home/gabsko/breaking-updates/engine-docker/src/main/java/io/nosqlbench/engine/docker/DockerMetricsManager.java: /home/gabsko/breaking-updates/engine-docker/src/main/java/io/nosqlbench/engine/docker/DockerMetricsManager.java uses unchecked or unsafe operations.
[INFO] /home/gabsko/breaking-updates/engine-docker/src/main/java/io/nosqlbench/engine/docker/DockerMetricsManager.java: Recompile with -Xlint:unchecked for details.
[INFO] 
[INFO] --- maven-resources-plugin:3.1.0:testResources (default-testResources) @ engine-docker ---
[INFO] Using 'UTF-8' encoding to copy filtered resources.
[INFO] skip non existing resourceDirectory /home/gabsko/breaking-updates/engine-docker/src/test/resources
[INFO] 
[INFO] --- maven-compiler-plugin:3.8.1:testCompile (default-testCompile) @ engine-docker ---
[INFO] No sources to compile
[INFO] 
[INFO] --- maven-surefire-plugin:3.0.0-M4:test (default-test) @ engine-docker ---
[INFO] No tests to run.
[INFO] 
[INFO] ----------------------< io.nosqlbench:engine-cli >----------------------
[INFO] Building engine-cli 4.15.89-SNAPSHOT                             [19/42]
[INFO] --------------------------------[ jar ]---------------------------------
[WARNING] The artifact org.slf4j:slf4j-log4j12:jar:1.7.36 has been relocated to org.slf4j:slf4j-reload4j:jar:1.7.36
[INFO] 
[INFO] --- maven-clean-plugin:3.1.0:clean (default-clean) @ engine-cli ---
[INFO] Deleting /home/gabsko/breaking-updates/engine-cli/target
[INFO] 
[INFO] --- maven-resources-plugin:3.1.0:resources (default-resources) @ engine-cli ---
[INFO] Using 'UTF-8' encoding to copy filtered resources.
[INFO] Copying 12 resources
[INFO] 
[INFO] --- maven-compiler-plugin:3.8.1:compile (default-compile) @ engine-cli ---
[INFO] Changes detected - recompiling the module!
[INFO] Compiling 11 source files to /home/gabsko/breaking-updates/engine-cli/target/classes
[INFO] /home/gabsko/breaking-updates/engine-cli/src/main/java/io/nosqlbench/engine/cli/NBCLIArgsFile.java: /home/gabsko/breaking-updates/engine-cli/src/main/java/io/nosqlbench/engine/cli/NBCLIArgsFile.java uses unchecked or unsafe operations.
[INFO] /home/gabsko/breaking-updates/engine-cli/src/main/java/io/nosqlbench/engine/cli/NBCLIArgsFile.java: Recompile with -Xlint:unchecked for details.
[INFO] 
[INFO] --- maven-resources-plugin:3.1.0:testResources (default-testResources) @ engine-cli ---
[INFO] Using 'UTF-8' encoding to copy filtered resources.
[INFO] Copying 12 resources
[INFO] 
[INFO] --- maven-compiler-plugin:3.8.1:testCompile (default-testCompile) @ engine-cli ---
[INFO] Changes detected - recompiling the module!
[INFO] Compiling 7 source files to /home/gabsko/breaking-updates/engine-cli/target/test-classes
[INFO] 
[INFO] --- maven-surefire-plugin:3.0.0-M4:test (default-test) @ engine-cli ---
[INFO] 
[INFO] -------------------------------------------------------
[INFO]  T E S T S
[INFO] -------------------------------------------------------
[INFO] Running io.nosqlbench.engine.cli.SessionNamerTest
[INFO] Tests run: 2, Failures: 0, Errors: 0, Skipped: 0, Time elapsed: 0.13 s - in io.nosqlbench.engine.cli.SessionNamerTest
[INFO] Running io.nosqlbench.engine.cli.CmdTest
[INFO] Tests run: 2, Failures: 0, Errors: 0, Skipped: 0, Time elapsed: 0.646 s - in io.nosqlbench.engine.cli.CmdTest
[INFO] Running io.nosqlbench.engine.cli.NBCLIArgsFileTest
[--homedir, /home/gabsko]
[INFO] Tests run: 6, Failures: 0, Errors: 0, Skipped: 0, Time elapsed: 0.042 s - in io.nosqlbench.engine.cli.NBCLIArgsFileTest
[INFO] Running io.nosqlbench.engine.cli.NBCLIScenarioParserTest
cwd: '/home/gabsko/breaking-updates/engine-cli/.'
[ERROR] Tests run: 15, Failures: 0, Errors: 1, Skipped: 0, Time elapsed: 1.486 s <<< FAILURE! - in io.nosqlbench.engine.cli.NBCLIScenarioParserTest
[ERROR] io.nosqlbench.engine.cli.NBCLIScenarioParserTest.testThatScenarioUrlsAreSupported  Time elapsed: 0.993 s  <<< ERROR!
io.nosqlbench.nb.api.errors.OpConfigError: Error while configuring op from workload template:Some fields were not recognized from the yaml provided:[min_version]
	at io.nosqlbench.engine.cli.NBCLIScenarioParserTest.testThatScenarioUrlsAreSupported(NBCLIScenarioParserTest.java:137)

[INFO] Running io.nosqlbench.engine.cli.BasicScriptBufferTest
[INFO] Tests run: 5, Failures: 0, Errors: 0, Skipped: 0, Time elapsed: 0.101 s - in io.nosqlbench.engine.cli.BasicScriptBufferTest
[INFO] Running io.nosqlbench.engine.cli.NBCLIScenarioParserTemplateVarTest
run({
    'cycles':   '3',
    'alias':    'A',
    'driver':   'stdout',
    'tvar1':    'overridden',
    'workload': 'local/example-scenarios-templatevars'
});
run({
    'cycles':   '5',
    'alias':    'B',
    'driver':   'stdout',
    'tvar1':    'overridden',
    'workload': 'local/example-scenarios-templatevars'
});
op from cmd1:stmt(name:block0--cycle, stmt:Optional[{stmt=cycle {cycle} overridden overridden
}], tags:({name=block0--cycle, block=block0}), params:({}), bindings:({name=NumberNameToCycle(), cycle=Identity()}))
run({
    'cycles':   '3',
    'alias':    'A',
    'driver':   'stdout',
    'tvar1':    'replaced',
    'workload': 'local/example-scenarios-templatevars'
});
run({
    'cycles':   '5',
    'alias':    'B',
    'driver':   'stdout',
    'workload': 'local/example-scenarios-templatevars'
});
op from cmd1:stmt(name:block0--cycle, stmt:Optional[{stmt=cycle {cycle} replaced replaced
}], tags:({name=block0--cycle, block=block0}), params:({}), bindings:({name=NumberNameToCycle(), cycle=Identity()}))
op from cmd2:stmt(name:block0--cycle, stmt:Optional[{stmt=cycle {cycle} def1 def1
}], tags:({name=block0--cycle, block=block0}), params:({}), bindings:({name=NumberNameToCycle(), cycle=Identity()}))
[INFO] Tests run: 2, Failures: 0, Errors: 0, Skipped: 0, Time elapsed: 0.07 s - in io.nosqlbench.engine.cli.NBCLIScenarioParserTemplateVarTest
[INFO] Running io.nosqlbench.engine.cli.TestNBCLIOptions
[INFO] Tests run: 23, Failures: 0, Errors: 0, Skipped: 0, Time elapsed: 0.05 s - in io.nosqlbench.engine.cli.TestNBCLIOptions
[INFO] 
[INFO] Results:
[INFO] 
[ERROR] Errors: 
[ERROR]   NBCLIScenarioParserTest.testThatScenarioUrlsAreSupported:137  OpConfig Error ...
[INFO] 
[ERROR] Tests run: 55, Failures: 0, Errors: 1, Skipped: 0
[INFO] 
[INFO] ------------------------------------------------------------------------
[INFO] Reactor Summary for nosqlbench 4.15.89-SNAPSHOT:
[INFO] 
[INFO] mvn-defaults ....................................... SUCCESS [  0.124 s]
[INFO] nb-annotations ..................................... SUCCESS [  1.637 s]
[INFO] nb-api ............................................. SUCCESS [  6.842 s]
[INFO] virtdata-lang ...................................... SUCCESS [  1.784 s]
[INFO] virtdata-api ....................................... SUCCESS [  4.213 s]
[INFO] virtdata-realdata .................................. SUCCESS [  0.128 s]
[INFO] virtdata-lib-basics ................................ SUCCESS [ 17.807 s]
[INFO] virtdata-lib-realer ................................ SUCCESS [  0.452 s]
[INFO] virtdata-lib-random ................................ SUCCESS [  0.147 s]
[INFO] virtdata-lib-curves4 ............................... SUCCESS [ 13.144 s]
[INFO] docsys ............................................. SUCCESS [  1.887 s]
[INFO] virtdata-userlibs .................................. SUCCESS [  2.567 s]
[INFO] adapters-api ....................................... SUCCESS [  0.278 s]
[INFO] drivers-api ........................................ SUCCESS [  2.299 s]
[INFO] engine-api ......................................... SUCCESS [ 20.298 s]
[INFO] engine-clients ..................................... SUCCESS [  1.764 s]
[INFO] engine-core ........................................ SUCCESS [ 26.158 s]
[INFO] engine-docker ...................................... SUCCESS [  0.278 s]
[INFO] engine-cli ......................................... FAILURE [  4.458 s]
[INFO] engine-rest ........................................ SKIPPED
[INFO] engine-docs ........................................ SKIPPED
[INFO] engine-extensions .................................. SKIPPED
[INFO] driver-diag ........................................ SKIPPED
[INFO] nbr ................................................ SKIPPED
[INFO] driver-web ......................................... SKIPPED
[INFO] driver-stdout ...................................... SKIPPED
[INFO] driver-kafka ....................................... SKIPPED
[INFO] driver-tcp ......................................... SKIPPED
[INFO] driver-http ........................................ SKIPPED
[INFO] driver-jmx ......................................... SKIPPED
[INFO] driver-dsegraph-shaded ............................. SKIPPED
[INFO] driver-cql-shaded .................................. SKIPPED
[INFO] driver-cqld3-shaded ................................ SKIPPED
[INFO] driver-cqlverify ................................... SKIPPED
[INFO] driver-mongodb ..................................... SKIPPED
[INFO] driver-pulsar ...................................... SKIPPED
[INFO] nosqlbench ......................................... SKIPPED
[INFO] driver-jdbc ........................................ SKIPPED
[INFO] driver-cockroachdb ................................. SKIPPED
[INFO] driver-jms ......................................... SKIPPED
[INFO] nb ................................................. SKIPPED
[INFO] driver-grpc ........................................ SKIPPED
[INFO] ------------------------------------------------------------------------
[INFO] BUILD FAILURE
[INFO] ------------------------------------------------------------------------
[INFO] Total time:  01:46 min
[INFO] Finished at: 2023-01-25T06:23:34Z
[INFO] ------------------------------------------------------------------------
[ERROR] Failed to execute goal org.apache.maven.plugins:maven-surefire-plugin:3.0.0-M4:test (default-test) on project engine-cli: There are test failures.
[ERROR] 
[ERROR] Please refer to /home/gabsko/breaking-updates/engine-cli/target/surefire-reports for the individual test results.
[ERROR] Please refer to dump files (if any exist) [date].dump, [date]-jvmRun[N].dump and [date].dumpstream.
[ERROR] -> [Help 1]
[ERROR] 
[ERROR] To see the full stack trace of the errors, re-run Maven with the -e switch.
[ERROR] Re-run Maven using the -X switch to enable full debug logging.
[ERROR] 
[ERROR] For more information about the errors and possible solutions, please read the following articles:
[ERROR] [Help 1] http://cwiki.apache.org/confluence/display/MAVEN/MojoFailureException
[ERROR] 
[ERROR] After correcting the problems, you can resume the build with the command
[ERROR]   mvn <args> -rf :engine-cli
