[INFO] Scanning for projects...
[INFO] 
[INFO] -----------< org.apache.maven.plugins:maven-compiler-plugin >-----------
[INFO] Building Apache Maven Compiler Plugin 3.9.0-SNAPSHOT
[INFO] ----------------------------[ maven-plugin ]----------------------------
[INFO] 
[INFO] --- maven-clean-plugin:3.1.0:clean (default-clean) @ maven-compiler-plugin ---
[INFO] Deleting /home/gabsko/breaking-updates/target
[INFO] 
[INFO] --- maven-enforcer-plugin:3.0.0-M3:enforce (enforce-bytecode-version) @ maven-compiler-plugin ---
[INFO] Adding ignore: module-info
[INFO] 
[INFO] --- maven-enforcer-plugin:3.0.0-M3:enforce (enforce-maven-version) @ maven-compiler-plugin ---
[INFO] 
[INFO] --- maven-enforcer-plugin:3.0.0-M3:enforce (ensure-no-container-api) @ maven-compiler-plugin ---
[INFO] 
[INFO] --- apache-rat-plugin:0.13:check (rat-check) @ maven-compiler-plugin ---
[INFO] Enabled default license matchers.
[INFO] Will parse SCM ignores for exclusions...
[INFO] Parsing exclusions from /home/gabsko/breaking-updates/.gitignore
[INFO] Finished adding exclusions from SCM ignore files.
[INFO] 72 implicit excludes (use -debug for more details).
[INFO] 6 explicit excludes (use -debug for more details).
[INFO] 433 resources included (use -debug for more details)
[INFO] Rat check: Summary over all files. Unapproved: 0, unknown: 0, generated: 0, approved: 432 licenses.
[INFO] 
[INFO] --- maven-plugin-plugin:3.5.2:helpmojo (generate-helpmojo) @ maven-compiler-plugin ---
[INFO] Using 'UTF-8' encoding to read mojo source files.
[INFO] java-javadoc mojo extractor found 0 mojo descriptor.
[INFO] java-annotations mojo extractor found 0 mojo descriptor.
[INFO] 
[INFO] --- maven-remote-resources-plugin:1.7.0:process (process-resource-bundles) @ maven-compiler-plugin ---
[INFO] Preparing remote bundle org.apache:apache-jar-resource-bundle:1.4
[INFO] Copying 3 resources from 1 bundle.
[INFO] 
[INFO] --- maven-resources-plugin:3.1.0:resources (default-resources) @ maven-compiler-plugin ---
[INFO] Using 'UTF-8' encoding to copy filtered resources.
[INFO] skip non existing resourceDirectory /home/gabsko/breaking-updates/src/main/resources
[INFO] Copying 3 resources
[INFO] 
[INFO] --- maven-compiler-plugin:3.8.1:compile (default-compile) @ maven-compiler-plugin ---
[INFO] Changes detected - recompiling the module!
[INFO] Compiling 10 source files to /home/gabsko/breaking-updates/target/classes
[INFO] /home/gabsko/breaking-updates/src/main/java/org/apache/maven/plugin/compiler/AbstractCompilerMojo.java: Some input files use or override a deprecated API.
[INFO] /home/gabsko/breaking-updates/src/main/java/org/apache/maven/plugin/compiler/AbstractCompilerMojo.java: Recompile with -Xlint:deprecation for details.
[INFO] 
[INFO] --- maven-plugin-plugin:3.5.2:descriptor (default-descriptor) @ maven-compiler-plugin ---
[INFO] Using 'UTF-8' encoding to read mojo source files.
[INFO] java-javadoc mojo extractor found 0 mojo descriptor.
[INFO] java-annotations mojo extractor found 3 mojo descriptors.
[INFO] 
[INFO] --- plexus-component-metadata:2.1.0:generate-metadata (descriptors) @ maven-compiler-plugin ---
[INFO] 
[INFO] --- maven-resources-plugin:3.1.0:testResources (default-testResources) @ maven-compiler-plugin ---
[INFO] Using 'UTF-8' encoding to copy filtered resources.
[INFO] Copying 45 resources
[INFO] Copying 3 resources
[INFO] 
[INFO] --- maven-compiler-plugin:3.8.1:testCompile (default-testCompile) @ maven-compiler-plugin ---
[INFO] Changes detected - recompiling the module!
[INFO] Compiling 4 source files to /home/gabsko/breaking-updates/target/test-classes
[INFO] /home/gabsko/breaking-updates/src/test/java/org/apache/maven/plugin/compiler/stubs/CompilerStub.java: /home/gabsko/breaking-updates/src/test/java/org/apache/maven/plugin/compiler/stubs/CompilerStub.java uses or overrides a deprecated API.
[INFO] /home/gabsko/breaking-updates/src/test/java/org/apache/maven/plugin/compiler/stubs/CompilerStub.java: Recompile with -Xlint:deprecation for details.
[INFO] 
[INFO] --- maven-surefire-plugin:2.22.0:test (default-test) @ maven-compiler-plugin ---
[INFO] 
[INFO] -------------------------------------------------------
[INFO]  T E S T S
[INFO] -------------------------------------------------------
[INFO] Running org.apache.maven.plugin.compiler.CompilerMojoTestCase
[INFO] Compiling 1 source file to /home/gabsko/breaking-updates/target/test/unit/compiler-basic-test/target/classes
[debug] Using compiler 'javac'.
[warn] No explicit value set for target or release! To ensure the same result even after upgrading this plugin, please add 

    <plugin>
      <groupId>org.apache.maven.plugins</groupId>
      <artifactId>maven-compiler-plugin</artifactId>
      <configuration>
        <release>7</release>
      </configuration>
    </plugin>

[debug] CompilerReuseStrategy: reuseCreated
[debug] useIncrementalCompilation enabled
[debug] unable to get start time for the current build: null
[debug] Stale source detected: /home/gabsko/breaking-updates/target/test-classes/unit/compiler-basic-test/src/test/java/TestCompile0Test.java
[info] Changes detected - recompiling the module!
[debug] Classpath:
[debug]  /home/gabsko/.m2/repository/junit/junit/3.8.1/junit-3.8.1.jar
[debug]  /home/gabsko/breaking-updates/target/test/unit/compiler-basic-test/target/classes
[debug] Source roots:
[debug]  /home/gabsko/breaking-updates/target/test-classes/unit/compiler-basic-test/src/test/java
[debug] Command line options:
[debug] -d /home/gabsko/breaking-updates/target/test/unit/compiler-basic-test/target/test-classes -classpath /home/gabsko/.m2/repository/junit/junit/3.8.1/junit-3.8.1.jar:/home/gabsko/breaking-updates/target/test/unit/compiler-basic-test/target/classes: -sourcepath /home/gabsko/breaking-updates/target/test-classes/unit/compiler-basic-test/src/test/java: -g -nowarn -target 1.7 -source 1.7
[warn] File encoding has not been set, using platform encoding UTF-8, i.e. build is platform dependent!
[debug] incrementalBuildHelper#beforeRebuildExecution
[INFO] Compiling 1 source file to /home/gabsko/breaking-updates/target/test/unit/compiler-basic-test/target/test-classes
[debug] incrementalBuildHelper#afterRebuildExecution
[debug] Using compiler 'javac'.
[warn] No explicit value set for target or release! To ensure the same result even after upgrading this plugin, please add 

    <plugin>
      <groupId>org.apache.maven.plugins</groupId>
      <artifactId>maven-compiler-plugin</artifactId>
      <configuration>
        <release>7</release>
      </configuration>
    </plugin>

[debug] CompilerReuseStrategy: reuseCreated
[debug] useIncrementalCompilation enabled
[debug] unable to get start time for the current build: null
[debug] Stale source detected: /home/gabsko/breaking-updates/target/test-classes/unit/compiler-includes-excludes-test/src/main/java/TestCompile4.java
[info] Changes detected - recompiling the module!
[debug] Classpath:
[debug]  target/classes
[debug] Source roots:
[debug]  /home/gabsko/breaking-updates/target/test-classes/unit/compiler-includes-excludes-test/src/main/java
[debug] Command line options:
[debug] -d /home/gabsko/breaking-updates/target/test/unit/compiler-includes-excludes-test/target/classes -classpath target/classes: -sourcepath /home/gabsko/breaking-updates/target/test-classes/unit/compiler-includes-excludes-test/src/main/java: -g -nowarn -target 1.7 -source 1.7
[warn] File encoding has not been set, using platform encoding UTF-8, i.e. build is platform dependent!
[debug] incrementalBuildHelper#beforeRebuildExecution
[INFO] Compiling 1 source file to /home/gabsko/breaking-updates/target/test/unit/compiler-includes-excludes-test/target/classes
[debug] incrementalBuildHelper#afterRebuildExecution
[debug] Using compiler 'javac'.
[warn] No explicit value set for target or release! To ensure the same result even after upgrading this plugin, please add 

    <plugin>
      <groupId>org.apache.maven.plugins</groupId>
      <artifactId>maven-compiler-plugin</artifactId>
      <configuration>
        <release>7</release>
      </configuration>
    </plugin>

[debug] CompilerReuseStrategy: reuseCreated
[debug] useIncrementalCompilation enabled
[debug] unable to get start time for the current build: null
[debug] Stale source detected: /home/gabsko/breaking-updates/target/test-classes/unit/compiler-includes-excludes-test/src/test/java/TestCompile4TestCase.java
[info] Changes detected - recompiling the module!
[debug] Classpath:
[debug]  /home/gabsko/.m2/repository/junit/junit/3.8.1/junit-3.8.1.jar
[debug]  /home/gabsko/breaking-updates/target/test/unit/compiler-includes-excludes-test/target/classes
[debug] Source roots:
[debug]  /home/gabsko/breaking-updates/target/test-classes/unit/compiler-includes-excludes-test/src/test/java
[debug] Command line options:
[debug] -d /home/gabsko/breaking-updates/target/test/unit/compiler-includes-excludes-test/target/test-classes -classpath /home/gabsko/.m2/repository/junit/junit/3.8.1/junit-3.8.1.jar:/home/gabsko/breaking-updates/target/test/unit/compiler-includes-excludes-test/target/classes: -sourcepath /home/gabsko/breaking-updates/target/test-classes/unit/compiler-includes-excludes-test/src/test/java: -g -nowarn -target 1.7 -source 1.7
[warn] File encoding has not been set, using platform encoding UTF-8, i.e. build is platform dependent!
[debug] incrementalBuildHelper#beforeRebuildExecution
[INFO] Compiling 1 source file to /home/gabsko/breaking-updates/target/test/unit/compiler-includes-excludes-test/target/test-classes
[debug] incrementalBuildHelper#afterRebuildExecution
[info] Not compiling main sources
[debug] Using compiler 'javac'.
[warn] No explicit value set for target or release! To ensure the same result even after upgrading this plugin, please add 

    <plugin>
      <groupId>org.apache.maven.plugins</groupId>
      <artifactId>maven-compiler-plugin</artifactId>
      <configuration>
        <release>7</release>
      </configuration>
    </plugin>

[debug] CompilerReuseStrategy: reuseCreated
[debug] useIncrementalCompilation enabled
[debug] unable to get start time for the current build: null
[debug] Stale source detected: /home/gabsko/breaking-updates/target/test-classes/unit/compiler-skip-main/src/test/java/TestSkipMainCompile0Test.java
[info] Changes detected - recompiling the module!
[debug] Classpath:
[debug]  /home/gabsko/.m2/repository/junit/junit/3.8.1/junit-3.8.1.jar
[debug]  /home/gabsko/breaking-updates/target/test/unit/compiler-skip-main/target/classes
[debug] Source roots:
[debug]  /home/gabsko/breaking-updates/target/test-classes/unit/compiler-skip-main/src/test/java
[debug] Command line options:
[debug] -d /home/gabsko/breaking-updates/target/test/unit/compiler-skip-main/target/test-classes -classpath /home/gabsko/.m2/repository/junit/junit/3.8.1/junit-3.8.1.jar:/home/gabsko/breaking-updates/target/test/unit/compiler-skip-main/target/classes: -sourcepath /home/gabsko/breaking-updates/target/test-classes/unit/compiler-skip-main/src/test/java: -g -nowarn -target 1.7 -source 1.7
[warn] File encoding has not been set, using platform encoding UTF-8, i.e. build is platform dependent!
[debug] incrementalBuildHelper#beforeRebuildExecution
[INFO] Compiling 1 source file to /home/gabsko/breaking-updates/target/test/unit/compiler-skip-main/target/test-classes
[debug] incrementalBuildHelper#afterRebuildExecution
[debug] Using compiler 'javac'.
[warn] No explicit value set for target or release! To ensure the same result even after upgrading this plugin, please add 

    <plugin>
      <groupId>org.apache.maven.plugins</groupId>
      <artifactId>maven-compiler-plugin</artifactId>
      <configuration>
        <release>7</release>
      </configuration>
    </plugin>

[debug] CompilerReuseStrategy: reuseCreated
[debug] useIncrementalCompilation enabled
[debug] unable to get start time for the current build: null
[debug] Stale source detected: /home/gabsko/breaking-updates/target/test-classes/unit/compiler-skip-test/src/main/java/TestSkipTestCompile0.java
[info] Changes detected - recompiling the module!
[debug] Classpath:
[debug]  target/classes
[debug] Source roots:
[debug]  /home/gabsko/breaking-updates/target/test-classes/unit/compiler-skip-test/src/main/java
[debug] Command line options:
[debug] -d /home/gabsko/breaking-updates/target/test/unit/compiler-skip-test/target/classes -classpath target/classes: -sourcepath /home/gabsko/breaking-updates/target/test-classes/unit/compiler-skip-test/src/main/java: -g -nowarn -target 1.7 -source 1.7
[warn] File encoding has not been set, using platform encoding UTF-8, i.e. build is platform dependent!
[debug] incrementalBuildHelper#beforeRebuildExecution
[INFO] Compiling 1 source file to /home/gabsko/breaking-updates/target/test/unit/compiler-skip-test/target/classes
[debug] incrementalBuildHelper#afterRebuildExecution
[info] Not compiling test sources
[debug] Using compiler 'javac'.
[info] No sources to compile
[debug] Using compiler 'javac'.
[info] No sources to compile
[debug] Using compiler 'javac'.
[warn] No explicit value set for target or release! To ensure the same result even after upgrading this plugin, please add 

    <plugin>
      <groupId>org.apache.maven.plugins</groupId>
      <artifactId>maven-compiler-plugin</artifactId>
      <configuration>
        <release>7</release>
      </configuration>
    </plugin>

[debug] CompilerReuseStrategy: reuseCreated
[debug] useIncrementalCompilation enabled
[info] Changes detected - recompiling the module!
[debug] Classpath:
[debug]  target/classes
[debug] Source roots:
[debug]  /home/gabsko/breaking-updates/target/test-classes/unit/compiler-fail-test/src/main/java
[warn] File encoding has not been set, using platform encoding UTF-8, i.e. build is platform dependent!
[debug] incrementalBuildHelper#beforeRebuildExecution
[debug] incrementalBuildHelper#afterRebuildExecution
[info] message 1
[debug] Using compiler 'javac'.
[warn] No explicit value set for target or release! To ensure the same result even after upgrading this plugin, please add 

    <plugin>
      <groupId>org.apache.maven.plugins</groupId>
      <artifactId>maven-compiler-plugin</artifactId>
      <configuration>
        <release>7</release>
      </configuration>
    </plugin>

[debug] CompilerReuseStrategy: reuseCreated
[debug] useIncrementalCompilation enabled
[info] Changes detected - recompiling the module!
[debug] Classpath:
[debug]  target/classes
[debug] Source roots:
[debug]  /home/gabsko/breaking-updates/target/test-classes/unit/compiler-one-output-file-test2/src/main/java
[warn] File encoding has not been set, using platform encoding UTF-8, i.e. build is platform dependent!
[debug] incrementalBuildHelper#beforeRebuildExecution
[debug] incrementalBuildHelper#afterRebuildExecution
[info] message 1
[debug] Using compiler 'javac'.
[warn] No explicit value set for target or release! To ensure the same result even after upgrading this plugin, please add 

    <plugin>
      <groupId>org.apache.maven.plugins</groupId>
      <artifactId>maven-compiler-plugin</artifactId>
      <configuration>
        <release>7</release>
      </configuration>
    </plugin>

[debug] CompilerReuseStrategy: reuseCreated
[debug] useIncrementalCompilation enabled
[info] Changes detected - recompiling the module!
[debug] Classpath:
[debug]  /home/gabsko/.m2/repository/junit/junit/3.8.1/junit-3.8.1.jar
[debug]  /home/gabsko/breaking-updates/target/test/unit/compiler-one-output-file-test2/target/classes
[debug] Source roots:
[debug]  /home/gabsko/breaking-updates/target/test-classes/unit/compiler-one-output-file-test2/src/test/java
[warn] File encoding has not been set, using platform encoding UTF-8, i.e. build is platform dependent!
[debug] incrementalBuildHelper#beforeRebuildExecution
[debug] incrementalBuildHelper#afterRebuildExecution
[info] message 1
[debug] Using compiler 'javac'.
[warn] No explicit value set for target or release! To ensure the same result even after upgrading this plugin, please add 

    <plugin>
      <groupId>org.apache.maven.plugins</groupId>
      <artifactId>maven-compiler-plugin</artifactId>
      <configuration>
        <release>7</release>
      </configuration>
    </plugin>

[debug] CompilerReuseStrategy: reuseCreated
[debug] useIncrementalCompilation enabled
[info] Changes detected - recompiling the module!
[debug] Classpath:
[debug]  target/classes
[debug] Source roots:
[debug]  /home/gabsko/breaking-updates/target/test-classes/unit/compiler-one-output-file-test/src/main/java
[warn] File encoding has not been set, using platform encoding UTF-8, i.e. build is platform dependent!
[debug] incrementalBuildHelper#beforeRebuildExecution
[debug] incrementalBuildHelper#afterRebuildExecution
[info] message 1
[debug] Using compiler 'javac'.
[warn] No explicit value set for target or release! To ensure the same result even after upgrading this plugin, please add 

    <plugin>
      <groupId>org.apache.maven.plugins</groupId>
      <artifactId>maven-compiler-plugin</artifactId>
      <configuration>
        <release>7</release>
      </configuration>
    </plugin>

[debug] CompilerReuseStrategy: reuseCreated
[debug] useIncrementalCompilation enabled
[info] Changes detected - recompiling the module!
[debug] Classpath:
[debug]  /home/gabsko/.m2/repository/junit/junit/3.8.1/junit-3.8.1.jar
[debug]  /home/gabsko/breaking-updates/target/test/unit/compiler-one-output-file-test/target/classes
[debug] Source roots:
[debug]  /home/gabsko/breaking-updates/target/test-classes/unit/compiler-one-output-file-test/src/test/java
[warn] File encoding has not been set, using platform encoding UTF-8, i.e. build is platform dependent!
[debug] incrementalBuildHelper#beforeRebuildExecution
[debug] incrementalBuildHelper#afterRebuildExecution
[info] message 1
[debug] Using compiler 'javac'.
[warn] No explicit value set for target or release! To ensure the same result even after upgrading this plugin, please add 

    <plugin>
      <groupId>org.apache.maven.plugins</groupId>
      <artifactId>maven-compiler-plugin</artifactId>
      <configuration>
        <release>7</release>
      </configuration>
    </plugin>

[debug] CompilerReuseStrategy: reuseCreated
[debug] useIncrementalCompilation enabled
[info] Changes detected - recompiling the module!
[debug] Classpath:
[debug]  target/classes
[debug] Source roots:
[debug]  /home/gabsko/breaking-updates/target/test-classes/unit/compiler-fail-test/src/main/java
[warn] File encoding has not been set, using platform encoding UTF-8, i.e. build is platform dependent!
[debug] incrementalBuildHelper#beforeRebuildExecution
[debug] incrementalBuildHelper#afterRebuildExecution
[info] message 1
[debug] Using compiler 'javac'.
[warn] No explicit value set for target or release! To ensure the same result even after upgrading this plugin, please add 

    <plugin>
      <groupId>org.apache.maven.plugins</groupId>
      <artifactId>maven-compiler-plugin</artifactId>
      <configuration>
        <release>7</release>
      </configuration>
    </plugin>

[debug] CompilerReuseStrategy: reuseCreated
[debug] useIncrementalCompilation enabled
[info] Changes detected - recompiling the module!
[debug] Classpath:
[debug]  target/classes
[debug] Source roots:
[debug]  /home/gabsko/breaking-updates/target/test-classes/unit/compiler-args-test/src/main/java
[warn] File encoding has not been set, using platform encoding UTF-8, i.e. build is platform dependent!
[debug] incrementalBuildHelper#beforeRebuildExecution
[debug] incrementalBuildHelper#afterRebuildExecution
[info] message 1
[debug] Using compiler 'javac'.
[warn] No explicit value set for target or release! To ensure the same result even after upgrading this plugin, please add 

    <plugin>
      <groupId>org.apache.maven.plugins</groupId>
      <artifactId>maven-compiler-plugin</artifactId>
      <configuration>
        <release>7</release>
      </configuration>
    </plugin>

[debug] CompilerReuseStrategy: reuseCreated
[debug] useIncrementalCompilation enabled
[debug] unable to get start time for the current build: null
[debug] Stale source detected: /home/gabsko/breaking-updates/target/test-classes/unit/compiler-fork-test/src/main/java/TestCompile1.java
[info] Changes detected - recompiling the module!
[debug] Classpath:
[debug]  target/classes
[debug] Source roots:
[debug]  /home/gabsko/breaking-updates/target/test-classes/unit/compiler-fork-test/src/main/java
[debug] Excutable: 
[debug]  bin/javac
[debug] Command line options:
[debug] -d /home/gabsko/breaking-updates/target/test/unit/compiler-fork-test/target/classes -classpath target/classes: -sourcepath /home/gabsko/breaking-updates/target/test-classes/unit/compiler-fork-test/src/main/java: /home/gabsko/breaking-updates/target/test-classes/unit/compiler-fork-test/src/main/java/TestCompile1.java -g -verbose -target 1.7 -source 1.7
[warn] File encoding has not been set, using platform encoding UTF-8, i.e. build is platform dependent!
[debug] incrementalBuildHelper#beforeRebuildExecution
[INFO] Compiling 1 source file to /home/gabsko/breaking-updates/target/test/unit/compiler-fork-test/target/classes
[debug] incrementalBuildHelper#afterRebuildExecution
[ERROR] Tests run: 12, Failures: 0, Errors: 1, Skipped: 0, Time elapsed: 1.989 s <<< FAILURE! - in org.apache.maven.plugin.compiler.CompilerMojoTestCase
[ERROR] testCompilerFork(org.apache.maven.plugin.compiler.CompilerMojoTestCase)  Time elapsed: 0.054 s  <<< ERROR!
org.apache.maven.plugin.compiler.CompilationFailureException: Compilation failure
	at org.apache.maven.plugin.compiler.CompilerMojoTestCase.testCompilerFork(CompilerMojoTestCase.java:215)

[INFO] 
[INFO] Results:
[INFO] 
[ERROR] Errors: 
[ERROR]   CompilerMojoTestCase.testCompilerFork:215 Â» CompilationFailure Compilation fai...
[INFO] 
[ERROR] Tests run: 12, Failures: 0, Errors: 1, Skipped: 0
[INFO] 
[INFO] ------------------------------------------------------------------------
[INFO] BUILD FAILURE
[INFO] ------------------------------------------------------------------------
[INFO] Total time:  8.010 s
[INFO] Finished at: 2023-01-24T15:42:03Z
[INFO] ------------------------------------------------------------------------
[ERROR] Failed to execute goal org.apache.maven.plugins:maven-surefire-plugin:2.22.0:test (default-test) on project maven-compiler-plugin: There are test failures.
[ERROR] 
[ERROR] Please refer to /home/gabsko/breaking-updates/target/surefire-reports for the individual test results.
[ERROR] Please refer to dump files (if any exist) [date]-jvmRun[N].dump, [date].dumpstream and [date]-jvmRun[N].dumpstream.
[ERROR] -> [Help 1]
[ERROR] 
[ERROR] To see the full stack trace of the errors, re-run Maven with the -e switch.
[ERROR] Re-run Maven using the -X switch to enable full debug logging.
[ERROR] 
[ERROR] For more information about the errors and possible solutions, please read the following articles:
[ERROR] [Help 1] http://cwiki.apache.org/confluence/display/MAVEN/MojoFailureException
