[INFO] Scanning for projects...
[INFO] ------------------------------------------------------------------------
[INFO] Reactor Build Order:
[INFO] 
[INFO] FluentLenium                                                       [pom]
[INFO] FluentLenium Core                                                  [jar]
[INFO] FluentLenium TestNG                                                [jar]
[INFO] FluentLenium AssertJ                                               [jar]
[INFO] FluentLenium JUnit Jupiter                                         [jar]
[INFO] FluentLenium Integration Tests                                     [jar]
[INFO] FluentLenium JUnit                                                 [jar]
[INFO] FluentLenium Spring TestNG                                         [jar]
[INFO] FluentLenium Cucumber                                              [jar]
[INFO] FluentLenium Spock                                                 [jar]
[INFO] FluentLenium Kotest                                                [jar]
[INFO] FluentLenium Kotest Assertions                                     [jar]
[INFO] FluentLenium Coverage Report                                       [jar]
[INFO] 
[INFO] ----------------< org.fluentlenium:fluentlenium-parent >----------------
[INFO] Building FluentLenium 4.8.1-SNAPSHOT                              [1/13]
[INFO] --------------------------------[ pom ]---------------------------------
[INFO] 
[INFO] --- maven-clean-plugin:3.1.0:clean (default-clean) @ fluentlenium-parent ---
[INFO] 
[INFO] --- flatten-maven-plugin:1.2.7:clean (flatten.clean) @ fluentlenium-parent ---
[INFO] Deleting /home/gabsko/breaking-updates/.flattened-pom.xml
[INFO] 
[INFO] --- maven-enforcer-plugin:3.0.0-M3:enforce (enforce-maven) @ fluentlenium-parent ---
[INFO] 
[INFO] --- jacoco-maven-plugin:0.8.7:prepare-agent (prepare-agent) @ fluentlenium-parent ---
[INFO] argLine set to -javaagent:/home/gabsko/.m2/repository/org/jacoco/org.jacoco.agent/0.8.7/org.jacoco.agent-0.8.7-runtime.jar=destfile=/home/gabsko/breaking-updates/target/jacoco.exec,excludes=**com.steadystate*:**com/gargoylesoftware*
[INFO] 
[INFO] --- flatten-maven-plugin:1.2.7:flatten (flatten) @ fluentlenium-parent ---
[INFO] Generating flattened POM of project org.fluentlenium:fluentlenium-parent:pom:4.8.1-SNAPSHOT...
[INFO] 
[INFO] -----------------< org.fluentlenium:fluentlenium-core >-----------------
[INFO] Building FluentLenium Core 4.8.1-SNAPSHOT                         [2/13]
[INFO] --------------------------------[ jar ]---------------------------------
[INFO] 
[INFO] --- maven-clean-plugin:3.1.0:clean (default-clean) @ fluentlenium-core ---
[INFO] Deleting /home/gabsko/breaking-updates/fluentlenium-core/target
[INFO] 
[INFO] --- flatten-maven-plugin:1.2.7:clean (flatten.clean) @ fluentlenium-core ---
[INFO] Deleting /home/gabsko/breaking-updates/fluentlenium-core/.flattened-pom.xml
[INFO] 
[INFO] --- maven-enforcer-plugin:3.0.0-M3:enforce (enforce-maven) @ fluentlenium-core ---
[INFO] 
[INFO] --- jacoco-maven-plugin:0.8.7:prepare-agent (prepare-agent) @ fluentlenium-core ---
[INFO] argLine set to -javaagent:/home/gabsko/.m2/repository/org/jacoco/org.jacoco.agent/0.8.7/org.jacoco.agent-0.8.7-runtime.jar=destfile=/home/gabsko/breaking-updates/fluentlenium-core/target/jacoco.exec,excludes=**com.steadystate*:**com/gargoylesoftware*
[INFO] 
[INFO] --- maven-resources-plugin:3.2.0:resources (default-resources) @ fluentlenium-core ---
[INFO] Using 'UTF-8' encoding to copy filtered resources.
[INFO] Using 'UTF-8' encoding to copy filtered properties files.
[INFO] Copying 2 resources
[INFO] 
[INFO] --- flatten-maven-plugin:1.2.7:flatten (flatten) @ fluentlenium-core ---
[INFO] Generating flattened POM of project org.fluentlenium:fluentlenium-core:jar:4.8.1-SNAPSHOT...
[INFO] 
[INFO] --- maven-compiler-plugin:3.8.1:compile (default-compile) @ fluentlenium-core ---
[INFO] Changes detected - recompiling the module!
[INFO] Compiling 345 source files to /home/gabsko/breaking-updates/fluentlenium-core/target/classes
[INFO] /home/gabsko/breaking-updates/fluentlenium-core/src/main/java/org/fluentlenium/utils/ReflectionUtils.java: Some input files use or override a deprecated API.
[INFO] /home/gabsko/breaking-updates/fluentlenium-core/src/main/java/org/fluentlenium/utils/ReflectionUtils.java: Recompile with -Xlint:deprecation for details.
[INFO] /home/gabsko/breaking-updates/fluentlenium-core/src/main/java/org/fluentlenium/core/domain/FluentWebElement.java: Some input files use unchecked or unsafe operations.
[INFO] /home/gabsko/breaking-updates/fluentlenium-core/src/main/java/org/fluentlenium/core/domain/FluentWebElement.java: Recompile with -Xlint:unchecked for details.
[INFO] 
[INFO] --- maven-resources-plugin:3.2.0:testResources (default-testResources) @ fluentlenium-core ---
[INFO] Using 'UTF-8' encoding to copy filtered resources.
[INFO] Using 'UTF-8' encoding to copy filtered properties files.
[INFO] Copying 14 resources
[INFO] 
[INFO] --- maven-compiler-plugin:3.8.1:testCompile (default-testCompile) @ fluentlenium-core ---
[INFO] Changes detected - recompiling the module!
[INFO] Compiling 141 source files to /home/gabsko/breaking-updates/fluentlenium-core/target/test-classes
[INFO] /home/gabsko/breaking-updates/fluentlenium-core/src/test/java/org/fluentlenium/core/performance/HtmlUnitPerformanceTimingMetricsTest.java: Some input files use or override a deprecated API.
[INFO] /home/gabsko/breaking-updates/fluentlenium-core/src/test/java/org/fluentlenium/core/performance/HtmlUnitPerformanceTimingMetricsTest.java: Recompile with -Xlint:deprecation for details.
[INFO] /home/gabsko/breaking-updates/fluentlenium-core/src/test/java/org/fluentlenium/core/proxy/ProxyHookTest.java: Some input files use unchecked or unsafe operations.
[INFO] /home/gabsko/breaking-updates/fluentlenium-core/src/test/java/org/fluentlenium/core/proxy/ProxyHookTest.java: Recompile with -Xlint:unchecked for details.
[INFO] 
[INFO] --- maven-surefire-plugin:3.0.0-M5:test (default-test) @ fluentlenium-core ---
[INFO] 
[INFO] -------------------------------------------------------
[INFO]  T E S T S
[INFO] -------------------------------------------------------
[INFO] Running org.fluentlenium.core.performance.DefaultPerformanceTimingMetricsIndividualEventsTest
[INFO] Tests run: 20, Failures: 0, Errors: 0, Skipped: 0, Time elapsed: 0.127 s - in org.fluentlenium.core.performance.DefaultPerformanceTimingMetricsIndividualEventsTest
[INFO] Running org.fluentlenium.core.performance.PerformanceTimingSpecificEventValueInTimeUnitTest
[INFO] Tests run: 20, Failures: 0, Errors: 0, Skipped: 0, Time elapsed: 0.66 s - in org.fluentlenium.core.performance.PerformanceTimingSpecificEventValueInTimeUnitTest
[INFO] Running org.fluentlenium.core.performance.PerformanceTimingSpecificEventValuesTest
[INFO] Tests run: 20, Failures: 0, Errors: 0, Skipped: 0, Time elapsed: 0.023 s - in org.fluentlenium.core.performance.PerformanceTimingSpecificEventValuesTest
[INFO] Running org.fluentlenium.configuration.WebDriversRegistryImplSpecificDriversTest
[INFO] Tests run: 7, Failures: 0, Errors: 0, Skipped: 0, Time elapsed: 0.06 s - in org.fluentlenium.configuration.WebDriversRegistryImplSpecificDriversTest
[INFO] Running org.fluentlenium.utils.ReflectionUtilsTest
[INFO] Tests run: 3, Failures: 0, Errors: 0, Skipped: 0, Time elapsed: 0.034 s - in org.fluentlenium.utils.ReflectionUtilsTest
[INFO] Running org.fluentlenium.utils.SeleniumVersionCheckerRetrieveVersionTest
[INFO] Tests run: 4, Failures: 0, Errors: 0, Skipped: 0, Time elapsed: 0.341 s - in org.fluentlenium.utils.SeleniumVersionCheckerRetrieveVersionTest
[INFO] Running org.fluentlenium.utils.UrlUtilsTest
[INFO] Tests run: 17, Failures: 0, Errors: 0, Skipped: 0, Time elapsed: 0.02 s - in org.fluentlenium.utils.UrlUtilsTest
[INFO] Running org.fluentlenium.core.inject.InjectionAnnotationsTest
[INFO] Tests run: 8, Failures: 0, Errors: 0, Skipped: 0, Time elapsed: 0.045 s - in org.fluentlenium.core.inject.InjectionAnnotationsTest
[INFO] Running org.fluentlenium.core.inject.LabelAnnotationsTest
[INFO] Tests run: 5, Failures: 0, Errors: 0, Skipped: 0, Time elapsed: 0.009 s - in org.fluentlenium.core.inject.LabelAnnotationsTest
[INFO] Running org.fluentlenium.core.ScreenshotTest
12:48:28.130 [pool-2-thread-3] INFO  FluentDriverScreenshotPersister - Created screenshot at: /tmp/junit79175047279137018/test.jpg
[INFO] Tests run: 2, Failures: 0, Errors: 0, Skipped: 0, Time elapsed: 0.112 s - in org.fluentlenium.core.ScreenshotTest
[INFO] Running org.fluentlenium.core.events.ListenerPriorityComparatorTest
[INFO] Tests run: 3, Failures: 0, Errors: 0, Skipped: 0, Time elapsed: 0.008 s - in org.fluentlenium.core.events.ListenerPriorityComparatorTest
[INFO] Running org.fluentlenium.core.wait.TimeToChronoUnitConverterTest
[INFO] Tests run: 1, Failures: 0, Errors: 0, Skipped: 0, Time elapsed: 0.825 s - in org.fluentlenium.core.wait.TimeToChronoUnitConverterTest
[INFO] Running org.fluentlenium.core.url.UrlTemplateTest
[INFO] Tests run: 25, Failures: 0, Errors: 0, Skipped: 0, Time elapsed: 0.036 s - in org.fluentlenium.core.url.UrlTemplateTest
[INFO] Running org.fluentlenium.core.conditions.IntegerConditionsTest
[INFO] Tests run: 3, Failures: 0, Errors: 0, Skipped: 0, Time elapsed: 0.007 s - in org.fluentlenium.core.conditions.IntegerConditionsTest
[INFO] Running org.fluentlenium.core.conditions.StringConditionsImplTest
[INFO] Tests run: 21, Failures: 0, Errors: 0, Skipped: 0, Time elapsed: 0.007 s - in org.fluentlenium.core.conditions.StringConditionsImplTest
[INFO] Running org.fluentlenium.core.conditions.message.MessageProxyTest
[INFO] Tests run: 3, Failures: 0, Errors: 0, Skipped: 0, Time elapsed: 0.09 s - in org.fluentlenium.core.conditions.message.MessageProxyTest
[INFO] Running org.fluentlenium.core.performance.DefaultPerformanceTimingTest
[INFO] Tests run: 7, Failures: 0, Errors: 0, Skipped: 0, Time elapsed: 0.003 s - in org.fluentlenium.core.performance.DefaultPerformanceTimingTest
[INFO] Running org.fluentlenium.core.performance.PerformanceTimingMetricsFactoryTest
[INFO] Tests run: 3, Failures: 0, Errors: 0, Skipped: 0, Time elapsed: 0.038 s - in org.fluentlenium.core.performance.PerformanceTimingMetricsFactoryTest
[INFO] Running org.fluentlenium.core.performance.PerformanceTimingNavigationStartTest
[INFO] Tests run: 1, Failures: 0, Errors: 0, Skipped: 0, Time elapsed: 0.003 s - in org.fluentlenium.core.performance.PerformanceTimingNavigationStartTest
[INFO] Running org.fluentlenium.core.performance.DefaultPerformanceTimingMetricsTest
[INFO] Tests run: 5, Failures: 0, Errors: 0, Skipped: 0, Time elapsed: 0.352 s - in org.fluentlenium.core.performance.DefaultPerformanceTimingMetricsTest
[INFO] Running org.fluentlenium.core.performance.HtmlUnitPerformanceTimingMetricsTest
[INFO] Tests run: 6, Failures: 0, Errors: 0, Skipped: 0, Time elapsed: 0.267 s - in org.fluentlenium.core.performance.HtmlUnitPerformanceTimingMetricsTest
[INFO] Running org.fluentlenium.core.filter.AttributeFilterTest
[INFO] Tests run: 13, Failures: 0, Errors: 0, Skipped: 0, Time elapsed: 0.323 s - in org.fluentlenium.core.filter.AttributeFilterTest
[INFO] Running org.fluentlenium.core.filter.matcher.StartsWithMatcherTest
[INFO] Tests run: 4, Failures: 0, Errors: 0, Skipped: 0, Time elapsed: 0.002 s - in org.fluentlenium.core.filter.matcher.StartsWithMatcherTest
[INFO] Running org.fluentlenium.core.filter.matcher.ContainsWordMatcherTest
[INFO] Tests run: 2, Failures: 0, Errors: 0, Skipped: 0, Time elapsed: 0.002 s - in org.fluentlenium.core.filter.matcher.ContainsWordMatcherTest
[INFO] Running org.fluentlenium.core.filter.matcher.CalculateServiceTest
[INFO] Tests run: 20, Failures: 0, Errors: 0, Skipped: 0, Time elapsed: 0.003 s - in org.fluentlenium.core.filter.matcher.CalculateServiceTest
[INFO] Running org.fluentlenium.core.filter.matcher.EndsWithMatcherTest
[INFO] Tests run: 4, Failures: 0, Errors: 0, Skipped: 0, Time elapsed: 0.002 s - in org.fluentlenium.core.filter.matcher.EndsWithMatcherTest
[INFO] Running org.fluentlenium.core.filter.matcher.ContainsMatcherTest
[INFO] Tests run: 4, Failures: 0, Errors: 0, Skipped: 0, Time elapsed: 0.002 s - in org.fluentlenium.core.filter.matcher.ContainsMatcherTest
[INFO] Running org.fluentlenium.core.filter.matcher.NotStartsWithMatcherTest
[INFO] Tests run: 4, Failures: 0, Errors: 0, Skipped: 0, Time elapsed: 0.002 s - in org.fluentlenium.core.filter.matcher.NotStartsWithMatcherTest
[INFO] Running org.fluentlenium.core.filter.matcher.EqualMatcherTest
[INFO] Tests run: 4, Failures: 0, Errors: 0, Skipped: 0, Time elapsed: 0.002 s - in org.fluentlenium.core.filter.matcher.EqualMatcherTest
[INFO] Running org.fluentlenium.core.filter.matcher.NotContainsMatcherTest
[INFO] Tests run: 4, Failures: 0, Errors: 0, Skipped: 0, Time elapsed: 0.002 s - in org.fluentlenium.core.filter.matcher.NotContainsMatcherTest
[INFO] Running org.fluentlenium.core.filter.matcher.NotEndsWithMatcherTest
[INFO] Tests run: 4, Failures: 0, Errors: 0, Skipped: 0, Time elapsed: 0.003 s - in org.fluentlenium.core.filter.matcher.NotEndsWithMatcherTest
[INFO] Running org.fluentlenium.adapter.sharedwebdriver.JvmSharedWebDriverContainerTest
[INFO] Tests run: 1, Failures: 0, Errors: 0, Skipped: 0, Time elapsed: 0.015 s - in org.fluentlenium.adapter.sharedwebdriver.JvmSharedWebDriverContainerTest
[INFO] Running org.fluentlenium.adapter.sharedwebdriver.SharedWebDriverContainerTest
[INFO] Tests run: 2, Failures: 0, Errors: 0, Skipped: 0, Time elapsed: 0.02 s - in org.fluentlenium.adapter.sharedwebdriver.SharedWebDriverContainerTest
[INFO] Running org.fluentlenium.adapter.sharedwebdriver.ThreadSharedWebDriverContainerTest
[INFO] Tests run: 4, Failures: 0, Errors: 0, Skipped: 0, Time elapsed: 0.011 s - in org.fluentlenium.adapter.sharedwebdriver.ThreadSharedWebDriverContainerTest
[INFO] Running org.fluentlenium.adapter.sharedwebdriver.MethodSharedWebDriverContainerTest
[INFO] Tests run: 3, Failures: 0, Errors: 0, Skipped: 0, Time elapsed: 0.003 s - in org.fluentlenium.adapter.sharedwebdriver.MethodSharedWebDriverContainerTest
[INFO] Running org.fluentlenium.adapter.sharedwebdriver.ClassSharedWebDriverContainerTest
[INFO] Tests run: 2, Failures: 0, Errors: 0, Skipped: 0, Time elapsed: 0.003 s - in org.fluentlenium.adapter.sharedwebdriver.ClassSharedWebDriverContainerTest
[INFO] Running org.fluentlenium.adapter.DefaultSharedMutatorTest
[INFO] Tests run: 1, Failures: 0, Errors: 0, Skipped: 0, Time elapsed: 0.002 s - in org.fluentlenium.adapter.DefaultSharedMutatorTest
[INFO] Running org.fluentlenium.configuration.ConfigurationFactoryProviderTest
[INFO] Tests run: 6, Failures: 0, Errors: 0, Skipped: 0, Time elapsed: 0.007 s - in org.fluentlenium.configuration.ConfigurationFactoryProviderTest
[INFO] Running org.fluentlenium.configuration.WebDriversRegistryImplTest
[INFO] Tests run: 8, Failures: 0, Errors: 0, Skipped: 0, Time elapsed: 0.74 s - in org.fluentlenium.configuration.WebDriversRegistryImplTest
[INFO] Running org.fluentlenium.configuration.RemoteWebDriverTest
[INFO] Tests run: 5, Failures: 0, Errors: 0, Skipped: 0, Time elapsed: 0.04 s - in org.fluentlenium.configuration.RemoteWebDriverTest
[INFO] Running org.fluentlenium.configuration.ConfigurationDefaultsFactoryTest
[INFO] Tests run: 4, Failures: 0, Errors: 0, Skipped: 0, Time elapsed: 0.01 s - in org.fluentlenium.configuration.ConfigurationDefaultsFactoryTest
[INFO] Running org.fluentlenium.configuration.ComposedConfigurationTest
[INFO] Tests run: 16, Failures: 0, Errors: 0, Skipped: 0, Time elapsed: 0.016 s - in org.fluentlenium.configuration.ComposedConfigurationTest
[INFO] Running org.fluentlenium.configuration.CapabilitiesJsonParsingTest
[INFO] Tests run: 1, Failures: 0, Errors: 0, Skipped: 0, Time elapsed: 0.013 s - in org.fluentlenium.configuration.CapabilitiesJsonParsingTest
[INFO] Running org.fluentlenium.configuration.AnnotationConfigurationTest
Jan 24, 2023 12:48:31 PM org.openqa.selenium.remote.DesiredCapabilities firefox
INFO: Using `new FirefoxOptions()` is preferred to `DesiredCapabilities.firefox()`
Jan 24, 2023 12:48:31 PM org.openqa.selenium.remote.DesiredCapabilities firefox
INFO: Using `new FirefoxOptions()` is preferred to `DesiredCapabilities.firefox()`
Jan 24, 2023 12:48:31 PM org.openqa.selenium.remote.DesiredCapabilities chrome
INFO: Using `new ChromeOptions()` is preferred to `DesiredCapabilities.chrome()`
Jan 24, 2023 12:48:31 PM org.openqa.selenium.remote.DesiredCapabilities firefox
INFO: Using `new FirefoxOptions()` is preferred to `DesiredCapabilities.firefox()`
[WARNING] Tests run: 29, Failures: 0, Errors: 0, Skipped: 1, Time elapsed: 10.144 s - in org.fluentlenium.configuration.AnnotationConfigurationTest
[INFO] Running org.fluentlenium.configuration.ConfigurationDefaultsTest
[INFO] Tests run: 1, Failures: 0, Errors: 0, Skipped: 0, Time elapsed: 0.01 s - in org.fluentlenium.configuration.ConfigurationDefaultsTest
[INFO] Running org.fluentlenium.configuration.ReflectiveWebDriverFactoryTest
[INFO] Tests run: 9, Failures: 0, Errors: 0, Skipped: 0, Time elapsed: 0.039 s - in org.fluentlenium.configuration.ReflectiveWebDriverFactoryTest
[INFO] Running org.fluentlenium.configuration.CapabilitiesRegistryImplTest
[INFO] Tests run: 4, Failures: 0, Errors: 0, Skipped: 0, Time elapsed: 0.002 s - in org.fluentlenium.configuration.CapabilitiesRegistryImplTest
[INFO] Running org.fluentlenium.configuration.ProgrammaticConfigurationTest
[INFO] Tests run: 2, Failures: 0, Errors: 0, Skipped: 0, Time elapsed: 0.022 s - in org.fluentlenium.configuration.ProgrammaticConfigurationTest
[INFO] Running org.fluentlenium.configuration.CapabilitiesConfigurationPropertyRetrieverTest
Jan 24, 2023 12:48:41 PM org.openqa.selenium.remote.DesiredCapabilities firefox
INFO: Using `new FirefoxOptions()` is preferred to `DesiredCapabilities.firefox()`
Jan 24, 2023 12:48:41 PM org.openqa.selenium.remote.DesiredCapabilities firefox
INFO: Using `new FirefoxOptions()` is preferred to `DesiredCapabilities.firefox()`
[INFO] Tests run: 7, Failures: 0, Errors: 0, Skipped: 0, Time elapsed: 130.56 s - in org.fluentlenium.configuration.CapabilitiesConfigurationPropertyRetrieverTest
[INFO] Running org.fluentlenium.utils.SeleniumVersionCheckLoggingTest
12:50:51.803 [maven-surefire-plugin@NotThreadSafe] INFO  SeleniumVersionChecker - FluentLenium wasn't able to read Selenium version from your pom.xml. Skipped compatibility check. Please make sure you are using correct Selenium version - 3.141.59
12:50:51.807 [maven-surefire-plugin@NotThreadSafe] WARN  SeleniumVersionChecker - You are using incompatible Selenium version. Please change it to 3.141.59. You can find example on project main page https://github.com/FluentLenium/FluentLenium
[INFO] Tests run: 4, Failures: 0, Errors: 0, Skipped: 0, Time elapsed: 0.022 s - in org.fluentlenium.utils.SeleniumVersionCheckLoggingTest
[INFO] Running org.fluentlenium.utils.ChromiumApiTest
12:50:51.874 [main] ERROR ChromiumApi - Failed to define command via reflection
12:50:51.876 [main] ERROR ChromiumApi - Failed to define command via reflection
12:50:51.876 [main] INFO  ChromiumApi - Command "" executed with null state
12:50:51.878 [main] ERROR ChromiumApi - Failed to define command via reflection
12:50:51.880 [main] ERROR ChromiumApi - Failed to define command via reflection
12:50:51.880 [main] INFO  ChromiumApi - Command "" executed with null state
[INFO] Tests run: 4, Failures: 0, Errors: 0, Skipped: 0, Time elapsed: 0.071 s - in org.fluentlenium.utils.ChromiumApiTest
[INFO] Running org.fluentlenium.core.domain.FluentListSearchTest
[INFO] Tests run: 6, Failures: 0, Errors: 0, Skipped: 0, Time elapsed: 0.045 s - in org.fluentlenium.core.domain.FluentListSearchTest
[INFO] Running org.fluentlenium.core.domain.FluentWebElementTest
[INFO] Tests run: 43, Failures: 0, Errors: 0, Skipped: 0, Time elapsed: 0.385 s - in org.fluentlenium.core.domain.FluentWebElementTest
[INFO] Running org.fluentlenium.core.domain.FluentListImplTest
[INFO] Tests run: 27, Failures: 0, Errors: 0, Skipped: 0, Time elapsed: 0.24 s - in org.fluentlenium.core.domain.FluentListImplTest
[INFO] Running org.fluentlenium.core.domain.FluentJavascriptTest
[INFO] Tests run: 2, Failures: 0, Errors: 0, Skipped: 0, Time elapsed: 0.015 s - in org.fluentlenium.core.domain.FluentJavascriptTest
[INFO] Running org.fluentlenium.core.FluentDriverHtmlDumperTest
12:50:52.582 [main] INFO  FluentDriverHtmlDumper - Created HTML dump at: /tmp/htmldump.html5982627654656135866
12:50:52.598 [main] INFO  FluentDriverHtmlDumper - Created HTML dump at: /tmp/htmldump.html1564108458821931708
[INFO] Tests run: 2, Failures: 0, Errors: 0, Skipped: 0, Time elapsed: 0.028 s - in org.fluentlenium.core.FluentDriverHtmlDumperTest
[INFO] Running org.fluentlenium.core.FluentDriverScreenshotPersisterTest
12:50:52.610 [main] INFO  FluentDriverScreenshotPersister - Created screenshot at: /tmp/screenshot.png3988873661617065821
12:50:52.612 [main] INFO  FluentDriverScreenshotPersister - Created screenshot at: /tmp/screenshot.png7448124027359682682
[INFO] Tests run: 2, Failures: 0, Errors: 0, Skipped: 0, Time elapsed: 0.013 s - in org.fluentlenium.core.FluentDriverScreenshotPersisterTest
[INFO] Running org.fluentlenium.core.FluentDriverTest
[INFO] Tests run: 14, Failures: 0, Errors: 0, Skipped: 0, Time elapsed: 0.302 s - in org.fluentlenium.core.FluentDriverTest
[INFO] Running org.fluentlenium.core.inject.FluentInjectorHookTest
[INFO] Tests run: 9, Failures: 0, Errors: 0, Skipped: 0, Time elapsed: 0.048 s - in org.fluentlenium.core.inject.FluentInjectorHookTest
[ERROR] WARNING: An illegal reflective access operation has occurred
[ERROR] WARNING: Illegal reflective access by org.fluentlenium.utils.ReflectionUtils (file:/home/gabsko/breaking-updates/fluentlenium-core/target/classes/) to field java.lang.reflect.Proxy.serialVersionUID
[ERROR] WARNING: Please consider reporting this to the maintainers of org.fluentlenium.utils.ReflectionUtils
[ERROR] WARNING: Use --illegal-access=warn to enable warnings of further illegal reflective access operations
[ERROR] WARNING: All illegal access operations will be denied in a future release
[INFO] Running org.fluentlenium.core.inject.FluentInjectorComponentTest
[INFO] Tests run: 2, Failures: 0, Errors: 0, Skipped: 0, Time elapsed: 0.009 s - in org.fluentlenium.core.inject.FluentInjectorComponentTest
[INFO] Running org.fluentlenium.core.inject.FluentInjectorListComponentTest
[INFO] Tests run: 1, Failures: 0, Errors: 0, Skipped: 0, Time elapsed: 0.035 s - in org.fluentlenium.core.inject.FluentInjectorListComponentTest
[INFO] Running org.fluentlenium.core.inject.ElementLocatorSearchContextTest
[INFO] Tests run: 2, Failures: 0, Errors: 0, Skipped: 0, Time elapsed: 0.012 s - in org.fluentlenium.core.inject.ElementLocatorSearchContextTest
[INFO] Running org.fluentlenium.core.inject.FluentInjectorContainerTest
[INFO] Tests run: 4, Failures: 0, Errors: 0, Skipped: 0, Time elapsed: 0.011 s - in org.fluentlenium.core.inject.FluentInjectorContainerTest
[INFO] Running org.fluentlenium.core.inject.FluentElementInjectionSupportValidatorTest
[INFO] Tests run: 20, Failures: 0, Errors: 0, Skipped: 0, Time elapsed: 0.049 s - in org.fluentlenium.core.inject.FluentElementInjectionSupportValidatorTest
[INFO] Running org.fluentlenium.core.inject.UnshadowerTest
[INFO] Tests run: 1, Failures: 0, Errors: 0, Skipped: 0, Time elapsed: 0.021 s - in org.fluentlenium.core.inject.UnshadowerTest
[INFO] Running org.fluentlenium.core.inject.FluentInjectorElementTest
[INFO] Tests run: 11, Failures: 0, Errors: 0, Skipped: 0, Time elapsed: 0.025 s - in org.fluentlenium.core.inject.FluentInjectorElementTest
[INFO] Running org.fluentlenium.core.FluentDriverWaitTest
[INFO] Tests run: 2, Failures: 0, Errors: 0, Skipped: 0, Time elapsed: 0.011 s - in org.fluentlenium.core.FluentDriverWaitTest
[INFO] Running org.fluentlenium.core.switchto.FluentTargetLocatorTest
[INFO] Tests run: 9, Failures: 0, Errors: 0, Skipped: 0, Time elapsed: 0.017 s - in org.fluentlenium.core.switchto.FluentTargetLocatorTest
[INFO] Running org.fluentlenium.core.events.EventsTest
[INFO] Tests run: 5, Failures: 0, Errors: 0, Skipped: 0, Time elapsed: 0.128 s - in org.fluentlenium.core.events.EventsTest
[INFO] Running org.fluentlenium.core.hook.BaseHookTest
[INFO] Tests run: 6, Failures: 0, Errors: 0, Skipped: 0, Time elapsed: 0.023 s - in org.fluentlenium.core.hook.BaseHookTest
[INFO] Running org.fluentlenium.core.hook.wait.WaitHookOptionsTest
[INFO] Tests run: 3, Failures: 0, Errors: 0, Skipped: 0, Time elapsed: 0.039 s - in org.fluentlenium.core.hook.wait.WaitHookOptionsTest
[INFO] Running org.fluentlenium.core.hook.wait.WaitHookTest
[INFO] Tests run: 9, Failures: 0, Errors: 0, Skipped: 0, Time elapsed: 0.225 s - in org.fluentlenium.core.hook.wait.WaitHookTest
[INFO] Running org.fluentlenium.core.hook.SearchHookTest
[INFO] Tests run: 10, Failures: 0, Errors: 0, Skipped: 0, Time elapsed: 0.026 s - in org.fluentlenium.core.hook.SearchHookTest
[INFO] Running org.fluentlenium.core.hook.HookControlTest
[INFO] Tests run: 8, Failures: 0, Errors: 0, Skipped: 0, Time elapsed: 0.053 s - in org.fluentlenium.core.hook.HookControlTest
[INFO] Running org.fluentlenium.core.hook.DefaultHookChainBuilderTest
[INFO] Tests run: 3, Failures: 0, Errors: 0, Skipped: 0, Time elapsed: 0.171 s - in org.fluentlenium.core.hook.DefaultHookChainBuilderTest
[INFO] Running org.fluentlenium.core.hook.BaseFluentHookTest
[INFO] Tests run: 1, Failures: 0, Errors: 0, Skipped: 0, Time elapsed: 0.047 s - in org.fluentlenium.core.hook.BaseFluentHookTest
[INFO] Running org.fluentlenium.core.FluentPageParameterQueryTest
[INFO] Tests run: 8, Failures: 0, Errors: 0, Skipped: 0, Time elapsed: 0.014 s - in org.fluentlenium.core.FluentPageParameterQueryTest
[INFO] Running org.fluentlenium.core.FluentDriverTimeoutConfigurerTest
[INFO] Tests run: 4, Failures: 0, Errors: 0, Skipped: 0, Time elapsed: 0.006 s - in org.fluentlenium.core.FluentDriverTimeoutConfigurerTest
[INFO] Running org.fluentlenium.core.wait.FluentWaitEachElementMatcherTest
[INFO] Tests run: 18, Failures: 0, Errors: 0, Skipped: 0, Time elapsed: 0.14 s - in org.fluentlenium.core.wait.FluentWaitEachElementMatcherTest
[INFO] Running org.fluentlenium.core.wait.FluentWaitElementMatcherTest
[INFO] Tests run: 15, Failures: 0, Errors: 0, Skipped: 0, Time elapsed: 0.071 s - in org.fluentlenium.core.wait.FluentWaitElementMatcherTest
[INFO] Running org.fluentlenium.core.wait.FluentWaitRectangleMatcherTest
[INFO] Tests run: 1, Failures: 0, Errors: 0, Skipped: 0, Time elapsed: 0.008 s - in org.fluentlenium.core.wait.FluentWaitRectangleMatcherTest
[INFO] Running org.fluentlenium.core.wait.WaitForPageToLoadTest
[INFO] Tests run: 2, Failures: 0, Errors: 0, Skipped: 0, Time elapsed: 0.005 s - in org.fluentlenium.core.wait.WaitForPageToLoadTest
[INFO] Running org.fluentlenium.core.wait.FluentWaitElementListMatcherTest
[INFO] Tests run: 18, Failures: 0, Errors: 0, Skipped: 0, Time elapsed: 0.14 s - in org.fluentlenium.core.wait.FluentWaitElementListMatcherTest
[INFO] Running org.fluentlenium.core.wait.FluentWaitElementTest
[INFO] Tests run: 29, Failures: 0, Errors: 0, Skipped: 0, Time elapsed: 0.047 s - in org.fluentlenium.core.wait.FluentWaitElementTest
[INFO] Running org.fluentlenium.core.wait.FluentWaitElementListTest
[INFO] Tests run: 30, Failures: 0, Errors: 0, Skipped: 0, Time elapsed: 0.06 s - in org.fluentlenium.core.wait.FluentWaitElementListTest
[INFO] Running org.fluentlenium.core.wait.FluentWaitIntegerMatcherTest
[INFO] Tests run: 1, Failures: 0, Errors: 0, Skipped: 0, Time elapsed: 0.004 s - in org.fluentlenium.core.wait.FluentWaitIntegerMatcherTest
[INFO] Running org.fluentlenium.core.wait.FluentWaitSupplierListMatcherTest
[INFO] Tests run: 1, Failures: 0, Errors: 0, Skipped: 0, Time elapsed: 0.008 s - in org.fluentlenium.core.wait.FluentWaitSupplierListMatcherTest
[INFO] Running org.fluentlenium.core.wait.FluentWaitSupplierMatcherTest
[INFO] Tests run: 1, Failures: 0, Errors: 0, Skipped: 0, Time elapsed: 0.005 s - in org.fluentlenium.core.wait.FluentWaitSupplierMatcherTest
[INFO] Running org.fluentlenium.core.wait.FluentWaitWindowMatcherTest
[INFO] Tests run: 1, Failures: 0, Errors: 0, Skipped: 0, Time elapsed: 0.008 s - in org.fluentlenium.core.wait.FluentWaitWindowMatcherTest
[INFO] Running org.fluentlenium.core.alert.AlertTest
[INFO] Tests run: 2, Failures: 0, Errors: 0, Skipped: 0, Time elapsed: 0.003 s - in org.fluentlenium.core.alert.AlertTest
[INFO] Running org.fluentlenium.core.proxy.ProxyListenerTest
[INFO] Tests run: 2, Failures: 0, Errors: 0, Skipped: 0, Time elapsed: 0.017 s - in org.fluentlenium.core.proxy.ProxyListenerTest
[INFO] Running org.fluentlenium.core.proxy.ProxyHookTest
[INFO] Tests run: 2, Failures: 0, Errors: 0, Skipped: 0, Time elapsed: 0.005 s - in org.fluentlenium.core.proxy.ProxyHookTest
[INFO] Running org.fluentlenium.core.proxy.ProxyMessageTest
[INFO] Tests run: 2, Failures: 0, Errors: 0, Skipped: 0, Time elapsed: 0.004 s - in org.fluentlenium.core.proxy.ProxyMessageTest
[INFO] Running org.fluentlenium.core.proxy.AbstractLocatorAndInvocationHandlerTest
[WARNING] Tests run: 12, Failures: 0, Errors: 0, Skipped: 3, Time elapsed: 0.04 s - in org.fluentlenium.core.proxy.AbstractLocatorAndInvocationHandlerTest
[INFO] Running org.fluentlenium.core.proxy.ElementInstanceLocatorTest
[INFO] Tests run: 2, Failures: 0, Errors: 0, Skipped: 0, Time elapsed: 0.001 s - in org.fluentlenium.core.proxy.ElementInstanceLocatorTest
[INFO] Running org.fluentlenium.core.proxy.IndexSupplierLocatorTest
[INFO] Tests run: 6, Failures: 0, Errors: 0, Skipped: 0, Time elapsed: 0.009 s - in org.fluentlenium.core.proxy.IndexSupplierLocatorTest
[INFO] Running org.fluentlenium.core.proxy.ElementSupplierLocatorTest
[INFO] Tests run: 2, Failures: 0, Errors: 0, Skipped: 0, Time elapsed: 0.001 s - in org.fluentlenium.core.proxy.ElementSupplierLocatorTest
[INFO] Running org.fluentlenium.core.proxy.ProxiesTest
[INFO] Tests run: 16, Failures: 0, Errors: 0, Skipped: 0, Time elapsed: 0.017 s - in org.fluentlenium.core.proxy.ProxiesTest
[INFO] Running org.fluentlenium.core.proxy.ElementListInstanceLocatorTest
[INFO] Tests run: 2, Failures: 0, Errors: 0, Skipped: 0, Time elapsed: 0.002 s - in org.fluentlenium.core.proxy.ElementListInstanceLocatorTest
[INFO] Running org.fluentlenium.core.proxy.AbstractLocatorHandlerTest
[INFO] Tests run: 18, Failures: 0, Errors: 0, Skipped: 0, Time elapsed: 0.062 s - in org.fluentlenium.core.proxy.AbstractLocatorHandlerTest
[INFO] Running org.fluentlenium.core.proxy.ElementListSupplierLocatorTest
[INFO] Tests run: 2, Failures: 0, Errors: 0, Skipped: 0, Time elapsed: 0.002 s - in org.fluentlenium.core.proxy.ElementListSupplierLocatorTest
[INFO] Running org.fluentlenium.core.conditions.IntegerListConditionsTest
[INFO] Tests run: 2, Failures: 0, Errors: 0, Skipped: 0, Time elapsed: 0.023 s - in org.fluentlenium.core.conditions.IntegerListConditionsTest
[INFO] Running org.fluentlenium.core.conditions.AtLeastOneElementConditionsTest
[INFO] Tests run: 22, Failures: 0, Errors: 0, Skipped: 0, Time elapsed: 0.018 s - in org.fluentlenium.core.conditions.AtLeastOneElementConditionsTest
[INFO] Running org.fluentlenium.core.conditions.wait.WaitConditionTest
[INFO] Tests run: 7, Failures: 0, Errors: 0, Skipped: 0, Time elapsed: 3.459 s - in org.fluentlenium.core.conditions.wait.WaitConditionTest
[INFO] Running org.fluentlenium.core.conditions.RectangleConditionsTest
[INFO] Tests run: 9, Failures: 0, Errors: 0, Skipped: 0, Time elapsed: 0.031 s - in org.fluentlenium.core.conditions.RectangleConditionsTest
[INFO] Running org.fluentlenium.core.conditions.RectangleListConditionsTest
[INFO] Tests run: 2, Failures: 0, Errors: 0, Skipped: 0, Time elapsed: 0.021 s - in org.fluentlenium.core.conditions.RectangleListConditionsTest
[INFO] Running org.fluentlenium.core.conditions.WebElementConditionsTest
[INFO] Tests run: 12, Failures: 0, Errors: 0, Skipped: 0, Time elapsed: 0.011 s - in org.fluentlenium.core.conditions.WebElementConditionsTest
[INFO] Running org.fluentlenium.core.conditions.EachElementConditionsTest
[INFO] Tests run: 21, Failures: 0, Errors: 0, Skipped: 0, Time elapsed: 0.018 s - in org.fluentlenium.core.conditions.EachElementConditionsTest
[INFO] Running org.fluentlenium.core.css.CssSupportImplTest
[WARNING] Tests run: 8, Failures: 0, Errors: 0, Skipped: 2, Time elapsed: 0.05 s - in org.fluentlenium.core.css.CssSupportImplTest
[INFO] Running org.fluentlenium.core.FluentDriverWrappedCapabilitiesProviderTest
[INFO] Tests run: 1, Failures: 0, Errors: 0, Skipped: 0, Time elapsed: 0.026 s - in org.fluentlenium.core.FluentDriverWrappedCapabilitiesProviderTest
[INFO] Running org.fluentlenium.core.dom.DomTest
[INFO] Tests run: 7, Failures: 0, Errors: 0, Skipped: 0, Time elapsed: 0.009 s - in org.fluentlenium.core.dom.DomTest
[INFO] Running org.fluentlenium.core.search.NoSuchElementMessageTest
[INFO] Tests run: 6, Failures: 0, Errors: 0, Skipped: 0, Time elapsed: 0.022 s - in org.fluentlenium.core.search.NoSuchElementMessageTest
[INFO] Running org.fluentlenium.core.search.SearchTest
[INFO] Tests run: 15, Failures: 0, Errors: 0, Skipped: 0, Time elapsed: 0.021 s - in org.fluentlenium.core.search.SearchTest
[INFO] Running org.fluentlenium.core.FluentPageUrlTemplateTest
[INFO] Tests run: 15, Failures: 0, Errors: 0, Skipped: 0, Time elapsed: 0.243 s - in org.fluentlenium.core.FluentPageUrlTemplateTest
[INFO] Running org.fluentlenium.core.label.FluentLabelImplTest
[INFO] Tests run: 1, Failures: 0, Errors: 0, Skipped: 0, Time elapsed: 0.001 s - in org.fluentlenium.core.label.FluentLabelImplTest
[INFO] Running org.fluentlenium.core.action.MouseElementActionsTest
Jan 24, 2023 12:50:58 PM org.openqa.selenium.interactions.Actions moveToElement
INFO: When using the W3C Action commands, offsets are from the center of element
Jan 24, 2023 12:50:58 PM org.openqa.selenium.interactions.Actions moveToElement
INFO: When using the W3C Action commands, offsets are from the center of element
Jan 24, 2023 12:50:58 PM org.openqa.selenium.interactions.Actions moveToElement
INFO: When using the W3C Action commands, offsets are from the center of element
[INFO] Tests run: 15, Failures: 0, Errors: 0, Skipped: 0, Time elapsed: 0.03 s - in org.fluentlenium.core.action.MouseElementActionsTest
[INFO] Running org.fluentlenium.core.action.FluentJavascriptActionsTest
[INFO] Tests run: 4, Failures: 0, Errors: 0, Skipped: 0, Time elapsed: 0.006 s - in org.fluentlenium.core.action.FluentJavascriptActionsTest
[INFO] Running org.fluentlenium.core.action.FillSelectTest
[INFO] Tests run: 3, Failures: 0, Errors: 0, Skipped: 0, Time elapsed: 0.023 s - in org.fluentlenium.core.action.FillSelectTest
[INFO] Running org.fluentlenium.core.action.KeyboardElementActionsTest
[INFO] Tests run: 5, Failures: 0, Errors: 0, Skipped: 0, Time elapsed: 0.024 s - in org.fluentlenium.core.action.KeyboardElementActionsTest
[INFO] Running org.fluentlenium.core.action.WindowActionsTest
[INFO] Tests run: 15, Failures: 0, Errors: 0, Skipped: 0, Time elapsed: 0.039 s - in org.fluentlenium.core.action.WindowActionsTest
[INFO] Running org.fluentlenium.core.action.FillTest
[INFO] Tests run: 2, Failures: 0, Errors: 0, Skipped: 0, Time elapsed: 0.005 s - in org.fluentlenium.core.action.FillTest
[INFO] Running org.fluentlenium.core.action.KeyboardActionsTest
[INFO] Tests run: 4, Failures: 0, Errors: 0, Skipped: 0, Time elapsed: 0.011 s - in org.fluentlenium.core.action.KeyboardActionsTest
[INFO] Running org.fluentlenium.core.action.MouseActionsTest
[INFO] Tests run: 7, Failures: 0, Errors: 0, Skipped: 0, Time elapsed: 0.013 s - in org.fluentlenium.core.action.MouseActionsTest
[INFO] Running org.fluentlenium.core.filter.PredicateFilterTest
[INFO] Tests run: 1, Failures: 0, Errors: 0, Skipped: 0, Time elapsed: 0.003 s - in org.fluentlenium.core.filter.PredicateFilterTest
[INFO] Running org.fluentlenium.core.filter.AttributeFilterPredicateTest
[INFO] Tests run: 4, Failures: 0, Errors: 0, Skipped: 0, Time elapsed: 0.004 s - in org.fluentlenium.core.filter.AttributeFilterPredicateTest
[INFO] Running org.fluentlenium.core.FluentPageTest
[INFO] Tests run: 9, Failures: 0, Errors: 0, Skipped: 0, Time elapsed: 0.012 s - in org.fluentlenium.core.FluentPageTest
[INFO] Running org.fluentlenium.adapter.FluentAdapterTest
[INFO] Tests run: 10, Failures: 0, Errors: 0, Skipped: 0, Time elapsed: 0.279 s - in org.fluentlenium.adapter.FluentAdapterTest
[INFO] Running org.fluentlenium.adapter.FluentTestRunnerAdapterRetriesTest
[INFO] Tests run: 2, Failures: 0, Errors: 0, Skipped: 0, Time elapsed: 0.183 s - in org.fluentlenium.adapter.FluentTestRunnerAdapterRetriesTest
[INFO] Running org.fluentlenium.adapter.IsolatedTestTest
[INFO] Tests run: 1, Failures: 0, Errors: 0, Skipped: 0, Time elapsed: 0.135 s - in org.fluentlenium.adapter.IsolatedTestTest
[INFO] Running org.fluentlenium.adapter.DriverContainerTest
[INFO] Tests run: 1, Failures: 0, Errors: 0, Skipped: 0, Time elapsed: 0.002 s - in org.fluentlenium.adapter.DriverContainerTest
[INFO] Running org.fluentlenium.adapter.FluentTestRunnerAdapterTest
12:50:59.297 [main] INFO  FluentDriverScreenshotPersister - Created screenshot at: /tmp/testFailedWhenDriverAvailable17904158272295088327/FluentTestRunnerAdapter$MockitoMock$2041877446_test.png
[INFO] Tests run: 7, Failures: 0, Errors: 0, Skipped: 0, Time elapsed: 0.092 s - in org.fluentlenium.adapter.FluentTestRunnerAdapterTest
[INFO] Running org.fluentlenium.configuration.PropertiesBackendConfigurationTest
Jan 24, 2023 12:50:59 PM org.openqa.selenium.remote.DesiredCapabilities firefox
INFO: Using `new FirefoxOptions()` is preferred to `DesiredCapabilities.firefox()`
Jan 24, 2023 12:50:59 PM org.openqa.selenium.remote.DesiredCapabilities chrome
INFO: Using `new ChromeOptions()` is preferred to `DesiredCapabilities.chrome()`
[INFO] Tests run: 30, Failures: 0, Errors: 0, Skipped: 0, Time elapsed: 0.019 s - in org.fluentlenium.configuration.PropertiesBackendConfigurationTest
[INFO] 
[INFO] Results:
[INFO] 
[WARNING] Tests run: 1007, Failures: 0, Errors: 0, Skipped: 6
[INFO] 
[INFO] 
[INFO] ----------------< org.fluentlenium:fluentlenium-testng >----------------
[INFO] Building FluentLenium TestNG 4.8.1-SNAPSHOT                       [3/13]
[INFO] --------------------------------[ jar ]---------------------------------
[INFO] 
[INFO] --- maven-clean-plugin:3.1.0:clean (default-clean) @ fluentlenium-testng ---
[INFO] Deleting /home/gabsko/breaking-updates/fluentlenium-testng/target
[INFO] 
[INFO] --- flatten-maven-plugin:1.2.7:clean (flatten.clean) @ fluentlenium-testng ---
[INFO] Deleting /home/gabsko/breaking-updates/fluentlenium-testng/.flattened-pom.xml
[INFO] 
[INFO] --- maven-enforcer-plugin:3.0.0-M3:enforce (enforce-maven) @ fluentlenium-testng ---
[INFO] 
[INFO] --- jacoco-maven-plugin:0.8.7:prepare-agent (prepare-agent) @ fluentlenium-testng ---
[INFO] argLine set to -javaagent:/home/gabsko/.m2/repository/org/jacoco/org.jacoco.agent/0.8.7/org.jacoco.agent-0.8.7-runtime.jar=destfile=/home/gabsko/breaking-updates/fluentlenium-testng/target/jacoco.exec,excludes=**com.steadystate*:**com/gargoylesoftware*
[INFO] 
[INFO] --- maven-resources-plugin:3.2.0:resources (default-resources) @ fluentlenium-testng ---
[INFO] Using 'UTF-8' encoding to copy filtered resources.
[INFO] Using 'UTF-8' encoding to copy filtered properties files.
[INFO] skip non existing resourceDirectory /home/gabsko/breaking-updates/fluentlenium-testng/src/main/resources
[INFO] 
[INFO] --- flatten-maven-plugin:1.2.7:flatten (flatten) @ fluentlenium-testng ---
[INFO] Generating flattened POM of project org.fluentlenium:fluentlenium-testng:jar:4.8.1-SNAPSHOT...
[INFO] 
[INFO] --- maven-compiler-plugin:3.8.1:compile (default-compile) @ fluentlenium-testng ---
[INFO] Changes detected - recompiling the module!
[INFO] Compiling 1 source file to /home/gabsko/breaking-updates/fluentlenium-testng/target/classes
[INFO] 
[INFO] --- maven-resources-plugin:3.2.0:testResources (default-testResources) @ fluentlenium-testng ---
[INFO] Using 'UTF-8' encoding to copy filtered resources.
[INFO] Using 'UTF-8' encoding to copy filtered properties files.
[INFO] Copying 3 resources
[INFO] 
[INFO] --- maven-compiler-plugin:3.8.1:testCompile (default-testCompile) @ fluentlenium-testng ---
[INFO] Changes detected - recompiling the module!
[INFO] Compiling 18 source files to /home/gabsko/breaking-updates/fluentlenium-testng/target/test-classes
[INFO] 
[INFO] --- maven-surefire-plugin:3.0.0-M5:test (default-test) @ fluentlenium-testng ---
[INFO] 
[INFO] ---------------< org.fluentlenium:fluentlenium-assertj >----------------
[INFO] Building FluentLenium AssertJ 4.8.1-SNAPSHOT                      [4/13]
[INFO] --------------------------------[ jar ]---------------------------------
[INFO] 
[INFO] --- maven-clean-plugin:3.1.0:clean (default-clean) @ fluentlenium-assertj ---
[INFO] Deleting /home/gabsko/breaking-updates/fluentlenium-assertj/target
[INFO] 
[INFO] --- flatten-maven-plugin:1.2.7:clean (flatten.clean) @ fluentlenium-assertj ---
[INFO] Deleting /home/gabsko/breaking-updates/fluentlenium-assertj/.flattened-pom.xml
[INFO] 
[INFO] --- maven-enforcer-plugin:3.0.0-M3:enforce (enforce-maven) @ fluentlenium-assertj ---
[INFO] 
[INFO] --- jacoco-maven-plugin:0.8.7:prepare-agent (prepare-agent) @ fluentlenium-assertj ---
[INFO] argLine set to -javaagent:/home/gabsko/.m2/repository/org/jacoco/org.jacoco.agent/0.8.7/org.jacoco.agent-0.8.7-runtime.jar=destfile=/home/gabsko/breaking-updates/fluentlenium-assertj/target/jacoco.exec,excludes=**com.steadystate*:**com/gargoylesoftware*
[INFO] 
[INFO] --- maven-resources-plugin:3.2.0:resources (default-resources) @ fluentlenium-assertj ---
[INFO] Using 'UTF-8' encoding to copy filtered resources.
[INFO] Using 'UTF-8' encoding to copy filtered properties files.
[INFO] skip non existing resourceDirectory /home/gabsko/breaking-updates/fluentlenium-assertj/src/main/resources
[INFO] 
[INFO] --- flatten-maven-plugin:1.2.7:flatten (flatten) @ fluentlenium-assertj ---
[INFO] Generating flattened POM of project org.fluentlenium:fluentlenium-assertj:jar:4.8.1-SNAPSHOT...
[INFO] 
[INFO] --- maven-compiler-plugin:3.8.1:compile (default-compile) @ fluentlenium-assertj ---
[INFO] Changes detected - recompiling the module!
[INFO] Compiling 16 source files to /home/gabsko/breaking-updates/fluentlenium-assertj/target/classes
[INFO] 
[INFO] --- maven-resources-plugin:3.2.0:testResources (default-testResources) @ fluentlenium-assertj ---
[INFO] Using 'UTF-8' encoding to copy filtered resources.
[INFO] Using 'UTF-8' encoding to copy filtered properties files.
[INFO] Copying 3 resources
[INFO] 
[INFO] --- maven-compiler-plugin:3.8.1:testCompile (default-testCompile) @ fluentlenium-assertj ---
[INFO] Changes detected - recompiling the module!
[INFO] Compiling 38 source files to /home/gabsko/breaking-updates/fluentlenium-assertj/target/test-classes
[INFO] /home/gabsko/breaking-updates/fluentlenium-assertj/src/test/java/org/fluentlenium/assertj/custom/FluentListAssertTest.java: Some input files use or override a deprecated API.
[INFO] /home/gabsko/breaking-updates/fluentlenium-assertj/src/test/java/org/fluentlenium/assertj/custom/FluentListAssertTest.java: Recompile with -Xlint:deprecation for details.
[INFO] 
[INFO] --- maven-surefire-plugin:3.0.0-M5:test (default-test) @ fluentlenium-assertj ---
[INFO] 
[INFO] -------------------------------------------------------
[INFO]  T E S T S
[INFO] -------------------------------------------------------
[INFO] Running TestSuite
[ERROR] OpenJDK 64-Bit Server VM warning: Sharing is only supported for boot loader classes because bootstrap classpath has been appended
[INFO] Tests run: 142, Failures: 0, Errors: 0, Skipped: 0, Time elapsed: 4.373 s - in TestSuite
[INFO] 
[INFO] Results:
[INFO] 
[INFO] Tests run: 142, Failures: 0, Errors: 0, Skipped: 0
[INFO] 
[INFO] 
[INFO] ------------< org.fluentlenium:fluentlenium-junit-jupiter >-------------
[INFO] Building FluentLenium JUnit Jupiter 4.8.1-SNAPSHOT                [5/13]
[INFO] --------------------------------[ jar ]---------------------------------
[INFO] 
[INFO] --- maven-clean-plugin:3.1.0:clean (default-clean) @ fluentlenium-junit-jupiter ---
[INFO] Deleting /home/gabsko/breaking-updates/fluentlenium-junit-jupiter/target
[INFO] 
[INFO] --- flatten-maven-plugin:1.2.7:clean (flatten.clean) @ fluentlenium-junit-jupiter ---
[INFO] Deleting /home/gabsko/breaking-updates/fluentlenium-junit-jupiter/.flattened-pom.xml
[INFO] 
[INFO] --- maven-enforcer-plugin:3.0.0-M3:enforce (enforce-maven) @ fluentlenium-junit-jupiter ---
[INFO] 
[INFO] --- jacoco-maven-plugin:0.8.7:prepare-agent (prepare-agent) @ fluentlenium-junit-jupiter ---
[INFO] argLine set to -javaagent:/home/gabsko/.m2/repository/org/jacoco/org.jacoco.agent/0.8.7/org.jacoco.agent-0.8.7-runtime.jar=destfile=/home/gabsko/breaking-updates/fluentlenium-junit-jupiter/target/jacoco.exec,excludes=**com.steadystate*:**com/gargoylesoftware*
[INFO] 
[INFO] --- maven-resources-plugin:3.2.0:resources (default-resources) @ fluentlenium-junit-jupiter ---
[INFO] Using 'UTF-8' encoding to copy filtered resources.
[INFO] Using 'UTF-8' encoding to copy filtered properties files.
[INFO] skip non existing resourceDirectory /home/gabsko/breaking-updates/fluentlenium-junit-jupiter/src/main/resources
[INFO] 
[INFO] --- flatten-maven-plugin:1.2.7:flatten (flatten) @ fluentlenium-junit-jupiter ---
[INFO] Generating flattened POM of project org.fluentlenium:fluentlenium-junit-jupiter:jar:4.8.1-SNAPSHOT...
[INFO] 
[INFO] --- maven-compiler-plugin:3.8.1:compile (default-compile) @ fluentlenium-junit-jupiter ---
[INFO] Changes detected - recompiling the module!
[INFO] Compiling 3 source files to /home/gabsko/breaking-updates/fluentlenium-junit-jupiter/target/classes
[INFO] /home/gabsko/breaking-updates/fluentlenium-junit-jupiter/src/main/java/org/fluentlenium/adapter/junit/jupiter/MockitoExtension.java: /home/gabsko/breaking-updates/fluentlenium-junit-jupiter/src/main/java/org/fluentlenium/adapter/junit/jupiter/MockitoExtension.java uses or overrides a deprecated API.
[INFO] /home/gabsko/breaking-updates/fluentlenium-junit-jupiter/src/main/java/org/fluentlenium/adapter/junit/jupiter/MockitoExtension.java: Recompile with -Xlint:deprecation for details.
[INFO] 
[INFO] --- maven-resources-plugin:3.2.0:testResources (default-testResources) @ fluentlenium-junit-jupiter ---
[INFO] Using 'UTF-8' encoding to copy filtered resources.
[INFO] Using 'UTF-8' encoding to copy filtered properties files.
[INFO] Copying 2 resources
[INFO] 
[INFO] --- maven-compiler-plugin:3.8.1:testCompile (default-testCompile) @ fluentlenium-junit-jupiter ---
[INFO] Changes detected - recompiling the module!
[INFO] Compiling 10 source files to /home/gabsko/breaking-updates/fluentlenium-junit-jupiter/target/test-classes
[INFO] /home/gabsko/breaking-updates/fluentlenium-junit-jupiter/src/test/java/org/fluentlenium/adapter/junit/jupiter/FluentJUnitJupiterTest.java: /home/gabsko/breaking-updates/fluentlenium-junit-jupiter/src/test/java/org/fluentlenium/adapter/junit/jupiter/FluentJUnitJupiterTest.java uses or overrides a deprecated API.
[INFO] /home/gabsko/breaking-updates/fluentlenium-junit-jupiter/src/test/java/org/fluentlenium/adapter/junit/jupiter/FluentJUnitJupiterTest.java: Recompile with -Xlint:deprecation for details.
[INFO] 
[INFO] --- maven-surefire-plugin:3.0.0-M5:test (default-test) @ fluentlenium-junit-jupiter ---
[INFO] 
[INFO] -------------------------------------------------------
[INFO]  T E S T S
[INFO] -------------------------------------------------------
[INFO] Running org.fluentlenium.adapter.junit.jupiter.FluentJUnitJupiterTest
[INFO] Tests run: 4, Failures: 0, Errors: 0, Skipped: 0, Time elapsed: 2.846 s - in org.fluentlenium.adapter.junit.jupiter.FluentJUnitJupiterTest
[INFO] 
[INFO] Results:
[INFO] 
[INFO] Tests run: 4, Failures: 0, Errors: 0, Skipped: 0
[INFO] 
[INFO] 
[INFO] ----------< org.fluentlenium:fluentlenium-integration-tests >-----------
[INFO] Building FluentLenium Integration Tests 4.8.1-SNAPSHOT            [6/13]
[INFO] --------------------------------[ jar ]---------------------------------
[INFO] 
[INFO] --- maven-clean-plugin:3.1.0:clean (default-clean) @ fluentlenium-integration-tests ---
[INFO] 
[INFO] --- flatten-maven-plugin:1.2.7:clean (flatten.clean) @ fluentlenium-integration-tests ---
[INFO] Deleting /home/gabsko/breaking-updates/fluentlenium-integration-tests/.flattened-pom.xml
[INFO] 
[INFO] --- maven-enforcer-plugin:3.0.0-M3:enforce (enforce-maven) @ fluentlenium-integration-tests ---
[INFO] 
[INFO] --- jacoco-maven-plugin:0.8.7:prepare-agent (prepare-agent) @ fluentlenium-integration-tests ---
[INFO] argLine set to -javaagent:/home/gabsko/.m2/repository/org/jacoco/org.jacoco.agent/0.8.7/org.jacoco.agent-0.8.7-runtime.jar=destfile=/home/gabsko/breaking-updates/fluentlenium-integration-tests/target/jacoco.exec,excludes=**com.steadystate*:**com/gargoylesoftware*
[INFO] 
[INFO] --- maven-resources-plugin:3.2.0:resources (default-resources) @ fluentlenium-integration-tests ---
[INFO] Using 'UTF-8' encoding to copy filtered resources.
[INFO] Using 'UTF-8' encoding to copy filtered properties files.
[INFO] skip non existing resourceDirectory /home/gabsko/breaking-updates/fluentlenium-integration-tests/src/main/resources
[INFO] 
[INFO] --- flatten-maven-plugin:1.2.7:flatten (flatten) @ fluentlenium-integration-tests ---
[INFO] Generating flattened POM of project org.fluentlenium:fluentlenium-integration-tests:jar:4.8.1-SNAPSHOT...
[INFO] 
[INFO] --- maven-compiler-plugin:3.8.1:compile (default-compile) @ fluentlenium-integration-tests ---
[INFO] No sources to compile
[INFO] 
[INFO] --- maven-resources-plugin:3.2.0:testResources (default-testResources) @ fluentlenium-integration-tests ---
[INFO] Using 'UTF-8' encoding to copy filtered resources.
[INFO] Using 'UTF-8' encoding to copy filtered properties files.
[INFO] Copying 14 resources
[INFO] 
[INFO] --- maven-compiler-plugin:3.8.1:testCompile (default-testCompile) @ fluentlenium-integration-tests ---
[INFO] Changes detected - recompiling the module!
[INFO] Compiling 99 source files to /home/gabsko/breaking-updates/fluentlenium-integration-tests/target/test-classes
[INFO] /home/gabsko/breaking-updates/fluentlenium-integration-tests/src/test/java/org/fluentlenium/pages/IndexPage2.java: Some input files use unchecked or unsafe operations.
[INFO] /home/gabsko/breaking-updates/fluentlenium-integration-tests/src/test/java/org/fluentlenium/pages/IndexPage2.java: Recompile with -Xlint:unchecked for details.
[INFO] 
[INFO] --- maven-surefire-plugin:3.0.0-M5:test (default-test) @ fluentlenium-integration-tests ---
[INFO] 
[INFO] -------------------------------------------------------
[INFO]  T E S T S
[INFO] -------------------------------------------------------
[INFO] Running org.fluentlenium.test.baseurl.BaseUrlDynamicTest
[INFO] Tests run: 3, Failures: 0, Errors: 0, Skipped: 0, Time elapsed: 2.313 s - in org.fluentlenium.test.baseurl.BaseUrlDynamicTest
[INFO] Running org.fluentlenium.test.baseurl.BaseUrlTest
[INFO] Tests run: 4, Failures: 0, Errors: 0, Skipped: 0, Time elapsed: 0.198 s - in org.fluentlenium.test.baseurl.BaseUrlTest
[INFO] Running org.fluentlenium.test.actions.window.WindowActionsTest
[INFO] Tests run: 2, Failures: 0, Errors: 0, Skipped: 0, Time elapsed: 0.129 s - in org.fluentlenium.test.actions.window.WindowActionsTest
[INFO] Running org.fluentlenium.test.actions.waitandclick.WaitAndClickTest
[INFO] Tests run: 5, Failures: 0, Errors: 0, Skipped: 0, Time elapsed: 5.395 s - in org.fluentlenium.test.actions.waitandclick.WaitAndClickTest
[INFO] Running org.fluentlenium.test.actions.click.ClicksWaitHookTest
[INFO] Tests run: 2, Failures: 0, Errors: 0, Skipped: 0, Time elapsed: 0.094 s - in org.fluentlenium.test.actions.click.ClicksWaitHookTest
[INFO] Running org.fluentlenium.test.actions.click.ClicksTest
[INFO] Tests run: 2, Failures: 0, Errors: 0, Skipped: 0, Time elapsed: 0.066 s - in org.fluentlenium.test.actions.click.ClicksTest
[INFO] Running org.fluentlenium.test.actions.onlist.ActionOnListTest
[INFO] Tests run: 7, Failures: 0, Errors: 0, Skipped: 0, Time elapsed: 0.199 s - in org.fluentlenium.test.actions.onlist.ActionOnListTest
[INFO] Running org.fluentlenium.test.actions.onlist.ActionOnListWithBddTest
[INFO] Tests run: 4, Failures: 0, Errors: 0, Skipped: 0, Time elapsed: 0.28 s - in org.fluentlenium.test.actions.onlist.ActionOnListWithBddTest
[INFO] Running org.fluentlenium.test.actions.onselector.ActionOnSelectorTest
[INFO] Tests run: 9, Failures: 0, Errors: 0, Skipped: 0, Time elapsed: 0.391 s - in org.fluentlenium.test.actions.onselector.ActionOnSelectorTest
[INFO] Running org.fluentlenium.test.actions.onselector.ActionOnSelectorWithBddTest
[INFO] Tests run: 5, Failures: 0, Errors: 0, Skipped: 0, Time elapsed: 0.266 s - in org.fluentlenium.test.actions.onselector.ActionOnSelectorWithBddTest
[INFO] Running org.fluentlenium.test.actions.attributemodification.AttributeModificationTest
[INFO] Tests run: 2, Failures: 0, Errors: 0, Skipped: 0, Time elapsed: 0.05 s - in org.fluentlenium.test.actions.attributemodification.AttributeModificationTest
[INFO] Running org.fluentlenium.test.driver.DriverTest
[INFO] Tests run: 2, Failures: 0, Errors: 0, Skipped: 0, Time elapsed: 0.019 s - in org.fluentlenium.test.driver.DriverTest
[INFO] Running org.fluentlenium.test.fluentwebelement.FluentWebElementInTest
[INFO] Tests run: 1, Failures: 0, Errors: 0, Skipped: 0, Time elapsed: 0.028 s - in org.fluentlenium.test.fluentwebelement.FluentWebElementInTest
[INFO] Running org.fluentlenium.test.fluentwebelement.FluentWebElementDelegateClassInTest
[INFO] Tests run: 1, Failures: 0, Errors: 0, Skipped: 0, Time elapsed: 0.025 s - in org.fluentlenium.test.fluentwebelement.FluentWebElementDelegateClassInTest
[INFO] Running org.fluentlenium.test.fluentwebelement.StateOnElementTest
[INFO] Tests run: 7, Failures: 0, Errors: 0, Skipped: 0, Time elapsed: 0.146 s - in org.fluentlenium.test.fluentwebelement.StateOnElementTest
[INFO] Running org.fluentlenium.test.fluentwebelement.FluentWebElementSubclassInTest
[INFO] Tests run: 1, Failures: 0, Errors: 0, Skipped: 0, Time elapsed: 0.043 s - in org.fluentlenium.test.fluentwebelement.FluentWebElementSubclassInTest
[INFO] Running org.fluentlenium.test.events.EventsInvalidDriverTest
[INFO] Tests run: 1, Failures: 0, Errors: 0, Skipped: 0, Time elapsed: 0.149 s - in org.fluentlenium.test.events.EventsInvalidDriverTest
[INFO] Running org.fluentlenium.test.events.ContainerAnnotationsEventsRegistrySuperClassSetupTest
12:51:25.999 [main] INFO  EventBasedIntegrationFluentTest - About to click on something...
12:51:26.007 [main] INFO  EventBasedIntegrationFluentTest - Clicked successfully. FluentLenium is awesome! :)
[INFO] Tests run: 1, Failures: 0, Errors: 0, Skipped: 0, Time elapsed: 0.051 s - in org.fluentlenium.test.events.ContainerAnnotationsEventsRegistrySuperClassSetupTest
[INFO] Running org.fluentlenium.test.events.EventsTest
[INFO] Tests run: 4, Failures: 0, Errors: 0, Skipped: 0, Time elapsed: 0.193 s - in org.fluentlenium.test.events.EventsTest
[INFO] Running org.fluentlenium.test.events.ContainerAnnotationsEventsRegistrySetupTest
12:51:26.289 [main] INFO  ContainerAnnotationsEventsRegistrySetupTest - About to click on something...
12:51:26.289 [main] INFO  ContainerAnnotationsEventsRegistrySetupTest - Clicked successfully. FluentLenium is awesome! :)
12:51:26.290 [main] INFO  ContainerAnnotationsEventsRegistrySetupTest - Isn't it?
[INFO] Tests run: 2, Failures: 0, Errors: 0, Skipped: 0, Time elapsed: 0.055 s - in org.fluentlenium.test.events.ContainerAnnotationsEventsRegistrySetupTest
[INFO] Running org.fluentlenium.test.iframe.IframeTest
[INFO] Tests run: 4, Failures: 0, Errors: 0, Skipped: 0, Time elapsed: 0.164 s - in org.fluentlenium.test.iframe.IframeTest
[INFO] Running org.fluentlenium.test.component.ComponentsTest
[INFO] Tests run: 3, Failures: 0, Errors: 0, Skipped: 0, Time elapsed: 8.814 s - in org.fluentlenium.test.component.ComponentsTest
[INFO] Running org.fluentlenium.test.component.ElementAsTest
[INFO] Tests run: 6, Failures: 0, Errors: 0, Skipped: 0, Time elapsed: 0.132 s - in org.fluentlenium.test.component.ElementAsTest
[INFO] Running org.fluentlenium.test.injection.InjectionTest
[INFO] Tests run: 1, Failures: 0, Errors: 0, Skipped: 0, Time elapsed: 0.017 s - in org.fluentlenium.test.injection.InjectionTest
[INFO] Running org.fluentlenium.test.injection.InjectionFindTest
[INFO] Tests run: 4, Failures: 0, Errors: 0, Skipped: 0, Time elapsed: 0.085 s - in org.fluentlenium.test.injection.InjectionFindTest
[INFO] Running org.fluentlenium.test.seleniumcheck.SeleniumVersionCheckLoggingTest
[INFO] Tests run: 1, Failures: 0, Errors: 0, Skipped: 0, Time elapsed: 0.001 s - in org.fluentlenium.test.seleniumcheck.SeleniumVersionCheckLoggingTest
[INFO] Running org.fluentlenium.test.proxy.ProxyLazynessTest
[INFO] Tests run: 4, Failures: 0, Errors: 0, Skipped: 0, Time elapsed: 0.058 s - in org.fluentlenium.test.proxy.ProxyLazynessTest
[INFO] Running org.fluentlenium.test.cssinject.CssInjectTest
[INFO] Tests run: 2, Failures: 0, Errors: 0, Skipped: 0, Time elapsed: 0.068 s - in org.fluentlenium.test.cssinject.CssInjectTest
[INFO] Running org.fluentlenium.test.await.WaitSizeTest
[INFO] Tests run: 9, Failures: 0, Errors: 0, Skipped: 0, Time elapsed: 12.792 s - in org.fluentlenium.test.await.WaitSizeTest
[INFO] Running org.fluentlenium.test.await.FluentLeniumFunctionalWaitTest
[INFO] Tests run: 57, Failures: 0, Errors: 0, Skipped: 0, Time elapsed: 7.391 s - in org.fluentlenium.test.await.FluentLeniumFunctionalWaitTest
[INFO] Running org.fluentlenium.test.await.negate.HappyPathsNegatedAwaitTest
[INFO] Tests run: 10, Failures: 0, Errors: 0, Skipped: 0, Time elapsed: 0.187 s - in org.fluentlenium.test.await.negate.HappyPathsNegatedAwaitTest
[INFO] Running org.fluentlenium.test.await.negate.NegatedAwaitFluentListTest
[INFO] Tests run: 7, Failures: 0, Errors: 0, Skipped: 0, Time elapsed: 2.921 s - in org.fluentlenium.test.await.negate.NegatedAwaitFluentListTest
[INFO] Running org.fluentlenium.test.await.negate.NegatedAwaitElementTest
[INFO] Tests run: 7, Failures: 0, Errors: 0, Skipped: 0, Time elapsed: 2.402 s - in org.fluentlenium.test.await.negate.NegatedAwaitElementTest
[INFO] Running org.fluentlenium.test.await.JsAwaitTest
[INFO] Tests run: 10, Failures: 0, Errors: 0, Skipped: 0, Time elapsed: 27.914 s - in org.fluentlenium.test.await.JsAwaitTest
[INFO] Running org.fluentlenium.test.await.FluentLeniumWaitTest
[INFO] Tests run: 83, Failures: 0, Errors: 0, Skipped: 0, Time elapsed: 11.795 s - in org.fluentlenium.test.await.FluentLeniumWaitTest
[INFO] Running org.fluentlenium.test.await.FluentWaitMessageWithHookTest
[INFO] Tests run: 13, Failures: 0, Errors: 0, Skipped: 0, Time elapsed: 12.367 s - in org.fluentlenium.test.await.FluentWaitMessageWithHookTest
[INFO] Running org.fluentlenium.test.await.hook.WaitHookFilteringTest
[INFO] Tests run: 1, Failures: 0, Errors: 0, Skipped: 0, Time elapsed: 0.027 s - in org.fluentlenium.test.await.hook.WaitHookFilteringTest
[INFO] Running org.fluentlenium.test.await.hook.WaitHookWithTest
[INFO] Tests run: 3, Failures: 0, Errors: 0, Skipped: 0, Time elapsed: 7.152 s - in org.fluentlenium.test.await.hook.WaitHookWithTest
[INFO] Running org.fluentlenium.test.await.hook.WaitHookAnnotationTest
[INFO] Tests run: 5, Failures: 0, Errors: 0, Skipped: 0, Time elapsed: 13.131 s - in org.fluentlenium.test.await.hook.WaitHookAnnotationTest
[INFO] Running org.fluentlenium.test.await.component.WaitComponentsListTest
[INFO] Tests run: 6, Failures: 0, Errors: 0, Skipped: 0, Time elapsed: 14.64 s - in org.fluentlenium.test.await.component.WaitComponentsListTest
[INFO] Running org.fluentlenium.test.await.FluentWaitMessageTest
[INFO] Tests run: 14, Failures: 0, Errors: 0, Skipped: 0, Time elapsed: 2.521 s - in org.fluentlenium.test.await.FluentWaitMessageTest
[INFO] Running org.fluentlenium.test.await.FluentLeniumWaitIgnoringTest
[INFO] Tests run: 6, Failures: 0, Errors: 0, Skipped: 0, Time elapsed: 0.096 s - in org.fluentlenium.test.await.FluentLeniumWaitIgnoringTest
[INFO] Running org.fluentlenium.test.await.FluentLeniumWaitElementTest
[INFO] Tests run: 45, Failures: 0, Errors: 0, Skipped: 0, Time elapsed: 15.093 s - in org.fluentlenium.test.await.FluentLeniumWaitElementTest
[INFO] Running org.fluentlenium.test.after.AfterTest
[INFO] Tests run: 1, Failures: 0, Errors: 0, Skipped: 0, Time elapsed: 0.002 s - in org.fluentlenium.test.after.AfterTest
[INFO] Running org.fluentlenium.test.htmldump.HtmlDumpPathTest
12:53:46.368 [main] INFO  FluentDriverHtmlDumper - Created HTML dump at: /tmp/tempfiles15918089782759229132/test.html
[INFO] Tests run: 1, Failures: 0, Errors: 0, Skipped: 0, Time elapsed: 0.032 s - in org.fluentlenium.test.htmldump.HtmlDumpPathTest
[INFO] Running org.fluentlenium.test.htmldump.HtmlDumpTest
12:53:46.391 [main] INFO  FluentDriverHtmlDumper - Created HTML dump at: /tmp/tempfiles2153594667056422208/test.html
[INFO] Tests run: 1, Failures: 0, Errors: 0, Skipped: 0, Time elapsed: 0.016 s - in org.fluentlenium.test.htmldump.HtmlDumpTest
[INFO] Running org.fluentlenium.test.capabilities.CapabilitiesTest
[INFO] Tests run: 1, Failures: 0, Errors: 0, Skipped: 0, Time elapsed: 0.014 s - in org.fluentlenium.test.capabilities.CapabilitiesTest
[INFO] Running org.fluentlenium.test.param.FluentListParamTest
[INFO] Tests run: 10, Failures: 0, Errors: 0, Skipped: 0, Time elapsed: 0.177 s - in org.fluentlenium.test.param.FluentListParamTest
[INFO] Running org.fluentlenium.test.param.ParamTest
[INFO] Tests run: 3, Failures: 0, Errors: 0, Skipped: 0, Time elapsed: 0.051 s - in org.fluentlenium.test.param.ParamTest
[INFO] Running org.fluentlenium.test.annotations.AnnotationsComponentsPriorityEventsTest
[INFO] Tests run: 1, Failures: 0, Errors: 0, Skipped: 0, Time elapsed: 0.023 s - in org.fluentlenium.test.annotations.AnnotationsComponentsPriorityEventsTest
[INFO] Running org.fluentlenium.test.annotations.AnnotationsComponentEventsTest
[INFO] Tests run: 3, Failures: 0, Errors: 0, Skipped: 0, Time elapsed: 0.176 s - in org.fluentlenium.test.annotations.AnnotationsComponentEventsTest
[INFO] Running org.fluentlenium.test.annotations.AnnotationsEventsTest
[INFO] Tests run: 5, Failures: 0, Errors: 0, Skipped: 0, Time elapsed: 0.103 s - in org.fluentlenium.test.annotations.AnnotationsEventsTest
[INFO] Running org.fluentlenium.test.annotations.AnnotationsPriorityEventsTest
[INFO] Tests run: 1, Failures: 0, Errors: 0, Skipped: 0, Time elapsed: 0.016 s - in org.fluentlenium.test.annotations.AnnotationsPriorityEventsTest
[INFO] Running org.fluentlenium.test.initialization.DontRunTestsWhenInitFailTest
[INFO] Tests run: 1, Failures: 0, Errors: 0, Skipped: 0, Time elapsed: 0.037 s - in org.fluentlenium.test.initialization.DontRunTestsWhenInitFailTest
[INFO] Running org.fluentlenium.test.findby.FindByOfComponentContainerTest
[INFO] Tests run: 4, Failures: 0, Errors: 0, Skipped: 0, Time elapsed: 0.074 s - in org.fluentlenium.test.findby.FindByOfComponentContainerTest
[INFO] Running org.fluentlenium.test.findby.FindByOfComponentTest
[INFO] Tests run: 4, Failures: 0, Errors: 0, Skipped: 0, Time elapsed: 0.076 s - in org.fluentlenium.test.findby.FindByOfComponentTest
[INFO] Running org.fluentlenium.test.findby.FluentSelectorTest
[INFO] Tests run: 26, Failures: 0, Errors: 0, Skipped: 0, Time elapsed: 0.49 s - in org.fluentlenium.test.findby.FluentSelectorTest
[INFO] Running org.fluentlenium.test.findby.FindByOfListTest
[INFO] Tests run: 2, Failures: 0, Errors: 0, Skipped: 0, Time elapsed: 0.036 s - in org.fluentlenium.test.findby.FindByOfListTest
[INFO] Running org.fluentlenium.test.fluentlist.SearchOnlyWithFiltersTest
[INFO] Tests run: 21, Failures: 0, Errors: 0, Skipped: 0, Time elapsed: 0.447 s - in org.fluentlenium.test.fluentlist.SearchOnlyWithFiltersTest
[INFO] Running org.fluentlenium.test.fluentlist.SearchTest
[INFO] Tests run: 9, Failures: 0, Errors: 0, Skipped: 0, Time elapsed: 0.285 s - in org.fluentlenium.test.fluentlist.SearchTest
[INFO] Running org.fluentlenium.test.fluentability.FluentabilityTest
[INFO] Tests run: 1, Failures: 0, Errors: 0, Skipped: 0, Time elapsed: 0.026 s - in org.fluentlenium.test.fluentability.FluentabilityTest
[INFO] Running org.fluentlenium.test.text.HiddenTextTest
[INFO] Tests run: 2, Failures: 0, Errors: 0, Skipped: 0, Time elapsed: 0.046 s - in org.fluentlenium.test.text.HiddenTextTest
[INFO] Running org.fluentlenium.test.page.PageInPageWithCreatePageTest
[INFO] Tests run: 1, Failures: 0, Errors: 0, Skipped: 0, Time elapsed: 0.011 s - in org.fluentlenium.test.page.PageInPageWithCreatePageTest
[INFO] Running org.fluentlenium.test.page.isat.IsAtTest
[INFO] Tests run: 7, Failures: 0, Errors: 0, Skipped: 0, Time elapsed: 0.163 s - in org.fluentlenium.test.page.isat.IsAtTest
[INFO] Running org.fluentlenium.test.page.PageUrlParameterQueryTest
[INFO] Tests run: 4, Failures: 0, Errors: 0, Skipped: 0, Time elapsed: 0.074 s - in org.fluentlenium.test.page.PageUrlParameterQueryTest
[INFO] Running org.fluentlenium.test.page.PageTest
[INFO] Tests run: 15, Failures: 0, Errors: 0, Skipped: 0, Time elapsed: 0.354 s - in org.fluentlenium.test.page.PageTest
[INFO] Running org.fluentlenium.test.page.PageWithAjaxElementTest
[INFO] Tests run: 4, Failures: 0, Errors: 0, Skipped: 0, Time elapsed: 17.094 s - in org.fluentlenium.test.page.PageWithAjaxElementTest
[INFO] Running org.fluentlenium.test.page.PageInPageWithAnnotationPageTest
[INFO] Tests run: 1, Failures: 0, Errors: 0, Skipped: 0, Time elapsed: 0.01 s - in org.fluentlenium.test.page.PageInPageWithAnnotationPageTest
[INFO] Running org.fluentlenium.test.page.gotopage.GoToTest
[INFO] Tests run: 5, Failures: 0, Errors: 0, Skipped: 0, Time elapsed: 0.051 s - in org.fluentlenium.test.page.gotopage.GoToTest
[INFO] Running org.fluentlenium.test.page.gotopage.GoToInNewTabTest
[INFO] Tests run: 1, Failures: 0, Errors: 0, Skipped: 0, Time elapsed: 0.049 s - in org.fluentlenium.test.page.gotopage.GoToInNewTabTest
[INFO] Running org.fluentlenium.test.page.SuperclassPageTest
[INFO] Tests run: 17, Failures: 0, Errors: 0, Skipped: 0, Time elapsed: 0.414 s - in org.fluentlenium.test.page.SuperclassPageTest
[INFO] Running org.fluentlenium.test.page.PageInPageTest
[INFO] Tests run: 1, Failures: 0, Errors: 0, Skipped: 0, Time elapsed: 0.008 s - in org.fluentlenium.test.page.PageInPageTest
[INFO] Running org.fluentlenium.test.page.PageAdapterTest
[INFO] Tests run: 3, Failures: 0, Errors: 0, Skipped: 0, Time elapsed: 0.039 s - in org.fluentlenium.test.page.PageAdapterTest
[INFO] Running org.fluentlenium.test.javascript.JavascriptTest
[INFO] Tests run: 8, Failures: 0, Errors: 0, Skipped: 0, Time elapsed: 0.272 s - in org.fluentlenium.test.javascript.JavascriptTest
[INFO] Running org.fluentlenium.test.count.CountTest
[INFO] Tests run: 1, Failures: 0, Errors: 0, Skipped: 0, Time elapsed: 0.064 s - in org.fluentlenium.test.count.CountTest
[INFO] Running org.fluentlenium.test.axes.AxesTest
[INFO] Tests run: 7, Failures: 0, Errors: 0, Skipped: 0, Time elapsed: 0.143 s - in org.fluentlenium.test.axes.AxesTest
[INFO] 
[INFO] Results:
[INFO] 
[INFO] Tests run: 538, Failures: 0, Errors: 0, Skipped: 0
[INFO] 
[INFO] 
[INFO] ----------------< org.fluentlenium:fluentlenium-junit >-----------------
[INFO] Building FluentLenium JUnit 4.8.1-SNAPSHOT                        [7/13]
[INFO] --------------------------------[ jar ]---------------------------------
[INFO] 
[INFO] --- maven-clean-plugin:3.1.0:clean (default-clean) @ fluentlenium-junit ---
[INFO] Deleting /home/gabsko/breaking-updates/fluentlenium-junit/target
[INFO] 
[INFO] --- flatten-maven-plugin:1.2.7:clean (flatten.clean) @ fluentlenium-junit ---
[INFO] Deleting /home/gabsko/breaking-updates/fluentlenium-junit/.flattened-pom.xml
[INFO] 
[INFO] --- maven-enforcer-plugin:3.0.0-M3:enforce (enforce-maven) @ fluentlenium-junit ---
[INFO] 
[INFO] --- jacoco-maven-plugin:0.8.7:prepare-agent (prepare-agent) @ fluentlenium-junit ---
[INFO] argLine set to -javaagent:/home/gabsko/.m2/repository/org/jacoco/org.jacoco.agent/0.8.7/org.jacoco.agent-0.8.7-runtime.jar=destfile=/home/gabsko/breaking-updates/fluentlenium-junit/target/jacoco.exec,excludes=**com.steadystate*:**com/gargoylesoftware*
[INFO] 
[INFO] --- maven-resources-plugin:3.2.0:resources (default-resources) @ fluentlenium-junit ---
[INFO] Using 'UTF-8' encoding to copy filtered resources.
[INFO] Using 'UTF-8' encoding to copy filtered properties files.
[INFO] skip non existing resourceDirectory /home/gabsko/breaking-updates/fluentlenium-junit/src/main/resources
[INFO] 
[INFO] --- flatten-maven-plugin:1.2.7:flatten (flatten) @ fluentlenium-junit ---
[INFO] Generating flattened POM of project org.fluentlenium:fluentlenium-junit:jar:4.8.1-SNAPSHOT...
[INFO] 
[INFO] --- maven-compiler-plugin:3.8.1:compile (default-compile) @ fluentlenium-junit ---
[INFO] Changes detected - recompiling the module!
[INFO] Compiling 3 source files to /home/gabsko/breaking-updates/fluentlenium-junit/target/classes
[INFO] 
[INFO] --- maven-resources-plugin:3.2.0:testResources (default-testResources) @ fluentlenium-junit ---
[INFO] Using 'UTF-8' encoding to copy filtered resources.
[INFO] Using 'UTF-8' encoding to copy filtered properties files.
[INFO] Copying 2 resources
[INFO] 
[INFO] --- maven-compiler-plugin:3.8.1:testCompile (default-testCompile) @ fluentlenium-junit ---
[INFO] Changes detected - recompiling the module!
[INFO] Compiling 18 source files to /home/gabsko/breaking-updates/fluentlenium-junit/target/test-classes
[INFO] /home/gabsko/breaking-updates/fluentlenium-junit/src/test/java/org/fluentlenium/adapter/junit/FluentTestRuleTest.java: /home/gabsko/breaking-updates/fluentlenium-junit/src/test/java/org/fluentlenium/adapter/junit/FluentTestRuleTest.java uses or overrides a deprecated API.
[INFO] /home/gabsko/breaking-updates/fluentlenium-junit/src/test/java/org/fluentlenium/adapter/junit/FluentTestRuleTest.java: Recompile with -Xlint:deprecation for details.
[INFO] 
[INFO] --- maven-surefire-plugin:3.0.0-M5:test (default-test) @ fluentlenium-junit ---
[INFO] 
[INFO] -------------------------------------------------------
[INFO]  T E S T S
[INFO] -------------------------------------------------------
[INFO] Running org.fluentlenium.adapter.junit.AfterSuccessTest
[INFO] Tests run: 1, Failures: 0, Errors: 0, Skipped: 0, Time elapsed: 1.643 s - in org.fluentlenium.adapter.junit.AfterSuccessTest
[INFO] Running org.fluentlenium.adapter.junit.AfterFailedTest
[INFO] Tests run: 1, Failures: 0, Errors: 0, Skipped: 0, Time elapsed: 0.116 s - in org.fluentlenium.adapter.junit.AfterFailedTest
[INFO] Running org.fluentlenium.adapter.junit.FluentTestRuleTest
[INFO] Tests run: 2, Failures: 0, Errors: 0, Skipped: 0, Time elapsed: 0.616 s - in org.fluentlenium.adapter.junit.FluentTestRuleTest
[INFO] 
[INFO] Results:
[INFO] 
[INFO] Tests run: 4, Failures: 0, Errors: 0, Skipped: 0
[INFO] 
[INFO] 
[INFO] ------------< org.fluentlenium:fluentlenium-spring-testng >-------------
[INFO] Building FluentLenium Spring TestNG 4.8.1-SNAPSHOT                [8/13]
[INFO] --------------------------------[ jar ]---------------------------------
[INFO] 
[INFO] --- maven-clean-plugin:3.1.0:clean (default-clean) @ fluentlenium-spring-testng ---
[INFO] Deleting /home/gabsko/breaking-updates/fluentlenium-spring-testng/target
[INFO] 
[INFO] --- flatten-maven-plugin:1.2.7:clean (flatten.clean) @ fluentlenium-spring-testng ---
[INFO] Deleting /home/gabsko/breaking-updates/fluentlenium-spring-testng/.flattened-pom.xml
[INFO] 
[INFO] --- maven-enforcer-plugin:3.0.0-M3:enforce (enforce-maven) @ fluentlenium-spring-testng ---
[INFO] 
[INFO] --- jacoco-maven-plugin:0.8.7:prepare-agent (prepare-agent) @ fluentlenium-spring-testng ---
[INFO] argLine set to -javaagent:/home/gabsko/.m2/repository/org/jacoco/org.jacoco.agent/0.8.7/org.jacoco.agent-0.8.7-runtime.jar=destfile=/home/gabsko/breaking-updates/fluentlenium-spring-testng/target/jacoco.exec,excludes=**com.steadystate*:**com/gargoylesoftware*
[INFO] 
[INFO] --- maven-resources-plugin:3.2.0:resources (default-resources) @ fluentlenium-spring-testng ---
[INFO] Using 'UTF-8' encoding to copy filtered resources.
[INFO] Using 'UTF-8' encoding to copy filtered properties files.
[INFO] skip non existing resourceDirectory /home/gabsko/breaking-updates/fluentlenium-spring-testng/src/main/resources
[INFO] 
[INFO] --- flatten-maven-plugin:1.2.7:flatten (flatten) @ fluentlenium-spring-testng ---
[INFO] Generating flattened POM of project org.fluentlenium:fluentlenium-spring-testng:jar:4.8.1-SNAPSHOT...
[INFO] 
[INFO] --- maven-compiler-plugin:3.8.1:compile (default-compile) @ fluentlenium-spring-testng ---
[INFO] Changes detected - recompiling the module!
[INFO] Compiling 4 source files to /home/gabsko/breaking-updates/fluentlenium-spring-testng/target/classes
[INFO] 
[INFO] --- maven-resources-plugin:3.2.0:testResources (default-testResources) @ fluentlenium-spring-testng ---
[INFO] Using 'UTF-8' encoding to copy filtered resources.
[INFO] Using 'UTF-8' encoding to copy filtered properties files.
[INFO] Copying 4 resources
[INFO] 
[INFO] --- maven-compiler-plugin:3.8.1:testCompile (default-testCompile) @ fluentlenium-spring-testng ---
[INFO] Changes detected - recompiling the module!
[INFO] Compiling 22 source files to /home/gabsko/breaking-updates/fluentlenium-spring-testng/target/test-classes
[INFO] 
[INFO] --- maven-surefire-plugin:3.0.0-M5:test (default-test) @ fluentlenium-spring-testng ---
[INFO] 
[INFO] -------------------------------------------------------
[INFO]  T E S T S
[INFO] -------------------------------------------------------
[INFO] Running TestSuite
12:54:14.229 [main] INFO  AbstractTestContextBootstrapper - Using TestExecutionListeners: [org.springframework.test.context.support.DirtiesContextBeforeModesTestExecutionListener@189fe8af, org.springframework.test.context.event.ApplicationEventsTestExecutionListener@6f99b8c4, org.springframework.test.context.support.DependencyInjectionTestExecutionListener@5f5c2451, org.springframework.test.context.support.DirtiesContextTestExecutionListener@3b5769b3, org.springframework.test.context.event.EventPublishingTestExecutionListener@5cea34e6]
12:54:14.523 [main] INFO  AbstractTestContextBootstrapper - Using TestExecutionListeners: [org.springframework.test.context.support.DirtiesContextBeforeModesTestExecutionListener@39d8240b, org.springframework.test.context.event.ApplicationEventsTestExecutionListener@3a6732bc, org.springframework.test.context.support.DependencyInjectionTestExecutionListener@35b799c0, org.springframework.test.context.support.DirtiesContextTestExecutionListener@3963d003, org.springframework.test.context.event.EventPublishingTestExecutionListener@41e35358]
12:54:14.539 [main] INFO  AbstractTestContextBootstrapper - Using TestExecutionListeners: [org.springframework.test.context.support.DirtiesContextBeforeModesTestExecutionListener@51dcf51b, org.springframework.test.context.event.ApplicationEventsTestExecutionListener@6eb58fdd, org.springframework.test.context.support.DependencyInjectionTestExecutionListener@7a0619a8, org.springframework.test.context.support.DirtiesContextTestExecutionListener@5df9d890, org.springframework.test.context.event.EventPublishingTestExecutionListener@6b3b9a19]
12:54:14.559 [main] INFO  AbstractTestContextBootstrapper - Using TestExecutionListeners: [org.springframework.test.context.support.DirtiesContextBeforeModesTestExecutionListener@6d293b41, org.springframework.test.context.event.ApplicationEventsTestExecutionListener@c0d114b, org.springframework.test.context.support.DependencyInjectionTestExecutionListener@2079ce51, org.springframework.test.context.support.DirtiesContextTestExecutionListener@1692d173, org.springframework.test.context.event.EventPublishingTestExecutionListener@32c503d3]
12:54:14.570 [main] INFO  AbstractTestContextBootstrapper - Using TestExecutionListeners: [org.springframework.test.context.support.DirtiesContextBeforeModesTestExecutionListener@5248688c, org.springframework.test.context.event.ApplicationEventsTestExecutionListener@37736bf1, org.springframework.test.context.support.DependencyInjectionTestExecutionListener@2a7c82e, org.springframework.test.context.support.DirtiesContextTestExecutionListener@22128b73, org.springframework.test.context.event.EventPublishingTestExecutionListener@338f9bb5]
12:54:14.580 [main] INFO  AbstractTestContextBootstrapper - Using TestExecutionListeners: [org.springframework.test.context.support.DirtiesContextBeforeModesTestExecutionListener@79715834, org.springframework.test.context.event.ApplicationEventsTestExecutionListener@4d94b0af, org.springframework.test.context.support.DependencyInjectionTestExecutionListener@72a80668, org.springframework.test.context.support.DirtiesContextTestExecutionListener@42cb8174, org.springframework.test.context.event.EventPublishingTestExecutionListener@3108d1e1]
12:54:14.593 [main] INFO  AbstractTestContextBootstrapper - Using TestExecutionListeners: [org.springframework.test.context.support.DirtiesContextBeforeModesTestExecutionListener@167080e, org.springframework.test.context.event.ApplicationEventsTestExecutionListener@33980345, org.springframework.test.context.support.DependencyInjectionTestExecutionListener@195c5803, org.springframework.test.context.support.DirtiesContextTestExecutionListener@60f8d38c, org.springframework.test.context.event.EventPublishingTestExecutionListener@596690e5]
12:54:14.606 [main] INFO  AbstractTestContextBootstrapper - Using TestExecutionListeners: [org.springframework.test.context.support.DirtiesContextBeforeModesTestExecutionListener@65f913fd, org.springframework.test.context.event.ApplicationEventsTestExecutionListener@56059cf1, org.springframework.test.context.support.DependencyInjectionTestExecutionListener@3b89bccf, org.springframework.test.context.support.DirtiesContextTestExecutionListener@299a0651, org.springframework.test.context.event.EventPublishingTestExecutionListener@4518e64]
12:54:14.619 [main] INFO  AbstractTestContextBootstrapper - Using TestExecutionListeners: [org.springframework.test.context.support.DirtiesContextBeforeModesTestExecutionListener@78cb15b9, org.springframework.test.context.event.ApplicationEventsTestExecutionListener@3f77cd24, org.springframework.test.context.support.DependencyInjectionTestExecutionListener@5408854f, org.springframework.test.context.support.DirtiesContextTestExecutionListener@7ca9c253, org.springframework.test.context.event.EventPublishingTestExecutionListener@5cef76a2]
12:54:14.635 [main] INFO  AbstractTestContextBootstrapper - Using TestExecutionListeners: [org.springframework.test.context.support.DirtiesContextBeforeModesTestExecutionListener@219acda9, org.springframework.test.context.event.ApplicationEventsTestExecutionListener@455e8356, org.springframework.test.context.support.DependencyInjectionTestExecutionListener@5b9037b6, org.springframework.test.context.support.DirtiesContextTestExecutionListener@6887e1d1, org.springframework.test.context.event.EventPublishingTestExecutionListener@1f878eed]
12:54:14.645 [main] INFO  AbstractTestContextBootstrapper - Using TestExecutionListeners: [org.springframework.test.context.support.DirtiesContextBeforeModesTestExecutionListener@13f4149d, org.springframework.test.context.event.ApplicationEventsTestExecutionListener@3f64a088, org.springframework.test.context.support.DependencyInjectionTestExecutionListener@557d9532, org.springframework.test.context.support.DirtiesContextTestExecutionListener@2bc3ab4d, org.springframework.test.context.event.EventPublishingTestExecutionListener@18a01254]
12:54:14.656 [main] INFO  AbstractTestContextBootstrapper - Using TestExecutionListeners: [org.springframework.test.context.support.DirtiesContextBeforeModesTestExecutionListener@58decd96, org.springframework.test.context.event.ApplicationEventsTestExecutionListener@67ee26af, org.springframework.test.context.support.DependencyInjectionTestExecutionListener@57cc535, org.springframework.test.context.support.DirtiesContextTestExecutionListener@41cc3795, org.springframework.test.context.event.EventPublishingTestExecutionListener@6f50f047]
12:54:14.668 [main] INFO  AbstractTestContextBootstrapper - Using TestExecutionListeners: [org.springframework.test.context.support.DirtiesContextBeforeModesTestExecutionListener@b230f87, org.springframework.test.context.event.ApplicationEventsTestExecutionListener@5b293cc9, org.springframework.test.context.support.DependencyInjectionTestExecutionListener@6c551798, org.springframework.test.context.support.DirtiesContextTestExecutionListener@18212778, org.springframework.test.context.event.EventPublishingTestExecutionListener@b6d5ccc]
12:54:14.679 [main] INFO  AbstractTestContextBootstrapper - Using TestExecutionListeners: [org.springframework.test.context.support.DirtiesContextBeforeModesTestExecutionListener@317e9cf5, org.springframework.test.context.event.ApplicationEventsTestExecutionListener@33a267f, org.springframework.test.context.support.DependencyInjectionTestExecutionListener@6a94ccde, org.springframework.test.context.support.DirtiesContextTestExecutionListener@7261773c, org.springframework.test.context.event.EventPublishingTestExecutionListener@37bdd4b1]
12:54:14.751 [main] INFO  AbstractTestContextBootstrapper - Using TestExecutionListeners: [org.springframework.test.context.support.DirtiesContextBeforeModesTestExecutionListener@6013565b, org.springframework.test.context.event.ApplicationEventsTestExecutionListener@250cb65a, org.springframework.test.context.support.DependencyInjectionTestExecutionListener@54eda0bb, org.springframework.test.context.support.DirtiesContextTestExecutionListener@41ad5874, org.springframework.test.context.event.EventPublishingTestExecutionListener@3bf66f94]
12:54:14.786 [main] INFO  AbstractTestContextBootstrapper - Using TestExecutionListeners: [org.springframework.test.context.support.DirtiesContextBeforeModesTestExecutionListener@27879b4e, org.springframework.test.context.event.ApplicationEventsTestExecutionListener@646599c6, org.springframework.test.context.support.DependencyInjectionTestExecutionListener@153e2f2f, org.springframework.test.context.support.DirtiesContextTestExecutionListener@4457e347, org.springframework.test.context.event.EventPublishingTestExecutionListener@5f914d68]
12:54:14.828 [main] INFO  AbstractTestContextBootstrapper - Using TestExecutionListeners: [org.springframework.test.context.support.DirtiesContextBeforeModesTestExecutionListener@70b5ea27, org.springframework.test.context.event.ApplicationEventsTestExecutionListener@44d8e130, org.springframework.test.context.support.DependencyInjectionTestExecutionListener@3d9188de, org.springframework.test.context.support.DirtiesContextTestExecutionListener@349ff599, org.springframework.test.context.event.EventPublishingTestExecutionListener@6ba4d5ff]
12:54:14.844 [main] INFO  AbstractTestContextBootstrapper - Using TestExecutionListeners: [org.springframework.test.context.support.DirtiesContextBeforeModesTestExecutionListener@30fc1d0c, org.springframework.test.context.event.ApplicationEventsTestExecutionListener@151ddfc6, org.springframework.test.context.support.DependencyInjectionTestExecutionListener@638d0527, org.springframework.test.context.support.DirtiesContextTestExecutionListener@e9f28, org.springframework.test.context.event.EventPublishingTestExecutionListener@50caf658]
12:54:17.895 [TestNG-test=Surefire test-1] INFO  AbstractTestContextBootstrapper - Neither @ContextConfiguration nor @ContextHierarchy found for test class [org.fluentlenium.adapter.testng.SpringTestNGControl], using DelegatingSmartContextLoader
12:54:17.896 [TestNG-test=Surefire test-1] INFO  AbstractContextLoader - Could not detect default resource locations for test class [org.fluentlenium.adapter.testng.SpringTestNGControl]: no resource found for suffixes {-context.xml}.
12:54:17.899 [TestNG-test=Surefire test-1] INFO  AnnotationConfigContextLoaderUtils - Could not detect default configuration classes for test class [org.fluentlenium.adapter.testng.SpringTestNGControl]: SpringTestNGControl does not declare any static, non-private, non-final, nested classes annotated with @Configuration.
12:54:17.902 [TestNG-test=Surefire test-1] INFO  AbstractTestContextBootstrapper - Using TestExecutionListeners: [org.springframework.test.context.support.DirtiesContextBeforeModesTestExecutionListener@65dc7afe, org.springframework.test.context.event.ApplicationEventsTestExecutionListener@2ae52ddb, org.springframework.test.context.support.DependencyInjectionTestExecutionListener@7eba9285, org.springframework.test.context.support.DirtiesContextTestExecutionListener@7cc28879, org.springframework.test.context.event.EventPublishingTestExecutionListener@7acf0695]
12:54:17.921 [TestNG-test=Surefire test-1] INFO  AbstractTestContextBootstrapper - Neither @ContextConfiguration nor @ContextHierarchy found for test class [org.fluentlenium.adapter.testng.SpringTestNGControl], using DelegatingSmartContextLoader
12:54:17.922 [TestNG-test=Surefire test-1] INFO  AbstractContextLoader - Could not detect default resource locations for test class [org.fluentlenium.adapter.testng.SpringTestNGControl]: no resource found for suffixes {-context.xml}.
12:54:17.922 [TestNG-test=Surefire test-1] INFO  AnnotationConfigContextLoaderUtils - Could not detect default configuration classes for test class [org.fluentlenium.adapter.testng.SpringTestNGControl]: SpringTestNGControl does not declare any static, non-private, non-final, nested classes annotated with @Configuration.
12:54:17.924 [TestNG-test=Surefire test-1] INFO  AbstractTestContextBootstrapper - Using TestExecutionListeners: [org.springframework.test.context.support.DirtiesContextBeforeModesTestExecutionListener@49f5fb01, org.springframework.test.context.event.ApplicationEventsTestExecutionListener@5b3ad980, org.springframework.test.context.support.DependencyInjectionTestExecutionListener@17115df, org.springframework.test.context.support.DirtiesContextTestExecutionListener@422ef4be, org.springframework.test.context.event.EventPublishingTestExecutionListener@24653209]
12:54:17.934 [TestNG-test=Surefire test-1] INFO  AbstractTestContextBootstrapper - Neither @ContextConfiguration nor @ContextHierarchy found for test class [org.fluentlenium.adapter.testng.SpringTestNGControl], using DelegatingSmartContextLoader
12:54:17.934 [TestNG-test=Surefire test-1] INFO  AbstractContextLoader - Could not detect default resource locations for test class [org.fluentlenium.adapter.testng.SpringTestNGControl]: no resource found for suffixes {-context.xml}.
12:54:17.935 [TestNG-test=Surefire test-1] INFO  AnnotationConfigContextLoaderUtils - Could not detect default configuration classes for test class [org.fluentlenium.adapter.testng.SpringTestNGControl]: SpringTestNGControl does not declare any static, non-private, non-final, nested classes annotated with @Configuration.
12:54:17.936 [TestNG-test=Surefire test-1] INFO  AbstractTestContextBootstrapper - Using TestExecutionListeners: [org.springframework.test.context.support.DirtiesContextBeforeModesTestExecutionListener@6d00615b, org.springframework.test.context.event.ApplicationEventsTestExecutionListener@16e55a68, org.springframework.test.context.support.DependencyInjectionTestExecutionListener@6f535278, org.springframework.test.context.support.DirtiesContextTestExecutionListener@2f765d07, org.springframework.test.context.event.EventPublishingTestExecutionListener@4112fb0b]
12:54:17.943 [TestNG-test=Surefire test-1] INFO  AbstractTestContextBootstrapper - Neither @ContextConfiguration nor @ContextHierarchy found for test class [org.fluentlenium.adapter.testng.SpringTestNGControl], using DelegatingSmartContextLoader
12:54:17.943 [TestNG-test=Surefire test-1] INFO  AbstractContextLoader - Could not detect default resource locations for test class [org.fluentlenium.adapter.testng.SpringTestNGControl]: no resource found for suffixes {-context.xml}.
12:54:17.943 [TestNG-test=Surefire test-1] INFO  AnnotationConfigContextLoaderUtils - Could not detect default configuration classes for test class [org.fluentlenium.adapter.testng.SpringTestNGControl]: SpringTestNGControl does not declare any static, non-private, non-final, nested classes annotated with @Configuration.
12:54:17.945 [TestNG-test=Surefire test-1] INFO  AbstractTestContextBootstrapper - Using TestExecutionListeners: [org.springframework.test.context.support.DirtiesContextBeforeModesTestExecutionListener@5adbb9bc, org.springframework.test.context.event.ApplicationEventsTestExecutionListener@1e601eed, org.springframework.test.context.support.DependencyInjectionTestExecutionListener@7167cc6c, org.springframework.test.context.support.DirtiesContextTestExecutionListener@2d96ea30, org.springframework.test.context.event.EventPublishingTestExecutionListener@2a87a067]
12:54:17.948 [TestNG-test=Surefire test-1] INFO  AbstractTestContextBootstrapper - Neither @ContextConfiguration nor @ContextHierarchy found for test class [org.fluentlenium.adapter.testng.SpringTestNGControl], using DelegatingSmartContextLoader
12:54:17.949 [TestNG-test=Surefire test-1] INFO  AbstractContextLoader - Could not detect default resource locations for test class [org.fluentlenium.adapter.testng.SpringTestNGControl]: no resource found for suffixes {-context.xml}.
12:54:17.949 [TestNG-test=Surefire test-1] INFO  AnnotationConfigContextLoaderUtils - Could not detect default configuration classes for test class [org.fluentlenium.adapter.testng.SpringTestNGControl]: SpringTestNGControl does not declare any static, non-private, non-final, nested classes annotated with @Configuration.
12:54:17.951 [TestNG-test=Surefire test-1] INFO  AbstractTestContextBootstrapper - Using TestExecutionListeners: [org.springframework.test.context.support.DirtiesContextBeforeModesTestExecutionListener@140d9ad1, org.springframework.test.context.event.ApplicationEventsTestExecutionListener@24b72b13, org.springframework.test.context.support.DependencyInjectionTestExecutionListener@34b1a41, org.springframework.test.context.support.DirtiesContextTestExecutionListener@57e253e4, org.springframework.test.context.event.EventPublishingTestExecutionListener@2f4190db]
12:54:17.958 [TestNG-test=Surefire test-1] INFO  AbstractTestContextBootstrapper - Neither @ContextConfiguration nor @ContextHierarchy found for test class [org.fluentlenium.adapter.testng.SpringTestNGControl], using DelegatingSmartContextLoader
12:54:17.958 [TestNG-test=Surefire test-1] INFO  AbstractContextLoader - Could not detect default resource locations for test class [org.fluentlenium.adapter.testng.SpringTestNGControl]: no resource found for suffixes {-context.xml}.
12:54:17.958 [TestNG-test=Surefire test-1] INFO  AnnotationConfigContextLoaderUtils - Could not detect default configuration classes for test class [org.fluentlenium.adapter.testng.SpringTestNGControl]: SpringTestNGControl does not declare any static, non-private, non-final, nested classes annotated with @Configuration.
12:54:17.960 [TestNG-test=Surefire test-1] INFO  AbstractTestContextBootstrapper - Using TestExecutionListeners: [org.springframework.test.context.support.DirtiesContextBeforeModesTestExecutionListener@5658e0d7, org.springframework.test.context.event.ApplicationEventsTestExecutionListener@3f54e58b, org.springframework.test.context.support.DependencyInjectionTestExecutionListener@57122964, org.springframework.test.context.support.DirtiesContextTestExecutionListener@4e52dac0, org.springframework.test.context.event.EventPublishingTestExecutionListener@5f1dd585]
12:54:17.965 [TestNG-test=Surefire test-1] INFO  AbstractTestContextBootstrapper - Neither @ContextConfiguration nor @ContextHierarchy found for test class [org.fluentlenium.adapter.testng.SpringTestNGControl], using DelegatingSmartContextLoader
12:54:17.965 [TestNG-test=Surefire test-1] INFO  AbstractContextLoader - Could not detect default resource locations for test class [org.fluentlenium.adapter.testng.SpringTestNGControl]: no resource found for suffixes {-context.xml}.
12:54:17.966 [TestNG-test=Surefire test-1] INFO  AnnotationConfigContextLoaderUtils - Could not detect default configuration classes for test class [org.fluentlenium.adapter.testng.SpringTestNGControl]: SpringTestNGControl does not declare any static, non-private, non-final, nested classes annotated with @Configuration.
12:54:17.968 [TestNG-test=Surefire test-1] INFO  AbstractTestContextBootstrapper - Using TestExecutionListeners: [org.springframework.test.context.support.DirtiesContextBeforeModesTestExecutionListener@444594d4, org.springframework.test.context.event.ApplicationEventsTestExecutionListener@5c80eda7, org.springframework.test.context.support.DependencyInjectionTestExecutionListener@69a6df58, org.springframework.test.context.support.DirtiesContextTestExecutionListener@432a22f3, org.springframework.test.context.event.EventPublishingTestExecutionListener@2b21ed76]
12:54:17.972 [TestNG-test=Surefire test-1] INFO  AbstractTestContextBootstrapper - Neither @ContextConfiguration nor @ContextHierarchy found for test class [org.fluentlenium.adapter.testng.SpringTestNGControl], using DelegatingSmartContextLoader
12:54:17.972 [TestNG-test=Surefire test-1] INFO  AbstractContextLoader - Could not detect default resource locations for test class [org.fluentlenium.adapter.testng.SpringTestNGControl]: no resource found for suffixes {-context.xml}.
12:54:17.972 [TestNG-test=Surefire test-1] INFO  AnnotationConfigContextLoaderUtils - Could not detect default configuration classes for test class [org.fluentlenium.adapter.testng.SpringTestNGControl]: SpringTestNGControl does not declare any static, non-private, non-final, nested classes annotated with @Configuration.
12:54:17.974 [TestNG-test=Surefire test-1] INFO  AbstractTestContextBootstrapper - Using TestExecutionListeners: [org.springframework.test.context.support.DirtiesContextBeforeModesTestExecutionListener@160fa78a, org.springframework.test.context.event.ApplicationEventsTestExecutionListener@3907996, org.springframework.test.context.support.DependencyInjectionTestExecutionListener@47f1c0f3, org.springframework.test.context.support.DirtiesContextTestExecutionListener@7aa40d4b, org.springframework.test.context.event.EventPublishingTestExecutionListener@11fcd662]
12:54:17.977 [TestNG-test=Surefire test-1] INFO  AbstractTestContextBootstrapper - Neither @ContextConfiguration nor @ContextHierarchy found for test class [org.fluentlenium.adapter.testng.SpringTestNGControl], using DelegatingSmartContextLoader
12:54:17.978 [TestNG-test=Surefire test-1] INFO  AbstractContextLoader - Could not detect default resource locations for test class [org.fluentlenium.adapter.testng.SpringTestNGControl]: no resource found for suffixes {-context.xml}.
12:54:17.978 [TestNG-test=Surefire test-1] INFO  AnnotationConfigContextLoaderUtils - Could not detect default configuration classes for test class [org.fluentlenium.adapter.testng.SpringTestNGControl]: SpringTestNGControl does not declare any static, non-private, non-final, nested classes annotated with @Configuration.
12:54:17.980 [TestNG-test=Surefire test-1] INFO  AbstractTestContextBootstrapper - Using TestExecutionListeners: [org.springframework.test.context.support.DirtiesContextBeforeModesTestExecutionListener@4d6c84a3, org.springframework.test.context.event.ApplicationEventsTestExecutionListener@ca57850, org.springframework.test.context.support.DependencyInjectionTestExecutionListener@6d26dbe4, org.springframework.test.context.support.DirtiesContextTestExecutionListener@4f00a594, org.springframework.test.context.event.EventPublishingTestExecutionListener@6660794b]
12:54:17.983 [TestNG-test=Surefire test-1] INFO  AbstractTestContextBootstrapper - Neither @ContextConfiguration nor @ContextHierarchy found for test class [org.fluentlenium.adapter.testng.SpringTestNGControl], using DelegatingSmartContextLoader
12:54:17.983 [TestNG-test=Surefire test-1] INFO  AbstractContextLoader - Could not detect default resource locations for test class [org.fluentlenium.adapter.testng.SpringTestNGControl]: no resource found for suffixes {-context.xml}.
12:54:17.984 [TestNG-test=Surefire test-1] INFO  AnnotationConfigContextLoaderUtils - Could not detect default configuration classes for test class [org.fluentlenium.adapter.testng.SpringTestNGControl]: SpringTestNGControl does not declare any static, non-private, non-final, nested classes annotated with @Configuration.
12:54:17.985 [TestNG-test=Surefire test-1] INFO  AbstractTestContextBootstrapper - Using TestExecutionListeners: [org.springframework.test.context.support.DirtiesContextBeforeModesTestExecutionListener@3078b68f, org.springframework.test.context.event.ApplicationEventsTestExecutionListener@5cb6dffd, org.springframework.test.context.support.DependencyInjectionTestExecutionListener@27d424ee, org.springframework.test.context.support.DirtiesContextTestExecutionListener@4dac1442, org.springframework.test.context.event.EventPublishingTestExecutionListener@38951fb6]
12:54:17.989 [TestNG-test=Surefire test-1] INFO  AbstractTestContextBootstrapper - Neither @ContextConfiguration nor @ContextHierarchy found for test class [org.fluentlenium.adapter.testng.SpringTestNGControl], using DelegatingSmartContextLoader
12:54:17.989 [TestNG-test=Surefire test-1] INFO  AbstractContextLoader - Could not detect default resource locations for test class [org.fluentlenium.adapter.testng.SpringTestNGControl]: no resource found for suffixes {-context.xml}.
12:54:17.990 [TestNG-test=Surefire test-1] INFO  AnnotationConfigContextLoaderUtils - Could not detect default configuration classes for test class [org.fluentlenium.adapter.testng.SpringTestNGControl]: SpringTestNGControl does not declare any static, non-private, non-final, nested classes annotated with @Configuration.
12:54:17.992 [TestNG-test=Surefire test-1] INFO  AbstractTestContextBootstrapper - Using TestExecutionListeners: [org.springframework.test.context.support.DirtiesContextBeforeModesTestExecutionListener@14cefd02, org.springframework.test.context.event.ApplicationEventsTestExecutionListener@7f1bbfab, org.springframework.test.context.support.DependencyInjectionTestExecutionListener@5d98b18b, org.springframework.test.context.support.DirtiesContextTestExecutionListener@1d575546, org.springframework.test.context.event.EventPublishingTestExecutionListener@7e928d03]
12:54:17.997 [TestNG-test=Surefire test-1] INFO  AbstractTestContextBootstrapper - Neither @ContextConfiguration nor @ContextHierarchy found for test class [org.fluentlenium.adapter.testng.SpringTestNGControl], using DelegatingSmartContextLoader
12:54:17.997 [TestNG-test=Surefire test-1] INFO  AbstractContextLoader - Could not detect default resource locations for test class [org.fluentlenium.adapter.testng.SpringTestNGControl]: no resource found for suffixes {-context.xml}.
12:54:17.997 [TestNG-test=Surefire test-1] INFO  AnnotationConfigContextLoaderUtils - Could not detect default configuration classes for test class [org.fluentlenium.adapter.testng.SpringTestNGControl]: SpringTestNGControl does not declare any static, non-private, non-final, nested classes annotated with @Configuration.
12:54:17.999 [TestNG-test=Surefire test-1] INFO  AbstractTestContextBootstrapper - Using TestExecutionListeners: [org.springframework.test.context.support.DirtiesContextBeforeModesTestExecutionListener@5960a24, org.springframework.test.context.event.ApplicationEventsTestExecutionListener@57922227, org.springframework.test.context.support.DependencyInjectionTestExecutionListener@13dc1199, org.springframework.test.context.support.DirtiesContextTestExecutionListener@5a43fa24, org.springframework.test.context.event.EventPublishingTestExecutionListener@6fb11c62]
12:54:18.006 [TestNG-test=Surefire test-1] INFO  AbstractTestContextBootstrapper - Neither @ContextConfiguration nor @ContextHierarchy found for test class [org.fluentlenium.adapter.testng.SpringTestNGControl], using DelegatingSmartContextLoader
12:54:18.006 [TestNG-test=Surefire test-1] INFO  AbstractContextLoader - Could not detect default resource locations for test class [org.fluentlenium.adapter.testng.SpringTestNGControl]: no resource found for suffixes {-context.xml}.
12:54:18.007 [TestNG-test=Surefire test-1] INFO  AnnotationConfigContextLoaderUtils - Could not detect default configuration classes for test class [org.fluentlenium.adapter.testng.SpringTestNGControl]: SpringTestNGControl does not declare any static, non-private, non-final, nested classes annotated with @Configuration.
12:54:18.008 [TestNG-test=Surefire test-1] INFO  AbstractTestContextBootstrapper - Using TestExecutionListeners: [org.springframework.test.context.support.DirtiesContextBeforeModesTestExecutionListener@449a9251, org.springframework.test.context.event.ApplicationEventsTestExecutionListener@1f28fe99, org.springframework.test.context.support.DependencyInjectionTestExecutionListener@5a819849, org.springframework.test.context.support.DirtiesContextTestExecutionListener@87dbd48, org.springframework.test.context.event.EventPublishingTestExecutionListener@1865be0c]
12:54:18.012 [TestNG-test=Surefire test-1] INFO  AbstractTestContextBootstrapper - Neither @ContextConfiguration nor @ContextHierarchy found for test class [org.fluentlenium.adapter.testng.SpringTestNGControl], using DelegatingSmartContextLoader
12:54:18.012 [TestNG-test=Surefire test-1] INFO  AbstractContextLoader - Could not detect default resource locations for test class [org.fluentlenium.adapter.testng.SpringTestNGControl]: no resource found for suffixes {-context.xml}.
12:54:18.013 [TestNG-test=Surefire test-1] INFO  AnnotationConfigContextLoaderUtils - Could not detect default configuration classes for test class [org.fluentlenium.adapter.testng.SpringTestNGControl]: SpringTestNGControl does not declare any static, non-private, non-final, nested classes annotated with @Configuration.
12:54:18.014 [TestNG-test=Surefire test-1] INFO  AbstractTestContextBootstrapper - Using TestExecutionListeners: [org.springframework.test.context.support.DirtiesContextBeforeModesTestExecutionListener@365b4fd, org.springframework.test.context.event.ApplicationEventsTestExecutionListener@104733ce, org.springframework.test.context.support.DependencyInjectionTestExecutionListener@c9cc029, org.springframework.test.context.support.DirtiesContextTestExecutionListener@1193eb57, org.springframework.test.context.event.EventPublishingTestExecutionListener@3fff67c4]
12:54:18.017 [TestNG-test=Surefire test-1] INFO  AbstractTestContextBootstrapper - Neither @ContextConfiguration nor @ContextHierarchy found for test class [org.fluentlenium.adapter.testng.SpringTestNGControl], using DelegatingSmartContextLoader
12:54:18.018 [TestNG-test=Surefire test-1] INFO  AbstractContextLoader - Could not detect default resource locations for test class [org.fluentlenium.adapter.testng.SpringTestNGControl]: no resource found for suffixes {-context.xml}.
12:54:18.018 [TestNG-test=Surefire test-1] INFO  AnnotationConfigContextLoaderUtils - Could not detect default configuration classes for test class [org.fluentlenium.adapter.testng.SpringTestNGControl]: SpringTestNGControl does not declare any static, non-private, non-final, nested classes annotated with @Configuration.
12:54:18.019 [TestNG-test=Surefire test-1] INFO  AbstractTestContextBootstrapper - Using TestExecutionListeners: [org.springframework.test.context.support.DirtiesContextBeforeModesTestExecutionListener@1e7a44c7, org.springframework.test.context.event.ApplicationEventsTestExecutionListener@366114fd, org.springframework.test.context.support.DependencyInjectionTestExecutionListener@7d05739, org.springframework.test.context.support.DirtiesContextTestExecutionListener@59c25cf4, org.springframework.test.context.event.EventPublishingTestExecutionListener@15527777]
12:54:18.022 [TestNG-test=Surefire test-1] INFO  AbstractTestContextBootstrapper - Neither @ContextConfiguration nor @ContextHierarchy found for test class [org.fluentlenium.adapter.testng.SpringTestNGControl], using DelegatingSmartContextLoader
12:54:18.023 [TestNG-test=Surefire test-1] INFO  AbstractContextLoader - Could not detect default resource locations for test class [org.fluentlenium.adapter.testng.SpringTestNGControl]: no resource found for suffixes {-context.xml}.
12:54:18.023 [TestNG-test=Surefire test-1] INFO  AnnotationConfigContextLoaderUtils - Could not detect default configuration classes for test class [org.fluentlenium.adapter.testng.SpringTestNGControl]: SpringTestNGControl does not declare any static, non-private, non-final, nested classes annotated with @Configuration.
12:54:18.024 [TestNG-test=Surefire test-1] INFO  AbstractTestContextBootstrapper - Using TestExecutionListeners: [org.springframework.test.context.support.DirtiesContextBeforeModesTestExecutionListener@4f0c688b, org.springframework.test.context.event.ApplicationEventsTestExecutionListener@3809ddc8, org.springframework.test.context.support.DependencyInjectionTestExecutionListener@782c1462, org.springframework.test.context.support.DirtiesContextTestExecutionListener@5b38b527, org.springframework.test.context.event.EventPublishingTestExecutionListener@775cc6fb]
12:54:18.028 [TestNG-test=Surefire test-1] INFO  AbstractTestContextBootstrapper - Neither @ContextConfiguration nor @ContextHierarchy found for test class [org.fluentlenium.adapter.testng.SpringTestNGControl], using DelegatingSmartContextLoader
12:54:18.029 [TestNG-test=Surefire test-1] INFO  AbstractContextLoader - Could not detect default resource locations for test class [org.fluentlenium.adapter.testng.SpringTestNGControl]: no resource found for suffixes {-context.xml}.
12:54:18.030 [TestNG-test=Surefire test-1] INFO  AnnotationConfigContextLoaderUtils - Could not detect default configuration classes for test class [org.fluentlenium.adapter.testng.SpringTestNGControl]: SpringTestNGControl does not declare any static, non-private, non-final, nested classes annotated with @Configuration.
12:54:18.031 [TestNG-test=Surefire test-1] INFO  AbstractTestContextBootstrapper - Using TestExecutionListeners: [org.springframework.test.context.support.DirtiesContextBeforeModesTestExecutionListener@fc001e4, org.springframework.test.context.event.ApplicationEventsTestExecutionListener@70a132db, org.springframework.test.context.support.DependencyInjectionTestExecutionListener@28f7e30d, org.springframework.test.context.support.DirtiesContextTestExecutionListener@57ec625a, org.springframework.test.context.event.EventPublishingTestExecutionListener@58ac8662]
12:54:18.034 [TestNG-test=Surefire test-1] INFO  AbstractTestContextBootstrapper - Neither @ContextConfiguration nor @ContextHierarchy found for test class [org.fluentlenium.adapter.testng.SpringTestNGControl], using DelegatingSmartContextLoader
12:54:18.035 [TestNG-test=Surefire test-1] INFO  AbstractContextLoader - Could not detect default resource locations for test class [org.fluentlenium.adapter.testng.SpringTestNGControl]: no resource found for suffixes {-context.xml}.
12:54:18.035 [TestNG-test=Surefire test-1] INFO  AnnotationConfigContextLoaderUtils - Could not detect default configuration classes for test class [org.fluentlenium.adapter.testng.SpringTestNGControl]: SpringTestNGControl does not declare any static, non-private, non-final, nested classes annotated with @Configuration.
12:54:18.036 [TestNG-test=Surefire test-1] INFO  AbstractTestContextBootstrapper - Using TestExecutionListeners: [org.springframework.test.context.support.DirtiesContextBeforeModesTestExecutionListener@24ea800d, org.springframework.test.context.event.ApplicationEventsTestExecutionListener@1ad63bef, org.springframework.test.context.support.DependencyInjectionTestExecutionListener@6afa1659, org.springframework.test.context.support.DirtiesContextTestExecutionListener@792f67ac, org.springframework.test.context.event.EventPublishingTestExecutionListener@9b56a6c]
12:54:18.043 [TestNG-test=Surefire test-1] INFO  AbstractTestContextBootstrapper - Neither @ContextConfiguration nor @ContextHierarchy found for test class [org.fluentlenium.adapter.testng.SpringTestNGControl], using DelegatingSmartContextLoader
12:54:18.043 [TestNG-test=Surefire test-1] INFO  AbstractContextLoader - Could not detect default resource locations for test class [org.fluentlenium.adapter.testng.SpringTestNGControl]: no resource found for suffixes {-context.xml}.
12:54:18.043 [TestNG-test=Surefire test-1] INFO  AnnotationConfigContextLoaderUtils - Could not detect default configuration classes for test class [org.fluentlenium.adapter.testng.SpringTestNGControl]: SpringTestNGControl does not declare any static, non-private, non-final, nested classes annotated with @Configuration.
12:54:18.045 [TestNG-test=Surefire test-1] INFO  AbstractTestContextBootstrapper - Using TestExecutionListeners: [org.springframework.test.context.support.DirtiesContextBeforeModesTestExecutionListener@6426844a, org.springframework.test.context.event.ApplicationEventsTestExecutionListener@5f352a25, org.springframework.test.context.support.DependencyInjectionTestExecutionListener@7bbc24ef, org.springframework.test.context.support.DirtiesContextTestExecutionListener@10264eec, org.springframework.test.context.event.EventPublishingTestExecutionListener@40f29c76]
12:54:18.048 [TestNG-test=Surefire test-1] INFO  AbstractTestContextBootstrapper - Neither @ContextConfiguration nor @ContextHierarchy found for test class [org.fluentlenium.adapter.testng.SpringTestNGControl], using DelegatingSmartContextLoader
12:54:18.048 [TestNG-test=Surefire test-1] INFO  AbstractContextLoader - Could not detect default resource locations for test class [org.fluentlenium.adapter.testng.SpringTestNGControl]: no resource found for suffixes {-context.xml}.
12:54:18.049 [TestNG-test=Surefire test-1] INFO  AnnotationConfigContextLoaderUtils - Could not detect default configuration classes for test class [org.fluentlenium.adapter.testng.SpringTestNGControl]: SpringTestNGControl does not declare any static, non-private, non-final, nested classes annotated with @Configuration.
12:54:18.050 [TestNG-test=Surefire test-1] INFO  AbstractTestContextBootstrapper - Using TestExecutionListeners: [org.springframework.test.context.support.DirtiesContextBeforeModesTestExecutionListener@1a09258c, org.springframework.test.context.event.ApplicationEventsTestExecutionListener@4a9771fb, org.springframework.test.context.support.DependencyInjectionTestExecutionListener@4f8c2af8, org.springframework.test.context.support.DirtiesContextTestExecutionListener@45e563e8, org.springframework.test.context.event.EventPublishingTestExecutionListener@16130b9d]
12:54:18.054 [TestNG-test=Surefire test-1] INFO  AbstractTestContextBootstrapper - Neither @ContextConfiguration nor @ContextHierarchy found for test class [org.fluentlenium.adapter.testng.SpringTestNGControl], using DelegatingSmartContextLoader
12:54:18.055 [TestNG-test=Surefire test-1] INFO  AbstractContextLoader - Could not detect default resource locations for test class [org.fluentlenium.adapter.testng.SpringTestNGControl]: no resource found for suffixes {-context.xml}.
12:54:18.055 [TestNG-test=Surefire test-1] INFO  AnnotationConfigContextLoaderUtils - Could not detect default configuration classes for test class [org.fluentlenium.adapter.testng.SpringTestNGControl]: SpringTestNGControl does not declare any static, non-private, non-final, nested classes annotated with @Configuration.
12:54:18.057 [TestNG-test=Surefire test-1] INFO  AbstractTestContextBootstrapper - Using TestExecutionListeners: [org.springframework.test.context.support.DirtiesContextBeforeModesTestExecutionListener@23e6468, org.springframework.test.context.event.ApplicationEventsTestExecutionListener@17b35de5, org.springframework.test.context.support.DependencyInjectionTestExecutionListener@3c64fc59, org.springframework.test.context.support.DirtiesContextTestExecutionListener@7f0c230a, org.springframework.test.context.event.EventPublishingTestExecutionListener@e6005a7]
12:54:18.079 [TestNG-test=Surefire test-1] INFO  AbstractTestContextBootstrapper - Neither @ContextConfiguration nor @ContextHierarchy found for test class [org.fluentlenium.adapter.testng.SpringTestNGControl], using DelegatingSmartContextLoader
12:54:18.079 [TestNG-test=Surefire test-1] INFO  AbstractContextLoader - Could not detect default resource locations for test class [org.fluentlenium.adapter.testng.SpringTestNGControl]: no resource found for suffixes {-context.xml}.
12:54:18.080 [TestNG-test=Surefire test-1] INFO  AnnotationConfigContextLoaderUtils - Could not detect default configuration classes for test class [org.fluentlenium.adapter.testng.SpringTestNGControl]: SpringTestNGControl does not declare any static, non-private, non-final, nested classes annotated with @Configuration.
12:54:18.081 [TestNG-test=Surefire test-1] INFO  AbstractTestContextBootstrapper - Using TestExecutionListeners: [org.springframework.test.context.support.DirtiesContextBeforeModesTestExecutionListener@2bad7dc1, org.springframework.test.context.event.ApplicationEventsTestExecutionListener@4229fd62, org.springframework.test.context.support.DependencyInjectionTestExecutionListener@625f586f, org.springframework.test.context.support.DirtiesContextTestExecutionListener@6bcdceb5, org.springframework.test.context.event.EventPublishingTestExecutionListener@2b4ee578]
12:54:18.084 [TestNG-test=Surefire test-1] INFO  AbstractTestContextBootstrapper - Neither @ContextConfiguration nor @ContextHierarchy found for test class [org.fluentlenium.adapter.testng.SpringTestNGControl], using DelegatingSmartContextLoader
12:54:18.085 [TestNG-test=Surefire test-1] INFO  AbstractContextLoader - Could not detect default resource locations for test class [org.fluentlenium.adapter.testng.SpringTestNGControl]: no resource found for suffixes {-context.xml}.
12:54:18.085 [TestNG-test=Surefire test-1] INFO  AnnotationConfigContextLoaderUtils - Could not detect default configuration classes for test class [org.fluentlenium.adapter.testng.SpringTestNGControl]: SpringTestNGControl does not declare any static, non-private, non-final, nested classes annotated with @Configuration.
12:54:18.087 [TestNG-test=Surefire test-1] INFO  AbstractTestContextBootstrapper - Using TestExecutionListeners: [org.springframework.test.context.support.DirtiesContextBeforeModesTestExecutionListener@7d783e22, org.springframework.test.context.event.ApplicationEventsTestExecutionListener@4c87c10c, org.springframework.test.context.support.DependencyInjectionTestExecutionListener@4a071bdb, org.springframework.test.context.support.DirtiesContextTestExecutionListener@6134bfb1, org.springframework.test.context.event.EventPublishingTestExecutionListener@5d81149b]
12:54:18.092 [TestNG-test=Surefire test-1] INFO  AbstractTestContextBootstrapper - Neither @ContextConfiguration nor @ContextHierarchy found for test class [org.fluentlenium.adapter.testng.SpringTestNGControl], using DelegatingSmartContextLoader
12:54:18.092 [TestNG-test=Surefire test-1] INFO  AbstractContextLoader - Could not detect default resource locations for test class [org.fluentlenium.adapter.testng.SpringTestNGControl]: no resource found for suffixes {-context.xml}.
12:54:18.093 [TestNG-test=Surefire test-1] INFO  AnnotationConfigContextLoaderUtils - Could not detect default configuration classes for test class [org.fluentlenium.adapter.testng.SpringTestNGControl]: SpringTestNGControl does not declare any static, non-private, non-final, nested classes annotated with @Configuration.
12:54:18.094 [TestNG-test=Surefire test-1] INFO  AbstractTestContextBootstrapper - Using TestExecutionListeners: [org.springframework.test.context.support.DirtiesContextBeforeModesTestExecutionListener@325faece, org.springframework.test.context.event.ApplicationEventsTestExecutionListener@52c06b54, org.springframework.test.context.support.DependencyInjectionTestExecutionListener@3767dccf, org.springframework.test.context.support.DirtiesContextTestExecutionListener@fdbf1d1, org.springframework.test.context.event.EventPublishingTestExecutionListener@40bd173a]
12:54:18.106 [TestNG-test=Surefire test-1] INFO  AbstractTestContextBootstrapper - Neither @ContextConfiguration nor @ContextHierarchy found for test class [org.fluentlenium.adapter.testng.SpringTestNGControl], using DelegatingSmartContextLoader
12:54:18.107 [TestNG-test=Surefire test-1] INFO  AbstractContextLoader - Could not detect default resource locations for test class [org.fluentlenium.adapter.testng.SpringTestNGControl]: no resource found for suffixes {-context.xml}.
12:54:18.107 [TestNG-test=Surefire test-1] INFO  AnnotationConfigContextLoaderUtils - Could not detect default configuration classes for test class [org.fluentlenium.adapter.testng.SpringTestNGControl]: SpringTestNGControl does not declare any static, non-private, non-final, nested classes annotated with @Configuration.
12:54:18.108 [TestNG-test=Surefire test-1] INFO  AbstractTestContextBootstrapper - Using TestExecutionListeners: [org.springframework.test.context.support.DirtiesContextBeforeModesTestExecutionListener@34aa1145, org.springframework.test.context.event.ApplicationEventsTestExecutionListener@a544863, org.springframework.test.context.support.DependencyInjectionTestExecutionListener@78b63dd7, org.springframework.test.context.support.DirtiesContextTestExecutionListener@74dbcbf6, org.springframework.test.context.event.EventPublishingTestExecutionListener@101fdc11]
12:54:18.113 [TestNG-test=Surefire test-1] INFO  AbstractTestContextBootstrapper - Neither @ContextConfiguration nor @ContextHierarchy found for test class [org.fluentlenium.adapter.testng.SpringTestNGControl], using DelegatingSmartContextLoader
12:54:18.114 [TestNG-test=Surefire test-1] INFO  AbstractContextLoader - Could not detect default resource locations for test class [org.fluentlenium.adapter.testng.SpringTestNGControl]: no resource found for suffixes {-context.xml}.
12:54:18.114 [TestNG-test=Surefire test-1] INFO  AnnotationConfigContextLoaderUtils - Could not detect default configuration classes for test class [org.fluentlenium.adapter.testng.SpringTestNGControl]: SpringTestNGControl does not declare any static, non-private, non-final, nested classes annotated with @Configuration.
12:54:18.116 [TestNG-test=Surefire test-1] INFO  AbstractTestContextBootstrapper - Using TestExecutionListeners: [org.springframework.test.context.support.DirtiesContextBeforeModesTestExecutionListener@3ddc4a57, org.springframework.test.context.event.ApplicationEventsTestExecutionListener@528fcf86, org.springframework.test.context.support.DependencyInjectionTestExecutionListener@629f0474, org.springframework.test.context.support.DirtiesContextTestExecutionListener@56ef7e37, org.springframework.test.context.event.EventPublishingTestExecutionListener@93e084f]
12:54:18.119 [TestNG-test=Surefire test-1] INFO  AbstractTestContextBootstrapper - Neither @ContextConfiguration nor @ContextHierarchy found for test class [org.fluentlenium.adapter.testng.SpringTestNGControl], using DelegatingSmartContextLoader
12:54:18.120 [TestNG-test=Surefire test-1] INFO  AbstractContextLoader - Could not detect default resource locations for test class [org.fluentlenium.adapter.testng.SpringTestNGControl]: no resource found for suffixes {-context.xml}.
12:54:18.120 [TestNG-test=Surefire test-1] INFO  AnnotationConfigContextLoaderUtils - Could not detect default configuration classes for test class [org.fluentlenium.adapter.testng.SpringTestNGControl]: SpringTestNGControl does not declare any static, non-private, non-final, nested classes annotated with @Configuration.
12:54:18.122 [TestNG-test=Surefire test-1] INFO  AbstractTestContextBootstrapper - Using TestExecutionListeners: [org.springframework.test.context.support.DirtiesContextBeforeModesTestExecutionListener@51b83839, org.springframework.test.context.event.ApplicationEventsTestExecutionListener@7316c4bc, org.springframework.test.context.support.DependencyInjectionTestExecutionListener@14b31dba, org.springframework.test.context.support.DirtiesContextTestExecutionListener@550a71dc, org.springframework.test.context.event.EventPublishingTestExecutionListener@4563f2b4]
12:54:18.124 [TestNG-test=Surefire test-1] INFO  AbstractTestContextBootstrapper - Neither @ContextConfiguration nor @ContextHierarchy found for test class [org.fluentlenium.adapter.testng.SpringTestNGControl], using DelegatingSmartContextLoader
12:54:18.126 [TestNG-test=Surefire test-1] INFO  AbstractContextLoader - Could not detect default resource locations for test class [org.fluentlenium.adapter.testng.SpringTestNGControl]: no resource found for suffixes {-context.xml}.
12:54:18.126 [TestNG-test=Surefire test-1] INFO  AnnotationConfigContextLoaderUtils - Could not detect default configuration classes for test class [org.fluentlenium.adapter.testng.SpringTestNGControl]: SpringTestNGControl does not declare any static, non-private, non-final, nested classes annotated with @Configuration.
12:54:18.128 [TestNG-test=Surefire test-1] INFO  AbstractTestContextBootstrapper - Using TestExecutionListeners: [org.springframework.test.context.support.DirtiesContextBeforeModesTestExecutionListener@15326212, org.springframework.test.context.event.ApplicationEventsTestExecutionListener@7afa1552, org.springframework.test.context.support.DependencyInjectionTestExecutionListener@5d8e1dcc, org.springframework.test.context.support.DirtiesContextTestExecutionListener@123ddb30, org.springframework.test.context.event.EventPublishingTestExecutionListener@14990997]
12:54:18.131 [TestNG-test=Surefire test-1] INFO  AbstractTestContextBootstrapper - Neither @ContextConfiguration nor @ContextHierarchy found for test class [org.fluentlenium.adapter.testng.SpringTestNGControl], using DelegatingSmartContextLoader
12:54:18.132 [TestNG-test=Surefire test-1] INFO  AbstractContextLoader - Could not detect default resource locations for test class [org.fluentlenium.adapter.testng.SpringTestNGControl]: no resource found for suffixes {-context.xml}.
12:54:18.132 [TestNG-test=Surefire test-1] INFO  AnnotationConfigContextLoaderUtils - Could not detect default configuration classes for test class [org.fluentlenium.adapter.testng.SpringTestNGControl]: SpringTestNGControl does not declare any static, non-private, non-final, nested classes annotated with @Configuration.
12:54:18.134 [TestNG-test=Surefire test-1] INFO  AbstractTestContextBootstrapper - Using TestExecutionListeners: [org.springframework.test.context.support.DirtiesContextBeforeModesTestExecutionListener@46c094ee, org.springframework.test.context.event.ApplicationEventsTestExecutionListener@af3e17, org.springframework.test.context.support.DependencyInjectionTestExecutionListener@4c2afb83, org.springframework.test.context.support.DirtiesContextTestExecutionListener@43d55209, org.springframework.test.context.event.EventPublishingTestExecutionListener@1f0d979]
12:54:18.142 [TestNG-test=Surefire test-1] INFO  AbstractTestContextBootstrapper - Neither @ContextConfiguration nor @ContextHierarchy found for test class [org.fluentlenium.adapter.testng.SpringTestNGControl], using DelegatingSmartContextLoader
12:54:18.143 [TestNG-test=Surefire test-1] INFO  AbstractContextLoader - Could not detect default resource locations for test class [org.fluentlenium.adapter.testng.SpringTestNGControl]: no resource found for suffixes {-context.xml}.
12:54:18.143 [TestNG-test=Surefire test-1] INFO  AnnotationConfigContextLoaderUtils - Could not detect default configuration classes for test class [org.fluentlenium.adapter.testng.SpringTestNGControl]: SpringTestNGControl does not declare any static, non-private, non-final, nested classes annotated with @Configuration.
12:54:18.145 [TestNG-test=Surefire test-1] INFO  AbstractTestContextBootstrapper - Using TestExecutionListeners: [org.springframework.test.context.support.DirtiesContextBeforeModesTestExecutionListener@51237f1c, org.springframework.test.context.event.ApplicationEventsTestExecutionListener@67fb8a5, org.springframework.test.context.support.DependencyInjectionTestExecutionListener@2c3fddb3, org.springframework.test.context.support.DirtiesContextTestExecutionListener@28039cba, org.springframework.test.context.event.EventPublishingTestExecutionListener@6212dd39]
12:54:18.147 [TestNG-test=Surefire test-1] INFO  AbstractTestContextBootstrapper - Neither @ContextConfiguration nor @ContextHierarchy found for test class [org.fluentlenium.adapter.testng.SpringTestNGControl], using DelegatingSmartContextLoader
12:54:18.148 [TestNG-test=Surefire test-1] INFO  AbstractContextLoader - Could not detect default resource locations for test class [org.fluentlenium.adapter.testng.SpringTestNGControl]: no resource found for suffixes {-context.xml}.
12:54:18.148 [TestNG-test=Surefire test-1] INFO  AnnotationConfigContextLoaderUtils - Could not detect default configuration classes for test class [org.fluentlenium.adapter.testng.SpringTestNGControl]: SpringTestNGControl does not declare any static, non-private, non-final, nested classes annotated with @Configuration.
12:54:18.149 [TestNG-test=Surefire test-1] INFO  AbstractTestContextBootstrapper - Using TestExecutionListeners: [org.springframework.test.context.support.DirtiesContextBeforeModesTestExecutionListener@37663ae2, org.springframework.test.context.event.ApplicationEventsTestExecutionListener@3a5aa1a6, org.springframework.test.context.support.DependencyInjectionTestExecutionListener@3fb82e39, org.springframework.test.context.support.DirtiesContextTestExecutionListener@5393db4, org.springframework.test.context.event.EventPublishingTestExecutionListener@38ea6db]
12:54:18.153 [TestNG-test=Surefire test-1] INFO  AbstractTestContextBootstrapper - Neither @ContextConfiguration nor @ContextHierarchy found for test class [org.fluentlenium.adapter.testng.SpringTestNGControl], using DelegatingSmartContextLoader
12:54:18.153 [TestNG-test=Surefire test-1] INFO  AbstractContextLoader - Could not detect default resource locations for test class [org.fluentlenium.adapter.testng.SpringTestNGControl]: no resource found for suffixes {-context.xml}.
12:54:18.154 [TestNG-test=Surefire test-1] INFO  AnnotationConfigContextLoaderUtils - Could not detect default configuration classes for test class [org.fluentlenium.adapter.testng.SpringTestNGControl]: SpringTestNGControl does not declare any static, non-private, non-final, nested classes annotated with @Configuration.
12:54:18.155 [TestNG-test=Surefire test-1] INFO  AbstractTestContextBootstrapper - Using TestExecutionListeners: [org.springframework.test.context.support.DirtiesContextBeforeModesTestExecutionListener@72fccfc5, org.springframework.test.context.event.ApplicationEventsTestExecutionListener@3a18daaa, org.springframework.test.context.support.DependencyInjectionTestExecutionListener@466ef17e, org.springframework.test.context.support.DirtiesContextTestExecutionListener@3bed2081, org.springframework.test.context.event.EventPublishingTestExecutionListener@2ffb52de]
12:54:18.159 [TestNG-test=Surefire test-1] INFO  AbstractTestContextBootstrapper - Neither @ContextConfiguration nor @ContextHierarchy found for test class [org.fluentlenium.adapter.testng.SpringTestNGControl], using DelegatingSmartContextLoader
12:54:18.159 [TestNG-test=Surefire test-1] INFO  AbstractContextLoader - Could not detect default resource locations for test class [org.fluentlenium.adapter.testng.SpringTestNGControl]: no resource found for suffixes {-context.xml}.
12:54:18.160 [TestNG-test=Surefire test-1] INFO  AnnotationConfigContextLoaderUtils - Could not detect default configuration classes for test class [org.fluentlenium.adapter.testng.SpringTestNGControl]: SpringTestNGControl does not declare any static, non-private, non-final, nested classes annotated with @Configuration.
12:54:18.161 [TestNG-test=Surefire test-1] INFO  AbstractTestContextBootstrapper - Using TestExecutionListeners: [org.springframework.test.context.support.DirtiesContextBeforeModesTestExecutionListener@3dc8bf7c, org.springframework.test.context.event.ApplicationEventsTestExecutionListener@2b620b95, org.springframework.test.context.support.DependencyInjectionTestExecutionListener@70377e48, org.springframework.test.context.support.DirtiesContextTestExecutionListener@6a0de5cc, org.springframework.test.context.event.EventPublishingTestExecutionListener@12c684ae]
12:54:18.164 [TestNG-test=Surefire test-1] INFO  AbstractTestContextBootstrapper - Neither @ContextConfiguration nor @ContextHierarchy found for test class [org.fluentlenium.adapter.testng.SpringTestNGControl], using DelegatingSmartContextLoader
12:54:18.165 [TestNG-test=Surefire test-1] INFO  AbstractContextLoader - Could not detect default resource locations for test class [org.fluentlenium.adapter.testng.SpringTestNGControl]: no resource found for suffixes {-context.xml}.
12:54:18.165 [TestNG-test=Surefire test-1] INFO  AnnotationConfigContextLoaderUtils - Could not detect default configuration classes for test class [org.fluentlenium.adapter.testng.SpringTestNGControl]: SpringTestNGControl does not declare any static, non-private, non-final, nested classes annotated with @Configuration.
12:54:18.166 [TestNG-test=Surefire test-1] INFO  AbstractTestContextBootstrapper - Using TestExecutionListeners: [org.springframework.test.context.support.DirtiesContextBeforeModesTestExecutionListener@47a42f7d, org.springframework.test.context.event.ApplicationEventsTestExecutionListener@3d4d401d, org.springframework.test.context.support.DependencyInjectionTestExecutionListener@17f9a193, org.springframework.test.context.support.DirtiesContextTestExecutionListener@20a8789, org.springframework.test.context.event.EventPublishingTestExecutionListener@64339f72]
12:54:18.169 [TestNG-test=Surefire test-1] INFO  AbstractTestContextBootstrapper - Neither @ContextConfiguration nor @ContextHierarchy found for test class [org.fluentlenium.adapter.testng.SpringTestNGControl], using DelegatingSmartContextLoader
12:54:18.169 [TestNG-test=Surefire test-1] INFO  AbstractContextLoader - Could not detect default resource locations for test class [org.fluentlenium.adapter.testng.SpringTestNGControl]: no resource found for suffixes {-context.xml}.
12:54:18.170 [TestNG-test=Surefire test-1] INFO  AnnotationConfigContextLoaderUtils - Could not detect default configuration classes for test class [org.fluentlenium.adapter.testng.SpringTestNGControl]: SpringTestNGControl does not declare any static, non-private, non-final, nested classes annotated with @Configuration.
12:54:18.171 [TestNG-test=Surefire test-1] INFO  AbstractTestContextBootstrapper - Using TestExecutionListeners: [org.springframework.test.context.support.DirtiesContextBeforeModesTestExecutionListener@7fb6839f, org.springframework.test.context.event.ApplicationEventsTestExecutionListener@32d5ab03, org.springframework.test.context.support.DependencyInjectionTestExecutionListener@1d100539, org.springframework.test.context.support.DirtiesContextTestExecutionListener@67a8c1f1, org.springframework.test.context.event.EventPublishingTestExecutionListener@2cc90ce0]
12:54:18.174 [TestNG-test=Surefire test-1] INFO  AbstractTestContextBootstrapper - Neither @ContextConfiguration nor @ContextHierarchy found for test class [org.fluentlenium.adapter.testng.SpringTestNGControl], using DelegatingSmartContextLoader
12:54:18.174 [TestNG-test=Surefire test-1] INFO  AbstractContextLoader - Could not detect default resource locations for test class [org.fluentlenium.adapter.testng.SpringTestNGControl]: no resource found for suffixes {-context.xml}.
12:54:18.175 [TestNG-test=Surefire test-1] INFO  AnnotationConfigContextLoaderUtils - Could not detect default configuration classes for test class [org.fluentlenium.adapter.testng.SpringTestNGControl]: SpringTestNGControl does not declare any static, non-private, non-final, nested classes annotated with @Configuration.
12:54:18.176 [TestNG-test=Surefire test-1] INFO  AbstractTestContextBootstrapper - Using TestExecutionListeners: [org.springframework.test.context.support.DirtiesContextBeforeModesTestExecutionListener@2f63ad55, org.springframework.test.context.event.ApplicationEventsTestExecutionListener@5e49f9cd, org.springframework.test.context.support.DependencyInjectionTestExecutionListener@1adb618a, org.springframework.test.context.support.DirtiesContextTestExecutionListener@619ec477, org.springframework.test.context.event.EventPublishingTestExecutionListener@5325c414]
12:54:18.356 [TestNG-test=Surefire test-1] INFO  AbstractTestContextBootstrapper - Neither @ContextConfiguration nor @ContextHierarchy found for test class [org.fluentlenium.adapter.testng.SpringTestNGControl], using DelegatingSmartContextLoader
12:54:18.357 [TestNG-test=Surefire test-1] INFO  AbstractContextLoader - Could not detect default resource locations for test class [org.fluentlenium.adapter.testng.SpringTestNGControl]: no resource found for suffixes {-context.xml}.
12:54:18.357 [TestNG-test=Surefire test-1] INFO  AnnotationConfigContextLoaderUtils - Could not detect default configuration classes for test class [org.fluentlenium.adapter.testng.SpringTestNGControl]: SpringTestNGControl does not declare any static, non-private, non-final, nested classes annotated with @Configuration.
12:54:18.358 [TestNG-test=Surefire test-1] INFO  AbstractTestContextBootstrapper - Using TestExecutionListeners: [org.springframework.test.context.support.DirtiesContextBeforeModesTestExecutionListener@661d7b70, org.springframework.test.context.event.ApplicationEventsTestExecutionListener@6c6d7beb, org.springframework.test.context.support.DependencyInjectionTestExecutionListener@5fb50474, org.springframework.test.context.support.DirtiesContextTestExecutionListener@49e6398f, org.springframework.test.context.event.EventPublishingTestExecutionListener@442d1d38]
12:54:18.361 [TestNG-test=Surefire test-1] INFO  AbstractTestContextBootstrapper - Neither @ContextConfiguration nor @ContextHierarchy found for test class [org.fluentlenium.adapter.testng.SpringTestNGControl], using DelegatingSmartContextLoader
12:54:18.361 [TestNG-test=Surefire test-1] INFO  AbstractContextLoader - Could not detect default resource locations for test class [org.fluentlenium.adapter.testng.SpringTestNGControl]: no resource found for suffixes {-context.xml}.
12:54:18.362 [TestNG-test=Surefire test-1] INFO  AnnotationConfigContextLoaderUtils - Could not detect default configuration classes for test class [org.fluentlenium.adapter.testng.SpringTestNGControl]: SpringTestNGControl does not declare any static, non-private, non-final, nested classes annotated with @Configuration.
12:54:18.363 [TestNG-test=Surefire test-1] INFO  AbstractTestContextBootstrapper - Using TestExecutionListeners: [org.springframework.test.context.support.DirtiesContextBeforeModesTestExecutionListener@6fa4c161, org.springframework.test.context.event.ApplicationEventsTestExecutionListener@5021545f, org.springframework.test.context.support.DependencyInjectionTestExecutionListener@4e927e21, org.springframework.test.context.support.DirtiesContextTestExecutionListener@33b871fe, org.springframework.test.context.event.EventPublishingTestExecutionListener@7ade0121]
12:54:18.366 [TestNG-test=Surefire test-1] INFO  AbstractTestContextBootstrapper - Neither @ContextConfiguration nor @ContextHierarchy found for test class [org.fluentlenium.adapter.testng.SpringTestNGControl], using DelegatingSmartContextLoader
12:54:18.366 [TestNG-test=Surefire test-1] INFO  AbstractContextLoader - Could not detect default resource locations for test class [org.fluentlenium.adapter.testng.SpringTestNGControl]: no resource found for suffixes {-context.xml}.
12:54:18.366 [TestNG-test=Surefire test-1] INFO  AnnotationConfigContextLoaderUtils - Could not detect default configuration classes for test class [org.fluentlenium.adapter.testng.SpringTestNGControl]: SpringTestNGControl does not declare any static, non-private, non-final, nested classes annotated with @Configuration.
12:54:18.368 [TestNG-test=Surefire test-1] INFO  AbstractTestContextBootstrapper - Using TestExecutionListeners: [org.springframework.test.context.support.DirtiesContextBeforeModesTestExecutionListener@6e9c23d4, org.springframework.test.context.event.ApplicationEventsTestExecutionListener@8515c97, org.springframework.test.context.support.DependencyInjectionTestExecutionListener@6884f2c9, org.springframework.test.context.support.DirtiesContextTestExecutionListener@762c93f3, org.springframework.test.context.event.EventPublishingTestExecutionListener@79218c61]
12:54:18.377 [TestNG-test=Surefire test-1] INFO  AbstractTestContextBootstrapper - Neither @ContextConfiguration nor @ContextHierarchy found for test class [org.fluentlenium.adapter.testng.SpringTestNGControl], using DelegatingSmartContextLoader
12:54:18.377 [TestNG-test=Surefire test-1] INFO  AbstractContextLoader - Could not detect default resource locations for test class [org.fluentlenium.adapter.testng.SpringTestNGControl]: no resource found for suffixes {-context.xml}.
12:54:18.377 [TestNG-test=Surefire test-1] INFO  AnnotationConfigContextLoaderUtils - Could not detect default configuration classes for test class [org.fluentlenium.adapter.testng.SpringTestNGControl]: SpringTestNGControl does not declare any static, non-private, non-final, nested classes annotated with @Configuration.
12:54:18.378 [TestNG-test=Surefire test-1] INFO  AbstractTestContextBootstrapper - Using TestExecutionListeners: [org.springframework.test.context.support.DirtiesContextBeforeModesTestExecutionListener@7b8d9aa1, org.springframework.test.context.event.ApplicationEventsTestExecutionListener@22434138, org.springframework.test.context.support.DependencyInjectionTestExecutionListener@899ee73, org.springframework.test.context.support.DirtiesContextTestExecutionListener@27ad1bb8, org.springframework.test.context.event.EventPublishingTestExecutionListener@30e2c57e]
12:54:18.381 [TestNG-test=Surefire test-1] INFO  AbstractTestContextBootstrapper - Neither @ContextConfiguration nor @ContextHierarchy found for test class [org.fluentlenium.adapter.testng.SpringTestNGControl], using DelegatingSmartContextLoader
12:54:18.381 [TestNG-test=Surefire test-1] INFO  AbstractContextLoader - Could not detect default resource locations for test class [org.fluentlenium.adapter.testng.SpringTestNGControl]: no resource found for suffixes {-context.xml}.
12:54:18.381 [TestNG-test=Surefire test-1] INFO  AnnotationConfigContextLoaderUtils - Could not detect default configuration classes for test class [org.fluentlenium.adapter.testng.SpringTestNGControl]: SpringTestNGControl does not declare any static, non-private, non-final, nested classes annotated with @Configuration.
12:54:18.383 [TestNG-test=Surefire test-1] INFO  AbstractTestContextBootstrapper - Using TestExecutionListeners: [org.springframework.test.context.support.DirtiesContextBeforeModesTestExecutionListener@ada2d20, org.springframework.test.context.event.ApplicationEventsTestExecutionListener@1c437fda, org.springframework.test.context.support.DependencyInjectionTestExecutionListener@1892d882, org.springframework.test.context.support.DirtiesContextTestExecutionListener@25b6884e, org.springframework.test.context.event.EventPublishingTestExecutionListener@7e5e12f5]
12:54:18.386 [TestNG-test=Surefire test-1] INFO  AbstractTestContextBootstrapper - Neither @ContextConfiguration nor @ContextHierarchy found for test class [org.fluentlenium.adapter.testng.SpringTestNGControl], using DelegatingSmartContextLoader
12:54:18.386 [TestNG-test=Surefire test-1] INFO  AbstractContextLoader - Could not detect default resource locations for test class [org.fluentlenium.adapter.testng.SpringTestNGControl]: no resource found for suffixes {-context.xml}.
12:54:18.386 [TestNG-test=Surefire test-1] INFO  AnnotationConfigContextLoaderUtils - Could not detect default configuration classes for test class [org.fluentlenium.adapter.testng.SpringTestNGControl]: SpringTestNGControl does not declare any static, non-private, non-final, nested classes annotated with @Configuration.
12:54:18.388 [TestNG-test=Surefire test-1] INFO  AbstractTestContextBootstrapper - Using TestExecutionListeners: [org.springframework.test.context.support.DirtiesContextBeforeModesTestExecutionListener@5cc62940, org.springframework.test.context.event.ApplicationEventsTestExecutionListener@3530383a, org.springframework.test.context.support.DependencyInjectionTestExecutionListener@c650a91, org.springframework.test.context.support.DirtiesContextTestExecutionListener@6daff5bb, org.springframework.test.context.event.EventPublishingTestExecutionListener@ce5d67]
12:54:18.393 [TestNG-test=Surefire test-1] INFO  AbstractTestContextBootstrapper - Neither @ContextConfiguration nor @ContextHierarchy found for test class [org.fluentlenium.adapter.testng.SpringTestNGControl], using DelegatingSmartContextLoader
12:54:18.393 [TestNG-test=Surefire test-1] INFO  AbstractContextLoader - Could not detect default resource locations for test class [org.fluentlenium.adapter.testng.SpringTestNGControl]: no resource found for suffixes {-context.xml}.
12:54:18.393 [TestNG-test=Surefire test-1] INFO  AnnotationConfigContextLoaderUtils - Could not detect default configuration classes for test class [org.fluentlenium.adapter.testng.SpringTestNGControl]: SpringTestNGControl does not declare any static, non-private, non-final, nested classes annotated with @Configuration.
12:54:18.395 [TestNG-test=Surefire test-1] INFO  AbstractTestContextBootstrapper - Using TestExecutionListeners: [org.springframework.test.context.support.DirtiesContextBeforeModesTestExecutionListener@54951772, org.springframework.test.context.event.ApplicationEventsTestExecutionListener@a9cfb3e, org.springframework.test.context.support.DependencyInjectionTestExecutionListener@33a60ac, org.springframework.test.context.support.DirtiesContextTestExecutionListener@7a0e18d4, org.springframework.test.context.event.EventPublishingTestExecutionListener@6dcae60]
12:54:18.398 [TestNG-test=Surefire test-1] INFO  AbstractTestContextBootstrapper - Neither @ContextConfiguration nor @ContextHierarchy found for test class [org.fluentlenium.adapter.testng.SpringTestNGControl], using DelegatingSmartContextLoader
12:54:18.398 [TestNG-test=Surefire test-1] INFO  AbstractContextLoader - Could not detect default resource locations for test class [org.fluentlenium.adapter.testng.SpringTestNGControl]: no resource found for suffixes {-context.xml}.
12:54:18.398 [TestNG-test=Surefire test-1] INFO  AnnotationConfigContextLoaderUtils - Could not detect default configuration classes for test class [org.fluentlenium.adapter.testng.SpringTestNGControl]: SpringTestNGControl does not declare any static, non-private, non-final, nested classes annotated with @Configuration.
12:54:18.400 [TestNG-test=Surefire test-1] INFO  AbstractTestContextBootstrapper - Using TestExecutionListeners: [org.springframework.test.context.support.DirtiesContextBeforeModesTestExecutionListener@6db8a99a, org.springframework.test.context.event.ApplicationEventsTestExecutionListener@54fceeb, org.springframework.test.context.support.DependencyInjectionTestExecutionListener@687e4a13, org.springframework.test.context.support.DirtiesContextTestExecutionListener@14063cd7, org.springframework.test.context.event.EventPublishingTestExecutionListener@3cdaa3b4]
12:54:18.404 [TestNG-test=Surefire test-1] INFO  AbstractTestContextBootstrapper - Neither @ContextConfiguration nor @ContextHierarchy found for test class [org.fluentlenium.adapter.testng.SpringTestNGControl], using DelegatingSmartContextLoader
12:54:18.404 [TestNG-test=Surefire test-1] INFO  AbstractContextLoader - Could not detect default resource locations for test class [org.fluentlenium.adapter.testng.SpringTestNGControl]: no resource found for suffixes {-context.xml}.
12:54:18.404 [TestNG-test=Surefire test-1] INFO  AnnotationConfigContextLoaderUtils - Could not detect default configuration classes for test class [org.fluentlenium.adapter.testng.SpringTestNGControl]: SpringTestNGControl does not declare any static, non-private, non-final, nested classes annotated with @Configuration.
12:54:18.405 [TestNG-test=Surefire test-1] INFO  AbstractTestContextBootstrapper - Using TestExecutionListeners: [org.springframework.test.context.support.DirtiesContextBeforeModesTestExecutionListener@2b1bb248, org.springframework.test.context.event.ApplicationEventsTestExecutionListener@4221b102, org.springframework.test.context.support.DependencyInjectionTestExecutionListener@3c88df2d, org.springframework.test.context.support.DirtiesContextTestExecutionListener@63231b6a, org.springframework.test.context.event.EventPublishingTestExecutionListener@155c7cb4]
12:54:18.407 [TestNG-test=Surefire test-1] INFO  AbstractTestContextBootstrapper - Neither @ContextConfiguration nor @ContextHierarchy found for test class [org.fluentlenium.adapter.testng.SpringTestNGControl], using DelegatingSmartContextLoader
12:54:18.407 [TestNG-test=Surefire test-1] INFO  AbstractContextLoader - Could not detect default resource locations for test class [org.fluentlenium.adapter.testng.SpringTestNGControl]: no resource found for suffixes {-context.xml}.
12:54:18.407 [TestNG-test=Surefire test-1] INFO  AnnotationConfigContextLoaderUtils - Could not detect default configuration classes for test class [org.fluentlenium.adapter.testng.SpringTestNGControl]: SpringTestNGControl does not declare any static, non-private, non-final, nested classes annotated with @Configuration.
12:54:18.408 [TestNG-test=Surefire test-1] INFO  AbstractTestContextBootstrapper - Using TestExecutionListeners: [org.springframework.test.context.support.DirtiesContextBeforeModesTestExecutionListener@174c1a85, org.springframework.test.context.event.ApplicationEventsTestExecutionListener@69bde979, org.springframework.test.context.support.DependencyInjectionTestExecutionListener@1d10c14f, org.springframework.test.context.support.DirtiesContextTestExecutionListener@7cd61e21, org.springframework.test.context.event.EventPublishingTestExecutionListener@bb9ab0c]
12:54:18.410 [TestNG-test=Surefire test-1] INFO  AbstractTestContextBootstrapper - Neither @ContextConfiguration nor @ContextHierarchy found for test class [org.fluentlenium.adapter.testng.SpringTestNGControl], using DelegatingSmartContextLoader
12:54:18.410 [TestNG-test=Surefire test-1] INFO  AbstractContextLoader - Could not detect default resource locations for test class [org.fluentlenium.adapter.testng.SpringTestNGControl]: no resource found for suffixes {-context.xml}.
12:54:18.410 [TestNG-test=Surefire test-1] INFO  AnnotationConfigContextLoaderUtils - Could not detect default configuration classes for test class [org.fluentlenium.adapter.testng.SpringTestNGControl]: SpringTestNGControl does not declare any static, non-private, non-final, nested classes annotated with @Configuration.
12:54:18.411 [TestNG-test=Surefire test-1] INFO  AbstractTestContextBootstrapper - Using TestExecutionListeners: [org.springframework.test.context.support.DirtiesContextBeforeModesTestExecutionListener@722d1407, org.springframework.test.context.event.ApplicationEventsTestExecutionListener@17667210, org.springframework.test.context.support.DependencyInjectionTestExecutionListener@36a0efa8, org.springframework.test.context.support.DirtiesContextTestExecutionListener@31f51ff7, org.springframework.test.context.event.EventPublishingTestExecutionListener@2b62a8e2]
12:54:18.413 [TestNG-test=Surefire test-1] INFO  AbstractTestContextBootstrapper - Neither @ContextConfiguration nor @ContextHierarchy found for test class [org.fluentlenium.adapter.testng.SpringTestNGControl], using DelegatingSmartContextLoader
12:54:18.413 [TestNG-test=Surefire test-1] INFO  AbstractContextLoader - Could not detect default resource locations for test class [org.fluentlenium.adapter.testng.SpringTestNGControl]: no resource found for suffixes {-context.xml}.
12:54:18.413 [TestNG-test=Surefire test-1] INFO  AnnotationConfigContextLoaderUtils - Could not detect default configuration classes for test class [org.fluentlenium.adapter.testng.SpringTestNGControl]: SpringTestNGControl does not declare any static, non-private, non-final, nested classes annotated with @Configuration.
12:54:18.414 [TestNG-test=Surefire test-1] INFO  AbstractTestContextBootstrapper - Using TestExecutionListeners: [org.springframework.test.context.support.DirtiesContextBeforeModesTestExecutionListener@21edb27a, org.springframework.test.context.event.ApplicationEventsTestExecutionListener@3caf35d6, org.springframework.test.context.support.DependencyInjectionTestExecutionListener@76f40266, org.springframework.test.context.support.DirtiesContextTestExecutionListener@af54dd3, org.springframework.test.context.event.EventPublishingTestExecutionListener@46474095]
12:54:18.416 [TestNG-test=Surefire test-1] INFO  AbstractTestContextBootstrapper - Neither @ContextConfiguration nor @ContextHierarchy found for test class [org.fluentlenium.adapter.testng.SpringTestNGControl], using DelegatingSmartContextLoader
12:54:18.417 [TestNG-test=Surefire test-1] INFO  AbstractContextLoader - Could not detect default resource locations for test class [org.fluentlenium.adapter.testng.SpringTestNGControl]: no resource found for suffixes {-context.xml}.
12:54:18.417 [TestNG-test=Surefire test-1] INFO  AnnotationConfigContextLoaderUtils - Could not detect default configuration classes for test class [org.fluentlenium.adapter.testng.SpringTestNGControl]: SpringTestNGControl does not declare any static, non-private, non-final, nested classes annotated with @Configuration.
12:54:18.418 [TestNG-test=Surefire test-1] INFO  AbstractTestContextBootstrapper - Using TestExecutionListeners: [org.springframework.test.context.support.DirtiesContextBeforeModesTestExecutionListener@629471ba, org.springframework.test.context.event.ApplicationEventsTestExecutionListener@712b0394, org.springframework.test.context.support.DependencyInjectionTestExecutionListener@7f151cbe, org.springframework.test.context.support.DirtiesContextTestExecutionListener@169a5dbc, org.springframework.test.context.event.EventPublishingTestExecutionListener@57c2e774]
12:54:18.420 [TestNG-test=Surefire test-1] INFO  AbstractTestContextBootstrapper - Neither @ContextConfiguration nor @ContextHierarchy found for test class [org.fluentlenium.adapter.testng.SpringTestNGControl], using DelegatingSmartContextLoader
12:54:18.420 [TestNG-test=Surefire test-1] INFO  AbstractContextLoader - Could not detect default resource locations for test class [org.fluentlenium.adapter.testng.SpringTestNGControl]: no resource found for suffixes {-context.xml}.
12:54:18.421 [TestNG-test=Surefire test-1] INFO  AnnotationConfigContextLoaderUtils - Could not detect default configuration classes for test class [org.fluentlenium.adapter.testng.SpringTestNGControl]: SpringTestNGControl does not declare any static, non-private, non-final, nested classes annotated with @Configuration.
12:54:18.422 [TestNG-test=Surefire test-1] INFO  AbstractTestContextBootstrapper - Using TestExecutionListeners: [org.springframework.test.context.support.DirtiesContextBeforeModesTestExecutionListener@5895d9c3, org.springframework.test.context.event.ApplicationEventsTestExecutionListener@5c3ce812, org.springframework.test.context.support.DependencyInjectionTestExecutionListener@7dcf389f, org.springframework.test.context.support.DirtiesContextTestExecutionListener@4f898fce, org.springframework.test.context.event.EventPublishingTestExecutionListener@39241c3d]
12:54:18.428 [TestNG-test=Surefire test-1] INFO  AbstractTestContextBootstrapper - Neither @ContextConfiguration nor @ContextHierarchy found for test class [org.fluentlenium.adapter.testng.SpringTestNGControl], using DelegatingSmartContextLoader
12:54:18.428 [TestNG-test=Surefire test-1] INFO  AbstractContextLoader - Could not detect default resource locations for test class [org.fluentlenium.adapter.testng.SpringTestNGControl]: no resource found for suffixes {-context.xml}.
12:54:18.429 [TestNG-test=Surefire test-1] INFO  AnnotationConfigContextLoaderUtils - Could not detect default configuration classes for test class [org.fluentlenium.adapter.testng.SpringTestNGControl]: SpringTestNGControl does not declare any static, non-private, non-final, nested classes annotated with @Configuration.
12:54:18.431 [TestNG-test=Surefire test-1] INFO  AbstractTestContextBootstrapper - Using TestExecutionListeners: [org.springframework.test.context.support.DirtiesContextBeforeModesTestExecutionListener@7c393926, org.springframework.test.context.event.ApplicationEventsTestExecutionListener@73ae377f, org.springframework.test.context.support.DependencyInjectionTestExecutionListener@7f6c3bde, org.springframework.test.context.support.DirtiesContextTestExecutionListener@1bda6fc8, org.springframework.test.context.event.EventPublishingTestExecutionListener@2e9f959c]
12:54:18.436 [TestNG-test=Surefire test-1] INFO  AbstractTestContextBootstrapper - Neither @ContextConfiguration nor @ContextHierarchy found for test class [org.fluentlenium.adapter.testng.SpringTestNGControl], using DelegatingSmartContextLoader
12:54:18.436 [TestNG-test=Surefire test-1] INFO  AbstractContextLoader - Could not detect default resource locations for test class [org.fluentlenium.adapter.testng.SpringTestNGControl]: no resource found for suffixes {-context.xml}.
12:54:18.437 [TestNG-test=Surefire test-1] INFO  AnnotationConfigContextLoaderUtils - Could not detect default configuration classes for test class [org.fluentlenium.adapter.testng.SpringTestNGControl]: SpringTestNGControl does not declare any static, non-private, non-final, nested classes annotated with @Configuration.
12:54:18.438 [TestNG-test=Surefire test-1] INFO  AbstractTestContextBootstrapper - Using TestExecutionListeners: [org.springframework.test.context.support.DirtiesContextBeforeModesTestExecutionListener@467ba074, org.springframework.test.context.event.ApplicationEventsTestExecutionListener@1677c212, org.springframework.test.context.support.DependencyInjectionTestExecutionListener@3d85aa7b, org.springframework.test.context.support.DirtiesContextTestExecutionListener@585c7717, org.springframework.test.context.event.EventPublishingTestExecutionListener@43bf1468]
12:54:18.552 [TestNG-test=Surefire test-1] INFO  AbstractTestContextBootstrapper - Neither @ContextConfiguration nor @ContextHierarchy found for test class [org.fluentlenium.DontRunTestsWhenInitFailTest$TestClass], using DelegatingSmartContextLoader
12:54:18.553 [TestNG-test=Surefire test-1] INFO  AbstractContextLoader - Could not detect default resource locations for test class [org.fluentlenium.DontRunTestsWhenInitFailTest$TestClass]: no resource found for suffixes {-context.xml}.
12:54:18.553 [TestNG-test=Surefire test-1] INFO  AnnotationConfigContextLoaderUtils - Could not detect default configuration classes for test class [org.fluentlenium.DontRunTestsWhenInitFailTest$TestClass]: TestClass does not declare any static, non-private, non-final, nested classes annotated with @Configuration.
12:54:18.556 [TestNG-test=Surefire test-1] INFO  AbstractTestContextBootstrapper - Using TestExecutionListeners: [org.springframework.test.context.support.DirtiesContextBeforeModesTestExecutionListener@3358a89, org.springframework.test.context.event.ApplicationEventsTestExecutionListener@77a624d1, org.springframework.test.context.support.DependencyInjectionTestExecutionListener@345d1756, org.springframework.test.context.support.DirtiesContextTestExecutionListener@3f7d6f7c, org.springframework.test.context.event.EventPublishingTestExecutionListener@10b3cbd8]
12:54:18.568 [TestNG-test=Surefire test-1] ERROR TestContextManager - Caught exception while allowing TestExecutionListener [org.springframework.test.context.support.DependencyInjectionTestExecutionListener@345d1756] to prepare test instance [org.fluentlenium.DontRunTestsWhenInitFailTest$TestClass@772d25f3]
java.lang.IllegalStateException: Failed to load ApplicationContext
	at org.springframework.test.context.cache.DefaultCacheAwareContextLoaderDelegate.loadContext(DefaultCacheAwareContextLoaderDelegate.java:132)
	at org.springframework.test.context.support.DefaultTestContext.getApplicationContext(DefaultTestContext.java:124)
	at org.springframework.test.context.support.DependencyInjectionTestExecutionListener.injectDependencies(DependencyInjectionTestExecutionListener.java:118)
	at org.springframework.test.context.support.DependencyInjectionTestExecutionListener.prepareTestInstance(DependencyInjectionTestExecutionListener.java:83)
	at org.springframework.test.context.TestContextManager.prepareTestInstance(TestContextManager.java:244)
	at org.springframework.test.context.testng.AbstractTestNGSpringContextTests.springTestContextPrepareTestInstance(AbstractTestNGSpringContextTests.java:149)
	at java.base/jdk.internal.reflect.NativeMethodAccessorImpl.invoke0(Native Method)
	at java.base/jdk.internal.reflect.NativeMethodAccessorImpl.invoke(NativeMethodAccessorImpl.java:62)
	at java.base/jdk.internal.reflect.DelegatingMethodAccessorImpl.invoke(DelegatingMethodAccessorImpl.java:43)
	at java.base/java.lang.reflect.Method.invoke(Method.java:566)
	at org.testng.internal.MethodInvocationHelper.invokeMethod(MethodInvocationHelper.java:132)
	at org.testng.internal.MethodInvocationHelper.invokeMethodConsideringTimeout(MethodInvocationHelper.java:61)
	at org.testng.internal.ConfigInvoker.invokeConfigurationMethod(ConfigInvoker.java:366)
	at org.testng.internal.ConfigInvoker.invokeConfigurations(ConfigInvoker.java:320)
	at org.testng.internal.TestMethodWorker.invokeBeforeClassMethods(TestMethodWorker.java:176)
	at org.testng.internal.TestMethodWorker.run(TestMethodWorker.java:122)
	at java.base/java.util.ArrayList.forEach(ArrayList.java:1541)
	at org.testng.TestRunner.privateRun(TestRunner.java:764)
	at org.testng.TestRunner.run(TestRunner.java:585)
	at org.testng.SuiteRunner.runTest(SuiteRunner.java:384)
	at org.testng.SuiteRunner.runSequentially(SuiteRunner.java:378)
	at org.testng.SuiteRunner.privateRun(SuiteRunner.java:337)
	at org.testng.SuiteRunner.run(SuiteRunner.java:286)
	at org.testng.SuiteRunnerWorker.runSuite(SuiteRunnerWorker.java:53)
	at org.testng.SuiteRunnerWorker.run(SuiteRunnerWorker.java:96)
	at org.testng.TestNG.runSuitesSequentially(TestNG.java:1218)
	at org.testng.TestNG.runSuitesLocally(TestNG.java:1140)
	at org.testng.TestNG.runSuites(TestNG.java:1069)
	at org.testng.TestNG.run(TestNG.java:1037)
	at org.fluentlenium.DontRunTestsWhenInitFailTest.testRun(DontRunTestsWhenInitFailTest.java:63)
	at java.base/jdk.internal.reflect.NativeMethodAccessorImpl.invoke0(Native Method)
	at java.base/jdk.internal.reflect.NativeMethodAccessorImpl.invoke(NativeMethodAccessorImpl.java:62)
	at java.base/jdk.internal.reflect.DelegatingMethodAccessorImpl.invoke(DelegatingMethodAccessorImpl.java:43)
	at java.base/java.lang.reflect.Method.invoke(Method.java:566)
	at org.testng.internal.MethodInvocationHelper.invokeMethod(MethodInvocationHelper.java:132)
	at org.testng.internal.TestInvoker.invokeMethod(TestInvoker.java:599)
	at org.testng.internal.TestInvoker.invokeTestMethod(TestInvoker.java:174)
	at org.testng.internal.MethodRunner.runInSequence(MethodRunner.java:46)
	at org.testng.internal.TestInvoker$MethodInvocationAgent.invoke(TestInvoker.java:822)
	at org.testng.internal.TestInvoker.invokeTestMethods(TestInvoker.java:147)
	at org.testng.internal.TestMethodWorker.invokeTestMethods(TestMethodWorker.java:146)
	at org.testng.internal.TestMethodWorker.run(TestMethodWorker.java:128)
	at java.base/java.util.concurrent.ThreadPoolExecutor.runWorker(ThreadPoolExecutor.java:1128)
	at java.base/java.util.concurrent.ThreadPoolExecutor$Worker.run(ThreadPoolExecutor.java:628)
	at java.base/java.lang.Thread.run(Thread.java:829)
Caused by: java.lang.IllegalStateException: Neither GenericXmlContextLoader nor AnnotationConfigContextLoader was able to load an ApplicationContext from [MergedContextConfiguration@eae4c31 testClass = DontRunTestsWhenInitFailTest.TestClass, locations = '{}', classes = '{}', contextInitializerClasses = '[]', activeProfiles = '{}', propertySourceLocations = '{}', propertySourceProperties = '{}', contextCustomizers = set[[empty]], contextLoader = 'org.springframework.test.context.support.DelegatingSmartContextLoader', parent = [null]].
	at org.springframework.test.context.support.AbstractDelegatingSmartContextLoader.loadContext(AbstractDelegatingSmartContextLoader.java:255)
	at org.springframework.test.context.cache.DefaultCacheAwareContextLoaderDelegate.loadContextInternal(DefaultCacheAwareContextLoaderDelegate.java:99)
	at org.springframework.test.context.cache.DefaultCacheAwareContextLoaderDelegate.loadContext(DefaultCacheAwareContextLoaderDelegate.java:124)
	... 44 common frames omitted

===============================================
Command line suite
Total tests run: 2, Passes: 0, Failures: 0, Skips: 2
Configuration Failures: 3, Skips: 0
===============================================

[INFO] Tests run: 95, Failures: 0, Errors: 0, Skipped: 0, Time elapsed: 6.848 s - in TestSuite
[INFO] 
[INFO] Results:
[INFO] 
[INFO] Tests run: 95, Failures: 0, Errors: 0, Skipped: 0
[INFO] 
[INFO] 
[INFO] ---------------< org.fluentlenium:fluentlenium-cucumber >---------------
[INFO] Building FluentLenium Cucumber 4.8.1-SNAPSHOT                     [9/13]
[INFO] --------------------------------[ jar ]---------------------------------
[INFO] 
[INFO] --- maven-clean-plugin:3.1.0:clean (default-clean) @ fluentlenium-cucumber ---
[INFO] Deleting /home/gabsko/breaking-updates/fluentlenium-cucumber/target
[INFO] 
[INFO] --- flatten-maven-plugin:1.2.7:clean (flatten.clean) @ fluentlenium-cucumber ---
[INFO] Deleting /home/gabsko/breaking-updates/fluentlenium-cucumber/.flattened-pom.xml
[INFO] 
[INFO] --- maven-enforcer-plugin:3.0.0-M3:enforce (enforce-maven) @ fluentlenium-cucumber ---
[INFO] 
[INFO] --- jacoco-maven-plugin:0.8.7:prepare-agent (prepare-agent) @ fluentlenium-cucumber ---
[INFO] argLine set to -javaagent:/home/gabsko/.m2/repository/org/jacoco/org.jacoco.agent/0.8.7/org.jacoco.agent-0.8.7-runtime.jar=destfile=/home/gabsko/breaking-updates/fluentlenium-cucumber/target/jacoco.exec,excludes=**com.steadystate*:**com/gargoylesoftware*
[INFO] 
[INFO] --- maven-resources-plugin:3.2.0:resources (default-resources) @ fluentlenium-cucumber ---
[INFO] Using 'UTF-8' encoding to copy filtered resources.
[INFO] Using 'UTF-8' encoding to copy filtered properties files.
[INFO] skip non existing resourceDirectory /home/gabsko/breaking-updates/fluentlenium-cucumber/src/main/resources
[INFO] 
[INFO] --- flatten-maven-plugin:1.2.7:flatten (flatten) @ fluentlenium-cucumber ---
[INFO] Generating flattened POM of project org.fluentlenium:fluentlenium-cucumber:jar:4.8.1-SNAPSHOT...
[INFO] 
[INFO] --- maven-compiler-plugin:3.8.1:compile (default-compile) @ fluentlenium-cucumber ---
[INFO] Changes detected - recompiling the module!
[INFO] Compiling 4 source files to /home/gabsko/breaking-updates/fluentlenium-cucumber/target/classes
[INFO] /home/gabsko/breaking-updates/fluentlenium-cucumber/src/main/java/cucumber/runtime/java/fluentlenium/FluentObjectFactory.java: /home/gabsko/breaking-updates/fluentlenium-cucumber/src/main/java/cucumber/runtime/java/fluentlenium/FluentObjectFactory.java uses unchecked or unsafe operations.
[INFO] /home/gabsko/breaking-updates/fluentlenium-cucumber/src/main/java/cucumber/runtime/java/fluentlenium/FluentObjectFactory.java: Recompile with -Xlint:unchecked for details.
[INFO] 
[INFO] --- maven-resources-plugin:3.2.0:testResources (default-testResources) @ fluentlenium-cucumber ---
[INFO] Using 'UTF-8' encoding to copy filtered resources.
[INFO] Using 'UTF-8' encoding to copy filtered properties files.
[INFO] Copying 15 resources
[INFO] 
[INFO] --- maven-compiler-plugin:3.8.1:testCompile (default-testCompile) @ fluentlenium-cucumber ---
[INFO] Changes detected - recompiling the module!
[INFO] Compiling 68 source files to /home/gabsko/breaking-updates/fluentlenium-cucumber/target/test-classes
[INFO] 
[INFO] --- maven-surefire-plugin:3.0.0-M5:test (default-test) @ fluentlenium-cucumber ---
[INFO] 
[INFO] -------------------------------------------------------
[INFO]  T E S T S
[INFO] -------------------------------------------------------
[INFO] Running org.fluentlenium.adapter.cucumber.unit.FluentCucumberSharedMutatorTest
[INFO] Tests run: 2, Failures: 0, Errors: 0, Skipped: 0, Time elapsed: 0.107 s - in org.fluentlenium.adapter.cucumber.unit.FluentCucumberSharedMutatorTest
[INFO] Running org.fluentlenium.adapter.cucumber.unit.FluentObjectFactoryTest
[INFO] Tests run: 6, Failures: 0, Errors: 0, Skipped: 0, Time elapsed: 0.689 s - in org.fluentlenium.adapter.cucumber.unit.FluentObjectFactoryTest
[INFO] Running org.fluentlenium.adapter.cucumber.unit.FluentTestContainerTest
[INFO] Tests run: 3, Failures: 0, Errors: 0, Skipped: 0, Time elapsed: 0.011 s - in org.fluentlenium.adapter.cucumber.unit.FluentTestContainerTest
[INFO] 
[INFO] Results:
[INFO] 
[INFO] Tests run: 11, Failures: 0, Errors: 0, Skipped: 0
[INFO] 
[INFO] 
[INFO] ----------------< org.fluentlenium:fluentlenium-spock >-----------------
[INFO] Building FluentLenium Spock 4.8.1-SNAPSHOT                       [10/13]
[INFO] --------------------------------[ jar ]---------------------------------
[INFO] 
[INFO] --- maven-clean-plugin:3.1.0:clean (default-clean) @ fluentlenium-spock ---
[INFO] Deleting /home/gabsko/breaking-updates/fluentlenium-spock/target
[INFO] 
[INFO] --- flatten-maven-plugin:1.2.7:clean (flatten.clean) @ fluentlenium-spock ---
[INFO] Deleting /home/gabsko/breaking-updates/fluentlenium-spock/.flattened-pom.xml
[INFO] 
[INFO] --- maven-enforcer-plugin:3.0.0-M3:enforce (enforce-maven) @ fluentlenium-spock ---
[INFO] 
[INFO] --- jacoco-maven-plugin:0.8.7:prepare-agent (prepare-agent) @ fluentlenium-spock ---
[INFO] argLine set to -javaagent:/home/gabsko/.m2/repository/org/jacoco/org.jacoco.agent/0.8.7/org.jacoco.agent-0.8.7-runtime.jar=destfile=/home/gabsko/breaking-updates/fluentlenium-spock/target/jacoco.exec,excludes=**com.steadystate*:**com/gargoylesoftware*
[INFO] 
[INFO] --- gmavenplus-plugin:1.12.1:addSources (default) @ fluentlenium-spock ---
[INFO] 
[INFO] --- gmavenplus-plugin:1.12.1:addTestSources (default) @ fluentlenium-spock ---
[INFO] 
[INFO] --- build-helper-maven-plugin:3.2.0:add-source (add-groovy-sources) @ fluentlenium-spock ---
[INFO] Source directory: /home/gabsko/breaking-updates/fluentlenium-spock/src/main/groovy added.
[INFO] 
[INFO] --- maven-resources-plugin:3.2.0:resources (default-resources) @ fluentlenium-spock ---
[INFO] Using 'UTF-8' encoding to copy filtered resources.
[INFO] Using 'UTF-8' encoding to copy filtered properties files.
[INFO] skip non existing resourceDirectory /home/gabsko/breaking-updates/fluentlenium-spock/src/main/resources
[INFO] 
[INFO] --- flatten-maven-plugin:1.2.7:flatten (flatten) @ fluentlenium-spock ---
[INFO] Generating flattened POM of project org.fluentlenium:fluentlenium-spock:jar:4.8.1-SNAPSHOT...
[INFO] 
[INFO] --- maven-compiler-plugin:3.8.1:compile (default-compile) @ fluentlenium-spock ---
[INFO] Changes detected - recompiling the module!
[INFO] 
[INFO] --- gmavenplus-plugin:1.12.1:compile (default) @ fluentlenium-spock ---
[INFO] Using isolated classloader, without GMavenPlus classpath.
[INFO] Using Groovy 3.0.8 to perform compile.
[INFO] Parallel parsing disabled.
[INFO] Compiled 4 files.
[INFO] 
[INFO] --- build-helper-maven-plugin:3.2.0:add-test-source (add-test-source) @ fluentlenium-spock ---
[INFO] Test Source directory: /home/gabsko/breaking-updates/fluentlenium-spock/src/test/groovy added.
[INFO] 
[INFO] --- maven-resources-plugin:3.2.0:testResources (default-testResources) @ fluentlenium-spock ---
[INFO] Using 'UTF-8' encoding to copy filtered resources.
[INFO] Using 'UTF-8' encoding to copy filtered properties files.
[INFO] Copying 4 resources
[INFO] 
[INFO] --- maven-compiler-plugin:3.8.1:testCompile (default-testCompile) @ fluentlenium-spock ---
[INFO] Changes detected - recompiling the module!
[INFO] 
[INFO] --- gmavenplus-plugin:1.12.1:compileTests (default) @ fluentlenium-spock ---
[INFO] Using isolated classloader, without GMavenPlus classpath.
[INFO] Using Groovy 3.0.8 to perform compileTests.
[INFO] Parallel parsing disabled.
[INFO] Compiled 14 files.
[INFO] 
[INFO] --- maven-surefire-plugin:3.0.0-M5:test (default-test) @ fluentlenium-spock ---
[INFO] 
[INFO] -------------------------------------------------------
[INFO]  T E S T S
[INFO] -------------------------------------------------------
[INFO] Running org.fluentlenium.adapter.spock.smoketest.SmokeTestNewWebDriverSpec
[INFO] Tests run: 1, Failures: 0, Errors: 0, Skipped: 0, Time elapsed: 1.933 s - in org.fluentlenium.adapter.spock.smoketest.SmokeTestNewWebDriverSpec
[INFO] Running org.fluentlenium.adapter.spock.smoketest.SmokeTestGetWebDriverSpec
[INFO] Tests run: 1, Failures: 0, Errors: 0, Skipped: 0, Time elapsed: 0.127 s - in org.fluentlenium.adapter.spock.smoketest.SmokeTestGetWebDriverSpec
[INFO] Running org.fluentlenium.adapter.spock.BasicSpec
[INFO] Tests run: 3, Failures: 0, Errors: 0, Skipped: 0, Time elapsed: 0.171 s - in org.fluentlenium.adapter.spock.BasicSpec
[INFO] Running org.fluentlenium.adapter.spock.control.SpockControlSpec
[INFO] Tests run: 16, Failures: 0, Errors: 0, Skipped: 0, Time elapsed: 0.891 s - in org.fluentlenium.adapter.spock.control.SpockControlSpec
[INFO] Running org.fluentlenium.adapter.spock.control.SpockControlUnitSpec
[INFO] Tests run: 73, Failures: 0, Errors: 0, Skipped: 0, Time elapsed: 1.479 s - in org.fluentlenium.adapter.spock.control.SpockControlUnitSpec
[INFO] Running org.fluentlenium.adapter.spock.annotation.TestAnnotationAccessSpec
[INFO] Tests run: 4, Failures: 0, Errors: 0, Skipped: 0, Time elapsed: 0.08 s - in org.fluentlenium.adapter.spock.annotation.TestAnnotationAccessSpec
[INFO] Running org.fluentlenium.adapter.spock.page.PageSpec
[INFO] Tests run: 1, Failures: 0, Errors: 0, Skipped: 0, Time elapsed: 0.105 s - in org.fluentlenium.adapter.spock.page.PageSpec
[INFO] Running org.fluentlenium.adapter.spock.page.LocalPageSpec
[INFO] Tests run: 1, Failures: 0, Errors: 0, Skipped: 0, Time elapsed: 0.083 s - in org.fluentlenium.adapter.spock.page.LocalPageSpec
[INFO] Running org.fluentlenium.adapter.spock.description.TestDescriptionAccessSpec
[INFO] Tests run: 1, Failures: 0, Errors: 0, Skipped: 0, Time elapsed: 0.035 s - in org.fluentlenium.adapter.spock.description.TestDescriptionAccessSpec
[INFO] 
[INFO] Results:
[INFO] 
[INFO] Tests run: 101, Failures: 0, Errors: 0, Skipped: 0
[INFO] 
[INFO] 
[INFO] ----------------< org.fluentlenium:fluentlenium-kotest >----------------
[INFO] Building FluentLenium Kotest 4.8.1-SNAPSHOT                      [11/13]
[INFO] --------------------------------[ jar ]---------------------------------
[INFO] 
[INFO] --- maven-clean-plugin:3.1.0:clean (default-clean) @ fluentlenium-kotest ---
[INFO] Deleting /home/gabsko/breaking-updates/fluentlenium-kotest/target
[INFO] 
[INFO] --- flatten-maven-plugin:1.2.7:clean (flatten.clean) @ fluentlenium-kotest ---
[INFO] Deleting /home/gabsko/breaking-updates/fluentlenium-kotest/.flattened-pom.xml
[INFO] 
[INFO] --- maven-enforcer-plugin:3.0.0-M3:enforce (enforce-maven) @ fluentlenium-kotest ---
[INFO] 
[INFO] --- jacoco-maven-plugin:0.8.7:prepare-agent (prepare-agent) @ fluentlenium-kotest ---
[INFO] argLine set to -javaagent:/home/gabsko/.m2/repository/org/jacoco/org.jacoco.agent/0.8.7/org.jacoco.agent-0.8.7-runtime.jar=destfile=/home/gabsko/breaking-updates/fluentlenium-kotest/target/jacoco.exec,excludes=**com.steadystate*:**com/gargoylesoftware*
[INFO] 
[INFO] --- ktlint-maven-plugin:1.9.0:format (format-and-check) @ fluentlenium-kotest ---
[INFO] 0 file(s) formatted.
[INFO] 
[INFO] --- maven-resources-plugin:3.2.0:resources (default-resources) @ fluentlenium-kotest ---
[INFO] Using 'UTF-8' encoding to copy filtered resources.
[INFO] Using 'UTF-8' encoding to copy filtered properties files.
[INFO] skip non existing resourceDirectory /home/gabsko/breaking-updates/fluentlenium-kotest/src/main/resources
[INFO] 
[INFO] --- flatten-maven-plugin:1.2.7:flatten (flatten) @ fluentlenium-kotest ---
[INFO] Generating flattened POM of project org.fluentlenium:fluentlenium-kotest:jar:4.8.1-SNAPSHOT...
[INFO] 
[INFO] --- maven-compiler-plugin:3.8.1:compile (default-compile) @ fluentlenium-kotest ---
[INFO] Changes detected - recompiling the module!
[INFO] 
[INFO] --- kotlin-maven-plugin:1.5.10:compile (compile) @ fluentlenium-kotest ---
[INFO] 
[INFO] --- maven-resources-plugin:3.2.0:testResources (default-testResources) @ fluentlenium-kotest ---
[INFO] Using 'UTF-8' encoding to copy filtered resources.
[INFO] Using 'UTF-8' encoding to copy filtered properties files.
[INFO] Copying 4 resources
[INFO] 
[INFO] --- maven-compiler-plugin:3.8.1:testCompile (default-testCompile) @ fluentlenium-kotest ---
[INFO] Changes detected - recompiling the module!
[INFO] 
[INFO] --- kotlin-maven-plugin:1.5.10:test-compile (test-compile) @ fluentlenium-kotest ---
[INFO] 
[INFO] --- maven-surefire-plugin:3.0.0-M5:test (default-test) @ fluentlenium-kotest ---
[INFO] 
[INFO] -------------------------------------------------------
[INFO]  T E S T S
[INFO] -------------------------------------------------------
~~~ Kotest Configuration ~~~
-> Parallelization factor: 1
-> Concurrent specs: null
-> Global concurrent tests: 1
-> Dispatcher affinity: true
-> Default test timeout: 600000ms
-> Default test order: Sequential
-> Default isolation mode: SingleInstance
-> Global soft assertions: false
-> Write spec failure file: false
-> Fail on ignored tests: false
-> Spec execution order: SpecExecutionOrder
-> Remove test name whitespace: false
-> Append tags to test names: false
-> Extensions
  - io.kotest.engine.extensions.SystemPropertyTagExtension
  - io.kotest.core.extensions.RuntimeTagExtension
  - io.kotest.engine.extensions.RuntimeTagExpressionExtension
-> Listeners
  - class org.fluentlenium.adapter.kotest.KoTestConfig$listeners$1
  - class io.kotest.engine.config.LoadConfigFromClasspathKt$toDetectedConfig$beforeAfterAllListener$1

[INFO] Running org.fluentlenium.adapter.kotest.describespec.CanProvideCustomWebDriverSpec
[INFO] Tests run: 1, Failures: 0, Errors: 0, Skipped: 0, Time elapsed: 1.338 s - in org.fluentlenium.adapter.kotest.describespec.CanProvideCustomWebDriverSpec
[INFO] Running org.fluentlenium.adapter.kotest.describespec.ConfigurationDefaultSpec
Starting ChromeDriver 102.0.5005.61 (0e59bcc00cc4985ce39ad31c150065f159d95ad3-refs/branch-heads/5005@{#819}) on port 3622
Only local connections are allowed.
Please see https://chromedriver.chromium.org/security-considerations for suggestions on keeping ChromeDriver safe.
ChromeDriver was started successfully.
Starting ChromeDriver 102.0.5005.61 (0e59bcc00cc4985ce39ad31c150065f159d95ad3-refs/branch-heads/5005@{#819}) on port 6754
Only local connections are allowed.
Please see https://chromedriver.chromium.org/security-considerations for suggestions on keeping ChromeDriver safe.
ChromeDriver was started successfully.
Starting ChromeDriver 102.0.5005.61 (0e59bcc00cc4985ce39ad31c150065f159d95ad3-refs/branch-heads/5005@{#819}) on port 7462
Only local connections are allowed.
Please see https://chromedriver.chromium.org/security-considerations for suggestions on keeping ChromeDriver safe.
ChromeDriver was started successfully.
Starting ChromeDriver 102.0.5005.61 (0e59bcc00cc4985ce39ad31c150065f159d95ad3-refs/branch-heads/5005@{#819}) on port 16804
Only local connections are allowed.
Please see https://chromedriver.chromium.org/security-considerations for suggestions on keeping ChromeDriver safe.
ChromeDriver was started successfully.
[ERROR] Tests run: 4, Failures: 0, Errors: 4, Skipped: 0, Time elapsed: 240.856 s <<< FAILURE! - in org.fluentlenium.adapter.kotest.describespec.ConfigurationDefaultSpec
[ERROR] org.fluentlenium.adapter.kotest.describespec.ConfigurationDefaultSpec.remoteUrl via custom default class  Time elapsed: 60.473 s  <<< ERROR!
org.openqa.selenium.WebDriverException: 
Browser failed to start, test [ remoteUrl via custom default class ] execution interrupted.
Caused by: [ unknown error: DevToolsActivePort file doesn't exist
Build info: version: '3.141.59', revision: 'e82be7d358', time: '2018-11-14T08:17:03'
System info: host: 'repairnator', ip: '127.0.1.1', os.name: 'Linux', os.arch: 'amd64', os.version: '5.4.0-113-generic', java.version: '11.0.17'
Driver info: driver.version: ChromeDriver
remote stacktrace: #0 0x561dfb5c8f33 <unknown>
#1 0x561dfb313118 <unknown>
#2 0x561dfb339282 <unknown>
#3 0x561dfb3357c6 <unknown>
#4 0x561dfb331d5a <unknown>
#5 0x561dfb36cd3a <unknown>
#6 0x561dfb366e63 <unknown>
#7 0x561dfb33c82a <unknown>
#8 0x561dfb33d985 <unknown>
#9 0x561dfb60d4cd <unknown>
#10 0x561dfb6115ec <unknown>
#11 0x561dfb5f771e <unknown>
#12 0x561dfb612238 <unknown>
#13 0x561dfb5ec870 <unknown>
#14 0x561dfb62e608 <unknown>
#15 0x561dfb62e788 <unknown>
#16 0x561dfb648f1d <unknown>
#17 0x7faaf82ae6db <unknown>
]
Build info: version: '3.141.59', revision: 'e82be7d358', time: '2018-11-14T08:17:03'
System info: host: 'repairnator', ip: '127.0.1.1', os.name: 'Linux', os.arch: 'amd64', os.version: '5.4.0-113-generic', java.version: '11.0.17'
Driver info: driver.version: unknown
Caused by: java.util.concurrent.ExecutionException: org.fluentlenium.configuration.ConfigurationException: Can't create new WebDriver instance
Caused by: org.fluentlenium.configuration.ConfigurationException: Can't create new WebDriver instance
Caused by: java.lang.reflect.InvocationTargetException
Caused by: org.openqa.selenium.WebDriverException: 
unknown error: DevToolsActivePort file doesn't exist
Build info: version: '3.141.59', revision: 'e82be7d358', time: '2018-11-14T08:17:03'
System info: host: 'repairnator', ip: '127.0.1.1', os.name: 'Linux', os.arch: 'amd64', os.version: '5.4.0-113-generic', java.version: '11.0.17'
Driver info: driver.version: ChromeDriver
remote stacktrace: #0 0x561dfb5c8f33 <unknown>
#1 0x561dfb313118 <unknown>
#2 0x561dfb339282 <unknown>
#3 0x561dfb3357c6 <unknown>
#4 0x561dfb331d5a <unknown>
#5 0x561dfb36cd3a <unknown>
#6 0x561dfb366e63 <unknown>
#7 0x561dfb33c82a <unknown>
#8 0x561dfb33d985 <unknown>
#9 0x561dfb60d4cd <unknown>
#10 0x561dfb6115ec <unknown>
#11 0x561dfb5f771e <unknown>
#12 0x561dfb612238 <unknown>
#13 0x561dfb5ec870 <unknown>
#14 0x561dfb62e608 <unknown>
#15 0x561dfb62e788 <unknown>
#16 0x561dfb648f1d <unknown>
#17 0x7faaf82ae6db <unknown>


[ERROR] org.fluentlenium.adapter.kotest.describespec.ConfigurationDefaultSpec.driver should be as defined  Time elapsed: 60.09 s  <<< ERROR!
org.openqa.selenium.WebDriverException: 
Browser failed to start, test [ driver should be as defined ] execution interrupted.
Caused by: [ unknown error: DevToolsActivePort file doesn't exist
Build info: version: '3.141.59', revision: 'e82be7d358', time: '2018-11-14T08:17:03'
System info: host: 'repairnator', ip: '127.0.1.1', os.name: 'Linux', os.arch: 'amd64', os.version: '5.4.0-113-generic', java.version: '11.0.17'
Driver info: driver.version: ChromeDriver
remote stacktrace: #0 0x55f2e8ae9f33 <unknown>
#1 0x55f2e8834118 <unknown>
#2 0x55f2e885a282 <unknown>
#3 0x55f2e88567c6 <unknown>
#4 0x55f2e8852d5a <unknown>
#5 0x55f2e888dd3a <unknown>
#6 0x55f2e8887e63 <unknown>
#7 0x55f2e885d82a <unknown>
#8 0x55f2e885e985 <unknown>
#9 0x55f2e8b2e4cd <unknown>
#10 0x55f2e8b325ec <unknown>
#11 0x55f2e8b1871e <unknown>
#12 0x55f2e8b33238 <unknown>
#13 0x55f2e8b0d870 <unknown>
#14 0x55f2e8b4f608 <unknown>
#15 0x55f2e8b4f788 <unknown>
#16 0x55f2e8b69f1d <unknown>
#17 0x7f6a0b3f66db <unknown>
]
Build info: version: '3.141.59', revision: 'e82be7d358', time: '2018-11-14T08:17:03'
System info: host: 'repairnator', ip: '127.0.1.1', os.name: 'Linux', os.arch: 'amd64', os.version: '5.4.0-113-generic', java.version: '11.0.17'
Driver info: driver.version: unknown
Caused by: java.util.concurrent.ExecutionException: org.fluentlenium.configuration.ConfigurationException: Can't create new WebDriver instance
Caused by: org.fluentlenium.configuration.ConfigurationException: Can't create new WebDriver instance
Caused by: java.lang.reflect.InvocationTargetException
Caused by: org.openqa.selenium.WebDriverException: 
unknown error: DevToolsActivePort file doesn't exist
Build info: version: '3.141.59', revision: 'e82be7d358', time: '2018-11-14T08:17:03'
System info: host: 'repairnator', ip: '127.0.1.1', os.name: 'Linux', os.arch: 'amd64', os.version: '5.4.0-113-generic', java.version: '11.0.17'
Driver info: driver.version: ChromeDriver
remote stacktrace: #0 0x55f2e8ae9f33 <unknown>
#1 0x55f2e8834118 <unknown>
#2 0x55f2e885a282 <unknown>
#3 0x55f2e88567c6 <unknown>
#4 0x55f2e8852d5a <unknown>
#5 0x55f2e888dd3a <unknown>
#6 0x55f2e8887e63 <unknown>
#7 0x55f2e885d82a <unknown>
#8 0x55f2e885e985 <unknown>
#9 0x55f2e8b2e4cd <unknown>
#10 0x55f2e8b325ec <unknown>
#11 0x55f2e8b1871e <unknown>
#12 0x55f2e8b33238 <unknown>
#13 0x55f2e8b0d870 <unknown>
#14 0x55f2e8b4f608 <unknown>
#15 0x55f2e8b4f788 <unknown>
#16 0x55f2e8b69f1d <unknown>
#17 0x7f6a0b3f66db <unknown>


[ERROR] org.fluentlenium.adapter.kotest.describespec.ConfigurationDefaultSpec.should take screenshot  Time elapsed: 60.211 s  <<< ERROR!
org.openqa.selenium.WebDriverException: 
Browser failed to start, test [ should take screenshot ] execution interrupted.
Caused by: [ unknown error: DevToolsActivePort file doesn't exist
Build info: version: '3.141.59', revision: 'e82be7d358', time: '2018-11-14T08:17:03'
System info: host: 'repairnator', ip: '127.0.1.1', os.name: 'Linux', os.arch: 'amd64', os.version: '5.4.0-113-generic', java.version: '11.0.17'
Driver info: driver.version: ChromeDriver
remote stacktrace: #0 0x560a6cdd5f33 <unknown>
#1 0x560a6cb20118 <unknown>
#2 0x560a6cb46282 <unknown>
#3 0x560a6cb427c6 <unknown>
#4 0x560a6cb3ed5a <unknown>
#5 0x560a6cb79d3a <unknown>
#6 0x560a6cb73e63 <unknown>
#7 0x560a6cb4982a <unknown>
#8 0x560a6cb4a985 <unknown>
#9 0x560a6ce1a4cd <unknown>
#10 0x560a6ce1e5ec <unknown>
#11 0x560a6ce0471e <unknown>
#12 0x560a6ce1f238 <unknown>
#13 0x560a6cdf9870 <unknown>
#14 0x560a6ce3b608 <unknown>
#15 0x560a6ce3b788 <unknown>
#16 0x560a6ce55f1d <unknown>
#17 0x7fd847b106db <unknown>
]
Build info: version: '3.141.59', revision: 'e82be7d358', time: '2018-11-14T08:17:03'
System info: host: 'repairnator', ip: '127.0.1.1', os.name: 'Linux', os.arch: 'amd64', os.version: '5.4.0-113-generic', java.version: '11.0.17'
Driver info: driver.version: unknown
Caused by: java.util.concurrent.ExecutionException: org.fluentlenium.configuration.ConfigurationException: Can't create new WebDriver instance
Caused by: org.fluentlenium.configuration.ConfigurationException: Can't create new WebDriver instance
Caused by: java.lang.reflect.InvocationTargetException
Caused by: org.openqa.selenium.WebDriverException: 
unknown error: DevToolsActivePort file doesn't exist
Build info: version: '3.141.59', revision: 'e82be7d358', time: '2018-11-14T08:17:03'
System info: host: 'repairnator', ip: '127.0.1.1', os.name: 'Linux', os.arch: 'amd64', os.version: '5.4.0-113-generic', java.version: '11.0.17'
Driver info: driver.version: ChromeDriver
remote stacktrace: #0 0x560a6cdd5f33 <unknown>
#1 0x560a6cb20118 <unknown>
#2 0x560a6cb46282 <unknown>
#3 0x560a6cb427c6 <unknown>
#4 0x560a6cb3ed5a <unknown>
#5 0x560a6cb79d3a <unknown>
#6 0x560a6cb73e63 <unknown>
#7 0x560a6cb4982a <unknown>
#8 0x560a6cb4a985 <unknown>
#9 0x560a6ce1a4cd <unknown>
#10 0x560a6ce1e5ec <unknown>
#11 0x560a6ce0471e <unknown>
#12 0x560a6ce1f238 <unknown>
#13 0x560a6cdf9870 <unknown>
#14 0x560a6ce3b608 <unknown>
#15 0x560a6ce3b788 <unknown>
#16 0x560a6ce55f1d <unknown>
#17 0x7fd847b106db <unknown>


[ERROR] org.fluentlenium.adapter.kotest.describespec.ConfigurationDefaultSpec.should navigate  Time elapsed: 60.055 s  <<< ERROR!
org.openqa.selenium.WebDriverException: 
Browser failed to start, test [ should navigate ] execution interrupted.
Caused by: [ unknown error: DevToolsActivePort file doesn't exist
Build info: version: '3.141.59', revision: 'e82be7d358', time: '2018-11-14T08:17:03'
System info: host: 'repairnator', ip: '127.0.1.1', os.name: 'Linux', os.arch: 'amd64', os.version: '5.4.0-113-generic', java.version: '11.0.17'
Driver info: driver.version: ChromeDriver
remote stacktrace: #0 0x5589e98b3f33 <unknown>
#1 0x5589e95fe118 <unknown>
#2 0x5589e9624282 <unknown>
#3 0x5589e96207c6 <unknown>
#4 0x5589e961cd5a <unknown>
#5 0x5589e9657d3a <unknown>
#6 0x5589e9651e63 <unknown>
#7 0x5589e962782a <unknown>
#8 0x5589e9628985 <unknown>
#9 0x5589e98f84cd <unknown>
#10 0x5589e98fc5ec <unknown>
#11 0x5589e98e271e <unknown>
#12 0x5589e98fd238 <unknown>
#13 0x5589e98d7870 <unknown>
#14 0x5589e9919608 <unknown>
#15 0x5589e9919788 <unknown>
#16 0x5589e9933f1d <unknown>
#17 0x7f99950cb6db <unknown>
]
Build info: version: '3.141.59', revision: 'e82be7d358', time: '2018-11-14T08:17:03'
System info: host: 'repairnator', ip: '127.0.1.1', os.name: 'Linux', os.arch: 'amd64', os.version: '5.4.0-113-generic', java.version: '11.0.17'
Driver info: driver.version: unknown
Caused by: java.util.concurrent.ExecutionException: org.fluentlenium.configuration.ConfigurationException: Can't create new WebDriver instance
Caused by: org.fluentlenium.configuration.ConfigurationException: Can't create new WebDriver instance
Caused by: java.lang.reflect.InvocationTargetException
Caused by: org.openqa.selenium.WebDriverException: 
unknown error: DevToolsActivePort file doesn't exist
Build info: version: '3.141.59', revision: 'e82be7d358', time: '2018-11-14T08:17:03'
System info: host: 'repairnator', ip: '127.0.1.1', os.name: 'Linux', os.arch: 'amd64', os.version: '5.4.0-113-generic', java.version: '11.0.17'
Driver info: driver.version: ChromeDriver
remote stacktrace: #0 0x5589e98b3f33 <unknown>
#1 0x5589e95fe118 <unknown>
#2 0x5589e9624282 <unknown>
#3 0x5589e96207c6 <unknown>
#4 0x5589e961cd5a <unknown>
#5 0x5589e9657d3a <unknown>
#6 0x5589e9651e63 <unknown>
#7 0x5589e962782a <unknown>
#8 0x5589e9628985 <unknown>
#9 0x5589e98f84cd <unknown>
#10 0x5589e98fc5ec <unknown>
#11 0x5589e98e271e <unknown>
#12 0x5589e98fd238 <unknown>
#13 0x5589e98d7870 <unknown>
#14 0x5589e9919608 <unknown>
#15 0x5589e9919788 <unknown>
#16 0x5589e9933f1d <unknown>
#17 0x7f99950cb6db <unknown>


[INFO] Running org.fluentlenium.adapter.kotest.describespec.ConfigurationSpec
[INFO] Tests run: 6, Failures: 0, Errors: 0, Skipped: 0, Time elapsed: 0.063 s - in org.fluentlenium.adapter.kotest.describespec.ConfigurationSpec
[INFO] Running org.fluentlenium.adapter.kotest.describespec.EventSpec
[INFO] Tests run: 1, Failures: 0, Errors: 0, Skipped: 0, Time elapsed: 0.052 s - in org.fluentlenium.adapter.kotest.describespec.EventSpec
[INFO] Running org.fluentlenium.adapter.kotest.annotationspec.ExampleAnnotationSpec
[INFO] Tests run: 1, Failures: 0, Errors: 0, Skipped: 0, Time elapsed: 0.853 s - in org.fluentlenium.adapter.kotest.annotationspec.ExampleAnnotationSpec
[INFO] Running org.fluentlenium.adapter.kotest.behaviorspec.ExampleBehaviorSpec
[INFO] Tests run: 3, Failures: 0, Errors: 0, Skipped: 0, Time elapsed: 0.188 s - in org.fluentlenium.adapter.kotest.behaviorspec.ExampleBehaviorSpec
[INFO] Running org.fluentlenium.adapter.kotest.describespec.ExampleDescribeSpec
[INFO] Tests run: 1, Failures: 0, Errors: 0, Skipped: 0, Time elapsed: 0.06 s - in org.fluentlenium.adapter.kotest.describespec.ExampleDescribeSpec
[INFO] Running org.fluentlenium.adapter.kotest.expectspec.ExampleExpectSpec
[INFO] Tests run: 2, Failures: 0, Errors: 0, Skipped: 0, Time elapsed: 0.05 s - in org.fluentlenium.adapter.kotest.expectspec.ExampleExpectSpec
[INFO] Running org.fluentlenium.adapter.kotest.featurespec.ExampleFeatureSpec
[INFO] Tests run: 2, Failures: 0, Errors: 0, Skipped: 0, Time elapsed: 0.065 s - in org.fluentlenium.adapter.kotest.featurespec.ExampleFeatureSpec
[INFO] Running org.fluentlenium.adapter.kotest.freespec.ExampleFreeSpec
[INFO] Tests run: 2, Failures: 0, Errors: 0, Skipped: 0, Time elapsed: 0.052 s - in org.fluentlenium.adapter.kotest.freespec.ExampleFreeSpec
[INFO] Running org.fluentlenium.adapter.kotest.funspec.ExampleFunSpec
[INFO] Tests run: 1, Failures: 0, Errors: 0, Skipped: 0, Time elapsed: 0.041 s - in org.fluentlenium.adapter.kotest.funspec.ExampleFunSpec
[INFO] Running org.fluentlenium.adapter.kotest.shouldspec.ExampleShouldSpec
[INFO] Tests run: 2, Failures: 0, Errors: 0, Skipped: 0, Time elapsed: 0.05 s - in org.fluentlenium.adapter.kotest.shouldspec.ExampleShouldSpec
[INFO] Running org.fluentlenium.adapter.kotest.stringspec.ExampleStringSpec
[INFO] Tests run: 1, Failures: 0, Errors: 0, Skipped: 0, Time elapsed: 0.062 s - in org.fluentlenium.adapter.kotest.stringspec.ExampleStringSpec
[INFO] Running org.fluentlenium.adapter.kotest.wordspec.ExampleWordSpec
[INFO] Tests run: 2, Failures: 0, Errors: 0, Skipped: 0, Time elapsed: 0.058 s - in org.fluentlenium.adapter.kotest.wordspec.ExampleWordSpec
[INFO] Running org.fluentlenium.adapter.kotest.describespec.HookSpec
[INFO] Tests run: 1, Failures: 0, Errors: 0, Skipped: 0, Time elapsed: 0.064 s - in org.fluentlenium.adapter.kotest.describespec.HookSpec
[INFO] Running org.fluentlenium.adapter.kotest.describespec.PageSpec
[INFO] Tests run: 3, Failures: 0, Errors: 0, Skipped: 0, Time elapsed: 0.131 s - in org.fluentlenium.adapter.kotest.describespec.PageSpec
[INFO] Running org.fluentlenium.adapter.kotest.describespec.ThreadWebDriverSpec
[INFO] Tests run: 2, Failures: 0, Errors: 0, Skipped: 0, Time elapsed: 0.056 s - in org.fluentlenium.adapter.kotest.describespec.ThreadWebDriverSpec
[INFO] 
[INFO] Results:
[INFO] 
[ERROR] Errors: 
[ERROR]   ConfigurationDefaultSpec.driver should be as defined  WebDriver Browser faile...
[ERROR]   ConfigurationDefaultSpec.remoteUrl via custom default class  WebDriver Browse...
[ERROR]   ConfigurationDefaultSpec.should navigate  WebDriver Browser failed to start, ...
[ERROR]   ConfigurationDefaultSpec.should take screenshot  WebDriver Browser failed to ...
[INFO] 
[ERROR] Tests run: 35, Failures: 0, Errors: 4, Skipped: 0
[INFO] 
[INFO] ------------------------------------------------------------------------
[INFO] Reactor Summary for FluentLenium 4.8.1-SNAPSHOT:
[INFO] 
[INFO] FluentLenium ....................................... SUCCESS [  0.657 s]
[INFO] FluentLenium Core .................................. SUCCESS [02:41 min]
[INFO] FluentLenium TestNG ................................ SUCCESS [  0.641 s]
[INFO] FluentLenium AssertJ ............................... SUCCESS [  6.166 s]
[INFO] FluentLenium JUnit Jupiter ......................... SUCCESS [  4.703 s]
[INFO] FluentLenium Integration Tests ..................... SUCCESS [02:56 min]
[INFO] FluentLenium JUnit ................................. SUCCESS [  3.875 s]
[INFO] FluentLenium Spring TestNG ......................... SUCCESS [  8.508 s]
[INFO] FluentLenium Cucumber .............................. SUCCESS [  2.310 s]
[INFO] FluentLenium Spock ................................. SUCCESS [ 10.533 s]
[INFO] FluentLenium Kotest ................................ FAILURE [04:23 min]
[INFO] FluentLenium Kotest Assertions ..................... SKIPPED
[INFO] FluentLenium Coverage Report ....................... SKIPPED
[INFO] ------------------------------------------------------------------------
[INFO] BUILD FAILURE
[INFO] ------------------------------------------------------------------------
[INFO] Total time:  10:39 min
[INFO] Finished at: 2023-01-24T12:58:56Z
[INFO] ------------------------------------------------------------------------
[ERROR] Failed to execute goal org.apache.maven.plugins:maven-surefire-plugin:3.0.0-M5:test (default-test) on project fluentlenium-kotest: There are test failures.
[ERROR] 
[ERROR] Please refer to /home/gabsko/breaking-updates/fluentlenium-kotest/target/surefire-reports for the individual test results.
[ERROR] Please refer to dump files (if any exist) [date].dump, [date]-jvmRun[N].dump and [date].dumpstream.
[ERROR] -> [Help 1]
[ERROR] 
[ERROR] To see the full stack trace of the errors, re-run Maven with the -e switch.
[ERROR] Re-run Maven using the -X switch to enable full debug logging.
[ERROR] 
[ERROR] For more information about the errors and possible solutions, please read the following articles:
[ERROR] [Help 1] http://cwiki.apache.org/confluence/display/MAVEN/MojoFailureException
[ERROR] 
[ERROR] After correcting the problems, you can resume the build with the command
[ERROR]   mvn <args> -rf :fluentlenium-kotest
