[INFO] Scanning for projects...
[WARNING] The project iris-gateway:iris-sormas-api-client:jar:1.61.0-SNAPSHOT uses prerequisites which is only intended for maven-plugin projects but not for non maven-plugin projects. For such purposes you should use the maven-enforcer-plugin. See https://maven.apache.org/enforcer/enforcer-rules/requireMavenVersion.html
[INFO] ------------------------------------------------------------------------
[INFO] Reactor Build Order:
[INFO] 
[INFO] iris-sormas-api-client                                             [jar]
[INFO] IRIS Client Backend for Frontend                                   [jar]
[INFO] IRIS Parent                                                        [pom]
[INFO] 
[INFO] ----------------< iris-gateway:iris-sormas-api-client >-----------------
[INFO] Building iris-sormas-api-client 1.61.0-SNAPSHOT                    [1/3]
[INFO] --------------------------------[ jar ]---------------------------------
[INFO] 
[INFO] --- maven-clean-plugin:2.5:clean (default-clean) @ iris-sormas-api-client ---
[INFO] Deleting /home/gabsko/breaking-updates/iris-sormas-api-client/target
[INFO] 
[INFO] --- build-helper-maven-plugin:1.10:add-source (add_sources) @ iris-sormas-api-client ---
[INFO] Source directory: /home/gabsko/breaking-updates/iris-sormas-api-client/src/main/java added.
[INFO] 
[INFO] --- maven-resources-plugin:2.6:resources (default-resources) @ iris-sormas-api-client ---
[INFO] Using 'UTF-8' encoding to copy filtered resources.
[INFO] skip non existing resourceDirectory /home/gabsko/breaking-updates/iris-sormas-api-client/src/main/resources
[INFO] 
[INFO] --- maven-compiler-plugin:3.6.1:compile (default-compile) @ iris-sormas-api-client ---
[INFO] Changes detected - recompiling the module!
[INFO] Compiling 303 source files to /home/gabsko/breaking-updates/iris-sormas-api-client/target/classes
[INFO] /home/gabsko/breaking-updates/iris-sormas-api-client/src/main/java/iris/sormas/client/invoker/RFC3339DateFormat.java: /home/gabsko/breaking-updates/iris-sormas-api-client/src/main/java/iris/sormas/client/invoker/RFC3339DateFormat.java uses or overrides a deprecated API.
[INFO] /home/gabsko/breaking-updates/iris-sormas-api-client/src/main/java/iris/sormas/client/invoker/RFC3339DateFormat.java: Recompile with -Xlint:deprecation for details.
[INFO] 
[INFO] --- build-helper-maven-plugin:1.10:add-test-source (add_test_sources) @ iris-sormas-api-client ---
[INFO] Test Source directory: /home/gabsko/breaking-updates/iris-sormas-api-client/src/test/java added.
[INFO] 
[INFO] --- maven-resources-plugin:2.6:testResources (default-testResources) @ iris-sormas-api-client ---
[INFO] Using 'UTF-8' encoding to copy filtered resources.
[INFO] skip non existing resourceDirectory /home/gabsko/breaking-updates/iris-sormas-api-client/src/test/resources
[INFO] 
[INFO] --- maven-compiler-plugin:3.6.1:testCompile (default-testCompile) @ iris-sormas-api-client ---
[INFO] Changes detected - recompiling the module!
[INFO] Compiling 40 source files to /home/gabsko/breaking-updates/iris-sormas-api-client/target/test-classes
[INFO] 
[INFO] --- maven-surefire-plugin:2.12:test (default-test) @ iris-sormas-api-client ---
[INFO] Surefire report directory: /home/gabsko/breaking-updates/iris-sormas-api-client/target/surefire-reports

-------------------------------------------------------
 T E S T S
-------------------------------------------------------

-------------------------------------------------------
 T E S T S
-------------------------------------------------------
Concurrency config is parallel='methods', perCoreThreadCount=true, threadCount=2, useUnlimitedThreads=false
Running iris.sormas.client.api.CustomizableEnumValueControllerApiTest
Tests run: 1, Failures: 0, Errors: 0, Skipped: 1, Time elapsed: 0 sec
Concurrency config is parallel='methods', perCoreThreadCount=true, threadCount=2, useUnlimitedThreads=false
Running iris.sormas.client.api.ClassificationControllerApiTest
Tests run: 1, Failures: 0, Errors: 0, Skipped: 1, Time elapsed: 0 sec
Concurrency config is parallel='methods', perCoreThreadCount=true, threadCount=2, useUnlimitedThreads=false
Running iris.sormas.client.api.PersonControllerApiTest
Tests run: 1, Failures: 0, Errors: 0, Skipped: 1, Time elapsed: 0 sec
Concurrency config is parallel='methods', perCoreThreadCount=true, threadCount=2, useUnlimitedThreads=false
Running iris.sormas.client.api.AreaControllerApiTest
Tests run: 1, Failures: 0, Errors: 0, Skipped: 1, Time elapsed: 0 sec
Concurrency config is parallel='methods', perCoreThreadCount=true, threadCount=2, useUnlimitedThreads=false
Running iris.sormas.client.api.WeeklyReportControllerApiTest
Tests run: 1, Failures: 0, Errors: 0, Skipped: 1, Time elapsed: 0 sec
Concurrency config is parallel='methods', perCoreThreadCount=true, threadCount=2, useUnlimitedThreads=false
Running iris.sormas.client.api.CountryControllerApiTest
Tests run: 1, Failures: 0, Errors: 0, Skipped: 1, Time elapsed: 0 sec
Concurrency config is parallel='methods', perCoreThreadCount=true, threadCount=2, useUnlimitedThreads=false
Running iris.sormas.client.api.EventParticipantControllerApiTest
Tests run: 1, Failures: 0, Errors: 0, Skipped: 1, Time elapsed: 0 sec
Concurrency config is parallel='methods', perCoreThreadCount=true, threadCount=2, useUnlimitedThreads=false
Running iris.sormas.client.api.ActionControllerApiTest
Tests run: 1, Failures: 0, Errors: 0, Skipped: 1, Time elapsed: 0 sec
Concurrency config is parallel='methods', perCoreThreadCount=true, threadCount=2, useUnlimitedThreads=false
Running iris.sormas.client.api.CampaignFormDataControllerApiTest
Tests run: 1, Failures: 0, Errors: 0, Skipped: 1, Time elapsed: 0 sec
Concurrency config is parallel='methods', perCoreThreadCount=true, threadCount=2, useUnlimitedThreads=false
Running iris.sormas.client.api.DistrictControllerApiTest
Tests run: 1, Failures: 0, Errors: 0, Skipped: 1, Time elapsed: 0 sec
Concurrency config is parallel='methods', perCoreThreadCount=true, threadCount=2, useUnlimitedThreads=false
Running iris.sormas.client.api.DiseaseConfigurationControllerApiTest
Tests run: 1, Failures: 0, Errors: 0, Skipped: 1, Time elapsed: 0 sec
Concurrency config is parallel='methods', perCoreThreadCount=true, threadCount=2, useUnlimitedThreads=false
Running iris.sormas.client.api.RegionControllerApiTest
Tests run: 1, Failures: 0, Errors: 0, Skipped: 1, Time elapsed: 0 sec
Concurrency config is parallel='methods', perCoreThreadCount=true, threadCount=2, useUnlimitedThreads=false
Running iris.sormas.client.api.SurveillanceReportControllerApiTest
Tests run: 1, Failures: 0, Errors: 0, Skipped: 1, Time elapsed: 0 sec
Concurrency config is parallel='methods', perCoreThreadCount=true, threadCount=2, useUnlimitedThreads=false
Running iris.sormas.client.api.FacilityControllerApiTest
Tests run: 1, Failures: 0, Errors: 0, Skipped: 1, Time elapsed: 0 sec
Concurrency config is parallel='methods', perCoreThreadCount=true, threadCount=2, useUnlimitedThreads=false
Running iris.sormas.client.api.BAGExportControllerApiTest
Tests run: 1, Failures: 0, Errors: 0, Skipped: 1, Time elapsed: 0 sec
Concurrency config is parallel='methods', perCoreThreadCount=true, threadCount=2, useUnlimitedThreads=false
Running iris.sormas.client.api.InfoControllerApiTest
Tests run: 1, Failures: 0, Errors: 0, Skipped: 1, Time elapsed: 0 sec
Concurrency config is parallel='methods', perCoreThreadCount=true, threadCount=2, useUnlimitedThreads=false
Running iris.sormas.client.api.ContactControllerApiTest
Tests run: 1, Failures: 0, Errors: 0, Skipped: 1, Time elapsed: 0 sec
Concurrency config is parallel='methods', perCoreThreadCount=true, threadCount=2, useUnlimitedThreads=false
Running iris.sormas.client.api.SubcontinentControllerApiTest
Tests run: 1, Failures: 0, Errors: 0, Skipped: 1, Time elapsed: 0 sec
Concurrency config is parallel='methods', perCoreThreadCount=true, threadCount=2, useUnlimitedThreads=false
Running iris.sormas.client.api.OutbreakControllerApiTest
Tests run: 1, Failures: 0, Errors: 0, Skipped: 1, Time elapsed: 0 sec
Concurrency config is parallel='methods', perCoreThreadCount=true, threadCount=2, useUnlimitedThreads=false
Running iris.sormas.client.api.ClinicalVisitControllerApiTest
Tests run: 1, Failures: 0, Errors: 0, Skipped: 1, Time elapsed: 0 sec
Concurrency config is parallel='methods', perCoreThreadCount=true, threadCount=2, useUnlimitedThreads=false
Running iris.sormas.client.api.PointOfEntryControllerApiTest
Tests run: 1, Failures: 0, Errors: 0, Skipped: 1, Time elapsed: 0 sec
Concurrency config is parallel='methods', perCoreThreadCount=true, threadCount=2, useUnlimitedThreads=false
Running iris.sormas.client.api.VisitControllerApiTest
Tests run: 1, Failures: 0, Errors: 0, Skipped: 1, Time elapsed: 0 sec
Concurrency config is parallel='methods', perCoreThreadCount=true, threadCount=2, useUnlimitedThreads=false
Running iris.sormas.client.api.PrescriptionControllerApiTest
Tests run: 1, Failures: 0, Errors: 0, Skipped: 1, Time elapsed: 0 sec
Concurrency config is parallel='methods', perCoreThreadCount=true, threadCount=2, useUnlimitedThreads=false
Running iris.sormas.client.api.CommunityControllerApiTest
Tests run: 1, Failures: 0, Errors: 0, Skipped: 1, Time elapsed: 0 sec
Concurrency config is parallel='methods', perCoreThreadCount=true, threadCount=2, useUnlimitedThreads=false
Running iris.sormas.client.api.EventControllerApiTest
Tests run: 1, Failures: 0, Errors: 0, Skipped: 1, Time elapsed: 0 sec
Concurrency config is parallel='methods', perCoreThreadCount=true, threadCount=2, useUnlimitedThreads=false
Running iris.sormas.client.api.InfrastructureControllerApiTest
Tests run: 1, Failures: 0, Errors: 0, Skipped: 1, Time elapsed: 0 sec
Concurrency config is parallel='methods', perCoreThreadCount=true, threadCount=2, useUnlimitedThreads=false
Running iris.sormas.client.api.SormasToSormasControllerApiTest
Tests run: 1, Failures: 0, Errors: 0, Skipped: 1, Time elapsed: 0 sec
Concurrency config is parallel='methods', perCoreThreadCount=true, threadCount=2, useUnlimitedThreads=false
Running iris.sormas.client.api.CaseControllerApiTest
Tests run: 1, Failures: 0, Errors: 0, Skipped: 1, Time elapsed: 0 sec
Concurrency config is parallel='methods', perCoreThreadCount=true, threadCount=2, useUnlimitedThreads=false
Running iris.sormas.client.api.TaskControllerApiTest
Tests run: 1, Failures: 0, Errors: 0, Skipped: 1, Time elapsed: 0 sec
Concurrency config is parallel='methods', perCoreThreadCount=true, threadCount=2, useUnlimitedThreads=false
Running iris.sormas.client.api.AggregateReportControllerApiTest
Tests run: 1, Failures: 0, Errors: 0, Skipped: 1, Time elapsed: 0 sec
Concurrency config is parallel='methods', perCoreThreadCount=true, threadCount=2, useUnlimitedThreads=false
Running iris.sormas.client.api.TreatmentControllerApiTest
Tests run: 1, Failures: 0, Errors: 0, Skipped: 1, Time elapsed: 0 sec
Concurrency config is parallel='methods', perCoreThreadCount=true, threadCount=2, useUnlimitedThreads=false
Running iris.sormas.client.api.PathogenTestControllerApiTest
Tests run: 1, Failures: 0, Errors: 0, Skipped: 1, Time elapsed: 0 sec
Concurrency config is parallel='methods', perCoreThreadCount=true, threadCount=2, useUnlimitedThreads=false
Running iris.sormas.client.api.FeatureConfigurationControllerApiTest
Tests run: 1, Failures: 0, Errors: 0, Skipped: 1, Time elapsed: 0 sec
Concurrency config is parallel='methods', perCoreThreadCount=true, threadCount=2, useUnlimitedThreads=false
Running iris.sormas.client.api.AdditionalTestControllerApiTest
Tests run: 1, Failures: 0, Errors: 0, Skipped: 1, Time elapsed: 0 sec
Concurrency config is parallel='methods', perCoreThreadCount=true, threadCount=2, useUnlimitedThreads=false
Running iris.sormas.client.api.UserRoleConfigControllerApiTest
Tests run: 1, Failures: 0, Errors: 0, Skipped: 1, Time elapsed: 0 sec
Concurrency config is parallel='methods', perCoreThreadCount=true, threadCount=2, useUnlimitedThreads=false
Running iris.sormas.client.api.SampleControllerApiTest
Tests run: 1, Failures: 0, Errors: 0, Skipped: 1, Time elapsed: 0 sec
Concurrency config is parallel='methods', perCoreThreadCount=true, threadCount=2, useUnlimitedThreads=false
Running iris.sormas.client.api.ContinentControllerApiTest
Tests run: 1, Failures: 0, Errors: 0, Skipped: 1, Time elapsed: 0 sec
Concurrency config is parallel='methods', perCoreThreadCount=true, threadCount=2, useUnlimitedThreads=false
Running iris.sormas.client.api.CampaignFormMetaControllerApiTest
Tests run: 1, Failures: 0, Errors: 0, Skipped: 1, Time elapsed: 0 sec
Concurrency config is parallel='methods', perCoreThreadCount=true, threadCount=2, useUnlimitedThreads=false
Running iris.sormas.client.api.UserControllerApiTest
Tests run: 1, Failures: 0, Errors: 0, Skipped: 1, Time elapsed: 0 sec
Concurrency config is parallel='methods', perCoreThreadCount=true, threadCount=2, useUnlimitedThreads=false
Running iris.sormas.client.api.CampaignControllerApiTest
Tests run: 1, Failures: 0, Errors: 0, Skipped: 1, Time elapsed: 0 sec

Results :

Tests run: 40, Failures: 0, Errors: 0, Skipped: 40

[INFO] 
[INFO] --------------------< iris-gateway:iris-client-bff >--------------------
[INFO] Building IRIS Client Backend for Frontend 1.0.0-rc.12-POST_RELEASE [2/3]
[INFO] --------------------------------[ jar ]---------------------------------
[INFO] 
[INFO] --- maven-clean-plugin:3.1.0:clean (default-clean) @ iris-client-bff ---
[INFO] Deleting /home/gabsko/breaking-updates/iris-client-bff/target
[INFO] 
[INFO] --- git-commit-id-plugin:4.0.5:revision (default) @ iris-client-bff ---
[INFO] dotGitDirectory /home/gabsko/breaking-updates/.git
[INFO] Collected git.build.user.name with value Gabriel Skoglund
[INFO] Collected git.build.user.email with value gabrielskoglund@gmail.com
[INFO] Collected git.branch with value branch-iris-connect/iris-client-403cb3e25cf0be986105c0cfb15fd8cd129ac88a
[INFO] --always = true
[INFO] --dirty = -dirty
[INFO] --abbrev = 7
[INFO] Tag refs [[]]
[INFO] Created map: [{}]
[INFO] evalCommit is [403cb3e25cf0be986105c0cfb15fd8cd129ac88a]
[INFO] Collected git.commit.id.describe with value 403cb3e
[INFO] Collected git.commit.id.describe-short with value 403cb3e
[INFO] Collected git.commit.id with value 403cb3e25cf0be986105c0cfb15fd8cd129ac88a
[INFO] Collected git.commit.id.abbrev with value 403cb3e
[INFO] Collected git.dirty with value false
[INFO] Collected git.commit.user.name with value dependabot[bot]
[INFO] Collected git.commit.user.email with value 49699333+dependabot[bot]@users.noreply.github.com
[INFO] Collected git.commit.message.full with value chore(deps): bump jaxws-ri from 2.3.3 to 3.0.2

Bumps jaxws-ri from 2.3.3 to 3.0.2.

---
updated-dependencies:
- dependency-name: com.sun.xml.ws:jaxws-ri
  dependency-type: direct:production
  update-type: version-update:semver-major
...

Signed-off-by: dependabot[bot] <support@github.com>
[INFO] Collected git.commit.message.short with value chore(deps): bump jaxws-ri from 2.3.3 to 3.0.2
[INFO] Collected git.commit.time with value 2021-08-27T13:32:26+0000
[INFO] Collected git.commit.author.time with value 2021-08-27T13:32:26+0000
[INFO] Collected git.commit.committer.time with value 2021-08-27T13:32:26+0000
[INFO] Collected git.remote.origin.url with value git@github.com:chains-project/breaking-updates.git
[INFO] Collected git.tags with value 
[INFO] evalCommit is [403cb3e25cf0be986105c0cfb15fd8cd129ac88a]
[INFO] Tag refs [[]]
[INFO] Created map: [{}]
[INFO] Collected git.closest.tag.name with value 
[INFO] evalCommit is [403cb3e25cf0be986105c0cfb15fd8cd129ac88a]
[INFO] Tag refs [[]]
[INFO] Created map: [{}]
[INFO] Collected git.closest.tag.commit.count with value 
[INFO] Collected git.total.commit.count with value 603
[INFO] Collected git.local.branch.ahead with value NO_REMOTE
[INFO] Collected git.local.branch.behind with value NO_REMOTE
[INFO] Collected git.build.time with value 2023-01-30T14:08:58+0000
[INFO] Collected git.build.version with value 1.0.0-rc.12-POST_RELEASE
[INFO] Collected git.build.host with value repairnator
[INFO] including property git.tags in results
[INFO] including property git.build.version in results
[INFO] including property git.branch in results
[INFO] including property git.build.host in results
[INFO] including property git.commit.id in results
[INFO] including property git.commit.user.email in results
[INFO] including property git.local.branch.behind in results
[INFO] including property git.commit.author.time in results
[INFO] including property git.build.user.name in results
[INFO] including property git.dirty in results
[INFO] including property git.closest.tag.commit.count in results
[INFO] including property git.commit.user.name in results
[INFO] including property git.commit.id.abbrev in results
[INFO] including property git.commit.id.describe-short in results
[INFO] including property git.total.commit.count in results
[INFO] including property git.commit.id.describe in results
[INFO] including property git.build.user.email in results
[INFO] including property git.commit.message.short in results
[INFO] including property git.commit.committer.time in results
[INFO] including property git.closest.tag.name in results
[INFO] including property git.local.branch.ahead in results
[INFO] including property git.commit.time in results
[INFO] including property git.build.time in results
[INFO] including property git.commit.message.full in results
[INFO] including property git.remote.origin.url in results
[INFO] Writing properties file to [/home/gabsko/breaking-updates/iris-client-bff/target/classes/git.properties] (for module IRIS Client Backend for Frontend)...
[INFO] 
[INFO] --- maven-resources-plugin:3.2.0:resources (default-resources) @ iris-client-bff ---
[INFO] Using 'UTF-8' encoding to copy filtered resources.
[INFO] Using 'UTF-8' encoding to copy filtered properties files.
[INFO] Copying 9 resources
[INFO] Copying 18 resources
[INFO] 
[INFO] --- maven-compiler-plugin:3.8.1:compile (default-compile) @ iris-client-bff ---
[INFO] Changes detected - recompiling the module!
[INFO] Compiling 177 source files to /home/gabsko/breaking-updates/iris-client-bff/target/classes
[INFO] 
[INFO] --- build-helper-maven-plugin:3.0.0:add-test-source (add-integration-test-source) @ iris-client-bff ---
[INFO] Test Source directory: /home/gabsko/breaking-updates/iris-client-bff/src/test-system/java added.
[INFO] 
[INFO] --- maven-resources-plugin:3.2.0:testResources (default-testResources) @ iris-client-bff ---
[INFO] Using 'UTF-8' encoding to copy filtered resources.
[INFO] Using 'UTF-8' encoding to copy filtered properties files.
[INFO] Copying 5 resources
[INFO] 
[INFO] --- maven-compiler-plugin:3.8.1:testCompile (default-testCompile) @ iris-client-bff ---
[INFO] Changes detected - recompiling the module!
[INFO] Compiling 31 source files to /home/gabsko/breaking-updates/iris-client-bff/target/test-classes
[INFO] /home/gabsko/breaking-updates/iris-client-bff/src/test/java/iris/client_bff/cases/CaseEmailProviderTest.java: Some input files use unchecked or unsafe operations.
[INFO] /home/gabsko/breaking-updates/iris-client-bff/src/test/java/iris/client_bff/cases/CaseEmailProviderTest.java: Recompile with -Xlint:unchecked for details.
[INFO] 
[INFO] --- maven-surefire-plugin:2.22.0:test (default-test) @ iris-client-bff ---
[INFO] 
[INFO] -------------------------------------------------------
[INFO]  T E S T S
[INFO] -------------------------------------------------------
[INFO] Running iris.client_bff.config.EmailConfigTests
14:09:04.465 [main] DEBUG org.springframework.test.context.BootstrapUtils - Instantiating CacheAwareContextLoaderDelegate from class [org.springframework.test.context.cache.DefaultCacheAwareContextLoaderDelegate]
14:09:04.472 [main] DEBUG org.springframework.test.context.BootstrapUtils - Instantiating BootstrapContext using constructor [public org.springframework.test.context.support.DefaultBootstrapContext(java.lang.Class,org.springframework.test.context.CacheAwareContextLoaderDelegate)]
14:09:04.477 [main] DEBUG org.springframework.test.context.BootstrapUtils - Instantiating TestContextBootstrapper for test class [iris.client_bff.config.EmailConfigTests] from class [org.springframework.boot.test.context.SpringBootTestContextBootstrapper]
14:09:04.487 [main] INFO org.springframework.boot.test.context.SpringBootTestContextBootstrapper - Neither @ContextConfiguration nor @ContextHierarchy found for test class [iris.client_bff.config.EmailConfigTests], using SpringBootContextLoader
14:09:04.491 [main] DEBUG org.springframework.test.context.support.AbstractContextLoader - Did not detect default resource location for test class [iris.client_bff.config.EmailConfigTests]: class path resource [iris/client_bff/config/EmailConfigTests-context.xml] does not exist
14:09:04.491 [main] DEBUG org.springframework.test.context.support.AbstractContextLoader - Did not detect default resource location for test class [iris.client_bff.config.EmailConfigTests]: class path resource [iris/client_bff/config/EmailConfigTestsContext.groovy] does not exist
14:09:04.491 [main] INFO org.springframework.test.context.support.AbstractContextLoader - Could not detect default resource locations for test class [iris.client_bff.config.EmailConfigTests]: no resource found for suffixes {-context.xml, Context.groovy}.
14:09:04.492 [main] INFO org.springframework.test.context.support.AnnotationConfigContextLoaderUtils - Could not detect default configuration classes for test class [iris.client_bff.config.EmailConfigTests]: EmailConfigTests does not declare any static, non-private, non-final, nested classes annotated with @Configuration.
14:09:04.615 [main] DEBUG org.springframework.context.annotation.ClassPathScanningCandidateComponentProvider - Identified candidate component class: file [/home/gabsko/breaking-updates/iris-client-bff/target/classes/iris/client_bff/IrisClientBffApplication.class]
14:09:04.616 [main] INFO org.springframework.boot.test.context.SpringBootTestContextBootstrapper - Found @SpringBootConfiguration iris.client_bff.IrisClientBffApplication for test class iris.client_bff.config.EmailConfigTests
14:09:04.685 [main] DEBUG org.springframework.boot.test.context.SpringBootTestContextBootstrapper - @TestExecutionListeners is not present for class [iris.client_bff.config.EmailConfigTests]: using defaults.
14:09:04.685 [main] INFO org.springframework.boot.test.context.SpringBootTestContextBootstrapper - Loaded default TestExecutionListener class names from location [META-INF/spring.factories]: [org.springframework.boot.test.mock.mockito.MockitoTestExecutionListener, org.springframework.boot.test.mock.mockito.ResetMocksTestExecutionListener, org.springframework.boot.test.autoconfigure.restdocs.RestDocsTestExecutionListener, org.springframework.boot.test.autoconfigure.web.client.MockRestServiceServerResetTestExecutionListener, org.springframework.boot.test.autoconfigure.web.servlet.MockMvcPrintOnlyOnFailureTestExecutionListener, org.springframework.boot.test.autoconfigure.web.servlet.WebDriverTestExecutionListener, org.springframework.boot.test.autoconfigure.webservices.client.MockWebServiceServerTestExecutionListener, org.springframework.test.context.web.ServletTestExecutionListener, org.springframework.test.context.support.DirtiesContextBeforeModesTestExecutionListener, org.springframework.test.context.event.ApplicationEventsTestExecutionListener, org.springframework.test.context.support.DependencyInjectionTestExecutionListener, org.springframework.test.context.support.DirtiesContextTestExecutionListener, org.springframework.test.context.transaction.TransactionalTestExecutionListener, org.springframework.test.context.jdbc.SqlScriptsTestExecutionListener, org.springframework.test.context.event.EventPublishingTestExecutionListener, org.springframework.cloud.contract.stubrunner.provider.wiremock.StubRunnerWireMockTestExecutionListener, org.springframework.cloud.contract.wiremock.WireMockTestExecutionListener, org.springframework.security.test.context.support.WithSecurityContextTestExecutionListener, org.springframework.security.test.context.support.ReactorContextTestExecutionListener]
14:09:04.712 [main] INFO org.springframework.boot.test.context.SpringBootTestContextBootstrapper - Using TestExecutionListeners: [org.springframework.test.context.web.ServletTestExecutionListener@55562aa9, org.springframework.test.context.support.DirtiesContextBeforeModesTestExecutionListener@655ef322, org.springframework.test.context.event.ApplicationEventsTestExecutionListener@7e276594, org.springframework.boot.test.mock.mockito.MockitoTestExecutionListener@3401a114, org.springframework.boot.test.autoconfigure.SpringBootDependencyInjectionTestExecutionListener@5066d65f, org.springframework.test.context.support.DirtiesContextTestExecutionListener@4233e892, org.springframework.test.context.transaction.TransactionalTestExecutionListener@77d2e85, org.springframework.test.context.jdbc.SqlScriptsTestExecutionListener@3ecd267f, org.springframework.test.context.event.EventPublishingTestExecutionListener@58ffcbd7, org.springframework.security.test.context.support.WithSecurityContextTestExecutionListener@555cf22, org.springframework.security.test.context.support.ReactorContextTestExecutionListener@6bb2d00b, org.springframework.boot.test.mock.mockito.ResetMocksTestExecutionListener@3c9bfddc, org.springframework.boot.test.autoconfigure.restdocs.RestDocsTestExecutionListener@1a9c38eb, org.springframework.boot.test.autoconfigure.web.client.MockRestServiceServerResetTestExecutionListener@319bc845, org.springframework.boot.test.autoconfigure.web.servlet.MockMvcPrintOnlyOnFailureTestExecutionListener@4c5474f5, org.springframework.boot.test.autoconfigure.web.servlet.WebDriverTestExecutionListener@2f4205be, org.springframework.boot.test.autoconfigure.webservices.client.MockWebServiceServerTestExecutionListener@54e22bdd, org.springframework.cloud.contract.stubrunner.provider.wiremock.StubRunnerWireMockTestExecutionListener@3bd418e4, org.springframework.cloud.contract.wiremock.WireMockTestExecutionListener@544820b7]
14:09:04.774 [main] DEBUG org.springframework.core.env.StandardEnvironment - Activating profiles [dev, inttest, test]
14:09:04.778 [main] DEBUG org.springframework.test.context.support.TestPropertySourceUtils - Adding inlined properties to environment: {spring.jmx.enabled=false, org.springframework.boot.test.context.SpringBootTestContextBootstrapper=true, server.port=0}

  .   ____          _            __ _ _
 /\\ / ___'_ __ _ _(_)_ __  __ _ \ \ \ \
( ( )\___ | '_ | '_| | '_ \/ _` | \ \ \ \
 \\/  ___)| |_)| | | | | || (_| |  ) ) ) )
  '  |____| .__|_| |_|_| |_\__, | / / / /
 =========|_|==============|___/=/_/_/_/
 :: Spring Boot ::                (v2.5.1)

2023-01-30T14:09:05,132Z INFO  25214 BFF [           main] iris.client_bff.config.EmailConfigTests  : Starting EmailConfigTests using Java 11.0.17 on repairnator with PID 25214 (started by gabsko in /home/gabsko/breaking-updates/iris-client-bff)
2023-01-30T14:09:05,134Z DEBUG 25214 BFF [           main] iris.client_bff.config.EmailConfigTests  : Running with Spring Boot v2.5.1, Spring v5.3.8
2023-01-30T14:09:05,134Z INFO  25214 BFF [           main] iris.client_bff.config.EmailConfigTests  : The following profiles are active: dev,h2_db,dev_env,dev_auth,local,inttest,test
2023-01-30T14:09:06,488Z INFO  25214 BFF [           main] .s.d.r.c.RepositoryConfigurationDelegate : Bootstrapping Spring Data JPA repositories in DEFAULT mode.
2023-01-30T14:09:06,670Z INFO  25214 BFF [           main] .s.d.r.c.RepositoryConfigurationDelegate : Finished Spring Data repository scanning in 176 ms. Found 8 JPA repository interfaces.
2023-01-30T14:09:07,073Z INFO  25214 BFF [           main] trationDelegate$BeanPostProcessorChecker : Bean 'org.springframework.boot.autoconfigure.flyway.FlywayAutoConfiguration' of type [org.springframework.boot.autoconfigure.flyway.FlywayAutoConfiguration] is not eligible for getting processed by all BeanPostProcessors (for example: not eligible for auto-proxying)
2023-01-30T14:09:07,077Z INFO  25214 BFF [           main] trationDelegate$BeanPostProcessorChecker : Bean 'stringOrNumberMigrationVersionConverter' of type [org.springframework.boot.autoconfigure.flyway.FlywayAutoConfiguration$StringOrNumberToMigrationVersionConverter] is not eligible for getting processed by all BeanPostProcessors (for example: not eligible for auto-proxying)
2023-01-30T14:09:07,086Z INFO  25214 BFF [           main] trationDelegate$BeanPostProcessorChecker : Bean 'spring.mail-org.springframework.boot.autoconfigure.mail.MailProperties' of type [org.springframework.boot.autoconfigure.mail.MailProperties] is not eligible for getting processed by all BeanPostProcessors (for example: not eligible for auto-proxying)
2023-01-30T14:09:07,086Z DEBUG 25214 BFF [           main] i.c.c.mail.support.GreenMailEmailServer  : GreenMail: Mail server is startedâ€¦
2023-01-30T14:09:07,349Z INFO  25214 BFF [           main] i.c.c.mail.support.GreenMailEmailServer  : GreenMail: Mail server successfully started on localhost: SMTPS = 42611; IMAPS = 3993
2023-01-30T14:09:07,458Z INFO  25214 BFF [           main] trationDelegate$BeanPostProcessorChecker : Bean 'org.springframework.security.access.expression.method.DefaultMethodSecurityExpressionHandler@31940704' of type [org.springframework.security.access.expression.method.DefaultMethodSecurityExpressionHandler] is not eligible for getting processed by all BeanPostProcessors (for example: not eligible for auto-proxying)
2023-01-30T14:09:07,470Z INFO  25214 BFF [           main] trationDelegate$BeanPostProcessorChecker : Bean 'methodSecurityMetadataSource' of type [org.springframework.security.access.method.DelegatingMethodSecurityMetadataSource] is not eligible for getting processed by all BeanPostProcessors (for example: not eligible for auto-proxying)
2023-01-30T14:09:07,807Z INFO  25214 BFF [           main] o.s.b.w.embedded.tomcat.TomcatWebServer  : Tomcat initialized with port(s): 0 (http)
2023-01-30T14:09:07,816Z INFO  25214 BFF [           main] o.apache.catalina.core.StandardService   : Starting service [Tomcat]
2023-01-30T14:09:07,817Z INFO  25214 BFF [           main] org.apache.catalina.core.StandardEngine  : Starting Servlet engine: [Apache Tomcat/9.0.46]
2023-01-30T14:09:07,925Z INFO  25214 BFF [           main] o.a.c.c.C.[Tomcat].[localhost].[/]       : Initializing Spring embedded WebApplicationContext
2023-01-30T14:09:07,926Z INFO  25214 BFF [           main] w.s.c.ServletWebServerApplicationContext : Root WebApplicationContext: initialization completed in 2533 ms
2023-01-30T14:09:08,157Z INFO  25214 BFF [           main] com.zaxxer.hikari.HikariDataSource       : HikariPool-1 - Starting...
2023-01-30T14:09:08,328Z INFO  25214 BFF [           main] com.zaxxer.hikari.HikariDataSource       : HikariPool-1 - Start completed.
2023-01-30T14:09:08,335Z INFO  25214 BFF [           main] o.s.b.a.h2.H2ConsoleAutoConfiguration    : H2 console available at '/h2-console'. Database available at 'jdbc:h2:mem:3c756aa8-d065-4b8a-8d34-cacf1ce331ef'
2023-01-30T14:09:08,614Z INFO  25214 BFF [           main] o.f.c.internal.license.VersionPrinter    : Flyway Community Edition 7.7.3 by Redgate
2023-01-30T14:09:08,643Z INFO  25214 BFF [           main] o.f.c.i.database.base.DatabaseType       : Database: jdbc:h2:mem:3c756aa8-d065-4b8a-8d34-cacf1ce331ef (H2 1.4)
2023-01-30T14:09:08,717Z DEBUG 25214 BFF [           main] iris.client_bff.config.FlywayConfig      :  | ErrorCode: RESOLVED_VERSIONED_MIGRATION_NOT_APPLIED | ErrorMessage: Detected resolved migration not applied to database: 1001. To fix this error, either run migrate, or set -ignorePendingMigrations=true.
2023-01-30T14:09:08,717Z DEBUG 25214 BFF [           main] iris.client_bff.config.FlywayConfig      :  | ErrorCode: RESOLVED_VERSIONED_MIGRATION_NOT_APPLIED | ErrorMessage: Detected resolved migration not applied to database: 1002. To fix this error, either run migrate, or set -ignorePendingMigrations=true.
2023-01-30T14:09:08,717Z DEBUG 25214 BFF [           main] iris.client_bff.config.FlywayConfig      :  | ErrorCode: RESOLVED_VERSIONED_MIGRATION_NOT_APPLIED | ErrorMessage: Detected resolved migration not applied to database: 1003. To fix this error, either run migrate, or set -ignorePendingMigrations=true.
2023-01-30T14:09:08,717Z DEBUG 25214 BFF [           main] iris.client_bff.config.FlywayConfig      :  | ErrorCode: RESOLVED_VERSIONED_MIGRATION_NOT_APPLIED | ErrorMessage: Detected resolved migration not applied to database: 1004. To fix this error, either run migrate, or set -ignorePendingMigrations=true.
2023-01-30T14:09:08,717Z DEBUG 25214 BFF [           main] iris.client_bff.config.FlywayConfig      :  | ErrorCode: RESOLVED_VERSIONED_MIGRATION_NOT_APPLIED | ErrorMessage: Detected resolved migration not applied to database: 1005. To fix this error, either run migrate, or set -ignorePendingMigrations=true.
2023-01-30T14:09:08,717Z DEBUG 25214 BFF [           main] iris.client_bff.config.FlywayConfig      :  | ErrorCode: RESOLVED_VERSIONED_MIGRATION_NOT_APPLIED | ErrorMessage: Detected resolved migration not applied to database: 1006. To fix this error, either run migrate, or set -ignorePendingMigrations=true.
2023-01-30T14:09:08,718Z INFO  25214 BFF [           main] o.f.c.internal.license.VersionPrinter    : Flyway Community Edition 7.7.3 by Redgate
2023-01-30T14:09:08,731Z INFO  25214 BFF [           main] o.f.core.internal.command.DbValidate     : Successfully validated 6 migrations (execution time 00:00.008s)
2023-01-30T14:09:08,743Z INFO  25214 BFF [           main] o.f.c.i.s.JdbcTableSchemaHistory         : Creating Schema History table "PUBLIC"."flyway_schema_history" ...
2023-01-30T14:09:08,760Z INFO  25214 BFF [           main] o.f.c.i.s.DefaultSqlScriptExecutor       : 0 rows affected
2023-01-30T14:09:08,764Z INFO  25214 BFF [           main] o.f.c.i.s.DefaultSqlScriptExecutor       : 0 rows affected
2023-01-30T14:09:08,786Z INFO  25214 BFF [           main] o.f.core.internal.command.DbMigrate      : Current version of schema "PUBLIC": << Empty Schema >>
2023-01-30T14:09:08,797Z INFO  25214 BFF [           main] o.f.core.internal.command.DbMigrate      : Migrating schema "PUBLIC" to version "1001 - Initial schema"
2023-01-30T14:09:08,801Z INFO  25214 BFF [           main] o.f.c.i.s.DefaultSqlScriptExecutor       : 0 rows affected
2023-01-30T14:09:08,803Z INFO  25214 BFF [           main] o.f.c.i.s.DefaultSqlScriptExecutor       : 0 rows affected
2023-01-30T14:09:08,805Z INFO  25214 BFF [           main] o.f.c.i.s.DefaultSqlScriptExecutor       : 0 rows affected
2023-01-30T14:09:08,812Z INFO  25214 BFF [           main] o.f.c.i.s.DefaultSqlScriptExecutor       : 0 rows affected
2023-01-30T14:09:08,814Z INFO  25214 BFF [           main] o.f.c.i.s.DefaultSqlScriptExecutor       : 0 rows affected
2023-01-30T14:09:08,820Z INFO  25214 BFF [           main] o.f.c.i.s.DefaultSqlScriptExecutor       : 0 rows affected
2023-01-30T14:09:08,824Z INFO  25214 BFF [           main] o.f.c.i.s.DefaultSqlScriptExecutor       : 0 rows affected
2023-01-30T14:09:08,827Z INFO  25214 BFF [           main] o.f.c.i.s.DefaultSqlScriptExecutor       : 0 rows affected
2023-01-30T14:09:08,830Z INFO  25214 BFF [           main] o.f.c.i.s.DefaultSqlScriptExecutor       : 0 rows affected
2023-01-30T14:09:08,832Z INFO  25214 BFF [           main] o.f.c.i.s.DefaultSqlScriptExecutor       : 0 rows affected
2023-01-30T14:09:08,855Z INFO  25214 BFF [           main] o.f.core.internal.command.DbMigrate      : Migrating schema "PUBLIC" to version "1002 - introduce announcements"
2023-01-30T14:09:08,871Z INFO  25214 BFF [           main] o.f.c.i.s.DefaultSqlScriptExecutor       : 0 rows affected
2023-01-30T14:09:08,892Z INFO  25214 BFF [           main] o.f.core.internal.command.DbMigrate      : Migrating schema "PUBLIC" to version "1003 - introduce allowed tokens"
2023-01-30T14:09:08,895Z INFO  25214 BFF [           main] o.f.c.i.s.DefaultSqlScriptExecutor       : 0 rows affected
2023-01-30T14:09:08,916Z INFO  25214 BFF [           main] o.f.core.internal.command.DbMigrate      : Migrating schema "PUBLIC" to version "1004 - add cases"
2023-01-30T14:09:08,921Z INFO  25214 BFF [           main] o.f.c.i.s.DefaultSqlScriptExecutor       : 0 rows affected
2023-01-30T14:09:08,926Z INFO  25214 BFF [           main] o.f.c.i.s.DefaultSqlScriptExecutor       : 0 rows affected
2023-01-30T14:09:08,930Z INFO  25214 BFF [           main] o.f.c.i.s.DefaultSqlScriptExecutor       : 0 rows affected
2023-01-30T14:09:08,934Z INFO  25214 BFF [           main] o.f.c.i.s.DefaultSqlScriptExecutor       : 0 rows affected
2023-01-30T14:09:08,938Z INFO  25214 BFF [           main] o.f.c.i.s.DefaultSqlScriptExecutor       : 0 rows affected
2023-01-30T14:09:08,951Z INFO  25214 BFF [           main] o.f.core.internal.command.DbMigrate      : Migrating schema "PUBLIC" to version "1005 - add login attempts"
2023-01-30T14:09:08,952Z INFO  25214 BFF [           main] o.f.c.i.s.DefaultSqlScriptExecutor       : 0 rows affected
2023-01-30T14:09:08,964Z INFO  25214 BFF [           main] o.f.core.internal.command.DbMigrate      : Migrating schema "PUBLIC" to version "1006 - login attempts rename column"
2023-01-30T14:09:08,964Z INFO  25214 BFF [           main] o.f.c.i.s.DefaultSqlScriptExecutor       : 0 rows affected
2023-01-30T14:09:08,975Z INFO  25214 BFF [           main] o.f.core.internal.command.DbMigrate      : Successfully applied 6 migrations to schema "PUBLIC", now at version v1006 (execution time 00:00.199s)
2023-01-30T14:09:09,111Z INFO  25214 BFF [           main] o.hibernate.jpa.internal.util.LogHelper  : HHH000204: Processing PersistenceUnitInfo [name: default]
2023-01-30T14:09:09,165Z INFO  25214 BFF [           main] org.hibernate.Version                    : HHH000412: Hibernate ORM core version 5.4.32.Final
2023-01-30T14:09:09,262Z INFO  25214 BFF [           main] o.hibernate.annotations.common.Version   : HCANN000001: Hibernate Commons Annotations {5.1.2.Final}
2023-01-30T14:09:09,354Z INFO  25214 BFF [           main] org.hibernate.dialect.Dialect            : HHH000400: Using dialect: org.hibernate.dialect.H2Dialect
2023-01-30T14:09:10,145Z INFO  25214 BFF [           main] o.h.e.t.j.p.i.JtaPlatformInitiator       : HHH000490: Using JtaPlatform implementation: [org.hibernate.engine.transaction.jta.platform.internal.NoJtaPlatform]
2023-01-30T14:09:10,152Z INFO  25214 BFF [           main] j.LocalContainerEntityManagerFactoryBean : Initialized JPA EntityManagerFactory for persistence unit 'default'
2023-01-30T14:09:11,322Z WARN  25214 BFF [           main] JpaBaseConfiguration$JpaWebConfiguration : spring.jpa.open-in-view is enabled by default. Therefore, database queries may be performed during view rendering. Explicitly configure spring.jpa.open-in-view to disable this warning
2023-01-30T14:09:11,435Z INFO  25214 BFF [           main] i.client_bff.auth.db.InitialAdminLoader  : Create admin user [admin]
2023-01-30T14:09:12,180Z ERROR 25214 BFF [           main] c.g.jsonrpc4j.JsonRpcBasicServer         : Could not find javax.jws.WebParam.name

java.lang.ClassNotFoundException: javax.jws.WebParam
	at java.base/jdk.internal.loader.BuiltinClassLoader.loadClass(BuiltinClassLoader.java:581)
	at java.base/jdk.internal.loader.ClassLoaders$AppClassLoader.loadClass(ClassLoaders.java:178)
	at java.base/java.lang.ClassLoader.loadClass(ClassLoader.java:522)
	at com.googlecode.jsonrpc4j.JsonRpcBasicServer.loadAnnotationSupportEngine(JsonRpcBasicServer.java:138)
	at com.googlecode.jsonrpc4j.JsonRpcBasicServer.<clinit>(JsonRpcBasicServer.java:64)
	at com.googlecode.jsonrpc4j.spring.AbstractCompositeJsonServiceExporter.afterPropertiesSet(AbstractCompositeJsonServiceExporter.java:69)
	at org.springframework.beans.factory.support.AbstractAutowireCapableBeanFactory.invokeInitMethods(AbstractAutowireCapableBeanFactory.java:1845)
	at org.springframework.beans.factory.support.AbstractAutowireCapableBeanFactory.initializeBean(AbstractAutowireCapableBeanFactory.java:1782)
	at org.springframework.beans.factory.support.AbstractAutowireCapableBeanFactory.doCreateBean(AbstractAutowireCapableBeanFactory.java:602)
	at org.springframework.beans.factory.support.AbstractAutowireCapableBeanFactory.createBean(AbstractAutowireCapableBeanFactory.java:524)
	at org.springframework.beans.factory.support.AbstractBeanFactory.lambda$doGetBean$0(AbstractBeanFactory.java:335)
	at org.springframework.beans.factory.support.DefaultSingletonBeanRegistry.getSingleton(DefaultSingletonBeanRegistry.java:234)
	at org.springframework.beans.factory.support.AbstractBeanFactory.doGetBean(AbstractBeanFactory.java:333)
	at org.springframework.beans.factory.support.AbstractBeanFactory.getBean(AbstractBeanFactory.java:208)
	at org.springframework.context.support.AbstractApplicationContext.getBean(AbstractApplicationContext.java:1154)
	at org.springframework.web.servlet.handler.AbstractUrlHandlerMapping.registerHandler(AbstractUrlHandlerMapping.java:420)
	at org.springframework.web.servlet.handler.AbstractUrlHandlerMapping.registerHandler(AbstractUrlHandlerMapping.java:398)
	at org.springframework.web.servlet.handler.AbstractDetectingUrlHandlerMapping.detectHandlers(AbstractDetectingUrlHandlerMapping.java:81)
	at org.springframework.web.servlet.handler.AbstractDetectingUrlHandlerMapping.initApplicationContext(AbstractDetectingUrlHandlerMapping.java:59)
	at org.springframework.context.support.ApplicationObjectSupport.initApplicationContext(ApplicationObjectSupport.java:124)
	at org.springframework.web.context.support.WebApplicationObjectSupport.initApplicationContext(WebApplicationObjectSupport.java:78)
	at org.springframework.context.support.ApplicationObjectSupport.setApplicationContext(ApplicationObjectSupport.java:78)
	at org.springframework.context.support.ApplicationContextAwareProcessor.invokeAwareInterfaces(ApplicationContextAwareProcessor.java:128)
	at org.springframework.context.support.ApplicationContextAwareProcessor.postProcessBeforeInitialization(ApplicationContextAwareProcessor.java:102)
	at org.springframework.beans.factory.support.AbstractAutowireCapableBeanFactory.applyBeanPostProcessorsBeforeInitialization(AbstractAutowireCapableBeanFactory.java:422)
	at org.springframework.beans.factory.support.AbstractAutowireCapableBeanFactory.initializeBean(AbstractAutowireCapableBeanFactory.java:1778)
	at org.springframework.beans.factory.support.AbstractAutowireCapableBeanFactory.doCreateBean(AbstractAutowireCapableBeanFactory.java:602)
	at org.springframework.beans.factory.support.AbstractAutowireCapableBeanFactory.createBean(AbstractAutowireCapableBeanFactory.java:524)
	at org.springframework.beans.factory.support.AbstractBeanFactory.lambda$doGetBean$0(AbstractBeanFactory.java:335)
	at org.springframework.beans.factory.support.DefaultSingletonBeanRegistry.getSingleton(DefaultSingletonBeanRegistry.java:234)
	at org.springframework.beans.factory.support.AbstractBeanFactory.doGetBean(AbstractBeanFactory.java:333)
	at org.springframework.beans.factory.support.AbstractBeanFactory.getBean(AbstractBeanFactory.java:208)
	at org.springframework.beans.factory.support.DefaultListableBeanFactory.getBeansOfType(DefaultListableBeanFactory.java:671)
	at org.springframework.context.support.AbstractApplicationContext.getBeansOfType(AbstractApplicationContext.java:1308)
	at org.springframework.beans.factory.BeanFactoryUtils.beansOfTypeIncludingAncestors(BeanFactoryUtils.java:378)
	at org.springframework.web.servlet.handler.HandlerMappingIntrospector.initHandlerMappings(HandlerMappingIntrospector.java:227)
	at org.springframework.web.servlet.handler.HandlerMappingIntrospector.afterPropertiesSet(HandlerMappingIntrospector.java:123)
	at org.springframework.beans.factory.support.AbstractAutowireCapableBeanFactory.invokeInitMethods(AbstractAutowireCapableBeanFactory.java:1845)
	at org.springframework.beans.factory.support.AbstractAutowireCapableBeanFactory.initializeBean(AbstractAutowireCapableBeanFactory.java:1782)
	at org.springframework.beans.factory.support.AbstractAutowireCapableBeanFactory.doCreateBean(AbstractAutowireCapableBeanFactory.java:602)
	at org.springframework.beans.factory.support.AbstractAutowireCapableBeanFactory.createBean(AbstractAutowireCapableBeanFactory.java:524)
	at org.springframework.beans.factory.support.AbstractBeanFactory.lambda$doGetBean$0(AbstractBeanFactory.java:335)
	at org.springframework.beans.factory.support.DefaultSingletonBeanRegistry.getSingleton(DefaultSingletonBeanRegistry.java:234)
	at org.springframework.beans.factory.support.AbstractBeanFactory.doGetBean(AbstractBeanFactory.java:333)
	at org.springframework.beans.factory.support.AbstractBeanFactory.getBean(AbstractBeanFactory.java:213)
	at org.springframework.context.support.AbstractApplicationContext.getBean(AbstractApplicationContext.java:1160)
	at org.springframework.security.config.annotation.web.AbstractRequestMatcherRegistry.createMvcMatchers(AbstractRequestMatcherRegistry.java:171)
	at org.springframework.security.config.annotation.web.configurers.ExpressionUrlAuthorizationConfigurer$ExpressionInterceptUrlRegistry.mvcMatchers(ExpressionUrlAuthorizationConfigurer.java:213)
	at org.springframework.security.config.annotation.web.configurers.ExpressionUrlAuthorizationConfigurer$ExpressionInterceptUrlRegistry.mvcMatchers(ExpressionUrlAuthorizationConfigurer.java:218)
	at iris.client_bff.auth.db.DbAuthSecurityAdapter.configure(DbAuthSecurityAdapter.java:61)
	at org.springframework.security.config.annotation.web.configuration.WebSecurityConfigurerAdapter.getHttp(WebSecurityConfigurerAdapter.java:217)
	at org.springframework.security.config.annotation.web.configuration.WebSecurityConfigurerAdapter.init(WebSecurityConfigurerAdapter.java:315)
	at org.springframework.security.config.annotation.web.configuration.WebSecurityConfigurerAdapter.init(WebSecurityConfigurerAdapter.java:93)
	at iris.client_bff.auth.db.DbAuthSecurityAdapter$$EnhancerBySpringCGLIB$$b2cf8fce.init(<generated>)
	at org.springframework.security.config.annotation.AbstractConfiguredSecurityBuilder.init(AbstractConfiguredSecurityBuilder.java:338)
	at org.springframework.security.config.annotation.AbstractConfiguredSecurityBuilder.doBuild(AbstractConfiguredSecurityBuilder.java:300)
	at org.springframework.security.config.annotation.AbstractSecurityBuilder.build(AbstractSecurityBuilder.java:38)
	at org.springframework.security.config.annotation.web.configuration.WebSecurityConfiguration.springSecurityFilterChain(WebSecurityConfiguration.java:127)
	at java.base/jdk.internal.reflect.NativeMethodAccessorImpl.invoke0(Native Method)
	at java.base/jdk.internal.reflect.NativeMethodAccessorImpl.invoke(NativeMethodAccessorImpl.java:62)
	at java.base/jdk.internal.reflect.DelegatingMethodAccessorImpl.invoke(DelegatingMethodAccessorImpl.java:43)
	at java.base/java.lang.reflect.Method.invoke(Method.java:566)
	at org.springframework.beans.factory.support.SimpleInstantiationStrategy.instantiate(SimpleInstantiationStrategy.java:154)
	at org.springframework.beans.factory.support.ConstructorResolver.instantiate(ConstructorResolver.java:653)
	at org.springframework.beans.factory.support.ConstructorResolver.instantiateUsingFactoryMethod(ConstructorResolver.java:486)
	at org.springframework.beans.factory.support.AbstractAutowireCapableBeanFactory.instantiateUsingFactoryMethod(AbstractAutowireCapableBeanFactory.java:1334)
	at org.springframework.beans.factory.support.AbstractAutowireCapableBeanFactory.createBeanInstance(AbstractAutowireCapableBeanFactory.java:1177)
	at org.springframework.beans.factory.support.AbstractAutowireCapableBeanFactory.doCreateBean(AbstractAutowireCapableBeanFactory.java:564)
	at org.springframework.beans.factory.support.AbstractAutowireCapableBeanFactory.createBean(AbstractAutowireCapableBeanFactory.java:524)
	at org.springframework.beans.factory.support.AbstractBeanFactory.lambda$doGetBean$0(AbstractBeanFactory.java:335)
	at org.springframework.beans.factory.support.DefaultSingletonBeanRegistry.getSingleton(DefaultSingletonBeanRegistry.java:234)
	at org.springframework.beans.factory.support.AbstractBeanFactory.doGetBean(AbstractBeanFactory.java:333)
	at org.springframework.beans.factory.support.AbstractBeanFactory.getBean(AbstractBeanFactory.java:208)
	at org.springframework.beans.factory.support.AbstractBeanFactory.doGetBean(AbstractBeanFactory.java:322)
	at org.springframework.beans.factory.support.AbstractBeanFactory.getBean(AbstractBeanFactory.java:208)
	at org.springframework.beans.factory.support.DefaultListableBeanFactory.preInstantiateSingletons(DefaultListableBeanFactory.java:944)
	at org.springframework.context.support.AbstractApplicationContext.finishBeanFactoryInitialization(AbstractApplicationContext.java:918)
	at org.springframework.context.support.AbstractApplicationContext.refresh(AbstractApplicationContext.java:583)
	at org.springframework.boot.web.servlet.context.ServletWebServerApplicationContext.refresh(ServletWebServerApplicationContext.java:145)
	at org.springframework.boot.SpringApplication.refresh(SpringApplication.java:754)
	at org.springframework.boot.SpringApplication.refreshContext(SpringApplication.java:434)
	at org.springframework.boot.SpringApplication.run(SpringApplication.java:338)
	at org.springframework.boot.test.context.SpringBootContextLoader.loadContext(SpringBootContextLoader.java:123)
	at org.springframework.test.context.cache.DefaultCacheAwareContextLoaderDelegate.loadContextInternal(DefaultCacheAwareContextLoaderDelegate.java:99)
	at org.springframework.test.context.cache.DefaultCacheAwareContextLoaderDelegate.loadContext(DefaultCacheAwareContextLoaderDelegate.java:124)
	at org.springframework.test.context.support.DefaultTestContext.getApplicationContext(DefaultTestContext.java:124)
	at org.springframework.test.context.junit.jupiter.SpringExtension.getApplicationContext(SpringExtension.java:283)
	at org.springframework.test.context.junit.jupiter.SpringExtension.resolveParameter(SpringExtension.java:269)
	at org.junit.jupiter.engine.execution.ExecutableInvoker.resolveParameter(ExecutableInvoker.java:216)
	at org.junit.jupiter.engine.execution.ExecutableInvoker.resolveParameters(ExecutableInvoker.java:183)
	at org.junit.jupiter.engine.execution.ExecutableInvoker.invoke(ExecutableInvoker.java:74)
	at org.junit.jupiter.engine.descriptor.ClassBasedTestDescriptor.invokeTestClassConstructor(ClassBasedTestDescriptor.java:342)
	at org.junit.jupiter.engine.descriptor.ClassBasedTestDescriptor.instantiateTestClass(ClassBasedTestDescriptor.java:289)
	at org.junit.jupiter.engine.descriptor.ClassTestDescriptor.instantiateTestClass(ClassTestDescriptor.java:79)
	at org.junit.jupiter.engine.descriptor.ClassBasedTestDescriptor.instantiateAndPostProcessTestInstance(ClassBasedTestDescriptor.java:267)
	at org.junit.jupiter.engine.descriptor.ClassBasedTestDescriptor.lambda$testInstancesProvider$2(ClassBasedTestDescriptor.java:259)
	at java.base/java.util.Optional.orElseGet(Optional.java:369)
	at org.junit.jupiter.engine.descriptor.ClassBasedTestDescriptor.lambda$testInstancesProvider$3(ClassBasedTestDescriptor.java:258)
	at org.junit.jupiter.engine.execution.TestInstancesProvider.getTestInstances(TestInstancesProvider.java:31)
	at org.junit.jupiter.engine.descriptor.ClassBasedTestDescriptor.lambda$before$0(ClassBasedTestDescriptor.java:184)
	at org.junit.platform.engine.support.hierarchical.ThrowableCollector.execute(ThrowableCollector.java:73)
	at org.junit.jupiter.engine.descriptor.ClassBasedTestDescriptor.before(ClassBasedTestDescriptor.java:183)
	at org.junit.jupiter.engine.descriptor.ClassBasedTestDescriptor.before(ClassBasedTestDescriptor.java:78)
	at org.junit.platform.engine.support.hierarchical.NodeTestTask.lambda$executeRecursively$5(NodeTestTask.java:136)
	at org.junit.platform.engine.support.hierarchical.ThrowableCollector.execute(ThrowableCollector.java:73)
	at org.junit.platform.engine.support.hierarchical.NodeTestTask.lambda$executeRecursively$7(NodeTestTask.java:129)
	at org.junit.platform.engine.support.hierarchical.Node.around(Node.java:137)
	at org.junit.platform.engine.support.hierarchical.NodeTestTask.lambda$executeRecursively$8(NodeTestTask.java:127)
	at org.junit.platform.engine.support.hierarchical.ThrowableCollector.execute(ThrowableCollector.java:73)
	at org.junit.platform.engine.support.hierarchical.NodeTestTask.executeRecursively(NodeTestTask.java:126)
	at org.junit.platform.engine.support.hierarchical.NodeTestTask.execute(NodeTestTask.java:84)
	at java.base/java.util.ArrayList.forEach(ArrayList.java:1541)
	at org.junit.platform.engine.support.hierarchical.SameThreadHierarchicalTestExecutorService.invokeAll(SameThreadHierarchicalTestExecutorService.java:38)
	at org.junit.platform.engine.support.hierarchical.NodeTestTask.lambda$executeRecursively$5(NodeTestTask.java:143)
	at org.junit.platform.engine.support.hierarchical.ThrowableCollector.execute(ThrowableCollector.java:73)
	at org.junit.platform.engine.support.hierarchical.NodeTestTask.lambda$executeRecursively$7(NodeTestTask.java:129)
	at org.junit.platform.engine.support.hierarchical.Node.around(Node.java:137)
	at org.junit.platform.engine.support.hierarchical.NodeTestTask.lambda$executeRecursively$8(NodeTestTask.java:127)
	at org.junit.platform.engine.support.hierarchical.ThrowableCollector.execute(ThrowableCollector.java:73)
	at org.junit.platform.engine.support.hierarchical.NodeTestTask.executeRecursively(NodeTestTask.java:126)
	at org.junit.platform.engine.support.hierarchical.NodeTestTask.execute(NodeTestTask.java:84)
	at org.junit.platform.engine.support.hierarchical.SameThreadHierarchicalTestExecutorService.submit(SameThreadHierarchicalTestExecutorService.java:32)
	at org.junit.platform.engine.support.hierarchical.HierarchicalTestExecutor.execute(HierarchicalTestExecutor.java:57)
	at org.junit.platform.engine.support.hierarchical.HierarchicalTestEngine.execute(HierarchicalTestEngine.java:51)
	at org.junit.platform.launcher.core.DefaultLauncher.execute(DefaultLauncher.java:170)
	at org.junit.platform.launcher.core.DefaultLauncher.execute(DefaultLauncher.java:154)
	at org.junit.platform.launcher.core.DefaultLauncher.execute(DefaultLauncher.java:90)
	at org.apache.maven.surefire.junitplatform.JUnitPlatformProvider.invokeAllTests(JUnitPlatformProvider.java:142)
	at org.apache.maven.surefire.junitplatform.JUnitPlatformProvider.invoke(JUnitPlatformProvider.java:117)
	at org.apache.maven.surefire.booter.ForkedBooter.invokeProviderInSameClassLoader(ForkedBooter.java:383)
	at org.apache.maven.surefire.booter.ForkedBooter.runSuitesInProcess(ForkedBooter.java:344)
	at org.apache.maven.surefire.booter.ForkedBooter.execute(ForkedBooter.java:125)
	at org.apache.maven.surefire.booter.ForkedBooter.main(ForkedBooter.java:417)

2023-01-30T14:09:13,197Z INFO  25214 BFF [           main] o.s.b.a.e.web.EndpointLinksResolver      : Exposing 3 endpoint(s) beneath base path '/actuator'
2023-01-30T14:09:13,334Z INFO  25214 BFF [           main] o.s.s.web.DefaultSecurityFilterChain     : Will secure any request with [org.springframework.security.web.context.request.async.WebAsyncManagerIntegrationFilter@2f75c413, org.springframework.security.web.context.SecurityContextPersistenceFilter@4f0e6be, org.springframework.security.web.header.HeaderWriterFilter@7680cb52, org.springframework.web.filter.CorsFilter@61f990b, org.springframework.security.web.authentication.logout.LogoutFilter@5fa49615, iris.client_bff.auth.db.JWTAuthenticationFilter@7c63146c, iris.client_bff.auth.db.JWTAuthorizationFilter@5b2235a5, org.springframework.security.web.savedrequest.RequestCacheAwareFilter@5623354e, org.springframework.security.web.servletapi.SecurityContextHolderAwareRequestFilter@68b5a37d, org.springframework.security.web.authentication.AnonymousAuthenticationFilter@5af6378e, org.springframework.security.web.session.SessionManagementFilter@79b01476, org.springframework.security.web.access.ExceptionTranslationFilter@b8d8fb7, org.springframework.security.web.access.intercept.FilterSecurityInterceptor@450555ac]
2023-01-30T14:09:13,884Z WARN  25214 BFF [           main] o.s.b.a.f.FreeMarkerAutoConfiguration    : Cannot find template location(s): [classpath:/templates/] (please add some templates, check your FreeMarker configuration, or set spring.freemarker.checkTemplateLocation=false)
2023-01-30T14:09:13,990Z INFO  25214 BFF [           main] o.a.c.c.C.[Tomcat].[localhost].[/]       : Initializing Spring TestDispatcherServlet ''
2023-01-30T14:09:13,990Z INFO  25214 BFF [           main] o.s.t.web.servlet.TestDispatcherServlet  : Initializing Servlet ''
2023-01-30T14:09:13,992Z INFO  25214 BFF [           main] o.s.t.web.servlet.TestDispatcherServlet  : Completed initialization in 2 ms
2023-01-30T14:09:14,062Z INFO  25214 BFF [           main] o.s.b.w.embedded.tomcat.TomcatWebServer  : Tomcat started on port(s): 37617 (http) with context path ''
2023-01-30T14:09:14,087Z INFO  25214 BFF [           main] iris.client_bff.config.EmailConfigTests  : Started EmailConfigTests in 9.308 seconds (JVM running for 10.485)
2023-01-30T14:09:14,218Z INFO  25214 BFF [           main] iris.client_bff.config.EmailConfig       : Successfully verified email texts for locales [de].
2023-01-30T14:09:14,221Z INFO  25214 BFF [           main] iris.client_bff.DataInitializerInvoker   : Data initialization for class iris.client_bff.events.EventDataRequestsDataInitializer
2023-01-30T14:09:14,226Z DEBUG 25214 BFF [           main] i.c.e.EventDataRequestsDataInitializer   : Test data: creating data requests â€¦
2023-01-30T14:09:14,255Z INFO  25214 BFF [           main] iris.client_bff.DataInitializerInvoker   : Data initialization for class iris.client_bff.events.EventDataSubmissionsDataInitializer
2023-01-30T14:09:14,258Z DEBUG 25214 BFF [           main] .c.e.EventDataSubmissionsDataInitializer : Test data: creating data submissions â€¦
2023-01-30T14:09:14,283Z INFO  25214 BFF [           main] iris.client_bff.DataInitializerInvoker   : Data initialization for class iris.client_bff.cases.CaseDataRequestDataInitializer
2023-01-30T14:09:14,286Z DEBUG 25214 BFF [           main] i.c.c.CaseDataRequestDataInitializer     : Test data: creating data requests â€¦
2023-01-30T14:09:14,293Z INFO  25214 BFF [           main] i.client_bff.core.mail.EmailSenderReal   : Email sender initialized and ready to send out emails.
[INFO] Tests run: 1, Failures: 0, Errors: 0, Skipped: 0, Time elapsed: 10.047 s - in iris.client_bff.config.EmailConfigTests
[INFO] Running iris.client_bff.core.mail.EmailSenderIntegrationTests
2023-01-30T14:09:14,438Z INFO  25214 BFF [           main] .b.t.c.SpringBootTestContextBootstrapper : Neither @ContextConfiguration nor @ContextHierarchy found for test class [iris.client_bff.core.mail.EmailSenderIntegrationTests], using SpringBootContextLoader
2023-01-30T14:09:14,439Z INFO  25214 BFF [           main] o.s.t.c.support.AbstractContextLoader    : Could not detect default resource locations for test class [iris.client_bff.core.mail.EmailSenderIntegrationTests]: no resource found for suffixes {-context.xml, Context.groovy}.
2023-01-30T14:09:14,439Z INFO  25214 BFF [           main] t.c.s.AnnotationConfigContextLoaderUtils : Could not detect default configuration classes for test class [iris.client_bff.core.mail.EmailSenderIntegrationTests]: EmailSenderIntegrationTests does not declare any static, non-private, non-final, nested classes annotated with @Configuration.
2023-01-30T14:09:14,447Z INFO  25214 BFF [           main] .b.t.c.SpringBootTestContextBootstrapper : Found @SpringBootConfiguration iris.client_bff.IrisClientBffApplication for test class iris.client_bff.core.mail.EmailSenderIntegrationTests
2023-01-30T14:09:14,448Z INFO  25214 BFF [           main] .b.t.c.SpringBootTestContextBootstrapper : Loaded default TestExecutionListener class names from location [META-INF/spring.factories]: [org.springframework.boot.test.mock.mockito.MockitoTestExecutionListener, org.springframework.boot.test.mock.mockito.ResetMocksTestExecutionListener, org.springframework.boot.test.autoconfigure.restdocs.RestDocsTestExecutionListener, org.springframework.boot.test.autoconfigure.web.client.MockRestServiceServerResetTestExecutionListener, org.springframework.boot.test.autoconfigure.web.servlet.MockMvcPrintOnlyOnFailureTestExecutionListener, org.springframework.boot.test.autoconfigure.web.servlet.WebDriverTestExecutionListener, org.springframework.boot.test.autoconfigure.webservices.client.MockWebServiceServerTestExecutionListener, org.springframework.test.context.web.ServletTestExecutionListener, org.springframework.test.context.support.DirtiesContextBeforeModesTestExecutionListener, org.springframework.test.context.event.ApplicationEventsTestExecutionListener, org.springframework.test.context.support.DependencyInjectionTestExecutionListener, org.springframework.test.context.support.DirtiesContextTestExecutionListener, org.springframework.test.context.transaction.TransactionalTestExecutionListener, org.springframework.test.context.jdbc.SqlScriptsTestExecutionListener, org.springframework.test.context.event.EventPublishingTestExecutionListener, org.springframework.cloud.contract.stubrunner.provider.wiremock.StubRunnerWireMockTestExecutionListener, org.springframework.cloud.contract.wiremock.WireMockTestExecutionListener, org.springframework.security.test.context.support.WithSecurityContextTestExecutionListener, org.springframework.security.test.context.support.ReactorContextTestExecutionListener]
2023-01-30T14:09:14,449Z INFO  25214 BFF [           main] .b.t.c.SpringBootTestContextBootstrapper : Using TestExecutionListeners: [org.springframework.test.context.web.ServletTestExecutionListener@1cce2194, org.springframework.test.context.support.DirtiesContextBeforeModesTestExecutionListener@51645204, org.springframework.test.context.event.ApplicationEventsTestExecutionListener@472d7ab0, org.springframework.boot.test.mock.mockito.MockitoTestExecutionListener@3f36d387, org.springframework.boot.test.autoconfigure.SpringBootDependencyInjectionTestExecutionListener@52999774, org.springframework.test.context.support.DirtiesContextTestExecutionListener@211e1b51, org.springframework.test.context.transaction.TransactionalTestExecutionListener@d4a1d38, org.springframework.test.context.jdbc.SqlScriptsTestExecutionListener@4694dfd, org.springframework.test.context.event.EventPublishingTestExecutionListener@1ad55833, org.springframework.security.test.context.support.WithSecurityContextTestExecutionListener@4bc01cab, org.springframework.security.test.context.support.ReactorContextTestExecutionListener@16be6b36, org.springframework.boot.test.mock.mockito.ResetMocksTestExecutionListener@58f6dab9, org.springframework.boot.test.autoconfigure.restdocs.RestDocsTestExecutionListener@68d21554, org.springframework.boot.test.autoconfigure.web.client.MockRestServiceServerResetTestExecutionListener@23bc69a1, org.springframework.boot.test.autoconfigure.web.servlet.MockMvcPrintOnlyOnFailureTestExecutionListener@463e413b, org.springframework.boot.test.autoconfigure.web.servlet.WebDriverTestExecutionListener@28736857, org.springframework.boot.test.autoconfigure.webservices.client.MockWebServiceServerTestExecutionListener@5073b0b8, org.springframework.cloud.contract.stubrunner.provider.wiremock.StubRunnerWireMockTestExecutionListener@10c23a76, org.springframework.cloud.contract.wiremock.WireMockTestExecutionListener@24c186cc]

  .   ____          _            __ _ _
 /\\ / ___'_ __ _ _(_)_ __  __ _ \ \ \ \
( ( )\___ | '_ | '_| | '_ \/ _` | \ \ \ \
 \\/  ___)| |_)| | | | | || (_| |  ) ) ) )
  '  |____| .__|_| |_|_| |_\__, | / / / /
 =========|_|==============|___/=/_/_/_/
 :: Spring Boot ::                (v2.5.1)

2023-01-30T14:09:14,485Z INFO  25214 BFF [           main] i.c.c.mail.EmailSenderIntegrationTests   : Starting EmailSenderIntegrationTests using Java 11.0.17 on repairnator with PID 25214 (started by gabsko in /home/gabsko/breaking-updates/iris-client-bff)
2023-01-30T14:09:14,485Z DEBUG 25214 BFF [           main] i.c.c.mail.EmailSenderIntegrationTests   : Running with Spring Boot v2.5.1, Spring v5.3.8
2023-01-30T14:09:14,485Z INFO  25214 BFF [           main] i.c.c.mail.EmailSenderIntegrationTests   : The following profiles are active: dev,h2_db,dev_env,dev_auth,local,test
2023-01-30T14:09:14,823Z INFO  25214 BFF [           main] .s.d.r.c.RepositoryConfigurationDelegate : Bootstrapping Spring Data JPA repositories in DEFAULT mode.
2023-01-30T14:09:14,849Z INFO  25214 BFF [           main] .s.d.r.c.RepositoryConfigurationDelegate : Finished Spring Data repository scanning in 26 ms. Found 8 JPA repository interfaces.
2023-01-30T14:09:14,908Z INFO  25214 BFF [           main] trationDelegate$BeanPostProcessorChecker : Bean 'org.springframework.boot.autoconfigure.flyway.FlywayAutoConfiguration' of type [org.springframework.boot.autoconfigure.flyway.FlywayAutoConfiguration] is not eligible for getting processed by all BeanPostProcessors (for example: not eligible for auto-proxying)
2023-01-30T14:09:14,909Z INFO  25214 BFF [           main] trationDelegate$BeanPostProcessorChecker : Bean 'stringOrNumberMigrationVersionConverter' of type [org.springframework.boot.autoconfigure.flyway.FlywayAutoConfiguration$StringOrNumberToMigrationVersionConverter] is not eligible for getting processed by all BeanPostProcessors (for example: not eligible for auto-proxying)
2023-01-30T14:09:14,912Z INFO  25214 BFF [           main] trationDelegate$BeanPostProcessorChecker : Bean 'spring.mail-org.springframework.boot.autoconfigure.mail.MailProperties' of type [org.springframework.boot.autoconfigure.mail.MailProperties] is not eligible for getting processed by all BeanPostProcessors (for example: not eligible for auto-proxying)
2023-01-30T14:09:14,913Z DEBUG 25214 BFF [           main] i.c.c.mail.support.GreenMailEmailServer  : GreenMail: Mail server is startedâ€¦
2023-01-30T14:09:15,026Z INFO  25214 BFF [           main] i.c.c.mail.support.GreenMailEmailServer  : GreenMail: Mail server successfully started on localhost: SMTPS = 34851; IMAPS = 45543
2023-01-30T14:09:15,072Z INFO  25214 BFF [           main] trationDelegate$BeanPostProcessorChecker : Bean 'org.springframework.security.access.expression.method.DefaultMethodSecurityExpressionHandler@17b1f9a7' of type [org.springframework.security.access.expression.method.DefaultMethodSecurityExpressionHandler] is not eligible for getting processed by all BeanPostProcessors (for example: not eligible for auto-proxying)
2023-01-30T14:09:15,081Z INFO  25214 BFF [           main] trationDelegate$BeanPostProcessorChecker : Bean 'methodSecurityMetadataSource' of type [org.springframework.security.access.method.DelegatingMethodSecurityMetadataSource] is not eligible for getting processed by all BeanPostProcessors (for example: not eligible for auto-proxying)
2023-01-30T14:09:15,181Z INFO  25214 BFF [           main] o.s.b.w.embedded.tomcat.TomcatWebServer  : Tomcat initialized with port(s): 0 (http)
2023-01-30T14:09:15,182Z INFO  25214 BFF [           main] o.apache.catalina.core.StandardService   : Starting service [Tomcat]
2023-01-30T14:09:15,182Z INFO  25214 BFF [           main] org.apache.catalina.core.StandardEngine  : Starting Servlet engine: [Apache Tomcat/9.0.46]
2023-01-30T14:09:15,203Z INFO  25214 BFF [           main] o.a.c.c.C.[Tomcat-1].[localhost].[/]     : Initializing Spring embedded WebApplicationContext
2023-01-30T14:09:15,203Z INFO  25214 BFF [           main] w.s.c.ServletWebServerApplicationContext : Root WebApplicationContext: initialization completed in 716 ms
2023-01-30T14:09:15,293Z INFO  25214 BFF [           main] com.zaxxer.hikari.HikariDataSource       : HikariPool-2 - Starting...
2023-01-30T14:09:15,295Z INFO  25214 BFF [           main] com.zaxxer.hikari.HikariDataSource       : HikariPool-2 - Start completed.
2023-01-30T14:09:15,295Z INFO  25214 BFF [           main] o.s.b.a.h2.H2ConsoleAutoConfiguration    : H2 console available at '/h2-console'. Database available at 'jdbc:h2:mem:881adbaf-1ede-4e6b-bcb7-fe06341d7864'
2023-01-30T14:09:15,375Z INFO  25214 BFF [           main] o.f.c.internal.license.VersionPrinter    : Flyway Community Edition 7.7.3 by Redgate
2023-01-30T14:09:15,377Z INFO  25214 BFF [           main] o.f.c.i.database.base.DatabaseType       : Database: jdbc:h2:mem:881adbaf-1ede-4e6b-bcb7-fe06341d7864 (H2 1.4)
2023-01-30T14:09:15,387Z DEBUG 25214 BFF [           main] iris.client_bff.config.FlywayConfig      :  | ErrorCode: RESOLVED_VERSIONED_MIGRATION_NOT_APPLIED | ErrorMessage: Detected resolved migration not applied to database: 1001. To fix this error, either run migrate, or set -ignorePendingMigrations=true.
2023-01-30T14:09:15,387Z DEBUG 25214 BFF [           main] iris.client_bff.config.FlywayConfig      :  | ErrorCode: RESOLVED_VERSIONED_MIGRATION_NOT_APPLIED | ErrorMessage: Detected resolved migration not applied to database: 1002. To fix this error, either run migrate, or set -ignorePendingMigrations=true.
2023-01-30T14:09:15,387Z DEBUG 25214 BFF [           main] iris.client_bff.config.FlywayConfig      :  | ErrorCode: RESOLVED_VERSIONED_MIGRATION_NOT_APPLIED | ErrorMessage: Detected resolved migration not applied to database: 1003. To fix this error, either run migrate, or set -ignorePendingMigrations=true.
2023-01-30T14:09:15,387Z DEBUG 25214 BFF [           main] iris.client_bff.config.FlywayConfig      :  | ErrorCode: RESOLVED_VERSIONED_MIGRATION_NOT_APPLIED | ErrorMessage: Detected resolved migration not applied to database: 1004. To fix this error, either run migrate, or set -ignorePendingMigrations=true.
2023-01-30T14:09:15,387Z DEBUG 25214 BFF [           main] iris.client_bff.config.FlywayConfig      :  | ErrorCode: RESOLVED_VERSIONED_MIGRATION_NOT_APPLIED | ErrorMessage: Detected resolved migration not applied to database: 1005. To fix this error, either run migrate, or set -ignorePendingMigrations=true.
2023-01-30T14:09:15,387Z DEBUG 25214 BFF [           main] iris.client_bff.config.FlywayConfig      :  | ErrorCode: RESOLVED_VERSIONED_MIGRATION_NOT_APPLIED | ErrorMessage: Detected resolved migration not applied to database: 1006. To fix this error, either run migrate, or set -ignorePendingMigrations=true.
2023-01-30T14:09:15,387Z INFO  25214 BFF [           main] o.f.c.internal.license.VersionPrinter    : Flyway Community Edition 7.7.3 by Redgate
2023-01-30T14:09:15,396Z INFO  25214 BFF [           main] o.f.core.internal.command.DbValidate     : Successfully validated 6 migrations (execution time 00:00.004s)
2023-01-30T14:09:15,404Z INFO  25214 BFF [           main] o.f.c.i.s.JdbcTableSchemaHistory         : Creating Schema History table "PUBLIC"."flyway_schema_history" ...
2023-01-30T14:09:15,407Z INFO  25214 BFF [           main] o.f.c.i.s.DefaultSqlScriptExecutor       : 0 rows affected
2023-01-30T14:09:15,407Z INFO  25214 BFF [           main] o.f.c.i.s.DefaultSqlScriptExecutor       : 0 rows affected
2023-01-30T14:09:15,413Z INFO  25214 BFF [           main] o.f.core.internal.command.DbMigrate      : Current version of schema "PUBLIC": << Empty Schema >>
2023-01-30T14:09:15,415Z INFO  25214 BFF [           main] o.f.core.internal.command.DbMigrate      : Migrating schema "PUBLIC" to version "1001 - Initial schema"
2023-01-30T14:09:15,416Z INFO  25214 BFF [           main] o.f.c.i.s.DefaultSqlScriptExecutor       : 0 rows affected
2023-01-30T14:09:15,417Z INFO  25214 BFF [           main] o.f.c.i.s.DefaultSqlScriptExecutor       : 0 rows affected
2023-01-30T14:09:15,417Z INFO  25214 BFF [           main] o.f.c.i.s.DefaultSqlScriptExecutor       : 0 rows affected
2023-01-30T14:09:15,419Z INFO  25214 BFF [           main] o.f.c.i.s.DefaultSqlScriptExecutor       : 0 rows affected
2023-01-30T14:09:15,419Z INFO  25214 BFF [           main] o.f.c.i.s.DefaultSqlScriptExecutor       : 0 rows affected
2023-01-30T14:09:15,421Z INFO  25214 BFF [           main] o.f.c.i.s.DefaultSqlScriptExecutor       : 0 rows affected
2023-01-30T14:09:15,423Z INFO  25214 BFF [           main] o.f.c.i.s.DefaultSqlScriptExecutor       : 0 rows affected
2023-01-30T14:09:15,424Z INFO  25214 BFF [           main] o.f.c.i.s.DefaultSqlScriptExecutor       : 0 rows affected
2023-01-30T14:09:15,425Z INFO  25214 BFF [           main] o.f.c.i.s.DefaultSqlScriptExecutor       : 0 rows affected
2023-01-30T14:09:15,425Z INFO  25214 BFF [           main] o.f.c.i.s.DefaultSqlScriptExecutor       : 0 rows affected
2023-01-30T14:09:15,433Z INFO  25214 BFF [           main] o.f.core.internal.command.DbMigrate      : Migrating schema "PUBLIC" to version "1002 - introduce announcements"
2023-01-30T14:09:15,436Z INFO  25214 BFF [           main] o.f.c.i.s.DefaultSqlScriptExecutor       : 0 rows affected
2023-01-30T14:09:15,444Z INFO  25214 BFF [           main] o.f.core.internal.command.DbMigrate      : Migrating schema "PUBLIC" to version "1003 - introduce allowed tokens"
2023-01-30T14:09:15,444Z INFO  25214 BFF [           main] o.f.c.i.s.DefaultSqlScriptExecutor       : 0 rows affected
2023-01-30T14:09:15,453Z INFO  25214 BFF [           main] o.f.core.internal.command.DbMigrate      : Migrating schema "PUBLIC" to version "1004 - add cases"
2023-01-30T14:09:15,455Z INFO  25214 BFF [           main] o.f.c.i.s.DefaultSqlScriptExecutor       : 0 rows affected
2023-01-30T14:09:15,459Z INFO  25214 BFF [           main] o.f.c.i.s.DefaultSqlScriptExecutor       : 0 rows affected
2023-01-30T14:09:15,463Z INFO  25214 BFF [           main] o.f.c.i.s.DefaultSqlScriptExecutor       : 0 rows affected
2023-01-30T14:09:15,467Z INFO  25214 BFF [           main] o.f.c.i.s.DefaultSqlScriptExecutor       : 0 rows affected
2023-01-30T14:09:15,470Z INFO  25214 BFF [           main] o.f.c.i.s.DefaultSqlScriptExecutor       : 0 rows affected
2023-01-30T14:09:15,486Z INFO  25214 BFF [           main] o.f.core.internal.command.DbMigrate      : Migrating schema "PUBLIC" to version "1005 - add login attempts"
2023-01-30T14:09:15,488Z INFO  25214 BFF [           main] o.f.c.i.s.DefaultSqlScriptExecutor       : 0 rows affected
2023-01-30T14:09:15,494Z INFO  25214 BFF [           main] o.f.core.internal.command.DbMigrate      : Migrating schema "PUBLIC" to version "1006 - login attempts rename column"
2023-01-30T14:09:15,495Z INFO  25214 BFF [           main] o.f.c.i.s.DefaultSqlScriptExecutor       : 0 rows affected
2023-01-30T14:09:15,501Z INFO  25214 BFF [           main] o.f.core.internal.command.DbMigrate      : Successfully applied 6 migrations to schema "PUBLIC", now at version v1006 (execution time 00:00.090s)
2023-01-30T14:09:15,534Z INFO  25214 BFF [           main] o.hibernate.jpa.internal.util.LogHelper  : HHH000204: Processing PersistenceUnitInfo [name: default]
2023-01-30T14:09:15,540Z INFO  25214 BFF [           main] org.hibernate.dialect.Dialect            : HHH000400: Using dialect: org.hibernate.dialect.H2Dialect
2023-01-30T14:09:15,702Z INFO  25214 BFF [           main] o.h.e.t.j.p.i.JtaPlatformInitiator       : HHH000490: Using JtaPlatform implementation: [org.hibernate.engine.transaction.jta.platform.internal.NoJtaPlatform]
2023-01-30T14:09:15,702Z INFO  25214 BFF [           main] j.LocalContainerEntityManagerFactoryBean : Initialized JPA EntityManagerFactory for persistence unit 'default'
2023-01-30T14:09:16,010Z WARN  25214 BFF [           main] JpaBaseConfiguration$JpaWebConfiguration : spring.jpa.open-in-view is enabled by default. Therefore, database queries may be performed during view rendering. Explicitly configure spring.jpa.open-in-view to disable this warning
2023-01-30T14:09:16,054Z INFO  25214 BFF [           main] i.client_bff.auth.db.InitialAdminLoader  : Create admin user [admin]
2023-01-30T14:09:16,705Z INFO  25214 BFF [           main] o.s.b.a.e.web.EndpointLinksResolver      : Exposing 3 endpoint(s) beneath base path '/actuator'
2023-01-30T14:09:16,787Z INFO  25214 BFF [           main] o.s.s.web.DefaultSecurityFilterChain     : Will secure any request with [org.springframework.security.web.context.request.async.WebAsyncManagerIntegrationFilter@7076714c, org.springframework.security.web.context.SecurityContextPersistenceFilter@2572d409, org.springframework.security.web.header.HeaderWriterFilter@7b6cb223, org.springframework.web.filter.CorsFilter@3e1ff1cf, org.springframework.security.web.authentication.logout.LogoutFilter@3b6ccd61, iris.client_bff.auth.db.JWTAuthenticationFilter@389588b2, iris.client_bff.auth.db.JWTAuthorizationFilter@57e9122f, org.springframework.security.web.savedrequest.RequestCacheAwareFilter@6814fe0e, org.springframework.security.web.servletapi.SecurityContextHolderAwareRequestFilter@7677a485, org.springframework.security.web.authentication.AnonymousAuthenticationFilter@14d6f58f, org.springframework.security.web.session.SessionManagementFilter@5b64bc02, org.springframework.security.web.access.ExceptionTranslationFilter@5e02753c, org.springframework.security.web.access.intercept.FilterSecurityInterceptor@53279691]
2023-01-30T14:09:17,032Z WARN  25214 BFF [           main] o.s.b.a.f.FreeMarkerAutoConfiguration    : Cannot find template location(s): [classpath:/templates/] (please add some templates, check your FreeMarker configuration, or set spring.freemarker.checkTemplateLocation=false)
2023-01-30T14:09:17,087Z INFO  25214 BFF [           main] o.a.c.c.C.[Tomcat-1].[localhost].[/]     : Initializing Spring TestDispatcherServlet ''
2023-01-30T14:09:17,087Z INFO  25214 BFF [           main] o.s.t.web.servlet.TestDispatcherServlet  : Initializing Servlet ''
2023-01-30T14:09:17,088Z INFO  25214 BFF [           main] o.s.t.web.servlet.TestDispatcherServlet  : Completed initialization in 1 ms
2023-01-30T14:09:17,120Z INFO  25214 BFF [           main] o.s.b.w.embedded.tomcat.TomcatWebServer  : Tomcat started on port(s): 40021 (http) with context path ''
2023-01-30T14:09:17,127Z INFO  25214 BFF [           main] i.c.c.mail.EmailSenderIntegrationTests   : Started EmailSenderIntegrationTests in 2.676 seconds (JVM running for 13.525)
2023-01-30T14:09:17,130Z INFO  25214 BFF [           main] iris.client_bff.config.EmailConfig       : Successfully verified email texts for locales [de].
2023-01-30T14:09:17,132Z INFO  25214 BFF [           main] iris.client_bff.DataInitializerInvoker   : Data initialization for class iris.client_bff.events.EventDataRequestsDataInitializer
2023-01-30T14:09:17,132Z DEBUG 25214 BFF [           main] i.c.e.EventDataRequestsDataInitializer   : Test data: creating data requests â€¦
2023-01-30T14:09:17,142Z INFO  25214 BFF [           main] iris.client_bff.DataInitializerInvoker   : Data initialization for class iris.client_bff.events.EventDataSubmissionsDataInitializer
2023-01-30T14:09:17,143Z DEBUG 25214 BFF [           main] .c.e.EventDataSubmissionsDataInitializer : Test data: creating data submissions â€¦
2023-01-30T14:09:17,151Z INFO  25214 BFF [           main] iris.client_bff.DataInitializerInvoker   : Data initialization for class iris.client_bff.cases.CaseDataRequestDataInitializer
2023-01-30T14:09:17,151Z DEBUG 25214 BFF [           main] i.c.c.CaseDataRequestDataInitializer     : Test data: creating data requests â€¦
2023-01-30T14:09:17,159Z INFO  25214 BFF [           main] i.client_bff.core.mail.EmailSenderReal   : Email sender initialized and ready to send out emails.
2023-01-30T14:09:17,211Z DEBUG 25214 BFF [           main] c.c.m.EmailSender$AbstractTemplatedEmail : Mail message created: org.springframework.mail.javamail.SmartMimeMessage@77fc3039
2023-01-30T14:09:17,345Z INFO  25214 BFF [127.0.0.1:46872] com.icegreen.greenmail.user.UserManager  : Created user login testmailbox@iris-gateway.de for address testmailbox@iris-gateway.de with password testmailbox@iris-gateway.de because it didn't exist before.
2023-01-30T14:09:17,358Z INFO  25214 BFF [           main] iris.client_bff.core.mail.EmailProvider  : Mail of the template TEST_HTML_MAIL_FTLH sent to Test Person - test {at} test.de (testmailbox@iris-gateway.de) for Event-Id/Case-ID null
2023-01-30T14:09:17,359Z INFO  25214 BFF [           main] i.client_bff.core.mail.TestEmailServer   : Received email:

com.icegreen.greenmail.store.StoredMessage$UidAwareMimeMessage@76745c61

2023-01-30T14:09:17,368Z DEBUG 25214 BFF [           main] c.c.m.EmailSender$AbstractTemplatedEmail : Mail message created: SimpleMailMessage: from=Gesundheitsamt Entenhausen <mail-ga@entenhausen.de>; replyTo=null; to=Test Person - test {at} test.de <testmailbox@iris-gateway.de>; cc=; bcc=; sentDate=Mon Jan 30 14:09:17 UTC 2023; subject=Das ist eine Test-Mail; text=Hallo Name,

Der Text

Viele GrÃ¼ÃŸe
Sender

Gesundheitsamt XXX

2023-01-30T14:09:17,393Z INFO  25214 BFF [           main] iris.client_bff.core.mail.EmailProvider  : Mail of the template TEST_MAIL_FTL sent to Test Person - test {at} test.de (testmailbox@iris-gateway.de) for Event-Id/Case-ID null
2023-01-30T14:09:17,394Z INFO  25214 BFF [           main] i.client_bff.core.mail.TestEmailServer   : Received email:

com.icegreen.greenmail.store.StoredMessage$UidAwareMimeMessage@1ac74499

2023-01-30T14:09:17,400Z DEBUG 25214 BFF [           main] c.c.m.EmailSender$AbstractTemplatedEmail : Mail message created: SimpleMailMessage: from=Gesundheitsamt Entenhausen <mail-ga@entenhausen.de>; replyTo=null; to=Test Person - test {at} test.de <testmailbox@iris-gateway.de>; cc=; bcc=; sentDate=Mon Jan 30 14:09:17 UTC 2023; subject=This is a test mail; text=Hi Name

Der Text

Regards,
Sender

Health Department XXX

2023-01-30T14:09:17,421Z INFO  25214 BFF [           main] iris.client_bff.core.mail.EmailProvider  : Mail of the template TEST_MAIL_FTL sent to Test Person - test {at} test.de (testmailbox@iris-gateway.de) for Event-Id/Case-ID null
2023-01-30T14:09:17,422Z INFO  25214 BFF [           main] i.client_bff.core.mail.TestEmailServer   : Received email:

com.icegreen.greenmail.store.StoredMessage$UidAwareMimeMessage@67131e6

[INFO] Tests run: 3, Failures: 0, Errors: 0, Skipped: 0, Time elapsed: 2.96 s - in iris.client_bff.core.mail.EmailSenderIntegrationTests
[INFO] Running iris.client_bff.events.web.EventDataRequestControllerTest
2023-01-30T14:09:17,437Z INFO  25214 BFF [           main] .b.t.c.SpringBootTestContextBootstrapper : Neither @ContextConfiguration nor @ContextHierarchy found for test class [iris.client_bff.events.web.EventDataRequestControllerTest], using SpringBootContextLoader
2023-01-30T14:09:17,438Z INFO  25214 BFF [           main] o.s.t.c.support.AbstractContextLoader    : Could not detect default resource locations for test class [iris.client_bff.events.web.EventDataRequestControllerTest]: no resource found for suffixes {-context.xml, Context.groovy}.
2023-01-30T14:09:17,438Z INFO  25214 BFF [           main] t.c.s.AnnotationConfigContextLoaderUtils : Could not detect default configuration classes for test class [iris.client_bff.events.web.EventDataRequestControllerTest]: EventDataRequestControllerTest does not declare any static, non-private, non-final, nested classes annotated with @Configuration.
2023-01-30T14:09:17,449Z INFO  25214 BFF [           main] .b.t.c.SpringBootTestContextBootstrapper : Found @SpringBootConfiguration iris.client_bff.IrisClientBffApplication for test class iris.client_bff.events.web.EventDataRequestControllerTest
2023-01-30T14:09:17,450Z INFO  25214 BFF [           main] .b.t.c.SpringBootTestContextBootstrapper : Loaded default TestExecutionListener class names from location [META-INF/spring.factories]: [org.springframework.boot.test.mock.mockito.MockitoTestExecutionListener, org.springframework.boot.test.mock.mockito.ResetMocksTestExecutionListener, org.springframework.boot.test.autoconfigure.restdocs.RestDocsTestExecutionListener, org.springframework.boot.test.autoconfigure.web.client.MockRestServiceServerResetTestExecutionListener, org.springframework.boot.test.autoconfigure.web.servlet.MockMvcPrintOnlyOnFailureTestExecutionListener, org.springframework.boot.test.autoconfigure.web.servlet.WebDriverTestExecutionListener, org.springframework.boot.test.autoconfigure.webservices.client.MockWebServiceServerTestExecutionListener, org.springframework.test.context.web.ServletTestExecutionListener, org.springframework.test.context.support.DirtiesContextBeforeModesTestExecutionListener, org.springframework.test.context.event.ApplicationEventsTestExecutionListener, org.springframework.test.context.support.DependencyInjectionTestExecutionListener, org.springframework.test.context.support.DirtiesContextTestExecutionListener, org.springframework.test.context.transaction.TransactionalTestExecutionListener, org.springframework.test.context.jdbc.SqlScriptsTestExecutionListener, org.springframework.test.context.event.EventPublishingTestExecutionListener, org.springframework.cloud.contract.stubrunner.provider.wiremock.StubRunnerWireMockTestExecutionListener, org.springframework.cloud.contract.wiremock.WireMockTestExecutionListener, org.springframework.security.test.context.support.WithSecurityContextTestExecutionListener, org.springframework.security.test.context.support.ReactorContextTestExecutionListener]
2023-01-30T14:09:17,450Z INFO  25214 BFF [           main] .b.t.c.SpringBootTestContextBootstrapper : Using TestExecutionListeners: [org.springframework.test.context.web.ServletTestExecutionListener@5a6d931c, org.springframework.test.context.support.DirtiesContextBeforeModesTestExecutionListener@3b606079, org.springframework.test.context.event.ApplicationEventsTestExecutionListener@5548d5c4, org.springframework.boot.test.mock.mockito.MockitoTestExecutionListener@7e95bbbb, org.springframework.boot.test.autoconfigure.SpringBootDependencyInjectionTestExecutionListener@48562206, org.springframework.test.context.support.DirtiesContextTestExecutionListener@700df0dd, org.springframework.test.context.transaction.TransactionalTestExecutionListener@63f8fded, org.springframework.test.context.jdbc.SqlScriptsTestExecutionListener@30e3ca4a, org.springframework.test.context.event.EventPublishingTestExecutionListener@49dc8842, org.springframework.security.test.context.support.WithSecurityContextTestExecutionListener@56c802bc, org.springframework.security.test.context.support.ReactorContextTestExecutionListener@72fb8a1d, org.springframework.boot.test.mock.mockito.ResetMocksTestExecutionListener@5ce4af92, org.springframework.boot.test.autoconfigure.restdocs.RestDocsTestExecutionListener@7157b2d4, org.springframework.boot.test.autoconfigure.web.client.MockRestServiceServerResetTestExecutionListener@679c93a0, org.springframework.boot.test.autoconfigure.web.servlet.MockMvcPrintOnlyOnFailureTestExecutionListener@4999462c, org.springframework.boot.test.autoconfigure.web.servlet.WebDriverTestExecutionListener@30f8e8b2, org.springframework.boot.test.autoconfigure.webservices.client.MockWebServiceServerTestExecutionListener@7c752d6b, org.springframework.cloud.contract.stubrunner.provider.wiremock.StubRunnerWireMockTestExecutionListener@7f77a0d6, org.springframework.cloud.contract.wiremock.WireMockTestExecutionListener@7c5c3132]

  .   ____          _            __ _ _
 /\\ / ___'_ __ _ _(_)_ __  __ _ \ \ \ \
( ( )\___ | '_ | '_| | '_ \/ _` | \ \ \ \
 \\/  ___)| |_)| | | | | || (_| |  ) ) ) )
  '  |____| .__|_| |_|_| |_\__, | / / / /
 =========|_|==============|___/=/_/_/_/
 :: Spring Boot ::                (v2.5.1)

2023-01-30T14:09:17,480Z INFO  25214 BFF [           main] i.c.e.w.EventDataRequestControllerTest   : Starting EventDataRequestControllerTest using Java 11.0.17 on repairnator with PID 25214 (started by gabsko in /home/gabsko/breaking-updates/iris-client-bff)
2023-01-30T14:09:17,480Z DEBUG 25214 BFF [           main] i.c.e.w.EventDataRequestControllerTest   : Running with Spring Boot v2.5.1, Spring v5.3.8
2023-01-30T14:09:17,480Z INFO  25214 BFF [           main] i.c.e.w.EventDataRequestControllerTest   : The following profiles are active: dev,h2_db,dev_env,dev_auth,local,inttest,test
2023-01-30T14:09:17,763Z INFO  25214 BFF [           main] .s.d.r.c.RepositoryConfigurationDelegate : Bootstrapping Spring Data JPA repositories in DEFAULT mode.
2023-01-30T14:09:17,786Z INFO  25214 BFF [           main] .s.d.r.c.RepositoryConfigurationDelegate : Finished Spring Data repository scanning in 23 ms. Found 8 JPA repository interfaces.
2023-01-30T14:09:17,896Z INFO  25214 BFF [           main] trationDelegate$BeanPostProcessorChecker : Bean 'org.springframework.boot.autoconfigure.flyway.FlywayAutoConfiguration' of type [org.springframework.boot.autoconfigure.flyway.FlywayAutoConfiguration] is not eligible for getting processed by all BeanPostProcessors (for example: not eligible for auto-proxying)
2023-01-30T14:09:17,898Z INFO  25214 BFF [           main] trationDelegate$BeanPostProcessorChecker : Bean 'stringOrNumberMigrationVersionConverter' of type [org.springframework.boot.autoconfigure.flyway.FlywayAutoConfiguration$StringOrNumberToMigrationVersionConverter] is not eligible for getting processed by all BeanPostProcessors (for example: not eligible for auto-proxying)
2023-01-30T14:09:17,900Z INFO  25214 BFF [           main] trationDelegate$BeanPostProcessorChecker : Bean 'spring.mail-org.springframework.boot.autoconfigure.mail.MailProperties' of type [org.springframework.boot.autoconfigure.mail.MailProperties] is not eligible for getting processed by all BeanPostProcessors (for example: not eligible for auto-proxying)
2023-01-30T14:09:17,900Z DEBUG 25214 BFF [           main] i.c.c.mail.support.GreenMailEmailServer  : GreenMail: Mail server is startedâ€¦
2023-01-30T14:09:18,018Z INFO  25214 BFF [           main] i.c.c.mail.support.GreenMailEmailServer  : GreenMail: Mail server successfully started on localhost: SMTPS = 38139; IMAPS = 34843
2023-01-30T14:09:18,069Z INFO  25214 BFF [           main] trationDelegate$BeanPostProcessorChecker : Bean 'org.springframework.security.access.expression.method.DefaultMethodSecurityExpressionHandler@b945c43' of type [org.springframework.security.access.expression.method.DefaultMethodSecurityExpressionHandler] is not eligible for getting processed by all BeanPostProcessors (for example: not eligible for auto-proxying)
2023-01-30T14:09:18,078Z INFO  25214 BFF [           main] trationDelegate$BeanPostProcessorChecker : Bean 'methodSecurityMetadataSource' of type [org.springframework.security.access.method.DelegatingMethodSecurityMetadataSource] is not eligible for getting processed by all BeanPostProcessors (for example: not eligible for auto-proxying)
2023-01-30T14:09:18,142Z INFO  25214 BFF [           main] o.s.b.w.embedded.tomcat.TomcatWebServer  : Tomcat initialized with port(s): 0 (http)
2023-01-30T14:09:18,143Z INFO  25214 BFF [           main] o.apache.catalina.core.StandardService   : Starting service [Tomcat]
2023-01-30T14:09:18,143Z INFO  25214 BFF [           main] org.apache.catalina.core.StandardEngine  : Starting Servlet engine: [Apache Tomcat/9.0.46]
2023-01-30T14:09:18,174Z INFO  25214 BFF [           main] o.a.c.c.C.[Tomcat-2].[localhost].[/]     : Initializing Spring embedded WebApplicationContext
2023-01-30T14:09:18,174Z INFO  25214 BFF [           main] w.s.c.ServletWebServerApplicationContext : Root WebApplicationContext: initialization completed in 692 ms
2023-01-30T14:09:18,236Z INFO  25214 BFF [           main] com.zaxxer.hikari.HikariDataSource       : HikariPool-3 - Starting...
2023-01-30T14:09:18,238Z INFO  25214 BFF [           main] com.zaxxer.hikari.HikariDataSource       : HikariPool-3 - Start completed.
2023-01-30T14:09:18,238Z INFO  25214 BFF [           main] o.s.b.a.h2.H2ConsoleAutoConfiguration    : H2 console available at '/h2-console'. Database available at 'jdbc:h2:mem:7cdb9126-68d9-4b9c-8197-4944f3b3aa4d'
2023-01-30T14:09:18,323Z INFO  25214 BFF [           main] o.f.c.internal.license.VersionPrinter    : Flyway Community Edition 7.7.3 by Redgate
2023-01-30T14:09:18,324Z INFO  25214 BFF [           main] o.f.c.i.database.base.DatabaseType       : Database: jdbc:h2:mem:7cdb9126-68d9-4b9c-8197-4944f3b3aa4d (H2 1.4)
2023-01-30T14:09:18,330Z DEBUG 25214 BFF [           main] iris.client_bff.config.FlywayConfig      :  | ErrorCode: RESOLVED_VERSIONED_MIGRATION_NOT_APPLIED | ErrorMessage: Detected resolved migration not applied to database: 1001. To fix this error, either run migrate, or set -ignorePendingMigrations=true.
2023-01-30T14:09:18,331Z DEBUG 25214 BFF [           main] iris.client_bff.config.FlywayConfig      :  | ErrorCode: RESOLVED_VERSIONED_MIGRATION_NOT_APPLIED | ErrorMessage: Detected resolved migration not applied to database: 1002. To fix this error, either run migrate, or set -ignorePendingMigrations=true.
2023-01-30T14:09:18,331Z DEBUG 25214 BFF [           main] iris.client_bff.config.FlywayConfig      :  | ErrorCode: RESOLVED_VERSIONED_MIGRATION_NOT_APPLIED | ErrorMessage: Detected resolved migration not applied to database: 1003. To fix this error, either run migrate, or set -ignorePendingMigrations=true.
2023-01-30T14:09:18,331Z DEBUG 25214 BFF [           main] iris.client_bff.config.FlywayConfig      :  | ErrorCode: RESOLVED_VERSIONED_MIGRATION_NOT_APPLIED | ErrorMessage: Detected resolved migration not applied to database: 1004. To fix this error, either run migrate, or set -ignorePendingMigrations=true.
2023-01-30T14:09:18,331Z DEBUG 25214 BFF [           main] iris.client_bff.config.FlywayConfig      :  | ErrorCode: RESOLVED_VERSIONED_MIGRATION_NOT_APPLIED | ErrorMessage: Detected resolved migration not applied to database: 1005. To fix this error, either run migrate, or set -ignorePendingMigrations=true.
2023-01-30T14:09:18,331Z DEBUG 25214 BFF [           main] iris.client_bff.config.FlywayConfig      :  | ErrorCode: RESOLVED_VERSIONED_MIGRATION_NOT_APPLIED | ErrorMessage: Detected resolved migration not applied to database: 1006. To fix this error, either run migrate, or set -ignorePendingMigrations=true.
2023-01-30T14:09:18,331Z INFO  25214 BFF [           main] o.f.c.internal.license.VersionPrinter    : Flyway Community Edition 7.7.3 by Redgate
2023-01-30T14:09:18,334Z INFO  25214 BFF [           main] o.f.core.internal.command.DbValidate     : Successfully validated 6 migrations (execution time 00:00.001s)
2023-01-30T14:09:18,336Z INFO  25214 BFF [           main] o.f.c.i.s.JdbcTableSchemaHistory         : Creating Schema History table "PUBLIC"."flyway_schema_history" ...
2023-01-30T14:09:18,338Z INFO  25214 BFF [           main] o.f.c.i.s.DefaultSqlScriptExecutor       : 0 rows affected
2023-01-30T14:09:18,339Z INFO  25214 BFF [           main] o.f.c.i.s.DefaultSqlScriptExecutor       : 0 rows affected
2023-01-30T14:09:18,342Z INFO  25214 BFF [           main] o.f.core.internal.command.DbMigrate      : Current version of schema "PUBLIC": << Empty Schema >>
2023-01-30T14:09:18,345Z INFO  25214 BFF [           main] o.f.core.internal.command.DbMigrate      : Migrating schema "PUBLIC" to version "1001 - Initial schema"
2023-01-30T14:09:18,346Z INFO  25214 BFF [           main] o.f.c.i.s.DefaultSqlScriptExecutor       : 0 rows affected
2023-01-30T14:09:18,348Z INFO  25214 BFF [           main] o.f.c.i.s.DefaultSqlScriptExecutor       : 0 rows affected
2023-01-30T14:09:18,349Z INFO  25214 BFF [           main] o.f.c.i.s.DefaultSqlScriptExecutor       : 0 rows affected
2023-01-30T14:09:18,353Z INFO  25214 BFF [           main] o.f.c.i.s.DefaultSqlScriptExecutor       : 0 rows affected
2023-01-30T14:09:18,354Z INFO  25214 BFF [           main] o.f.c.i.s.DefaultSqlScriptExecutor       : 0 rows affected
2023-01-30T14:09:18,357Z INFO  25214 BFF [           main] o.f.c.i.s.DefaultSqlScriptExecutor       : 0 rows affected
2023-01-30T14:09:18,360Z INFO  25214 BFF [           main] o.f.c.i.s.DefaultSqlScriptExecutor       : 0 rows affected
2023-01-30T14:09:18,362Z INFO  25214 BFF [           main] o.f.c.i.s.DefaultSqlScriptExecutor       : 0 rows affected
2023-01-30T14:09:18,364Z INFO  25214 BFF [           main] o.f.c.i.s.DefaultSqlScriptExecutor       : 0 rows affected
2023-01-30T14:09:18,366Z INFO  25214 BFF [           main] o.f.c.i.s.DefaultSqlScriptExecutor       : 0 rows affected
2023-01-30T14:09:18,371Z INFO  25214 BFF [           main] o.f.core.internal.command.DbMigrate      : Migrating schema "PUBLIC" to version "1002 - introduce announcements"
2023-01-30T14:09:18,376Z INFO  25214 BFF [           main] o.f.c.i.s.DefaultSqlScriptExecutor       : 0 rows affected
2023-01-30T14:09:18,381Z INFO  25214 BFF [           main] o.f.core.internal.command.DbMigrate      : Migrating schema "PUBLIC" to version "1003 - introduce allowed tokens"
2023-01-30T14:09:18,383Z INFO  25214 BFF [           main] o.f.c.i.s.DefaultSqlScriptExecutor       : 0 rows affected
2023-01-30T14:09:18,390Z INFO  25214 BFF [           main] o.f.core.internal.command.DbMigrate      : Migrating schema "PUBLIC" to version "1004 - add cases"
2023-01-30T14:09:18,394Z INFO  25214 BFF [           main] o.f.c.i.s.DefaultSqlScriptExecutor       : 0 rows affected
2023-01-30T14:09:18,398Z INFO  25214 BFF [           main] o.f.c.i.s.DefaultSqlScriptExecutor       : 0 rows affected
2023-01-30T14:09:18,401Z INFO  25214 BFF [           main] o.f.c.i.s.DefaultSqlScriptExecutor       : 0 rows affected
2023-01-30T14:09:18,405Z INFO  25214 BFF [           main] o.f.c.i.s.DefaultSqlScriptExecutor       : 0 rows affected
2023-01-30T14:09:18,408Z INFO  25214 BFF [           main] o.f.c.i.s.DefaultSqlScriptExecutor       : 0 rows affected
2023-01-30T14:09:18,414Z INFO  25214 BFF [           main] o.f.core.internal.command.DbMigrate      : Migrating schema "PUBLIC" to version "1005 - add login attempts"
2023-01-30T14:09:18,416Z INFO  25214 BFF [           main] o.f.c.i.s.DefaultSqlScriptExecutor       : 0 rows affected
2023-01-30T14:09:18,421Z INFO  25214 BFF [           main] o.f.core.internal.command.DbMigrate      : Migrating schema "PUBLIC" to version "1006 - login attempts rename column"
2023-01-30T14:09:18,421Z INFO  25214 BFF [           main] o.f.c.i.s.DefaultSqlScriptExecutor       : 0 rows affected
2023-01-30T14:09:18,426Z INFO  25214 BFF [           main] o.f.core.internal.command.DbMigrate      : Successfully applied 6 migrations to schema "PUBLIC", now at version v1006 (execution time 00:00.085s)
2023-01-30T14:09:18,466Z INFO  25214 BFF [           main] o.hibernate.jpa.internal.util.LogHelper  : HHH000204: Processing PersistenceUnitInfo [name: default]
2023-01-30T14:09:18,474Z INFO  25214 BFF [           main] org.hibernate.dialect.Dialect            : HHH000400: Using dialect: org.hibernate.dialect.H2Dialect
2023-01-30T14:09:18,580Z INFO  25214 BFF [           main] o.h.e.t.j.p.i.JtaPlatformInitiator       : HHH000490: Using JtaPlatform implementation: [org.hibernate.engine.transaction.jta.platform.internal.NoJtaPlatform]
2023-01-30T14:09:18,580Z INFO  25214 BFF [           main] j.LocalContainerEntityManagerFactoryBean : Initialized JPA EntityManagerFactory for persistence unit 'default'
2023-01-30T14:09:18,842Z WARN  25214 BFF [           main] JpaBaseConfiguration$JpaWebConfiguration : spring.jpa.open-in-view is enabled by default. Therefore, database queries may be performed during view rendering. Explicitly configure spring.jpa.open-in-view to disable this warning
2023-01-30T14:09:18,943Z INFO  25214 BFF [           main] i.client_bff.auth.db.InitialAdminLoader  : Create admin user [admin]
2023-01-30T14:09:19,593Z INFO  25214 BFF [           main] o.s.b.a.e.web.EndpointLinksResolver      : Exposing 3 endpoint(s) beneath base path '/actuator'
2023-01-30T14:09:19,654Z INFO  25214 BFF [           main] o.s.s.web.DefaultSecurityFilterChain     : Will secure any request with [org.springframework.security.web.context.request.async.WebAsyncManagerIntegrationFilter@21c64b8e, org.springframework.security.web.context.SecurityContextPersistenceFilter@7aa810b0, org.springframework.security.web.header.HeaderWriterFilter@18be3467, org.springframework.web.filter.CorsFilter@622314c2, org.springframework.security.web.authentication.logout.LogoutFilter@755ed2e1, iris.client_bff.auth.db.JWTAuthenticationFilter@6d2dcd7f, iris.client_bff.auth.db.JWTAuthorizationFilter@41ed3d2a, org.springframework.security.web.savedrequest.RequestCacheAwareFilter@4c14904e, org.springframework.security.web.servletapi.SecurityContextHolderAwareRequestFilter@256088a7, org.springframework.security.web.authentication.AnonymousAuthenticationFilter@52e494a2, org.springframework.security.web.session.SessionManagementFilter@158ff98a, org.springframework.security.web.access.ExceptionTranslationFilter@d2775ae, org.springframework.security.web.access.intercept.FilterSecurityInterceptor@14270971]
2023-01-30T14:09:19,816Z WARN  25214 BFF [           main] o.s.b.a.f.FreeMarkerAutoConfiguration    : Cannot find template location(s): [classpath:/templates/] (please add some templates, check your FreeMarker configuration, or set spring.freemarker.checkTemplateLocation=false)
2023-01-30T14:09:19,860Z INFO  25214 BFF [           main] o.a.c.c.C.[Tomcat-2].[localhost].[/]     : Initializing Spring TestDispatcherServlet ''
2023-01-30T14:09:19,860Z INFO  25214 BFF [           main] o.s.t.web.servlet.TestDispatcherServlet  : Initializing Servlet ''
2023-01-30T14:09:19,861Z INFO  25214 BFF [           main] o.s.t.web.servlet.TestDispatcherServlet  : Completed initialization in 1 ms
2023-01-30T14:09:19,887Z INFO  25214 BFF [           main] o.s.b.w.embedded.tomcat.TomcatWebServer  : Tomcat started on port(s): 46815 (http) with context path ''
2023-01-30T14:09:19,899Z INFO  25214 BFF [           main] i.c.e.w.EventDataRequestControllerTest   : Started EventDataRequestControllerTest in 2.446 seconds (JVM running for 16.297)
2023-01-30T14:09:19,904Z INFO  25214 BFF [           main] iris.client_bff.config.EmailConfig       : Successfully verified email texts for locales [de].
2023-01-30T14:09:19,905Z INFO  25214 BFF [           main] iris.client_bff.DataInitializerInvoker   : Data initialization for class iris.client_bff.events.EventDataRequestsDataInitializer
2023-01-30T14:09:19,905Z DEBUG 25214 BFF [           main] i.c.e.EventDataRequestsDataInitializer   : Test data: creating data requests â€¦
2023-01-30T14:09:19,916Z INFO  25214 BFF [           main] iris.client_bff.DataInitializerInvoker   : Data initialization for class iris.client_bff.events.EventDataSubmissionsDataInitializer
2023-01-30T14:09:19,916Z DEBUG 25214 BFF [           main] .c.e.EventDataSubmissionsDataInitializer : Test data: creating data submissions â€¦
2023-01-30T14:09:19,923Z INFO  25214 BFF [           main] iris.client_bff.DataInitializerInvoker   : Data initialization for class iris.client_bff.cases.CaseDataRequestDataInitializer
2023-01-30T14:09:19,923Z DEBUG 25214 BFF [           main] i.c.c.CaseDataRequestDataInitializer     : Test data: creating data requests â€¦
2023-01-30T14:09:19,931Z INFO  25214 BFF [           main] i.client_bff.core.mail.EmailSenderReal   : Email sender initialized and ready to send out emails.
2023-01-30T14:09:20,261Z INFO  25214 BFF [           main] c.c.w.e.GlobalControllerExceptionHandler : Data request failed with exception: Data request failed
[INFO] Tests run: 9, Failures: 0, Errors: 0, Skipped: 0, Time elapsed: 3.03 s - in iris.client_bff.events.web.EventDataRequestControllerTest
[INFO] Running iris.client_bff.events.rpc.EventDataControllerIntegrationTest
2023-01-30T14:09:20,463Z INFO  25214 BFF [           main] .b.t.c.SpringBootTestContextBootstrapper : Neither @ContextConfiguration nor @ContextHierarchy found for test class [iris.client_bff.events.rpc.EventDataControllerIntegrationTest], using SpringBootContextLoader
2023-01-30T14:09:20,463Z INFO  25214 BFF [           main] o.s.t.c.support.AbstractContextLoader    : Could not detect default resource locations for test class [iris.client_bff.events.rpc.EventDataControllerIntegrationTest]: no resource found for suffixes {-context.xml, Context.groovy}.
2023-01-30T14:09:20,463Z INFO  25214 BFF [           main] t.c.s.AnnotationConfigContextLoaderUtils : Could not detect default configuration classes for test class [iris.client_bff.events.rpc.EventDataControllerIntegrationTest]: EventDataControllerIntegrationTest does not declare any static, non-private, non-final, nested classes annotated with @Configuration.
2023-01-30T14:09:20,468Z INFO  25214 BFF [           main] .b.t.c.SpringBootTestContextBootstrapper : Found @SpringBootConfiguration iris.client_bff.IrisClientBffApplication for test class iris.client_bff.events.rpc.EventDataControllerIntegrationTest
2023-01-30T14:09:20,469Z INFO  25214 BFF [           main] .b.t.c.SpringBootTestContextBootstrapper : Loaded default TestExecutionListener class names from location [META-INF/spring.factories]: [org.springframework.boot.test.mock.mockito.MockitoTestExecutionListener, org.springframework.boot.test.mock.mockito.ResetMocksTestExecutionListener, org.springframework.boot.test.autoconfigure.restdocs.RestDocsTestExecutionListener, org.springframework.boot.test.autoconfigure.web.client.MockRestServiceServerResetTestExecutionListener, org.springframework.boot.test.autoconfigure.web.servlet.MockMvcPrintOnlyOnFailureTestExecutionListener, org.springframework.boot.test.autoconfigure.web.servlet.WebDriverTestExecutionListener, org.springframework.boot.test.autoconfigure.webservices.client.MockWebServiceServerTestExecutionListener, org.springframework.test.context.web.ServletTestExecutionListener, org.springframework.test.context.support.DirtiesContextBeforeModesTestExecutionListener, org.springframework.test.context.event.ApplicationEventsTestExecutionListener, org.springframework.test.context.support.DependencyInjectionTestExecutionListener, org.springframework.test.context.support.DirtiesContextTestExecutionListener, org.springframework.test.context.transaction.TransactionalTestExecutionListener, org.springframework.test.context.jdbc.SqlScriptsTestExecutionListener, org.springframework.test.context.event.EventPublishingTestExecutionListener, org.springframework.cloud.contract.stubrunner.provider.wiremock.StubRunnerWireMockTestExecutionListener, org.springframework.cloud.contract.wiremock.WireMockTestExecutionListener, org.springframework.security.test.context.support.WithSecurityContextTestExecutionListener, org.springframework.security.test.context.support.ReactorContextTestExecutionListener]
2023-01-30T14:09:20,469Z INFO  25214 BFF [           main] .b.t.c.SpringBootTestContextBootstrapper : Using TestExecutionListeners: [org.springframework.test.context.web.ServletTestExecutionListener@4494e88a, org.springframework.test.context.support.DirtiesContextBeforeModesTestExecutionListener@439a4def, org.springframework.test.context.event.ApplicationEventsTestExecutionListener@109efb2f, org.springframework.boot.test.mock.mockito.MockitoTestExecutionListener@4926023f, org.springframework.boot.test.autoconfigure.SpringBootDependencyInjectionTestExecutionListener@2a157329, org.springframework.test.context.support.DirtiesContextTestExecutionListener@3b71b6b1, org.springframework.test.context.transaction.TransactionalTestExecutionListener@5cd16573, org.springframework.test.context.jdbc.SqlScriptsTestExecutionListener@251fa32c, org.springframework.test.context.event.EventPublishingTestExecutionListener@2412009d, org.springframework.security.test.context.support.WithSecurityContextTestExecutionListener@12e0fe90, org.springframework.security.test.context.support.ReactorContextTestExecutionListener@45cdfb42, org.springframework.boot.test.mock.mockito.ResetMocksTestExecutionListener@1d932614, org.springframework.boot.test.autoconfigure.restdocs.RestDocsTestExecutionListener@2931cbd3, org.springframework.boot.test.autoconfigure.web.client.MockRestServiceServerResetTestExecutionListener@3c30a41b, org.springframework.boot.test.autoconfigure.web.servlet.MockMvcPrintOnlyOnFailureTestExecutionListener@168d5f34, org.springframework.boot.test.autoconfigure.web.servlet.WebDriverTestExecutionListener@122a6877, org.springframework.boot.test.autoconfigure.webservices.client.MockWebServiceServerTestExecutionListener@35e246b2, org.springframework.cloud.contract.stubrunner.provider.wiremock.StubRunnerWireMockTestExecutionListener@c4b2c69, org.springframework.cloud.contract.wiremock.WireMockTestExecutionListener@70c3b62b]
2023-01-30T14:09:20,505Z DEBUG 25214 BFF [           main] i.c.proxy.EPSProxyServiceServiceClient   : Aborted announcement null to public-proxy-1
[INFO] Tests run: 2, Failures: 0, Errors: 0, Skipped: 0, Time elapsed: 0.065 s - in iris.client_bff.events.rpc.EventDataControllerIntegrationTest
[INFO] Running iris.client_bff.events.EventDataRequestServiceTest
[INFO] Tests run: 2, Failures: 0, Errors: 0, Skipped: 0, Time elapsed: 0.056 s - in iris.client_bff.events.EventDataRequestServiceTest
[INFO] Running iris.client_bff.events.EventEmailProviderTest
2023-01-30T14:09:20,638Z INFO  25214 BFF [           main] iris.client_bff.core.mail.EmailProvider  : Mail of the template EVENT_DATA_RECEIVED_MAIL_FTLH sent to null (test@test.de) for Event-Id/Case-ID EventName
[INFO] Tests run: 1, Failures: 0, Errors: 0, Skipped: 0, Time elapsed: 0.041 s - in iris.client_bff.events.EventEmailProviderTest
[INFO] Running iris.client_bff.auth.db.LoginAttemptsTests
2023-01-30T14:09:20,641Z INFO  25214 BFF [           main] .b.t.c.SpringBootTestContextBootstrapper : Neither @ContextConfiguration nor @ContextHierarchy found for test class [iris.client_bff.auth.db.LoginAttemptsTests], using SpringBootContextLoader
2023-01-30T14:09:20,642Z INFO  25214 BFF [           main] o.s.t.c.support.AbstractContextLoader    : Could not detect default resource locations for test class [iris.client_bff.auth.db.LoginAttemptsTests]: no resource found for suffixes {-context.xml, Context.groovy}.
2023-01-30T14:09:20,642Z INFO  25214 BFF [           main] t.c.s.AnnotationConfigContextLoaderUtils : Could not detect default configuration classes for test class [iris.client_bff.auth.db.LoginAttemptsTests]: LoginAttemptsTests does not declare any static, non-private, non-final, nested classes annotated with @Configuration.
2023-01-30T14:09:20,648Z INFO  25214 BFF [           main] .b.t.c.SpringBootTestContextBootstrapper : Found @SpringBootConfiguration iris.client_bff.IrisClientBffApplication for test class iris.client_bff.auth.db.LoginAttemptsTests
2023-01-30T14:09:20,649Z INFO  25214 BFF [           main] .b.t.c.SpringBootTestContextBootstrapper : Loaded default TestExecutionListener class names from location [META-INF/spring.factories]: [org.springframework.boot.test.mock.mockito.MockitoTestExecutionListener, org.springframework.boot.test.mock.mockito.ResetMocksTestExecutionListener, org.springframework.boot.test.autoconfigure.restdocs.RestDocsTestExecutionListener, org.springframework.boot.test.autoconfigure.web.client.MockRestServiceServerResetTestExecutionListener, org.springframework.boot.test.autoconfigure.web.servlet.MockMvcPrintOnlyOnFailureTestExecutionListener, org.springframework.boot.test.autoconfigure.web.servlet.WebDriverTestExecutionListener, org.springframework.boot.test.autoconfigure.webservices.client.MockWebServiceServerTestExecutionListener, org.springframework.test.context.web.ServletTestExecutionListener, org.springframework.test.context.support.DirtiesContextBeforeModesTestExecutionListener, org.springframework.test.context.event.ApplicationEventsTestExecutionListener, org.springframework.test.context.support.DependencyInjectionTestExecutionListener, org.springframework.test.context.support.DirtiesContextTestExecutionListener, org.springframework.test.context.transaction.TransactionalTestExecutionListener, org.springframework.test.context.jdbc.SqlScriptsTestExecutionListener, org.springframework.test.context.event.EventPublishingTestExecutionListener, org.springframework.cloud.contract.stubrunner.provider.wiremock.StubRunnerWireMockTestExecutionListener, org.springframework.cloud.contract.wiremock.WireMockTestExecutionListener, org.springframework.security.test.context.support.WithSecurityContextTestExecutionListener, org.springframework.security.test.context.support.ReactorContextTestExecutionListener]
2023-01-30T14:09:20,649Z INFO  25214 BFF [           main] .b.t.c.SpringBootTestContextBootstrapper : Using TestExecutionListeners: [org.springframework.test.context.web.ServletTestExecutionListener@687bf48e, org.springframework.test.context.support.DirtiesContextBeforeModesTestExecutionListener@657cce4d, org.springframework.test.context.event.ApplicationEventsTestExecutionListener@308254c3, org.springframework.boot.test.mock.mockito.MockitoTestExecutionListener@22d57aa3, org.springframework.boot.test.autoconfigure.SpringBootDependencyInjectionTestExecutionListener@153d35f3, org.springframework.test.context.support.DirtiesContextTestExecutionListener@16b08fbf, org.springframework.test.context.transaction.TransactionalTestExecutionListener@3436e5e6, org.springframework.test.context.jdbc.SqlScriptsTestExecutionListener@3d3f91a1, org.springframework.test.context.event.EventPublishingTestExecutionListener@41d1b958, org.springframework.security.test.context.support.WithSecurityContextTestExecutionListener@538e1baa, org.springframework.security.test.context.support.ReactorContextTestExecutionListener@5094dde8, org.springframework.boot.test.mock.mockito.ResetMocksTestExecutionListener@1167fcc2, org.springframework.boot.test.autoconfigure.restdocs.RestDocsTestExecutionListener@5d309ccf, org.springframework.boot.test.autoconfigure.web.client.MockRestServiceServerResetTestExecutionListener@7e408f88, org.springframework.boot.test.autoconfigure.web.servlet.MockMvcPrintOnlyOnFailureTestExecutionListener@8cd6635, org.springframework.boot.test.autoconfigure.web.servlet.WebDriverTestExecutionListener@26621a02, org.springframework.boot.test.autoconfigure.webservices.client.MockWebServiceServerTestExecutionListener@7f6d3ce5, org.springframework.cloud.contract.stubrunner.provider.wiremock.StubRunnerWireMockTestExecutionListener@52bc04f, org.springframework.cloud.contract.wiremock.WireMockTestExecutionListener@6634f211]
2023-01-30T14:09:20,920Z DEBUG 25214 BFF [           main] i.c.auth.db.JWTAuthenticationFilter      : Login request from remote address: 127.0.***
2023-01-30T14:09:21,080Z DEBUG 25214 BFF [           main] .WaitingTimeAuthenticationFailureHandler : Sending 401 Unauthorized error
2023-01-30T14:09:25,214Z DEBUG 25214 BFF [           main] i.c.auth.db.JWTAuthenticationFilter      : Login request from remote address: 127.0.***
2023-01-30T14:09:25,287Z DEBUG 25214 BFF [           main] .WaitingTimeAuthenticationFailureHandler : Sending 401 Unauthorized error
2023-01-30T14:09:32,204Z DEBUG 25214 BFF [   scheduling-1] i.c.c.mail.support.GreenMailEmailServer  : Mail received {from [Gesundheitsamt Entenhausen <mail-ga@entenhausen.de>]; to ["Test Person - test {at} test.de" <testmailbox@iris-gateway.de>]; at 2023-01-30T14:09:17; subject This is a test mail}
2023-01-30T14:09:32,290Z DEBUG 25214 BFF [           main] i.c.auth.db.JWTAuthenticationFilter      : Login request from remote address: 127.0.***
2023-01-30T14:09:32,370Z WARN  25214 BFF [           main] i.c.a.d.l.LoginAttemptsService           : For user name (hash: fc1ebc848e31e0a68e868432225e3c82) there were 3 failed attempts to log in to the IRIS client. The next warning occurs at 30.
2023-01-30T14:09:32,371Z DEBUG 25214 BFF [           main] .WaitingTimeAuthenticationFailureHandler : Sending 401 Unauthorized error
2023-01-30T14:09:32,380Z DEBUG 25214 BFF [           main] i.c.auth.db.JWTAuthenticationFilter      : Login request from remote address: 127.0.***
2023-01-30T14:09:32,448Z DEBUG 25214 BFF [           main] .WaitingTimeAuthenticationFailureHandler : Sending 401 Unauthorized error
2023-01-30T14:09:32,454Z DEBUG 25214 BFF [           main] i.c.auth.db.JWTAuthenticationFilter      : Login request from remote address: 127.0.***
2023-01-30T14:09:32,523Z DEBUG 25214 BFF [           main] .WaitingTimeAuthenticationFailureHandler : Sending 401 Unauthorized error
2023-01-30T14:09:32,525Z DEBUG 25214 BFF [           main] i.c.auth.db.JWTAuthenticationFilter      : Login request from remote address: 127.0.***
2023-01-30T14:09:32,527Z DEBUG 25214 BFF [           main] .WaitingTimeAuthenticationFailureHandler : Sending 401 Unauthorized error
2023-01-30T14:09:32,529Z DEBUG 25214 BFF [           main] i.c.auth.db.JWTAuthenticationFilter      : Login request from remote address: 127.0.***
2023-01-30T14:09:32,531Z DEBUG 25214 BFF [           main] .WaitingTimeAuthenticationFailureHandler : Sending 401 Unauthorized error
2023-01-30T14:09:32,536Z DEBUG 25214 BFF [           main] i.c.auth.db.JWTAuthenticationFilter      : Login request from remote address: 127.0.***
[INFO] Tests run: 4, Failures: 0, Errors: 0, Skipped: 0, Time elapsed: 11.975 s - in iris.client_bff.auth.db.LoginAttemptsTests
[INFO] Running iris.client_bff.auth.db.InitialAdminLoaderTest
2023-01-30T14:09:32,641Z INFO  25214 BFF [           main] i.client_bff.auth.db.InitialAdminLoader  : Admin user [admin] already exists. Skip creating admin user.
2023-01-30T14:09:32,643Z INFO  25214 BFF [           main] i.client_bff.auth.db.InitialAdminLoader  : Create admin user [admin]
[INFO] Tests run: 2, Failures: 0, Errors: 0, Skipped: 0, Time elapsed: 0.021 s - in iris.client_bff.auth.db.InitialAdminLoaderTest
[INFO] Running iris.client_bff.users.UserDetailsServiceImplTests
2023-01-30T14:09:32,664Z INFO  25214 BFF [           main] i.c.users.UserDetailsServiceImpl         : Update user: 46d1624f-1d40-4668-abb8-003a0739eddc
2023-01-30T14:09:32,666Z INFO  25214 BFF [           main] i.c.users.UserDetailsServiceImpl         : Update user: b6d84d4e-0300-40bd-82f0-6915753a12ce
2023-01-30T14:09:32,668Z INFO  25214 BFF [           main] i.c.users.UserDetailsServiceImpl         : Update user: 6554a63e-300e-46b7-a03a-379874ca6be6
2023-01-30T14:09:32,682Z INFO  25214 BFF [           main] i.c.users.UserDetailsServiceImpl         : Update user: af287b00-d960-4f93-a9c5-e47edcae78cf
2023-01-30T14:09:32,683Z INFO  25214 BFF [           main] i.c.users.UserDetailsServiceImpl         : Update user: c15d4b9c-db71-484d-9dfa-447f5b94a5c2
2023-01-30T14:09:32,685Z INFO  25214 BFF [           main] i.c.users.UserDetailsServiceImpl         : Update user: 87e0345e-8e5e-4b39-9876-ea643290e610
2023-01-30T14:09:32,686Z INFO  25214 BFF [           main] i.c.users.UserDetailsServiceImpl         : Update user: 6558383a-676c-421e-84a9-80457c5ea38f
2023-01-30T14:09:32,687Z INFO  25214 BFF [           main] i.c.users.UserDetailsServiceImpl         : Update user: 6558383a-676c-421e-84a9-80457c5ea38f
2023-01-30T14:09:32,687Z INFO  25214 BFF [           main] i.c.users.UserDetailsServiceImpl         : Update user: 6558383a-676c-421e-84a9-80457c5ea38f
2023-01-30T14:09:32,688Z INFO  25214 BFF [           main] i.c.users.UserDetailsServiceImpl         : Update user: b3ec6e10-91ac-4e5e-b1a5-950c4f535001
2023-01-30T14:09:32,689Z ERROR 25214 BFF [           main] i.c.users.UserDetailsServiceImpl         : User not found: b3ec6e10-91ac-4e5e-b1a5-950c4f535001
[INFO] Tests run: 8, Failures: 0, Errors: 0, Skipped: 0, Time elapsed: 0.042 s - in iris.client_bff.users.UserDetailsServiceImplTests
[INFO] Running iris.client_bff.users.UserControlerTests
[INFO] Tests run: 10, Failures: 0, Errors: 0, Skipped: 0, Time elapsed: 0.054 s - in iris.client_bff.users.UserControlerTests
[INFO] Running iris.client_bff.statistics.web.StatisticsControllerTest
2023-01-30T14:09:32,747Z INFO  25214 BFF [           main] .b.t.c.SpringBootTestContextBootstrapper : Neither @ContextConfiguration nor @ContextHierarchy found for test class [iris.client_bff.statistics.web.StatisticsControllerTest], using SpringBootContextLoader
2023-01-30T14:09:32,748Z INFO  25214 BFF [           main] o.s.t.c.support.AbstractContextLoader    : Could not detect default resource locations for test class [iris.client_bff.statistics.web.StatisticsControllerTest]: no resource found for suffixes {-context.xml, Context.groovy}.
2023-01-30T14:09:32,748Z INFO  25214 BFF [           main] t.c.s.AnnotationConfigContextLoaderUtils : Could not detect default configuration classes for test class [iris.client_bff.statistics.web.StatisticsControllerTest]: StatisticsControllerTest does not declare any static, non-private, non-final, nested classes annotated with @Configuration.
2023-01-30T14:09:32,752Z INFO  25214 BFF [           main] .b.t.c.SpringBootTestContextBootstrapper : Found @SpringBootConfiguration iris.client_bff.IrisClientBffApplication for test class iris.client_bff.statistics.web.StatisticsControllerTest
2023-01-30T14:09:32,753Z INFO  25214 BFF [           main] .b.t.c.SpringBootTestContextBootstrapper : Loaded default TestExecutionListener class names from location [META-INF/spring.factories]: [org.springframework.boot.test.mock.mockito.MockitoTestExecutionListener, org.springframework.boot.test.mock.mockito.ResetMocksTestExecutionListener, org.springframework.boot.test.autoconfigure.restdocs.RestDocsTestExecutionListener, org.springframework.boot.test.autoconfigure.web.client.MockRestServiceServerResetTestExecutionListener, org.springframework.boot.test.autoconfigure.web.servlet.MockMvcPrintOnlyOnFailureTestExecutionListener, org.springframework.boot.test.autoconfigure.web.servlet.WebDriverTestExecutionListener, org.springframework.boot.test.autoconfigure.webservices.client.MockWebServiceServerTestExecutionListener, org.springframework.test.context.web.ServletTestExecutionListener, org.springframework.test.context.support.DirtiesContextBeforeModesTestExecutionListener, org.springframework.test.context.event.ApplicationEventsTestExecutionListener, org.springframework.test.context.support.DependencyInjectionTestExecutionListener, org.springframework.test.context.support.DirtiesContextTestExecutionListener, org.springframework.test.context.transaction.TransactionalTestExecutionListener, org.springframework.test.context.jdbc.SqlScriptsTestExecutionListener, org.springframework.test.context.event.EventPublishingTestExecutionListener, org.springframework.cloud.contract.stubrunner.provider.wiremock.StubRunnerWireMockTestExecutionListener, org.springframework.cloud.contract.wiremock.WireMockTestExecutionListener, org.springframework.security.test.context.support.WithSecurityContextTestExecutionListener, org.springframework.security.test.context.support.ReactorContextTestExecutionListener]
2023-01-30T14:09:32,753Z INFO  25214 BFF [           main] .b.t.c.SpringBootTestContextBootstrapper : Using TestExecutionListeners: [org.springframework.test.context.web.ServletTestExecutionListener@186eae52, org.springframework.test.context.support.DirtiesContextBeforeModesTestExecutionListener@21572f2e, org.springframework.test.context.event.ApplicationEventsTestExecutionListener@3b51334c, org.springframework.boot.test.mock.mockito.MockitoTestExecutionListener@4e37ca5, org.springframework.boot.test.autoconfigure.SpringBootDependencyInjectionTestExecutionListener@69925e55, org.springframework.test.context.support.DirtiesContextTestExecutionListener@71a42216, org.springframework.test.context.transaction.TransactionalTestExecutionListener@43ddb43d, org.springframework.test.context.jdbc.SqlScriptsTestExecutionListener@5cc4feb7, org.springframework.test.context.event.EventPublishingTestExecutionListener@275f738c, org.springframework.security.test.context.support.WithSecurityContextTestExecutionListener@77bb51e3, org.springframework.security.test.context.support.ReactorContextTestExecutionListener@59e97f75, org.springframework.boot.test.mock.mockito.ResetMocksTestExecutionListener@222303b9, org.springframework.boot.test.autoconfigure.restdocs.RestDocsTestExecutionListener@7e3cc762, org.springframework.boot.test.autoconfigure.web.client.MockRestServiceServerResetTestExecutionListener@53a5b50f, org.springframework.boot.test.autoconfigure.web.servlet.MockMvcPrintOnlyOnFailureTestExecutionListener@41a56ad9, org.springframework.boot.test.autoconfigure.web.servlet.WebDriverTestExecutionListener@7b21879f, org.springframework.boot.test.autoconfigure.webservices.client.MockWebServiceServerTestExecutionListener@63be584e, org.springframework.cloud.contract.stubrunner.provider.wiremock.StubRunnerWireMockTestExecutionListener@1d4d84fb, org.springframework.cloud.contract.wiremock.WireMockTestExecutionListener@7754d629]

  .   ____          _            __ _ _
 /\\ / ___'_ __ _ _(_)_ __  __ _ \ \ \ \
( ( )\___ | '_ | '_| | '_ \/ _` | \ \ \ \
 \\/  ___)| |_)| | | | | || (_| |  ) ) ) )
  '  |____| .__|_| |_|_| |_\__, | / / / /
 =========|_|==============|___/=/_/_/_/
 :: Spring Boot ::                (v2.5.1)

2023-01-30T14:09:32,774Z INFO  25214 BFF [           main] i.c.s.web.StatisticsControllerTest       : Starting StatisticsControllerTest using Java 11.0.17 on repairnator with PID 25214 (started by gabsko in /home/gabsko/breaking-updates/iris-client-bff)
2023-01-30T14:09:32,774Z DEBUG 25214 BFF [           main] i.c.s.web.StatisticsControllerTest       : Running with Spring Boot v2.5.1, Spring v5.3.8
2023-01-30T14:09:32,774Z INFO  25214 BFF [           main] i.c.s.web.StatisticsControllerTest       : The following profiles are active: dev,h2_db,dev_env,dev_auth,local,inttest,test
2023-01-30T14:09:32,998Z INFO  25214 BFF [           main] .s.d.r.c.RepositoryConfigurationDelegate : Bootstrapping Spring Data JPA repositories in DEFAULT mode.
2023-01-30T14:09:33,020Z INFO  25214 BFF [           main] .s.d.r.c.RepositoryConfigurationDelegate : Finished Spring Data repository scanning in 21 ms. Found 8 JPA repository interfaces.
2023-01-30T14:09:33,091Z INFO  25214 BFF [           main] trationDelegate$BeanPostProcessorChecker : Bean 'org.springframework.boot.autoconfigure.flyway.FlywayAutoConfiguration' of type [org.springframework.boot.autoconfigure.flyway.FlywayAutoConfiguration] is not eligible for getting processed by all BeanPostProcessors (for example: not eligible for auto-proxying)
2023-01-30T14:09:33,092Z INFO  25214 BFF [           main] trationDelegate$BeanPostProcessorChecker : Bean 'stringOrNumberMigrationVersionConverter' of type [org.springframework.boot.autoconfigure.flyway.FlywayAutoConfiguration$StringOrNumberToMigrationVersionConverter] is not eligible for getting processed by all BeanPostProcessors (for example: not eligible for auto-proxying)
2023-01-30T14:09:33,096Z INFO  25214 BFF [           main] trationDelegate$BeanPostProcessorChecker : Bean 'spring.mail-org.springframework.boot.autoconfigure.mail.MailProperties' of type [org.springframework.boot.autoconfigure.mail.MailProperties] is not eligible for getting processed by all BeanPostProcessors (for example: not eligible for auto-proxying)
2023-01-30T14:09:33,096Z DEBUG 25214 BFF [           main] i.c.c.mail.support.GreenMailEmailServer  : GreenMail: Mail server is startedâ€¦
2023-01-30T14:09:33,208Z INFO  25214 BFF [           main] i.c.c.mail.support.GreenMailEmailServer  : GreenMail: Mail server successfully started on localhost: SMTPS = 33027; IMAPS = 35029
2023-01-30T14:09:33,242Z INFO  25214 BFF [           main] trationDelegate$BeanPostProcessorChecker : Bean 'org.springframework.security.access.expression.method.DefaultMethodSecurityExpressionHandler@3e8df7ca' of type [org.springframework.security.access.expression.method.DefaultMethodSecurityExpressionHandler] is not eligible for getting processed by all BeanPostProcessors (for example: not eligible for auto-proxying)
2023-01-30T14:09:33,248Z INFO  25214 BFF [           main] trationDelegate$BeanPostProcessorChecker : Bean 'methodSecurityMetadataSource' of type [org.springframework.security.access.method.DelegatingMethodSecurityMetadataSource] is not eligible for getting processed by all BeanPostProcessors (for example: not eligible for auto-proxying)
2023-01-30T14:09:33,317Z INFO  25214 BFF [           main] o.s.b.w.embedded.tomcat.TomcatWebServer  : Tomcat initialized with port(s): 0 (http)
2023-01-30T14:09:33,318Z INFO  25214 BFF [           main] o.apache.catalina.core.StandardService   : Starting service [Tomcat]
2023-01-30T14:09:33,318Z INFO  25214 BFF [           main] org.apache.catalina.core.StandardEngine  : Starting Servlet engine: [Apache Tomcat/9.0.46]
2023-01-30T14:09:33,335Z INFO  25214 BFF [           main] o.a.c.c.C.[Tomcat-3].[localhost].[/]     : Initializing Spring embedded WebApplicationContext
2023-01-30T14:09:33,335Z INFO  25214 BFF [           main] w.s.c.ServletWebServerApplicationContext : Root WebApplicationContext: initialization completed in 559 ms
2023-01-30T14:09:33,407Z INFO  25214 BFF [           main] com.zaxxer.hikari.HikariDataSource       : HikariPool-4 - Starting...
2023-01-30T14:09:33,409Z INFO  25214 BFF [           main] com.zaxxer.hikari.HikariDataSource       : HikariPool-4 - Start completed.
2023-01-30T14:09:33,409Z INFO  25214 BFF [           main] o.s.b.a.h2.H2ConsoleAutoConfiguration    : H2 console available at '/h2-console'. Database available at 'jdbc:h2:mem:e9203f2f-9bce-4391-b955-73ee8314f8a8'
2023-01-30T14:09:33,514Z INFO  25214 BFF [           main] o.f.c.internal.license.VersionPrinter    : Flyway Community Edition 7.7.3 by Redgate
2023-01-30T14:09:33,515Z INFO  25214 BFF [           main] o.f.c.i.database.base.DatabaseType       : Database: jdbc:h2:mem:e9203f2f-9bce-4391-b955-73ee8314f8a8 (H2 1.4)
2023-01-30T14:09:33,521Z DEBUG 25214 BFF [           main] iris.client_bff.config.FlywayConfig      :  | ErrorCode: RESOLVED_VERSIONED_MIGRATION_NOT_APPLIED | ErrorMessage: Detected resolved migration not applied to database: 1001. To fix this error, either run migrate, or set -ignorePendingMigrations=true.
2023-01-30T14:09:33,521Z DEBUG 25214 BFF [           main] iris.client_bff.config.FlywayConfig      :  | ErrorCode: RESOLVED_VERSIONED_MIGRATION_NOT_APPLIED | ErrorMessage: Detected resolved migration not applied to database: 1002. To fix this error, either run migrate, or set -ignorePendingMigrations=true.
2023-01-30T14:09:33,521Z DEBUG 25214 BFF [           main] iris.client_bff.config.FlywayConfig      :  | ErrorCode: RESOLVED_VERSIONED_MIGRATION_NOT_APPLIED | ErrorMessage: Detected resolved migration not applied to database: 1003. To fix this error, either run migrate, or set -ignorePendingMigrations=true.
2023-01-30T14:09:33,521Z DEBUG 25214 BFF [           main] iris.client_bff.config.FlywayConfig      :  | ErrorCode: RESOLVED_VERSIONED_MIGRATION_NOT_APPLIED | ErrorMessage: Detected resolved migration not applied to database: 1004. To fix this error, either run migrate, or set -ignorePendingMigrations=true.
2023-01-30T14:09:33,521Z DEBUG 25214 BFF [           main] iris.client_bff.config.FlywayConfig      :  | ErrorCode: RESOLVED_VERSIONED_MIGRATION_NOT_APPLIED | ErrorMessage: Detected resolved migration not applied to database: 1005. To fix this error, either run migrate, or set -ignorePendingMigrations=true.
2023-01-30T14:09:33,521Z DEBUG 25214 BFF [           main] iris.client_bff.config.FlywayConfig      :  | ErrorCode: RESOLVED_VERSIONED_MIGRATION_NOT_APPLIED | ErrorMessage: Detected resolved migration not applied to database: 1006. To fix this error, either run migrate, or set -ignorePendingMigrations=true.
2023-01-30T14:09:33,521Z INFO  25214 BFF [           main] o.f.c.internal.license.VersionPrinter    : Flyway Community Edition 7.7.3 by Redgate
2023-01-30T14:09:33,526Z INFO  25214 BFF [           main] o.f.core.internal.command.DbValidate     : Successfully validated 6 migrations (execution time 00:00.002s)
2023-01-30T14:09:33,528Z INFO  25214 BFF [           main] o.f.c.i.s.JdbcTableSchemaHistory         : Creating Schema History table "PUBLIC"."flyway_schema_history" ...
2023-01-30T14:09:33,531Z INFO  25214 BFF [           main] o.f.c.i.s.DefaultSqlScriptExecutor       : 0 rows affected
2023-01-30T14:09:33,532Z INFO  25214 BFF [           main] o.f.c.i.s.DefaultSqlScriptExecutor       : 0 rows affected
2023-01-30T14:09:33,536Z INFO  25214 BFF [           main] o.f.core.internal.command.DbMigrate      : Current version of schema "PUBLIC": << Empty Schema >>
2023-01-30T14:09:33,540Z INFO  25214 BFF [           main] o.f.core.internal.command.DbMigrate      : Migrating schema "PUBLIC" to version "1001 - Initial schema"
2023-01-30T14:09:33,542Z INFO  25214 BFF [           main] o.f.c.i.s.DefaultSqlScriptExecutor       : 0 rows affected
2023-01-30T14:09:33,543Z INFO  25214 BFF [           main] o.f.c.i.s.DefaultSqlScriptExecutor       : 0 rows affected
2023-01-30T14:09:33,545Z INFO  25214 BFF [           main] o.f.c.i.s.DefaultSqlScriptExecutor       : 0 rows affected
2023-01-30T14:09:33,548Z INFO  25214 BFF [           main] o.f.c.i.s.DefaultSqlScriptExecutor       : 0 rows affected
2023-01-30T14:09:33,549Z INFO  25214 BFF [           main] o.f.c.i.s.DefaultSqlScriptExecutor       : 0 rows affected
2023-01-30T14:09:33,553Z INFO  25214 BFF [           main] o.f.c.i.s.DefaultSqlScriptExecutor       : 0 rows affected
2023-01-30T14:09:33,556Z INFO  25214 BFF [           main] o.f.c.i.s.DefaultSqlScriptExecutor       : 0 rows affected
2023-01-30T14:09:33,557Z INFO  25214 BFF [           main] o.f.c.i.s.DefaultSqlScriptExecutor       : 0 rows affected
2023-01-30T14:09:33,560Z INFO  25214 BFF [           main] o.f.c.i.s.DefaultSqlScriptExecutor       : 0 rows affected
2023-01-30T14:09:33,561Z INFO  25214 BFF [           main] o.f.c.i.s.DefaultSqlScriptExecutor       : 0 rows affected
2023-01-30T14:09:33,568Z INFO  25214 BFF [           main] o.f.core.internal.command.DbMigrate      : Migrating schema "PUBLIC" to version "1002 - introduce announcements"
2023-01-30T14:09:33,574Z INFO  25214 BFF [           main] o.f.c.i.s.DefaultSqlScriptExecutor       : 0 rows affected
2023-01-30T14:09:33,581Z INFO  25214 BFF [           main] o.f.core.internal.command.DbMigrate      : Migrating schema "PUBLIC" to version "1003 - introduce allowed tokens"
2023-01-30T14:09:33,582Z INFO  25214 BFF [           main] o.f.c.i.s.DefaultSqlScriptExecutor       : 0 rows affected
2023-01-30T14:09:33,591Z INFO  25214 BFF [           main] o.f.core.internal.command.DbMigrate      : Migrating schema "PUBLIC" to version "1004 - add cases"
2023-01-30T14:09:33,595Z INFO  25214 BFF [           main] o.f.c.i.s.DefaultSqlScriptExecutor       : 0 rows affected
2023-01-30T14:09:33,597Z INFO  25214 BFF [           main] o.f.c.i.s.DefaultSqlScriptExecutor       : 0 rows affected
2023-01-30T14:09:33,600Z INFO  25214 BFF [           main] o.f.c.i.s.DefaultSqlScriptExecutor       : 0 rows affected
2023-01-30T14:09:33,602Z INFO  25214 BFF [           main] o.f.c.i.s.DefaultSqlScriptExecutor       : 0 rows affected
2023-01-30T14:09:33,605Z INFO  25214 BFF [           main] o.f.c.i.s.DefaultSqlScriptExecutor       : 0 rows affected
2023-01-30T14:09:33,609Z INFO  25214 BFF [           main] o.f.core.internal.command.DbMigrate      : Migrating schema "PUBLIC" to version "1005 - add login attempts"
2023-01-30T14:09:33,611Z INFO  25214 BFF [           main] o.f.c.i.s.DefaultSqlScriptExecutor       : 0 rows affected
2023-01-30T14:09:33,616Z INFO  25214 BFF [           main] o.f.core.internal.command.DbMigrate      : Migrating schema "PUBLIC" to version "1006 - login attempts rename column"
2023-01-30T14:09:33,616Z INFO  25214 BFF [           main] o.f.c.i.s.DefaultSqlScriptExecutor       : 0 rows affected
2023-01-30T14:09:33,621Z INFO  25214 BFF [           main] o.f.core.internal.command.DbMigrate      : Successfully applied 6 migrations to schema "PUBLIC", now at version v1006 (execution time 00:00.087s)
2023-01-30T14:09:33,656Z INFO  25214 BFF [           main] o.hibernate.jpa.internal.util.LogHelper  : HHH000204: Processing PersistenceUnitInfo [name: default]
2023-01-30T14:09:33,662Z INFO  25214 BFF [           main] org.hibernate.dialect.Dialect            : HHH000400: Using dialect: org.hibernate.dialect.H2Dialect
2023-01-30T14:09:33,798Z INFO  25214 BFF [           main] o.h.e.t.j.p.i.JtaPlatformInitiator       : HHH000490: Using JtaPlatform implementation: [org.hibernate.engine.transaction.jta.platform.internal.NoJtaPlatform]
2023-01-30T14:09:33,798Z INFO  25214 BFF [           main] j.LocalContainerEntityManagerFactoryBean : Initialized JPA EntityManagerFactory for persistence unit 'default'
2023-01-30T14:09:34,062Z WARN  25214 BFF [           main] JpaBaseConfiguration$JpaWebConfiguration : spring.jpa.open-in-view is enabled by default. Therefore, database queries may be performed during view rendering. Explicitly configure spring.jpa.open-in-view to disable this warning
2023-01-30T14:09:34,105Z INFO  25214 BFF [           main] i.client_bff.auth.db.InitialAdminLoader  : Create admin user [admin]
2023-01-30T14:09:34,673Z INFO  25214 BFF [           main] o.s.b.a.e.web.EndpointLinksResolver      : Exposing 3 endpoint(s) beneath base path '/actuator'
2023-01-30T14:09:34,732Z INFO  25214 BFF [           main] o.s.s.web.DefaultSecurityFilterChain     : Will secure any request with [org.springframework.security.web.context.request.async.WebAsyncManagerIntegrationFilter@7eb6889c, org.springframework.security.web.context.SecurityContextPersistenceFilter@2e7075d4, org.springframework.security.web.header.HeaderWriterFilter@79eaabdc, org.springframework.web.filter.CorsFilter@682c2bab, org.springframework.security.web.authentication.logout.LogoutFilter@37033745, iris.client_bff.auth.db.JWTAuthenticationFilter@1c543742, iris.client_bff.auth.db.JWTAuthorizationFilter@4e5f391c, org.springframework.security.web.savedrequest.RequestCacheAwareFilter@63d3006a, org.springframework.security.web.servletapi.SecurityContextHolderAwareRequestFilter@4fcbf387, org.springframework.security.web.authentication.AnonymousAuthenticationFilter@467ba23, org.springframework.security.web.session.SessionManagementFilter@73f4c35f, org.springframework.security.web.access.ExceptionTranslationFilter@229dfe7e, org.springframework.security.web.access.intercept.FilterSecurityInterceptor@1c79d400]
2023-01-30T14:09:34,905Z WARN  25214 BFF [           main] o.s.b.a.f.FreeMarkerAutoConfiguration    : Cannot find template location(s): [classpath:/templates/] (please add some templates, check your FreeMarker configuration, or set spring.freemarker.checkTemplateLocation=false)
2023-01-30T14:09:34,949Z INFO  25214 BFF [           main] o.a.c.c.C.[Tomcat-3].[localhost].[/]     : Initializing Spring TestDispatcherServlet ''
2023-01-30T14:09:34,949Z INFO  25214 BFF [           main] o.s.t.web.servlet.TestDispatcherServlet  : Initializing Servlet ''
2023-01-30T14:09:34,950Z INFO  25214 BFF [           main] o.s.t.web.servlet.TestDispatcherServlet  : Completed initialization in 1 ms
2023-01-30T14:09:34,974Z INFO  25214 BFF [           main] o.s.b.w.embedded.tomcat.TomcatWebServer  : Tomcat started on port(s): 42953 (http) with context path ''
2023-01-30T14:09:34,983Z INFO  25214 BFF [           main] i.c.s.web.StatisticsControllerTest       : Started StatisticsControllerTest in 2.228 seconds (JVM running for 31.382)
2023-01-30T14:09:34,988Z INFO  25214 BFF [           main] iris.client_bff.config.EmailConfig       : Successfully verified email texts for locales [de].
2023-01-30T14:09:34,989Z INFO  25214 BFF [           main] iris.client_bff.DataInitializerInvoker   : Data initialization for class iris.client_bff.events.EventDataRequestsDataInitializer
2023-01-30T14:09:34,989Z DEBUG 25214 BFF [           main] i.c.e.EventDataRequestsDataInitializer   : Test data: creating data requests â€¦
2023-01-30T14:09:34,998Z INFO  25214 BFF [           main] iris.client_bff.DataInitializerInvoker   : Data initialization for class iris.client_bff.events.EventDataSubmissionsDataInitializer
2023-01-30T14:09:34,999Z DEBUG 25214 BFF [           main] .c.e.EventDataSubmissionsDataInitializer : Test data: creating data submissions â€¦
2023-01-30T14:09:35,005Z INFO  25214 BFF [           main] iris.client_bff.DataInitializerInvoker   : Data initialization for class iris.client_bff.cases.CaseDataRequestDataInitializer
2023-01-30T14:09:35,006Z DEBUG 25214 BFF [           main] i.c.c.CaseDataRequestDataInitializer     : Test data: creating data requests â€¦
2023-01-30T14:09:35,012Z INFO  25214 BFF [           main] i.client_bff.core.mail.EmailSenderReal   : Email sender initialized and ready to send out emails.
[INFO] Tests run: 2, Failures: 0, Errors: 0, Skipped: 0, Time elapsed: 2.293 s - in iris.client_bff.statistics.web.StatisticsControllerTest
[INFO] Running iris.client_bff.search_client.web.LocationSearchControllerTests
2023-01-30T14:09:35,043Z INFO  25214 BFF [           main] .b.t.c.SpringBootTestContextBootstrapper : Neither @ContextConfiguration nor @ContextHierarchy found for test class [iris.client_bff.search_client.web.LocationSearchControllerTests], using SpringBootContextLoader
2023-01-30T14:09:35,045Z INFO  25214 BFF [           main] o.s.t.c.support.AbstractContextLoader    : Could not detect default resource locations for test class [iris.client_bff.search_client.web.LocationSearchControllerTests]: no resource found for suffixes {-context.xml, Context.groovy}.
2023-01-30T14:09:35,045Z INFO  25214 BFF [           main] t.c.s.AnnotationConfigContextLoaderUtils : Could not detect default configuration classes for test class [iris.client_bff.search_client.web.LocationSearchControllerTests]: LocationSearchControllerTests does not declare any static, non-private, non-final, nested classes annotated with @Configuration.
2023-01-30T14:09:35,049Z INFO  25214 BFF [           main] .b.t.c.SpringBootTestContextBootstrapper : Found @SpringBootConfiguration iris.client_bff.IrisClientBffApplication for test class iris.client_bff.search_client.web.LocationSearchControllerTests
2023-01-30T14:09:35,050Z INFO  25214 BFF [           main] .b.t.c.SpringBootTestContextBootstrapper : Loaded default TestExecutionListener class names from location [META-INF/spring.factories]: [org.springframework.boot.test.mock.mockito.MockitoTestExecutionListener, org.springframework.boot.test.mock.mockito.ResetMocksTestExecutionListener, org.springframework.boot.test.autoconfigure.restdocs.RestDocsTestExecutionListener, org.springframework.boot.test.autoconfigure.web.client.MockRestServiceServerResetTestExecutionListener, org.springframework.boot.test.autoconfigure.web.servlet.MockMvcPrintOnlyOnFailureTestExecutionListener, org.springframework.boot.test.autoconfigure.web.servlet.WebDriverTestExecutionListener, org.springframework.boot.test.autoconfigure.webservices.client.MockWebServiceServerTestExecutionListener, org.springframework.test.context.web.ServletTestExecutionListener, org.springframework.test.context.support.DirtiesContextBeforeModesTestExecutionListener, org.springframework.test.context.event.ApplicationEventsTestExecutionListener, org.springframework.test.context.support.DependencyInjectionTestExecutionListener, org.springframework.test.context.support.DirtiesContextTestExecutionListener, org.springframework.test.context.transaction.TransactionalTestExecutionListener, org.springframework.test.context.jdbc.SqlScriptsTestExecutionListener, org.springframework.test.context.event.EventPublishingTestExecutionListener, org.springframework.cloud.contract.stubrunner.provider.wiremock.StubRunnerWireMockTestExecutionListener, org.springframework.cloud.contract.wiremock.WireMockTestExecutionListener, org.springframework.security.test.context.support.WithSecurityContextTestExecutionListener, org.springframework.security.test.context.support.ReactorContextTestExecutionListener]
2023-01-30T14:09:35,050Z INFO  25214 BFF [           main] .b.t.c.SpringBootTestContextBootstrapper : Using TestExecutionListeners: [org.springframework.test.context.web.ServletTestExecutionListener@4ef5094d, org.springframework.test.context.support.DirtiesContextBeforeModesTestExecutionListener@248dfd53, org.springframework.test.context.event.ApplicationEventsTestExecutionListener@59c69659, org.springframework.boot.test.mock.mockito.MockitoTestExecutionListener@7725070e, org.springframework.boot.test.autoconfigure.SpringBootDependencyInjectionTestExecutionListener@117cd7c6, org.springframework.test.context.support.DirtiesContextTestExecutionListener@5ad0c7df, org.springframework.test.context.transaction.TransactionalTestExecutionListener@3749e682, org.springframework.test.context.jdbc.SqlScriptsTestExecutionListener@680b9a12, org.springframework.test.context.event.EventPublishingTestExecutionListener@1fbea232, org.springframework.security.test.context.support.WithSecurityContextTestExecutionListener@438c6025, org.springframework.security.test.context.support.ReactorContextTestExecutionListener@3b09e320, org.springframework.boot.test.mock.mockito.ResetMocksTestExecutionListener@f662559, org.springframework.boot.test.autoconfigure.restdocs.RestDocsTestExecutionListener@65a3b9b5, org.springframework.boot.test.autoconfigure.web.client.MockRestServiceServerResetTestExecutionListener@450e706c, org.springframework.boot.test.autoconfigure.web.servlet.MockMvcPrintOnlyOnFailureTestExecutionListener@31ea8b0e, org.springframework.boot.test.autoconfigure.web.servlet.WebDriverTestExecutionListener@f983c87, org.springframework.boot.test.autoconfigure.webservices.client.MockWebServiceServerTestExecutionListener@778e52d0, org.springframework.cloud.contract.stubrunner.provider.wiremock.StubRunnerWireMockTestExecutionListener@4135d15d, org.springframework.cloud.contract.wiremock.WireMockTestExecutionListener@2462808e]

  .   ____          _            __ _ _
 /\\ / ___'_ __ _ _(_)_ __  __ _ \ \ \ \
( ( )\___ | '_ | '_| | '_ \/ _` | \ \ \ \
 \\/  ___)| |_)| | | | | || (_| |  ) ) ) )
  '  |____| .__|_| |_|_| |_\__, | / / / /
 =========|_|==============|___/=/_/_/_/
 :: Spring Boot ::                (v2.5.1)

2023-01-30T14:09:35,071Z INFO  25214 BFF [           main] i.c.s.web.LocationSearchControllerTests  : Starting LocationSearchControllerTests using Java 11.0.17 on repairnator with PID 25214 (started by gabsko in /home/gabsko/breaking-updates/iris-client-bff)
2023-01-30T14:09:35,071Z DEBUG 25214 BFF [           main] i.c.s.web.LocationSearchControllerTests  : Running with Spring Boot v2.5.1, Spring v5.3.8
2023-01-30T14:09:35,071Z INFO  25214 BFF [           main] i.c.s.web.LocationSearchControllerTests  : The following profiles are active: dev,h2_db,dev_env,dev_auth,local,inttest,test
2023-01-30T14:09:35,295Z INFO  25214 BFF [           main] .s.d.r.c.RepositoryConfigurationDelegate : Bootstrapping Spring Data JPA repositories in DEFAULT mode.
2023-01-30T14:09:35,318Z INFO  25214 BFF [           main] .s.d.r.c.RepositoryConfigurationDelegate : Finished Spring Data repository scanning in 23 ms. Found 8 JPA repository interfaces.
2023-01-30T14:09:35,365Z INFO  25214 BFF [           main] trationDelegate$BeanPostProcessorChecker : Bean 'org.springframework.boot.autoconfigure.flyway.FlywayAutoConfiguration' of type [org.springframework.boot.autoconfigure.flyway.FlywayAutoConfiguration] is not eligible for getting processed by all BeanPostProcessors (for example: not eligible for auto-proxying)
2023-01-30T14:09:35,366Z INFO  25214 BFF [           main] trationDelegate$BeanPostProcessorChecker : Bean 'stringOrNumberMigrationVersionConverter' of type [org.springframework.boot.autoconfigure.flyway.FlywayAutoConfiguration$StringOrNumberToMigrationVersionConverter] is not eligible for getting processed by all BeanPostProcessors (for example: not eligible for auto-proxying)
2023-01-30T14:09:35,368Z INFO  25214 BFF [           main] trationDelegate$BeanPostProcessorChecker : Bean 'spring.mail-org.springframework.boot.autoconfigure.mail.MailProperties' of type [org.springframework.boot.autoconfigure.mail.MailProperties] is not eligible for getting processed by all BeanPostProcessors (for example: not eligible for auto-proxying)
2023-01-30T14:09:35,368Z DEBUG 25214 BFF [           main] i.c.c.mail.support.GreenMailEmailServer  : GreenMail: Mail server is startedâ€¦
2023-01-30T14:09:35,492Z INFO  25214 BFF [           main] i.c.c.mail.support.GreenMailEmailServer  : GreenMail: Mail server successfully started on localhost: SMTPS = 40953; IMAPS = 46643
2023-01-30T14:09:35,531Z INFO  25214 BFF [           main] trationDelegate$BeanPostProcessorChecker : Bean 'org.springframework.security.access.expression.method.DefaultMethodSecurityExpressionHandler@10e74bfd' of type [org.springframework.security.access.expression.method.DefaultMethodSecurityExpressionHandler] is not eligible for getting processed by all BeanPostProcessors (for example: not eligible for auto-proxying)
2023-01-30T14:09:35,536Z INFO  25214 BFF [           main] trationDelegate$BeanPostProcessorChecker : Bean 'methodSecurityMetadataSource' of type [org.springframework.security.access.method.DelegatingMethodSecurityMetadataSource] is not eligible for getting processed by all BeanPostProcessors (for example: not eligible for auto-proxying)
2023-01-30T14:09:35,600Z INFO  25214 BFF [           main] o.s.b.w.embedded.tomcat.TomcatWebServer  : Tomcat initialized with port(s): 0 (http)
2023-01-30T14:09:35,600Z INFO  25214 BFF [           main] o.apache.catalina.core.StandardService   : Starting service [Tomcat]
2023-01-30T14:09:35,600Z INFO  25214 BFF [           main] org.apache.catalina.core.StandardEngine  : Starting Servlet engine: [Apache Tomcat/9.0.46]
2023-01-30T14:09:35,618Z INFO  25214 BFF [           main] o.a.c.c.C.[Tomcat-4].[localhost].[/]     : Initializing Spring embedded WebApplicationContext
2023-01-30T14:09:35,618Z INFO  25214 BFF [           main] w.s.c.ServletWebServerApplicationContext : Root WebApplicationContext: initialization completed in 545 ms
2023-01-30T14:09:35,677Z INFO  25214 BFF [           main] com.zaxxer.hikari.HikariDataSource       : HikariPool-5 - Starting...
2023-01-30T14:09:35,678Z INFO  25214 BFF [           main] com.zaxxer.hikari.HikariDataSource       : HikariPool-5 - Start completed.
2023-01-30T14:09:35,678Z INFO  25214 BFF [           main] o.s.b.a.h2.H2ConsoleAutoConfiguration    : H2 console available at '/h2-console'. Database available at 'jdbc:h2:mem:12314b2c-e4db-4437-b1cc-40d6e9658c20'
2023-01-30T14:09:35,771Z INFO  25214 BFF [           main] o.f.c.internal.license.VersionPrinter    : Flyway Community Edition 7.7.3 by Redgate
2023-01-30T14:09:35,772Z INFO  25214 BFF [           main] o.f.c.i.database.base.DatabaseType       : Database: jdbc:h2:mem:12314b2c-e4db-4437-b1cc-40d6e9658c20 (H2 1.4)
2023-01-30T14:09:35,776Z DEBUG 25214 BFF [           main] iris.client_bff.config.FlywayConfig      :  | ErrorCode: RESOLVED_VERSIONED_MIGRATION_NOT_APPLIED | ErrorMessage: Detected resolved migration not applied to database: 1001. To fix this error, either run migrate, or set -ignorePendingMigrations=true.
2023-01-30T14:09:35,776Z DEBUG 25214 BFF [           main] iris.client_bff.config.FlywayConfig      :  | ErrorCode: RESOLVED_VERSIONED_MIGRATION_NOT_APPLIED | ErrorMessage: Detected resolved migration not applied to database: 1002. To fix this error, either run migrate, or set -ignorePendingMigrations=true.
2023-01-30T14:09:35,776Z DEBUG 25214 BFF [           main] iris.client_bff.config.FlywayConfig      :  | ErrorCode: RESOLVED_VERSIONED_MIGRATION_NOT_APPLIED | ErrorMessage: Detected resolved migration not applied to database: 1003. To fix this error, either run migrate, or set -ignorePendingMigrations=true.
2023-01-30T14:09:35,776Z DEBUG 25214 BFF [           main] iris.client_bff.config.FlywayConfig      :  | ErrorCode: RESOLVED_VERSIONED_MIGRATION_NOT_APPLIED | ErrorMessage: Detected resolved migration not applied to database: 1004. To fix this error, either run migrate, or set -ignorePendingMigrations=true.
2023-01-30T14:09:35,776Z DEBUG 25214 BFF [           main] iris.client_bff.config.FlywayConfig      :  | ErrorCode: RESOLVED_VERSIONED_MIGRATION_NOT_APPLIED | ErrorMessage: Detected resolved migration not applied to database: 1005. To fix this error, either run migrate, or set -ignorePendingMigrations=true.
2023-01-30T14:09:35,776Z DEBUG 25214 BFF [           main] iris.client_bff.config.FlywayConfig      :  | ErrorCode: RESOLVED_VERSIONED_MIGRATION_NOT_APPLIED | ErrorMessage: Detected resolved migration not applied to database: 1006. To fix this error, either run migrate, or set -ignorePendingMigrations=true.
2023-01-30T14:09:35,776Z INFO  25214 BFF [           main] o.f.c.internal.license.VersionPrinter    : Flyway Community Edition 7.7.3 by Redgate
2023-01-30T14:09:35,779Z INFO  25214 BFF [           main] o.f.core.internal.command.DbValidate     : Successfully validated 6 migrations (execution time 00:00.001s)
2023-01-30T14:09:35,781Z INFO  25214 BFF [           main] o.f.c.i.s.JdbcTableSchemaHistory         : Creating Schema History table "PUBLIC"."flyway_schema_history" ...
2023-01-30T14:09:35,782Z INFO  25214 BFF [           main] o.f.c.i.s.DefaultSqlScriptExecutor       : 0 rows affected
2023-01-30T14:09:35,783Z INFO  25214 BFF [           main] o.f.c.i.s.DefaultSqlScriptExecutor       : 0 rows affected
2023-01-30T14:09:35,784Z INFO  25214 BFF [           main] o.f.core.internal.command.DbMigrate      : Current version of schema "PUBLIC": << Empty Schema >>
2023-01-30T14:09:35,786Z INFO  25214 BFF [           main] o.f.core.internal.command.DbMigrate      : Migrating schema "PUBLIC" to version "1001 - Initial schema"
2023-01-30T14:09:35,787Z INFO  25214 BFF [           main] o.f.c.i.s.DefaultSqlScriptExecutor       : 0 rows affected
2023-01-30T14:09:35,789Z INFO  25214 BFF [           main] o.f.c.i.s.DefaultSqlScriptExecutor       : 0 rows affected
2023-01-30T14:09:35,790Z INFO  25214 BFF [           main] o.f.c.i.s.DefaultSqlScriptExecutor       : 0 rows affected
2023-01-30T14:09:35,792Z INFO  25214 BFF [           main] o.f.c.i.s.DefaultSqlScriptExecutor       : 0 rows affected
2023-01-30T14:09:35,794Z INFO  25214 BFF [           main] o.f.c.i.s.DefaultSqlScriptExecutor       : 0 rows affected
2023-01-30T14:09:35,796Z INFO  25214 BFF [           main] o.f.c.i.s.DefaultSqlScriptExecutor       : 0 rows affected
2023-01-30T14:09:35,798Z INFO  25214 BFF [           main] o.f.c.i.s.DefaultSqlScriptExecutor       : 0 rows affected
2023-01-30T14:09:35,799Z INFO  25214 BFF [           main] o.f.c.i.s.DefaultSqlScriptExecutor       : 0 rows affected
2023-01-30T14:09:35,802Z INFO  25214 BFF [           main] o.f.c.i.s.DefaultSqlScriptExecutor       : 0 rows affected
2023-01-30T14:09:35,803Z INFO  25214 BFF [           main] o.f.c.i.s.DefaultSqlScriptExecutor       : 0 rows affected
2023-01-30T14:09:35,809Z INFO  25214 BFF [           main] o.f.core.internal.command.DbMigrate      : Migrating schema "PUBLIC" to version "1002 - introduce announcements"
2023-01-30T14:09:35,814Z INFO  25214 BFF [           main] o.f.c.i.s.DefaultSqlScriptExecutor       : 0 rows affected
2023-01-30T14:09:35,819Z INFO  25214 BFF [           main] o.f.core.internal.command.DbMigrate      : Migrating schema "PUBLIC" to version "1003 - introduce allowed tokens"
2023-01-30T14:09:35,820Z INFO  25214 BFF [           main] o.f.c.i.s.DefaultSqlScriptExecutor       : 0 rows affected
2023-01-30T14:09:35,825Z INFO  25214 BFF [           main] o.f.core.internal.command.DbMigrate      : Migrating schema "PUBLIC" to version "1004 - add cases"
2023-01-30T14:09:35,828Z INFO  25214 BFF [           main] o.f.c.i.s.DefaultSqlScriptExecutor       : 0 rows affected
2023-01-30T14:09:35,831Z INFO  25214 BFF [           main] o.f.c.i.s.DefaultSqlScriptExecutor       : 0 rows affected
2023-01-30T14:09:35,833Z INFO  25214 BFF [           main] o.f.c.i.s.DefaultSqlScriptExecutor       : 0 rows affected
2023-01-30T14:09:35,835Z INFO  25214 BFF [           main] o.f.c.i.s.DefaultSqlScriptExecutor       : 0 rows affected
2023-01-30T14:09:35,838Z INFO  25214 BFF [           main] o.f.c.i.s.DefaultSqlScriptExecutor       : 0 rows affected
2023-01-30T14:09:35,842Z INFO  25214 BFF [           main] o.f.core.internal.command.DbMigrate      : Migrating schema "PUBLIC" to version "1005 - add login attempts"
2023-01-30T14:09:35,843Z INFO  25214 BFF [           main] o.f.c.i.s.DefaultSqlScriptExecutor       : 0 rows affected
2023-01-30T14:09:35,847Z INFO  25214 BFF [           main] o.f.core.internal.command.DbMigrate      : Migrating schema "PUBLIC" to version "1006 - login attempts rename column"
2023-01-30T14:09:35,847Z INFO  25214 BFF [           main] o.f.c.i.s.DefaultSqlScriptExecutor       : 0 rows affected
2023-01-30T14:09:35,851Z INFO  25214 BFF [           main] o.f.core.internal.command.DbMigrate      : Successfully applied 6 migrations to schema "PUBLIC", now at version v1006 (execution time 00:00.067s)
2023-01-30T14:09:35,881Z INFO  25214 BFF [           main] o.hibernate.jpa.internal.util.LogHelper  : HHH000204: Processing PersistenceUnitInfo [name: default]
2023-01-30T14:09:35,886Z INFO  25214 BFF [           main] org.hibernate.dialect.Dialect            : HHH000400: Using dialect: org.hibernate.dialect.H2Dialect
2023-01-30T14:09:35,970Z INFO  25214 BFF [           main] o.h.e.t.j.p.i.JtaPlatformInitiator       : HHH000490: Using JtaPlatform implementation: [org.hibernate.engine.transaction.jta.platform.internal.NoJtaPlatform]
2023-01-30T14:09:35,970Z INFO  25214 BFF [           main] j.LocalContainerEntityManagerFactoryBean : Initialized JPA EntityManagerFactory for persistence unit 'default'
2023-01-30T14:09:36,172Z WARN  25214 BFF [           main] JpaBaseConfiguration$JpaWebConfiguration : spring.jpa.open-in-view is enabled by default. Therefore, database queries may be performed during view rendering. Explicitly configure spring.jpa.open-in-view to disable this warning
2023-01-30T14:09:36,215Z INFO  25214 BFF [           main] i.client_bff.auth.db.InitialAdminLoader  : Create admin user [admin]
2023-01-30T14:09:37,036Z INFO  25214 BFF [           main] o.s.b.a.e.web.EndpointLinksResolver      : Exposing 3 endpoint(s) beneath base path '/actuator'
2023-01-30T14:09:37,092Z INFO  25214 BFF [           main] o.s.s.web.DefaultSecurityFilterChain     : Will secure any request with [org.springframework.security.web.context.request.async.WebAsyncManagerIntegrationFilter@179f9f90, org.springframework.security.web.context.SecurityContextPersistenceFilter@15f83813, org.springframework.security.web.header.HeaderWriterFilter@3bb2680e, org.springframework.web.filter.CorsFilter@23f22146, org.springframework.security.web.authentication.logout.LogoutFilter@6af2cbd5, iris.client_bff.auth.db.JWTAuthenticationFilter@6f89fc23, iris.client_bff.auth.db.JWTAuthorizationFilter@5b40dcab, org.springframework.security.web.savedrequest.RequestCacheAwareFilter@4161d3f8, org.springframework.security.web.servletapi.SecurityContextHolderAwareRequestFilter@693b21c2, org.springframework.security.web.authentication.AnonymousAuthenticationFilter@30c8ab4c, org.springframework.security.web.session.SessionManagementFilter@75a44ada, org.springframework.security.web.access.ExceptionTranslationFilter@56a24f0, org.springframework.security.web.access.intercept.FilterSecurityInterceptor@703898a9]
2023-01-30T14:09:37,270Z WARN  25214 BFF [           main] o.s.b.a.f.FreeMarkerAutoConfiguration    : Cannot find template location(s): [classpath:/templates/] (please add some templates, check your FreeMarker configuration, or set spring.freemarker.checkTemplateLocation=false)
2023-01-30T14:09:37,316Z INFO  25214 BFF [           main] o.a.c.c.C.[Tomcat-4].[localhost].[/]     : Initializing Spring TestDispatcherServlet ''
2023-01-30T14:09:37,316Z INFO  25214 BFF [           main] o.s.t.web.servlet.TestDispatcherServlet  : Initializing Servlet ''
2023-01-30T14:09:37,317Z INFO  25214 BFF [           main] o.s.t.web.servlet.TestDispatcherServlet  : Completed initialization in 1 ms
2023-01-30T14:09:37,340Z INFO  25214 BFF [           main] o.s.b.w.embedded.tomcat.TomcatWebServer  : Tomcat started on port(s): 33779 (http) with context path ''
2023-01-30T14:09:37,346Z INFO  25214 BFF [           main] i.c.s.web.LocationSearchControllerTests  : Started LocationSearchControllerTests in 2.293 seconds (JVM running for 33.744)
2023-01-30T14:09:37,350Z INFO  25214 BFF [           main] iris.client_bff.config.EmailConfig       : Successfully verified email texts for locales [de].
2023-01-30T14:09:37,350Z INFO  25214 BFF [           main] iris.client_bff.DataInitializerInvoker   : Data initialization for class iris.client_bff.events.EventDataRequestsDataInitializer
2023-01-30T14:09:37,351Z DEBUG 25214 BFF [           main] i.c.e.EventDataRequestsDataInitializer   : Test data: creating data requests â€¦
2023-01-30T14:09:37,358Z INFO  25214 BFF [           main] iris.client_bff.DataInitializerInvoker   : Data initialization for class iris.client_bff.events.EventDataSubmissionsDataInitializer
2023-01-30T14:09:37,358Z DEBUG 25214 BFF [           main] .c.e.EventDataSubmissionsDataInitializer : Test data: creating data submissions â€¦
2023-01-30T14:09:37,364Z INFO  25214 BFF [           main] iris.client_bff.DataInitializerInvoker   : Data initialization for class iris.client_bff.cases.CaseDataRequestDataInitializer
2023-01-30T14:09:37,364Z DEBUG 25214 BFF [           main] i.c.c.CaseDataRequestDataInitializer     : Test data: creating data requests â€¦
2023-01-30T14:09:37,370Z INFO  25214 BFF [           main] i.client_bff.core.mail.EmailSenderReal   : Email sender initialized and ready to send out emails.
2023-01-30T14:09:37,941Z INFO  25214 BFF [           main] c.c.w.e.GlobalControllerExceptionHandler : Search failed with exception: java.net.ConnectException: Connection refused: Connection refused
[INFO] Tests run: 4, Failures: 0, Errors: 0, Skipped: 0, Time elapsed: 2.899 s - in iris.client_bff.search_client.web.LocationSearchControllerTests
[INFO] Running iris.client_bff.search_client.eps.EPSSearchClientTests
2023-01-30T14:09:37,947Z INFO  25214 BFF [           main] .b.t.c.SpringBootTestContextBootstrapper : Neither @ContextConfiguration nor @ContextHierarchy found for test class [iris.client_bff.search_client.eps.EPSSearchClientTests], using SpringBootContextLoader
2023-01-30T14:09:37,947Z INFO  25214 BFF [           main] o.s.t.c.support.AbstractContextLoader    : Could not detect default resource locations for test class [iris.client_bff.search_client.eps.EPSSearchClientTests]: no resource found for suffixes {-context.xml, Context.groovy}.
2023-01-30T14:09:37,947Z INFO  25214 BFF [           main] t.c.s.AnnotationConfigContextLoaderUtils : Could not detect default configuration classes for test class [iris.client_bff.search_client.eps.EPSSearchClientTests]: EPSSearchClientTests does not declare any static, non-private, non-final, nested classes annotated with @Configuration.
2023-01-30T14:09:37,953Z INFO  25214 BFF [           main] .b.t.c.SpringBootTestContextBootstrapper : Found @SpringBootConfiguration iris.client_bff.IrisClientBffApplication for test class iris.client_bff.search_client.eps.EPSSearchClientTests
2023-01-30T14:09:37,954Z INFO  25214 BFF [           main] .b.t.c.SpringBootTestContextBootstrapper : Loaded default TestExecutionListener class names from location [META-INF/spring.factories]: [org.springframework.boot.test.mock.mockito.MockitoTestExecutionListener, org.springframework.boot.test.mock.mockito.ResetMocksTestExecutionListener, org.springframework.boot.test.autoconfigure.restdocs.RestDocsTestExecutionListener, org.springframework.boot.test.autoconfigure.web.client.MockRestServiceServerResetTestExecutionListener, org.springframework.boot.test.autoconfigure.web.servlet.MockMvcPrintOnlyOnFailureTestExecutionListener, org.springframework.boot.test.autoconfigure.web.servlet.WebDriverTestExecutionListener, org.springframework.boot.test.autoconfigure.webservices.client.MockWebServiceServerTestExecutionListener, org.springframework.test.context.web.ServletTestExecutionListener, org.springframework.test.context.support.DirtiesContextBeforeModesTestExecutionListener, org.springframework.test.context.event.ApplicationEventsTestExecutionListener, org.springframework.test.context.support.DependencyInjectionTestExecutionListener, org.springframework.test.context.support.DirtiesContextTestExecutionListener, org.springframework.test.context.transaction.TransactionalTestExecutionListener, org.springframework.test.context.jdbc.SqlScriptsTestExecutionListener, org.springframework.test.context.event.EventPublishingTestExecutionListener, org.springframework.cloud.contract.stubrunner.provider.wiremock.StubRunnerWireMockTestExecutionListener, org.springframework.cloud.contract.wiremock.WireMockTestExecutionListener, org.springframework.security.test.context.support.WithSecurityContextTestExecutionListener, org.springframework.security.test.context.support.ReactorContextTestExecutionListener]
2023-01-30T14:09:37,954Z INFO  25214 BFF [           main] .b.t.c.SpringBootTestContextBootstrapper : Using TestExecutionListeners: [org.springframework.test.context.web.ServletTestExecutionListener@40ca3a71, org.springframework.test.context.support.DirtiesContextBeforeModesTestExecutionListener@307794e7, org.springframework.test.context.event.ApplicationEventsTestExecutionListener@5c24ccb2, org.springframework.boot.test.mock.mockito.MockitoTestExecutionListener@7c588c8a, org.springframework.boot.test.autoconfigure.SpringBootDependencyInjectionTestExecutionListener@6dd038c2, org.springframework.test.context.support.DirtiesContextTestExecutionListener@610c4933, org.springframework.test.context.transaction.TransactionalTestExecutionListener@1bb758fc, org.springframework.test.context.jdbc.SqlScriptsTestExecutionListener@23b3abdc, org.springframework.test.context.event.EventPublishingTestExecutionListener@4f498140, org.springframework.security.test.context.support.WithSecurityContextTestExecutionListener@4c0f1c4b, org.springframework.security.test.context.support.ReactorContextTestExecutionListener@6d5edd8e, org.springframework.boot.test.mock.mockito.ResetMocksTestExecutionListener@538d76b2, org.springframework.boot.test.autoconfigure.restdocs.RestDocsTestExecutionListener@50cdbe02, org.springframework.boot.test.autoconfigure.web.client.MockRestServiceServerResetTestExecutionListener@64141d14, org.springframework.boot.test.autoconfigure.web.servlet.MockMvcPrintOnlyOnFailureTestExecutionListener@7f3d0eb5, org.springframework.boot.test.autoconfigure.web.servlet.WebDriverTestExecutionListener@473dcf06, org.springframework.boot.test.autoconfigure.webservices.client.MockWebServiceServerTestExecutionListener@7a3d444d, org.springframework.cloud.contract.stubrunner.provider.wiremock.StubRunnerWireMockTestExecutionListener@3e051aa3, org.springframework.cloud.contract.wiremock.WireMockTestExecutionListener@295af370]

  .   ____          _            __ _ _
 /\\ / ___'_ __ _ _(_)_ __  __ _ \ \ \ \
( ( )\___ | '_ | '_| | '_ \/ _` | \ \ \ \
 \\/  ___)| |_)| | | | | || (_| |  ) ) ) )
  '  |____| .__|_| |_|_| |_\__, | / / / /
 =========|_|==============|___/=/_/_/_/
 :: Spring Boot ::                (v2.5.1)

2023-01-30T14:09:37,980Z INFO  25214 BFF [           main] i.c.s.eps.EPSSearchClientTests           : Starting EPSSearchClientTests using Java 11.0.17 on repairnator with PID 25214 (started by gabsko in /home/gabsko/breaking-updates/iris-client-bff)
2023-01-30T14:09:37,980Z DEBUG 25214 BFF [           main] i.c.s.eps.EPSSearchClientTests           : Running with Spring Boot v2.5.1, Spring v5.3.8
2023-01-30T14:09:37,980Z INFO  25214 BFF [           main] i.c.s.eps.EPSSearchClientTests           : The following profiles are active: dev,h2_db,dev_env,dev_auth,local,inttest
2023-01-30T14:09:38,256Z INFO  25214 BFF [           main] .s.d.r.c.RepositoryConfigurationDelegate : Bootstrapping Spring Data JPA repositories in DEFAULT mode.
2023-01-30T14:09:38,279Z INFO  25214 BFF [           main] .s.d.r.c.RepositoryConfigurationDelegate : Finished Spring Data repository scanning in 23 ms. Found 8 JPA repository interfaces.
2023-01-30T14:09:38,374Z INFO  25214 BFF [           main] trationDelegate$BeanPostProcessorChecker : Bean 'org.springframework.boot.autoconfigure.flyway.FlywayAutoConfiguration' of type [org.springframework.boot.autoconfigure.flyway.FlywayAutoConfiguration] is not eligible for getting processed by all BeanPostProcessors (for example: not eligible for auto-proxying)
2023-01-30T14:09:38,375Z INFO  25214 BFF [           main] trationDelegate$BeanPostProcessorChecker : Bean 'stringOrNumberMigrationVersionConverter' of type [org.springframework.boot.autoconfigure.flyway.FlywayAutoConfiguration$StringOrNumberToMigrationVersionConverter] is not eligible for getting processed by all BeanPostProcessors (for example: not eligible for auto-proxying)
2023-01-30T14:09:38,378Z INFO  25214 BFF [           main] trationDelegate$BeanPostProcessorChecker : Bean 'spring.mail-org.springframework.boot.autoconfigure.mail.MailProperties' of type [org.springframework.boot.autoconfigure.mail.MailProperties] is not eligible for getting processed by all BeanPostProcessors (for example: not eligible for auto-proxying)
2023-01-30T14:09:38,378Z DEBUG 25214 BFF [           main] i.c.c.mail.support.GreenMailEmailServer  : GreenMail: Mail server is startedâ€¦
2023-01-30T14:09:38,590Z INFO  25214 BFF [           main] i.c.c.mail.support.GreenMailEmailServer  : GreenMail: Mail server successfully started on localhost: SMTPS = 35431; IMAPS = 34811
2023-01-30T14:09:38,676Z INFO  25214 BFF [           main] trationDelegate$BeanPostProcessorChecker : Bean 'org.springframework.security.access.expression.method.DefaultMethodSecurityExpressionHandler@8304ff0' of type [org.springframework.security.access.expression.method.DefaultMethodSecurityExpressionHandler] is not eligible for getting processed by all BeanPostProcessors (for example: not eligible for auto-proxying)
2023-01-30T14:09:38,684Z INFO  25214 BFF [           main] trationDelegate$BeanPostProcessorChecker : Bean 'methodSecurityMetadataSource' of type [org.springframework.security.access.method.DelegatingMethodSecurityMetadataSource] is not eligible for getting processed by all BeanPostProcessors (for example: not eligible for auto-proxying)
2023-01-30T14:09:38,760Z INFO  25214 BFF [           main] o.f.c.internal.license.VersionPrinter    : Flyway Community Edition 7.7.3 by Redgate
2023-01-30T14:09:38,761Z INFO  25214 BFF [           main] com.zaxxer.hikari.HikariDataSource       : HikariPool-6 - Starting...
2023-01-30T14:09:38,780Z INFO  25214 BFF [           main] com.zaxxer.hikari.HikariDataSource       : HikariPool-6 - Start completed.
2023-01-30T14:09:38,780Z INFO  25214 BFF [           main] o.f.c.i.database.base.DatabaseType       : Database: jdbc:h2:mem:776f2c25-f273-4bf3-9276-eeabede215b4 (H2 1.4)
2023-01-30T14:09:38,803Z DEBUG 25214 BFF [           main] iris.client_bff.config.FlywayConfig      :  | ErrorCode: RESOLVED_VERSIONED_MIGRATION_NOT_APPLIED | ErrorMessage: Detected resolved migration not applied to database: 1001. To fix this error, either run migrate, or set -ignorePendingMigrations=true.
2023-01-30T14:09:38,803Z DEBUG 25214 BFF [           main] iris.client_bff.config.FlywayConfig      :  | ErrorCode: RESOLVED_VERSIONED_MIGRATION_NOT_APPLIED | ErrorMessage: Detected resolved migration not applied to database: 1002. To fix this error, either run migrate, or set -ignorePendingMigrations=true.
2023-01-30T14:09:38,803Z DEBUG 25214 BFF [           main] iris.client_bff.config.FlywayConfig      :  | ErrorCode: RESOLVED_VERSIONED_MIGRATION_NOT_APPLIED | ErrorMessage: Detected resolved migration not applied to database: 1003. To fix this error, either run migrate, or set -ignorePendingMigrations=true.
2023-01-30T14:09:38,803Z DEBUG 25214 BFF [           main] iris.client_bff.config.FlywayConfig      :  | ErrorCode: RESOLVED_VERSIONED_MIGRATION_NOT_APPLIED | ErrorMessage: Detected resolved migration not applied to database: 1004. To fix this error, either run migrate, or set -ignorePendingMigrations=true.
2023-01-30T14:09:38,803Z DEBUG 25214 BFF [           main] iris.client_bff.config.FlywayConfig      :  | ErrorCode: RESOLVED_VERSIONED_MIGRATION_NOT_APPLIED | ErrorMessage: Detected resolved migration not applied to database: 1005. To fix this error, either run migrate, or set -ignorePendingMigrations=true.
2023-01-30T14:09:38,803Z DEBUG 25214 BFF [           main] iris.client_bff.config.FlywayConfig      :  | ErrorCode: RESOLVED_VERSIONED_MIGRATION_NOT_APPLIED | ErrorMessage: Detected resolved migration not applied to database: 1006. To fix this error, either run migrate, or set -ignorePendingMigrations=true.
2023-01-30T14:09:38,803Z INFO  25214 BFF [           main] o.f.c.internal.license.VersionPrinter    : Flyway Community Edition 7.7.3 by Redgate
2023-01-30T14:09:38,806Z INFO  25214 BFF [           main] o.f.core.internal.command.DbValidate     : Successfully validated 6 migrations (execution time 00:00.001s)
2023-01-30T14:09:38,808Z INFO  25214 BFF [           main] o.f.c.i.s.JdbcTableSchemaHistory         : Creating Schema History table "PUBLIC"."flyway_schema_history" ...
2023-01-30T14:09:38,809Z INFO  25214 BFF [           main] o.f.c.i.s.DefaultSqlScriptExecutor       : 0 rows affected
2023-01-30T14:09:38,810Z INFO  25214 BFF [           main] o.f.c.i.s.DefaultSqlScriptExecutor       : 0 rows affected
2023-01-30T14:09:38,813Z INFO  25214 BFF [           main] o.f.core.internal.command.DbMigrate      : Current version of schema "PUBLIC": << Empty Schema >>
2023-01-30T14:09:38,815Z INFO  25214 BFF [           main] o.f.core.internal.command.DbMigrate      : Migrating schema "PUBLIC" to version "1001 - Initial schema"
2023-01-30T14:09:38,816Z INFO  25214 BFF [           main] o.f.c.i.s.DefaultSqlScriptExecutor       : 0 rows affected
2023-01-30T14:09:38,818Z INFO  25214 BFF [           main] o.f.c.i.s.DefaultSqlScriptExecutor       : 0 rows affected
2023-01-30T14:09:38,819Z INFO  25214 BFF [           main] o.f.c.i.s.DefaultSqlScriptExecutor       : 0 rows affected
2023-01-30T14:09:38,822Z INFO  25214 BFF [           main] o.f.c.i.s.DefaultSqlScriptExecutor       : 0 rows affected
2023-01-30T14:09:38,823Z INFO  25214 BFF [           main] o.f.c.i.s.DefaultSqlScriptExecutor       : 0 rows affected
2023-01-30T14:09:38,826Z INFO  25214 BFF [           main] o.f.c.i.s.DefaultSqlScriptExecutor       : 0 rows affected
2023-01-30T14:09:38,829Z INFO  25214 BFF [           main] o.f.c.i.s.DefaultSqlScriptExecutor       : 0 rows affected
2023-01-30T14:09:38,830Z INFO  25214 BFF [           main] o.f.c.i.s.DefaultSqlScriptExecutor       : 0 rows affected
2023-01-30T14:09:38,833Z INFO  25214 BFF [           main] o.f.c.i.s.DefaultSqlScriptExecutor       : 0 rows affected
2023-01-30T14:09:38,834Z INFO  25214 BFF [           main] o.f.c.i.s.DefaultSqlScriptExecutor       : 0 rows affected
2023-01-30T14:09:38,838Z INFO  25214 BFF [           main] o.f.core.internal.command.DbMigrate      : Migrating schema "PUBLIC" to version "1002 - introduce announcements"
2023-01-30T14:09:38,842Z INFO  25214 BFF [           main] o.f.c.i.s.DefaultSqlScriptExecutor       : 0 rows affected
2023-01-30T14:09:38,846Z INFO  25214 BFF [           main] o.f.core.internal.command.DbMigrate      : Migrating schema "PUBLIC" to version "1003 - introduce allowed tokens"
2023-01-30T14:09:38,847Z INFO  25214 BFF [           main] o.f.c.i.s.DefaultSqlScriptExecutor       : 0 rows affected
2023-01-30T14:09:38,852Z INFO  25214 BFF [           main] o.f.core.internal.command.DbMigrate      : Migrating schema "PUBLIC" to version "1004 - add cases"
2023-01-30T14:09:38,854Z INFO  25214 BFF [           main] o.f.c.i.s.DefaultSqlScriptExecutor       : 0 rows affected
2023-01-30T14:09:38,857Z INFO  25214 BFF [           main] o.f.c.i.s.DefaultSqlScriptExecutor       : 0 rows affected
2023-01-30T14:09:38,859Z INFO  25214 BFF [           main] o.f.c.i.s.DefaultSqlScriptExecutor       : 0 rows affected
2023-01-30T14:09:38,862Z INFO  25214 BFF [           main] o.f.c.i.s.DefaultSqlScriptExecutor       : 0 rows affected
2023-01-30T14:09:38,864Z INFO  25214 BFF [           main] o.f.c.i.s.DefaultSqlScriptExecutor       : 0 rows affected
2023-01-30T14:09:38,868Z INFO  25214 BFF [           main] o.f.core.internal.command.DbMigrate      : Migrating schema "PUBLIC" to version "1005 - add login attempts"
2023-01-30T14:09:38,869Z INFO  25214 BFF [           main] o.f.c.i.s.DefaultSqlScriptExecutor       : 0 rows affected
2023-01-30T14:09:38,872Z INFO  25214 BFF [           main] o.f.core.internal.command.DbMigrate      : Migrating schema "PUBLIC" to version "1006 - login attempts rename column"
2023-01-30T14:09:38,873Z INFO  25214 BFF [           main] o.f.c.i.s.DefaultSqlScriptExecutor       : 0 rows affected
2023-01-30T14:09:38,876Z INFO  25214 BFF [           main] o.f.core.internal.command.DbMigrate      : Successfully applied 6 migrations to schema "PUBLIC", now at version v1006 (execution time 00:00.064s)
2023-01-30T14:09:38,901Z INFO  25214 BFF [           main] o.hibernate.jpa.internal.util.LogHelper  : HHH000204: Processing PersistenceUnitInfo [name: default]
2023-01-30T14:09:38,906Z INFO  25214 BFF [           main] org.hibernate.dialect.Dialect            : HHH000400: Using dialect: org.hibernate.dialect.H2Dialect
2023-01-30T14:09:39,002Z INFO  25214 BFF [           main] o.h.e.t.j.p.i.JtaPlatformInitiator       : HHH000490: Using JtaPlatform implementation: [org.hibernate.engine.transaction.jta.platform.internal.NoJtaPlatform]
2023-01-30T14:09:39,002Z INFO  25214 BFF [           main] j.LocalContainerEntityManagerFactoryBean : Initialized JPA EntityManagerFactory for persistence unit 'default'
2023-01-30T14:09:39,261Z WARN  25214 BFF [           main] JpaBaseConfiguration$JpaWebConfiguration : spring.jpa.open-in-view is enabled by default. Therefore, database queries may be performed during view rendering. Explicitly configure spring.jpa.open-in-view to disable this warning
2023-01-30T14:09:39,306Z INFO  25214 BFF [           main] i.client_bff.auth.db.InitialAdminLoader  : Create admin user [admin]
2023-01-30T14:09:39,691Z INFO  25214 BFF [           main] wiremock.org.eclipse.jetty.util.log      : Logging initialized @36089ms to wiremock.org.eclipse.jetty.util.log.Slf4jLog
2023-01-30T14:09:39,841Z INFO  25214 BFF [           main] w.org.eclipse.jetty.server.Server        : jetty-9.4.20.v20190813; built: 2019-08-13T21:28:18.144Z; git: 84700530e645e812b336747464d6fbbf370c9a20; jvm 11.0.17+8-post-Ubuntu-1ubuntu218.04
2023-01-30T14:09:39,853Z INFO  25214 BFF [           main] w.o.e.j.server.handler.ContextHandler    : Started w.o.e.j.s.ServletContextHandler@71fc0316{/__admin,null,AVAILABLE}
2023-01-30T14:09:39,855Z INFO  25214 BFF [           main] w.o.e.j.server.handler.ContextHandler    : Started w.o.e.j.s.ServletContextHandler@73eb830c{/,null,AVAILABLE}
2023-01-30T14:09:39,861Z INFO  25214 BFF [           main] w.o.e.jetty.server.AbstractConnector     : Started NetworkTrafficServerConnector@1afbe2aa{HTTP/1.1,[http/1.1]}{0.0.0.0:11556}
2023-01-30T14:09:39,865Z INFO  25214 BFF [           main] w.o.e.jetty.util.ssl.SslContextFactory   : x509=X509@57f40794(wiremock,h=[],w=[]) for Server@723c84d6[provider=Conscrypt,keyStore=jar:file:/home/gabsko/.m2/repository/com/github/tomakehurst/wiremock-jre8-standalone/2.26.2/wiremock-jre8-standalone-2.26.2.jar!/keystore,trustStore=null]
2023-01-30T14:09:39,866Z INFO  25214 BFF [           main] w.o.e.jetty.util.ssl.SslContextFactory   : Unable to get KeyManagerFactory instance for algorithm [SunX509] on provider [Conscrypt], using default
2023-01-30T14:09:39,891Z INFO  25214 BFF [           main] w.o.e.jetty.server.AbstractConnector     : Started NetworkTrafficServerConnector@33ac4ea9{SSL,[ssl, alpn, h2, http/1.1]}{0.0.0.0:13645}
2023-01-30T14:09:39,891Z INFO  25214 BFF [           main] w.org.eclipse.jetty.server.Server        : Started @36289ms
2023-01-30T14:09:39,959Z INFO  25214 BFF [           main] o.s.b.a.h2.H2ConsoleAutoConfiguration    : H2 console available at '/h2-console'. Database available at 'jdbc:h2:mem:776f2c25-f273-4bf3-9276-eeabede215b4'
2023-01-30T14:09:40,394Z INFO  25214 BFF [           main] o.s.b.a.e.web.EndpointLinksResolver      : Exposing 3 endpoint(s) beneath base path '/actuator'
2023-01-30T14:09:40,479Z INFO  25214 BFF [           main] o.s.s.web.DefaultSecurityFilterChain     : Will secure any request with [org.springframework.security.web.context.request.async.WebAsyncManagerIntegrationFilter@588c9938, org.springframework.security.web.context.SecurityContextPersistenceFilter@666fad24, org.springframework.security.web.header.HeaderWriterFilter@23619b62, org.springframework.web.filter.CorsFilter@b73e0b6, org.springframework.security.web.authentication.logout.LogoutFilter@500fc15f, iris.client_bff.auth.db.JWTAuthenticationFilter@116c5bfa, iris.client_bff.auth.db.JWTAuthorizationFilter@29bcb1fd, org.springframework.security.web.savedrequest.RequestCacheAwareFilter@7b310eb2, org.springframework.security.web.servletapi.SecurityContextHolderAwareRequestFilter@54a4203d, org.springframework.security.web.authentication.AnonymousAuthenticationFilter@1545a8ab, org.springframework.security.web.session.SessionManagementFilter@4e6a286d, org.springframework.security.web.access.ExceptionTranslationFilter@2b66c4a7, org.springframework.security.web.access.intercept.FilterSecurityInterceptor@7269502a]
2023-01-30T14:09:40,724Z WARN  25214 BFF [           main] o.s.b.a.f.FreeMarkerAutoConfiguration    : Cannot find template location(s): [classpath:/templates/] (please add some templates, check your FreeMarker configuration, or set spring.freemarker.checkTemplateLocation=false)
2023-01-30T14:09:40,777Z INFO  25214 BFF [           main] o.s.b.t.m.w.SpringBootMockServletContext : Initializing Spring TestDispatcherServlet ''
2023-01-30T14:09:40,777Z INFO  25214 BFF [           main] o.s.t.web.servlet.TestDispatcherServlet  : Initializing Servlet ''
2023-01-30T14:09:40,778Z INFO  25214 BFF [           main] o.s.t.web.servlet.TestDispatcherServlet  : Completed initialization in 1 ms
2023-01-30T14:09:40,810Z INFO  25214 BFF [           main] i.c.s.eps.EPSSearchClientTests           : Started EPSSearchClientTests in 2.85 seconds (JVM running for 37.208)
2023-01-30T14:09:40,813Z INFO  25214 BFF [           main] iris.client_bff.config.EmailConfig       : Successfully verified email texts for locales [de].
2023-01-30T14:09:40,813Z INFO  25214 BFF [           main] iris.client_bff.DataInitializerInvoker   : Data initialization for class iris.client_bff.events.EventDataRequestsDataInitializer
2023-01-30T14:09:40,813Z DEBUG 25214 BFF [           main] i.c.e.EventDataRequestsDataInitializer   : Test data: creating data requests â€¦
2023-01-30T14:09:40,821Z INFO  25214 BFF [           main] iris.client_bff.DataInitializerInvoker   : Data initialization for class iris.client_bff.events.EventDataSubmissionsDataInitializer
2023-01-30T14:09:40,821Z DEBUG 25214 BFF [           main] .c.e.EventDataSubmissionsDataInitializer : Test data: creating data submissions â€¦
2023-01-30T14:09:40,826Z INFO  25214 BFF [           main] iris.client_bff.DataInitializerInvoker   : Data initialization for class iris.client_bff.cases.CaseDataRequestDataInitializer
2023-01-30T14:09:40,827Z DEBUG 25214 BFF [           main] i.c.c.CaseDataRequestDataInitializer     : Test data: creating data requests â€¦
2023-01-30T14:09:40,832Z INFO  25214 BFF [           main] i.client_bff.core.mail.EmailSenderReal   : Email sender initialized and ready to send out emails.
2023-01-30T14:09:40,842Z INFO  25214 BFF [           main] i.c.search_client.eps.EPSSearchClient    : DATA REQUEST: Get location details
2023-01-30T14:09:40,847Z INFO  25214 BFF [           main] i.c.search_client.eps.EPSSearchClient    : DATA REQUEST: Get location details
2023-01-30T14:09:40,852Z INFO  25214 BFF [           main] i.c.search_client.eps.EPSSearchClient    : DATA REQUEST: Location search started
2023-01-30T14:09:40,858Z INFO  25214 BFF [           main] w.o.e.jetty.server.AbstractConnector     : Stopped NetworkTrafficServerConnector@1afbe2aa{HTTP/1.1,[http/1.1]}{0.0.0.0:11556}
2023-01-30T14:09:40,860Z INFO  25214 BFF [           main] w.o.e.jetty.server.AbstractConnector     : Stopped NetworkTrafficServerConnector@33ac4ea9{SSL,[ssl, alpn, h2, http/1.1]}{0.0.0.0:13645}
2023-01-30T14:09:40,861Z INFO  25214 BFF [           main] w.o.e.j.server.handler.ContextHandler    : Stopped w.o.e.j.s.ServletContextHandler@73eb830c{/,null,UNAVAILABLE}
2023-01-30T14:09:40,861Z INFO  25214 BFF [           main] w.o.e.j.server.handler.ContextHandler    : Stopped w.o.e.j.s.ServletContextHandler@71fc0316{/__admin,null,UNAVAILABLE}
2023-01-30T14:09:40,861Z INFO  25214 BFF [           main] w.org.eclipse.jetty.server.Server        : jetty-9.4.20.v20190813; built: 2019-08-13T21:28:18.144Z; git: 84700530e645e812b336747464d6fbbf370c9a20; jvm 11.0.17+8-post-Ubuntu-1ubuntu218.04
2023-01-30T14:09:40,862Z INFO  25214 BFF [           main] w.o.e.j.server.handler.ContextHandler    : Started w.o.e.j.s.ServletContextHandler@71fc0316{/__admin,null,AVAILABLE}
2023-01-30T14:09:40,863Z INFO  25214 BFF [           main] w.o.e.j.server.handler.ContextHandler    : Started w.o.e.j.s.ServletContextHandler@73eb830c{/,null,AVAILABLE}
2023-01-30T14:09:40,867Z INFO  25214 BFF [           main] w.o.e.jetty.server.AbstractConnector     : Started NetworkTrafficServerConnector@1afbe2aa{HTTP/1.1,[http/1.1]}{0.0.0.0:11556}
2023-01-30T14:09:40,867Z INFO  25214 BFF [           main] w.o.e.jetty.util.ssl.SslContextFactory   : x509=X509@a0bd732(wiremock,h=[],w=[]) for Server@723c84d6[provider=Conscrypt,keyStore=jar:file:/home/gabsko/.m2/repository/com/github/tomakehurst/wiremock-jre8-standalone/2.26.2/wiremock-jre8-standalone-2.26.2.jar!/keystore,trustStore=null]
2023-01-30T14:09:40,867Z INFO  25214 BFF [           main] w.o.e.jetty.util.ssl.SslContextFactory   : Unable to get KeyManagerFactory instance for algorithm [SunX509] on provider [Conscrypt], using default
2023-01-30T14:09:40,869Z INFO  25214 BFF [           main] w.o.e.jetty.server.AbstractConnector     : Started NetworkTrafficServerConnector@33ac4ea9{SSL,[ssl, alpn, h2, http/1.1]}{0.0.0.0:13645}
2023-01-30T14:09:40,869Z INFO  25214 BFF [           main] w.org.eclipse.jetty.server.Server        : Started @37267ms
[INFO] Tests run: 3, Failures: 0, Errors: 0, Skipped: 0, Time elapsed: 2.917 s - in iris.client_bff.search_client.eps.EPSSearchClientTests
[INFO] Running iris.client_bff.cases.CaseEmailProviderTest
2023-01-30T14:09:40,873Z INFO  25214 BFF [           main] iris.client_bff.core.mail.EmailProvider  : The attempt number 1 to send a mail of the template CASE_DATA_RECEIVED_MAIL_FTLH to null (test@test.de) for Event-Id/Case-ID CaseName failed. Retry will follow.
2023-01-30T14:09:43,874Z INFO  25214 BFF [           main] iris.client_bff.core.mail.EmailProvider  : The attempt number 2 to send a mail of the template CASE_DATA_RECEIVED_MAIL_FTLH to null (test@test.de) for Event-Id/Case-ID CaseName failed. Retry will follow.
2023-01-30T14:09:46,875Z INFO  25214 BFF [           main] iris.client_bff.core.mail.EmailProvider  : Mail of the template CASE_DATA_RECEIVED_MAIL_FTLH sent to null (test@test.de) for Event-Id/Case-ID CaseName
2023-01-30T14:09:46,878Z INFO  25214 BFF [           main] iris.client_bff.core.mail.EmailProvider  : The attempt number 1 to send a mail of the template CASE_DATA_RECEIVED_MAIL_FTLH to null (test@test.de) for Event-Id/Case-ID CaseName failed. Retry will follow.
2023-01-30T14:09:49,879Z INFO  25214 BFF [           main] iris.client_bff.core.mail.EmailProvider  : The attempt number 2 to send a mail of the template CASE_DATA_RECEIVED_MAIL_FTLH to null (test@test.de) for Event-Id/Case-ID CaseName failed. Retry will follow.
2023-01-30T14:09:52,879Z INFO  25214 BFF [           main] iris.client_bff.core.mail.EmailProvider  : The attempt number 3 to send a mail of the template CASE_DATA_RECEIVED_MAIL_FTLH to null (test@test.de) for Event-Id/Case-ID CaseName failed. Retry will follow.
2023-01-30T14:09:55,880Z INFO  25214 BFF [           main] iris.client_bff.core.mail.EmailProvider  : The attempt number 4 to send a mail of the template CASE_DATA_RECEIVED_MAIL_FTLH to null (test@test.de) for Event-Id/Case-ID CaseName failed. Retry will follow.
2023-01-30T14:09:58,880Z INFO  25214 BFF [           main] iris.client_bff.core.mail.EmailProvider  : The attempt number 5 to send a mail of the template CASE_DATA_RECEIVED_MAIL_FTLH to null (test@test.de) for Event-Id/Case-ID CaseName failed. Retry will follow.
2023-01-30T14:10:01,881Z WARN  25214 BFF [           main] iris.client_bff.core.mail.EmailProvider  : Can't send a mail of the template CASE_DATA_RECEIVED_MAIL_FTLH to null (test@test.de) for Event-Id/Case-ID CaseName
2023-01-30T14:10:01,881Z WARN  25214 BFF [           main] iris.client_bff.core.mail.EmailProvider  : Exception

java.lang.Exception: null
	at iris.client_bff.cases.CaseEmailProviderTest.sendDataReceivedEmailAndTriggerEmailSenderFailuresTillLimitIsReached(CaseEmailProviderTest.java:118)
	at java.base/jdk.internal.reflect.NativeMethodAccessorImpl.invoke0(Native Method)
	at java.base/jdk.internal.reflect.NativeMethodAccessorImpl.invoke(NativeMethodAccessorImpl.java:62)
	at java.base/jdk.internal.reflect.DelegatingMethodAccessorImpl.invoke(DelegatingMethodAccessorImpl.java:43)
	at java.base/java.lang.reflect.Method.invoke(Method.java:566)
	at org.junit.platform.commons.util.ReflectionUtils.invokeMethod(ReflectionUtils.java:688)
	at org.junit.jupiter.engine.execution.MethodInvocation.proceed(MethodInvocation.java:60)
	at org.junit.jupiter.engine.execution.InvocationInterceptorChain$ValidatingInvocation.proceed(InvocationInterceptorChain.java:131)
	at org.junit.jupiter.engine.extension.TimeoutExtension.intercept(TimeoutExtension.java:149)
	at org.junit.jupiter.engine.extension.TimeoutExtension.interceptTestableMethod(TimeoutExtension.java:140)
	at org.junit.jupiter.engine.extension.TimeoutExtension.interceptTestMethod(TimeoutExtension.java:84)
	at org.junit.jupiter.engine.execution.ExecutableInvoker$ReflectiveInterceptorCall.lambda$ofVoidMethod$0(ExecutableInvoker.java:115)
	at org.junit.jupiter.engine.execution.ExecutableInvoker.lambda$invoke$0(ExecutableInvoker.java:105)
	at org.junit.jupiter.engine.execution.InvocationInterceptorChain$InterceptedInvocation.proceed(InvocationInterceptorChain.java:106)
	at org.junit.jupiter.engine.execution.InvocationInterceptorChain.proceed(InvocationInterceptorChain.java:64)
	at org.junit.jupiter.engine.execution.InvocationInterceptorChain.chainAndInvoke(InvocationInterceptorChain.java:45)
	at org.junit.jupiter.engine.execution.InvocationInterceptorChain.invoke(InvocationInterceptorChain.java:37)
	at org.junit.jupiter.engine.execution.ExecutableInvoker.invoke(ExecutableInvoker.java:104)
	at org.junit.jupiter.engine.execution.ExecutableInvoker.invoke(ExecutableInvoker.java:98)
	at org.junit.jupiter.engine.descriptor.TestMethodTestDescriptor.lambda$invokeTestMethod$6(TestMethodTestDescriptor.java:210)
	at org.junit.platform.engine.support.hierarchical.ThrowableCollector.execute(ThrowableCollector.java:73)
	at org.junit.jupiter.engine.descriptor.TestMethodTestDescriptor.invokeTestMethod(TestMethodTestDescriptor.java:206)
	at org.junit.jupiter.engine.descriptor.TestMethodTestDescriptor.execute(TestMethodTestDescriptor.java:131)
	at org.junit.jupiter.engine.descriptor.TestMethodTestDescriptor.execute(TestMethodTestDescriptor.java:65)
	at org.junit.platform.engine.support.hierarchical.NodeTestTask.lambda$executeRecursively$5(NodeTestTask.java:139)
	at org.junit.platform.engine.support.hierarchical.ThrowableCollector.execute(ThrowableCollector.java:73)
	at org.junit.platform.engine.support.hierarchical.NodeTestTask.lambda$executeRecursively$7(NodeTestTask.java:129)
	at org.junit.platform.engine.support.hierarchical.Node.around(Node.java:137)
	at org.junit.platform.engine.support.hierarchical.NodeTestTask.lambda$executeRecursively$8(NodeTestTask.java:127)
	at org.junit.platform.engine.support.hierarchical.ThrowableCollector.execute(ThrowableCollector.java:73)
	at org.junit.platform.engine.support.hierarchical.NodeTestTask.executeRecursively(NodeTestTask.java:126)
	at org.junit.platform.engine.support.hierarchical.NodeTestTask.execute(NodeTestTask.java:84)
	at java.base/java.util.ArrayList.forEach(ArrayList.java:1541)
	at org.junit.platform.engine.support.hierarchical.SameThreadHierarchicalTestExecutorService.invokeAll(SameThreadHierarchicalTestExecutorService.java:38)
	at org.junit.platform.engine.support.hierarchical.NodeTestTask.lambda$executeRecursively$5(NodeTestTask.java:143)
	at org.junit.platform.engine.support.hierarchical.ThrowableCollector.execute(ThrowableCollector.java:73)
	at org.junit.platform.engine.support.hierarchical.NodeTestTask.lambda$executeRecursively$7(NodeTestTask.java:129)
	at org.junit.platform.engine.support.hierarchical.Node.around(Node.java:137)
	at org.junit.platform.engine.support.hierarchical.NodeTestTask.lambda$executeRecursively$8(NodeTestTask.java:127)
	at org.junit.platform.engine.support.hierarchical.ThrowableCollector.execute(ThrowableCollector.java:73)
	at org.junit.platform.engine.support.hierarchical.NodeTestTask.executeRecursively(NodeTestTask.java:126)
	at org.junit.platform.engine.support.hierarchical.NodeTestTask.execute(NodeTestTask.java:84)
	at java.base/java.util.ArrayList.forEach(ArrayList.java:1541)
	at org.junit.platform.engine.support.hierarchical.SameThreadHierarchicalTestExecutorService.invokeAll(SameThreadHierarchicalTestExecutorService.java:38)
	at org.junit.platform.engine.support.hierarchical.NodeTestTask.lambda$executeRecursively$5(NodeTestTask.java:143)
	at org.junit.platform.engine.support.hierarchical.ThrowableCollector.execute(ThrowableCollector.java:73)
	at org.junit.platform.engine.support.hierarchical.NodeTestTask.lambda$executeRecursively$7(NodeTestTask.java:129)
	at org.junit.platform.engine.support.hierarchical.Node.around(Node.java:137)
	at org.junit.platform.engine.support.hierarchical.NodeTestTask.lambda$executeRecursively$8(NodeTestTask.java:127)
	at org.junit.platform.engine.support.hierarchical.ThrowableCollector.execute(ThrowableCollector.java:73)
	at org.junit.platform.engine.support.hierarchical.NodeTestTask.executeRecursively(NodeTestTask.java:126)
	at org.junit.platform.engine.support.hierarchical.NodeTestTask.execute(NodeTestTask.java:84)
	at org.junit.platform.engine.support.hierarchical.SameThreadHierarchicalTestExecutorService.submit(SameThreadHierarchicalTestExecutorService.java:32)
	at org.junit.platform.engine.support.hierarchical.HierarchicalTestExecutor.execute(HierarchicalTestExecutor.java:57)
	at org.junit.platform.engine.support.hierarchical.HierarchicalTestEngine.execute(HierarchicalTestEngine.java:51)
	at org.junit.platform.launcher.core.DefaultLauncher.execute(DefaultLauncher.java:170)
	at org.junit.platform.launcher.core.DefaultLauncher.execute(DefaultLauncher.java:154)
	at org.junit.platform.launcher.core.DefaultLauncher.execute(DefaultLauncher.java:90)
	at org.apache.maven.surefire.junitplatform.JUnitPlatformProvider.invokeAllTests(JUnitPlatformProvider.java:142)
	at org.apache.maven.surefire.junitplatform.JUnitPlatformProvider.invoke(JUnitPlatformProvider.java:117)
	at org.apache.maven.surefire.booter.ForkedBooter.invokeProviderInSameClassLoader(ForkedBooter.java:383)
	at org.apache.maven.surefire.booter.ForkedBooter.runSuitesInProcess(ForkedBooter.java:344)
	at org.apache.maven.surefire.booter.ForkedBooter.execute(ForkedBooter.java:125)
	at org.apache.maven.surefire.booter.ForkedBooter.main(ForkedBooter.java:417)

2023-01-30T14:10:01,885Z INFO  25214 BFF [           main] iris.client_bff.core.mail.EmailProvider  : Mail of the template CASE_DATA_RECEIVED_MAIL_FTLH sent to null (test@test.de) for Event-Id/Case-ID CaseName
[INFO] Tests run: 3, Failures: 0, Errors: 0, Skipped: 0, Time elapsed: 21.015 s - in iris.client_bff.cases.CaseEmailProviderTest
[INFO] Running iris.client_bff.cases.CaseDataRequestServiceTest
[INFO] Tests run: 2, Failures: 0, Errors: 0, Skipped: 0, Time elapsed: 0.027 s - in iris.client_bff.cases.CaseDataRequestServiceTest
[INFO] Running iris.client_bff.cases.web.IndexCaseMapperTest
[INFO] Tests run: 3, Failures: 0, Errors: 0, Skipped: 0, Time elapsed: 0.018 s - in iris.client_bff.cases.web.IndexCaseMapperTest
[INFO] Running iris.client_bff.cases.web.IndexCaseControllerTest
2023-01-30T14:10:01,945Z INFO  25214 BFF [           main] .b.t.c.SpringBootTestContextBootstrapper : Neither @ContextConfiguration nor @ContextHierarchy found for test class [iris.client_bff.cases.web.IndexCaseControllerTest], using SpringBootContextLoader
2023-01-30T14:10:01,946Z INFO  25214 BFF [           main] o.s.t.c.support.AbstractContextLoader    : Could not detect default resource locations for test class [iris.client_bff.cases.web.IndexCaseControllerTest]: no resource found for suffixes {-context.xml, Context.groovy}.
2023-01-30T14:10:01,946Z INFO  25214 BFF [           main] t.c.s.AnnotationConfigContextLoaderUtils : Could not detect default configuration classes for test class [iris.client_bff.cases.web.IndexCaseControllerTest]: IndexCaseControllerTest does not declare any static, non-private, non-final, nested classes annotated with @Configuration.
2023-01-30T14:10:01,953Z INFO  25214 BFF [           main] .b.t.c.SpringBootTestContextBootstrapper : Found @SpringBootConfiguration iris.client_bff.IrisClientBffApplication for test class iris.client_bff.cases.web.IndexCaseControllerTest
2023-01-30T14:10:01,955Z INFO  25214 BFF [           main] .b.t.c.SpringBootTestContextBootstrapper : Loaded default TestExecutionListener class names from location [META-INF/spring.factories]: [org.springframework.boot.test.mock.mockito.MockitoTestExecutionListener, org.springframework.boot.test.mock.mockito.ResetMocksTestExecutionListener, org.springframework.boot.test.autoconfigure.restdocs.RestDocsTestExecutionListener, org.springframework.boot.test.autoconfigure.web.client.MockRestServiceServerResetTestExecutionListener, org.springframework.boot.test.autoconfigure.web.servlet.MockMvcPrintOnlyOnFailureTestExecutionListener, org.springframework.boot.test.autoconfigure.web.servlet.WebDriverTestExecutionListener, org.springframework.boot.test.autoconfigure.webservices.client.MockWebServiceServerTestExecutionListener, org.springframework.test.context.web.ServletTestExecutionListener, org.springframework.test.context.support.DirtiesContextBeforeModesTestExecutionListener, org.springframework.test.context.event.ApplicationEventsTestExecutionListener, org.springframework.test.context.support.DependencyInjectionTestExecutionListener, org.springframework.test.context.support.DirtiesContextTestExecutionListener, org.springframework.test.context.transaction.TransactionalTestExecutionListener, org.springframework.test.context.jdbc.SqlScriptsTestExecutionListener, org.springframework.test.context.event.EventPublishingTestExecutionListener, org.springframework.cloud.contract.stubrunner.provider.wiremock.StubRunnerWireMockTestExecutionListener, org.springframework.cloud.contract.wiremock.WireMockTestExecutionListener, org.springframework.security.test.context.support.WithSecurityContextTestExecutionListener, org.springframework.security.test.context.support.ReactorContextTestExecutionListener]
2023-01-30T14:10:01,955Z INFO  25214 BFF [           main] .b.t.c.SpringBootTestContextBootstrapper : Using TestExecutionListeners: [org.springframework.test.context.web.ServletTestExecutionListener@657eb2c4, org.springframework.test.context.support.DirtiesContextBeforeModesTestExecutionListener@5fb1d28d, org.springframework.test.context.event.ApplicationEventsTestExecutionListener@529cb355, org.springframework.boot.test.mock.mockito.MockitoTestExecutionListener@1a5f16cd, org.springframework.boot.test.autoconfigure.SpringBootDependencyInjectionTestExecutionListener@aa77fd0, org.springframework.test.context.support.DirtiesContextTestExecutionListener@5bd3f1b3, org.springframework.test.context.transaction.TransactionalTestExecutionListener@6ce2f787, org.springframework.test.context.jdbc.SqlScriptsTestExecutionListener@e697da8, org.springframework.test.context.event.EventPublishingTestExecutionListener@3f81ca4a, org.springframework.security.test.context.support.WithSecurityContextTestExecutionListener@7b9bfa60, org.springframework.security.test.context.support.ReactorContextTestExecutionListener@3e645b, org.springframework.boot.test.mock.mockito.ResetMocksTestExecutionListener@457fcdc9, org.springframework.boot.test.autoconfigure.restdocs.RestDocsTestExecutionListener@749d8cb6, org.springframework.boot.test.autoconfigure.web.client.MockRestServiceServerResetTestExecutionListener@507130bf, org.springframework.boot.test.autoconfigure.web.servlet.MockMvcPrintOnlyOnFailureTestExecutionListener@231e8a56, org.springframework.boot.test.autoconfigure.web.servlet.WebDriverTestExecutionListener@18b40a79, org.springframework.boot.test.autoconfigure.webservices.client.MockWebServiceServerTestExecutionListener@d4cde5, org.springframework.cloud.contract.stubrunner.provider.wiremock.StubRunnerWireMockTestExecutionListener@5979e188, org.springframework.cloud.contract.wiremock.WireMockTestExecutionListener@e628ccb]

  .   ____          _            __ _ _
 /\\ / ___'_ __ _ _(_)_ __  __ _ \ \ \ \
( ( )\___ | '_ | '_| | '_ \/ _` | \ \ \ \
 \\/  ___)| |_)| | | | | || (_| |  ) ) ) )
  '  |____| .__|_| |_|_| |_\__, | / / / /
 =========|_|==============|___/=/_/_/_/
 :: Spring Boot ::                (v2.5.1)

2023-01-30T14:10:01,982Z INFO  25214 BFF [           main] i.c.cases.web.IndexCaseControllerTest    : Starting IndexCaseControllerTest using Java 11.0.17 on repairnator with PID 25214 (started by gabsko in /home/gabsko/breaking-updates/iris-client-bff)
2023-01-30T14:10:01,982Z DEBUG 25214 BFF [           main] i.c.cases.web.IndexCaseControllerTest    : Running with Spring Boot v2.5.1, Spring v5.3.8
2023-01-30T14:10:01,982Z INFO  25214 BFF [           main] i.c.cases.web.IndexCaseControllerTest    : The following profiles are active: dev,h2_db,dev_env,dev_auth,local,inttest,test
2023-01-30T14:10:02,217Z INFO  25214 BFF [           main] .s.d.r.c.RepositoryConfigurationDelegate : Bootstrapping Spring Data JPA repositories in DEFAULT mode.
2023-01-30T14:10:02,241Z INFO  25214 BFF [           main] .s.d.r.c.RepositoryConfigurationDelegate : Finished Spring Data repository scanning in 23 ms. Found 8 JPA repository interfaces.
2023-01-30T14:10:02,290Z INFO  25214 BFF [           main] trationDelegate$BeanPostProcessorChecker : Bean 'org.springframework.boot.autoconfigure.flyway.FlywayAutoConfiguration' of type [org.springframework.boot.autoconfigure.flyway.FlywayAutoConfiguration] is not eligible for getting processed by all BeanPostProcessors (for example: not eligible for auto-proxying)
2023-01-30T14:10:02,291Z INFO  25214 BFF [           main] trationDelegate$BeanPostProcessorChecker : Bean 'stringOrNumberMigrationVersionConverter' of type [org.springframework.boot.autoconfigure.flyway.FlywayAutoConfiguration$StringOrNumberToMigrationVersionConverter] is not eligible for getting processed by all BeanPostProcessors (for example: not eligible for auto-proxying)
2023-01-30T14:10:02,293Z INFO  25214 BFF [           main] trationDelegate$BeanPostProcessorChecker : Bean 'spring.mail-org.springframework.boot.autoconfigure.mail.MailProperties' of type [org.springframework.boot.autoconfigure.mail.MailProperties] is not eligible for getting processed by all BeanPostProcessors (for example: not eligible for auto-proxying)
2023-01-30T14:10:02,293Z DEBUG 25214 BFF [           main] i.c.c.mail.support.GreenMailEmailServer  : GreenMail: Mail server is startedâ€¦
2023-01-30T14:10:02,397Z INFO  25214 BFF [           main] i.c.c.mail.support.GreenMailEmailServer  : GreenMail: Mail server successfully started on localhost: SMTPS = 44391; IMAPS = 35435
2023-01-30T14:10:02,443Z INFO  25214 BFF [           main] trationDelegate$BeanPostProcessorChecker : Bean 'org.springframework.security.access.expression.method.DefaultMethodSecurityExpressionHandler@7425d4b1' of type [org.springframework.security.access.expression.method.DefaultMethodSecurityExpressionHandler] is not eligible for getting processed by all BeanPostProcessors (for example: not eligible for auto-proxying)
2023-01-30T14:10:02,448Z INFO  25214 BFF [           main] trationDelegate$BeanPostProcessorChecker : Bean 'methodSecurityMetadataSource' of type [org.springframework.security.access.method.DelegatingMethodSecurityMetadataSource] is not eligible for getting processed by all BeanPostProcessors (for example: not eligible for auto-proxying)
2023-01-30T14:10:02,521Z INFO  25214 BFF [           main] o.s.b.w.embedded.tomcat.TomcatWebServer  : Tomcat initialized with port(s): 0 (http)
2023-01-30T14:10:02,522Z INFO  25214 BFF [           main] o.apache.catalina.core.StandardService   : Starting service [Tomcat]
2023-01-30T14:10:02,522Z INFO  25214 BFF [           main] org.apache.catalina.core.StandardEngine  : Starting Servlet engine: [Apache Tomcat/9.0.46]
2023-01-30T14:10:02,538Z INFO  25214 BFF [           main] o.a.c.c.C.[Tomcat-5].[localhost].[/]     : Initializing Spring embedded WebApplicationContext
2023-01-30T14:10:02,538Z INFO  25214 BFF [           main] w.s.c.ServletWebServerApplicationContext : Root WebApplicationContext: initialization completed in 554 ms
2023-01-30T14:10:02,594Z INFO  25214 BFF [           main] com.zaxxer.hikari.HikariDataSource       : HikariPool-7 - Starting...
2023-01-30T14:10:02,595Z INFO  25214 BFF [           main] com.zaxxer.hikari.HikariDataSource       : HikariPool-7 - Start completed.
2023-01-30T14:10:02,595Z INFO  25214 BFF [           main] o.s.b.a.h2.H2ConsoleAutoConfiguration    : H2 console available at '/h2-console'. Database available at 'jdbc:h2:mem:0ec5e830-c777-4ae1-8b74-463f6229a721'
2023-01-30T14:10:02,706Z INFO  25214 BFF [           main] o.f.c.internal.license.VersionPrinter    : Flyway Community Edition 7.7.3 by Redgate
2023-01-30T14:10:02,706Z INFO  25214 BFF [           main] o.f.c.i.database.base.DatabaseType       : Database: jdbc:h2:mem:0ec5e830-c777-4ae1-8b74-463f6229a721 (H2 1.4)
2023-01-30T14:10:02,709Z DEBUG 25214 BFF [           main] iris.client_bff.config.FlywayConfig      :  | ErrorCode: RESOLVED_VERSIONED_MIGRATION_NOT_APPLIED | ErrorMessage: Detected resolved migration not applied to database: 1001. To fix this error, either run migrate, or set -ignorePendingMigrations=true.
2023-01-30T14:10:02,709Z DEBUG 25214 BFF [           main] iris.client_bff.config.FlywayConfig      :  | ErrorCode: RESOLVED_VERSIONED_MIGRATION_NOT_APPLIED | ErrorMessage: Detected resolved migration not applied to database: 1002. To fix this error, either run migrate, or set -ignorePendingMigrations=true.
2023-01-30T14:10:02,709Z DEBUG 25214 BFF [           main] iris.client_bff.config.FlywayConfig      :  | ErrorCode: RESOLVED_VERSIONED_MIGRATION_NOT_APPLIED | ErrorMessage: Detected resolved migration not applied to database: 1003. To fix this error, either run migrate, or set -ignorePendingMigrations=true.
2023-01-30T14:10:02,709Z DEBUG 25214 BFF [           main] iris.client_bff.config.FlywayConfig      :  | ErrorCode: RESOLVED_VERSIONED_MIGRATION_NOT_APPLIED | ErrorMessage: Detected resolved migration not applied to database: 1004. To fix this error, either run migrate, or set -ignorePendingMigrations=true.
2023-01-30T14:10:02,709Z DEBUG 25214 BFF [           main] iris.client_bff.config.FlywayConfig      :  | ErrorCode: RESOLVED_VERSIONED_MIGRATION_NOT_APPLIED | ErrorMessage: Detected resolved migration not applied to database: 1005. To fix this error, either run migrate, or set -ignorePendingMigrations=true.
2023-01-30T14:10:02,709Z DEBUG 25214 BFF [           main] iris.client_bff.config.FlywayConfig      :  | ErrorCode: RESOLVED_VERSIONED_MIGRATION_NOT_APPLIED | ErrorMessage: Detected resolved migration not applied to database: 1006. To fix this error, either run migrate, or set -ignorePendingMigrations=true.
2023-01-30T14:10:02,709Z INFO  25214 BFF [           main] o.f.c.internal.license.VersionPrinter    : Flyway Community Edition 7.7.3 by Redgate
2023-01-30T14:10:02,712Z INFO  25214 BFF [           main] o.f.core.internal.command.DbValidate     : Successfully validated 6 migrations (execution time 00:00.001s)
2023-01-30T14:10:02,714Z INFO  25214 BFF [           main] o.f.c.i.s.JdbcTableSchemaHistory         : Creating Schema History table "PUBLIC"."flyway_schema_history" ...
2023-01-30T14:10:02,714Z INFO  25214 BFF [           main] o.f.c.i.s.DefaultSqlScriptExecutor       : 0 rows affected
2023-01-30T14:10:02,715Z INFO  25214 BFF [           main] o.f.c.i.s.DefaultSqlScriptExecutor       : 0 rows affected
2023-01-30T14:10:02,717Z INFO  25214 BFF [           main] o.f.core.internal.command.DbMigrate      : Current version of schema "PUBLIC": << Empty Schema >>
2023-01-30T14:10:02,719Z INFO  25214 BFF [           main] o.f.core.internal.command.DbMigrate      : Migrating schema "PUBLIC" to version "1001 - Initial schema"
2023-01-30T14:10:02,720Z INFO  25214 BFF [           main] o.f.c.i.s.DefaultSqlScriptExecutor       : 0 rows affected
2023-01-30T14:10:02,722Z INFO  25214 BFF [           main] o.f.c.i.s.DefaultSqlScriptExecutor       : 0 rows affected
2023-01-30T14:10:02,723Z INFO  25214 BFF [           main] o.f.c.i.s.DefaultSqlScriptExecutor       : 0 rows affected
2023-01-30T14:10:02,726Z INFO  25214 BFF [           main] o.f.c.i.s.DefaultSqlScriptExecutor       : 0 rows affected
2023-01-30T14:10:02,727Z INFO  25214 BFF [           main] o.f.c.i.s.DefaultSqlScriptExecutor       : 0 rows affected
2023-01-30T14:10:02,729Z INFO  25214 BFF [           main] o.f.c.i.s.DefaultSqlScriptExecutor       : 0 rows affected
2023-01-30T14:10:02,731Z INFO  25214 BFF [           main] o.f.c.i.s.DefaultSqlScriptExecutor       : 0 rows affected
2023-01-30T14:10:02,733Z INFO  25214 BFF [           main] o.f.c.i.s.DefaultSqlScriptExecutor       : 0 rows affected
2023-01-30T14:10:02,735Z INFO  25214 BFF [           main] o.f.c.i.s.DefaultSqlScriptExecutor       : 0 rows affected
2023-01-30T14:10:02,736Z INFO  25214 BFF [           main] o.f.c.i.s.DefaultSqlScriptExecutor       : 0 rows affected
2023-01-30T14:10:02,740Z INFO  25214 BFF [           main] o.f.core.internal.command.DbMigrate      : Migrating schema "PUBLIC" to version "1002 - introduce announcements"
2023-01-30T14:10:02,745Z INFO  25214 BFF [           main] o.f.c.i.s.DefaultSqlScriptExecutor       : 0 rows affected
2023-01-30T14:10:02,748Z INFO  25214 BFF [           main] o.f.core.internal.command.DbMigrate      : Migrating schema "PUBLIC" to version "1003 - introduce allowed tokens"
2023-01-30T14:10:02,750Z INFO  25214 BFF [           main] o.f.c.i.s.DefaultSqlScriptExecutor       : 0 rows affected
2023-01-30T14:10:02,754Z INFO  25214 BFF [           main] o.f.core.internal.command.DbMigrate      : Migrating schema "PUBLIC" to version "1004 - add cases"
2023-01-30T14:10:02,757Z INFO  25214 BFF [           main] o.f.c.i.s.DefaultSqlScriptExecutor       : 0 rows affected
2023-01-30T14:10:02,760Z INFO  25214 BFF [           main] o.f.c.i.s.DefaultSqlScriptExecutor       : 0 rows affected
2023-01-30T14:10:02,763Z INFO  25214 BFF [           main] o.f.c.i.s.DefaultSqlScriptExecutor       : 0 rows affected
2023-01-30T14:10:02,765Z INFO  25214 BFF [           main] o.f.c.i.s.DefaultSqlScriptExecutor       : 0 rows affected
2023-01-30T14:10:02,768Z INFO  25214 BFF [           main] o.f.c.i.s.DefaultSqlScriptExecutor       : 0 rows affected
2023-01-30T14:10:02,772Z INFO  25214 BFF [           main] o.f.core.internal.command.DbMigrate      : Migrating schema "PUBLIC" to version "1005 - add login attempts"
2023-01-30T14:10:02,773Z INFO  25214 BFF [           main] o.f.c.i.s.DefaultSqlScriptExecutor       : 0 rows affected
2023-01-30T14:10:02,777Z INFO  25214 BFF [           main] o.f.core.internal.command.DbMigrate      : Migrating schema "PUBLIC" to version "1006 - login attempts rename column"
2023-01-30T14:10:02,777Z INFO  25214 BFF [           main] o.f.c.i.s.DefaultSqlScriptExecutor       : 0 rows affected
2023-01-30T14:10:02,780Z INFO  25214 BFF [           main] o.f.core.internal.command.DbMigrate      : Successfully applied 6 migrations to schema "PUBLIC", now at version v1006 (execution time 00:00.063s)
2023-01-30T14:10:02,810Z INFO  25214 BFF [           main] o.hibernate.jpa.internal.util.LogHelper  : HHH000204: Processing PersistenceUnitInfo [name: default]
2023-01-30T14:10:02,815Z INFO  25214 BFF [           main] org.hibernate.dialect.Dialect            : HHH000400: Using dialect: org.hibernate.dialect.H2Dialect
2023-01-30T14:10:02,916Z INFO  25214 BFF [           main] o.h.e.t.j.p.i.JtaPlatformInitiator       : HHH000490: Using JtaPlatform implementation: [org.hibernate.engine.transaction.jta.platform.internal.NoJtaPlatform]
2023-01-30T14:10:02,916Z INFO  25214 BFF [           main] j.LocalContainerEntityManagerFactoryBean : Initialized JPA EntityManagerFactory for persistence unit 'default'
2023-01-30T14:10:03,128Z WARN  25214 BFF [           main] JpaBaseConfiguration$JpaWebConfiguration : spring.jpa.open-in-view is enabled by default. Therefore, database queries may be performed during view rendering. Explicitly configure spring.jpa.open-in-view to disable this warning
2023-01-30T14:10:03,169Z INFO  25214 BFF [           main] i.client_bff.auth.db.InitialAdminLoader  : Create admin user [admin]
2023-01-30T14:10:03,709Z INFO  25214 BFF [           main] o.s.b.a.e.web.EndpointLinksResolver      : Exposing 3 endpoint(s) beneath base path '/actuator'
2023-01-30T14:10:03,763Z INFO  25214 BFF [           main] o.s.s.web.DefaultSecurityFilterChain     : Will secure any request with [org.springframework.security.web.context.request.async.WebAsyncManagerIntegrationFilter@57a9c5bd, org.springframework.security.web.context.SecurityContextPersistenceFilter@2da01933, org.springframework.security.web.header.HeaderWriterFilter@4d4970bf, org.springframework.web.filter.CorsFilter@38d78a07, org.springframework.security.web.authentication.logout.LogoutFilter@4e15fef3, iris.client_bff.auth.db.JWTAuthenticationFilter@369243b, iris.client_bff.auth.db.JWTAuthorizationFilter@547a8702, org.springframework.security.web.savedrequest.RequestCacheAwareFilter@7682c27c, org.springframework.security.web.servletapi.SecurityContextHolderAwareRequestFilter@7048889b, org.springframework.security.web.authentication.AnonymousAuthenticationFilter@4d67241d, org.springframework.security.web.session.SessionManagementFilter@4cfbfe2f, org.springframework.security.web.access.ExceptionTranslationFilter@614757cc, org.springframework.security.web.access.intercept.FilterSecurityInterceptor@1cb97fb3]
2023-01-30T14:10:03,913Z WARN  25214 BFF [           main] o.s.b.a.f.FreeMarkerAutoConfiguration    : Cannot find template location(s): [classpath:/templates/] (please add some templates, check your FreeMarker configuration, or set spring.freemarker.checkTemplateLocation=false)
2023-01-30T14:10:03,952Z INFO  25214 BFF [           main] o.a.c.c.C.[Tomcat-5].[localhost].[/]     : Initializing Spring TestDispatcherServlet ''
2023-01-30T14:10:03,952Z INFO  25214 BFF [           main] o.s.t.web.servlet.TestDispatcherServlet  : Initializing Servlet ''
2023-01-30T14:10:03,953Z INFO  25214 BFF [           main] o.s.t.web.servlet.TestDispatcherServlet  : Completed initialization in 1 ms
2023-01-30T14:10:03,970Z INFO  25214 BFF [           main] o.s.b.w.embedded.tomcat.TomcatWebServer  : Tomcat started on port(s): 33471 (http) with context path ''
2023-01-30T14:10:03,975Z INFO  25214 BFF [           main] i.c.cases.web.IndexCaseControllerTest    : Started IndexCaseControllerTest in 2.018 seconds (JVM running for 60.373)
2023-01-30T14:10:03,981Z INFO  25214 BFF [           main] iris.client_bff.config.EmailConfig       : Successfully verified email texts for locales [de].
2023-01-30T14:10:03,982Z INFO  25214 BFF [           main] iris.client_bff.DataInitializerInvoker   : Data initialization for class iris.client_bff.events.EventDataRequestsDataInitializer
2023-01-30T14:10:03,983Z DEBUG 25214 BFF [           main] i.c.e.EventDataRequestsDataInitializer   : Test data: creating data requests â€¦
2023-01-30T14:10:03,995Z INFO  25214 BFF [           main] iris.client_bff.DataInitializerInvoker   : Data initialization for class iris.client_bff.events.EventDataSubmissionsDataInitializer
2023-01-30T14:10:03,995Z DEBUG 25214 BFF [           main] .c.e.EventDataSubmissionsDataInitializer : Test data: creating data submissions â€¦
2023-01-30T14:10:04,002Z INFO  25214 BFF [           main] iris.client_bff.DataInitializerInvoker   : Data initialization for class iris.client_bff.cases.CaseDataRequestDataInitializer
2023-01-30T14:10:04,002Z DEBUG 25214 BFF [           main] i.c.c.CaseDataRequestDataInitializer     : Test data: creating data requests â€¦
2023-01-30T14:10:04,008Z INFO  25214 BFF [           main] i.client_bff.core.mail.EmailSenderReal   : Email sender initialized and ready to send out emails.
[INFO] Tests run: 12, Failures: 0, Errors: 0, Skipped: 0, Time elapsed: 2.185 s - in iris.client_bff.cases.web.IndexCaseControllerTest
[INFO] Running iris.client_bff.cases.rpc.CaseDataControllerIntegrationTest
2023-01-30T14:10:04,135Z INFO  25214 BFF [           main] .b.t.c.SpringBootTestContextBootstrapper : Neither @ContextConfiguration nor @ContextHierarchy found for test class [iris.client_bff.cases.rpc.CaseDataControllerIntegrationTest], using SpringBootContextLoader
2023-01-30T14:10:04,136Z INFO  25214 BFF [           main] o.s.t.c.support.AbstractContextLoader    : Could not detect default resource locations for test class [iris.client_bff.cases.rpc.CaseDataControllerIntegrationTest]: no resource found for suffixes {-context.xml, Context.groovy}.
2023-01-30T14:10:04,136Z INFO  25214 BFF [           main] t.c.s.AnnotationConfigContextLoaderUtils : Could not detect default configuration classes for test class [iris.client_bff.cases.rpc.CaseDataControllerIntegrationTest]: CaseDataControllerIntegrationTest does not declare any static, non-private, non-final, nested classes annotated with @Configuration.
2023-01-30T14:10:04,140Z INFO  25214 BFF [           main] .b.t.c.SpringBootTestContextBootstrapper : Found @SpringBootConfiguration iris.client_bff.IrisClientBffApplication for test class iris.client_bff.cases.rpc.CaseDataControllerIntegrationTest
2023-01-30T14:10:04,141Z INFO  25214 BFF [           main] .b.t.c.SpringBootTestContextBootstrapper : Loaded default TestExecutionListener class names from location [META-INF/spring.factories]: [org.springframework.boot.test.mock.mockito.MockitoTestExecutionListener, org.springframework.boot.test.mock.mockito.ResetMocksTestExecutionListener, org.springframework.boot.test.autoconfigure.restdocs.RestDocsTestExecutionListener, org.springframework.boot.test.autoconfigure.web.client.MockRestServiceServerResetTestExecutionListener, org.springframework.boot.test.autoconfigure.web.servlet.MockMvcPrintOnlyOnFailureTestExecutionListener, org.springframework.boot.test.autoconfigure.web.servlet.WebDriverTestExecutionListener, org.springframework.boot.test.autoconfigure.webservices.client.MockWebServiceServerTestExecutionListener, org.springframework.test.context.web.ServletTestExecutionListener, org.springframework.test.context.support.DirtiesContextBeforeModesTestExecutionListener, org.springframework.test.context.event.ApplicationEventsTestExecutionListener, org.springframework.test.context.support.DependencyInjectionTestExecutionListener, org.springframework.test.context.support.DirtiesContextTestExecutionListener, org.springframework.test.context.transaction.TransactionalTestExecutionListener, org.springframework.test.context.jdbc.SqlScriptsTestExecutionListener, org.springframework.test.context.event.EventPublishingTestExecutionListener, org.springframework.cloud.contract.stubrunner.provider.wiremock.StubRunnerWireMockTestExecutionListener, org.springframework.cloud.contract.wiremock.WireMockTestExecutionListener, org.springframework.security.test.context.support.WithSecurityContextTestExecutionListener, org.springframework.security.test.context.support.ReactorContextTestExecutionListener]
2023-01-30T14:10:04,141Z INFO  25214 BFF [           main] .b.t.c.SpringBootTestContextBootstrapper : Using TestExecutionListeners: [org.springframework.test.context.web.ServletTestExecutionListener@7a450634, org.springframework.test.context.support.DirtiesContextBeforeModesTestExecutionListener@4274af83, org.springframework.test.context.event.ApplicationEventsTestExecutionListener@443ed4f0, org.springframework.boot.test.mock.mockito.MockitoTestExecutionListener@6383b7da, org.springframework.boot.test.autoconfigure.SpringBootDependencyInjectionTestExecutionListener@31257938, org.springframework.test.context.support.DirtiesContextTestExecutionListener@56cac028, org.springframework.test.context.transaction.TransactionalTestExecutionListener@64e11755, org.springframework.test.context.jdbc.SqlScriptsTestExecutionListener@1a224174, org.springframework.test.context.event.EventPublishingTestExecutionListener@d407b1, org.springframework.security.test.context.support.WithSecurityContextTestExecutionListener@9f5c03, org.springframework.security.test.context.support.ReactorContextTestExecutionListener@6ca8b8fa, org.springframework.boot.test.mock.mockito.ResetMocksTestExecutionListener@64097dfa, org.springframework.boot.test.autoconfigure.restdocs.RestDocsTestExecutionListener@44c00745, org.springframework.boot.test.autoconfigure.web.client.MockRestServiceServerResetTestExecutionListener@3e45249a, org.springframework.boot.test.autoconfigure.web.servlet.MockMvcPrintOnlyOnFailureTestExecutionListener@170324c0, org.springframework.boot.test.autoconfigure.web.servlet.WebDriverTestExecutionListener@384a6d77, org.springframework.boot.test.autoconfigure.webservices.client.MockWebServiceServerTestExecutionListener@7c74af14, org.springframework.cloud.contract.stubrunner.provider.wiremock.StubRunnerWireMockTestExecutionListener@6b0235f4, org.springframework.cloud.contract.wiremock.WireMockTestExecutionListener@65293970]
2023-01-30T14:10:04,165Z DEBUG 25214 BFF [           main] i.c.proxy.EPSProxyServiceServiceClient   : Aborted announcement null to public-proxy-1
2023-01-30T14:10:04,187Z DEBUG 25214 BFF [           main] i.c.proxy.EPSProxyServiceServiceClient   : Aborted announcement null to public-proxy-1
[INFO] Tests run: 2, Failures: 0, Errors: 0, Skipped: 0, Time elapsed: 0.056 s - in iris.client_bff.cases.rpc.CaseDataControllerIntegrationTest
2023-01-30T14:10:04,241Z DEBUG 25214 BFF [ionShutdownHook] i.c.c.mail.support.GreenMailEmailServer  : GreenMail: Mail server is stoppedâ€¦
2023-01-30T14:10:04,241Z INFO  25214 BFF [ionShutdownHook] i.c.c.mail.support.GreenMailEmailServer  : GreenMail: Mail server successfully stopped!
2023-01-30T14:10:04,242Z INFO  25214 BFF [ionShutdownHook] j.LocalContainerEntityManagerFactoryBean : Closing JPA EntityManagerFactory for persistence unit 'default'
2023-01-30T14:10:04,244Z INFO  25214 BFF [ionShutdownHook] com.zaxxer.hikari.HikariDataSource       : HikariPool-1 - Shutdown initiated...
2023-01-30T14:10:04,250Z INFO  25214 BFF [ionShutdownHook] com.zaxxer.hikari.HikariDataSource       : HikariPool-1 - Shutdown completed.
2023-01-30T14:10:04,275Z DEBUG 25214 BFF [ionShutdownHook] i.c.c.mail.support.GreenMailEmailServer  : GreenMail: Mail server is stoppedâ€¦
2023-01-30T14:10:04,275Z INFO  25214 BFF [ionShutdownHook] i.c.c.mail.support.GreenMailEmailServer  : GreenMail: Mail server successfully stopped!
2023-01-30T14:10:04,276Z INFO  25214 BFF [ionShutdownHook] j.LocalContainerEntityManagerFactoryBean : Closing JPA EntityManagerFactory for persistence unit 'default'
2023-01-30T14:10:04,277Z INFO  25214 BFF [ionShutdownHook] com.zaxxer.hikari.HikariDataSource       : HikariPool-2 - Shutdown initiated...
2023-01-30T14:10:04,278Z INFO  25214 BFF [ionShutdownHook] com.zaxxer.hikari.HikariDataSource       : HikariPool-2 - Shutdown completed.
2023-01-30T14:10:04,298Z DEBUG 25214 BFF [ionShutdownHook] i.c.c.mail.support.GreenMailEmailServer  : GreenMail: Mail server is stoppedâ€¦
2023-01-30T14:10:04,299Z INFO  25214 BFF [ionShutdownHook] i.c.c.mail.support.GreenMailEmailServer  : GreenMail: Mail server successfully stopped!
2023-01-30T14:10:04,299Z INFO  25214 BFF [ionShutdownHook] j.LocalContainerEntityManagerFactoryBean : Closing JPA EntityManagerFactory for persistence unit 'default'
2023-01-30T14:10:04,300Z INFO  25214 BFF [ionShutdownHook] com.zaxxer.hikari.HikariDataSource       : HikariPool-3 - Shutdown initiated...
2023-01-30T14:10:04,301Z INFO  25214 BFF [ionShutdownHook] com.zaxxer.hikari.HikariDataSource       : HikariPool-3 - Shutdown completed.
2023-01-30T14:10:04,325Z DEBUG 25214 BFF [ionShutdownHook] i.c.c.mail.support.GreenMailEmailServer  : GreenMail: Mail server is stoppedâ€¦
2023-01-30T14:10:04,325Z INFO  25214 BFF [ionShutdownHook] i.c.c.mail.support.GreenMailEmailServer  : GreenMail: Mail server successfully stopped!
2023-01-30T14:10:04,326Z INFO  25214 BFF [ionShutdownHook] j.LocalContainerEntityManagerFactoryBean : Closing JPA EntityManagerFactory for persistence unit 'default'
2023-01-30T14:10:04,327Z INFO  25214 BFF [ionShutdownHook] com.zaxxer.hikari.HikariDataSource       : HikariPool-4 - Shutdown initiated...
2023-01-30T14:10:04,328Z INFO  25214 BFF [ionShutdownHook] com.zaxxer.hikari.HikariDataSource       : HikariPool-4 - Shutdown completed.
2023-01-30T14:10:04,359Z DEBUG 25214 BFF [ionShutdownHook] i.c.c.mail.support.GreenMailEmailServer  : GreenMail: Mail server is stoppedâ€¦
2023-01-30T14:10:04,359Z INFO  25214 BFF [ionShutdownHook] i.c.c.mail.support.GreenMailEmailServer  : GreenMail: Mail server successfully stopped!
2023-01-30T14:10:04,361Z INFO  25214 BFF [ionShutdownHook] j.LocalContainerEntityManagerFactoryBean : Closing JPA EntityManagerFactory for persistence unit 'default'
2023-01-30T14:10:04,363Z INFO  25214 BFF [ionShutdownHook] com.zaxxer.hikari.HikariDataSource       : HikariPool-5 - Shutdown initiated...
2023-01-30T14:10:04,364Z INFO  25214 BFF [ionShutdownHook] com.zaxxer.hikari.HikariDataSource       : HikariPool-5 - Shutdown completed.
2023-01-30T14:10:04,368Z INFO  25214 BFF [ionShutdownHook] w.o.e.jetty.server.AbstractConnector     : Stopped NetworkTrafficServerConnector@1afbe2aa{HTTP/1.1,[http/1.1]}{0.0.0.0:11556}
2023-01-30T14:10:04,369Z INFO  25214 BFF [ionShutdownHook] w.o.e.jetty.server.AbstractConnector     : Stopped NetworkTrafficServerConnector@33ac4ea9{SSL,[ssl, alpn, h2, http/1.1]}{0.0.0.0:13645}
2023-01-30T14:10:04,370Z INFO  25214 BFF [ionShutdownHook] w.o.e.j.server.handler.ContextHandler    : Stopped w.o.e.j.s.ServletContextHandler@73eb830c{/,null,UNAVAILABLE}
2023-01-30T14:10:04,370Z INFO  25214 BFF [ionShutdownHook] w.o.e.j.server.handler.ContextHandler    : Stopped w.o.e.j.s.ServletContextHandler@71fc0316{/__admin,null,UNAVAILABLE}
2023-01-30T14:10:04,378Z DEBUG 25214 BFF [ionShutdownHook] i.c.c.mail.support.GreenMailEmailServer  : GreenMail: Mail server is stoppedâ€¦
2023-01-30T14:10:04,378Z INFO  25214 BFF [ionShutdownHook] i.c.c.mail.support.GreenMailEmailServer  : GreenMail: Mail server successfully stopped!
2023-01-30T14:10:04,380Z INFO  25214 BFF [ionShutdownHook] j.LocalContainerEntityManagerFactoryBean : Closing JPA EntityManagerFactory for persistence unit 'default'
2023-01-30T14:10:04,382Z INFO  25214 BFF [ionShutdownHook] com.zaxxer.hikari.HikariDataSource       : HikariPool-6 - Shutdown initiated...
2023-01-30T14:10:04,383Z INFO  25214 BFF [ionShutdownHook] com.zaxxer.hikari.HikariDataSource       : HikariPool-6 - Shutdown completed.
2023-01-30T14:10:04,407Z DEBUG 25214 BFF [ionShutdownHook] i.c.c.mail.support.GreenMailEmailServer  : GreenMail: Mail server is stoppedâ€¦
2023-01-30T14:10:04,408Z INFO  25214 BFF [ionShutdownHook] i.c.c.mail.support.GreenMailEmailServer  : GreenMail: Mail server successfully stopped!
2023-01-30T14:10:04,409Z INFO  25214 BFF [ionShutdownHook] j.LocalContainerEntityManagerFactoryBean : Closing JPA EntityManagerFactory for persistence unit 'default'
2023-01-30T14:10:04,412Z INFO  25214 BFF [ionShutdownHook] com.zaxxer.hikari.HikariDataSource       : HikariPool-7 - Shutdown initiated...
2023-01-30T14:10:04,413Z INFO  25214 BFF [ionShutdownHook] com.zaxxer.hikari.HikariDataSource       : HikariPool-7 - Shutdown completed.
[INFO] 
[INFO] Results:
[INFO] 
[INFO] Tests run: 73, Failures: 0, Errors: 0, Skipped: 0
[INFO] 
[INFO] 
[INFO] ------------------------< iris-gateway:parent >-------------------------
[INFO] Building IRIS Parent 1.0.0-rc.12-POST_RELEASE                      [3/3]
[INFO] --------------------------------[ pom ]---------------------------------
[INFO] 
[INFO] --- maven-clean-plugin:2.5:clean (default-clean) @ parent ---
[INFO] Deleting /home/gabsko/breaking-updates/target
[INFO] 
[INFO] --- license-maven-plugin:2.0.0:aggregate-add-third-party (default-cli) @ parent ---
[WARNING] File encoding has not been set, using platform encoding UTF-8, i.e. build is platform dependent!
[INFO] Detected 49 license(s).
[INFO] Writing third-party file to /home/gabsko/breaking-updates/target/generated-sources/license/THIRD-PARTY.txt
[INFO] ------------------------------------------------------------------------
[INFO] Reactor Summary:
[INFO] 
[INFO] iris-sormas-api-client 1.61.0-SNAPSHOT ............. SUCCESS [ 12.278 s]
[INFO] IRIS Client Backend for Frontend 1.0.0-rc.12-POST_RELEASE SUCCESS [01:10 min]
[INFO] IRIS Parent 1.0.0-rc.12-POST_RELEASE ............... SUCCESS [  0.848 s]
[INFO] ------------------------------------------------------------------------
[INFO] BUILD SUCCESS
[INFO] ------------------------------------------------------------------------
[INFO] Total time:  01:23 min
[INFO] Finished at: 2023-01-30T14:10:05Z
[INFO] ------------------------------------------------------------------------
