[INFO] Scanning for projects...
[WARNING] The POM for org.jenkins-ci.tools:maven-hpi-plugin:jar:3.32 is missing, no dependency information available
[WARNING] Failed to build parent project for org.jvnet.hudson.plugins:analysis-pom:pom:5.33.0
[WARNING] Failed to build parent project for io.jenkins.plugins:warnings-ng:hpi:9.20.0-SNAPSHOT
[INFO] Inspecting build with total of 3 modules...
[INFO] Installing Nexus Staging features:
[INFO]   ... total of 1 executions of maven-deploy-plugin replaced with nexus-staging-maven-plugin
[INFO] ------------------------------------------------------------------------
[INFO] Reactor Build Order:
[INFO] 
[INFO] Warnings Next Generation Plugin                                    [hpi]
[INFO] UI Tests of Warnings Plugin                                        [jar]
[INFO] Aggregator for Warnings Plugin                                     [pom]
[INFO] 
[INFO] -------------------< io.jenkins.plugins:warnings-ng >-------------------
[INFO] Building Warnings Next Generation Plugin 9.20.0-SNAPSHOT           [1/3]
[INFO] --------------------------------[ hpi ]---------------------------------
[INFO] 
[INFO] --- maven-clean-plugin:3.2.0:clean (default-clean) @ warnings-ng ---
[INFO] Deleting /home/gabsko/breaking-updates/plugin/target
[INFO] 
[INFO] --- maven-hpi-plugin:3.32:validate (default-validate) @ warnings-ng ---
[INFO] 
[INFO] --- maven-hpi-plugin:3.32:validate-hpi (default-validate-hpi) @ warnings-ng ---
[WARNING] Error resolving project artifact: org.connectbot.jbcrypt:jbcrypt:pom:1.0.0 was not found in https://repo.jenkins-ci.org/releases/ during a previous attempt. This failure was cached in the local repository and resolution is not reattempted until the update interval of maven.jenkins-ci.org has elapsed or updates are forced for project org.connectbot.jbcrypt:jbcrypt:jar:1.0.0
[INFO] 
[INFO] --- maven-enforcer-plugin:3.1.0:display-info (display-info) @ warnings-ng ---
[INFO] Maven Version: 3.8.6
[INFO] JDK Version: 11.0.17 normalized as: 11.0.17
[INFO] Java Vendor: Ubuntu
[INFO] OS Info: Arch: amd64 Family: unix Name: linux Version: 5.4.0-113-generic
[INFO] 
[INFO] --- maven-enforcer-plugin:3.1.0:enforce (display-info) @ warnings-ng ---
[INFO] Ignoring requireUpperBoundDeps in com.google.code.findbugs:jsr305
[WARNING] Missing:
----------
1) org.connectbot.jbcrypt:jbcrypt:jar:1.0.0

  Try downloading the file manually from the project website.

  Then, install it using the command: 
      mvn install:install-file -DgroupId=org.connectbot.jbcrypt -DartifactId=jbcrypt -Dversion=1.0.0 -Dpackaging=jar -Dfile=/path/to/file

  Alternatively, if you host your own repository you can deploy the file there: 
      mvn deploy:deploy-file -DgroupId=org.connectbot.jbcrypt -DartifactId=jbcrypt -Dversion=1.0.0 -Dpackaging=jar -Dfile=/path/to/file -Durl=[url] -DrepositoryId=[id]

  Path to dependency: 
  	1) org.connectbot.jbcrypt:jbcrypt:jar:1.0.0

----------
1 required artifact is missing.

for artifact: 
  org.connectbot.jbcrypt:jbcrypt:jar:1.0.0

from the specified remote repositories:
  maven.jenkins-ci.org (https://repo.jenkins-ci.org/releases/, releases=true, snapshots=true),
  incrementals.jenkins-ci.org (https://repo.jenkins-ci.org/incrementals/, releases=true, snapshots=true),
  central (https://repo.maven.apache.org/maven2, releases=true, snapshots=false)
Path to dependency: 
	1) org.connectbot.jbcrypt:jbcrypt:jar:1.0.0


[INFO] Adding ignore: module-info
[INFO] Adding ignore: */ModuleUtils*
[INFO] Adding ignore: com/tngtech/archunit/core/importer/Module*
[INFO] Adding ignore: com/tngtech/archunit/core/domain/Java9DomainPlugin*
[INFO] 
[INFO] --- maven-enforcer-plugin:3.1.0:enforce (no-snapshots-in-release) @ warnings-ng ---
[INFO] 
[INFO] --- maven-hpi-plugin:3.32:initialize (default-initialize) @ warnings-ng ---
[INFO] 
[INFO] --- gmavenplus-plugin:1.13.1:addTestSources (test-in-groovy) @ warnings-ng ---
[INFO] 
[INFO] --- localizer-maven-plugin:1.31:generate (default) @ warnings-ng ---
[INFO] 
[INFO] >>> maven-javadoc-plugin:3.4.0:javadoc (default) > generate-sources @ warnings-ng >>>
[INFO] 
[INFO] --- maven-hpi-plugin:3.32:validate (default-validate) @ warnings-ng ---
[INFO] 
[INFO] --- maven-hpi-plugin:3.32:validate-hpi (default-validate-hpi) @ warnings-ng ---
[WARNING] Error resolving project artifact: org.connectbot.jbcrypt:jbcrypt:pom:1.0.0 was not found in https://repo.jenkins-ci.org/releases/ during a previous attempt. This failure was cached in the local repository and resolution is not reattempted until the update interval of maven.jenkins-ci.org has elapsed or updates are forced for project org.connectbot.jbcrypt:jbcrypt:jar:1.0.0
[INFO] 
[INFO] --- maven-enforcer-plugin:3.1.0:display-info (display-info) @ warnings-ng ---
[INFO] Maven Version: 3.8.6
[INFO] JDK Version: 11.0.17 normalized as: 11.0.17
[INFO] Java Vendor: Ubuntu
[INFO] OS Info: Arch: amd64 Family: unix Name: linux Version: 5.4.0-113-generic
[INFO] 
[INFO] --- maven-enforcer-plugin:3.1.0:enforce (display-info) @ warnings-ng ---
[INFO] Ignoring requireUpperBoundDeps in com.google.code.findbugs:jsr305
[WARNING] Missing:
----------
1) org.connectbot.jbcrypt:jbcrypt:jar:1.0.0

  Try downloading the file manually from the project website.

  Then, install it using the command: 
      mvn install:install-file -DgroupId=org.connectbot.jbcrypt -DartifactId=jbcrypt -Dversion=1.0.0 -Dpackaging=jar -Dfile=/path/to/file

  Alternatively, if you host your own repository you can deploy the file there: 
      mvn deploy:deploy-file -DgroupId=org.connectbot.jbcrypt -DartifactId=jbcrypt -Dversion=1.0.0 -Dpackaging=jar -Dfile=/path/to/file -Durl=[url] -DrepositoryId=[id]

  Path to dependency: 
  	1) org.connectbot.jbcrypt:jbcrypt:jar:1.0.0

----------
1 required artifact is missing.

for artifact: 
  org.connectbot.jbcrypt:jbcrypt:jar:1.0.0

from the specified remote repositories:
  maven.jenkins-ci.org (https://repo.jenkins-ci.org/releases/, releases=true, snapshots=true),
  incrementals.jenkins-ci.org (https://repo.jenkins-ci.org/incrementals/, releases=true, snapshots=true),
  central (https://repo.maven.apache.org/maven2, releases=true, snapshots=false)
Path to dependency: 
	1) org.connectbot.jbcrypt:jbcrypt:jar:1.0.0


[INFO] Adding ignore: module-info
[INFO] Adding ignore: */ModuleUtils*
[INFO] Adding ignore: com/tngtech/archunit/core/importer/Module*
[INFO] Adding ignore: com/tngtech/archunit/core/domain/Java9DomainPlugin*
[INFO] 
[INFO] --- maven-enforcer-plugin:3.1.0:enforce (no-snapshots-in-release) @ warnings-ng ---
[INFO] 
[INFO] --- maven-hpi-plugin:3.32:initialize (default-initialize) @ warnings-ng ---
[INFO] 
[INFO] --- gmavenplus-plugin:1.13.1:addTestSources (test-in-groovy) @ warnings-ng ---
[INFO] 
[INFO] --- localizer-maven-plugin:1.31:generate (default) @ warnings-ng ---
[INFO] 
[INFO] <<< maven-javadoc-plugin:3.4.0:javadoc (default) < generate-sources @ warnings-ng <<<
[INFO] 
[INFO] 
[INFO] --- maven-javadoc-plugin:3.4.0:javadoc (default) @ warnings-ng ---
[INFO] No previous run data found, generating javadoc.
[INFO] 
[INFO] --- maven-resources-plugin:3.3.0:resources (default-resources) @ warnings-ng ---
[INFO] Copying 199 resources
[INFO] 
[INFO] --- maven-compiler-plugin:3.10.1:compile (default-compile) @ warnings-ng ---
[INFO] Changes detected - recompiling the module!
[INFO] Compiling 271 source files to /home/gabsko/breaking-updates/plugin/target/classes
[WARNING] /home/gabsko/breaking-updates/plugin/src/main/java/io/jenkins/plugins/analysis/warnings/axivion/AxivionSuite.java:[197,27] [deprecation] SYSTEM in ACL has been deprecated
[WARNING] /home/gabsko/breaking-updates/plugin/src/main/java/io/jenkins/plugins/analysis/warnings/axivion/AxivionSuite.java:[353,31] [deprecation] SYSTEM in ACL has been deprecated
[WARNING] /home/gabsko/breaking-updates/plugin/src/main/java/io/jenkins/plugins/analysis/warnings/axivion/AxivionSuite.java:[388,23] [deprecation] SYSTEM in ACL has been deprecated
[INFO] 
[INFO] --- access-modifier-checker:1.27:enforce (default-enforce) @ warnings-ng ---
[INFO] 
[INFO] --- maven-hpi-plugin:3.32:insert-test (default-insert-test) @ warnings-ng ---
[INFO] 
[INFO] --- assertj-assertions-generator-maven-plugin:2.2.0:generate-assertions (default) @ warnings-ng ---
[INFO] 
[INFO] --- gmavenplus-plugin:1.13.1:generateTestStubs (test-in-groovy) @ warnings-ng ---
[INFO] No sources specified for stub generation. Skipping.
[INFO] Generated 0 stubs.
[INFO] 
[INFO] --- maven-antrun-plugin:3.1.0:run (createTempDir) @ warnings-ng ---
[INFO] Executing tasks
[INFO]     [mkdir] Created dir: /home/gabsko/breaking-updates/plugin/target/tmp
[INFO] Executed tasks
[INFO] 
[INFO] --- maven-resources-plugin:3.3.0:testResources (default-testResources) @ warnings-ng ---
[INFO] Copying 332 resources
[INFO] 
[INFO] --- maven-compiler-plugin:3.10.1:testCompile (default-testCompile) @ warnings-ng ---
[INFO] Changes detected - recompiling the module!
[INFO] Compiling 473 source files to /home/gabsko/breaking-updates/plugin/target/test-classes
[WARNING] /home/gabsko/breaking-updates/plugin/target/generated-test-sources/assertj-assertions/io/jenkins/plugins/analysis/core/assertions/Assertions.java:[271,126] [deprecation] InfoErrorDetail in io.jenkins.plugins.analysis.core.model has been deprecated
[WARNING] /home/gabsko/breaking-updates/plugin/target/generated-test-sources/assertj-assertions/io/jenkins/plugins/analysis/core/assertions/Assertions.java:[271,126] [deprecation] InfoErrorDetail in io.jenkins.plugins.analysis.core.model has been deprecated
[WARNING] /home/gabsko/breaking-updates/plugin/target/generated-test-sources/assertj-assertions/io/jenkins/plugins/analysis/core/assertions/Assertions.java:[271,126] [deprecation] InfoErrorDetail in io.jenkins.plugins.analysis.core.model has been deprecated
[WARNING] /home/gabsko/breaking-updates/plugin/target/generated-test-sources/assertj-assertions/io/jenkins/plugins/analysis/core/assertions/Assertions.java:[271,126] [deprecation] InfoErrorDetail in io.jenkins.plugins.analysis.core.model has been deprecated
[WARNING] /home/gabsko/breaking-updates/plugin/target/generated-test-sources/assertj-assertions/io/jenkins/plugins/analysis/core/assertions/Assertions.java:[425,123] [deprecation] SourceDetail in io.jenkins.plugins.analysis.core.model has been deprecated
[WARNING] /home/gabsko/breaking-updates/plugin/target/generated-test-sources/assertj-assertions/io/jenkins/plugins/analysis/core/assertions/Assertions.java:[425,123] [deprecation] SourceDetail in io.jenkins.plugins.analysis.core.model has been deprecated
[WARNING] /home/gabsko/breaking-updates/plugin/target/generated-test-sources/assertj-assertions/io/jenkins/plugins/analysis/core/assertions/Assertions.java:[425,123] [deprecation] SourceDetail in io.jenkins.plugins.analysis.core.model has been deprecated
[WARNING] /home/gabsko/breaking-updates/plugin/target/generated-test-sources/assertj-assertions/io/jenkins/plugins/analysis/core/assertions/Assertions.java:[425,123] [deprecation] SourceDetail in io.jenkins.plugins.analysis.core.model has been deprecated
[WARNING] /home/gabsko/breaking-updates/plugin/target/generated-test-sources/assertj-assertions/io/jenkins/plugins/analysis/core/assertions/Assertions.java:[458,124] [deprecation] SourcePrinter in io.jenkins.plugins.analysis.core.model has been deprecated
[WARNING] /home/gabsko/breaking-updates/plugin/target/generated-test-sources/assertj-assertions/io/jenkins/plugins/analysis/core/assertions/Assertions.java:[458,124] [deprecation] SourcePrinter in io.jenkins.plugins.analysis.core.model has been deprecated
[WARNING] /home/gabsko/breaking-updates/plugin/target/generated-test-sources/assertj-assertions/io/jenkins/plugins/analysis/core/assertions/Assertions.java:[458,124] [deprecation] SourcePrinter in io.jenkins.plugins.analysis.core.model has been deprecated
[WARNING] /home/gabsko/breaking-updates/plugin/target/generated-test-sources/assertj-assertions/io/jenkins/plugins/analysis/core/assertions/Assertions.java:[458,124] [deprecation] SourcePrinter in io.jenkins.plugins.analysis.core.model has been deprecated
[WARNING] /home/gabsko/breaking-updates/plugin/target/generated-test-sources/assertj-assertions/io/jenkins/plugins/analysis/core/assertions/Assertions.java:[502,118] [deprecation] Summary in io.jenkins.plugins.analysis.core.model has been deprecated
[WARNING] /home/gabsko/breaking-updates/plugin/target/generated-test-sources/assertj-assertions/io/jenkins/plugins/analysis/core/assertions/Assertions.java:[502,118] [deprecation] Summary in io.jenkins.plugins.analysis.core.model has been deprecated
[WARNING] /home/gabsko/breaking-updates/plugin/target/generated-test-sources/assertj-assertions/io/jenkins/plugins/analysis/core/assertions/Assertions.java:[502,118] [deprecation] Summary in io.jenkins.plugins.analysis.core.model has been deprecated
[WARNING] /home/gabsko/breaking-updates/plugin/target/generated-test-sources/assertj-assertions/io/jenkins/plugins/analysis/core/assertions/Assertions.java:[502,118] [deprecation] Summary in io.jenkins.plugins.analysis.core.model has been deprecated
[WARNING] /home/gabsko/breaking-updates/plugin/target/generated-test-sources/assertj-assertions/io/jenkins/plugins/analysis/core/assertions/Assertions.java:[876,118] [deprecation] Sanitizer in io.jenkins.plugins.analysis.core.util has been deprecated
[WARNING] /home/gabsko/breaking-updates/plugin/target/generated-test-sources/assertj-assertions/io/jenkins/plugins/analysis/core/assertions/Assertions.java:[876,118] [deprecation] Sanitizer in io.jenkins.plugins.analysis.core.util has been deprecated
[WARNING] /home/gabsko/breaking-updates/plugin/target/generated-test-sources/assertj-assertions/io/jenkins/plugins/analysis/core/assertions/Assertions.java:[876,118] [deprecation] Sanitizer in io.jenkins.plugins.analysis.core.util has been deprecated
[WARNING] /home/gabsko/breaking-updates/plugin/target/generated-test-sources/assertj-assertions/io/jenkins/plugins/analysis/core/assertions/Assertions.java:[876,118] [deprecation] Sanitizer in io.jenkins.plugins.analysis.core.util has been deprecated
[WARNING] /home/gabsko/breaking-updates/plugin/target/generated-test-sources/assertj-assertions/io/jenkins/plugins/analysis/core/model/IconLabelProviderAssert.java:[141,37] [deprecation] getRawLinkName() in StaticAnalysisLabelProvider has been deprecated
[WARNING] /home/gabsko/breaking-updates/plugin/target/generated-test-sources/assertj-assertions/io/jenkins/plugins/analysis/core/model/InfoErrorDetailAssert.java:[11,87] [deprecation] InfoErrorDetail in io.jenkins.plugins.analysis.core.model has been deprecated
[WARNING] /home/gabsko/breaking-updates/plugin/target/generated-test-sources/assertj-assertions/io/jenkins/plugins/analysis/core/model/InfoErrorDetailAssert.java:[11,87] [deprecation] InfoErrorDetail in io.jenkins.plugins.analysis.core.model has been deprecated
[WARNING] /home/gabsko/breaking-updates/plugin/target/generated-test-sources/assertj-assertions/io/jenkins/plugins/analysis/core/model/InfoErrorDetailAssert.java:[11,87] [deprecation] InfoErrorDetail in io.jenkins.plugins.analysis.core.model has been deprecated
[WARNING] /home/gabsko/breaking-updates/plugin/target/generated-test-sources/assertj-assertions/io/jenkins/plugins/analysis/core/model/InfoErrorDetailAssert.java:[11,87] [deprecation] InfoErrorDetail in io.jenkins.plugins.analysis.core.model has been deprecated
[WARNING] /home/gabsko/breaking-updates/plugin/target/generated-test-sources/assertj-assertions/io/jenkins/plugins/analysis/core/model/InfoErrorDetailAssert.java:[17,31] [deprecation] InfoErrorDetail in io.jenkins.plugins.analysis.core.model has been deprecated
[WARNING] /home/gabsko/breaking-updates/plugin/target/generated-test-sources/assertj-assertions/io/jenkins/plugins/analysis/core/model/InfoErrorDetailAssert.java:[17,31] [deprecation] InfoErrorDetail in io.jenkins.plugins.analysis.core.model has been deprecated
[WARNING] /home/gabsko/breaking-updates/plugin/target/generated-test-sources/assertj-assertions/io/jenkins/plugins/analysis/core/model/InfoErrorDetailAssert.java:[17,31] [deprecation] InfoErrorDetail in io.jenkins.plugins.analysis.core.model has been deprecated
[WARNING] /home/gabsko/breaking-updates/plugin/target/generated-test-sources/assertj-assertions/io/jenkins/plugins/analysis/core/model/InfoErrorDetailAssert.java:[17,31] [deprecation] InfoErrorDetail in io.jenkins.plugins.analysis.core.model has been deprecated
[WARNING] /home/gabsko/breaking-updates/plugin/target/generated-test-sources/assertj-assertions/io/jenkins/plugins/analysis/core/model/InfoErrorDetailAssert.java:[28,49] [deprecation] InfoErrorDetail in io.jenkins.plugins.analysis.core.model has been deprecated
[WARNING] /home/gabsko/breaking-updates/plugin/target/generated-test-sources/assertj-assertions/io/jenkins/plugins/analysis/core/model/InfoErrorDetailAssert.java:[28,49] [deprecation] InfoErrorDetail in io.jenkins.plugins.analysis.core.model has been deprecated
[WARNING] /home/gabsko/breaking-updates/plugin/target/generated-test-sources/assertj-assertions/io/jenkins/plugins/analysis/core/model/InfoErrorDetailAssert.java:[28,49] [deprecation] InfoErrorDetail in io.jenkins.plugins.analysis.core.model has been deprecated
[WARNING] /home/gabsko/breaking-updates/plugin/target/generated-test-sources/assertj-assertions/io/jenkins/plugins/analysis/core/model/InfoErrorDetailAssert.java:[28,49] [deprecation] InfoErrorDetail in io.jenkins.plugins.analysis.core.model has been deprecated
[WARNING] /home/gabsko/breaking-updates/plugin/target/generated-test-sources/assertj-assertions/io/jenkins/plugins/analysis/core/model/SourceDetailAssert.java:[10,81] [deprecation] SourceDetail in io.jenkins.plugins.analysis.core.model has been deprecated
[WARNING] /home/gabsko/breaking-updates/plugin/target/generated-test-sources/assertj-assertions/io/jenkins/plugins/analysis/core/model/SourceDetailAssert.java:[10,81] [deprecation] SourceDetail in io.jenkins.plugins.analysis.core.model has been deprecated
[WARNING] /home/gabsko/breaking-updates/plugin/target/generated-test-sources/assertj-assertions/io/jenkins/plugins/analysis/core/model/SourceDetailAssert.java:[10,81] [deprecation] SourceDetail in io.jenkins.plugins.analysis.core.model has been deprecated
[WARNING] /home/gabsko/breaking-updates/plugin/target/generated-test-sources/assertj-assertions/io/jenkins/plugins/analysis/core/model/SourceDetailAssert.java:[10,81] [deprecation] SourceDetail in io.jenkins.plugins.analysis.core.model has been deprecated
[WARNING] /home/gabsko/breaking-updates/plugin/target/generated-test-sources/assertj-assertions/io/jenkins/plugins/analysis/core/model/SourceDetailAssert.java:[16,28] [deprecation] SourceDetail in io.jenkins.plugins.analysis.core.model has been deprecated
[WARNING] /home/gabsko/breaking-updates/plugin/target/generated-test-sources/assertj-assertions/io/jenkins/plugins/analysis/core/model/SourceDetailAssert.java:[16,28] [deprecation] SourceDetail in io.jenkins.plugins.analysis.core.model has been deprecated
[WARNING] /home/gabsko/breaking-updates/plugin/target/generated-test-sources/assertj-assertions/io/jenkins/plugins/analysis/core/model/SourceDetailAssert.java:[16,28] [deprecation] SourceDetail in io.jenkins.plugins.analysis.core.model has been deprecated
[WARNING] /home/gabsko/breaking-updates/plugin/target/generated-test-sources/assertj-assertions/io/jenkins/plugins/analysis/core/model/SourceDetailAssert.java:[16,28] [deprecation] SourceDetail in io.jenkins.plugins.analysis.core.model has been deprecated
[WARNING] /home/gabsko/breaking-updates/plugin/target/generated-test-sources/assertj-assertions/io/jenkins/plugins/analysis/core/model/SourceDetailAssert.java:[27,46] [deprecation] SourceDetail in io.jenkins.plugins.analysis.core.model has been deprecated
[WARNING] /home/gabsko/breaking-updates/plugin/target/generated-test-sources/assertj-assertions/io/jenkins/plugins/analysis/core/model/SourceDetailAssert.java:[27,46] [deprecation] SourceDetail in io.jenkins.plugins.analysis.core.model has been deprecated
[WARNING] /home/gabsko/breaking-updates/plugin/target/generated-test-sources/assertj-assertions/io/jenkins/plugins/analysis/core/model/SourceDetailAssert.java:[27,46] [deprecation] SourceDetail in io.jenkins.plugins.analysis.core.model has been deprecated
[WARNING] /home/gabsko/breaking-updates/plugin/target/generated-test-sources/assertj-assertions/io/jenkins/plugins/analysis/core/model/SourceDetailAssert.java:[27,46] [deprecation] SourceDetail in io.jenkins.plugins.analysis.core.model has been deprecated
[WARNING] /home/gabsko/breaking-updates/plugin/target/generated-test-sources/assertj-assertions/io/jenkins/plugins/analysis/core/model/SourcePrinterAssert.java:[9,83] [deprecation] SourcePrinter in io.jenkins.plugins.analysis.core.model has been deprecated
[WARNING] /home/gabsko/breaking-updates/plugin/target/generated-test-sources/assertj-assertions/io/jenkins/plugins/analysis/core/model/SourcePrinterAssert.java:[9,83] [deprecation] SourcePrinter in io.jenkins.plugins.analysis.core.model has been deprecated
[WARNING] /home/gabsko/breaking-updates/plugin/target/generated-test-sources/assertj-assertions/io/jenkins/plugins/analysis/core/model/SourcePrinterAssert.java:[9,83] [deprecation] SourcePrinter in io.jenkins.plugins.analysis.core.model has been deprecated
[WARNING] /home/gabsko/breaking-updates/plugin/target/generated-test-sources/assertj-assertions/io/jenkins/plugins/analysis/core/model/SourcePrinterAssert.java:[9,83] [deprecation] SourcePrinter in io.jenkins.plugins.analysis.core.model has been deprecated
[WARNING] /home/gabsko/breaking-updates/plugin/target/generated-test-sources/assertj-assertions/io/jenkins/plugins/analysis/core/model/SourcePrinterAssert.java:[15,29] [deprecation] SourcePrinter in io.jenkins.plugins.analysis.core.model has been deprecated
[WARNING] /home/gabsko/breaking-updates/plugin/target/generated-test-sources/assertj-assertions/io/jenkins/plugins/analysis/core/model/SourcePrinterAssert.java:[15,29] [deprecation] SourcePrinter in io.jenkins.plugins.analysis.core.model has been deprecated
[WARNING] /home/gabsko/breaking-updates/plugin/target/generated-test-sources/assertj-assertions/io/jenkins/plugins/analysis/core/model/SourcePrinterAssert.java:[15,29] [deprecation] SourcePrinter in io.jenkins.plugins.analysis.core.model has been deprecated
[WARNING] /home/gabsko/breaking-updates/plugin/target/generated-test-sources/assertj-assertions/io/jenkins/plugins/analysis/core/model/SourcePrinterAssert.java:[15,29] [deprecation] SourcePrinter in io.jenkins.plugins.analysis.core.model has been deprecated
[WARNING] /home/gabsko/breaking-updates/plugin/target/generated-test-sources/assertj-assertions/io/jenkins/plugins/analysis/core/model/SourcePrinterAssert.java:[26,47] [deprecation] SourcePrinter in io.jenkins.plugins.analysis.core.model has been deprecated
[WARNING] /home/gabsko/breaking-updates/plugin/target/generated-test-sources/assertj-assertions/io/jenkins/plugins/analysis/core/model/SourcePrinterAssert.java:[26,47] [deprecation] SourcePrinter in io.jenkins.plugins.analysis.core.model has been deprecated
[WARNING] /home/gabsko/breaking-updates/plugin/target/generated-test-sources/assertj-assertions/io/jenkins/plugins/analysis/core/model/SourcePrinterAssert.java:[26,47] [deprecation] SourcePrinter in io.jenkins.plugins.analysis.core.model has been deprecated
[WARNING] /home/gabsko/breaking-updates/plugin/target/generated-test-sources/assertj-assertions/io/jenkins/plugins/analysis/core/model/SourcePrinterAssert.java:[26,47] [deprecation] SourcePrinter in io.jenkins.plugins.analysis.core.model has been deprecated
[WARNING] /home/gabsko/breaking-updates/plugin/target/generated-test-sources/assertj-assertions/io/jenkins/plugins/analysis/core/model/StaticAnalysisLabelProviderAssert.java:[141,37] [deprecation] getRawLinkName() in StaticAnalysisLabelProvider has been deprecated
[WARNING] /home/gabsko/breaking-updates/plugin/target/generated-test-sources/assertj-assertions/io/jenkins/plugins/analysis/core/model/SummaryAssert.java:[9,71] [deprecation] Summary in io.jenkins.plugins.analysis.core.model has been deprecated
[WARNING] /home/gabsko/breaking-updates/plugin/target/generated-test-sources/assertj-assertions/io/jenkins/plugins/analysis/core/model/SummaryAssert.java:[9,71] [deprecation] Summary in io.jenkins.plugins.analysis.core.model has been deprecated
[WARNING] /home/gabsko/breaking-updates/plugin/target/generated-test-sources/assertj-assertions/io/jenkins/plugins/analysis/core/model/SummaryAssert.java:[9,71] [deprecation] Summary in io.jenkins.plugins.analysis.core.model has been deprecated
[WARNING] /home/gabsko/breaking-updates/plugin/target/generated-test-sources/assertj-assertions/io/jenkins/plugins/analysis/core/model/SummaryAssert.java:[9,71] [deprecation] Summary in io.jenkins.plugins.analysis.core.model has been deprecated
[WARNING] /home/gabsko/breaking-updates/plugin/target/generated-test-sources/assertj-assertions/io/jenkins/plugins/analysis/core/model/SummaryAssert.java:[15,23] [deprecation] Summary in io.jenkins.plugins.analysis.core.model has been deprecated
[WARNING] /home/gabsko/breaking-updates/plugin/target/generated-test-sources/assertj-assertions/io/jenkins/plugins/analysis/core/model/SummaryAssert.java:[15,23] [deprecation] Summary in io.jenkins.plugins.analysis.core.model has been deprecated
[WARNING] /home/gabsko/breaking-updates/plugin/target/generated-test-sources/assertj-assertions/io/jenkins/plugins/analysis/core/model/SummaryAssert.java:[15,23] [deprecation] Summary in io.jenkins.plugins.analysis.core.model has been deprecated
[WARNING] /home/gabsko/breaking-updates/plugin/target/generated-test-sources/assertj-assertions/io/jenkins/plugins/analysis/core/model/SummaryAssert.java:[15,23] [deprecation] Summary in io.jenkins.plugins.analysis.core.model has been deprecated
[WARNING] /home/gabsko/breaking-updates/plugin/target/generated-test-sources/assertj-assertions/io/jenkins/plugins/analysis/core/model/SummaryAssert.java:[26,41] [deprecation] Summary in io.jenkins.plugins.analysis.core.model has been deprecated
[WARNING] /home/gabsko/breaking-updates/plugin/target/generated-test-sources/assertj-assertions/io/jenkins/plugins/analysis/core/model/SummaryAssert.java:[26,41] [deprecation] Summary in io.jenkins.plugins.analysis.core.model has been deprecated
[WARNING] /home/gabsko/breaking-updates/plugin/target/generated-test-sources/assertj-assertions/io/jenkins/plugins/analysis/core/model/SummaryAssert.java:[26,41] [deprecation] Summary in io.jenkins.plugins.analysis.core.model has been deprecated
[WARNING] /home/gabsko/breaking-updates/plugin/target/generated-test-sources/assertj-assertions/io/jenkins/plugins/analysis/core/model/SummaryAssert.java:[26,41] [deprecation] Summary in io.jenkins.plugins.analysis.core.model has been deprecated
[WARNING] /home/gabsko/breaking-updates/plugin/target/generated-test-sources/assertj-assertions/io/jenkins/plugins/analysis/core/model/SvgIconLabelProviderAssert.java:[141,37] [deprecation] getRawLinkName() in StaticAnalysisLabelProvider has been deprecated
[WARNING] /home/gabsko/breaking-updates/plugin/target/generated-test-sources/assertj-assertions/io/jenkins/plugins/analysis/core/util/ModelValidationAssert.java:[45,52] [deprecation] getAllCharsets() in ModelValidation has been deprecated
[WARNING] /home/gabsko/breaking-updates/plugin/target/generated-test-sources/assertj-assertions/io/jenkins/plugins/analysis/core/util/ModelValidationAssert.java:[68,52] [deprecation] getAllCharsets() in ModelValidation has been deprecated
[WARNING] /home/gabsko/breaking-updates/plugin/target/generated-test-sources/assertj-assertions/io/jenkins/plugins/analysis/core/util/ModelValidationAssert.java:[88,56] [deprecation] getAllCharsets() in ModelValidation has been deprecated
[WARNING] /home/gabsko/breaking-updates/plugin/target/generated-test-sources/assertj-assertions/io/jenkins/plugins/analysis/core/util/ModelValidationAssert.java:[111,56] [deprecation] getAllCharsets() in ModelValidation has been deprecated
[WARNING] /home/gabsko/breaking-updates/plugin/target/generated-test-sources/assertj-assertions/io/jenkins/plugins/analysis/core/util/ModelValidationAssert.java:[132,58] [deprecation] getAllCharsets() in ModelValidation has been deprecated
[WARNING] /home/gabsko/breaking-updates/plugin/target/generated-test-sources/assertj-assertions/io/jenkins/plugins/analysis/core/util/ModelValidationAssert.java:[156,58] [deprecation] getAllCharsets() in ModelValidation has been deprecated
[WARNING] /home/gabsko/breaking-updates/plugin/target/generated-test-sources/assertj-assertions/io/jenkins/plugins/analysis/core/util/ModelValidationAssert.java:[175,14] [deprecation] getAllCharsets() in ModelValidation has been deprecated
[WARNING] /home/gabsko/breaking-updates/plugin/target/generated-test-sources/assertj-assertions/io/jenkins/plugins/analysis/core/util/ModelValidationAssert.java:[176,57] [deprecation] getAllCharsets() in ModelValidation has been deprecated
[WARNING] /home/gabsko/breaking-updates/plugin/target/generated-test-sources/assertj-assertions/io/jenkins/plugins/analysis/core/util/QualityGateStatusAssert.java:[45,47] [deprecation] getColor() in QualityGateStatus has been deprecated
[WARNING] /home/gabsko/breaking-updates/plugin/target/generated-test-sources/assertj-assertions/io/jenkins/plugins/analysis/core/util/SanitizerAssert.java:[9,75] [deprecation] Sanitizer in io.jenkins.plugins.analysis.core.util has been deprecated
[WARNING] /home/gabsko/breaking-updates/plugin/target/generated-test-sources/assertj-assertions/io/jenkins/plugins/analysis/core/util/SanitizerAssert.java:[9,75] [deprecation] Sanitizer in io.jenkins.plugins.analysis.core.util has been deprecated
[WARNING] /home/gabsko/breaking-updates/plugin/target/generated-test-sources/assertj-assertions/io/jenkins/plugins/analysis/core/util/SanitizerAssert.java:[9,75] [deprecation] Sanitizer in io.jenkins.plugins.analysis.core.util has been deprecated
[WARNING] /home/gabsko/breaking-updates/plugin/target/generated-test-sources/assertj-assertions/io/jenkins/plugins/analysis/core/util/SanitizerAssert.java:[9,75] [deprecation] Sanitizer in io.jenkins.plugins.analysis.core.util has been deprecated
[WARNING] /home/gabsko/breaking-updates/plugin/target/generated-test-sources/assertj-assertions/io/jenkins/plugins/analysis/core/util/SanitizerAssert.java:[15,25] [deprecation] Sanitizer in io.jenkins.plugins.analysis.core.util has been deprecated
[WARNING] /home/gabsko/breaking-updates/plugin/target/generated-test-sources/assertj-assertions/io/jenkins/plugins/analysis/core/util/SanitizerAssert.java:[15,25] [deprecation] Sanitizer in io.jenkins.plugins.analysis.core.util has been deprecated
[WARNING] /home/gabsko/breaking-updates/plugin/target/generated-test-sources/assertj-assertions/io/jenkins/plugins/analysis/core/util/SanitizerAssert.java:[15,25] [deprecation] Sanitizer in io.jenkins.plugins.analysis.core.util has been deprecated
[WARNING] /home/gabsko/breaking-updates/plugin/target/generated-test-sources/assertj-assertions/io/jenkins/plugins/analysis/core/util/SanitizerAssert.java:[15,25] [deprecation] Sanitizer in io.jenkins.plugins.analysis.core.util has been deprecated
[WARNING] /home/gabsko/breaking-updates/plugin/target/generated-test-sources/assertj-assertions/io/jenkins/plugins/analysis/core/util/SanitizerAssert.java:[26,43] [deprecation] Sanitizer in io.jenkins.plugins.analysis.core.util has been deprecated
[WARNING] /home/gabsko/breaking-updates/plugin/target/generated-test-sources/assertj-assertions/io/jenkins/plugins/analysis/core/util/SanitizerAssert.java:[26,43] [deprecation] Sanitizer in io.jenkins.plugins.analysis.core.util has been deprecated
[WARNING] /home/gabsko/breaking-updates/plugin/target/generated-test-sources/assertj-assertions/io/jenkins/plugins/analysis/core/util/SanitizerAssert.java:[26,43] [deprecation] Sanitizer in io.jenkins.plugins.analysis.core.util has been deprecated
[WARNING] /home/gabsko/breaking-updates/plugin/target/generated-test-sources/assertj-assertions/io/jenkins/plugins/analysis/core/util/SanitizerAssert.java:[26,43] [deprecation] Sanitizer in io.jenkins.plugins.analysis.core.util has been deprecated
[WARNING] /home/gabsko/breaking-updates/plugin/src/test/java/io/jenkins/plugins/analysis/core/model/SourcePrinterTest.java:[35,12] [deprecation] SourcePrinter in io.jenkins.plugins.analysis.core.model has been deprecated
[WARNING] /home/gabsko/breaking-updates/plugin/src/test/java/io/jenkins/plugins/analysis/core/model/SourcePrinterTest.java:[35,40] [deprecation] SourcePrinter in io.jenkins.plugins.analysis.core.model has been deprecated
[WARNING] /home/gabsko/breaking-updates/plugin/src/test/java/io/jenkins/plugins/analysis/core/model/SourcePrinterTest.java:[55,12] [deprecation] SourcePrinter in io.jenkins.plugins.analysis.core.model has been deprecated
[WARNING] /home/gabsko/breaking-updates/plugin/src/test/java/io/jenkins/plugins/analysis/core/model/SourcePrinterTest.java:[55,40] [deprecation] SourcePrinter in io.jenkins.plugins.analysis.core.model has been deprecated
[WARNING] /home/gabsko/breaking-updates/plugin/src/test/java/io/jenkins/plugins/analysis/core/model/SourcePrinterTest.java:[79,12] [deprecation] SourcePrinter in io.jenkins.plugins.analysis.core.model has been deprecated
[WARNING] /home/gabsko/breaking-updates/plugin/src/test/java/io/jenkins/plugins/analysis/core/model/SourcePrinterTest.java:[79,40] [deprecation] SourcePrinter in io.jenkins.plugins.analysis.core.model has been deprecated
[WARNING] /home/gabsko/breaking-updates/plugin/src/test/java/io/jenkins/plugins/analysis/core/model/SourcePrinterTest.java:[98,12] [deprecation] SourcePrinter in io.jenkins.plugins.analysis.core.model has been deprecated
[WARNING] /home/gabsko/breaking-updates/plugin/src/test/java/io/jenkins/plugins/analysis/core/model/SourcePrinterTest.java:[98,40] [deprecation] SourcePrinter in io.jenkins.plugins.analysis.core.model has been deprecated
[INFO] 
[INFO] --- maven-hpi-plugin:3.32:test-hpl (default-test-hpl) @ warnings-ng ---
[INFO] Generating /home/gabsko/breaking-updates/plugin/target/test-classes/the.hpl
[WARNING] Error resolving project artifact: org.connectbot.jbcrypt:jbcrypt:pom:1.0.0 was not found in https://repo.jenkins-ci.org/releases/ during a previous attempt. This failure was cached in the local repository and resolution is not reattempted until the update interval of maven.jenkins-ci.org has elapsed or updates are forced for project org.connectbot.jbcrypt:jbcrypt:jar:1.0.0
[INFO] 
[INFO] --- maven-hpi-plugin:3.32:resolve-test-dependencies (default-resolve-test-dependencies) @ warnings-ng ---
[INFO] Downloading from maven.jenkins-ci.org: https://repo.jenkins-ci.org/releases/io/jenkins/plugins/analysis-model-api/10.16.1/analysis-model-api-10.16.1.hpi
[INFO] Downloaded from maven.jenkins-ci.org: https://repo.jenkins-ci.org/releases/io/jenkins/plugins/analysis-model-api/10.16.1/analysis-model-api-10.16.1.hpi (18 MB at 4.4 MB/s)
[INFO] Downloading from maven.jenkins-ci.org: https://repo.jenkins-ci.org/releases/io/jenkins/plugins/autograding/3.3.1/autograding-3.3.1.hpi
[INFO] Downloaded from maven.jenkins-ci.org: https://repo.jenkins-ci.org/releases/io/jenkins/plugins/autograding/3.3.1/autograding-3.3.1.hpi (0 B at 0 B/s)
[INFO] Downloading from maven.jenkins-ci.org: https://repo.jenkins-ci.org/releases/io/jenkins/plugins/bootstrap4-api/4.6.0-5/bootstrap4-api-4.6.0-5.hpi
[INFO] Downloaded from maven.jenkins-ci.org: https://repo.jenkins-ci.org/releases/io/jenkins/plugins/bootstrap4-api/4.6.0-5/bootstrap4-api-4.6.0-5.hpi (0 B at 0 B/s)
[INFO] Downloading from maven.jenkins-ci.org: https://repo.jenkins-ci.org/releases/io/jenkins/plugins/code-coverage-api/1.2.0/code-coverage-api-1.2.0.hpi
[INFO] Downloaded from maven.jenkins-ci.org: https://repo.jenkins-ci.org/releases/io/jenkins/plugins/code-coverage-api/1.2.0/code-coverage-api-1.2.0.hpi (0 B at 0 B/s)
[INFO] Downloading from maven.jenkins-ci.org: https://repo.jenkins-ci.org/releases/io/jenkins/plugins/metrics-aggregation/0.2.0/metrics-aggregation-0.2.0.hpi
[INFO] Downloaded from maven.jenkins-ci.org: https://repo.jenkins-ci.org/releases/io/jenkins/plugins/metrics-aggregation/0.2.0/metrics-aggregation-0.2.0.hpi (0 B at 0 B/s)
[INFO] Downloading from maven.jenkins-ci.org: https://repo.jenkins-ci.org/releases/io/jenkins/plugins/popper-api/1.16.1-3/popper-api-1.16.1-3.hpi
[INFO] Downloaded from maven.jenkins-ci.org: https://repo.jenkins-ci.org/releases/io/jenkins/plugins/popper-api/1.16.1-3/popper-api-1.16.1-3.hpi (0 B at 0 B/s)
[WARNING] Error resolving project artifact: org.connectbot.jbcrypt:jbcrypt:pom:1.0.0 was not found in https://repo.jenkins-ci.org/releases/ during a previous attempt. This failure was cached in the local repository and resolution is not reattempted until the update interval of maven.jenkins-ci.org has elapsed or updates are forced for project org.connectbot.jbcrypt:jbcrypt:jar:1.0.0
[INFO] Downloading from maven.jenkins-ci.org: https://repo.jenkins-ci.org/releases/org/jenkins-ci/main/maven-plugin/3.16/maven-plugin-3.16.hpi
[INFO] Downloaded from maven.jenkins-ci.org: https://repo.jenkins-ci.org/releases/org/jenkins-ci/main/maven-plugin/3.16/maven-plugin-3.16.hpi (0 B at 0 B/s)
[INFO] Downloading from maven.jenkins-ci.org: https://repo.jenkins-ci.org/releases/org/jenkins-ci/plugins/ansicolor/1.0.2/ansicolor-1.0.2.hpi
[INFO] Downloaded from maven.jenkins-ci.org: https://repo.jenkins-ci.org/releases/org/jenkins-ci/plugins/ansicolor/1.0.2/ansicolor-1.0.2.hpi (68 kB at 104 kB/s)
[INFO] Downloading from maven.jenkins-ci.org: https://repo.jenkins-ci.org/releases/org/jenkins-ci/plugins/ant/475.vf34069fef73c/ant-475.vf34069fef73c.hpi
[INFO] Downloaded from maven.jenkins-ci.org: https://repo.jenkins-ci.org/releases/org/jenkins-ci/plugins/ant/475.vf34069fef73c/ant-475.vf34069fef73c.hpi (85 kB at 168 kB/s)
[INFO] Downloading from maven.jenkins-ci.org: https://repo.jenkins-ci.org/releases/org/jenkins-ci/plugins/dashboard-view/2.447.vda_124dd35f11/dashboard-view-2.447.vda_124dd35f11.hpi
[INFO] Downloaded from maven.jenkins-ci.org: https://repo.jenkins-ci.org/releases/org/jenkins-ci/plugins/dashboard-view/2.447.vda_124dd35f11/dashboard-view-2.447.vda_124dd35f11.hpi (121 kB at 277 kB/s)
[INFO] Downloading from maven.jenkins-ci.org: https://repo.jenkins-ci.org/releases/org/jenkins-ci/plugins/flexible-publish/0.15.2/flexible-publish-0.15.2.hpi
[INFO] Downloaded from maven.jenkins-ci.org: https://repo.jenkins-ci.org/releases/org/jenkins-ci/plugins/flexible-publish/0.15.2/flexible-publish-0.15.2.hpi (0 B at 0 B/s)
[INFO] Downloading from maven.jenkins-ci.org: https://repo.jenkins-ci.org/releases/org/jenkins-ci/plugins/form-element-path/1.11/form-element-path-1.11.hpi
[INFO] Downloaded from maven.jenkins-ci.org: https://repo.jenkins-ci.org/releases/org/jenkins-ci/plugins/form-element-path/1.11/form-element-path-1.11.hpi (0 B at 0 B/s)
[INFO] Downloading from maven.jenkins-ci.org: https://repo.jenkins-ci.org/releases/org/jenkins-ci/plugins/gradle/1.24/gradle-1.24.hpi
[INFO] Downloaded from maven.jenkins-ci.org: https://repo.jenkins-ci.org/releases/org/jenkins-ci/plugins/gradle/1.24/gradle-1.24.hpi (0 B at 0 B/s)
[INFO] Downloading from maven.jenkins-ci.org: https://repo.jenkins-ci.org/releases/org/jenkins-ci/plugins/javadoc/1.6/javadoc-1.6.hpi
[INFO] Downloaded from maven.jenkins-ci.org: https://repo.jenkins-ci.org/releases/org/jenkins-ci/plugins/javadoc/1.6/javadoc-1.6.hpi (0 B at 0 B/s)
[INFO] Downloading from maven.jenkins-ci.org: https://repo.jenkins-ci.org/releases/org/jenkins-ci/plugins/jdk-tool/55.v1b_32b_6ca_f9ca/jdk-tool-55.v1b_32b_6ca_f9ca.hpi
[INFO] Downloaded from maven.jenkins-ci.org: https://repo.jenkins-ci.org/releases/org/jenkins-ci/plugins/jdk-tool/55.v1b_32b_6ca_f9ca/jdk-tool-55.v1b_32b_6ca_f9ca.hpi (71 kB at 174 kB/s)
[INFO] Downloading from maven.jenkins-ci.org: https://repo.jenkins-ci.org/releases/org/jenkins-ci/plugins/junit/1119.1121.vc43d0fc45561/junit-1119.1121.vc43d0fc45561.hpi
[INFO] Downloaded from maven.jenkins-ci.org: https://repo.jenkins-ci.org/releases/org/jenkins-ci/plugins/junit/1119.1121.vc43d0fc45561/junit-1119.1121.vc43d0fc45561.hpi (0 B at 0 B/s)
[INFO] Downloading from maven.jenkins-ci.org: https://repo.jenkins-ci.org/releases/org/jenkins-ci/plugins/matrix-project/772.v494f19991984/matrix-project-772.v494f19991984.hpi
[INFO] Downloaded from maven.jenkins-ci.org: https://repo.jenkins-ci.org/releases/org/jenkins-ci/plugins/matrix-project/772.v494f19991984/matrix-project-772.v494f19991984.hpi (0 B at 0 B/s)
[INFO] Downloading from maven.jenkins-ci.org: https://repo.jenkins-ci.org/releases/org/jenkins-ci/plugins/pitmutation/1.0-18/pitmutation-1.0-18.hpi
[INFO] Downloaded from maven.jenkins-ci.org: https://repo.jenkins-ci.org/releases/org/jenkins-ci/plugins/pitmutation/1.0-18/pitmutation-1.0-18.hpi (0 B at 0 B/s)
[INFO] Downloading from maven.jenkins-ci.org: https://repo.jenkins-ci.org/releases/org/jenkins-ci/plugins/run-condition/0.7/run-condition-0.7.hpi
[INFO] Downloaded from maven.jenkins-ci.org: https://repo.jenkins-ci.org/releases/org/jenkins-ci/plugins/run-condition/0.7/run-condition-0.7.hpi (0 B at 0 B/s)
[INFO] Downloading from maven.jenkins-ci.org: https://repo.jenkins-ci.org/releases/org/jenkins-ci/plugins/timestamper/1.18/timestamper-1.18.hpi
[INFO] Downloaded from maven.jenkins-ci.org: https://repo.jenkins-ci.org/releases/org/jenkins-ci/plugins/timestamper/1.18/timestamper-1.18.hpi (629 kB at 400 kB/s)
[INFO] Downloading from maven.jenkins-ci.org: https://repo.jenkins-ci.org/releases/org/jenkins-ci/plugins/token-macro/308.v4f2b_ed62b_b_16/token-macro-308.v4f2b_ed62b_b_16.hpi
[INFO] Downloaded from maven.jenkins-ci.org: https://repo.jenkins-ci.org/releases/org/jenkins-ci/plugins/token-macro/308.v4f2b_ed62b_b_16/token-macro-308.v4f2b_ed62b_b_16.hpi (469 kB at 767 kB/s)
[INFO] 
[INFO] --- gmavenplus-plugin:1.13.1:compileTests (test-in-groovy) @ warnings-ng ---
[INFO] No sources specified for compilation. Skipping.
[INFO] 
[INFO] --- jacoco-maven-plugin:0.8.8:prepare-agent (default) @ warnings-ng ---
[INFO] argLine set to -javaagent:/home/gabsko/.m2/repository/org/jacoco/org.jacoco.agent/0.8.8/org.jacoco.agent-0.8.8-runtime.jar=destfile=/home/gabsko/breaking-updates/plugin/target/jacoco.exec,includes=io/jenkins/plugins/**/*,excludes=**/JenkinsFacade.*:**/*BlameRunner.*:**/*Summary.class:**/NullAnalysisHistory.* -Djava.awt.headless=true -Xmx1024m -Djenkins.test.timeout=1000 --add-opens java.base/java.lang=ALL-UNNAMED --add-opens java.base/java.io=ALL-UNNAMED --add-opens java.base/java.util=ALL-UNNAMED --add-opens java.base/java.util.concurrent=ALL-UNNAMED
[INFO] 
[INFO] --- maven-hpi-plugin:3.32:test-runtime (default-test-runtime) @ warnings-ng ---
[INFO] Setting jenkins.addOpens to --add-opens java.base/java.lang=ALL-UNNAMED --add-opens java.base/java.io=ALL-UNNAMED --add-opens java.base/java.util=ALL-UNNAMED --add-opens java.desktop/com.sun.beans.introspect=ALL-UNNAMED
[INFO] Setting jenkins.insaneHook to --patch-module=java.base=/tmp/org-netbeans-insane-hook6917746900226813281.jar --add-exports=java.base/org.netbeans.insane.hook=ALL-UNNAMED
[INFO] 
[INFO] --- maven-surefire-plugin:3.0.0-M7:test (default-test) @ warnings-ng ---
[INFO] Using auto detected provider org.apache.maven.surefire.junitplatform.JUnitPlatformProvider
[WARNING] The system property java.awt.headless is configured twice! The property appears in <argLine/> and any of <systemPropertyVariables/>, <systemProperties/> or user property.
[INFO] 
[INFO] -------------------------------------------------------
[INFO]  T E S T S
[INFO] -------------------------------------------------------
[INFO] Running io.jenkins.plugins.analysis.core.charts.CompositeBuildResultTest
OpenJDK 64-Bit Server VM warning: Sharing is only supported for boot loader classes because bootstrap classpath has been appended
[INFO] Tests run: 6, Failures: 0, Errors: 0, Skipped: 0, Time elapsed: 1.712 s - in io.jenkins.plugins.analysis.core.charts.CompositeBuildResultTest
[INFO] Running io.jenkins.plugins.analysis.core.charts.HealthSeriesBuilderTest
OpenJDK 64-Bit Server VM warning: Sharing is only supported for boot loader classes because bootstrap classpath has been appended
[INFO] Tests run: 8, Failures: 0, Errors: 0, Skipped: 0, Time elapsed: 1.893 s - in io.jenkins.plugins.analysis.core.charts.HealthSeriesBuilderTest
[INFO] Running io.jenkins.plugins.analysis.core.charts.HealthTrendChartTest
OpenJDK 64-Bit Server VM warning: Sharing is only supported for boot loader classes because bootstrap classpath has been appended
[INFO] Tests run: 2, Failures: 0, Errors: 0, Skipped: 0, Time elapsed: 1.887 s - in io.jenkins.plugins.analysis.core.charts.HealthTrendChartTest
[INFO] Running io.jenkins.plugins.analysis.core.charts.NewVersusFixedPieChartTest
OpenJDK 64-Bit Server VM warning: Sharing is only supported for boot loader classes because bootstrap classpath has been appended
[INFO] Tests run: 1, Failures: 0, Errors: 0, Skipped: 0, Time elapsed: 1.427 s - in io.jenkins.plugins.analysis.core.charts.NewVersusFixedPieChartTest
[INFO] Running io.jenkins.plugins.analysis.core.charts.NewVersusFixedSeriesBuilderTest
OpenJDK 64-Bit Server VM warning: Sharing is only supported for boot loader classes because bootstrap classpath has been appended
[INFO] Tests run: 1, Failures: 0, Errors: 0, Skipped: 0, Time elapsed: 1.573 s - in io.jenkins.plugins.analysis.core.charts.NewVersusFixedSeriesBuilderTest
[INFO] Running io.jenkins.plugins.analysis.core.charts.NewVersusFixedTrendChartTest
OpenJDK 64-Bit Server VM warning: Sharing is only supported for boot loader classes because bootstrap classpath has been appended
[INFO] Tests run: 1, Failures: 0, Errors: 0, Skipped: 0, Time elapsed: 1.875 s - in io.jenkins.plugins.analysis.core.charts.NewVersusFixedTrendChartTest
[INFO] Running io.jenkins.plugins.analysis.core.charts.SeverityPieChartTest
OpenJDK 64-Bit Server VM warning: Sharing is only supported for boot loader classes because bootstrap classpath has been appended
[INFO] Tests run: 3, Failures: 0, Errors: 0, Skipped: 0, Time elapsed: 1.511 s - in io.jenkins.plugins.analysis.core.charts.SeverityPieChartTest
[INFO] Running io.jenkins.plugins.analysis.core.charts.SeveritySeriesBuilderTest
OpenJDK 64-Bit Server VM warning: Sharing is only supported for boot loader classes because bootstrap classpath has been appended
[INFO] Tests run: 3, Failures: 0, Errors: 0, Skipped: 0, Time elapsed: 1.698 s - in io.jenkins.plugins.analysis.core.charts.SeveritySeriesBuilderTest
[INFO] Running io.jenkins.plugins.analysis.core.charts.SeverityTrendChartTest
OpenJDK 64-Bit Server VM warning: Sharing is only supported for boot loader classes because bootstrap classpath has been appended
[INFO] Tests run: 5, Failures: 0, Errors: 0, Skipped: 0, Time elapsed: 1.975 s - in io.jenkins.plugins.analysis.core.charts.SeverityTrendChartTest
[INFO] Running io.jenkins.plugins.analysis.core.charts.ToolsTrendChartTest
OpenJDK 64-Bit Server VM warning: Sharing is only supported for boot loader classes because bootstrap classpath has been appended
[INFO] Tests run: 2, Failures: 0, Errors: 0, Skipped: 0, Time elapsed: 1.943 s - in io.jenkins.plugins.analysis.core.charts.ToolsTrendChartTest
[INFO] Running io.jenkins.plugins.analysis.core.columns.IssuesTotalColumnTest
OpenJDK 64-Bit Server VM warning: Sharing is only supported for boot loader classes because bootstrap classpath has been appended
[INFO] Tests run: 11, Failures: 0, Errors: 0, Skipped: 0, Time elapsed: 3.101 s - in io.jenkins.plugins.analysis.core.columns.IssuesTotalColumnTest
[INFO] Running io.jenkins.plugins.analysis.core.filter.RegexpFilterTest
OpenJDK 64-Bit Server VM warning: Sharing is only supported for boot loader classes because bootstrap classpath has been appended
[INFO] Tests run: 14, Failures: 0, Errors: 0, Skipped: 0, Time elapsed: 1.64 s - in io.jenkins.plugins.analysis.core.filter.RegexpFilterTest
[INFO] Running io.jenkins.plugins.analysis.core.model.AggregationActionTest
OpenJDK 64-Bit Server VM warning: Sharing is only supported for boot loader classes because bootstrap classpath has been appended
[INFO] Tests run: 4, Failures: 0, Errors: 0, Skipped: 0, Time elapsed: 2.673 s - in io.jenkins.plugins.analysis.core.model.AggregationActionTest
[INFO] Running io.jenkins.plugins.analysis.core.model.AnalysisHistoryTest
OpenJDK 64-Bit Server VM warning: Sharing is only supported for boot loader classes because bootstrap classpath has been appended
[INFO] Tests run: 35, Failures: 0, Errors: 0, Skipped: 0, Time elapsed: 2.956 s - in io.jenkins.plugins.analysis.core.model.AnalysisHistoryTest
[INFO] Running io.jenkins.plugins.analysis.core.model.AnalysisResultTest
OpenJDK 64-Bit Server VM warning: Sharing is only supported for boot loader classes because bootstrap classpath has been appended
[INFO] Tests run: 2, Failures: 0, Errors: 0, Skipped: 0, Time elapsed: 2.479 s - in io.jenkins.plugins.analysis.core.model.AnalysisResultTest
[INFO] Running io.jenkins.plugins.analysis.core.model.BlamesModelTest
OpenJDK 64-Bit Server VM warning: Sharing is only supported for boot loader classes because bootstrap classpath has been appended
[INFO] Tests run: 3, Failures: 0, Errors: 0, Skipped: 0, Time elapsed: 2.962 s - in io.jenkins.plugins.analysis.core.model.BlamesModelTest
[INFO] Running io.jenkins.plugins.analysis.core.model.ByIdResultSelectorTest
OpenJDK 64-Bit Server VM warning: Sharing is only supported for boot loader classes because bootstrap classpath has been appended
[INFO] Tests run: 6, Failures: 0, Errors: 0, Skipped: 0, Time elapsed: 2.3 s - in io.jenkins.plugins.analysis.core.model.ByIdResultSelectorTest
[INFO] Running io.jenkins.plugins.analysis.core.model.ConsoleDetailTest
OpenJDK 64-Bit Server VM warning: Sharing is only supported for boot loader classes because bootstrap classpath has been appended
[INFO] Tests run: 5, Failures: 0, Errors: 0, Skipped: 0, Time elapsed: 2.217 s - in io.jenkins.plugins.analysis.core.model.ConsoleDetailTest
[INFO] Running io.jenkins.plugins.analysis.core.model.DeltaReportTest
OpenJDK 64-Bit Server VM warning: Sharing is only supported for boot loader classes because bootstrap classpath has been appended
[INFO] Tests run: 3, Failures: 0, Errors: 0, Skipped: 0, Time elapsed: 2.203 s - in io.jenkins.plugins.analysis.core.model.DeltaReportTest
[INFO] Running io.jenkins.plugins.analysis.core.model.DetailFactoryTest
OpenJDK 64-Bit Server VM warning: Sharing is only supported for boot loader classes because bootstrap classpath has been appended
[INFO] Tests run: 16, Failures: 0, Errors: 0, Skipped: 0, Time elapsed: 3.318 s - in io.jenkins.plugins.analysis.core.model.DetailFactoryTest
[INFO] Running io.jenkins.plugins.analysis.core.model.DetailsTableModelTest
OpenJDK 64-Bit Server VM warning: Sharing is only supported for boot loader classes because bootstrap classpath has been appended
[INFO] Tests run: 2, Failures: 0, Errors: 0, Skipped: 0, Time elapsed: 2.384 s - in io.jenkins.plugins.analysis.core.model.DetailsTableModelTest
[INFO] Running io.jenkins.plugins.analysis.core.model.FileNameRendererTest
OpenJDK 64-Bit Server VM warning: Sharing is only supported for boot loader classes because bootstrap classpath has been appended
[INFO] Tests run: 4, Failures: 0, Errors: 0, Skipped: 0, Time elapsed: 2.233 s - in io.jenkins.plugins.analysis.core.model.FileNameRendererTest
[INFO] Running io.jenkins.plugins.analysis.core.model.FixedWarningsDetailTest
OpenJDK 64-Bit Server VM warning: Sharing is only supported for boot loader classes because bootstrap classpath has been appended
[INFO] Tests run: 1, Failures: 0, Errors: 0, Skipped: 0, Time elapsed: 2.642 s - in io.jenkins.plugins.analysis.core.model.FixedWarningsDetailTest
[INFO] Running io.jenkins.plugins.analysis.core.model.ForensicsModelTest
OpenJDK 64-Bit Server VM warning: Sharing is only supported for boot loader classes because bootstrap classpath has been appended
[INFO] Tests run: 3, Failures: 0, Errors: 0, Skipped: 0, Time elapsed: 2.909 s - in io.jenkins.plugins.analysis.core.model.ForensicsModelTest
[INFO] Running io.jenkins.plugins.analysis.core.model.HealthDescriptorTest
[INFO] Tests run: 1, Failures: 0, Errors: 0, Skipped: 0, Time elapsed: 0.105 s - in io.jenkins.plugins.analysis.core.model.HealthDescriptorTest
[INFO] Running io.jenkins.plugins.analysis.core.model.HealthReportBuilderTest
OpenJDK 64-Bit Server VM warning: Sharing is only supported for boot loader classes because bootstrap classpath has been appended
[INFO] Tests run: 10, Failures: 0, Errors: 0, Skipped: 0, Time elapsed: 1.793 s - in io.jenkins.plugins.analysis.core.model.HealthReportBuilderTest
[INFO] Running io.jenkins.plugins.analysis.core.model.IconLabelProviderTest
[INFO] Tests run: 2, Failures: 0, Errors: 0, Skipped: 0, Time elapsed: 0.129 s - in io.jenkins.plugins.analysis.core.model.IconLabelProviderTest
[INFO] Running io.jenkins.plugins.analysis.core.model.InfoErrorDetailTest
OpenJDK 64-Bit Server VM warning: Sharing is only supported for boot loader classes because bootstrap classpath has been appended
[INFO] Tests run: 1, Failures: 0, Errors: 0, Skipped: 0, Time elapsed: 2.106 s - in io.jenkins.plugins.analysis.core.model.InfoErrorDetailTest
[INFO] Running io.jenkins.plugins.analysis.core.model.IssuesModelTest
OpenJDK 64-Bit Server VM warning: Sharing is only supported for boot loader classes because bootstrap classpath has been appended
[INFO] Tests run: 2, Failures: 0, Errors: 0, Skipped: 0, Time elapsed: 2.951 s - in io.jenkins.plugins.analysis.core.model.IssuesModelTest
[INFO] Running io.jenkins.plugins.analysis.core.model.JobActionTest
OpenJDK 64-Bit Server VM warning: Sharing is only supported for boot loader classes because bootstrap classpath has been appended
[INFO] Tests run: 3, Failures: 0, Errors: 0, Skipped: 0, Time elapsed: 3.311 s - in io.jenkins.plugins.analysis.core.model.JobActionTest
[INFO] Running io.jenkins.plugins.analysis.core.model.PropertyStatisticsTest
[INFO] Tests run: 34, Failures: 0, Errors: 0, Skipped: 0, Time elapsed: 0.261 s - in io.jenkins.plugins.analysis.core.model.PropertyStatisticsTest
[INFO] Running io.jenkins.plugins.analysis.core.model.ReportLocationsTest
[INFO] Tests run: 4, Failures: 0, Errors: 0, Skipped: 0, Time elapsed: 0.134 s - in io.jenkins.plugins.analysis.core.model.ReportLocationsTest
[INFO] Running io.jenkins.plugins.analysis.core.model.ReportXmlStreamTest
[INFO] Tests run: 3, Failures: 0, Errors: 0, Skipped: 0, Time elapsed: 1.373 s - in io.jenkins.plugins.analysis.core.model.ReportXmlStreamTest
[INFO] Running io.jenkins.plugins.analysis.core.model.ResetQualityGateCommandTest
OpenJDK 64-Bit Server VM warning: Sharing is only supported for boot loader classes because bootstrap classpath has been appended
[INFO] Tests run: 7, Failures: 0, Errors: 0, Skipped: 0, Time elapsed: 2.703 s - in io.jenkins.plugins.analysis.core.model.ResetQualityGateCommandTest
[INFO] Running io.jenkins.plugins.analysis.core.model.ResultActionTest
OpenJDK 64-Bit Server VM warning: Sharing is only supported for boot loader classes because bootstrap classpath has been appended
[INFO] Tests run: 1, Failures: 0, Errors: 0, Skipped: 0, Time elapsed: 2.379 s - in io.jenkins.plugins.analysis.core.model.ResultActionTest
[INFO] Running io.jenkins.plugins.analysis.core.model.SourcePrinterTest
OpenJDK 64-Bit Server VM warning: Sharing is only supported for boot loader classes because bootstrap classpath has been appended
[INFO] Running io.jenkins.plugins.analysis.core.model.SourcePrinterTest$ColumnMarkerTest
[INFO] Tests run: 23, Failures: 0, Errors: 0, Skipped: 0, Time elapsed: 0.028 s - in io.jenkins.plugins.analysis.core.model.SourcePrinterTest$ColumnMarkerTest
[INFO] Tests run: 0, Failures: 0, Errors: 0, Skipped: 0, Time elapsed: 1.63 s - in io.jenkins.plugins.analysis.core.model.SourcePrinterTest
[INFO] Running io.jenkins.plugins.analysis.core.model.SourcePrinterTest
[INFO] Running io.jenkins.plugins.analysis.core.model.SourcePrinterTest$ColumnMarkerTest
[INFO] Tests run: 14, Failures: 0, Errors: 0, Skipped: 0, Time elapsed: 0.14 s - in io.jenkins.plugins.analysis.core.model.SourcePrinterTest$ColumnMarkerTest
[INFO] Tests run: 0, Failures: 0, Errors: 0, Skipped: 0, Time elapsed: 0.152 s - in io.jenkins.plugins.analysis.core.model.SourcePrinterTest
[INFO] Running io.jenkins.plugins.analysis.core.model.StaticAnalysisLabelProviderTest
[INFO] Running io.jenkins.plugins.analysis.core.model.StaticAnalysisLabelProviderTest$CompositeLocalizableTest
[INFO] Tests run: 6, Failures: 0, Errors: 0, Skipped: 0, Time elapsed: 0.003 s - in io.jenkins.plugins.analysis.core.model.StaticAnalysisLabelProviderTest$CompositeLocalizableTest
[INFO] Running io.jenkins.plugins.analysis.core.model.StaticAnalysisLabelProviderTest$AgeBuilderTest
[INFO] Tests run: 3, Failures: 0, Errors: 0, Skipped: 0, Time elapsed: 0.022 s - in io.jenkins.plugins.analysis.core.model.StaticAnalysisLabelProviderTest$AgeBuilderTest
[INFO] Tests run: 0, Failures: 0, Errors: 0, Skipped: 0, Time elapsed: 0.193 s - in io.jenkins.plugins.analysis.core.model.StaticAnalysisLabelProviderTest
[INFO] Running io.jenkins.plugins.analysis.core.model.StaticAnalysisLabelProviderTest
[INFO] Running io.jenkins.plugins.analysis.core.model.StaticAnalysisLabelProviderTest$AgeBuilderTest
[INFO] Tests run: 3, Failures: 0, Errors: 0, Skipped: 0, Time elapsed: 0.154 s - in io.jenkins.plugins.analysis.core.model.StaticAnalysisLabelProviderTest$AgeBuilderTest
[INFO] Tests run: 0, Failures: 0, Errors: 0, Skipped: 0, Time elapsed: 0.17 s - in io.jenkins.plugins.analysis.core.model.StaticAnalysisLabelProviderTest
[INFO] Running io.jenkins.plugins.analysis.core.model.StaticAnalysisLabelProviderTest
[INFO] Running io.jenkins.plugins.analysis.core.model.StaticAnalysisLabelProviderTest$CompositeLocalizableTest
[INFO] Tests run: 1, Failures: 0, Errors: 0, Skipped: 0, Time elapsed: 0.15 s - in io.jenkins.plugins.analysis.core.model.StaticAnalysisLabelProviderTest$CompositeLocalizableTest
[INFO] Tests run: 0, Failures: 0, Errors: 0, Skipped: 0, Time elapsed: 0.171 s - in io.jenkins.plugins.analysis.core.model.StaticAnalysisLabelProviderTest
[INFO] Running io.jenkins.plugins.analysis.core.model.SummaryModelTest
OpenJDK 64-Bit Server VM warning: Sharing is only supported for boot loader classes because bootstrap classpath has been appended
[INFO] Tests run: 9, Failures: 0, Errors: 0, Skipped: 0, Time elapsed: 2.86 s - in io.jenkins.plugins.analysis.core.model.SummaryModelTest
[INFO] Running io.jenkins.plugins.analysis.core.model.TabLabelProviderTest
OpenJDK 64-Bit Server VM warning: Sharing is only supported for boot loader classes because bootstrap classpath has been appended
[INFO] Tests run: 8, Failures: 0, Errors: 0, Skipped: 0, Time elapsed: 1.484 s - in io.jenkins.plugins.analysis.core.model.TabLabelProviderTest
[INFO] Running io.jenkins.plugins.analysis.core.model.ToolSelectionDescriptorTest
OpenJDK 64-Bit Server VM warning: Sharing is only supported for boot loader classes because bootstrap classpath has been appended
[INFO] Tests run: 5, Failures: 0, Errors: 0, Skipped: 0, Time elapsed: 2.395 s - in io.jenkins.plugins.analysis.core.model.ToolSelectionDescriptorTest
[INFO] Running io.jenkins.plugins.analysis.core.model.WarningsPluginConfigurationTest
OpenJDK 64-Bit Server VM warning: Sharing is only supported for boot loader classes because bootstrap classpath has been appended
[INFO] Tests run: 3, Failures: 0, Errors: 0, Skipped: 0, Time elapsed: 1.504 s - in io.jenkins.plugins.analysis.core.model.WarningsPluginConfigurationTest
[INFO] Running io.jenkins.plugins.analysis.core.portlets.IssuesTablePortletTest
OpenJDK 64-Bit Server VM warning: Sharing is only supported for boot loader classes because bootstrap classpath has been appended
[INFO] Tests run: 11, Failures: 0, Errors: 0, Skipped: 0, Time elapsed: 3.246 s - in io.jenkins.plugins.analysis.core.portlets.IssuesTablePortletTest
[INFO] Running io.jenkins.plugins.analysis.core.steps.AnalysisStepDescriptorTest
[INFO] Tests run: 1, Failures: 0, Errors: 0, Skipped: 0, Time elapsed: 0.186 s - in io.jenkins.plugins.analysis.core.steps.AnalysisStepDescriptorTest
[INFO] Running io.jenkins.plugins.analysis.core.steps.AnnotatedReportTest
[INFO] Tests run: 8, Failures: 0, Errors: 0, Skipped: 0, Time elapsed: 0.2 s - in io.jenkins.plugins.analysis.core.steps.AnnotatedReportTest
[INFO] Running io.jenkins.plugins.analysis.core.steps.IssuesAggregatorTest
OpenJDK 64-Bit Server VM warning: Sharing is only supported for boot loader classes because bootstrap classpath has been appended
[INFO] Tests run: 5, Failures: 0, Errors: 0, Skipped: 0, Time elapsed: 3.971 s - in io.jenkins.plugins.analysis.core.steps.IssuesAggregatorTest
[INFO] Running io.jenkins.plugins.analysis.core.steps.MatrixBridgeTest
OpenJDK 64-Bit Server VM warning: Sharing is only supported for boot loader classes because bootstrap classpath has been appended
[INFO] Tests run: 3, Failures: 0, Errors: 0, Skipped: 0, Time elapsed: 3.408 s - in io.jenkins.plugins.analysis.core.steps.MatrixBridgeTest
[INFO] Running io.jenkins.plugins.analysis.core.tokens.IssuesSizeTokenMacroTest
OpenJDK 64-Bit Server VM warning: Sharing is only supported for boot loader classes because bootstrap classpath has been appended
[INFO] Tests run: 5, Failures: 0, Errors: 0, Skipped: 0, Time elapsed: 2.695 s - in io.jenkins.plugins.analysis.core.tokens.IssuesSizeTokenMacroTest
[INFO] Running io.jenkins.plugins.analysis.core.util.AffectedFilesResolverTest
OpenJDK 64-Bit Server VM warning: Sharing is only supported for boot loader classes because bootstrap classpath has been appended
[INFO] Running io.jenkins.plugins.analysis.core.util.AffectedFilesResolverTest$RemoteFacadeTest
[INFO] Tests run: 8, Failures: 0, Errors: 0, Skipped: 0, Time elapsed: 0.009 s - in io.jenkins.plugins.analysis.core.util.AffectedFilesResolverTest$RemoteFacadeTest
[INFO] Tests run: 0, Failures: 0, Errors: 0, Skipped: 0, Time elapsed: 1.581 s - in io.jenkins.plugins.analysis.core.util.AffectedFilesResolverTest
[INFO] Running io.jenkins.plugins.analysis.core.util.AffectedFilesResolverTest
[INFO] Running io.jenkins.plugins.analysis.core.util.AffectedFilesResolverTest$RemoteFacadeTest
[INFO] Tests run: 1, Failures: 0, Errors: 0, Skipped: 0, Time elapsed: 0.132 s - in io.jenkins.plugins.analysis.core.util.AffectedFilesResolverTest$RemoteFacadeTest
[INFO] Tests run: 0, Failures: 0, Errors: 0, Skipped: 0, Time elapsed: 0.15 s - in io.jenkins.plugins.analysis.core.util.AffectedFilesResolverTest
[INFO] Running io.jenkins.plugins.analysis.core.util.BlameTest
OpenJDK 64-Bit Server VM warning: Sharing is only supported for boot loader classes because bootstrap classpath has been appended
[INFO] Tests run: 2, Failures: 0, Errors: 0, Skipped: 0, Time elapsed: 1.474 s - in io.jenkins.plugins.analysis.core.util.BlameTest
[INFO] Running io.jenkins.plugins.analysis.core.util.BuildResultNavigatorTest
OpenJDK 64-Bit Server VM warning: Sharing is only supported for boot loader classes because bootstrap classpath has been appended
[INFO] Tests run: 4, Failures: 0, Errors: 0, Skipped: 0, Time elapsed: 2.681 s - in io.jenkins.plugins.analysis.core.util.BuildResultNavigatorTest
[INFO] Running io.jenkins.plugins.analysis.core.util.IssuesStatisticsTest
[INFO] Tests run: 3, Failures: 0, Errors: 0, Skipped: 0, Time elapsed: 0.372 s - in io.jenkins.plugins.analysis.core.util.IssuesStatisticsTest
[INFO] Running io.jenkins.plugins.analysis.core.util.LocalizedSeverityTest
OpenJDK 64-Bit Server VM warning: Sharing is only supported for boot loader classes because bootstrap classpath has been appended
[INFO] Tests run: 2, Failures: 0, Errors: 0, Skipped: 0, Time elapsed: 1.372 s - in io.jenkins.plugins.analysis.core.util.LocalizedSeverityTest
[INFO] Running io.jenkins.plugins.analysis.core.util.LogHandlerTest
OpenJDK 64-Bit Server VM warning: Sharing is only supported for boot loader classes because bootstrap classpath has been appended
[INFO] Tests run: 2, Failures: 0, Errors: 0, Skipped: 0, Time elapsed: 1.44 s - in io.jenkins.plugins.analysis.core.util.LogHandlerTest
[INFO] Running io.jenkins.plugins.analysis.core.util.ModelValidationTest
OpenJDK 64-Bit Server VM warning: Sharing is only supported for boot loader classes because bootstrap classpath has been appended
[INFO] Tests run: 31, Failures: 0, Errors: 0, Skipped: 0, Time elapsed: 2.352 s - in io.jenkins.plugins.analysis.core.util.ModelValidationTest
[INFO] Running io.jenkins.plugins.analysis.core.util.QualityGateEvaluatorTest
[INFO] Tests run: 6, Failures: 0, Errors: 0, Skipped: 0, Time elapsed: 0.231 s - in io.jenkins.plugins.analysis.core.util.QualityGateEvaluatorTest
[INFO] Running io.jenkins.plugins.analysis.core.util.QualityGateStatusTest
[INFO] Tests run: 2, Failures: 0, Errors: 0, Skipped: 0, Time elapsed: 0.198 s - in io.jenkins.plugins.analysis.core.util.QualityGateStatusTest
[INFO] Running io.jenkins.plugins.analysis.core.util.QualityGateTest
OpenJDK 64-Bit Server VM warning: Sharing is only supported for boot loader classes because bootstrap classpath has been appended
[INFO] Tests run: 2, Failures: 0, Errors: 0, Skipped: 0, Time elapsed: 1.805 s - in io.jenkins.plugins.analysis.core.util.QualityGateTest
[INFO] Running io.jenkins.plugins.analysis.core.util.SanitizerTest
[INFO] Tests run: 1, Failures: 0, Errors: 0, Skipped: 0, Time elapsed: 0.188 s - in io.jenkins.plugins.analysis.core.util.SanitizerTest
[INFO] Running io.jenkins.plugins.analysis.core.util.StageResultHandlerTest
OpenJDK 64-Bit Server VM warning: Sharing is only supported for boot loader classes because bootstrap classpath has been appended
[INFO] Tests run: 2, Failures: 0, Errors: 0, Skipped: 0, Time elapsed: 2.125 s - in io.jenkins.plugins.analysis.core.util.StageResultHandlerTest
[INFO] Running io.jenkins.plugins.analysis.warnings.DryTableModelTest
OpenJDK 64-Bit Server VM warning: Sharing is only supported for boot loader classes because bootstrap classpath has been appended
[INFO] Tests run: 1, Failures: 0, Errors: 0, Skipped: 0, Time elapsed: 2.718 s - in io.jenkins.plugins.analysis.warnings.DryTableModelTest
[INFO] Running io.jenkins.plugins.analysis.warnings.DryThresholdValidationTest
[INFO] Tests run: 8, Failures: 0, Errors: 0, Skipped: 0, Time elapsed: 0.221 s - in io.jenkins.plugins.analysis.warnings.DryThresholdValidationTest
[INFO] Running io.jenkins.plugins.analysis.warnings.PackageArchitectureTest
[INFO] Tests run: 1, Failures: 0, Errors: 0, Skipped: 0, Time elapsed: 2.989 s - in io.jenkins.plugins.analysis.warnings.PackageArchitectureTest
[INFO] Running io.jenkins.plugins.analysis.warnings.PluginArchitectureTest
[INFO] Tests run: 14, Failures: 0, Errors: 0, Skipped: 0, Time elapsed: 4.708 s - in io.jenkins.plugins.analysis.warnings.PluginArchitectureTest
[INFO] Running io.jenkins.plugins.analysis.warnings.RegisteredParserTest
OpenJDK 64-Bit Server VM warning: Sharing is only supported for boot loader classes because bootstrap classpath has been appended
[INFO] Running io.jenkins.plugins.analysis.warnings.RegisteredParserTest$DescriptorTest
[INFO] Tests run: 3, Failures: 0, Errors: 0, Skipped: 0, Time elapsed: 0.855 s - in io.jenkins.plugins.analysis.warnings.RegisteredParserTest$DescriptorTest
[INFO] Tests run: 0, Failures: 0, Errors: 0, Skipped: 0, Time elapsed: 2.596 s - in io.jenkins.plugins.analysis.warnings.RegisteredParserTest
[INFO] Running io.jenkins.plugins.analysis.warnings.RegisteredParserTest
[INFO] Running io.jenkins.plugins.analysis.warnings.RegisteredParserTest$DescriptorTest
OpenJDK 64-Bit Server VM warning: Sharing is only supported for boot loader classes because bootstrap classpath has been appended
[INFO] Tests run: 1, Failures: 0, Errors: 0, Skipped: 0, Time elapsed: 2.466 s - in io.jenkins.plugins.analysis.warnings.RegisteredParserTest$DescriptorTest
[INFO] Tests run: 0, Failures: 0, Errors: 0, Skipped: 0, Time elapsed: 2.484 s - in io.jenkins.plugins.analysis.warnings.RegisteredParserTest
[INFO] Running io.jenkins.plugins.analysis.warnings.RevApiModelTest
OpenJDK 64-Bit Server VM warning: Sharing is only supported for boot loader classes because bootstrap classpath has been appended
[INFO] Tests run: 1, Failures: 0, Errors: 0, Skipped: 0, Time elapsed: 2.717 s - in io.jenkins.plugins.analysis.warnings.RevApiModelTest
[INFO] Running io.jenkins.plugins.analysis.warnings.axivion.AxivionParserTest
[INFO] Tests run: 9, Failures: 0, Errors: 0, Skipped: 0, Time elapsed: 0.22 s - in io.jenkins.plugins.analysis.warnings.axivion.AxivionParserTest
[INFO] Running io.jenkins.plugins.analysis.warnings.axivion.AxivionSuiteSerializationTest
[INFO] Tests run: 1, Failures: 0, Errors: 0, Skipped: 0, Time elapsed: 0.246 s - in io.jenkins.plugins.analysis.warnings.axivion.AxivionSuiteSerializationTest
[INFO] Running io.jenkins.plugins.analysis.warnings.axivion.AxivionSuiteTest
[INFO] Tests run: 1, Failures: 0, Errors: 0, Skipped: 0, Time elapsed: 0.114 s - in io.jenkins.plugins.analysis.warnings.axivion.AxivionSuiteTest
[INFO] Running io.jenkins.plugins.analysis.warnings.groovy.DynamicDocumentParserTest
WARNING: An illegal reflective access operation has occurred
WARNING: Illegal reflective access by org.codehaus.groovy.vmplugin.v7.Java7$1 (file:/home/gabsko/.m2/repository/org/codehaus/groovy/groovy-all/2.4.21/groovy-all-2.4.21.jar) to constructor java.lang.invoke.MethodHandles$Lookup(java.lang.Class,int)
WARNING: Please consider reporting this to the maintainers of org.codehaus.groovy.vmplugin.v7.Java7$1
WARNING: Use --illegal-access=warn to enable warnings of further illegal reflective access operations
WARNING: All illegal access operations will be denied in a future release
[INFO] Tests run: 3, Failures: 0, Errors: 0, Skipped: 0, Time elapsed: 1.236 s - in io.jenkins.plugins.analysis.warnings.groovy.DynamicDocumentParserTest
[INFO] Running io.jenkins.plugins.analysis.warnings.groovy.DynamicLineParserTest
WARNING: An illegal reflective access operation has occurred
WARNING: Illegal reflective access by org.codehaus.groovy.vmplugin.v7.Java7$1 (file:/home/gabsko/.m2/repository/org/codehaus/groovy/groovy-all/2.4.21/groovy-all-2.4.21.jar) to constructor java.lang.invoke.MethodHandles$Lookup(java.lang.Class,int)
WARNING: Please consider reporting this to the maintainers of org.codehaus.groovy.vmplugin.v7.Java7$1
WARNING: Use --illegal-access=warn to enable warnings of further illegal reflective access operations
WARNING: All illegal access operations will be denied in a future release
[INFO] Tests run: 4, Failures: 0, Errors: 0, Skipped: 0, Time elapsed: 1.326 s - in io.jenkins.plugins.analysis.warnings.groovy.DynamicLineParserTest
[INFO] Running io.jenkins.plugins.analysis.warnings.groovy.GroovyExpressionMatcherTest
WARNING: An illegal reflective access operation has occurred
WARNING: Illegal reflective access by org.codehaus.groovy.vmplugin.v7.Java7$1 (file:/home/gabsko/.m2/repository/org/codehaus/groovy/groovy-all/2.4.21/groovy-all-2.4.21.jar) to constructor java.lang.invoke.MethodHandles$Lookup(java.lang.Class,int)
WARNING: Please consider reporting this to the maintainers of org.codehaus.groovy.vmplugin.v7.Java7$1
WARNING: Use --illegal-access=warn to enable warnings of further illegal reflective access operations
WARNING: All illegal access operations will be denied in a future release
[INFO] Tests run: 6, Failures: 0, Errors: 0, Skipped: 0, Time elapsed: 0.573 s - in io.jenkins.plugins.analysis.warnings.groovy.GroovyExpressionMatcherTest
[INFO] Running io.jenkins.plugins.analysis.warnings.groovy.GroovyParserTest
OpenJDK 64-Bit Server VM warning: Sharing is only supported for boot loader classes because bootstrap classpath has been appended
WARNING: An illegal reflective access operation has occurred
WARNING: Illegal reflective access by org.codehaus.groovy.vmplugin.v7.Java7$1 (file:/home/gabsko/.m2/repository/org/codehaus/groovy/groovy-all/2.4.21/groovy-all-2.4.21.jar) to constructor java.lang.invoke.MethodHandles$Lookup(java.lang.Class,int)
WARNING: Please consider reporting this to the maintainers of org.codehaus.groovy.vmplugin.v7.Java7$1
WARNING: Use --illegal-access=warn to enable warnings of further illegal reflective access operations
WARNING: All illegal access operations will be denied in a future release
[INFO] Tests run: 16, Failures: 0, Errors: 0, Skipped: 0, Time elapsed: 3.391 s - in io.jenkins.plugins.analysis.warnings.groovy.GroovyParserTest
[INFO] Running io.jenkins.plugins.analysis.warnings.groovy.ParserConfigurationTest
OpenJDK 64-Bit Server VM warning: Sharing is only supported for boot loader classes because bootstrap classpath has been appended
[INFO] Tests run: 5, Failures: 0, Errors: 0, Skipped: 0, Time elapsed: 1.542 s - in io.jenkins.plugins.analysis.warnings.groovy.ParserConfigurationTest
[INFO] Running io.jenkins.plugins.analysis.warnings.tasks.AgentScannerTest
[INFO] Tests run: 2, Failures: 0, Errors: 0, Skipped: 0, Time elapsed: 0.236 s - in io.jenkins.plugins.analysis.warnings.tasks.AgentScannerTest
[INFO] Running io.jenkins.plugins.analysis.warnings.tasks.TaskScannerTest
[INFO] Tests run: 19, Failures: 0, Errors: 0, Skipped: 0, Time elapsed: 0.181 s - in io.jenkins.plugins.analysis.warnings.tasks.TaskScannerTest
[INFO] 
[INFO] Results:
[INFO] 
[INFO] Tests run: 478, Failures: 0, Errors: 0, Skipped: 0
[INFO] 
[INFO] 
[INFO] --- animal-sniffer-maven-plugin:1.21:check (check) @ warnings-ng ---
[INFO] Signature checking is skipped.
[INFO] 
[INFO] --------------< io.jenkins.plugins:warnings-ng-ui-tests >---------------
[INFO] Building UI Tests of Warnings Plugin UNVERSIONED                   [2/3]
[INFO] --------------------------------[ jar ]---------------------------------
[INFO] 
[INFO] --- maven-clean-plugin:3.2.0:clean (default-clean) @ warnings-ng-ui-tests ---
[INFO] Deleting /home/gabsko/breaking-updates/ui-tests/target
[INFO] 
[INFO] --- maven-enforcer-plugin:3.1.0:enforce (enforce-require-property-diverges) @ warnings-ng-ui-tests ---
[INFO] 
[INFO] --- maven-enforcer-plugin:3.1.0:enforce (enforce-java) @ warnings-ng-ui-tests ---
[INFO] 
[INFO] --- maven-resources-plugin:3.2.0:resources (default-resources) @ warnings-ng-ui-tests ---
[INFO] Using 'UTF-8' encoding to copy filtered resources.
[INFO] Using 'UTF-8' encoding to copy filtered properties files.
[INFO] skip non existing resourceDirectory /home/gabsko/breaking-updates/ui-tests/src/main/resources
[INFO] 
[INFO] --- maven-resources-plugin:3.2.0:copy-resources (copy-resources) @ warnings-ng-ui-tests ---
[INFO] Using 'UTF-8' encoding to copy filtered resources.
[INFO] Using 'UTF-8' encoding to copy filtered properties files.
[INFO] Copying 0 resource
[INFO] 
[INFO] --- maven-compiler-plugin:3.10.1:compile (default-compile) @ warnings-ng-ui-tests ---
[INFO] Changes detected - recompiling the module!
[INFO] Compiling 29 source files to /home/gabsko/breaking-updates/ui-tests/target/classes
[WARNING] Unable to autodetect 'javac' path, using 'javac' from the environment.
[WARNING] [options] bootstrap class path not set in conjunction with -source 8
[WARNING] /home/gabsko/breaking-updates/ui-tests/src/main/java/io/jenkins/plugins/analysis/warnings/IssuesTableRow.java:[50,23] [Varifier] Consider using `var` here to avoid boilerplate.
    (see https://errorprone.info/bugpattern/Varifier)
  Did you mean 'var that = (IssuesTableRow) o;'?
[WARNING] /home/gabsko/breaking-updates/ui-tests/src/main/java/io/jenkins/plugins/analysis/warnings/AbstractSeverityTableRow.java:[67,33] [Varifier] Consider using `var` here to avoid boilerplate.
    (see https://errorprone.info/bugpattern/Varifier)
  Did you mean 'var that = (AbstractSeverityTableRow) o;'?
[WARNING] /home/gabsko/breaking-updates/ui-tests/src/main/java/io/jenkins/plugins/analysis/warnings/BaseIssuesTableRow.java:[103,27] [Varifier] Consider using `var` here to avoid boilerplate.
    (see https://errorprone.info/bugpattern/Varifier)
  Did you mean 'var that = (BaseIssuesTableRow) o;'?
[WARNING] /home/gabsko/breaking-updates/ui-tests/src/main/java/io/jenkins/plugins/analysis/warnings/SourceView.java:[60,22] [Varifier] Consider using `var` here to avoid boilerplate.
    (see https://errorprone.info/bugpattern/Varifier)
  Did you mean 'var sourceCode = new StringBuilder();'?
[WARNING] /home/gabsko/breaking-updates/ui-tests/src/main/java/io/jenkins/plugins/analysis/warnings/DryTableRow.java:[80,20] [Varifier] Consider using `var` here to avoid boilerplate.
    (see https://errorprone.info/bugpattern/Varifier)
  Did you mean 'var that = (DryTableRow) o;'?
[WARNING] /home/gabsko/breaking-updates/ui-tests/src/main/java/io/jenkins/plugins/analysis/warnings/BlamesTableRow.java:[69,23] [Varifier] Consider using `var` here to avoid boilerplate.
    (see https://errorprone.info/bugpattern/Varifier)
  Did you mean 'var that = (BlamesTableRow) o;'?
[WARNING] /home/gabsko/breaking-updates/ui-tests/src/main/java/io/jenkins/plugins/analysis/warnings/ForensicsTableRow.java:[87,26] [Varifier] Consider using `var` here to avoid boilerplate.
    (see https://errorprone.info/bugpattern/Varifier)
  Did you mean 'var that = (ForensicsTableRow) o;'?
[WARNING] /home/gabsko/breaking-updates/ui-tests/src/main/java/io/jenkins/plugins/analysis/warnings/IssuesRecorder.java:[87,27] [Varifier] Consider using `var` here to avoid boilerplate.
    (see https://errorprone.info/bugpattern/Varifier)
  Did you mean 'var tool = new StaticAnalysisTool(this, "toolProxies");'?
[WARNING] /home/gabsko/breaking-updates/ui-tests/src/main/java/io/jenkins/plugins/analysis/warnings/IssuesRecorder.java:[344,33] [Varifier] Consider using `var` here to avoid boilerplate.
    (see https://errorprone.info/bugpattern/Varifier)
  Did you mean 'var panel = new SourceCodeDirectoryPanel(this, path);'?
[WARNING] /home/gabsko/breaking-updates/ui-tests/src/main/java/io/jenkins/plugins/analysis/warnings/IssuesRecorder.java:[515,27] [Varifier] Consider using `var` here to avoid boilerplate.
    (see https://errorprone.info/bugpattern/Varifier)
  Did you mean 'var tool = new StaticAnalysisTool(this, path);'?
[WARNING] /home/gabsko/breaking-updates/ui-tests/src/main/java/io/jenkins/plugins/analysis/warnings/IssuesRecorder.java:[531,27] [Varifier] Consider using `var` here to avoid boilerplate.
    (see https://errorprone.info/bugpattern/Varifier)
  Did you mean 'var tool = new StaticAnalysisTool(this, "toolProxies");'?
[WARNING] /home/gabsko/breaking-updates/ui-tests/src/main/java/io/jenkins/plugins/analysis/warnings/IssuesRecorder.java:[553,25] [Varifier] Consider using `var` here to avoid boilerplate.
    (see https://errorprone.info/bugpattern/Varifier)
  Did you mean 'var qualityGate = new QualityGatePanel(this, path);'?
[WARNING] /home/gabsko/breaking-updates/ui-tests/src/main/java/io/jenkins/plugins/analysis/warnings/IssuesRecorder.java:[573,25] [Varifier] Consider using `var` here to avoid boilerplate.
    (see https://errorprone.info/bugpattern/Varifier)
  Did you mean 'var filter = new IssueFilterPanel(this, path);'?
[WARNING] /home/gabsko/breaking-updates/ui-tests/src/main/java/io/jenkins/plugins/analysis/warnings/IssuesColumn.java:[137,16] [Varifier] Consider using `var` here to avoid boilerplate.
    (see https://errorprone.info/bugpattern/Varifier)
  Did you mean 'var action = new Actions(driver);'?
[INFO] 
[INFO] --- maven-help-plugin:3.3.0:active-profiles (show-profiles) @ warnings-ng-ui-tests ---
[INFO] 
Active Profiles for Project 'io.jenkins.plugins:warnings-ng:hpi:9.20.0-SNAPSHOT':

The following profiles are active:

 - jdk-9-and-above (source: org.jenkins-ci.plugins:plugin:4.46)
 - all-tests (source: org.jenkins-ci.plugins:plugin:4.46)



Active Profiles for Project 'io.jenkins.plugins:warnings-ng-ui-tests:jar:UNVERSIONED':

The following profiles are active:




Active Profiles for Project 'io.jenkins.plugins:warnings-ng-parent:pom:UNVERSIONED':

The following profiles are active:




[INFO] 
[INFO] --- assertj-assertions-generator-maven-plugin:2.2.0:generate-assertions (default) @ warnings-ng-ui-tests ---
[INFO] 
[INFO] --- maven-resources-plugin:3.2.0:testResources (default-testResources) @ warnings-ng-ui-tests ---
[INFO] Using 'UTF-8' encoding to copy filtered resources.
[INFO] Using 'UTF-8' encoding to copy filtered properties files.
[INFO] Copying 47 resources
[INFO] 
[INFO] --- maven-compiler-plugin:3.10.1:testCompile (default-testCompile) @ warnings-ng-ui-tests ---
[INFO] Changes detected - recompiling the module!
[INFO] Compiling 42 source files to /home/gabsko/breaking-updates/ui-tests/target/test-classes
[WARNING] Unable to autodetect 'javac' path, using 'javac' from the environment.
[WARNING] [options] bootstrap class path not set in conjunction with -source 8
[WARNING] /home/gabsko/breaking-updates/ui-tests/src/test/java/io/jenkins/plugins/analysis/warnings/SnippetGeneratorUiTest.java:[161,25] [Varifier] Consider using `var` here to avoid boilerplate.
    (see https://errorprone.info/bugpattern/Varifier)
  Did you mean 'var snippetGenerator = new SnippetGenerator(job);'?
[WARNING] /home/gabsko/breaking-updates/ui-tests/src/test/java/io/jenkins/plugins/analysis/warnings/UiTest.java:[136,24] [Varifier] Consider using `var` here to avoid boilerplate.
    (see https://errorprone.info/bugpattern/Varifier)
  Did you mean 'var cpd = new AnalysisSummary(build, CPD_ID);'?
[WARNING] /home/gabsko/breaking-updates/ui-tests/src/test/java/io/jenkins/plugins/analysis/warnings/UiTest.java:[198,24] [Varifier] Consider using `var` here to avoid boilerplate.
    (see https://errorprone.info/bugpattern/Varifier)
  Did you mean 'var findbugs = new AnalysisSummary(build, FINDBUGS_ID);'?
[WARNING] /home/gabsko/breaking-updates/ui-tests/src/test/java/io/jenkins/plugins/analysis/warnings/UiTest.java:[217,24] [Varifier] Consider using `var` here to avoid boilerplate.
    (see https://errorprone.info/bugpattern/Varifier)
  Did you mean 'var pmd = new AnalysisSummary(build, PMD_ID);'?
[WARNING] /home/gabsko/breaking-updates/ui-tests/src/test/java/io/jenkins/plugins/analysis/warnings/UiTest.java:[241,24] [Varifier] Consider using `var` here to avoid boilerplate.
    (see https://errorprone.info/bugpattern/Varifier)
  Did you mean 'var checkstyle = new AnalysisSummary(build, CHECKSTYLE_ID);'?
[WARNING] /home/gabsko/breaking-updates/ui-tests/src/test/java/io/jenkins/plugins/analysis/warnings/UiTest.java:[339,24] [Varifier] Consider using `var` here to avoid boilerplate.
    (see https://errorprone.info/bugpattern/Varifier)
  Did you mean 'var pep8 = new AnalysisSummary(build, PEP8_ID);'?
[WARNING] /home/gabsko/breaking-updates/ui-tests/src/test/java/io/jenkins/plugins/analysis/warnings/UiTest.java:[432,31] [Varifier] Consider using `var` here to avoid boilerplate.
    (see https://errorprone.info/bugpattern/Varifier)
  Did you mean 'var settings = new GlobalWarningsSettings(jenkins);'?
[WARNING] /home/gabsko/breaking-updates/ui-tests/src/test/java/io/jenkins/plugins/analysis/warnings/TrendChartsUiTest.java:[36,23] [Varifier] Consider using `var` here to avoid boilerplate.
    (see https://errorprone.info/bugpattern/Varifier)
  Did you mean 'var analysisResultPage = new AnalysisResult(build, "java");'?
[WARNING] /home/gabsko/breaking-updates/ui-tests/src/test/java/io/jenkins/plugins/analysis/warnings/TrendChartsUiTest.java:[52,23] [Varifier] Consider using `var` here to avoid boilerplate.
    (see https://errorprone.info/bugpattern/Varifier)
  Did you mean 'var analysisResultPage = new AnalysisResult(build, "java");'?
[WARNING] /home/gabsko/breaking-updates/ui-tests/src/test/java/io/jenkins/plugins/analysis/warnings/IssuesColumnUiTest.java:[40,21] [Varifier] Consider using `var` here to avoid boilerplate.
    (see https://errorprone.info/bugpattern/Varifier)
  Did you mean 'var column = new IssuesColumn(jenkins, DEFAULT_ISSUES_COLUMN_NAME);'?
[WARNING] /home/gabsko/breaking-updates/ui-tests/src/test/java/io/jenkins/plugins/analysis/warnings/IssuesColumnUiTest.java:[56,21] [Varifier] Consider using `var` here to avoid boilerplate.
    (see https://errorprone.info/bugpattern/Varifier)
  Did you mean 'var checkstyleColumn = new IssuesColumn(build, CUSTOM_ISSUES_COLUMN_NAME);'?
[WARNING] /home/gabsko/breaking-updates/ui-tests/src/test/java/io/jenkins/plugins/analysis/warnings/IssuesColumnUiTest.java:[66,21] [Varifier] Consider using `var` here to avoid boilerplate.
    (see https://errorprone.info/bugpattern/Varifier)
  Did you mean 'var highColumn = new IssuesColumn(build, CUSTOM_ISSUES_COLUMN_NAME);'?
[WARNING] /home/gabsko/breaking-updates/ui-tests/src/test/java/io/jenkins/plugins/analysis/warnings/IssuesColumnUiTest.java:[95,21] [Varifier] Consider using `var` here to avoid boilerplate.
    (see https://errorprone.info/bugpattern/Varifier)
  Did you mean 'var column = new IssuesColumn(build, CUSTOM_ISSUES_COLUMN_NAME);'?
[WARNING] /home/gabsko/breaking-updates/ui-tests/src/test/java/io/jenkins/plugins/analysis/warnings/GlobalConfigurationUiTest.java:[63,31] [Varifier] Consider using `var` here to avoid boilerplate.
    (see https://errorprone.info/bugpattern/Varifier)
  Did you mean 'var settings = new GlobalWarningsSettings(jenkins);'?
[WARNING] /home/gabsko/breaking-updates/ui-tests/src/test/java/io/jenkins/plugins/analysis/warnings/GlobalConfigurationUiTest.java:[94,31] [Varifier] Consider using `var` here to avoid boilerplate.
    (see https://errorprone.info/bugpattern/Varifier)
  Did you mean 'var settings = new GlobalWarningsSettings(jenkins);'?
[WARNING] /home/gabsko/breaking-updates/ui-tests/src/test/java/io/jenkins/plugins/analysis/warnings/GlobalConfigurationUiTest.java:[109,24] [Varifier] Consider using `var` here to avoid boilerplate.
    (see https://errorprone.info/bugpattern/Varifier)
  Did you mean 'var gcc = new AnalysisSummary(build, GCC_ID);'?
[WARNING] /home/gabsko/breaking-updates/ui-tests/src/test/java/io/jenkins/plugins/analysis/warnings/WarningsPluginUiTest.java:[114,24] [Varifier] Consider using `var` here to avoid boilerplate.
    (see https://errorprone.info/bugpattern/Varifier)
  Did you mean 'var referenceSummary = new AnalysisSummary(referenceBuild, ANALYSIS_ID);'?
[WARNING] /home/gabsko/breaking-updates/ui-tests/src/test/java/io/jenkins/plugins/analysis/warnings/WarningsPluginUiTest.java:[129,24] [Varifier] Consider using `var` here to avoid boilerplate.
    (see https://errorprone.info/bugpattern/Varifier)
  Did you mean 'var analysisSummary = new AnalysisSummary(build, ANALYSIS_ID);'?
[WARNING] /home/gabsko/breaking-updates/ui-tests/src/test/java/io/jenkins/plugins/analysis/warnings/WarningsPluginUiTest.java:[163,23] [Varifier] Consider using `var` here to avoid boilerplate.
    (see https://errorprone.info/bugpattern/Varifier)
  Did you mean 'var resultPage = new AnalysisResult(build, "checkstyle");'?
[WARNING] /home/gabsko/breaking-updates/ui-tests/src/test/java/io/jenkins/plugins/analysis/warnings/WarningsPluginUiTest.java:[194,24] [Varifier] Consider using `var` here to avoid boilerplate.
    (see https://errorprone.info/bugpattern/Varifier)
  Did you mean 'var summary = new AnalysisSummary(build, MAVEN_ID);'?
[WARNING] /home/gabsko/breaking-updates/ui-tests/src/test/java/io/jenkins/plugins/analysis/warnings/WarningsPluginUiTest.java:[237,24] [Varifier] Consider using `var` here to avoid boilerplate.
    (see https://errorprone.info/bugpattern/Varifier)
  Did you mean 'var summary = new AnalysisSummary(build, "checkstyle");'?
[WARNING] /home/gabsko/breaking-updates/ui-tests/src/test/java/io/jenkins/plugins/analysis/warnings/GitForensicsUiTest.java:[138,28] [Varifier] Consider using `var` here to avoid boilerplate.
    (see https://errorprone.info/bugpattern/Varifier)
  Did you mean 'var blame = new AnalysisSummary(build, JAVA_ID);'?
[WARNING] /home/gabsko/breaking-updates/ui-tests/src/test/java/io/jenkins/plugins/analysis/warnings/GitForensicsUiTest.java:[178,28] [Varifier] Consider using `var` here to avoid boilerplate.
    (see https://errorprone.info/bugpattern/Varifier)
  Did you mean 'var blame = new AnalysisSummary(build, JAVA_ID);'?
[WARNING] /home/gabsko/breaking-updates/ui-tests/src/test/java/io/jenkins/plugins/analysis/warnings/GitForensicsUiTest.java:[210,28] [Varifier] Consider using `var` here to avoid boilerplate.
    (see https://errorprone.info/bugpattern/Varifier)
  Did you mean 'var blame = new AnalysisSummary(build, JAVA_ID);'?
[WARNING] /home/gabsko/breaking-updates/ui-tests/src/test/java/io/jenkins/plugins/analysis/warnings/GitForensicsUiTest.java:[231,28] [Varifier] Consider using `var` here to avoid boilerplate.
    (see https://errorprone.info/bugpattern/Varifier)
  Did you mean 'var summary = new AnalysisSummary(build, JAVA_ID);'?
[WARNING] /home/gabsko/breaking-updates/ui-tests/src/test/java/io/jenkins/plugins/analysis/warnings/GitForensicsUiTest.java:[272,28] [Varifier] Consider using `var` here to avoid boilerplate.
    (see https://errorprone.info/bugpattern/Varifier)
  Did you mean 'var summary = new AnalysisSummary(build, JAVA_ID);'?
[WARNING] /home/gabsko/breaking-updates/ui-tests/src/test/java/io/jenkins/plugins/analysis/warnings/GitForensicsUiTest.java:[304,28] [Varifier] Consider using `var` here to avoid boilerplate.
    (see https://errorprone.info/bugpattern/Varifier)
  Did you mean 'var summary = new AnalysisSummary(build, JAVA_ID);'?
[WARNING] /home/gabsko/breaking-updates/ui-tests/src/test/java/io/jenkins/plugins/analysis/warnings/GitForensicsUiTest.java:[344,28] [Varifier] Consider using `var` here to avoid boilerplate.
    (see https://errorprone.info/bugpattern/Varifier)
  Did you mean 'var summary = new AnalysisSummary(build, JAVA_ID);'?
[WARNING] /home/gabsko/breaking-updates/ui-tests/src/test/java/io/jenkins/plugins/analysis/warnings/GitForensicsUiTest.java:[356,16] [Varifier] Consider using `var` here to avoid boilerplate.
    (see https://errorprone.info/bugpattern/Varifier)
  Did you mean 'var gitRepo = new GitRepo();'?
[WARNING] /home/gabsko/breaking-updates/ui-tests/src/test/java/io/jenkins/plugins/analysis/warnings/SmokeTests.java:[87,23] [Varifier] Consider using `var` here to avoid boilerplate.
    (see https://errorprone.info/bugpattern/Varifier)
  Did you mean 'var dashboardTable = new DashboardTable(build, dashboardView.url);'?
[WARNING] /home/gabsko/breaking-updates/ui-tests/src/test/java/io/jenkins/plugins/analysis/warnings/SmokeTests.java:[127,23] [Varifier] Consider using `var` here to avoid boilerplate.
    (see https://errorprone.info/bugpattern/Varifier)
  Did you mean 'var dashboardTable = new DashboardTable(build, dashboardView.url);'?
[WARNING] /home/gabsko/breaking-updates/ui-tests/src/test/java/io/jenkins/plugins/analysis/warnings/SmokeTests.java:[133,21] [Varifier] Consider using `var` here to avoid boilerplate.
    (see https://errorprone.info/bugpattern/Varifier)
  Did you mean 'var column = new IssuesColumn(build, DEFAULT_ISSUES_COLUMN_NAME);'?
[WARNING] /home/gabsko/breaking-updates/ui-tests/src/test/java/io/jenkins/plugins/analysis/warnings/SmokeTests.java:[174,23] [Varifier] Consider using `var` here to avoid boilerplate.
    (see https://errorprone.info/bugpattern/Varifier)
  Did you mean 'var resultPage = new AnalysisResult(build, "checkstyle");'?
[WARNING] /home/gabsko/breaking-updates/ui-tests/src/test/java/io/jenkins/plugins/analysis/warnings/SmokeTests.java:[189,22] [Varifier] Consider using `var` here to avoid boilerplate.
    (see https://errorprone.info/bugpattern/Varifier)
  Did you mean 'var resourceCopySteps = new StringBuilder();'?
[WARNING] /home/gabsko/breaking-updates/ui-tests/src/test/java/io/jenkins/plugins/analysis/warnings/DetailsTabUiTest.java:[47,23] [Varifier] Consider using `var` here to avoid boilerplate.
    (see https://errorprone.info/bugpattern/Varifier)
  Did you mean 'var resultPage = new AnalysisResult(build, "java");'?
[WARNING] /home/gabsko/breaking-updates/ui-tests/src/test/java/io/jenkins/plugins/analysis/warnings/DetailsTabUiTest.java:[70,23] [Varifier] Consider using `var` here to avoid boilerplate.
    (see https://errorprone.info/bugpattern/Varifier)
  Did you mean 'var resultPage = new AnalysisResult(build, "java");'?
[WARNING] /home/gabsko/breaking-updates/ui-tests/src/test/java/io/jenkins/plugins/analysis/warnings/DetailsTabUiTest.java:[98,23] [Varifier] Consider using `var` here to avoid boilerplate.
    (see https://errorprone.info/bugpattern/Varifier)
  Did you mean 'var resultPage = new AnalysisResult(build, "checkstyle");'?
[WARNING] /home/gabsko/breaking-updates/ui-tests/src/test/java/io/jenkins/plugins/analysis/warnings/DetailsTabUiTest.java:[124,23] [Varifier] Consider using `var` here to avoid boilerplate.
    (see https://errorprone.info/bugpattern/Varifier)
  Did you mean 'var resultPage = new AnalysisResult(build, "checkstyle");'?
[WARNING] /home/gabsko/breaking-updates/ui-tests/src/test/java/io/jenkins/plugins/analysis/warnings/DetailsTabUiTest.java:[177,24] [Varifier] Consider using `var` here to avoid boilerplate.
    (see https://errorprone.info/bugpattern/Varifier)
  Did you mean 'var cpd = new AnalysisSummary(build, "cpd");'?
[WARNING] /home/gabsko/breaking-updates/ui-tests/src/test/java/io/jenkins/plugins/analysis/warnings/DetailsTabUiTest.java:[199,24] [Varifier] Consider using `var` here to avoid boilerplate.
    (see https://errorprone.info/bugpattern/Varifier)
  Did you mean 'var resultPage = new AnalysisSummary(build, "findbugs");'?
[WARNING] /home/gabsko/breaking-updates/ui-tests/src/test/java/io/jenkins/plugins/analysis/warnings/DetailsTabUiTest.java:[240,24] [Varifier] Consider using `var` here to avoid boilerplate.
    (see https://errorprone.info/bugpattern/Varifier)
  Did you mean 'var resultPage = new AnalysisSummary(build, "findbugs");'?
[WARNING] /home/gabsko/breaking-updates/ui-tests/src/test/java/io/jenkins/plugins/analysis/warnings/DetailsTabUiTest.java:[273,24] [Varifier] Consider using `var` here to avoid boilerplate.
    (see https://errorprone.info/bugpattern/Varifier)
  Did you mean 'var resultPage = new AnalysisSummary(build, "findbugs");'?
[WARNING] /home/gabsko/breaking-updates/ui-tests/src/test/java/io/jenkins/plugins/analysis/warnings/DetailsTabUiTest.java:[319,22] [Varifier] Consider using `var` here to avoid boilerplate.
    (see https://errorprone.info/bugpattern/Varifier)
  Did you mean 'var wait = new WebDriverWait(driver, 2, 100);'?
[WARNING] /home/gabsko/breaking-updates/ui-tests/src/test/java/io/jenkins/plugins/analysis/warnings/DashboardViewPortletUiTest.java:[37,23] [Varifier] Consider using `var` here to avoid boilerplate.
    (see https://errorprone.info/bugpattern/Varifier)
  Did you mean 'var dashboardTable = new DashboardTable(build, dashboardView.url);'?
[WARNING] /home/gabsko/breaking-updates/ui-tests/src/test/java/io/jenkins/plugins/analysis/warnings/DashboardViewPortletUiTest.java:[59,23] [Varifier] Consider using `var` here to avoid boilerplate.
    (see https://errorprone.info/bugpattern/Varifier)
  Did you mean 'var dashboardTable = new DashboardTable(build, dashboardView.url);'?
[WARNING] /home/gabsko/breaking-updates/ui-tests/src/test/java/io/jenkins/plugins/analysis/warnings/DashboardViewPortletUiTest.java:[80,23] [Varifier] Consider using `var` here to avoid boilerplate.
    (see https://errorprone.info/bugpattern/Varifier)
  Did you mean 'var dashboardTable = new DashboardTable(build, dashboardView.url);'?
[WARNING] /home/gabsko/breaking-updates/ui-tests/src/test/java/io/jenkins/plugins/analysis/warnings/DashboardViewPortletUiTest.java:[102,23] [Varifier] Consider using `var` here to avoid boilerplate.
    (see https://errorprone.info/bugpattern/Varifier)
  Did you mean 'var dashboardTable = new DashboardTable(build, dashboardView.url);'?
[WARNING] /home/gabsko/breaking-updates/ui-tests/src/test/java/io/jenkins/plugins/analysis/warnings/DashboardViewPortletUiTest.java:[132,23] [Varifier] Consider using `var` here to avoid boilerplate.
    (see https://errorprone.info/bugpattern/Varifier)
  Did you mean 'var dashboardTable = new DashboardTable(build, dashboardView.url);'?
[WARNING] /home/gabsko/breaking-updates/ui-tests/src/test/java/io/jenkins/plugins/analysis/warnings/DashboardViewPortletUiTest.java:[164,23] [Varifier] Consider using `var` here to avoid boilerplate.
    (see https://errorprone.info/bugpattern/Varifier)
  Did you mean 'var dashboardTable = new DashboardTable(build, dashboardView.url);'?
[WARNING] /home/gabsko/breaking-updates/ui-tests/src/test/java/io/jenkins/plugins/analysis/warnings/DashboardViewPortletUiTest.java:[192,23] [Varifier] Consider using `var` here to avoid boilerplate.
    (see https://errorprone.info/bugpattern/Varifier)
  Did you mean 'var dashboardTable = new DashboardTable(build, dashboardView.url);'?
[INFO] 
[INFO] --- jacoco-maven-plugin:0.8.8:prepare-agent (default) @ warnings-ng-ui-tests ---
[INFO] Skipping JaCoCo execution because property jacoco.skip is set.
[INFO] 
[INFO] --- maven-surefire-plugin:3.0.0-M7:test (default-test) @ warnings-ng-ui-tests ---
[INFO] Using auto detected provider org.apache.maven.surefire.junitplatform.JUnitPlatformProvider
[INFO] 
[INFO] -------------------------------------------------------
[INFO]  T E S T S
[INFO] -------------------------------------------------------
SLF4J: Class path contains multiple SLF4J bindings.
SLF4J: Found binding in [jar:file:/home/gabsko/.m2/repository/org/slf4j/slf4j-reload4j/1.7.36/slf4j-reload4j-1.7.36.jar!/org/slf4j/impl/StaticLoggerBinder.class]
SLF4J: Found binding in [jar:file:/home/gabsko/.m2/repository/org/slf4j/slf4j-simple/1.7.30/slf4j-simple-1.7.30.jar!/org/slf4j/impl/StaticLoggerBinder.class]
SLF4J: See http://www.slf4j.org/codes.html#multiple_bindings for an explanation.
SLF4J: Actual binding is of type [org.slf4j.impl.Reload4jLoggerFactory]
SLF4J: Class path contains multiple SLF4J bindings.
SLF4J: Found binding in [jar:file:/home/gabsko/.m2/repository/org/slf4j/slf4j-reload4j/1.7.36/slf4j-reload4j-1.7.36.jar!/org/slf4j/impl/StaticLoggerBinder.class]
SLF4J: Found binding in [jar:file:/home/gabsko/.m2/repository/org/slf4j/slf4j-simple/1.7.30/slf4j-simple-1.7.30.jar!/org/slf4j/impl/StaticLoggerBinder.class]
SLF4J: See http://www.slf4j.org/codes.html#multiple_bindings for an explanation.
SLF4J: Actual binding is of type [org.slf4j.impl.Reload4jLoggerFactory]
[INFO] Running io.jenkins.plugins.analysis.warnings.SmokeTests
Jan 30, 2023 2:49:56 PM org.jenkinsci.test.acceptance.FallbackConfig createController
WARNING: No pooled jenkins controller listening on socket /home/gabsko/jenkins.sock
Downloading: https://repo.jenkins-ci.org/public/org/jenkins-ci/main/jenkins-war/2.369/jenkins-war-2.369.war
Downloaded: https://repo.jenkins-ci.org/public/org/jenkins-ci/main/jenkins-war/2.369/jenkins-war-2.369.war (91352 KB at 8128.1 KB/sec)
Jan 30, 2023 2:50:08 PM org.jenkinsci.test.acceptance.controller.LocalController postConstruct
INFO: Running with given plugins: [pipeline-stage-tags-metadata.hpi, workflow-support.hpi, workflow-api.hpi, pipeline-model-api.hpi, snakeyaml-api.hpi, popper-api.hpi, scm-api.hpi, variant.hpi, gradle.hpi, code-coverage-api.hpi, pipeline-model-definition.hpi, workflow-basic-steps.hpi, run-condition.hpi, structs.hpi, javax-activation-api.hpi, pipeline-groovy-lib.hpi, apache-httpcomponents-client-4-api.hpi, durable-task.hpi, jaxb.hpi, bootstrap5-api.hpi, forensics-api.hpi, git.hpi, bootstrap4-api.hpi, pipeline-input-step.hpi, index, font-awesome-api.hpi, script-security.hpi, mailer.hpi, plugin-util-api.hpi, jsch.hpi, pipeline-model-extensions.hpi, maven-plugin.hpi, dashboard-view.hpi, checks-api.hpi, jquery3-api.hpi, antisamy-markup-formatter.hpi, token-macro.hpi, trilead-api.hpi, form-element-path.hpi, workflow-cps.hpi, workflow-scm-step.hpi, workflow-step-api.hpi, workflow-job.hpi, ansicolor.hpi, pipeline-stage-step.hpi, popper2-api.hpi, caffeine-api.hpi, configuration-as-code.hpi, analysis-model-api.hpi, echarts-api.hpi, pitmutation.hpi, prism-api.hpi, plain-credentials.hpi, muuri-api.hpi, branch-api.hpi, pull-request-monitoring.hpi, metrics-aggregation.hpi, ssh-credentials.hpi, data-tables-api.hpi, credentials-binding.hpi, git-client.hpi, jackson2-api.hpi, workflow-multibranch.hpi, ant.hpi, javadoc.hpi, jakarta-activation-api.hpi, select2-api.hpi, ssh-slaves.hpi, workflow-durable-task-step.hpi, cloudbees-folder.hpi, credentials.hpi, ace-editor.hpi, git-forensics.hpi, jakarta-mail-api.hpi, flexible-publish.hpi, jdk-tool.hpi, autograding.hpi, job-dsl.hpi, timestamper.hpi, display-url-api.hpi, junit.hpi, matrix-project.hpi]
2023-01-30 14:50:08,735 [main] INFO   (DefaultHttpProxyServer.java:485) org.littleshoot.proxy.impl.DefaultHttpProxyServer - Starting proxy at address: localhost/127.0.0.1:0
2023-01-30 14:50:08,909 [main] INFO   (DefaultHttpProxyServer.java:514) org.littleshoot.proxy.impl.DefaultHttpProxyServer - Proxy listening with TCP transport
2023-01-30 14:50:09,007 [main] INFO   (DefaultHttpProxyServer.java:540) org.littleshoot.proxy.impl.DefaultHttpProxyServer - Proxy started at address: /127.0.0.1:46209
Jan 30, 2023 2:50:09 PM org.jenkinsci.test.acceptance.utils.IOUtil randomTcpPort
INFO: Port 58338 is in use
Jan 30, 2023 2:50:09 PM org.jenkinsci.test.acceptance.FallbackConfig createContainerWebDriver
INFO: Starting selenium container. Logs in /tmp/ath-docker-browser14115845020474672734log
Jan 30, 2023 2:50:09 PM org.jenkinsci.test.acceptance.guice.Cleaner performCleanUp
INFO: Performing cleanup tasks in order: []
Jan 30, 2023 2:50:09 PM org.jenkinsci.test.acceptance.FallbackConfig createController
WARNING: No pooled jenkins controller listening on socket /home/gabsko/jenkins.sock
Jan 30, 2023 2:50:09 PM org.jenkinsci.test.acceptance.controller.LocalController postConstruct
INFO: Running with given plugins: [pipeline-stage-tags-metadata.hpi, workflow-support.hpi, workflow-api.hpi, pipeline-model-api.hpi, snakeyaml-api.hpi, popper-api.hpi, scm-api.hpi, variant.hpi, gradle.hpi, code-coverage-api.hpi, pipeline-model-definition.hpi, workflow-basic-steps.hpi, run-condition.hpi, structs.hpi, javax-activation-api.hpi, pipeline-groovy-lib.hpi, apache-httpcomponents-client-4-api.hpi, durable-task.hpi, jaxb.hpi, bootstrap5-api.hpi, forensics-api.hpi, git.hpi, bootstrap4-api.hpi, pipeline-input-step.hpi, index, font-awesome-api.hpi, script-security.hpi, mailer.hpi, plugin-util-api.hpi, jsch.hpi, pipeline-model-extensions.hpi, maven-plugin.hpi, dashboard-view.hpi, checks-api.hpi, jquery3-api.hpi, antisamy-markup-formatter.hpi, token-macro.hpi, trilead-api.hpi, form-element-path.hpi, workflow-cps.hpi, workflow-scm-step.hpi, workflow-step-api.hpi, workflow-job.hpi, ansicolor.hpi, pipeline-stage-step.hpi, popper2-api.hpi, caffeine-api.hpi, configuration-as-code.hpi, analysis-model-api.hpi, echarts-api.hpi, pitmutation.hpi, prism-api.hpi, plain-credentials.hpi, muuri-api.hpi, branch-api.hpi, pull-request-monitoring.hpi, metrics-aggregation.hpi, ssh-credentials.hpi, data-tables-api.hpi, credentials-binding.hpi, git-client.hpi, jackson2-api.hpi, workflow-multibranch.hpi, ant.hpi, javadoc.hpi, jakarta-activation-api.hpi, select2-api.hpi, ssh-slaves.hpi, workflow-durable-task-step.hpi, cloudbees-folder.hpi, credentials.hpi, ace-editor.hpi, git-forensics.hpi, jakarta-mail-api.hpi, flexible-publish.hpi, jdk-tool.hpi, autograding.hpi, job-dsl.hpi, timestamper.hpi, display-url-api.hpi, junit.hpi, matrix-project.hpi]
Jan 30, 2023 2:50:09 PM org.jenkinsci.test.acceptance.utils.IOUtil randomTcpPort
INFO: Port 49562 is in use
Jan 30, 2023 2:50:09 PM org.jenkinsci.test.acceptance.FallbackConfig createContainerWebDriver
INFO: Starting selenium container. Logs in /tmp/ath-docker-browser14957858701642030985log
Jan 30, 2023 2:50:09 PM org.jenkinsci.test.acceptance.guice.Cleaner performCleanUp
INFO: Performing cleanup tasks in order: []
[ERROR] Tests run: 2, Failures: 0, Errors: 2, Skipped: 0, Time elapsed: 12.99 s <<< FAILURE! - in io.jenkins.plugins.analysis.warnings.SmokeTests
[ERROR] io.jenkins.plugins.analysis.warnings.SmokeTests.shouldRecordIssuesInPipelineAndExpandTokens  Time elapsed: 12.733 s  <<< ERROR!
com.google.inject.ProvisionException: 
Unable to provision, see the following errors:

1) [Guice/ErrorInCustomProvider]: IOException: Failed to pull image selenium/standalone-firefox-debug:3.141.59
Got permission denied while trying to connect to the Docker daemon socket at unix:///var/run/docker.sock: Post "http://%2Fvar%2Frun%2Fdocker.sock/v1.24/images/create?fromImage=selenium%2Fstandalone-firefox-debug&tag=3.141.59": dial unix /var/run/docker.sock: connect: permission denied

  at FallbackConfig.createWebDriver(FallbackConfig.java:338)
      \_ installed by: World -> Modules$OverrideModule -> Modules$OverrideModule -> FallbackConfig
  at DiagnosticRule.driver(DiagnosticRule.java:18)
      \_ for field driver
  while locating DiagnosticRule

Learn more:
  https://github.com/google/guice/wiki/ERROR_IN_CUSTOM_PROVIDER

1 error

======================
Full classname legend:
======================
DiagnosticRule:         "org.jenkinsci.test.acceptance.junit.DiagnosticRule"
FallbackConfig:         "org.jenkinsci.test.acceptance.FallbackConfig"
IOException:            "java.io.IOException"
Modules$OverrideModule: "com.google.inject.util.Modules$OverrideModule"
World:                  "org.jenkinsci.test.acceptance.guice.World"
========================
End of classname legend:
========================

	at com.google.inject.internal.InternalProvisionException.toProvisionException(InternalProvisionException.java:251)
	at com.google.inject.internal.InjectorImpl$1.get(InjectorImpl.java:1104)
	at com.google.inject.internal.InjectorImpl.getInstance(InjectorImpl.java:1139)
	at org.jenkinsci.test.acceptance.junit.JenkinsAcceptanceTestRule$1.addRule(JenkinsAcceptanceTestRule.java:151)
	at org.jenkinsci.test.acceptance.junit.JenkinsAcceptanceTestRule$1.collectGlobalRules(JenkinsAcceptanceTestRule.java:125)
	at org.jenkinsci.test.acceptance.junit.JenkinsAcceptanceTestRule$1.decorateWithRules(JenkinsAcceptanceTestRule.java:92)
	at org.jenkinsci.test.acceptance.junit.JenkinsAcceptanceTestRule$1.evaluate(JenkinsAcceptanceTestRule.java:58)
	at org.junit.runners.ParentRunner$3.evaluate(ParentRunner.java:306)
	at org.junit.runners.BlockJUnit4ClassRunner$1.evaluate(BlockJUnit4ClassRunner.java:100)
	at org.junit.runners.ParentRunner.runLeaf(ParentRunner.java:366)
	at org.junit.runners.BlockJUnit4ClassRunner.runChild(BlockJUnit4ClassRunner.java:103)
	at org.junit.runners.BlockJUnit4ClassRunner.runChild(BlockJUnit4ClassRunner.java:63)
	at org.junit.runners.ParentRunner$4.run(ParentRunner.java:331)
	at org.junit.runners.ParentRunner$1.schedule(ParentRunner.java:79)
	at org.junit.runners.ParentRunner.runChildren(ParentRunner.java:329)
	at org.junit.runners.ParentRunner.access$100(ParentRunner.java:66)
	at org.junit.runners.ParentRunner$2.evaluate(ParentRunner.java:293)
	at org.junit.runners.ParentRunner$3.evaluate(ParentRunner.java:306)
	at org.junit.runners.ParentRunner.run(ParentRunner.java:413)
	at org.junit.runner.JUnitCore.run(JUnitCore.java:137)
	at org.junit.runner.JUnitCore.run(JUnitCore.java:115)
	at org.junit.vintage.engine.execution.RunnerExecutor.execute(RunnerExecutor.java:42)
	at org.junit.vintage.engine.VintageTestEngine.executeAllChildren(VintageTestEngine.java:80)
	at org.junit.vintage.engine.VintageTestEngine.execute(VintageTestEngine.java:72)
	at org.junit.platform.launcher.core.EngineExecutionOrchestrator.execute(EngineExecutionOrchestrator.java:107)
	at org.junit.platform.launcher.core.EngineExecutionOrchestrator.execute(EngineExecutionOrchestrator.java:88)
	at org.junit.platform.launcher.core.EngineExecutionOrchestrator.lambda$execute$0(EngineExecutionOrchestrator.java:54)
	at org.junit.platform.launcher.core.EngineExecutionOrchestrator.withInterceptedStreams(EngineExecutionOrchestrator.java:67)
	at org.junit.platform.launcher.core.EngineExecutionOrchestrator.execute(EngineExecutionOrchestrator.java:52)
	at org.junit.platform.launcher.core.DefaultLauncher.execute(DefaultLauncher.java:114)
	at org.junit.platform.launcher.core.DefaultLauncher.execute(DefaultLauncher.java:86)
	at org.junit.platform.launcher.core.DefaultLauncherSession$DelegatingLauncher.execute(DefaultLauncherSession.java:86)
	at org.apache.maven.surefire.junitplatform.LazyLauncher.execute(LazyLauncher.java:55)
	at org.apache.maven.surefire.junitplatform.JUnitPlatformProvider.execute(JUnitPlatformProvider.java:223)
	at org.apache.maven.surefire.junitplatform.JUnitPlatformProvider.invokeAllTests(JUnitPlatformProvider.java:175)
	at org.apache.maven.surefire.junitplatform.JUnitPlatformProvider.invoke(JUnitPlatformProvider.java:135)
	at org.apache.maven.surefire.booter.ForkedBooter.runSuitesInProcess(ForkedBooter.java:456)
	at org.apache.maven.surefire.booter.ForkedBooter.execute(ForkedBooter.java:169)
	at org.apache.maven.surefire.booter.ForkedBooter.run(ForkedBooter.java:595)
	at org.apache.maven.surefire.booter.ForkedBooter.main(ForkedBooter.java:581)
Caused by: java.io.IOException: Failed to pull image selenium/standalone-firefox-debug:3.141.59
Got permission denied while trying to connect to the Docker daemon socket at unix:///var/run/docker.sock: Post "http://%2Fvar%2Frun%2Fdocker.sock/v1.24/images/create?fromImage=selenium%2Fstandalone-firefox-debug&tag=3.141.59": dial unix /var/run/docker.sock: connect: permission denied

	at org.jenkinsci.utils.process.ProcessInputStream.verifyOrDieWith(ProcessInputStream.java:96)
	at org.jenkinsci.test.acceptance.FallbackConfig.createContainerWebDriver(FallbackConfig.java:234)
	at org.jenkinsci.test.acceptance.FallbackConfig.createWebDriver(FallbackConfig.java:128)
	at org.jenkinsci.test.acceptance.FallbackConfig.createWebDriver(FallbackConfig.java:338)
	at org.jenkinsci.test.acceptance.FallbackConfig$$FastClassByGuice$$271445.GUICE$TRAMPOLINE(<generated>)
	at org.jenkinsci.test.acceptance.FallbackConfig$$FastClassByGuice$$271445.apply(<generated>)
	at com.google.inject.internal.ProviderMethod$FastClassProviderMethod.doProvision(ProviderMethod.java:260)
	at com.google.inject.internal.ProviderMethod.doProvision(ProviderMethod.java:171)
	at com.google.inject.internal.InternalProviderInstanceBindingImpl$CyclicFactory.provision(InternalProviderInstanceBindingImpl.java:185)
	at com.google.inject.internal.InternalProviderInstanceBindingImpl$CyclicFactory.get(InternalProviderInstanceBindingImpl.java:162)
	at com.google.inject.internal.ProviderToInternalFactoryAdapter.get(ProviderToInternalFactoryAdapter.java:40)
	at org.jenkinsci.test.acceptance.guice.TestLifecycle$1.get(TestLifecycle.java:61)
	at com.google.inject.internal.InternalFactoryToProviderAdapter.get(InternalFactoryToProviderAdapter.java:45)
	at com.google.inject.internal.SingleFieldInjector.inject(SingleFieldInjector.java:50)
	at com.google.inject.internal.MembersInjectorImpl.injectMembers(MembersInjectorImpl.java:146)
	at com.google.inject.internal.ConstructorInjector.provision(ConstructorInjector.java:124)
	at com.google.inject.internal.ConstructorInjector.construct(ConstructorInjector.java:91)
	at com.google.inject.internal.ConstructorBindingImpl$Factory.get(ConstructorBindingImpl.java:300)
	at com.google.inject.internal.InjectorImpl$1.get(InjectorImpl.java:1101)
	... 38 more

[ERROR] io.jenkins.plugins.analysis.warnings.SmokeTests.shouldShowBuildSummaryAndLinkToDetails  Time elapsed: 0.217 s  <<< ERROR!
com.google.inject.ProvisionException: 
Unable to provision, see the following errors:

1) [Guice/ErrorInCustomProvider]: IOException: Failed to pull image selenium/standalone-firefox-debug:3.141.59
Got permission denied while trying to connect to the Docker daemon socket at unix:///var/run/docker.sock: Post "http://%2Fvar%2Frun%2Fdocker.sock/v1.24/images/create?fromImage=selenium%2Fstandalone-firefox-debug&tag=3.141.59": dial unix /var/run/docker.sock: connect: permission denied

  at FallbackConfig.createWebDriver(FallbackConfig.java:338)
      \_ installed by: World -> Modules$OverrideModule -> Modules$OverrideModule -> FallbackConfig
  at DiagnosticRule.driver(DiagnosticRule.java:18)
      \_ for field driver
  while locating DiagnosticRule

Learn more:
  https://github.com/google/guice/wiki/ERROR_IN_CUSTOM_PROVIDER

1 error

======================
Full classname legend:
======================
DiagnosticRule:         "org.jenkinsci.test.acceptance.junit.DiagnosticRule"
FallbackConfig:         "org.jenkinsci.test.acceptance.FallbackConfig"
IOException:            "java.io.IOException"
Modules$OverrideModule: "com.google.inject.util.Modules$OverrideModule"
World:                  "org.jenkinsci.test.acceptance.guice.World"
========================
End of classname legend:
========================

	at com.google.inject.internal.InternalProvisionException.toProvisionException(InternalProvisionException.java:251)
	at com.google.inject.internal.InjectorImpl$1.get(InjectorImpl.java:1104)
	at com.google.inject.internal.InjectorImpl.getInstance(InjectorImpl.java:1139)
	at org.jenkinsci.test.acceptance.junit.JenkinsAcceptanceTestRule$1.addRule(JenkinsAcceptanceTestRule.java:151)
	at org.jenkinsci.test.acceptance.junit.JenkinsAcceptanceTestRule$1.collectGlobalRules(JenkinsAcceptanceTestRule.java:125)
	at org.jenkinsci.test.acceptance.junit.JenkinsAcceptanceTestRule$1.decorateWithRules(JenkinsAcceptanceTestRule.java:92)
	at org.jenkinsci.test.acceptance.junit.JenkinsAcceptanceTestRule$1.evaluate(JenkinsAcceptanceTestRule.java:58)
	at org.junit.runners.ParentRunner$3.evaluate(ParentRunner.java:306)
	at org.junit.runners.BlockJUnit4ClassRunner$1.evaluate(BlockJUnit4ClassRunner.java:100)
	at org.junit.runners.ParentRunner.runLeaf(ParentRunner.java:366)
	at org.junit.runners.BlockJUnit4ClassRunner.runChild(BlockJUnit4ClassRunner.java:103)
	at org.junit.runners.BlockJUnit4ClassRunner.runChild(BlockJUnit4ClassRunner.java:63)
	at org.junit.runners.ParentRunner$4.run(ParentRunner.java:331)
	at org.junit.runners.ParentRunner$1.schedule(ParentRunner.java:79)
	at org.junit.runners.ParentRunner.runChildren(ParentRunner.java:329)
	at org.junit.runners.ParentRunner.access$100(ParentRunner.java:66)
	at org.junit.runners.ParentRunner$2.evaluate(ParentRunner.java:293)
	at org.junit.runners.ParentRunner$3.evaluate(ParentRunner.java:306)
	at org.junit.runners.ParentRunner.run(ParentRunner.java:413)
	at org.junit.runner.JUnitCore.run(JUnitCore.java:137)
	at org.junit.runner.JUnitCore.run(JUnitCore.java:115)
	at org.junit.vintage.engine.execution.RunnerExecutor.execute(RunnerExecutor.java:42)
	at org.junit.vintage.engine.VintageTestEngine.executeAllChildren(VintageTestEngine.java:80)
	at org.junit.vintage.engine.VintageTestEngine.execute(VintageTestEngine.java:72)
	at org.junit.platform.launcher.core.EngineExecutionOrchestrator.execute(EngineExecutionOrchestrator.java:107)
	at org.junit.platform.launcher.core.EngineExecutionOrchestrator.execute(EngineExecutionOrchestrator.java:88)
	at org.junit.platform.launcher.core.EngineExecutionOrchestrator.lambda$execute$0(EngineExecutionOrchestrator.java:54)
	at org.junit.platform.launcher.core.EngineExecutionOrchestrator.withInterceptedStreams(EngineExecutionOrchestrator.java:67)
	at org.junit.platform.launcher.core.EngineExecutionOrchestrator.execute(EngineExecutionOrchestrator.java:52)
	at org.junit.platform.launcher.core.DefaultLauncher.execute(DefaultLauncher.java:114)
	at org.junit.platform.launcher.core.DefaultLauncher.execute(DefaultLauncher.java:86)
	at org.junit.platform.launcher.core.DefaultLauncherSession$DelegatingLauncher.execute(DefaultLauncherSession.java:86)
	at org.apache.maven.surefire.junitplatform.LazyLauncher.execute(LazyLauncher.java:55)
	at org.apache.maven.surefire.junitplatform.JUnitPlatformProvider.execute(JUnitPlatformProvider.java:223)
	at org.apache.maven.surefire.junitplatform.JUnitPlatformProvider.invokeAllTests(JUnitPlatformProvider.java:175)
	at org.apache.maven.surefire.junitplatform.JUnitPlatformProvider.invoke(JUnitPlatformProvider.java:135)
	at org.apache.maven.surefire.booter.ForkedBooter.runSuitesInProcess(ForkedBooter.java:456)
	at org.apache.maven.surefire.booter.ForkedBooter.execute(ForkedBooter.java:169)
	at org.apache.maven.surefire.booter.ForkedBooter.run(ForkedBooter.java:595)
	at org.apache.maven.surefire.booter.ForkedBooter.main(ForkedBooter.java:581)
Caused by: java.io.IOException: Failed to pull image selenium/standalone-firefox-debug:3.141.59
Got permission denied while trying to connect to the Docker daemon socket at unix:///var/run/docker.sock: Post "http://%2Fvar%2Frun%2Fdocker.sock/v1.24/images/create?fromImage=selenium%2Fstandalone-firefox-debug&tag=3.141.59": dial unix /var/run/docker.sock: connect: permission denied

	at org.jenkinsci.utils.process.ProcessInputStream.verifyOrDieWith(ProcessInputStream.java:96)
	at org.jenkinsci.test.acceptance.FallbackConfig.createContainerWebDriver(FallbackConfig.java:234)
	at org.jenkinsci.test.acceptance.FallbackConfig.createWebDriver(FallbackConfig.java:128)
	at org.jenkinsci.test.acceptance.FallbackConfig.createWebDriver(FallbackConfig.java:338)
	at org.jenkinsci.test.acceptance.FallbackConfig$$FastClassByGuice$$271445.GUICE$TRAMPOLINE(<generated>)
	at org.jenkinsci.test.acceptance.FallbackConfig$$FastClassByGuice$$271445.apply(<generated>)
	at com.google.inject.internal.ProviderMethod$FastClassProviderMethod.doProvision(ProviderMethod.java:260)
	at com.google.inject.internal.ProviderMethod.doProvision(ProviderMethod.java:171)
	at com.google.inject.internal.InternalProviderInstanceBindingImpl$CyclicFactory.provision(InternalProviderInstanceBindingImpl.java:185)
	at com.google.inject.internal.InternalProviderInstanceBindingImpl$CyclicFactory.get(InternalProviderInstanceBindingImpl.java:162)
	at com.google.inject.internal.ProviderToInternalFactoryAdapter.get(ProviderToInternalFactoryAdapter.java:40)
	at org.jenkinsci.test.acceptance.guice.TestLifecycle$1.get(TestLifecycle.java:61)
	at com.google.inject.internal.InternalFactoryToProviderAdapter.get(InternalFactoryToProviderAdapter.java:45)
	at com.google.inject.internal.SingleFieldInjector.inject(SingleFieldInjector.java:50)
	at com.google.inject.internal.MembersInjectorImpl.injectMembers(MembersInjectorImpl.java:146)
	at com.google.inject.internal.ConstructorInjector.provision(ConstructorInjector.java:124)
	at com.google.inject.internal.ConstructorInjector.construct(ConstructorInjector.java:91)
	at com.google.inject.internal.ConstructorBindingImpl$Factory.get(ConstructorBindingImpl.java:300)
	at com.google.inject.internal.InjectorImpl$1.get(InjectorImpl.java:1101)
	... 38 more

[INFO] Running io.jenkins.plugins.analysis.warnings.SmokeTests
Jan 30, 2023 2:50:09 PM org.jenkinsci.test.acceptance.FallbackConfig createController
WARNING: No pooled jenkins controller listening on socket /home/gabsko/jenkins.sock
Jan 30, 2023 2:50:09 PM org.jenkinsci.test.acceptance.controller.LocalController postConstruct
INFO: Running with given plugins: [pipeline-stage-tags-metadata.hpi, workflow-support.hpi, workflow-api.hpi, pipeline-model-api.hpi, snakeyaml-api.hpi, popper-api.hpi, scm-api.hpi, variant.hpi, gradle.hpi, code-coverage-api.hpi, pipeline-model-definition.hpi, workflow-basic-steps.hpi, run-condition.hpi, structs.hpi, javax-activation-api.hpi, pipeline-groovy-lib.hpi, apache-httpcomponents-client-4-api.hpi, durable-task.hpi, jaxb.hpi, bootstrap5-api.hpi, forensics-api.hpi, git.hpi, bootstrap4-api.hpi, pipeline-input-step.hpi, index, font-awesome-api.hpi, script-security.hpi, mailer.hpi, plugin-util-api.hpi, jsch.hpi, pipeline-model-extensions.hpi, maven-plugin.hpi, dashboard-view.hpi, checks-api.hpi, jquery3-api.hpi, antisamy-markup-formatter.hpi, token-macro.hpi, trilead-api.hpi, form-element-path.hpi, workflow-cps.hpi, workflow-scm-step.hpi, workflow-step-api.hpi, workflow-job.hpi, ansicolor.hpi, pipeline-stage-step.hpi, popper2-api.hpi, caffeine-api.hpi, configuration-as-code.hpi, analysis-model-api.hpi, echarts-api.hpi, pitmutation.hpi, prism-api.hpi, plain-credentials.hpi, muuri-api.hpi, branch-api.hpi, pull-request-monitoring.hpi, metrics-aggregation.hpi, ssh-credentials.hpi, data-tables-api.hpi, credentials-binding.hpi, git-client.hpi, jackson2-api.hpi, workflow-multibranch.hpi, ant.hpi, javadoc.hpi, jakarta-activation-api.hpi, select2-api.hpi, ssh-slaves.hpi, workflow-durable-task-step.hpi, cloudbees-folder.hpi, credentials.hpi, ace-editor.hpi, git-forensics.hpi, jakarta-mail-api.hpi, flexible-publish.hpi, jdk-tool.hpi, autograding.hpi, job-dsl.hpi, timestamper.hpi, display-url-api.hpi, junit.hpi, matrix-project.hpi]
Jan 30, 2023 2:50:09 PM org.jenkinsci.test.acceptance.FallbackConfig createContainerWebDriver
INFO: Starting selenium container. Logs in /tmp/ath-docker-browser11362634613474726892log
Jan 30, 2023 2:50:09 PM org.jenkinsci.test.acceptance.guice.Cleaner performCleanUp
INFO: Performing cleanup tasks in order: []
Jan 30, 2023 2:50:09 PM org.jenkinsci.test.acceptance.FallbackConfig createController
WARNING: No pooled jenkins controller listening on socket /home/gabsko/jenkins.sock
Jan 30, 2023 2:50:09 PM org.jenkinsci.test.acceptance.controller.LocalController postConstruct
INFO: Running with given plugins: [pipeline-stage-tags-metadata.hpi, workflow-support.hpi, workflow-api.hpi, pipeline-model-api.hpi, snakeyaml-api.hpi, popper-api.hpi, scm-api.hpi, variant.hpi, gradle.hpi, code-coverage-api.hpi, pipeline-model-definition.hpi, workflow-basic-steps.hpi, run-condition.hpi, structs.hpi, javax-activation-api.hpi, pipeline-groovy-lib.hpi, apache-httpcomponents-client-4-api.hpi, durable-task.hpi, jaxb.hpi, bootstrap5-api.hpi, forensics-api.hpi, git.hpi, bootstrap4-api.hpi, pipeline-input-step.hpi, index, font-awesome-api.hpi, script-security.hpi, mailer.hpi, plugin-util-api.hpi, jsch.hpi, pipeline-model-extensions.hpi, maven-plugin.hpi, dashboard-view.hpi, checks-api.hpi, jquery3-api.hpi, antisamy-markup-formatter.hpi, token-macro.hpi, trilead-api.hpi, form-element-path.hpi, workflow-cps.hpi, workflow-scm-step.hpi, workflow-step-api.hpi, workflow-job.hpi, ansicolor.hpi, pipeline-stage-step.hpi, popper2-api.hpi, caffeine-api.hpi, configuration-as-code.hpi, analysis-model-api.hpi, echarts-api.hpi, pitmutation.hpi, prism-api.hpi, plain-credentials.hpi, muuri-api.hpi, branch-api.hpi, pull-request-monitoring.hpi, metrics-aggregation.hpi, ssh-credentials.hpi, data-tables-api.hpi, credentials-binding.hpi, git-client.hpi, jackson2-api.hpi, workflow-multibranch.hpi, ant.hpi, javadoc.hpi, jakarta-activation-api.hpi, select2-api.hpi, ssh-slaves.hpi, workflow-durable-task-step.hpi, cloudbees-folder.hpi, credentials.hpi, ace-editor.hpi, git-forensics.hpi, jakarta-mail-api.hpi, flexible-publish.hpi, jdk-tool.hpi, autograding.hpi, job-dsl.hpi, timestamper.hpi, display-url-api.hpi, junit.hpi, matrix-project.hpi]
Jan 30, 2023 2:50:09 PM org.jenkinsci.test.acceptance.FallbackConfig createContainerWebDriver
INFO: Starting selenium container. Logs in /tmp/ath-docker-browser616944277869262033log
Jan 30, 2023 2:50:09 PM org.jenkinsci.test.acceptance.guice.Cleaner performCleanUp
INFO: Performing cleanup tasks in order: []
[ERROR] Tests run: 2, Failures: 0, Errors: 2, Skipped: 0, Time elapsed: 0.432 s <<< FAILURE! - in io.jenkins.plugins.analysis.warnings.SmokeTests
[ERROR] io.jenkins.plugins.analysis.warnings.SmokeTests.shouldRecordIssuesInPipelineAndExpandTokens  Time elapsed: 0.215 s  <<< ERROR!
com.google.inject.ProvisionException: 
Unable to provision, see the following errors:

1) [Guice/ErrorInCustomProvider]: IOException: Failed to pull image selenium/standalone-firefox-debug:3.141.59
Got permission denied while trying to connect to the Docker daemon socket at unix:///var/run/docker.sock: Post "http://%2Fvar%2Frun%2Fdocker.sock/v1.24/images/create?fromImage=selenium%2Fstandalone-firefox-debug&tag=3.141.59": dial unix /var/run/docker.sock: connect: permission denied

  at FallbackConfig.createWebDriver(FallbackConfig.java:338)
      \_ installed by: World -> Modules$OverrideModule -> Modules$OverrideModule -> FallbackConfig
  at DiagnosticRule.driver(DiagnosticRule.java:18)
      \_ for field driver
  while locating DiagnosticRule

Learn more:
  https://github.com/google/guice/wiki/ERROR_IN_CUSTOM_PROVIDER

1 error

======================
Full classname legend:
======================
DiagnosticRule:         "org.jenkinsci.test.acceptance.junit.DiagnosticRule"
FallbackConfig:         "org.jenkinsci.test.acceptance.FallbackConfig"
IOException:            "java.io.IOException"
Modules$OverrideModule: "com.google.inject.util.Modules$OverrideModule"
World:                  "org.jenkinsci.test.acceptance.guice.World"
========================
End of classname legend:
========================

	at com.google.inject.internal.InternalProvisionException.toProvisionException(InternalProvisionException.java:251)
	at com.google.inject.internal.InjectorImpl$1.get(InjectorImpl.java:1104)
	at com.google.inject.internal.InjectorImpl.getInstance(InjectorImpl.java:1139)
	at org.jenkinsci.test.acceptance.junit.JenkinsAcceptanceTestRule$1.addRule(JenkinsAcceptanceTestRule.java:151)
	at org.jenkinsci.test.acceptance.junit.JenkinsAcceptanceTestRule$1.collectGlobalRules(JenkinsAcceptanceTestRule.java:125)
	at org.jenkinsci.test.acceptance.junit.JenkinsAcceptanceTestRule$1.decorateWithRules(JenkinsAcceptanceTestRule.java:92)
	at org.jenkinsci.test.acceptance.junit.JenkinsAcceptanceTestRule$1.evaluate(JenkinsAcceptanceTestRule.java:58)
	at org.junit.runners.ParentRunner$3.evaluate(ParentRunner.java:306)
	at org.junit.runners.BlockJUnit4ClassRunner$1.evaluate(BlockJUnit4ClassRunner.java:100)
	at org.junit.runners.ParentRunner.runLeaf(ParentRunner.java:366)
	at org.junit.runners.BlockJUnit4ClassRunner.runChild(BlockJUnit4ClassRunner.java:103)
	at org.junit.runners.BlockJUnit4ClassRunner.runChild(BlockJUnit4ClassRunner.java:63)
	at org.junit.runners.ParentRunner$4.run(ParentRunner.java:331)
	at org.junit.runners.ParentRunner$1.schedule(ParentRunner.java:79)
	at org.junit.runners.ParentRunner.runChildren(ParentRunner.java:329)
	at org.junit.runners.ParentRunner.access$100(ParentRunner.java:66)
	at org.junit.runners.ParentRunner$2.evaluate(ParentRunner.java:293)
	at org.junit.runners.ParentRunner$3.evaluate(ParentRunner.java:306)
	at org.junit.runners.ParentRunner.run(ParentRunner.java:413)
	at org.junit.runner.JUnitCore.run(JUnitCore.java:137)
	at org.junit.runner.JUnitCore.run(JUnitCore.java:115)
	at org.junit.vintage.engine.execution.RunnerExecutor.execute(RunnerExecutor.java:42)
	at org.junit.vintage.engine.VintageTestEngine.executeAllChildren(VintageTestEngine.java:80)
	at org.junit.vintage.engine.VintageTestEngine.execute(VintageTestEngine.java:72)
	at org.junit.platform.launcher.core.EngineExecutionOrchestrator.execute(EngineExecutionOrchestrator.java:107)
	at org.junit.platform.launcher.core.EngineExecutionOrchestrator.execute(EngineExecutionOrchestrator.java:88)
	at org.junit.platform.launcher.core.EngineExecutionOrchestrator.lambda$execute$0(EngineExecutionOrchestrator.java:54)
	at org.junit.platform.launcher.core.EngineExecutionOrchestrator.withInterceptedStreams(EngineExecutionOrchestrator.java:67)
	at org.junit.platform.launcher.core.EngineExecutionOrchestrator.execute(EngineExecutionOrchestrator.java:52)
	at org.junit.platform.launcher.core.DefaultLauncher.execute(DefaultLauncher.java:114)
	at org.junit.platform.launcher.core.DefaultLauncher.execute(DefaultLauncher.java:86)
	at org.junit.platform.launcher.core.DefaultLauncherSession$DelegatingLauncher.execute(DefaultLauncherSession.java:86)
	at org.apache.maven.surefire.junitplatform.LazyLauncher.execute(LazyLauncher.java:55)
	at org.apache.maven.surefire.junitplatform.JUnitPlatformProvider.invokeAllTests(JUnitPlatformProvider.java:195)
	at org.apache.maven.surefire.junitplatform.JUnitPlatformProvider.invoke(JUnitPlatformProvider.java:135)
	at org.apache.maven.surefire.booter.ForkedBooter.runSuitesInProcess(ForkedBooter.java:456)
	at org.apache.maven.surefire.booter.ForkedBooter.execute(ForkedBooter.java:169)
	at org.apache.maven.surefire.booter.ForkedBooter.run(ForkedBooter.java:595)
	at org.apache.maven.surefire.booter.ForkedBooter.main(ForkedBooter.java:581)
Caused by: java.io.IOException: Failed to pull image selenium/standalone-firefox-debug:3.141.59
Got permission denied while trying to connect to the Docker daemon socket at unix:///var/run/docker.sock: Post "http://%2Fvar%2Frun%2Fdocker.sock/v1.24/images/create?fromImage=selenium%2Fstandalone-firefox-debug&tag=3.141.59": dial unix /var/run/docker.sock: connect: permission denied

	at org.jenkinsci.utils.process.ProcessInputStream.verifyOrDieWith(ProcessInputStream.java:96)
	at org.jenkinsci.test.acceptance.FallbackConfig.createContainerWebDriver(FallbackConfig.java:234)
	at org.jenkinsci.test.acceptance.FallbackConfig.createWebDriver(FallbackConfig.java:128)
	at org.jenkinsci.test.acceptance.FallbackConfig.createWebDriver(FallbackConfig.java:338)
	at org.jenkinsci.test.acceptance.FallbackConfig$$FastClassByGuice$$271445.GUICE$TRAMPOLINE(<generated>)
	at org.jenkinsci.test.acceptance.FallbackConfig$$FastClassByGuice$$271445.apply(<generated>)
	at com.google.inject.internal.ProviderMethod$FastClassProviderMethod.doProvision(ProviderMethod.java:260)
	at com.google.inject.internal.ProviderMethod.doProvision(ProviderMethod.java:171)
	at com.google.inject.internal.InternalProviderInstanceBindingImpl$CyclicFactory.provision(InternalProviderInstanceBindingImpl.java:185)
	at com.google.inject.internal.InternalProviderInstanceBindingImpl$CyclicFactory.get(InternalProviderInstanceBindingImpl.java:162)
	at com.google.inject.internal.ProviderToInternalFactoryAdapter.get(ProviderToInternalFactoryAdapter.java:40)
	at org.jenkinsci.test.acceptance.guice.TestLifecycle$1.get(TestLifecycle.java:61)
	at com.google.inject.internal.InternalFactoryToProviderAdapter.get(InternalFactoryToProviderAdapter.java:45)
	at com.google.inject.internal.SingleFieldInjector.inject(SingleFieldInjector.java:50)
	at com.google.inject.internal.MembersInjectorImpl.injectMembers(MembersInjectorImpl.java:146)
	at com.google.inject.internal.ConstructorInjector.provision(ConstructorInjector.java:124)
	at com.google.inject.internal.ConstructorInjector.construct(ConstructorInjector.java:91)
	at com.google.inject.internal.ConstructorBindingImpl$Factory.get(ConstructorBindingImpl.java:300)
	at com.google.inject.internal.InjectorImpl$1.get(InjectorImpl.java:1101)
	... 37 more

[ERROR] io.jenkins.plugins.analysis.warnings.SmokeTests.shouldShowBuildSummaryAndLinkToDetails  Time elapsed: 0.208 s  <<< ERROR!
com.google.inject.ProvisionException: 
Unable to provision, see the following errors:

1) [Guice/ErrorInCustomProvider]: IOException: Failed to pull image selenium/standalone-firefox-debug:3.141.59
Got permission denied while trying to connect to the Docker daemon socket at unix:///var/run/docker.sock: Post "http://%2Fvar%2Frun%2Fdocker.sock/v1.24/images/create?fromImage=selenium%2Fstandalone-firefox-debug&tag=3.141.59": dial unix /var/run/docker.sock: connect: permission denied

  at FallbackConfig.createWebDriver(FallbackConfig.java:338)
      \_ installed by: World -> Modules$OverrideModule -> Modules$OverrideModule -> FallbackConfig
  at DiagnosticRule.driver(DiagnosticRule.java:18)
      \_ for field driver
  while locating DiagnosticRule

Learn more:
  https://github.com/google/guice/wiki/ERROR_IN_CUSTOM_PROVIDER

1 error

======================
Full classname legend:
======================
DiagnosticRule:         "org.jenkinsci.test.acceptance.junit.DiagnosticRule"
FallbackConfig:         "org.jenkinsci.test.acceptance.FallbackConfig"
IOException:            "java.io.IOException"
Modules$OverrideModule: "com.google.inject.util.Modules$OverrideModule"
World:                  "org.jenkinsci.test.acceptance.guice.World"
========================
End of classname legend:
========================

	at com.google.inject.internal.InternalProvisionException.toProvisionException(InternalProvisionException.java:251)
	at com.google.inject.internal.InjectorImpl$1.get(InjectorImpl.java:1104)
	at com.google.inject.internal.InjectorImpl.getInstance(InjectorImpl.java:1139)
	at org.jenkinsci.test.acceptance.junit.JenkinsAcceptanceTestRule$1.addRule(JenkinsAcceptanceTestRule.java:151)
	at org.jenkinsci.test.acceptance.junit.JenkinsAcceptanceTestRule$1.collectGlobalRules(JenkinsAcceptanceTestRule.java:125)
	at org.jenkinsci.test.acceptance.junit.JenkinsAcceptanceTestRule$1.decorateWithRules(JenkinsAcceptanceTestRule.java:92)
	at org.jenkinsci.test.acceptance.junit.JenkinsAcceptanceTestRule$1.evaluate(JenkinsAcceptanceTestRule.java:58)
	at org.junit.runners.ParentRunner$3.evaluate(ParentRunner.java:306)
	at org.junit.runners.BlockJUnit4ClassRunner$1.evaluate(BlockJUnit4ClassRunner.java:100)
	at org.junit.runners.ParentRunner.runLeaf(ParentRunner.java:366)
	at org.junit.runners.BlockJUnit4ClassRunner.runChild(BlockJUnit4ClassRunner.java:103)
	at org.junit.runners.BlockJUnit4ClassRunner.runChild(BlockJUnit4ClassRunner.java:63)
	at org.junit.runners.ParentRunner$4.run(ParentRunner.java:331)
	at org.junit.runners.ParentRunner$1.schedule(ParentRunner.java:79)
	at org.junit.runners.ParentRunner.runChildren(ParentRunner.java:329)
	at org.junit.runners.ParentRunner.access$100(ParentRunner.java:66)
	at org.junit.runners.ParentRunner$2.evaluate(ParentRunner.java:293)
	at org.junit.runners.ParentRunner$3.evaluate(ParentRunner.java:306)
	at org.junit.runners.ParentRunner.run(ParentRunner.java:413)
	at org.junit.runner.JUnitCore.run(JUnitCore.java:137)
	at org.junit.runner.JUnitCore.run(JUnitCore.java:115)
	at org.junit.vintage.engine.execution.RunnerExecutor.execute(RunnerExecutor.java:42)
	at org.junit.vintage.engine.VintageTestEngine.executeAllChildren(VintageTestEngine.java:80)
	at org.junit.vintage.engine.VintageTestEngine.execute(VintageTestEngine.java:72)
	at org.junit.platform.launcher.core.EngineExecutionOrchestrator.execute(EngineExecutionOrchestrator.java:107)
	at org.junit.platform.launcher.core.EngineExecutionOrchestrator.execute(EngineExecutionOrchestrator.java:88)
	at org.junit.platform.launcher.core.EngineExecutionOrchestrator.lambda$execute$0(EngineExecutionOrchestrator.java:54)
	at org.junit.platform.launcher.core.EngineExecutionOrchestrator.withInterceptedStreams(EngineExecutionOrchestrator.java:67)
	at org.junit.platform.launcher.core.EngineExecutionOrchestrator.execute(EngineExecutionOrchestrator.java:52)
	at org.junit.platform.launcher.core.DefaultLauncher.execute(DefaultLauncher.java:114)
	at org.junit.platform.launcher.core.DefaultLauncher.execute(DefaultLauncher.java:86)
	at org.junit.platform.launcher.core.DefaultLauncherSession$DelegatingLauncher.execute(DefaultLauncherSession.java:86)
	at org.apache.maven.surefire.junitplatform.LazyLauncher.execute(LazyLauncher.java:55)
	at org.apache.maven.surefire.junitplatform.JUnitPlatformProvider.invokeAllTests(JUnitPlatformProvider.java:195)
	at org.apache.maven.surefire.junitplatform.JUnitPlatformProvider.invoke(JUnitPlatformProvider.java:135)
	at org.apache.maven.surefire.booter.ForkedBooter.runSuitesInProcess(ForkedBooter.java:456)
	at org.apache.maven.surefire.booter.ForkedBooter.execute(ForkedBooter.java:169)
	at org.apache.maven.surefire.booter.ForkedBooter.run(ForkedBooter.java:595)
	at org.apache.maven.surefire.booter.ForkedBooter.main(ForkedBooter.java:581)
Caused by: java.io.IOException: Failed to pull image selenium/standalone-firefox-debug:3.141.59
Got permission denied while trying to connect to the Docker daemon socket at unix:///var/run/docker.sock: Post "http://%2Fvar%2Frun%2Fdocker.sock/v1.24/images/create?fromImage=selenium%2Fstandalone-firefox-debug&tag=3.141.59": dial unix /var/run/docker.sock: connect: permission denied

	at org.jenkinsci.utils.process.ProcessInputStream.verifyOrDieWith(ProcessInputStream.java:96)
	at org.jenkinsci.test.acceptance.FallbackConfig.createContainerWebDriver(FallbackConfig.java:234)
	at org.jenkinsci.test.acceptance.FallbackConfig.createWebDriver(FallbackConfig.java:128)
	at org.jenkinsci.test.acceptance.FallbackConfig.createWebDriver(FallbackConfig.java:338)
	at org.jenkinsci.test.acceptance.FallbackConfig$$FastClassByGuice$$271445.GUICE$TRAMPOLINE(<generated>)
	at org.jenkinsci.test.acceptance.FallbackConfig$$FastClassByGuice$$271445.apply(<generated>)
	at com.google.inject.internal.ProviderMethod$FastClassProviderMethod.doProvision(ProviderMethod.java:260)
	at com.google.inject.internal.ProviderMethod.doProvision(ProviderMethod.java:171)
	at com.google.inject.internal.InternalProviderInstanceBindingImpl$CyclicFactory.provision(InternalProviderInstanceBindingImpl.java:185)
	at com.google.inject.internal.InternalProviderInstanceBindingImpl$CyclicFactory.get(InternalProviderInstanceBindingImpl.java:162)
	at com.google.inject.internal.ProviderToInternalFactoryAdapter.get(ProviderToInternalFactoryAdapter.java:40)
	at org.jenkinsci.test.acceptance.guice.TestLifecycle$1.get(TestLifecycle.java:61)
	at com.google.inject.internal.InternalFactoryToProviderAdapter.get(InternalFactoryToProviderAdapter.java:45)
	at com.google.inject.internal.SingleFieldInjector.inject(SingleFieldInjector.java:50)
	at com.google.inject.internal.MembersInjectorImpl.injectMembers(MembersInjectorImpl.java:146)
	at com.google.inject.internal.ConstructorInjector.provision(ConstructorInjector.java:124)
	at com.google.inject.internal.ConstructorInjector.construct(ConstructorInjector.java:91)
	at com.google.inject.internal.ConstructorBindingImpl$Factory.get(ConstructorBindingImpl.java:300)
	at com.google.inject.internal.InjectorImpl$1.get(InjectorImpl.java:1101)
	... 37 more

[INFO] 
[INFO] Results:
[INFO] 
[ERROR] Errors: 
[ERROR] io.jenkins.plugins.analysis.warnings.SmokeTests.shouldRecordIssuesInPipelineAndExpandTokens
[ERROR]   Run 1: SmokeTests.shouldRecordIssuesInPipelineAndExpandTokens  Provision Unable to provision, see the following errors:

1) [Guice/ErrorInCustomProvider]: IOException: Failed to pull image selenium/standalone-firefox-debug:3.141.59
Got permission denied while trying to connect to the Docker daemon socket at unix:///var/run/docker.sock: Post "http://%2Fvar%2Frun%2Fdocker.sock/v1.24/images/create?fromImage=selenium%2Fstandalone-firefox-debug&tag=3.141.59": dial unix /var/run/docker.sock: connect: permission denied

  at FallbackConfig.createWebDriver(FallbackConfig.java:338)
      \_ installed by: World -> Modules$OverrideModule -> Modules$OverrideModule -> FallbackConfig
  at DiagnosticRule.driver(DiagnosticRule.java:18)
      \_ for field driver
  while locating DiagnosticRule

Learn more:
  https://github.com/google/guice/wiki/ERROR_IN_CUSTOM_PROVIDER

1 error

======================
Full classname legend:
======================
DiagnosticRule:         "org.jenkinsci.test.acceptance.junit.DiagnosticRule"
FallbackConfig:         "org.jenkinsci.test.acceptance.FallbackConfig"
IOException:            "java.io.IOException"
Modules$OverrideModule: "com.google.inject.util.Modules$OverrideModule"
World:                  "org.jenkinsci.test.acceptance.guice.World"
========================
End of classname legend:
========================

[ERROR]   Run 2: SmokeTests.shouldRecordIssuesInPipelineAndExpandTokens  Provision Unable to provision, see the following errors:

1) [Guice/ErrorInCustomProvider]: IOException: Failed to pull image selenium/standalone-firefox-debug:3.141.59
Got permission denied while trying to connect to the Docker daemon socket at unix:///var/run/docker.sock: Post "http://%2Fvar%2Frun%2Fdocker.sock/v1.24/images/create?fromImage=selenium%2Fstandalone-firefox-debug&tag=3.141.59": dial unix /var/run/docker.sock: connect: permission denied

  at FallbackConfig.createWebDriver(FallbackConfig.java:338)
      \_ installed by: World -> Modules$OverrideModule -> Modules$OverrideModule -> FallbackConfig
  at DiagnosticRule.driver(DiagnosticRule.java:18)
      \_ for field driver
  while locating DiagnosticRule

Learn more:
  https://github.com/google/guice/wiki/ERROR_IN_CUSTOM_PROVIDER

1 error

======================
Full classname legend:
======================
DiagnosticRule:         "org.jenkinsci.test.acceptance.junit.DiagnosticRule"
FallbackConfig:         "org.jenkinsci.test.acceptance.FallbackConfig"
IOException:            "java.io.IOException"
Modules$OverrideModule: "com.google.inject.util.Modules$OverrideModule"
World:                  "org.jenkinsci.test.acceptance.guice.World"
========================
End of classname legend:
========================

[INFO] 
[ERROR] io.jenkins.plugins.analysis.warnings.SmokeTests.shouldShowBuildSummaryAndLinkToDetails
[ERROR]   Run 1: SmokeTests.shouldShowBuildSummaryAndLinkToDetails  Provision Unable to provision, see the following errors:

1) [Guice/ErrorInCustomProvider]: IOException: Failed to pull image selenium/standalone-firefox-debug:3.141.59
Got permission denied while trying to connect to the Docker daemon socket at unix:///var/run/docker.sock: Post "http://%2Fvar%2Frun%2Fdocker.sock/v1.24/images/create?fromImage=selenium%2Fstandalone-firefox-debug&tag=3.141.59": dial unix /var/run/docker.sock: connect: permission denied

  at FallbackConfig.createWebDriver(FallbackConfig.java:338)
      \_ installed by: World -> Modules$OverrideModule -> Modules$OverrideModule -> FallbackConfig
  at DiagnosticRule.driver(DiagnosticRule.java:18)
      \_ for field driver
  while locating DiagnosticRule

Learn more:
  https://github.com/google/guice/wiki/ERROR_IN_CUSTOM_PROVIDER

1 error

======================
Full classname legend:
======================
DiagnosticRule:         "org.jenkinsci.test.acceptance.junit.DiagnosticRule"
FallbackConfig:         "org.jenkinsci.test.acceptance.FallbackConfig"
IOException:            "java.io.IOException"
Modules$OverrideModule: "com.google.inject.util.Modules$OverrideModule"
World:                  "org.jenkinsci.test.acceptance.guice.World"
========================
End of classname legend:
========================

[ERROR]   Run 2: SmokeTests.shouldShowBuildSummaryAndLinkToDetails  Provision Unable to provision, see the following errors:

1) [Guice/ErrorInCustomProvider]: IOException: Failed to pull image selenium/standalone-firefox-debug:3.141.59
Got permission denied while trying to connect to the Docker daemon socket at unix:///var/run/docker.sock: Post "http://%2Fvar%2Frun%2Fdocker.sock/v1.24/images/create?fromImage=selenium%2Fstandalone-firefox-debug&tag=3.141.59": dial unix /var/run/docker.sock: connect: permission denied

  at FallbackConfig.createWebDriver(FallbackConfig.java:338)
      \_ installed by: World -> Modules$OverrideModule -> Modules$OverrideModule -> FallbackConfig
  at DiagnosticRule.driver(DiagnosticRule.java:18)
      \_ for field driver
  while locating DiagnosticRule

Learn more:
  https://github.com/google/guice/wiki/ERROR_IN_CUSTOM_PROVIDER

1 error

======================
Full classname legend:
======================
DiagnosticRule:         "org.jenkinsci.test.acceptance.junit.DiagnosticRule"
FallbackConfig:         "org.jenkinsci.test.acceptance.FallbackConfig"
IOException:            "java.io.IOException"
Modules$OverrideModule: "com.google.inject.util.Modules$OverrideModule"
World:                  "org.jenkinsci.test.acceptance.guice.World"
========================
End of classname legend:
========================

[INFO] 
[INFO] 
[ERROR] Tests run: 2, Failures: 0, Errors: 2, Skipped: 0
[INFO] 
[INFO] ------------------------------------------------------------------------
[INFO] Reactor Summary:
[INFO] 
[INFO] Warnings Next Generation Plugin 9.20.0-SNAPSHOT .... SUCCESS [04:42 min]
[INFO] UI Tests of Warnings Plugin UNVERSIONED ............ FAILURE [ 24.137 s]
[INFO] Aggregator for Warnings Plugin UNVERSIONED ......... SKIPPED
[INFO] ------------------------------------------------------------------------
[INFO] BUILD FAILURE
[INFO] ------------------------------------------------------------------------
[INFO] Total time:  05:08 min
[INFO] Finished at: 2023-01-30T14:50:10Z
[INFO] ------------------------------------------------------------------------
[ERROR] Failed to execute goal org.apache.maven.plugins:maven-surefire-plugin:3.0.0-M7:test (default-test) on project warnings-ng-ui-tests: 
[ERROR] 
[ERROR] Please refer to /home/gabsko/breaking-updates/ui-tests/target/surefire-reports for the individual test results.
[ERROR] Please refer to dump files (if any exist) [date].dump, [date]-jvmRun[N].dump and [date].dumpstream.
[ERROR] -> [Help 1]
[ERROR] 
[ERROR] To see the full stack trace of the errors, re-run Maven with the -e switch.
[ERROR] Re-run Maven using the -X switch to enable full debug logging.
[ERROR] 
[ERROR] For more information about the errors and possible solutions, please read the following articles:
[ERROR] [Help 1] http://cwiki.apache.org/confluence/display/MAVEN/MojoFailureException
[ERROR] 
[ERROR] After correcting the problems, you can resume the build with the command
[ERROR]   mvn <args> -rf :warnings-ng-ui-tests
