[INFO] Scanning for projects...
[WARNING] The POM for org.jenkins-ci.tools:maven-hpi-plugin:jar:3.20 is missing, no dependency information available
[WARNING] Failed to build parent project for org.jvnet.hudson.plugins:analysis-pom:pom:5.17.0
[WARNING] Failed to build parent project for io.jenkins.plugins:warnings-ng:hpi:9.12.0-SNAPSHOT
[INFO] Inspecting build with total of 3 modules...
[INFO] Installing Nexus Staging features:
[INFO]   ... total of 1 executions of maven-deploy-plugin replaced with nexus-staging-maven-plugin
[INFO] ------------------------------------------------------------------------
[INFO] Reactor Build Order:
[INFO] 
[INFO] Warnings Next Generation Plugin                                    [hpi]
[INFO] UI Tests of Warnings Plugin                                        [jar]
[INFO] Aggregator for Warnings Plugin                                     [pom]
[INFO] 
[INFO] -------------------< io.jenkins.plugins:warnings-ng >-------------------
[INFO] Building Warnings Next Generation Plugin 9.12.0-SNAPSHOT           [1/3]
[INFO] --------------------------------[ hpi ]---------------------------------
[INFO] 
[INFO] --- maven-clean-plugin:3.1.0:clean (default-clean) @ warnings-ng ---
[INFO] Deleting /home/gabsko/breaking-updates/plugin/target
[INFO] 
[INFO] --- maven-hpi-plugin:3.20:validate (default-validate) @ warnings-ng ---
[INFO] 
[INFO] --- maven-hpi-plugin:3.20:validate-hpi (default-validate-hpi) @ warnings-ng ---
[INFO] 
[INFO] --- maven-enforcer-plugin:3.0.0-M3:display-info (display-info) @ warnings-ng ---
[INFO] Maven Version: 3.8.6
[INFO] JDK Version: 11.0.17 normalized as: 11.0.17
[INFO] OS Info: Arch: amd64 Family: unix Name: linux Version: 5.4.0-113-generic
[INFO] 
[INFO] --- maven-enforcer-plugin:3.0.0-M3:enforce (display-info) @ warnings-ng ---
[INFO] Ignoring requireUpperBoundDeps in org.slf4j:slf4j-api
[INFO] Ignoring requireUpperBoundDeps in com.google.guava:guava
[INFO] Adding ignore: module-info
[INFO] Adding ignore: module-info
[INFO] Adding ignore: **/ModuleUtils*
[WARNING] Invalid bytecodeVersion for com.fasterxml.jackson.dataformat:jackson-dataformat-yaml:jar:2.13.0:compile : META-INF/versions/11/module-info.class: expected 55, but was 53
[WARNING] Invalid bytecodeVersion for com.fasterxml.jackson.datatype:jackson-datatype-json-org:jar:2.13.0:compile : META-INF/versions/11/module-info.class: expected 55, but was 53
[WARNING] Invalid bytecodeVersion for com.fasterxml.jackson.module:jackson-module-jaxb-annotations:jar:2.13.0:compile : META-INF/versions/11/module-info.class: expected 55, but was 53
[WARNING] Invalid bytecodeVersion for com.fasterxml.jackson.core:jackson-core:jar:2.13.0:compile : META-INF/versions/11/module-info.class: expected 55, but was 53
[WARNING] Invalid bytecodeVersion for com.fasterxml.jackson.datatype:jackson-datatype-jdk8:jar:2.13.0:compile : META-INF/versions/11/module-info.class: expected 55, but was 53
[WARNING] Invalid bytecodeVersion for com.fasterxml.jackson.core:jackson-databind:jar:2.13.0:compile : META-INF/versions/11/module-info.class: expected 55, but was 53
[WARNING] Invalid bytecodeVersion for com.fasterxml.jackson.dataformat:jackson-dataformat-cbor:jar:2.13.0:compile : META-INF/versions/11/module-info.class: expected 55, but was 53
[WARNING] Invalid bytecodeVersion for com.fasterxml.jackson.module:jackson-module-parameter-names:jar:2.13.0:compile : META-INF/versions/11/module-info.class: expected 55, but was 53
[WARNING] Invalid bytecodeVersion for com.fasterxml.jackson.dataformat:jackson-dataformat-xml:jar:2.13.0:compile : META-INF/versions/11/module-info.class: expected 55, but was 53
[WARNING] Invalid bytecodeVersion for com.fasterxml.jackson.datatype:jackson-datatype-jsr310:jar:2.13.0:compile : META-INF/versions/11/module-info.class: expected 55, but was 53
[WARNING] Rule 0: org.apache.maven.plugins.enforcer.RequireUpperBoundDeps warned with message:
Failed while enforcing RequireUpperBoundDeps. The error(s) are [
Require upper bound dependencies error for org.apache.commons:commons-lang3:3.11 paths to dependency are:
+-io.jenkins.plugins:warnings-ng:9.12.0-SNAPSHOT
  +-org.jenkins-ci.plugins:timestamper:1.13
    +-org.apache.commons:commons-lang3:3.11
and
+-io.jenkins.plugins:warnings-ng:9.12.0-SNAPSHOT
  +-org.jenkins-ci.main:maven-plugin:3.16
    +-org.apache.commons:commons-lang3:3.12.0
and
+-io.jenkins.plugins:warnings-ng:9.12.0-SNAPSHOT
  +-io.jenkins.plugins:metrics-aggregation:0.2.0
    +-org.apache.commons:commons-lang3:3.9
and
+-io.jenkins.plugins:warnings-ng:9.12.0-SNAPSHOT
  +-io.jenkins.plugins:autograding:3.3.1
    +-org.apache.commons:commons-lang3:3.11
and
+-io.jenkins.plugins:warnings-ng:9.12.0-SNAPSHOT
  +-org.jenkins-ci.main:maven-plugin:3.16
    +-org.apache.maven:maven-core:3.8.1
      +-org.apache.commons:commons-lang3:3.8.1
and
+-io.jenkins.plugins:warnings-ng:9.12.0-SNAPSHOT
  +-org.jenkins-ci.main:maven-plugin:3.16
    +-org.apache.maven:maven-embedder:3.8.1
      +-org.apache.commons:commons-lang3:3.8.1
and
+-io.jenkins.plugins:warnings-ng:9.12.0-SNAPSHOT
  +-org.jenkins-ci.main:maven-plugin:3.16
    +-org.apache.maven.resolver:maven-resolver-impl:1.6.2
      +-org.apache.commons:commons-lang3:3.8.1
and
+-io.jenkins.plugins:warnings-ng:9.12.0-SNAPSHOT
  +-io.jenkins.plugins:autograding:3.3.1
    +-edu.hm.hafner:autograding-model:0.9.0
      +-org.apache.commons:commons-lang3:3.11
and
+-io.jenkins.plugins:warnings-ng:9.12.0-SNAPSHOT
  +-org.jenkins-ci.main:maven-plugin:3.16
    +-org.apache.maven:maven-core:3.8.1
      +-org.apache.maven:maven-artifact:3.8.1
        +-org.apache.commons:commons-lang3:3.8.1
]
[INFO] 
[INFO] --- maven-enforcer-plugin:3.0.0-M3:enforce (no-snapshots-in-release) @ warnings-ng ---
[INFO] 
[INFO] --- gmavenplus-plugin:1.13.0:addTestSources (test-in-groovy) @ warnings-ng ---
[INFO] 
[INFO] --- localizer-maven-plugin:1.31:generate (default) @ warnings-ng ---
[INFO] 
[INFO] >>> maven-javadoc-plugin:3.3.1:javadoc (default) > generate-sources @ warnings-ng >>>
[INFO] 
[INFO] --- maven-hpi-plugin:3.20:validate (default-validate) @ warnings-ng ---
[INFO] 
[INFO] --- maven-hpi-plugin:3.20:validate-hpi (default-validate-hpi) @ warnings-ng ---
[INFO] 
[INFO] --- maven-enforcer-plugin:3.0.0-M3:display-info (display-info) @ warnings-ng ---
[INFO] Maven Version: 3.8.6
[INFO] JDK Version: 11.0.17 normalized as: 11.0.17
[INFO] OS Info: Arch: amd64 Family: unix Name: linux Version: 5.4.0-113-generic
[INFO] 
[INFO] --- maven-enforcer-plugin:3.0.0-M3:enforce (display-info) @ warnings-ng ---
[INFO] Ignoring requireUpperBoundDeps in org.slf4j:slf4j-api
[INFO] Ignoring requireUpperBoundDeps in com.google.guava:guava
[INFO] Adding ignore: module-info
[INFO] Adding ignore: module-info
[INFO] Adding ignore: **/ModuleUtils*
[WARNING] Invalid bytecodeVersion for com.fasterxml.jackson.dataformat:jackson-dataformat-yaml:jar:2.13.0:compile : META-INF/versions/11/module-info.class: expected 55, but was 53
[WARNING] Invalid bytecodeVersion for com.fasterxml.jackson.datatype:jackson-datatype-json-org:jar:2.13.0:compile : META-INF/versions/11/module-info.class: expected 55, but was 53
[WARNING] Invalid bytecodeVersion for com.fasterxml.jackson.module:jackson-module-jaxb-annotations:jar:2.13.0:compile : META-INF/versions/11/module-info.class: expected 55, but was 53
[WARNING] Invalid bytecodeVersion for com.fasterxml.jackson.core:jackson-core:jar:2.13.0:compile : META-INF/versions/11/module-info.class: expected 55, but was 53
[WARNING] Invalid bytecodeVersion for com.fasterxml.jackson.datatype:jackson-datatype-jdk8:jar:2.13.0:compile : META-INF/versions/11/module-info.class: expected 55, but was 53
[WARNING] Invalid bytecodeVersion for com.fasterxml.jackson.core:jackson-databind:jar:2.13.0:compile : META-INF/versions/11/module-info.class: expected 55, but was 53
[WARNING] Invalid bytecodeVersion for com.fasterxml.jackson.dataformat:jackson-dataformat-cbor:jar:2.13.0:compile : META-INF/versions/11/module-info.class: expected 55, but was 53
[WARNING] Invalid bytecodeVersion for com.fasterxml.jackson.module:jackson-module-parameter-names:jar:2.13.0:compile : META-INF/versions/11/module-info.class: expected 55, but was 53
[WARNING] Invalid bytecodeVersion for com.fasterxml.jackson.dataformat:jackson-dataformat-xml:jar:2.13.0:compile : META-INF/versions/11/module-info.class: expected 55, but was 53
[WARNING] Invalid bytecodeVersion for com.fasterxml.jackson.datatype:jackson-datatype-jsr310:jar:2.13.0:compile : META-INF/versions/11/module-info.class: expected 55, but was 53
[WARNING] Rule 0: org.apache.maven.plugins.enforcer.RequireUpperBoundDeps warned with message:
Failed while enforcing RequireUpperBoundDeps. The error(s) are [
Require upper bound dependencies error for org.apache.commons:commons-lang3:3.11 paths to dependency are:
+-io.jenkins.plugins:warnings-ng:9.12.0-SNAPSHOT
  +-org.jenkins-ci.plugins:timestamper:1.13
    +-org.apache.commons:commons-lang3:3.11
and
+-io.jenkins.plugins:warnings-ng:9.12.0-SNAPSHOT
  +-org.jenkins-ci.main:maven-plugin:3.16
    +-org.apache.commons:commons-lang3:3.12.0
and
+-io.jenkins.plugins:warnings-ng:9.12.0-SNAPSHOT
  +-io.jenkins.plugins:metrics-aggregation:0.2.0
    +-org.apache.commons:commons-lang3:3.9
and
+-io.jenkins.plugins:warnings-ng:9.12.0-SNAPSHOT
  +-io.jenkins.plugins:autograding:3.3.1
    +-org.apache.commons:commons-lang3:3.11
and
+-io.jenkins.plugins:warnings-ng:9.12.0-SNAPSHOT
  +-org.jenkins-ci.main:maven-plugin:3.16
    +-org.apache.maven:maven-core:3.8.1
      +-org.apache.commons:commons-lang3:3.8.1
and
+-io.jenkins.plugins:warnings-ng:9.12.0-SNAPSHOT
  +-org.jenkins-ci.main:maven-plugin:3.16
    +-org.apache.maven:maven-embedder:3.8.1
      +-org.apache.commons:commons-lang3:3.8.1
and
+-io.jenkins.plugins:warnings-ng:9.12.0-SNAPSHOT
  +-org.jenkins-ci.main:maven-plugin:3.16
    +-org.apache.maven.resolver:maven-resolver-impl:1.6.2
      +-org.apache.commons:commons-lang3:3.8.1
and
+-io.jenkins.plugins:warnings-ng:9.12.0-SNAPSHOT
  +-io.jenkins.plugins:autograding:3.3.1
    +-edu.hm.hafner:autograding-model:0.9.0
      +-org.apache.commons:commons-lang3:3.11
and
+-io.jenkins.plugins:warnings-ng:9.12.0-SNAPSHOT
  +-org.jenkins-ci.main:maven-plugin:3.16
    +-org.apache.maven:maven-core:3.8.1
      +-org.apache.maven:maven-artifact:3.8.1
        +-org.apache.commons:commons-lang3:3.8.1
]
[INFO] 
[INFO] --- maven-enforcer-plugin:3.0.0-M3:enforce (no-snapshots-in-release) @ warnings-ng ---
[INFO] 
[INFO] --- gmavenplus-plugin:1.13.0:addTestSources (test-in-groovy) @ warnings-ng ---
[INFO] 
[INFO] --- localizer-maven-plugin:1.31:generate (default) @ warnings-ng ---
[INFO] 
[INFO] <<< maven-javadoc-plugin:3.3.1:javadoc (default) < generate-sources @ warnings-ng <<<
[INFO] 
[INFO] 
[INFO] --- maven-javadoc-plugin:3.3.1:javadoc (default) @ warnings-ng ---
[INFO] No previous run data found, generating javadoc.
[INFO] 
[INFO] --- maven-resources-plugin:3.2.0:resources (default-resources) @ warnings-ng ---
[INFO] Using 'UTF-8' encoding to copy filtered resources.
[INFO] Using 'UTF-8' encoding to copy filtered properties files.
[INFO] Copying 197 resources
[INFO] 
[INFO] --- maven-compiler-plugin:3.8.1:compile (default-compile) @ warnings-ng ---
[INFO] Changes detected - recompiling the module!
[INFO] Compiling 266 source files to /home/gabsko/breaking-updates/plugin/target/classes
[WARNING] /home/gabsko/breaking-updates/plugin/src/main/java/io/jenkins/plugins/analysis/warnings/axivion/AxivionSuite.java:[197,28] SYSTEM in hudson.security.ACL has been deprecated
[WARNING] /home/gabsko/breaking-updates/plugin/src/main/java/io/jenkins/plugins/analysis/warnings/axivion/AxivionSuite.java:[353,32] SYSTEM in hudson.security.ACL has been deprecated
[WARNING] /home/gabsko/breaking-updates/plugin/src/main/java/io/jenkins/plugins/analysis/warnings/axivion/AxivionSuite.java:[388,24] SYSTEM in hudson.security.ACL has been deprecated
[INFO] 
[INFO] --- access-modifier-checker:1.25:enforce (default-enforce) @ warnings-ng ---
[INFO] 
[INFO] --- maven-hpi-plugin:3.20:insert-test (default-insert-test) @ warnings-ng ---
[INFO] 
[INFO] --- assertj-assertions-generator-maven-plugin:2.2.0:generate-assertions (default) @ warnings-ng ---
[INFO] 
[INFO] --- gmavenplus-plugin:1.13.0:generateTestStubs (test-in-groovy) @ warnings-ng ---
[INFO] No sources specified for stub generation. Skipping.
[INFO] Generated 0 stubs.
[INFO] 
[INFO] --- maven-antrun-plugin:3.0.0:run (createTempDir) @ warnings-ng ---
[INFO] Executing tasks
[INFO]     [mkdir] Created dir: /home/gabsko/breaking-updates/plugin/target/tmp
[INFO] Executed tasks
[INFO] 
[INFO] --- maven-resources-plugin:3.2.0:testResources (default-testResources) @ warnings-ng ---
[INFO] Using 'UTF-8' encoding to copy filtered resources.
[INFO] Using 'UTF-8' encoding to copy filtered properties files.
[INFO] Copying 328 resources
[INFO] 
[INFO] --- maven-compiler-plugin:3.8.1:testCompile (default-testCompile) @ warnings-ng ---
[INFO] Changes detected - recompiling the module!
[INFO] Compiling 462 source files to /home/gabsko/breaking-updates/plugin/target/test-classes
[WARNING] /home/gabsko/breaking-updates/plugin/target/generated-test-sources/assertj-assertions/io/jenkins/plugins/analysis/core/assertions/Assertions.java:[271,127] io.jenkins.plugins.analysis.core.model.InfoErrorDetail in io.jenkins.plugins.analysis.core.model has been deprecated
[WARNING] /home/gabsko/breaking-updates/plugin/target/generated-test-sources/assertj-assertions/io/jenkins/plugins/analysis/core/assertions/Assertions.java:[271,127] io.jenkins.plugins.analysis.core.model.InfoErrorDetail in io.jenkins.plugins.analysis.core.model has been deprecated
[WARNING] /home/gabsko/breaking-updates/plugin/target/generated-test-sources/assertj-assertions/io/jenkins/plugins/analysis/core/assertions/Assertions.java:[271,127] io.jenkins.plugins.analysis.core.model.InfoErrorDetail in io.jenkins.plugins.analysis.core.model has been deprecated
[WARNING] /home/gabsko/breaking-updates/plugin/target/generated-test-sources/assertj-assertions/io/jenkins/plugins/analysis/core/assertions/Assertions.java:[271,127] io.jenkins.plugins.analysis.core.model.InfoErrorDetail in io.jenkins.plugins.analysis.core.model has been deprecated
[WARNING] /home/gabsko/breaking-updates/plugin/target/generated-test-sources/assertj-assertions/io/jenkins/plugins/analysis/core/assertions/Assertions.java:[425,124] io.jenkins.plugins.analysis.core.model.SourceDetail in io.jenkins.plugins.analysis.core.model has been deprecated
[WARNING] /home/gabsko/breaking-updates/plugin/target/generated-test-sources/assertj-assertions/io/jenkins/plugins/analysis/core/assertions/Assertions.java:[425,124] io.jenkins.plugins.analysis.core.model.SourceDetail in io.jenkins.plugins.analysis.core.model has been deprecated
[WARNING] /home/gabsko/breaking-updates/plugin/target/generated-test-sources/assertj-assertions/io/jenkins/plugins/analysis/core/assertions/Assertions.java:[425,124] io.jenkins.plugins.analysis.core.model.SourceDetail in io.jenkins.plugins.analysis.core.model has been deprecated
[WARNING] /home/gabsko/breaking-updates/plugin/target/generated-test-sources/assertj-assertions/io/jenkins/plugins/analysis/core/assertions/Assertions.java:[425,124] io.jenkins.plugins.analysis.core.model.SourceDetail in io.jenkins.plugins.analysis.core.model has been deprecated
[WARNING] /home/gabsko/breaking-updates/plugin/target/generated-test-sources/assertj-assertions/io/jenkins/plugins/analysis/core/assertions/Assertions.java:[458,125] io.jenkins.plugins.analysis.core.model.SourcePrinter in io.jenkins.plugins.analysis.core.model has been deprecated
[WARNING] /home/gabsko/breaking-updates/plugin/target/generated-test-sources/assertj-assertions/io/jenkins/plugins/analysis/core/assertions/Assertions.java:[458,125] io.jenkins.plugins.analysis.core.model.SourcePrinter in io.jenkins.plugins.analysis.core.model has been deprecated
[WARNING] /home/gabsko/breaking-updates/plugin/target/generated-test-sources/assertj-assertions/io/jenkins/plugins/analysis/core/assertions/Assertions.java:[458,125] io.jenkins.plugins.analysis.core.model.SourcePrinter in io.jenkins.plugins.analysis.core.model has been deprecated
[WARNING] /home/gabsko/breaking-updates/plugin/target/generated-test-sources/assertj-assertions/io/jenkins/plugins/analysis/core/assertions/Assertions.java:[458,125] io.jenkins.plugins.analysis.core.model.SourcePrinter in io.jenkins.plugins.analysis.core.model has been deprecated
[WARNING] /home/gabsko/breaking-updates/plugin/target/generated-test-sources/assertj-assertions/io/jenkins/plugins/analysis/core/assertions/Assertions.java:[502,119] io.jenkins.plugins.analysis.core.model.Summary in io.jenkins.plugins.analysis.core.model has been deprecated
[WARNING] /home/gabsko/breaking-updates/plugin/target/generated-test-sources/assertj-assertions/io/jenkins/plugins/analysis/core/assertions/Assertions.java:[502,119] io.jenkins.plugins.analysis.core.model.Summary in io.jenkins.plugins.analysis.core.model has been deprecated
[WARNING] /home/gabsko/breaking-updates/plugin/target/generated-test-sources/assertj-assertions/io/jenkins/plugins/analysis/core/assertions/Assertions.java:[502,119] io.jenkins.plugins.analysis.core.model.Summary in io.jenkins.plugins.analysis.core.model has been deprecated
[WARNING] /home/gabsko/breaking-updates/plugin/target/generated-test-sources/assertj-assertions/io/jenkins/plugins/analysis/core/assertions/Assertions.java:[502,119] io.jenkins.plugins.analysis.core.model.Summary in io.jenkins.plugins.analysis.core.model has been deprecated
[WARNING] /home/gabsko/breaking-updates/plugin/target/generated-test-sources/assertj-assertions/io/jenkins/plugins/analysis/core/assertions/Assertions.java:[876,119] io.jenkins.plugins.analysis.core.util.Sanitizer in io.jenkins.plugins.analysis.core.util has been deprecated
[WARNING] /home/gabsko/breaking-updates/plugin/target/generated-test-sources/assertj-assertions/io/jenkins/plugins/analysis/core/assertions/Assertions.java:[876,119] io.jenkins.plugins.analysis.core.util.Sanitizer in io.jenkins.plugins.analysis.core.util has been deprecated
[WARNING] /home/gabsko/breaking-updates/plugin/target/generated-test-sources/assertj-assertions/io/jenkins/plugins/analysis/core/assertions/Assertions.java:[876,119] io.jenkins.plugins.analysis.core.util.Sanitizer in io.jenkins.plugins.analysis.core.util has been deprecated
[WARNING] /home/gabsko/breaking-updates/plugin/target/generated-test-sources/assertj-assertions/io/jenkins/plugins/analysis/core/assertions/Assertions.java:[876,119] io.jenkins.plugins.analysis.core.util.Sanitizer in io.jenkins.plugins.analysis.core.util has been deprecated
[WARNING] /home/gabsko/breaking-updates/plugin/target/generated-test-sources/assertj-assertions/io/jenkins/plugins/analysis/core/model/IconLabelProviderAssert.java:[141,38] getRawLinkName() in io.jenkins.plugins.analysis.core.model.StaticAnalysisLabelProvider has been deprecated
[WARNING] /home/gabsko/breaking-updates/plugin/target/generated-test-sources/assertj-assertions/io/jenkins/plugins/analysis/core/model/InfoErrorDetailAssert.java:[11,88] io.jenkins.plugins.analysis.core.model.InfoErrorDetail in io.jenkins.plugins.analysis.core.model has been deprecated
[WARNING] /home/gabsko/breaking-updates/plugin/target/generated-test-sources/assertj-assertions/io/jenkins/plugins/analysis/core/model/InfoErrorDetailAssert.java:[11,88] io.jenkins.plugins.analysis.core.model.InfoErrorDetail in io.jenkins.plugins.analysis.core.model has been deprecated
[WARNING] /home/gabsko/breaking-updates/plugin/target/generated-test-sources/assertj-assertions/io/jenkins/plugins/analysis/core/model/InfoErrorDetailAssert.java:[11,88] io.jenkins.plugins.analysis.core.model.InfoErrorDetail in io.jenkins.plugins.analysis.core.model has been deprecated
[WARNING] /home/gabsko/breaking-updates/plugin/target/generated-test-sources/assertj-assertions/io/jenkins/plugins/analysis/core/model/InfoErrorDetailAssert.java:[11,88] io.jenkins.plugins.analysis.core.model.InfoErrorDetail in io.jenkins.plugins.analysis.core.model has been deprecated
[WARNING] /home/gabsko/breaking-updates/plugin/target/generated-test-sources/assertj-assertions/io/jenkins/plugins/analysis/core/model/InfoErrorDetailAssert.java:[17,32] io.jenkins.plugins.analysis.core.model.InfoErrorDetail in io.jenkins.plugins.analysis.core.model has been deprecated
[WARNING] /home/gabsko/breaking-updates/plugin/target/generated-test-sources/assertj-assertions/io/jenkins/plugins/analysis/core/model/InfoErrorDetailAssert.java:[17,32] io.jenkins.plugins.analysis.core.model.InfoErrorDetail in io.jenkins.plugins.analysis.core.model has been deprecated
[WARNING] /home/gabsko/breaking-updates/plugin/target/generated-test-sources/assertj-assertions/io/jenkins/plugins/analysis/core/model/InfoErrorDetailAssert.java:[17,32] io.jenkins.plugins.analysis.core.model.InfoErrorDetail in io.jenkins.plugins.analysis.core.model has been deprecated
[WARNING] /home/gabsko/breaking-updates/plugin/target/generated-test-sources/assertj-assertions/io/jenkins/plugins/analysis/core/model/InfoErrorDetailAssert.java:[17,32] io.jenkins.plugins.analysis.core.model.InfoErrorDetail in io.jenkins.plugins.analysis.core.model has been deprecated
[WARNING] /home/gabsko/breaking-updates/plugin/target/generated-test-sources/assertj-assertions/io/jenkins/plugins/analysis/core/model/InfoErrorDetailAssert.java:[28,50] io.jenkins.plugins.analysis.core.model.InfoErrorDetail in io.jenkins.plugins.analysis.core.model has been deprecated
[WARNING] /home/gabsko/breaking-updates/plugin/target/generated-test-sources/assertj-assertions/io/jenkins/plugins/analysis/core/model/InfoErrorDetailAssert.java:[28,50] io.jenkins.plugins.analysis.core.model.InfoErrorDetail in io.jenkins.plugins.analysis.core.model has been deprecated
[WARNING] /home/gabsko/breaking-updates/plugin/target/generated-test-sources/assertj-assertions/io/jenkins/plugins/analysis/core/model/InfoErrorDetailAssert.java:[28,50] io.jenkins.plugins.analysis.core.model.InfoErrorDetail in io.jenkins.plugins.analysis.core.model has been deprecated
[WARNING] /home/gabsko/breaking-updates/plugin/target/generated-test-sources/assertj-assertions/io/jenkins/plugins/analysis/core/model/InfoErrorDetailAssert.java:[28,50] io.jenkins.plugins.analysis.core.model.InfoErrorDetail in io.jenkins.plugins.analysis.core.model has been deprecated
[WARNING] /home/gabsko/breaking-updates/plugin/target/generated-test-sources/assertj-assertions/io/jenkins/plugins/analysis/core/model/SourceDetailAssert.java:[10,82] io.jenkins.plugins.analysis.core.model.SourceDetail in io.jenkins.plugins.analysis.core.model has been deprecated
[WARNING] /home/gabsko/breaking-updates/plugin/target/generated-test-sources/assertj-assertions/io/jenkins/plugins/analysis/core/model/SourceDetailAssert.java:[10,82] io.jenkins.plugins.analysis.core.model.SourceDetail in io.jenkins.plugins.analysis.core.model has been deprecated
[WARNING] /home/gabsko/breaking-updates/plugin/target/generated-test-sources/assertj-assertions/io/jenkins/plugins/analysis/core/model/SourceDetailAssert.java:[10,82] io.jenkins.plugins.analysis.core.model.SourceDetail in io.jenkins.plugins.analysis.core.model has been deprecated
[WARNING] /home/gabsko/breaking-updates/plugin/target/generated-test-sources/assertj-assertions/io/jenkins/plugins/analysis/core/model/SourceDetailAssert.java:[10,82] io.jenkins.plugins.analysis.core.model.SourceDetail in io.jenkins.plugins.analysis.core.model has been deprecated
[WARNING] /home/gabsko/breaking-updates/plugin/target/generated-test-sources/assertj-assertions/io/jenkins/plugins/analysis/core/model/SourceDetailAssert.java:[16,29] io.jenkins.plugins.analysis.core.model.SourceDetail in io.jenkins.plugins.analysis.core.model has been deprecated
[WARNING] /home/gabsko/breaking-updates/plugin/target/generated-test-sources/assertj-assertions/io/jenkins/plugins/analysis/core/model/SourceDetailAssert.java:[16,29] io.jenkins.plugins.analysis.core.model.SourceDetail in io.jenkins.plugins.analysis.core.model has been deprecated
[WARNING] /home/gabsko/breaking-updates/plugin/target/generated-test-sources/assertj-assertions/io/jenkins/plugins/analysis/core/model/SourceDetailAssert.java:[16,29] io.jenkins.plugins.analysis.core.model.SourceDetail in io.jenkins.plugins.analysis.core.model has been deprecated
[WARNING] /home/gabsko/breaking-updates/plugin/target/generated-test-sources/assertj-assertions/io/jenkins/plugins/analysis/core/model/SourceDetailAssert.java:[16,29] io.jenkins.plugins.analysis.core.model.SourceDetail in io.jenkins.plugins.analysis.core.model has been deprecated
[WARNING] /home/gabsko/breaking-updates/plugin/target/generated-test-sources/assertj-assertions/io/jenkins/plugins/analysis/core/model/SourceDetailAssert.java:[27,47] io.jenkins.plugins.analysis.core.model.SourceDetail in io.jenkins.plugins.analysis.core.model has been deprecated
[WARNING] /home/gabsko/breaking-updates/plugin/target/generated-test-sources/assertj-assertions/io/jenkins/plugins/analysis/core/model/SourceDetailAssert.java:[27,47] io.jenkins.plugins.analysis.core.model.SourceDetail in io.jenkins.plugins.analysis.core.model has been deprecated
[WARNING] /home/gabsko/breaking-updates/plugin/target/generated-test-sources/assertj-assertions/io/jenkins/plugins/analysis/core/model/SourceDetailAssert.java:[27,47] io.jenkins.plugins.analysis.core.model.SourceDetail in io.jenkins.plugins.analysis.core.model has been deprecated
[WARNING] /home/gabsko/breaking-updates/plugin/target/generated-test-sources/assertj-assertions/io/jenkins/plugins/analysis/core/model/SourceDetailAssert.java:[27,47] io.jenkins.plugins.analysis.core.model.SourceDetail in io.jenkins.plugins.analysis.core.model has been deprecated
[WARNING] /home/gabsko/breaking-updates/plugin/target/generated-test-sources/assertj-assertions/io/jenkins/plugins/analysis/core/model/SourcePrinterAssert.java:[9,84] io.jenkins.plugins.analysis.core.model.SourcePrinter in io.jenkins.plugins.analysis.core.model has been deprecated
[WARNING] /home/gabsko/breaking-updates/plugin/target/generated-test-sources/assertj-assertions/io/jenkins/plugins/analysis/core/model/SourcePrinterAssert.java:[9,84] io.jenkins.plugins.analysis.core.model.SourcePrinter in io.jenkins.plugins.analysis.core.model has been deprecated
[WARNING] /home/gabsko/breaking-updates/plugin/target/generated-test-sources/assertj-assertions/io/jenkins/plugins/analysis/core/model/SourcePrinterAssert.java:[9,84] io.jenkins.plugins.analysis.core.model.SourcePrinter in io.jenkins.plugins.analysis.core.model has been deprecated
[WARNING] /home/gabsko/breaking-updates/plugin/target/generated-test-sources/assertj-assertions/io/jenkins/plugins/analysis/core/model/SourcePrinterAssert.java:[9,84] io.jenkins.plugins.analysis.core.model.SourcePrinter in io.jenkins.plugins.analysis.core.model has been deprecated
[WARNING] /home/gabsko/breaking-updates/plugin/target/generated-test-sources/assertj-assertions/io/jenkins/plugins/analysis/core/model/SourcePrinterAssert.java:[15,30] io.jenkins.plugins.analysis.core.model.SourcePrinter in io.jenkins.plugins.analysis.core.model has been deprecated
[WARNING] /home/gabsko/breaking-updates/plugin/target/generated-test-sources/assertj-assertions/io/jenkins/plugins/analysis/core/model/SourcePrinterAssert.java:[15,30] io.jenkins.plugins.analysis.core.model.SourcePrinter in io.jenkins.plugins.analysis.core.model has been deprecated
[WARNING] /home/gabsko/breaking-updates/plugin/target/generated-test-sources/assertj-assertions/io/jenkins/plugins/analysis/core/model/SourcePrinterAssert.java:[15,30] io.jenkins.plugins.analysis.core.model.SourcePrinter in io.jenkins.plugins.analysis.core.model has been deprecated
[WARNING] /home/gabsko/breaking-updates/plugin/target/generated-test-sources/assertj-assertions/io/jenkins/plugins/analysis/core/model/SourcePrinterAssert.java:[15,30] io.jenkins.plugins.analysis.core.model.SourcePrinter in io.jenkins.plugins.analysis.core.model has been deprecated
[WARNING] /home/gabsko/breaking-updates/plugin/target/generated-test-sources/assertj-assertions/io/jenkins/plugins/analysis/core/model/SourcePrinterAssert.java:[26,48] io.jenkins.plugins.analysis.core.model.SourcePrinter in io.jenkins.plugins.analysis.core.model has been deprecated
[WARNING] /home/gabsko/breaking-updates/plugin/target/generated-test-sources/assertj-assertions/io/jenkins/plugins/analysis/core/model/SourcePrinterAssert.java:[26,48] io.jenkins.plugins.analysis.core.model.SourcePrinter in io.jenkins.plugins.analysis.core.model has been deprecated
[WARNING] /home/gabsko/breaking-updates/plugin/target/generated-test-sources/assertj-assertions/io/jenkins/plugins/analysis/core/model/SourcePrinterAssert.java:[26,48] io.jenkins.plugins.analysis.core.model.SourcePrinter in io.jenkins.plugins.analysis.core.model has been deprecated
[WARNING] /home/gabsko/breaking-updates/plugin/target/generated-test-sources/assertj-assertions/io/jenkins/plugins/analysis/core/model/SourcePrinterAssert.java:[26,48] io.jenkins.plugins.analysis.core.model.SourcePrinter in io.jenkins.plugins.analysis.core.model has been deprecated
[WARNING] /home/gabsko/breaking-updates/plugin/target/generated-test-sources/assertj-assertions/io/jenkins/plugins/analysis/core/model/StaticAnalysisLabelProviderAssert.java:[141,38] getRawLinkName() in io.jenkins.plugins.analysis.core.model.StaticAnalysisLabelProvider has been deprecated
[WARNING] /home/gabsko/breaking-updates/plugin/target/generated-test-sources/assertj-assertions/io/jenkins/plugins/analysis/core/model/SummaryAssert.java:[9,72] io.jenkins.plugins.analysis.core.model.Summary in io.jenkins.plugins.analysis.core.model has been deprecated
[WARNING] /home/gabsko/breaking-updates/plugin/target/generated-test-sources/assertj-assertions/io/jenkins/plugins/analysis/core/model/SummaryAssert.java:[9,72] io.jenkins.plugins.analysis.core.model.Summary in io.jenkins.plugins.analysis.core.model has been deprecated
[WARNING] /home/gabsko/breaking-updates/plugin/target/generated-test-sources/assertj-assertions/io/jenkins/plugins/analysis/core/model/SummaryAssert.java:[9,72] io.jenkins.plugins.analysis.core.model.Summary in io.jenkins.plugins.analysis.core.model has been deprecated
[WARNING] /home/gabsko/breaking-updates/plugin/target/generated-test-sources/assertj-assertions/io/jenkins/plugins/analysis/core/model/SummaryAssert.java:[9,72] io.jenkins.plugins.analysis.core.model.Summary in io.jenkins.plugins.analysis.core.model has been deprecated
[WARNING] /home/gabsko/breaking-updates/plugin/target/generated-test-sources/assertj-assertions/io/jenkins/plugins/analysis/core/model/SummaryAssert.java:[15,24] io.jenkins.plugins.analysis.core.model.Summary in io.jenkins.plugins.analysis.core.model has been deprecated
[WARNING] /home/gabsko/breaking-updates/plugin/target/generated-test-sources/assertj-assertions/io/jenkins/plugins/analysis/core/model/SummaryAssert.java:[15,24] io.jenkins.plugins.analysis.core.model.Summary in io.jenkins.plugins.analysis.core.model has been deprecated
[WARNING] /home/gabsko/breaking-updates/plugin/target/generated-test-sources/assertj-assertions/io/jenkins/plugins/analysis/core/model/SummaryAssert.java:[15,24] io.jenkins.plugins.analysis.core.model.Summary in io.jenkins.plugins.analysis.core.model has been deprecated
[WARNING] /home/gabsko/breaking-updates/plugin/target/generated-test-sources/assertj-assertions/io/jenkins/plugins/analysis/core/model/SummaryAssert.java:[15,24] io.jenkins.plugins.analysis.core.model.Summary in io.jenkins.plugins.analysis.core.model has been deprecated
[WARNING] /home/gabsko/breaking-updates/plugin/target/generated-test-sources/assertj-assertions/io/jenkins/plugins/analysis/core/model/SummaryAssert.java:[26,42] io.jenkins.plugins.analysis.core.model.Summary in io.jenkins.plugins.analysis.core.model has been deprecated
[WARNING] /home/gabsko/breaking-updates/plugin/target/generated-test-sources/assertj-assertions/io/jenkins/plugins/analysis/core/model/SummaryAssert.java:[26,42] io.jenkins.plugins.analysis.core.model.Summary in io.jenkins.plugins.analysis.core.model has been deprecated
[WARNING] /home/gabsko/breaking-updates/plugin/target/generated-test-sources/assertj-assertions/io/jenkins/plugins/analysis/core/model/SummaryAssert.java:[26,42] io.jenkins.plugins.analysis.core.model.Summary in io.jenkins.plugins.analysis.core.model has been deprecated
[WARNING] /home/gabsko/breaking-updates/plugin/target/generated-test-sources/assertj-assertions/io/jenkins/plugins/analysis/core/model/SummaryAssert.java:[26,42] io.jenkins.plugins.analysis.core.model.Summary in io.jenkins.plugins.analysis.core.model has been deprecated
[WARNING] /home/gabsko/breaking-updates/plugin/target/generated-test-sources/assertj-assertions/io/jenkins/plugins/analysis/core/model/SvgIconLabelProviderAssert.java:[141,38] getRawLinkName() in io.jenkins.plugins.analysis.core.model.StaticAnalysisLabelProvider has been deprecated
[WARNING] /home/gabsko/breaking-updates/plugin/target/generated-test-sources/assertj-assertions/io/jenkins/plugins/analysis/core/util/ModelValidationAssert.java:[45,53] getAllCharsets() in io.jenkins.plugins.analysis.core.util.ModelValidation has been deprecated
[WARNING] /home/gabsko/breaking-updates/plugin/target/generated-test-sources/assertj-assertions/io/jenkins/plugins/analysis/core/util/ModelValidationAssert.java:[68,53] getAllCharsets() in io.jenkins.plugins.analysis.core.util.ModelValidation has been deprecated
[WARNING] /home/gabsko/breaking-updates/plugin/target/generated-test-sources/assertj-assertions/io/jenkins/plugins/analysis/core/util/ModelValidationAssert.java:[88,57] getAllCharsets() in io.jenkins.plugins.analysis.core.util.ModelValidation has been deprecated
[WARNING] /home/gabsko/breaking-updates/plugin/target/generated-test-sources/assertj-assertions/io/jenkins/plugins/analysis/core/util/ModelValidationAssert.java:[111,57] getAllCharsets() in io.jenkins.plugins.analysis.core.util.ModelValidation has been deprecated
[WARNING] /home/gabsko/breaking-updates/plugin/target/generated-test-sources/assertj-assertions/io/jenkins/plugins/analysis/core/util/ModelValidationAssert.java:[132,59] getAllCharsets() in io.jenkins.plugins.analysis.core.util.ModelValidation has been deprecated
[WARNING] /home/gabsko/breaking-updates/plugin/target/generated-test-sources/assertj-assertions/io/jenkins/plugins/analysis/core/util/ModelValidationAssert.java:[156,59] getAllCharsets() in io.jenkins.plugins.analysis.core.util.ModelValidation has been deprecated
[WARNING] /home/gabsko/breaking-updates/plugin/target/generated-test-sources/assertj-assertions/io/jenkins/plugins/analysis/core/util/ModelValidationAssert.java:[175,15] getAllCharsets() in io.jenkins.plugins.analysis.core.util.ModelValidation has been deprecated
[WARNING] /home/gabsko/breaking-updates/plugin/target/generated-test-sources/assertj-assertions/io/jenkins/plugins/analysis/core/util/ModelValidationAssert.java:[176,58] getAllCharsets() in io.jenkins.plugins.analysis.core.util.ModelValidation has been deprecated
[WARNING] /home/gabsko/breaking-updates/plugin/target/generated-test-sources/assertj-assertions/io/jenkins/plugins/analysis/core/util/QualityGateStatusAssert.java:[45,48] getColor() in io.jenkins.plugins.analysis.core.util.QualityGateStatus has been deprecated
[WARNING] /home/gabsko/breaking-updates/plugin/target/generated-test-sources/assertj-assertions/io/jenkins/plugins/analysis/core/util/SanitizerAssert.java:[9,76] io.jenkins.plugins.analysis.core.util.Sanitizer in io.jenkins.plugins.analysis.core.util has been deprecated
[WARNING] /home/gabsko/breaking-updates/plugin/target/generated-test-sources/assertj-assertions/io/jenkins/plugins/analysis/core/util/SanitizerAssert.java:[9,76] io.jenkins.plugins.analysis.core.util.Sanitizer in io.jenkins.plugins.analysis.core.util has been deprecated
[WARNING] /home/gabsko/breaking-updates/plugin/target/generated-test-sources/assertj-assertions/io/jenkins/plugins/analysis/core/util/SanitizerAssert.java:[9,76] io.jenkins.plugins.analysis.core.util.Sanitizer in io.jenkins.plugins.analysis.core.util has been deprecated
[WARNING] /home/gabsko/breaking-updates/plugin/target/generated-test-sources/assertj-assertions/io/jenkins/plugins/analysis/core/util/SanitizerAssert.java:[9,76] io.jenkins.plugins.analysis.core.util.Sanitizer in io.jenkins.plugins.analysis.core.util has been deprecated
[WARNING] /home/gabsko/breaking-updates/plugin/target/generated-test-sources/assertj-assertions/io/jenkins/plugins/analysis/core/util/SanitizerAssert.java:[15,26] io.jenkins.plugins.analysis.core.util.Sanitizer in io.jenkins.plugins.analysis.core.util has been deprecated
[WARNING] /home/gabsko/breaking-updates/plugin/target/generated-test-sources/assertj-assertions/io/jenkins/plugins/analysis/core/util/SanitizerAssert.java:[15,26] io.jenkins.plugins.analysis.core.util.Sanitizer in io.jenkins.plugins.analysis.core.util has been deprecated
[WARNING] /home/gabsko/breaking-updates/plugin/target/generated-test-sources/assertj-assertions/io/jenkins/plugins/analysis/core/util/SanitizerAssert.java:[15,26] io.jenkins.plugins.analysis.core.util.Sanitizer in io.jenkins.plugins.analysis.core.util has been deprecated
[WARNING] /home/gabsko/breaking-updates/plugin/target/generated-test-sources/assertj-assertions/io/jenkins/plugins/analysis/core/util/SanitizerAssert.java:[15,26] io.jenkins.plugins.analysis.core.util.Sanitizer in io.jenkins.plugins.analysis.core.util has been deprecated
[WARNING] /home/gabsko/breaking-updates/plugin/target/generated-test-sources/assertj-assertions/io/jenkins/plugins/analysis/core/util/SanitizerAssert.java:[26,44] io.jenkins.plugins.analysis.core.util.Sanitizer in io.jenkins.plugins.analysis.core.util has been deprecated
[WARNING] /home/gabsko/breaking-updates/plugin/target/generated-test-sources/assertj-assertions/io/jenkins/plugins/analysis/core/util/SanitizerAssert.java:[26,44] io.jenkins.plugins.analysis.core.util.Sanitizer in io.jenkins.plugins.analysis.core.util has been deprecated
[WARNING] /home/gabsko/breaking-updates/plugin/target/generated-test-sources/assertj-assertions/io/jenkins/plugins/analysis/core/util/SanitizerAssert.java:[26,44] io.jenkins.plugins.analysis.core.util.Sanitizer in io.jenkins.plugins.analysis.core.util has been deprecated
[WARNING] /home/gabsko/breaking-updates/plugin/target/generated-test-sources/assertj-assertions/io/jenkins/plugins/analysis/core/util/SanitizerAssert.java:[26,44] io.jenkins.plugins.analysis.core.util.Sanitizer in io.jenkins.plugins.analysis.core.util has been deprecated
[WARNING] /home/gabsko/breaking-updates/plugin/src/test/java/io/jenkins/plugins/analysis/core/model/SourcePrinterTest.java:[35,13] io.jenkins.plugins.analysis.core.model.SourcePrinter in io.jenkins.plugins.analysis.core.model has been deprecated
[WARNING] /home/gabsko/breaking-updates/plugin/src/test/java/io/jenkins/plugins/analysis/core/model/SourcePrinterTest.java:[35,41] io.jenkins.plugins.analysis.core.model.SourcePrinter in io.jenkins.plugins.analysis.core.model has been deprecated
[WARNING] /home/gabsko/breaking-updates/plugin/src/test/java/io/jenkins/plugins/analysis/core/model/SourcePrinterTest.java:[55,13] io.jenkins.plugins.analysis.core.model.SourcePrinter in io.jenkins.plugins.analysis.core.model has been deprecated
[WARNING] /home/gabsko/breaking-updates/plugin/src/test/java/io/jenkins/plugins/analysis/core/model/SourcePrinterTest.java:[55,41] io.jenkins.plugins.analysis.core.model.SourcePrinter in io.jenkins.plugins.analysis.core.model has been deprecated
[WARNING] /home/gabsko/breaking-updates/plugin/src/test/java/io/jenkins/plugins/analysis/core/model/SourcePrinterTest.java:[79,13] io.jenkins.plugins.analysis.core.model.SourcePrinter in io.jenkins.plugins.analysis.core.model has been deprecated
[WARNING] /home/gabsko/breaking-updates/plugin/src/test/java/io/jenkins/plugins/analysis/core/model/SourcePrinterTest.java:[79,41] io.jenkins.plugins.analysis.core.model.SourcePrinter in io.jenkins.plugins.analysis.core.model has been deprecated
[WARNING] /home/gabsko/breaking-updates/plugin/src/test/java/io/jenkins/plugins/analysis/core/model/SourcePrinterTest.java:[98,13] io.jenkins.plugins.analysis.core.model.SourcePrinter in io.jenkins.plugins.analysis.core.model has been deprecated
[WARNING] /home/gabsko/breaking-updates/plugin/src/test/java/io/jenkins/plugins/analysis/core/model/SourcePrinterTest.java:[98,41] io.jenkins.plugins.analysis.core.model.SourcePrinter in io.jenkins.plugins.analysis.core.model has been deprecated
[INFO] /home/gabsko/breaking-updates/plugin/src/test/java/io/jenkins/plugins/analysis/core/model/SourcePrinterTest.java: Some input files additionally use or override a deprecated API.
[INFO] 
[INFO] --- maven-hpi-plugin:3.20:test-hpl (default-test-hpl) @ warnings-ng ---
[INFO] Generating /home/gabsko/breaking-updates/plugin/target/test-classes/the.hpl
[INFO] webappDirectory does not exist, will use warSourceDirectory
[INFO] 
[INFO] --- maven-hpi-plugin:3.20:resolve-test-dependencies (default-resolve-test-dependencies) @ warnings-ng ---
[INFO] Downloading from repo.jenkins-ci.org: https://repo.jenkins-ci.org/public/io/jenkins/plugins/analysis-model-api/10.9.1/analysis-model-api-10.9.1.hpi
[INFO] Downloaded from repo.jenkins-ci.org: https://repo.jenkins-ci.org/public/io/jenkins/plugins/analysis-model-api/10.9.1/analysis-model-api-10.9.1.hpi (16 MB at 2.8 MB/s)
[INFO] Downloading from repo.jenkins-ci.org: https://repo.jenkins-ci.org/public/io/jenkins/plugins/bootstrap5-api/5.1.3-4/bootstrap5-api-5.1.3-4.hpi
[INFO] Downloaded from repo.jenkins-ci.org: https://repo.jenkins-ci.org/public/io/jenkins/plugins/bootstrap5-api/5.1.3-4/bootstrap5-api-5.1.3-4.hpi (482 kB at 954 kB/s)
[INFO] Downloading from repo.jenkins-ci.org: https://repo.jenkins-ci.org/public/io/jenkins/plugins/data-tables-api/1.11.3-6/data-tables-api-1.11.3-6.hpi
[INFO] Downloaded from repo.jenkins-ci.org: https://repo.jenkins-ci.org/public/io/jenkins/plugins/data-tables-api/1.11.3-6/data-tables-api-1.11.3-6.hpi (373 kB at 728 kB/s)
[INFO] Downloading from repo.jenkins-ci.org: https://repo.jenkins-ci.org/public/io/jenkins/plugins/echarts-api/5.2.2-2/echarts-api-5.2.2-2.hpi
[INFO] Downloaded from repo.jenkins-ci.org: https://repo.jenkins-ci.org/public/io/jenkins/plugins/echarts-api/5.2.2-2/echarts-api-5.2.2-2.hpi (17 MB at 3.4 MB/s)
[INFO] Downloading from repo.jenkins-ci.org: https://repo.jenkins-ci.org/public/io/jenkins/plugins/font-awesome-api/5.15.4-5/font-awesome-api-5.15.4-5.hpi
[INFO] Downloaded from repo.jenkins-ci.org: https://repo.jenkins-ci.org/public/io/jenkins/plugins/font-awesome-api/5.15.4-5/font-awesome-api-5.15.4-5.hpi (437 kB at 931 kB/s)
[INFO] Downloading from repo.jenkins-ci.org: https://repo.jenkins-ci.org/public/io/jenkins/plugins/forensics-api/1.7.0/forensics-api-1.7.0.hpi
[INFO] Downloaded from repo.jenkins-ci.org: https://repo.jenkins-ci.org/public/io/jenkins/plugins/forensics-api/1.7.0/forensics-api-1.7.0.hpi (106 kB at 177 kB/s)
[INFO] Downloading from repo.jenkins-ci.org: https://repo.jenkins-ci.org/public/io/jenkins/plugins/git-forensics/1.3.0/git-forensics-1.3.0.hpi
[INFO] Downloaded from repo.jenkins-ci.org: https://repo.jenkins-ci.org/public/io/jenkins/plugins/git-forensics/1.3.0/git-forensics-1.3.0.hpi (11 MB at 3.5 MB/s)
[INFO] Downloading from repo.jenkins-ci.org: https://repo.jenkins-ci.org/public/io/jenkins/plugins/plugin-util-api/2.12.0/plugin-util-api-2.12.0.hpi
[INFO] Downloaded from repo.jenkins-ci.org: https://repo.jenkins-ci.org/public/io/jenkins/plugins/plugin-util-api/2.12.0/plugin-util-api-2.12.0.hpi (825 kB at 1.4 MB/s)
[INFO] Downloading from repo.jenkins-ci.org: https://repo.jenkins-ci.org/public/io/jenkins/plugins/popper2-api/2.11.0-1/popper2-api-2.11.0-1.hpi
[INFO] Downloaded from repo.jenkins-ci.org: https://repo.jenkins-ci.org/public/io/jenkins/plugins/popper2-api/2.11.0-1/popper2-api-2.11.0-1.hpi (230 kB at 476 kB/s)
[INFO] Downloading from repo.jenkins-ci.org: https://repo.jenkins-ci.org/public/io/jenkins/plugins/prism-api/1.25.0-2/prism-api-1.25.0-2.hpi
[INFO] Downloaded from repo.jenkins-ci.org: https://repo.jenkins-ci.org/public/io/jenkins/plugins/prism-api/1.25.0-2/prism-api-1.25.0-2.hpi (765 kB at 1.3 MB/s)
[INFO] Downloading from repo.jenkins-ci.org: https://repo.jenkins-ci.org/public/org/jenkins-ci/modules/sshd/3.1.0/sshd-3.1.0.hpi
[INFO] Downloaded from repo.jenkins-ci.org: https://repo.jenkins-ci.org/public/org/jenkins-ci/modules/sshd/3.1.0/sshd-3.1.0.hpi (2.5 MB at 2.2 MB/s)
[INFO] Downloading from repo.jenkins-ci.org: https://repo.jenkins-ci.org/public/org/jenkins-ci/plugins/antisamy-markup-formatter/2.5/antisamy-markup-formatter-2.5.hpi
[INFO] Downloaded from repo.jenkins-ci.org: https://repo.jenkins-ci.org/public/org/jenkins-ci/plugins/antisamy-markup-formatter/2.5/antisamy-markup-formatter-2.5.hpi (1.7 MB at 2.1 MB/s)
[INFO] Downloading from repo.jenkins-ci.org: https://repo.jenkins-ci.org/public/org/jenkins-ci/plugins/dashboard-view/2.18/dashboard-view-2.18.hpi
[INFO] Downloaded from repo.jenkins-ci.org: https://repo.jenkins-ci.org/public/org/jenkins-ci/plugins/dashboard-view/2.18/dashboard-view-2.18.hpi (119 kB at 322 kB/s)
[INFO] Downloading from repo.jenkins-ci.org: https://repo.jenkins-ci.org/public/org/jenkins-ci/plugins/git-server/1.10/git-server-1.10.hpi
[INFO] Downloaded from repo.jenkins-ci.org: https://repo.jenkins-ci.org/public/org/jenkins-ci/plugins/git-server/1.10/git-server-1.10.hpi (30 kB at 122 kB/s)
[INFO] Downloading from repo.jenkins-ci.org: https://repo.jenkins-ci.org/public/org/jenkins-ci/plugins/job-dsl/1.78.3/job-dsl-1.78.3.hpi
[INFO] Downloaded from repo.jenkins-ci.org: https://repo.jenkins-ci.org/public/org/jenkins-ci/plugins/job-dsl/1.78.3/job-dsl-1.78.3.hpi (9.6 MB at 3.2 MB/s)
[INFO] 
[INFO] --- gmavenplus-plugin:1.13.0:compileTests (test-in-groovy) @ warnings-ng ---
[INFO] No sources specified for compilation. Skipping.
[INFO] 
[INFO] --- jacoco-maven-plugin:0.8.7:prepare-agent (default) @ warnings-ng ---
[INFO] argLine set to -javaagent:/home/gabsko/.m2/repository/org/jacoco/org.jacoco.agent/0.8.7/org.jacoco.agent-0.8.7-runtime.jar=destfile=/home/gabsko/breaking-updates/plugin/target/jacoco.exec,includes=io/jenkins/plugins/**/*,excludes=**/JenkinsFacade.*:**/*BlameRunner.*:**/*Summary.class:**/NullAnalysisHistory.* -Djava.awt.headless=true -Xmx1024m -Djenkins.test.timeout=1000
[INFO] 
[INFO] --- maven-surefire-plugin:3.0.0-M4:test (default-test) @ warnings-ng ---
[WARNING] The system property java.awt.headless is configured twice! The property appears in <argLine/> and any of <systemPropertyVariables/>, <systemProperties/> or user property.
[INFO] 
[INFO] -------------------------------------------------------
[INFO]  T E S T S
[INFO] -------------------------------------------------------
[INFO] Running io.jenkins.plugins.analysis.core.charts.CompositeBuildResultTest
[INFO] Tests run: 6, Failures: 0, Errors: 0, Skipped: 0, Time elapsed: 1.637 s - in io.jenkins.plugins.analysis.core.charts.CompositeBuildResultTest
[INFO] Running io.jenkins.plugins.analysis.core.charts.HealthSeriesBuilderTest
[INFO] Tests run: 8, Failures: 0, Errors: 0, Skipped: 0, Time elapsed: 1.731 s - in io.jenkins.plugins.analysis.core.charts.HealthSeriesBuilderTest
[INFO] Running io.jenkins.plugins.analysis.core.charts.HealthTrendChartTest
[INFO] Tests run: 2, Failures: 0, Errors: 0, Skipped: 0, Time elapsed: 1.93 s - in io.jenkins.plugins.analysis.core.charts.HealthTrendChartTest
[INFO] Running io.jenkins.plugins.analysis.core.charts.NewVersusFixedPieChartTest
[INFO] Tests run: 1, Failures: 0, Errors: 0, Skipped: 0, Time elapsed: 1.496 s - in io.jenkins.plugins.analysis.core.charts.NewVersusFixedPieChartTest
[INFO] Running io.jenkins.plugins.analysis.core.charts.NewVersusFixedSeriesBuilderTest
[INFO] Tests run: 1, Failures: 0, Errors: 0, Skipped: 0, Time elapsed: 1.561 s - in io.jenkins.plugins.analysis.core.charts.NewVersusFixedSeriesBuilderTest
[INFO] Running io.jenkins.plugins.analysis.core.charts.NewVersusFixedTrendChartTest
[INFO] Tests run: 1, Failures: 0, Errors: 0, Skipped: 0, Time elapsed: 1.916 s - in io.jenkins.plugins.analysis.core.charts.NewVersusFixedTrendChartTest
[INFO] Running io.jenkins.plugins.analysis.core.charts.SeverityPieChartTest
[INFO] Tests run: 3, Failures: 0, Errors: 0, Skipped: 0, Time elapsed: 1.445 s - in io.jenkins.plugins.analysis.core.charts.SeverityPieChartTest
[INFO] Running io.jenkins.plugins.analysis.core.charts.SeveritySeriesBuilderTest
[INFO] Tests run: 3, Failures: 0, Errors: 0, Skipped: 0, Time elapsed: 1.674 s - in io.jenkins.plugins.analysis.core.charts.SeveritySeriesBuilderTest
[INFO] Running io.jenkins.plugins.analysis.core.charts.SeverityTrendChartTest
[INFO] Tests run: 5, Failures: 0, Errors: 0, Skipped: 0, Time elapsed: 1.932 s - in io.jenkins.plugins.analysis.core.charts.SeverityTrendChartTest
[INFO] Running io.jenkins.plugins.analysis.core.charts.ToolsTrendChartTest
[INFO] Tests run: 2, Failures: 0, Errors: 0, Skipped: 0, Time elapsed: 1.858 s - in io.jenkins.plugins.analysis.core.charts.ToolsTrendChartTest
[INFO] Running io.jenkins.plugins.analysis.core.columns.IssuesTotalColumnTest
[INFO] Tests run: 11, Failures: 0, Errors: 0, Skipped: 0, Time elapsed: 2.972 s - in io.jenkins.plugins.analysis.core.columns.IssuesTotalColumnTest
[INFO] Running io.jenkins.plugins.analysis.core.filter.RegexpFilterTest
[INFO] Tests run: 14, Failures: 0, Errors: 0, Skipped: 0, Time elapsed: 1.749 s - in io.jenkins.plugins.analysis.core.filter.RegexpFilterTest
[INFO] Running io.jenkins.plugins.analysis.core.model.AggregationActionTest
[INFO] Tests run: 4, Failures: 0, Errors: 0, Skipped: 0, Time elapsed: 2.611 s - in io.jenkins.plugins.analysis.core.model.AggregationActionTest
[INFO] Running io.jenkins.plugins.analysis.core.model.AnalysisHistoryTest
[INFO] Tests run: 35, Failures: 0, Errors: 0, Skipped: 0, Time elapsed: 2.716 s - in io.jenkins.plugins.analysis.core.model.AnalysisHistoryTest
[INFO] Running io.jenkins.plugins.analysis.core.model.AnalysisResultTest
[INFO] Tests run: 2, Failures: 0, Errors: 0, Skipped: 0, Time elapsed: 2.391 s - in io.jenkins.plugins.analysis.core.model.AnalysisResultTest
[INFO] Running io.jenkins.plugins.analysis.core.model.BlamesModelTest
[INFO] Tests run: 3, Failures: 0, Errors: 0, Skipped: 0, Time elapsed: 2.867 s - in io.jenkins.plugins.analysis.core.model.BlamesModelTest
[INFO] Running io.jenkins.plugins.analysis.core.model.ByIdResultSelectorTest
[INFO] Tests run: 6, Failures: 0, Errors: 0, Skipped: 0, Time elapsed: 2.331 s - in io.jenkins.plugins.analysis.core.model.ByIdResultSelectorTest
[INFO] Running io.jenkins.plugins.analysis.core.model.ConsoleDetailTest
[INFO] Tests run: 5, Failures: 0, Errors: 0, Skipped: 0, Time elapsed: 2.012 s - in io.jenkins.plugins.analysis.core.model.ConsoleDetailTest
[INFO] Running io.jenkins.plugins.analysis.core.model.DeltaReportTest
[INFO] Tests run: 3, Failures: 0, Errors: 0, Skipped: 0, Time elapsed: 2.299 s - in io.jenkins.plugins.analysis.core.model.DeltaReportTest
[INFO] Running io.jenkins.plugins.analysis.core.model.DetailFactoryTest
[INFO] Tests run: 16, Failures: 0, Errors: 0, Skipped: 0, Time elapsed: 3.085 s - in io.jenkins.plugins.analysis.core.model.DetailFactoryTest
[INFO] Running io.jenkins.plugins.analysis.core.model.DetailsTableModelTest
[INFO] Tests run: 2, Failures: 0, Errors: 0, Skipped: 0, Time elapsed: 2.404 s - in io.jenkins.plugins.analysis.core.model.DetailsTableModelTest
[INFO] Running io.jenkins.plugins.analysis.core.model.FileNameRendererTest
[INFO] Tests run: 4, Failures: 0, Errors: 0, Skipped: 0, Time elapsed: 2.313 s - in io.jenkins.plugins.analysis.core.model.FileNameRendererTest
[INFO] Running io.jenkins.plugins.analysis.core.model.FixedWarningsDetailTest
[INFO] Tests run: 1, Failures: 0, Errors: 0, Skipped: 0, Time elapsed: 2.677 s - in io.jenkins.plugins.analysis.core.model.FixedWarningsDetailTest
[INFO] Running io.jenkins.plugins.analysis.core.model.ForensicsModelTest
[INFO] Tests run: 3, Failures: 0, Errors: 0, Skipped: 0, Time elapsed: 2.821 s - in io.jenkins.plugins.analysis.core.model.ForensicsModelTest
[INFO] Running io.jenkins.plugins.analysis.core.model.HealthDescriptorTest
[INFO] Tests run: 1, Failures: 0, Errors: 0, Skipped: 0, Time elapsed: 0.129 s - in io.jenkins.plugins.analysis.core.model.HealthDescriptorTest
[INFO] Running io.jenkins.plugins.analysis.core.model.HealthReportBuilderTest
[INFO] Tests run: 10, Failures: 0, Errors: 0, Skipped: 0, Time elapsed: 1.791 s - in io.jenkins.plugins.analysis.core.model.HealthReportBuilderTest
[INFO] Running io.jenkins.plugins.analysis.core.model.IconLabelProviderTest
[INFO] Tests run: 2, Failures: 0, Errors: 0, Skipped: 0, Time elapsed: 0.129 s - in io.jenkins.plugins.analysis.core.model.IconLabelProviderTest
[INFO] Running io.jenkins.plugins.analysis.core.model.InfoErrorDetailTest
[INFO] Tests run: 1, Failures: 0, Errors: 0, Skipped: 0, Time elapsed: 2.202 s - in io.jenkins.plugins.analysis.core.model.InfoErrorDetailTest
[INFO] Running io.jenkins.plugins.analysis.core.model.IssuesModelTest
[INFO] Tests run: 2, Failures: 0, Errors: 0, Skipped: 0, Time elapsed: 3.028 s - in io.jenkins.plugins.analysis.core.model.IssuesModelTest
[INFO] Running io.jenkins.plugins.analysis.core.model.JobActionTest
[INFO] Tests run: 3, Failures: 0, Errors: 0, Skipped: 0, Time elapsed: 3.28 s - in io.jenkins.plugins.analysis.core.model.JobActionTest
[INFO] Running io.jenkins.plugins.analysis.core.model.PropertyStatisticsTest
[INFO] Tests run: 34, Failures: 0, Errors: 0, Skipped: 0, Time elapsed: 0.239 s - in io.jenkins.plugins.analysis.core.model.PropertyStatisticsTest
[INFO] Running io.jenkins.plugins.analysis.core.model.ReportLocationsTest
[INFO] Tests run: 4, Failures: 0, Errors: 0, Skipped: 0, Time elapsed: 0.114 s - in io.jenkins.plugins.analysis.core.model.ReportLocationsTest
[INFO] Running io.jenkins.plugins.analysis.core.model.ReportXmlStreamTest
[INFO] Tests run: 3, Failures: 0, Errors: 0, Skipped: 0, Time elapsed: 1.292 s - in io.jenkins.plugins.analysis.core.model.ReportXmlStreamTest
[INFO] Running io.jenkins.plugins.analysis.core.model.ResetQualityGateCommandTest
[INFO] Tests run: 7, Failures: 0, Errors: 0, Skipped: 0, Time elapsed: 2.643 s - in io.jenkins.plugins.analysis.core.model.ResetQualityGateCommandTest
[INFO] Running io.jenkins.plugins.analysis.core.model.ResultActionTest
[INFO] Tests run: 1, Failures: 0, Errors: 0, Skipped: 0, Time elapsed: 2.353 s - in io.jenkins.plugins.analysis.core.model.ResultActionTest
[INFO] Running io.jenkins.plugins.analysis.core.model.SourcePrinterTest
[INFO] Running io.jenkins.plugins.analysis.core.model.SourcePrinterTest$ColumnMarkerTest
[INFO] Tests run: 23, Failures: 0, Errors: 0, Skipped: 0, Time elapsed: 0.028 s - in io.jenkins.plugins.analysis.core.model.SourcePrinterTest$ColumnMarkerTest
[INFO] Tests run: 0, Failures: 0, Errors: 0, Skipped: 0, Time elapsed: 1.597 s - in io.jenkins.plugins.analysis.core.model.SourcePrinterTest
[INFO] Running io.jenkins.plugins.analysis.core.model.SourcePrinterTest
[INFO] Running io.jenkins.plugins.analysis.core.model.SourcePrinterTest$ColumnMarkerTest
[INFO] Tests run: 14, Failures: 0, Errors: 0, Skipped: 0, Time elapsed: 0.139 s - in io.jenkins.plugins.analysis.core.model.SourcePrinterTest$ColumnMarkerTest
[INFO] Tests run: 0, Failures: 0, Errors: 0, Skipped: 0, Time elapsed: 0.15 s - in io.jenkins.plugins.analysis.core.model.SourcePrinterTest
[INFO] Running io.jenkins.plugins.analysis.core.model.StaticAnalysisLabelProviderTest
[INFO] Running io.jenkins.plugins.analysis.core.model.StaticAnalysisLabelProviderTest$CompositeLocalizableTest
[INFO] Tests run: 6, Failures: 0, Errors: 0, Skipped: 0, Time elapsed: 0.004 s - in io.jenkins.plugins.analysis.core.model.StaticAnalysisLabelProviderTest$CompositeLocalizableTest
[INFO] Running io.jenkins.plugins.analysis.core.model.StaticAnalysisLabelProviderTest$AgeBuilderTest
[INFO] Tests run: 3, Failures: 0, Errors: 0, Skipped: 0, Time elapsed: 0.01 s - in io.jenkins.plugins.analysis.core.model.StaticAnalysisLabelProviderTest$AgeBuilderTest
[INFO] Tests run: 0, Failures: 0, Errors: 0, Skipped: 0, Time elapsed: 0.2 s - in io.jenkins.plugins.analysis.core.model.StaticAnalysisLabelProviderTest
[INFO] Running io.jenkins.plugins.analysis.core.model.StaticAnalysisLabelProviderTest
[INFO] Running io.jenkins.plugins.analysis.core.model.StaticAnalysisLabelProviderTest$AgeBuilderTest
[INFO] Tests run: 3, Failures: 0, Errors: 0, Skipped: 0, Time elapsed: 0.115 s - in io.jenkins.plugins.analysis.core.model.StaticAnalysisLabelProviderTest$AgeBuilderTest
[INFO] Tests run: 0, Failures: 0, Errors: 0, Skipped: 0, Time elapsed: 0.132 s - in io.jenkins.plugins.analysis.core.model.StaticAnalysisLabelProviderTest
[INFO] Running io.jenkins.plugins.analysis.core.model.StaticAnalysisLabelProviderTest
[INFO] Running io.jenkins.plugins.analysis.core.model.StaticAnalysisLabelProviderTest$CompositeLocalizableTest
[INFO] Tests run: 1, Failures: 0, Errors: 0, Skipped: 0, Time elapsed: 0.113 s - in io.jenkins.plugins.analysis.core.model.StaticAnalysisLabelProviderTest$CompositeLocalizableTest
[INFO] Tests run: 0, Failures: 0, Errors: 0, Skipped: 0, Time elapsed: 0.13 s - in io.jenkins.plugins.analysis.core.model.StaticAnalysisLabelProviderTest
[INFO] Running io.jenkins.plugins.analysis.core.model.SummaryModelTest
[INFO] Tests run: 9, Failures: 0, Errors: 0, Skipped: 0, Time elapsed: 2.666 s - in io.jenkins.plugins.analysis.core.model.SummaryModelTest
[INFO] Running io.jenkins.plugins.analysis.core.model.TabLabelProviderTest
[INFO] Tests run: 8, Failures: 0, Errors: 0, Skipped: 0, Time elapsed: 1.486 s - in io.jenkins.plugins.analysis.core.model.TabLabelProviderTest
[INFO] Running io.jenkins.plugins.analysis.core.model.ToolSelectionDescriptorTest
[INFO] Tests run: 5, Failures: 0, Errors: 0, Skipped: 0, Time elapsed: 2.402 s - in io.jenkins.plugins.analysis.core.model.ToolSelectionDescriptorTest
[INFO] Running io.jenkins.plugins.analysis.core.model.WarningsPluginConfigurationTest
[INFO] Tests run: 3, Failures: 0, Errors: 0, Skipped: 0, Time elapsed: 1.592 s - in io.jenkins.plugins.analysis.core.model.WarningsPluginConfigurationTest
[INFO] Running io.jenkins.plugins.analysis.core.portlets.IssuesTablePortletTest
[INFO] Tests run: 11, Failures: 0, Errors: 0, Skipped: 0, Time elapsed: 3.474 s - in io.jenkins.plugins.analysis.core.portlets.IssuesTablePortletTest
[INFO] Running io.jenkins.plugins.analysis.core.steps.AnalysisStepDescriptorTest
[INFO] Tests run: 1, Failures: 0, Errors: 0, Skipped: 0, Time elapsed: 0.175 s - in io.jenkins.plugins.analysis.core.steps.AnalysisStepDescriptorTest
[INFO] Running io.jenkins.plugins.analysis.core.steps.AnnotatedReportTest
[INFO] Tests run: 8, Failures: 0, Errors: 0, Skipped: 0, Time elapsed: 0.186 s - in io.jenkins.plugins.analysis.core.steps.AnnotatedReportTest
[INFO] Running io.jenkins.plugins.analysis.core.steps.IssuesAggregatorTest
[INFO] Tests run: 5, Failures: 0, Errors: 0, Skipped: 0, Time elapsed: 3.939 s - in io.jenkins.plugins.analysis.core.steps.IssuesAggregatorTest
[INFO] Running io.jenkins.plugins.analysis.core.steps.MatrixBridgeTest
[INFO] Tests run: 3, Failures: 0, Errors: 0, Skipped: 0, Time elapsed: 3.565 s - in io.jenkins.plugins.analysis.core.steps.MatrixBridgeTest
[INFO] Running io.jenkins.plugins.analysis.core.tokens.IssuesSizeTokenMacroTest
[INFO] Tests run: 5, Failures: 0, Errors: 0, Skipped: 0, Time elapsed: 2.592 s - in io.jenkins.plugins.analysis.core.tokens.IssuesSizeTokenMacroTest
[INFO] Running io.jenkins.plugins.analysis.core.util.AffectedFilesResolverTest
[INFO] Running io.jenkins.plugins.analysis.core.util.AffectedFilesResolverTest$RemoteFacadeTest
[INFO] Tests run: 8, Failures: 0, Errors: 0, Skipped: 0, Time elapsed: 0.01 s - in io.jenkins.plugins.analysis.core.util.AffectedFilesResolverTest$RemoteFacadeTest
[INFO] Tests run: 0, Failures: 0, Errors: 0, Skipped: 0, Time elapsed: 1.434 s - in io.jenkins.plugins.analysis.core.util.AffectedFilesResolverTest
[INFO] Running io.jenkins.plugins.analysis.core.util.AffectedFilesResolverTest
[INFO] Running io.jenkins.plugins.analysis.core.util.AffectedFilesResolverTest$RemoteFacadeTest
[INFO] Tests run: 1, Failures: 0, Errors: 0, Skipped: 0, Time elapsed: 0.109 s - in io.jenkins.plugins.analysis.core.util.AffectedFilesResolverTest$RemoteFacadeTest
[INFO] Tests run: 0, Failures: 0, Errors: 0, Skipped: 0, Time elapsed: 0.127 s - in io.jenkins.plugins.analysis.core.util.AffectedFilesResolverTest
[INFO] Running io.jenkins.plugins.analysis.core.util.BlameTest
[INFO] Tests run: 2, Failures: 0, Errors: 0, Skipped: 0, Time elapsed: 1.464 s - in io.jenkins.plugins.analysis.core.util.BlameTest
[INFO] Running io.jenkins.plugins.analysis.core.util.BuildResultNavigatorTest
[INFO] Tests run: 4, Failures: 0, Errors: 0, Skipped: 0, Time elapsed: 2.538 s - in io.jenkins.plugins.analysis.core.util.BuildResultNavigatorTest
[INFO] Running io.jenkins.plugins.analysis.core.util.IssuesStatisticsTest
[INFO] Tests run: 3, Failures: 0, Errors: 0, Skipped: 0, Time elapsed: 0.341 s - in io.jenkins.plugins.analysis.core.util.IssuesStatisticsTest
[INFO] Running io.jenkins.plugins.analysis.core.util.LocalizedSeverityTest
[INFO] Tests run: 2, Failures: 0, Errors: 0, Skipped: 0, Time elapsed: 1.383 s - in io.jenkins.plugins.analysis.core.util.LocalizedSeverityTest
[INFO] Running io.jenkins.plugins.analysis.core.util.LogHandlerTest
[INFO] Tests run: 2, Failures: 0, Errors: 0, Skipped: 0, Time elapsed: 1.443 s - in io.jenkins.plugins.analysis.core.util.LogHandlerTest
[INFO] Running io.jenkins.plugins.analysis.core.util.ModelValidationTest
[INFO] Tests run: 31, Failures: 0, Errors: 0, Skipped: 0, Time elapsed: 2.274 s - in io.jenkins.plugins.analysis.core.util.ModelValidationTest
[INFO] Running io.jenkins.plugins.analysis.core.util.QualityGateEvaluatorTest
[INFO] Tests run: 6, Failures: 0, Errors: 0, Skipped: 0, Time elapsed: 0.203 s - in io.jenkins.plugins.analysis.core.util.QualityGateEvaluatorTest
[INFO] Running io.jenkins.plugins.analysis.core.util.QualityGateStatusTest
[INFO] Tests run: 2, Failures: 0, Errors: 0, Skipped: 0, Time elapsed: 0.156 s - in io.jenkins.plugins.analysis.core.util.QualityGateStatusTest
[INFO] Running io.jenkins.plugins.analysis.core.util.QualityGateTest
[INFO] Tests run: 2, Failures: 0, Errors: 0, Skipped: 0, Time elapsed: 1.642 s - in io.jenkins.plugins.analysis.core.util.QualityGateTest
[INFO] Running io.jenkins.plugins.analysis.core.util.SanitizerTest
[INFO] Tests run: 1, Failures: 0, Errors: 0, Skipped: 0, Time elapsed: 0.207 s - in io.jenkins.plugins.analysis.core.util.SanitizerTest
[INFO] Running io.jenkins.plugins.analysis.core.util.StageResultHandlerTest
[INFO] Tests run: 2, Failures: 0, Errors: 0, Skipped: 0, Time elapsed: 2.067 s - in io.jenkins.plugins.analysis.core.util.StageResultHandlerTest
[INFO] Running io.jenkins.plugins.analysis.warnings.DryTableModelTest
[INFO] Tests run: 1, Failures: 0, Errors: 0, Skipped: 0, Time elapsed: 2.677 s - in io.jenkins.plugins.analysis.warnings.DryTableModelTest
[INFO] Running io.jenkins.plugins.analysis.warnings.DryThresholdValidationTest
[INFO] Tests run: 8, Failures: 0, Errors: 0, Skipped: 0, Time elapsed: 0.226 s - in io.jenkins.plugins.analysis.warnings.DryThresholdValidationTest
[INFO] Running io.jenkins.plugins.analysis.warnings.PackageArchitectureTest
[INFO] Tests run: 1, Failures: 0, Errors: 0, Skipped: 0, Time elapsed: 2.778 s - in io.jenkins.plugins.analysis.warnings.PackageArchitectureTest
[INFO] Running io.jenkins.plugins.analysis.warnings.PluginArchitectureTest
[INFO] Tests run: 14, Failures: 0, Errors: 0, Skipped: 0, Time elapsed: 4.551 s - in io.jenkins.plugins.analysis.warnings.PluginArchitectureTest
[INFO] Running io.jenkins.plugins.analysis.warnings.RegisteredParserTest
[INFO] Tests run: 2, Failures: 0, Errors: 0, Skipped: 0, Time elapsed: 1.699 s - in io.jenkins.plugins.analysis.warnings.RegisteredParserTest
[INFO] Running io.jenkins.plugins.analysis.warnings.axivion.AxivionParserTest
[INFO] Tests run: 9, Failures: 0, Errors: 0, Skipped: 0, Time elapsed: 0.188 s - in io.jenkins.plugins.analysis.warnings.axivion.AxivionParserTest
[INFO] Running io.jenkins.plugins.analysis.warnings.axivion.AxivionSuiteSerializationTest
[INFO] Tests run: 1, Failures: 0, Errors: 0, Skipped: 0, Time elapsed: 0.209 s - in io.jenkins.plugins.analysis.warnings.axivion.AxivionSuiteSerializationTest
[INFO] Running io.jenkins.plugins.analysis.warnings.axivion.AxivionSuiteTest
[INFO] Tests run: 1, Failures: 0, Errors: 0, Skipped: 0, Time elapsed: 0.092 s - in io.jenkins.plugins.analysis.warnings.axivion.AxivionSuiteTest
[INFO] Running io.jenkins.plugins.analysis.warnings.groovy.DynamicDocumentParserTest
[INFO] Tests run: 3, Failures: 0, Errors: 0, Skipped: 0, Time elapsed: 1.292 s - in io.jenkins.plugins.analysis.warnings.groovy.DynamicDocumentParserTest
[INFO] Running io.jenkins.plugins.analysis.warnings.groovy.DynamicLineParserTest
[INFO] Tests run: 4, Failures: 0, Errors: 0, Skipped: 0, Time elapsed: 1.32 s - in io.jenkins.plugins.analysis.warnings.groovy.DynamicLineParserTest
[INFO] Running io.jenkins.plugins.analysis.warnings.groovy.GroovyExpressionMatcherTest
[INFO] Tests run: 6, Failures: 0, Errors: 0, Skipped: 0, Time elapsed: 0.63 s - in io.jenkins.plugins.analysis.warnings.groovy.GroovyExpressionMatcherTest
[INFO] Running io.jenkins.plugins.analysis.warnings.groovy.GroovyParserTest
[INFO] Tests run: 16, Failures: 0, Errors: 0, Skipped: 0, Time elapsed: 3.35 s - in io.jenkins.plugins.analysis.warnings.groovy.GroovyParserTest
[INFO] Running io.jenkins.plugins.analysis.warnings.groovy.ParserConfigurationTest
[INFO] Tests run: 5, Failures: 0, Errors: 0, Skipped: 0, Time elapsed: 1.466 s - in io.jenkins.plugins.analysis.warnings.groovy.ParserConfigurationTest
[INFO] Running io.jenkins.plugins.analysis.warnings.tasks.AgentScannerTest
[INFO] Tests run: 2, Failures: 0, Errors: 0, Skipped: 0, Time elapsed: 0.288 s - in io.jenkins.plugins.analysis.warnings.tasks.AgentScannerTest
[INFO] Running io.jenkins.plugins.analysis.warnings.tasks.TaskScannerTest
[INFO] Tests run: 19, Failures: 0, Errors: 0, Skipped: 0, Time elapsed: 0.194 s - in io.jenkins.plugins.analysis.warnings.tasks.TaskScannerTest
[INFO] 
[INFO] Results:
[INFO] 
[INFO] Tests run: 475, Failures: 0, Errors: 0, Skipped: 0
[INFO] 
[INFO] 
[INFO] --- animal-sniffer-maven-plugin:1.20:check (check) @ warnings-ng ---
[INFO] Resolved signature org.codehaus.mojo.signature:java18 version as 1.0 from dependencyManagement
[INFO] Checking unresolved references to org.codehaus.mojo.signature:java18:1.0
[INFO] 
[INFO] --------------< io.jenkins.plugins:warnings-ng-ui-tests >---------------
[INFO] Building UI Tests of Warnings Plugin UNVERSIONED                   [2/3]
[INFO] --------------------------------[ jar ]---------------------------------
[INFO] Downloading from maven.jenkins-ci.org: https://repo.jenkins-ci.org/releases/nl/jqno/equalsverifier/equalsverifier/3.8.1/equalsverifier-3.8.1.jar
[INFO] Downloading from incrementals.jenkins-ci.org: https://repo.jenkins-ci.org/incrementals/nl/jqno/equalsverifier/equalsverifier/3.8.1/equalsverifier-3.8.1.jar
[INFO] Downloading from central: https://repo.maven.apache.org/maven2/nl/jqno/equalsverifier/equalsverifier/3.8.1/equalsverifier-3.8.1.jar
[INFO] Downloaded from central: https://repo.maven.apache.org/maven2/nl/jqno/equalsverifier/equalsverifier/3.8.1/equalsverifier-3.8.1.jar (3.3 MB at 1.1 MB/s)
[INFO] 
[INFO] --- maven-clean-plugin:3.1.0:clean (default-clean) @ warnings-ng-ui-tests ---
[INFO] Deleting /home/gabsko/breaking-updates/ui-tests/target
[INFO] 
[INFO] --- maven-enforcer-plugin:3.0.0:enforce (enforce-java) @ warnings-ng-ui-tests ---
[INFO] 
[INFO] --- maven-resources-plugin:3.2.0:resources (default-resources) @ warnings-ng-ui-tests ---
[INFO] Using 'UTF-8' encoding to copy filtered resources.
[INFO] Using 'UTF-8' encoding to copy filtered properties files.
[INFO] skip non existing resourceDirectory /home/gabsko/breaking-updates/ui-tests/src/main/resources
[INFO] 
[INFO] --- maven-resources-plugin:3.2.0:copy-resources (copy-resources) @ warnings-ng-ui-tests ---
[INFO] Using 'UTF-8' encoding to copy filtered resources.
[INFO] Using 'UTF-8' encoding to copy filtered properties files.
[INFO] Copying 0 resource
[INFO] 
[INFO] --- maven-compiler-plugin:3.8.1:compile (default-compile) @ warnings-ng-ui-tests ---
[INFO] Changes detected - recompiling the module!
[INFO] Compiling 29 source files to /home/gabsko/breaking-updates/ui-tests/target/classes
[WARNING] Unable to autodetect 'javac' path, using 'javac' from the environment.
[WARNING] [path] bad path element "/home/gabsko/.m2/repository/xalan/xalan/2.7.2/xercesImpl.jar": no such file or directory
[WARNING] [path] bad path element "/home/gabsko/.m2/repository/xalan/xalan/2.7.2/xml-apis.jar": no such file or directory
[WARNING] [path] bad path element "/home/gabsko/.m2/repository/xalan/xalan/2.7.2/serializer.jar": no such file or directory
[WARNING] [path] bad path element "/home/gabsko/.m2/repository/xalan/serializer/2.7.2/xml-apis.jar": no such file or directory
[WARNING] [path] bad path element "/home/gabsko/.m2/repository/javax/xml/soap/saaj-api/1.3/jaxp-api.jar": no such file or directory
[WARNING] [path] bad path element "/home/gabsko/.m2/repository/javax/xml/soap/saaj-api/1.3/jax-qname.jar": no such file or directory
[WARNING] [path] bad path element "/home/gabsko/.m2/repository/javax/xml/soap/saaj-api/1.3/activation.jar": no such file or directory
[WARNING] [path] bad path element "/home/gabsko/.m2/repository/javax/xml/soap/saaj-api/1.3/servlet.jar": no such file or directory
[WARNING] [options] bootstrap class path not set in conjunction with -source 8
[WARNING] WARNING: An illegal reflective access operation has occurred
WARNING: Illegal reflective access by com.google.protobuf.UnsafeUtil (file:/home/gabsko/.m2/repository/com/google/protobuf/protobuf-java/3.4.0/protobuf-java-3.4.0.jar) to field java.nio.Buffer.address
WARNING: Please consider reporting this to the maintainers of com.google.protobuf.UnsafeUtil
WARNING: Use --illegal-access=warn to enable warnings of further illegal reflective access operations
WARNING: All illegal access operations will be denied in a future release
/home/gabsko/breaking-updates/ui-tests/src/main/java/io/jenkins/plugins/analysis/warnings/IssuesTableRow.java:[59,15] [HashCodeToString] Classes that override hashCode should also consider overriding toString.
    (see https://errorprone.info/bugpattern/HashCodeToString)
[WARNING] /home/gabsko/breaking-updates/ui-tests/src/main/java/io/jenkins/plugins/analysis/warnings/AbstractSeverityTableRow.java:[76,15] [HashCodeToString] Classes that override hashCode should also consider overriding toString.
    (see https://errorprone.info/bugpattern/HashCodeToString)
[WARNING] /home/gabsko/breaking-updates/ui-tests/src/main/java/io/jenkins/plugins/analysis/warnings/BaseIssuesTableRow.java:[118,15] [HashCodeToString] Classes that override hashCode should also consider overriding toString.
    (see https://errorprone.info/bugpattern/HashCodeToString)
[WARNING] /home/gabsko/breaking-updates/ui-tests/src/main/java/io/jenkins/plugins/analysis/warnings/DryTableRow.java:[89,15] [HashCodeToString] Classes that override hashCode should also consider overriding toString.
    (see https://errorprone.info/bugpattern/HashCodeToString)
[WARNING] /home/gabsko/breaking-updates/ui-tests/src/main/java/io/jenkins/plugins/analysis/warnings/BlamesTableRow.java:[84,15] [HashCodeToString] Classes that override hashCode should also consider overriding toString.
    (see https://errorprone.info/bugpattern/HashCodeToString)
[WARNING] /home/gabsko/breaking-updates/ui-tests/src/main/java/io/jenkins/plugins/analysis/warnings/ForensicsTableRow.java:[108,15] [HashCodeToString] Classes that override hashCode should also consider overriding toString.
    (see https://errorprone.info/bugpattern/HashCodeToString)
[WARNING] /home/gabsko/breaking-updates/ui-tests/src/main/java/io/jenkins/plugins/analysis/warnings/IssuesRecorder.java:[509,27] [FieldMissingNullable] Field is assigned (or compared against) a definitely null value but is not annotated @Nullable
    (see https://errorprone.info/bugpattern/FieldMissingNullable)
  Did you mean '@Nullable private final Control advancedButton = control("advanced-button");'?
[INFO] 
[INFO] --- maven-help-plugin:3.2.0:active-profiles (show-profiles) @ warnings-ng-ui-tests ---
[INFO] 
Active Profiles for Project 'io.jenkins.plugins:warnings-ng:hpi:9.12.0-SNAPSHOT':

The following profiles are active:

 - jdk-above-9 (source: org.jenkins-ci.plugins:plugin:4.31)
 - all-tests (source: org.jenkins-ci.plugins:plugin:4.31)



Active Profiles for Project 'io.jenkins.plugins:warnings-ng-ui-tests:jar:UNVERSIONED':

The following profiles are active:




Active Profiles for Project 'io.jenkins.plugins:warnings-ng-parent:pom:UNVERSIONED':

The following profiles are active:




[INFO] 
[INFO] --- assertj-assertions-generator-maven-plugin:2.2.0:generate-assertions (default) @ warnings-ng-ui-tests ---
[INFO] 
[INFO] --- maven-resources-plugin:3.2.0:testResources (default-testResources) @ warnings-ng-ui-tests ---
[INFO] Using 'UTF-8' encoding to copy filtered resources.
[INFO] Using 'UTF-8' encoding to copy filtered properties files.
[INFO] Copying 47 resources
[INFO] 
[INFO] --- maven-compiler-plugin:3.8.1:testCompile (default-testCompile) @ warnings-ng-ui-tests ---
[INFO] Changes detected - recompiling the module!
[INFO] Compiling 41 source files to /home/gabsko/breaking-updates/ui-tests/target/test-classes
[WARNING] Unable to autodetect 'javac' path, using 'javac' from the environment.
[WARNING] [path] bad path element "/home/gabsko/.m2/repository/xalan/xalan/2.7.2/xercesImpl.jar": no such file or directory
[WARNING] [path] bad path element "/home/gabsko/.m2/repository/xalan/xalan/2.7.2/xml-apis.jar": no such file or directory
[WARNING] [path] bad path element "/home/gabsko/.m2/repository/xalan/xalan/2.7.2/serializer.jar": no such file or directory
[WARNING] [path] bad path element "/home/gabsko/.m2/repository/xalan/serializer/2.7.2/xml-apis.jar": no such file or directory
[WARNING] [path] bad path element "/home/gabsko/.m2/repository/javax/xml/soap/saaj-api/1.3/jaxp-api.jar": no such file or directory
[WARNING] [path] bad path element "/home/gabsko/.m2/repository/javax/xml/soap/saaj-api/1.3/jax-qname.jar": no such file or directory
[WARNING] [path] bad path element "/home/gabsko/.m2/repository/javax/xml/soap/saaj-api/1.3/activation.jar": no such file or directory
[WARNING] [path] bad path element "/home/gabsko/.m2/repository/javax/xml/soap/saaj-api/1.3/servlet.jar": no such file or directory
[WARNING] [options] bootstrap class path not set in conjunction with -source 8
[INFO] 
[INFO] --- jacoco-maven-plugin:0.8.7:prepare-agent (default) @ warnings-ng-ui-tests ---
[INFO] Skipping JaCoCo execution because property jacoco.skip is set.
[INFO] 
[INFO] --- maven-surefire-plugin:3.0.0-M4:test (default-test) @ warnings-ng-ui-tests ---
[INFO] 
[INFO] -------------------------------------------------------
[INFO]  T E S T S
[INFO] -------------------------------------------------------
[INFO] Running io.jenkins.plugins.analysis.warnings.SmokeTests
2023-02-01 21:03:10,917 [main] INFO   (DefaultHttpProxyServer.java:485) org.littleshoot.proxy.impl.DefaultHttpProxyServer - Starting proxy at address: 0.0.0.0/0.0.0.0:0
2023-02-01 21:03:10,942 [main] INFO   (DefaultHttpProxyServer.java:514) org.littleshoot.proxy.impl.DefaultHttpProxyServer - Proxy listening with TCP transport
2023-02-01 21:03:11,152 [main] INFO   (DefaultHttpProxyServer.java:540) org.littleshoot.proxy.impl.DefaultHttpProxyServer - Proxy started at address: /0:0:0:0:0:0:0:0:36029
[ERROR] Tests run: 2, Failures: 0, Errors: 2, Skipped: 0, Time elapsed: 2.133 s <<< FAILURE! - in io.jenkins.plugins.analysis.warnings.SmokeTests
[ERROR] io.jenkins.plugins.analysis.warnings.SmokeTests.shouldRecordIssuesInPipelineAndExpandTokens  Time elapsed: 1.828 s  <<< ERROR!
com.google.inject.ProvisionException: 
Unable to provision, see the following errors:

1) Error in custom provider, java.io.IOException: Failed to pull image selenium/standalone-firefox-debug:3.141.59
Got permission denied while trying to connect to the Docker daemon socket at unix:///var/run/docker.sock: Post "http://%2Fvar%2Frun%2Fdocker.sock/v1.24/images/create?fromImage=selenium%2Fstandalone-firefox-debug&tag=3.141.59": dial unix /var/run/docker.sock: connect: permission denied

  at org.jenkinsci.test.acceptance.FallbackConfig.createWebDriver(FallbackConfig.java:326) (via modules: org.jenkinsci.test.acceptance.guice.World -> com.google.inject.util.Modules$OverrideModule -> com.google.inject.util.Modules$OverrideModule -> org.jenkinsci.test.acceptance.FallbackConfig)
  at org.jenkinsci.test.acceptance.FallbackConfig.createWebDriver(FallbackConfig.java:326) (via modules: org.jenkinsci.test.acceptance.guice.World -> com.google.inject.util.Modules$OverrideModule -> com.google.inject.util.Modules$OverrideModule -> org.jenkinsci.test.acceptance.FallbackConfig)
  while locating org.openqa.selenium.WebDriver
    for field at org.jenkinsci.test.acceptance.junit.DiagnosticRule.driver(DiagnosticRule.java:18)
  while locating org.jenkinsci.test.acceptance.junit.DiagnosticRule

1 error
	at com.google.inject.internal.InjectorImpl$2.get(InjectorImpl.java:1025)
	at com.google.inject.internal.InjectorImpl.getInstance(InjectorImpl.java:1051)
	at org.jenkinsci.test.acceptance.junit.JenkinsAcceptanceTestRule$1.addRule(JenkinsAcceptanceTestRule.java:151)
	at org.jenkinsci.test.acceptance.junit.JenkinsAcceptanceTestRule$1.collectGlobalRules(JenkinsAcceptanceTestRule.java:125)
	at org.jenkinsci.test.acceptance.junit.JenkinsAcceptanceTestRule$1.decorateWithRules(JenkinsAcceptanceTestRule.java:92)
	at org.jenkinsci.test.acceptance.junit.JenkinsAcceptanceTestRule$1.evaluate(JenkinsAcceptanceTestRule.java:58)
	at org.junit.runners.ParentRunner$3.evaluate(ParentRunner.java:306)
	at org.junit.runners.BlockJUnit4ClassRunner$1.evaluate(BlockJUnit4ClassRunner.java:100)
	at org.junit.runners.ParentRunner.runLeaf(ParentRunner.java:366)
	at org.junit.runners.BlockJUnit4ClassRunner.runChild(BlockJUnit4ClassRunner.java:103)
	at org.junit.runners.BlockJUnit4ClassRunner.runChild(BlockJUnit4ClassRunner.java:63)
	at org.junit.runners.ParentRunner$4.run(ParentRunner.java:331)
	at org.junit.runners.ParentRunner$1.schedule(ParentRunner.java:79)
	at org.junit.runners.ParentRunner.runChildren(ParentRunner.java:329)
	at org.junit.runners.ParentRunner.access$100(ParentRunner.java:66)
	at org.junit.runners.ParentRunner$2.evaluate(ParentRunner.java:293)
	at org.junit.runners.ParentRunner$3.evaluate(ParentRunner.java:306)
	at org.junit.runners.ParentRunner.run(ParentRunner.java:413)
	at org.junit.runner.JUnitCore.run(JUnitCore.java:137)
	at org.junit.runner.JUnitCore.run(JUnitCore.java:115)
	at org.junit.vintage.engine.execution.RunnerExecutor.execute(RunnerExecutor.java:42)
	at org.junit.vintage.engine.VintageTestEngine.executeAllChildren(VintageTestEngine.java:80)
	at org.junit.vintage.engine.VintageTestEngine.execute(VintageTestEngine.java:72)
	at org.junit.platform.launcher.core.EngineExecutionOrchestrator.execute(EngineExecutionOrchestrator.java:107)
	at org.junit.platform.launcher.core.EngineExecutionOrchestrator.execute(EngineExecutionOrchestrator.java:88)
	at org.junit.platform.launcher.core.EngineExecutionOrchestrator.lambda$execute$0(EngineExecutionOrchestrator.java:54)
	at org.junit.platform.launcher.core.EngineExecutionOrchestrator.withInterceptedStreams(EngineExecutionOrchestrator.java:67)
	at org.junit.platform.launcher.core.EngineExecutionOrchestrator.execute(EngineExecutionOrchestrator.java:52)
	at org.junit.platform.launcher.core.DefaultLauncher.execute(DefaultLauncher.java:114)
	at org.junit.platform.launcher.core.DefaultLauncher.execute(DefaultLauncher.java:86)
	at org.junit.platform.launcher.core.DefaultLauncherSession$DelegatingLauncher.execute(DefaultLauncherSession.java:86)
	at org.junit.platform.launcher.core.SessionPerRequestLauncher.execute(SessionPerRequestLauncher.java:53)
	at org.apache.maven.surefire.junitplatform.JUnitPlatformProvider.invokeAllTests(JUnitPlatformProvider.java:154)
	at org.apache.maven.surefire.junitplatform.JUnitPlatformProvider.invoke(JUnitPlatformProvider.java:123)
	at org.apache.maven.surefire.booter.ForkedBooter.runSuitesInProcess(ForkedBooter.java:377)
	at org.apache.maven.surefire.booter.ForkedBooter.execute(ForkedBooter.java:138)
	at org.apache.maven.surefire.booter.ForkedBooter.run(ForkedBooter.java:465)
	at org.apache.maven.surefire.booter.ForkedBooter.main(ForkedBooter.java:451)
Caused by: java.io.IOException: Failed to pull image selenium/standalone-firefox-debug:3.141.59
Got permission denied while trying to connect to the Docker daemon socket at unix:///var/run/docker.sock: Post "http://%2Fvar%2Frun%2Fdocker.sock/v1.24/images/create?fromImage=selenium%2Fstandalone-firefox-debug&tag=3.141.59": dial unix /var/run/docker.sock: connect: permission denied

	at org.jenkinsci.utils.process.ProcessInputStream.verifyOrDieWith(ProcessInputStream.java:96)
	at org.jenkinsci.test.acceptance.FallbackConfig.createContainerWebDriver(FallbackConfig.java:225)
	at org.jenkinsci.test.acceptance.FallbackConfig.createWebDriver(FallbackConfig.java:126)
	at org.jenkinsci.test.acceptance.FallbackConfig.createWebDriver(FallbackConfig.java:326)
	at org.jenkinsci.test.acceptance.FallbackConfig$$FastClassByGuice$$1b1c975b.invoke(<generated>)
	at com.google.inject.internal.ProviderMethod$FastClassProviderMethod.doProvision(ProviderMethod.java:272)
	at com.google.inject.internal.ProviderMethod.get(ProviderMethod.java:172)
	at com.google.inject.internal.ProviderInternalFactory.provision(ProviderInternalFactory.java:81)
	at com.google.inject.internal.InternalFactoryToInitializableAdapter.provision(InternalFactoryToInitializableAdapter.java:53)
	at com.google.inject.internal.ProviderInternalFactory.circularGet(ProviderInternalFactory.java:61)
	at com.google.inject.internal.InternalFactoryToInitializableAdapter.get(InternalFactoryToInitializableAdapter.java:45)
	at com.google.inject.internal.ProviderToInternalFactoryAdapter$1.call(ProviderToInternalFactoryAdapter.java:46)
	at com.google.inject.internal.InjectorImpl.callInContext(InjectorImpl.java:1103)
	at com.google.inject.internal.ProviderToInternalFactoryAdapter.get(ProviderToInternalFactoryAdapter.java:40)
	at org.jenkinsci.test.acceptance.guice.TestLifecycle$1.get(TestLifecycle.java:61)
	at com.google.inject.internal.InternalFactoryToProviderAdapter.get(InternalFactoryToProviderAdapter.java:41)
	at com.google.inject.internal.SingleFieldInjector.inject(SingleFieldInjector.java:54)
	at com.google.inject.internal.MembersInjectorImpl.injectMembers(MembersInjectorImpl.java:132)
	at com.google.inject.internal.ConstructorInjector.provision(ConstructorInjector.java:114)
	at com.google.inject.internal.ConstructorInjector.construct(ConstructorInjector.java:85)
	at com.google.inject.internal.ConstructorBindingImpl$Factory.get(ConstructorBindingImpl.java:267)
	at com.google.inject.internal.InjectorImpl$2$1.call(InjectorImpl.java:1016)
	at com.google.inject.internal.InjectorImpl.callInContext(InjectorImpl.java:1092)
	at com.google.inject.internal.InjectorImpl$2.get(InjectorImpl.java:1012)
	... 37 more

[ERROR] io.jenkins.plugins.analysis.warnings.SmokeTests.shouldShowBuildSummaryAndLinkToDetails  Time elapsed: 0.255 s  <<< ERROR!
com.google.inject.ProvisionException: 
Unable to provision, see the following errors:

1) Error in custom provider, java.io.IOException: Failed to pull image selenium/standalone-firefox-debug:3.141.59
Got permission denied while trying to connect to the Docker daemon socket at unix:///var/run/docker.sock: Post "http://%2Fvar%2Frun%2Fdocker.sock/v1.24/images/create?fromImage=selenium%2Fstandalone-firefox-debug&tag=3.141.59": dial unix /var/run/docker.sock: connect: permission denied

  at org.jenkinsci.test.acceptance.FallbackConfig.createWebDriver(FallbackConfig.java:326) (via modules: org.jenkinsci.test.acceptance.guice.World -> com.google.inject.util.Modules$OverrideModule -> com.google.inject.util.Modules$OverrideModule -> org.jenkinsci.test.acceptance.FallbackConfig)
  at org.jenkinsci.test.acceptance.FallbackConfig.createWebDriver(FallbackConfig.java:326) (via modules: org.jenkinsci.test.acceptance.guice.World -> com.google.inject.util.Modules$OverrideModule -> com.google.inject.util.Modules$OverrideModule -> org.jenkinsci.test.acceptance.FallbackConfig)
  while locating org.openqa.selenium.WebDriver
    for field at org.jenkinsci.test.acceptance.junit.DiagnosticRule.driver(DiagnosticRule.java:18)
  while locating org.jenkinsci.test.acceptance.junit.DiagnosticRule

1 error
	at com.google.inject.internal.InjectorImpl$2.get(InjectorImpl.java:1025)
	at com.google.inject.internal.InjectorImpl.getInstance(InjectorImpl.java:1051)
	at org.jenkinsci.test.acceptance.junit.JenkinsAcceptanceTestRule$1.addRule(JenkinsAcceptanceTestRule.java:151)
	at org.jenkinsci.test.acceptance.junit.JenkinsAcceptanceTestRule$1.collectGlobalRules(JenkinsAcceptanceTestRule.java:125)
	at org.jenkinsci.test.acceptance.junit.JenkinsAcceptanceTestRule$1.decorateWithRules(JenkinsAcceptanceTestRule.java:92)
	at org.jenkinsci.test.acceptance.junit.JenkinsAcceptanceTestRule$1.evaluate(JenkinsAcceptanceTestRule.java:58)
	at org.junit.runners.ParentRunner$3.evaluate(ParentRunner.java:306)
	at org.junit.runners.BlockJUnit4ClassRunner$1.evaluate(BlockJUnit4ClassRunner.java:100)
	at org.junit.runners.ParentRunner.runLeaf(ParentRunner.java:366)
	at org.junit.runners.BlockJUnit4ClassRunner.runChild(BlockJUnit4ClassRunner.java:103)
	at org.junit.runners.BlockJUnit4ClassRunner.runChild(BlockJUnit4ClassRunner.java:63)
	at org.junit.runners.ParentRunner$4.run(ParentRunner.java:331)
	at org.junit.runners.ParentRunner$1.schedule(ParentRunner.java:79)
	at org.junit.runners.ParentRunner.runChildren(ParentRunner.java:329)
	at org.junit.runners.ParentRunner.access$100(ParentRunner.java:66)
	at org.junit.runners.ParentRunner$2.evaluate(ParentRunner.java:293)
	at org.junit.runners.ParentRunner$3.evaluate(ParentRunner.java:306)
	at org.junit.runners.ParentRunner.run(ParentRunner.java:413)
	at org.junit.runner.JUnitCore.run(JUnitCore.java:137)
	at org.junit.runner.JUnitCore.run(JUnitCore.java:115)
	at org.junit.vintage.engine.execution.RunnerExecutor.execute(RunnerExecutor.java:42)
	at org.junit.vintage.engine.VintageTestEngine.executeAllChildren(VintageTestEngine.java:80)
	at org.junit.vintage.engine.VintageTestEngine.execute(VintageTestEngine.java:72)
	at org.junit.platform.launcher.core.EngineExecutionOrchestrator.execute(EngineExecutionOrchestrator.java:107)
	at org.junit.platform.launcher.core.EngineExecutionOrchestrator.execute(EngineExecutionOrchestrator.java:88)
	at org.junit.platform.launcher.core.EngineExecutionOrchestrator.lambda$execute$0(EngineExecutionOrchestrator.java:54)
	at org.junit.platform.launcher.core.EngineExecutionOrchestrator.withInterceptedStreams(EngineExecutionOrchestrator.java:67)
	at org.junit.platform.launcher.core.EngineExecutionOrchestrator.execute(EngineExecutionOrchestrator.java:52)
	at org.junit.platform.launcher.core.DefaultLauncher.execute(DefaultLauncher.java:114)
	at org.junit.platform.launcher.core.DefaultLauncher.execute(DefaultLauncher.java:86)
	at org.junit.platform.launcher.core.DefaultLauncherSession$DelegatingLauncher.execute(DefaultLauncherSession.java:86)
	at org.junit.platform.launcher.core.SessionPerRequestLauncher.execute(SessionPerRequestLauncher.java:53)
	at org.apache.maven.surefire.junitplatform.JUnitPlatformProvider.invokeAllTests(JUnitPlatformProvider.java:154)
	at org.apache.maven.surefire.junitplatform.JUnitPlatformProvider.invoke(JUnitPlatformProvider.java:123)
	at org.apache.maven.surefire.booter.ForkedBooter.runSuitesInProcess(ForkedBooter.java:377)
	at org.apache.maven.surefire.booter.ForkedBooter.execute(ForkedBooter.java:138)
	at org.apache.maven.surefire.booter.ForkedBooter.run(ForkedBooter.java:465)
	at org.apache.maven.surefire.booter.ForkedBooter.main(ForkedBooter.java:451)
Caused by: java.io.IOException: Failed to pull image selenium/standalone-firefox-debug:3.141.59
Got permission denied while trying to connect to the Docker daemon socket at unix:///var/run/docker.sock: Post "http://%2Fvar%2Frun%2Fdocker.sock/v1.24/images/create?fromImage=selenium%2Fstandalone-firefox-debug&tag=3.141.59": dial unix /var/run/docker.sock: connect: permission denied

	at org.jenkinsci.utils.process.ProcessInputStream.verifyOrDieWith(ProcessInputStream.java:96)
	at org.jenkinsci.test.acceptance.FallbackConfig.createContainerWebDriver(FallbackConfig.java:225)
	at org.jenkinsci.test.acceptance.FallbackConfig.createWebDriver(FallbackConfig.java:126)
	at org.jenkinsci.test.acceptance.FallbackConfig.createWebDriver(FallbackConfig.java:326)
	at org.jenkinsci.test.acceptance.FallbackConfig$$FastClassByGuice$$1b1c975b.invoke(<generated>)
	at com.google.inject.internal.ProviderMethod$FastClassProviderMethod.doProvision(ProviderMethod.java:272)
	at com.google.inject.internal.ProviderMethod.get(ProviderMethod.java:172)
	at com.google.inject.internal.ProviderInternalFactory.provision(ProviderInternalFactory.java:81)
	at com.google.inject.internal.InternalFactoryToInitializableAdapter.provision(InternalFactoryToInitializableAdapter.java:53)
	at com.google.inject.internal.ProviderInternalFactory.circularGet(ProviderInternalFactory.java:61)
	at com.google.inject.internal.InternalFactoryToInitializableAdapter.get(InternalFactoryToInitializableAdapter.java:45)
	at com.google.inject.internal.ProviderToInternalFactoryAdapter$1.call(ProviderToInternalFactoryAdapter.java:46)
	at com.google.inject.internal.InjectorImpl.callInContext(InjectorImpl.java:1103)
	at com.google.inject.internal.ProviderToInternalFactoryAdapter.get(ProviderToInternalFactoryAdapter.java:40)
	at org.jenkinsci.test.acceptance.guice.TestLifecycle$1.get(TestLifecycle.java:61)
	at com.google.inject.internal.InternalFactoryToProviderAdapter.get(InternalFactoryToProviderAdapter.java:41)
	at com.google.inject.internal.SingleFieldInjector.inject(SingleFieldInjector.java:54)
	at com.google.inject.internal.MembersInjectorImpl.injectMembers(MembersInjectorImpl.java:132)
	at com.google.inject.internal.ConstructorInjector.provision(ConstructorInjector.java:114)
	at com.google.inject.internal.ConstructorInjector.construct(ConstructorInjector.java:85)
	at com.google.inject.internal.ConstructorBindingImpl$Factory.get(ConstructorBindingImpl.java:267)
	at com.google.inject.internal.InjectorImpl$2$1.call(InjectorImpl.java:1016)
	at com.google.inject.internal.InjectorImpl.callInContext(InjectorImpl.java:1092)
	at com.google.inject.internal.InjectorImpl$2.get(InjectorImpl.java:1012)
	... 37 more

[INFO] Running io.jenkins.plugins.analysis.warnings.SmokeTests
[ERROR] Tests run: 2, Failures: 0, Errors: 2, Skipped: 0, Time elapsed: 0.47 s <<< FAILURE! - in io.jenkins.plugins.analysis.warnings.SmokeTests
[ERROR] io.jenkins.plugins.analysis.warnings.SmokeTests.shouldRecordIssuesInPipelineAndExpandTokens  Time elapsed: 0.236 s  <<< ERROR!
com.google.inject.ProvisionException: 
Unable to provision, see the following errors:

1) Error in custom provider, java.io.IOException: Failed to pull image selenium/standalone-firefox-debug:3.141.59
Got permission denied while trying to connect to the Docker daemon socket at unix:///var/run/docker.sock: Post "http://%2Fvar%2Frun%2Fdocker.sock/v1.24/images/create?fromImage=selenium%2Fstandalone-firefox-debug&tag=3.141.59": dial unix /var/run/docker.sock: connect: permission denied

  at org.jenkinsci.test.acceptance.FallbackConfig.createWebDriver(FallbackConfig.java:326) (via modules: org.jenkinsci.test.acceptance.guice.World -> com.google.inject.util.Modules$OverrideModule -> com.google.inject.util.Modules$OverrideModule -> org.jenkinsci.test.acceptance.FallbackConfig)
  at org.jenkinsci.test.acceptance.FallbackConfig.createWebDriver(FallbackConfig.java:326) (via modules: org.jenkinsci.test.acceptance.guice.World -> com.google.inject.util.Modules$OverrideModule -> com.google.inject.util.Modules$OverrideModule -> org.jenkinsci.test.acceptance.FallbackConfig)
  while locating org.openqa.selenium.WebDriver
    for field at org.jenkinsci.test.acceptance.junit.DiagnosticRule.driver(DiagnosticRule.java:18)
  while locating org.jenkinsci.test.acceptance.junit.DiagnosticRule

1 error
	at com.google.inject.internal.InjectorImpl$2.get(InjectorImpl.java:1025)
	at com.google.inject.internal.InjectorImpl.getInstance(InjectorImpl.java:1051)
	at org.jenkinsci.test.acceptance.junit.JenkinsAcceptanceTestRule$1.addRule(JenkinsAcceptanceTestRule.java:151)
	at org.jenkinsci.test.acceptance.junit.JenkinsAcceptanceTestRule$1.collectGlobalRules(JenkinsAcceptanceTestRule.java:125)
	at org.jenkinsci.test.acceptance.junit.JenkinsAcceptanceTestRule$1.decorateWithRules(JenkinsAcceptanceTestRule.java:92)
	at org.jenkinsci.test.acceptance.junit.JenkinsAcceptanceTestRule$1.evaluate(JenkinsAcceptanceTestRule.java:58)
	at org.junit.runners.ParentRunner$3.evaluate(ParentRunner.java:306)
	at org.junit.runners.BlockJUnit4ClassRunner$1.evaluate(BlockJUnit4ClassRunner.java:100)
	at org.junit.runners.ParentRunner.runLeaf(ParentRunner.java:366)
	at org.junit.runners.BlockJUnit4ClassRunner.runChild(BlockJUnit4ClassRunner.java:103)
	at org.junit.runners.BlockJUnit4ClassRunner.runChild(BlockJUnit4ClassRunner.java:63)
	at org.junit.runners.ParentRunner$4.run(ParentRunner.java:331)
	at org.junit.runners.ParentRunner$1.schedule(ParentRunner.java:79)
	at org.junit.runners.ParentRunner.runChildren(ParentRunner.java:329)
	at org.junit.runners.ParentRunner.access$100(ParentRunner.java:66)
	at org.junit.runners.ParentRunner$2.evaluate(ParentRunner.java:293)
	at org.junit.runners.ParentRunner$3.evaluate(ParentRunner.java:306)
	at org.junit.runners.ParentRunner.run(ParentRunner.java:413)
	at org.junit.runner.JUnitCore.run(JUnitCore.java:137)
	at org.junit.runner.JUnitCore.run(JUnitCore.java:115)
	at org.junit.vintage.engine.execution.RunnerExecutor.execute(RunnerExecutor.java:42)
	at org.junit.vintage.engine.VintageTestEngine.executeAllChildren(VintageTestEngine.java:80)
	at org.junit.vintage.engine.VintageTestEngine.execute(VintageTestEngine.java:72)
	at org.junit.platform.launcher.core.EngineExecutionOrchestrator.execute(EngineExecutionOrchestrator.java:107)
	at org.junit.platform.launcher.core.EngineExecutionOrchestrator.execute(EngineExecutionOrchestrator.java:88)
	at org.junit.platform.launcher.core.EngineExecutionOrchestrator.lambda$execute$0(EngineExecutionOrchestrator.java:54)
	at org.junit.platform.launcher.core.EngineExecutionOrchestrator.withInterceptedStreams(EngineExecutionOrchestrator.java:67)
	at org.junit.platform.launcher.core.EngineExecutionOrchestrator.execute(EngineExecutionOrchestrator.java:52)
	at org.junit.platform.launcher.core.DefaultLauncher.execute(DefaultLauncher.java:114)
	at org.junit.platform.launcher.core.DefaultLauncher.execute(DefaultLauncher.java:86)
	at org.junit.platform.launcher.core.DefaultLauncherSession$DelegatingLauncher.execute(DefaultLauncherSession.java:86)
	at org.junit.platform.launcher.core.SessionPerRequestLauncher.execute(SessionPerRequestLauncher.java:53)
	at org.apache.maven.surefire.junitplatform.JUnitPlatformProvider.invokeAllTests(JUnitPlatformProvider.java:165)
	at org.apache.maven.surefire.junitplatform.JUnitPlatformProvider.invoke(JUnitPlatformProvider.java:123)
	at org.apache.maven.surefire.booter.ForkedBooter.runSuitesInProcess(ForkedBooter.java:377)
	at org.apache.maven.surefire.booter.ForkedBooter.execute(ForkedBooter.java:138)
	at org.apache.maven.surefire.booter.ForkedBooter.run(ForkedBooter.java:465)
	at org.apache.maven.surefire.booter.ForkedBooter.main(ForkedBooter.java:451)
Caused by: java.io.IOException: Failed to pull image selenium/standalone-firefox-debug:3.141.59
Got permission denied while trying to connect to the Docker daemon socket at unix:///var/run/docker.sock: Post "http://%2Fvar%2Frun%2Fdocker.sock/v1.24/images/create?fromImage=selenium%2Fstandalone-firefox-debug&tag=3.141.59": dial unix /var/run/docker.sock: connect: permission denied

	at org.jenkinsci.utils.process.ProcessInputStream.verifyOrDieWith(ProcessInputStream.java:96)
	at org.jenkinsci.test.acceptance.FallbackConfig.createContainerWebDriver(FallbackConfig.java:225)
	at org.jenkinsci.test.acceptance.FallbackConfig.createWebDriver(FallbackConfig.java:126)
	at org.jenkinsci.test.acceptance.FallbackConfig.createWebDriver(FallbackConfig.java:326)
	at org.jenkinsci.test.acceptance.FallbackConfig$$FastClassByGuice$$1b1c975b.invoke(<generated>)
	at com.google.inject.internal.ProviderMethod$FastClassProviderMethod.doProvision(ProviderMethod.java:272)
	at com.google.inject.internal.ProviderMethod.get(ProviderMethod.java:172)
	at com.google.inject.internal.ProviderInternalFactory.provision(ProviderInternalFactory.java:81)
	at com.google.inject.internal.InternalFactoryToInitializableAdapter.provision(InternalFactoryToInitializableAdapter.java:53)
	at com.google.inject.internal.ProviderInternalFactory.circularGet(ProviderInternalFactory.java:61)
	at com.google.inject.internal.InternalFactoryToInitializableAdapter.get(InternalFactoryToInitializableAdapter.java:45)
	at com.google.inject.internal.ProviderToInternalFactoryAdapter$1.call(ProviderToInternalFactoryAdapter.java:46)
	at com.google.inject.internal.InjectorImpl.callInContext(InjectorImpl.java:1103)
	at com.google.inject.internal.ProviderToInternalFactoryAdapter.get(ProviderToInternalFactoryAdapter.java:40)
	at org.jenkinsci.test.acceptance.guice.TestLifecycle$1.get(TestLifecycle.java:61)
	at com.google.inject.internal.InternalFactoryToProviderAdapter.get(InternalFactoryToProviderAdapter.java:41)
	at com.google.inject.internal.SingleFieldInjector.inject(SingleFieldInjector.java:54)
	at com.google.inject.internal.MembersInjectorImpl.injectMembers(MembersInjectorImpl.java:132)
	at com.google.inject.internal.ConstructorInjector.provision(ConstructorInjector.java:114)
	at com.google.inject.internal.ConstructorInjector.construct(ConstructorInjector.java:85)
	at com.google.inject.internal.ConstructorBindingImpl$Factory.get(ConstructorBindingImpl.java:267)
	at com.google.inject.internal.InjectorImpl$2$1.call(InjectorImpl.java:1016)
	at com.google.inject.internal.InjectorImpl.callInContext(InjectorImpl.java:1092)
	at com.google.inject.internal.InjectorImpl$2.get(InjectorImpl.java:1012)
	... 37 more

[ERROR] io.jenkins.plugins.analysis.warnings.SmokeTests.shouldShowBuildSummaryAndLinkToDetails  Time elapsed: 0.227 s  <<< ERROR!
com.google.inject.ProvisionException: 
Unable to provision, see the following errors:

1) Error in custom provider, java.io.IOException: Failed to pull image selenium/standalone-firefox-debug:3.141.59
Got permission denied while trying to connect to the Docker daemon socket at unix:///var/run/docker.sock: Post "http://%2Fvar%2Frun%2Fdocker.sock/v1.24/images/create?fromImage=selenium%2Fstandalone-firefox-debug&tag=3.141.59": dial unix /var/run/docker.sock: connect: permission denied

  at org.jenkinsci.test.acceptance.FallbackConfig.createWebDriver(FallbackConfig.java:326) (via modules: org.jenkinsci.test.acceptance.guice.World -> com.google.inject.util.Modules$OverrideModule -> com.google.inject.util.Modules$OverrideModule -> org.jenkinsci.test.acceptance.FallbackConfig)
  at org.jenkinsci.test.acceptance.FallbackConfig.createWebDriver(FallbackConfig.java:326) (via modules: org.jenkinsci.test.acceptance.guice.World -> com.google.inject.util.Modules$OverrideModule -> com.google.inject.util.Modules$OverrideModule -> org.jenkinsci.test.acceptance.FallbackConfig)
  while locating org.openqa.selenium.WebDriver
    for field at org.jenkinsci.test.acceptance.junit.DiagnosticRule.driver(DiagnosticRule.java:18)
  while locating org.jenkinsci.test.acceptance.junit.DiagnosticRule

1 error
	at com.google.inject.internal.InjectorImpl$2.get(InjectorImpl.java:1025)
	at com.google.inject.internal.InjectorImpl.getInstance(InjectorImpl.java:1051)
	at org.jenkinsci.test.acceptance.junit.JenkinsAcceptanceTestRule$1.addRule(JenkinsAcceptanceTestRule.java:151)
	at org.jenkinsci.test.acceptance.junit.JenkinsAcceptanceTestRule$1.collectGlobalRules(JenkinsAcceptanceTestRule.java:125)
	at org.jenkinsci.test.acceptance.junit.JenkinsAcceptanceTestRule$1.decorateWithRules(JenkinsAcceptanceTestRule.java:92)
	at org.jenkinsci.test.acceptance.junit.JenkinsAcceptanceTestRule$1.evaluate(JenkinsAcceptanceTestRule.java:58)
	at org.junit.runners.ParentRunner$3.evaluate(ParentRunner.java:306)
	at org.junit.runners.BlockJUnit4ClassRunner$1.evaluate(BlockJUnit4ClassRunner.java:100)
	at org.junit.runners.ParentRunner.runLeaf(ParentRunner.java:366)
	at org.junit.runners.BlockJUnit4ClassRunner.runChild(BlockJUnit4ClassRunner.java:103)
	at org.junit.runners.BlockJUnit4ClassRunner.runChild(BlockJUnit4ClassRunner.java:63)
	at org.junit.runners.ParentRunner$4.run(ParentRunner.java:331)
	at org.junit.runners.ParentRunner$1.schedule(ParentRunner.java:79)
	at org.junit.runners.ParentRunner.runChildren(ParentRunner.java:329)
	at org.junit.runners.ParentRunner.access$100(ParentRunner.java:66)
	at org.junit.runners.ParentRunner$2.evaluate(ParentRunner.java:293)
	at org.junit.runners.ParentRunner$3.evaluate(ParentRunner.java:306)
	at org.junit.runners.ParentRunner.run(ParentRunner.java:413)
	at org.junit.runner.JUnitCore.run(JUnitCore.java:137)
	at org.junit.runner.JUnitCore.run(JUnitCore.java:115)
	at org.junit.vintage.engine.execution.RunnerExecutor.execute(RunnerExecutor.java:42)
	at org.junit.vintage.engine.VintageTestEngine.executeAllChildren(VintageTestEngine.java:80)
	at org.junit.vintage.engine.VintageTestEngine.execute(VintageTestEngine.java:72)
	at org.junit.platform.launcher.core.EngineExecutionOrchestrator.execute(EngineExecutionOrchestrator.java:107)
	at org.junit.platform.launcher.core.EngineExecutionOrchestrator.execute(EngineExecutionOrchestrator.java:88)
	at org.junit.platform.launcher.core.EngineExecutionOrchestrator.lambda$execute$0(EngineExecutionOrchestrator.java:54)
	at org.junit.platform.launcher.core.EngineExecutionOrchestrator.withInterceptedStreams(EngineExecutionOrchestrator.java:67)
	at org.junit.platform.launcher.core.EngineExecutionOrchestrator.execute(EngineExecutionOrchestrator.java:52)
	at org.junit.platform.launcher.core.DefaultLauncher.execute(DefaultLauncher.java:114)
	at org.junit.platform.launcher.core.DefaultLauncher.execute(DefaultLauncher.java:86)
	at org.junit.platform.launcher.core.DefaultLauncherSession$DelegatingLauncher.execute(DefaultLauncherSession.java:86)
	at org.junit.platform.launcher.core.SessionPerRequestLauncher.execute(SessionPerRequestLauncher.java:53)
	at org.apache.maven.surefire.junitplatform.JUnitPlatformProvider.invokeAllTests(JUnitPlatformProvider.java:165)
	at org.apache.maven.surefire.junitplatform.JUnitPlatformProvider.invoke(JUnitPlatformProvider.java:123)
	at org.apache.maven.surefire.booter.ForkedBooter.runSuitesInProcess(ForkedBooter.java:377)
	at org.apache.maven.surefire.booter.ForkedBooter.execute(ForkedBooter.java:138)
	at org.apache.maven.surefire.booter.ForkedBooter.run(ForkedBooter.java:465)
	at org.apache.maven.surefire.booter.ForkedBooter.main(ForkedBooter.java:451)
Caused by: java.io.IOException: Failed to pull image selenium/standalone-firefox-debug:3.141.59
Got permission denied while trying to connect to the Docker daemon socket at unix:///var/run/docker.sock: Post "http://%2Fvar%2Frun%2Fdocker.sock/v1.24/images/create?fromImage=selenium%2Fstandalone-firefox-debug&tag=3.141.59": dial unix /var/run/docker.sock: connect: permission denied

	at org.jenkinsci.utils.process.ProcessInputStream.verifyOrDieWith(ProcessInputStream.java:96)
	at org.jenkinsci.test.acceptance.FallbackConfig.createContainerWebDriver(FallbackConfig.java:225)
	at org.jenkinsci.test.acceptance.FallbackConfig.createWebDriver(FallbackConfig.java:126)
	at org.jenkinsci.test.acceptance.FallbackConfig.createWebDriver(FallbackConfig.java:326)
	at org.jenkinsci.test.acceptance.FallbackConfig$$FastClassByGuice$$1b1c975b.invoke(<generated>)
	at com.google.inject.internal.ProviderMethod$FastClassProviderMethod.doProvision(ProviderMethod.java:272)
	at com.google.inject.internal.ProviderMethod.get(ProviderMethod.java:172)
	at com.google.inject.internal.ProviderInternalFactory.provision(ProviderInternalFactory.java:81)
	at com.google.inject.internal.InternalFactoryToInitializableAdapter.provision(InternalFactoryToInitializableAdapter.java:53)
	at com.google.inject.internal.ProviderInternalFactory.circularGet(ProviderInternalFactory.java:61)
	at com.google.inject.internal.InternalFactoryToInitializableAdapter.get(InternalFactoryToInitializableAdapter.java:45)
	at com.google.inject.internal.ProviderToInternalFactoryAdapter$1.call(ProviderToInternalFactoryAdapter.java:46)
	at com.google.inject.internal.InjectorImpl.callInContext(InjectorImpl.java:1103)
	at com.google.inject.internal.ProviderToInternalFactoryAdapter.get(ProviderToInternalFactoryAdapter.java:40)
	at org.jenkinsci.test.acceptance.guice.TestLifecycle$1.get(TestLifecycle.java:61)
	at com.google.inject.internal.InternalFactoryToProviderAdapter.get(InternalFactoryToProviderAdapter.java:41)
	at com.google.inject.internal.SingleFieldInjector.inject(SingleFieldInjector.java:54)
	at com.google.inject.internal.MembersInjectorImpl.injectMembers(MembersInjectorImpl.java:132)
	at com.google.inject.internal.ConstructorInjector.provision(ConstructorInjector.java:114)
	at com.google.inject.internal.ConstructorInjector.construct(ConstructorInjector.java:85)
	at com.google.inject.internal.ConstructorBindingImpl$Factory.get(ConstructorBindingImpl.java:267)
	at com.google.inject.internal.InjectorImpl$2$1.call(InjectorImpl.java:1016)
	at com.google.inject.internal.InjectorImpl.callInContext(InjectorImpl.java:1092)
	at com.google.inject.internal.InjectorImpl$2.get(InjectorImpl.java:1012)
	... 37 more

2023-02-01 21:03:12,343 [LittleProxy-JVM-shutdown-hook] INFO   (DefaultHttpProxyServer.java:426) org.littleshoot.proxy.impl.DefaultHttpProxyServer - Shutting down proxy server immediately (non-graceful)
2023-02-01 21:03:12,354 [LittleProxy-JVM-shutdown-hook] INFO   (DefaultHttpProxyServer.java:459) org.littleshoot.proxy.impl.DefaultHttpProxyServer - Closing all channels (non-graceful)
2023-02-01 21:03:12,360 [LittleProxy-JVM-shutdown-hook] INFO   (ServerGroup.java:212) org.littleshoot.proxy.impl.ServerGroup - Shutting down server group event loops (non-graceful)
2023-02-01 21:03:12,426 [LittleProxy-JVM-shutdown-hook] INFO   (DefaultHttpProxyServer.java:440) org.littleshoot.proxy.impl.DefaultHttpProxyServer - Done shutting down proxy server
[INFO] 
[INFO] Results:
[INFO] 
[ERROR] Errors: 
[ERROR] io.jenkins.plugins.analysis.warnings.SmokeTests.shouldRecordIssuesInPipelineAndExpandTokens
[ERROR]   Run 1: SmokeTests.shouldRecordIssuesInPipelineAndExpandTokens  Provision Unable to p...
[ERROR]   Run 2: SmokeTests.shouldRecordIssuesInPipelineAndExpandTokens  Provision Unable to p...
[INFO] 
[ERROR] io.jenkins.plugins.analysis.warnings.SmokeTests.shouldShowBuildSummaryAndLinkToDetails
[ERROR]   Run 1: SmokeTests.shouldShowBuildSummaryAndLinkToDetails  Provision Unable to provis...
[ERROR]   Run 2: SmokeTests.shouldShowBuildSummaryAndLinkToDetails  Provision Unable to provis...
[INFO] 
[INFO] 
[ERROR] Tests run: 2, Failures: 0, Errors: 2, Skipped: 0
[INFO] 
[INFO] ------------------------------------------------------------------------
[INFO] Reactor Summary:
[INFO] 
[INFO] Warnings Next Generation Plugin 9.12.0-SNAPSHOT .... SUCCESS [05:04 min]
[INFO] UI Tests of Warnings Plugin UNVERSIONED ............ FAILURE [ 20.736 s]
[INFO] Aggregator for Warnings Plugin UNVERSIONED ......... SKIPPED
[INFO] ------------------------------------------------------------------------
[INFO] BUILD FAILURE
[INFO] ------------------------------------------------------------------------
[INFO] Total time:  05:26 min
[INFO] Finished at: 2023-02-01T21:03:12Z
[INFO] ------------------------------------------------------------------------
[ERROR] Failed to execute goal org.apache.maven.plugins:maven-surefire-plugin:3.0.0-M4:test (default-test) on project warnings-ng-ui-tests: There are test failures.
[ERROR] 
[ERROR] Please refer to /home/gabsko/breaking-updates/ui-tests/target/surefire-reports for the individual test results.
[ERROR] Please refer to dump files (if any exist) [date].dump, [date]-jvmRun[N].dump and [date].dumpstream.
[ERROR] -> [Help 1]
[ERROR] 
[ERROR] To see the full stack trace of the errors, re-run Maven with the -e switch.
[ERROR] Re-run Maven using the -X switch to enable full debug logging.
[ERROR] 
[ERROR] For more information about the errors and possible solutions, please read the following articles:
[ERROR] [Help 1] http://cwiki.apache.org/confluence/display/MAVEN/MojoFailureException
[ERROR] 
[ERROR] After correcting the problems, you can resume the build with the command
[ERROR]   mvn <args> -rf :warnings-ng-ui-tests
