[INFO] Scanning for projects...
[INFO] 
[INFO] ----------------< org.mybatis.caches:mybatis-memcached >----------------
[INFO] Building mybatis-memcached 1.1.1-SNAPSHOT
[INFO] --------------------------------[ jar ]---------------------------------
[INFO] 
[INFO] --- maven-clean-plugin:3.1.0:clean (default-clean) @ mybatis-memcached ---
[INFO] Deleting /home/gabsko/breaking-updates/target
[INFO] 
[INFO] --- maven-enforcer-plugin:3.0.0-M1:enforce (enforce-java) @ mybatis-memcached ---
[INFO] 
[INFO] --- jacoco-maven-plugin:0.8.7:prepare-agent (prepare-agent) @ mybatis-memcached ---
[INFO] argLine set to -javaagent:/home/gabsko/.m2/repository/org/jacoco/org.jacoco.agent/0.8.7/org.jacoco.agent-0.8.7-runtime.jar=destfile=/home/gabsko/breaking-updates/target/jacoco.exec
[INFO] 
[INFO] --- whitespace-maven-plugin:1.0.4:trim (default) @ mybatis-memcached ---
[INFO] 
[INFO] --- formatter-maven-plugin:2.15.0:format (default) @ mybatis-memcached ---
[INFO] Using 'UTF-8' encoding to format source files.
[INFO] Formatting is skipped for types: XML
[INFO] Number of files to be formatted: 18
[INFO] Successfully formatted:          0 file(s)
[INFO] Fail to format:                  0 file(s)
[INFO] Skipped:                         18 file(s)
[INFO] Read only skipped:               0 file(s)
[INFO] Approximate time taken:          0s
[INFO] 
[INFO] --- impsort-maven-plugin:1.6.0:sort (default) @ mybatis-memcached ---
[INFO] Processed 18 files in 00:00.297 (Already Sorted: 18, Needed Sorting: 0)
[INFO] 
[INFO] --- maven-resources-plugin:3.2.0:resources (default-resources) @ mybatis-memcached ---
[INFO] Using 'UTF-8' encoding to copy filtered resources.
[INFO] Using 'UTF-8' encoding to copy filtered properties files.
[INFO] skip non existing resourceDirectory /home/gabsko/breaking-updates/src/main/resources
[INFO] Copying 2 resources to META-INF
[INFO] 
[INFO] --- maven-compiler-plugin:3.8.1:compile (default-compile) @ mybatis-memcached ---
[INFO] Compiling 16 source files to /home/gabsko/breaking-updates/target/classes
[INFO] /home/gabsko/breaking-updates/src/main/java/org/mybatis/caches/memcached/MemcachedClientWrapper.java: Some input files use or override a deprecated API.
[INFO] /home/gabsko/breaking-updates/src/main/java/org/mybatis/caches/memcached/MemcachedClientWrapper.java: Recompile with -Xlint:deprecation for details.
[INFO] 
[INFO] --- license-maven-plugin:4.1:format (default) @ mybatis-memcached ---
[INFO] Updating license headers...
[INFO] Updating license header in: /home/gabsko/breaking-updates/.mvn/extensions.xml
[INFO] 
[INFO] --- animal-sniffer-maven-plugin:1.20:check (check-java-compat) @ mybatis-memcached ---
[INFO] Checking unresolved references to org.codehaus.mojo.signature:java18:1.0
[INFO] 
[INFO] --- maven-bundle-plugin:5.1.2:manifest (bundle-manifest) @ mybatis-memcached ---
[INFO] 
[INFO] --- maven-resources-plugin:3.2.0:testResources (default-testResources) @ mybatis-memcached ---
[INFO] Using 'UTF-8' encoding to copy filtered resources.
[INFO] Using 'UTF-8' encoding to copy filtered properties files.
[INFO] skip non existing resourceDirectory /home/gabsko/breaking-updates/src/test/resources
[INFO] 
[INFO] --- maven-compiler-plugin:3.8.1:testCompile (default-testCompile) @ mybatis-memcached ---
[INFO] Compiling 2 source files to /home/gabsko/breaking-updates/target/test-classes
[INFO] 
[INFO] --- maven-surefire-plugin:3.0.0-M5:test (default-test) @ mybatis-memcached ---
[INFO] 
[INFO] -------------------------------------------------------
[INFO]  T E S T S
[INFO] -------------------------------------------------------
[INFO] Running org.mybatis.caches.memcached.MemcachedTestCase
2023-02-01 22:02:29.526 INFO net.spy.memcached.MemcachedConnection:  Setting retryQueueSize to -1
2023-02-01 22:02:29.534 INFO net.spy.memcached.MemcachedConnection:  Added {QA sa=localhost/127.0.0.1:11211, #Rops=0, #Wops=0, #iq=0, topRop=null, topWop=null, toWrite=0, interested=0} to connect queue
2023-02-01 22:02:29.539 INFO net.spy.memcached.MemcachedConnection:  Reconnecting due to failure to connect to {QA sa=localhost/127.0.0.1:11211, #Rops=0, #Wops=0, #iq=0, topRop=null, topWop=null, toWrite=0, interested=0}
java.net.ConnectException: Connection refused
	at java.base/sun.nio.ch.SocketChannelImpl.checkConnect(Native Method)
	at java.base/sun.nio.ch.SocketChannelImpl.finishConnect(SocketChannelImpl.java:777)
	at net.spy.memcached.MemcachedConnection.handleIO(MemcachedConnection.java:691)
	at net.spy.memcached.MemcachedConnection.handleIO(MemcachedConnection.java:450)
	at net.spy.memcached.MemcachedConnection.run(MemcachedConnection.java:1457)
2023-02-01 22:02:29.541 WARN net.spy.memcached.MemcachedConnection:  Closing, and reopening {QA sa=localhost/127.0.0.1:11211, #Rops=0, #Wops=0, #iq=0, topRop=null, topWop=null, toWrite=0, interested=0}, attempt 1.
2023-02-01 22:02:29.546 WARN net.spy.memcached.MemcachedConnection:  Could not redistribute to another node, retrying primary node for _mybatis_b6589fc6ab0dc82cf12099d1c2d40ab994e8410c.
2023-02-01 22:02:29.547 WARN net.spy.memcached.MemcachedConnection:  Could not redistribute to another node, retrying primary node for _mybatis_812c516200027c6d59a514c3be83675ea36daa6d.
Feb 01, 2023 10:02:32 PM org.apache.ibatis.logging.jdk14.Jdk14LoggingImpl error
SEVERE: Impossible to retrieve group '_mybatis_812c516200027c6d59a514c3be83675ea36daa6d' see nested exceptions
net.spy.memcached.OperationTimeoutException: Timeout waiting for value
	at net.spy.memcached.MemcachedClient.gets(MemcachedClient.java:1146)
	at net.spy.memcached.MemcachedClient.gets(MemcachedClient.java:1210)
	at org.mybatis.caches.memcached.MemcachedClientWrapper.retrieveWithCas(MemcachedClientWrapper.java:235)
	at org.mybatis.caches.memcached.MemcachedClientWrapper.getGroup(MemcachedClientWrapper.java:153)
	at org.mybatis.caches.memcached.MemcachedClientWrapper.putObject(MemcachedClientWrapper.java:262)
	at org.mybatis.caches.memcached.MemcachedCache.putObject(MemcachedCache.java:96)
	at org.mybatis.caches.memcached.MemcachedTestCase.shouldFlushAllItemsOnDemand(MemcachedTestCase.java:72)
	at java.base/jdk.internal.reflect.NativeMethodAccessorImpl.invoke0(Native Method)
	at java.base/jdk.internal.reflect.NativeMethodAccessorImpl.invoke(NativeMethodAccessorImpl.java:62)
	at java.base/jdk.internal.reflect.DelegatingMethodAccessorImpl.invoke(DelegatingMethodAccessorImpl.java:43)
	at java.base/java.lang.reflect.Method.invoke(Method.java:566)
	at org.junit.platform.commons.util.ReflectionUtils.invokeMethod(ReflectionUtils.java:725)
	at org.junit.jupiter.engine.execution.MethodInvocation.proceed(MethodInvocation.java:60)
	at org.junit.jupiter.engine.execution.InvocationInterceptorChain$ValidatingInvocation.proceed(InvocationInterceptorChain.java:131)
	at org.junit.jupiter.engine.extension.TimeoutExtension.intercept(TimeoutExtension.java:149)
	at org.junit.jupiter.engine.extension.TimeoutExtension.interceptTestableMethod(TimeoutExtension.java:140)
	at org.junit.jupiter.engine.extension.TimeoutExtension.interceptTestMethod(TimeoutExtension.java:84)
	at org.junit.jupiter.engine.execution.ExecutableInvoker$ReflectiveInterceptorCall.lambda$ofVoidMethod$0(ExecutableInvoker.java:115)
	at org.junit.jupiter.engine.execution.ExecutableInvoker.lambda$invoke$0(ExecutableInvoker.java:105)
	at org.junit.jupiter.engine.execution.InvocationInterceptorChain$InterceptedInvocation.proceed(InvocationInterceptorChain.java:106)
	at org.junit.jupiter.engine.execution.InvocationInterceptorChain.proceed(InvocationInterceptorChain.java:64)
	at org.junit.jupiter.engine.execution.InvocationInterceptorChain.chainAndInvoke(InvocationInterceptorChain.java:45)
	at org.junit.jupiter.engine.execution.InvocationInterceptorChain.invoke(InvocationInterceptorChain.java:37)
	at org.junit.jupiter.engine.execution.ExecutableInvoker.invoke(ExecutableInvoker.java:104)
	at org.junit.jupiter.engine.execution.ExecutableInvoker.invoke(ExecutableInvoker.java:98)
	at org.junit.jupiter.engine.descriptor.TestMethodTestDescriptor.lambda$invokeTestMethod$7(TestMethodTestDescriptor.java:214)
	at org.junit.platform.engine.support.hierarchical.ThrowableCollector.execute(ThrowableCollector.java:73)
	at org.junit.jupiter.engine.descriptor.TestMethodTestDescriptor.invokeTestMethod(TestMethodTestDescriptor.java:210)
	at org.junit.jupiter.engine.descriptor.TestMethodTestDescriptor.execute(TestMethodTestDescriptor.java:135)
	at org.junit.jupiter.engine.descriptor.TestMethodTestDescriptor.execute(TestMethodTestDescriptor.java:66)
	at org.junit.platform.engine.support.hierarchical.NodeTestTask.lambda$executeRecursively$6(NodeTestTask.java:151)
	at org.junit.platform.engine.support.hierarchical.ThrowableCollector.execute(ThrowableCollector.java:73)
	at org.junit.platform.engine.support.hierarchical.NodeTestTask.lambda$executeRecursively$8(NodeTestTask.java:141)
	at org.junit.platform.engine.support.hierarchical.Node.around(Node.java:137)
	at org.junit.platform.engine.support.hierarchical.NodeTestTask.lambda$executeRecursively$9(NodeTestTask.java:139)
	at org.junit.platform.engine.support.hierarchical.ThrowableCollector.execute(ThrowableCollector.java:73)
	at org.junit.platform.engine.support.hierarchical.NodeTestTask.executeRecursively(NodeTestTask.java:138)
	at org.junit.platform.engine.support.hierarchical.NodeTestTask.execute(NodeTestTask.java:95)
	at java.base/java.util.ArrayList.forEach(ArrayList.java:1541)
	at org.junit.platform.engine.support.hierarchical.SameThreadHierarchicalTestExecutorService.invokeAll(SameThreadHierarchicalTestExecutorService.java:41)
	at org.junit.platform.engine.support.hierarchical.NodeTestTask.lambda$executeRecursively$6(NodeTestTask.java:155)
	at org.junit.platform.engine.support.hierarchical.ThrowableCollector.execute(ThrowableCollector.java:73)
	at org.junit.platform.engine.support.hierarchical.NodeTestTask.lambda$executeRecursively$8(NodeTestTask.java:141)
	at org.junit.platform.engine.support.hierarchical.Node.around(Node.java:137)
	at org.junit.platform.engine.support.hierarchical.NodeTestTask.lambda$executeRecursively$9(NodeTestTask.java:139)
	at org.junit.platform.engine.support.hierarchical.ThrowableCollector.execute(ThrowableCollector.java:73)
	at org.junit.platform.engine.support.hierarchical.NodeTestTask.executeRecursively(NodeTestTask.java:138)
	at org.junit.platform.engine.support.hierarchical.NodeTestTask.execute(NodeTestTask.java:95)
	at java.base/java.util.ArrayList.forEach(ArrayList.java:1541)
	at org.junit.platform.engine.support.hierarchical.SameThreadHierarchicalTestExecutorService.invokeAll(SameThreadHierarchicalTestExecutorService.java:41)
	at org.junit.platform.engine.support.hierarchical.NodeTestTask.lambda$executeRecursively$6(NodeTestTask.java:155)
	at org.junit.platform.engine.support.hierarchical.ThrowableCollector.execute(ThrowableCollector.java:73)
	at org.junit.platform.engine.support.hierarchical.NodeTestTask.lambda$executeRecursively$8(NodeTestTask.java:141)
	at org.junit.platform.engine.support.hierarchical.Node.around(Node.java:137)
	at org.junit.platform.engine.support.hierarchical.NodeTestTask.lambda$executeRecursively$9(NodeTestTask.java:139)
	at org.junit.platform.engine.support.hierarchical.ThrowableCollector.execute(ThrowableCollector.java:73)
	at org.junit.platform.engine.support.hierarchical.NodeTestTask.executeRecursively(NodeTestTask.java:138)
	at org.junit.platform.engine.support.hierarchical.NodeTestTask.execute(NodeTestTask.java:95)
	at org.junit.platform.engine.support.hierarchical.SameThreadHierarchicalTestExecutorService.submit(SameThreadHierarchicalTestExecutorService.java:35)
	at org.junit.platform.engine.support.hierarchical.HierarchicalTestExecutor.execute(HierarchicalTestExecutor.java:57)
	at org.junit.platform.engine.support.hierarchical.HierarchicalTestEngine.execute(HierarchicalTestEngine.java:54)
	at org.junit.platform.launcher.core.EngineExecutionOrchestrator.execute(EngineExecutionOrchestrator.java:107)
	at org.junit.platform.launcher.core.EngineExecutionOrchestrator.execute(EngineExecutionOrchestrator.java:88)
	at org.junit.platform.launcher.core.EngineExecutionOrchestrator.lambda$execute$0(EngineExecutionOrchestrator.java:54)
	at org.junit.platform.launcher.core.EngineExecutionOrchestrator.withInterceptedStreams(EngineExecutionOrchestrator.java:67)
	at org.junit.platform.launcher.core.EngineExecutionOrchestrator.execute(EngineExecutionOrchestrator.java:52)
	at org.junit.platform.launcher.core.DefaultLauncher.execute(DefaultLauncher.java:114)
	at org.junit.platform.launcher.core.DefaultLauncher.execute(DefaultLauncher.java:86)
	at org.junit.platform.launcher.core.DefaultLauncherSession$DelegatingLauncher.execute(DefaultLauncherSession.java:86)
	at org.junit.platform.launcher.core.SessionPerRequestLauncher.execute(SessionPerRequestLauncher.java:53)
	at org.apache.maven.surefire.junitplatform.JUnitPlatformProvider.execute(JUnitPlatformProvider.java:188)
	at org.apache.maven.surefire.junitplatform.JUnitPlatformProvider.invokeAllTests(JUnitPlatformProvider.java:154)
	at org.apache.maven.surefire.junitplatform.JUnitPlatformProvider.invoke(JUnitPlatformProvider.java:128)
	at org.apache.maven.surefire.booter.ForkedBooter.runSuitesInProcess(ForkedBooter.java:428)
	at org.apache.maven.surefire.booter.ForkedBooter.execute(ForkedBooter.java:162)
	at org.apache.maven.surefire.booter.ForkedBooter.run(ForkedBooter.java:562)
	at org.apache.maven.surefire.booter.ForkedBooter.main(ForkedBooter.java:548)
Caused by: net.spy.memcached.internal.CheckedOperationTimeoutException: Timed out waiting for operation - failing node: localhost/127.0.0.1:11211
	at net.spy.memcached.internal.OperationFuture.get(OperationFuture.java:167)
	at net.spy.memcached.MemcachedClient.gets(MemcachedClient.java:1136)
	... 76 more

2023-02-01 22:02:32.085 WARN net.spy.memcached.MemcachedConnection:  Could not redistribute to another node, retrying primary node for _mybatis_812c516200027c6d59a514c3be83675ea36daa6d.
2023-02-01 22:02:33.544 INFO net.spy.memcached.MemcachedConnection:  Reconnecting {QA sa=localhost/127.0.0.1:11211, #Rops=0, #Wops=3, #iq=0, topRop=null, topWop=Cmd: set Key: _mybatis_b6589fc6ab0dc82cf12099d1c2d40ab994e8410c Flags: 512 Exp: 2592000 Data Length: 0, toWrite=0, interested=0}
2023-02-01 22:02:33.546 INFO net.spy.memcached.MemcachedConnection:  Reconnecting due to failure to connect to {QA sa=localhost/127.0.0.1:11211, #Rops=0, #Wops=3, #iq=0, topRop=null, topWop=Cmd: set Key: _mybatis_b6589fc6ab0dc82cf12099d1c2d40ab994e8410c Flags: 512 Exp: 2592000 Data Length: 0, toWrite=0, interested=0}
java.net.ConnectException: Connection refused
	at java.base/sun.nio.ch.SocketChannelImpl.checkConnect(Native Method)
	at java.base/sun.nio.ch.SocketChannelImpl.finishConnect(SocketChannelImpl.java:777)
	at net.spy.memcached.MemcachedConnection.handleIO(MemcachedConnection.java:691)
	at net.spy.memcached.MemcachedConnection.handleIO(MemcachedConnection.java:450)
	at net.spy.memcached.MemcachedConnection.run(MemcachedConnection.java:1457)
2023-02-01 22:02:33.547 WARN net.spy.memcached.MemcachedConnection:  Closing, and reopening {QA sa=localhost/127.0.0.1:11211, #Rops=0, #Wops=3, #iq=0, topRop=null, topWop=Cmd: set Key: _mybatis_b6589fc6ab0dc82cf12099d1c2d40ab994e8410c Flags: 512 Exp: 2592000 Data Length: 0, toWrite=0, interested=0}, attempt 2.
2023-02-01 22:02:34.607 WARN net.spy.memcached.MemcachedConnection:  Could not redistribute to another node, retrying primary node for _mybatis_fa8d9c0acb977c25cb63372e0fabc696fe3406bc.
2023-02-01 22:02:34.608 WARN net.spy.memcached.MemcachedConnection:  Could not redistribute to another node, retrying primary node for _mybatis_812c516200027c6d59a514c3be83675ea36daa6d.
Feb 01, 2023 10:02:37 PM org.apache.ibatis.logging.jdk14.Jdk14LoggingImpl error
SEVERE: Impossible to retrieve group '_mybatis_812c516200027c6d59a514c3be83675ea36daa6d' see nested exceptions
net.spy.memcached.OperationTimeoutException: Timeout waiting for value
	at net.spy.memcached.MemcachedClient.gets(MemcachedClient.java:1146)
	at net.spy.memcached.MemcachedClient.gets(MemcachedClient.java:1210)
	at org.mybatis.caches.memcached.MemcachedClientWrapper.retrieveWithCas(MemcachedClientWrapper.java:235)
	at org.mybatis.caches.memcached.MemcachedClientWrapper.getGroup(MemcachedClientWrapper.java:153)
	at org.mybatis.caches.memcached.MemcachedClientWrapper.putObject(MemcachedClientWrapper.java:262)
	at org.mybatis.caches.memcached.MemcachedCache.putObject(MemcachedCache.java:96)
	at org.mybatis.caches.memcached.MemcachedTestCase.shouldAcceptAKeyBiggerThan250(MemcachedTestCase.java:87)
	at java.base/jdk.internal.reflect.NativeMethodAccessorImpl.invoke0(Native Method)
	at java.base/jdk.internal.reflect.NativeMethodAccessorImpl.invoke(NativeMethodAccessorImpl.java:62)
	at java.base/jdk.internal.reflect.DelegatingMethodAccessorImpl.invoke(DelegatingMethodAccessorImpl.java:43)
	at java.base/java.lang.reflect.Method.invoke(Method.java:566)
	at org.junit.platform.commons.util.ReflectionUtils.invokeMethod(ReflectionUtils.java:725)
	at org.junit.jupiter.engine.execution.MethodInvocation.proceed(MethodInvocation.java:60)
	at org.junit.jupiter.engine.execution.InvocationInterceptorChain$ValidatingInvocation.proceed(InvocationInterceptorChain.java:131)
	at org.junit.jupiter.engine.extension.TimeoutExtension.intercept(TimeoutExtension.java:149)
	at org.junit.jupiter.engine.extension.TimeoutExtension.interceptTestableMethod(TimeoutExtension.java:140)
	at org.junit.jupiter.engine.extension.TimeoutExtension.interceptTestMethod(TimeoutExtension.java:84)
	at org.junit.jupiter.engine.execution.ExecutableInvoker$ReflectiveInterceptorCall.lambda$ofVoidMethod$0(ExecutableInvoker.java:115)
	at org.junit.jupiter.engine.execution.ExecutableInvoker.lambda$invoke$0(ExecutableInvoker.java:105)
	at org.junit.jupiter.engine.execution.InvocationInterceptorChain$InterceptedInvocation.proceed(InvocationInterceptorChain.java:106)
	at org.junit.jupiter.engine.execution.InvocationInterceptorChain.proceed(InvocationInterceptorChain.java:64)
	at org.junit.jupiter.engine.execution.InvocationInterceptorChain.chainAndInvoke(InvocationInterceptorChain.java:45)
	at org.junit.jupiter.engine.execution.InvocationInterceptorChain.invoke(InvocationInterceptorChain.java:37)
	at org.junit.jupiter.engine.execution.ExecutableInvoker.invoke(ExecutableInvoker.java:104)
	at org.junit.jupiter.engine.execution.ExecutableInvoker.invoke(ExecutableInvoker.java:98)
	at org.junit.jupiter.engine.descriptor.TestMethodTestDescriptor.lambda$invokeTestMethod$7(TestMethodTestDescriptor.java:214)
	at org.junit.platform.engine.support.hierarchical.ThrowableCollector.execute(ThrowableCollector.java:73)
	at org.junit.jupiter.engine.descriptor.TestMethodTestDescriptor.invokeTestMethod(TestMethodTestDescriptor.java:210)
	at org.junit.jupiter.engine.descriptor.TestMethodTestDescriptor.execute(TestMethodTestDescriptor.java:135)
	at org.junit.jupiter.engine.descriptor.TestMethodTestDescriptor.execute(TestMethodTestDescriptor.java:66)
	at org.junit.platform.engine.support.hierarchical.NodeTestTask.lambda$executeRecursively$6(NodeTestTask.java:151)
	at org.junit.platform.engine.support.hierarchical.ThrowableCollector.execute(ThrowableCollector.java:73)
	at org.junit.platform.engine.support.hierarchical.NodeTestTask.lambda$executeRecursively$8(NodeTestTask.java:141)
	at org.junit.platform.engine.support.hierarchical.Node.around(Node.java:137)
	at org.junit.platform.engine.support.hierarchical.NodeTestTask.lambda$executeRecursively$9(NodeTestTask.java:139)
	at org.junit.platform.engine.support.hierarchical.ThrowableCollector.execute(ThrowableCollector.java:73)
	at org.junit.platform.engine.support.hierarchical.NodeTestTask.executeRecursively(NodeTestTask.java:138)
	at org.junit.platform.engine.support.hierarchical.NodeTestTask.execute(NodeTestTask.java:95)
	at java.base/java.util.ArrayList.forEach(ArrayList.java:1541)
	at org.junit.platform.engine.support.hierarchical.SameThreadHierarchicalTestExecutorService.invokeAll(SameThreadHierarchicalTestExecutorService.java:41)
	at org.junit.platform.engine.support.hierarchical.NodeTestTask.lambda$executeRecursively$6(NodeTestTask.java:155)
	at org.junit.platform.engine.support.hierarchical.ThrowableCollector.execute(ThrowableCollector.java:73)
	at org.junit.platform.engine.support.hierarchical.NodeTestTask.lambda$executeRecursively$8(NodeTestTask.java:141)
	at org.junit.platform.engine.support.hierarchical.Node.around(Node.java:137)
	at org.junit.platform.engine.support.hierarchical.NodeTestTask.lambda$executeRecursively$9(NodeTestTask.java:139)
	at org.junit.platform.engine.support.hierarchical.ThrowableCollector.execute(ThrowableCollector.java:73)
	at org.junit.platform.engine.support.hierarchical.NodeTestTask.executeRecursively(NodeTestTask.java:138)
	at org.junit.platform.engine.support.hierarchical.NodeTestTask.execute(NodeTestTask.java:95)
	at java.base/java.util.ArrayList.forEach(ArrayList.java:1541)
	at org.junit.platform.engine.support.hierarchical.SameThreadHierarchicalTestExecutorService.invokeAll(SameThreadHierarchicalTestExecutorService.java:41)
	at org.junit.platform.engine.support.hierarchical.NodeTestTask.lambda$executeRecursively$6(NodeTestTask.java:155)
	at org.junit.platform.engine.support.hierarchical.ThrowableCollector.execute(ThrowableCollector.java:73)
	at org.junit.platform.engine.support.hierarchical.NodeTestTask.lambda$executeRecursively$8(NodeTestTask.java:141)
	at org.junit.platform.engine.support.hierarchical.Node.around(Node.java:137)
	at org.junit.platform.engine.support.hierarchical.NodeTestTask.lambda$executeRecursively$9(NodeTestTask.java:139)
	at org.junit.platform.engine.support.hierarchical.ThrowableCollector.execute(ThrowableCollector.java:73)
	at org.junit.platform.engine.support.hierarchical.NodeTestTask.executeRecursively(NodeTestTask.java:138)
	at org.junit.platform.engine.support.hierarchical.NodeTestTask.execute(NodeTestTask.java:95)
	at org.junit.platform.engine.support.hierarchical.SameThreadHierarchicalTestExecutorService.submit(SameThreadHierarchicalTestExecutorService.java:35)
	at org.junit.platform.engine.support.hierarchical.HierarchicalTestExecutor.execute(HierarchicalTestExecutor.java:57)
	at org.junit.platform.engine.support.hierarchical.HierarchicalTestEngine.execute(HierarchicalTestEngine.java:54)
	at org.junit.platform.launcher.core.EngineExecutionOrchestrator.execute(EngineExecutionOrchestrator.java:107)
	at org.junit.platform.launcher.core.EngineExecutionOrchestrator.execute(EngineExecutionOrchestrator.java:88)
	at org.junit.platform.launcher.core.EngineExecutionOrchestrator.lambda$execute$0(EngineExecutionOrchestrator.java:54)
	at org.junit.platform.launcher.core.EngineExecutionOrchestrator.withInterceptedStreams(EngineExecutionOrchestrator.java:67)
	at org.junit.platform.launcher.core.EngineExecutionOrchestrator.execute(EngineExecutionOrchestrator.java:52)
	at org.junit.platform.launcher.core.DefaultLauncher.execute(DefaultLauncher.java:114)
	at org.junit.platform.launcher.core.DefaultLauncher.execute(DefaultLauncher.java:86)
	at org.junit.platform.launcher.core.DefaultLauncherSession$DelegatingLauncher.execute(DefaultLauncherSession.java:86)
	at org.junit.platform.launcher.core.SessionPerRequestLauncher.execute(SessionPerRequestLauncher.java:53)
	at org.apache.maven.surefire.junitplatform.JUnitPlatformProvider.execute(JUnitPlatformProvider.java:188)
	at org.apache.maven.surefire.junitplatform.JUnitPlatformProvider.invokeAllTests(JUnitPlatformProvider.java:154)
	at org.apache.maven.surefire.junitplatform.JUnitPlatformProvider.invoke(JUnitPlatformProvider.java:128)
	at org.apache.maven.surefire.booter.ForkedBooter.runSuitesInProcess(ForkedBooter.java:428)
	at org.apache.maven.surefire.booter.ForkedBooter.execute(ForkedBooter.java:162)
	at org.apache.maven.surefire.booter.ForkedBooter.run(ForkedBooter.java:562)
	at org.apache.maven.surefire.booter.ForkedBooter.main(ForkedBooter.java:548)
Caused by: net.spy.memcached.internal.CheckedOperationTimeoutException: Timed out waiting for operation - failing node: localhost/127.0.0.1:11211
	at net.spy.memcached.internal.OperationFuture.get(OperationFuture.java:167)
	at net.spy.memcached.MemcachedClient.gets(MemcachedClient.java:1136)
	... 76 more

2023-02-01 22:02:37.113 WARN net.spy.memcached.MemcachedConnection:  Could not redistribute to another node, retrying primary node for _mybatis_812c516200027c6d59a514c3be83675ea36daa6d.
2023-02-01 22:02:39.617 WARN net.spy.memcached.MemcachedConnection:  Could not redistribute to another node, retrying primary node for _mybatis_b6589fc6ab0dc82cf12099d1c2d40ab994e8410c.
2023-02-01 22:02:39.617 WARN net.spy.memcached.MemcachedConnection:  Could not redistribute to another node, retrying primary node for _mybatis_812c516200027c6d59a514c3be83675ea36daa6d.
2023-02-01 22:02:41.549 INFO net.spy.memcached.MemcachedConnection:  Reconnecting {QA sa=localhost/127.0.0.1:11211, #Rops=0, #Wops=8, #iq=0, topRop=null, topWop=Cmd: set Key: _mybatis_b6589fc6ab0dc82cf12099d1c2d40ab994e8410c Flags: 512 Exp: 2592000 Data Length: 0, toWrite=0, interested=0}
2023-02-01 22:02:41.550 INFO net.spy.memcached.MemcachedConnection:  Reconnecting due to failure to connect to {QA sa=localhost/127.0.0.1:11211, #Rops=0, #Wops=8, #iq=0, topRop=null, topWop=Cmd: set Key: _mybatis_b6589fc6ab0dc82cf12099d1c2d40ab994e8410c Flags: 512 Exp: 2592000 Data Length: 0, toWrite=0, interested=0}
java.net.ConnectException: Connection refused
	at java.base/sun.nio.ch.SocketChannelImpl.checkConnect(Native Method)
	at java.base/sun.nio.ch.SocketChannelImpl.finishConnect(SocketChannelImpl.java:777)
	at net.spy.memcached.MemcachedConnection.handleIO(MemcachedConnection.java:691)
	at net.spy.memcached.MemcachedConnection.handleIO(MemcachedConnection.java:450)
	at net.spy.memcached.MemcachedConnection.run(MemcachedConnection.java:1457)
2023-02-01 22:02:41.551 WARN net.spy.memcached.MemcachedConnection:  Closing, and reopening {QA sa=localhost/127.0.0.1:11211, #Rops=0, #Wops=8, #iq=0, topRop=null, topWop=Cmd: set Key: _mybatis_b6589fc6ab0dc82cf12099d1c2d40ab994e8410c Flags: 512 Exp: 2592000 Data Length: 0, toWrite=0, interested=0}, attempt 3.
Feb 01, 2023 10:02:42 PM org.apache.ibatis.logging.jdk14.Jdk14LoggingImpl error
SEVERE: Impossible to retrieve group '_mybatis_812c516200027c6d59a514c3be83675ea36daa6d' see nested exceptions
net.spy.memcached.OperationTimeoutException: Timeout waiting for value
	at net.spy.memcached.MemcachedClient.gets(MemcachedClient.java:1146)
	at net.spy.memcached.MemcachedClient.gets(MemcachedClient.java:1210)
	at org.mybatis.caches.memcached.MemcachedClientWrapper.retrieveWithCas(MemcachedClientWrapper.java:235)
	at org.mybatis.caches.memcached.MemcachedClientWrapper.getGroup(MemcachedClientWrapper.java:153)
	at org.mybatis.caches.memcached.MemcachedClientWrapper.putObject(MemcachedClientWrapper.java:262)
	at org.mybatis.caches.memcached.MemcachedCache.putObject(MemcachedCache.java:96)
	at org.mybatis.caches.memcached.MemcachedTestCase.shouldRemoveItemOnDemand(MemcachedTestCase.java:62)
	at java.base/jdk.internal.reflect.NativeMethodAccessorImpl.invoke0(Native Method)
	at java.base/jdk.internal.reflect.NativeMethodAccessorImpl.invoke(NativeMethodAccessorImpl.java:62)
	at java.base/jdk.internal.reflect.DelegatingMethodAccessorImpl.invoke(DelegatingMethodAccessorImpl.java:43)
	at java.base/java.lang.reflect.Method.invoke(Method.java:566)
	at org.junit.platform.commons.util.ReflectionUtils.invokeMethod(ReflectionUtils.java:725)
	at org.junit.jupiter.engine.execution.MethodInvocation.proceed(MethodInvocation.java:60)
	at org.junit.jupiter.engine.execution.InvocationInterceptorChain$ValidatingInvocation.proceed(InvocationInterceptorChain.java:131)
	at org.junit.jupiter.engine.extension.TimeoutExtension.intercept(TimeoutExtension.java:149)
	at org.junit.jupiter.engine.extension.TimeoutExtension.interceptTestableMethod(TimeoutExtension.java:140)
	at org.junit.jupiter.engine.extension.TimeoutExtension.interceptTestMethod(TimeoutExtension.java:84)
	at org.junit.jupiter.engine.execution.ExecutableInvoker$ReflectiveInterceptorCall.lambda$ofVoidMethod$0(ExecutableInvoker.java:115)
	at org.junit.jupiter.engine.execution.ExecutableInvoker.lambda$invoke$0(ExecutableInvoker.java:105)
	at org.junit.jupiter.engine.execution.InvocationInterceptorChain$InterceptedInvocation.proceed(InvocationInterceptorChain.java:106)
	at org.junit.jupiter.engine.execution.InvocationInterceptorChain.proceed(InvocationInterceptorChain.java:64)
	at org.junit.jupiter.engine.execution.InvocationInterceptorChain.chainAndInvoke(InvocationInterceptorChain.java:45)
	at org.junit.jupiter.engine.execution.InvocationInterceptorChain.invoke(InvocationInterceptorChain.java:37)
	at org.junit.jupiter.engine.execution.ExecutableInvoker.invoke(ExecutableInvoker.java:104)
	at org.junit.jupiter.engine.execution.ExecutableInvoker.invoke(ExecutableInvoker.java:98)
	at org.junit.jupiter.engine.descriptor.TestMethodTestDescriptor.lambda$invokeTestMethod$7(TestMethodTestDescriptor.java:214)
	at org.junit.platform.engine.support.hierarchical.ThrowableCollector.execute(ThrowableCollector.java:73)
	at org.junit.jupiter.engine.descriptor.TestMethodTestDescriptor.invokeTestMethod(TestMethodTestDescriptor.java:210)
	at org.junit.jupiter.engine.descriptor.TestMethodTestDescriptor.execute(TestMethodTestDescriptor.java:135)
	at org.junit.jupiter.engine.descriptor.TestMethodTestDescriptor.execute(TestMethodTestDescriptor.java:66)
	at org.junit.platform.engine.support.hierarchical.NodeTestTask.lambda$executeRecursively$6(NodeTestTask.java:151)
	at org.junit.platform.engine.support.hierarchical.ThrowableCollector.execute(ThrowableCollector.java:73)
	at org.junit.platform.engine.support.hierarchical.NodeTestTask.lambda$executeRecursively$8(NodeTestTask.java:141)
	at org.junit.platform.engine.support.hierarchical.Node.around(Node.java:137)
	at org.junit.platform.engine.support.hierarchical.NodeTestTask.lambda$executeRecursively$9(NodeTestTask.java:139)
	at org.junit.platform.engine.support.hierarchical.ThrowableCollector.execute(ThrowableCollector.java:73)
	at org.junit.platform.engine.support.hierarchical.NodeTestTask.executeRecursively(NodeTestTask.java:138)
	at org.junit.platform.engine.support.hierarchical.NodeTestTask.execute(NodeTestTask.java:95)
	at java.base/java.util.ArrayList.forEach(ArrayList.java:1541)
	at org.junit.platform.engine.support.hierarchical.SameThreadHierarchicalTestExecutorService.invokeAll(SameThreadHierarchicalTestExecutorService.java:41)
	at org.junit.platform.engine.support.hierarchical.NodeTestTask.lambda$executeRecursively$6(NodeTestTask.java:155)
	at org.junit.platform.engine.support.hierarchical.ThrowableCollector.execute(ThrowableCollector.java:73)
	at org.junit.platform.engine.support.hierarchical.NodeTestTask.lambda$executeRecursively$8(NodeTestTask.java:141)
	at org.junit.platform.engine.support.hierarchical.Node.around(Node.java:137)
	at org.junit.platform.engine.support.hierarchical.NodeTestTask.lambda$executeRecursively$9(NodeTestTask.java:139)
	at org.junit.platform.engine.support.hierarchical.ThrowableCollector.execute(ThrowableCollector.java:73)
	at org.junit.platform.engine.support.hierarchical.NodeTestTask.executeRecursively(NodeTestTask.java:138)
	at org.junit.platform.engine.support.hierarchical.NodeTestTask.execute(NodeTestTask.java:95)
	at java.base/java.util.ArrayList.forEach(ArrayList.java:1541)
	at org.junit.platform.engine.support.hierarchical.SameThreadHierarchicalTestExecutorService.invokeAll(SameThreadHierarchicalTestExecutorService.java:41)
	at org.junit.platform.engine.support.hierarchical.NodeTestTask.lambda$executeRecursively$6(NodeTestTask.java:155)
	at org.junit.platform.engine.support.hierarchical.ThrowableCollector.execute(ThrowableCollector.java:73)
	at org.junit.platform.engine.support.hierarchical.NodeTestTask.lambda$executeRecursively$8(NodeTestTask.java:141)
	at org.junit.platform.engine.support.hierarchical.Node.around(Node.java:137)
	at org.junit.platform.engine.support.hierarchical.NodeTestTask.lambda$executeRecursively$9(NodeTestTask.java:139)
	at org.junit.platform.engine.support.hierarchical.ThrowableCollector.execute(ThrowableCollector.java:73)
	at org.junit.platform.engine.support.hierarchical.NodeTestTask.executeRecursively(NodeTestTask.java:138)
	at org.junit.platform.engine.support.hierarchical.NodeTestTask.execute(NodeTestTask.java:95)
	at org.junit.platform.engine.support.hierarchical.SameThreadHierarchicalTestExecutorService.submit(SameThreadHierarchicalTestExecutorService.java:35)
	at org.junit.platform.engine.support.hierarchical.HierarchicalTestExecutor.execute(HierarchicalTestExecutor.java:57)
	at org.junit.platform.engine.support.hierarchical.HierarchicalTestEngine.execute(HierarchicalTestEngine.java:54)
	at org.junit.platform.launcher.core.EngineExecutionOrchestrator.execute(EngineExecutionOrchestrator.java:107)
	at org.junit.platform.launcher.core.EngineExecutionOrchestrator.execute(EngineExecutionOrchestrator.java:88)
	at org.junit.platform.launcher.core.EngineExecutionOrchestrator.lambda$execute$0(EngineExecutionOrchestrator.java:54)
	at org.junit.platform.launcher.core.EngineExecutionOrchestrator.withInterceptedStreams(EngineExecutionOrchestrator.java:67)
	at org.junit.platform.launcher.core.EngineExecutionOrchestrator.execute(EngineExecutionOrchestrator.java:52)
	at org.junit.platform.launcher.core.DefaultLauncher.execute(DefaultLauncher.java:114)
	at org.junit.platform.launcher.core.DefaultLauncher.execute(DefaultLauncher.java:86)
	at org.junit.platform.launcher.core.DefaultLauncherSession$DelegatingLauncher.execute(DefaultLauncherSession.java:86)
	at org.junit.platform.launcher.core.SessionPerRequestLauncher.execute(SessionPerRequestLauncher.java:53)
	at org.apache.maven.surefire.junitplatform.JUnitPlatformProvider.execute(JUnitPlatformProvider.java:188)
	at org.apache.maven.surefire.junitplatform.JUnitPlatformProvider.invokeAllTests(JUnitPlatformProvider.java:154)
	at org.apache.maven.surefire.junitplatform.JUnitPlatformProvider.invoke(JUnitPlatformProvider.java:128)
	at org.apache.maven.surefire.booter.ForkedBooter.runSuitesInProcess(ForkedBooter.java:428)
	at org.apache.maven.surefire.booter.ForkedBooter.execute(ForkedBooter.java:162)
	at org.apache.maven.surefire.booter.ForkedBooter.run(ForkedBooter.java:562)
	at org.apache.maven.surefire.booter.ForkedBooter.main(ForkedBooter.java:548)
Caused by: net.spy.memcached.internal.CheckedOperationTimeoutException: Timed out waiting for operation - failing node: localhost/127.0.0.1:11211
	at net.spy.memcached.internal.OperationFuture.get(OperationFuture.java:167)
	at net.spy.memcached.MemcachedClient.gets(MemcachedClient.java:1136)
	... 76 more

2023-02-01 22:02:42.121 WARN net.spy.memcached.MemcachedConnection:  Could not redistribute to another node, retrying primary node for _mybatis_812c516200027c6d59a514c3be83675ea36daa6d.
2023-02-01 22:02:44.628 WARN net.spy.memcached.MemcachedConnection:  Could not redistribute to another node, retrying primary node for _mybatis_b6589fc6ab0dc82cf12099d1c2d40ab994e8410c.
2023-02-01 22:02:44.629 WARN net.spy.memcached.MemcachedConnection:  Could not redistribute to another node, retrying primary node for _mybatis_812c516200027c6d59a514c3be83675ea36daa6d.
Feb 01, 2023 10:02:47 PM org.apache.ibatis.logging.jdk14.Jdk14LoggingImpl error
SEVERE: Impossible to retrieve group '_mybatis_812c516200027c6d59a514c3be83675ea36daa6d' see nested exceptions
net.spy.memcached.OperationTimeoutException: Timeout waiting for value
	at net.spy.memcached.MemcachedClient.gets(MemcachedClient.java:1146)
	at net.spy.memcached.MemcachedClient.gets(MemcachedClient.java:1210)
	at org.mybatis.caches.memcached.MemcachedClientWrapper.retrieveWithCas(MemcachedClientWrapper.java:235)
	at org.mybatis.caches.memcached.MemcachedClientWrapper.getGroup(MemcachedClientWrapper.java:153)
	at org.mybatis.caches.memcached.MemcachedClientWrapper.putObject(MemcachedClientWrapper.java:262)
	at org.mybatis.caches.memcached.MemcachedCache.putObject(MemcachedCache.java:96)
	at org.mybatis.caches.memcached.MemcachedTestCase.shouldDemonstrateCopiesAreEqual(MemcachedTestCase.java:55)
	at java.base/jdk.internal.reflect.NativeMethodAccessorImpl.invoke0(Native Method)
	at java.base/jdk.internal.reflect.NativeMethodAccessorImpl.invoke(NativeMethodAccessorImpl.java:62)
	at java.base/jdk.internal.reflect.DelegatingMethodAccessorImpl.invoke(DelegatingMethodAccessorImpl.java:43)
	at java.base/java.lang.reflect.Method.invoke(Method.java:566)
	at org.junit.platform.commons.util.ReflectionUtils.invokeMethod(ReflectionUtils.java:725)
	at org.junit.jupiter.engine.execution.MethodInvocation.proceed(MethodInvocation.java:60)
	at org.junit.jupiter.engine.execution.InvocationInterceptorChain$ValidatingInvocation.proceed(InvocationInterceptorChain.java:131)
	at org.junit.jupiter.engine.extension.TimeoutExtension.intercept(TimeoutExtension.java:149)
	at org.junit.jupiter.engine.extension.TimeoutExtension.interceptTestableMethod(TimeoutExtension.java:140)
	at org.junit.jupiter.engine.extension.TimeoutExtension.interceptTestMethod(TimeoutExtension.java:84)
	at org.junit.jupiter.engine.execution.ExecutableInvoker$ReflectiveInterceptorCall.lambda$ofVoidMethod$0(ExecutableInvoker.java:115)
	at org.junit.jupiter.engine.execution.ExecutableInvoker.lambda$invoke$0(ExecutableInvoker.java:105)
	at org.junit.jupiter.engine.execution.InvocationInterceptorChain$InterceptedInvocation.proceed(InvocationInterceptorChain.java:106)
	at org.junit.jupiter.engine.execution.InvocationInterceptorChain.proceed(InvocationInterceptorChain.java:64)
	at org.junit.jupiter.engine.execution.InvocationInterceptorChain.chainAndInvoke(InvocationInterceptorChain.java:45)
	at org.junit.jupiter.engine.execution.InvocationInterceptorChain.invoke(InvocationInterceptorChain.java:37)
	at org.junit.jupiter.engine.execution.ExecutableInvoker.invoke(ExecutableInvoker.java:104)
	at org.junit.jupiter.engine.execution.ExecutableInvoker.invoke(ExecutableInvoker.java:98)
	at org.junit.jupiter.engine.descriptor.TestMethodTestDescriptor.lambda$invokeTestMethod$7(TestMethodTestDescriptor.java:214)
	at org.junit.platform.engine.support.hierarchical.ThrowableCollector.execute(ThrowableCollector.java:73)
	at org.junit.jupiter.engine.descriptor.TestMethodTestDescriptor.invokeTestMethod(TestMethodTestDescriptor.java:210)
	at org.junit.jupiter.engine.descriptor.TestMethodTestDescriptor.execute(TestMethodTestDescriptor.java:135)
	at org.junit.jupiter.engine.descriptor.TestMethodTestDescriptor.execute(TestMethodTestDescriptor.java:66)
	at org.junit.platform.engine.support.hierarchical.NodeTestTask.lambda$executeRecursively$6(NodeTestTask.java:151)
	at org.junit.platform.engine.support.hierarchical.ThrowableCollector.execute(ThrowableCollector.java:73)
	at org.junit.platform.engine.support.hierarchical.NodeTestTask.lambda$executeRecursively$8(NodeTestTask.java:141)
	at org.junit.platform.engine.support.hierarchical.Node.around(Node.java:137)
	at org.junit.platform.engine.support.hierarchical.NodeTestTask.lambda$executeRecursively$9(NodeTestTask.java:139)
	at org.junit.platform.engine.support.hierarchical.ThrowableCollector.execute(ThrowableCollector.java:73)
	at org.junit.platform.engine.support.hierarchical.NodeTestTask.executeRecursively(NodeTestTask.java:138)
	at org.junit.platform.engine.support.hierarchical.NodeTestTask.execute(NodeTestTask.java:95)
	at java.base/java.util.ArrayList.forEach(ArrayList.java:1541)
	at org.junit.platform.engine.support.hierarchical.SameThreadHierarchicalTestExecutorService.invokeAll(SameThreadHierarchicalTestExecutorService.java:41)
	at org.junit.platform.engine.support.hierarchical.NodeTestTask.lambda$executeRecursively$6(NodeTestTask.java:155)
	at org.junit.platform.engine.support.hierarchical.ThrowableCollector.execute(ThrowableCollector.java:73)
	at org.junit.platform.engine.support.hierarchical.NodeTestTask.lambda$executeRecursively$8(NodeTestTask.java:141)
	at org.junit.platform.engine.support.hierarchical.Node.around(Node.java:137)
	at org.junit.platform.engine.support.hierarchical.NodeTestTask.lambda$executeRecursively$9(NodeTestTask.java:139)
	at org.junit.platform.engine.support.hierarchical.ThrowableCollector.execute(ThrowableCollector.java:73)
	at org.junit.platform.engine.support.hierarchical.NodeTestTask.executeRecursively(NodeTestTask.java:138)
	at org.junit.platform.engine.support.hierarchical.NodeTestTask.execute(NodeTestTask.java:95)
	at java.base/java.util.ArrayList.forEach(ArrayList.java:1541)
	at org.junit.platform.engine.support.hierarchical.SameThreadHierarchicalTestExecutorService.invokeAll(SameThreadHierarchicalTestExecutorService.java:41)
	at org.junit.platform.engine.support.hierarchical.NodeTestTask.lambda$executeRecursively$6(NodeTestTask.java:155)
	at org.junit.platform.engine.support.hierarchical.ThrowableCollector.execute(ThrowableCollector.java:73)
	at org.junit.platform.engine.support.hierarchical.NodeTestTask.lambda$executeRecursively$8(NodeTestTask.java:141)
	at org.junit.platform.engine.support.hierarchical.Node.around(Node.java:137)
	at org.junit.platform.engine.support.hierarchical.NodeTestTask.lambda$executeRecursively$9(NodeTestTask.java:139)
	at org.junit.platform.engine.support.hierarchical.ThrowableCollector.execute(ThrowableCollector.java:73)
	at org.junit.platform.engine.support.hierarchical.NodeTestTask.executeRecursively(NodeTestTask.java:138)
	at org.junit.platform.engine.support.hierarchical.NodeTestTask.execute(NodeTestTask.java:95)
	at org.junit.platform.engine.support.hierarchical.SameThreadHierarchicalTestExecutorService.submit(SameThreadHierarchicalTestExecutorService.java:35)
	at org.junit.platform.engine.support.hierarchical.HierarchicalTestExecutor.execute(HierarchicalTestExecutor.java:57)
	at org.junit.platform.engine.support.hierarchical.HierarchicalTestEngine.execute(HierarchicalTestEngine.java:54)
	at org.junit.platform.launcher.core.EngineExecutionOrchestrator.execute(EngineExecutionOrchestrator.java:107)
	at org.junit.platform.launcher.core.EngineExecutionOrchestrator.execute(EngineExecutionOrchestrator.java:88)
	at org.junit.platform.launcher.core.EngineExecutionOrchestrator.lambda$execute$0(EngineExecutionOrchestrator.java:54)
	at org.junit.platform.launcher.core.EngineExecutionOrchestrator.withInterceptedStreams(EngineExecutionOrchestrator.java:67)
	at org.junit.platform.launcher.core.EngineExecutionOrchestrator.execute(EngineExecutionOrchestrator.java:52)
	at org.junit.platform.launcher.core.DefaultLauncher.execute(DefaultLauncher.java:114)
	at org.junit.platform.launcher.core.DefaultLauncher.execute(DefaultLauncher.java:86)
	at org.junit.platform.launcher.core.DefaultLauncherSession$DelegatingLauncher.execute(DefaultLauncherSession.java:86)
	at org.junit.platform.launcher.core.SessionPerRequestLauncher.execute(SessionPerRequestLauncher.java:53)
	at org.apache.maven.surefire.junitplatform.JUnitPlatformProvider.execute(JUnitPlatformProvider.java:188)
	at org.apache.maven.surefire.junitplatform.JUnitPlatformProvider.invokeAllTests(JUnitPlatformProvider.java:154)
	at org.apache.maven.surefire.junitplatform.JUnitPlatformProvider.invoke(JUnitPlatformProvider.java:128)
	at org.apache.maven.surefire.booter.ForkedBooter.runSuitesInProcess(ForkedBooter.java:428)
	at org.apache.maven.surefire.booter.ForkedBooter.execute(ForkedBooter.java:162)
	at org.apache.maven.surefire.booter.ForkedBooter.run(ForkedBooter.java:562)
	at org.apache.maven.surefire.booter.ForkedBooter.main(ForkedBooter.java:548)
Caused by: net.spy.memcached.internal.CheckedOperationTimeoutException: Timed out waiting for operation - failing node: localhost/127.0.0.1:11211
	at net.spy.memcached.internal.OperationFuture.get(OperationFuture.java:167)
	at net.spy.memcached.MemcachedClient.gets(MemcachedClient.java:1136)
	... 76 more

2023-02-01 22:02:47.136 WARN net.spy.memcached.MemcachedConnection:  Could not redistribute to another node, retrying primary node for _mybatis_812c516200027c6d59a514c3be83675ea36daa6d.
2023-02-01 22:02:49.642 WARN net.spy.memcached.MemcachedConnection:  Could not redistribute to another node, retrying primary node for _mybatis_e26041a87cdf0947ac000d408e2c9857d82c31a1.
Feb 01, 2023 10:02:52 PM org.apache.ibatis.logging.jdk14.Jdk14LoggingImpl error
SEVERE: Impossible to retrieve group '_mybatis_e26041a87cdf0947ac000d408e2c9857d82c31a1' see nested exceptions
net.spy.memcached.OperationTimeoutException: Timeout waiting for value
	at net.spy.memcached.MemcachedClient.gets(MemcachedClient.java:1146)
	at net.spy.memcached.MemcachedClient.gets(MemcachedClient.java:1210)
	at org.mybatis.caches.memcached.MemcachedClientWrapper.retrieveWithCas(MemcachedClientWrapper.java:235)
	at org.mybatis.caches.memcached.MemcachedClientWrapper.getGroup(MemcachedClientWrapper.java:153)
	at org.mybatis.caches.memcached.MemcachedClientWrapper.removeGroup(MemcachedClientWrapper.java:389)
	at org.mybatis.caches.memcached.MemcachedCache.clear(MemcachedCache.java:56)
	at org.mybatis.caches.memcached.MemcachedTestCase.groupShouldContainAllKeys(MemcachedTestCase.java:102)
	at java.base/jdk.internal.reflect.NativeMethodAccessorImpl.invoke0(Native Method)
	at java.base/jdk.internal.reflect.NativeMethodAccessorImpl.invoke(NativeMethodAccessorImpl.java:62)
	at java.base/jdk.internal.reflect.DelegatingMethodAccessorImpl.invoke(DelegatingMethodAccessorImpl.java:43)
	at java.base/java.lang.reflect.Method.invoke(Method.java:566)
	at org.junit.platform.commons.util.ReflectionUtils.invokeMethod(ReflectionUtils.java:725)
	at org.junit.jupiter.engine.execution.MethodInvocation.proceed(MethodInvocation.java:60)
	at org.junit.jupiter.engine.execution.InvocationInterceptorChain$ValidatingInvocation.proceed(InvocationInterceptorChain.java:131)
	at org.junit.jupiter.engine.extension.TimeoutExtension.intercept(TimeoutExtension.java:149)
	at org.junit.jupiter.engine.extension.TimeoutExtension.interceptTestableMethod(TimeoutExtension.java:140)
	at org.junit.jupiter.engine.extension.TimeoutExtension.interceptTestMethod(TimeoutExtension.java:84)
	at org.junit.jupiter.engine.execution.ExecutableInvoker$ReflectiveInterceptorCall.lambda$ofVoidMethod$0(ExecutableInvoker.java:115)
	at org.junit.jupiter.engine.execution.ExecutableInvoker.lambda$invoke$0(ExecutableInvoker.java:105)
	at org.junit.jupiter.engine.execution.InvocationInterceptorChain$InterceptedInvocation.proceed(InvocationInterceptorChain.java:106)
	at org.junit.jupiter.engine.execution.InvocationInterceptorChain.proceed(InvocationInterceptorChain.java:64)
	at org.junit.jupiter.engine.execution.InvocationInterceptorChain.chainAndInvoke(InvocationInterceptorChain.java:45)
	at org.junit.jupiter.engine.execution.InvocationInterceptorChain.invoke(InvocationInterceptorChain.java:37)
	at org.junit.jupiter.engine.execution.ExecutableInvoker.invoke(ExecutableInvoker.java:104)
	at org.junit.jupiter.engine.execution.ExecutableInvoker.invoke(ExecutableInvoker.java:98)
	at org.junit.jupiter.engine.descriptor.TestMethodTestDescriptor.lambda$invokeTestMethod$7(TestMethodTestDescriptor.java:214)
	at org.junit.platform.engine.support.hierarchical.ThrowableCollector.execute(ThrowableCollector.java:73)
	at org.junit.jupiter.engine.descriptor.TestMethodTestDescriptor.invokeTestMethod(TestMethodTestDescriptor.java:210)
	at org.junit.jupiter.engine.descriptor.TestMethodTestDescriptor.execute(TestMethodTestDescriptor.java:135)
	at org.junit.jupiter.engine.descriptor.TestMethodTestDescriptor.execute(TestMethodTestDescriptor.java:66)
	at org.junit.platform.engine.support.hierarchical.NodeTestTask.lambda$executeRecursively$6(NodeTestTask.java:151)
	at org.junit.platform.engine.support.hierarchical.ThrowableCollector.execute(ThrowableCollector.java:73)
	at org.junit.platform.engine.support.hierarchical.NodeTestTask.lambda$executeRecursively$8(NodeTestTask.java:141)
	at org.junit.platform.engine.support.hierarchical.Node.around(Node.java:137)
	at org.junit.platform.engine.support.hierarchical.NodeTestTask.lambda$executeRecursively$9(NodeTestTask.java:139)
	at org.junit.platform.engine.support.hierarchical.ThrowableCollector.execute(ThrowableCollector.java:73)
	at org.junit.platform.engine.support.hierarchical.NodeTestTask.executeRecursively(NodeTestTask.java:138)
	at org.junit.platform.engine.support.hierarchical.NodeTestTask.execute(NodeTestTask.java:95)
	at java.base/java.util.ArrayList.forEach(ArrayList.java:1541)
	at org.junit.platform.engine.support.hierarchical.SameThreadHierarchicalTestExecutorService.invokeAll(SameThreadHierarchicalTestExecutorService.java:41)
	at org.junit.platform.engine.support.hierarchical.NodeTestTask.lambda$executeRecursively$6(NodeTestTask.java:155)
	at org.junit.platform.engine.support.hierarchical.ThrowableCollector.execute(ThrowableCollector.java:73)
	at org.junit.platform.engine.support.hierarchical.NodeTestTask.lambda$executeRecursively$8(NodeTestTask.java:141)
	at org.junit.platform.engine.support.hierarchical.Node.around(Node.java:137)
	at org.junit.platform.engine.support.hierarchical.NodeTestTask.lambda$executeRecursively$9(NodeTestTask.java:139)
	at org.junit.platform.engine.support.hierarchical.ThrowableCollector.execute(ThrowableCollector.java:73)
	at org.junit.platform.engine.support.hierarchical.NodeTestTask.executeRecursively(NodeTestTask.java:138)
	at org.junit.platform.engine.support.hierarchical.NodeTestTask.execute(NodeTestTask.java:95)
	at java.base/java.util.ArrayList.forEach(ArrayList.java:1541)
	at org.junit.platform.engine.support.hierarchical.SameThreadHierarchicalTestExecutorService.invokeAll(SameThreadHierarchicalTestExecutorService.java:41)
	at org.junit.platform.engine.support.hierarchical.NodeTestTask.lambda$executeRecursively$6(NodeTestTask.java:155)
	at org.junit.platform.engine.support.hierarchical.ThrowableCollector.execute(ThrowableCollector.java:73)
	at org.junit.platform.engine.support.hierarchical.NodeTestTask.lambda$executeRecursively$8(NodeTestTask.java:141)
	at org.junit.platform.engine.support.hierarchical.Node.around(Node.java:137)
	at org.junit.platform.engine.support.hierarchical.NodeTestTask.lambda$executeRecursively$9(NodeTestTask.java:139)
	at org.junit.platform.engine.support.hierarchical.ThrowableCollector.execute(ThrowableCollector.java:73)
	at org.junit.platform.engine.support.hierarchical.NodeTestTask.executeRecursively(NodeTestTask.java:138)
	at org.junit.platform.engine.support.hierarchical.NodeTestTask.execute(NodeTestTask.java:95)
	at org.junit.platform.engine.support.hierarchical.SameThreadHierarchicalTestExecutorService.submit(SameThreadHierarchicalTestExecutorService.java:35)
	at org.junit.platform.engine.support.hierarchical.HierarchicalTestExecutor.execute(HierarchicalTestExecutor.java:57)
	at org.junit.platform.engine.support.hierarchical.HierarchicalTestEngine.execute(HierarchicalTestEngine.java:54)
	at org.junit.platform.launcher.core.EngineExecutionOrchestrator.execute(EngineExecutionOrchestrator.java:107)
	at org.junit.platform.launcher.core.EngineExecutionOrchestrator.execute(EngineExecutionOrchestrator.java:88)
	at org.junit.platform.launcher.core.EngineExecutionOrchestrator.lambda$execute$0(EngineExecutionOrchestrator.java:54)
	at org.junit.platform.launcher.core.EngineExecutionOrchestrator.withInterceptedStreams(EngineExecutionOrchestrator.java:67)
	at org.junit.platform.launcher.core.EngineExecutionOrchestrator.execute(EngineExecutionOrchestrator.java:52)
	at org.junit.platform.launcher.core.DefaultLauncher.execute(DefaultLauncher.java:114)
	at org.junit.platform.launcher.core.DefaultLauncher.execute(DefaultLauncher.java:86)
	at org.junit.platform.launcher.core.DefaultLauncherSession$DelegatingLauncher.execute(DefaultLauncherSession.java:86)
	at org.junit.platform.launcher.core.SessionPerRequestLauncher.execute(SessionPerRequestLauncher.java:53)
	at org.apache.maven.surefire.junitplatform.JUnitPlatformProvider.execute(JUnitPlatformProvider.java:188)
	at org.apache.maven.surefire.junitplatform.JUnitPlatformProvider.invokeAllTests(JUnitPlatformProvider.java:154)
	at org.apache.maven.surefire.junitplatform.JUnitPlatformProvider.invoke(JUnitPlatformProvider.java:128)
	at org.apache.maven.surefire.booter.ForkedBooter.runSuitesInProcess(ForkedBooter.java:428)
	at org.apache.maven.surefire.booter.ForkedBooter.execute(ForkedBooter.java:162)
	at org.apache.maven.surefire.booter.ForkedBooter.run(ForkedBooter.java:562)
	at org.apache.maven.surefire.booter.ForkedBooter.main(ForkedBooter.java:548)
Caused by: net.spy.memcached.internal.CheckedOperationTimeoutException: Timed out waiting for operation - failing node: localhost/127.0.0.1:11211
	at net.spy.memcached.internal.OperationFuture.get(OperationFuture.java:167)
	at net.spy.memcached.MemcachedClient.gets(MemcachedClient.java:1136)
	... 76 more

2023-02-01 22:02:52.150 WARN net.spy.memcached.MemcachedConnection:  Could not redistribute to another node, retrying primary node for _mybatis_30776d8416ea852e2c86effa2931205c43c9f00e.
2023-02-01 22:02:52.151 WARN net.spy.memcached.MemcachedConnection:  Could not redistribute to another node, retrying primary node for _mybatis_3935bcd47ac26ec80a6b03ff3de1881d2447f589.
2023-02-01 22:02:52.151 WARN net.spy.memcached.MemcachedConnection:  Could not redistribute to another node, retrying primary node for _mybatis_e26041a87cdf0947ac000d408e2c9857d82c31a1.
2023-02-01 22:02:52.151 WARN net.spy.memcached.MemcachedConnection:  Could not redistribute to another node, retrying primary node for _mybatis_e26041a87cdf0947ac000d408e2c9857d82c31a1.
2023-02-01 22:02:52.153 WARN net.spy.memcached.MemcachedConnection:  Could not redistribute to another node, retrying primary node for _mybatis_61afdd2b8e2cc338fbe112786b7beea1d91ed593.
2023-02-01 22:02:52.154 WARN net.spy.memcached.MemcachedConnection:  Could not redistribute to another node, retrying primary node for _mybatis_e26041a87cdf0947ac000d408e2c9857d82c31a1.
2023-02-01 22:02:52.154 WARN net.spy.memcached.MemcachedConnection:  Could not redistribute to another node, retrying primary node for _mybatis_0743ebb61c9138ff2778f128d896dfb76b85c076.
2023-02-01 22:02:52.154 WARN net.spy.memcached.MemcachedConnection:  Could not redistribute to another node, retrying primary node for _mybatis_21402ea3b04fc7d16c494d0b0f11791c5523eda3.
2023-02-01 22:02:52.154 WARN net.spy.memcached.MemcachedConnection:  Could not redistribute to another node, retrying primary node for _mybatis_71e6a0bbb60422d15eadc839c70e32c413d3ad65.
2023-02-01 22:02:52.155 WARN net.spy.memcached.MemcachedConnection:  Could not redistribute to another node, retrying primary node for _mybatis_e26041a87cdf0947ac000d408e2c9857d82c31a1.
2023-02-01 22:02:52.155 WARN net.spy.memcached.MemcachedConnection:  Could not redistribute to another node, retrying primary node for _mybatis_a81617eecde7b9da5d5d5e4c5e39c55cb19aa661.
2023-02-01 22:02:52.155 WARN net.spy.memcached.MemcachedConnection:  Could not redistribute to another node, retrying primary node for _mybatis_236146563e5857531cfa037f4bd5e90cdbd66f42.
2023-02-01 22:02:52.156 WARN net.spy.memcached.MemcachedConnection:  Could not redistribute to another node, retrying primary node for _mybatis_e26041a87cdf0947ac000d408e2c9857d82c31a1.
2023-02-01 22:02:52.156 WARN net.spy.memcached.MemcachedConnection:  Could not redistribute to another node, retrying primary node for _mybatis_c47e5a35c08b97feb77eacfe012251c1e2901c8c.
2023-02-01 22:02:52.156 WARN net.spy.memcached.MemcachedConnection:  Could not redistribute to another node, retrying primary node for _mybatis_2c8f0c79d0761fe00c095a2d8d08304f6167a3d7.
2023-02-01 22:02:52.157 WARN net.spy.memcached.MemcachedConnection:  Could not redistribute to another node, retrying primary node for _mybatis_040a852bcc2d4f10700ece70213b4e607ad53ebf.
2023-02-01 22:02:52.157 WARN net.spy.memcached.MemcachedConnection:  Could not redistribute to another node, retrying primary node for _mybatis_818303f465744b808b976f63946d718446ddc862.
2023-02-01 22:02:52.158 WARN net.spy.memcached.MemcachedConnection:  Could not redistribute to another node, retrying primary node for _mybatis_e26041a87cdf0947ac000d408e2c9857d82c31a1.
2023-02-01 22:02:52.158 WARN net.spy.memcached.MemcachedConnection:  Could not redistribute to another node, retrying primary node for _mybatis_6fcf88c7b33d6d8c3c9743006cdfe58e208e5a4d.
2023-02-01 22:02:52.158 WARN net.spy.memcached.MemcachedConnection:  Could not redistribute to another node, retrying primary node for _mybatis_e26041a87cdf0947ac000d408e2c9857d82c31a1.
2023-02-01 22:02:52.158 WARN net.spy.memcached.MemcachedConnection:  Could not redistribute to another node, retrying primary node for _mybatis_e26041a87cdf0947ac000d408e2c9857d82c31a1.
2023-02-01 22:02:52.159 WARN net.spy.memcached.MemcachedConnection:  Could not redistribute to another node, retrying primary node for _mybatis_714ae5ea793b604945747cf5c933e9684d1e60be.
2023-02-01 22:02:52.160 WARN net.spy.memcached.MemcachedConnection:  Could not redistribute to another node, retrying primary node for _mybatis_e26041a87cdf0947ac000d408e2c9857d82c31a1.
2023-02-01 22:02:52.160 WARN net.spy.memcached.MemcachedConnection:  Could not redistribute to another node, retrying primary node for _mybatis_801306217cc98e16d3aa0d7435ca376b779cb94f.
2023-02-01 22:02:52.160 WARN net.spy.memcached.MemcachedConnection:  Could not redistribute to another node, retrying primary node for _mybatis_b9603860733b9cc14d5a4c45831733e7c5a6d84f.
2023-02-01 22:02:52.160 WARN net.spy.memcached.MemcachedConnection:  Could not redistribute to another node, retrying primary node for _mybatis_1adbb2e1f53aa96cbe015f77fbc958e5ee32639c.
2023-02-01 22:02:52.161 WARN net.spy.memcached.MemcachedConnection:  Could not redistribute to another node, retrying primary node for _mybatis_4fe718139f9da02ad309ff305899a62ea151e8d1.
2023-02-01 22:02:52.161 WARN net.spy.memcached.MemcachedConnection:  Could not redistribute to another node, retrying primary node for _mybatis_e26041a87cdf0947ac000d408e2c9857d82c31a1.
2023-02-01 22:02:52.161 WARN net.spy.memcached.MemcachedConnection:  Could not redistribute to another node, retrying primary node for _mybatis_e26041a87cdf0947ac000d408e2c9857d82c31a1.
2023-02-01 22:02:52.161 WARN net.spy.memcached.MemcachedConnection:  Could not redistribute to another node, retrying primary node for _mybatis_e26041a87cdf0947ac000d408e2c9857d82c31a1.
2023-02-01 22:02:52.162 WARN net.spy.memcached.MemcachedConnection:  Could not redistribute to another node, retrying primary node for _mybatis_e26041a87cdf0947ac000d408e2c9857d82c31a1.
2023-02-01 22:02:52.162 WARN net.spy.memcached.MemcachedConnection:  Could not redistribute to another node, retrying primary node for _mybatis_16f324ee7f4c169eb539cc654861d5986fae22f9.
2023-02-01 22:02:52.163 WARN net.spy.memcached.MemcachedConnection:  Could not redistribute to another node, retrying primary node for _mybatis_68084f5ba8540070d774436cb12c1bdf90f31ed7.
2023-02-01 22:02:52.163 WARN net.spy.memcached.MemcachedConnection:  Could not redistribute to another node, retrying primary node for _mybatis_e26041a87cdf0947ac000d408e2c9857d82c31a1.
2023-02-01 22:02:52.164 WARN net.spy.memcached.MemcachedConnection:  Could not redistribute to another node, retrying primary node for _mybatis_e26041a87cdf0947ac000d408e2c9857d82c31a1.
2023-02-01 22:02:52.164 WARN net.spy.memcached.MemcachedConnection:  Could not redistribute to another node, retrying primary node for _mybatis_e26041a87cdf0947ac000d408e2c9857d82c31a1.
2023-02-01 22:02:52.164 WARN net.spy.memcached.MemcachedConnection:  Could not redistribute to another node, retrying primary node for _mybatis_e26041a87cdf0947ac000d408e2c9857d82c31a1.
2023-02-01 22:02:52.164 WARN net.spy.memcached.MemcachedConnection:  Could not redistribute to another node, retrying primary node for _mybatis_e26041a87cdf0947ac000d408e2c9857d82c31a1.
2023-02-01 22:02:52.165 WARN net.spy.memcached.MemcachedConnection:  Could not redistribute to another node, retrying primary node for _mybatis_e26041a87cdf0947ac000d408e2c9857d82c31a1.
2023-02-01 22:02:52.165 WARN net.spy.memcached.MemcachedConnection:  Could not redistribute to another node, retrying primary node for _mybatis_e26041a87cdf0947ac000d408e2c9857d82c31a1.
Feb 01, 2023 10:02:54 PM org.apache.ibatis.logging.jdk14.Jdk14LoggingImpl error
SEVERE: Impossible to retrieve group '_mybatis_e26041a87cdf0947ac000d408e2c9857d82c31a1' see nested exceptions
net.spy.memcached.OperationTimeoutException: Timeout waiting for value
	at net.spy.memcached.MemcachedClient.gets(MemcachedClient.java:1146)
	at net.spy.memcached.MemcachedClient.gets(MemcachedClient.java:1210)
	at org.mybatis.caches.memcached.MemcachedClientWrapper.retrieveWithCas(MemcachedClientWrapper.java:235)
	at org.mybatis.caches.memcached.MemcachedClientWrapper.getGroup(MemcachedClientWrapper.java:153)
	at org.mybatis.caches.memcached.MemcachedClientWrapper.putObject(MemcachedClientWrapper.java:262)
	at org.mybatis.caches.memcached.MemcachedCache.putObject(MemcachedCache.java:96)
	at org.mybatis.caches.memcached.GroupTestThread.run(GroupTestThread.java:57)
Caused by: net.spy.memcached.internal.CheckedOperationTimeoutException: Timed out waiting for operation - failing node: localhost/127.0.0.1:11211
	at net.spy.memcached.internal.OperationFuture.get(OperationFuture.java:167)
	at net.spy.memcached.MemcachedClient.gets(MemcachedClient.java:1136)
	... 6 more

Feb 01, 2023 10:02:54 PM org.apache.ibatis.logging.jdk14.Jdk14LoggingImpl error
SEVERE: Impossible to retrieve group '_mybatis_e26041a87cdf0947ac000d408e2c9857d82c31a1' see nested exceptions
net.spy.memcached.OperationTimeoutException: Timeout waiting for value
	at net.spy.memcached.MemcachedClient.gets(MemcachedClient.java:1146)
	at net.spy.memcached.MemcachedClient.gets(MemcachedClient.java:1210)
	at org.mybatis.caches.memcached.MemcachedClientWrapper.retrieveWithCas(MemcachedClientWrapper.java:235)
	at org.mybatis.caches.memcached.MemcachedClientWrapper.getGroup(MemcachedClientWrapper.java:153)
	at org.mybatis.caches.memcached.MemcachedClientWrapper.putObject(MemcachedClientWrapper.java:262)
	at org.mybatis.caches.memcached.MemcachedCache.putObject(MemcachedCache.java:96)
	at org.mybatis.caches.memcached.GroupTestThread.run(GroupTestThread.java:57)
Caused by: net.spy.memcached.internal.CheckedOperationTimeoutException: Timed out waiting for operation - failing node: localhost/127.0.0.1:11211
	at net.spy.memcached.internal.OperationFuture.get(OperationFuture.java:167)
	at net.spy.memcached.MemcachedClient.gets(MemcachedClient.java:1136)
	... 6 more

2023-02-01 22:02:54.657 WARN net.spy.memcached.MemcachedConnection:  Could not redistribute to another node, retrying primary node for _mybatis_e26041a87cdf0947ac000d408e2c9857d82c31a1.
Feb 01, 2023 10:02:54 PM org.apache.ibatis.logging.jdk14.Jdk14LoggingImpl error
SEVERE: Impossible to retrieve group '_mybatis_e26041a87cdf0947ac000d408e2c9857d82c31a1' see nested exceptions
net.spy.memcached.OperationTimeoutException: Timeout waiting for value
	at net.spy.memcached.MemcachedClient.gets(MemcachedClient.java:1146)
	at net.spy.memcached.MemcachedClient.gets(MemcachedClient.java:1210)
	at org.mybatis.caches.memcached.MemcachedClientWrapper.retrieveWithCas(MemcachedClientWrapper.java:235)
	at org.mybatis.caches.memcached.MemcachedClientWrapper.getGroup(MemcachedClientWrapper.java:153)
	at org.mybatis.caches.memcached.MemcachedClientWrapper.putObject(MemcachedClientWrapper.java:262)
	at org.mybatis.caches.memcached.MemcachedCache.putObject(MemcachedCache.java:96)
	at org.mybatis.caches.memcached.GroupTestThread.run(GroupTestThread.java:57)
Caused by: net.spy.memcached.internal.CheckedOperationTimeoutException: Timed out waiting for operation - failing node: localhost/127.0.0.1:11211
	at net.spy.memcached.internal.OperationFuture.get(OperationFuture.java:167)
	at net.spy.memcached.MemcachedClient.gets(MemcachedClient.java:1136)
	... 6 more

2023-02-01 22:02:54.658 WARN net.spy.memcached.MemcachedConnection:  Could not redistribute to another node, retrying primary node for _mybatis_e26041a87cdf0947ac000d408e2c9857d82c31a1.
Feb 01, 2023 10:02:54 PM org.apache.ibatis.logging.jdk14.Jdk14LoggingImpl error
SEVERE: Impossible to retrieve group '_mybatis_e26041a87cdf0947ac000d408e2c9857d82c31a1' see nested exceptions
net.spy.memcached.OperationTimeoutException: Timeout waiting for value
	at net.spy.memcached.MemcachedClient.gets(MemcachedClient.java:1146)
	at net.spy.memcached.MemcachedClient.gets(MemcachedClient.java:1210)
	at org.mybatis.caches.memcached.MemcachedClientWrapper.retrieveWithCas(MemcachedClientWrapper.java:235)
	at org.mybatis.caches.memcached.MemcachedClientWrapper.getGroup(MemcachedClientWrapper.java:153)
	at org.mybatis.caches.memcached.MemcachedClientWrapper.putObject(MemcachedClientWrapper.java:262)
	at org.mybatis.caches.memcached.MemcachedCache.putObject(MemcachedCache.java:96)
	at org.mybatis.caches.memcached.GroupTestThread.run(GroupTestThread.java:57)
Caused by: net.spy.memcached.internal.CheckedOperationTimeoutException: Timed out waiting for operation - failing node: localhost/127.0.0.1:11211
	at net.spy.memcached.internal.OperationFuture.get(OperationFuture.java:167)
	at net.spy.memcached.MemcachedClient.gets(MemcachedClient.java:1136)
	... 6 more

2023-02-01 22:02:54.660 WARN net.spy.memcached.MemcachedConnection:  Could not redistribute to another node, retrying primary node for _mybatis_e26041a87cdf0947ac000d408e2c9857d82c31a1.
2023-02-01 22:02:54.660 WARN net.spy.memcached.MemcachedConnection:  Could not redistribute to another node, retrying primary node for _mybatis_e26041a87cdf0947ac000d408e2c9857d82c31a1.
Feb 01, 2023 10:02:54 PM org.apache.ibatis.logging.jdk14.Jdk14LoggingImpl error
SEVERE: Impossible to retrieve group '_mybatis_e26041a87cdf0947ac000d408e2c9857d82c31a1' see nested exceptions
net.spy.memcached.OperationTimeoutException: Timeout waiting for value
	at net.spy.memcached.MemcachedClient.gets(MemcachedClient.java:1146)
	at net.spy.memcached.MemcachedClient.gets(MemcachedClient.java:1210)
	at org.mybatis.caches.memcached.MemcachedClientWrapper.retrieveWithCas(MemcachedClientWrapper.java:235)
	at org.mybatis.caches.memcached.MemcachedClientWrapper.getGroup(MemcachedClientWrapper.java:153)
	at org.mybatis.caches.memcached.MemcachedClientWrapper.putObject(MemcachedClientWrapper.java:262)
	at org.mybatis.caches.memcached.MemcachedCache.putObject(MemcachedCache.java:96)
	at org.mybatis.caches.memcached.GroupTestThread.run(GroupTestThread.java:57)
Caused by: net.spy.memcached.internal.CheckedOperationTimeoutException: Timed out waiting for operation - failing node: localhost/127.0.0.1:11211
	at net.spy.memcached.internal.OperationFuture.get(OperationFuture.java:167)
	at net.spy.memcached.MemcachedClient.gets(MemcachedClient.java:1136)
	... 6 more

2023-02-01 22:02:54.661 WARN net.spy.memcached.MemcachedConnection:  Could not redistribute to another node, retrying primary node for _mybatis_e26041a87cdf0947ac000d408e2c9857d82c31a1.
Feb 01, 2023 10:02:54 PM org.apache.ibatis.logging.jdk14.Jdk14LoggingImpl error
SEVERE: Impossible to retrieve group '_mybatis_e26041a87cdf0947ac000d408e2c9857d82c31a1' see nested exceptions
net.spy.memcached.OperationTimeoutException: Timeout waiting for value
	at net.spy.memcached.MemcachedClient.gets(MemcachedClient.java:1146)
	at net.spy.memcached.MemcachedClient.gets(MemcachedClient.java:1210)
	at org.mybatis.caches.memcached.MemcachedClientWrapper.retrieveWithCas(MemcachedClientWrapper.java:235)
	at org.mybatis.caches.memcached.MemcachedClientWrapper.getGroup(MemcachedClientWrapper.java:153)
	at org.mybatis.caches.memcached.MemcachedClientWrapper.putObject(MemcachedClientWrapper.java:262)
	at org.mybatis.caches.memcached.MemcachedCache.putObject(MemcachedCache.java:96)
	at org.mybatis.caches.memcached.GroupTestThread.run(GroupTestThread.java:57)
Caused by: net.spy.memcached.internal.CheckedOperationTimeoutException: Timed out waiting for operation - failing node: localhost/127.0.0.1:11211
	at net.spy.memcached.internal.OperationFuture.get(OperationFuture.java:167)
	at net.spy.memcached.MemcachedClient.gets(MemcachedClient.java:1136)
	... 6 more

2023-02-01 22:02:54.662 WARN net.spy.memcached.MemcachedConnection:  Could not redistribute to another node, retrying primary node for _mybatis_e26041a87cdf0947ac000d408e2c9857d82c31a1.
Feb 01, 2023 10:02:54 PM org.apache.ibatis.logging.jdk14.Jdk14LoggingImpl error
SEVERE: Impossible to retrieve group '_mybatis_e26041a87cdf0947ac000d408e2c9857d82c31a1' see nested exceptions
net.spy.memcached.OperationTimeoutException: Timeout waiting for value
	at net.spy.memcached.MemcachedClient.gets(MemcachedClient.java:1146)
	at net.spy.memcached.MemcachedClient.gets(MemcachedClient.java:1210)
	at org.mybatis.caches.memcached.MemcachedClientWrapper.retrieveWithCas(MemcachedClientWrapper.java:235)
	at org.mybatis.caches.memcached.MemcachedClientWrapper.getGroup(MemcachedClientWrapper.java:153)
	at org.mybatis.caches.memcached.MemcachedClientWrapper.putObject(MemcachedClientWrapper.java:262)
	at org.mybatis.caches.memcached.MemcachedCache.putObject(MemcachedCache.java:96)
	at org.mybatis.caches.memcached.GroupTestThread.run(GroupTestThread.java:57)
Caused by: net.spy.memcached.internal.CheckedOperationTimeoutException: Timed out waiting for operation - failing node: localhost/127.0.0.1:11211
	at net.spy.memcached.internal.OperationFuture.get(OperationFuture.java:167)
	at net.spy.memcached.MemcachedClient.gets(MemcachedClient.java:1136)
	... 6 more

2023-02-01 22:02:54.663 WARN net.spy.memcached.MemcachedConnection:  Could not redistribute to another node, retrying primary node for _mybatis_e26041a87cdf0947ac000d408e2c9857d82c31a1.
Feb 01, 2023 10:02:54 PM org.apache.ibatis.logging.jdk14.Jdk14LoggingImpl error
SEVERE: Impossible to retrieve group '_mybatis_e26041a87cdf0947ac000d408e2c9857d82c31a1' see nested exceptions
net.spy.memcached.OperationTimeoutException: Timeout waiting for value
	at net.spy.memcached.MemcachedClient.gets(MemcachedClient.java:1146)
	at net.spy.memcached.MemcachedClient.gets(MemcachedClient.java:1210)
	at org.mybatis.caches.memcached.MemcachedClientWrapper.retrieveWithCas(MemcachedClientWrapper.java:235)
	at org.mybatis.caches.memcached.MemcachedClientWrapper.getGroup(MemcachedClientWrapper.java:153)
	at org.mybatis.caches.memcached.MemcachedClientWrapper.putObject(MemcachedClientWrapper.java:262)
	at org.mybatis.caches.memcached.MemcachedCache.putObject(MemcachedCache.java:96)
	at org.mybatis.caches.memcached.GroupTestThread.run(GroupTestThread.java:57)
Caused by: net.spy.memcached.internal.CheckedOperationTimeoutException: Timed out waiting for operation - failing node: localhost/127.0.0.1:11211
	at net.spy.memcached.internal.OperationFuture.get(OperationFuture.java:167)
	at net.spy.memcached.MemcachedClient.gets(MemcachedClient.java:1136)
	... 6 more

2023-02-01 22:02:54.665 WARN net.spy.memcached.MemcachedConnection:  Could not redistribute to another node, retrying primary node for _mybatis_e26041a87cdf0947ac000d408e2c9857d82c31a1.
Feb 01, 2023 10:02:54 PM org.apache.ibatis.logging.jdk14.Jdk14LoggingImpl error
SEVERE: Impossible to retrieve group '_mybatis_e26041a87cdf0947ac000d408e2c9857d82c31a1' see nested exceptions
net.spy.memcached.OperationTimeoutException: Timeout waiting for value
	at net.spy.memcached.MemcachedClient.gets(MemcachedClient.java:1146)
	at net.spy.memcached.MemcachedClient.gets(MemcachedClient.java:1210)
	at org.mybatis.caches.memcached.MemcachedClientWrapper.retrieveWithCas(MemcachedClientWrapper.java:235)
	at org.mybatis.caches.memcached.MemcachedClientWrapper.getGroup(MemcachedClientWrapper.java:153)
	at org.mybatis.caches.memcached.MemcachedClientWrapper.putObject(MemcachedClientWrapper.java:262)
	at org.mybatis.caches.memcached.MemcachedCache.putObject(MemcachedCache.java:96)
	at org.mybatis.caches.memcached.GroupTestThread.run(GroupTestThread.java:57)
Caused by: net.spy.memcached.internal.CheckedOperationTimeoutException: Timed out waiting for operation - failing node: localhost/127.0.0.1:11211
	at net.spy.memcached.internal.OperationFuture.get(OperationFuture.java:167)
	at net.spy.memcached.MemcachedClient.gets(MemcachedClient.java:1136)
	... 6 more

2023-02-01 22:02:54.665 WARN net.spy.memcached.MemcachedConnection:  Could not redistribute to another node, retrying primary node for _mybatis_e26041a87cdf0947ac000d408e2c9857d82c31a1.
Feb 01, 2023 10:02:54 PM org.apache.ibatis.logging.jdk14.Jdk14LoggingImpl error
SEVERE: Impossible to retrieve group '_mybatis_e26041a87cdf0947ac000d408e2c9857d82c31a1' see nested exceptions
net.spy.memcached.OperationTimeoutException: Timeout waiting for value
	at net.spy.memcached.MemcachedClient.gets(MemcachedClient.java:1146)
	at net.spy.memcached.MemcachedClient.gets(MemcachedClient.java:1210)
	at org.mybatis.caches.memcached.MemcachedClientWrapper.retrieveWithCas(MemcachedClientWrapper.java:235)
	at org.mybatis.caches.memcached.MemcachedClientWrapper.getGroup(MemcachedClientWrapper.java:153)
	at org.mybatis.caches.memcached.MemcachedClientWrapper.putObject(MemcachedClientWrapper.java:262)
	at org.mybatis.caches.memcached.MemcachedCache.putObject(MemcachedCache.java:96)
	at org.mybatis.caches.memcached.GroupTestThread.run(GroupTestThread.java:57)
Caused by: net.spy.memcached.internal.CheckedOperationTimeoutException: Timed out waiting for operation - failing node: localhost/127.0.0.1:11211
	at net.spy.memcached.internal.OperationFuture.get(OperationFuture.java:167)
	at net.spy.memcached.MemcachedClient.gets(MemcachedClient.java:1136)
	... 6 more

2023-02-01 22:02:54.666 WARN net.spy.memcached.MemcachedConnection:  Could not redistribute to another node, retrying primary node for _mybatis_e26041a87cdf0947ac000d408e2c9857d82c31a1.
Feb 01, 2023 10:02:54 PM org.apache.ibatis.logging.jdk14.Jdk14LoggingImpl error
SEVERE: Impossible to retrieve group '_mybatis_e26041a87cdf0947ac000d408e2c9857d82c31a1' see nested exceptions
net.spy.memcached.OperationTimeoutException: Timeout waiting for value
	at net.spy.memcached.MemcachedClient.gets(MemcachedClient.java:1146)
	at net.spy.memcached.MemcachedClient.gets(MemcachedClient.java:1210)
	at org.mybatis.caches.memcached.MemcachedClientWrapper.retrieveWithCas(MemcachedClientWrapper.java:235)
	at org.mybatis.caches.memcached.MemcachedClientWrapper.getGroup(MemcachedClientWrapper.java:153)
	at org.mybatis.caches.memcached.MemcachedClientWrapper.putObject(MemcachedClientWrapper.java:262)
	at org.mybatis.caches.memcached.MemcachedCache.putObject(MemcachedCache.java:96)
	at org.mybatis.caches.memcached.GroupTestThread.run(GroupTestThread.java:57)
Caused by: net.spy.memcached.internal.CheckedOperationTimeoutException: Timed out waiting for operation - failing node: localhost/127.0.0.1:11211
	at net.spy.memcached.internal.OperationFuture.get(OperationFuture.java:167)
	at net.spy.memcached.MemcachedClient.gets(MemcachedClient.java:1136)
	... 6 more

2023-02-01 22:02:54.667 WARN net.spy.memcached.MemcachedConnection:  Could not redistribute to another node, retrying primary node for _mybatis_e26041a87cdf0947ac000d408e2c9857d82c31a1.
Feb 01, 2023 10:02:54 PM org.apache.ibatis.logging.jdk14.Jdk14LoggingImpl error
SEVERE: Impossible to retrieve group '_mybatis_e26041a87cdf0947ac000d408e2c9857d82c31a1' see nested exceptions
net.spy.memcached.OperationTimeoutException: Timeout waiting for value
	at net.spy.memcached.MemcachedClient.gets(MemcachedClient.java:1146)
	at net.spy.memcached.MemcachedClient.gets(MemcachedClient.java:1210)
	at org.mybatis.caches.memcached.MemcachedClientWrapper.retrieveWithCas(MemcachedClientWrapper.java:235)
	at org.mybatis.caches.memcached.MemcachedClientWrapper.getGroup(MemcachedClientWrapper.java:153)
	at org.mybatis.caches.memcached.MemcachedClientWrapper.putObject(MemcachedClientWrapper.java:262)
	at org.mybatis.caches.memcached.MemcachedCache.putObject(MemcachedCache.java:96)
	at org.mybatis.caches.memcached.GroupTestThread.run(GroupTestThread.java:57)
Caused by: net.spy.memcached.internal.CheckedOperationTimeoutException: Timed out waiting for operation - failing node: localhost/127.0.0.1:11211
	at net.spy.memcached.internal.OperationFuture.get(OperationFuture.java:167)
	at net.spy.memcached.MemcachedClient.gets(MemcachedClient.java:1136)
	... 6 more

2023-02-01 22:02:54.669 WARN net.spy.memcached.MemcachedConnection:  Could not redistribute to another node, retrying primary node for _mybatis_e26041a87cdf0947ac000d408e2c9857d82c31a1.
Feb 01, 2023 10:02:54 PM org.apache.ibatis.logging.jdk14.Jdk14LoggingImpl error
SEVERE: Impossible to retrieve group '_mybatis_e26041a87cdf0947ac000d408e2c9857d82c31a1' see nested exceptions
net.spy.memcached.OperationTimeoutException: Timeout waiting for value
	at net.spy.memcached.MemcachedClient.gets(MemcachedClient.java:1146)
	at net.spy.memcached.MemcachedClient.gets(MemcachedClient.java:1210)
	at org.mybatis.caches.memcached.MemcachedClientWrapper.retrieveWithCas(MemcachedClientWrapper.java:235)
	at org.mybatis.caches.memcached.MemcachedClientWrapper.getGroup(MemcachedClientWrapper.java:153)
	at org.mybatis.caches.memcached.MemcachedClientWrapper.putObject(MemcachedClientWrapper.java:262)
	at org.mybatis.caches.memcached.MemcachedCache.putObject(MemcachedCache.java:96)
	at org.mybatis.caches.memcached.GroupTestThread.run(GroupTestThread.java:57)
Caused by: net.spy.memcached.internal.CheckedOperationTimeoutException: Timed out waiting for operation - failing node: localhost/127.0.0.1:11211
	at net.spy.memcached.internal.OperationFuture.get(OperationFuture.java:167)
	at net.spy.memcached.MemcachedClient.gets(MemcachedClient.java:1136)
	... 6 more

2023-02-01 22:02:54.670 WARN net.spy.memcached.MemcachedConnection:  Could not redistribute to another node, retrying primary node for _mybatis_e26041a87cdf0947ac000d408e2c9857d82c31a1.
Feb 01, 2023 10:02:54 PM org.apache.ibatis.logging.jdk14.Jdk14LoggingImpl error
SEVERE: Impossible to retrieve group '_mybatis_e26041a87cdf0947ac000d408e2c9857d82c31a1' see nested exceptions
net.spy.memcached.OperationTimeoutException: Timeout waiting for value
	at net.spy.memcached.MemcachedClient.gets(MemcachedClient.java:1146)
	at net.spy.memcached.MemcachedClient.gets(MemcachedClient.java:1210)
	at org.mybatis.caches.memcached.MemcachedClientWrapper.retrieveWithCas(MemcachedClientWrapper.java:235)
	at org.mybatis.caches.memcached.MemcachedClientWrapper.getGroup(MemcachedClientWrapper.java:153)
	at org.mybatis.caches.memcached.MemcachedClientWrapper.putObject(MemcachedClientWrapper.java:262)
	at org.mybatis.caches.memcached.MemcachedCache.putObject(MemcachedCache.java:96)
	at org.mybatis.caches.memcached.GroupTestThread.run(GroupTestThread.java:57)
Caused by: net.spy.memcached.internal.CheckedOperationTimeoutException: Timed out waiting for operation - failing node: localhost/127.0.0.1:11211
	at net.spy.memcached.internal.OperationFuture.get(OperationFuture.java:167)
	at net.spy.memcached.MemcachedClient.gets(MemcachedClient.java:1136)
	... 6 more

2023-02-01 22:02:54.671 WARN net.spy.memcached.MemcachedConnection:  Could not redistribute to another node, retrying primary node for _mybatis_e26041a87cdf0947ac000d408e2c9857d82c31a1.
Feb 01, 2023 10:02:54 PM org.apache.ibatis.logging.jdk14.Jdk14LoggingImpl error
SEVERE: Impossible to retrieve group '_mybatis_e26041a87cdf0947ac000d408e2c9857d82c31a1' see nested exceptions
net.spy.memcached.OperationTimeoutException: Timeout waiting for value
	at net.spy.memcached.MemcachedClient.gets(MemcachedClient.java:1146)
	at net.spy.memcached.MemcachedClient.gets(MemcachedClient.java:1210)
	at org.mybatis.caches.memcached.MemcachedClientWrapper.retrieveWithCas(MemcachedClientWrapper.java:235)
	at org.mybatis.caches.memcached.MemcachedClientWrapper.getGroup(MemcachedClientWrapper.java:153)
	at org.mybatis.caches.memcached.MemcachedClientWrapper.putObject(MemcachedClientWrapper.java:262)
	at org.mybatis.caches.memcached.MemcachedCache.putObject(MemcachedCache.java:96)
	at org.mybatis.caches.memcached.GroupTestThread.run(GroupTestThread.java:57)
Caused by: net.spy.memcached.internal.CheckedOperationTimeoutException: Timed out waiting for operation - failing node: localhost/127.0.0.1:11211
	at net.spy.memcached.internal.OperationFuture.get(OperationFuture.java:167)
	at net.spy.memcached.MemcachedClient.gets(MemcachedClient.java:1136)
	... 6 more

Feb 01, 2023 10:02:54 PM org.apache.ibatis.logging.jdk14.Jdk14LoggingImpl error
SEVERE: Impossible to retrieve group '_mybatis_e26041a87cdf0947ac000d408e2c9857d82c31a1' see nested exceptions
net.spy.memcached.OperationTimeoutException: Timeout waiting for value
	at net.spy.memcached.MemcachedClient.gets(MemcachedClient.java:1146)
	at net.spy.memcached.MemcachedClient.gets(MemcachedClient.java:1210)
	at org.mybatis.caches.memcached.MemcachedClientWrapper.retrieveWithCas(MemcachedClientWrapper.java:235)
	at org.mybatis.caches.memcached.MemcachedClientWrapper.getGroup(MemcachedClientWrapper.java:153)
	at org.mybatis.caches.memcached.MemcachedClientWrapper.putObject(MemcachedClientWrapper.java:262)
	at org.mybatis.caches.memcached.MemcachedCache.putObject(MemcachedCache.java:96)
	at org.mybatis.caches.memcached.GroupTestThread.run(GroupTestThread.java:57)
Caused by: net.spy.memcached.internal.CheckedOperationTimeoutException: Timed out waiting for operation - failing node: localhost/127.0.0.1:11211
	at net.spy.memcached.internal.OperationFuture.get(OperationFuture.java:167)
	at net.spy.memcached.MemcachedClient.gets(MemcachedClient.java:1136)
	... 6 more

2023-02-01 22:02:54.676 WARN net.spy.memcached.MemcachedConnection:  Could not redistribute to another node, retrying primary node for _mybatis_e26041a87cdf0947ac000d408e2c9857d82c31a1.
2023-02-01 22:02:54.676 WARN net.spy.memcached.MemcachedConnection:  Could not redistribute to another node, retrying primary node for _mybatis_e26041a87cdf0947ac000d408e2c9857d82c31a1.
Feb 01, 2023 10:02:54 PM org.apache.ibatis.logging.jdk14.Jdk14LoggingImpl error
SEVERE: Impossible to retrieve group '_mybatis_e26041a87cdf0947ac000d408e2c9857d82c31a1' see nested exceptions
net.spy.memcached.OperationTimeoutException: Timeout waiting for value
	at net.spy.memcached.MemcachedClient.gets(MemcachedClient.java:1146)
	at net.spy.memcached.MemcachedClient.gets(MemcachedClient.java:1210)
	at org.mybatis.caches.memcached.MemcachedClientWrapper.retrieveWithCas(MemcachedClientWrapper.java:235)
	at org.mybatis.caches.memcached.MemcachedClientWrapper.getGroup(MemcachedClientWrapper.java:153)
	at org.mybatis.caches.memcached.MemcachedClientWrapper.putObject(MemcachedClientWrapper.java:262)
	at org.mybatis.caches.memcached.MemcachedCache.putObject(MemcachedCache.java:96)
	at org.mybatis.caches.memcached.GroupTestThread.run(GroupTestThread.java:57)
Caused by: net.spy.memcached.internal.CheckedOperationTimeoutException: Timed out waiting for operation - failing node: localhost/127.0.0.1:11211
	at net.spy.memcached.internal.OperationFuture.get(OperationFuture.java:167)
	at net.spy.memcached.MemcachedClient.gets(MemcachedClient.java:1136)
	... 6 more

2023-02-01 22:02:54.677 WARN net.spy.memcached.MemcachedConnection:  Could not redistribute to another node, retrying primary node for _mybatis_e26041a87cdf0947ac000d408e2c9857d82c31a1.
Feb 01, 2023 10:02:54 PM org.apache.ibatis.logging.jdk14.Jdk14LoggingImpl error
SEVERE: Impossible to retrieve group '_mybatis_e26041a87cdf0947ac000d408e2c9857d82c31a1' see nested exceptions
net.spy.memcached.OperationTimeoutException: Timeout waiting for value
	at net.spy.memcached.MemcachedClient.gets(MemcachedClient.java:1146)
	at net.spy.memcached.MemcachedClient.gets(MemcachedClient.java:1210)
	at org.mybatis.caches.memcached.MemcachedClientWrapper.retrieveWithCas(MemcachedClientWrapper.java:235)
	at org.mybatis.caches.memcached.MemcachedClientWrapper.getGroup(MemcachedClientWrapper.java:153)
	at org.mybatis.caches.memcached.MemcachedClientWrapper.putObject(MemcachedClientWrapper.java:262)
	at org.mybatis.caches.memcached.MemcachedCache.putObject(MemcachedCache.java:96)
	at org.mybatis.caches.memcached.GroupTestThread.run(GroupTestThread.java:57)
Caused by: net.spy.memcached.internal.CheckedOperationTimeoutException: Timed out waiting for operation - failing node: localhost/127.0.0.1:11211
	at net.spy.memcached.internal.OperationFuture.get(OperationFuture.java:167)
	at net.spy.memcached.MemcachedClient.gets(MemcachedClient.java:1136)
	... 6 more

2023-02-01 22:02:54.678 WARN net.spy.memcached.MemcachedConnection:  Could not redistribute to another node, retrying primary node for _mybatis_e26041a87cdf0947ac000d408e2c9857d82c31a1.
Feb 01, 2023 10:02:54 PM org.apache.ibatis.logging.jdk14.Jdk14LoggingImpl error
SEVERE: Impossible to retrieve group '_mybatis_e26041a87cdf0947ac000d408e2c9857d82c31a1' see nested exceptions
net.spy.memcached.OperationTimeoutException: Timeout waiting for value
	at net.spy.memcached.MemcachedClient.gets(MemcachedClient.java:1146)
	at net.spy.memcached.MemcachedClient.gets(MemcachedClient.java:1210)
	at org.mybatis.caches.memcached.MemcachedClientWrapper.retrieveWithCas(MemcachedClientWrapper.java:235)
	at org.mybatis.caches.memcached.MemcachedClientWrapper.getGroup(MemcachedClientWrapper.java:153)
	at org.mybatis.caches.memcached.MemcachedClientWrapper.putObject(MemcachedClientWrapper.java:262)
	at org.mybatis.caches.memcached.MemcachedCache.putObject(MemcachedCache.java:96)
	at org.mybatis.caches.memcached.GroupTestThread.run(GroupTestThread.java:57)
Caused by: net.spy.memcached.internal.CheckedOperationTimeoutException: Timed out waiting for operation - failing node: localhost/127.0.0.1:11211
	at net.spy.memcached.internal.OperationFuture.get(OperationFuture.java:167)
	at net.spy.memcached.MemcachedClient.gets(MemcachedClient.java:1136)
	... 6 more

2023-02-01 22:02:54.679 WARN net.spy.memcached.MemcachedConnection:  Could not redistribute to another node, retrying primary node for _mybatis_e26041a87cdf0947ac000d408e2c9857d82c31a1.
Feb 01, 2023 10:02:54 PM org.apache.ibatis.logging.jdk14.Jdk14LoggingImpl error
SEVERE: Impossible to retrieve group '_mybatis_e26041a87cdf0947ac000d408e2c9857d82c31a1' see nested exceptions
net.spy.memcached.OperationTimeoutException: Timeout waiting for value
	at net.spy.memcached.MemcachedClient.gets(MemcachedClient.java:1146)
	at net.spy.memcached.MemcachedClient.gets(MemcachedClient.java:1210)
	at org.mybatis.caches.memcached.MemcachedClientWrapper.retrieveWithCas(MemcachedClientWrapper.java:235)
	at org.mybatis.caches.memcached.MemcachedClientWrapper.getGroup(MemcachedClientWrapper.java:153)
	at org.mybatis.caches.memcached.MemcachedClientWrapper.putObject(MemcachedClientWrapper.java:262)
	at org.mybatis.caches.memcached.MemcachedCache.putObject(MemcachedCache.java:96)
	at org.mybatis.caches.memcached.GroupTestThread.run(GroupTestThread.java:57)
Caused by: net.spy.memcached.internal.CheckedOperationTimeoutException: Timed out waiting for operation - failing node: localhost/127.0.0.1:11211
	at net.spy.memcached.internal.OperationFuture.get(OperationFuture.java:167)
	at net.spy.memcached.MemcachedClient.gets(MemcachedClient.java:1136)
	... 6 more

2023-02-01 22:02:54.680 WARN net.spy.memcached.MemcachedConnection:  Could not redistribute to another node, retrying primary node for _mybatis_e26041a87cdf0947ac000d408e2c9857d82c31a1.
Exception in thread "Thread-5" java.lang.RuntimeException: Timed out waiting for operation
	at net.spy.memcached.internal.OperationFuture.get(OperationFuture.java:142)
	at org.mybatis.caches.memcached.MemcachedClientWrapper.tryToAdd(MemcachedClientWrapper.java:356)
	at org.mybatis.caches.memcached.MemcachedClientWrapper.putObject(MemcachedClientWrapper.java:273)
	at org.mybatis.caches.memcached.MemcachedCache.putObject(MemcachedCache.java:96)
	at org.mybatis.caches.memcached.GroupTestThread.run(GroupTestThread.java:57)
Caused by: net.spy.memcached.internal.CheckedOperationTimeoutException: Timed out waiting for operation - failing node: localhost/127.0.0.1:11211
	at net.spy.memcached.internal.OperationFuture.get(OperationFuture.java:167)
	at net.spy.memcached.internal.OperationFuture.get(OperationFuture.java:140)
	... 4 more
Exception in thread "Thread-7" java.lang.RuntimeException: Timed out waiting for operation
	at net.spy.memcached.internal.OperationFuture.get(OperationFuture.java:142)
	at org.mybatis.caches.memcached.MemcachedClientWrapper.tryToAdd(MemcachedClientWrapper.java:356)
	at org.mybatis.caches.memcached.MemcachedClientWrapper.putObject(MemcachedClientWrapper.java:273)
	at org.mybatis.caches.memcached.MemcachedCache.putObject(MemcachedCache.java:96)
	at org.mybatis.caches.memcached.GroupTestThread.run(GroupTestThread.java:57)
Caused by: net.spy.memcached.internal.CheckedOperationTimeoutException: Timed out waiting for operation - failing node: localhost/127.0.0.1:11211
	at net.spy.memcached.internal.OperationFuture.get(OperationFuture.java:167)
	at net.spy.memcached.internal.OperationFuture.get(OperationFuture.java:140)
	... 4 more
Exception in thread "Thread-2" java.lang.RuntimeException: Timed out waiting for operation
	at net.spy.memcached.internal.OperationFuture.get(OperationFuture.java:142)
	at org.mybatis.caches.memcached.MemcachedClientWrapper.tryToAdd(MemcachedClientWrapper.java:356)
	at org.mybatis.caches.memcached.MemcachedClientWrapper.putObject(MemcachedClientWrapper.java:273)
	at org.mybatis.caches.memcached.MemcachedCache.putObject(MemcachedCache.java:96)
	at org.mybatis.caches.memcached.GroupTestThread.run(GroupTestThread.java:57)
Caused by: net.spy.memcached.internal.CheckedOperationTimeoutException: Timed out waiting for operation - failing node: localhost/127.0.0.1:11211
	at net.spy.memcached.internal.OperationFuture.get(OperationFuture.java:167)
	at net.spy.memcached.internal.OperationFuture.get(OperationFuture.java:140)
	... 4 more
Exception in thread "Thread-6" java.lang.RuntimeException: Timed out waiting for operation
	at net.spy.memcached.internal.OperationFuture.get(OperationFuture.java:142)
	at org.mybatis.caches.memcached.MemcachedClientWrapper.tryToAdd(MemcachedClientWrapper.java:356)
	at org.mybatis.caches.memcached.MemcachedClientWrapper.putObject(MemcachedClientWrapper.java:273)
	at org.mybatis.caches.memcached.MemcachedCache.putObject(MemcachedCache.java:96)
	at org.mybatis.caches.memcached.GroupTestThread.run(GroupTestThread.java:57)
Caused by: net.spy.memcached.internal.CheckedOperationTimeoutException: Timed out waiting for operation - failing node: localhost/127.0.0.1:11211
	at net.spy.memcached.internal.OperationFuture.get(OperationFuture.java:167)
	at net.spy.memcached.internal.OperationFuture.get(OperationFuture.java:140)
	... 4 more
Exception in thread "Thread-16" java.lang.RuntimeException: Timed out waiting for operation
	at net.spy.memcached.internal.OperationFuture.get(OperationFuture.java:142)
	at org.mybatis.caches.memcached.MemcachedClientWrapper.tryToAdd(MemcachedClientWrapper.java:356)
	at org.mybatis.caches.memcached.MemcachedClientWrapper.putObject(MemcachedClientWrapper.java:273)
	at org.mybatis.caches.memcached.MemcachedCache.putObject(MemcachedCache.java:96)
	at org.mybatis.caches.memcached.GroupTestThread.run(GroupTestThread.java:57)
Caused by: net.spy.memcached.internal.CheckedOperationTimeoutException: Timed out waiting for operation - failing node: localhost/127.0.0.1:11211
	at net.spy.memcached.internal.OperationFuture.get(OperationFuture.java:167)
	at net.spy.memcached.internal.OperationFuture.get(OperationFuture.java:140)
	... 4 more
Exception in thread "Thread-15" java.lang.RuntimeException: Timed out waiting for operation
	at net.spy.memcached.internal.OperationFuture.get(OperationFuture.java:142)
	at org.mybatis.caches.memcached.MemcachedClientWrapper.tryToAdd(MemcachedClientWrapper.java:356)
	at org.mybatis.caches.memcached.MemcachedClientWrapper.putObject(MemcachedClientWrapper.java:273)
	at org.mybatis.caches.memcached.MemcachedCache.putObject(MemcachedCache.java:96)
	at org.mybatis.caches.memcached.GroupTestThread.run(GroupTestThread.java:57)
Caused by: net.spy.memcached.internal.CheckedOperationTimeoutException: Timed out waiting for operation - failing node: localhost/127.0.0.1:11211
	at net.spy.memcached.internal.OperationFuture.get(OperationFuture.java:167)
	at net.spy.memcached.internal.OperationFuture.get(OperationFuture.java:140)
	... 4 more
Exception in thread "Thread-3" java.lang.RuntimeException: Timed out waiting for operation
	at net.spy.memcached.internal.OperationFuture.get(OperationFuture.java:142)
	at org.mybatis.caches.memcached.MemcachedClientWrapper.tryToAdd(MemcachedClientWrapper.java:356)
	at org.mybatis.caches.memcached.MemcachedClientWrapper.putObject(MemcachedClientWrapper.java:273)
	at org.mybatis.caches.memcached.MemcachedCache.putObject(MemcachedCache.java:96)
	at org.mybatis.caches.memcached.GroupTestThread.run(GroupTestThread.java:57)
Caused by: net.spy.memcached.internal.CheckedOperationTimeoutException: Timed out waiting for operation - failing node: localhost/127.0.0.1:11211
	at net.spy.memcached.internal.OperationFuture.get(OperationFuture.java:167)
	at net.spy.memcached.internal.OperationFuture.get(OperationFuture.java:140)
	... 4 more
Exception in thread "Thread-13" java.lang.RuntimeException: Timed out waiting for operation
	at net.spy.memcached.internal.OperationFuture.get(OperationFuture.java:142)
	at org.mybatis.caches.memcached.MemcachedClientWrapper.tryToAdd(MemcachedClientWrapper.java:356)
	at org.mybatis.caches.memcached.MemcachedClientWrapper.putObject(MemcachedClientWrapper.java:273)
	at org.mybatis.caches.memcached.MemcachedCache.putObject(MemcachedCache.java:96)
Exception in thread "Thread-10" 	at org.mybatis.caches.memcached.GroupTestThread.run(GroupTestThread.java:57)
Caused by: net.spy.memcached.internal.CheckedOperationTimeoutException: Timed out waiting for operation - failing node: localhost/127.0.0.1:11211
	at net.spy.memcached.internal.OperationFuture.get(OperationFuture.java:167)
	at net.spy.memcached.internal.OperationFuture.get(OperationFuture.java:140)
	... 4 more
java.lang.RuntimeException: Timed out waiting for operation
	at net.spy.memcached.internal.OperationFuture.get(OperationFuture.java:142)
	at org.mybatis.caches.memcached.MemcachedClientWrapper.tryToAdd(MemcachedClientWrapper.java:356)
	at org.mybatis.caches.memcached.MemcachedClientWrapper.putObject(MemcachedClientWrapper.java:273)
	at org.mybatis.caches.memcached.MemcachedCache.putObject(MemcachedCache.java:96)
	at org.mybatis.caches.memcached.GroupTestThread.run(GroupTestThread.java:57)
Caused by: net.spy.memcached.internal.CheckedOperationTimeoutException: Timed out waiting for operation - failing node: localhost/127.0.0.1:11211
	at net.spy.memcached.internal.OperationFuture.get(OperationFuture.java:167)
	at net.spy.memcached.internal.OperationFuture.get(OperationFuture.java:140)
	... 4 more
Exception in thread "Thread-21" java.lang.RuntimeException: Timed out waiting for operation
	at net.spy.memcached.internal.OperationFuture.get(OperationFuture.java:142)
	at org.mybatis.caches.memcached.MemcachedClientWrapper.tryToAdd(MemcachedClientWrapper.java:356)
	at org.mybatis.caches.memcached.MemcachedClientWrapper.putObject(MemcachedClientWrapper.java:273)
	at org.mybatis.caches.memcached.MemcachedCache.putObject(MemcachedCache.java:96)
	at org.mybatis.caches.memcached.GroupTestThread.run(GroupTestThread.java:57)
Caused by: net.spy.memcached.internal.CheckedOperationTimeoutException: Timed out waiting for operation - failing node: localhost/127.0.0.1:11211
	at net.spy.memcached.internal.OperationFuture.get(OperationFuture.java:167)
	at net.spy.memcached.internal.OperationFuture.get(OperationFuture.java:140)
	... 4 more
Exception in thread "Thread-17" java.lang.RuntimeException: Timed out waiting for operation
	at net.spy.memcached.internal.OperationFuture.get(OperationFuture.java:142)
	at org.mybatis.caches.memcached.MemcachedClientWrapper.tryToAdd(MemcachedClientWrapper.java:356)
	at org.mybatis.caches.memcached.MemcachedClientWrapper.putObject(MemcachedClientWrapper.java:273)
	at org.mybatis.caches.memcached.MemcachedCache.putObject(MemcachedCache.java:96)
	at org.mybatis.caches.memcached.GroupTestThread.run(GroupTestThread.java:57)
Caused by: net.spy.memcached.internal.CheckedOperationTimeoutException: Timed out waiting for operation - failing node: localhost/127.0.0.1:11211
	at net.spy.memcached.internal.OperationFuture.get(OperationFuture.java:167)
	at net.spy.memcached.internal.OperationFuture.get(OperationFuture.java:140)
	... 4 more
Exception in thread "Thread-19" java.lang.RuntimeException: Timed out waiting for operation
	at net.spy.memcached.internal.OperationFuture.get(OperationFuture.java:142)
	at org.mybatis.caches.memcached.MemcachedClientWrapper.tryToAdd(MemcachedClientWrapper.java:356)
	at org.mybatis.caches.memcached.MemcachedClientWrapper.putObject(MemcachedClientWrapper.java:273)
	at org.mybatis.caches.memcached.MemcachedCache.putObject(MemcachedCache.java:96)
	at org.mybatis.caches.memcached.GroupTestThread.run(GroupTestThread.java:57)
Caused by: net.spy.memcached.internal.CheckedOperationTimeoutException: Timed out waiting for operation - failing node: localhost/127.0.0.1:11211
	at net.spy.memcached.internal.OperationFuture.get(OperationFuture.java:167)
	at net.spy.memcached.internal.OperationFuture.get(OperationFuture.java:140)
	... 4 more
Exception in thread "Thread-12" java.lang.RuntimeException: Timed out waiting for operation
	at net.spy.memcached.internal.OperationFuture.get(OperationFuture.java:142)
	at org.mybatis.caches.memcached.MemcachedClientWrapper.tryToAdd(MemcachedClientWrapper.java:356)
	at org.mybatis.caches.memcached.MemcachedClientWrapper.putObject(MemcachedClientWrapper.java:273)
	at org.mybatis.caches.memcached.MemcachedCache.putObject(MemcachedCache.java:96)
	at org.mybatis.caches.memcached.GroupTestThread.run(GroupTestThread.java:57)
Caused by: net.spy.memcached.internal.CheckedOperationTimeoutException: Timed out waiting for operation - failing node: localhost/127.0.0.1:11211
	at net.spy.memcached.internal.OperationFuture.get(OperationFuture.java:167)
	at net.spy.memcached.internal.OperationFuture.get(OperationFuture.java:140)
	... 4 more
Exception in thread "Thread-8" java.lang.RuntimeException: Timed out waiting for operation
	at net.spy.memcached.internal.OperationFuture.get(OperationFuture.java:142)
	at org.mybatis.caches.memcached.MemcachedClientWrapper.tryToAdd(MemcachedClientWrapper.java:356)
	at org.mybatis.caches.memcached.MemcachedClientWrapper.putObject(MemcachedClientWrapper.java:273)
	at org.mybatis.caches.memcached.MemcachedCache.putObject(MemcachedCache.java:96)
	at org.mybatis.caches.memcached.GroupTestThread.run(GroupTestThread.java:57)
Caused by: net.spy.memcached.internal.CheckedOperationTimeoutException: Timed out waiting for operation - failing node: localhost/127.0.0.1:11211
	at net.spy.memcached.internal.OperationFuture.get(OperationFuture.java:167)
	at net.spy.memcached.internal.OperationFuture.get(OperationFuture.java:140)
	... 4 more
Exception in thread "Thread-14" Exception in thread "Thread-9" java.lang.RuntimeException: Timed out waiting for operation
	at net.spy.memcached.internal.OperationFuture.get(OperationFuture.java:142)
	at org.mybatis.caches.memcached.MemcachedClientWrapper.tryToAdd(MemcachedClientWrapper.java:356)
	at org.mybatis.caches.memcached.MemcachedClientWrapper.putObject(MemcachedClientWrapper.java:273)
	at org.mybatis.caches.memcached.MemcachedCache.putObject(MemcachedCache.java:96)
	at org.mybatis.caches.memcached.GroupTestThread.run(GroupTestThread.java:57)
Caused by: net.spy.memcached.internal.CheckedOperationTimeoutException: Timed out waiting for operation - failing node: localhost/127.0.0.1:11211
	at net.spy.memcached.internal.OperationFuture.get(OperationFuture.java:167)
	at net.spy.memcached.internal.OperationFuture.get(OperationFuture.java:140)
	... 4 more
java.lang.RuntimeException: Timed out waiting for operation
	at net.spy.memcached.internal.OperationFuture.get(OperationFuture.java:142)
	at org.mybatis.caches.memcached.MemcachedClientWrapper.tryToAdd(MemcachedClientWrapper.java:356)
	at org.mybatis.caches.memcached.MemcachedClientWrapper.putObject(MemcachedClientWrapper.java:273)
	at org.mybatis.caches.memcached.MemcachedCache.putObject(MemcachedCache.java:96)
	at org.mybatis.caches.memcached.GroupTestThread.run(GroupTestThread.java:57)
Exception in thread "Thread-4" Caused by: net.spy.memcached.internal.CheckedOperationTimeoutException: Timed out waiting for operation - failing node: localhost/127.0.0.1:11211
	at net.spy.memcached.internal.OperationFuture.get(OperationFuture.java:167)
	at net.spy.memcached.internal.OperationFuture.get(OperationFuture.java:140)
	... 4 more
java.lang.RuntimeException: Timed out waiting for operation
	at net.spy.memcached.internal.OperationFuture.get(OperationFuture.java:142)
	at org.mybatis.caches.memcached.MemcachedClientWrapper.tryToAdd(MemcachedClientWrapper.java:356)
	at org.mybatis.caches.memcached.MemcachedClientWrapper.putObject(MemcachedClientWrapper.java:273)
	at org.mybatis.caches.memcached.MemcachedCache.putObject(MemcachedCache.java:96)
	at org.mybatis.caches.memcached.GroupTestThread.run(GroupTestThread.java:57)
Caused by: net.spy.memcached.internal.CheckedOperationTimeoutException: Timed out waiting for operation - failing node: localhost/127.0.0.1:11211
	at net.spy.memcached.internal.OperationFuture.get(OperationFuture.java:167)
	at net.spy.memcached.internal.OperationFuture.get(OperationFuture.java:140)
	... 4 more
Exception in thread "Thread-11" java.lang.RuntimeException: Timed out waiting for operation
	at net.spy.memcached.internal.OperationFuture.get(OperationFuture.java:142)
	at org.mybatis.caches.memcached.MemcachedClientWrapper.tryToAdd(MemcachedClientWrapper.java:356)
	at org.mybatis.caches.memcached.MemcachedClientWrapper.putObject(MemcachedClientWrapper.java:273)
	at org.mybatis.caches.memcached.MemcachedCache.putObject(MemcachedCache.java:96)
	at org.mybatis.caches.memcached.GroupTestThread.run(GroupTestThread.java:57)
Caused by: net.spy.memcached.internal.CheckedOperationTimeoutException: Timed out waiting for operation - failing node: localhost/127.0.0.1:11211
	at net.spy.memcached.internal.OperationFuture.get(OperationFuture.java:167)
	at net.spy.memcached.internal.OperationFuture.get(OperationFuture.java:140)
	... 4 more
Exception in thread "Thread-18" java.lang.RuntimeException: Timed out waiting for operation
	at net.spy.memcached.internal.OperationFuture.get(OperationFuture.java:142)
	at org.mybatis.caches.memcached.MemcachedClientWrapper.tryToAdd(MemcachedClientWrapper.java:356)
	at org.mybatis.caches.memcached.MemcachedClientWrapper.putObject(MemcachedClientWrapper.java:273)
	at org.mybatis.caches.memcached.MemcachedCache.putObject(MemcachedCache.java:96)
	at org.mybatis.caches.memcached.GroupTestThread.run(GroupTestThread.java:57)
Caused by: net.spy.memcached.internal.CheckedOperationTimeoutException: Timed out waiting for operation - failing node: localhost/127.0.0.1:11211
	at net.spy.memcached.internal.OperationFuture.get(OperationFuture.java:167)
	at net.spy.memcached.internal.OperationFuture.get(OperationFuture.java:140)
	... 4 more
Exception in thread "Thread-20" java.lang.RuntimeException: Timed out waiting for operation
	at net.spy.memcached.internal.OperationFuture.get(OperationFuture.java:142)
	at org.mybatis.caches.memcached.MemcachedClientWrapper.tryToAdd(MemcachedClientWrapper.java:356)
	at org.mybatis.caches.memcached.MemcachedClientWrapper.putObject(MemcachedClientWrapper.java:273)
	at org.mybatis.caches.memcached.MemcachedCache.putObject(MemcachedCache.java:96)
	at org.mybatis.caches.memcached.GroupTestThread.run(GroupTestThread.java:57)
Caused by: net.spy.memcached.internal.CheckedOperationTimeoutException: Timed out waiting for operation - failing node: localhost/127.0.0.1:11211
	at net.spy.memcached.internal.OperationFuture.get(OperationFuture.java:167)
	at net.spy.memcached.internal.OperationFuture.get(OperationFuture.java:140)
	... 4 more
2023-02-01 22:02:57.184 WARN net.spy.memcached.MemcachedConnection:  Could not redistribute to another node, retrying primary node for _mybatis_e26041a87cdf0947ac000d408e2c9857d82c31a1.
2023-02-01 22:02:57.552 INFO net.spy.memcached.MemcachedConnection:  Reconnecting {QA sa=localhost/127.0.0.1:11211, #Rops=0, #Wops=74, #iq=0, topRop=null, topWop=Cmd: set Key: _mybatis_b6589fc6ab0dc82cf12099d1c2d40ab994e8410c Flags: 512 Exp: 2592000 Data Length: 0, toWrite=0, interested=0}
2023-02-01 22:02:57.553 INFO net.spy.memcached.MemcachedConnection:  Reconnecting due to failure to connect to {QA sa=localhost/127.0.0.1:11211, #Rops=0, #Wops=74, #iq=0, topRop=null, topWop=Cmd: set Key: _mybatis_b6589fc6ab0dc82cf12099d1c2d40ab994e8410c Flags: 512 Exp: 2592000 Data Length: 0, toWrite=0, interested=0}
java.net.ConnectException: Connection refused
	at java.base/sun.nio.ch.SocketChannelImpl.checkConnect(Native Method)
	at java.base/sun.nio.ch.SocketChannelImpl.finishConnect(SocketChannelImpl.java:777)
	at net.spy.memcached.MemcachedConnection.handleIO(MemcachedConnection.java:691)
	at net.spy.memcached.MemcachedConnection.handleIO(MemcachedConnection.java:450)
	at net.spy.memcached.MemcachedConnection.run(MemcachedConnection.java:1457)
2023-02-01 22:02:57.553 WARN net.spy.memcached.MemcachedConnection:  Closing, and reopening {QA sa=localhost/127.0.0.1:11211, #Rops=0, #Wops=74, #iq=0, topRop=null, topWop=Cmd: set Key: _mybatis_b6589fc6ab0dc82cf12099d1c2d40ab994e8410c Flags: 512 Exp: 2592000 Data Length: 0, toWrite=0, interested=0}, attempt 4.
[ERROR] Tests run: 5, Failures: 0, Errors: 5, Skipped: 0, Time elapsed: 30.25 s <<< FAILURE! - in org.mybatis.caches.memcached.MemcachedTestCase
[ERROR] org.mybatis.caches.memcached.MemcachedTestCase.shouldFlushAllItemsOnDemand  Time elapsed: 5.15 s  <<< ERROR!
java.lang.RuntimeException: Timed out waiting for operation
	at org.mybatis.caches.memcached.MemcachedTestCase.shouldFlushAllItemsOnDemand(MemcachedTestCase.java:72)
Caused by: net.spy.memcached.internal.CheckedOperationTimeoutException: Timed out waiting for operation - failing node: localhost/127.0.0.1:11211
	at org.mybatis.caches.memcached.MemcachedTestCase.shouldFlushAllItemsOnDemand(MemcachedTestCase.java:72)

[ERROR] org.mybatis.caches.memcached.MemcachedTestCase.shouldAcceptAKeyBiggerThan250  Time elapsed: 5.008 s  <<< ERROR!
java.lang.RuntimeException: Timed out waiting for operation
	at org.mybatis.caches.memcached.MemcachedTestCase.shouldAcceptAKeyBiggerThan250(MemcachedTestCase.java:87)
Caused by: net.spy.memcached.internal.CheckedOperationTimeoutException: Timed out waiting for operation - failing node: localhost/127.0.0.1:11211
	at org.mybatis.caches.memcached.MemcachedTestCase.shouldAcceptAKeyBiggerThan250(MemcachedTestCase.java:87)

[ERROR] org.mybatis.caches.memcached.MemcachedTestCase.shouldRemoveItemOnDemand  Time elapsed: 5.007 s  <<< ERROR!
java.lang.RuntimeException: Timed out waiting for operation
	at org.mybatis.caches.memcached.MemcachedTestCase.shouldRemoveItemOnDemand(MemcachedTestCase.java:62)
Caused by: net.spy.memcached.internal.CheckedOperationTimeoutException: Timed out waiting for operation - failing node: localhost/127.0.0.1:11211
	at org.mybatis.caches.memcached.MemcachedTestCase.shouldRemoveItemOnDemand(MemcachedTestCase.java:62)

[ERROR] org.mybatis.caches.memcached.MemcachedTestCase.shouldDemonstrateCopiesAreEqual  Time elapsed: 5.012 s  <<< ERROR!
java.lang.RuntimeException: Timed out waiting for operation
	at org.mybatis.caches.memcached.MemcachedTestCase.shouldDemonstrateCopiesAreEqual(MemcachedTestCase.java:55)
Caused by: net.spy.memcached.internal.CheckedOperationTimeoutException: Timed out waiting for operation - failing node: localhost/127.0.0.1:11211
	at org.mybatis.caches.memcached.MemcachedTestCase.shouldDemonstrateCopiesAreEqual(MemcachedTestCase.java:55)

[ERROR] org.mybatis.caches.memcached.MemcachedTestCase.groupShouldContainAllKeys  Time elapsed: 10.046 s  <<< ERROR!
net.spy.memcached.OperationTimeoutException: Timeout waiting for value: waited 2,500 ms. Node status: Connection Status { localhost/127.0.0.1:11211 active: false, authed: true, last read: 30,154 ms ago }
	at org.mybatis.caches.memcached.MemcachedTestCase.groupShouldContainAllKeys(MemcachedTestCase.java:130)
Caused by: net.spy.memcached.internal.CheckedOperationTimeoutException: Timed out waiting for operation - failing node: localhost/127.0.0.1:11211
	at org.mybatis.caches.memcached.MemcachedTestCase.groupShouldContainAllKeys(MemcachedTestCase.java:130)

[INFO] 
[INFO] Results:
[INFO] 
[ERROR] Errors: 
[ERROR]   MemcachedTestCase.groupShouldContainAllKeys:130  OperationTimeout Timeout wai...
[ERROR]   MemcachedTestCase.shouldAcceptAKeyBiggerThan250:87  Runtime Timed out waiting...
[ERROR]   MemcachedTestCase.shouldDemonstrateCopiesAreEqual:55  Runtime Timed out waiti...
[ERROR]   MemcachedTestCase.shouldFlushAllItemsOnDemand:72  Runtime Timed out waiting f...
[ERROR]   MemcachedTestCase.shouldRemoveItemOnDemand:62  Runtime Timed out waiting for ...
[INFO] 
[ERROR] Tests run: 5, Failures: 0, Errors: 5, Skipped: 0
[INFO] 
[INFO] ------------------------------------------------------------------------
[INFO] BUILD FAILURE
[INFO] ------------------------------------------------------------------------
[INFO] Total time:  39.300 s
[INFO] Finished at: 2023-02-01T22:03:00Z
[INFO] ------------------------------------------------------------------------
[ERROR] Failed to execute goal org.apache.maven.plugins:maven-surefire-plugin:3.0.0-M5:test (default-test) on project mybatis-memcached: There are test failures.
[ERROR] 
[ERROR] Please refer to /home/gabsko/breaking-updates/target/surefire-reports for the individual test results.
[ERROR] Please refer to dump files (if any exist) [date].dump, [date]-jvmRun[N].dump and [date].dumpstream.
[ERROR] -> [Help 1]
[ERROR] 
[ERROR] To see the full stack trace of the errors, re-run Maven with the -e switch.
[ERROR] Re-run Maven using the -X switch to enable full debug logging.
[ERROR] 
[ERROR] For more information about the errors and possible solutions, please read the following articles:
[ERROR] [Help 1] http://cwiki.apache.org/confluence/display/MAVEN/MojoFailureException
