[INFO] Scanning for projects...
[WARNING] The project com.frameworkium:Frameworkium-BDD:jar:3.0.0-BDD-SNAPSHOT uses prerequisites which is only intended for maven-plugin projects but not for non maven-plugin projects. For such purposes you should use the maven-enforcer-plugin. See https://maven.apache.org/enforcer/enforcer-rules/requireMavenVersion.html
[INFO] 
[INFO] -----------------< com.frameworkium:Frameworkium-BDD >------------------
[INFO] Building Frameworkium-BDD 3.0.0-BDD-SNAPSHOT
[INFO] --------------------------------[ jar ]---------------------------------
[INFO] 
[INFO] --- maven-clean-plugin:2.5:clean (default-clean) @ Frameworkium-BDD ---
[INFO] 
[INFO] --- maven-resources-plugin:2.6:resources (default-resources) @ Frameworkium-BDD ---
[INFO] Using 'UTF-8' encoding to copy filtered resources.
[INFO] skip non existing resourceDirectory /home/gabsko/breaking-updates/src/main/resources
[INFO] 
[INFO] --- maven-compiler-plugin:3.8.1:compile (default-compile) @ Frameworkium-BDD ---
[INFO] No sources to compile
[INFO] 
[INFO] --- maven-resources-plugin:2.6:testResources (default-testResources) @ Frameworkium-BDD ---
[INFO] Using 'UTF-8' encoding to copy filtered resources.
[INFO] Copying 5 resources
[INFO] 
[INFO] --- maven-compiler-plugin:3.8.1:testCompile (default-testCompile) @ Frameworkium-BDD ---
[INFO] Changes detected - recompiling the module!
[INFO] Compiling 13 source files to /home/gabsko/breaking-updates/target/test-classes
[INFO] 
[INFO] --- maven-surefire-plugin:3.0.0-M3:test (default-test) @ Frameworkium-BDD ---
[INFO] 
[INFO] -------------------------------------------------------
[INFO]  T E S T S
[INFO] -------------------------------------------------------
[INFO] Running TestSuite
10:50:57.264 [TestNG-PoolService-0] INFO  - START Get all bike points contains Evesham Street, Avondale

@api
Scenario Outline: Get all bike points contains Evesham Street, Avondale [90m# src/test/resources/features/Bikes.feature:14[0m
  [32mWhen [0m[32mI request all bike points[0m                                        [90m# com.tfl.glue.TflStepDefs.i_request_all_bike_points()[0m
  [32mThen [0m[32m"[0m[32m[1mEvesham Street, Avondale[0m[32m" will be in the result[0m                 [90m# com.tfl.glue.TflStepDefs.will_be_in_the_result(java.lang.String)[0m
10:50:59.903 [TestNG-PoolService-0] INFO  - PASS  Get all bike points contains Evesham Street, Avondale
10:50:59.904 [TestNG-PoolService-0] INFO  - START Get all bike points contains River Street , Clerkenwell

@api
Scenario Outline: Get all bike points contains River Street , Clerkenwell [90m# src/test/resources/features/Bikes.feature:15[0m
  [32mWhen [0m[32mI request all bike points[0m                                          [90m# com.tfl.glue.TflStepDefs.i_request_all_bike_points()[0m
  [32mThen [0m[32m"[0m[32m[1mRiver Street , Clerkenwell[0m[32m" will be in the result[0m                 [90m# com.tfl.glue.TflStepDefs.will_be_in_the_result(java.lang.String)[0m
10:51:00.426 [TestNG-PoolService-0] INFO  - PASS  Get all bike points contains River Street , Clerkenwell
[32m[1mâ”Œâ”€â”€â”€â”€â”€â”€â”€â”€â”€â”€â”€â”€â”€â”€â”€â”€â”€â”€â”€â”€â”€â”€â”€â”€â”€â”€â”€â”€â”€â”€â”€â”€â”€â”€â”€â”€â”€â”€â”€â”€â”€â”€â”€â”€â”€â”€â”€â”€â”€â”€â”€â”€â”€â”€â”€â”€â”€â”€â”€â”€â”€â”€â”€â”€â”€â”€â”€â”€â”€â”€â”€â”€â”€â”€â”€â”€â”€â”€â”€â”€â”€â”€â”€â”[0m
[32m[1mâ”‚[0m Share your Cucumber Report with your team at [36m[1m[4mhttps://reports.cucumber.io[0m          [32m[1mâ”‚[0m
[32m[1mâ”‚[0m Activate publishing with one of the following:                                    [32m[1mâ”‚[0m
[32m[1mâ”‚[0m                                                                                   [32m[1mâ”‚[0m
[32m[1mâ”‚[0m src/test/resources/cucumber.properties:          [36mcucumber.publish.enabled[0m=[36mtrue[0m    [32m[1mâ”‚[0m
[32m[1mâ”‚[0m src/test/resources/junit-platform.properties:    [36mcucumber.publish.enabled[0m=[36mtrue[0m    [32m[1mâ”‚[0m
[32m[1mâ”‚[0m Environment variable:                            [36mCUCUMBER_PUBLISH_ENABLED[0m=[36mtrue[0m    [32m[1mâ”‚[0m
[32m[1mâ”‚[0m JUnit:                                           [36m@CucumberOptions[0m(publish = [36mtrue[0m) [32m[1mâ”‚[0m
[32m[1mâ”‚[0m                                                                                   [32m[1mâ”‚[0m
[32m[1mâ”‚[0m More information at [36mhttps://cucumber.io/docs/cucumber/environment-variables/[0m      [32m[1mâ”‚[0m
[32m[1mâ”‚[0m                                                                                   [32m[1mâ”‚[0m
[32m[1mâ”‚[0m Disable this message with one of the following:                                   [32m[1mâ”‚[0m
[32m[1mâ”‚[0m                                                                                   [32m[1mâ”‚[0m
[32m[1mâ”‚[0m src/test/resources/cucumber.properties:          [36mcucumber.publish.quiet[0m=[36mtrue[0m      [32m[1mâ”‚[0m
[32m[1mâ”‚[0m src/test/resources/junit-platform.properties:    [36mcucumber.publish.quiet[0m=[36mtrue[0m      [32m[1mâ”‚[0m
[32m[1mâ””â”€â”€â”€â”€â”€â”€â”€â”€â”€â”€â”€â”€â”€â”€â”€â”€â”€â”€â”€â”€â”€â”€â”€â”€â”€â”€â”€â”€â”€â”€â”€â”€â”€â”€â”€â”€â”€â”€â”€â”€â”€â”€â”€â”€â”€â”€â”€â”€â”€â”€â”€â”€â”€â”€â”€â”€â”€â”€â”€â”€â”€â”€â”€â”€â”€â”€â”€â”€â”€â”€â”€â”€â”€â”€â”€â”€â”€â”€â”€â”€â”€â”€â”€â”˜[0m
10:51:00.480 [TestNG-PoolService-0] INFO  - START Search for BlueFin
10:51:00.576 [TestNG-PoolService-0] ERROR - Failed to quit browser.
10:51:00.584 [TestNG-PoolService-0] INFO  - START Find the Selenium download version
10:51:00.589 [TestNG-PoolService-0] ERROR - Failed to quit browser.
[32m[1mâ”Œâ”€â”€â”€â”€â”€â”€â”€â”€â”€â”€â”€â”€â”€â”€â”€â”€â”€â”€â”€â”€â”€â”€â”€â”€â”€â”€â”€â”€â”€â”€â”€â”€â”€â”€â”€â”€â”€â”€â”€â”€â”€â”€â”€â”€â”€â”€â”€â”€â”€â”€â”€â”€â”€â”€â”€â”€â”€â”€â”€â”€â”€â”€â”€â”€â”€â”€â”€â”€â”€â”€â”€â”€â”€â”€â”€â”€â”€â”€â”€â”€â”€â”€â”€â”[0m
[32m[1mâ”‚[0m Share your Cucumber Report with your team at [36m[1m[4mhttps://reports.cucumber.io[0m          [32m[1mâ”‚[0m
[32m[1mâ”‚[0m Activate publishing with one of the following:                                    [32m[1mâ”‚[0m
[32m[1mâ”‚[0m                                                                                   [32m[1mâ”‚[0m
[32m[1mâ”‚[0m src/test/resources/cucumber.properties:          [36mcucumber.publish.enabled[0m=[36mtrue[0m    [32m[1mâ”‚[0m
[32m[1mâ”‚[0m src/test/resources/junit-platform.properties:    [36mcucumber.publish.enabled[0m=[36mtrue[0m    [32m[1mâ”‚[0m
[32m[1mâ”‚[0m Environment variable:                            [36mCUCUMBER_PUBLISH_ENABLED[0m=[36mtrue[0m    [32m[1mâ”‚[0m
[32m[1mâ”‚[0m JUnit:                                           [36m@CucumberOptions[0m(publish = [36mtrue[0m) [32m[1mâ”‚[0m
[32m[1mâ”‚[0m                                                                                   [32m[1mâ”‚[0m
[32m[1mâ”‚[0m More information at [36mhttps://cucumber.io/docs/cucumber/environment-variables/[0m      [32m[1mâ”‚[0m
[32m[1mâ”‚[0m                                                                                   [32m[1mâ”‚[0m
[32m[1mâ”‚[0m Disable this message with one of the following:                                   [32m[1mâ”‚[0m
[32m[1mâ”‚[0m                                                                                   [32m[1mâ”‚[0m
[32m[1mâ”‚[0m src/test/resources/cucumber.properties:          [36mcucumber.publish.quiet[0m=[36mtrue[0m      [32m[1mâ”‚[0m
[32m[1mâ”‚[0m src/test/resources/junit-platform.properties:    [36mcucumber.publish.quiet[0m=[36mtrue[0m      [32m[1mâ”‚[0m
[32m[1mâ””â”€â”€â”€â”€â”€â”€â”€â”€â”€â”€â”€â”€â”€â”€â”€â”€â”€â”€â”€â”€â”€â”€â”€â”€â”€â”€â”€â”€â”€â”€â”€â”€â”€â”€â”€â”€â”€â”€â”€â”€â”€â”€â”€â”€â”€â”€â”€â”€â”€â”€â”€â”€â”€â”€â”€â”€â”€â”€â”€â”€â”€â”€â”€â”€â”€â”€â”€â”€â”€â”€â”€â”€â”€â”€â”€â”€â”€â”€â”€â”€â”€â”€â”€â”˜[0m
[ERROR] Tests run: 8, Failures: 4, Errors: 0, Skipped: 2, Time elapsed: 5.219 s <<< FAILURE! - in TestSuite
[ERROR] setTestName(com.frameworkium.bdd.UITestRunner)  Time elapsed: 0.667 s  <<< FAILURE!
java.lang.IllegalStateException: The path to the driver executable The path to the driver executable must be set by the webdriver.gecko.driver system property; for more information, see https://github.com/mozilla/geckodriver. The latest version can be downloaded from https://github.com/mozilla/geckodriver/releases
	at com.frameworkium.bdd.UITestRunner.setTestName(UITestRunner.java:45)

[ERROR] afterMethod(com.frameworkium.bdd.UITestRunner)  Time elapsed: 0.01 s  <<< FAILURE!
java.lang.NullPointerException
	at com.frameworkium.bdd.UITestRunner.afterMethod(UITestRunner.java:64)

[ERROR] setTestName(com.frameworkium.bdd.UITestRunner)  Time elapsed: 0.014 s  <<< FAILURE!
java.lang.IllegalStateException: The path to the driver executable The path to the driver executable must be set by the webdriver.gecko.driver system property; for more information, see https://github.com/mozilla/geckodriver. The latest version can be downloaded from https://github.com/mozilla/geckodriver/releases
	at com.frameworkium.bdd.UITestRunner.setTestName(UITestRunner.java:45)

[ERROR] afterMethod(com.frameworkium.bdd.UITestRunner)  Time elapsed: 0.004 s  <<< FAILURE!
java.lang.NullPointerException
	at com.frameworkium.bdd.UITestRunner.afterMethod(UITestRunner.java:64)

[INFO] 
[INFO] Results:
[INFO] 
[ERROR] Failures: 
[ERROR] com.frameworkium.bdd.UITestRunner.afterMethod(com.frameworkium.bdd.UITestRunner)
[ERROR]   Run 1: UITestRunner.afterMethod:64 Â» NullPointer
[ERROR]   Run 2: UITestRunner.afterMethod:64 Â» NullPointer
[INFO] 
[ERROR] com.frameworkium.bdd.UITestRunner.setTestName(com.frameworkium.bdd.UITestRunner)
[ERROR]   Run 1: UITestRunner.setTestName:45 Â» IllegalState The path to the driver executable T...
[ERROR]   Run 2: UITestRunner.setTestName:45 Â» IllegalState The path to the driver executable T...
[INFO] 
[INFO] 
[ERROR] Tests run: 5, Failures: 2, Errors: 0, Skipped: 1
[INFO] 
[INFO] ------------------------------------------------------------------------
[INFO] BUILD FAILURE
[INFO] ------------------------------------------------------------------------
[INFO] Total time:  8.598 s
[INFO] Finished at: 2023-02-06T10:51:01Z
[INFO] ------------------------------------------------------------------------
[ERROR] Failed to execute goal org.apache.maven.plugins:maven-surefire-plugin:3.0.0-M3:test (default-test) on project Frameworkium-BDD: There are test failures.
[ERROR] 
[ERROR] Please refer to /home/gabsko/breaking-updates/target/surefire-reports for the individual test results.
[ERROR] Please refer to dump files (if any exist) [date].dump, [date]-jvmRun[N].dump and [date].dumpstream.
[ERROR] -> [Help 1]
[ERROR] 
[ERROR] To see the full stack trace of the errors, re-run Maven with the -e switch.
[ERROR] Re-run Maven using the -X switch to enable full debug logging.
[ERROR] 
[ERROR] For more information about the errors and possible solutions, please read the following articles:
[ERROR] [Help 1] http://cwiki.apache.org/confluence/display/MAVEN/MojoFailureException
