[INFO] Scanning for projects...
[INFO] ------------------------------------------------------------------------
[INFO] Reactor Build Order:
[INFO] 
[INFO] FluentLenium                                                       [pom]
[INFO] FluentLenium Core                                                  [jar]
[INFO] FluentLenium TestNG                                                [jar]
[INFO] FluentLenium AssertJ                                               [jar]
[INFO] FluentLenium JUnit Jupiter                                         [jar]
[INFO] FluentLenium Integration Tests                                     [jar]
[INFO] FluentLenium JUnit                                                 [jar]
[INFO] FluentLenium Spring TestNG                                         [jar]
[INFO] FluentLenium Cucumber                                              [jar]
[INFO] FluentLenium Spock                                                 [jar]
[INFO] FluentLenium Kotest                                                [jar]
[INFO] FluentLenium Kotest Assertions                                     [jar]
[INFO] FluentLenium Coverage Report                                       [jar]
[INFO] 
[INFO] ----------------< org.fluentlenium:fluentlenium-parent >----------------
[INFO] Building FluentLenium 4.8.1-SNAPSHOT                              [1/13]
[INFO] --------------------------------[ pom ]---------------------------------
[INFO] 
[INFO] --- maven-clean-plugin:3.1.0:clean (default-clean) @ fluentlenium-parent ---
[INFO] 
[INFO] --- flatten-maven-plugin:1.2.7:clean (flatten.clean) @ fluentlenium-parent ---
[INFO] Deleting /home/gabsko/breaking-updates/.flattened-pom.xml
[INFO] 
[INFO] --- maven-enforcer-plugin:3.0.0-M3:enforce (enforce-maven) @ fluentlenium-parent ---
[INFO] 
[INFO] --- jacoco-maven-plugin:0.8.7:prepare-agent (prepare-agent) @ fluentlenium-parent ---
[INFO] argLine set to -javaagent:/home/gabsko/.m2/repository/org/jacoco/org.jacoco.agent/0.8.7/org.jacoco.agent-0.8.7-runtime.jar=destfile=/home/gabsko/breaking-updates/target/jacoco.exec,excludes=**com.steadystate*:**com/gargoylesoftware*
[INFO] 
[INFO] --- flatten-maven-plugin:1.2.7:flatten (flatten) @ fluentlenium-parent ---
[INFO] Generating flattened POM of project org.fluentlenium:fluentlenium-parent:pom:4.8.1-SNAPSHOT...
[INFO] 
[INFO] -----------------< org.fluentlenium:fluentlenium-core >-----------------
[INFO] Building FluentLenium Core 4.8.1-SNAPSHOT                         [2/13]
[INFO] --------------------------------[ jar ]---------------------------------
[INFO] 
[INFO] --- maven-clean-plugin:3.1.0:clean (default-clean) @ fluentlenium-core ---
[INFO] Deleting /home/gabsko/breaking-updates/fluentlenium-core/target
[INFO] 
[INFO] --- flatten-maven-plugin:1.2.7:clean (flatten.clean) @ fluentlenium-core ---
[INFO] Deleting /home/gabsko/breaking-updates/fluentlenium-core/.flattened-pom.xml
[INFO] 
[INFO] --- maven-enforcer-plugin:3.0.0-M3:enforce (enforce-maven) @ fluentlenium-core ---
[INFO] 
[INFO] --- jacoco-maven-plugin:0.8.7:prepare-agent (prepare-agent) @ fluentlenium-core ---
[INFO] argLine set to -javaagent:/home/gabsko/.m2/repository/org/jacoco/org.jacoco.agent/0.8.7/org.jacoco.agent-0.8.7-runtime.jar=destfile=/home/gabsko/breaking-updates/fluentlenium-core/target/jacoco.exec,excludes=**com.steadystate*:**com/gargoylesoftware*
[INFO] 
[INFO] --- maven-resources-plugin:3.2.0:resources (default-resources) @ fluentlenium-core ---
[INFO] Using 'UTF-8' encoding to copy filtered resources.
[INFO] Using 'UTF-8' encoding to copy filtered properties files.
[INFO] Copying 2 resources
[INFO] 
[INFO] --- flatten-maven-plugin:1.2.7:flatten (flatten) @ fluentlenium-core ---
[INFO] Generating flattened POM of project org.fluentlenium:fluentlenium-core:jar:4.8.1-SNAPSHOT...
[INFO] 
[INFO] --- maven-compiler-plugin:3.8.1:compile (default-compile) @ fluentlenium-core ---
[INFO] Changes detected - recompiling the module!
[INFO] Compiling 345 source files to /home/gabsko/breaking-updates/fluentlenium-core/target/classes
[INFO] /home/gabsko/breaking-updates/fluentlenium-core/src/main/java/org/fluentlenium/utils/ReflectionUtils.java: Some input files use or override a deprecated API.
[INFO] /home/gabsko/breaking-updates/fluentlenium-core/src/main/java/org/fluentlenium/utils/ReflectionUtils.java: Recompile with -Xlint:deprecation for details.
[INFO] /home/gabsko/breaking-updates/fluentlenium-core/src/main/java/org/fluentlenium/core/domain/FluentWebElement.java: Some input files use unchecked or unsafe operations.
[INFO] /home/gabsko/breaking-updates/fluentlenium-core/src/main/java/org/fluentlenium/core/domain/FluentWebElement.java: Recompile with -Xlint:unchecked for details.
[INFO] 
[INFO] --- maven-resources-plugin:3.2.0:testResources (default-testResources) @ fluentlenium-core ---
[INFO] Using 'UTF-8' encoding to copy filtered resources.
[INFO] Using 'UTF-8' encoding to copy filtered properties files.
[INFO] Copying 14 resources
[INFO] 
[INFO] --- maven-compiler-plugin:3.8.1:testCompile (default-testCompile) @ fluentlenium-core ---
[INFO] Changes detected - recompiling the module!
[INFO] Compiling 141 source files to /home/gabsko/breaking-updates/fluentlenium-core/target/test-classes
[INFO] /home/gabsko/breaking-updates/fluentlenium-core/src/test/java/org/fluentlenium/core/performance/HtmlUnitPerformanceTimingMetricsTest.java: Some input files use or override a deprecated API.
[INFO] /home/gabsko/breaking-updates/fluentlenium-core/src/test/java/org/fluentlenium/core/performance/HtmlUnitPerformanceTimingMetricsTest.java: Recompile with -Xlint:deprecation for details.
[INFO] /home/gabsko/breaking-updates/fluentlenium-core/src/test/java/org/fluentlenium/core/proxy/ProxyHookTest.java: Some input files use unchecked or unsafe operations.
[INFO] /home/gabsko/breaking-updates/fluentlenium-core/src/test/java/org/fluentlenium/core/proxy/ProxyHookTest.java: Recompile with -Xlint:unchecked for details.
[INFO] 
[INFO] --- maven-surefire-plugin:3.0.0-M5:test (default-test) @ fluentlenium-core ---
[INFO] 
[INFO] -------------------------------------------------------
[INFO]  T E S T S
[INFO] -------------------------------------------------------
[INFO] Running org.fluentlenium.core.performance.DefaultPerformanceTimingMetricsIndividualEventsTest
[INFO] Tests run: 20, Failures: 0, Errors: 0, Skipped: 0, Time elapsed: 0.066 s - in org.fluentlenium.core.performance.DefaultPerformanceTimingMetricsIndividualEventsTest
[INFO] Running org.fluentlenium.core.performance.PerformanceTimingSpecificEventValueInTimeUnitTest
[INFO] Tests run: 20, Failures: 0, Errors: 0, Skipped: 0, Time elapsed: 0.603 s - in org.fluentlenium.core.performance.PerformanceTimingSpecificEventValueInTimeUnitTest
[INFO] Running org.fluentlenium.core.performance.PerformanceTimingSpecificEventValuesTest
[INFO] Tests run: 20, Failures: 0, Errors: 0, Skipped: 0, Time elapsed: 0.044 s - in org.fluentlenium.core.performance.PerformanceTimingSpecificEventValuesTest
[INFO] Running org.fluentlenium.configuration.WebDriversRegistryImplSpecificDriversTest
[INFO] Tests run: 7, Failures: 0, Errors: 0, Skipped: 0, Time elapsed: 0.077 s - in org.fluentlenium.configuration.WebDriversRegistryImplSpecificDriversTest
[INFO] Running org.fluentlenium.utils.ReflectionUtilsTest
[INFO] Tests run: 3, Failures: 0, Errors: 0, Skipped: 0, Time elapsed: 0.028 s - in org.fluentlenium.utils.ReflectionUtilsTest
[INFO] Running org.fluentlenium.utils.SeleniumVersionCheckerRetrieveVersionTest
[INFO] Tests run: 4, Failures: 0, Errors: 0, Skipped: 0, Time elapsed: 0.322 s - in org.fluentlenium.utils.SeleniumVersionCheckerRetrieveVersionTest
[INFO] Running org.fluentlenium.utils.UrlUtilsTest
[INFO] Tests run: 17, Failures: 0, Errors: 0, Skipped: 0, Time elapsed: 0.017 s - in org.fluentlenium.utils.UrlUtilsTest
[INFO] Running org.fluentlenium.core.inject.InjectionAnnotationsTest
[INFO] Tests run: 8, Failures: 0, Errors: 0, Skipped: 0, Time elapsed: 0.039 s - in org.fluentlenium.core.inject.InjectionAnnotationsTest
[INFO] Running org.fluentlenium.core.inject.LabelAnnotationsTest
[INFO] Tests run: 5, Failures: 0, Errors: 0, Skipped: 0, Time elapsed: 0.015 s - in org.fluentlenium.core.inject.LabelAnnotationsTest
[INFO] Running org.fluentlenium.core.ScreenshotTest
10:24:13.725 [pool-2-thread-6] INFO  FluentDriverScreenshotPersister - Created screenshot at: /tmp/junit3622772470210659951/test.jpg
[INFO] Tests run: 2, Failures: 0, Errors: 0, Skipped: 0, Time elapsed: 0.098 s - in org.fluentlenium.core.ScreenshotTest
[INFO] Running org.fluentlenium.core.events.ListenerPriorityComparatorTest
[INFO] Tests run: 3, Failures: 0, Errors: 0, Skipped: 0, Time elapsed: 0.001 s - in org.fluentlenium.core.events.ListenerPriorityComparatorTest
[INFO] Running org.fluentlenium.core.wait.TimeToChronoUnitConverterTest
[INFO] Tests run: 1, Failures: 0, Errors: 0, Skipped: 0, Time elapsed: 0.741 s - in org.fluentlenium.core.wait.TimeToChronoUnitConverterTest
[INFO] Running org.fluentlenium.core.url.UrlTemplateTest
[INFO] Tests run: 25, Failures: 0, Errors: 0, Skipped: 0, Time elapsed: 0.03 s - in org.fluentlenium.core.url.UrlTemplateTest
[INFO] Running org.fluentlenium.core.conditions.IntegerConditionsTest
[INFO] Tests run: 3, Failures: 0, Errors: 0, Skipped: 0, Time elapsed: 0.008 s - in org.fluentlenium.core.conditions.IntegerConditionsTest
[INFO] Running org.fluentlenium.core.conditions.StringConditionsImplTest
[INFO] Tests run: 21, Failures: 0, Errors: 0, Skipped: 0, Time elapsed: 0.006 s - in org.fluentlenium.core.conditions.StringConditionsImplTest
[INFO] Running org.fluentlenium.core.conditions.message.MessageProxyTest
[INFO] Tests run: 3, Failures: 0, Errors: 0, Skipped: 0, Time elapsed: 0.081 s - in org.fluentlenium.core.conditions.message.MessageProxyTest
[INFO] Running org.fluentlenium.core.performance.DefaultPerformanceTimingTest
[INFO] Tests run: 7, Failures: 0, Errors: 0, Skipped: 0, Time elapsed: 0.005 s - in org.fluentlenium.core.performance.DefaultPerformanceTimingTest
[INFO] Running org.fluentlenium.core.performance.PerformanceTimingMetricsFactoryTest
[INFO] Tests run: 3, Failures: 0, Errors: 0, Skipped: 0, Time elapsed: 0.057 s - in org.fluentlenium.core.performance.PerformanceTimingMetricsFactoryTest
[INFO] Running org.fluentlenium.core.performance.PerformanceTimingNavigationStartTest
[INFO] Tests run: 1, Failures: 0, Errors: 0, Skipped: 0, Time elapsed: 0.005 s - in org.fluentlenium.core.performance.PerformanceTimingNavigationStartTest
[INFO] Running org.fluentlenium.core.performance.DefaultPerformanceTimingMetricsTest
[INFO] Tests run: 5, Failures: 0, Errors: 0, Skipped: 0, Time elapsed: 0.282 s - in org.fluentlenium.core.performance.DefaultPerformanceTimingMetricsTest
[INFO] Running org.fluentlenium.core.performance.HtmlUnitPerformanceTimingMetricsTest
[INFO] Tests run: 6, Failures: 0, Errors: 0, Skipped: 0, Time elapsed: 0.199 s - in org.fluentlenium.core.performance.HtmlUnitPerformanceTimingMetricsTest
[INFO] Running org.fluentlenium.core.filter.AttributeFilterTest
[INFO] Tests run: 13, Failures: 0, Errors: 0, Skipped: 0, Time elapsed: 0.239 s - in org.fluentlenium.core.filter.AttributeFilterTest
[INFO] Running org.fluentlenium.core.filter.matcher.StartsWithMatcherTest
[INFO] Tests run: 4, Failures: 0, Errors: 0, Skipped: 0, Time elapsed: 0.002 s - in org.fluentlenium.core.filter.matcher.StartsWithMatcherTest
[INFO] Running org.fluentlenium.core.filter.matcher.ContainsWordMatcherTest
[INFO] Tests run: 2, Failures: 0, Errors: 0, Skipped: 0, Time elapsed: 0.001 s - in org.fluentlenium.core.filter.matcher.ContainsWordMatcherTest
[INFO] Running org.fluentlenium.core.filter.matcher.CalculateServiceTest
[INFO] Tests run: 20, Failures: 0, Errors: 0, Skipped: 0, Time elapsed: 0.003 s - in org.fluentlenium.core.filter.matcher.CalculateServiceTest
[INFO] Running org.fluentlenium.core.filter.matcher.EndsWithMatcherTest
[INFO] Tests run: 4, Failures: 0, Errors: 0, Skipped: 0, Time elapsed: 0.004 s - in org.fluentlenium.core.filter.matcher.EndsWithMatcherTest
[INFO] Running org.fluentlenium.core.filter.matcher.ContainsMatcherTest
[INFO] Tests run: 4, Failures: 0, Errors: 0, Skipped: 0, Time elapsed: 0.004 s - in org.fluentlenium.core.filter.matcher.ContainsMatcherTest
[INFO] Running org.fluentlenium.core.filter.matcher.NotStartsWithMatcherTest
[INFO] Tests run: 4, Failures: 0, Errors: 0, Skipped: 0, Time elapsed: 0.004 s - in org.fluentlenium.core.filter.matcher.NotStartsWithMatcherTest
[INFO] Running org.fluentlenium.core.filter.matcher.EqualMatcherTest
[INFO] Tests run: 4, Failures: 0, Errors: 0, Skipped: 0, Time elapsed: 0.002 s - in org.fluentlenium.core.filter.matcher.EqualMatcherTest
[INFO] Running org.fluentlenium.core.filter.matcher.NotContainsMatcherTest
[INFO] Tests run: 4, Failures: 0, Errors: 0, Skipped: 0, Time elapsed: 0.003 s - in org.fluentlenium.core.filter.matcher.NotContainsMatcherTest
[INFO] Running org.fluentlenium.core.filter.matcher.NotEndsWithMatcherTest
[INFO] Tests run: 4, Failures: 0, Errors: 0, Skipped: 0, Time elapsed: 0.002 s - in org.fluentlenium.core.filter.matcher.NotEndsWithMatcherTest
[INFO] Running org.fluentlenium.adapter.sharedwebdriver.JvmSharedWebDriverContainerTest
[INFO] Tests run: 1, Failures: 0, Errors: 0, Skipped: 0, Time elapsed: 0.026 s - in org.fluentlenium.adapter.sharedwebdriver.JvmSharedWebDriverContainerTest
[INFO] Running org.fluentlenium.adapter.sharedwebdriver.SharedWebDriverContainerTest
[INFO] Tests run: 2, Failures: 0, Errors: 0, Skipped: 0, Time elapsed: 0.023 s - in org.fluentlenium.adapter.sharedwebdriver.SharedWebDriverContainerTest
[INFO] Running org.fluentlenium.adapter.sharedwebdriver.ThreadSharedWebDriverContainerTest
[INFO] Tests run: 4, Failures: 0, Errors: 0, Skipped: 0, Time elapsed: 0.008 s - in org.fluentlenium.adapter.sharedwebdriver.ThreadSharedWebDriverContainerTest
[INFO] Running org.fluentlenium.adapter.sharedwebdriver.MethodSharedWebDriverContainerTest
[INFO] Tests run: 3, Failures: 0, Errors: 0, Skipped: 0, Time elapsed: 0.005 s - in org.fluentlenium.adapter.sharedwebdriver.MethodSharedWebDriverContainerTest
[INFO] Running org.fluentlenium.adapter.sharedwebdriver.ClassSharedWebDriverContainerTest
[INFO] Tests run: 2, Failures: 0, Errors: 0, Skipped: 0, Time elapsed: 0.004 s - in org.fluentlenium.adapter.sharedwebdriver.ClassSharedWebDriverContainerTest
[INFO] Running org.fluentlenium.adapter.DefaultSharedMutatorTest
[INFO] Tests run: 1, Failures: 0, Errors: 0, Skipped: 0, Time elapsed: 0.003 s - in org.fluentlenium.adapter.DefaultSharedMutatorTest
[INFO] Running org.fluentlenium.configuration.ConfigurationFactoryProviderTest
[INFO] Tests run: 6, Failures: 0, Errors: 0, Skipped: 0, Time elapsed: 0.008 s - in org.fluentlenium.configuration.ConfigurationFactoryProviderTest
[INFO] Running org.fluentlenium.configuration.WebDriversRegistryImplTest
[INFO] Tests run: 8, Failures: 0, Errors: 0, Skipped: 0, Time elapsed: 0.581 s - in org.fluentlenium.configuration.WebDriversRegistryImplTest
[INFO] Running org.fluentlenium.configuration.RemoteWebDriverTest
[INFO] Tests run: 5, Failures: 0, Errors: 0, Skipped: 0, Time elapsed: 0.045 s - in org.fluentlenium.configuration.RemoteWebDriverTest
[INFO] Running org.fluentlenium.configuration.ConfigurationDefaultsFactoryTest
[INFO] Tests run: 4, Failures: 0, Errors: 0, Skipped: 0, Time elapsed: 0.012 s - in org.fluentlenium.configuration.ConfigurationDefaultsFactoryTest
[INFO] Running org.fluentlenium.configuration.ComposedConfigurationTest
[INFO] Tests run: 16, Failures: 0, Errors: 0, Skipped: 0, Time elapsed: 0.018 s - in org.fluentlenium.configuration.ComposedConfigurationTest
[INFO] Running org.fluentlenium.configuration.CapabilitiesJsonParsingTest
[INFO] Tests run: 1, Failures: 0, Errors: 0, Skipped: 0, Time elapsed: 0.019 s - in org.fluentlenium.configuration.CapabilitiesJsonParsingTest
[INFO] Running org.fluentlenium.configuration.AnnotationConfigurationTest
Feb 06, 2023 10:24:16 AM org.openqa.selenium.remote.DesiredCapabilities firefox
INFO: Using `new FirefoxOptions()` is preferred to `DesiredCapabilities.firefox()`
Feb 06, 2023 10:24:16 AM org.openqa.selenium.remote.DesiredCapabilities firefox
INFO: Using `new FirefoxOptions()` is preferred to `DesiredCapabilities.firefox()`
Feb 06, 2023 10:24:16 AM org.openqa.selenium.remote.DesiredCapabilities chrome
INFO: Using `new ChromeOptions()` is preferred to `DesiredCapabilities.chrome()`
Feb 06, 2023 10:24:16 AM org.openqa.selenium.remote.DesiredCapabilities firefox
INFO: Using `new FirefoxOptions()` is preferred to `DesiredCapabilities.firefox()`
[WARNING] Tests run: 29, Failures: 0, Errors: 0, Skipped: 1, Time elapsed: 10.128 s - in org.fluentlenium.configuration.AnnotationConfigurationTest
[INFO] Running org.fluentlenium.configuration.ConfigurationDefaultsTest
[INFO] Tests run: 1, Failures: 0, Errors: 0, Skipped: 0, Time elapsed: 0.018 s - in org.fluentlenium.configuration.ConfigurationDefaultsTest
[INFO] Running org.fluentlenium.configuration.ReflectiveWebDriverFactoryTest
[INFO] Tests run: 9, Failures: 0, Errors: 0, Skipped: 0, Time elapsed: 0.044 s - in org.fluentlenium.configuration.ReflectiveWebDriverFactoryTest
[INFO] Running org.fluentlenium.configuration.CapabilitiesRegistryImplTest
[INFO] Tests run: 4, Failures: 0, Errors: 0, Skipped: 0, Time elapsed: 0.002 s - in org.fluentlenium.configuration.CapabilitiesRegistryImplTest
[INFO] Running org.fluentlenium.configuration.ProgrammaticConfigurationTest
[INFO] Tests run: 2, Failures: 0, Errors: 0, Skipped: 0, Time elapsed: 0.027 s - in org.fluentlenium.configuration.ProgrammaticConfigurationTest
[INFO] Running org.fluentlenium.configuration.CapabilitiesConfigurationPropertyRetrieverTest
Feb 06, 2023 10:24:26 AM org.openqa.selenium.remote.DesiredCapabilities firefox
INFO: Using `new FirefoxOptions()` is preferred to `DesiredCapabilities.firefox()`
Feb 06, 2023 10:24:26 AM org.openqa.selenium.remote.DesiredCapabilities firefox
INFO: Using `new FirefoxOptions()` is preferred to `DesiredCapabilities.firefox()`
[INFO] Tests run: 7, Failures: 0, Errors: 0, Skipped: 0, Time elapsed: 10.011 s - in org.fluentlenium.configuration.CapabilitiesConfigurationPropertyRetrieverTest
[INFO] Running org.fluentlenium.utils.SeleniumVersionCheckLoggingTest
10:24:36.438 [maven-surefire-plugin@NotThreadSafe] INFO  SeleniumVersionChecker - FluentLenium wasn't able to read Selenium version from your pom.xml. Skipped compatibility check. Please make sure you are using correct Selenium version - 3.141.59
10:24:36.442 [maven-surefire-plugin@NotThreadSafe] WARN  SeleniumVersionChecker - You are using incompatible Selenium version. Please change it to 3.141.59. You can find example on project main page https://github.com/FluentLenium/FluentLenium
[INFO] Tests run: 4, Failures: 0, Errors: 0, Skipped: 0, Time elapsed: 0.034 s - in org.fluentlenium.utils.SeleniumVersionCheckLoggingTest
[INFO] Running org.fluentlenium.utils.ChromiumApiTest
10:24:36.501 [main] ERROR ChromiumApi - Failed to define command via reflection
10:24:36.503 [main] ERROR ChromiumApi - Failed to define command via reflection
10:24:36.504 [main] INFO  ChromiumApi - Command "" executed with null state
10:24:36.505 [main] ERROR ChromiumApi - Failed to define command via reflection
10:24:36.507 [main] ERROR ChromiumApi - Failed to define command via reflection
10:24:36.508 [main] INFO  ChromiumApi - Command "" executed with null state
[INFO] Tests run: 4, Failures: 0, Errors: 0, Skipped: 0, Time elapsed: 0.062 s - in org.fluentlenium.utils.ChromiumApiTest
[INFO] Running org.fluentlenium.core.domain.FluentListSearchTest
[INFO] Tests run: 6, Failures: 0, Errors: 0, Skipped: 0, Time elapsed: 0.034 s - in org.fluentlenium.core.domain.FluentListSearchTest
[INFO] Running org.fluentlenium.core.domain.FluentWebElementTest
[INFO] Tests run: 43, Failures: 0, Errors: 0, Skipped: 0, Time elapsed: 0.282 s - in org.fluentlenium.core.domain.FluentWebElementTest
[INFO] Running org.fluentlenium.core.domain.FluentListImplTest
[INFO] Tests run: 27, Failures: 0, Errors: 0, Skipped: 0, Time elapsed: 0.182 s - in org.fluentlenium.core.domain.FluentListImplTest
[INFO] Running org.fluentlenium.core.domain.FluentJavascriptTest
[INFO] Tests run: 2, Failures: 0, Errors: 0, Skipped: 0, Time elapsed: 0.013 s - in org.fluentlenium.core.domain.FluentJavascriptTest
[INFO] Running org.fluentlenium.core.FluentDriverHtmlDumperTest
10:24:37.036 [main] INFO  FluentDriverHtmlDumper - Created HTML dump at: /tmp/htmldump.html11774607702762541445
10:24:37.046 [main] INFO  FluentDriverHtmlDumper - Created HTML dump at: /tmp/htmldump.html9399841227276864417
[INFO] Tests run: 2, Failures: 0, Errors: 0, Skipped: 0, Time elapsed: 0.023 s - in org.fluentlenium.core.FluentDriverHtmlDumperTest
[INFO] Running org.fluentlenium.core.FluentDriverScreenshotPersisterTest
10:24:37.055 [main] INFO  FluentDriverScreenshotPersister - Created screenshot at: /tmp/screenshot.png17285341071937068473
10:24:37.056 [main] INFO  FluentDriverScreenshotPersister - Created screenshot at: /tmp/screenshot.png3976935149430927484
[INFO] Tests run: 2, Failures: 0, Errors: 0, Skipped: 0, Time elapsed: 0.009 s - in org.fluentlenium.core.FluentDriverScreenshotPersisterTest
[INFO] Running org.fluentlenium.core.FluentDriverTest
[INFO] Tests run: 14, Failures: 0, Errors: 0, Skipped: 0, Time elapsed: 0.223 s - in org.fluentlenium.core.FluentDriverTest
[INFO] Running org.fluentlenium.core.inject.FluentInjectorHookTest
[INFO] Tests run: 9, Failures: 0, Errors: 0, Skipped: 0, Time elapsed: 0.061 s - in org.fluentlenium.core.inject.FluentInjectorHookTest
[ERROR] WARNING: An illegal reflective access operation has occurred
[ERROR] WARNING: Illegal reflective access by org.fluentlenium.utils.ReflectionUtils (file:/home/gabsko/breaking-updates/fluentlenium-core/target/classes/) to field java.lang.reflect.Proxy.serialVersionUID
[ERROR] WARNING: Please consider reporting this to the maintainers of org.fluentlenium.utils.ReflectionUtils
[ERROR] WARNING: Use --illegal-access=warn to enable warnings of further illegal reflective access operations
[ERROR] WARNING: All illegal access operations will be denied in a future release
[INFO] Running org.fluentlenium.core.inject.FluentInjectorComponentTest
[INFO] Tests run: 2, Failures: 0, Errors: 0, Skipped: 0, Time elapsed: 0.008 s - in org.fluentlenium.core.inject.FluentInjectorComponentTest
[INFO] Running org.fluentlenium.core.inject.FluentInjectorListComponentTest
[INFO] Tests run: 1, Failures: 0, Errors: 0, Skipped: 0, Time elapsed: 0.004 s - in org.fluentlenium.core.inject.FluentInjectorListComponentTest
[INFO] Running org.fluentlenium.core.inject.ElementLocatorSearchContextTest
[INFO] Tests run: 2, Failures: 0, Errors: 0, Skipped: 0, Time elapsed: 0.01 s - in org.fluentlenium.core.inject.ElementLocatorSearchContextTest
[INFO] Running org.fluentlenium.core.inject.FluentInjectorContainerTest
[INFO] Tests run: 4, Failures: 0, Errors: 0, Skipped: 0, Time elapsed: 0.008 s - in org.fluentlenium.core.inject.FluentInjectorContainerTest
[INFO] Running org.fluentlenium.core.inject.FluentElementInjectionSupportValidatorTest
[INFO] Tests run: 20, Failures: 0, Errors: 0, Skipped: 0, Time elapsed: 0.046 s - in org.fluentlenium.core.inject.FluentElementInjectionSupportValidatorTest
[INFO] Running org.fluentlenium.core.inject.UnshadowerTest
[INFO] Tests run: 1, Failures: 0, Errors: 0, Skipped: 0, Time elapsed: 0.019 s - in org.fluentlenium.core.inject.UnshadowerTest
[INFO] Running org.fluentlenium.core.inject.FluentInjectorElementTest
[INFO] Tests run: 11, Failures: 0, Errors: 0, Skipped: 0, Time elapsed: 0.02 s - in org.fluentlenium.core.inject.FluentInjectorElementTest
[INFO] Running org.fluentlenium.core.FluentDriverWaitTest
[INFO] Tests run: 2, Failures: 0, Errors: 0, Skipped: 0, Time elapsed: 0.009 s - in org.fluentlenium.core.FluentDriverWaitTest
[INFO] Running org.fluentlenium.core.switchto.FluentTargetLocatorTest
[INFO] Tests run: 9, Failures: 0, Errors: 0, Skipped: 0, Time elapsed: 0.008 s - in org.fluentlenium.core.switchto.FluentTargetLocatorTest
[INFO] Running org.fluentlenium.core.events.EventsTest
[INFO] Tests run: 5, Failures: 0, Errors: 0, Skipped: 0, Time elapsed: 0.113 s - in org.fluentlenium.core.events.EventsTest
[INFO] Running org.fluentlenium.core.hook.BaseHookTest
[INFO] Tests run: 6, Failures: 0, Errors: 0, Skipped: 0, Time elapsed: 0.019 s - in org.fluentlenium.core.hook.BaseHookTest
[INFO] Running org.fluentlenium.core.hook.wait.WaitHookOptionsTest
[INFO] Tests run: 3, Failures: 0, Errors: 0, Skipped: 0, Time elapsed: 0.033 s - in org.fluentlenium.core.hook.wait.WaitHookOptionsTest
[INFO] Running org.fluentlenium.core.hook.wait.WaitHookTest
[INFO] Tests run: 9, Failures: 0, Errors: 0, Skipped: 0, Time elapsed: 0.234 s - in org.fluentlenium.core.hook.wait.WaitHookTest
[INFO] Running org.fluentlenium.core.hook.SearchHookTest
[INFO] Tests run: 10, Failures: 0, Errors: 0, Skipped: 0, Time elapsed: 0.022 s - in org.fluentlenium.core.hook.SearchHookTest
[INFO] Running org.fluentlenium.core.hook.HookControlTest
[INFO] Tests run: 8, Failures: 0, Errors: 0, Skipped: 0, Time elapsed: 0.039 s - in org.fluentlenium.core.hook.HookControlTest
[INFO] Running org.fluentlenium.core.hook.DefaultHookChainBuilderTest
[INFO] Tests run: 3, Failures: 0, Errors: 0, Skipped: 0, Time elapsed: 0.114 s - in org.fluentlenium.core.hook.DefaultHookChainBuilderTest
[INFO] Running org.fluentlenium.core.hook.BaseFluentHookTest
[INFO] Tests run: 1, Failures: 0, Errors: 0, Skipped: 0, Time elapsed: 0.032 s - in org.fluentlenium.core.hook.BaseFluentHookTest
[INFO] Running org.fluentlenium.core.FluentPageParameterQueryTest
[INFO] Tests run: 8, Failures: 0, Errors: 0, Skipped: 0, Time elapsed: 0.009 s - in org.fluentlenium.core.FluentPageParameterQueryTest
[INFO] Running org.fluentlenium.core.FluentDriverTimeoutConfigurerTest
[INFO] Tests run: 4, Failures: 0, Errors: 0, Skipped: 0, Time elapsed: 0.004 s - in org.fluentlenium.core.FluentDriverTimeoutConfigurerTest
[INFO] Running org.fluentlenium.core.wait.FluentWaitEachElementMatcherTest
[INFO] Tests run: 18, Failures: 0, Errors: 0, Skipped: 0, Time elapsed: 0.101 s - in org.fluentlenium.core.wait.FluentWaitEachElementMatcherTest
[INFO] Running org.fluentlenium.core.wait.FluentWaitElementMatcherTest
[INFO] Tests run: 15, Failures: 0, Errors: 0, Skipped: 0, Time elapsed: 0.054 s - in org.fluentlenium.core.wait.FluentWaitElementMatcherTest
[INFO] Running org.fluentlenium.core.wait.FluentWaitRectangleMatcherTest
[INFO] Tests run: 1, Failures: 0, Errors: 0, Skipped: 0, Time elapsed: 0.009 s - in org.fluentlenium.core.wait.FluentWaitRectangleMatcherTest
[INFO] Running org.fluentlenium.core.wait.WaitForPageToLoadTest
[INFO] Tests run: 2, Failures: 0, Errors: 0, Skipped: 0, Time elapsed: 0.005 s - in org.fluentlenium.core.wait.WaitForPageToLoadTest
[INFO] Running org.fluentlenium.core.wait.FluentWaitElementListMatcherTest
[INFO] Tests run: 18, Failures: 0, Errors: 0, Skipped: 0, Time elapsed: 0.109 s - in org.fluentlenium.core.wait.FluentWaitElementListMatcherTest
[INFO] Running org.fluentlenium.core.wait.FluentWaitElementTest
[INFO] Tests run: 29, Failures: 0, Errors: 0, Skipped: 0, Time elapsed: 0.037 s - in org.fluentlenium.core.wait.FluentWaitElementTest
[INFO] Running org.fluentlenium.core.wait.FluentWaitElementListTest
[INFO] Tests run: 30, Failures: 0, Errors: 0, Skipped: 0, Time elapsed: 0.05 s - in org.fluentlenium.core.wait.FluentWaitElementListTest
[INFO] Running org.fluentlenium.core.wait.FluentWaitIntegerMatcherTest
[INFO] Tests run: 1, Failures: 0, Errors: 0, Skipped: 0, Time elapsed: 0.003 s - in org.fluentlenium.core.wait.FluentWaitIntegerMatcherTest
[INFO] Running org.fluentlenium.core.wait.FluentWaitSupplierListMatcherTest
[INFO] Tests run: 1, Failures: 0, Errors: 0, Skipped: 0, Time elapsed: 0.007 s - in org.fluentlenium.core.wait.FluentWaitSupplierListMatcherTest
[INFO] Running org.fluentlenium.core.wait.FluentWaitSupplierMatcherTest
[INFO] Tests run: 1, Failures: 0, Errors: 0, Skipped: 0, Time elapsed: 0.005 s - in org.fluentlenium.core.wait.FluentWaitSupplierMatcherTest
[INFO] Running org.fluentlenium.core.wait.FluentWaitWindowMatcherTest
[INFO] Tests run: 1, Failures: 0, Errors: 0, Skipped: 0, Time elapsed: 0.006 s - in org.fluentlenium.core.wait.FluentWaitWindowMatcherTest
[INFO] Running org.fluentlenium.core.alert.AlertTest
[INFO] Tests run: 2, Failures: 0, Errors: 0, Skipped: 0, Time elapsed: 0.004 s - in org.fluentlenium.core.alert.AlertTest
[INFO] Running org.fluentlenium.core.proxy.ProxyListenerTest
[INFO] Tests run: 2, Failures: 0, Errors: 0, Skipped: 0, Time elapsed: 0.017 s - in org.fluentlenium.core.proxy.ProxyListenerTest
[INFO] Running org.fluentlenium.core.proxy.ProxyHookTest
[INFO] Tests run: 2, Failures: 0, Errors: 0, Skipped: 0, Time elapsed: 0.003 s - in org.fluentlenium.core.proxy.ProxyHookTest
[INFO] Running org.fluentlenium.core.proxy.ProxyMessageTest
[INFO] Tests run: 2, Failures: 0, Errors: 0, Skipped: 0, Time elapsed: 0.003 s - in org.fluentlenium.core.proxy.ProxyMessageTest
[INFO] Running org.fluentlenium.core.proxy.AbstractLocatorAndInvocationHandlerTest
[WARNING] Tests run: 12, Failures: 0, Errors: 0, Skipped: 3, Time elapsed: 0.03 s - in org.fluentlenium.core.proxy.AbstractLocatorAndInvocationHandlerTest
[INFO] Running org.fluentlenium.core.proxy.ElementInstanceLocatorTest
[INFO] Tests run: 2, Failures: 0, Errors: 0, Skipped: 0, Time elapsed: 0.001 s - in org.fluentlenium.core.proxy.ElementInstanceLocatorTest
[INFO] Running org.fluentlenium.core.proxy.IndexSupplierLocatorTest
[INFO] Tests run: 6, Failures: 0, Errors: 0, Skipped: 0, Time elapsed: 0.008 s - in org.fluentlenium.core.proxy.IndexSupplierLocatorTest
[INFO] Running org.fluentlenium.core.proxy.ElementSupplierLocatorTest
[INFO] Tests run: 2, Failures: 0, Errors: 0, Skipped: 0, Time elapsed: 0.002 s - in org.fluentlenium.core.proxy.ElementSupplierLocatorTest
[INFO] Running org.fluentlenium.core.proxy.ProxiesTest
[INFO] Tests run: 16, Failures: 0, Errors: 0, Skipped: 0, Time elapsed: 0.015 s - in org.fluentlenium.core.proxy.ProxiesTest
[INFO] Running org.fluentlenium.core.proxy.ElementListInstanceLocatorTest
[INFO] Tests run: 2, Failures: 0, Errors: 0, Skipped: 0, Time elapsed: 0.002 s - in org.fluentlenium.core.proxy.ElementListInstanceLocatorTest
[INFO] Running org.fluentlenium.core.proxy.AbstractLocatorHandlerTest
[INFO] Tests run: 18, Failures: 0, Errors: 0, Skipped: 0, Time elapsed: 0.048 s - in org.fluentlenium.core.proxy.AbstractLocatorHandlerTest
[INFO] Running org.fluentlenium.core.proxy.ElementListSupplierLocatorTest
[INFO] Tests run: 2, Failures: 0, Errors: 0, Skipped: 0, Time elapsed: 0.002 s - in org.fluentlenium.core.proxy.ElementListSupplierLocatorTest
[INFO] Running org.fluentlenium.core.conditions.IntegerListConditionsTest
[INFO] Tests run: 2, Failures: 0, Errors: 0, Skipped: 0, Time elapsed: 0.017 s - in org.fluentlenium.core.conditions.IntegerListConditionsTest
[INFO] Running org.fluentlenium.core.conditions.AtLeastOneElementConditionsTest
[INFO] Tests run: 22, Failures: 0, Errors: 0, Skipped: 0, Time elapsed: 0.016 s - in org.fluentlenium.core.conditions.AtLeastOneElementConditionsTest
[INFO] Running org.fluentlenium.core.conditions.wait.WaitConditionTest
[INFO] Tests run: 7, Failures: 0, Errors: 0, Skipped: 0, Time elapsed: 3.456 s - in org.fluentlenium.core.conditions.wait.WaitConditionTest
[INFO] Running org.fluentlenium.core.conditions.RectangleConditionsTest
[INFO] Tests run: 9, Failures: 0, Errors: 0, Skipped: 0, Time elapsed: 0.023 s - in org.fluentlenium.core.conditions.RectangleConditionsTest
[INFO] Running org.fluentlenium.core.conditions.RectangleListConditionsTest
[INFO] Tests run: 2, Failures: 0, Errors: 0, Skipped: 0, Time elapsed: 0.015 s - in org.fluentlenium.core.conditions.RectangleListConditionsTest
[INFO] Running org.fluentlenium.core.conditions.WebElementConditionsTest
[INFO] Tests run: 12, Failures: 0, Errors: 0, Skipped: 0, Time elapsed: 0.008 s - in org.fluentlenium.core.conditions.WebElementConditionsTest
[INFO] Running org.fluentlenium.core.conditions.EachElementConditionsTest
[INFO] Tests run: 21, Failures: 0, Errors: 0, Skipped: 0, Time elapsed: 0.014 s - in org.fluentlenium.core.conditions.EachElementConditionsTest
[INFO] Running org.fluentlenium.core.css.CssSupportImplTest
[WARNING] Tests run: 8, Failures: 0, Errors: 0, Skipped: 2, Time elapsed: 0.036 s - in org.fluentlenium.core.css.CssSupportImplTest
[INFO] Running org.fluentlenium.core.FluentDriverWrappedCapabilitiesProviderTest
[INFO] Tests run: 1, Failures: 0, Errors: 0, Skipped: 0, Time elapsed: 0.017 s - in org.fluentlenium.core.FluentDriverWrappedCapabilitiesProviderTest
[INFO] Running org.fluentlenium.core.dom.DomTest
[INFO] Tests run: 7, Failures: 0, Errors: 0, Skipped: 0, Time elapsed: 0.007 s - in org.fluentlenium.core.dom.DomTest
[INFO] Running org.fluentlenium.core.search.NoSuchElementMessageTest
[INFO] Tests run: 6, Failures: 0, Errors: 0, Skipped: 0, Time elapsed: 0.02 s - in org.fluentlenium.core.search.NoSuchElementMessageTest
[INFO] Running org.fluentlenium.core.search.SearchTest
[INFO] Tests run: 15, Failures: 0, Errors: 0, Skipped: 0, Time elapsed: 0.026 s - in org.fluentlenium.core.search.SearchTest
[INFO] Running org.fluentlenium.core.FluentPageUrlTemplateTest
[INFO] Tests run: 15, Failures: 0, Errors: 0, Skipped: 0, Time elapsed: 0.202 s - in org.fluentlenium.core.FluentPageUrlTemplateTest
[INFO] Running org.fluentlenium.core.label.FluentLabelImplTest
[INFO] Tests run: 1, Failures: 0, Errors: 0, Skipped: 0, Time elapsed: 0.001 s - in org.fluentlenium.core.label.FluentLabelImplTest
[INFO] Running org.fluentlenium.core.action.MouseElementActionsTest
Feb 06, 2023 10:24:42 AM org.openqa.selenium.interactions.Actions moveToElement
INFO: When using the W3C Action commands, offsets are from the center of element
Feb 06, 2023 10:24:42 AM org.openqa.selenium.interactions.Actions moveToElement
INFO: When using the W3C Action commands, offsets are from the center of element
Feb 06, 2023 10:24:42 AM org.openqa.selenium.interactions.Actions moveToElement
INFO: When using the W3C Action commands, offsets are from the center of element
[INFO] Tests run: 15, Failures: 0, Errors: 0, Skipped: 0, Time elapsed: 0.027 s - in org.fluentlenium.core.action.MouseElementActionsTest
[INFO] Running org.fluentlenium.core.action.FluentJavascriptActionsTest
[INFO] Tests run: 4, Failures: 0, Errors: 0, Skipped: 0, Time elapsed: 0.005 s - in org.fluentlenium.core.action.FluentJavascriptActionsTest
[INFO] Running org.fluentlenium.core.action.FillSelectTest
[INFO] Tests run: 3, Failures: 0, Errors: 0, Skipped: 0, Time elapsed: 0.02 s - in org.fluentlenium.core.action.FillSelectTest
[INFO] Running org.fluentlenium.core.action.KeyboardElementActionsTest
[INFO] Tests run: 5, Failures: 0, Errors: 0, Skipped: 0, Time elapsed: 0.027 s - in org.fluentlenium.core.action.KeyboardElementActionsTest
[INFO] Running org.fluentlenium.core.action.WindowActionsTest
[INFO] Tests run: 15, Failures: 0, Errors: 0, Skipped: 0, Time elapsed: 0.043 s - in org.fluentlenium.core.action.WindowActionsTest
[INFO] Running org.fluentlenium.core.action.FillTest
[INFO] Tests run: 2, Failures: 0, Errors: 0, Skipped: 0, Time elapsed: 0.004 s - in org.fluentlenium.core.action.FillTest
[INFO] Running org.fluentlenium.core.action.KeyboardActionsTest
[INFO] Tests run: 4, Failures: 0, Errors: 0, Skipped: 0, Time elapsed: 0.009 s - in org.fluentlenium.core.action.KeyboardActionsTest
[INFO] Running org.fluentlenium.core.action.MouseActionsTest
[INFO] Tests run: 7, Failures: 0, Errors: 0, Skipped: 0, Time elapsed: 0.011 s - in org.fluentlenium.core.action.MouseActionsTest
[INFO] Running org.fluentlenium.core.filter.PredicateFilterTest
[INFO] Tests run: 1, Failures: 0, Errors: 0, Skipped: 0, Time elapsed: 0.002 s - in org.fluentlenium.core.filter.PredicateFilterTest
[INFO] Running org.fluentlenium.core.filter.AttributeFilterPredicateTest
[INFO] Tests run: 4, Failures: 0, Errors: 0, Skipped: 0, Time elapsed: 0.003 s - in org.fluentlenium.core.filter.AttributeFilterPredicateTest
[INFO] Running org.fluentlenium.core.FluentPageTest
[INFO] Tests run: 9, Failures: 0, Errors: 0, Skipped: 0, Time elapsed: 0.009 s - in org.fluentlenium.core.FluentPageTest
[INFO] Running org.fluentlenium.adapter.FluentAdapterTest
[INFO] Tests run: 10, Failures: 0, Errors: 0, Skipped: 0, Time elapsed: 0.144 s - in org.fluentlenium.adapter.FluentAdapterTest
[INFO] Running org.fluentlenium.adapter.FluentTestRunnerAdapterRetriesTest
[INFO] Tests run: 2, Failures: 0, Errors: 0, Skipped: 0, Time elapsed: 0.12 s - in org.fluentlenium.adapter.FluentTestRunnerAdapterRetriesTest
[INFO] Running org.fluentlenium.adapter.IsolatedTestTest
[INFO] Tests run: 1, Failures: 0, Errors: 0, Skipped: 0, Time elapsed: 0.084 s - in org.fluentlenium.adapter.IsolatedTestTest
[INFO] Running org.fluentlenium.adapter.DriverContainerTest
[INFO] Tests run: 1, Failures: 0, Errors: 0, Skipped: 0, Time elapsed: 0.002 s - in org.fluentlenium.adapter.DriverContainerTest
[INFO] Running org.fluentlenium.adapter.FluentTestRunnerAdapterTest
10:24:43.002 [main] INFO  FluentDriverScreenshotPersister - Created screenshot at: /tmp/testFailedWhenDriverAvailable6007098732280521748/FluentTestRunnerAdapter$MockitoMock$1114151453_test.png
[INFO] Tests run: 7, Failures: 0, Errors: 0, Skipped: 0, Time elapsed: 0.07 s - in org.fluentlenium.adapter.FluentTestRunnerAdapterTest
[INFO] Running org.fluentlenium.configuration.PropertiesBackendConfigurationTest
Feb 06, 2023 10:24:43 AM org.openqa.selenium.remote.DesiredCapabilities firefox
INFO: Using `new FirefoxOptions()` is preferred to `DesiredCapabilities.firefox()`
Feb 06, 2023 10:24:43 AM org.openqa.selenium.remote.DesiredCapabilities chrome
INFO: Using `new ChromeOptions()` is preferred to `DesiredCapabilities.chrome()`
[INFO] Tests run: 30, Failures: 0, Errors: 0, Skipped: 0, Time elapsed: 0.02 s - in org.fluentlenium.configuration.PropertiesBackendConfigurationTest
[INFO] 
[INFO] Results:
[INFO] 
[WARNING] Tests run: 1007, Failures: 0, Errors: 0, Skipped: 6
[INFO] 
[INFO] 
[INFO] ----------------< org.fluentlenium:fluentlenium-testng >----------------
[INFO] Building FluentLenium TestNG 4.8.1-SNAPSHOT                       [3/13]
[INFO] --------------------------------[ jar ]---------------------------------
[INFO] 
[INFO] --- maven-clean-plugin:3.1.0:clean (default-clean) @ fluentlenium-testng ---
[INFO] Deleting /home/gabsko/breaking-updates/fluentlenium-testng/target
[INFO] 
[INFO] --- flatten-maven-plugin:1.2.7:clean (flatten.clean) @ fluentlenium-testng ---
[INFO] Deleting /home/gabsko/breaking-updates/fluentlenium-testng/.flattened-pom.xml
[INFO] 
[INFO] --- maven-enforcer-plugin:3.0.0-M3:enforce (enforce-maven) @ fluentlenium-testng ---
[INFO] 
[INFO] --- jacoco-maven-plugin:0.8.7:prepare-agent (prepare-agent) @ fluentlenium-testng ---
[INFO] argLine set to -javaagent:/home/gabsko/.m2/repository/org/jacoco/org.jacoco.agent/0.8.7/org.jacoco.agent-0.8.7-runtime.jar=destfile=/home/gabsko/breaking-updates/fluentlenium-testng/target/jacoco.exec,excludes=**com.steadystate*:**com/gargoylesoftware*
[INFO] 
[INFO] --- maven-resources-plugin:3.2.0:resources (default-resources) @ fluentlenium-testng ---
[INFO] Using 'UTF-8' encoding to copy filtered resources.
[INFO] Using 'UTF-8' encoding to copy filtered properties files.
[INFO] skip non existing resourceDirectory /home/gabsko/breaking-updates/fluentlenium-testng/src/main/resources
[INFO] 
[INFO] --- flatten-maven-plugin:1.2.7:flatten (flatten) @ fluentlenium-testng ---
[INFO] Generating flattened POM of project org.fluentlenium:fluentlenium-testng:jar:4.8.1-SNAPSHOT...
[INFO] 
[INFO] --- maven-compiler-plugin:3.8.1:compile (default-compile) @ fluentlenium-testng ---
[INFO] Changes detected - recompiling the module!
[INFO] Compiling 1 source file to /home/gabsko/breaking-updates/fluentlenium-testng/target/classes
[INFO] 
[INFO] --- maven-resources-plugin:3.2.0:testResources (default-testResources) @ fluentlenium-testng ---
[INFO] Using 'UTF-8' encoding to copy filtered resources.
[INFO] Using 'UTF-8' encoding to copy filtered properties files.
[INFO] Copying 3 resources
[INFO] 
[INFO] --- maven-compiler-plugin:3.8.1:testCompile (default-testCompile) @ fluentlenium-testng ---
[INFO] Changes detected - recompiling the module!
[INFO] Compiling 18 source files to /home/gabsko/breaking-updates/fluentlenium-testng/target/test-classes
[INFO] 
[INFO] --- maven-surefire-plugin:3.0.0-M5:test (default-test) @ fluentlenium-testng ---
[INFO] 
[INFO] ---------------< org.fluentlenium:fluentlenium-assertj >----------------
[INFO] Building FluentLenium AssertJ 4.8.1-SNAPSHOT                      [4/13]
[INFO] --------------------------------[ jar ]---------------------------------
[INFO] 
[INFO] --- maven-clean-plugin:3.1.0:clean (default-clean) @ fluentlenium-assertj ---
[INFO] Deleting /home/gabsko/breaking-updates/fluentlenium-assertj/target
[INFO] 
[INFO] --- flatten-maven-plugin:1.2.7:clean (flatten.clean) @ fluentlenium-assertj ---
[INFO] Deleting /home/gabsko/breaking-updates/fluentlenium-assertj/.flattened-pom.xml
[INFO] 
[INFO] --- maven-enforcer-plugin:3.0.0-M3:enforce (enforce-maven) @ fluentlenium-assertj ---
[INFO] 
[INFO] --- jacoco-maven-plugin:0.8.7:prepare-agent (prepare-agent) @ fluentlenium-assertj ---
[INFO] argLine set to -javaagent:/home/gabsko/.m2/repository/org/jacoco/org.jacoco.agent/0.8.7/org.jacoco.agent-0.8.7-runtime.jar=destfile=/home/gabsko/breaking-updates/fluentlenium-assertj/target/jacoco.exec,excludes=**com.steadystate*:**com/gargoylesoftware*
[INFO] 
[INFO] --- maven-resources-plugin:3.2.0:resources (default-resources) @ fluentlenium-assertj ---
[INFO] Using 'UTF-8' encoding to copy filtered resources.
[INFO] Using 'UTF-8' encoding to copy filtered properties files.
[INFO] skip non existing resourceDirectory /home/gabsko/breaking-updates/fluentlenium-assertj/src/main/resources
[INFO] 
[INFO] --- flatten-maven-plugin:1.2.7:flatten (flatten) @ fluentlenium-assertj ---
[INFO] Generating flattened POM of project org.fluentlenium:fluentlenium-assertj:jar:4.8.1-SNAPSHOT...
[INFO] 
[INFO] --- maven-compiler-plugin:3.8.1:compile (default-compile) @ fluentlenium-assertj ---
[INFO] Changes detected - recompiling the module!
[INFO] Compiling 16 source files to /home/gabsko/breaking-updates/fluentlenium-assertj/target/classes
[INFO] 
[INFO] --- maven-resources-plugin:3.2.0:testResources (default-testResources) @ fluentlenium-assertj ---
[INFO] Using 'UTF-8' encoding to copy filtered resources.
[INFO] Using 'UTF-8' encoding to copy filtered properties files.
[INFO] Copying 3 resources
[INFO] 
[INFO] --- maven-compiler-plugin:3.8.1:testCompile (default-testCompile) @ fluentlenium-assertj ---
[INFO] Changes detected - recompiling the module!
[INFO] Compiling 38 source files to /home/gabsko/breaking-updates/fluentlenium-assertj/target/test-classes
[INFO] /home/gabsko/breaking-updates/fluentlenium-assertj/src/test/java/org/fluentlenium/assertj/custom/FluentListAssertTest.java: Some input files use or override a deprecated API.
[INFO] /home/gabsko/breaking-updates/fluentlenium-assertj/src/test/java/org/fluentlenium/assertj/custom/FluentListAssertTest.java: Recompile with -Xlint:deprecation for details.
[INFO] 
[INFO] --- maven-surefire-plugin:3.0.0-M5:test (default-test) @ fluentlenium-assertj ---
[INFO] 
[INFO] -------------------------------------------------------
[INFO]  T E S T S
[INFO] -------------------------------------------------------
[INFO] Running TestSuite
[ERROR] OpenJDK 64-Bit Server VM warning: Sharing is only supported for boot loader classes because bootstrap classpath has been appended
[INFO] Tests run: 142, Failures: 0, Errors: 0, Skipped: 0, Time elapsed: 3.502 s - in TestSuite
[INFO] 
[INFO] Results:
[INFO] 
[INFO] Tests run: 142, Failures: 0, Errors: 0, Skipped: 0
[INFO] 
[INFO] 
[INFO] ------------< org.fluentlenium:fluentlenium-junit-jupiter >-------------
[INFO] Building FluentLenium JUnit Jupiter 4.8.1-SNAPSHOT                [5/13]
[INFO] --------------------------------[ jar ]---------------------------------
[INFO] 
[INFO] --- maven-clean-plugin:3.1.0:clean (default-clean) @ fluentlenium-junit-jupiter ---
[INFO] Deleting /home/gabsko/breaking-updates/fluentlenium-junit-jupiter/target
[INFO] 
[INFO] --- flatten-maven-plugin:1.2.7:clean (flatten.clean) @ fluentlenium-junit-jupiter ---
[INFO] Deleting /home/gabsko/breaking-updates/fluentlenium-junit-jupiter/.flattened-pom.xml
[INFO] 
[INFO] --- maven-enforcer-plugin:3.0.0-M3:enforce (enforce-maven) @ fluentlenium-junit-jupiter ---
[INFO] 
[INFO] --- jacoco-maven-plugin:0.8.7:prepare-agent (prepare-agent) @ fluentlenium-junit-jupiter ---
[INFO] argLine set to -javaagent:/home/gabsko/.m2/repository/org/jacoco/org.jacoco.agent/0.8.7/org.jacoco.agent-0.8.7-runtime.jar=destfile=/home/gabsko/breaking-updates/fluentlenium-junit-jupiter/target/jacoco.exec,excludes=**com.steadystate*:**com/gargoylesoftware*
[INFO] 
[INFO] --- maven-resources-plugin:3.2.0:resources (default-resources) @ fluentlenium-junit-jupiter ---
[INFO] Using 'UTF-8' encoding to copy filtered resources.
[INFO] Using 'UTF-8' encoding to copy filtered properties files.
[INFO] skip non existing resourceDirectory /home/gabsko/breaking-updates/fluentlenium-junit-jupiter/src/main/resources
[INFO] 
[INFO] --- flatten-maven-plugin:1.2.7:flatten (flatten) @ fluentlenium-junit-jupiter ---
[INFO] Generating flattened POM of project org.fluentlenium:fluentlenium-junit-jupiter:jar:4.8.1-SNAPSHOT...
[INFO] 
[INFO] --- maven-compiler-plugin:3.8.1:compile (default-compile) @ fluentlenium-junit-jupiter ---
[INFO] Changes detected - recompiling the module!
[INFO] Compiling 3 source files to /home/gabsko/breaking-updates/fluentlenium-junit-jupiter/target/classes
[INFO] /home/gabsko/breaking-updates/fluentlenium-junit-jupiter/src/main/java/org/fluentlenium/adapter/junit/jupiter/MockitoExtension.java: /home/gabsko/breaking-updates/fluentlenium-junit-jupiter/src/main/java/org/fluentlenium/adapter/junit/jupiter/MockitoExtension.java uses or overrides a deprecated API.
[INFO] /home/gabsko/breaking-updates/fluentlenium-junit-jupiter/src/main/java/org/fluentlenium/adapter/junit/jupiter/MockitoExtension.java: Recompile with -Xlint:deprecation for details.
[INFO] 
[INFO] --- maven-resources-plugin:3.2.0:testResources (default-testResources) @ fluentlenium-junit-jupiter ---
[INFO] Using 'UTF-8' encoding to copy filtered resources.
[INFO] Using 'UTF-8' encoding to copy filtered properties files.
[INFO] Copying 2 resources
[INFO] 
[INFO] --- maven-compiler-plugin:3.8.1:testCompile (default-testCompile) @ fluentlenium-junit-jupiter ---
[INFO] Changes detected - recompiling the module!
[INFO] Compiling 10 source files to /home/gabsko/breaking-updates/fluentlenium-junit-jupiter/target/test-classes
[INFO] /home/gabsko/breaking-updates/fluentlenium-junit-jupiter/src/test/java/org/fluentlenium/adapter/junit/jupiter/FluentJUnitJupiterTest.java: /home/gabsko/breaking-updates/fluentlenium-junit-jupiter/src/test/java/org/fluentlenium/adapter/junit/jupiter/FluentJUnitJupiterTest.java uses or overrides a deprecated API.
[INFO] /home/gabsko/breaking-updates/fluentlenium-junit-jupiter/src/test/java/org/fluentlenium/adapter/junit/jupiter/FluentJUnitJupiterTest.java: Recompile with -Xlint:deprecation for details.
[INFO] 
[INFO] --- maven-surefire-plugin:3.0.0-M5:test (default-test) @ fluentlenium-junit-jupiter ---
[INFO] 
[INFO] -------------------------------------------------------
[INFO]  T E S T S
[INFO] -------------------------------------------------------
[INFO] Running org.fluentlenium.adapter.junit.jupiter.FluentJUnitJupiterTest
[INFO] Tests run: 4, Failures: 0, Errors: 0, Skipped: 0, Time elapsed: 2.347 s - in org.fluentlenium.adapter.junit.jupiter.FluentJUnitJupiterTest
[INFO] 
[INFO] Results:
[INFO] 
[INFO] Tests run: 4, Failures: 0, Errors: 0, Skipped: 0
[INFO] 
[INFO] 
[INFO] ----------< org.fluentlenium:fluentlenium-integration-tests >-----------
[INFO] Building FluentLenium Integration Tests 4.8.1-SNAPSHOT            [6/13]
[INFO] --------------------------------[ jar ]---------------------------------
[INFO] 
[INFO] --- maven-clean-plugin:3.1.0:clean (default-clean) @ fluentlenium-integration-tests ---
[INFO] 
[INFO] --- flatten-maven-plugin:1.2.7:clean (flatten.clean) @ fluentlenium-integration-tests ---
[INFO] Deleting /home/gabsko/breaking-updates/fluentlenium-integration-tests/.flattened-pom.xml
[INFO] 
[INFO] --- maven-enforcer-plugin:3.0.0-M3:enforce (enforce-maven) @ fluentlenium-integration-tests ---
[INFO] 
[INFO] --- jacoco-maven-plugin:0.8.7:prepare-agent (prepare-agent) @ fluentlenium-integration-tests ---
[INFO] argLine set to -javaagent:/home/gabsko/.m2/repository/org/jacoco/org.jacoco.agent/0.8.7/org.jacoco.agent-0.8.7-runtime.jar=destfile=/home/gabsko/breaking-updates/fluentlenium-integration-tests/target/jacoco.exec,excludes=**com.steadystate*:**com/gargoylesoftware*
[INFO] 
[INFO] --- maven-resources-plugin:3.2.0:resources (default-resources) @ fluentlenium-integration-tests ---
[INFO] Using 'UTF-8' encoding to copy filtered resources.
[INFO] Using 'UTF-8' encoding to copy filtered properties files.
[INFO] skip non existing resourceDirectory /home/gabsko/breaking-updates/fluentlenium-integration-tests/src/main/resources
[INFO] 
[INFO] --- flatten-maven-plugin:1.2.7:flatten (flatten) @ fluentlenium-integration-tests ---
[INFO] Generating flattened POM of project org.fluentlenium:fluentlenium-integration-tests:jar:4.8.1-SNAPSHOT...
[INFO] 
[INFO] --- maven-compiler-plugin:3.8.1:compile (default-compile) @ fluentlenium-integration-tests ---
[INFO] No sources to compile
[INFO] 
[INFO] --- maven-resources-plugin:3.2.0:testResources (default-testResources) @ fluentlenium-integration-tests ---
[INFO] Using 'UTF-8' encoding to copy filtered resources.
[INFO] Using 'UTF-8' encoding to copy filtered properties files.
[INFO] Copying 14 resources
[INFO] 
[INFO] --- maven-compiler-plugin:3.8.1:testCompile (default-testCompile) @ fluentlenium-integration-tests ---
[INFO] Changes detected - recompiling the module!
[INFO] Compiling 99 source files to /home/gabsko/breaking-updates/fluentlenium-integration-tests/target/test-classes
[INFO] /home/gabsko/breaking-updates/fluentlenium-integration-tests/src/test/java/org/fluentlenium/pages/IndexPage2.java: Some input files use unchecked or unsafe operations.
[INFO] /home/gabsko/breaking-updates/fluentlenium-integration-tests/src/test/java/org/fluentlenium/pages/IndexPage2.java: Recompile with -Xlint:unchecked for details.
[INFO] 
[INFO] --- maven-surefire-plugin:3.0.0-M5:test (default-test) @ fluentlenium-integration-tests ---
[INFO] 
[INFO] -------------------------------------------------------
[INFO]  T E S T S
[INFO] -------------------------------------------------------
[INFO] Running org.fluentlenium.test.baseurl.BaseUrlDynamicTest
[INFO] Tests run: 3, Failures: 0, Errors: 0, Skipped: 0, Time elapsed: 1.997 s - in org.fluentlenium.test.baseurl.BaseUrlDynamicTest
[INFO] Running org.fluentlenium.test.baseurl.BaseUrlTest
[INFO] Tests run: 4, Failures: 0, Errors: 0, Skipped: 0, Time elapsed: 0.232 s - in org.fluentlenium.test.baseurl.BaseUrlTest
[INFO] Running org.fluentlenium.test.actions.window.WindowActionsTest
[INFO] Tests run: 2, Failures: 0, Errors: 0, Skipped: 0, Time elapsed: 0.165 s - in org.fluentlenium.test.actions.window.WindowActionsTest
[INFO] Running org.fluentlenium.test.actions.waitandclick.WaitAndClickTest
[INFO] Tests run: 5, Failures: 0, Errors: 0, Skipped: 0, Time elapsed: 4.358 s - in org.fluentlenium.test.actions.waitandclick.WaitAndClickTest
[INFO] Running org.fluentlenium.test.actions.click.ClicksWaitHookTest
[INFO] Tests run: 2, Failures: 0, Errors: 0, Skipped: 0, Time elapsed: 0.112 s - in org.fluentlenium.test.actions.click.ClicksWaitHookTest
[INFO] Running org.fluentlenium.test.actions.click.ClicksTest
[INFO] Tests run: 2, Failures: 0, Errors: 0, Skipped: 0, Time elapsed: 0.075 s - in org.fluentlenium.test.actions.click.ClicksTest
[INFO] Running org.fluentlenium.test.actions.onlist.ActionOnListTest
[INFO] Tests run: 7, Failures: 0, Errors: 0, Skipped: 0, Time elapsed: 0.274 s - in org.fluentlenium.test.actions.onlist.ActionOnListTest
[INFO] Running org.fluentlenium.test.actions.onlist.ActionOnListWithBddTest
[INFO] Tests run: 4, Failures: 0, Errors: 0, Skipped: 0, Time elapsed: 0.135 s - in org.fluentlenium.test.actions.onlist.ActionOnListWithBddTest
[INFO] Running org.fluentlenium.test.actions.onselector.ActionOnSelectorTest
[INFO] Tests run: 9, Failures: 0, Errors: 0, Skipped: 0, Time elapsed: 0.332 s - in org.fluentlenium.test.actions.onselector.ActionOnSelectorTest
[INFO] Running org.fluentlenium.test.actions.onselector.ActionOnSelectorWithBddTest
[INFO] Tests run: 5, Failures: 0, Errors: 0, Skipped: 0, Time elapsed: 0.262 s - in org.fluentlenium.test.actions.onselector.ActionOnSelectorWithBddTest
[INFO] Running org.fluentlenium.test.actions.attributemodification.AttributeModificationTest
[INFO] Tests run: 2, Failures: 0, Errors: 0, Skipped: 0, Time elapsed: 0.067 s - in org.fluentlenium.test.actions.attributemodification.AttributeModificationTest
[INFO] Running org.fluentlenium.test.driver.DriverTest
[INFO] Tests run: 2, Failures: 0, Errors: 0, Skipped: 0, Time elapsed: 0.027 s - in org.fluentlenium.test.driver.DriverTest
[INFO] Running org.fluentlenium.test.fluentwebelement.FluentWebElementInTest
[INFO] Tests run: 1, Failures: 0, Errors: 0, Skipped: 0, Time elapsed: 0.036 s - in org.fluentlenium.test.fluentwebelement.FluentWebElementInTest
[INFO] Running org.fluentlenium.test.fluentwebelement.FluentWebElementDelegateClassInTest
[INFO] Tests run: 1, Failures: 0, Errors: 0, Skipped: 0, Time elapsed: 0.035 s - in org.fluentlenium.test.fluentwebelement.FluentWebElementDelegateClassInTest
[INFO] Running org.fluentlenium.test.fluentwebelement.StateOnElementTest
[INFO] Tests run: 7, Failures: 0, Errors: 0, Skipped: 0, Time elapsed: 0.19 s - in org.fluentlenium.test.fluentwebelement.StateOnElementTest
[INFO] Running org.fluentlenium.test.fluentwebelement.FluentWebElementSubclassInTest
[INFO] Tests run: 1, Failures: 0, Errors: 0, Skipped: 0, Time elapsed: 0.035 s - in org.fluentlenium.test.fluentwebelement.FluentWebElementSubclassInTest
[INFO] Running org.fluentlenium.test.events.EventsInvalidDriverTest
[INFO] Tests run: 1, Failures: 0, Errors: 0, Skipped: 0, Time elapsed: 0.136 s - in org.fluentlenium.test.events.EventsInvalidDriverTest
[INFO] Running org.fluentlenium.test.events.ContainerAnnotationsEventsRegistrySuperClassSetupTest
10:25:04.397 [main] INFO  EventBasedIntegrationFluentTest - About to click on something...
10:25:04.403 [main] INFO  EventBasedIntegrationFluentTest - Clicked successfully. FluentLenium is awesome! :)
[INFO] Tests run: 1, Failures: 0, Errors: 0, Skipped: 0, Time elapsed: 0.047 s - in org.fluentlenium.test.events.ContainerAnnotationsEventsRegistrySuperClassSetupTest
[INFO] Running org.fluentlenium.test.events.EventsTest
[INFO] Tests run: 4, Failures: 0, Errors: 0, Skipped: 0, Time elapsed: 0.216 s - in org.fluentlenium.test.events.EventsTest
[INFO] Running org.fluentlenium.test.events.ContainerAnnotationsEventsRegistrySetupTest
10:25:04.718 [main] INFO  ContainerAnnotationsEventsRegistrySetupTest - About to click on something...
10:25:04.719 [main] INFO  ContainerAnnotationsEventsRegistrySetupTest - Clicked successfully. FluentLenium is awesome! :)
10:25:04.719 [main] INFO  ContainerAnnotationsEventsRegistrySetupTest - Isn't it?
[INFO] Tests run: 2, Failures: 0, Errors: 0, Skipped: 0, Time elapsed: 0.067 s - in org.fluentlenium.test.events.ContainerAnnotationsEventsRegistrySetupTest
[INFO] Running org.fluentlenium.test.iframe.IframeTest
[INFO] Tests run: 4, Failures: 0, Errors: 0, Skipped: 0, Time elapsed: 0.187 s - in org.fluentlenium.test.iframe.IframeTest
[INFO] Running org.fluentlenium.test.component.ComponentsTest
[INFO] Tests run: 3, Failures: 0, Errors: 0, Skipped: 0, Time elapsed: 8.734 s - in org.fluentlenium.test.component.ComponentsTest
[INFO] Running org.fluentlenium.test.component.ElementAsTest
[INFO] Tests run: 6, Failures: 0, Errors: 0, Skipped: 0, Time elapsed: 0.207 s - in org.fluentlenium.test.component.ElementAsTest
[INFO] Running org.fluentlenium.test.injection.InjectionTest
[INFO] Tests run: 1, Failures: 0, Errors: 0, Skipped: 0, Time elapsed: 0.028 s - in org.fluentlenium.test.injection.InjectionTest
[INFO] Running org.fluentlenium.test.injection.InjectionFindTest
[INFO] Tests run: 4, Failures: 0, Errors: 0, Skipped: 0, Time elapsed: 0.102 s - in org.fluentlenium.test.injection.InjectionFindTest
[INFO] Running org.fluentlenium.test.seleniumcheck.SeleniumVersionCheckLoggingTest
[INFO] Tests run: 1, Failures: 0, Errors: 0, Skipped: 0, Time elapsed: 0.002 s - in org.fluentlenium.test.seleniumcheck.SeleniumVersionCheckLoggingTest
[INFO] Running org.fluentlenium.test.proxy.ProxyLazynessTest
[INFO] Tests run: 4, Failures: 0, Errors: 0, Skipped: 0, Time elapsed: 0.083 s - in org.fluentlenium.test.proxy.ProxyLazynessTest
[INFO] Running org.fluentlenium.test.cssinject.CssInjectTest
[INFO] Tests run: 2, Failures: 0, Errors: 0, Skipped: 0, Time elapsed: 0.102 s - in org.fluentlenium.test.cssinject.CssInjectTest
[INFO] Running org.fluentlenium.test.await.WaitSizeTest
[INFO] Tests run: 9, Failures: 0, Errors: 0, Skipped: 0, Time elapsed: 12.829 s - in org.fluentlenium.test.await.WaitSizeTest
[INFO] Running org.fluentlenium.test.await.FluentLeniumFunctionalWaitTest
[INFO] Tests run: 57, Failures: 0, Errors: 0, Skipped: 0, Time elapsed: 7.576 s - in org.fluentlenium.test.await.FluentLeniumFunctionalWaitTest
[INFO] Running org.fluentlenium.test.await.negate.HappyPathsNegatedAwaitTest
[INFO] Tests run: 10, Failures: 0, Errors: 0, Skipped: 0, Time elapsed: 0.209 s - in org.fluentlenium.test.await.negate.HappyPathsNegatedAwaitTest
[INFO] Running org.fluentlenium.test.await.negate.NegatedAwaitFluentListTest
[INFO] Tests run: 7, Failures: 0, Errors: 0, Skipped: 0, Time elapsed: 2.93 s - in org.fluentlenium.test.await.negate.NegatedAwaitFluentListTest
[INFO] Running org.fluentlenium.test.await.negate.NegatedAwaitElementTest
[INFO] Tests run: 7, Failures: 0, Errors: 0, Skipped: 0, Time elapsed: 2.675 s - in org.fluentlenium.test.await.negate.NegatedAwaitElementTest
[INFO] Running org.fluentlenium.test.await.JsAwaitTest
[INFO] Tests run: 10, Failures: 0, Errors: 0, Skipped: 0, Time elapsed: 27.288 s - in org.fluentlenium.test.await.JsAwaitTest
[INFO] Running org.fluentlenium.test.await.FluentLeniumWaitTest
[INFO] Tests run: 83, Failures: 0, Errors: 0, Skipped: 0, Time elapsed: 11.949 s - in org.fluentlenium.test.await.FluentLeniumWaitTest
[INFO] Running org.fluentlenium.test.await.FluentWaitMessageWithHookTest
[INFO] Tests run: 13, Failures: 0, Errors: 0, Skipped: 0, Time elapsed: 12.251 s - in org.fluentlenium.test.await.FluentWaitMessageWithHookTest
[INFO] Running org.fluentlenium.test.await.hook.WaitHookFilteringTest
[INFO] Tests run: 1, Failures: 0, Errors: 0, Skipped: 0, Time elapsed: 0.026 s - in org.fluentlenium.test.await.hook.WaitHookFilteringTest
[INFO] Running org.fluentlenium.test.await.hook.WaitHookWithTest
[INFO] Tests run: 3, Failures: 0, Errors: 0, Skipped: 0, Time elapsed: 7.068 s - in org.fluentlenium.test.await.hook.WaitHookWithTest
[INFO] Running org.fluentlenium.test.await.hook.WaitHookAnnotationTest
[INFO] Tests run: 5, Failures: 0, Errors: 0, Skipped: 0, Time elapsed: 13.117 s - in org.fluentlenium.test.await.hook.WaitHookAnnotationTest
[INFO] Running org.fluentlenium.test.await.component.WaitComponentsListTest
[INFO] Tests run: 6, Failures: 0, Errors: 0, Skipped: 0, Time elapsed: 12.164 s - in org.fluentlenium.test.await.component.WaitComponentsListTest
[INFO] Running org.fluentlenium.test.await.FluentWaitMessageTest
[INFO] Tests run: 14, Failures: 0, Errors: 0, Skipped: 0, Time elapsed: 2.583 s - in org.fluentlenium.test.await.FluentWaitMessageTest
[INFO] Running org.fluentlenium.test.await.FluentLeniumWaitIgnoringTest
[INFO] Tests run: 6, Failures: 0, Errors: 0, Skipped: 0, Time elapsed: 0.106 s - in org.fluentlenium.test.await.FluentLeniumWaitIgnoringTest
[INFO] Running org.fluentlenium.test.await.FluentLeniumWaitElementTest
[INFO] Tests run: 45, Failures: 0, Errors: 0, Skipped: 0, Time elapsed: 15.264 s - in org.fluentlenium.test.await.FluentLeniumWaitElementTest
[INFO] Running org.fluentlenium.test.after.AfterTest
[INFO] Tests run: 1, Failures: 0, Errors: 0, Skipped: 0, Time elapsed: 0.001 s - in org.fluentlenium.test.after.AfterTest
[INFO] Running org.fluentlenium.test.htmldump.HtmlDumpPathTest
10:27:22.679 [main] INFO  FluentDriverHtmlDumper - Created HTML dump at: /tmp/tempfiles10833629356728360742/test.html
[INFO] Tests run: 1, Failures: 0, Errors: 0, Skipped: 0, Time elapsed: 0.037 s - in org.fluentlenium.test.htmldump.HtmlDumpPathTest
[INFO] Running org.fluentlenium.test.htmldump.HtmlDumpTest
10:27:22.708 [main] INFO  FluentDriverHtmlDumper - Created HTML dump at: /tmp/tempfiles1444769993495901636/test.html
[INFO] Tests run: 1, Failures: 0, Errors: 0, Skipped: 0, Time elapsed: 0.018 s - in org.fluentlenium.test.htmldump.HtmlDumpTest
[INFO] Running org.fluentlenium.test.capabilities.CapabilitiesTest
[INFO] Tests run: 1, Failures: 0, Errors: 0, Skipped: 0, Time elapsed: 0.015 s - in org.fluentlenium.test.capabilities.CapabilitiesTest
[INFO] Running org.fluentlenium.test.param.FluentListParamTest
[INFO] Tests run: 10, Failures: 0, Errors: 0, Skipped: 0, Time elapsed: 0.187 s - in org.fluentlenium.test.param.FluentListParamTest
[INFO] Running org.fluentlenium.test.param.ParamTest
[INFO] Tests run: 3, Failures: 0, Errors: 0, Skipped: 0, Time elapsed: 0.048 s - in org.fluentlenium.test.param.ParamTest
[INFO] Running org.fluentlenium.test.annotations.AnnotationsComponentsPriorityEventsTest
[INFO] Tests run: 1, Failures: 0, Errors: 0, Skipped: 0, Time elapsed: 0.022 s - in org.fluentlenium.test.annotations.AnnotationsComponentsPriorityEventsTest
[INFO] Running org.fluentlenium.test.annotations.AnnotationsComponentEventsTest
[INFO] Tests run: 3, Failures: 0, Errors: 0, Skipped: 0, Time elapsed: 0.063 s - in org.fluentlenium.test.annotations.AnnotationsComponentEventsTest
[INFO] Running org.fluentlenium.test.annotations.AnnotationsEventsTest
[INFO] Tests run: 5, Failures: 0, Errors: 0, Skipped: 0, Time elapsed: 0.098 s - in org.fluentlenium.test.annotations.AnnotationsEventsTest
[INFO] Running org.fluentlenium.test.annotations.AnnotationsPriorityEventsTest
[INFO] Tests run: 1, Failures: 0, Errors: 0, Skipped: 0, Time elapsed: 0.06 s - in org.fluentlenium.test.annotations.AnnotationsPriorityEventsTest
[INFO] Running org.fluentlenium.test.initialization.DontRunTestsWhenInitFailTest
[INFO] Tests run: 1, Failures: 0, Errors: 0, Skipped: 0, Time elapsed: 0.044 s - in org.fluentlenium.test.initialization.DontRunTestsWhenInitFailTest
[INFO] Running org.fluentlenium.test.findby.FindByOfComponentContainerTest
[INFO] Tests run: 4, Failures: 0, Errors: 0, Skipped: 0, Time elapsed: 0.079 s - in org.fluentlenium.test.findby.FindByOfComponentContainerTest
[INFO] Running org.fluentlenium.test.findby.FindByOfComponentTest
[INFO] Tests run: 4, Failures: 0, Errors: 0, Skipped: 0, Time elapsed: 0.081 s - in org.fluentlenium.test.findby.FindByOfComponentTest
[INFO] Running org.fluentlenium.test.findby.FluentSelectorTest
[INFO] Tests run: 26, Failures: 0, Errors: 0, Skipped: 0, Time elapsed: 0.566 s - in org.fluentlenium.test.findby.FluentSelectorTest
[INFO] Running org.fluentlenium.test.findby.FindByOfListTest
[INFO] Tests run: 2, Failures: 0, Errors: 0, Skipped: 0, Time elapsed: 0.038 s - in org.fluentlenium.test.findby.FindByOfListTest
[INFO] Running org.fluentlenium.test.fluentlist.SearchOnlyWithFiltersTest
[INFO] Tests run: 21, Failures: 0, Errors: 0, Skipped: 0, Time elapsed: 0.44 s - in org.fluentlenium.test.fluentlist.SearchOnlyWithFiltersTest
[INFO] Running org.fluentlenium.test.fluentlist.SearchTest
[INFO] Tests run: 9, Failures: 0, Errors: 0, Skipped: 0, Time elapsed: 0.154 s - in org.fluentlenium.test.fluentlist.SearchTest
[INFO] Running org.fluentlenium.test.fluentability.FluentabilityTest
[INFO] Tests run: 1, Failures: 0, Errors: 0, Skipped: 0, Time elapsed: 0.018 s - in org.fluentlenium.test.fluentability.FluentabilityTest
[INFO] Running org.fluentlenium.test.text.HiddenTextTest
[INFO] Tests run: 2, Failures: 0, Errors: 0, Skipped: 0, Time elapsed: 0.033 s - in org.fluentlenium.test.text.HiddenTextTest
[INFO] Running org.fluentlenium.test.page.PageInPageWithCreatePageTest
[INFO] Tests run: 1, Failures: 0, Errors: 0, Skipped: 0, Time elapsed: 0.014 s - in org.fluentlenium.test.page.PageInPageWithCreatePageTest
[INFO] Running org.fluentlenium.test.page.isat.IsAtTest
[INFO] Tests run: 7, Failures: 0, Errors: 0, Skipped: 0, Time elapsed: 0.175 s - in org.fluentlenium.test.page.isat.IsAtTest
[INFO] Running org.fluentlenium.test.page.PageUrlParameterQueryTest
[INFO] Tests run: 4, Failures: 0, Errors: 0, Skipped: 0, Time elapsed: 0.088 s - in org.fluentlenium.test.page.PageUrlParameterQueryTest
[INFO] Running org.fluentlenium.test.page.PageTest
[INFO] Tests run: 15, Failures: 0, Errors: 0, Skipped: 0, Time elapsed: 0.469 s - in org.fluentlenium.test.page.PageTest
[INFO] Running org.fluentlenium.test.page.PageWithAjaxElementTest
[INFO] Tests run: 4, Failures: 0, Errors: 0, Skipped: 0, Time elapsed: 17.116 s - in org.fluentlenium.test.page.PageWithAjaxElementTest
[INFO] Running org.fluentlenium.test.page.PageInPageWithAnnotationPageTest
[INFO] Tests run: 1, Failures: 0, Errors: 0, Skipped: 0, Time elapsed: 0.012 s - in org.fluentlenium.test.page.PageInPageWithAnnotationPageTest
[INFO] Running org.fluentlenium.test.page.gotopage.GoToTest
[INFO] Tests run: 5, Failures: 0, Errors: 0, Skipped: 0, Time elapsed: 0.036 s - in org.fluentlenium.test.page.gotopage.GoToTest
[INFO] Running org.fluentlenium.test.page.gotopage.GoToInNewTabTest
[INFO] Tests run: 1, Failures: 0, Errors: 0, Skipped: 0, Time elapsed: 0.045 s - in org.fluentlenium.test.page.gotopage.GoToInNewTabTest
[INFO] Running org.fluentlenium.test.page.SuperclassPageTest
[INFO] Tests run: 17, Failures: 0, Errors: 0, Skipped: 0, Time elapsed: 0.497 s - in org.fluentlenium.test.page.SuperclassPageTest
[INFO] Running org.fluentlenium.test.page.PageInPageTest
[INFO] Tests run: 1, Failures: 0, Errors: 0, Skipped: 0, Time elapsed: 0.014 s - in org.fluentlenium.test.page.PageInPageTest
[INFO] Running org.fluentlenium.test.page.PageAdapterTest
[INFO] Tests run: 3, Failures: 0, Errors: 0, Skipped: 0, Time elapsed: 0.028 s - in org.fluentlenium.test.page.PageAdapterTest
[INFO] Running org.fluentlenium.test.javascript.JavascriptTest
[INFO] Tests run: 8, Failures: 0, Errors: 0, Skipped: 0, Time elapsed: 0.298 s - in org.fluentlenium.test.javascript.JavascriptTest
[INFO] Running org.fluentlenium.test.count.CountTest
[INFO] Tests run: 1, Failures: 0, Errors: 0, Skipped: 0, Time elapsed: 0.078 s - in org.fluentlenium.test.count.CountTest
[INFO] Running org.fluentlenium.test.axes.AxesTest
[INFO] Tests run: 7, Failures: 0, Errors: 0, Skipped: 0, Time elapsed: 0.163 s - in org.fluentlenium.test.axes.AxesTest
[INFO] 
[INFO] Results:
[INFO] 
[INFO] Tests run: 538, Failures: 0, Errors: 0, Skipped: 0
[INFO] 
[INFO] 
[INFO] ----------------< org.fluentlenium:fluentlenium-junit >-----------------
[INFO] Building FluentLenium JUnit 4.8.1-SNAPSHOT                        [7/13]
[INFO] --------------------------------[ jar ]---------------------------------
[INFO] 
[INFO] --- maven-clean-plugin:3.1.0:clean (default-clean) @ fluentlenium-junit ---
[INFO] Deleting /home/gabsko/breaking-updates/fluentlenium-junit/target
[INFO] 
[INFO] --- flatten-maven-plugin:1.2.7:clean (flatten.clean) @ fluentlenium-junit ---
[INFO] Deleting /home/gabsko/breaking-updates/fluentlenium-junit/.flattened-pom.xml
[INFO] 
[INFO] --- maven-enforcer-plugin:3.0.0-M3:enforce (enforce-maven) @ fluentlenium-junit ---
[INFO] 
[INFO] --- jacoco-maven-plugin:0.8.7:prepare-agent (prepare-agent) @ fluentlenium-junit ---
[INFO] argLine set to -javaagent:/home/gabsko/.m2/repository/org/jacoco/org.jacoco.agent/0.8.7/org.jacoco.agent-0.8.7-runtime.jar=destfile=/home/gabsko/breaking-updates/fluentlenium-junit/target/jacoco.exec,excludes=**com.steadystate*:**com/gargoylesoftware*
[INFO] 
[INFO] --- maven-resources-plugin:3.2.0:resources (default-resources) @ fluentlenium-junit ---
[INFO] Using 'UTF-8' encoding to copy filtered resources.
[INFO] Using 'UTF-8' encoding to copy filtered properties files.
[INFO] skip non existing resourceDirectory /home/gabsko/breaking-updates/fluentlenium-junit/src/main/resources
[INFO] 
[INFO] --- flatten-maven-plugin:1.2.7:flatten (flatten) @ fluentlenium-junit ---
[INFO] Generating flattened POM of project org.fluentlenium:fluentlenium-junit:jar:4.8.1-SNAPSHOT...
[INFO] 
[INFO] --- maven-compiler-plugin:3.8.1:compile (default-compile) @ fluentlenium-junit ---
[INFO] Changes detected - recompiling the module!
[INFO] Compiling 3 source files to /home/gabsko/breaking-updates/fluentlenium-junit/target/classes
[INFO] 
[INFO] --- maven-resources-plugin:3.2.0:testResources (default-testResources) @ fluentlenium-junit ---
[INFO] Using 'UTF-8' encoding to copy filtered resources.
[INFO] Using 'UTF-8' encoding to copy filtered properties files.
[INFO] Copying 2 resources
[INFO] 
[INFO] --- maven-compiler-plugin:3.8.1:testCompile (default-testCompile) @ fluentlenium-junit ---
[INFO] Changes detected - recompiling the module!
[INFO] Compiling 18 source files to /home/gabsko/breaking-updates/fluentlenium-junit/target/test-classes
[INFO] /home/gabsko/breaking-updates/fluentlenium-junit/src/test/java/org/fluentlenium/adapter/junit/FluentTestRuleTest.java: /home/gabsko/breaking-updates/fluentlenium-junit/src/test/java/org/fluentlenium/adapter/junit/FluentTestRuleTest.java uses or overrides a deprecated API.
[INFO] /home/gabsko/breaking-updates/fluentlenium-junit/src/test/java/org/fluentlenium/adapter/junit/FluentTestRuleTest.java: Recompile with -Xlint:deprecation for details.
[INFO] 
[INFO] --- maven-surefire-plugin:3.0.0-M5:test (default-test) @ fluentlenium-junit ---
[INFO] 
[INFO] -------------------------------------------------------
[INFO]  T E S T S
[INFO] -------------------------------------------------------
[INFO] Running org.fluentlenium.adapter.junit.AfterSuccessTest
[INFO] Tests run: 1, Failures: 0, Errors: 0, Skipped: 0, Time elapsed: 1.371 s - in org.fluentlenium.adapter.junit.AfterSuccessTest
[INFO] Running org.fluentlenium.adapter.junit.AfterFailedTest
[INFO] Tests run: 1, Failures: 0, Errors: 0, Skipped: 0, Time elapsed: 0.098 s - in org.fluentlenium.adapter.junit.AfterFailedTest
[INFO] Running org.fluentlenium.adapter.junit.FluentTestRuleTest
[INFO] Tests run: 2, Failures: 0, Errors: 0, Skipped: 0, Time elapsed: 0.533 s - in org.fluentlenium.adapter.junit.FluentTestRuleTest
[INFO] 
[INFO] Results:
[INFO] 
[INFO] Tests run: 4, Failures: 0, Errors: 0, Skipped: 0
[INFO] 
[INFO] 
[INFO] ------------< org.fluentlenium:fluentlenium-spring-testng >-------------
[INFO] Building FluentLenium Spring TestNG 4.8.1-SNAPSHOT                [8/13]
[INFO] --------------------------------[ jar ]---------------------------------
[INFO] 
[INFO] --- maven-clean-plugin:3.1.0:clean (default-clean) @ fluentlenium-spring-testng ---
[INFO] Deleting /home/gabsko/breaking-updates/fluentlenium-spring-testng/target
[INFO] 
[INFO] --- flatten-maven-plugin:1.2.7:clean (flatten.clean) @ fluentlenium-spring-testng ---
[INFO] Deleting /home/gabsko/breaking-updates/fluentlenium-spring-testng/.flattened-pom.xml
[INFO] 
[INFO] --- maven-enforcer-plugin:3.0.0-M3:enforce (enforce-maven) @ fluentlenium-spring-testng ---
[INFO] 
[INFO] --- jacoco-maven-plugin:0.8.7:prepare-agent (prepare-agent) @ fluentlenium-spring-testng ---
[INFO] argLine set to -javaagent:/home/gabsko/.m2/repository/org/jacoco/org.jacoco.agent/0.8.7/org.jacoco.agent-0.8.7-runtime.jar=destfile=/home/gabsko/breaking-updates/fluentlenium-spring-testng/target/jacoco.exec,excludes=**com.steadystate*:**com/gargoylesoftware*
[INFO] 
[INFO] --- maven-resources-plugin:3.2.0:resources (default-resources) @ fluentlenium-spring-testng ---
[INFO] Using 'UTF-8' encoding to copy filtered resources.
[INFO] Using 'UTF-8' encoding to copy filtered properties files.
[INFO] skip non existing resourceDirectory /home/gabsko/breaking-updates/fluentlenium-spring-testng/src/main/resources
[INFO] 
[INFO] --- flatten-maven-plugin:1.2.7:flatten (flatten) @ fluentlenium-spring-testng ---
[INFO] Generating flattened POM of project org.fluentlenium:fluentlenium-spring-testng:jar:4.8.1-SNAPSHOT...
[INFO] 
[INFO] --- maven-compiler-plugin:3.8.1:compile (default-compile) @ fluentlenium-spring-testng ---
[INFO] Changes detected - recompiling the module!
[INFO] Compiling 4 source files to /home/gabsko/breaking-updates/fluentlenium-spring-testng/target/classes
[INFO] 
[INFO] --- maven-resources-plugin:3.2.0:testResources (default-testResources) @ fluentlenium-spring-testng ---
[INFO] Using 'UTF-8' encoding to copy filtered resources.
[INFO] Using 'UTF-8' encoding to copy filtered properties files.
[INFO] Copying 4 resources
[INFO] 
[INFO] --- maven-compiler-plugin:3.8.1:testCompile (default-testCompile) @ fluentlenium-spring-testng ---
[INFO] Changes detected - recompiling the module!
[INFO] Compiling 22 source files to /home/gabsko/breaking-updates/fluentlenium-spring-testng/target/test-classes
[INFO] 
[INFO] --- maven-surefire-plugin:3.0.0-M5:test (default-test) @ fluentlenium-spring-testng ---
[INFO] 
[INFO] -------------------------------------------------------
[INFO]  T E S T S
[INFO] -------------------------------------------------------
[INFO] Running TestSuite
10:27:49.120 [main] INFO  AbstractTestContextBootstrapper - Using TestExecutionListeners: [org.springframework.test.context.support.DirtiesContextBeforeModesTestExecutionListener@189fe8af, org.springframework.test.context.event.ApplicationEventsTestExecutionListener@6f99b8c4, org.springframework.test.context.support.DependencyInjectionTestExecutionListener@5f5c2451, org.springframework.test.context.support.DirtiesContextTestExecutionListener@3b5769b3, org.springframework.test.context.event.EventPublishingTestExecutionListener@5cea34e6]
10:27:49.234 [main] INFO  AbstractTestContextBootstrapper - Using TestExecutionListeners: [org.springframework.test.context.support.DirtiesContextBeforeModesTestExecutionListener@39d8240b, org.springframework.test.context.event.ApplicationEventsTestExecutionListener@3a6732bc, org.springframework.test.context.support.DependencyInjectionTestExecutionListener@35b799c0, org.springframework.test.context.support.DirtiesContextTestExecutionListener@3963d003, org.springframework.test.context.event.EventPublishingTestExecutionListener@41e35358]
10:27:49.244 [main] INFO  AbstractTestContextBootstrapper - Using TestExecutionListeners: [org.springframework.test.context.support.DirtiesContextBeforeModesTestExecutionListener@51dcf51b, org.springframework.test.context.event.ApplicationEventsTestExecutionListener@6eb58fdd, org.springframework.test.context.support.DependencyInjectionTestExecutionListener@7a0619a8, org.springframework.test.context.support.DirtiesContextTestExecutionListener@5df9d890, org.springframework.test.context.event.EventPublishingTestExecutionListener@6b3b9a19]
10:27:49.263 [main] INFO  AbstractTestContextBootstrapper - Using TestExecutionListeners: [org.springframework.test.context.support.DirtiesContextBeforeModesTestExecutionListener@6d293b41, org.springframework.test.context.event.ApplicationEventsTestExecutionListener@c0d114b, org.springframework.test.context.support.DependencyInjectionTestExecutionListener@2079ce51, org.springframework.test.context.support.DirtiesContextTestExecutionListener@1692d173, org.springframework.test.context.event.EventPublishingTestExecutionListener@32c503d3]
10:27:49.273 [main] INFO  AbstractTestContextBootstrapper - Using TestExecutionListeners: [org.springframework.test.context.support.DirtiesContextBeforeModesTestExecutionListener@5248688c, org.springframework.test.context.event.ApplicationEventsTestExecutionListener@37736bf1, org.springframework.test.context.support.DependencyInjectionTestExecutionListener@2a7c82e, org.springframework.test.context.support.DirtiesContextTestExecutionListener@22128b73, org.springframework.test.context.event.EventPublishingTestExecutionListener@338f9bb5]
10:27:49.283 [main] INFO  AbstractTestContextBootstrapper - Using TestExecutionListeners: [org.springframework.test.context.support.DirtiesContextBeforeModesTestExecutionListener@79715834, org.springframework.test.context.event.ApplicationEventsTestExecutionListener@4d94b0af, org.springframework.test.context.support.DependencyInjectionTestExecutionListener@72a80668, org.springframework.test.context.support.DirtiesContextTestExecutionListener@42cb8174, org.springframework.test.context.event.EventPublishingTestExecutionListener@3108d1e1]
10:27:49.293 [main] INFO  AbstractTestContextBootstrapper - Using TestExecutionListeners: [org.springframework.test.context.support.DirtiesContextBeforeModesTestExecutionListener@167080e, org.springframework.test.context.event.ApplicationEventsTestExecutionListener@33980345, org.springframework.test.context.support.DependencyInjectionTestExecutionListener@195c5803, org.springframework.test.context.support.DirtiesContextTestExecutionListener@60f8d38c, org.springframework.test.context.event.EventPublishingTestExecutionListener@596690e5]
10:27:49.302 [main] INFO  AbstractTestContextBootstrapper - Using TestExecutionListeners: [org.springframework.test.context.support.DirtiesContextBeforeModesTestExecutionListener@65f913fd, org.springframework.test.context.event.ApplicationEventsTestExecutionListener@56059cf1, org.springframework.test.context.support.DependencyInjectionTestExecutionListener@3b89bccf, org.springframework.test.context.support.DirtiesContextTestExecutionListener@299a0651, org.springframework.test.context.event.EventPublishingTestExecutionListener@4518e64]
10:27:49.312 [main] INFO  AbstractTestContextBootstrapper - Using TestExecutionListeners: [org.springframework.test.context.support.DirtiesContextBeforeModesTestExecutionListener@78cb15b9, org.springframework.test.context.event.ApplicationEventsTestExecutionListener@3f77cd24, org.springframework.test.context.support.DependencyInjectionTestExecutionListener@5408854f, org.springframework.test.context.support.DirtiesContextTestExecutionListener@7ca9c253, org.springframework.test.context.event.EventPublishingTestExecutionListener@5cef76a2]
10:27:49.339 [main] INFO  AbstractTestContextBootstrapper - Using TestExecutionListeners: [org.springframework.test.context.support.DirtiesContextBeforeModesTestExecutionListener@219acda9, org.springframework.test.context.event.ApplicationEventsTestExecutionListener@455e8356, org.springframework.test.context.support.DependencyInjectionTestExecutionListener@5b9037b6, org.springframework.test.context.support.DirtiesContextTestExecutionListener@6887e1d1, org.springframework.test.context.event.EventPublishingTestExecutionListener@1f878eed]
10:27:49.348 [main] INFO  AbstractTestContextBootstrapper - Using TestExecutionListeners: [org.springframework.test.context.support.DirtiesContextBeforeModesTestExecutionListener@13f4149d, org.springframework.test.context.event.ApplicationEventsTestExecutionListener@3f64a088, org.springframework.test.context.support.DependencyInjectionTestExecutionListener@557d9532, org.springframework.test.context.support.DirtiesContextTestExecutionListener@2bc3ab4d, org.springframework.test.context.event.EventPublishingTestExecutionListener@18a01254]
10:27:49.357 [main] INFO  AbstractTestContextBootstrapper - Using TestExecutionListeners: [org.springframework.test.context.support.DirtiesContextBeforeModesTestExecutionListener@58decd96, org.springframework.test.context.event.ApplicationEventsTestExecutionListener@67ee26af, org.springframework.test.context.support.DependencyInjectionTestExecutionListener@57cc535, org.springframework.test.context.support.DirtiesContextTestExecutionListener@41cc3795, org.springframework.test.context.event.EventPublishingTestExecutionListener@6f50f047]
10:27:49.366 [main] INFO  AbstractTestContextBootstrapper - Using TestExecutionListeners: [org.springframework.test.context.support.DirtiesContextBeforeModesTestExecutionListener@b230f87, org.springframework.test.context.event.ApplicationEventsTestExecutionListener@5b293cc9, org.springframework.test.context.support.DependencyInjectionTestExecutionListener@6c551798, org.springframework.test.context.support.DirtiesContextTestExecutionListener@18212778, org.springframework.test.context.event.EventPublishingTestExecutionListener@b6d5ccc]
10:27:49.375 [main] INFO  AbstractTestContextBootstrapper - Using TestExecutionListeners: [org.springframework.test.context.support.DirtiesContextBeforeModesTestExecutionListener@317e9cf5, org.springframework.test.context.event.ApplicationEventsTestExecutionListener@33a267f, org.springframework.test.context.support.DependencyInjectionTestExecutionListener@6a94ccde, org.springframework.test.context.support.DirtiesContextTestExecutionListener@7261773c, org.springframework.test.context.event.EventPublishingTestExecutionListener@37bdd4b1]
10:27:49.412 [main] INFO  AbstractTestContextBootstrapper - Using TestExecutionListeners: [org.springframework.test.context.support.DirtiesContextBeforeModesTestExecutionListener@6013565b, org.springframework.test.context.event.ApplicationEventsTestExecutionListener@250cb65a, org.springframework.test.context.support.DependencyInjectionTestExecutionListener@54eda0bb, org.springframework.test.context.support.DirtiesContextTestExecutionListener@41ad5874, org.springframework.test.context.event.EventPublishingTestExecutionListener@3bf66f94]
10:27:49.426 [main] INFO  AbstractTestContextBootstrapper - Using TestExecutionListeners: [org.springframework.test.context.support.DirtiesContextBeforeModesTestExecutionListener@27879b4e, org.springframework.test.context.event.ApplicationEventsTestExecutionListener@646599c6, org.springframework.test.context.support.DependencyInjectionTestExecutionListener@153e2f2f, org.springframework.test.context.support.DirtiesContextTestExecutionListener@4457e347, org.springframework.test.context.event.EventPublishingTestExecutionListener@5f914d68]
10:27:49.465 [main] INFO  AbstractTestContextBootstrapper - Using TestExecutionListeners: [org.springframework.test.context.support.DirtiesContextBeforeModesTestExecutionListener@70b5ea27, org.springframework.test.context.event.ApplicationEventsTestExecutionListener@44d8e130, org.springframework.test.context.support.DependencyInjectionTestExecutionListener@3d9188de, org.springframework.test.context.support.DirtiesContextTestExecutionListener@349ff599, org.springframework.test.context.event.EventPublishingTestExecutionListener@6ba4d5ff]
10:27:49.477 [main] INFO  AbstractTestContextBootstrapper - Using TestExecutionListeners: [org.springframework.test.context.support.DirtiesContextBeforeModesTestExecutionListener@30fc1d0c, org.springframework.test.context.event.ApplicationEventsTestExecutionListener@151ddfc6, org.springframework.test.context.support.DependencyInjectionTestExecutionListener@638d0527, org.springframework.test.context.support.DirtiesContextTestExecutionListener@e9f28, org.springframework.test.context.event.EventPublishingTestExecutionListener@50caf658]
10:27:52.132 [TestNG-test=Surefire test-1] INFO  AbstractTestContextBootstrapper - Neither @ContextConfiguration nor @ContextHierarchy found for test class [org.fluentlenium.adapter.testng.SpringTestNGControl], using DelegatingSmartContextLoader
10:27:52.133 [TestNG-test=Surefire test-1] INFO  AbstractContextLoader - Could not detect default resource locations for test class [org.fluentlenium.adapter.testng.SpringTestNGControl]: no resource found for suffixes {-context.xml}.
10:27:52.135 [TestNG-test=Surefire test-1] INFO  AnnotationConfigContextLoaderUtils - Could not detect default configuration classes for test class [org.fluentlenium.adapter.testng.SpringTestNGControl]: SpringTestNGControl does not declare any static, non-private, non-final, nested classes annotated with @Configuration.
10:27:52.137 [TestNG-test=Surefire test-1] INFO  AbstractTestContextBootstrapper - Using TestExecutionListeners: [org.springframework.test.context.support.DirtiesContextBeforeModesTestExecutionListener@69b136ce, org.springframework.test.context.event.ApplicationEventsTestExecutionListener@3d6b4bc3, org.springframework.test.context.support.DependencyInjectionTestExecutionListener@6388f315, org.springframework.test.context.support.DirtiesContextTestExecutionListener@453b56ba, org.springframework.test.context.event.EventPublishingTestExecutionListener@25dc1f95]
10:27:52.149 [TestNG-test=Surefire test-1] INFO  AbstractTestContextBootstrapper - Neither @ContextConfiguration nor @ContextHierarchy found for test class [org.fluentlenium.adapter.testng.SpringTestNGControl], using DelegatingSmartContextLoader
10:27:52.149 [TestNG-test=Surefire test-1] INFO  AbstractContextLoader - Could not detect default resource locations for test class [org.fluentlenium.adapter.testng.SpringTestNGControl]: no resource found for suffixes {-context.xml}.
10:27:52.149 [TestNG-test=Surefire test-1] INFO  AnnotationConfigContextLoaderUtils - Could not detect default configuration classes for test class [org.fluentlenium.adapter.testng.SpringTestNGControl]: SpringTestNGControl does not declare any static, non-private, non-final, nested classes annotated with @Configuration.
10:27:52.150 [TestNG-test=Surefire test-1] INFO  AbstractTestContextBootstrapper - Using TestExecutionListeners: [org.springframework.test.context.support.DirtiesContextBeforeModesTestExecutionListener@e73079d, org.springframework.test.context.event.ApplicationEventsTestExecutionListener@2f7d663a, org.springframework.test.context.support.DependencyInjectionTestExecutionListener@773423e7, org.springframework.test.context.support.DirtiesContextTestExecutionListener@3842f074, org.springframework.test.context.event.EventPublishingTestExecutionListener@2e9b570e]
10:27:52.156 [TestNG-test=Surefire test-1] INFO  AbstractTestContextBootstrapper - Neither @ContextConfiguration nor @ContextHierarchy found for test class [org.fluentlenium.adapter.testng.SpringTestNGControl], using DelegatingSmartContextLoader
10:27:52.157 [TestNG-test=Surefire test-1] INFO  AbstractContextLoader - Could not detect default resource locations for test class [org.fluentlenium.adapter.testng.SpringTestNGControl]: no resource found for suffixes {-context.xml}.
10:27:52.157 [TestNG-test=Surefire test-1] INFO  AnnotationConfigContextLoaderUtils - Could not detect default configuration classes for test class [org.fluentlenium.adapter.testng.SpringTestNGControl]: SpringTestNGControl does not declare any static, non-private, non-final, nested classes annotated with @Configuration.
10:27:52.158 [TestNG-test=Surefire test-1] INFO  AbstractTestContextBootstrapper - Using TestExecutionListeners: [org.springframework.test.context.support.DirtiesContextBeforeModesTestExecutionListener@59fa6884, org.springframework.test.context.event.ApplicationEventsTestExecutionListener@6cb444c2, org.springframework.test.context.support.DependencyInjectionTestExecutionListener@2d6e406b, org.springframework.test.context.support.DirtiesContextTestExecutionListener@32daaa83, org.springframework.test.context.event.EventPublishingTestExecutionListener@38ee5a14]
10:27:52.162 [TestNG-test=Surefire test-1] INFO  AbstractTestContextBootstrapper - Neither @ContextConfiguration nor @ContextHierarchy found for test class [org.fluentlenium.adapter.testng.SpringTestNGControl], using DelegatingSmartContextLoader
10:27:52.163 [TestNG-test=Surefire test-1] INFO  AbstractContextLoader - Could not detect default resource locations for test class [org.fluentlenium.adapter.testng.SpringTestNGControl]: no resource found for suffixes {-context.xml}.
10:27:52.163 [TestNG-test=Surefire test-1] INFO  AnnotationConfigContextLoaderUtils - Could not detect default configuration classes for test class [org.fluentlenium.adapter.testng.SpringTestNGControl]: SpringTestNGControl does not declare any static, non-private, non-final, nested classes annotated with @Configuration.
10:27:52.164 [TestNG-test=Surefire test-1] INFO  AbstractTestContextBootstrapper - Using TestExecutionListeners: [org.springframework.test.context.support.DirtiesContextBeforeModesTestExecutionListener@a7868a6, org.springframework.test.context.event.ApplicationEventsTestExecutionListener@68bb1140, org.springframework.test.context.support.DependencyInjectionTestExecutionListener@101660bc, org.springframework.test.context.support.DirtiesContextTestExecutionListener@5fa8d28e, org.springframework.test.context.event.EventPublishingTestExecutionListener@165cbc85]
10:27:52.166 [TestNG-test=Surefire test-1] INFO  AbstractTestContextBootstrapper - Neither @ContextConfiguration nor @ContextHierarchy found for test class [org.fluentlenium.adapter.testng.SpringTestNGControl], using DelegatingSmartContextLoader
10:27:52.167 [TestNG-test=Surefire test-1] INFO  AbstractContextLoader - Could not detect default resource locations for test class [org.fluentlenium.adapter.testng.SpringTestNGControl]: no resource found for suffixes {-context.xml}.
10:27:52.167 [TestNG-test=Surefire test-1] INFO  AnnotationConfigContextLoaderUtils - Could not detect default configuration classes for test class [org.fluentlenium.adapter.testng.SpringTestNGControl]: SpringTestNGControl does not declare any static, non-private, non-final, nested classes annotated with @Configuration.
10:27:52.168 [TestNG-test=Surefire test-1] INFO  AbstractTestContextBootstrapper - Using TestExecutionListeners: [org.springframework.test.context.support.DirtiesContextBeforeModesTestExecutionListener@66cb3ca1, org.springframework.test.context.event.ApplicationEventsTestExecutionListener@676abe80, org.springframework.test.context.support.DependencyInjectionTestExecutionListener@1be53931, org.springframework.test.context.support.DirtiesContextTestExecutionListener@782bf588, org.springframework.test.context.event.EventPublishingTestExecutionListener@473ae018]
10:27:52.170 [TestNG-test=Surefire test-1] INFO  AbstractTestContextBootstrapper - Neither @ContextConfiguration nor @ContextHierarchy found for test class [org.fluentlenium.adapter.testng.SpringTestNGControl], using DelegatingSmartContextLoader
10:27:52.171 [TestNG-test=Surefire test-1] INFO  AbstractContextLoader - Could not detect default resource locations for test class [org.fluentlenium.adapter.testng.SpringTestNGControl]: no resource found for suffixes {-context.xml}.
10:27:52.171 [TestNG-test=Surefire test-1] INFO  AnnotationConfigContextLoaderUtils - Could not detect default configuration classes for test class [org.fluentlenium.adapter.testng.SpringTestNGControl]: SpringTestNGControl does not declare any static, non-private, non-final, nested classes annotated with @Configuration.
10:27:52.172 [TestNG-test=Surefire test-1] INFO  AbstractTestContextBootstrapper - Using TestExecutionListeners: [org.springframework.test.context.support.DirtiesContextBeforeModesTestExecutionListener@48c662dc, org.springframework.test.context.event.ApplicationEventsTestExecutionListener@38945562, org.springframework.test.context.support.DependencyInjectionTestExecutionListener@2e2d2ba3, org.springframework.test.context.support.DirtiesContextTestExecutionListener@7d5989c9, org.springframework.test.context.event.EventPublishingTestExecutionListener@6f2d43c]
10:27:52.176 [TestNG-test=Surefire test-1] INFO  AbstractTestContextBootstrapper - Neither @ContextConfiguration nor @ContextHierarchy found for test class [org.fluentlenium.adapter.testng.SpringTestNGControl], using DelegatingSmartContextLoader
10:27:52.176 [TestNG-test=Surefire test-1] INFO  AbstractContextLoader - Could not detect default resource locations for test class [org.fluentlenium.adapter.testng.SpringTestNGControl]: no resource found for suffixes {-context.xml}.
10:27:52.176 [TestNG-test=Surefire test-1] INFO  AnnotationConfigContextLoaderUtils - Could not detect default configuration classes for test class [org.fluentlenium.adapter.testng.SpringTestNGControl]: SpringTestNGControl does not declare any static, non-private, non-final, nested classes annotated with @Configuration.
10:27:52.178 [TestNG-test=Surefire test-1] INFO  AbstractTestContextBootstrapper - Using TestExecutionListeners: [org.springframework.test.context.support.DirtiesContextBeforeModesTestExecutionListener@5bd5e7b5, org.springframework.test.context.event.ApplicationEventsTestExecutionListener@36021ae3, org.springframework.test.context.support.DependencyInjectionTestExecutionListener@52ae496b, org.springframework.test.context.support.DirtiesContextTestExecutionListener@1361dcad, org.springframework.test.context.event.EventPublishingTestExecutionListener@677d693b]
10:27:52.180 [TestNG-test=Surefire test-1] INFO  AbstractTestContextBootstrapper - Neither @ContextConfiguration nor @ContextHierarchy found for test class [org.fluentlenium.adapter.testng.SpringTestNGControl], using DelegatingSmartContextLoader
10:27:52.180 [TestNG-test=Surefire test-1] INFO  AbstractContextLoader - Could not detect default resource locations for test class [org.fluentlenium.adapter.testng.SpringTestNGControl]: no resource found for suffixes {-context.xml}.
10:27:52.180 [TestNG-test=Surefire test-1] INFO  AnnotationConfigContextLoaderUtils - Could not detect default configuration classes for test class [org.fluentlenium.adapter.testng.SpringTestNGControl]: SpringTestNGControl does not declare any static, non-private, non-final, nested classes annotated with @Configuration.
10:27:52.181 [TestNG-test=Surefire test-1] INFO  AbstractTestContextBootstrapper - Using TestExecutionListeners: [org.springframework.test.context.support.DirtiesContextBeforeModesTestExecutionListener@779e65de, org.springframework.test.context.event.ApplicationEventsTestExecutionListener@237ce529, org.springframework.test.context.support.DependencyInjectionTestExecutionListener@49938d98, org.springframework.test.context.support.DirtiesContextTestExecutionListener@140cf34a, org.springframework.test.context.event.EventPublishingTestExecutionListener@1038d480]
10:27:52.184 [TestNG-test=Surefire test-1] INFO  AbstractTestContextBootstrapper - Neither @ContextConfiguration nor @ContextHierarchy found for test class [org.fluentlenium.adapter.testng.SpringTestNGControl], using DelegatingSmartContextLoader
10:27:52.184 [TestNG-test=Surefire test-1] INFO  AbstractContextLoader - Could not detect default resource locations for test class [org.fluentlenium.adapter.testng.SpringTestNGControl]: no resource found for suffixes {-context.xml}.
10:27:52.184 [TestNG-test=Surefire test-1] INFO  AnnotationConfigContextLoaderUtils - Could not detect default configuration classes for test class [org.fluentlenium.adapter.testng.SpringTestNGControl]: SpringTestNGControl does not declare any static, non-private, non-final, nested classes annotated with @Configuration.
10:27:52.185 [TestNG-test=Surefire test-1] INFO  AbstractTestContextBootstrapper - Using TestExecutionListeners: [org.springframework.test.context.support.DirtiesContextBeforeModesTestExecutionListener@7513c25d, org.springframework.test.context.event.ApplicationEventsTestExecutionListener@20753e11, org.springframework.test.context.support.DependencyInjectionTestExecutionListener@3693f85c, org.springframework.test.context.support.DirtiesContextTestExecutionListener@68b0e154, org.springframework.test.context.event.EventPublishingTestExecutionListener@35ad735]
10:27:52.187 [TestNG-test=Surefire test-1] INFO  AbstractTestContextBootstrapper - Neither @ContextConfiguration nor @ContextHierarchy found for test class [org.fluentlenium.adapter.testng.SpringTestNGControl], using DelegatingSmartContextLoader
10:27:52.188 [TestNG-test=Surefire test-1] INFO  AbstractContextLoader - Could not detect default resource locations for test class [org.fluentlenium.adapter.testng.SpringTestNGControl]: no resource found for suffixes {-context.xml}.
10:27:52.188 [TestNG-test=Surefire test-1] INFO  AnnotationConfigContextLoaderUtils - Could not detect default configuration classes for test class [org.fluentlenium.adapter.testng.SpringTestNGControl]: SpringTestNGControl does not declare any static, non-private, non-final, nested classes annotated with @Configuration.
10:27:52.189 [TestNG-test=Surefire test-1] INFO  AbstractTestContextBootstrapper - Using TestExecutionListeners: [org.springframework.test.context.support.DirtiesContextBeforeModesTestExecutionListener@782d026, org.springframework.test.context.event.ApplicationEventsTestExecutionListener@47a8ee7f, org.springframework.test.context.support.DependencyInjectionTestExecutionListener@2ea3d8b, org.springframework.test.context.support.DirtiesContextTestExecutionListener@48de5d93, org.springframework.test.context.event.EventPublishingTestExecutionListener@594ca74e]
10:27:52.192 [TestNG-test=Surefire test-1] INFO  AbstractTestContextBootstrapper - Neither @ContextConfiguration nor @ContextHierarchy found for test class [org.fluentlenium.adapter.testng.SpringTestNGControl], using DelegatingSmartContextLoader
10:27:52.192 [TestNG-test=Surefire test-1] INFO  AbstractContextLoader - Could not detect default resource locations for test class [org.fluentlenium.adapter.testng.SpringTestNGControl]: no resource found for suffixes {-context.xml}.
10:27:52.192 [TestNG-test=Surefire test-1] INFO  AnnotationConfigContextLoaderUtils - Could not detect default configuration classes for test class [org.fluentlenium.adapter.testng.SpringTestNGControl]: SpringTestNGControl does not declare any static, non-private, non-final, nested classes annotated with @Configuration.
10:27:52.193 [TestNG-test=Surefire test-1] INFO  AbstractTestContextBootstrapper - Using TestExecutionListeners: [org.springframework.test.context.support.DirtiesContextBeforeModesTestExecutionListener@5b739608, org.springframework.test.context.event.ApplicationEventsTestExecutionListener@30b9aa92, org.springframework.test.context.support.DependencyInjectionTestExecutionListener@6186aa5b, org.springframework.test.context.support.DirtiesContextTestExecutionListener@7f976f9a, org.springframework.test.context.event.EventPublishingTestExecutionListener@381365b6]
10:27:52.196 [TestNG-test=Surefire test-1] INFO  AbstractTestContextBootstrapper - Neither @ContextConfiguration nor @ContextHierarchy found for test class [org.fluentlenium.adapter.testng.SpringTestNGControl], using DelegatingSmartContextLoader
10:27:52.196 [TestNG-test=Surefire test-1] INFO  AbstractContextLoader - Could not detect default resource locations for test class [org.fluentlenium.adapter.testng.SpringTestNGControl]: no resource found for suffixes {-context.xml}.
10:27:52.197 [TestNG-test=Surefire test-1] INFO  AnnotationConfigContextLoaderUtils - Could not detect default configuration classes for test class [org.fluentlenium.adapter.testng.SpringTestNGControl]: SpringTestNGControl does not declare any static, non-private, non-final, nested classes annotated with @Configuration.
10:27:52.198 [TestNG-test=Surefire test-1] INFO  AbstractTestContextBootstrapper - Using TestExecutionListeners: [org.springframework.test.context.support.DirtiesContextBeforeModesTestExecutionListener@656a3c6f, org.springframework.test.context.event.ApplicationEventsTestExecutionListener@3d913901, org.springframework.test.context.support.DependencyInjectionTestExecutionListener@12154a1f, org.springframework.test.context.support.DirtiesContextTestExecutionListener@5ce7bb5e, org.springframework.test.context.event.EventPublishingTestExecutionListener@68da7de9]
10:27:52.200 [TestNG-test=Surefire test-1] INFO  AbstractTestContextBootstrapper - Neither @ContextConfiguration nor @ContextHierarchy found for test class [org.fluentlenium.adapter.testng.SpringTestNGControl], using DelegatingSmartContextLoader
10:27:52.200 [TestNG-test=Surefire test-1] INFO  AbstractContextLoader - Could not detect default resource locations for test class [org.fluentlenium.adapter.testng.SpringTestNGControl]: no resource found for suffixes {-context.xml}.
10:27:52.200 [TestNG-test=Surefire test-1] INFO  AnnotationConfigContextLoaderUtils - Could not detect default configuration classes for test class [org.fluentlenium.adapter.testng.SpringTestNGControl]: SpringTestNGControl does not declare any static, non-private, non-final, nested classes annotated with @Configuration.
10:27:52.201 [TestNG-test=Surefire test-1] INFO  AbstractTestContextBootstrapper - Using TestExecutionListeners: [org.springframework.test.context.support.DirtiesContextBeforeModesTestExecutionListener@c079f1a, org.springframework.test.context.event.ApplicationEventsTestExecutionListener@4e3c31df, org.springframework.test.context.support.DependencyInjectionTestExecutionListener@68513dfe, org.springframework.test.context.support.DirtiesContextTestExecutionListener@60c7eccd, org.springframework.test.context.event.EventPublishingTestExecutionListener@50085080]
10:27:52.203 [TestNG-test=Surefire test-1] INFO  AbstractTestContextBootstrapper - Neither @ContextConfiguration nor @ContextHierarchy found for test class [org.fluentlenium.adapter.testng.SpringTestNGControl], using DelegatingSmartContextLoader
10:27:52.204 [TestNG-test=Surefire test-1] INFO  AbstractContextLoader - Could not detect default resource locations for test class [org.fluentlenium.adapter.testng.SpringTestNGControl]: no resource found for suffixes {-context.xml}.
10:27:52.204 [TestNG-test=Surefire test-1] INFO  AnnotationConfigContextLoaderUtils - Could not detect default configuration classes for test class [org.fluentlenium.adapter.testng.SpringTestNGControl]: SpringTestNGControl does not declare any static, non-private, non-final, nested classes annotated with @Configuration.
10:27:52.205 [TestNG-test=Surefire test-1] INFO  AbstractTestContextBootstrapper - Using TestExecutionListeners: [org.springframework.test.context.support.DirtiesContextBeforeModesTestExecutionListener@89d872e, org.springframework.test.context.event.ApplicationEventsTestExecutionListener@48a1e498, org.springframework.test.context.support.DependencyInjectionTestExecutionListener@47ae47c1, org.springframework.test.context.support.DirtiesContextTestExecutionListener@1f8465cd, org.springframework.test.context.event.EventPublishingTestExecutionListener@7b4425e4]
10:27:52.207 [TestNG-test=Surefire test-1] INFO  AbstractTestContextBootstrapper - Neither @ContextConfiguration nor @ContextHierarchy found for test class [org.fluentlenium.adapter.testng.SpringTestNGControl], using DelegatingSmartContextLoader
10:27:52.207 [TestNG-test=Surefire test-1] INFO  AbstractContextLoader - Could not detect default resource locations for test class [org.fluentlenium.adapter.testng.SpringTestNGControl]: no resource found for suffixes {-context.xml}.
10:27:52.207 [TestNG-test=Surefire test-1] INFO  AnnotationConfigContextLoaderUtils - Could not detect default configuration classes for test class [org.fluentlenium.adapter.testng.SpringTestNGControl]: SpringTestNGControl does not declare any static, non-private, non-final, nested classes annotated with @Configuration.
10:27:52.208 [TestNG-test=Surefire test-1] INFO  AbstractTestContextBootstrapper - Using TestExecutionListeners: [org.springframework.test.context.support.DirtiesContextBeforeModesTestExecutionListener@2210d1c, org.springframework.test.context.event.ApplicationEventsTestExecutionListener@43b2b5c7, org.springframework.test.context.support.DependencyInjectionTestExecutionListener@48a0a906, org.springframework.test.context.support.DirtiesContextTestExecutionListener@7af1487a, org.springframework.test.context.event.EventPublishingTestExecutionListener@70b2e3d5]
10:27:52.210 [TestNG-test=Surefire test-1] INFO  AbstractTestContextBootstrapper - Neither @ContextConfiguration nor @ContextHierarchy found for test class [org.fluentlenium.adapter.testng.SpringTestNGControl], using DelegatingSmartContextLoader
10:27:52.211 [TestNG-test=Surefire test-1] INFO  AbstractContextLoader - Could not detect default resource locations for test class [org.fluentlenium.adapter.testng.SpringTestNGControl]: no resource found for suffixes {-context.xml}.
10:27:52.211 [TestNG-test=Surefire test-1] INFO  AnnotationConfigContextLoaderUtils - Could not detect default configuration classes for test class [org.fluentlenium.adapter.testng.SpringTestNGControl]: SpringTestNGControl does not declare any static, non-private, non-final, nested classes annotated with @Configuration.
10:27:52.212 [TestNG-test=Surefire test-1] INFO  AbstractTestContextBootstrapper - Using TestExecutionListeners: [org.springframework.test.context.support.DirtiesContextBeforeModesTestExecutionListener@4328a55d, org.springframework.test.context.event.ApplicationEventsTestExecutionListener@1ead716e, org.springframework.test.context.support.DependencyInjectionTestExecutionListener@6ae609c7, org.springframework.test.context.support.DirtiesContextTestExecutionListener@60697e44, org.springframework.test.context.event.EventPublishingTestExecutionListener@66ed2d59]
10:27:52.214 [TestNG-test=Surefire test-1] INFO  AbstractTestContextBootstrapper - Neither @ContextConfiguration nor @ContextHierarchy found for test class [org.fluentlenium.adapter.testng.SpringTestNGControl], using DelegatingSmartContextLoader
10:27:52.215 [TestNG-test=Surefire test-1] INFO  AbstractContextLoader - Could not detect default resource locations for test class [org.fluentlenium.adapter.testng.SpringTestNGControl]: no resource found for suffixes {-context.xml}.
10:27:52.215 [TestNG-test=Surefire test-1] INFO  AnnotationConfigContextLoaderUtils - Could not detect default configuration classes for test class [org.fluentlenium.adapter.testng.SpringTestNGControl]: SpringTestNGControl does not declare any static, non-private, non-final, nested classes annotated with @Configuration.
10:27:52.216 [TestNG-test=Surefire test-1] INFO  AbstractTestContextBootstrapper - Using TestExecutionListeners: [org.springframework.test.context.support.DirtiesContextBeforeModesTestExecutionListener@5b7cfeb4, org.springframework.test.context.event.ApplicationEventsTestExecutionListener@1b616a88, org.springframework.test.context.support.DependencyInjectionTestExecutionListener@545642ed, org.springframework.test.context.support.DirtiesContextTestExecutionListener@45444001, org.springframework.test.context.event.EventPublishingTestExecutionListener@79f18f43]
10:27:52.218 [TestNG-test=Surefire test-1] INFO  AbstractTestContextBootstrapper - Neither @ContextConfiguration nor @ContextHierarchy found for test class [org.fluentlenium.adapter.testng.SpringTestNGControl], using DelegatingSmartContextLoader
10:27:52.218 [TestNG-test=Surefire test-1] INFO  AbstractContextLoader - Could not detect default resource locations for test class [org.fluentlenium.adapter.testng.SpringTestNGControl]: no resource found for suffixes {-context.xml}.
10:27:52.218 [TestNG-test=Surefire test-1] INFO  AnnotationConfigContextLoaderUtils - Could not detect default configuration classes for test class [org.fluentlenium.adapter.testng.SpringTestNGControl]: SpringTestNGControl does not declare any static, non-private, non-final, nested classes annotated with @Configuration.
10:27:52.219 [TestNG-test=Surefire test-1] INFO  AbstractTestContextBootstrapper - Using TestExecutionListeners: [org.springframework.test.context.support.DirtiesContextBeforeModesTestExecutionListener@2c1cc96, org.springframework.test.context.event.ApplicationEventsTestExecutionListener@5707535d, org.springframework.test.context.support.DependencyInjectionTestExecutionListener@62aa9e5d, org.springframework.test.context.support.DirtiesContextTestExecutionListener@5d3ce49d, org.springframework.test.context.event.EventPublishingTestExecutionListener@511536d0]
10:27:52.221 [TestNG-test=Surefire test-1] INFO  AbstractTestContextBootstrapper - Neither @ContextConfiguration nor @ContextHierarchy found for test class [org.fluentlenium.adapter.testng.SpringTestNGControl], using DelegatingSmartContextLoader
10:27:52.221 [TestNG-test=Surefire test-1] INFO  AbstractContextLoader - Could not detect default resource locations for test class [org.fluentlenium.adapter.testng.SpringTestNGControl]: no resource found for suffixes {-context.xml}.
10:27:52.222 [TestNG-test=Surefire test-1] INFO  AnnotationConfigContextLoaderUtils - Could not detect default configuration classes for test class [org.fluentlenium.adapter.testng.SpringTestNGControl]: SpringTestNGControl does not declare any static, non-private, non-final, nested classes annotated with @Configuration.
10:27:52.222 [TestNG-test=Surefire test-1] INFO  AbstractTestContextBootstrapper - Using TestExecutionListeners: [org.springframework.test.context.support.DirtiesContextBeforeModesTestExecutionListener@916f8b9, org.springframework.test.context.event.ApplicationEventsTestExecutionListener@3ebe07e3, org.springframework.test.context.support.DependencyInjectionTestExecutionListener@34a10174, org.springframework.test.context.support.DirtiesContextTestExecutionListener@2f2db68e, org.springframework.test.context.event.EventPublishingTestExecutionListener@114040e2]
10:27:52.224 [TestNG-test=Surefire test-1] INFO  AbstractTestContextBootstrapper - Neither @ContextConfiguration nor @ContextHierarchy found for test class [org.fluentlenium.adapter.testng.SpringTestNGControl], using DelegatingSmartContextLoader
10:27:52.224 [TestNG-test=Surefire test-1] INFO  AbstractContextLoader - Could not detect default resource locations for test class [org.fluentlenium.adapter.testng.SpringTestNGControl]: no resource found for suffixes {-context.xml}.
10:27:52.225 [TestNG-test=Surefire test-1] INFO  AnnotationConfigContextLoaderUtils - Could not detect default configuration classes for test class [org.fluentlenium.adapter.testng.SpringTestNGControl]: SpringTestNGControl does not declare any static, non-private, non-final, nested classes annotated with @Configuration.
10:27:52.225 [TestNG-test=Surefire test-1] INFO  AbstractTestContextBootstrapper - Using TestExecutionListeners: [org.springframework.test.context.support.DirtiesContextBeforeModesTestExecutionListener@4a39f1b6, org.springframework.test.context.event.ApplicationEventsTestExecutionListener@5f83aee3, org.springframework.test.context.support.DependencyInjectionTestExecutionListener@193cd400, org.springframework.test.context.support.DirtiesContextTestExecutionListener@fb03319, org.springframework.test.context.event.EventPublishingTestExecutionListener@a81d718]
10:27:52.227 [TestNG-test=Surefire test-1] INFO  AbstractTestContextBootstrapper - Neither @ContextConfiguration nor @ContextHierarchy found for test class [org.fluentlenium.adapter.testng.SpringTestNGControl], using DelegatingSmartContextLoader
10:27:52.227 [TestNG-test=Surefire test-1] INFO  AbstractContextLoader - Could not detect default resource locations for test class [org.fluentlenium.adapter.testng.SpringTestNGControl]: no resource found for suffixes {-context.xml}.
10:27:52.227 [TestNG-test=Surefire test-1] INFO  AnnotationConfigContextLoaderUtils - Could not detect default configuration classes for test class [org.fluentlenium.adapter.testng.SpringTestNGControl]: SpringTestNGControl does not declare any static, non-private, non-final, nested classes annotated with @Configuration.
10:27:52.228 [TestNG-test=Surefire test-1] INFO  AbstractTestContextBootstrapper - Using TestExecutionListeners: [org.springframework.test.context.support.DirtiesContextBeforeModesTestExecutionListener@3c2b5c6a, org.springframework.test.context.event.ApplicationEventsTestExecutionListener@6acfad4e, org.springframework.test.context.support.DependencyInjectionTestExecutionListener@6514ecd9, org.springframework.test.context.support.DirtiesContextTestExecutionListener@60ed0df1, org.springframework.test.context.event.EventPublishingTestExecutionListener@6c3c58a]
10:27:52.242 [TestNG-test=Surefire test-1] INFO  AbstractTestContextBootstrapper - Neither @ContextConfiguration nor @ContextHierarchy found for test class [org.fluentlenium.adapter.testng.SpringTestNGControl], using DelegatingSmartContextLoader
10:27:52.243 [TestNG-test=Surefire test-1] INFO  AbstractContextLoader - Could not detect default resource locations for test class [org.fluentlenium.adapter.testng.SpringTestNGControl]: no resource found for suffixes {-context.xml}.
10:27:52.243 [TestNG-test=Surefire test-1] INFO  AnnotationConfigContextLoaderUtils - Could not detect default configuration classes for test class [org.fluentlenium.adapter.testng.SpringTestNGControl]: SpringTestNGControl does not declare any static, non-private, non-final, nested classes annotated with @Configuration.
10:27:52.244 [TestNG-test=Surefire test-1] INFO  AbstractTestContextBootstrapper - Using TestExecutionListeners: [org.springframework.test.context.support.DirtiesContextBeforeModesTestExecutionListener@30542037, org.springframework.test.context.event.ApplicationEventsTestExecutionListener@7c7660b3, org.springframework.test.context.support.DependencyInjectionTestExecutionListener@2e1c2bb4, org.springframework.test.context.support.DirtiesContextTestExecutionListener@f410a9, org.springframework.test.context.event.EventPublishingTestExecutionListener@11b0cd18]
10:27:52.246 [TestNG-test=Surefire test-1] INFO  AbstractTestContextBootstrapper - Neither @ContextConfiguration nor @ContextHierarchy found for test class [org.fluentlenium.adapter.testng.SpringTestNGControl], using DelegatingSmartContextLoader
10:27:52.246 [TestNG-test=Surefire test-1] INFO  AbstractContextLoader - Could not detect default resource locations for test class [org.fluentlenium.adapter.testng.SpringTestNGControl]: no resource found for suffixes {-context.xml}.
10:27:52.246 [TestNG-test=Surefire test-1] INFO  AnnotationConfigContextLoaderUtils - Could not detect default configuration classes for test class [org.fluentlenium.adapter.testng.SpringTestNGControl]: SpringTestNGControl does not declare any static, non-private, non-final, nested classes annotated with @Configuration.
10:27:52.247 [TestNG-test=Surefire test-1] INFO  AbstractTestContextBootstrapper - Using TestExecutionListeners: [org.springframework.test.context.support.DirtiesContextBeforeModesTestExecutionListener@2254b77f, org.springframework.test.context.event.ApplicationEventsTestExecutionListener@9552da7, org.springframework.test.context.support.DependencyInjectionTestExecutionListener@704ad63, org.springframework.test.context.support.DirtiesContextTestExecutionListener@186b72b6, org.springframework.test.context.event.EventPublishingTestExecutionListener@1f03d18b]
10:27:52.249 [TestNG-test=Surefire test-1] INFO  AbstractTestContextBootstrapper - Neither @ContextConfiguration nor @ContextHierarchy found for test class [org.fluentlenium.adapter.testng.SpringTestNGControl], using DelegatingSmartContextLoader
10:27:52.250 [TestNG-test=Surefire test-1] INFO  AbstractContextLoader - Could not detect default resource locations for test class [org.fluentlenium.adapter.testng.SpringTestNGControl]: no resource found for suffixes {-context.xml}.
10:27:52.250 [TestNG-test=Surefire test-1] INFO  AnnotationConfigContextLoaderUtils - Could not detect default configuration classes for test class [org.fluentlenium.adapter.testng.SpringTestNGControl]: SpringTestNGControl does not declare any static, non-private, non-final, nested classes annotated with @Configuration.
10:27:52.251 [TestNG-test=Surefire test-1] INFO  AbstractTestContextBootstrapper - Using TestExecutionListeners: [org.springframework.test.context.support.DirtiesContextBeforeModesTestExecutionListener@6ae10e84, org.springframework.test.context.event.ApplicationEventsTestExecutionListener@5fa6114, org.springframework.test.context.support.DependencyInjectionTestExecutionListener@1be6a825, org.springframework.test.context.support.DirtiesContextTestExecutionListener@267bdf1, org.springframework.test.context.event.EventPublishingTestExecutionListener@60100617]
10:27:52.253 [TestNG-test=Surefire test-1] INFO  AbstractTestContextBootstrapper - Neither @ContextConfiguration nor @ContextHierarchy found for test class [org.fluentlenium.adapter.testng.SpringTestNGControl], using DelegatingSmartContextLoader
10:27:52.253 [TestNG-test=Surefire test-1] INFO  AbstractContextLoader - Could not detect default resource locations for test class [org.fluentlenium.adapter.testng.SpringTestNGControl]: no resource found for suffixes {-context.xml}.
10:27:52.253 [TestNG-test=Surefire test-1] INFO  AnnotationConfigContextLoaderUtils - Could not detect default configuration classes for test class [org.fluentlenium.adapter.testng.SpringTestNGControl]: SpringTestNGControl does not declare any static, non-private, non-final, nested classes annotated with @Configuration.
10:27:52.254 [TestNG-test=Surefire test-1] INFO  AbstractTestContextBootstrapper - Using TestExecutionListeners: [org.springframework.test.context.support.DirtiesContextBeforeModesTestExecutionListener@8feb6d4, org.springframework.test.context.event.ApplicationEventsTestExecutionListener@16afdb63, org.springframework.test.context.support.DependencyInjectionTestExecutionListener@4ff4f083, org.springframework.test.context.support.DirtiesContextTestExecutionListener@4cc9e994, org.springframework.test.context.event.EventPublishingTestExecutionListener@31fcbecf]
10:27:52.256 [TestNG-test=Surefire test-1] INFO  AbstractTestContextBootstrapper - Neither @ContextConfiguration nor @ContextHierarchy found for test class [org.fluentlenium.adapter.testng.SpringTestNGControl], using DelegatingSmartContextLoader
10:27:52.257 [TestNG-test=Surefire test-1] INFO  AbstractContextLoader - Could not detect default resource locations for test class [org.fluentlenium.adapter.testng.SpringTestNGControl]: no resource found for suffixes {-context.xml}.
10:27:52.257 [TestNG-test=Surefire test-1] INFO  AnnotationConfigContextLoaderUtils - Could not detect default configuration classes for test class [org.fluentlenium.adapter.testng.SpringTestNGControl]: SpringTestNGControl does not declare any static, non-private, non-final, nested classes annotated with @Configuration.
10:27:52.258 [TestNG-test=Surefire test-1] INFO  AbstractTestContextBootstrapper - Using TestExecutionListeners: [org.springframework.test.context.support.DirtiesContextBeforeModesTestExecutionListener@24a99e67, org.springframework.test.context.event.ApplicationEventsTestExecutionListener@18a98e25, org.springframework.test.context.support.DependencyInjectionTestExecutionListener@b9a4728, org.springframework.test.context.support.DirtiesContextTestExecutionListener@54a7e19f, org.springframework.test.context.event.EventPublishingTestExecutionListener@3c9517ca]
10:27:52.260 [TestNG-test=Surefire test-1] INFO  AbstractTestContextBootstrapper - Neither @ContextConfiguration nor @ContextHierarchy found for test class [org.fluentlenium.adapter.testng.SpringTestNGControl], using DelegatingSmartContextLoader
10:27:52.260 [TestNG-test=Surefire test-1] INFO  AbstractContextLoader - Could not detect default resource locations for test class [org.fluentlenium.adapter.testng.SpringTestNGControl]: no resource found for suffixes {-context.xml}.
10:27:52.260 [TestNG-test=Surefire test-1] INFO  AnnotationConfigContextLoaderUtils - Could not detect default configuration classes for test class [org.fluentlenium.adapter.testng.SpringTestNGControl]: SpringTestNGControl does not declare any static, non-private, non-final, nested classes annotated with @Configuration.
10:27:52.261 [TestNG-test=Surefire test-1] INFO  AbstractTestContextBootstrapper - Using TestExecutionListeners: [org.springframework.test.context.support.DirtiesContextBeforeModesTestExecutionListener@2e3ddd01, org.springframework.test.context.event.ApplicationEventsTestExecutionListener@3573e0f0, org.springframework.test.context.support.DependencyInjectionTestExecutionListener@2aefaf85, org.springframework.test.context.support.DirtiesContextTestExecutionListener@1bf83f92, org.springframework.test.context.event.EventPublishingTestExecutionListener@5bed3c39]
10:27:52.263 [TestNG-test=Surefire test-1] INFO  AbstractTestContextBootstrapper - Neither @ContextConfiguration nor @ContextHierarchy found for test class [org.fluentlenium.adapter.testng.SpringTestNGControl], using DelegatingSmartContextLoader
10:27:52.263 [TestNG-test=Surefire test-1] INFO  AbstractContextLoader - Could not detect default resource locations for test class [org.fluentlenium.adapter.testng.SpringTestNGControl]: no resource found for suffixes {-context.xml}.
10:27:52.263 [TestNG-test=Surefire test-1] INFO  AnnotationConfigContextLoaderUtils - Could not detect default configuration classes for test class [org.fluentlenium.adapter.testng.SpringTestNGControl]: SpringTestNGControl does not declare any static, non-private, non-final, nested classes annotated with @Configuration.
10:27:52.264 [TestNG-test=Surefire test-1] INFO  AbstractTestContextBootstrapper - Using TestExecutionListeners: [org.springframework.test.context.support.DirtiesContextBeforeModesTestExecutionListener@1aa8773f, org.springframework.test.context.event.ApplicationEventsTestExecutionListener@ee0cd92, org.springframework.test.context.support.DependencyInjectionTestExecutionListener@33b061ec, org.springframework.test.context.support.DirtiesContextTestExecutionListener@79c6e703, org.springframework.test.context.event.EventPublishingTestExecutionListener@208e668b]
10:27:52.266 [TestNG-test=Surefire test-1] INFO  AbstractTestContextBootstrapper - Neither @ContextConfiguration nor @ContextHierarchy found for test class [org.fluentlenium.adapter.testng.SpringTestNGControl], using DelegatingSmartContextLoader
10:27:52.266 [TestNG-test=Surefire test-1] INFO  AbstractContextLoader - Could not detect default resource locations for test class [org.fluentlenium.adapter.testng.SpringTestNGControl]: no resource found for suffixes {-context.xml}.
10:27:52.266 [TestNG-test=Surefire test-1] INFO  AnnotationConfigContextLoaderUtils - Could not detect default configuration classes for test class [org.fluentlenium.adapter.testng.SpringTestNGControl]: SpringTestNGControl does not declare any static, non-private, non-final, nested classes annotated with @Configuration.
10:27:52.267 [TestNG-test=Surefire test-1] INFO  AbstractTestContextBootstrapper - Using TestExecutionListeners: [org.springframework.test.context.support.DirtiesContextBeforeModesTestExecutionListener@215a386c, org.springframework.test.context.event.ApplicationEventsTestExecutionListener@3eefed41, org.springframework.test.context.support.DependencyInjectionTestExecutionListener@2a333844, org.springframework.test.context.support.DirtiesContextTestExecutionListener@1b9b8121, org.springframework.test.context.event.EventPublishingTestExecutionListener@6bf24366]
10:27:52.269 [TestNG-test=Surefire test-1] INFO  AbstractTestContextBootstrapper - Neither @ContextConfiguration nor @ContextHierarchy found for test class [org.fluentlenium.adapter.testng.SpringTestNGControl], using DelegatingSmartContextLoader
10:27:52.269 [TestNG-test=Surefire test-1] INFO  AbstractContextLoader - Could not detect default resource locations for test class [org.fluentlenium.adapter.testng.SpringTestNGControl]: no resource found for suffixes {-context.xml}.
10:27:52.269 [TestNG-test=Surefire test-1] INFO  AnnotationConfigContextLoaderUtils - Could not detect default configuration classes for test class [org.fluentlenium.adapter.testng.SpringTestNGControl]: SpringTestNGControl does not declare any static, non-private, non-final, nested classes annotated with @Configuration.
10:27:52.270 [TestNG-test=Surefire test-1] INFO  AbstractTestContextBootstrapper - Using TestExecutionListeners: [org.springframework.test.context.support.DirtiesContextBeforeModesTestExecutionListener@4179152a, org.springframework.test.context.event.ApplicationEventsTestExecutionListener@775c539c, org.springframework.test.context.support.DependencyInjectionTestExecutionListener@794d715, org.springframework.test.context.support.DirtiesContextTestExecutionListener@21361008, org.springframework.test.context.event.EventPublishingTestExecutionListener@28ef9141]
10:27:52.272 [TestNG-test=Surefire test-1] INFO  AbstractTestContextBootstrapper - Neither @ContextConfiguration nor @ContextHierarchy found for test class [org.fluentlenium.adapter.testng.SpringTestNGControl], using DelegatingSmartContextLoader
10:27:52.272 [TestNG-test=Surefire test-1] INFO  AbstractContextLoader - Could not detect default resource locations for test class [org.fluentlenium.adapter.testng.SpringTestNGControl]: no resource found for suffixes {-context.xml}.
10:27:52.272 [TestNG-test=Surefire test-1] INFO  AnnotationConfigContextLoaderUtils - Could not detect default configuration classes for test class [org.fluentlenium.adapter.testng.SpringTestNGControl]: SpringTestNGControl does not declare any static, non-private, non-final, nested classes annotated with @Configuration.
10:27:52.273 [TestNG-test=Surefire test-1] INFO  AbstractTestContextBootstrapper - Using TestExecutionListeners: [org.springframework.test.context.support.DirtiesContextBeforeModesTestExecutionListener@2e614ad7, org.springframework.test.context.event.ApplicationEventsTestExecutionListener@478fec7c, org.springframework.test.context.support.DependencyInjectionTestExecutionListener@79ba247a, org.springframework.test.context.support.DirtiesContextTestExecutionListener@51f06049, org.springframework.test.context.event.EventPublishingTestExecutionListener@7563af52]
10:27:52.275 [TestNG-test=Surefire test-1] INFO  AbstractTestContextBootstrapper - Neither @ContextConfiguration nor @ContextHierarchy found for test class [org.fluentlenium.adapter.testng.SpringTestNGControl], using DelegatingSmartContextLoader
10:27:52.275 [TestNG-test=Surefire test-1] INFO  AbstractContextLoader - Could not detect default resource locations for test class [org.fluentlenium.adapter.testng.SpringTestNGControl]: no resource found for suffixes {-context.xml}.
10:27:52.275 [TestNG-test=Surefire test-1] INFO  AnnotationConfigContextLoaderUtils - Could not detect default configuration classes for test class [org.fluentlenium.adapter.testng.SpringTestNGControl]: SpringTestNGControl does not declare any static, non-private, non-final, nested classes annotated with @Configuration.
10:27:52.276 [TestNG-test=Surefire test-1] INFO  AbstractTestContextBootstrapper - Using TestExecutionListeners: [org.springframework.test.context.support.DirtiesContextBeforeModesTestExecutionListener@7d489226, org.springframework.test.context.event.ApplicationEventsTestExecutionListener@666e6d97, org.springframework.test.context.support.DependencyInjectionTestExecutionListener@2d0e5472, org.springframework.test.context.support.DirtiesContextTestExecutionListener@11b87216, org.springframework.test.context.event.EventPublishingTestExecutionListener@28d80ba5]
10:27:52.277 [TestNG-test=Surefire test-1] INFO  AbstractTestContextBootstrapper - Neither @ContextConfiguration nor @ContextHierarchy found for test class [org.fluentlenium.adapter.testng.SpringTestNGControl], using DelegatingSmartContextLoader
10:27:52.278 [TestNG-test=Surefire test-1] INFO  AbstractContextLoader - Could not detect default resource locations for test class [org.fluentlenium.adapter.testng.SpringTestNGControl]: no resource found for suffixes {-context.xml}.
10:27:52.278 [TestNG-test=Surefire test-1] INFO  AnnotationConfigContextLoaderUtils - Could not detect default configuration classes for test class [org.fluentlenium.adapter.testng.SpringTestNGControl]: SpringTestNGControl does not declare any static, non-private, non-final, nested classes annotated with @Configuration.
10:27:52.279 [TestNG-test=Surefire test-1] INFO  AbstractTestContextBootstrapper - Using TestExecutionListeners: [org.springframework.test.context.support.DirtiesContextBeforeModesTestExecutionListener@4287a72b, org.springframework.test.context.event.ApplicationEventsTestExecutionListener@5a67cd69, org.springframework.test.context.support.DependencyInjectionTestExecutionListener@88cdbc8, org.springframework.test.context.support.DirtiesContextTestExecutionListener@57474bb7, org.springframework.test.context.event.EventPublishingTestExecutionListener@2806108b]
10:27:52.280 [TestNG-test=Surefire test-1] INFO  AbstractTestContextBootstrapper - Neither @ContextConfiguration nor @ContextHierarchy found for test class [org.fluentlenium.adapter.testng.SpringTestNGControl], using DelegatingSmartContextLoader
10:27:52.281 [TestNG-test=Surefire test-1] INFO  AbstractContextLoader - Could not detect default resource locations for test class [org.fluentlenium.adapter.testng.SpringTestNGControl]: no resource found for suffixes {-context.xml}.
10:27:52.281 [TestNG-test=Surefire test-1] INFO  AnnotationConfigContextLoaderUtils - Could not detect default configuration classes for test class [org.fluentlenium.adapter.testng.SpringTestNGControl]: SpringTestNGControl does not declare any static, non-private, non-final, nested classes annotated with @Configuration.
10:27:52.282 [TestNG-test=Surefire test-1] INFO  AbstractTestContextBootstrapper - Using TestExecutionListeners: [org.springframework.test.context.support.DirtiesContextBeforeModesTestExecutionListener@8dd4b5a, org.springframework.test.context.event.ApplicationEventsTestExecutionListener@1a86184f, org.springframework.test.context.support.DependencyInjectionTestExecutionListener@4e4ed7ae, org.springframework.test.context.support.DirtiesContextTestExecutionListener@2a2ec2aa, org.springframework.test.context.event.EventPublishingTestExecutionListener@484bcb2e]
10:27:52.283 [TestNG-test=Surefire test-1] INFO  AbstractTestContextBootstrapper - Neither @ContextConfiguration nor @ContextHierarchy found for test class [org.fluentlenium.adapter.testng.SpringTestNGControl], using DelegatingSmartContextLoader
10:27:52.283 [TestNG-test=Surefire test-1] INFO  AbstractContextLoader - Could not detect default resource locations for test class [org.fluentlenium.adapter.testng.SpringTestNGControl]: no resource found for suffixes {-context.xml}.
10:27:52.284 [TestNG-test=Surefire test-1] INFO  AnnotationConfigContextLoaderUtils - Could not detect default configuration classes for test class [org.fluentlenium.adapter.testng.SpringTestNGControl]: SpringTestNGControl does not declare any static, non-private, non-final, nested classes annotated with @Configuration.
10:27:52.284 [TestNG-test=Surefire test-1] INFO  AbstractTestContextBootstrapper - Using TestExecutionListeners: [org.springframework.test.context.support.DirtiesContextBeforeModesTestExecutionListener@7a2c9876, org.springframework.test.context.event.ApplicationEventsTestExecutionListener@38a1033c, org.springframework.test.context.support.DependencyInjectionTestExecutionListener@2be085b5, org.springframework.test.context.support.DirtiesContextTestExecutionListener@54754a65, org.springframework.test.context.event.EventPublishingTestExecutionListener@4a0487b5]
10:27:52.286 [TestNG-test=Surefire test-1] INFO  AbstractTestContextBootstrapper - Neither @ContextConfiguration nor @ContextHierarchy found for test class [org.fluentlenium.adapter.testng.SpringTestNGControl], using DelegatingSmartContextLoader
10:27:52.287 [TestNG-test=Surefire test-1] INFO  AbstractContextLoader - Could not detect default resource locations for test class [org.fluentlenium.adapter.testng.SpringTestNGControl]: no resource found for suffixes {-context.xml}.
10:27:52.287 [TestNG-test=Surefire test-1] INFO  AnnotationConfigContextLoaderUtils - Could not detect default configuration classes for test class [org.fluentlenium.adapter.testng.SpringTestNGControl]: SpringTestNGControl does not declare any static, non-private, non-final, nested classes annotated with @Configuration.
10:27:52.287 [TestNG-test=Surefire test-1] INFO  AbstractTestContextBootstrapper - Using TestExecutionListeners: [org.springframework.test.context.support.DirtiesContextBeforeModesTestExecutionListener@a576629, org.springframework.test.context.event.ApplicationEventsTestExecutionListener@159e16cb, org.springframework.test.context.support.DependencyInjectionTestExecutionListener@72e2b3db, org.springframework.test.context.support.DirtiesContextTestExecutionListener@74afbfae, org.springframework.test.context.event.EventPublishingTestExecutionListener@4578f93c]
10:27:52.414 [TestNG-test=Surefire test-1] INFO  AbstractTestContextBootstrapper - Neither @ContextConfiguration nor @ContextHierarchy found for test class [org.fluentlenium.adapter.testng.SpringTestNGControl], using DelegatingSmartContextLoader
10:27:52.414 [TestNG-test=Surefire test-1] INFO  AbstractContextLoader - Could not detect default resource locations for test class [org.fluentlenium.adapter.testng.SpringTestNGControl]: no resource found for suffixes {-context.xml}.
10:27:52.414 [TestNG-test=Surefire test-1] INFO  AnnotationConfigContextLoaderUtils - Could not detect default configuration classes for test class [org.fluentlenium.adapter.testng.SpringTestNGControl]: SpringTestNGControl does not declare any static, non-private, non-final, nested classes annotated with @Configuration.
10:27:52.415 [TestNG-test=Surefire test-1] INFO  AbstractTestContextBootstrapper - Using TestExecutionListeners: [org.springframework.test.context.support.DirtiesContextBeforeModesTestExecutionListener@1ba0a38e, org.springframework.test.context.event.ApplicationEventsTestExecutionListener@c75579f, org.springframework.test.context.support.DependencyInjectionTestExecutionListener@7b3e2573, org.springframework.test.context.support.DirtiesContextTestExecutionListener@3a50035b, org.springframework.test.context.event.EventPublishingTestExecutionListener@24727b4c]
10:27:52.418 [TestNG-test=Surefire test-1] INFO  AbstractTestContextBootstrapper - Neither @ContextConfiguration nor @ContextHierarchy found for test class [org.fluentlenium.adapter.testng.SpringTestNGControl], using DelegatingSmartContextLoader
10:27:52.418 [TestNG-test=Surefire test-1] INFO  AbstractContextLoader - Could not detect default resource locations for test class [org.fluentlenium.adapter.testng.SpringTestNGControl]: no resource found for suffixes {-context.xml}.
10:27:52.418 [TestNG-test=Surefire test-1] INFO  AnnotationConfigContextLoaderUtils - Could not detect default configuration classes for test class [org.fluentlenium.adapter.testng.SpringTestNGControl]: SpringTestNGControl does not declare any static, non-private, non-final, nested classes annotated with @Configuration.
10:27:52.419 [TestNG-test=Surefire test-1] INFO  AbstractTestContextBootstrapper - Using TestExecutionListeners: [org.springframework.test.context.support.DirtiesContextBeforeModesTestExecutionListener@1ce0587d, org.springframework.test.context.event.ApplicationEventsTestExecutionListener@6954bba6, org.springframework.test.context.support.DependencyInjectionTestExecutionListener@2e22d155, org.springframework.test.context.support.DirtiesContextTestExecutionListener@3cf062fa, org.springframework.test.context.event.EventPublishingTestExecutionListener@224de6a9]
10:27:52.422 [TestNG-test=Surefire test-1] INFO  AbstractTestContextBootstrapper - Neither @ContextConfiguration nor @ContextHierarchy found for test class [org.fluentlenium.adapter.testng.SpringTestNGControl], using DelegatingSmartContextLoader
10:27:52.422 [TestNG-test=Surefire test-1] INFO  AbstractContextLoader - Could not detect default resource locations for test class [org.fluentlenium.adapter.testng.SpringTestNGControl]: no resource found for suffixes {-context.xml}.
10:27:52.422 [TestNG-test=Surefire test-1] INFO  AnnotationConfigContextLoaderUtils - Could not detect default configuration classes for test class [org.fluentlenium.adapter.testng.SpringTestNGControl]: SpringTestNGControl does not declare any static, non-private, non-final, nested classes annotated with @Configuration.
10:27:52.423 [TestNG-test=Surefire test-1] INFO  AbstractTestContextBootstrapper - Using TestExecutionListeners: [org.springframework.test.context.support.DirtiesContextBeforeModesTestExecutionListener@1739de4d, org.springframework.test.context.event.ApplicationEventsTestExecutionListener@69635e23, org.springframework.test.context.support.DependencyInjectionTestExecutionListener@45b70d25, org.springframework.test.context.support.DirtiesContextTestExecutionListener@4811c3cd, org.springframework.test.context.event.EventPublishingTestExecutionListener@1103a734]
10:27:52.430 [TestNG-test=Surefire test-1] INFO  AbstractTestContextBootstrapper - Neither @ContextConfiguration nor @ContextHierarchy found for test class [org.fluentlenium.adapter.testng.SpringTestNGControl], using DelegatingSmartContextLoader
10:27:52.430 [TestNG-test=Surefire test-1] INFO  AbstractContextLoader - Could not detect default resource locations for test class [org.fluentlenium.adapter.testng.SpringTestNGControl]: no resource found for suffixes {-context.xml}.
10:27:52.430 [TestNG-test=Surefire test-1] INFO  AnnotationConfigContextLoaderUtils - Could not detect default configuration classes for test class [org.fluentlenium.adapter.testng.SpringTestNGControl]: SpringTestNGControl does not declare any static, non-private, non-final, nested classes annotated with @Configuration.
10:27:52.431 [TestNG-test=Surefire test-1] INFO  AbstractTestContextBootstrapper - Using TestExecutionListeners: [org.springframework.test.context.support.DirtiesContextBeforeModesTestExecutionListener@86d991, org.springframework.test.context.event.ApplicationEventsTestExecutionListener@333708f3, org.springframework.test.context.support.DependencyInjectionTestExecutionListener@24fe280a, org.springframework.test.context.support.DirtiesContextTestExecutionListener@5d1de2f2, org.springframework.test.context.event.EventPublishingTestExecutionListener@6b61f291]
10:27:52.433 [TestNG-test=Surefire test-1] INFO  AbstractTestContextBootstrapper - Neither @ContextConfiguration nor @ContextHierarchy found for test class [org.fluentlenium.adapter.testng.SpringTestNGControl], using DelegatingSmartContextLoader
10:27:52.434 [TestNG-test=Surefire test-1] INFO  AbstractContextLoader - Could not detect default resource locations for test class [org.fluentlenium.adapter.testng.SpringTestNGControl]: no resource found for suffixes {-context.xml}.
10:27:52.434 [TestNG-test=Surefire test-1] INFO  AnnotationConfigContextLoaderUtils - Could not detect default configuration classes for test class [org.fluentlenium.adapter.testng.SpringTestNGControl]: SpringTestNGControl does not declare any static, non-private, non-final, nested classes annotated with @Configuration.
10:27:52.435 [TestNG-test=Surefire test-1] INFO  AbstractTestContextBootstrapper - Using TestExecutionListeners: [org.springframework.test.context.support.DirtiesContextBeforeModesTestExecutionListener@5ee81b07, org.springframework.test.context.event.ApplicationEventsTestExecutionListener@56624dbd, org.springframework.test.context.support.DependencyInjectionTestExecutionListener@7d3154ea, org.springframework.test.context.support.DirtiesContextTestExecutionListener@711d8bcc, org.springframework.test.context.event.EventPublishingTestExecutionListener@6fb386cb]
10:27:52.436 [TestNG-test=Surefire test-1] INFO  AbstractTestContextBootstrapper - Neither @ContextConfiguration nor @ContextHierarchy found for test class [org.fluentlenium.adapter.testng.SpringTestNGControl], using DelegatingSmartContextLoader
10:27:52.437 [TestNG-test=Surefire test-1] INFO  AbstractContextLoader - Could not detect default resource locations for test class [org.fluentlenium.adapter.testng.SpringTestNGControl]: no resource found for suffixes {-context.xml}.
10:27:52.437 [TestNG-test=Surefire test-1] INFO  AnnotationConfigContextLoaderUtils - Could not detect default configuration classes for test class [org.fluentlenium.adapter.testng.SpringTestNGControl]: SpringTestNGControl does not declare any static, non-private, non-final, nested classes annotated with @Configuration.
10:27:52.438 [TestNG-test=Surefire test-1] INFO  AbstractTestContextBootstrapper - Using TestExecutionListeners: [org.springframework.test.context.support.DirtiesContextBeforeModesTestExecutionListener@3a8b4c38, org.springframework.test.context.event.ApplicationEventsTestExecutionListener@722ed1b7, org.springframework.test.context.support.DependencyInjectionTestExecutionListener@6ee9896, org.springframework.test.context.support.DirtiesContextTestExecutionListener@4be0ec66, org.springframework.test.context.event.EventPublishingTestExecutionListener@2b6a93ae]
10:27:52.441 [TestNG-test=Surefire test-1] INFO  AbstractTestContextBootstrapper - Neither @ContextConfiguration nor @ContextHierarchy found for test class [org.fluentlenium.adapter.testng.SpringTestNGControl], using DelegatingSmartContextLoader
10:27:52.441 [TestNG-test=Surefire test-1] INFO  AbstractContextLoader - Could not detect default resource locations for test class [org.fluentlenium.adapter.testng.SpringTestNGControl]: no resource found for suffixes {-context.xml}.
10:27:52.441 [TestNG-test=Surefire test-1] INFO  AnnotationConfigContextLoaderUtils - Could not detect default configuration classes for test class [org.fluentlenium.adapter.testng.SpringTestNGControl]: SpringTestNGControl does not declare any static, non-private, non-final, nested classes annotated with @Configuration.
10:27:52.442 [TestNG-test=Surefire test-1] INFO  AbstractTestContextBootstrapper - Using TestExecutionListeners: [org.springframework.test.context.support.DirtiesContextBeforeModesTestExecutionListener@70782ad7, org.springframework.test.context.event.ApplicationEventsTestExecutionListener@31af3883, org.springframework.test.context.support.DependencyInjectionTestExecutionListener@1805dcdd, org.springframework.test.context.support.DirtiesContextTestExecutionListener@798bdaf4, org.springframework.test.context.event.EventPublishingTestExecutionListener@48947980]
10:27:52.444 [TestNG-test=Surefire test-1] INFO  AbstractTestContextBootstrapper - Neither @ContextConfiguration nor @ContextHierarchy found for test class [org.fluentlenium.adapter.testng.SpringTestNGControl], using DelegatingSmartContextLoader
10:27:52.444 [TestNG-test=Surefire test-1] INFO  AbstractContextLoader - Could not detect default resource locations for test class [org.fluentlenium.adapter.testng.SpringTestNGControl]: no resource found for suffixes {-context.xml}.
10:27:52.444 [TestNG-test=Surefire test-1] INFO  AnnotationConfigContextLoaderUtils - Could not detect default configuration classes for test class [org.fluentlenium.adapter.testng.SpringTestNGControl]: SpringTestNGControl does not declare any static, non-private, non-final, nested classes annotated with @Configuration.
10:27:52.446 [TestNG-test=Surefire test-1] INFO  AbstractTestContextBootstrapper - Using TestExecutionListeners: [org.springframework.test.context.support.DirtiesContextBeforeModesTestExecutionListener@5f91eac2, org.springframework.test.context.event.ApplicationEventsTestExecutionListener@1e42b3df, org.springframework.test.context.support.DependencyInjectionTestExecutionListener@36f3922a, org.springframework.test.context.support.DirtiesContextTestExecutionListener@1f6c9117, org.springframework.test.context.event.EventPublishingTestExecutionListener@4f7bbfc2]
10:27:52.449 [TestNG-test=Surefire test-1] INFO  AbstractTestContextBootstrapper - Neither @ContextConfiguration nor @ContextHierarchy found for test class [org.fluentlenium.adapter.testng.SpringTestNGControl], using DelegatingSmartContextLoader
10:27:52.449 [TestNG-test=Surefire test-1] INFO  AbstractContextLoader - Could not detect default resource locations for test class [org.fluentlenium.adapter.testng.SpringTestNGControl]: no resource found for suffixes {-context.xml}.
10:27:52.449 [TestNG-test=Surefire test-1] INFO  AnnotationConfigContextLoaderUtils - Could not detect default configuration classes for test class [org.fluentlenium.adapter.testng.SpringTestNGControl]: SpringTestNGControl does not declare any static, non-private, non-final, nested classes annotated with @Configuration.
10:27:52.450 [TestNG-test=Surefire test-1] INFO  AbstractTestContextBootstrapper - Using TestExecutionListeners: [org.springframework.test.context.support.DirtiesContextBeforeModesTestExecutionListener@348edbb9, org.springframework.test.context.event.ApplicationEventsTestExecutionListener@30e682b9, org.springframework.test.context.support.DependencyInjectionTestExecutionListener@24077512, org.springframework.test.context.support.DirtiesContextTestExecutionListener@245d2247, org.springframework.test.context.event.EventPublishingTestExecutionListener@664c6666]
10:27:52.451 [TestNG-test=Surefire test-1] INFO  AbstractTestContextBootstrapper - Neither @ContextConfiguration nor @ContextHierarchy found for test class [org.fluentlenium.adapter.testng.SpringTestNGControl], using DelegatingSmartContextLoader
10:27:52.452 [TestNG-test=Surefire test-1] INFO  AbstractContextLoader - Could not detect default resource locations for test class [org.fluentlenium.adapter.testng.SpringTestNGControl]: no resource found for suffixes {-context.xml}.
10:27:52.452 [TestNG-test=Surefire test-1] INFO  AnnotationConfigContextLoaderUtils - Could not detect default configuration classes for test class [org.fluentlenium.adapter.testng.SpringTestNGControl]: SpringTestNGControl does not declare any static, non-private, non-final, nested classes annotated with @Configuration.
10:27:52.453 [TestNG-test=Surefire test-1] INFO  AbstractTestContextBootstrapper - Using TestExecutionListeners: [org.springframework.test.context.support.DirtiesContextBeforeModesTestExecutionListener@611e1b69, org.springframework.test.context.event.ApplicationEventsTestExecutionListener@54dd67bd, org.springframework.test.context.support.DependencyInjectionTestExecutionListener@5853d8ed, org.springframework.test.context.support.DirtiesContextTestExecutionListener@620da331, org.springframework.test.context.event.EventPublishingTestExecutionListener@7359394a]
10:27:52.454 [TestNG-test=Surefire test-1] INFO  AbstractTestContextBootstrapper - Neither @ContextConfiguration nor @ContextHierarchy found for test class [org.fluentlenium.adapter.testng.SpringTestNGControl], using DelegatingSmartContextLoader
10:27:52.454 [TestNG-test=Surefire test-1] INFO  AbstractContextLoader - Could not detect default resource locations for test class [org.fluentlenium.adapter.testng.SpringTestNGControl]: no resource found for suffixes {-context.xml}.
10:27:52.455 [TestNG-test=Surefire test-1] INFO  AnnotationConfigContextLoaderUtils - Could not detect default configuration classes for test class [org.fluentlenium.adapter.testng.SpringTestNGControl]: SpringTestNGControl does not declare any static, non-private, non-final, nested classes annotated with @Configuration.
10:27:52.455 [TestNG-test=Surefire test-1] INFO  AbstractTestContextBootstrapper - Using TestExecutionListeners: [org.springframework.test.context.support.DirtiesContextBeforeModesTestExecutionListener@317d0814, org.springframework.test.context.event.ApplicationEventsTestExecutionListener@5e15dea1, org.springframework.test.context.support.DependencyInjectionTestExecutionListener@241417ae, org.springframework.test.context.support.DirtiesContextTestExecutionListener@480e3e2b, org.springframework.test.context.event.EventPublishingTestExecutionListener@11eab296]
10:27:52.457 [TestNG-test=Surefire test-1] INFO  AbstractTestContextBootstrapper - Neither @ContextConfiguration nor @ContextHierarchy found for test class [org.fluentlenium.adapter.testng.SpringTestNGControl], using DelegatingSmartContextLoader
10:27:52.457 [TestNG-test=Surefire test-1] INFO  AbstractContextLoader - Could not detect default resource locations for test class [org.fluentlenium.adapter.testng.SpringTestNGControl]: no resource found for suffixes {-context.xml}.
10:27:52.457 [TestNG-test=Surefire test-1] INFO  AnnotationConfigContextLoaderUtils - Could not detect default configuration classes for test class [org.fluentlenium.adapter.testng.SpringTestNGControl]: SpringTestNGControl does not declare any static, non-private, non-final, nested classes annotated with @Configuration.
10:27:52.458 [TestNG-test=Surefire test-1] INFO  AbstractTestContextBootstrapper - Using TestExecutionListeners: [org.springframework.test.context.support.DirtiesContextBeforeModesTestExecutionListener@7da1ddc1, org.springframework.test.context.event.ApplicationEventsTestExecutionListener@4d496806, org.springframework.test.context.support.DependencyInjectionTestExecutionListener@ee438ab, org.springframework.test.context.support.DirtiesContextTestExecutionListener@696bb054, org.springframework.test.context.event.EventPublishingTestExecutionListener@1ad7276d]
10:27:52.460 [TestNG-test=Surefire test-1] INFO  AbstractTestContextBootstrapper - Neither @ContextConfiguration nor @ContextHierarchy found for test class [org.fluentlenium.adapter.testng.SpringTestNGControl], using DelegatingSmartContextLoader
10:27:52.460 [TestNG-test=Surefire test-1] INFO  AbstractContextLoader - Could not detect default resource locations for test class [org.fluentlenium.adapter.testng.SpringTestNGControl]: no resource found for suffixes {-context.xml}.
10:27:52.461 [TestNG-test=Surefire test-1] INFO  AnnotationConfigContextLoaderUtils - Could not detect default configuration classes for test class [org.fluentlenium.adapter.testng.SpringTestNGControl]: SpringTestNGControl does not declare any static, non-private, non-final, nested classes annotated with @Configuration.
10:27:52.461 [TestNG-test=Surefire test-1] INFO  AbstractTestContextBootstrapper - Using TestExecutionListeners: [org.springframework.test.context.support.DirtiesContextBeforeModesTestExecutionListener@396410a2, org.springframework.test.context.event.ApplicationEventsTestExecutionListener@77416f1d, org.springframework.test.context.support.DependencyInjectionTestExecutionListener@540da231, org.springframework.test.context.support.DirtiesContextTestExecutionListener@4f4ca5c3, org.springframework.test.context.event.EventPublishingTestExecutionListener@56344d88]
10:27:52.464 [TestNG-test=Surefire test-1] INFO  AbstractTestContextBootstrapper - Neither @ContextConfiguration nor @ContextHierarchy found for test class [org.fluentlenium.adapter.testng.SpringTestNGControl], using DelegatingSmartContextLoader
10:27:52.464 [TestNG-test=Surefire test-1] INFO  AbstractContextLoader - Could not detect default resource locations for test class [org.fluentlenium.adapter.testng.SpringTestNGControl]: no resource found for suffixes {-context.xml}.
10:27:52.464 [TestNG-test=Surefire test-1] INFO  AnnotationConfigContextLoaderUtils - Could not detect default configuration classes for test class [org.fluentlenium.adapter.testng.SpringTestNGControl]: SpringTestNGControl does not declare any static, non-private, non-final, nested classes annotated with @Configuration.
10:27:52.465 [TestNG-test=Surefire test-1] INFO  AbstractTestContextBootstrapper - Using TestExecutionListeners: [org.springframework.test.context.support.DirtiesContextBeforeModesTestExecutionListener@1af28205, org.springframework.test.context.event.ApplicationEventsTestExecutionListener@77443a53, org.springframework.test.context.support.DependencyInjectionTestExecutionListener@fb41b6b, org.springframework.test.context.support.DirtiesContextTestExecutionListener@5525dfa1, org.springframework.test.context.event.EventPublishingTestExecutionListener@5bc98daa]
10:27:52.467 [TestNG-test=Surefire test-1] INFO  AbstractTestContextBootstrapper - Neither @ContextConfiguration nor @ContextHierarchy found for test class [org.fluentlenium.adapter.testng.SpringTestNGControl], using DelegatingSmartContextLoader
10:27:52.467 [TestNG-test=Surefire test-1] INFO  AbstractContextLoader - Could not detect default resource locations for test class [org.fluentlenium.adapter.testng.SpringTestNGControl]: no resource found for suffixes {-context.xml}.
10:27:52.467 [TestNG-test=Surefire test-1] INFO  AnnotationConfigContextLoaderUtils - Could not detect default configuration classes for test class [org.fluentlenium.adapter.testng.SpringTestNGControl]: SpringTestNGControl does not declare any static, non-private, non-final, nested classes annotated with @Configuration.
10:27:52.468 [TestNG-test=Surefire test-1] INFO  AbstractTestContextBootstrapper - Using TestExecutionListeners: [org.springframework.test.context.support.DirtiesContextBeforeModesTestExecutionListener@61822a68, org.springframework.test.context.event.ApplicationEventsTestExecutionListener@3e21c232, org.springframework.test.context.support.DependencyInjectionTestExecutionListener@32221dbb, org.springframework.test.context.support.DirtiesContextTestExecutionListener@4da77a42, org.springframework.test.context.event.EventPublishingTestExecutionListener@3d06d8f4]
10:27:52.470 [TestNG-test=Surefire test-1] INFO  AbstractTestContextBootstrapper - Neither @ContextConfiguration nor @ContextHierarchy found for test class [org.fluentlenium.adapter.testng.SpringTestNGControl], using DelegatingSmartContextLoader
10:27:52.470 [TestNG-test=Surefire test-1] INFO  AbstractContextLoader - Could not detect default resource locations for test class [org.fluentlenium.adapter.testng.SpringTestNGControl]: no resource found for suffixes {-context.xml}.
10:27:52.470 [TestNG-test=Surefire test-1] INFO  AnnotationConfigContextLoaderUtils - Could not detect default configuration classes for test class [org.fluentlenium.adapter.testng.SpringTestNGControl]: SpringTestNGControl does not declare any static, non-private, non-final, nested classes annotated with @Configuration.
10:27:52.471 [TestNG-test=Surefire test-1] INFO  AbstractTestContextBootstrapper - Using TestExecutionListeners: [org.springframework.test.context.support.DirtiesContextBeforeModesTestExecutionListener@189ad932, org.springframework.test.context.event.ApplicationEventsTestExecutionListener@53a7fd0c, org.springframework.test.context.support.DependencyInjectionTestExecutionListener@1abbd6a2, org.springframework.test.context.support.DirtiesContextTestExecutionListener@640a85f3, org.springframework.test.context.event.EventPublishingTestExecutionListener@2a979309]
10:27:52.570 [TestNG-test=Surefire test-1] INFO  AbstractTestContextBootstrapper - Neither @ContextConfiguration nor @ContextHierarchy found for test class [org.fluentlenium.DontRunTestsWhenInitFailTest$TestClass], using DelegatingSmartContextLoader
10:27:52.571 [TestNG-test=Surefire test-1] INFO  AbstractContextLoader - Could not detect default resource locations for test class [org.fluentlenium.DontRunTestsWhenInitFailTest$TestClass]: no resource found for suffixes {-context.xml}.
10:27:52.571 [TestNG-test=Surefire test-1] INFO  AnnotationConfigContextLoaderUtils - Could not detect default configuration classes for test class [org.fluentlenium.DontRunTestsWhenInitFailTest$TestClass]: TestClass does not declare any static, non-private, non-final, nested classes annotated with @Configuration.
10:27:52.573 [TestNG-test=Surefire test-1] INFO  AbstractTestContextBootstrapper - Using TestExecutionListeners: [org.springframework.test.context.support.DirtiesContextBeforeModesTestExecutionListener@1137826a, org.springframework.test.context.event.ApplicationEventsTestExecutionListener@41738576, org.springframework.test.context.support.DependencyInjectionTestExecutionListener@48b4aeb3, org.springframework.test.context.support.DirtiesContextTestExecutionListener@53b17838, org.springframework.test.context.event.EventPublishingTestExecutionListener@7eb894f6]
10:27:52.584 [TestNG-test=Surefire test-1] ERROR TestContextManager - Caught exception while allowing TestExecutionListener [org.springframework.test.context.support.DependencyInjectionTestExecutionListener@48b4aeb3] to prepare test instance [org.fluentlenium.DontRunTestsWhenInitFailTest$TestClass@24151b63]
java.lang.IllegalStateException: Failed to load ApplicationContext
	at org.springframework.test.context.cache.DefaultCacheAwareContextLoaderDelegate.loadContext(DefaultCacheAwareContextLoaderDelegate.java:132)
	at org.springframework.test.context.support.DefaultTestContext.getApplicationContext(DefaultTestContext.java:124)
	at org.springframework.test.context.support.DependencyInjectionTestExecutionListener.injectDependencies(DependencyInjectionTestExecutionListener.java:118)
	at org.springframework.test.context.support.DependencyInjectionTestExecutionListener.prepareTestInstance(DependencyInjectionTestExecutionListener.java:83)
	at org.springframework.test.context.TestContextManager.prepareTestInstance(TestContextManager.java:244)
	at org.springframework.test.context.testng.AbstractTestNGSpringContextTests.springTestContextPrepareTestInstance(AbstractTestNGSpringContextTests.java:149)
	at java.base/jdk.internal.reflect.NativeMethodAccessorImpl.invoke0(Native Method)
	at java.base/jdk.internal.reflect.NativeMethodAccessorImpl.invoke(NativeMethodAccessorImpl.java:62)
	at java.base/jdk.internal.reflect.DelegatingMethodAccessorImpl.invoke(DelegatingMethodAccessorImpl.java:43)
	at java.base/java.lang.reflect.Method.invoke(Method.java:566)
	at org.testng.internal.MethodInvocationHelper.invokeMethod(MethodInvocationHelper.java:132)
	at org.testng.internal.MethodInvocationHelper.invokeMethodConsideringTimeout(MethodInvocationHelper.java:61)
	at org.testng.internal.ConfigInvoker.invokeConfigurationMethod(ConfigInvoker.java:366)
	at org.testng.internal.ConfigInvoker.invokeConfigurations(ConfigInvoker.java:320)
	at org.testng.internal.TestMethodWorker.invokeBeforeClassMethods(TestMethodWorker.java:176)
	at org.testng.internal.TestMethodWorker.run(TestMethodWorker.java:122)
	at java.base/java.util.ArrayList.forEach(ArrayList.java:1541)
	at org.testng.TestRunner.privateRun(TestRunner.java:764)
	at org.testng.TestRunner.run(TestRunner.java:585)
	at org.testng.SuiteRunner.runTest(SuiteRunner.java:384)
	at org.testng.SuiteRunner.runSequentially(SuiteRunner.java:378)
	at org.testng.SuiteRunner.privateRun(SuiteRunner.java:337)
	at org.testng.SuiteRunner.run(SuiteRunner.java:286)
	at org.testng.SuiteRunnerWorker.runSuite(SuiteRunnerWorker.java:53)
	at org.testng.SuiteRunnerWorker.run(SuiteRunnerWorker.java:96)
	at org.testng.TestNG.runSuitesSequentially(TestNG.java:1218)
	at org.testng.TestNG.runSuitesLocally(TestNG.java:1140)
	at org.testng.TestNG.runSuites(TestNG.java:1069)
	at org.testng.TestNG.run(TestNG.java:1037)
	at org.fluentlenium.DontRunTestsWhenInitFailTest.testRun(DontRunTestsWhenInitFailTest.java:63)
	at java.base/jdk.internal.reflect.NativeMethodAccessorImpl.invoke0(Native Method)
	at java.base/jdk.internal.reflect.NativeMethodAccessorImpl.invoke(NativeMethodAccessorImpl.java:62)
	at java.base/jdk.internal.reflect.DelegatingMethodAccessorImpl.invoke(DelegatingMethodAccessorImpl.java:43)
	at java.base/java.lang.reflect.Method.invoke(Method.java:566)
	at org.testng.internal.MethodInvocationHelper.invokeMethod(MethodInvocationHelper.java:132)
	at org.testng.internal.TestInvoker.invokeMethod(TestInvoker.java:599)
	at org.testng.internal.TestInvoker.invokeTestMethod(TestInvoker.java:174)
	at org.testng.internal.MethodRunner.runInSequence(MethodRunner.java:46)
	at org.testng.internal.TestInvoker$MethodInvocationAgent.invoke(TestInvoker.java:822)
	at org.testng.internal.TestInvoker.invokeTestMethods(TestInvoker.java:147)
	at org.testng.internal.TestMethodWorker.invokeTestMethods(TestMethodWorker.java:146)
	at org.testng.internal.TestMethodWorker.run(TestMethodWorker.java:128)
	at java.base/java.util.concurrent.ThreadPoolExecutor.runWorker(ThreadPoolExecutor.java:1128)
	at java.base/java.util.concurrent.ThreadPoolExecutor$Worker.run(ThreadPoolExecutor.java:628)
	at java.base/java.lang.Thread.run(Thread.java:829)
Caused by: java.lang.IllegalStateException: Neither GenericXmlContextLoader nor AnnotationConfigContextLoader was able to load an ApplicationContext from [MergedContextConfiguration@5cec71a8 testClass = DontRunTestsWhenInitFailTest.TestClass, locations = '{}', classes = '{}', contextInitializerClasses = '[]', activeProfiles = '{}', propertySourceLocations = '{}', propertySourceProperties = '{}', contextCustomizers = set[[empty]], contextLoader = 'org.springframework.test.context.support.DelegatingSmartContextLoader', parent = [null]].
	at org.springframework.test.context.support.AbstractDelegatingSmartContextLoader.loadContext(AbstractDelegatingSmartContextLoader.java:255)
	at org.springframework.test.context.cache.DefaultCacheAwareContextLoaderDelegate.loadContextInternal(DefaultCacheAwareContextLoaderDelegate.java:99)
	at org.springframework.test.context.cache.DefaultCacheAwareContextLoaderDelegate.loadContext(DefaultCacheAwareContextLoaderDelegate.java:124)
	... 44 common frames omitted

===============================================
Command line suite
Total tests run: 2, Passes: 0, Failures: 0, Skips: 2
Configuration Failures: 3, Skips: 0
===============================================

[INFO] Tests run: 95, Failures: 0, Errors: 0, Skipped: 0, Time elapsed: 5.729 s - in TestSuite
[INFO] 
[INFO] Results:
[INFO] 
[INFO] Tests run: 95, Failures: 0, Errors: 0, Skipped: 0
[INFO] 
[INFO] 
[INFO] ---------------< org.fluentlenium:fluentlenium-cucumber >---------------
[INFO] Building FluentLenium Cucumber 4.8.1-SNAPSHOT                     [9/13]
[INFO] --------------------------------[ jar ]---------------------------------
[INFO] 
[INFO] --- maven-clean-plugin:3.1.0:clean (default-clean) @ fluentlenium-cucumber ---
[INFO] Deleting /home/gabsko/breaking-updates/fluentlenium-cucumber/target
[INFO] 
[INFO] --- flatten-maven-plugin:1.2.7:clean (flatten.clean) @ fluentlenium-cucumber ---
[INFO] Deleting /home/gabsko/breaking-updates/fluentlenium-cucumber/.flattened-pom.xml
[INFO] 
[INFO] --- maven-enforcer-plugin:3.0.0-M3:enforce (enforce-maven) @ fluentlenium-cucumber ---
[INFO] 
[INFO] --- jacoco-maven-plugin:0.8.7:prepare-agent (prepare-agent) @ fluentlenium-cucumber ---
[INFO] argLine set to -javaagent:/home/gabsko/.m2/repository/org/jacoco/org.jacoco.agent/0.8.7/org.jacoco.agent-0.8.7-runtime.jar=destfile=/home/gabsko/breaking-updates/fluentlenium-cucumber/target/jacoco.exec,excludes=**com.steadystate*:**com/gargoylesoftware*
[INFO] 
[INFO] --- maven-resources-plugin:3.2.0:resources (default-resources) @ fluentlenium-cucumber ---
[INFO] Using 'UTF-8' encoding to copy filtered resources.
[INFO] Using 'UTF-8' encoding to copy filtered properties files.
[INFO] skip non existing resourceDirectory /home/gabsko/breaking-updates/fluentlenium-cucumber/src/main/resources
[INFO] 
[INFO] --- flatten-maven-plugin:1.2.7:flatten (flatten) @ fluentlenium-cucumber ---
[INFO] Generating flattened POM of project org.fluentlenium:fluentlenium-cucumber:jar:4.8.1-SNAPSHOT...
[INFO] 
[INFO] --- maven-compiler-plugin:3.8.1:compile (default-compile) @ fluentlenium-cucumber ---
[INFO] Changes detected - recompiling the module!
[INFO] Compiling 4 source files to /home/gabsko/breaking-updates/fluentlenium-cucumber/target/classes
[INFO] /home/gabsko/breaking-updates/fluentlenium-cucumber/src/main/java/cucumber/runtime/java/fluentlenium/FluentObjectFactory.java: /home/gabsko/breaking-updates/fluentlenium-cucumber/src/main/java/cucumber/runtime/java/fluentlenium/FluentObjectFactory.java uses unchecked or unsafe operations.
[INFO] /home/gabsko/breaking-updates/fluentlenium-cucumber/src/main/java/cucumber/runtime/java/fluentlenium/FluentObjectFactory.java: Recompile with -Xlint:unchecked for details.
[INFO] 
[INFO] --- maven-resources-plugin:3.2.0:testResources (default-testResources) @ fluentlenium-cucumber ---
[INFO] Using 'UTF-8' encoding to copy filtered resources.
[INFO] Using 'UTF-8' encoding to copy filtered properties files.
[INFO] Copying 15 resources
[INFO] 
[INFO] --- maven-compiler-plugin:3.8.1:testCompile (default-testCompile) @ fluentlenium-cucumber ---
[INFO] Changes detected - recompiling the module!
[INFO] Compiling 68 source files to /home/gabsko/breaking-updates/fluentlenium-cucumber/target/test-classes
[INFO] 
[INFO] --- maven-surefire-plugin:3.0.0-M5:test (default-test) @ fluentlenium-cucumber ---
[INFO] 
[INFO] -------------------------------------------------------
[INFO]  T E S T S
[INFO] -------------------------------------------------------
[INFO] Running org.fluentlenium.adapter.cucumber.unit.FluentCucumberSharedMutatorTest
[INFO] Tests run: 2, Failures: 0, Errors: 0, Skipped: 0, Time elapsed: 0.07 s - in org.fluentlenium.adapter.cucumber.unit.FluentCucumberSharedMutatorTest
[INFO] Running org.fluentlenium.adapter.cucumber.unit.FluentObjectFactoryTest
[INFO] Tests run: 6, Failures: 0, Errors: 0, Skipped: 0, Time elapsed: 0.486 s - in org.fluentlenium.adapter.cucumber.unit.FluentObjectFactoryTest
[INFO] Running org.fluentlenium.adapter.cucumber.unit.FluentTestContainerTest
[INFO] Tests run: 3, Failures: 0, Errors: 0, Skipped: 0, Time elapsed: 0.014 s - in org.fluentlenium.adapter.cucumber.unit.FluentTestContainerTest
[INFO] 
[INFO] Results:
[INFO] 
[INFO] Tests run: 11, Failures: 0, Errors: 0, Skipped: 0
[INFO] 
[INFO] 
[INFO] ----------------< org.fluentlenium:fluentlenium-spock >-----------------
[INFO] Building FluentLenium Spock 4.8.1-SNAPSHOT                       [10/13]
[INFO] --------------------------------[ jar ]---------------------------------
[INFO] 
[INFO] --- maven-clean-plugin:3.1.0:clean (default-clean) @ fluentlenium-spock ---
[INFO] Deleting /home/gabsko/breaking-updates/fluentlenium-spock/target
[INFO] 
[INFO] --- flatten-maven-plugin:1.2.7:clean (flatten.clean) @ fluentlenium-spock ---
[INFO] Deleting /home/gabsko/breaking-updates/fluentlenium-spock/.flattened-pom.xml
[INFO] 
[INFO] --- maven-enforcer-plugin:3.0.0-M3:enforce (enforce-maven) @ fluentlenium-spock ---
[INFO] 
[INFO] --- jacoco-maven-plugin:0.8.7:prepare-agent (prepare-agent) @ fluentlenium-spock ---
[INFO] argLine set to -javaagent:/home/gabsko/.m2/repository/org/jacoco/org.jacoco.agent/0.8.7/org.jacoco.agent-0.8.7-runtime.jar=destfile=/home/gabsko/breaking-updates/fluentlenium-spock/target/jacoco.exec,excludes=**com.steadystate*:**com/gargoylesoftware*
[INFO] 
[INFO] --- gmavenplus-plugin:1.12.1:addSources (default) @ fluentlenium-spock ---
[INFO] 
[INFO] --- gmavenplus-plugin:1.12.1:addTestSources (default) @ fluentlenium-spock ---
[INFO] 
[INFO] --- build-helper-maven-plugin:3.2.0:add-source (add-groovy-sources) @ fluentlenium-spock ---
[INFO] Source directory: /home/gabsko/breaking-updates/fluentlenium-spock/src/main/groovy added.
[INFO] 
[INFO] --- maven-resources-plugin:3.2.0:resources (default-resources) @ fluentlenium-spock ---
[INFO] Using 'UTF-8' encoding to copy filtered resources.
[INFO] Using 'UTF-8' encoding to copy filtered properties files.
[INFO] skip non existing resourceDirectory /home/gabsko/breaking-updates/fluentlenium-spock/src/main/resources
[INFO] 
[INFO] --- flatten-maven-plugin:1.2.7:flatten (flatten) @ fluentlenium-spock ---
[INFO] Generating flattened POM of project org.fluentlenium:fluentlenium-spock:jar:4.8.1-SNAPSHOT...
[INFO] 
[INFO] --- maven-compiler-plugin:3.8.1:compile (default-compile) @ fluentlenium-spock ---
[INFO] Changes detected - recompiling the module!
[INFO] 
[INFO] --- gmavenplus-plugin:1.12.1:compile (default) @ fluentlenium-spock ---
[INFO] Using isolated classloader, without GMavenPlus classpath.
[INFO] Using Groovy 3.0.8 to perform compile.
[INFO] Parallel parsing disabled.
[INFO] Compiled 4 files.
[INFO] 
[INFO] --- build-helper-maven-plugin:3.2.0:add-test-source (add-test-source) @ fluentlenium-spock ---
[INFO] Test Source directory: /home/gabsko/breaking-updates/fluentlenium-spock/src/test/groovy added.
[INFO] 
[INFO] --- maven-resources-plugin:3.2.0:testResources (default-testResources) @ fluentlenium-spock ---
[INFO] Using 'UTF-8' encoding to copy filtered resources.
[INFO] Using 'UTF-8' encoding to copy filtered properties files.
[INFO] Copying 4 resources
[INFO] 
[INFO] --- maven-compiler-plugin:3.8.1:testCompile (default-testCompile) @ fluentlenium-spock ---
[INFO] Changes detected - recompiling the module!
[INFO] 
[INFO] --- gmavenplus-plugin:1.12.1:compileTests (default) @ fluentlenium-spock ---
[INFO] Using isolated classloader, without GMavenPlus classpath.
[INFO] Using Groovy 3.0.8 to perform compileTests.
[INFO] Parallel parsing disabled.
[INFO] Compiled 14 files.
[INFO] 
[INFO] --- maven-surefire-plugin:3.0.0-M5:test (default-test) @ fluentlenium-spock ---
[INFO] 
[INFO] -------------------------------------------------------
[INFO]  T E S T S
[INFO] -------------------------------------------------------
[INFO] Running org.fluentlenium.adapter.spock.smoketest.SmokeTestNewWebDriverSpec
[INFO] Tests run: 1, Failures: 0, Errors: 0, Skipped: 0, Time elapsed: 1.564 s - in org.fluentlenium.adapter.spock.smoketest.SmokeTestNewWebDriverSpec
[INFO] Running org.fluentlenium.adapter.spock.smoketest.SmokeTestGetWebDriverSpec
[INFO] Tests run: 1, Failures: 0, Errors: 0, Skipped: 0, Time elapsed: 0.113 s - in org.fluentlenium.adapter.spock.smoketest.SmokeTestGetWebDriverSpec
[INFO] Running org.fluentlenium.adapter.spock.BasicSpec
[INFO] Tests run: 3, Failures: 0, Errors: 0, Skipped: 0, Time elapsed: 0.135 s - in org.fluentlenium.adapter.spock.BasicSpec
[INFO] Running org.fluentlenium.adapter.spock.control.SpockControlSpec
[INFO] Tests run: 16, Failures: 0, Errors: 0, Skipped: 0, Time elapsed: 0.99 s - in org.fluentlenium.adapter.spock.control.SpockControlSpec
[INFO] Running org.fluentlenium.adapter.spock.control.SpockControlUnitSpec
[INFO] Tests run: 73, Failures: 0, Errors: 0, Skipped: 0, Time elapsed: 1.09 s - in org.fluentlenium.adapter.spock.control.SpockControlUnitSpec
[INFO] Running org.fluentlenium.adapter.spock.annotation.TestAnnotationAccessSpec
[INFO] Tests run: 4, Failures: 0, Errors: 0, Skipped: 0, Time elapsed: 0.111 s - in org.fluentlenium.adapter.spock.annotation.TestAnnotationAccessSpec
[INFO] Running org.fluentlenium.adapter.spock.page.PageSpec
[INFO] Tests run: 1, Failures: 0, Errors: 0, Skipped: 0, Time elapsed: 0.086 s - in org.fluentlenium.adapter.spock.page.PageSpec
[INFO] Running org.fluentlenium.adapter.spock.page.LocalPageSpec
[INFO] Tests run: 1, Failures: 0, Errors: 0, Skipped: 0, Time elapsed: 0.125 s - in org.fluentlenium.adapter.spock.page.LocalPageSpec
[INFO] Running org.fluentlenium.adapter.spock.description.TestDescriptionAccessSpec
[INFO] Tests run: 1, Failures: 0, Errors: 0, Skipped: 0, Time elapsed: 0.033 s - in org.fluentlenium.adapter.spock.description.TestDescriptionAccessSpec
[INFO] 
[INFO] Results:
[INFO] 
[INFO] Tests run: 101, Failures: 0, Errors: 0, Skipped: 0
[INFO] 
[INFO] 
[INFO] ----------------< org.fluentlenium:fluentlenium-kotest >----------------
[INFO] Building FluentLenium Kotest 4.8.1-SNAPSHOT                      [11/13]
[INFO] --------------------------------[ jar ]---------------------------------
[INFO] 
[INFO] --- maven-clean-plugin:3.1.0:clean (default-clean) @ fluentlenium-kotest ---
[INFO] Deleting /home/gabsko/breaking-updates/fluentlenium-kotest/target
[INFO] 
[INFO] --- flatten-maven-plugin:1.2.7:clean (flatten.clean) @ fluentlenium-kotest ---
[INFO] Deleting /home/gabsko/breaking-updates/fluentlenium-kotest/.flattened-pom.xml
[INFO] 
[INFO] --- maven-enforcer-plugin:3.0.0-M3:enforce (enforce-maven) @ fluentlenium-kotest ---
[INFO] 
[INFO] --- jacoco-maven-plugin:0.8.7:prepare-agent (prepare-agent) @ fluentlenium-kotest ---
[INFO] argLine set to -javaagent:/home/gabsko/.m2/repository/org/jacoco/org.jacoco.agent/0.8.7/org.jacoco.agent-0.8.7-runtime.jar=destfile=/home/gabsko/breaking-updates/fluentlenium-kotest/target/jacoco.exec,excludes=**com.steadystate*:**com/gargoylesoftware*
[INFO] 
[INFO] --- ktlint-maven-plugin:1.9.0:format (format-and-check) @ fluentlenium-kotest ---
[INFO] 1 file(s) formatted.
[INFO] 
[INFO] --- maven-resources-plugin:3.2.0:resources (default-resources) @ fluentlenium-kotest ---
[INFO] Using 'UTF-8' encoding to copy filtered resources.
[INFO] Using 'UTF-8' encoding to copy filtered properties files.
[INFO] skip non existing resourceDirectory /home/gabsko/breaking-updates/fluentlenium-kotest/src/main/resources
[INFO] 
[INFO] --- flatten-maven-plugin:1.2.7:flatten (flatten) @ fluentlenium-kotest ---
[INFO] Generating flattened POM of project org.fluentlenium:fluentlenium-kotest:jar:4.8.1-SNAPSHOT...
[INFO] 
[INFO] --- maven-compiler-plugin:3.8.1:compile (default-compile) @ fluentlenium-kotest ---
[INFO] Changes detected - recompiling the module!
[INFO] 
[INFO] --- kotlin-maven-plugin:1.5.21:compile (compile) @ fluentlenium-kotest ---
[WARNING] /home/gabsko/breaking-updates/fluentlenium-kotest/src/main/kotlin/org/fluentlenium/adapter/kotest/internal/KoTestFluentAdapter.kt: (50, 38) This declaration is experimental and its usage should be marked with '@io.kotest.common.ExperimentalKotest' or '@OptIn(io.kotest.common.ExperimentalKotest::class)'
[INFO] 
[INFO] --- maven-resources-plugin:3.2.0:testResources (default-testResources) @ fluentlenium-kotest ---
[INFO] Using 'UTF-8' encoding to copy filtered resources.
[INFO] Using 'UTF-8' encoding to copy filtered properties files.
[INFO] Copying 4 resources
[INFO] 
[INFO] --- maven-compiler-plugin:3.8.1:testCompile (default-testCompile) @ fluentlenium-kotest ---
[INFO] Changes detected - recompiling the module!
[INFO] 
[INFO] --- kotlin-maven-plugin:1.5.21:test-compile (test-compile) @ fluentlenium-kotest ---
[INFO] 
[INFO] --- maven-surefire-plugin:3.0.0-M5:test (default-test) @ fluentlenium-kotest ---
[INFO] 
[INFO] -------------------------------------------------------
[INFO]  T E S T S
[INFO] -------------------------------------------------------
~~~ Kotest Configuration ~~~
-> Parallelization factor: 1
-> Concurrent specs: null
-> Global concurrent tests: 1
-> Dispatcher affinity: true
-> Default test timeout: 600000ms
-> Default test order: Sequential
-> Default isolation mode: SingleInstance
-> Global soft assertions: false
-> Write spec failure file: false
-> Fail on ignored tests: false
-> Spec execution order: SpecExecutionOrder
-> Remove test name whitespace: false
-> Append tags to test names: false
-> Extensions
  - io.kotest.engine.extensions.SystemPropertyTagExtension
  - io.kotest.core.extensions.RuntimeTagExtension
  - io.kotest.engine.extensions.RuntimeTagExpressionExtension
-> Listeners
  - class org.fluentlenium.adapter.kotest.KoTestConfig$listeners$1
  - class io.kotest.engine.config.LoadConfigFromClasspathKt$toDetectedConfig$beforeAfterAllListener$1

[INFO] Running org.fluentlenium.adapter.kotest.describespec.CanAccessDriverInAfterTestSpec
[INFO] Tests run: 1, Failures: 0, Errors: 0, Skipped: 0, Time elapsed: 1.126 s - in org.fluentlenium.adapter.kotest.describespec.CanAccessDriverInAfterTestSpec
[INFO] Running org.fluentlenium.adapter.kotest.describespec.CanInjectElementsSpec
[INFO] Tests run: 1, Failures: 0, Errors: 0, Skipped: 0, Time elapsed: 0.143 s - in org.fluentlenium.adapter.kotest.describespec.CanInjectElementsSpec
[INFO] Running org.fluentlenium.adapter.kotest.describespec.CanProvideCustomWebDriverSpec
[INFO] Tests run: 1, Failures: 0, Errors: 0, Skipped: 0, Time elapsed: 0.117 s - in org.fluentlenium.adapter.kotest.describespec.CanProvideCustomWebDriverSpec
[INFO] Running org.fluentlenium.adapter.kotest.describespec.ConfigurationDefaultSpec
Starting ChromeDriver 102.0.5005.61 (0e59bcc00cc4985ce39ad31c150065f159d95ad3-refs/branch-heads/5005@{#819}) on port 6905
Only local connections are allowed.
Please see https://chromedriver.chromium.org/security-considerations for suggestions on keeping ChromeDriver safe.
ChromeDriver was started successfully.
Starting ChromeDriver 102.0.5005.61 (0e59bcc00cc4985ce39ad31c150065f159d95ad3-refs/branch-heads/5005@{#819}) on port 1326
Only local connections are allowed.
Please see https://chromedriver.chromium.org/security-considerations for suggestions on keeping ChromeDriver safe.
ChromeDriver was started successfully.
Starting ChromeDriver 102.0.5005.61 (0e59bcc00cc4985ce39ad31c150065f159d95ad3-refs/branch-heads/5005@{#819}) on port 27009
Only local connections are allowed.
Please see https://chromedriver.chromium.org/security-considerations for suggestions on keeping ChromeDriver safe.
ChromeDriver was started successfully.
Starting ChromeDriver 102.0.5005.61 (0e59bcc00cc4985ce39ad31c150065f159d95ad3-refs/branch-heads/5005@{#819}) on port 28731
Only local connections are allowed.
Please see https://chromedriver.chromium.org/security-considerations for suggestions on keeping ChromeDriver safe.
ChromeDriver was started successfully.
[ERROR] Tests run: 4, Failures: 0, Errors: 4, Skipped: 0, Time elapsed: 240.699 s <<< FAILURE! - in org.fluentlenium.adapter.kotest.describespec.ConfigurationDefaultSpec
[ERROR] org.fluentlenium.adapter.kotest.describespec.ConfigurationDefaultSpec.remoteUrl via custom default class  Time elapsed: 60.428 s  <<< ERROR!
org.openqa.selenium.WebDriverException: 
Browser failed to start, test [ remoteUrl via custom default class ] execution interrupted.
Caused by: [ unknown error: DevToolsActivePort file doesn't exist
Build info: version: '3.141.59', revision: 'e82be7d358', time: '2018-11-14T08:17:03'
System info: host: 'repairnator', ip: '127.0.1.1', os.name: 'Linux', os.arch: 'amd64', os.version: '5.4.0-113-generic', java.version: '11.0.17'
Driver info: driver.version: ChromeDriver
remote stacktrace: #0 0x55bf74d3ef33 <unknown>
#1 0x55bf74a89118 <unknown>
#2 0x55bf74aaf282 <unknown>
#3 0x55bf74aab7c6 <unknown>
#4 0x55bf74aa7d5a <unknown>
#5 0x55bf74ae2d3a <unknown>
#6 0x55bf74adce63 <unknown>
#7 0x55bf74ab282a <unknown>
#8 0x55bf74ab3985 <unknown>
#9 0x55bf74d834cd <unknown>
#10 0x55bf74d875ec <unknown>
#11 0x55bf74d6d71e <unknown>
#12 0x55bf74d88238 <unknown>
#13 0x55bf74d62870 <unknown>
#14 0x55bf74da4608 <unknown>
#15 0x55bf74da4788 <unknown>
#16 0x55bf74dbef1d <unknown>
#17 0x7fd3583e66db <unknown>
]
Build info: version: '3.141.59', revision: 'e82be7d358', time: '2018-11-14T08:17:03'
System info: host: 'repairnator', ip: '127.0.1.1', os.name: 'Linux', os.arch: 'amd64', os.version: '5.4.0-113-generic', java.version: '11.0.17'
Driver info: driver.version: unknown
Caused by: java.util.concurrent.ExecutionException: org.fluentlenium.configuration.ConfigurationException: Can't create new WebDriver instance
Caused by: org.fluentlenium.configuration.ConfigurationException: Can't create new WebDriver instance
Caused by: java.lang.reflect.InvocationTargetException
Caused by: org.openqa.selenium.WebDriverException: 
unknown error: DevToolsActivePort file doesn't exist
Build info: version: '3.141.59', revision: 'e82be7d358', time: '2018-11-14T08:17:03'
System info: host: 'repairnator', ip: '127.0.1.1', os.name: 'Linux', os.arch: 'amd64', os.version: '5.4.0-113-generic', java.version: '11.0.17'
Driver info: driver.version: ChromeDriver
remote stacktrace: #0 0x55bf74d3ef33 <unknown>
#1 0x55bf74a89118 <unknown>
#2 0x55bf74aaf282 <unknown>
#3 0x55bf74aab7c6 <unknown>
#4 0x55bf74aa7d5a <unknown>
#5 0x55bf74ae2d3a <unknown>
#6 0x55bf74adce63 <unknown>
#7 0x55bf74ab282a <unknown>
#8 0x55bf74ab3985 <unknown>
#9 0x55bf74d834cd <unknown>
#10 0x55bf74d875ec <unknown>
#11 0x55bf74d6d71e <unknown>
#12 0x55bf74d88238 <unknown>
#13 0x55bf74d62870 <unknown>
#14 0x55bf74da4608 <unknown>
#15 0x55bf74da4788 <unknown>
#16 0x55bf74dbef1d <unknown>
#17 0x7fd3583e66db <unknown>


[ERROR] org.fluentlenium.adapter.kotest.describespec.ConfigurationDefaultSpec.driver should be as defined  Time elapsed: 60.082 s  <<< ERROR!
org.openqa.selenium.WebDriverException: 
Browser failed to start, test [ driver should be as defined ] execution interrupted.
Caused by: [ unknown error: DevToolsActivePort file doesn't exist
Build info: version: '3.141.59', revision: 'e82be7d358', time: '2018-11-14T08:17:03'
System info: host: 'repairnator', ip: '127.0.1.1', os.name: 'Linux', os.arch: 'amd64', os.version: '5.4.0-113-generic', java.version: '11.0.17'
Driver info: driver.version: ChromeDriver
remote stacktrace: #0 0x559067d98f33 <unknown>
#1 0x559067ae3118 <unknown>
#2 0x559067b09282 <unknown>
#3 0x559067b057c6 <unknown>
#4 0x559067b01d5a <unknown>
#5 0x559067b3cd3a <unknown>
#6 0x559067b36e63 <unknown>
#7 0x559067b0c82a <unknown>
#8 0x559067b0d985 <unknown>
#9 0x559067ddd4cd <unknown>
#10 0x559067de15ec <unknown>
#11 0x559067dc771e <unknown>
#12 0x559067de2238 <unknown>
#13 0x559067dbc870 <unknown>
#14 0x559067dfe608 <unknown>
#15 0x559067dfe788 <unknown>
#16 0x559067e18f1d <unknown>
#17 0x7f08e9b786db <unknown>
]
Build info: version: '3.141.59', revision: 'e82be7d358', time: '2018-11-14T08:17:03'
System info: host: 'repairnator', ip: '127.0.1.1', os.name: 'Linux', os.arch: 'amd64', os.version: '5.4.0-113-generic', java.version: '11.0.17'
Driver info: driver.version: unknown
Caused by: java.util.concurrent.ExecutionException: org.fluentlenium.configuration.ConfigurationException: Can't create new WebDriver instance
Caused by: org.fluentlenium.configuration.ConfigurationException: Can't create new WebDriver instance
Caused by: java.lang.reflect.InvocationTargetException
Caused by: org.openqa.selenium.WebDriverException: 
unknown error: DevToolsActivePort file doesn't exist
Build info: version: '3.141.59', revision: 'e82be7d358', time: '2018-11-14T08:17:03'
System info: host: 'repairnator', ip: '127.0.1.1', os.name: 'Linux', os.arch: 'amd64', os.version: '5.4.0-113-generic', java.version: '11.0.17'
Driver info: driver.version: ChromeDriver
remote stacktrace: #0 0x559067d98f33 <unknown>
#1 0x559067ae3118 <unknown>
#2 0x559067b09282 <unknown>
#3 0x559067b057c6 <unknown>
#4 0x559067b01d5a <unknown>
#5 0x559067b3cd3a <unknown>
#6 0x559067b36e63 <unknown>
#7 0x559067b0c82a <unknown>
#8 0x559067b0d985 <unknown>
#9 0x559067ddd4cd <unknown>
#10 0x559067de15ec <unknown>
#11 0x559067dc771e <unknown>
#12 0x559067de2238 <unknown>
#13 0x559067dbc870 <unknown>
#14 0x559067dfe608 <unknown>
#15 0x559067dfe788 <unknown>
#16 0x559067e18f1d <unknown>
#17 0x7f08e9b786db <unknown>


[ERROR] org.fluentlenium.adapter.kotest.describespec.ConfigurationDefaultSpec.should take screenshot  Time elapsed: 60.075 s  <<< ERROR!
org.openqa.selenium.WebDriverException: 
Browser failed to start, test [ should take screenshot ] execution interrupted.
Caused by: [ unknown error: DevToolsActivePort file doesn't exist
Build info: version: '3.141.59', revision: 'e82be7d358', time: '2018-11-14T08:17:03'
System info: host: 'repairnator', ip: '127.0.1.1', os.name: 'Linux', os.arch: 'amd64', os.version: '5.4.0-113-generic', java.version: '11.0.17'
Driver info: driver.version: ChromeDriver
remote stacktrace: #0 0x5613e15cff33 <unknown>
#1 0x5613e131a118 <unknown>
#2 0x5613e1340282 <unknown>
#3 0x5613e133c7c6 <unknown>
#4 0x5613e1338d5a <unknown>
#5 0x5613e1373d3a <unknown>
#6 0x5613e136de63 <unknown>
#7 0x5613e134382a <unknown>
#8 0x5613e1344985 <unknown>
#9 0x5613e16144cd <unknown>
#10 0x5613e16185ec <unknown>
#11 0x5613e15fe71e <unknown>
#12 0x5613e1619238 <unknown>
#13 0x5613e15f3870 <unknown>
#14 0x5613e1635608 <unknown>
#15 0x5613e1635788 <unknown>
#16 0x5613e164ff1d <unknown>
#17 0x7f38b45dd6db <unknown>
]
Build info: version: '3.141.59', revision: 'e82be7d358', time: '2018-11-14T08:17:03'
System info: host: 'repairnator', ip: '127.0.1.1', os.name: 'Linux', os.arch: 'amd64', os.version: '5.4.0-113-generic', java.version: '11.0.17'
Driver info: driver.version: unknown
Caused by: java.util.concurrent.ExecutionException: org.fluentlenium.configuration.ConfigurationException: Can't create new WebDriver instance
Caused by: org.fluentlenium.configuration.ConfigurationException: Can't create new WebDriver instance
Caused by: java.lang.reflect.InvocationTargetException
Caused by: org.openqa.selenium.WebDriverException: 
unknown error: DevToolsActivePort file doesn't exist
Build info: version: '3.141.59', revision: 'e82be7d358', time: '2018-11-14T08:17:03'
System info: host: 'repairnator', ip: '127.0.1.1', os.name: 'Linux', os.arch: 'amd64', os.version: '5.4.0-113-generic', java.version: '11.0.17'
Driver info: driver.version: ChromeDriver
remote stacktrace: #0 0x5613e15cff33 <unknown>
#1 0x5613e131a118 <unknown>
#2 0x5613e1340282 <unknown>
#3 0x5613e133c7c6 <unknown>
#4 0x5613e1338d5a <unknown>
#5 0x5613e1373d3a <unknown>
#6 0x5613e136de63 <unknown>
#7 0x5613e134382a <unknown>
#8 0x5613e1344985 <unknown>
#9 0x5613e16144cd <unknown>
#10 0x5613e16185ec <unknown>
#11 0x5613e15fe71e <unknown>
#12 0x5613e1619238 <unknown>
#13 0x5613e15f3870 <unknown>
#14 0x5613e1635608 <unknown>
#15 0x5613e1635788 <unknown>
#16 0x5613e164ff1d <unknown>
#17 0x7f38b45dd6db <unknown>


[ERROR] org.fluentlenium.adapter.kotest.describespec.ConfigurationDefaultSpec.should navigate  Time elapsed: 60.085 s  <<< ERROR!
org.openqa.selenium.WebDriverException: 
Browser failed to start, test [ should navigate ] execution interrupted.
Caused by: [ unknown error: DevToolsActivePort file doesn't exist
Build info: version: '3.141.59', revision: 'e82be7d358', time: '2018-11-14T08:17:03'
System info: host: 'repairnator', ip: '127.0.1.1', os.name: 'Linux', os.arch: 'amd64', os.version: '5.4.0-113-generic', java.version: '11.0.17'
Driver info: driver.version: ChromeDriver
remote stacktrace: #0 0x55e776168f33 <unknown>
#1 0x55e775eb3118 <unknown>
#2 0x55e775ed9282 <unknown>
#3 0x55e775ed57c6 <unknown>
#4 0x55e775ed1d5a <unknown>
#5 0x55e775f0cd3a <unknown>
#6 0x55e775f06e63 <unknown>
#7 0x55e775edc82a <unknown>
#8 0x55e775edd985 <unknown>
#9 0x55e7761ad4cd <unknown>
#10 0x55e7761b15ec <unknown>
#11 0x55e77619771e <unknown>
#12 0x55e7761b2238 <unknown>
#13 0x55e77618c870 <unknown>
#14 0x55e7761ce608 <unknown>
#15 0x55e7761ce788 <unknown>
#16 0x55e7761e8f1d <unknown>
#17 0x7ffb79e5f6db <unknown>
]
Build info: version: '3.141.59', revision: 'e82be7d358', time: '2018-11-14T08:17:03'
System info: host: 'repairnator', ip: '127.0.1.1', os.name: 'Linux', os.arch: 'amd64', os.version: '5.4.0-113-generic', java.version: '11.0.17'
Driver info: driver.version: unknown
Caused by: java.util.concurrent.ExecutionException: org.fluentlenium.configuration.ConfigurationException: Can't create new WebDriver instance
Caused by: org.fluentlenium.configuration.ConfigurationException: Can't create new WebDriver instance
Caused by: java.lang.reflect.InvocationTargetException
Caused by: org.openqa.selenium.WebDriverException: 
unknown error: DevToolsActivePort file doesn't exist
Build info: version: '3.141.59', revision: 'e82be7d358', time: '2018-11-14T08:17:03'
System info: host: 'repairnator', ip: '127.0.1.1', os.name: 'Linux', os.arch: 'amd64', os.version: '5.4.0-113-generic', java.version: '11.0.17'
Driver info: driver.version: ChromeDriver
remote stacktrace: #0 0x55e776168f33 <unknown>
#1 0x55e775eb3118 <unknown>
#2 0x55e775ed9282 <unknown>
#3 0x55e775ed57c6 <unknown>
#4 0x55e775ed1d5a <unknown>
#5 0x55e775f0cd3a <unknown>
#6 0x55e775f06e63 <unknown>
#7 0x55e775edc82a <unknown>
#8 0x55e775edd985 <unknown>
#9 0x55e7761ad4cd <unknown>
#10 0x55e7761b15ec <unknown>
#11 0x55e77619771e <unknown>
#12 0x55e7761b2238 <unknown>
#13 0x55e77618c870 <unknown>
#14 0x55e7761ce608 <unknown>
#15 0x55e7761ce788 <unknown>
#16 0x55e7761e8f1d <unknown>
#17 0x7ffb79e5f6db <unknown>


[INFO] Running org.fluentlenium.adapter.kotest.describespec.ConfigurationSpec
[INFO] Tests run: 6, Failures: 0, Errors: 0, Skipped: 0, Time elapsed: 0.068 s - in org.fluentlenium.adapter.kotest.describespec.ConfigurationSpec
[INFO] Running org.fluentlenium.adapter.kotest.describespec.EventSpec
[INFO] Tests run: 1, Failures: 0, Errors: 0, Skipped: 0, Time elapsed: 0.088 s - in org.fluentlenium.adapter.kotest.describespec.EventSpec
[INFO] Running org.fluentlenium.adapter.kotest.annotationspec.ExampleAnnotationSpec
[INFO] Tests run: 1, Failures: 0, Errors: 0, Skipped: 0, Time elapsed: 0.629 s - in org.fluentlenium.adapter.kotest.annotationspec.ExampleAnnotationSpec
[INFO] Running org.fluentlenium.adapter.kotest.behaviorspec.ExampleBehaviorSpec
[INFO] Tests run: 3, Failures: 0, Errors: 0, Skipped: 0, Time elapsed: 0.075 s - in org.fluentlenium.adapter.kotest.behaviorspec.ExampleBehaviorSpec
[INFO] Running org.fluentlenium.adapter.kotest.describespec.ExampleDescribeSpec
[INFO] Tests run: 1, Failures: 0, Errors: 0, Skipped: 0, Time elapsed: 0.054 s - in org.fluentlenium.adapter.kotest.describespec.ExampleDescribeSpec
[INFO] Running org.fluentlenium.adapter.kotest.expectspec.ExampleExpectSpec
[INFO] Tests run: 2, Failures: 0, Errors: 0, Skipped: 0, Time elapsed: 0.063 s - in org.fluentlenium.adapter.kotest.expectspec.ExampleExpectSpec
[INFO] Running org.fluentlenium.adapter.kotest.featurespec.ExampleFeatureSpec
[INFO] Tests run: 2, Failures: 0, Errors: 0, Skipped: 0, Time elapsed: 0.063 s - in org.fluentlenium.adapter.kotest.featurespec.ExampleFeatureSpec
[INFO] Running org.fluentlenium.adapter.kotest.freespec.ExampleFreeSpec
[INFO] Tests run: 2, Failures: 0, Errors: 0, Skipped: 0, Time elapsed: 0.065 s - in org.fluentlenium.adapter.kotest.freespec.ExampleFreeSpec
[INFO] Running org.fluentlenium.adapter.kotest.funspec.ExampleFunSpec
[INFO] Tests run: 1, Failures: 0, Errors: 0, Skipped: 0, Time elapsed: 0.054 s - in org.fluentlenium.adapter.kotest.funspec.ExampleFunSpec
[INFO] Running org.fluentlenium.adapter.kotest.shouldspec.ExampleShouldSpec
[INFO] Tests run: 2, Failures: 0, Errors: 0, Skipped: 0, Time elapsed: 0.057 s - in org.fluentlenium.adapter.kotest.shouldspec.ExampleShouldSpec
[INFO] Running org.fluentlenium.adapter.kotest.stringspec.ExampleStringSpec
[INFO] Tests run: 1, Failures: 0, Errors: 0, Skipped: 0, Time elapsed: 0.048 s - in org.fluentlenium.adapter.kotest.stringspec.ExampleStringSpec
[INFO] Running org.fluentlenium.adapter.kotest.wordspec.ExampleWordSpec
[INFO] Tests run: 2, Failures: 0, Errors: 0, Skipped: 0, Time elapsed: 0.088 s - in org.fluentlenium.adapter.kotest.wordspec.ExampleWordSpec
[INFO] Running org.fluentlenium.adapter.kotest.describespec.HookSpec
[INFO] Tests run: 1, Failures: 0, Errors: 0, Skipped: 0, Time elapsed: 0.087 s - in org.fluentlenium.adapter.kotest.describespec.HookSpec
[INFO] Running org.fluentlenium.adapter.kotest.describespec.PageSpec
[INFO] Tests run: 3, Failures: 0, Errors: 0, Skipped: 0, Time elapsed: 0.126 s - in org.fluentlenium.adapter.kotest.describespec.PageSpec
[INFO] Running org.fluentlenium.adapter.kotest.describespec.ThreadWebDriverSpec
[INFO] Tests run: 2, Failures: 0, Errors: 0, Skipped: 0, Time elapsed: 0.067 s - in org.fluentlenium.adapter.kotest.describespec.ThreadWebDriverSpec
[INFO] Running org.fluentlenium.adapter.kotest.describespec.WaitHookPresentSpec
[INFO] Tests run: 1, Failures: 0, Errors: 0, Skipped: 0, Time elapsed: 0.549 s - in org.fluentlenium.adapter.kotest.describespec.WaitHookPresentSpec
[INFO] 
[INFO] Results:
[INFO] 
[ERROR] Errors: 
[ERROR]   ConfigurationDefaultSpec.driver should be as defined  WebDriver Browser faile...
[ERROR]   ConfigurationDefaultSpec.remoteUrl via custom default class  WebDriver Browse...
[ERROR]   ConfigurationDefaultSpec.should navigate  WebDriver Browser failed to start, ...
[ERROR]   ConfigurationDefaultSpec.should take screenshot  WebDriver Browser failed to ...
[INFO] 
[ERROR] Tests run: 38, Failures: 0, Errors: 4, Skipped: 0
[INFO] 
[INFO] ------------------------------------------------------------------------
[INFO] Reactor Summary for FluentLenium 4.8.1-SNAPSHOT:
[INFO] 
[INFO] FluentLenium ....................................... SUCCESS [  0.538 s]
[INFO] FluentLenium Core .................................. SUCCESS [ 37.187 s]
[INFO] FluentLenium TestNG ................................ SUCCESS [  0.428 s]
[INFO] FluentLenium AssertJ ............................... SUCCESS [  4.927 s]
[INFO] FluentLenium JUnit Jupiter ......................... SUCCESS [  3.658 s]
[INFO] FluentLenium Integration Tests ..................... SUCCESS [02:52 min]
[INFO] FluentLenium JUnit ................................. SUCCESS [  3.052 s]
[INFO] FluentLenium Spring TestNG ......................... SUCCESS [  6.885 s]
[INFO] FluentLenium Cucumber .............................. SUCCESS [  2.133 s]
[INFO] FluentLenium Spock ................................. SUCCESS [  8.491 s]
[INFO] FluentLenium Kotest ................................ FAILURE [04:20 min]
[INFO] FluentLenium Kotest Assertions ..................... SKIPPED
[INFO] FluentLenium Coverage Report ....................... SKIPPED
[INFO] ------------------------------------------------------------------------
[INFO] BUILD FAILURE
[INFO] ------------------------------------------------------------------------
[INFO] Total time:  08:19 min
[INFO] Finished at: 2023-02-06T10:32:25Z
[INFO] ------------------------------------------------------------------------
[ERROR] Failed to execute goal org.apache.maven.plugins:maven-surefire-plugin:3.0.0-M5:test (default-test) on project fluentlenium-kotest: There are test failures.
[ERROR] 
[ERROR] Please refer to /home/gabsko/breaking-updates/fluentlenium-kotest/target/surefire-reports for the individual test results.
[ERROR] Please refer to dump files (if any exist) [date].dump, [date]-jvmRun[N].dump and [date].dumpstream.
[ERROR] -> [Help 1]
[ERROR] 
[ERROR] To see the full stack trace of the errors, re-run Maven with the -e switch.
[ERROR] Re-run Maven using the -X switch to enable full debug logging.
[ERROR] 
[ERROR] For more information about the errors and possible solutions, please read the following articles:
[ERROR] [Help 1] http://cwiki.apache.org/confluence/display/MAVEN/MojoFailureException
[ERROR] 
[ERROR] After correcting the problems, you can resume the build with the command
[ERROR]   mvn <args> -rf :fluentlenium-kotest
