[INFO] Scanning for projects...
[WARNING] 
[WARNING] Some problems were encountered while building the effective model for org.axonframework:axon-integrationtests:jar:4.6.0-SNAPSHOT
[WARNING] 'dependencies.dependency.systemPath' for com.oracle:ojdbc7:jar should not point at files within the project directory, ${project.basedir}/src/test/binary/ojdbc7.jar will be unresolvable by dependent projects @ line 155, column 25
[WARNING] 
[WARNING] It is highly recommended to fix these problems because they threaten the stability of your build.
[WARNING] 
[WARNING] For this reason, future Maven versions might no longer support building such malformed projects.
[WARNING] 
[INFO] ------------------------------------------------------------------------
[INFO] Reactor Build Order:
[INFO] 
[INFO] Axon Framework                                                     [pom]
[INFO] Axon Framework Messaging                                        [bundle]
[INFO] Axon Framework Modelling                                        [bundle]
[INFO] Axon Event Sourcing                                             [bundle]
[INFO] Axon Disruptor                                                  [bundle]
[INFO] Axon Configuration                                              [bundle]
[INFO] Axon Framework Test Fixtures                                       [jar]
[INFO] Axon Framework Connector for AxonServer                            [jar]
[INFO] Axon Framework Metrics                                          [bundle]
[INFO] Axon Framework Micrometer Metrics                               [bundle]
[INFO] Axon Framework Spring Support                                   [bundle]
[INFO] Axon Framework Spring Boot Support                                 [jar]
[INFO] Spring Boot Starter module for Axon Framework                      [jar]
[INFO] Axon Integration tests                                             [jar]
[INFO] Axon Legacy Components                                             [jar]
[INFO] 
[INFO] -----------------------< org.axonframework:axon >-----------------------
[INFO] Building Axon Framework 4.6.0-SNAPSHOT                            [1/15]
[INFO] --------------------------------[ pom ]---------------------------------
[INFO] 
[INFO] --- maven-clean-plugin:3.1.0:clean (default-clean) @ axon ---
[INFO] 
[INFO] ------------------< org.axonframework:axon-messaging >------------------
[INFO] Building Axon Framework Messaging 4.6.0-SNAPSHOT                  [2/15]
[INFO] -------------------------------[ bundle ]-------------------------------
[INFO] 
[INFO] --- maven-clean-plugin:3.1.0:clean (default-clean) @ axon-messaging ---
[INFO] Deleting /home/gabsko/breaking-updates/messaging/target
[INFO] 
[INFO] --- maven-enforcer-plugin:1.4.1:enforce (enforce-banned-dependencies) @ axon-messaging ---
[INFO] 
[INFO] --- maven-resources-plugin:3.2.0:resources (default-resources) @ axon-messaging ---
[INFO] Using 'UTF-8' encoding to copy filtered resources.
[INFO] Using 'UTF-8' encoding to copy filtered properties files.
[INFO] Copying 5 resources
[INFO] 
[INFO] --- maven-compiler-plugin:3.8.1:compile (default-compile) @ axon-messaging ---
[INFO] Changes detected - recompiling the module!
[INFO] Compiling 458 source files to /home/gabsko/breaking-updates/messaging/target/classes
[WARNING] bootstrap class path not set in conjunction with -source 8
[WARNING] /home/gabsko/breaking-updates/messaging/src/main/java/org/axonframework/queryhandling/SimpleQueryUpdateEmitter.java:[28,30] reactor.core.publisher.EmitterProcessor in reactor.core.publisher has been deprecated
[WARNING] /home/gabsko/breaking-updates/messaging/src/main/java/org/axonframework/eventhandling/tokenstore/jdbc/GenericTokenTableFactory.java:[46,23] ownerColum() in org.axonframework.eventhandling.tokenstore.jdbc.TokenSchema has been deprecated
[WARNING] /home/gabsko/breaking-updates/messaging/src/main/java/org/axonframework/commandhandling/AnnotationCommandHandlerAdapter.java:[116,21] getHandlers() in org.axonframework.messaging.annotation.AnnotatedHandlerInspector has been deprecated
[WARNING] /home/gabsko/breaking-updates/messaging/src/main/java/org/axonframework/commandhandling/AnnotationCommandHandlerAdapter.java:[124,21] getHandlers() in org.axonframework.messaging.annotation.AnnotatedHandlerInspector has been deprecated
[WARNING] /home/gabsko/breaking-updates/messaging/src/main/java/org/axonframework/commandhandling/AnnotationCommandHandlerAdapter.java:[129,21] getHandlers() in org.axonframework.messaging.annotation.AnnotatedHandlerInspector has been deprecated
[WARNING] /home/gabsko/breaking-updates/messaging/src/main/java/org/axonframework/common/ReflectionUtils.java:[189,22] isAccessible() in java.lang.reflect.AccessibleObject has been deprecated
[WARNING] /home/gabsko/breaking-updates/messaging/src/main/java/org/axonframework/eventhandling/tokenstore/jdbc/JdbcTokenStore.java:[406,87] ownerColum() in org.axonframework.eventhandling.tokenstore.jdbc.TokenSchema has been deprecated
[WARNING] /home/gabsko/breaking-updates/messaging/src/main/java/org/axonframework/eventhandling/tokenstore/jdbc/JdbcTokenStore.java:[429,78] ownerColum() in org.axonframework.eventhandling.tokenstore.jdbc.TokenSchema has been deprecated
[WARNING] /home/gabsko/breaking-updates/messaging/src/main/java/org/axonframework/eventhandling/tokenstore/jdbc/JdbcTokenStore.java:[472,78] ownerColum() in org.axonframework.eventhandling.tokenstore.jdbc.TokenSchema has been deprecated
[WARNING] /home/gabsko/breaking-updates/messaging/src/main/java/org/axonframework/eventhandling/tokenstore/jdbc/JdbcTokenStore.java:[536,56] ownerColum() in org.axonframework.eventhandling.tokenstore.jdbc.TokenSchema has been deprecated
[WARNING] /home/gabsko/breaking-updates/messaging/src/main/java/org/axonframework/eventhandling/tokenstore/jdbc/JdbcTokenStore.java:[563,66] ownerColum() in org.axonframework.eventhandling.tokenstore.jdbc.TokenSchema has been deprecated
[WARNING] /home/gabsko/breaking-updates/messaging/src/main/java/org/axonframework/eventhandling/tokenstore/jdbc/JdbcTokenStore.java:[581,67] ownerColum() in org.axonframework.eventhandling.tokenstore.jdbc.TokenSchema has been deprecated
[WARNING] /home/gabsko/breaking-updates/messaging/src/main/java/org/axonframework/eventhandling/tokenstore/jdbc/JdbcTokenStore.java:[583,45] ownerColum() in org.axonframework.eventhandling.tokenstore.jdbc.TokenSchema has been deprecated
[WARNING] /home/gabsko/breaking-updates/messaging/src/main/java/org/axonframework/eventhandling/tokenstore/jdbc/JdbcTokenStore.java:[608,45] ownerColum() in org.axonframework.eventhandling.tokenstore.jdbc.TokenSchema has been deprecated
[WARNING] /home/gabsko/breaking-updates/messaging/src/main/java/org/axonframework/deadline/annotation/DeadlineMethodMessageHandlerDefinition.java:[38,24] annotationAttributes(java.lang.Class<? extends java.lang.annotation.Annotation>) in org.axonframework.messaging.annotation.MessageHandlingMember has been deprecated
[WARNING] /home/gabsko/breaking-updates/messaging/src/main/java/org/axonframework/messaging/annotation/WrappedMessageHandlingMember.java:[89,42] annotationAttributes(java.lang.Class<? extends java.lang.annotation.Annotation>) in org.axonframework.messaging.annotation.MessageHandlingMember has been deprecated
[WARNING] /home/gabsko/breaking-updates/messaging/src/main/java/org/axonframework/messaging/annotation/WrappedMessageHandlingMember.java:[94,20] hasAnnotation(java.lang.Class<? extends java.lang.annotation.Annotation>) in org.axonframework.messaging.annotation.MessageHandlingMember has been deprecated
[WARNING] /home/gabsko/breaking-updates/messaging/src/main/java/org/axonframework/messaging/annotation/WrappedMessageHandlingMember.java:[90,24] annotationAttributes(java.lang.Class<? extends java.lang.annotation.Annotation>) in org.axonframework.messaging.annotation.MessageHandlingMember has been deprecated
[WARNING] /home/gabsko/breaking-updates/messaging/src/main/java/org/axonframework/messaging/annotation/WrappedMessageHandlingMember.java:[95,24] hasAnnotation(java.lang.Class<? extends java.lang.annotation.Annotation>) in org.axonframework.messaging.annotation.MessageHandlingMember has been deprecated
[WARNING] /home/gabsko/breaking-updates/messaging/src/main/java/org/axonframework/commandhandling/MethodCommandHandlerDefinition.java:[39,24] annotationAttributes(java.lang.Class<? extends java.lang.annotation.Annotation>) in org.axonframework.messaging.annotation.MessageHandlingMember has been deprecated
[WARNING] /home/gabsko/breaking-updates/messaging/src/main/java/org/axonframework/serialization/json/JacksonSerializer.java:[370,29] enableDefaultTyping(com.fasterxml.jackson.databind.ObjectMapper.DefaultTyping) in com.fasterxml.jackson.databind.ObjectMapper has been deprecated
[WARNING] /home/gabsko/breaking-updates/messaging/src/main/java/org/axonframework/eventhandling/replay/ReplayAwareMessageHandlerWrapper.java:[46,17] annotationAttributes(java.lang.Class<? extends java.lang.annotation.Annotation>) in org.axonframework.messaging.annotation.MessageHandlingMember has been deprecated
[WARNING] /home/gabsko/breaking-updates/messaging/src/main/java/org/axonframework/messaging/annotation/AnnotatedMessageHandlingMember.java:[179,42] annotationAttributes(java.lang.Class<? extends java.lang.annotation.Annotation>) in org.axonframework.messaging.annotation.MessageHandlingMember has been deprecated
[WARNING] /home/gabsko/breaking-updates/messaging/src/main/java/org/axonframework/messaging/annotation/AnnotatedMessageHandlingMember.java:[174,20] hasAnnotation(java.lang.Class<? extends java.lang.annotation.Annotation>) in org.axonframework.messaging.annotation.MessageHandlingMember has been deprecated
[WARNING] /home/gabsko/breaking-updates/messaging/src/main/java/org/axonframework/messaging/annotation/MessageHandlerInterceptorDefinition.java:[45,21] annotationAttributes(java.lang.Class<? extends java.lang.annotation.Annotation>) in org.axonframework.messaging.annotation.MessageHandlingMember has been deprecated
[WARNING] /home/gabsko/breaking-updates/messaging/src/main/java/org/axonframework/messaging/annotation/MessageHandlerInterceptorDefinition.java:[46,64] annotationAttributes(java.lang.Class<? extends java.lang.annotation.Annotation>) in org.axonframework.messaging.annotation.MessageHandlingMember has been deprecated
[WARNING] /home/gabsko/breaking-updates/messaging/src/main/java/org/axonframework/queryhandling/annotation/MethodQueryMessageHandlerDefinition.java:[49,24] annotationAttributes(java.lang.Class<? extends java.lang.annotation.Annotation>) in org.axonframework.messaging.annotation.MessageHandlingMember has been deprecated
[WARNING] /home/gabsko/breaking-updates/messaging/src/main/java/org/axonframework/deadline/SimpleDeadlineManager.java:[110,46] <T>asDeadlineMessage(java.lang.String,java.lang.Object) in org.axonframework.deadline.GenericDeadlineMessage has been deprecated
[WARNING] /home/gabsko/breaking-updates/messaging/src/main/java/org/axonframework/eventhandling/tokenstore/jdbc/Oracle11TokenTableFactory.java:[46,23] ownerColum() in org.axonframework.eventhandling.tokenstore.jdbc.TokenSchema has been deprecated
[INFO] /home/gabsko/breaking-updates/messaging/src/main/java/org/axonframework/messaging/unitofwork/DefaultUnitOfWork.java: Some input files use unchecked or unsafe operations.
[INFO] /home/gabsko/breaking-updates/messaging/src/main/java/org/axonframework/messaging/unitofwork/DefaultUnitOfWork.java: Recompile with -Xlint:unchecked for details.
[INFO] 
[INFO] --- maven-bundle-plugin:5.1.2:manifest (default) @ axon-messaging ---
[INFO] 
[INFO] --- maven-resources-plugin:3.2.0:testResources (default-testResources) @ axon-messaging ---
[INFO] Using 'UTF-8' encoding to copy filtered resources.
[INFO] Using 'UTF-8' encoding to copy filtered properties files.
[INFO] Copying 5 resources
[INFO] 
[INFO] --- maven-compiler-plugin:3.8.1:testCompile (default-testCompile) @ axon-messaging ---
[INFO] Changes detected - recompiling the module!
[INFO] Compiling 198 source files to /home/gabsko/breaking-updates/messaging/target/test-classes
[WARNING] bootstrap class path not set in conjunction with -source 8
[WARNING] /home/gabsko/breaking-updates/messaging/src/test/java/org/axonframework/eventhandling/scheduling/quartz/DirectEventJobDataBinderTest.java:[22,39] org.axonframework.serialization.JavaSerializer in org.axonframework.serialization has been deprecated
[WARNING] /home/gabsko/breaking-updates/messaging/src/test/java/org/axonframework/deadline/quartz/DeadlineJobDataBinderTest.java:[25,39] org.axonframework.serialization.JavaSerializer in org.axonframework.serialization has been deprecated
[WARNING] /home/gabsko/breaking-updates/messaging/src/test/java/org/axonframework/eventhandling/scheduling/quartz/DirectEventJobDataBinderTest.java:[22,39] org.axonframework.serialization.JavaSerializer in org.axonframework.serialization has been deprecated
[WARNING] /home/gabsko/breaking-updates/messaging/src/test/java/org/axonframework/deadline/quartz/DeadlineJobDataBinderTest.java:[25,39] org.axonframework.serialization.JavaSerializer in org.axonframework.serialization has been deprecated
[WARNING] /home/gabsko/breaking-updates/messaging/src/test/java/org/axonframework/eventhandling/scheduling/quartz/DirectEventJobDataBinderTest.java:[22,39] org.axonframework.serialization.JavaSerializer in org.axonframework.serialization has been deprecated
[WARNING] /home/gabsko/breaking-updates/messaging/src/test/java/org/axonframework/deadline/quartz/DeadlineJobDataBinderTest.java:[25,39] org.axonframework.serialization.JavaSerializer in org.axonframework.serialization has been deprecated
[WARNING] /home/gabsko/breaking-updates/messaging/src/test/java/org/axonframework/eventhandling/AbstractEventBusTest.java:[182,9] verifyZeroInteractions(java.lang.Object...) in org.mockito.Mockito has been deprecated
[WARNING] /home/gabsko/breaking-updates/messaging/src/test/java/org/axonframework/eventhandling/scheduling/quartz/DirectEventJobDataBinderTest.java:[70,29] org.axonframework.serialization.JavaSerializer in org.axonframework.serialization has been deprecated
[WARNING] /home/gabsko/breaking-updates/messaging/src/test/java/org/axonframework/serialization/json/MetaDataDeserializerTest.java:[55,25] enableDefaultTyping(com.fasterxml.jackson.databind.ObjectMapper.DefaultTyping) in com.fasterxml.jackson.databind.ObjectMapper has been deprecated
[WARNING] /home/gabsko/breaking-updates/messaging/src/test/java/org/axonframework/messaging/annotation/HandlerComparatorTest.java:[147,46] annotationAttributes(java.lang.Class<? extends java.lang.annotation.Annotation>) in org.axonframework.messaging.annotation.MessageHandlingMember has been deprecated
[WARNING] /home/gabsko/breaking-updates/messaging/src/test/java/org/axonframework/messaging/annotation/HandlerComparatorTest.java:[142,24] hasAnnotation(java.lang.Class<? extends java.lang.annotation.Annotation>) in org.axonframework.messaging.annotation.MessageHandlingMember has been deprecated
[WARNING] /home/gabsko/breaking-updates/messaging/src/test/java/org/axonframework/deadline/quartz/DeadlineJobDataBinderTest.java:[69,29] org.axonframework.serialization.JavaSerializer in org.axonframework.serialization has been deprecated
[WARNING] /home/gabsko/breaking-updates/messaging/src/test/java/org/axonframework/commandhandling/distributed/CommandCallbackRepositoryTest.java:[79,19] cancelCallbacks(A) in org.axonframework.commandhandling.distributed.CommandCallbackRepository has been deprecated
[WARNING] /home/gabsko/breaking-updates/messaging/src/test/java/org/axonframework/commandhandling/distributed/CommandCallbackRepositoryTest.java:[82,19] cancelCallbacks(A) in org.axonframework.commandhandling.distributed.CommandCallbackRepository has been deprecated
[WARNING] /home/gabsko/breaking-updates/messaging/src/test/java/org/axonframework/eventhandling/MultiEventHandlerInvokerTest.java:[72,9] verifyZeroInteractions(java.lang.Object...) in org.mockito.Mockito has been deprecated
[WARNING] /home/gabsko/breaking-updates/messaging/src/test/java/org/axonframework/queryhandling/SimpleQueryUpdateEmitterTest.java:[35,17] org.axonframework.queryhandling.SubscriptionQueryBackpressure in org.axonframework.queryhandling has been deprecated
[WARNING] /home/gabsko/breaking-updates/messaging/src/test/java/org/axonframework/queryhandling/SimpleQueryUpdateEmitterTest.java:[33,63] <U>registerUpdateHandler(org.axonframework.queryhandling.SubscriptionQueryMessage<?,?,?>,org.axonframework.queryhandling.SubscriptionQueryBackpressure,int) in org.axonframework.queryhandling.SimpleQueryUpdateEmitter has been deprecated
[WARNING] /home/gabsko/breaking-updates/messaging/src/test/java/org/axonframework/queryhandling/SimpleQueryUpdateEmitterTest.java:[78,106] org.axonframework.queryhandling.SubscriptionQueryBackpressure in org.axonframework.queryhandling has been deprecated
[WARNING] /home/gabsko/breaking-updates/messaging/src/test/java/org/axonframework/queryhandling/SimpleQueryUpdateEmitterTest.java:[78,69] <U>registerUpdateHandler(org.axonframework.queryhandling.SubscriptionQueryMessage<?,?,?>,org.axonframework.queryhandling.SubscriptionQueryBackpressure,int) in org.axonframework.queryhandling.SimpleQueryUpdateEmitter has been deprecated
[WARNING] /home/gabsko/breaking-updates/messaging/src/test/java/org/axonframework/queryhandling/SimpleQueryUpdateEmitterTest.java:[104,17] org.axonframework.queryhandling.SubscriptionQueryBackpressure in org.axonframework.queryhandling has been deprecated
[WARNING] /home/gabsko/breaking-updates/messaging/src/test/java/org/axonframework/queryhandling/SimpleQueryUpdateEmitterTest.java:[102,63] <U>registerUpdateHandler(org.axonframework.queryhandling.SubscriptionQueryMessage<?,?,?>,org.axonframework.queryhandling.SubscriptionQueryBackpressure,int) in org.axonframework.queryhandling.SimpleQueryUpdateEmitter has been deprecated
[WARNING] /home/gabsko/breaking-updates/messaging/src/test/java/org/axonframework/common/jdbc/ConnectionWrapperFactoryTest.java:[52,9] verifyZeroInteractions(java.lang.Object...) in org.mockito.Mockito has been deprecated
[WARNING] /home/gabsko/breaking-updates/messaging/src/test/java/org/axonframework/serialization/JavaSerializerTest.java:[30,13] org.axonframework.serialization.JavaSerializer in org.axonframework.serialization has been deprecated
[WARNING] /home/gabsko/breaking-updates/messaging/src/test/java/org/axonframework/serialization/JavaSerializerTest.java:[30,13] org.axonframework.serialization.JavaSerializer in org.axonframework.serialization has been deprecated
[WARNING] /home/gabsko/breaking-updates/messaging/src/test/java/org/axonframework/serialization/JavaSerializerTest.java:[30,13] org.axonframework.serialization.JavaSerializer in org.axonframework.serialization has been deprecated
[WARNING] /home/gabsko/breaking-updates/messaging/src/test/java/org/axonframework/serialization/JavaSerializerTest.java:[34,23] org.axonframework.serialization.JavaSerializer in org.axonframework.serialization has been deprecated
[WARNING] /home/gabsko/breaking-updates/messaging/src/test/java/org/axonframework/serialization/JavaSerializerTest.java:[58,23] org.axonframework.serialization.JavaSerializer in org.axonframework.serialization has been deprecated
[WARNING] /home/gabsko/breaking-updates/messaging/src/test/java/org/axonframework/serialization/json/JacksonSerializerTest.java:[98,21] enableDefaultTyping(com.fasterxml.jackson.databind.ObjectMapper.DefaultTyping) in com.fasterxml.jackson.databind.ObjectMapper has been deprecated
[INFO] /home/gabsko/breaking-updates/messaging/src/test/java/org/axonframework/eventhandling/AbstractEventBusTest.java: Some input files use unchecked or unsafe operations.
[INFO] /home/gabsko/breaking-updates/messaging/src/test/java/org/axonframework/eventhandling/AbstractEventBusTest.java: Recompile with -Xlint:unchecked for details.
[INFO] 
[INFO] --- maven-surefire-plugin:2.22.2:test (default-test) @ axon-messaging ---
[INFO] 
[INFO] -------------------------------------------------------
[INFO]  T E S T S
[INFO] -------------------------------------------------------
[INFO] Running org.axonframework.lifecycle.ShutdownLatchTest
2023-02-06 09:55:58,492 [main] WARN  ShutdownLatch                  [] - Latch is being initialized whilst already shutting down
[INFO] Tests run: 8, Failures: 0, Errors: 0, Skipped: 0, Time elapsed: 0.411 s - in org.axonframework.lifecycle.ShutdownLatchTest
[INFO] Running org.axonframework.deadline.annotation.DeadlineMethodMessageHandlerDefinitionTest
[INFO] Tests run: 2, Failures: 0, Errors: 0, Skipped: 0, Time elapsed: 0.025 s - in org.axonframework.deadline.annotation.DeadlineMethodMessageHandlerDefinitionTest
[INFO] Running org.axonframework.deadline.quartz.DeadlineJobDataBinderTest
Security framework of XStream not explicitly initialized, using predefined black list on your own risk.
Security framework of XStream not explicitly initialized, using predefined black list on your own risk.
[INFO] Tests run: 9, Failures: 0, Errors: 0, Skipped: 0, Time elapsed: 0.778 s - in org.axonframework.deadline.quartz.DeadlineJobDataBinderTest
[INFO] Running org.axonframework.messaging.SimpleHandlerAttributesTest
[INFO] Tests run: 8, Failures: 0, Errors: 0, Skipped: 0, Time elapsed: 0.001 s - in org.axonframework.messaging.SimpleHandlerAttributesTest
[INFO] Running org.axonframework.messaging.DefaultInterceptorChainTest
[INFO] Tests run: 1, Failures: 0, Errors: 0, Skipped: 0, Time elapsed: 0.031 s - in org.axonframework.messaging.DefaultInterceptorChainTest
[INFO] Running org.axonframework.messaging.RemoteExceptionDescriptionSerializationTest
Security framework of XStream not explicitly initialized, using predefined black list on your own risk.
[INFO] Tests run: 4, Failures: 0, Errors: 0, Skipped: 0, Time elapsed: 0.019 s - in org.axonframework.messaging.RemoteExceptionDescriptionSerializationTest
[INFO] Running org.axonframework.messaging.correlation.MetaDataValueTest
[INFO] Tests run: 18, Failures: 0, Errors: 0, Skipped: 0, Time elapsed: 0.007 s - in org.axonframework.messaging.correlation.MetaDataValueTest
[INFO] Running org.axonframework.messaging.correlation.SimpleCorrelationDataProviderTest
[INFO] Tests run: 1, Failures: 0, Errors: 0, Skipped: 0, Time elapsed: 0.001 s - in org.axonframework.messaging.correlation.SimpleCorrelationDataProviderTest
[INFO] Running org.axonframework.messaging.unitofwork.UnitOfWorkNestingTest
[INFO] Tests run: 6, Failures: 0, Errors: 0, Skipped: 0, Time elapsed: 0.001 s - in org.axonframework.messaging.unitofwork.UnitOfWorkNestingTest
[INFO] Running org.axonframework.messaging.unitofwork.RollbackConfigurationTypeTest
[INFO] Tests run: 3, Failures: 0, Errors: 0, Skipped: 0, Time elapsed: 0 s - in org.axonframework.messaging.unitofwork.RollbackConfigurationTypeTest
[INFO] Running org.axonframework.messaging.unitofwork.CurrentUnitOfWorkTest
[INFO] Tests run: 3, Failures: 0, Errors: 0, Skipped: 0, Time elapsed: 0.02 s - in org.axonframework.messaging.unitofwork.CurrentUnitOfWorkTest
[INFO] Running org.axonframework.messaging.unitofwork.AbstractUnitOfWorkTest
[INFO] Tests run: 8, Failures: 0, Errors: 0, Skipped: 0, Time elapsed: 0.095 s - in org.axonframework.messaging.unitofwork.AbstractUnitOfWorkTest
[INFO] Running org.axonframework.messaging.unitofwork.ExecutionResultTest
[INFO] Tests run: 3, Failures: 0, Errors: 0, Skipped: 0, Time elapsed: 0 s - in org.axonframework.messaging.unitofwork.ExecutionResultTest
[INFO] Running org.axonframework.messaging.unitofwork.BatchingUnitOfWorkTest
2023-02-06 09:55:59,547 [main] INFO  MessageProcessingContext       [] - An error occurred while executing a lifecycle phase handler for phase CLEANUP
org.axonframework.utils.MockException: cleanup exception
[INFO] Tests run: 3, Failures: 0, Errors: 0, Skipped: 0, Time elapsed: 0.018 s - in org.axonframework.messaging.unitofwork.BatchingUnitOfWorkTest
[INFO] Running org.axonframework.messaging.GenericMessageTest
[INFO] Tests run: 4, Failures: 0, Errors: 0, Skipped: 0, Time elapsed: 0.006 s - in org.axonframework.messaging.GenericMessageTest
[INFO] Running org.axonframework.messaging.GenericResultMessageTest
[INFO] Tests run: 2, Failures: 0, Errors: 0, Skipped: 0, Time elapsed: 0.002 s - in org.axonframework.messaging.GenericResultMessageTest
[INFO] Running org.axonframework.messaging.interceptors.BeanValidationInterceptorTest
[INFO] Tests run: 5, Failures: 0, Errors: 0, Skipped: 0, Time elapsed: 0.226 s - in org.axonframework.messaging.interceptors.BeanValidationInterceptorTest
[INFO] Running org.axonframework.messaging.interceptors.CorrelationDataInterceptorTest
[INFO] Tests run: 1, Failures: 0, Errors: 0, Skipped: 0, Time elapsed: 0.003 s - in org.axonframework.messaging.interceptors.CorrelationDataInterceptorTest
[INFO] Running org.axonframework.messaging.interceptors.TransactionManagingInterceptorTest
[INFO] Tests run: 2, Failures: 0, Errors: 0, Skipped: 0, Time elapsed: 0.033 s - in org.axonframework.messaging.interceptors.TransactionManagingInterceptorTest
[INFO] Running org.axonframework.messaging.interceptors.LoggingInterceptorTest
[INFO] Tests run: 6, Failures: 0, Errors: 0, Skipped: 0, Time elapsed: 0.148 s - in org.axonframework.messaging.interceptors.LoggingInterceptorTest
[INFO] Running org.axonframework.messaging.responsetypes.InstanceResponseTypeTest
[INFO] Tests run: 42, Failures: 0, Errors: 0, Skipped: 0, Time elapsed: 0.012 s - in org.axonframework.messaging.responsetypes.InstanceResponseTypeTest
[INFO] Running org.axonframework.messaging.responsetypes.OptionalResponseTypeTest
[INFO] Tests run: 38, Failures: 0, Errors: 0, Skipped: 0, Time elapsed: 0.006 s - in org.axonframework.messaging.responsetypes.OptionalResponseTypeTest
[INFO] Running org.axonframework.messaging.responsetypes.MultipleInstancesResponseTypeSerializationTest
[INFO] Tests run: 4, Failures: 0, Errors: 0, Skipped: 0, Time elapsed: 0.01 s - in org.axonframework.messaging.responsetypes.MultipleInstancesResponseTypeSerializationTest
[INFO] Running org.axonframework.messaging.responsetypes.MultipleInstancesResponseTypeTest
[INFO] Tests run: 48, Failures: 0, Errors: 0, Skipped: 0, Time elapsed: 0.012 s - in org.axonframework.messaging.responsetypes.MultipleInstancesResponseTypeTest
[INFO] Running org.axonframework.messaging.responsetypes.OptionalResponseTypeSerializationTest
[INFO] Tests run: 4, Failures: 0, Errors: 0, Skipped: 0, Time elapsed: 0.001 s - in org.axonframework.messaging.responsetypes.OptionalResponseTypeSerializationTest
[INFO] Running org.axonframework.messaging.responsetypes.ConvertingResponseMessageTest
[INFO] Tests run: 2, Failures: 0, Errors: 0, Skipped: 0, Time elapsed: 0 s - in org.axonframework.messaging.responsetypes.ConvertingResponseMessageTest
[INFO] Running org.axonframework.messaging.responsetypes.InstanceResponseTypeSerializationTest
[INFO] Tests run: 4, Failures: 0, Errors: 0, Skipped: 0, Time elapsed: 0.009 s - in org.axonframework.messaging.responsetypes.InstanceResponseTypeSerializationTest
[INFO] Running org.axonframework.messaging.annotation.MultiParameterResolverFactoryTest
[INFO] Tests run: 3, Failures: 0, Errors: 0, Skipped: 0, Time elapsed: 0.015 s - in org.axonframework.messaging.annotation.MultiParameterResolverFactoryTest
[INFO] Running org.axonframework.messaging.annotation.HandlerComparatorTest
[INFO] Tests run: 4, Failures: 0, Errors: 0, Skipped: 0, Time elapsed: 0 s - in org.axonframework.messaging.annotation.HandlerComparatorTest
[INFO] Running org.axonframework.messaging.annotation.HandlerHierarchyTest
[INFO] Tests run: 1, Failures: 0, Errors: 0, Skipped: 0, Time elapsed: 0 s - in org.axonframework.messaging.annotation.HandlerHierarchyTest
[INFO] Running org.axonframework.messaging.annotation.MessageIdentifierParameterResolverFactoryTest
[INFO] Tests run: 4, Failures: 0, Errors: 0, Skipped: 0, Time elapsed: 0 s - in org.axonframework.messaging.annotation.MessageIdentifierParameterResolverFactoryTest
[INFO] Running org.axonframework.messaging.annotation.WrappedMessageHandlingMemberTest
[INFO] Tests run: 2, Failures: 0, Errors: 0, Skipped: 0, Time elapsed: 0.001 s - in org.axonframework.messaging.annotation.WrappedMessageHandlingMemberTest
[INFO] Running org.axonframework.messaging.annotation.SimpleResourceParameterResolverFactoryTest
[INFO] Tests run: 4, Failures: 0, Errors: 0, Skipped: 0, Time elapsed: 0 s - in org.axonframework.messaging.annotation.SimpleResourceParameterResolverFactoryTest
[INFO] Running org.axonframework.messaging.annotation.SourceIdParameterResolverFactoryTest
[INFO] Tests run: 4, Failures: 0, Errors: 0, Skipped: 0, Time elapsed: 0 s - in org.axonframework.messaging.annotation.SourceIdParameterResolverFactoryTest
[INFO] Running org.axonframework.messaging.annotation.AnnotatedMessageHandlingMemberTest
[INFO] Tests run: 3, Failures: 0, Errors: 0, Skipped: 0, Time elapsed: 0 s - in org.axonframework.messaging.annotation.AnnotatedMessageHandlingMemberTest
[INFO] Running org.axonframework.messaging.annotation.AnnotatedHandlerInspectorTest
[INFO] Tests run: 3, Failures: 0, Errors: 0, Skipped: 0, Time elapsed: 0.014 s - in org.axonframework.messaging.annotation.AnnotatedHandlerInspectorTest
[INFO] Running org.axonframework.messaging.annotation.ScopeDescriptorParameterResolverFactoryTest
[INFO] Tests run: 2, Failures: 0, Errors: 0, Skipped: 0, Time elapsed: 0.005 s - in org.axonframework.messaging.annotation.ScopeDescriptorParameterResolverFactoryTest
[INFO] Running org.axonframework.messaging.annotation.AnnotatedHandlerAttributesTest
[INFO] Tests run: 6, Failures: 0, Errors: 0, Skipped: 0, Time elapsed: 0.001 s - in org.axonframework.messaging.annotation.AnnotatedHandlerAttributesTest
[INFO] Running org.axonframework.messaging.HandlerExecutionExceptionTest
[INFO] Tests run: 4, Failures: 0, Errors: 0, Skipped: 0, Time elapsed: 0 s - in org.axonframework.messaging.HandlerExecutionExceptionTest
[INFO] Running org.axonframework.messaging.MetaDataTest
[INFO] Tests run: 1, Failures: 0, Errors: 0, Skipped: 0, Time elapsed: 0 s - in org.axonframework.messaging.MetaDataTest
[INFO] Running org.axonframework.messaging.HeadersTests
[INFO] Tests run: 11, Failures: 0, Errors: 0, Skipped: 0, Time elapsed: 0.033 s - in org.axonframework.messaging.HeadersTests
[INFO] Running org.axonframework.common.ObjectUtilsTest
[INFO] Tests run: 2, Failures: 0, Errors: 0, Skipped: 0, Time elapsed: 0 s - in org.axonframework.common.ObjectUtilsTest
[INFO] Running org.axonframework.common.IdentifierValidatorTest
[INFO] Tests run: 4, Failures: 0, Errors: 0, Skipped: 0, Time elapsed: 0.001 s - in org.axonframework.common.IdentifierValidatorTest
[INFO] Running org.axonframework.common.property.UniformPropertyAccessStrategyTest
[INFO] Tests run: 4, Failures: 0, Errors: 0, Skipped: 0, Time elapsed: 0.002 s - in org.axonframework.common.property.UniformPropertyAccessStrategyTest
[INFO] Running org.axonframework.common.property.BeanPropertyAccessStrategyTest
[INFO] Tests run: 4, Failures: 0, Errors: 0, Skipped: 0, Time elapsed: 0 s - in org.axonframework.common.property.BeanPropertyAccessStrategyTest
[INFO] Running org.axonframework.common.property.DirectPropertyAccessStrategyTest
[INFO] Tests run: 4, Failures: 0, Errors: 0, Skipped: 0, Time elapsed: 0 s - in org.axonframework.common.property.DirectPropertyAccessStrategyTest
[INFO] Running org.axonframework.common.property.PropertyAccessStrategyTest
[INFO] Tests run: 5, Failures: 0, Errors: 0, Skipped: 0, Time elapsed: 0 s - in org.axonframework.common.property.PropertyAccessStrategyTest
[INFO] Running org.axonframework.common.ReflectionUtilsTest
[INFO] Tests run: 27, Failures: 0, Errors: 0, Skipped: 0, Time elapsed: 0 s - in org.axonframework.common.ReflectionUtilsTest
[INFO] Running org.axonframework.common.StringUtilsTest
[INFO] Tests run: 1, Failures: 0, Errors: 0, Skipped: 0, Time elapsed: 0 s - in org.axonframework.common.StringUtilsTest
[INFO] Running org.axonframework.common.AxonThreadFactoryTest
[INFO] Tests run: 5, Failures: 0, Errors: 0, Skipped: 0, Time elapsed: 0.001 s - in org.axonframework.common.AxonThreadFactoryTest
[INFO] Running org.axonframework.common.DateTimeUtilsTest
[INFO] Tests run: 2, Failures: 0, Errors: 0, Skipped: 0, Time elapsed: 0 s - in org.axonframework.common.DateTimeUtilsTest
[INFO] Running org.axonframework.common.ProcessUtilsTest
[INFO] Tests run: 3, Failures: 0, Errors: 0, Skipped: 0, Time elapsed: 0.151 s - in org.axonframework.common.ProcessUtilsTest
[INFO] Running org.axonframework.common.ExceptionUtilsTest
[INFO] Tests run: 4, Failures: 0, Errors: 0, Skipped: 0, Time elapsed: 0 s - in org.axonframework.common.ExceptionUtilsTest
[INFO] Running org.axonframework.common.jdbc.UnitOfWorkAwareConnectionProviderWrapperTest
2023-02-06 09:56:00,403 [main] INFO  MessageProcessingContext       [] - An error occurred while executing a lifecycle phase handler for phase ROLLBACK
org.axonframework.messaging.ExecutionException: Unable to rollback transaction
	at org.axonframework.common.jdbc.UnitOfWorkAwareConnectionProviderWrapper.lambda$getConnection$2(UnitOfWorkAwareConnectionProviderWrapper.java:93) ~[classes/:?]
	at org.axonframework.messaging.unitofwork.MessageProcessingContext.notifyHandlers(MessageProcessingContext.java:72) ~[classes/:?]
	at org.axonframework.messaging.unitofwork.DefaultUnitOfWork.notifyHandlers(DefaultUnitOfWork.java:106) ~[classes/:?]
	at org.axonframework.messaging.unitofwork.AbstractUnitOfWork.changePhase(AbstractUnitOfWork.java:222) ~[classes/:?]
	at org.axonframework.messaging.unitofwork.AbstractUnitOfWork.rollback(AbstractUnitOfWork.java:128) ~[classes/:?]
	at org.axonframework.messaging.unitofwork.UnitOfWork.rollback(UnitOfWork.java:75) ~[classes/:?]
	at org.axonframework.common.jdbc.UnitOfWorkAwareConnectionProviderWrapperTest.testOriginalExceptionThrewWhenRollbackFailed(UnitOfWorkAwareConnectionProviderWrapperTest.java:133) ~[test-classes/:?]
	at jdk.internal.reflect.NativeMethodAccessorImpl.invoke0(Native Method) ~[?:?]
	at jdk.internal.reflect.NativeMethodAccessorImpl.invoke(NativeMethodAccessorImpl.java:62) ~[?:?]
	at jdk.internal.reflect.DelegatingMethodAccessorImpl.invoke(DelegatingMethodAccessorImpl.java:43) ~[?:?]
	at java.lang.reflect.Method.invoke(Method.java:566) ~[?:?]
	at org.junit.platform.commons.util.ReflectionUtils.invokeMethod(ReflectionUtils.java:688) ~[junit-platform-commons-1.7.2.jar:1.7.2]
	at org.junit.jupiter.engine.execution.MethodInvocation.proceed(MethodInvocation.java:60) ~[junit-jupiter-engine-5.7.2.jar:5.7.2]
	at org.junit.jupiter.engine.execution.InvocationInterceptorChain$ValidatingInvocation.proceed(InvocationInterceptorChain.java:131) ~[junit-jupiter-engine-5.7.2.jar:5.7.2]
	at org.junit.jupiter.engine.extension.TimeoutExtension.intercept(TimeoutExtension.java:149) ~[junit-jupiter-engine-5.7.2.jar:5.7.2]
	at org.junit.jupiter.engine.extension.TimeoutExtension.interceptTestableMethod(TimeoutExtension.java:140) ~[junit-jupiter-engine-5.7.2.jar:5.7.2]
	at org.junit.jupiter.engine.extension.TimeoutExtension.interceptTestMethod(TimeoutExtension.java:84) ~[junit-jupiter-engine-5.7.2.jar:5.7.2]
	at org.junit.jupiter.engine.execution.ExecutableInvoker$ReflectiveInterceptorCall.lambda$ofVoidMethod$0(ExecutableInvoker.java:115) ~[junit-jupiter-engine-5.7.2.jar:5.7.2]
	at org.junit.jupiter.engine.execution.ExecutableInvoker.lambda$invoke$0(ExecutableInvoker.java:105) ~[junit-jupiter-engine-5.7.2.jar:5.7.2]
	at org.junit.jupiter.engine.execution.InvocationInterceptorChain$InterceptedInvocation.proceed(InvocationInterceptorChain.java:106) ~[junit-jupiter-engine-5.7.2.jar:5.7.2]
	at org.junit.jupiter.engine.execution.InvocationInterceptorChain.proceed(InvocationInterceptorChain.java:64) ~[junit-jupiter-engine-5.7.2.jar:5.7.2]
	at org.junit.jupiter.engine.execution.InvocationInterceptorChain.chainAndInvoke(InvocationInterceptorChain.java:45) ~[junit-jupiter-engine-5.7.2.jar:5.7.2]
	at org.junit.jupiter.engine.execution.InvocationInterceptorChain.invoke(InvocationInterceptorChain.java:37) ~[junit-jupiter-engine-5.7.2.jar:5.7.2]
	at org.junit.jupiter.engine.execution.ExecutableInvoker.invoke(ExecutableInvoker.java:104) ~[junit-jupiter-engine-5.7.2.jar:5.7.2]
	at org.junit.jupiter.engine.execution.ExecutableInvoker.invoke(ExecutableInvoker.java:98) ~[junit-jupiter-engine-5.7.2.jar:5.7.2]
	at org.junit.jupiter.engine.descriptor.TestMethodTestDescriptor.lambda$invokeTestMethod$6(TestMethodTestDescriptor.java:210) ~[junit-jupiter-engine-5.7.2.jar:5.7.2]
	at org.junit.platform.engine.support.hierarchical.ThrowableCollector.execute(ThrowableCollector.java:73) ~[junit-platform-engine-1.7.2.jar:1.7.2]
	at org.junit.jupiter.engine.descriptor.TestMethodTestDescriptor.invokeTestMethod(TestMethodTestDescriptor.java:206) ~[junit-jupiter-engine-5.7.2.jar:5.7.2]
	at org.junit.jupiter.engine.descriptor.TestMethodTestDescriptor.execute(TestMethodTestDescriptor.java:131) ~[junit-jupiter-engine-5.7.2.jar:5.7.2]
	at org.junit.jupiter.engine.descriptor.TestMethodTestDescriptor.execute(TestMethodTestDescriptor.java:65) ~[junit-jupiter-engine-5.7.2.jar:5.7.2]
	at org.junit.platform.engine.support.hierarchical.NodeTestTask.lambda$executeRecursively$5(NodeTestTask.java:139) ~[junit-platform-engine-1.7.2.jar:1.7.2]
	at org.junit.platform.engine.support.hierarchical.ThrowableCollector.execute(ThrowableCollector.java:73) ~[junit-platform-engine-1.7.2.jar:1.7.2]
	at org.junit.platform.engine.support.hierarchical.NodeTestTask.lambda$executeRecursively$7(NodeTestTask.java:129) ~[junit-platform-engine-1.7.2.jar:1.7.2]
	at org.junit.platform.engine.support.hierarchical.Node.around(Node.java:137) ~[junit-platform-engine-1.7.2.jar:1.7.2]
	at org.junit.platform.engine.support.hierarchical.NodeTestTask.lambda$executeRecursively$8(NodeTestTask.java:127) ~[junit-platform-engine-1.7.2.jar:1.7.2]
	at org.junit.platform.engine.support.hierarchical.ThrowableCollector.execute(ThrowableCollector.java:73) ~[junit-platform-engine-1.7.2.jar:1.7.2]
	at org.junit.platform.engine.support.hierarchical.NodeTestTask.executeRecursively(NodeTestTask.java:126) ~[junit-platform-engine-1.7.2.jar:1.7.2]
	at org.junit.platform.engine.support.hierarchical.NodeTestTask.execute(NodeTestTask.java:84) ~[junit-platform-engine-1.7.2.jar:1.7.2]
	at java.util.ArrayList.forEach(ArrayList.java:1541) ~[?:?]
	at org.junit.platform.engine.support.hierarchical.SameThreadHierarchicalTestExecutorService.invokeAll(SameThreadHierarchicalTestExecutorService.java:38) ~[junit-platform-engine-1.7.2.jar:1.7.2]
	at org.junit.platform.engine.support.hierarchical.NodeTestTask.lambda$executeRecursively$5(NodeTestTask.java:143) ~[junit-platform-engine-1.7.2.jar:1.7.2]
	at org.junit.platform.engine.support.hierarchical.ThrowableCollector.execute(ThrowableCollector.java:73) ~[junit-platform-engine-1.7.2.jar:1.7.2]
	at org.junit.platform.engine.support.hierarchical.NodeTestTask.lambda$executeRecursively$7(NodeTestTask.java:129) ~[junit-platform-engine-1.7.2.jar:1.7.2]
	at org.junit.platform.engine.support.hierarchical.Node.around(Node.java:137) ~[junit-platform-engine-1.7.2.jar:1.7.2]
	at org.junit.platform.engine.support.hierarchical.NodeTestTask.lambda$executeRecursively$8(NodeTestTask.java:127) ~[junit-platform-engine-1.7.2.jar:1.7.2]
	at org.junit.platform.engine.support.hierarchical.ThrowableCollector.execute(ThrowableCollector.java:73) ~[junit-platform-engine-1.7.2.jar:1.7.2]
	at org.junit.platform.engine.support.hierarchical.NodeTestTask.executeRecursively(NodeTestTask.java:126) ~[junit-platform-engine-1.7.2.jar:1.7.2]
	at org.junit.platform.engine.support.hierarchical.NodeTestTask.execute(NodeTestTask.java:84) ~[junit-platform-engine-1.7.2.jar:1.7.2]
	at java.util.ArrayList.forEach(ArrayList.java:1541) ~[?:?]
	at org.junit.platform.engine.support.hierarchical.SameThreadHierarchicalTestExecutorService.invokeAll(SameThreadHierarchicalTestExecutorService.java:38) ~[junit-platform-engine-1.7.2.jar:1.7.2]
	at org.junit.platform.engine.support.hierarchical.NodeTestTask.lambda$executeRecursively$5(NodeTestTask.java:143) ~[junit-platform-engine-1.7.2.jar:1.7.2]
	at org.junit.platform.engine.support.hierarchical.ThrowableCollector.execute(ThrowableCollector.java:73) ~[junit-platform-engine-1.7.2.jar:1.7.2]
	at org.junit.platform.engine.support.hierarchical.NodeTestTask.lambda$executeRecursively$7(NodeTestTask.java:129) ~[junit-platform-engine-1.7.2.jar:1.7.2]
	at org.junit.platform.engine.support.hierarchical.Node.around(Node.java:137) ~[junit-platform-engine-1.7.2.jar:1.7.2]
	at org.junit.platform.engine.support.hierarchical.NodeTestTask.lambda$executeRecursively$8(NodeTestTask.java:127) ~[junit-platform-engine-1.7.2.jar:1.7.2]
	at org.junit.platform.engine.support.hierarchical.ThrowableCollector.execute(ThrowableCollector.java:73) ~[junit-platform-engine-1.7.2.jar:1.7.2]
	at org.junit.platform.engine.support.hierarchical.NodeTestTask.executeRecursively(NodeTestTask.java:126) ~[junit-platform-engine-1.7.2.jar:1.7.2]
	at org.junit.platform.engine.support.hierarchical.NodeTestTask.execute(NodeTestTask.java:84) ~[junit-platform-engine-1.7.2.jar:1.7.2]
	at org.junit.platform.engine.support.hierarchical.SameThreadHierarchicalTestExecutorService.submit(SameThreadHierarchicalTestExecutorService.java:32) ~[junit-platform-engine-1.7.2.jar:1.7.2]
	at org.junit.platform.engine.support.hierarchical.HierarchicalTestExecutor.execute(HierarchicalTestExecutor.java:57) ~[junit-platform-engine-1.7.2.jar:1.7.2]
	at org.junit.platform.engine.support.hierarchical.HierarchicalTestEngine.execute(HierarchicalTestEngine.java:51) ~[junit-platform-engine-1.7.2.jar:1.7.2]
	at org.junit.platform.launcher.core.DefaultLauncher.execute(DefaultLauncher.java:220) ~[junit-platform-launcher-1.3.1.jar:1.3.1]
	at org.junit.platform.launcher.core.DefaultLauncher.lambda$execute$6(DefaultLauncher.java:188) ~[junit-platform-launcher-1.3.1.jar:1.3.1]
	at org.junit.platform.launcher.core.DefaultLauncher.withInterceptedStreams(DefaultLauncher.java:202) [junit-platform-launcher-1.3.1.jar:1.3.1]
	at org.junit.platform.launcher.core.DefaultLauncher.execute(DefaultLauncher.java:181) [junit-platform-launcher-1.3.1.jar:1.3.1]
	at org.junit.platform.launcher.core.DefaultLauncher.execute(DefaultLauncher.java:128) [junit-platform-launcher-1.3.1.jar:1.3.1]
	at org.apache.maven.surefire.junitplatform.JUnitPlatformProvider.invokeAllTests(JUnitPlatformProvider.java:150) [surefire-junit-platform-2.22.2.jar:2.22.2]
	at org.apache.maven.surefire.junitplatform.JUnitPlatformProvider.invoke(JUnitPlatformProvider.java:124) [surefire-junit-platform-2.22.2.jar:2.22.2]
	at org.apache.maven.surefire.booter.ForkedBooter.invokeProviderInSameClassLoader(ForkedBooter.java:384) [surefire-booter-2.22.2.jar:2.22.2]
	at org.apache.maven.surefire.booter.ForkedBooter.runSuitesInProcess(ForkedBooter.java:345) [surefire-booter-2.22.2.jar:2.22.2]
	at org.apache.maven.surefire.booter.ForkedBooter.execute(ForkedBooter.java:126) [surefire-booter-2.22.2.jar:2.22.2]
	at org.apache.maven.surefire.booter.ForkedBooter.main(ForkedBooter.java:418) [surefire-booter-2.22.2.jar:2.22.2]
	Suppressed: java.sql.SQLException
Caused by: java.lang.IllegalArgumentException
	at org.axonframework.common.jdbc.UnitOfWorkAwareConnectionProviderWrapperTest$1.getExecutionResult(UnitOfWorkAwareConnectionProviderWrapperTest.java:123) ~[test-classes/:?]
	... 72 more
[INFO] Tests run: 6, Failures: 0, Errors: 0, Skipped: 0, Time elapsed: 0.045 s - in org.axonframework.common.jdbc.UnitOfWorkAwareConnectionProviderWrapperTest
[INFO] Running org.axonframework.common.jdbc.ConnectionWrapperFactoryTest
[INFO] Tests run: 8, Failures: 0, Errors: 0, Skipped: 0, Time elapsed: 0.016 s - in org.axonframework.common.jdbc.ConnectionWrapperFactoryTest
[INFO] Running org.axonframework.common.jdbc.JdbcUtilsTest
[INFO] Tests run: 4, Failures: 0, Errors: 0, Skipped: 0, Time elapsed: 0.031 s - in org.axonframework.common.jdbc.JdbcUtilsTest
[INFO] Running org.axonframework.common.annotation.AnnotationUtilsTest
[INFO] Tests run: 9, Failures: 0, Errors: 0, Skipped: 0, Time elapsed: 0.001 s - in org.axonframework.common.annotation.AnnotationUtilsTest
[INFO] Running org.axonframework.common.annotation.PriorityAnnotationComparatorTest
[INFO] Tests run: 4, Failures: 0, Errors: 0, Skipped: 0, Time elapsed: 0.002 s - in org.axonframework.common.annotation.PriorityAnnotationComparatorTest
[INFO] Running org.axonframework.common.AssertTest
[INFO] Tests run: 4, Failures: 0, Errors: 0, Skipped: 0, Time elapsed: 0 s - in org.axonframework.common.AssertTest
[INFO] Running org.axonframework.common.BuilderUtilsTest
[INFO] Tests run: 7, Failures: 0, Errors: 0, Skipped: 0, Time elapsed: 0.007 s - in org.axonframework.common.BuilderUtilsTest
[INFO] Running org.axonframework.common.caching.WeakReferenceCacheTest
[INFO] Tests run: 4, Failures: 0, Errors: 0, Skipped: 0, Time elapsed: 0.077 s - in org.axonframework.common.caching.WeakReferenceCacheTest
[INFO] Running org.axonframework.common.caching.NoCacheTest
[INFO] Tests run: 1, Failures: 0, Errors: 0, Skipped: 0, Time elapsed: 0 s - in org.axonframework.common.caching.NoCacheTest
[INFO] Running org.axonframework.common.lock.LockFactoryTest
[INFO] Tests run: 1, Failures: 0, Errors: 0, Skipped: 0, Time elapsed: 0.02 s - in org.axonframework.common.lock.LockFactoryTest
[INFO] Running org.axonframework.common.lock.PessimisticLockFactoryTest
[INFO] Tests run: 11, Failures: 0, Errors: 0, Skipped: 0, Time elapsed: 0.042 s - in org.axonframework.common.lock.PessimisticLockFactoryTest
[INFO] Running org.axonframework.common.CollectionUtilsTest
[INFO] Tests run: 2, Failures: 0, Errors: 0, Skipped: 0, Time elapsed: 0.001 s - in org.axonframework.common.CollectionUtilsTest
[INFO] Running org.axonframework.commandhandling.gateway.IntervalRetrySchedulerTest
[INFO] Tests run: 2, Failures: 0, Errors: 0, Skipped: 0, Time elapsed: 0.498 s - in org.axonframework.commandhandling.gateway.IntervalRetrySchedulerTest
[INFO] Running org.axonframework.commandhandling.gateway.DefaultCommandGatewayTest
2023-02-06 09:56:01,186 [main] WARN  DefaultCommandGateway          [] - Command 'java.lang.String' resulted in java.lang.RuntimeException(java.lang.RuntimeException)
[INFO] Tests run: 11, Failures: 0, Errors: 0, Skipped: 0, Time elapsed: 0.057 s - in org.axonframework.commandhandling.gateway.DefaultCommandGatewayTest
[INFO] Running org.axonframework.commandhandling.gateway.ExponentialBackOffIntervalRetrySchedulerTest
[INFO] Tests run: 2, Failures: 0, Errors: 0, Skipped: 0, Time elapsed: 6.309 s - in org.axonframework.commandhandling.gateway.ExponentialBackOffIntervalRetrySchedulerTest
[INFO] Running org.axonframework.commandhandling.gateway.CommandGatewayFactoryTest
Exception in thread "Thread-19" org.axonframework.commandhandling.CommandExecutionException: Command execution resulted in a checked exception that was not declared on the gateway
	at org.axonframework.commandhandling.gateway.CommandGatewayFactory$WrapNonDeclaredCheckedExceptions.asRuntimeIfNotDeclared(CommandGatewayFactory.java:619)
	at org.axonframework.commandhandling.gateway.CommandGatewayFactory$WrapNonDeclaredCheckedExceptions.invoke(CommandGatewayFactory.java:606)
	at org.axonframework.commandhandling.gateway.CommandGatewayFactory$GatewayInvocationHandler.invoke(CommandGatewayFactory.java:371)
	at org.axonframework.commandhandling.gateway.$Proxy109.fireAndWait(Unknown Source)
	at org.axonframework.commandhandling.gateway.CommandGatewayFactoryTest.lambda$testGatewayTimeout$3(CommandGatewayFactoryTest.java:131)
	at java.base/java.lang.Thread.run(Thread.java:829)
Caused by: java.lang.InterruptedException
	at java.base/java.util.concurrent.CompletableFuture.reportGet(CompletableFuture.java:385)
	at java.base/java.util.concurrent.CompletableFuture.get(CompletableFuture.java:2022)
	at org.axonframework.commandhandling.gateway.CommandGatewayFactory$WaitForResultWithFixedTimeout.invoke(CommandGatewayFactory.java:677)
	at org.axonframework.commandhandling.gateway.CommandGatewayFactory$WrapNonDeclaredCheckedExceptions.invoke(CommandGatewayFactory.java:602)
	... 4 more
[INFO] Tests run: 32, Failures: 0, Errors: 0, Skipped: 0, Time elapsed: 0.067 s - in org.axonframework.commandhandling.gateway.CommandGatewayFactoryTest
[INFO] Running org.axonframework.commandhandling.AnnotationCommandHandlerAdapterTest
[INFO] Tests run: 6, Failures: 0, Errors: 0, Skipped: 0, Time elapsed: 0.022 s - in org.axonframework.commandhandling.AnnotationCommandHandlerAdapterTest
[INFO] Running org.axonframework.commandhandling.distributed.ReplyMessageSerializationTest
[INFO] Tests run: 16, Failures: 0, Errors: 0, Skipped: 0, Time elapsed: 0.025 s - in org.axonframework.commandhandling.distributed.ReplyMessageSerializationTest
[INFO] Running org.axonframework.commandhandling.distributed.DistributedCommandBusTest
[INFO] Tests run: 11, Failures: 0, Errors: 0, Skipped: 0, Time elapsed: 0.045 s - in org.axonframework.commandhandling.distributed.DistributedCommandBusTest
[INFO] Running org.axonframework.commandhandling.distributed.commandfilter.AcceptAllSerializationTest
[INFO] Tests run: 4, Failures: 0, Errors: 0, Skipped: 0, Time elapsed: 0.009 s - in org.axonframework.commandhandling.distributed.commandfilter.AcceptAllSerializationTest
[INFO] Running org.axonframework.commandhandling.distributed.commandfilter.CommandFilterTest
[INFO] Tests run: 4, Failures: 0, Errors: 0, Skipped: 0, Time elapsed: 0 s - in org.axonframework.commandhandling.distributed.commandfilter.CommandFilterTest
[INFO] Running org.axonframework.commandhandling.distributed.commandfilter.AndCommandMessageFilterSerializationTest
[INFO] Tests run: 4, Failures: 0, Errors: 0, Skipped: 0, Time elapsed: 0.006 s - in org.axonframework.commandhandling.distributed.commandfilter.AndCommandMessageFilterSerializationTest
[INFO] Running org.axonframework.commandhandling.distributed.commandfilter.DenyAllSerializationTest
[INFO] Tests run: 4, Failures: 0, Errors: 0, Skipped: 0, Time elapsed: 0 s - in org.axonframework.commandhandling.distributed.commandfilter.DenyAllSerializationTest
[INFO] Running org.axonframework.commandhandling.distributed.commandfilter.CommandNameFilterSerializationTest
[INFO] Tests run: 4, Failures: 0, Errors: 0, Skipped: 0, Time elapsed: 0 s - in org.axonframework.commandhandling.distributed.commandfilter.CommandNameFilterSerializationTest
[INFO] Running org.axonframework.commandhandling.distributed.commandfilter.DenyCommandNameFilterSerializationTest
[INFO] Tests run: 4, Failures: 0, Errors: 0, Skipped: 0, Time elapsed: 0.001 s - in org.axonframework.commandhandling.distributed.commandfilter.DenyCommandNameFilterSerializationTest
[INFO] Running org.axonframework.commandhandling.distributed.commandfilter.OrCommandMessageFilterSerializationTest
[INFO] Tests run: 4, Failures: 0, Errors: 0, Skipped: 0, Time elapsed: 0.003 s - in org.axonframework.commandhandling.distributed.commandfilter.OrCommandMessageFilterSerializationTest
[INFO] Running org.axonframework.commandhandling.distributed.commandfilter.NegateCommandMessageFilterSerializationTest
[INFO] Tests run: 4, Failures: 0, Errors: 0, Skipped: 0, Time elapsed: 0.003 s - in org.axonframework.commandhandling.distributed.commandfilter.NegateCommandMessageFilterSerializationTest
[INFO] Running org.axonframework.commandhandling.distributed.AnnotationRoutingStrategyTest
[INFO] Tests run: 8, Failures: 0, Errors: 0, Skipped: 0, Time elapsed: 0.005 s - in org.axonframework.commandhandling.distributed.AnnotationRoutingStrategyTest
[INFO] Running org.axonframework.commandhandling.distributed.ConsistentHashTest
[INFO] Tests run: 8, Failures: 0, Errors: 0, Skipped: 0, Time elapsed: 0.012 s - in org.axonframework.commandhandling.distributed.ConsistentHashTest
[INFO] Running org.axonframework.commandhandling.distributed.MetaDataRoutingStrategyTest
[INFO] Tests run: 5, Failures: 0, Errors: 0, Skipped: 0, Time elapsed: 0 s - in org.axonframework.commandhandling.distributed.MetaDataRoutingStrategyTest
[INFO] Running org.axonframework.commandhandling.distributed.CommandCallbackRepositoryTest
[INFO] Tests run: 3, Failures: 0, Errors: 0, Skipped: 0, Time elapsed: 0 s - in org.axonframework.commandhandling.distributed.CommandCallbackRepositoryTest
[INFO] Running org.axonframework.commandhandling.distributed.UnresolvedRoutingKeyPolicyTest
[INFO] Tests run: 3, Failures: 0, Errors: 0, Skipped: 0, Time elapsed: 0 s - in org.axonframework.commandhandling.distributed.UnresolvedRoutingKeyPolicyTest
[INFO] Running org.axonframework.commandhandling.DuplicateCommandHandlerResolutionTest
2023-02-06 09:56:07,773 [main] WARN  uplicateCommandHandlerResolver [] - A duplicate command handler was found for command [test]. The handler in [org.axonframework.commandhandling.DuplicateCommandHandlerResolutionTest$Handler1] has been replaced by the handler in [org.axonframework.commandhandling.DuplicateCommandHandlerResolutionTest$Handler2].
[INFO] Tests run: 3, Failures: 0, Errors: 0, Skipped: 0, Time elapsed: 0 s - in org.axonframework.commandhandling.DuplicateCommandHandlerResolutionTest
[INFO] Running org.axonframework.commandhandling.callbacks.FutureCallbackTest
[INFO] Tests run: 7, Failures: 0, Errors: 0, Skipped: 0, Time elapsed: 0 s - in org.axonframework.commandhandling.callbacks.FutureCallbackTest
[INFO] Running org.axonframework.commandhandling.GenericCommandMessageTest
[INFO] Tests run: 4, Failures: 0, Errors: 0, Skipped: 0, Time elapsed: 0 s - in org.axonframework.commandhandling.GenericCommandMessageTest
[INFO] Running org.axonframework.commandhandling.AsynchronousCommandBusTest
[INFO] Tests run: 5, Failures: 0, Errors: 0, Skipped: 0, Time elapsed: 0.01 s - in org.axonframework.commandhandling.AsynchronousCommandBusTest
[INFO] Running org.axonframework.commandhandling.SimpleCommandBusTest
2023-02-06 09:56:07,819 [main] INFO  LoggingCallback                [] - Command executed successfully: java.lang.String
[INFO] Tests run: 13, Failures: 0, Errors: 0, Skipped: 0, Time elapsed: 0.017 s - in org.axonframework.commandhandling.SimpleCommandBusTest
[INFO] Running org.axonframework.commandhandling.CurrentUnitOfWorkParameterResolverFactoryTest
[INFO] Tests run: 4, Failures: 0, Errors: 0, Skipped: 0, Time elapsed: 0.024 s - in org.axonframework.commandhandling.CurrentUnitOfWorkParameterResolverFactoryTest
[INFO] Running org.axonframework.eventhandling.MultiEventHandlerInvokerTest
[INFO] Tests run: 11, Failures: 0, Errors: 0, Skipped: 0, Time elapsed: 0.019 s - in org.axonframework.eventhandling.MultiEventHandlerInvokerTest
[INFO] Running org.axonframework.eventhandling.gateway.DefaultEventGatewayTest
[INFO] Tests run: 1, Failures: 0, Errors: 0, Skipped: 0, Time elapsed: 0.007 s - in org.axonframework.eventhandling.gateway.DefaultEventGatewayTest
[INFO] Running org.axonframework.eventhandling.EventHandlerInvokerTest
[INFO] Tests run: 2, Failures: 0, Errors: 0, Skipped: 0, Time elapsed: 0.006 s - in org.axonframework.eventhandling.EventHandlerInvokerTest
[INFO] Running org.axonframework.eventhandling.SimpleEventBusTest
2023-02-06 09:56:07,895 [main] INFO  AbstractEventBus               [] - EventProcessor [Mock for Consumer, hashCode: 156321306] not added. It was already subscribed
2023-02-06 09:56:07,895 [main] INFO  AbstractEventBus               [] - EventListener Mock for Consumer, hashCode: 789475336 not removed. It was already unsubscribed
[INFO] Tests run: 1, Failures: 0, Errors: 0, Skipped: 0, Time elapsed: 0.004 s - in org.axonframework.eventhandling.SimpleEventBusTest
[INFO] Running org.axonframework.eventhandling.GlobalSequenceTrackingTokenSerializationTest
[INFO] Tests run: 4, Failures: 0, Errors: 0, Skipped: 0, Time elapsed: 0.016 s - in org.axonframework.eventhandling.GlobalSequenceTrackingTokenSerializationTest
[INFO] Running org.axonframework.eventhandling.DirectEventProcessingStrategyTest
[INFO] Tests run: 1, Failures: 0, Errors: 0, Skipped: 0, Time elapsed: 0 s - in org.axonframework.eventhandling.DirectEventProcessingStrategyTest
[INFO] Running org.axonframework.eventhandling.TrackingTokenParameterResolverFactoryTest
[INFO] Tests run: 1, Failures: 0, Errors: 0, Skipped: 0, Time elapsed: 0.001 s - in org.axonframework.eventhandling.TrackingTokenParameterResolverFactoryTest
[INFO] Running org.axonframework.eventhandling.AbstractEventBusTest
[INFO] Tests run: 9, Failures: 0, Errors: 0, Skipped: 0, Time elapsed: 0.054 s - in org.axonframework.eventhandling.AbstractEventBusTest
[INFO] Running org.axonframework.eventhandling.SimpleEventHandlerInvokerTest
[INFO] Tests run: 4, Failures: 0, Errors: 0, Skipped: 0, Time elapsed: 0.009 s - in org.axonframework.eventhandling.SimpleEventHandlerInvokerTest
[INFO] Running org.axonframework.eventhandling.ConcludesBatchParameterResolverFactoryTest
[INFO] Tests run: 6, Failures: 0, Errors: 0, Skipped: 0, Time elapsed: 0 s - in org.axonframework.eventhandling.ConcludesBatchParameterResolverFactoryTest
[INFO] Running org.axonframework.eventhandling.scheduling.java.SimpleEventSchedulerTest
[INFO] Tests run: 4, Failures: 0, Errors: 0, Skipped: 0, Time elapsed: 0.173 s - in org.axonframework.eventhandling.scheduling.java.SimpleEventSchedulerTest
[INFO] Running org.axonframework.eventhandling.scheduling.java.SimpleScheduleTokenSerializationTest
[INFO] Tests run: 4, Failures: 0, Errors: 0, Skipped: 0, Time elapsed: 0.007 s - in org.axonframework.eventhandling.scheduling.java.SimpleScheduleTokenSerializationTest
[INFO] Running org.axonframework.eventhandling.scheduling.quartz.QuartzEventSchedulerTest
2023-02-06 09:56:09,318 [DefaultQuartzScheduler_Worker-1] ERROR FireEventJob                   [] - Exception occurred while publishing scheduled event [java.lang.Object]
org.axonframework.utils.MockException: Mock
[INFO] Tests run: 6, Failures: 0, Errors: 0, Skipped: 0, Time elapsed: 3.184 s - in org.axonframework.eventhandling.scheduling.quartz.QuartzEventSchedulerTest
[INFO] Running org.axonframework.eventhandling.scheduling.quartz.QuartzScheduleTokenSerializationTest
[INFO] Tests run: 4, Failures: 0, Errors: 0, Skipped: 0, Time elapsed: 0.008 s - in org.axonframework.eventhandling.scheduling.quartz.QuartzScheduleTokenSerializationTest
[INFO] Running org.axonframework.eventhandling.scheduling.quartz.DirectEventJobDataBinderTest
Security framework of XStream not explicitly initialized, using predefined black list on your own risk.
[INFO] Tests run: 6, Failures: 0, Errors: 0, Skipped: 0, Time elapsed: 0.026 s - in org.axonframework.eventhandling.scheduling.quartz.DirectEventJobDataBinderTest
[INFO] Running org.axonframework.eventhandling.AnnotatedParameterResolverFactoryTest
[INFO] Tests run: 3, Failures: 0, Errors: 0, Skipped: 0, Time elapsed: 0 s - in org.axonframework.eventhandling.AnnotatedParameterResolverFactoryTest
[INFO] Running org.axonframework.eventhandling.RemovedTrackerStatusTest
[INFO] Tests run: 12, Failures: 0, Errors: 0, Skipped: 0, Time elapsed: 0.003 s - in org.axonframework.eventhandling.RemovedTrackerStatusTest
[INFO] Running org.axonframework.eventhandling.MergedTrackingTokenSerializationTest
[INFO] Tests run: 4, Failures: 0, Errors: 0, Skipped: 0, Time elapsed: 0.005 s - in org.axonframework.eventhandling.MergedTrackingTokenSerializationTest
[INFO] Running org.axonframework.eventhandling.GapAwareTrackingTokenTest
[INFO] Tests run: 17, Failures: 0, Errors: 0, Skipped: 0, Time elapsed: 1.022 s - in org.axonframework.eventhandling.GapAwareTrackingTokenTest
[INFO] Running org.axonframework.eventhandling.AbstractEventProcessorTest
[INFO] Tests run: 1, Failures: 0, Errors: 0, Skipped: 0, Time elapsed: 0 s - in org.axonframework.eventhandling.AbstractEventProcessorTest
[INFO] Running org.axonframework.eventhandling.ReplayTokenTest
[INFO] Tests run: 10, Failures: 0, Errors: 0, Skipped: 0, Time elapsed: 0.01 s - in org.axonframework.eventhandling.ReplayTokenTest
[INFO] Running org.axonframework.eventhandling.AnnotationEventHandlerAdapterTest
[INFO] Tests run: 6, Failures: 0, Errors: 0, Skipped: 0, Time elapsed: 0.006 s - in org.axonframework.eventhandling.AnnotationEventHandlerAdapterTest
[INFO] Running org.axonframework.eventhandling.GlobalSequenceTrackingTokenTest
[INFO] Tests run: 4, Failures: 0, Errors: 0, Skipped: 0, Time elapsed: 0 s - in org.axonframework.eventhandling.GlobalSequenceTrackingTokenTest
[INFO] Running org.axonframework.eventhandling.replay.ReplayParameterResolverFactoryTest
[INFO] Tests run: 1, Failures: 0, Errors: 0, Skipped: 0, Time elapsed: 0 s - in org.axonframework.eventhandling.replay.ReplayParameterResolverFactoryTest
[INFO] Running org.axonframework.eventhandling.replay.GenericResetContextTest
[INFO] Tests run: 4, Failures: 0, Errors: 0, Skipped: 0, Time elapsed: 0 s - in org.axonframework.eventhandling.replay.GenericResetContextTest
[INFO] Running org.axonframework.eventhandling.replay.ReplayAwareMessageHandlerWrapperTest
[INFO] Tests run: 1, Failures: 0, Errors: 0, Skipped: 0, Time elapsed: 0 s - in org.axonframework.eventhandling.replay.ReplayAwareMessageHandlerWrapperTest
[INFO] Running org.axonframework.eventhandling.replay.ReplayAwareMessageHandlerWrapperWithDisallowReplayTest
[INFO] Tests run: 1, Failures: 0, Errors: 0, Skipped: 0, Time elapsed: 0 s - in org.axonframework.eventhandling.replay.ReplayAwareMessageHandlerWrapperWithDisallowReplayTest
[INFO] Running org.axonframework.eventhandling.MultiSourceTrackingTokenTest
[INFO] Tests run: 24, Failures: 0, Errors: 0, Skipped: 0, Time elapsed: 0 s - in org.axonframework.eventhandling.MultiSourceTrackingTokenTest
[INFO] Running org.axonframework.eventhandling.async.PropertySequencingPolicyTest
[INFO] Tests run: 4, Failures: 0, Errors: 0, Skipped: 0, Time elapsed: 0 s - in org.axonframework.eventhandling.async.PropertySequencingPolicyTest
[INFO] Running org.axonframework.eventhandling.async.SequentialPerAggregatePolicyTest
[INFO] Tests run: 1, Failures: 0, Errors: 0, Skipped: 0, Time elapsed: 0 s - in org.axonframework.eventhandling.async.SequentialPerAggregatePolicyTest
[INFO] Running org.axonframework.eventhandling.async.AsynchronousEventProcessingStrategyTest
[INFO] Tests run: 3, Failures: 0, Errors: 0, Skipped: 0, Time elapsed: 0 s - in org.axonframework.eventhandling.async.AsynchronousEventProcessingStrategyTest
[INFO] Running org.axonframework.eventhandling.async.SequentialPolicyTest
[INFO] Tests run: 1, Failures: 0, Errors: 0, Skipped: 0, Time elapsed: 0 s - in org.axonframework.eventhandling.async.SequentialPolicyTest
[INFO] Running org.axonframework.eventhandling.async.FullConcurrencyPolicyTest
[INFO] Tests run: 1, Failures: 0, Errors: 0, Skipped: 0, Time elapsed: 0 s - in org.axonframework.eventhandling.async.FullConcurrencyPolicyTest
[INFO] Running org.axonframework.eventhandling.async.AsynchronousEventProcessorConcurrencyTest
[INFO] Tests run: 1, Failures: 0, Errors: 0, Skipped: 0, Time elapsed: 3.512 s - in org.axonframework.eventhandling.async.AsynchronousEventProcessorConcurrencyTest
[INFO] Running org.axonframework.eventhandling.MultiSourceTrackingTokenSerializationTest
[INFO] Tests run: 4, Failures: 0, Errors: 0, Skipped: 0, Time elapsed: 0.01 s - in org.axonframework.eventhandling.MultiSourceTrackingTokenSerializationTest
[INFO] Running org.axonframework.eventhandling.SegmentTest
[INFO] Tests run: 13, Failures: 0, Errors: 0, Skipped: 0, Time elapsed: 1.246 s - in org.axonframework.eventhandling.SegmentTest
[INFO] Running org.axonframework.eventhandling.TimestampParameterResolverFactoryTest
[INFO] Tests run: 5, Failures: 0, Errors: 0, Skipped: 0, Time elapsed: 0 s - in org.axonframework.eventhandling.TimestampParameterResolverFactoryTest
[INFO] Running org.axonframework.eventhandling.PropagatingErrorHandlerTest
[INFO] Tests run: 3, Failures: 0, Errors: 0, Skipped: 0, Time elapsed: 0 s - in org.axonframework.eventhandling.PropagatingErrorHandlerTest
[INFO] Running org.axonframework.eventhandling.GenericEventMessageTest
[INFO] Tests run: 5, Failures: 0, Errors: 0, Skipped: 0, Time elapsed: 0 s - in org.axonframework.eventhandling.GenericEventMessageTest
[INFO] Running org.axonframework.eventhandling.MergedTrackingTokenTest
[INFO] Tests run: 18, Failures: 0, Errors: 0, Skipped: 0, Time elapsed: 0 s - in org.axonframework.eventhandling.MergedTrackingTokenTest
[INFO] Running org.axonframework.eventhandling.AddedTrackerStatusTest
[INFO] Tests run: 12, Failures: 0, Errors: 0, Skipped: 0, Time elapsed: 0.001 s - in org.axonframework.eventhandling.AddedTrackerStatusTest
[INFO] Running org.axonframework.eventhandling.GenericDomainEventMessageTest
[INFO] Tests run: 4, Failures: 0, Errors: 0, Skipped: 0, Time elapsed: 0 s - in org.axonframework.eventhandling.GenericDomainEventMessageTest
[INFO] Running org.axonframework.eventhandling.EventTrackerStatusTest
[INFO] Tests run: 8, Failures: 0, Errors: 0, Skipped: 0, Time elapsed: 0 s - in org.axonframework.eventhandling.EventTrackerStatusTest
[INFO] Running org.axonframework.eventhandling.ReplayTokenSerializationTest
[INFO] Tests run: 4, Failures: 0, Errors: 0, Skipped: 0, Time elapsed: 0 s - in org.axonframework.eventhandling.ReplayTokenSerializationTest
[INFO] Running org.axonframework.eventhandling.pooled.SplitTaskTest
2023-02-06 09:56:17,337 [main] WARN  CoordinatorTask                [] - Processor [test] failed to run instruction - Split Task for segment 0.
org.axonframework.eventhandling.tokenstore.UnableToClaimTokenException: some exception
	at org.axonframework.eventhandling.pooled.SplitTask.lambda$splitAndRelease$2(SplitTask.java:99) ~[classes/:?]
	at org.axonframework.common.transaction.TransactionManager.executeInTransaction(TransactionManager.java:47) ~[classes/:?]
	at org.axonframework.eventhandling.pooled.SplitTask.splitAndRelease(SplitTask.java:98) ~[classes/:?]
	at org.axonframework.eventhandling.pooled.SplitTask.lambda$fetchSegmentAndSplit$1(SplitTask.java:92) ~[classes/:?]
	at org.axonframework.common.transaction.TransactionManager.fetchInTransaction(TransactionManager.java:70) ~[classes/:?]
	at org.axonframework.eventhandling.pooled.SplitTask.fetchSegmentAndSplit(SplitTask.java:89) ~[classes/:?]
	at org.axonframework.eventhandling.pooled.SplitTask.task(SplitTask.java:79) ~[classes/:?]
	at org.axonframework.eventhandling.pooled.CoordinatorTask.run(CoordinatorTask.java:44) ~[classes/:?]
	at org.axonframework.eventhandling.pooled.SplitTaskTest.testRunCompletesExceptionallyThroughUnableToClaimTokenException(SplitTaskTest.java:100) ~[test-classes/:?]
	at jdk.internal.reflect.NativeMethodAccessorImpl.invoke0(Native Method) ~[?:?]
	at jdk.internal.reflect.NativeMethodAccessorImpl.invoke(NativeMethodAccessorImpl.java:62) ~[?:?]
	at jdk.internal.reflect.DelegatingMethodAccessorImpl.invoke(DelegatingMethodAccessorImpl.java:43) ~[?:?]
	at java.lang.reflect.Method.invoke(Method.java:566) ~[?:?]
	at org.junit.platform.commons.util.ReflectionUtils.invokeMethod(ReflectionUtils.java:688) ~[junit-platform-commons-1.7.2.jar:1.7.2]
	at org.junit.jupiter.engine.execution.MethodInvocation.proceed(MethodInvocation.java:60) ~[junit-jupiter-engine-5.7.2.jar:5.7.2]
	at org.junit.jupiter.engine.execution.InvocationInterceptorChain$ValidatingInvocation.proceed(InvocationInterceptorChain.java:131) ~[junit-jupiter-engine-5.7.2.jar:5.7.2]
	at org.junit.jupiter.engine.extension.TimeoutExtension.intercept(TimeoutExtension.java:149) ~[junit-jupiter-engine-5.7.2.jar:5.7.2]
	at org.junit.jupiter.engine.extension.TimeoutExtension.interceptTestableMethod(TimeoutExtension.java:140) ~[junit-jupiter-engine-5.7.2.jar:5.7.2]
	at org.junit.jupiter.engine.extension.TimeoutExtension.interceptTestMethod(TimeoutExtension.java:84) ~[junit-jupiter-engine-5.7.2.jar:5.7.2]
	at org.junit.jupiter.engine.execution.ExecutableInvoker$ReflectiveInterceptorCall.lambda$ofVoidMethod$0(ExecutableInvoker.java:115) ~[junit-jupiter-engine-5.7.2.jar:5.7.2]
	at org.junit.jupiter.engine.execution.ExecutableInvoker.lambda$invoke$0(ExecutableInvoker.java:105) ~[junit-jupiter-engine-5.7.2.jar:5.7.2]
	at org.junit.jupiter.engine.execution.InvocationInterceptorChain$InterceptedInvocation.proceed(InvocationInterceptorChain.java:106) ~[junit-jupiter-engine-5.7.2.jar:5.7.2]
	at org.junit.jupiter.engine.execution.InvocationInterceptorChain.proceed(InvocationInterceptorChain.java:64) ~[junit-jupiter-engine-5.7.2.jar:5.7.2]
	at org.junit.jupiter.engine.execution.InvocationInterceptorChain.chainAndInvoke(InvocationInterceptorChain.java:45) ~[junit-jupiter-engine-5.7.2.jar:5.7.2]
	at org.junit.jupiter.engine.execution.InvocationInterceptorChain.invoke(InvocationInterceptorChain.java:37) ~[junit-jupiter-engine-5.7.2.jar:5.7.2]
	at org.junit.jupiter.engine.execution.ExecutableInvoker.invoke(ExecutableInvoker.java:104) ~[junit-jupiter-engine-5.7.2.jar:5.7.2]
	at org.junit.jupiter.engine.execution.ExecutableInvoker.invoke(ExecutableInvoker.java:98) ~[junit-jupiter-engine-5.7.2.jar:5.7.2]
	at org.junit.jupiter.engine.descriptor.TestMethodTestDescriptor.lambda$invokeTestMethod$6(TestMethodTestDescriptor.java:210) ~[junit-jupiter-engine-5.7.2.jar:5.7.2]
	at org.junit.platform.engine.support.hierarchical.ThrowableCollector.execute(ThrowableCollector.java:73) ~[junit-platform-engine-1.7.2.jar:1.7.2]
	at org.junit.jupiter.engine.descriptor.TestMethodTestDescriptor.invokeTestMethod(TestMethodTestDescriptor.java:206) ~[junit-jupiter-engine-5.7.2.jar:5.7.2]
	at org.junit.jupiter.engine.descriptor.TestMethodTestDescriptor.execute(TestMethodTestDescriptor.java:131) ~[junit-jupiter-engine-5.7.2.jar:5.7.2]
	at org.junit.jupiter.engine.descriptor.TestMethodTestDescriptor.execute(TestMethodTestDescriptor.java:65) ~[junit-jupiter-engine-5.7.2.jar:5.7.2]
	at org.junit.platform.engine.support.hierarchical.NodeTestTask.lambda$executeRecursively$5(NodeTestTask.java:139) ~[junit-platform-engine-1.7.2.jar:1.7.2]
	at org.junit.platform.engine.support.hierarchical.ThrowableCollector.execute(ThrowableCollector.java:73) ~[junit-platform-engine-1.7.2.jar:1.7.2]
	at org.junit.platform.engine.support.hierarchical.NodeTestTask.lambda$executeRecursively$7(NodeTestTask.java:129) ~[junit-platform-engine-1.7.2.jar:1.7.2]
	at org.junit.platform.engine.support.hierarchical.Node.around(Node.java:137) ~[junit-platform-engine-1.7.2.jar:1.7.2]
	at org.junit.platform.engine.support.hierarchical.NodeTestTask.lambda$executeRecursively$8(NodeTestTask.java:127) ~[junit-platform-engine-1.7.2.jar:1.7.2]
	at org.junit.platform.engine.support.hierarchical.ThrowableCollector.execute(ThrowableCollector.java:73) ~[junit-platform-engine-1.7.2.jar:1.7.2]
	at org.junit.platform.engine.support.hierarchical.NodeTestTask.executeRecursively(NodeTestTask.java:126) ~[junit-platform-engine-1.7.2.jar:1.7.2]
	at org.junit.platform.engine.support.hierarchical.NodeTestTask.execute(NodeTestTask.java:84) ~[junit-platform-engine-1.7.2.jar:1.7.2]
	at java.util.ArrayList.forEach(ArrayList.java:1541) ~[?:?]
	at org.junit.platform.engine.support.hierarchical.SameThreadHierarchicalTestExecutorService.invokeAll(SameThreadHierarchicalTestExecutorService.java:38) ~[junit-platform-engine-1.7.2.jar:1.7.2]
	at org.junit.platform.engine.support.hierarchical.NodeTestTask.lambda$executeRecursively$5(NodeTestTask.java:143) ~[junit-platform-engine-1.7.2.jar:1.7.2]
	at org.junit.platform.engine.support.hierarchical.ThrowableCollector.execute(ThrowableCollector.java:73) ~[junit-platform-engine-1.7.2.jar:1.7.2]
	at org.junit.platform.engine.support.hierarchical.NodeTestTask.lambda$executeRecursively$7(NodeTestTask.java:129) ~[junit-platform-engine-1.7.2.jar:1.7.2]
	at org.junit.platform.engine.support.hierarchical.Node.around(Node.java:137) ~[junit-platform-engine-1.7.2.jar:1.7.2]
	at org.junit.platform.engine.support.hierarchical.NodeTestTask.lambda$executeRecursively$8(NodeTestTask.java:127) ~[junit-platform-engine-1.7.2.jar:1.7.2]
	at org.junit.platform.engine.support.hierarchical.ThrowableCollector.execute(ThrowableCollector.java:73) ~[junit-platform-engine-1.7.2.jar:1.7.2]
	at org.junit.platform.engine.support.hierarchical.NodeTestTask.executeRecursively(NodeTestTask.java:126) ~[junit-platform-engine-1.7.2.jar:1.7.2]
	at org.junit.platform.engine.support.hierarchical.NodeTestTask.execute(NodeTestTask.java:84) ~[junit-platform-engine-1.7.2.jar:1.7.2]
	at java.util.ArrayList.forEach(ArrayList.java:1541) ~[?:?]
	at org.junit.platform.engine.support.hierarchical.SameThreadHierarchicalTestExecutorService.invokeAll(SameThreadHierarchicalTestExecutorService.java:38) ~[junit-platform-engine-1.7.2.jar:1.7.2]
	at org.junit.platform.engine.support.hierarchical.NodeTestTask.lambda$executeRecursively$5(NodeTestTask.java:143) ~[junit-platform-engine-1.7.2.jar:1.7.2]
	at org.junit.platform.engine.support.hierarchical.ThrowableCollector.execute(ThrowableCollector.java:73) ~[junit-platform-engine-1.7.2.jar:1.7.2]
	at org.junit.platform.engine.support.hierarchical.NodeTestTask.lambda$executeRecursively$7(NodeTestTask.java:129) ~[junit-platform-engine-1.7.2.jar:1.7.2]
	at org.junit.platform.engine.support.hierarchical.Node.around(Node.java:137) ~[junit-platform-engine-1.7.2.jar:1.7.2]
	at org.junit.platform.engine.support.hierarchical.NodeTestTask.lambda$executeRecursively$8(NodeTestTask.java:127) ~[junit-platform-engine-1.7.2.jar:1.7.2]
	at org.junit.platform.engine.support.hierarchical.ThrowableCollector.execute(ThrowableCollector.java:73) ~[junit-platform-engine-1.7.2.jar:1.7.2]
	at org.junit.platform.engine.support.hierarchical.NodeTestTask.executeRecursively(NodeTestTask.java:126) ~[junit-platform-engine-1.7.2.jar:1.7.2]
	at org.junit.platform.engine.support.hierarchical.NodeTestTask.execute(NodeTestTask.java:84) ~[junit-platform-engine-1.7.2.jar:1.7.2]
	at org.junit.platform.engine.support.hierarchical.SameThreadHierarchicalTestExecutorService.submit(SameThreadHierarchicalTestExecutorService.java:32) ~[junit-platform-engine-1.7.2.jar:1.7.2]
	at org.junit.platform.engine.support.hierarchical.HierarchicalTestExecutor.execute(HierarchicalTestExecutor.java:57) ~[junit-platform-engine-1.7.2.jar:1.7.2]
	at org.junit.platform.engine.support.hierarchical.HierarchicalTestEngine.execute(HierarchicalTestEngine.java:51) ~[junit-platform-engine-1.7.2.jar:1.7.2]
	at org.junit.platform.launcher.core.DefaultLauncher.execute(DefaultLauncher.java:220) ~[junit-platform-launcher-1.3.1.jar:1.3.1]
	at org.junit.platform.launcher.core.DefaultLauncher.lambda$execute$6(DefaultLauncher.java:188) ~[junit-platform-launcher-1.3.1.jar:1.3.1]
	at org.junit.platform.launcher.core.DefaultLauncher.withInterceptedStreams(DefaultLauncher.java:202) [junit-platform-launcher-1.3.1.jar:1.3.1]
	at org.junit.platform.launcher.core.DefaultLauncher.execute(DefaultLauncher.java:181) [junit-platform-launcher-1.3.1.jar:1.3.1]
	at org.junit.platform.launcher.core.DefaultLauncher.execute(DefaultLauncher.java:128) [junit-platform-launcher-1.3.1.jar:1.3.1]
	at org.apache.maven.surefire.junitplatform.JUnitPlatformProvider.invokeAllTests(JUnitPlatformProvider.java:150) [surefire-junit-platform-2.22.2.jar:2.22.2]
	at org.apache.maven.surefire.junitplatform.JUnitPlatformProvider.invoke(JUnitPlatformProvider.java:124) [surefire-junit-platform-2.22.2.jar:2.22.2]
	at org.apache.maven.surefire.booter.ForkedBooter.invokeProviderInSameClassLoader(ForkedBooter.java:384) [surefire-booter-2.22.2.jar:2.22.2]
	at org.apache.maven.surefire.booter.ForkedBooter.runSuitesInProcess(ForkedBooter.java:345) [surefire-booter-2.22.2.jar:2.22.2]
	at org.apache.maven.surefire.booter.ForkedBooter.execute(ForkedBooter.java:126) [surefire-booter-2.22.2.jar:2.22.2]
	at org.apache.maven.surefire.booter.ForkedBooter.main(ForkedBooter.java:418) [surefire-booter-2.22.2.jar:2.22.2]
2023-02-06 09:56:17,340 [main] INFO  SplitTask                      [] - Processor [test] successfully split Segment[0/0] into Segment[0/1] and Segment[1/1].
2023-02-06 09:56:17,341 [main] WARN  CoordinatorTask                [] - Processor [test] failed to run instruction - Split Task for segment 0.
java.lang.IllegalStateException: some exception
	at org.axonframework.eventhandling.pooled.SplitTask.lambda$fetchSegmentAndSplit$1(SplitTask.java:90) ~[classes/:?]
	at org.axonframework.common.transaction.TransactionManager.fetchInTransaction(TransactionManager.java:70) ~[classes/:?]
	at org.axonframework.eventhandling.pooled.SplitTask.fetchSegmentAndSplit(SplitTask.java:89) ~[classes/:?]
	at org.axonframework.eventhandling.pooled.SplitTask.task(SplitTask.java:79) ~[classes/:?]
	at org.axonframework.eventhandling.pooled.CoordinatorTask.run(CoordinatorTask.java:44) ~[classes/:?]
	at org.axonframework.eventhandling.pooled.SplitTaskTest.testRunCompletesExceptionallyThroughOtherException(SplitTaskTest.java:111) ~[test-classes/:?]
	at jdk.internal.reflect.NativeMethodAccessorImpl.invoke0(Native Method) ~[?:?]
	at jdk.internal.reflect.NativeMethodAccessorImpl.invoke(NativeMethodAccessorImpl.java:62) ~[?:?]
	at jdk.internal.reflect.DelegatingMethodAccessorImpl.invoke(DelegatingMethodAccessorImpl.java:43) ~[?:?]
	at java.lang.reflect.Method.invoke(Method.java:566) ~[?:?]
	at org.junit.platform.commons.util.ReflectionUtils.invokeMethod(ReflectionUtils.java:688) ~[junit-platform-commons-1.7.2.jar:1.7.2]
	at org.junit.jupiter.engine.execution.MethodInvocation.proceed(MethodInvocation.java:60) ~[junit-jupiter-engine-5.7.2.jar:5.7.2]
	at org.junit.jupiter.engine.execution.InvocationInterceptorChain$ValidatingInvocation.proceed(InvocationInterceptorChain.java:131) ~[junit-jupiter-engine-5.7.2.jar:5.7.2]
	at org.junit.jupiter.engine.extension.TimeoutExtension.intercept(TimeoutExtension.java:149) ~[junit-jupiter-engine-5.7.2.jar:5.7.2]
	at org.junit.jupiter.engine.extension.TimeoutExtension.interceptTestableMethod(TimeoutExtension.java:140) ~[junit-jupiter-engine-5.7.2.jar:5.7.2]
	at org.junit.jupiter.engine.extension.TimeoutExtension.interceptTestMethod(TimeoutExtension.java:84) ~[junit-jupiter-engine-5.7.2.jar:5.7.2]
	at org.junit.jupiter.engine.execution.ExecutableInvoker$ReflectiveInterceptorCall.lambda$ofVoidMethod$0(ExecutableInvoker.java:115) ~[junit-jupiter-engine-5.7.2.jar:5.7.2]
	at org.junit.jupiter.engine.execution.ExecutableInvoker.lambda$invoke$0(ExecutableInvoker.java:105) ~[junit-jupiter-engine-5.7.2.jar:5.7.2]
	at org.junit.jupiter.engine.execution.InvocationInterceptorChain$InterceptedInvocation.proceed(InvocationInterceptorChain.java:106) ~[junit-jupiter-engine-5.7.2.jar:5.7.2]
	at org.junit.jupiter.engine.execution.InvocationInterceptorChain.proceed(InvocationInterceptorChain.java:64) ~[junit-jupiter-engine-5.7.2.jar:5.7.2]
	at org.junit.jupiter.engine.execution.InvocationInterceptorChain.chainAndInvoke(InvocationInterceptorChain.java:45) ~[junit-jupiter-engine-5.7.2.jar:5.7.2]
	at org.junit.jupiter.engine.execution.InvocationInterceptorChain.invoke(InvocationInterceptorChain.java:37) ~[junit-jupiter-engine-5.7.2.jar:5.7.2]
	at org.junit.jupiter.engine.execution.ExecutableInvoker.invoke(ExecutableInvoker.java:104) ~[junit-jupiter-engine-5.7.2.jar:5.7.2]
	at org.junit.jupiter.engine.execution.ExecutableInvoker.invoke(ExecutableInvoker.java:98) ~[junit-jupiter-engine-5.7.2.jar:5.7.2]
	at org.junit.jupiter.engine.descriptor.TestMethodTestDescriptor.lambda$invokeTestMethod$6(TestMethodTestDescriptor.java:210) ~[junit-jupiter-engine-5.7.2.jar:5.7.2]
	at org.junit.platform.engine.support.hierarchical.ThrowableCollector.execute(ThrowableCollector.java:73) ~[junit-platform-engine-1.7.2.jar:1.7.2]
	at org.junit.jupiter.engine.descriptor.TestMethodTestDescriptor.invokeTestMethod(TestMethodTestDescriptor.java:206) ~[junit-jupiter-engine-5.7.2.jar:5.7.2]
	at org.junit.jupiter.engine.descriptor.TestMethodTestDescriptor.execute(TestMethodTestDescriptor.java:131) ~[junit-jupiter-engine-5.7.2.jar:5.7.2]
	at org.junit.jupiter.engine.descriptor.TestMethodTestDescriptor.execute(TestMethodTestDescriptor.java:65) ~[junit-jupiter-engine-5.7.2.jar:5.7.2]
	at org.junit.platform.engine.support.hierarchical.NodeTestTask.lambda$executeRecursively$5(NodeTestTask.java:139) ~[junit-platform-engine-1.7.2.jar:1.7.2]
	at org.junit.platform.engine.support.hierarchical.ThrowableCollector.execute(ThrowableCollector.java:73) ~[junit-platform-engine-1.7.2.jar:1.7.2]
	at org.junit.platform.engine.support.hierarchical.NodeTestTask.lambda$executeRecursively$7(NodeTestTask.java:129) ~[junit-platform-engine-1.7.2.jar:1.7.2]
	at org.junit.platform.engine.support.hierarchical.Node.around(Node.java:137) ~[junit-platform-engine-1.7.2.jar:1.7.2]
	at org.junit.platform.engine.support.hierarchical.NodeTestTask.lambda$executeRecursively$8(NodeTestTask.java:127) ~[junit-platform-engine-1.7.2.jar:1.7.2]
	at org.junit.platform.engine.support.hierarchical.ThrowableCollector.execute(ThrowableCollector.java:73) ~[junit-platform-engine-1.7.2.jar:1.7.2]
	at org.junit.platform.engine.support.hierarchical.NodeTestTask.executeRecursively(NodeTestTask.java:126) ~[junit-platform-engine-1.7.2.jar:1.7.2]
	at org.junit.platform.engine.support.hierarchical.NodeTestTask.execute(NodeTestTask.java:84) ~[junit-platform-engine-1.7.2.jar:1.7.2]
	at java.util.ArrayList.forEach(ArrayList.java:1541) ~[?:?]
	at org.junit.platform.engine.support.hierarchical.SameThreadHierarchicalTestExecutorService.invokeAll(SameThreadHierarchicalTestExecutorService.java:38) ~[junit-platform-engine-1.7.2.jar:1.7.2]
	at org.junit.platform.engine.support.hierarchical.NodeTestTask.lambda$executeRecursively$5(NodeTestTask.java:143) ~[junit-platform-engine-1.7.2.jar:1.7.2]
	at org.junit.platform.engine.support.hierarchical.ThrowableCollector.execute(ThrowableCollector.java:73) ~[junit-platform-engine-1.7.2.jar:1.7.2]
	at org.junit.platform.engine.support.hierarchical.NodeTestTask.lambda$executeRecursively$7(NodeTestTask.java:129) ~[junit-platform-engine-1.7.2.jar:1.7.2]
	at org.junit.platform.engine.support.hierarchical.Node.around(Node.java:137) ~[junit-platform-engine-1.7.2.jar:1.7.2]
	at org.junit.platform.engine.support.hierarchical.NodeTestTask.lambda$executeRecursively$8(NodeTestTask.java:127) ~[junit-platform-engine-1.7.2.jar:1.7.2]
	at org.junit.platform.engine.support.hierarchical.ThrowableCollector.execute(ThrowableCollector.java:73) ~[junit-platform-engine-1.7.2.jar:1.7.2]
	at org.junit.platform.engine.support.hierarchical.NodeTestTask.executeRecursively(NodeTestTask.java:126) ~[junit-platform-engine-1.7.2.jar:1.7.2]
	at org.junit.platform.engine.support.hierarchical.NodeTestTask.execute(NodeTestTask.java:84) ~[junit-platform-engine-1.7.2.jar:1.7.2]
	at java.util.ArrayList.forEach(ArrayList.java:1541) ~[?:?]
	at org.junit.platform.engine.support.hierarchical.SameThreadHierarchicalTestExecutorService.invokeAll(SameThreadHierarchicalTestExecutorService.java:38) ~[junit-platform-engine-1.7.2.jar:1.7.2]
	at org.junit.platform.engine.support.hierarchical.NodeTestTask.lambda$executeRecursively$5(NodeTestTask.java:143) ~[junit-platform-engine-1.7.2.jar:1.7.2]
	at org.junit.platform.engine.support.hierarchical.ThrowableCollector.execute(ThrowableCollector.java:73) ~[junit-platform-engine-1.7.2.jar:1.7.2]
	at org.junit.platform.engine.support.hierarchical.NodeTestTask.lambda$executeRecursively$7(NodeTestTask.java:129) ~[junit-platform-engine-1.7.2.jar:1.7.2]
	at org.junit.platform.engine.support.hierarchical.Node.around(Node.java:137) ~[junit-platform-engine-1.7.2.jar:1.7.2]
	at org.junit.platform.engine.support.hierarchical.NodeTestTask.lambda$executeRecursively$8(NodeTestTask.java:127) ~[junit-platform-engine-1.7.2.jar:1.7.2]
	at org.junit.platform.engine.support.hierarchical.ThrowableCollector.execute(ThrowableCollector.java:73) ~[junit-platform-engine-1.7.2.jar:1.7.2]
	at org.junit.platform.engine.support.hierarchical.NodeTestTask.executeRecursively(NodeTestTask.java:126) ~[junit-platform-engine-1.7.2.jar:1.7.2]
	at org.junit.platform.engine.support.hierarchical.NodeTestTask.execute(NodeTestTask.java:84) ~[junit-platform-engine-1.7.2.jar:1.7.2]
	at org.junit.platform.engine.support.hierarchical.SameThreadHierarchicalTestExecutorService.submit(SameThreadHierarchicalTestExecutorService.java:32) ~[junit-platform-engine-1.7.2.jar:1.7.2]
	at org.junit.platform.engine.support.hierarchical.HierarchicalTestExecutor.execute(HierarchicalTestExecutor.java:57) ~[junit-platform-engine-1.7.2.jar:1.7.2]
	at org.junit.platform.engine.support.hierarchical.HierarchicalTestEngine.execute(HierarchicalTestEngine.java:51) ~[junit-platform-engine-1.7.2.jar:1.7.2]
	at org.junit.platform.launcher.core.DefaultLauncher.execute(DefaultLauncher.java:220) ~[junit-platform-launcher-1.3.1.jar:1.3.1]
	at org.junit.platform.launcher.core.DefaultLauncher.lambda$execute$6(DefaultLauncher.java:188) ~[junit-platform-launcher-1.3.1.jar:1.3.1]
	at org.junit.platform.launcher.core.DefaultLauncher.withInterceptedStreams(DefaultLauncher.java:202) [junit-platform-launcher-1.3.1.jar:1.3.1]
	at org.junit.platform.launcher.core.DefaultLauncher.execute(DefaultLauncher.java:181) [junit-platform-launcher-1.3.1.jar:1.3.1]
	at org.junit.platform.launcher.core.DefaultLauncher.execute(DefaultLauncher.java:128) [junit-platform-launcher-1.3.1.jar:1.3.1]
	at org.apache.maven.surefire.junitplatform.JUnitPlatformProvider.invokeAllTests(JUnitPlatformProvider.java:150) [surefire-junit-platform-2.22.2.jar:2.22.2]
	at org.apache.maven.surefire.junitplatform.JUnitPlatformProvider.invoke(JUnitPlatformProvider.java:124) [surefire-junit-platform-2.22.2.jar:2.22.2]
	at org.apache.maven.surefire.booter.ForkedBooter.invokeProviderInSameClassLoader(ForkedBooter.java:384) [surefire-booter-2.22.2.jar:2.22.2]
	at org.apache.maven.surefire.booter.ForkedBooter.runSuitesInProcess(ForkedBooter.java:345) [surefire-booter-2.22.2.jar:2.22.2]
	at org.apache.maven.surefire.booter.ForkedBooter.execute(ForkedBooter.java:126) [surefire-booter-2.22.2.jar:2.22.2]
	at org.apache.maven.surefire.booter.ForkedBooter.main(ForkedBooter.java:418) [surefire-booter-2.22.2.jar:2.22.2]
2023-02-06 09:56:17,342 [main] INFO  SplitTask                      [] - Processor [test] successfully split Segment[0/0] into Segment[0/1] and Segment[1/1].
[INFO] Tests run: 5, Failures: 0, Errors: 0, Skipped: 0, Time elapsed: 0.016 s - in org.axonframework.eventhandling.pooled.SplitTaskTest
[INFO] Running org.axonframework.eventhandling.pooled.PooledStreamingEventProcessorTest
2023-02-06 09:56:17,348 [main] INFO  PooledStreamingEventProcessor  [] - Starting PooledStreamingEventProcessor [test].
2023-02-06 09:56:17,351 [main] INFO  PooledStreamingEventProcessor  [] - Initializing segments for processor [test] (2 segments)
2023-02-06 09:56:17,352 [main] INFO  PooledStreamingEventProcessor  [] - Stopping processor [test]
2023-02-06 09:56:17,362 [pool-14-thread-1] INFO  Coordinator                    [] - Processor [test] claimed 2 new segments for processing
2023-02-06 09:56:17,873 [main] INFO  PooledStreamingEventProcessor  [] - Stopping processor [test]
2023-02-06 09:56:17,876 [main] INFO  PooledStreamingEventProcessor  [] - Starting PooledStreamingEventProcessor [test].
2023-02-06 09:56:17,877 [main] INFO  PooledStreamingEventProcessor  [] - Initializing segments for processor [test] (2 segments)
2023-02-06 09:56:17,877 [pool-16-thread-1] INFO  Coordinator                    [] - Processor [test] claimed 2 new segments for processing
2023-02-06 09:56:18,382 [pool-16-thread-1] INFO  MergeTask                      [] - Processor [test] successfully merged Segment[0/1] with Segment[1/1] into Segment[0/0].
2023-02-06 09:56:18,383 [pool-16-thread-1] INFO  Coordinator                    [] - Processor [test] claimed 1 new segments for processing
2023-02-06 09:56:18,384 [main] INFO  PooledStreamingEventProcessor  [] - Stopping processor [test]
2023-02-06 09:56:18,888 [main] INFO  PooledStreamingEventProcessor  [] - Stopping processor [test]
2023-02-06 09:56:18,890 [main] INFO  PooledStreamingEventProcessor  [] - Starting PooledStreamingEventProcessor [test].
2023-02-06 09:56:18,890 [main] INFO  PooledStreamingEventProcessor  [] - Initializing segments for processor [test] (8 segments)
2023-02-06 09:56:18,891 [main] INFO  PooledStreamingEventProcessor  [] - Stopping processor [test]
2023-02-06 09:56:18,892 [pool-20-thread-1] INFO  Coordinator                    [] - Processor [test] claimed 8 new segments for processing
2023-02-06 09:56:19,398 [main] INFO  PooledStreamingEventProcessor  [] - Stopping processor [test]
2023-02-06 09:56:19,398 [main] INFO  PooledStreamingEventProcessor  [] - Stopping processor [test]
2023-02-06 09:56:19,401 [main] INFO  PooledStreamingEventProcessor  [] - Stopping processor [test]
2023-02-06 09:56:19,403 [main] INFO  PooledStreamingEventProcessor  [] - Stopping processor [test]
2023-02-06 09:56:19,405 [main] INFO  PooledStreamingEventProcessor  [] - Starting PooledStreamingEventProcessor [test].
2023-02-06 09:56:19,405 [main] INFO  PooledStreamingEventProcessor  [] - Initializing segments for processor [test] (1 segments)
2023-02-06 09:56:19,406 [pool-28-thread-1] INFO  Coordinator                    [] - Processor [test] claimed 1 new segments for processing
2023-02-06 09:56:19,908 [pool-28-thread-1] INFO  SplitTask                      [] - Processor [test] successfully split Segment[0/0] into Segment[0/1] and Segment[1/1].
2023-02-06 09:56:19,908 [pool-28-thread-1] INFO  Coordinator                    [] - Processor [test] claimed 2 new segments for processing
2023-02-06 09:56:19,909 [main] INFO  PooledStreamingEventProcessor  [] - Stopping processor [test]
2023-02-06 09:56:20,424 [main] INFO  PooledStreamingEventProcessor  [] - Starting PooledStreamingEventProcessor [test].
2023-02-06 09:56:20,424 [main] INFO  PooledStreamingEventProcessor  [] - Initializing segments for processor [test] (8 segments)
2023-02-06 09:56:20,426 [pool-30-thread-1] INFO  Coordinator                    [] - Processor [test] claimed 8 new segments for processing
2023-02-06 09:56:20,427 [pool-30-thread-1] WARN  Coordinator                    [] - Exception occurred while Processor [test] started work packages and opened the event stream.
java.lang.IllegalStateException: Failed to open the stream
	at org.axonframework.eventhandling.pooled.Coordinator$CoordinationTask.ensureOpenStream(Coordinator.java:748) ~[classes/:?]
	at org.axonframework.eventhandling.pooled.Coordinator$CoordinationTask.run(Coordinator.java:629) [classes/:?]
	at java.util.concurrent.Executors$RunnableAdapter.call(Executors.java:515) [?:?]
	at java.util.concurrent.FutureTask.run(FutureTask.java:264) [?:?]
	at java.util.concurrent.ScheduledThreadPoolExecutor$ScheduledFutureTask.run(ScheduledThreadPoolExecutor.java:304) [?:?]
	at java.util.concurrent.ThreadPoolExecutor.runWorker(ThreadPoolExecutor.java:1128) [?:?]
	at java.util.concurrent.ThreadPoolExecutor$Worker.run(ThreadPoolExecutor.java:628) [?:?]
	at java.lang.Thread.run(Thread.java:829) [?:?]
2023-02-06 09:56:20,428 [pool-30-thread-1] INFO  Coordinator                    [] - Releasing claims and scheduling a new coordination task in 500ms
2023-02-06 09:56:21,431 [pool-30-thread-1] INFO  Coordinator                    [] - Processor [test] claimed 8 new segments for processing
2023-02-06 09:56:21,432 [main] INFO  PooledStreamingEventProcessor  [] - Stopping processor [test]
2023-02-06 09:56:21,936 [main] INFO  PooledStreamingEventProcessor  [] - Stopping processor [test]
2023-02-06 09:56:21,954 [main] INFO  PooledStreamingEventProcessor  [] - Starting PooledStreamingEventProcessor [test].
2023-02-06 09:56:21,954 [main] INFO  PooledStreamingEventProcessor  [] - Initializing segments for processor [test] (8 segments)
2023-02-06 09:56:21,956 [pool-34-thread-1] INFO  Coordinator                    [] - Processor [test] claimed 8 new segments for processing
2023-02-06 09:56:21,971 [pool-35-thread-6] WARN  WorkPackage                    [] - Error while processing batch in Work Package [4]-[test]. Aborting Work Package...
org.axonframework.utils.MockException: Simulated failure
2023-02-06 09:56:21,971 [pool-35-thread-7] WARN  WorkPackage                    [] - Error while processing batch in Work Package [6]-[test]. Aborting Work Package...
org.axonframework.utils.MockException: Simulated failure
2023-02-06 09:56:21,971 [pool-35-thread-4] WARN  WorkPackage                    [] - Error while processing batch in Work Package [0]-[test]. Aborting Work Package...
org.axonframework.utils.MockException: Simulated failure
2023-02-06 09:56:21,971 [pool-35-thread-3] WARN  WorkPackage                    [] - Error while processing batch in Work Package [3]-[test]. Aborting Work Package...
org.axonframework.utils.MockException: Simulated failure
2023-02-06 09:56:21,971 [pool-35-thread-8] WARN  WorkPackage                    [] - Error while processing batch in Work Package [7]-[test]. Aborting Work Package...
org.axonframework.utils.MockException: Simulated failure
2023-02-06 09:56:21,971 [pool-35-thread-5] WARN  WorkPackage                    [] - Error while processing batch in Work Package [2]-[test]. Aborting Work Package...
org.axonframework.utils.MockException: Simulated failure
2023-02-06 09:56:21,972 [pool-35-thread-1] WARN  WorkPackage                    [] - Error while processing batch in Work Package [1]-[test]. Aborting Work Package...
org.axonframework.utils.MockException: Simulated failure
2023-02-06 09:56:21,972 [pool-35-thread-2] WARN  WorkPackage                    [] - Error while processing batch in Work Package [5]-[test]. Aborting Work Package...
org.axonframework.utils.MockException: Simulated failure
2023-02-06 09:56:21,972 [main] INFO  PooledStreamingEventProcessor  [] - Stopping processor [test]
2023-02-06 09:56:21,975 [main] INFO  PooledStreamingEventProcessor  [] - Starting PooledStreamingEventProcessor [test].
2023-02-06 09:56:21,975 [main] INFO  PooledStreamingEventProcessor  [] - Initializing segments for processor [test] (8 segments)
2023-02-06 09:56:21,975 [main] INFO  PooledStreamingEventProcessor  [] - Stopping processor [test]
2023-02-06 09:56:21,976 [main] INFO  PooledStreamingEventProcessor  [] - Starting PooledStreamingEventProcessor [test].
2023-02-06 09:56:21,977 [pool-36-thread-1] INFO  Coordinator                    [] - Processor [test] claimed 8 new segments for processing
2023-02-06 09:56:21,985 [main] INFO  PooledStreamingEventProcessor  [] - Stopping processor [test]
2023-02-06 09:56:22,526 [main] INFO  PooledStreamingEventProcessor  [] - Starting PooledStreamingEventProcessor [test].
2023-02-06 09:56:22,526 [main] INFO  PooledStreamingEventProcessor  [] - Initializing segments for processor [test] (2 segments)
2023-02-06 09:56:22,526 [main] INFO  PooledStreamingEventProcessor  [] - Stopping processor [test]
2023-02-06 09:56:22,527 [pool-38-thread-1] INFO  Coordinator                    [] - Processor [test] claimed 2 new segments for processing
2023-02-06 09:56:23,029 [main] INFO  PooledStreamingEventProcessor  [] - Stopping processor [test]
2023-02-06 09:56:23,032 [main] INFO  PooledStreamingEventProcessor  [] - Starting PooledStreamingEventProcessor [test].
2023-02-06 09:56:23,032 [main] INFO  PooledStreamingEventProcessor  [] - Initializing segments for processor [test] (8 segments)
2023-02-06 09:56:23,033 [pool-40-thread-1] INFO  Coordinator                    [] - Processor [test] claimed 8 new segments for processing
2023-02-06 09:56:23,035 [main] INFO  PooledStreamingEventProcessor  [] - Stopping processor [test]
2023-02-06 09:56:23,539 [main] INFO  PooledStreamingEventProcessor  [] - Stopping processor [test]
2023-02-06 09:56:23,600 [main] INFO  PooledStreamingEventProcessor  [] - Starting PooledStreamingEventProcessor [test].
2023-02-06 09:56:23,600 [main] INFO  PooledStreamingEventProcessor  [] - Initializing segments for processor [test] (8 segments)
2023-02-06 09:56:23,601 [main] INFO  PooledStreamingEventProcessor  [] - Starting PooledStreamingEventProcessor [test].
2023-02-06 09:56:23,602 [main] INFO  PooledStreamingEventProcessor  [] - Stopping processor [test]
2023-02-06 09:56:23,602 [pool-42-thread-1] INFO  Coordinator                    [] - Processor [test] claimed 8 new segments for processing
2023-02-06 09:56:24,107 [main] INFO  PooledStreamingEventProcessor  [] - Stopping processor [test]
2023-02-06 09:56:24,112 [main] INFO  PooledStreamingEventProcessor  [] - Starting PooledStreamingEventProcessor [test].
2023-02-06 09:56:24,112 [main] INFO  PooledStreamingEventProcessor  [] - Initializing segments for processor [test] (2 segments)
2023-02-06 09:56:24,113 [main] INFO  PooledStreamingEventProcessor  [] - Stopping processor [test]
2023-02-06 09:56:24,113 [pool-46-thread-1] INFO  Coordinator                    [] - Processor [test] claimed 2 new segments for processing
2023-02-06 09:56:24,616 [main] INFO  PooledStreamingEventProcessor  [] - Stopping processor [test]
2023-02-06 09:56:24,619 [main] INFO  PooledStreamingEventProcessor  [] - Stopping processor [test]
2023-02-06 09:56:24,621 [main] INFO  PooledStreamingEventProcessor  [] - Stopping processor [test]
2023-02-06 09:56:24,623 [main] INFO  PooledStreamingEventProcessor  [] - Starting PooledStreamingEventProcessor [test].
2023-02-06 09:56:24,623 [main] INFO  PooledStreamingEventProcessor  [] - Initializing segments for processor [test] (8 segments)
2023-02-06 09:56:24,624 [pool-52-thread-1] INFO  Coordinator                    [] - Processor [test] claimed 8 new segments for processing
2023-02-06 09:56:24,625 [pool-52-thread-1] WARN  Coordinator                    [] - Exception occurred while Processor [test] was coordinating the work packages.
java.lang.IllegalStateException: Cannot retrieve event at position [1].
	at org.axonframework.eventhandling.pooled.PooledStreamingEventProcessorTest$InMemoryMessageSource$1.nextAvailable(PooledStreamingEventProcessorTest.java:1085) ~[test-classes/:?]
	at org.axonframework.eventhandling.pooled.PooledStreamingEventProcessorTest$InMemoryMessageSource$1.nextAvailable(PooledStreamingEventProcessorTest.java:1058) ~[test-classes/:?]
	at org.axonframework.eventhandling.pooled.Coordinator$CoordinationTask.coordinateWorkPackages(Coordinator.java:781) ~[classes/:?]
	at org.axonframework.eventhandling.pooled.Coordinator$CoordinationTask.run(Coordinator.java:650) [classes/:?]
	at java.util.concurrent.Executors$RunnableAdapter.call(Executors.java:515) [?:?]
	at java.util.concurrent.FutureTask.run(FutureTask.java:264) [?:?]
	at java.util.concurrent.ScheduledThreadPoolExecutor$ScheduledFutureTask.run(ScheduledThreadPoolExecutor.java:304) [?:?]
	at java.util.concurrent.ThreadPoolExecutor.runWorker(ThreadPoolExecutor.java:1128) [?:?]
	at java.util.concurrent.ThreadPoolExecutor$Worker.run(ThreadPoolExecutor.java:628) [?:?]
	at java.lang.Thread.run(Thread.java:829) [?:?]
2023-02-06 09:56:24,625 [pool-52-thread-1] INFO  Coordinator                    [] - Releasing claims and scheduling a new coordination task in 500ms
2023-02-06 09:56:25,628 [pool-52-thread-1] INFO  Coordinator                    [] - Processor [test] claimed 8 new segments for processing
2023-02-06 09:56:25,628 [main] INFO  PooledStreamingEventProcessor  [] - Stopping processor [test]
2023-02-06 09:56:26,133 [main] INFO  PooledStreamingEventProcessor  [] - Starting PooledStreamingEventProcessor [test].
2023-02-06 09:56:26,133 [main] INFO  PooledStreamingEventProcessor  [] - Initializing segments for processor [test] (2 segments)
2023-02-06 09:56:26,134 [main] INFO  PooledStreamingEventProcessor  [] - Stopping processor [test]
2023-02-06 09:56:26,134 [pool-54-thread-1] INFO  Coordinator                    [] - Processor [test] claimed 2 new segments for processing
2023-02-06 09:56:26,637 [main] INFO  PooledStreamingEventProcessor  [] - Stopping processor [test]
2023-02-06 09:56:26,641 [main] INFO  PooledStreamingEventProcessor  [] - Starting PooledStreamingEventProcessor [test].
2023-02-06 09:56:26,641 [main] INFO  PooledStreamingEventProcessor  [] - Initializing segments for processor [test] (8 segments)
2023-02-06 09:56:26,642 [pool-56-thread-1] INFO  Coordinator                    [] - Processor [test] claimed 8 new segments for processing
2023-02-06 09:56:26,646 [main] INFO  PooledStreamingEventProcessor  [] - Stopping processor [test]
2023-02-06 09:56:27,173 [main] INFO  PooledStreamingEventProcessor  [] - Stopping processor [test]
2023-02-06 09:56:27,175 [main] INFO  PooledStreamingEventProcessor  [] - Stopping processor [test]
2023-02-06 09:56:27,177 [main] INFO  PooledStreamingEventProcessor  [] - Stopping processor [test]
2023-02-06 09:56:27,180 [main] INFO  PooledStreamingEventProcessor  [] - Starting PooledStreamingEventProcessor [test].
2023-02-06 09:56:27,180 [main] INFO  PooledStreamingEventProcessor  [] - Initializing segments for processor [test] (8 segments)
2023-02-06 09:56:27,181 [main] INFO  PooledStreamingEventProcessor  [] - Stopping processor [test]
2023-02-06 09:56:27,184 [main] INFO  PooledStreamingEventProcessor  [] - Stopping processor [test]
2023-02-06 09:56:27,186 [main] INFO  PooledStreamingEventProcessor  [] - Stopping processor [test]
2023-02-06 09:56:27,188 [main] INFO  PooledStreamingEventProcessor  [] - Stopping processor [test]
2023-02-06 09:56:27,189 [main] INFO  PooledStreamingEventProcessor  [] - Stopping processor [test]
2023-02-06 09:56:27,191 [main] INFO  PooledStreamingEventProcessor  [] - Starting PooledStreamingEventProcessor [test].
2023-02-06 09:56:27,191 [main] INFO  PooledStreamingEventProcessor  [] - Initializing segments for processor [test] (8 segments)
2023-02-06 09:56:27,192 [pool-74-thread-1] INFO  Coordinator                    [] - Processor [test] claimed 8 new segments for processing
2023-02-06 09:56:27,221 [main] INFO  PooledStreamingEventProcessor  [] - Stopping processor [test]
2023-02-06 09:56:27,726 [main] INFO  PooledStreamingEventProcessor  [] - Stopping processor [test]
2023-02-06 09:56:27,728 [main] INFO  PooledStreamingEventProcessor  [] - Stopping processor [test]
2023-02-06 09:56:27,730 [main] INFO  PooledStreamingEventProcessor  [] - Starting PooledStreamingEventProcessor [test].
2023-02-06 09:56:27,730 [main] INFO  PooledStreamingEventProcessor  [] - Initializing segments for processor [test] (1 segments)
2023-02-06 09:56:27,731 [pool-80-thread-1] INFO  Coordinator                    [] - Processor [test] claimed 1 new segments for processing
2023-02-06 09:56:28,733 [pool-80-thread-1] INFO  Coordinator                    [] - Processor [test] claimed 1 new segments for processing
2023-02-06 09:56:28,734 [main] INFO  PooledStreamingEventProcessor  [] - Stopping processor [test]
2023-02-06 09:56:29,239 [main] INFO  PooledStreamingEventProcessor  [] - Starting PooledStreamingEventProcessor [test].
2023-02-06 09:56:29,239 [main] INFO  PooledStreamingEventProcessor  [] - Initializing segments for processor [test] (1 segments)
2023-02-06 09:56:29,240 [pool-82-thread-1] INFO  Coordinator                    [] - Processor [test] claimed 1 new segments for processing
2023-02-06 09:56:29,250 [main] INFO  PooledStreamingEventProcessor  [] - Stopping processor [test]
2023-02-06 09:56:29,751 [main] INFO  PooledStreamingEventProcessor  [] - Starting PooledStreamingEventProcessor [test].
2023-02-06 09:56:29,751 [pool-82-thread-2] INFO  Coordinator                    [] - Processor [test] claimed 1 new segments for processing
2023-02-06 09:56:30,252 [main] INFO  PooledStreamingEventProcessor  [] - Stopping processor [test]
2023-02-06 09:56:30,756 [main] INFO  PooledStreamingEventProcessor  [] - Stopping processor [test]
2023-02-06 09:56:30,759 [main] INFO  PooledStreamingEventProcessor  [] - Starting PooledStreamingEventProcessor [test].
2023-02-06 09:56:30,759 [main] INFO  PooledStreamingEventProcessor  [] - Initializing segments for processor [test] (8 segments)
2023-02-06 09:56:30,759 [main] INFO  PooledStreamingEventProcessor  [] - Error while initializing the Token Store. This may simply indicate concurrent attempts to initialize.
java.lang.RuntimeException: Simulated failure
	at org.axonframework.eventhandling.pooled.PooledStreamingEventProcessor.lambda$initializeTokenStore$1(PooledStreamingEventProcessor.java:203) ~[classes/:?]
	at org.axonframework.common.transaction.TransactionManager.executeInTransaction(TransactionManager.java:47) ~[classes/:?]
	at org.axonframework.eventhandling.pooled.PooledStreamingEventProcessor.initializeTokenStore(PooledStreamingEventProcessor.java:198) ~[classes/:?]
	at org.axonframework.eventhandling.pooled.PooledStreamingEventProcessor.start(PooledStreamingEventProcessor.java:193) ~[classes/:?]
	at org.axonframework.eventhandling.pooled.PooledStreamingEventProcessorTest.testStartContinuesWhenTokenInitializationFails(PooledStreamingEventProcessorTest.java:139) ~[test-classes/:?]
	at jdk.internal.reflect.NativeMethodAccessorImpl.invoke0(Native Method) ~[?:?]
	at jdk.internal.reflect.NativeMethodAccessorImpl.invoke(NativeMethodAccessorImpl.java:62) ~[?:?]
	at jdk.internal.reflect.DelegatingMethodAccessorImpl.invoke(DelegatingMethodAccessorImpl.java:43) ~[?:?]
	at java.lang.reflect.Method.invoke(Method.java:566) ~[?:?]
	at org.junit.platform.commons.util.ReflectionUtils.invokeMethod(ReflectionUtils.java:688) ~[junit-platform-commons-1.7.2.jar:1.7.2]
	at org.junit.jupiter.engine.execution.MethodInvocation.proceed(MethodInvocation.java:60) ~[junit-jupiter-engine-5.7.2.jar:5.7.2]
	at org.junit.jupiter.engine.execution.InvocationInterceptorChain$ValidatingInvocation.proceed(InvocationInterceptorChain.java:131) ~[junit-jupiter-engine-5.7.2.jar:5.7.2]
	at org.junit.jupiter.engine.extension.TimeoutExtension.intercept(TimeoutExtension.java:149) ~[junit-jupiter-engine-5.7.2.jar:5.7.2]
	at org.junit.jupiter.engine.extension.TimeoutExtension.interceptTestableMethod(TimeoutExtension.java:140) ~[junit-jupiter-engine-5.7.2.jar:5.7.2]
	at org.junit.jupiter.engine.extension.TimeoutExtension.interceptTestMethod(TimeoutExtension.java:84) ~[junit-jupiter-engine-5.7.2.jar:5.7.2]
	at org.junit.jupiter.engine.execution.ExecutableInvoker$ReflectiveInterceptorCall.lambda$ofVoidMethod$0(ExecutableInvoker.java:115) ~[junit-jupiter-engine-5.7.2.jar:5.7.2]
	at org.junit.jupiter.engine.execution.ExecutableInvoker.lambda$invoke$0(ExecutableInvoker.java:105) ~[junit-jupiter-engine-5.7.2.jar:5.7.2]
	at org.junit.jupiter.engine.execution.InvocationInterceptorChain$InterceptedInvocation.proceed(InvocationInterceptorChain.java:106) ~[junit-jupiter-engine-5.7.2.jar:5.7.2]
	at org.junit.jupiter.engine.execution.InvocationInterceptorChain.proceed(InvocationInterceptorChain.java:64) ~[junit-jupiter-engine-5.7.2.jar:5.7.2]
	at org.junit.jupiter.engine.execution.InvocationInterceptorChain.chainAndInvoke(InvocationInterceptorChain.java:45) ~[junit-jupiter-engine-5.7.2.jar:5.7.2]
	at org.junit.jupiter.engine.execution.InvocationInterceptorChain.invoke(InvocationInterceptorChain.java:37) ~[junit-jupiter-engine-5.7.2.jar:5.7.2]
	at org.junit.jupiter.engine.execution.ExecutableInvoker.invoke(ExecutableInvoker.java:104) ~[junit-jupiter-engine-5.7.2.jar:5.7.2]
	at org.junit.jupiter.engine.execution.ExecutableInvoker.invoke(ExecutableInvoker.java:98) ~[junit-jupiter-engine-5.7.2.jar:5.7.2]
	at org.junit.jupiter.engine.descriptor.TestMethodTestDescriptor.lambda$invokeTestMethod$6(TestMethodTestDescriptor.java:210) ~[junit-jupiter-engine-5.7.2.jar:5.7.2]
	at org.junit.platform.engine.support.hierarchical.ThrowableCollector.execute(ThrowableCollector.java:73) ~[junit-platform-engine-1.7.2.jar:1.7.2]
	at org.junit.jupiter.engine.descriptor.TestMethodTestDescriptor.invokeTestMethod(TestMethodTestDescriptor.java:206) ~[junit-jupiter-engine-5.7.2.jar:5.7.2]
	at org.junit.jupiter.engine.descriptor.TestMethodTestDescriptor.execute(TestMethodTestDescriptor.java:131) ~[junit-jupiter-engine-5.7.2.jar:5.7.2]
	at org.junit.jupiter.engine.descriptor.TestMethodTestDescriptor.execute(TestMethodTestDescriptor.java:65) ~[junit-jupiter-engine-5.7.2.jar:5.7.2]
	at org.junit.platform.engine.support.hierarchical.NodeTestTask.lambda$executeRecursively$5(NodeTestTask.java:139) ~[junit-platform-engine-1.7.2.jar:1.7.2]
	at org.junit.platform.engine.support.hierarchical.ThrowableCollector.execute(ThrowableCollector.java:73) ~[junit-platform-engine-1.7.2.jar:1.7.2]
	at org.junit.platform.engine.support.hierarchical.NodeTestTask.lambda$executeRecursively$7(NodeTestTask.java:129) ~[junit-platform-engine-1.7.2.jar:1.7.2]
	at org.junit.platform.engine.support.hierarchical.Node.around(Node.java:137) ~[junit-platform-engine-1.7.2.jar:1.7.2]
	at org.junit.platform.engine.support.hierarchical.NodeTestTask.lambda$executeRecursively$8(NodeTestTask.java:127) ~[junit-platform-engine-1.7.2.jar:1.7.2]
	at org.junit.platform.engine.support.hierarchical.ThrowableCollector.execute(ThrowableCollector.java:73) ~[junit-platform-engine-1.7.2.jar:1.7.2]
	at org.junit.platform.engine.support.hierarchical.NodeTestTask.executeRecursively(NodeTestTask.java:126) ~[junit-platform-engine-1.7.2.jar:1.7.2]
	at org.junit.platform.engine.support.hierarchical.NodeTestTask.execute(NodeTestTask.java:84) ~[junit-platform-engine-1.7.2.jar:1.7.2]
	at java.util.ArrayList.forEach(ArrayList.java:1541) ~[?:?]
	at org.junit.platform.engine.support.hierarchical.SameThreadHierarchicalTestExecutorService.invokeAll(SameThreadHierarchicalTestExecutorService.java:38) ~[junit-platform-engine-1.7.2.jar:1.7.2]
	at org.junit.platform.engine.support.hierarchical.NodeTestTask.lambda$executeRecursively$5(NodeTestTask.java:143) ~[junit-platform-engine-1.7.2.jar:1.7.2]
	at org.junit.platform.engine.support.hierarchical.ThrowableCollector.execute(ThrowableCollector.java:73) ~[junit-platform-engine-1.7.2.jar:1.7.2]
	at org.junit.platform.engine.support.hierarchical.NodeTestTask.lambda$executeRecursively$7(NodeTestTask.java:129) ~[junit-platform-engine-1.7.2.jar:1.7.2]
	at org.junit.platform.engine.support.hierarchical.Node.around(Node.java:137) ~[junit-platform-engine-1.7.2.jar:1.7.2]
	at org.junit.platform.engine.support.hierarchical.NodeTestTask.lambda$executeRecursively$8(NodeTestTask.java:127) ~[junit-platform-engine-1.7.2.jar:1.7.2]
	at org.junit.platform.engine.support.hierarchical.ThrowableCollector.execute(ThrowableCollector.java:73) ~[junit-platform-engine-1.7.2.jar:1.7.2]
	at org.junit.platform.engine.support.hierarchical.NodeTestTask.executeRecursively(NodeTestTask.java:126) ~[junit-platform-engine-1.7.2.jar:1.7.2]
	at org.junit.platform.engine.support.hierarchical.NodeTestTask.execute(NodeTestTask.java:84) ~[junit-platform-engine-1.7.2.jar:1.7.2]
	at java.util.ArrayList.forEach(ArrayList.java:1541) ~[?:?]
	at org.junit.platform.engine.support.hierarchical.SameThreadHierarchicalTestExecutorService.invokeAll(SameThreadHierarchicalTestExecutorService.java:38) ~[junit-platform-engine-1.7.2.jar:1.7.2]
	at org.junit.platform.engine.support.hierarchical.NodeTestTask.lambda$executeRecursively$5(NodeTestTask.java:143) ~[junit-platform-engine-1.7.2.jar:1.7.2]
	at org.junit.platform.engine.support.hierarchical.ThrowableCollector.execute(ThrowableCollector.java:73) ~[junit-platform-engine-1.7.2.jar:1.7.2]
	at org.junit.platform.engine.support.hierarchical.NodeTestTask.lambda$executeRecursively$7(NodeTestTask.java:129) ~[junit-platform-engine-1.7.2.jar:1.7.2]
	at org.junit.platform.engine.support.hierarchical.Node.around(Node.java:137) ~[junit-platform-engine-1.7.2.jar:1.7.2]
	at org.junit.platform.engine.support.hierarchical.NodeTestTask.lambda$executeRecursively$8(NodeTestTask.java:127) ~[junit-platform-engine-1.7.2.jar:1.7.2]
	at org.junit.platform.engine.support.hierarchical.ThrowableCollector.execute(ThrowableCollector.java:73) ~[junit-platform-engine-1.7.2.jar:1.7.2]
	at org.junit.platform.engine.support.hierarchical.NodeTestTask.executeRecursively(NodeTestTask.java:126) ~[junit-platform-engine-1.7.2.jar:1.7.2]
	at org.junit.platform.engine.support.hierarchical.NodeTestTask.execute(NodeTestTask.java:84) ~[junit-platform-engine-1.7.2.jar:1.7.2]
	at org.junit.platform.engine.support.hierarchical.SameThreadHierarchicalTestExecutorService.submit(SameThreadHierarchicalTestExecutorService.java:32) ~[junit-platform-engine-1.7.2.jar:1.7.2]
	at org.junit.platform.engine.support.hierarchical.HierarchicalTestExecutor.execute(HierarchicalTestExecutor.java:57) ~[junit-platform-engine-1.7.2.jar:1.7.2]
	at org.junit.platform.engine.support.hierarchical.HierarchicalTestEngine.execute(HierarchicalTestEngine.java:51) ~[junit-platform-engine-1.7.2.jar:1.7.2]
	at org.junit.platform.launcher.core.DefaultLauncher.execute(DefaultLauncher.java:220) ~[junit-platform-launcher-1.3.1.jar:1.3.1]
	at org.junit.platform.launcher.core.DefaultLauncher.lambda$execute$6(DefaultLauncher.java:188) ~[junit-platform-launcher-1.3.1.jar:1.3.1]
	at org.junit.platform.launcher.core.DefaultLauncher.withInterceptedStreams(DefaultLauncher.java:202) [junit-platform-launcher-1.3.1.jar:1.3.1]
	at org.junit.platform.launcher.core.DefaultLauncher.execute(DefaultLauncher.java:181) [junit-platform-launcher-1.3.1.jar:1.3.1]
	at org.junit.platform.launcher.core.DefaultLauncher.execute(DefaultLauncher.java:128) [junit-platform-launcher-1.3.1.jar:1.3.1]
	at org.apache.maven.surefire.junitplatform.JUnitPlatformProvider.invokeAllTests(JUnitPlatformProvider.java:150) [surefire-junit-platform-2.22.2.jar:2.22.2]
	at org.apache.maven.surefire.junitplatform.JUnitPlatformProvider.invoke(JUnitPlatformProvider.java:124) [surefire-junit-platform-2.22.2.jar:2.22.2]
	at org.apache.maven.surefire.booter.ForkedBooter.invokeProviderInSameClassLoader(ForkedBooter.java:384) [surefire-booter-2.22.2.jar:2.22.2]
	at org.apache.maven.surefire.booter.ForkedBooter.runSuitesInProcess(ForkedBooter.java:345) [surefire-booter-2.22.2.jar:2.22.2]
	at org.apache.maven.surefire.booter.ForkedBooter.execute(ForkedBooter.java:126) [surefire-booter-2.22.2.jar:2.22.2]
	at org.apache.maven.surefire.booter.ForkedBooter.main(ForkedBooter.java:418) [surefire-booter-2.22.2.jar:2.22.2]
2023-02-06 09:56:30,761 [main] INFO  PooledStreamingEventProcessor  [] - Stopping processor [test]
2023-02-06 09:56:30,764 [main] INFO  PooledStreamingEventProcessor  [] - Starting PooledStreamingEventProcessor [test].
2023-02-06 09:56:30,764 [main] INFO  PooledStreamingEventProcessor  [] - Initializing segments for processor [test] (8 segments)
2023-02-06 09:56:30,765 [pool-88-thread-1] INFO  Coordinator                    [] - Processor [test] claimed 8 new segments for processing
2023-02-06 09:56:30,777 [main] INFO  PooledStreamingEventProcessor  [] - Stopping processor [test]
2023-02-06 09:56:30,777 [main] INFO  PooledStreamingEventProcessor  [] - Starting PooledStreamingEventProcessor [test].
2023-02-06 09:56:31,271 [main] INFO  PooledStreamingEventProcessor  [] - Starting PooledStreamingEventProcessor [test].
2023-02-06 09:56:31,272 [main] INFO  PooledStreamingEventProcessor  [] - Stopping processor [test]
2023-02-06 09:56:31,272 [pool-88-thread-2] INFO  Coordinator                    [] - Processor [test] claimed 8 new segments for processing
2023-02-06 09:56:31,777 [main] INFO  PooledStreamingEventProcessor  [] - Stopping processor [test]
2023-02-06 09:56:31,778 [main] INFO  PooledStreamingEventProcessor  [] - Starting PooledStreamingEventProcessor [test].
2023-02-06 09:56:31,779 [main] INFO  PooledStreamingEventProcessor  [] - Initializing segments for processor [test] (8 segments)
2023-02-06 09:56:31,780 [main] INFO  PooledStreamingEventProcessor  [] - Stopping processor [test]
2023-02-06 09:56:31,780 [pool-92-thread-1] INFO  Coordinator                    [] - Processor [test] claimed 8 new segments for processing
2023-02-06 09:56:32,283 [main] INFO  PooledStreamingEventProcessor  [] - Stopping processor [test]
2023-02-06 09:56:32,284 [main] INFO  PooledStreamingEventProcessor  [] - Starting PooledStreamingEventProcessor [test].
2023-02-06 09:56:32,284 [main] INFO  PooledStreamingEventProcessor  [] - Initializing segments for processor [test] (8 segments)
2023-02-06 09:56:32,285 [pool-96-thread-1] INFO  Coordinator                    [] - Processor [test] claimed 8 new segments for processing
2023-02-06 09:56:32,285 [main] INFO  PooledStreamingEventProcessor  [] - Stopping processor [test]
2023-02-06 09:56:32,792 [main] INFO  PooledStreamingEventProcessor  [] - Stopping processor [test]
2023-02-06 09:56:32,795 [main] INFO  PooledStreamingEventProcessor  [] - Starting PooledStreamingEventProcessor [test].
2023-02-06 09:56:32,795 [main] INFO  PooledStreamingEventProcessor  [] - Initializing segments for processor [test] (1 segments)
2023-02-06 09:56:32,796 [pool-100-thread-1] INFO  Coordinator                    [] - Processor [test] claimed 1 new segments for processing
2023-02-06 09:56:32,800 [main] INFO  PooledStreamingEventProcessor  [] - Stopping processor [test]
2023-02-06 09:56:33,301 [main] INFO  PooledStreamingEventProcessor  [] - Stopping processor [test]
2023-02-06 09:56:33,303 [main] INFO  PooledStreamingEventProcessor  [] - Starting PooledStreamingEventProcessor [test].
2023-02-06 09:56:33,303 [main] INFO  PooledStreamingEventProcessor  [] - Initializing segments for processor [test] (8 segments)
2023-02-06 09:56:33,303 [main] INFO  PooledStreamingEventProcessor  [] - Stopping processor [test]
2023-02-06 09:56:33,303 [main] INFO  PooledStreamingEventProcessor  [] - Stopping processor [test]
2023-02-06 09:56:33,304 [main] INFO  PooledStreamingEventProcessor  [] - Stopping processor [test]
2023-02-06 09:56:33,304 [pool-104-thread-1] INFO  Coordinator                    [] - Processor [test] claimed 8 new segments for processing
2023-02-06 09:56:33,808 [main] INFO  PooledStreamingEventProcessor  [] - Starting PooledStreamingEventProcessor [test].
2023-02-06 09:56:33,808 [main] INFO  PooledStreamingEventProcessor  [] - Initializing segments for processor [test] (8 segments)
2023-02-06 09:56:33,812 [pool-106-thread-1] INFO  Coordinator                    [] - Processor [test] claimed 8 new segments for processing
2023-02-06 09:56:34,316 [pool-107-thread-1] WARN  WorkPackage                    [] - Error while processing batch in Work Package [2]-[test]. Aborting Work Package...
java.lang.RuntimeException: Simulating worker failure
	at org.axonframework.eventhandling.AbstractEventProcessor.lambda$processInUnitOfWork$1(AbstractEventProcessor.java:165) ~[classes/:?]
	at org.axonframework.messaging.DefaultInterceptorChain.proceed(DefaultInterceptorChain.java:57) ~[classes/:?]
	at org.axonframework.eventhandling.AbstractEventProcessor.lambda$processInUnitOfWork$2(AbstractEventProcessor.java:173) ~[classes/:?]
	at org.axonframework.messaging.unitofwork.BatchingUnitOfWork.executeWithResult(BatchingUnitOfWork.java:86) ~[classes/:?]
	at org.axonframework.eventhandling.AbstractEventProcessor.processInUnitOfWork(AbstractEventProcessor.java:159) ~[classes/:?]
	at org.axonframework.eventhandling.pooled.WorkPackage.processEvents(WorkPackage.java:219) ~[classes/:?]
	at org.axonframework.eventhandling.pooled.WorkPackage.lambda$scheduleWorker$1(WorkPackage.java:185) ~[classes/:?]
	at java.util.concurrent.Executors$RunnableAdapter.call(Executors.java:515) [?:?]
	at java.util.concurrent.FutureTask.run(FutureTask.java:264) [?:?]
	at java.util.concurrent.ScheduledThreadPoolExecutor$ScheduledFutureTask.run(ScheduledThreadPoolExecutor.java:304) [?:?]
	at java.util.concurrent.ThreadPoolExecutor.runWorker(ThreadPoolExecutor.java:1128) [?:?]
	at java.util.concurrent.ThreadPoolExecutor$Worker.run(ThreadPoolExecutor.java:628) [?:?]
	at java.lang.Thread.run(Thread.java:829) [?:?]
2023-02-06 09:56:34,324 [main] INFO  PooledStreamingEventProcessor  [] - Stopping processor [test]
2023-02-06 09:56:34,820 [main] INFO  PooledStreamingEventProcessor  [] - Stopping processor [test]
2023-02-06 09:56:34,823 [main] INFO  PooledStreamingEventProcessor  [] - Starting PooledStreamingEventProcessor [test].
2023-02-06 09:56:34,824 [main] INFO  PooledStreamingEventProcessor  [] - Initializing segments for processor [test] (8 segments)
2023-02-06 09:56:34,824 [pool-110-thread-1] INFO  Coordinator                    [] - Processor [test] claimed 8 new segments for processing
2023-02-06 09:56:34,830 [main] INFO  PooledStreamingEventProcessor  [] - Stopping processor [test]
2023-02-06 09:56:34,833 [main] INFO  PooledStreamingEventProcessor  [] - Starting PooledStreamingEventProcessor [test].
2023-02-06 09:56:34,834 [main] INFO  PooledStreamingEventProcessor  [] - Initializing segments for processor [test] (1 segments)
2023-02-06 09:56:34,834 [pool-112-thread-1] INFO  Coordinator                    [] - Processor [test] claimed 1 new segments for processing
2023-02-06 09:56:34,836 [main] INFO  PooledStreamingEventProcessor  [] - Stopping processor [test]
2023-02-06 09:56:35,338 [main] INFO  PooledStreamingEventProcessor  [] - Stopping processor [test]
2023-02-06 09:56:35,341 [main] INFO  PooledStreamingEventProcessor  [] - Stopping processor [test]
[INFO] Tests run: 52, Failures: 0, Errors: 0, Skipped: 0, Time elapsed: 17.995 s - in org.axonframework.eventhandling.pooled.PooledStreamingEventProcessorTest
[INFO] Running org.axonframework.eventhandling.pooled.WorkPackageTest
2023-02-06 09:56:35,357 [pool-124-thread-1] WARN  WorkPackage                    [] - Error while processing batch in Work Package [0]-[test]. Aborting Work Package...
java.lang.IllegalStateException: Some exception
	at org.axonframework.eventhandling.pooled.WorkPackageTest.lambda$testScheduleEventFailsOnBatchProcessor$5(WorkPackageTest.java:152) ~[test-classes/:?]
	at org.axonframework.eventhandling.pooled.WorkPackageTest$TestBatchProcessor.processBatch(WorkPackageTest.java:353) ~[test-classes/:?]
	at org.axonframework.eventhandling.pooled.WorkPackage.processEvents(WorkPackage.java:219) ~[classes/:?]
	at org.axonframework.eventhandling.pooled.WorkPackage.lambda$scheduleWorker$1(WorkPackage.java:185) ~[classes/:?]
	at java.util.concurrent.Executors$RunnableAdapter.call(Executors.java:515) [?:?]
	at java.util.concurrent.FutureTask.run(FutureTask.java:264) [?:?]
	at java.util.concurrent.ScheduledThreadPoolExecutor$ScheduledFutureTask.run(ScheduledThreadPoolExecutor.java:304) [?:?]
	at java.util.concurrent.ThreadPoolExecutor.runWorker(ThreadPoolExecutor.java:1128) [?:?]
	at java.util.concurrent.ThreadPoolExecutor$Worker.run(ThreadPoolExecutor.java:628) [?:?]
	at java.lang.Thread.run(Thread.java:829) [?:?]
2023-02-06 09:56:35,367 [main] WARN  WorkPackage                    [] - Error while detecting whether event can be handled in Work Package [0]-[test]. Aborting Work Package...
java.lang.IllegalStateException: Some exception
	at org.axonframework.eventhandling.pooled.WorkPackageTest.lambda$testScheduleEventFailsOnEventValidator$3(WorkPackageTest.java:128) ~[test-classes/:?]
	at org.axonframework.eventhandling.pooled.WorkPackageTest$TestEventFilter.canHandle(WorkPackageTest.java:337) ~[test-classes/:?]
	at org.axonframework.eventhandling.pooled.WorkPackage.canHandle(WorkPackage.java:152) ~[classes/:?]
	at org.axonframework.eventhandling.pooled.WorkPackage.scheduleEvent(WorkPackage.java:141) ~[classes/:?]
	at org.axonframework.eventhandling.pooled.WorkPackageTest.testScheduleEventFailsOnEventValidator(WorkPackageTest.java:133) ~[test-classes/:?]
	at jdk.internal.reflect.NativeMethodAccessorImpl.invoke0(Native Method) ~[?:?]
	at jdk.internal.reflect.NativeMethodAccessorImpl.invoke(NativeMethodAccessorImpl.java:62) ~[?:?]
	at jdk.internal.reflect.DelegatingMethodAccessorImpl.invoke(DelegatingMethodAccessorImpl.java:43) ~[?:?]
	at java.lang.reflect.Method.invoke(Method.java:566) ~[?:?]
	at org.junit.platform.commons.util.ReflectionUtils.invokeMethod(ReflectionUtils.java:688) ~[junit-platform-commons-1.7.2.jar:1.7.2]
	at org.junit.jupiter.engine.execution.MethodInvocation.proceed(MethodInvocation.java:60) ~[junit-jupiter-engine-5.7.2.jar:5.7.2]
	at org.junit.jupiter.engine.execution.InvocationInterceptorChain$ValidatingInvocation.proceed(InvocationInterceptorChain.java:131) ~[junit-jupiter-engine-5.7.2.jar:5.7.2]
	at org.junit.jupiter.engine.extension.TimeoutExtension.intercept(TimeoutExtension.java:149) ~[junit-jupiter-engine-5.7.2.jar:5.7.2]
	at org.junit.jupiter.engine.extension.TimeoutExtension.interceptTestableMethod(TimeoutExtension.java:140) ~[junit-jupiter-engine-5.7.2.jar:5.7.2]
	at org.junit.jupiter.engine.extension.TimeoutExtension.interceptTestMethod(TimeoutExtension.java:84) ~[junit-jupiter-engine-5.7.2.jar:5.7.2]
	at org.junit.jupiter.engine.execution.ExecutableInvoker$ReflectiveInterceptorCall.lambda$ofVoidMethod$0(ExecutableInvoker.java:115) ~[junit-jupiter-engine-5.7.2.jar:5.7.2]
	at org.junit.jupiter.engine.execution.ExecutableInvoker.lambda$invoke$0(ExecutableInvoker.java:105) ~[junit-jupiter-engine-5.7.2.jar:5.7.2]
	at org.junit.jupiter.engine.execution.InvocationInterceptorChain$InterceptedInvocation.proceed(InvocationInterceptorChain.java:106) ~[junit-jupiter-engine-5.7.2.jar:5.7.2]
	at org.junit.jupiter.engine.execution.InvocationInterceptorChain.proceed(InvocationInterceptorChain.java:64) ~[junit-jupiter-engine-5.7.2.jar:5.7.2]
	at org.junit.jupiter.engine.execution.InvocationInterceptorChain.chainAndInvoke(InvocationInterceptorChain.java:45) ~[junit-jupiter-engine-5.7.2.jar:5.7.2]
	at org.junit.jupiter.engine.execution.InvocationInterceptorChain.invoke(InvocationInterceptorChain.java:37) ~[junit-jupiter-engine-5.7.2.jar:5.7.2]
	at org.junit.jupiter.engine.execution.ExecutableInvoker.invoke(ExecutableInvoker.java:104) ~[junit-jupiter-engine-5.7.2.jar:5.7.2]
	at org.junit.jupiter.engine.execution.ExecutableInvoker.invoke(ExecutableInvoker.java:98) ~[junit-jupiter-engine-5.7.2.jar:5.7.2]
	at org.junit.jupiter.engine.descriptor.TestMethodTestDescriptor.lambda$invokeTestMethod$6(TestMethodTestDescriptor.java:210) ~[junit-jupiter-engine-5.7.2.jar:5.7.2]
	at org.junit.platform.engine.support.hierarchical.ThrowableCollector.execute(ThrowableCollector.java:73) ~[junit-platform-engine-1.7.2.jar:1.7.2]
	at org.junit.jupiter.engine.descriptor.TestMethodTestDescriptor.invokeTestMethod(TestMethodTestDescriptor.java:206) ~[junit-jupiter-engine-5.7.2.jar:5.7.2]
	at org.junit.jupiter.engine.descriptor.TestMethodTestDescriptor.execute(TestMethodTestDescriptor.java:131) ~[junit-jupiter-engine-5.7.2.jar:5.7.2]
	at org.junit.jupiter.engine.descriptor.TestMethodTestDescriptor.execute(TestMethodTestDescriptor.java:65) ~[junit-jupiter-engine-5.7.2.jar:5.7.2]
	at org.junit.platform.engine.support.hierarchical.NodeTestTask.lambda$executeRecursively$5(NodeTestTask.java:139) ~[junit-platform-engine-1.7.2.jar:1.7.2]
	at org.junit.platform.engine.support.hierarchical.ThrowableCollector.execute(ThrowableCollector.java:73) ~[junit-platform-engine-1.7.2.jar:1.7.2]
	at org.junit.platform.engine.support.hierarchical.NodeTestTask.lambda$executeRecursively$7(NodeTestTask.java:129) ~[junit-platform-engine-1.7.2.jar:1.7.2]
	at org.junit.platform.engine.support.hierarchical.Node.around(Node.java:137) ~[junit-platform-engine-1.7.2.jar:1.7.2]
	at org.junit.platform.engine.support.hierarchical.NodeTestTask.lambda$executeRecursively$8(NodeTestTask.java:127) ~[junit-platform-engine-1.7.2.jar:1.7.2]
	at org.junit.platform.engine.support.hierarchical.ThrowableCollector.execute(ThrowableCollector.java:73) ~[junit-platform-engine-1.7.2.jar:1.7.2]
	at org.junit.platform.engine.support.hierarchical.NodeTestTask.executeRecursively(NodeTestTask.java:126) ~[junit-platform-engine-1.7.2.jar:1.7.2]
	at org.junit.platform.engine.support.hierarchical.NodeTestTask.execute(NodeTestTask.java:84) ~[junit-platform-engine-1.7.2.jar:1.7.2]
	at java.util.ArrayList.forEach(ArrayList.java:1541) ~[?:?]
	at org.junit.platform.engine.support.hierarchical.SameThreadHierarchicalTestExecutorService.invokeAll(SameThreadHierarchicalTestExecutorService.java:38) ~[junit-platform-engine-1.7.2.jar:1.7.2]
	at org.junit.platform.engine.support.hierarchical.NodeTestTask.lambda$executeRecursively$5(NodeTestTask.java:143) ~[junit-platform-engine-1.7.2.jar:1.7.2]
	at org.junit.platform.engine.support.hierarchical.ThrowableCollector.execute(ThrowableCollector.java:73) ~[junit-platform-engine-1.7.2.jar:1.7.2]
	at org.junit.platform.engine.support.hierarchical.NodeTestTask.lambda$executeRecursively$7(NodeTestTask.java:129) ~[junit-platform-engine-1.7.2.jar:1.7.2]
	at org.junit.platform.engine.support.hierarchical.Node.around(Node.java:137) ~[junit-platform-engine-1.7.2.jar:1.7.2]
	at org.junit.platform.engine.support.hierarchical.NodeTestTask.lambda$executeRecursively$8(NodeTestTask.java:127) ~[junit-platform-engine-1.7.2.jar:1.7.2]
	at org.junit.platform.engine.support.hierarchical.ThrowableCollector.execute(ThrowableCollector.java:73) ~[junit-platform-engine-1.7.2.jar:1.7.2]
	at org.junit.platform.engine.support.hierarchical.NodeTestTask.executeRecursively(NodeTestTask.java:126) ~[junit-platform-engine-1.7.2.jar:1.7.2]
	at org.junit.platform.engine.support.hierarchical.NodeTestTask.execute(NodeTestTask.java:84) ~[junit-platform-engine-1.7.2.jar:1.7.2]
	at java.util.ArrayList.forEach(ArrayList.java:1541) ~[?:?]
	at org.junit.platform.engine.support.hierarchical.SameThreadHierarchicalTestExecutorService.invokeAll(SameThreadHierarchicalTestExecutorService.java:38) ~[junit-platform-engine-1.7.2.jar:1.7.2]
	at org.junit.platform.engine.support.hierarchical.NodeTestTask.lambda$executeRecursively$5(NodeTestTask.java:143) ~[junit-platform-engine-1.7.2.jar:1.7.2]
	at org.junit.platform.engine.support.hierarchical.ThrowableCollector.execute(ThrowableCollector.java:73) ~[junit-platform-engine-1.7.2.jar:1.7.2]
	at org.junit.platform.engine.support.hierarchical.NodeTestTask.lambda$executeRecursively$7(NodeTestTask.java:129) ~[junit-platform-engine-1.7.2.jar:1.7.2]
	at org.junit.platform.engine.support.hierarchical.Node.around(Node.java:137) ~[junit-platform-engine-1.7.2.jar:1.7.2]
	at org.junit.platform.engine.support.hierarchical.NodeTestTask.lambda$executeRecursively$8(NodeTestTask.java:127) ~[junit-platform-engine-1.7.2.jar:1.7.2]
	at org.junit.platform.engine.support.hierarchical.ThrowableCollector.execute(ThrowableCollector.java:73) ~[junit-platform-engine-1.7.2.jar:1.7.2]
	at org.junit.platform.engine.support.hierarchical.NodeTestTask.executeRecursively(NodeTestTask.java:126) ~[junit-platform-engine-1.7.2.jar:1.7.2]
	at org.junit.platform.engine.support.hierarchical.NodeTestTask.execute(NodeTestTask.java:84) ~[junit-platform-engine-1.7.2.jar:1.7.2]
	at org.junit.platform.engine.support.hierarchical.SameThreadHierarchicalTestExecutorService.submit(SameThreadHierarchicalTestExecutorService.java:32) ~[junit-platform-engine-1.7.2.jar:1.7.2]
	at org.junit.platform.engine.support.hierarchical.HierarchicalTestExecutor.execute(HierarchicalTestExecutor.java:57) ~[junit-platform-engine-1.7.2.jar:1.7.2]
	at org.junit.platform.engine.support.hierarchical.HierarchicalTestEngine.execute(HierarchicalTestEngine.java:51) ~[junit-platform-engine-1.7.2.jar:1.7.2]
	at org.junit.platform.launcher.core.DefaultLauncher.execute(DefaultLauncher.java:220) ~[junit-platform-launcher-1.3.1.jar:1.3.1]
	at org.junit.platform.launcher.core.DefaultLauncher.lambda$execute$6(DefaultLauncher.java:188) ~[junit-platform-launcher-1.3.1.jar:1.3.1]
	at org.junit.platform.launcher.core.DefaultLauncher.withInterceptedStreams(DefaultLauncher.java:202) [junit-platform-launcher-1.3.1.jar:1.3.1]
	at org.junit.platform.launcher.core.DefaultLauncher.execute(DefaultLauncher.java:181) [junit-platform-launcher-1.3.1.jar:1.3.1]
	at org.junit.platform.launcher.core.DefaultLauncher.execute(DefaultLauncher.java:128) [junit-platform-launcher-1.3.1.jar:1.3.1]
	at org.apache.maven.surefire.junitplatform.JUnitPlatformProvider.invokeAllTests(JUnitPlatformProvider.java:150) [surefire-junit-platform-2.22.2.jar:2.22.2]
	at org.apache.maven.surefire.junitplatform.JUnitPlatformProvider.invoke(JUnitPlatformProvider.java:124) [surefire-junit-platform-2.22.2.jar:2.22.2]
	at org.apache.maven.surefire.booter.ForkedBooter.invokeProviderInSameClassLoader(ForkedBooter.java:384) [surefire-booter-2.22.2.jar:2.22.2]
	at org.apache.maven.surefire.booter.ForkedBooter.runSuitesInProcess(ForkedBooter.java:345) [surefire-booter-2.22.2.jar:2.22.2]
	at org.apache.maven.surefire.booter.ForkedBooter.execute(ForkedBooter.java:126) [surefire-booter-2.22.2.jar:2.22.2]
	at org.apache.maven.surefire.booter.ForkedBooter.main(ForkedBooter.java:418) [surefire-booter-2.22.2.jar:2.22.2]
[INFO] Tests run: 15, Failures: 0, Errors: 0, Skipped: 0, Time elapsed: 0.023 s - in org.axonframework.eventhandling.pooled.WorkPackageTest
[INFO] Running org.axonframework.eventhandling.pooled.MergeTaskTest
2023-02-06 09:56:35,370 [main] INFO  MergeTask                      [] - Processor [test] successfully merged Segment[0/1] with Segment[1/1] into Segment[0/0].
2023-02-06 09:56:35,371 [main] WARN  CoordinatorTask                [] - Processor [test] failed to run instruction - Merge Task for segment 0.
java.util.concurrent.CompletionException: org.axonframework.eventhandling.tokenstore.UnableToClaimTokenException: some exception
	at java.util.concurrent.CompletableFuture.encodeThrowable(CompletableFuture.java:314) ~[?:?]
	at java.util.concurrent.CompletableFuture.completeThrowable(CompletableFuture.java:319) ~[?:?]
	at java.util.concurrent.CompletableFuture.biApply(CompletableFuture.java:1238) ~[?:?]
	at java.util.concurrent.CompletableFuture.biApplyStage(CompletableFuture.java:1254) ~[?:?]
	at java.util.concurrent.CompletableFuture.thenCombine(CompletableFuture.java:2136) ~[?:?]
	at org.axonframework.eventhandling.pooled.MergeTask.task(MergeTask.java:95) ~[classes/:?]
	at org.axonframework.eventhandling.pooled.CoordinatorTask.run(CoordinatorTask.java:44) ~[classes/:?]
	at org.axonframework.eventhandling.pooled.MergeTaskTest.testRunCompletesExceptionallyThroughUnableToClaimTokenExceptionOnDelete(MergeTaskTest.java:176) ~[test-classes/:?]
	at jdk.internal.reflect.NativeMethodAccessorImpl.invoke0(Native Method) ~[?:?]
	at jdk.internal.reflect.NativeMethodAccessorImpl.invoke(NativeMethodAccessorImpl.java:62) ~[?:?]
	at jdk.internal.reflect.DelegatingMethodAccessorImpl.invoke(DelegatingMethodAccessorImpl.java:43) ~[?:?]
	at java.lang.reflect.Method.invoke(Method.java:566) ~[?:?]
	at org.junit.platform.commons.util.ReflectionUtils.invokeMethod(ReflectionUtils.java:688) ~[junit-platform-commons-1.7.2.jar:1.7.2]
	at org.junit.jupiter.engine.execution.MethodInvocation.proceed(MethodInvocation.java:60) ~[junit-jupiter-engine-5.7.2.jar:5.7.2]
	at org.junit.jupiter.engine.execution.InvocationInterceptorChain$ValidatingInvocation.proceed(InvocationInterceptorChain.java:131) ~[junit-jupiter-engine-5.7.2.jar:5.7.2]
	at org.junit.jupiter.engine.extension.TimeoutExtension.intercept(TimeoutExtension.java:149) ~[junit-jupiter-engine-5.7.2.jar:5.7.2]
	at org.junit.jupiter.engine.extension.TimeoutExtension.interceptTestableMethod(TimeoutExtension.java:140) ~[junit-jupiter-engine-5.7.2.jar:5.7.2]
	at org.junit.jupiter.engine.extension.TimeoutExtension.interceptTestMethod(TimeoutExtension.java:84) ~[junit-jupiter-engine-5.7.2.jar:5.7.2]
	at org.junit.jupiter.engine.execution.ExecutableInvoker$ReflectiveInterceptorCall.lambda$ofVoidMethod$0(ExecutableInvoker.java:115) ~[junit-jupiter-engine-5.7.2.jar:5.7.2]
	at org.junit.jupiter.engine.execution.ExecutableInvoker.lambda$invoke$0(ExecutableInvoker.java:105) ~[junit-jupiter-engine-5.7.2.jar:5.7.2]
	at org.junit.jupiter.engine.execution.InvocationInterceptorChain$InterceptedInvocation.proceed(InvocationInterceptorChain.java:106) ~[junit-jupiter-engine-5.7.2.jar:5.7.2]
	at org.junit.jupiter.engine.execution.InvocationInterceptorChain.proceed(InvocationInterceptorChain.java:64) ~[junit-jupiter-engine-5.7.2.jar:5.7.2]
	at org.junit.jupiter.engine.execution.InvocationInterceptorChain.chainAndInvoke(InvocationInterceptorChain.java:45) ~[junit-jupiter-engine-5.7.2.jar:5.7.2]
	at org.junit.jupiter.engine.execution.InvocationInterceptorChain.invoke(InvocationInterceptorChain.java:37) ~[junit-jupiter-engine-5.7.2.jar:5.7.2]
	at org.junit.jupiter.engine.execution.ExecutableInvoker.invoke(ExecutableInvoker.java:104) ~[junit-jupiter-engine-5.7.2.jar:5.7.2]
	at org.junit.jupiter.engine.execution.ExecutableInvoker.invoke(ExecutableInvoker.java:98) ~[junit-jupiter-engine-5.7.2.jar:5.7.2]
	at org.junit.jupiter.engine.descriptor.TestMethodTestDescriptor.lambda$invokeTestMethod$6(TestMethodTestDescriptor.java:210) ~[junit-jupiter-engine-5.7.2.jar:5.7.2]
	at org.junit.platform.engine.support.hierarchical.ThrowableCollector.execute(ThrowableCollector.java:73) ~[junit-platform-engine-1.7.2.jar:1.7.2]
	at org.junit.jupiter.engine.descriptor.TestMethodTestDescriptor.invokeTestMethod(TestMethodTestDescriptor.java:206) ~[junit-jupiter-engine-5.7.2.jar:5.7.2]
	at org.junit.jupiter.engine.descriptor.TestMethodTestDescriptor.execute(TestMethodTestDescriptor.java:131) ~[junit-jupiter-engine-5.7.2.jar:5.7.2]
	at org.junit.jupiter.engine.descriptor.TestMethodTestDescriptor.execute(TestMethodTestDescriptor.java:65) ~[junit-jupiter-engine-5.7.2.jar:5.7.2]
	at org.junit.platform.engine.support.hierarchical.NodeTestTask.lambda$executeRecursively$5(NodeTestTask.java:139) ~[junit-platform-engine-1.7.2.jar:1.7.2]
	at org.junit.platform.engine.support.hierarchical.ThrowableCollector.execute(ThrowableCollector.java:73) ~[junit-platform-engine-1.7.2.jar:1.7.2]
	at org.junit.platform.engine.support.hierarchical.NodeTestTask.lambda$executeRecursively$7(NodeTestTask.java:129) ~[junit-platform-engine-1.7.2.jar:1.7.2]
	at org.junit.platform.engine.support.hierarchical.Node.around(Node.java:137) ~[junit-platform-engine-1.7.2.jar:1.7.2]
	at org.junit.platform.engine.support.hierarchical.NodeTestTask.lambda$executeRecursively$8(NodeTestTask.java:127) ~[junit-platform-engine-1.7.2.jar:1.7.2]
	at org.junit.platform.engine.support.hierarchical.ThrowableCollector.execute(ThrowableCollector.java:73) ~[junit-platform-engine-1.7.2.jar:1.7.2]
	at org.junit.platform.engine.support.hierarchical.NodeTestTask.executeRecursively(NodeTestTask.java:126) ~[junit-platform-engine-1.7.2.jar:1.7.2]
	at org.junit.platform.engine.support.hierarchical.NodeTestTask.execute(NodeTestTask.java:84) ~[junit-platform-engine-1.7.2.jar:1.7.2]
	at java.util.ArrayList.forEach(ArrayList.java:1541) ~[?:?]
	at org.junit.platform.engine.support.hierarchical.SameThreadHierarchicalTestExecutorService.invokeAll(SameThreadHierarchicalTestExecutorService.java:38) ~[junit-platform-engine-1.7.2.jar:1.7.2]
	at org.junit.platform.engine.support.hierarchical.NodeTestTask.lambda$executeRecursively$5(NodeTestTask.java:143) ~[junit-platform-engine-1.7.2.jar:1.7.2]
	at org.junit.platform.engine.support.hierarchical.ThrowableCollector.execute(ThrowableCollector.java:73) ~[junit-platform-engine-1.7.2.jar:1.7.2]
	at org.junit.platform.engine.support.hierarchical.NodeTestTask.lambda$executeRecursively$7(NodeTestTask.java:129) ~[junit-platform-engine-1.7.2.jar:1.7.2]
	at org.junit.platform.engine.support.hierarchical.Node.around(Node.java:137) ~[junit-platform-engine-1.7.2.jar:1.7.2]
	at org.junit.platform.engine.support.hierarchical.NodeTestTask.lambda$executeRecursively$8(NodeTestTask.java:127) ~[junit-platform-engine-1.7.2.jar:1.7.2]
	at org.junit.platform.engine.support.hierarchical.ThrowableCollector.execute(ThrowableCollector.java:73) ~[junit-platform-engine-1.7.2.jar:1.7.2]
	at org.junit.platform.engine.support.hierarchical.NodeTestTask.executeRecursively(NodeTestTask.java:126) ~[junit-platform-engine-1.7.2.jar:1.7.2]
	at org.junit.platform.engine.support.hierarchical.NodeTestTask.execute(NodeTestTask.java:84) ~[junit-platform-engine-1.7.2.jar:1.7.2]
	at java.util.ArrayList.forEach(ArrayList.java:1541) ~[?:?]
	at org.junit.platform.engine.support.hierarchical.SameThreadHierarchicalTestExecutorService.invokeAll(SameThreadHierarchicalTestExecutorService.java:38) ~[junit-platform-engine-1.7.2.jar:1.7.2]
	at org.junit.platform.engine.support.hierarchical.NodeTestTask.lambda$executeRecursively$5(NodeTestTask.java:143) ~[junit-platform-engine-1.7.2.jar:1.7.2]
	at org.junit.platform.engine.support.hierarchical.ThrowableCollector.execute(ThrowableCollector.java:73) ~[junit-platform-engine-1.7.2.jar:1.7.2]
	at org.junit.platform.engine.support.hierarchical.NodeTestTask.lambda$executeRecursively$7(NodeTestTask.java:129) ~[junit-platform-engine-1.7.2.jar:1.7.2]
	at org.junit.platform.engine.support.hierarchical.Node.around(Node.java:137) ~[junit-platform-engine-1.7.2.jar:1.7.2]
	at org.junit.platform.engine.support.hierarchical.NodeTestTask.lambda$executeRecursively$8(NodeTestTask.java:127) ~[junit-platform-engine-1.7.2.jar:1.7.2]
	at org.junit.platform.engine.support.hierarchical.ThrowableCollector.execute(ThrowableCollector.java:73) ~[junit-platform-engine-1.7.2.jar:1.7.2]
	at org.junit.platform.engine.support.hierarchical.NodeTestTask.executeRecursively(NodeTestTask.java:126) ~[junit-platform-engine-1.7.2.jar:1.7.2]
	at org.junit.platform.engine.support.hierarchical.NodeTestTask.execute(NodeTestTask.java:84) ~[junit-platform-engine-1.7.2.jar:1.7.2]
	at org.junit.platform.engine.support.hierarchical.SameThreadHierarchicalTestExecutorService.submit(SameThreadHierarchicalTestExecutorService.java:32) ~[junit-platform-engine-1.7.2.jar:1.7.2]
	at org.junit.platform.engine.support.hierarchical.HierarchicalTestExecutor.execute(HierarchicalTestExecutor.java:57) ~[junit-platform-engine-1.7.2.jar:1.7.2]
	at org.junit.platform.engine.support.hierarchical.HierarchicalTestEngine.execute(HierarchicalTestEngine.java:51) ~[junit-platform-engine-1.7.2.jar:1.7.2]
	at org.junit.platform.launcher.core.DefaultLauncher.execute(DefaultLauncher.java:220) ~[junit-platform-launcher-1.3.1.jar:1.3.1]
	at org.junit.platform.launcher.core.DefaultLauncher.lambda$execute$6(DefaultLauncher.java:188) ~[junit-platform-launcher-1.3.1.jar:1.3.1]
	at org.junit.platform.launcher.core.DefaultLauncher.withInterceptedStreams(DefaultLauncher.java:202) [junit-platform-launcher-1.3.1.jar:1.3.1]
	at org.junit.platform.launcher.core.DefaultLauncher.execute(DefaultLauncher.java:181) [junit-platform-launcher-1.3.1.jar:1.3.1]
	at org.junit.platform.launcher.core.DefaultLauncher.execute(DefaultLauncher.java:128) [junit-platform-launcher-1.3.1.jar:1.3.1]
	at org.apache.maven.surefire.junitplatform.JUnitPlatformProvider.invokeAllTests(JUnitPlatformProvider.java:150) [surefire-junit-platform-2.22.2.jar:2.22.2]
	at org.apache.maven.surefire.junitplatform.JUnitPlatformProvider.invoke(JUnitPlatformProvider.java:124) [surefire-junit-platform-2.22.2.jar:2.22.2]
	at org.apache.maven.surefire.booter.ForkedBooter.invokeProviderInSameClassLoader(ForkedBooter.java:384) [surefire-booter-2.22.2.jar:2.22.2]
	at org.apache.maven.surefire.booter.ForkedBooter.runSuitesInProcess(ForkedBooter.java:345) [surefire-booter-2.22.2.jar:2.22.2]
	at org.apache.maven.surefire.booter.ForkedBooter.execute(ForkedBooter.java:126) [surefire-booter-2.22.2.jar:2.22.2]
	at org.apache.maven.surefire.booter.ForkedBooter.main(ForkedBooter.java:418) [surefire-booter-2.22.2.jar:2.22.2]
Caused by: org.axonframework.eventhandling.tokenstore.UnableToClaimTokenException: some exception
	at org.axonframework.eventhandling.pooled.MergeTask.lambda$mergeSegments$4(MergeTask.java:125) ~[classes/:?]
	at org.axonframework.common.transaction.TransactionManager.executeInTransaction(TransactionManager.java:47) ~[classes/:?]
	at org.axonframework.eventhandling.pooled.MergeTask.mergeSegments(MergeTask.java:124) ~[classes/:?]
	at org.axonframework.eventhandling.pooled.MergeTask.lambda$task$1(MergeTask.java:97) ~[classes/:?]
	at java.util.concurrent.CompletableFuture.biApply(CompletableFuture.java:1236) ~[?:?]
	... 70 more
2023-02-06 09:56:35,372 [main] WARN  CoordinatorTask                [] - Processor [test] failed to run instruction - Merge Task for segment 0.
org.axonframework.eventhandling.tokenstore.UnableToClaimTokenException: some exception
	at org.axonframework.eventhandling.pooled.MergeTask.lambda$fetchTokenInTransaction$3(MergeTask.java:111) ~[classes/:?]
	at org.axonframework.common.transaction.TransactionManager.fetchInTransaction(TransactionManager.java:70) ~[classes/:?]
	at org.axonframework.eventhandling.pooled.MergeTask.fetchTokenInTransaction(MergeTask.java:111) ~[classes/:?]
	at org.axonframework.eventhandling.pooled.MergeTask.tokenFor(MergeTask.java:107) ~[classes/:?]
	at org.axonframework.eventhandling.pooled.MergeTask.task(MergeTask.java:93) ~[classes/:?]
	at org.axonframework.eventhandling.pooled.CoordinatorTask.run(CoordinatorTask.java:44) ~[classes/:?]
	at org.axonframework.eventhandling.pooled.MergeTaskTest.testRunCompletesExceptionallyThroughUnableToClaimTokenExceptionOnFetch(MergeTaskTest.java:154) ~[test-classes/:?]
	at jdk.internal.reflect.NativeMethodAccessorImpl.invoke0(Native Method) ~[?:?]
	at jdk.internal.reflect.NativeMethodAccessorImpl.invoke(NativeMethodAccessorImpl.java:62) ~[?:?]
	at jdk.internal.reflect.DelegatingMethodAccessorImpl.invoke(DelegatingMethodAccessorImpl.java:43) ~[?:?]
	at java.lang.reflect.Method.invoke(Method.java:566) ~[?:?]
	at org.junit.platform.commons.util.ReflectionUtils.invokeMethod(ReflectionUtils.java:688) ~[junit-platform-commons-1.7.2.jar:1.7.2]
	at org.junit.jupiter.engine.execution.MethodInvocation.proceed(MethodInvocation.java:60) ~[junit-jupiter-engine-5.7.2.jar:5.7.2]
	at org.junit.jupiter.engine.execution.InvocationInterceptorChain$ValidatingInvocation.proceed(InvocationInterceptorChain.java:131) ~[junit-jupiter-engine-5.7.2.jar:5.7.2]
	at org.junit.jupiter.engine.extension.TimeoutExtension.intercept(TimeoutExtension.java:149) ~[junit-jupiter-engine-5.7.2.jar:5.7.2]
	at org.junit.jupiter.engine.extension.TimeoutExtension.interceptTestableMethod(TimeoutExtension.java:140) ~[junit-jupiter-engine-5.7.2.jar:5.7.2]
	at org.junit.jupiter.engine.extension.TimeoutExtension.interceptTestMethod(TimeoutExtension.java:84) ~[junit-jupiter-engine-5.7.2.jar:5.7.2]
	at org.junit.jupiter.engine.execution.ExecutableInvoker$ReflectiveInterceptorCall.lambda$ofVoidMethod$0(ExecutableInvoker.java:115) ~[junit-jupiter-engine-5.7.2.jar:5.7.2]
	at org.junit.jupiter.engine.execution.ExecutableInvoker.lambda$invoke$0(ExecutableInvoker.java:105) ~[junit-jupiter-engine-5.7.2.jar:5.7.2]
	at org.junit.jupiter.engine.execution.InvocationInterceptorChain$InterceptedInvocation.proceed(InvocationInterceptorChain.java:106) ~[junit-jupiter-engine-5.7.2.jar:5.7.2]
	at org.junit.jupiter.engine.execution.InvocationInterceptorChain.proceed(InvocationInterceptorChain.java:64) ~[junit-jupiter-engine-5.7.2.jar:5.7.2]
	at org.junit.jupiter.engine.execution.InvocationInterceptorChain.chainAndInvoke(InvocationInterceptorChain.java:45) ~[junit-jupiter-engine-5.7.2.jar:5.7.2]
	at org.junit.jupiter.engine.execution.InvocationInterceptorChain.invoke(InvocationInterceptorChain.java:37) ~[junit-jupiter-engine-5.7.2.jar:5.7.2]
	at org.junit.jupiter.engine.execution.ExecutableInvoker.invoke(ExecutableInvoker.java:104) ~[junit-jupiter-engine-5.7.2.jar:5.7.2]
	at org.junit.jupiter.engine.execution.ExecutableInvoker.invoke(ExecutableInvoker.java:98) ~[junit-jupiter-engine-5.7.2.jar:5.7.2]
	at org.junit.jupiter.engine.descriptor.TestMethodTestDescriptor.lambda$invokeTestMethod$6(TestMethodTestDescriptor.java:210) ~[junit-jupiter-engine-5.7.2.jar:5.7.2]
	at org.junit.platform.engine.support.hierarchical.ThrowableCollector.execute(ThrowableCollector.java:73) ~[junit-platform-engine-1.7.2.jar:1.7.2]
	at org.junit.jupiter.engine.descriptor.TestMethodTestDescriptor.invokeTestMethod(TestMethodTestDescriptor.java:206) ~[junit-jupiter-engine-5.7.2.jar:5.7.2]
	at org.junit.jupiter.engine.descriptor.TestMethodTestDescriptor.execute(TestMethodTestDescriptor.java:131) ~[junit-jupiter-engine-5.7.2.jar:5.7.2]
	at org.junit.jupiter.engine.descriptor.TestMethodTestDescriptor.execute(TestMethodTestDescriptor.java:65) ~[junit-jupiter-engine-5.7.2.jar:5.7.2]
	at org.junit.platform.engine.support.hierarchical.NodeTestTask.lambda$executeRecursively$5(NodeTestTask.java:139) ~[junit-platform-engine-1.7.2.jar:1.7.2]
	at org.junit.platform.engine.support.hierarchical.ThrowableCollector.execute(ThrowableCollector.java:73) ~[junit-platform-engine-1.7.2.jar:1.7.2]
	at org.junit.platform.engine.support.hierarchical.NodeTestTask.lambda$executeRecursively$7(NodeTestTask.java:129) ~[junit-platform-engine-1.7.2.jar:1.7.2]
	at org.junit.platform.engine.support.hierarchical.Node.around(Node.java:137) ~[junit-platform-engine-1.7.2.jar:1.7.2]
	at org.junit.platform.engine.support.hierarchical.NodeTestTask.lambda$executeRecursively$8(NodeTestTask.java:127) ~[junit-platform-engine-1.7.2.jar:1.7.2]
	at org.junit.platform.engine.support.hierarchical.ThrowableCollector.execute(ThrowableCollector.java:73) ~[junit-platform-engine-1.7.2.jar:1.7.2]
	at org.junit.platform.engine.support.hierarchical.NodeTestTask.executeRecursively(NodeTestTask.java:126) ~[junit-platform-engine-1.7.2.jar:1.7.2]
	at org.junit.platform.engine.support.hierarchical.NodeTestTask.execute(NodeTestTask.java:84) ~[junit-platform-engine-1.7.2.jar:1.7.2]
	at java.util.ArrayList.forEach(ArrayList.java:1541) ~[?:?]
	at org.junit.platform.engine.support.hierarchical.SameThreadHierarchicalTestExecutorService.invokeAll(SameThreadHierarchicalTestExecutorService.java:38) ~[junit-platform-engine-1.7.2.jar:1.7.2]
	at org.junit.platform.engine.support.hierarchical.NodeTestTask.lambda$executeRecursively$5(NodeTestTask.java:143) ~[junit-platform-engine-1.7.2.jar:1.7.2]
	at org.junit.platform.engine.support.hierarchical.ThrowableCollector.execute(ThrowableCollector.java:73) ~[junit-platform-engine-1.7.2.jar:1.7.2]
	at org.junit.platform.engine.support.hierarchical.NodeTestTask.lambda$executeRecursively$7(NodeTestTask.java:129) ~[junit-platform-engine-1.7.2.jar:1.7.2]
	at org.junit.platform.engine.support.hierarchical.Node.around(Node.java:137) ~[junit-platform-engine-1.7.2.jar:1.7.2]
	at org.junit.platform.engine.support.hierarchical.NodeTestTask.lambda$executeRecursively$8(NodeTestTask.java:127) ~[junit-platform-engine-1.7.2.jar:1.7.2]
	at org.junit.platform.engine.support.hierarchical.ThrowableCollector.execute(ThrowableCollector.java:73) ~[junit-platform-engine-1.7.2.jar:1.7.2]
	at org.junit.platform.engine.support.hierarchical.NodeTestTask.executeRecursively(NodeTestTask.java:126) ~[junit-platform-engine-1.7.2.jar:1.7.2]
	at org.junit.platform.engine.support.hierarchical.NodeTestTask.execute(NodeTestTask.java:84) ~[junit-platform-engine-1.7.2.jar:1.7.2]
	at java.util.ArrayList.forEach(ArrayList.java:1541) ~[?:?]
	at org.junit.platform.engine.support.hierarchical.SameThreadHierarchicalTestExecutorService.invokeAll(SameThreadHierarchicalTestExecutorService.java:38) ~[junit-platform-engine-1.7.2.jar:1.7.2]
	at org.junit.platform.engine.support.hierarchical.NodeTestTask.lambda$executeRecursively$5(NodeTestTask.java:143) ~[junit-platform-engine-1.7.2.jar:1.7.2]
	at org.junit.platform.engine.support.hierarchical.ThrowableCollector.execute(ThrowableCollector.java:73) ~[junit-platform-engine-1.7.2.jar:1.7.2]
	at org.junit.platform.engine.support.hierarchical.NodeTestTask.lambda$executeRecursively$7(NodeTestTask.java:129) ~[junit-platform-engine-1.7.2.jar:1.7.2]
	at org.junit.platform.engine.support.hierarchical.Node.around(Node.java:137) ~[junit-platform-engine-1.7.2.jar:1.7.2]
	at org.junit.platform.engine.support.hierarchical.NodeTestTask.lambda$executeRecursively$8(NodeTestTask.java:127) ~[junit-platform-engine-1.7.2.jar:1.7.2]
	at org.junit.platform.engine.support.hierarchical.ThrowableCollector.execute(ThrowableCollector.java:73) ~[junit-platform-engine-1.7.2.jar:1.7.2]
	at org.junit.platform.engine.support.hierarchical.NodeTestTask.executeRecursively(NodeTestTask.java:126) ~[junit-platform-engine-1.7.2.jar:1.7.2]
	at org.junit.platform.engine.support.hierarchical.NodeTestTask.execute(NodeTestTask.java:84) ~[junit-platform-engine-1.7.2.jar:1.7.2]
	at org.junit.platform.engine.support.hierarchical.SameThreadHierarchicalTestExecutorService.submit(SameThreadHierarchicalTestExecutorService.java:32) ~[junit-platform-engine-1.7.2.jar:1.7.2]
	at org.junit.platform.engine.support.hierarchical.HierarchicalTestExecutor.execute(HierarchicalTestExecutor.java:57) ~[junit-platform-engine-1.7.2.jar:1.7.2]
	at org.junit.platform.engine.support.hierarchical.HierarchicalTestEngine.execute(HierarchicalTestEngine.java:51) ~[junit-platform-engine-1.7.2.jar:1.7.2]
	at org.junit.platform.launcher.core.DefaultLauncher.execute(DefaultLauncher.java:220) ~[junit-platform-launcher-1.3.1.jar:1.3.1]
	at org.junit.platform.launcher.core.DefaultLauncher.lambda$execute$6(DefaultLauncher.java:188) ~[junit-platform-launcher-1.3.1.jar:1.3.1]
	at org.junit.platform.launcher.core.DefaultLauncher.withInterceptedStreams(DefaultLauncher.java:202) [junit-platform-launcher-1.3.1.jar:1.3.1]
	at org.junit.platform.launcher.core.DefaultLauncher.execute(DefaultLauncher.java:181) [junit-platform-launcher-1.3.1.jar:1.3.1]
	at org.junit.platform.launcher.core.DefaultLauncher.execute(DefaultLauncher.java:128) [junit-platform-launcher-1.3.1.jar:1.3.1]
	at org.apache.maven.surefire.junitplatform.JUnitPlatformProvider.invokeAllTests(JUnitPlatformProvider.java:150) [surefire-junit-platform-2.22.2.jar:2.22.2]
	at org.apache.maven.surefire.junitplatform.JUnitPlatformProvider.invoke(JUnitPlatformProvider.java:124) [surefire-junit-platform-2.22.2.jar:2.22.2]
	at org.apache.maven.surefire.booter.ForkedBooter.invokeProviderInSameClassLoader(ForkedBooter.java:384) [surefire-booter-2.22.2.jar:2.22.2]
	at org.apache.maven.surefire.booter.ForkedBooter.runSuitesInProcess(ForkedBooter.java:345) [surefire-booter-2.22.2.jar:2.22.2]
	at org.apache.maven.surefire.booter.ForkedBooter.execute(ForkedBooter.java:126) [surefire-booter-2.22.2.jar:2.22.2]
	at org.apache.maven.surefire.booter.ForkedBooter.main(ForkedBooter.java:418) [surefire-booter-2.22.2.jar:2.22.2]
2023-02-06 09:56:35,374 [main] INFO  MergeTask                      [] - Processor [test] successfully merged Segment[0/1] with Segment[1/1] into Segment[0/0].
2023-02-06 09:56:35,375 [main] WARN  CoordinatorTask                [] - Processor [test] failed to run instruction - Merge Task for segment 0.
java.util.concurrent.CompletionException: java.lang.IllegalStateException: some exception
	at java.util.concurrent.CompletableFuture.encodeThrowable(CompletableFuture.java:314) ~[?:?]
	at java.util.concurrent.CompletableFuture.completeThrowable(CompletableFuture.java:319) ~[?:?]
	at java.util.concurrent.CompletableFuture.biApply(CompletableFuture.java:1238) ~[?:?]
	at java.util.concurrent.CompletableFuture.biApplyStage(CompletableFuture.java:1254) ~[?:?]
	at java.util.concurrent.CompletableFuture.thenCombine(CompletableFuture.java:2136) ~[?:?]
	at org.axonframework.eventhandling.pooled.MergeTask.task(MergeTask.java:95) ~[classes/:?]
	at org.axonframework.eventhandling.pooled.CoordinatorTask.run(CoordinatorTask.java:44) ~[classes/:?]
	at org.axonframework.eventhandling.pooled.MergeTaskTest.testRunCompletesExceptionallyThroughOtherException(MergeTaskTest.java:198) ~[test-classes/:?]
	at jdk.internal.reflect.NativeMethodAccessorImpl.invoke0(Native Method) ~[?:?]
	at jdk.internal.reflect.NativeMethodAccessorImpl.invoke(NativeMethodAccessorImpl.java:62) ~[?:?]
	at jdk.internal.reflect.DelegatingMethodAccessorImpl.invoke(DelegatingMethodAccessorImpl.java:43) ~[?:?]
	at java.lang.reflect.Method.invoke(Method.java:566) ~[?:?]
	at org.junit.platform.commons.util.ReflectionUtils.invokeMethod(ReflectionUtils.java:688) ~[junit-platform-commons-1.7.2.jar:1.7.2]
	at org.junit.jupiter.engine.execution.MethodInvocation.proceed(MethodInvocation.java:60) ~[junit-jupiter-engine-5.7.2.jar:5.7.2]
	at org.junit.jupiter.engine.execution.InvocationInterceptorChain$ValidatingInvocation.proceed(InvocationInterceptorChain.java:131) ~[junit-jupiter-engine-5.7.2.jar:5.7.2]
	at org.junit.jupiter.engine.extension.TimeoutExtension.intercept(TimeoutExtension.java:149) ~[junit-jupiter-engine-5.7.2.jar:5.7.2]
	at org.junit.jupiter.engine.extension.TimeoutExtension.interceptTestableMethod(TimeoutExtension.java:140) ~[junit-jupiter-engine-5.7.2.jar:5.7.2]
	at org.junit.jupiter.engine.extension.TimeoutExtension.interceptTestMethod(TimeoutExtension.java:84) ~[junit-jupiter-engine-5.7.2.jar:5.7.2]
	at org.junit.jupiter.engine.execution.ExecutableInvoker$ReflectiveInterceptorCall.lambda$ofVoidMethod$0(ExecutableInvoker.java:115) ~[junit-jupiter-engine-5.7.2.jar:5.7.2]
	at org.junit.jupiter.engine.execution.ExecutableInvoker.lambda$invoke$0(ExecutableInvoker.java:105) ~[junit-jupiter-engine-5.7.2.jar:5.7.2]
	at org.junit.jupiter.engine.execution.InvocationInterceptorChain$InterceptedInvocation.proceed(InvocationInterceptorChain.java:106) ~[junit-jupiter-engine-5.7.2.jar:5.7.2]
	at org.junit.jupiter.engine.execution.InvocationInterceptorChain.proceed(InvocationInterceptorChain.java:64) ~[junit-jupiter-engine-5.7.2.jar:5.7.2]
	at org.junit.jupiter.engine.execution.InvocationInterceptorChain.chainAndInvoke(InvocationInterceptorChain.java:45) ~[junit-jupiter-engine-5.7.2.jar:5.7.2]
	at org.junit.jupiter.engine.execution.InvocationInterceptorChain.invoke(InvocationInterceptorChain.java:37) ~[junit-jupiter-engine-5.7.2.jar:5.7.2]
	at org.junit.jupiter.engine.execution.ExecutableInvoker.invoke(ExecutableInvoker.java:104) ~[junit-jupiter-engine-5.7.2.jar:5.7.2]
	at org.junit.jupiter.engine.execution.ExecutableInvoker.invoke(ExecutableInvoker.java:98) ~[junit-jupiter-engine-5.7.2.jar:5.7.2]
	at org.junit.jupiter.engine.descriptor.TestMethodTestDescriptor.lambda$invokeTestMethod$6(TestMethodTestDescriptor.java:210) ~[junit-jupiter-engine-5.7.2.jar:5.7.2]
	at org.junit.platform.engine.support.hierarchical.ThrowableCollector.execute(ThrowableCollector.java:73) ~[junit-platform-engine-1.7.2.jar:1.7.2]
	at org.junit.jupiter.engine.descriptor.TestMethodTestDescriptor.invokeTestMethod(TestMethodTestDescriptor.java:206) ~[junit-jupiter-engine-5.7.2.jar:5.7.2]
	at org.junit.jupiter.engine.descriptor.TestMethodTestDescriptor.execute(TestMethodTestDescriptor.java:131) ~[junit-jupiter-engine-5.7.2.jar:5.7.2]
	at org.junit.jupiter.engine.descriptor.TestMethodTestDescriptor.execute(TestMethodTestDescriptor.java:65) ~[junit-jupiter-engine-5.7.2.jar:5.7.2]
	at org.junit.platform.engine.support.hierarchical.NodeTestTask.lambda$executeRecursively$5(NodeTestTask.java:139) ~[junit-platform-engine-1.7.2.jar:1.7.2]
	at org.junit.platform.engine.support.hierarchical.ThrowableCollector.execute(ThrowableCollector.java:73) ~[junit-platform-engine-1.7.2.jar:1.7.2]
	at org.junit.platform.engine.support.hierarchical.NodeTestTask.lambda$executeRecursively$7(NodeTestTask.java:129) ~[junit-platform-engine-1.7.2.jar:1.7.2]
	at org.junit.platform.engine.support.hierarchical.Node.around(Node.java:137) ~[junit-platform-engine-1.7.2.jar:1.7.2]
	at org.junit.platform.engine.support.hierarchical.NodeTestTask.lambda$executeRecursively$8(NodeTestTask.java:127) ~[junit-platform-engine-1.7.2.jar:1.7.2]
	at org.junit.platform.engine.support.hierarchical.ThrowableCollector.execute(ThrowableCollector.java:73) ~[junit-platform-engine-1.7.2.jar:1.7.2]
	at org.junit.platform.engine.support.hierarchical.NodeTestTask.executeRecursively(NodeTestTask.java:126) ~[junit-platform-engine-1.7.2.jar:1.7.2]
	at org.junit.platform.engine.support.hierarchical.NodeTestTask.execute(NodeTestTask.java:84) ~[junit-platform-engine-1.7.2.jar:1.7.2]
	at java.util.ArrayList.forEach(ArrayList.java:1541) ~[?:?]
	at org.junit.platform.engine.support.hierarchical.SameThreadHierarchicalTestExecutorService.invokeAll(SameThreadHierarchicalTestExecutorService.java:38) ~[junit-platform-engine-1.7.2.jar:1.7.2]
	at org.junit.platform.engine.support.hierarchical.NodeTestTask.lambda$executeRecursively$5(NodeTestTask.java:143) ~[junit-platform-engine-1.7.2.jar:1.7.2]
	at org.junit.platform.engine.support.hierarchical.ThrowableCollector.execute(ThrowableCollector.java:73) ~[junit-platform-engine-1.7.2.jar:1.7.2]
	at org.junit.platform.engine.support.hierarchical.NodeTestTask.lambda$executeRecursively$7(NodeTestTask.java:129) ~[junit-platform-engine-1.7.2.jar:1.7.2]
	at org.junit.platform.engine.support.hierarchical.Node.around(Node.java:137) ~[junit-platform-engine-1.7.2.jar:1.7.2]
	at org.junit.platform.engine.support.hierarchical.NodeTestTask.lambda$executeRecursively$8(NodeTestTask.java:127) ~[junit-platform-engine-1.7.2.jar:1.7.2]
	at org.junit.platform.engine.support.hierarchical.ThrowableCollector.execute(ThrowableCollector.java:73) ~[junit-platform-engine-1.7.2.jar:1.7.2]
	at org.junit.platform.engine.support.hierarchical.NodeTestTask.executeRecursively(NodeTestTask.java:126) ~[junit-platform-engine-1.7.2.jar:1.7.2]
	at org.junit.platform.engine.support.hierarchical.NodeTestTask.execute(NodeTestTask.java:84) ~[junit-platform-engine-1.7.2.jar:1.7.2]
	at java.util.ArrayList.forEach(ArrayList.java:1541) ~[?:?]
	at org.junit.platform.engine.support.hierarchical.SameThreadHierarchicalTestExecutorService.invokeAll(SameThreadHierarchicalTestExecutorService.java:38) ~[junit-platform-engine-1.7.2.jar:1.7.2]
	at org.junit.platform.engine.support.hierarchical.NodeTestTask.lambda$executeRecursively$5(NodeTestTask.java:143) ~[junit-platform-engine-1.7.2.jar:1.7.2]
	at org.junit.platform.engine.support.hierarchical.ThrowableCollector.execute(ThrowableCollector.java:73) ~[junit-platform-engine-1.7.2.jar:1.7.2]
	at org.junit.platform.engine.support.hierarchical.NodeTestTask.lambda$executeRecursively$7(NodeTestTask.java:129) ~[junit-platform-engine-1.7.2.jar:1.7.2]
	at org.junit.platform.engine.support.hierarchical.Node.around(Node.java:137) ~[junit-platform-engine-1.7.2.jar:1.7.2]
	at org.junit.platform.engine.support.hierarchical.NodeTestTask.lambda$executeRecursively$8(NodeTestTask.java:127) ~[junit-platform-engine-1.7.2.jar:1.7.2]
	at org.junit.platform.engine.support.hierarchical.ThrowableCollector.execute(ThrowableCollector.java:73) ~[junit-platform-engine-1.7.2.jar:1.7.2]
	at org.junit.platform.engine.support.hierarchical.NodeTestTask.executeRecursively(NodeTestTask.java:126) ~[junit-platform-engine-1.7.2.jar:1.7.2]
	at org.junit.platform.engine.support.hierarchical.NodeTestTask.execute(NodeTestTask.java:84) ~[junit-platform-engine-1.7.2.jar:1.7.2]
	at org.junit.platform.engine.support.hierarchical.SameThreadHierarchicalTestExecutorService.submit(SameThreadHierarchicalTestExecutorService.java:32) ~[junit-platform-engine-1.7.2.jar:1.7.2]
	at org.junit.platform.engine.support.hierarchical.HierarchicalTestExecutor.execute(HierarchicalTestExecutor.java:57) ~[junit-platform-engine-1.7.2.jar:1.7.2]
	at org.junit.platform.engine.support.hierarchical.HierarchicalTestEngine.execute(HierarchicalTestEngine.java:51) ~[junit-platform-engine-1.7.2.jar:1.7.2]
	at org.junit.platform.launcher.core.DefaultLauncher.execute(DefaultLauncher.java:220) ~[junit-platform-launcher-1.3.1.jar:1.3.1]
	at org.junit.platform.launcher.core.DefaultLauncher.lambda$execute$6(DefaultLauncher.java:188) ~[junit-platform-launcher-1.3.1.jar:1.3.1]
	at org.junit.platform.launcher.core.DefaultLauncher.withInterceptedStreams(DefaultLauncher.java:202) [junit-platform-launcher-1.3.1.jar:1.3.1]
	at org.junit.platform.launcher.core.DefaultLauncher.execute(DefaultLauncher.java:181) [junit-platform-launcher-1.3.1.jar:1.3.1]
	at org.junit.platform.launcher.core.DefaultLauncher.execute(DefaultLauncher.java:128) [junit-platform-launcher-1.3.1.jar:1.3.1]
	at org.apache.maven.surefire.junitplatform.JUnitPlatformProvider.invokeAllTests(JUnitPlatformProvider.java:150) [surefire-junit-platform-2.22.2.jar:2.22.2]
	at org.apache.maven.surefire.junitplatform.JUnitPlatformProvider.invoke(JUnitPlatformProvider.java:124) [surefire-junit-platform-2.22.2.jar:2.22.2]
	at org.apache.maven.surefire.booter.ForkedBooter.invokeProviderInSameClassLoader(ForkedBooter.java:384) [surefire-booter-2.22.2.jar:2.22.2]
	at org.apache.maven.surefire.booter.ForkedBooter.runSuitesInProcess(ForkedBooter.java:345) [surefire-booter-2.22.2.jar:2.22.2]
	at org.apache.maven.surefire.booter.ForkedBooter.execute(ForkedBooter.java:126) [surefire-booter-2.22.2.jar:2.22.2]
	at org.apache.maven.surefire.booter.ForkedBooter.main(ForkedBooter.java:418) [surefire-booter-2.22.2.jar:2.22.2]
Caused by: java.lang.IllegalStateException: some exception
	at org.axonframework.eventhandling.pooled.MergeTask.lambda$mergeSegments$4(MergeTask.java:125) ~[classes/:?]
	at org.axonframework.common.transaction.TransactionManager.executeInTransaction(TransactionManager.java:47) ~[classes/:?]
	at org.axonframework.eventhandling.pooled.MergeTask.mergeSegments(MergeTask.java:124) ~[classes/:?]
	at org.axonframework.eventhandling.pooled.MergeTask.lambda$task$1(MergeTask.java:97) ~[classes/:?]
	at java.util.concurrent.CompletableFuture.biApply(CompletableFuture.java:1236) ~[?:?]
	... 70 more
2023-02-06 09:56:35,376 [main] INFO  MergeTask                      [] - Processor [test] successfully merged Segment[0/1] with Segment[1/1] into Segment[0/0].
[INFO] Tests run: 8, Failures: 0, Errors: 0, Skipped: 0, Time elapsed: 0.005 s - in org.axonframework.eventhandling.pooled.MergeTaskTest
[INFO] Running org.axonframework.eventhandling.GapAwareTrackingTokenSerializationTest
[INFO] Tests run: 8, Failures: 0, Errors: 0, Skipped: 0, Time elapsed: 0.005 s - in org.axonframework.eventhandling.GapAwareTrackingTokenSerializationTest
[INFO] Running org.axonframework.eventhandling.TrackingEventProcessorConfigurationTest
[INFO] Tests run: 1, Failures: 0, Errors: 0, Skipped: 0, Time elapsed: 0 s - in org.axonframework.eventhandling.TrackingEventProcessorConfigurationTest
[INFO] Running org.axonframework.eventhandling.EventMessageHandlerTest
[INFO] Tests run: 2, Failures: 0, Errors: 0, Skipped: 0, Time elapsed: 0.002 s - in org.axonframework.eventhandling.EventMessageHandlerTest
[INFO] Running org.axonframework.eventhandling.tokenstore.jpa.JpaTokenStoreTest
2023-02-06 09:56:36,007 [main] WARN  pooling                        [] - HHH10001002: Using Hibernate built-in connection pool (not for production use!)
[INFO] Tests run: 17, Failures: 0, Errors: 0, Skipped: 0, Time elapsed: 1.827 s - in org.axonframework.eventhandling.tokenstore.jpa.JpaTokenStoreTest
[INFO] Running org.axonframework.eventhandling.tokenstore.inmemory.InMemoryTokenStoreTest
[INFO] Tests run: 7, Failures: 0, Errors: 0, Skipped: 0, Time elapsed: 0 s - in org.axonframework.eventhandling.tokenstore.inmemory.InMemoryTokenStoreTest
[INFO] Running org.axonframework.eventhandling.tokenstore.jdbc.JdbcTokenStoreTest
[INFO] Tests run: 17, Failures: 0, Errors: 0, Skipped: 0, Time elapsed: 0.141 s - in org.axonframework.eventhandling.tokenstore.jdbc.JdbcTokenStoreTest
[INFO] Running org.axonframework.eventhandling.tokenstore.ConfigTokenTest
[INFO] Tests run: 4, Failures: 0, Errors: 0, Skipped: 0, Time elapsed: 0.002 s - in org.axonframework.eventhandling.tokenstore.ConfigTokenTest
[INFO] Running org.axonframework.eventhandling.EventTrackerStatusChangeListenerTest
[INFO] Tests run: 1, Failures: 0, Errors: 0, Skipped: 0, Time elapsed: 0 s - in org.axonframework.eventhandling.EventTrackerStatusChangeListenerTest
[INFO] Running org.axonframework.serialization.MavenArtifactRevisionResolverTest
[INFO] Tests run: 2, Failures: 0, Errors: 0, Skipped: 0, Time elapsed: 0 s - in org.axonframework.serialization.MavenArtifactRevisionResolverTest
[INFO] Running org.axonframework.serialization.SerializedMessageTest
[INFO] Tests run: 5, Failures: 0, Errors: 0, Skipped: 0, Time elapsed: 0.002 s - in org.axonframework.serialization.SerializedMessageTest
[INFO] Running org.axonframework.serialization.FixedValueRevisionResolverTest
[INFO] Tests run: 1, Failures: 0, Errors: 0, Skipped: 0, Time elapsed: 0 s - in org.axonframework.serialization.FixedValueRevisionResolverTest
[INFO] Running org.axonframework.serialization.json.ByteArrayToJsonNodeConverterTest
[INFO] Tests run: 1, Failures: 0, Errors: 0, Skipped: 0, Time elapsed: 0 s - in org.axonframework.serialization.json.ByteArrayToJsonNodeConverterTest
[INFO] Running org.axonframework.serialization.json.JsonNodeToByteArrayConverterTest
[INFO] Tests run: 1, Failures: 0, Errors: 0, Skipped: 0, Time elapsed: 0 s - in org.axonframework.serialization.json.JsonNodeToByteArrayConverterTest
[INFO] Running org.axonframework.serialization.json.MetaDataDeserializerTest
[INFO] Tests run: 20, Failures: 0, Errors: 0, Skipped: 0, Time elapsed: 0.025 s - in org.axonframework.serialization.json.MetaDataDeserializerTest
[INFO] Running org.axonframework.serialization.json.JacksonSerializerTest
[INFO] Tests run: 16, Failures: 0, Errors: 0, Skipped: 0, Time elapsed: 0.181 s - in org.axonframework.serialization.json.JacksonSerializerTest
[INFO] Running org.axonframework.serialization.AnnotationRevisionResolverTest
[INFO] Tests run: 2, Failures: 0, Errors: 0, Skipped: 0, Time elapsed: 0 s - in org.axonframework.serialization.AnnotationRevisionResolverTest
[INFO] Running org.axonframework.serialization.LazyDeserializingObjectTest
[INFO] Tests run: 5, Failures: 0, Errors: 0, Skipped: 0, Time elapsed: 0 s - in org.axonframework.serialization.LazyDeserializingObjectTest
[INFO] Running org.axonframework.serialization.converters.ByteArrayToStringConverterTest
[INFO] Tests run: 1, Failures: 0, Errors: 0, Skipped: 0, Time elapsed: 0 s - in org.axonframework.serialization.converters.ByteArrayToStringConverterTest
[INFO] Running org.axonframework.serialization.converters.StringToByteArrayConverterTest
[INFO] Tests run: 1, Failures: 0, Errors: 0, Skipped: 0, Time elapsed: 0.001 s - in org.axonframework.serialization.converters.StringToByteArrayConverterTest
[INFO] Running org.axonframework.serialization.converters.InputStreamToByteArrayConverterTest
[INFO] Tests run: 1, Failures: 0, Errors: 0, Skipped: 0, Time elapsed: 0.001 s - in org.axonframework.serialization.converters.InputStreamToByteArrayConverterTest
[INFO] Running org.axonframework.serialization.SerializedMetaDataValueTest
[INFO] Tests run: 2, Failures: 0, Errors: 0, Skipped: 0, Time elapsed: 0 s - in org.axonframework.serialization.SerializedMetaDataValueTest
[INFO] Running org.axonframework.serialization.SerialVersionUIDRevisionResolverTest
[INFO] Tests run: 2, Failures: 0, Errors: 0, Skipped: 0, Time elapsed: 0 s - in org.axonframework.serialization.SerialVersionUIDRevisionResolverTest
[INFO] Running org.axonframework.serialization.JavaSerializerTest
[INFO] Tests run: 6, Failures: 0, Errors: 0, Skipped: 0, Time elapsed: 0 s - in org.axonframework.serialization.JavaSerializerTest
[INFO] Running org.axonframework.serialization.xml.XStreamSerializerTest
Security framework of XStream not explicitly initialized, using predefined black list on your own risk.
Security framework of XStream not explicitly initialized, using predefined black list on your own risk.
Security framework of XStream not explicitly initialized, using predefined black list on your own risk.
Security framework of XStream not explicitly initialized, using predefined black list on your own risk.
Security framework of XStream not explicitly initialized, using predefined black list on your own risk.
Security framework of XStream not explicitly initialized, using predefined black list on your own risk.
Security framework of XStream not explicitly initialized, using predefined black list on your own risk.
Security framework of XStream not explicitly initialized, using predefined black list on your own risk.
Security framework of XStream not explicitly initialized, using predefined black list on your own risk.
Security framework of XStream not explicitly initialized, using predefined black list on your own risk.
Security framework of XStream not explicitly initialized, using predefined black list on your own risk.
Security framework of XStream not explicitly initialized, using predefined black list on your own risk.
Security framework of XStream not explicitly initialized, using predefined black list on your own risk.
[INFO] Tests run: 17, Failures: 0, Errors: 0, Skipped: 0, Time elapsed: 0.104 s - in org.axonframework.serialization.xml.XStreamSerializerTest
[INFO] Running org.axonframework.serialization.xml.Dom4JToByteArrayConverterTest
[INFO] Tests run: 2, Failures: 0, Errors: 0, Skipped: 0, Time elapsed: 0.001 s - in org.axonframework.serialization.xml.Dom4JToByteArrayConverterTest
[INFO] Running org.axonframework.serialization.xml.InputStreamToDom4jConverterTest
[INFO] Tests run: 1, Failures: 0, Errors: 0, Skipped: 0, Time elapsed: 0 s - in org.axonframework.serialization.xml.InputStreamToDom4jConverterTest
[INFO] Running org.axonframework.serialization.xml.InputStreamToXomConverterTest
[INFO] Tests run: 1, Failures: 0, Errors: 0, Skipped: 0, Time elapsed: 0 s - in org.axonframework.serialization.xml.InputStreamToXomConverterTest
[INFO] Running org.axonframework.serialization.xml.XomToStringConverterTest
[INFO] Tests run: 2, Failures: 0, Errors: 0, Skipped: 0, Time elapsed: 0 s - in org.axonframework.serialization.xml.XomToStringConverterTest
[INFO] Running org.axonframework.serialization.upcasting.event.EventTypeUpcasterTest
[INFO] Tests run: 13, Failures: 0, Errors: 0, Skipped: 0, Time elapsed: 0.006 s - in org.axonframework.serialization.upcasting.event.EventTypeUpcasterTest
[INFO] Running org.axonframework.serialization.upcasting.event.SingleEventUpcasterTest
Security framework of XStream not explicitly initialized, using predefined black list on your own risk.
[INFO] Tests run: 4, Failures: 0, Errors: 0, Skipped: 0, Time elapsed: 0.022 s - in org.axonframework.serialization.upcasting.event.SingleEventUpcasterTest
[INFO] Running org.axonframework.serialization.upcasting.event.IntermediateRepresentationTest
[INFO] Tests run: 1, Failures: 0, Errors: 0, Skipped: 0, Time elapsed: 0.001 s - in org.axonframework.serialization.upcasting.event.IntermediateRepresentationTest
[INFO] Running org.axonframework.serialization.upcasting.event.ContextAwareEventMultiUpcasterTest
[INFO] Tests run: 1, Failures: 0, Errors: 0, Skipped: 0, Time elapsed: 0.005 s - in org.axonframework.serialization.upcasting.event.ContextAwareEventMultiUpcasterTest
[INFO] Running org.axonframework.serialization.upcasting.event.EventUpcasterChainTest
[INFO] Tests run: 1, Failures: 0, Errors: 0, Skipped: 0, Time elapsed: 0.002 s - in org.axonframework.serialization.upcasting.event.EventUpcasterChainTest
[INFO] Running org.axonframework.serialization.upcasting.event.ContextAwareSingleEventUpcasterTest
[INFO] Tests run: 1, Failures: 0, Errors: 0, Skipped: 0, Time elapsed: 0 s - in org.axonframework.serialization.upcasting.event.ContextAwareSingleEventUpcasterTest
[INFO] Running org.axonframework.serialization.upcasting.event.EventMultiUpcasterTest
[INFO] Tests run: 4, Failures: 0, Errors: 0, Skipped: 0, Time elapsed: 0.004 s - in org.axonframework.serialization.upcasting.event.EventMultiUpcasterTest
[INFO] Running org.axonframework.serialization.upcasting.GenericUpcasterChainTest
[INFO] Tests run: 6, Failures: 0, Errors: 0, Skipped: 0, Time elapsed: 0 s - in org.axonframework.serialization.upcasting.GenericUpcasterChainTest
[INFO] Running org.axonframework.serialization.ChainedConverterTest
[INFO] Tests run: 6, Failures: 0, Errors: 0, Skipped: 0, Time elapsed: 0.018 s - in org.axonframework.serialization.ChainedConverterTest
[INFO] Running org.axonframework.serialization.SerializationAwareTest
[INFO] Tests run: 5, Failures: 0, Errors: 0, Skipped: 0, Time elapsed: 0.001 s - in org.axonframework.serialization.SerializationAwareTest
[INFO] Running org.axonframework.queryhandling.DefaultQueryGatewayTest
[INFO] Tests run: 16, Failures: 0, Errors: 0, Skipped: 0, Time elapsed: 0.171 s - in org.axonframework.queryhandling.DefaultQueryGatewayTest
[INFO] Running org.axonframework.queryhandling.PrimitiveQueryHandlerResponseTypeTest
[INFO] Tests run: 8, Failures: 0, Errors: 0, Skipped: 0, Time elapsed: 0.009 s - in org.axonframework.queryhandling.PrimitiveQueryHandlerResponseTypeTest
[INFO] Running org.axonframework.queryhandling.GenericQueryMessageTest
[INFO] Tests run: 3, Failures: 0, Errors: 0, Skipped: 0, Time elapsed: 0 s - in org.axonframework.queryhandling.GenericQueryMessageTest
[INFO] Running org.axonframework.queryhandling.SimpleQueryUpdateEmitterTest
[INFO] Tests run: 6, Failures: 0, Errors: 0, Skipped: 0, Time elapsed: 1.07 s - in org.axonframework.queryhandling.SimpleQueryUpdateEmitterTest
[INFO] Running org.axonframework.queryhandling.FutureAsResponseTypeToQueryHandlersTest
[INFO] Tests run: 9, Failures: 0, Errors: 0, Skipped: 0, Time elapsed: 4.528 s - in org.axonframework.queryhandling.FutureAsResponseTypeToQueryHandlersTest
[INFO] Running org.axonframework.queryhandling.GenericSubscriptionQueryUpdateMessageTest
[INFO] Tests run: 8, Failures: 0, Errors: 0, Skipped: 0, Time elapsed: 0 s - in org.axonframework.queryhandling.GenericSubscriptionQueryUpdateMessageTest
[INFO] Running org.axonframework.queryhandling.SimpleQueryBusTest
[INFO] Tests run: 30, Failures: 0, Errors: 0, Skipped: 0, Time elapsed: 0.037 s - in org.axonframework.queryhandling.SimpleQueryBusTest
[INFO] Running org.axonframework.queryhandling.annotation.AnnotationQueryHandlerAdapterTest
[INFO] Tests run: 11, Failures: 0, Errors: 0, Skipped: 0, Time elapsed: 0.005 s - in org.axonframework.queryhandling.annotation.AnnotationQueryHandlerAdapterTest
[INFO] Running org.axonframework.queryhandling.annotation.MethodQueryMessageHandlerDefinitionTest
[INFO] Tests run: 6, Failures: 0, Errors: 0, Skipped: 0, Time elapsed: 0 s - in org.axonframework.queryhandling.annotation.MethodQueryMessageHandlerDefinitionTest
[INFO] Running org.axonframework.monitoring.MultiMessageMonitorTest
[INFO] Tests run: 3, Failures: 0, Errors: 0, Skipped: 0, Time elapsed: 0 s - in org.axonframework.monitoring.MultiMessageMonitorTest
[INFO] 
[INFO] Results:
[INFO] 
[INFO] Tests run: 1199, Failures: 0, Errors: 0, Skipped: 0
[INFO] 
[INFO] 
[INFO] ------------------< org.axonframework:axon-modelling >------------------
[INFO] Building Axon Framework Modelling 4.6.0-SNAPSHOT                  [3/15]
[INFO] -------------------------------[ bundle ]-------------------------------
[INFO] 
[INFO] --- maven-clean-plugin:3.1.0:clean (default-clean) @ axon-modelling ---
[INFO] Deleting /home/gabsko/breaking-updates/modelling/target
[INFO] 
[INFO] --- maven-enforcer-plugin:1.4.1:enforce (enforce-banned-dependencies) @ axon-modelling ---
[INFO] 
[INFO] --- maven-resources-plugin:3.2.0:resources (default-resources) @ axon-modelling ---
[INFO] Using 'UTF-8' encoding to copy filtered resources.
[INFO] Using 'UTF-8' encoding to copy filtered properties files.
[INFO] Copying 2 resources
[INFO] 
[INFO] --- maven-compiler-plugin:3.8.1:compile (default-compile) @ axon-modelling ---
[INFO] Changes detected - recompiling the module!
[INFO] Compiling 106 source files to /home/gabsko/breaking-updates/modelling/target/classes
[WARNING] bootstrap class path not set in conjunction with -source 8
[WARNING] /home/gabsko/breaking-updates/modelling/src/main/java/org/axonframework/modelling/command/inspection/AbstractChildEntityDefinition.java:[153,32] commandHandlers() in org.axonframework.modelling.command.inspection.EntityModel has been deprecated
[WARNING] /home/gabsko/breaking-updates/modelling/src/main/java/org/axonframework/modelling/saga/SagaMethodMessageHandlerDefinition.java:[51,70] annotationAttributes(java.lang.Class<? extends java.lang.annotation.Annotation>) in org.axonframework.messaging.annotation.MessageHandlingMember has been deprecated
[WARNING] /home/gabsko/breaking-updates/modelling/src/main/java/org/axonframework/modelling/saga/SagaMethodMessageHandlerDefinition.java:[53,25] annotationAttributes(java.lang.Class<? extends java.lang.annotation.Annotation>) in org.axonframework.messaging.annotation.MessageHandlingMember has been deprecated
[WARNING] /home/gabsko/breaking-updates/modelling/src/main/java/org/axonframework/modelling/saga/metamodel/AnnotationSagaMetaModelFactory.java:[89,57] getHandlers() in org.axonframework.messaging.annotation.AnnotatedHandlerInspector has been deprecated
[WARNING] /home/gabsko/breaking-updates/modelling/src/main/java/org/axonframework/modelling/command/inspection/ChildForwardingCommandMessageHandlingMember.java:[151,42] annotationAttributes(java.lang.Class<? extends java.lang.annotation.Annotation>) in org.axonframework.messaging.annotation.MessageHandlingMember has been deprecated
[WARNING] /home/gabsko/breaking-updates/modelling/src/main/java/org/axonframework/modelling/command/inspection/ChildForwardingCommandMessageHandlingMember.java:[146,20] hasAnnotation(java.lang.Class<? extends java.lang.annotation.Annotation>) in org.axonframework.messaging.annotation.MessageHandlingMember has been deprecated
[WARNING] /home/gabsko/breaking-updates/modelling/src/main/java/org/axonframework/modelling/command/inspection/ChildForwardingCommandMessageHandlingMember.java:[147,28] hasAnnotation(java.lang.Class<? extends java.lang.annotation.Annotation>) in org.axonframework.messaging.annotation.MessageHandlingMember has been deprecated
[WARNING] /home/gabsko/breaking-updates/modelling/src/main/java/org/axonframework/modelling/command/inspection/ChildForwardingCommandMessageHandlingMember.java:[152,28] annotationAttributes(java.lang.Class<? extends java.lang.annotation.Annotation>) in org.axonframework.messaging.annotation.MessageHandlingMember has been deprecated
[WARNING] /home/gabsko/breaking-updates/modelling/src/main/java/org/axonframework/modelling/saga/EndSagaMessageHandlerDefinition.java:[20,24] hasAnnotation(java.lang.Class<? extends java.lang.annotation.Annotation>) in org.axonframework.messaging.annotation.MessageHandlingMember has been deprecated
[WARNING] /home/gabsko/breaking-updates/modelling/src/main/java/org/axonframework/modelling/command/AggregateAnnotationCommandHandler.java:[150,42] newInstance() in java.lang.Class has been deprecated
[WARNING] /home/gabsko/breaking-updates/modelling/src/main/java/org/axonframework/modelling/command/AggregateAnnotationCommandHandler.java:[155,42] newInstance() in java.lang.Class has been deprecated
[WARNING] /home/gabsko/breaking-updates/modelling/src/main/java/org/axonframework/modelling/command/inspection/MethodCreationPolicyDefinition.java:[37,24] annotationAttributes(java.lang.Class<? extends java.lang.annotation.Annotation>) in org.axonframework.messaging.annotation.MessageHandlingMember has been deprecated
[WARNING] /home/gabsko/breaking-updates/modelling/src/main/java/org/axonframework/modelling/command/inspection/MethodCommandHandlerInterceptorDefinition.java:[39,24] annotationAttributes(java.lang.Class<? extends java.lang.annotation.Annotation>) in org.axonframework.messaging.annotation.MessageHandlingMember has been deprecated
[INFO] /home/gabsko/breaking-updates/modelling/src/main/java/org/axonframework/modelling/command/inspection/AnnotatedAggregateMetaModelFactory.java: Some input files use unchecked or unsafe operations.
[INFO] /home/gabsko/breaking-updates/modelling/src/main/java/org/axonframework/modelling/command/inspection/AnnotatedAggregateMetaModelFactory.java: Recompile with -Xlint:unchecked for details.
[INFO] 
[INFO] --- maven-bundle-plugin:5.1.2:manifest (default) @ axon-modelling ---
[INFO] 
[INFO] --- maven-resources-plugin:3.2.0:testResources (default-testResources) @ axon-modelling ---
[INFO] Using 'UTF-8' encoding to copy filtered resources.
[INFO] Using 'UTF-8' encoding to copy filtered properties files.
[INFO] Copying 5 resources
[INFO] 
[INFO] --- maven-compiler-plugin:3.8.1:testCompile (default-testCompile) @ axon-modelling ---
[INFO] Changes detected - recompiling the module!
[INFO] Compiling 45 source files to /home/gabsko/breaking-updates/modelling/target/test-classes
[WARNING] bootstrap class path not set in conjunction with -source 8
[WARNING] /home/gabsko/breaking-updates/modelling/src/test/java/org/axonframework/modelling/command/AbstractRepositoryTest.java:[167,9] verifyZeroInteractions(java.lang.Object...) in org.mockito.Mockito has been deprecated
[WARNING] /home/gabsko/breaking-updates/modelling/src/test/java/org/axonframework/modelling/command/inspection/AnnotatedAggregateMetaModelFactoryTest.java:[430,50] commandHandlers() in org.axonframework.modelling.command.inspection.EntityModel has been deprecated
[WARNING] /home/gabsko/breaking-updates/modelling/src/test/java/org/axonframework/modelling/saga/repository/LockingSagaRepositoryTest.java:[62,9] verifyZeroInteractions(java.lang.Object...) in org.mockito.Mockito has been deprecated
[WARNING] /home/gabsko/breaking-updates/modelling/src/test/java/org/axonframework/modelling/saga/repository/LockingSagaRepositoryTest.java:[72,9] verifyZeroInteractions(java.lang.Object...) in org.mockito.Mockito has been deprecated
[WARNING] /home/gabsko/breaking-updates/modelling/src/test/java/org/axonframework/modelling/command/inspection/ChildForwardingCommandMessageHandlingMemberTest.java:[48,25] hasAnnotation(java.lang.Class<? extends java.lang.annotation.Annotation>) in org.axonframework.messaging.annotation.MessageHandlingMember has been deprecated
[WARNING] /home/gabsko/breaking-updates/modelling/src/test/java/org/axonframework/modelling/command/inspection/ChildForwardingCommandMessageHandlingMemberTest.java:[52,28] hasAnnotation(java.lang.Class<? extends java.lang.annotation.Annotation>) in org.axonframework.messaging.annotation.MessageHandlingMember has been deprecated
[INFO] /home/gabsko/breaking-updates/modelling/src/test/java/org/axonframework/modelling/command/AbstractRepositoryTest.java: Some input files use unchecked or unsafe operations.
[INFO] /home/gabsko/breaking-updates/modelling/src/test/java/org/axonframework/modelling/command/AbstractRepositoryTest.java: Recompile with -Xlint:unchecked for details.
[INFO] 
[INFO] --- maven-surefire-plugin:2.22.2:test (default-test) @ axon-modelling ---
[INFO] 
[INFO] -------------------------------------------------------
[INFO]  T E S T S
[INFO] -------------------------------------------------------
[INFO] Running org.axonframework.modelling.saga.SagaManagerTest
org.axonframework.modelling.utils.MockException: Mock
[INFO] Tests run: 6, Failures: 0, Errors: 0, Skipped: 0, Time elapsed: 0.789 s - in org.axonframework.modelling.saga.SagaManagerTest
[INFO] Running org.axonframework.modelling.saga.repository.LockingSagaRepositoryTest
[INFO] Tests run: 2, Failures: 0, Errors: 0, Skipped: 0, Time elapsed: 0.04 s - in org.axonframework.modelling.saga.repository.LockingSagaRepositoryTest
[INFO] Running org.axonframework.modelling.saga.repository.jpa.JpaSagaStoreTest
Security framework of XStream not explicitly initialized, using predefined black list on your own risk.
Security framework of XStream not explicitly initialized, using predefined black list on your own risk.
Security framework of XStream not explicitly initialized, using predefined black list on your own risk.
Security framework of XStream not explicitly initialized, using predefined black list on your own risk.
Security framework of XStream not explicitly initialized, using predefined black list on your own risk.
[INFO] Tests run: 7, Failures: 0, Errors: 0, Skipped: 0, Time elapsed: 2.766 s - in org.axonframework.modelling.saga.repository.jpa.JpaSagaStoreTest
[INFO] Running org.axonframework.modelling.saga.repository.AssociationValueMapTest
[INFO] Tests run: 3, Failures: 0, Errors: 0, Skipped: 0, Time elapsed: 0.074 s - in org.axonframework.modelling.saga.repository.AssociationValueMapTest
[INFO] Running org.axonframework.modelling.saga.repository.CachingSagaStoreTest
[INFO] Tests run: 5, Failures: 0, Errors: 0, Skipped: 0, Time elapsed: 0.208 s - in org.axonframework.modelling.saga.repository.CachingSagaStoreTest
[INFO] Running org.axonframework.modelling.saga.repository.AnnotatedSagaRepositoryTest
[INFO] Tests run: 5, Failures: 0, Errors: 0, Skipped: 0, Time elapsed: 0.007 s - in org.axonframework.modelling.saga.repository.AnnotatedSagaRepositoryTest
[INFO] Running org.axonframework.modelling.saga.repository.jdbc.JdbcSagaStoreTest
2023-02-06 09:56:49,924 [main] WARN  JdbcSagaStore                  [] - Expected to be able to update a Saga instance, but no rows were found.
Security framework of XStream not explicitly initialized, using predefined black list on your own risk.
[INFO] Tests run: 4, Failures: 0, Errors: 0, Skipped: 0, Time elapsed: 0.15 s - in org.axonframework.modelling.saga.repository.jdbc.JdbcSagaStoreTest
[INFO] Running org.axonframework.modelling.saga.AssociationValuesImplTest
[INFO] Tests run: 8, Failures: 0, Errors: 0, Skipped: 0, Time elapsed: 0.004 s - in org.axonframework.modelling.saga.AssociationValuesImplTest
[INFO] Running org.axonframework.modelling.saga.SagaScopeDescriptorSerializationTest
Security framework of XStream not explicitly initialized, using predefined black list on your own risk.
[INFO] Tests run: 4, Failures: 0, Errors: 0, Skipped: 0, Time elapsed: 0.187 s - in org.axonframework.modelling.saga.SagaScopeDescriptorSerializationTest
[INFO] Running org.axonframework.modelling.saga.metamodel.AnnotationSagaMetaModelFactoryTest
[INFO] Tests run: 1, Failures: 0, Errors: 0, Skipped: 0, Time elapsed: 0.026 s - in org.axonframework.modelling.saga.metamodel.AnnotationSagaMetaModelFactoryTest
[INFO] Running org.axonframework.modelling.saga.SimpleResourceInjectorTest
[INFO] Tests run: 4, Failures: 0, Errors: 0, Skipped: 0, Time elapsed: 0.004 s - in org.axonframework.modelling.saga.SimpleResourceInjectorTest
[INFO] Running org.axonframework.modelling.saga.AnnotatedSagaTest
[INFO] Tests run: 9, Failures: 0, Errors: 0, Skipped: 0, Time elapsed: 0.032 s - in org.axonframework.modelling.saga.AnnotatedSagaTest
[INFO] Running org.axonframework.modelling.saga.AnnotatedSagaManagerTest
[INFO] Tests run: 13, Failures: 0, Errors: 0, Skipped: 0, Time elapsed: 0.071 s - in org.axonframework.modelling.saga.AnnotatedSagaManagerTest
[INFO] Running org.axonframework.modelling.command.inspection.ChildForwardingCommandMessageHandlingMemberTest
[INFO] Tests run: 3, Failures: 0, Errors: 0, Skipped: 0, Time elapsed: 0.01 s - in org.axonframework.modelling.command.inspection.ChildForwardingCommandMessageHandlingMemberTest
[INFO] Running org.axonframework.modelling.command.inspection.AnnotatedRootMessageHandlingMemberAggregateMetaModelFactoryTest
[INFO] Tests run: 6, Failures: 0, Errors: 0, Skipped: 0, Time elapsed: 0.045 s - in org.axonframework.modelling.command.inspection.AnnotatedRootMessageHandlingMemberAggregateMetaModelFactoryTest
[INFO] Running org.axonframework.modelling.command.inspection.AnnotatedAggregateMetaModelFactoryTest
[INFO] Tests run: 29, Failures: 0, Errors: 0, Skipped: 0, Time elapsed: 0.263 s - in org.axonframework.modelling.command.inspection.AnnotatedAggregateMetaModelFactoryTest
[INFO] Running org.axonframework.modelling.command.inspection.AnnotatedPolymorphicAggregateMetaModelFactoryTest
[INFO] Tests run: 3, Failures: 0, Errors: 0, Skipped: 0, Time elapsed: 0.004 s - in org.axonframework.modelling.command.inspection.AnnotatedPolymorphicAggregateMetaModelFactoryTest
[INFO] Running org.axonframework.modelling.command.inspection.AnnotatedAggregateAggregateMemberMetaModelFactoryTest
[INFO] Tests run: 3, Failures: 0, Errors: 0, Skipped: 0, Time elapsed: 0.001 s - in org.axonframework.modelling.command.inspection.AnnotatedAggregateAggregateMemberMetaModelFactoryTest
[INFO] Running org.axonframework.modelling.command.LockAwareAggregateTest
[INFO] Tests run: 10, Failures: 0, Errors: 0, Skipped: 0, Time elapsed: 0.011 s - in org.axonframework.modelling.command.LockAwareAggregateTest
[INFO] Running org.axonframework.modelling.command.LockingRepositoryTest
[INFO] Tests run: 5, Failures: 0, Errors: 0, Skipped: 0, Time elapsed: 0.055 s - in org.axonframework.modelling.command.LockingRepositoryTest
[INFO] Running org.axonframework.modelling.command.AbstractRepositoryTest
[INFO] Tests run: 10, Failures: 0, Errors: 0, Skipped: 0, Time elapsed: 0.032 s - in org.axonframework.modelling.command.AbstractRepositoryTest
[INFO] Running org.axonframework.modelling.command.AggregateScopeDescriptorSerializationTest
Security framework of XStream not explicitly initialized, using predefined black list on your own risk.
[INFO] Tests run: 4, Failures: 0, Errors: 0, Skipped: 0, Time elapsed: 0.008 s - in org.axonframework.modelling.command.AggregateScopeDescriptorSerializationTest
[INFO] Running org.axonframework.modelling.command.AggregateAnnotationCommandHandlerTest
2023-02-06 09:56:50,842 [main] INFO  LoggingCallback                [] - Command executed successfully: org.axonframework.modelling.command.AggregateAnnotationCommandHandlerTest$CreateCommand
2023-02-06 09:56:50,885 [main] INFO  LoggingCallback                [] - Command executed successfully: org.axonframework.modelling.command.AggregateAnnotationCommandHandlerTest$CreateOrUpdateCommand
2023-02-06 09:56:50,898 [main] INFO  LoggingCallback                [] - Command executed successfully: org.axonframework.modelling.command.AggregateAnnotationCommandHandlerTest$CreateFactoryMethodCommand
[INFO] Tests run: 23, Failures: 0, Errors: 0, Skipped: 0, Time elapsed: 0.242 s - in org.axonframework.modelling.command.AggregateAnnotationCommandHandlerTest
[INFO] Running org.axonframework.modelling.command.AnnotatedAggregateTest
[INFO] Tests run: 3, Failures: 0, Errors: 0, Skipped: 0, Time elapsed: 0.003 s - in org.axonframework.modelling.command.AnnotatedAggregateTest
[INFO] Running org.axonframework.modelling.command.AnnotationCommandTargetResolverTest
[INFO] Tests run: 14, Failures: 0, Errors: 0, Skipped: 0, Time elapsed: 0.007 s - in org.axonframework.modelling.command.AnnotationCommandTargetResolverTest
[INFO] Running org.axonframework.modelling.command.EntityEventForwardingModelInspectorTest
[INFO] Tests run: 10, Failures: 0, Errors: 0, Skipped: 0, Time elapsed: 0.01 s - in org.axonframework.modelling.command.EntityEventForwardingModelInspectorTest
[INFO] Running org.axonframework.modelling.command.GenericJpaRepositoryTest
[INFO] Tests run: 10, Failures: 0, Errors: 0, Skipped: 0, Time elapsed: 0.053 s - in org.axonframework.modelling.command.GenericJpaRepositoryTest
[INFO] 
[INFO] Results:
[INFO] 
[INFO] Tests run: 204, Failures: 0, Errors: 0, Skipped: 0
[INFO] 
[INFO] 
[INFO] ----------------< org.axonframework:axon-eventsourcing >----------------
[INFO] Building Axon Event Sourcing 4.6.0-SNAPSHOT                       [4/15]
[INFO] -------------------------------[ bundle ]-------------------------------
[INFO] 
[INFO] --- maven-clean-plugin:3.1.0:clean (default-clean) @ axon-eventsourcing ---
[INFO] Deleting /home/gabsko/breaking-updates/eventsourcing/target
[INFO] 
[INFO] --- maven-enforcer-plugin:1.4.1:enforce (enforce-banned-dependencies) @ axon-eventsourcing ---
[INFO] 
[INFO] --- maven-resources-plugin:3.2.0:resources (default-resources) @ axon-eventsourcing ---
[INFO] Using 'UTF-8' encoding to copy filtered resources.
[INFO] Using 'UTF-8' encoding to copy filtered properties files.
[INFO] Copying 2 resources
[INFO] 
[INFO] --- maven-compiler-plugin:3.8.1:compile (default-compile) @ axon-eventsourcing ---
[INFO] Changes detected - recompiling the module!
[INFO] Compiling 81 source files to /home/gabsko/breaking-updates/eventsourcing/target/classes
[WARNING] bootstrap class path not set in conjunction with -source 8
[WARNING] unknown enum constant com.fasterxml.jackson.annotation.JsonTypeInfo.Id.MINIMAL_CLASS
  reason: class file for com.fasterxml.jackson.annotation.JsonTypeInfo$Id not found
[INFO] /home/gabsko/breaking-updates/eventsourcing/src/main/java/org/axonframework/eventsourcing/AbstractAggregateFactory.java: /home/gabsko/breaking-updates/eventsourcing/src/main/java/org/axonframework/eventsourcing/AbstractAggregateFactory.java uses unchecked or unsafe operations.
[INFO] /home/gabsko/breaking-updates/eventsourcing/src/main/java/org/axonframework/eventsourcing/AbstractAggregateFactory.java: Recompile with -Xlint:unchecked for details.
[INFO] 
[INFO] --- maven-bundle-plugin:5.1.2:manifest (default) @ axon-eventsourcing ---
[INFO] 
[INFO] --- maven-resources-plugin:3.2.0:testResources (default-testResources) @ axon-eventsourcing ---
[INFO] Using 'UTF-8' encoding to copy filtered resources.
[INFO] Using 'UTF-8' encoding to copy filtered properties files.
[INFO] Copying 5 resources
[INFO] 
[INFO] --- maven-compiler-plugin:3.8.1:testCompile (default-testCompile) @ axon-eventsourcing ---
[INFO] Changes detected - recompiling the module!
[INFO] Compiling 43 source files to /home/gabsko/breaking-updates/eventsourcing/target/test-classes
[WARNING] bootstrap class path not set in conjunction with -source 8
[WARNING] /home/gabsko/breaking-updates/eventsourcing/src/test/java/org/axonframework/eventsourcing/eventstore/EmbeddedEventStoreTest.java:[224,9] verifyZeroInteractions(java.lang.Object...) in org.mockito.Mockito has been deprecated
[WARNING] /home/gabsko/breaking-updates/eventsourcing/src/test/java/org/axonframework/eventsourcing/eventstore/EmbeddedEventStoreTest.java:[404,9] verifyZeroInteractions(java.lang.Object...) in org.mockito.Mockito has been deprecated
[INFO] /home/gabsko/breaking-updates/eventsourcing/src/test/java/org/axonframework/eventsourcing/AbstractAggregateFactoryTest.java: Some input files use unchecked or unsafe operations.
[INFO] /home/gabsko/breaking-updates/eventsourcing/src/test/java/org/axonframework/eventsourcing/AbstractAggregateFactoryTest.java: Recompile with -Xlint:unchecked for details.
[INFO] 
[INFO] --- maven-surefire-plugin:2.22.2:test (default-test) @ axon-eventsourcing ---
[INFO] 
[INFO] -------------------------------------------------------
[INFO]  T E S T S
[INFO] -------------------------------------------------------
[INFO] Running org.axonframework.eventsourcing.eventstore.SequenceEventStorageEngineTest
[INFO] Tests run: 16, Failures: 0, Errors: 0, Skipped: 0, Time elapsed: 0.683 s - in org.axonframework.eventsourcing.eventstore.SequenceEventStorageEngineTest
[INFO] Running org.axonframework.eventsourcing.eventstore.jpa.SQLStateResolverTest
[INFO] Tests run: 4, Failures: 0, Errors: 0, Skipped: 0, Time elapsed: 0.002 s - in org.axonframework.eventsourcing.eventstore.jpa.SQLStateResolverTest
[INFO] Running org.axonframework.eventsourcing.eventstore.jpa.SQLErrorCodesResolverTest
[INFO] Tests run: 12, Failures: 0, Errors: 0, Skipped: 0, Time elapsed: 0.143 s - in org.axonframework.eventsourcing.eventstore.jpa.SQLErrorCodesResolverTest
[INFO] Running org.axonframework.eventsourcing.eventstore.jpa.DomainEventEntryTest
Security framework of XStream not explicitly initialized, using predefined black list on your own risk.
[INFO] Tests run: 1, Failures: 0, Errors: 0, Skipped: 0, Time elapsed: 0.181 s - in org.axonframework.eventsourcing.eventstore.jpa.DomainEventEntryTest
[INFO] Running org.axonframework.eventsourcing.eventstore.jpa.JpaEventStorageEngineTest
Security framework of XStream not explicitly initialized, using predefined black list on your own risk.
Security framework of XStream not explicitly initialized, using predefined black list on your own risk.
09:56:55.964 [main] ERROR org.hibernate.engine.jdbc.spi.SqlExceptionHelper - integrity constraint violation: unique constraint or index violation; UKDG43IA27YPO1JOVW2X64VBWV8 table: DOMAINEVENTENTRY
09:56:56.115 [main] ERROR org.hibernate.engine.jdbc.spi.SqlExceptionHelper - integrity constraint violation: unique constraint or index violation; UK_K5LT6D2792AMNLOO7Q91NJP0V table: DOMAINEVENTENTRY
09:56:56.247 [main] ERROR org.hibernate.engine.jdbc.spi.SqlExceptionHelper - integrity constraint violation: unique constraint or index violation; UKDG43IA27YPO1JOVW2X64VBWV8 table: DOMAINEVENTENTRY
Security framework of XStream not explicitly initialized, using predefined black list on your own risk.
09:56:56.490 [main] ERROR org.hibernate.engine.jdbc.spi.SqlExceptionHelper - integrity constraint violation: unique constraint or index violation; UK_K5LT6D2792AMNLOO7Q91NJP0V table: DOMAINEVENTENTRY
09:56:56.591 [main] ERROR org.hibernate.engine.jdbc.spi.SqlExceptionHelper - integrity constraint violation: unique constraint or index violation; UKDG43IA27YPO1JOVW2X64VBWV8 table: DOMAINEVENTENTRY
Security framework of XStream not explicitly initialized, using predefined black list on your own risk.
Security framework of XStream not explicitly initialized, using predefined black list on your own risk.
[INFO] Tests run: 36, Failures: 0, Errors: 0, Skipped: 0, Time elapsed: 3.091 s - in org.axonframework.eventsourcing.eventstore.jpa.JpaEventStorageEngineTest
[INFO] Running org.axonframework.eventsourcing.eventstore.ConcatenatingDomainEventStreamTest
[INFO] Tests run: 9, Failures: 0, Errors: 0, Skipped: 0, Time elapsed: 0.006 s - in org.axonframework.eventsourcing.eventstore.ConcatenatingDomainEventStreamTest
[INFO] Running org.axonframework.eventsourcing.eventstore.FilteringDomainEventStreamTest
[INFO] Tests run: 2, Failures: 0, Errors: 0, Skipped: 0, Time elapsed: 0 s - in org.axonframework.eventsourcing.eventstore.FilteringDomainEventStreamTest
[INFO] Running org.axonframework.eventsourcing.eventstore.EqualRevisionPredicateTest
[INFO] Tests run: 5, Failures: 0, Errors: 0, Skipped: 0, Time elapsed: 0.01 s - in org.axonframework.eventsourcing.eventstore.EqualRevisionPredicateTest
[INFO] Running org.axonframework.eventsourcing.eventstore.inmemory.InMemoryEventStorageEngineTest
[INFO] Tests run: 21, Failures: 0, Errors: 0, Skipped: 0, Time elapsed: 0.03 s - in org.axonframework.eventsourcing.eventstore.inmemory.InMemoryEventStorageEngineTest
[INFO] Running org.axonframework.eventsourcing.eventstore.jdbc.MysqlJdbcEventStorageEngineTest
09:57:27.680 [main] ERROR org.testcontainers.dockerclient.DockerClientProviderStrategy - Could not find a valid Docker environment. Please check configuration. Attempted configurations were:
09:57:27.680 [main] ERROR org.testcontainers.dockerclient.DockerClientProviderStrategy -     UnixSocketClientProviderStrategy: failed with exception TimeoutException (Timeout waiting for result with exception). Root cause LastErrorException ([13] Permission denied)
09:57:27.680 [main] ERROR org.testcontainers.dockerclient.DockerClientProviderStrategy - As no valid configuration was found, execution cannot continue
[ERROR] Tests run: 1, Failures: 0, Errors: 1, Skipped: 0, Time elapsed: 30.467 s <<< FAILURE! - in org.axonframework.eventsourcing.eventstore.jdbc.MysqlJdbcEventStorageEngineTest
[ERROR] org.axonframework.eventsourcing.eventstore.jdbc.MysqlJdbcEventStorageEngineTest  Time elapsed: 30.467 s  <<< ERROR!
java.lang.IllegalStateException: Could not find a valid Docker environment. Please see logs and check configuration

[INFO] Running org.axonframework.eventsourcing.eventstore.jdbc.JdbcEventStorageEngineTest
Security framework of XStream not explicitly initialized, using predefined black list on your own risk.
Security framework of XStream not explicitly initialized, using predefined black list on your own risk.
Security framework of XStream not explicitly initialized, using predefined black list on your own risk.
Security framework of XStream not explicitly initialized, using predefined black list on your own risk.
[INFO] Tests run: 41, Failures: 0, Errors: 0, Skipped: 0, Time elapsed: 0.468 s - in org.axonframework.eventsourcing.eventstore.jdbc.JdbcEventStorageEngineTest
[INFO] Running org.axonframework.eventsourcing.eventstore.EmbeddedEventStoreTest
[INFO] Tests run: 20, Failures: 0, Errors: 0, Skipped: 0, Time elapsed: 1.127 s - in org.axonframework.eventsourcing.eventstore.EmbeddedEventStoreTest
[INFO] Running org.axonframework.eventsourcing.CachingEventSourcingRepositoryTest
[INFO] Tests run: 4, Failures: 0, Errors: 0, Skipped: 0, Time elapsed: 0.203 s - in org.axonframework.eventsourcing.CachingEventSourcingRepositoryTest
[INFO] Running org.axonframework.eventsourcing.DomainEventStreamTest
[INFO] Tests run: 4, Failures: 0, Errors: 0, Skipped: 0, Time elapsed: 0.001 s - in org.axonframework.eventsourcing.DomainEventStreamTest
[INFO] Running org.axonframework.eventsourcing.EventStreamUtilsTest
[INFO] Tests run: 4, Failures: 0, Errors: 0, Skipped: 0, Time elapsed: 0.004 s - in org.axonframework.eventsourcing.EventStreamUtilsTest
[INFO] Running org.axonframework.eventsourcing.EventSourcingRepositoryTest
[INFO] Tests run: 6, Failures: 0, Errors: 0, Skipped: 0, Time elapsed: 0.034 s - in org.axonframework.eventsourcing.EventSourcingRepositoryTest
[INFO] Running org.axonframework.eventsourcing.EventSourcingRepositoryIntegrationTest
[INFO] Tests run: 1, Failures: 0, Errors: 0, Skipped: 0, Time elapsed: 0.019 s - in org.axonframework.eventsourcing.EventSourcingRepositoryIntegrationTest
[INFO] Running org.axonframework.eventsourcing.NoSnapshotTriggerDefinitionTest
[INFO] Tests run: 1, Failures: 0, Errors: 0, Skipped: 0, Time elapsed: 0.001 s - in org.axonframework.eventsourcing.NoSnapshotTriggerDefinitionTest
[INFO] Running org.axonframework.eventsourcing.EventCountSnapshotTriggerDefinitionTest
[INFO] Tests run: 6, Failures: 0, Errors: 0, Skipped: 0, Time elapsed: 0.025 s - in org.axonframework.eventsourcing.EventCountSnapshotTriggerDefinitionTest
[INFO] Running org.axonframework.eventsourcing.GenericAggregateFactoryTest
[INFO] Tests run: 4, Failures: 0, Errors: 0, Skipped: 0, Time elapsed: 0.002 s - in org.axonframework.eventsourcing.GenericAggregateFactoryTest
[INFO] Running org.axonframework.eventsourcing.conflictresolution.ConflictResolutionTest
[INFO] Tests run: 3, Failures: 0, Errors: 0, Skipped: 0, Time elapsed: 0.009 s - in org.axonframework.eventsourcing.conflictresolution.ConflictResolutionTest
[INFO] Running org.axonframework.eventsourcing.conflictresolution.ConflictsTest
[INFO] Tests run: 2, Failures: 0, Errors: 0, Skipped: 0, Time elapsed: 0.003 s - in org.axonframework.eventsourcing.conflictresolution.ConflictsTest
[INFO] Running org.axonframework.eventsourcing.conflictresolution.DefaultConflictResolverTest
[INFO] Tests run: 7, Failures: 0, Errors: 0, Skipped: 0, Time elapsed: 0.016 s - in org.axonframework.eventsourcing.conflictresolution.DefaultConflictResolverTest
[INFO] Running org.axonframework.eventsourcing.CachingRepositoryWithNestedUnitOfWorkTest
[INFO] Tests run: 4, Failures: 0, Errors: 0, Skipped: 0, Time elapsed: 0.087 s - in org.axonframework.eventsourcing.CachingRepositoryWithNestedUnitOfWorkTest
[INFO] Running org.axonframework.eventsourcing.AbstractAggregateFactoryTest
[INFO] Tests run: 1, Failures: 0, Errors: 0, Skipped: 0, Time elapsed: 0.001 s - in org.axonframework.eventsourcing.AbstractAggregateFactoryTest
[INFO] Running org.axonframework.eventsourcing.snapshotting.SnapshotFilterTest
[INFO] Tests run: 4, Failures: 0, Errors: 0, Skipped: 0, Time elapsed: 0.006 s - in org.axonframework.eventsourcing.snapshotting.SnapshotFilterTest
[INFO] Running org.axonframework.eventsourcing.snapshotting.RevisionSnapshotFilterTest
[INFO] Tests run: 7, Failures: 0, Errors: 0, Skipped: 0, Time elapsed: 0.018 s - in org.axonframework.eventsourcing.snapshotting.RevisionSnapshotFilterTest
[INFO] Running org.axonframework.eventsourcing.AggregateLoadSnapshotTriggerDefinitionTest
[INFO] Tests run: 7, Failures: 0, Errors: 0, Skipped: 0, Time elapsed: 0.012 s - in org.axonframework.eventsourcing.AggregateLoadSnapshotTriggerDefinitionTest
[INFO] Running org.axonframework.eventsourcing.SpawningNewAggregateTest
[INFO] Tests run: 3, Failures: 0, Errors: 0, Skipped: 0, Time elapsed: 0.036 s - in org.axonframework.eventsourcing.SpawningNewAggregateTest
[INFO] Running org.axonframework.eventsourcing.MultiStreamableMessageSourceTest
[INFO] Tests run: 19, Failures: 0, Errors: 0, Skipped: 0, Time elapsed: 0.256 s - in org.axonframework.eventsourcing.MultiStreamableMessageSourceTest
[INFO] Running org.axonframework.eventsourcing.AggregateSnapshotterTest
[INFO] Tests run: 3, Failures: 0, Errors: 0, Skipped: 0, Time elapsed: 0.02 s - in org.axonframework.eventsourcing.AggregateSnapshotterTest
[INFO] Running org.axonframework.eventsourcing.AbstractSnapshotterTest
[INFO] Tests run: 9, Failures: 0, Errors: 0, Skipped: 0, Time elapsed: 0.035 s - in org.axonframework.eventsourcing.AbstractSnapshotterTest
[INFO] Running org.axonframework.eventsourcing.FilteringEventStorageEngineTest
[INFO] Tests run: 6, Failures: 0, Errors: 0, Skipped: 0, Time elapsed: 0 s - in org.axonframework.eventsourcing.FilteringEventStorageEngineTest
[INFO] 
[INFO] Results:
[INFO] 
[ERROR] Errors: 
[ERROR]   MysqlJdbcEventStorageEngineTest  IllegalState Could not find a valid Docker e...
[INFO] 
[ERROR] Tests run: 273, Failures: 0, Errors: 1, Skipped: 0
[INFO] 
[INFO] ------------------------------------------------------------------------
[INFO] Reactor Summary for Axon Framework 4.6.0-SNAPSHOT:
[INFO] 
[INFO] Axon Framework ..................................... SUCCESS [  0.055 s]
[INFO] Axon Framework Messaging ........................... SUCCESS [ 53.438 s]
[INFO] Axon Framework Modelling ........................... SUCCESS [  7.266 s]
[INFO] Axon Event Sourcing ................................ FAILURE [ 39.047 s]
[INFO] Axon Disruptor ..................................... SKIPPED
[INFO] Axon Configuration ................................. SKIPPED
[INFO] Axon Framework Test Fixtures ....................... SKIPPED
[INFO] Axon Framework Connector for AxonServer ............ SKIPPED
[INFO] Axon Framework Metrics ............................. SKIPPED
[INFO] Axon Framework Micrometer Metrics .................. SKIPPED
[INFO] Axon Framework Spring Support ...................... SKIPPED
[INFO] Axon Framework Spring Boot Support ................. SKIPPED
[INFO] Spring Boot Starter module for Axon Framework ...... SKIPPED
[INFO] Axon Integration tests ............................. SKIPPED
[INFO] Axon Legacy Components ............................. SKIPPED
[INFO] ------------------------------------------------------------------------
[INFO] BUILD FAILURE
[INFO] ------------------------------------------------------------------------
[INFO] Total time:  01:40 min
[INFO] Finished at: 2023-02-06T09:57:30Z
[INFO] ------------------------------------------------------------------------
[ERROR] Failed to execute goal org.apache.maven.plugins:maven-surefire-plugin:2.22.2:test (default-test) on project axon-eventsourcing: There are test failures.
[ERROR] 
[ERROR] Please refer to /home/gabsko/breaking-updates/eventsourcing/target/surefire-reports for the individual test results.
[ERROR] Please refer to dump files (if any exist) [date].dump, [date]-jvmRun[N].dump and [date].dumpstream.
[ERROR] -> [Help 1]
[ERROR] 
[ERROR] To see the full stack trace of the errors, re-run Maven with the -e switch.
[ERROR] Re-run Maven using the -X switch to enable full debug logging.
[ERROR] 
[ERROR] For more information about the errors and possible solutions, please read the following articles:
[ERROR] [Help 1] http://cwiki.apache.org/confluence/display/MAVEN/MojoFailureException
[ERROR] 
[ERROR] After correcting the problems, you can resume the build with the command
[ERROR]   mvn <args> -rf :axon-eventsourcing
