[INFO] Scanning for projects...
[INFO] ------------------------------------------------------------------------
[INFO] Reactor Build Order:
[INFO] 
[INFO] Cassandra Reaper project                                           [pom]
[INFO] Cassandra Reaper server                                            [jar]
[INFO] 
[INFO] --------------< io.cassandrareaper:cassandra-reaper-pom >---------------
[INFO] Building Cassandra Reaper project 2.2.O-SNAPSHOT                   [1/2]
[INFO] --------------------------------[ pom ]---------------------------------
[INFO] 
[INFO] --- maven-clean-plugin:3.1.0:clean (default-clean) @ cassandra-reaper-pom ---
[INFO] 
[INFO] --- maven-enforcer-plugin:1.4.1:enforce (enforce-java) @ cassandra-reaper-pom ---
[INFO] 
[INFO] ----------------< io.cassandrareaper:cassandra-reaper >-----------------
[INFO] Building Cassandra Reaper server 2.2.O-SNAPSHOT                    [2/2]
[INFO] --------------------------------[ jar ]---------------------------------
[INFO] Downloading from central: https://repo.maven.apache.org/maven2/org/apache/maven/plugins/maven-checkstyle-plugin/3.0.0/maven-checkstyle-plugin-3.0.0.pom
[INFO] Downloaded from central: https://repo.maven.apache.org/maven2/org/apache/maven/plugins/maven-checkstyle-plugin/3.0.0/maven-checkstyle-plugin-3.0.0.pom (15 kB at 64 kB/s)
[INFO] Downloading from central: https://repo.maven.apache.org/maven2/org/apache/maven/plugins/maven-checkstyle-plugin/3.0.0/maven-checkstyle-plugin-3.0.0.jar
[INFO] Downloaded from central: https://repo.maven.apache.org/maven2/org/apache/maven/plugins/maven-checkstyle-plugin/3.0.0/maven-checkstyle-plugin-3.0.0.jar (108 kB at 4.5 MB/s)
[INFO] Downloading from central: https://repo.maven.apache.org/maven2/com/google/code/maven-replacer-plugin/replacer/1.5.3/replacer-1.5.3.pom
[INFO] Downloaded from central: https://repo.maven.apache.org/maven2/com/google/code/maven-replacer-plugin/replacer/1.5.3/replacer-1.5.3.pom (5.8 kB at 450 kB/s)
[INFO] Downloading from central: https://repo.maven.apache.org/maven2/com/google/code/maven-replacer-plugin/replacer/1.5.3/replacer-1.5.3.jar
[INFO] Downloaded from central: https://repo.maven.apache.org/maven2/com/google/code/maven-replacer-plugin/replacer/1.5.3/replacer-1.5.3.jar (40 kB at 3.1 MB/s)
[INFO] Downloading from central: https://repo.maven.apache.org/maven2/org/codehaus/mojo/exec-maven-plugin/1.6.0/exec-maven-plugin-1.6.0.pom
[INFO] Downloaded from central: https://repo.maven.apache.org/maven2/org/codehaus/mojo/exec-maven-plugin/1.6.0/exec-maven-plugin-1.6.0.pom (13 kB at 1.6 MB/s)
[INFO] Downloading from central: https://repo.maven.apache.org/maven2/org/codehaus/mojo/exec-maven-plugin/1.6.0/exec-maven-plugin-1.6.0.jar
[INFO] Downloaded from central: https://repo.maven.apache.org/maven2/org/codehaus/mojo/exec-maven-plugin/1.6.0/exec-maven-plugin-1.6.0.jar (58 kB at 6.4 MB/s)
[INFO] Downloading from central: https://repo.maven.apache.org/maven2/io/dropwizard/dropwizard-core/1.3.14/dropwizard-core-1.3.14.pom
[INFO] Downloaded from central: https://repo.maven.apache.org/maven2/io/dropwizard/dropwizard-core/1.3.14/dropwizard-core-1.3.14.pom (3.8 kB at 39 kB/s)
[INFO] Downloading from central: https://repo.maven.apache.org/maven2/io/dropwizard/dropwizard-parent/1.3.14/dropwizard-parent-1.3.14.pom
[INFO] Downloaded from central: https://repo.maven.apache.org/maven2/io/dropwizard/dropwizard-parent/1.3.14/dropwizard-parent-1.3.14.pom (28 kB at 274 kB/s)
[INFO] Downloading from central: https://repo.maven.apache.org/maven2/io/dropwizard/dropwizard-bom/1.3.14/dropwizard-bom-1.3.14.pom
[INFO] Downloaded from central: https://repo.maven.apache.org/maven2/io/dropwizard/dropwizard-bom/1.3.14/dropwizard-bom-1.3.14.pom (32 kB at 312 kB/s)
[INFO] Downloading from central: https://repo.maven.apache.org/maven2/io/dropwizard/dropwizard-util/1.3.14/dropwizard-util-1.3.14.pom
[INFO] Downloaded from central: https://repo.maven.apache.org/maven2/io/dropwizard/dropwizard-util/1.3.14/dropwizard-util-1.3.14.pom (1.7 kB at 17 kB/s)
[INFO] Downloading from central: https://repo.maven.apache.org/maven2/io/dropwizard/dropwizard-jackson/1.3.14/dropwizard-jackson-1.3.14.pom
[INFO] Downloaded from central: https://repo.maven.apache.org/maven2/io/dropwizard/dropwizard-jackson/1.3.14/dropwizard-jackson-1.3.14.pom (3.6 kB at 30 kB/s)
[INFO] Downloading from central: https://repo.maven.apache.org/maven2/com/fasterxml/jackson/datatype/jackson-datatype-guava/2.9.9/jackson-datatype-guava-2.9.9.pom
[INFO] Downloaded from central: https://repo.maven.apache.org/maven2/com/fasterxml/jackson/datatype/jackson-datatype-guava/2.9.9/jackson-datatype-guava-2.9.9.pom (2.7 kB at 333 kB/s)
[INFO] Downloading from central: https://repo.maven.apache.org/maven2/com/fasterxml/jackson/datatype/jackson-datatypes-collections/2.9.9/jackson-datatypes-collections-2.9.9.pom
[INFO] Downloaded from central: https://repo.maven.apache.org/maven2/com/fasterxml/jackson/datatype/jackson-datatypes-collections/2.9.9/jackson-datatypes-collections-2.9.9.pom (2.1 kB at 214 kB/s)
[INFO] Downloading from central: https://repo.maven.apache.org/maven2/com/fasterxml/jackson/core/jackson-databind/2.9.9/jackson-databind-2.9.9.pom
[INFO] Downloaded from central: https://repo.maven.apache.org/maven2/com/fasterxml/jackson/core/jackson-databind/2.9.9/jackson-databind-2.9.9.pom (6.4 kB at 805 kB/s)
[INFO] Downloading from central: https://repo.maven.apache.org/maven2/com/fasterxml/jackson/datatype/jackson-datatype-jsr310/2.9.9/jackson-datatype-jsr310-2.9.9.pom
[INFO] Downloaded from central: https://repo.maven.apache.org/maven2/com/fasterxml/jackson/datatype/jackson-datatype-jsr310/2.9.9/jackson-datatype-jsr310-2.9.9.pom (4.3 kB at 474 kB/s)
[INFO] Downloading from central: https://repo.maven.apache.org/maven2/com/fasterxml/jackson/module/jackson-modules-java8/2.9.9/jackson-modules-java8-2.9.9.pom
[INFO] Downloaded from central: https://repo.maven.apache.org/maven2/com/fasterxml/jackson/module/jackson-modules-java8/2.9.9/jackson-modules-java8-2.9.9.pom (2.8 kB at 212 kB/s)
[INFO] Downloading from central: https://repo.maven.apache.org/maven2/com/fasterxml/jackson/datatype/jackson-datatype-jdk8/2.9.9/jackson-datatype-jdk8-2.9.9.pom
[INFO] Downloaded from central: https://repo.maven.apache.org/maven2/com/fasterxml/jackson/datatype/jackson-datatype-jdk8/2.9.9/jackson-datatype-jdk8-2.9.9.pom (1.9 kB at 273 kB/s)
[INFO] Downloading from central: https://repo.maven.apache.org/maven2/com/fasterxml/jackson/module/jackson-module-parameter-names/2.9.9/jackson-module-parameter-names-2.9.9.pom
[INFO] Downloaded from central: https://repo.maven.apache.org/maven2/com/fasterxml/jackson/module/jackson-module-parameter-names/2.9.9/jackson-module-parameter-names-2.9.9.pom (3.7 kB at 622 kB/s)
[INFO] Downloading from central: https://repo.maven.apache.org/maven2/com/fasterxml/jackson/module/jackson-module-afterburner/2.9.9/jackson-module-afterburner-2.9.9.pom
[INFO] Downloaded from central: https://repo.maven.apache.org/maven2/com/fasterxml/jackson/module/jackson-module-afterburner/2.9.9/jackson-module-afterburner-2.9.9.pom (3.3 kB at 470 kB/s)
[INFO] Downloading from central: https://repo.maven.apache.org/maven2/com/fasterxml/jackson/module/jackson-modules-base/2.9.9/jackson-modules-base-2.9.9.pom
[INFO] Downloaded from central: https://repo.maven.apache.org/maven2/com/fasterxml/jackson/module/jackson-modules-base/2.9.9/jackson-modules-base-2.9.9.pom (3.0 kB at 433 kB/s)
[INFO] Downloading from central: https://repo.maven.apache.org/maven2/com/fasterxml/jackson/datatype/jackson-datatype-joda/2.9.9/jackson-datatype-joda-2.9.9.pom
[INFO] Downloaded from central: https://repo.maven.apache.org/maven2/com/fasterxml/jackson/datatype/jackson-datatype-joda/2.9.9/jackson-datatype-joda-2.9.9.pom (3.1 kB at 112 kB/s)
[INFO] Downloading from central: https://repo.maven.apache.org/maven2/io/dropwizard/dropwizard-validation/1.3.14/dropwizard-validation-1.3.14.pom
[INFO] Downloaded from central: https://repo.maven.apache.org/maven2/io/dropwizard/dropwizard-validation/1.3.14/dropwizard-validation-1.3.14.pom (2.0 kB at 13 kB/s)
[INFO] Downloading from central: https://repo.maven.apache.org/maven2/io/dropwizard/dropwizard-configuration/1.3.14/dropwizard-configuration-1.3.14.pom
[INFO] Downloaded from central: https://repo.maven.apache.org/maven2/io/dropwizard/dropwizard-configuration/1.3.14/dropwizard-configuration-1.3.14.pom (2.4 kB at 25 kB/s)
[INFO] Downloading from central: https://repo.maven.apache.org/maven2/com/fasterxml/jackson/dataformat/jackson-dataformat-yaml/2.9.9/jackson-dataformat-yaml-2.9.9.pom
[INFO] Downloaded from central: https://repo.maven.apache.org/maven2/com/fasterxml/jackson/dataformat/jackson-dataformat-yaml/2.9.9/jackson-dataformat-yaml-2.9.9.pom (2.1 kB at 141 kB/s)
[INFO] Downloading from central: https://repo.maven.apache.org/maven2/com/fasterxml/jackson/dataformat/jackson-dataformats-text/2.9.9/jackson-dataformats-text-2.9.9.pom
[INFO] Downloaded from central: https://repo.maven.apache.org/maven2/com/fasterxml/jackson/dataformat/jackson-dataformats-text/2.9.9/jackson-dataformats-text-2.9.9.pom (3.0 kB at 333 kB/s)
[INFO] Downloading from central: https://repo.maven.apache.org/maven2/io/dropwizard/dropwizard-logging/1.3.14/dropwizard-logging-1.3.14.pom
[INFO] Downloaded from central: https://repo.maven.apache.org/maven2/io/dropwizard/dropwizard-logging/1.3.14/dropwizard-logging-1.3.14.pom (2.5 kB at 26 kB/s)
[INFO] Downloading from central: https://repo.maven.apache.org/maven2/io/dropwizard/dropwizard-metrics/1.3.14/dropwizard-metrics-1.3.14.pom
[INFO] Downloaded from central: https://repo.maven.apache.org/maven2/io/dropwizard/dropwizard-metrics/1.3.14/dropwizard-metrics-1.3.14.pom (2.0 kB at 21 kB/s)
[INFO] Downloading from central: https://repo.maven.apache.org/maven2/io/dropwizard/dropwizard-lifecycle/1.3.14/dropwizard-lifecycle-1.3.14.pom
[INFO] Downloaded from central: https://repo.maven.apache.org/maven2/io/dropwizard/dropwizard-lifecycle/1.3.14/dropwizard-lifecycle-1.3.14.pom (1.7 kB at 17 kB/s)
[INFO] Downloading from central: https://repo.maven.apache.org/maven2/io/dropwizard/dropwizard-jersey/1.3.14/dropwizard-jersey-1.3.14.pom
[INFO] Downloaded from central: https://repo.maven.apache.org/maven2/io/dropwizard/dropwizard-jersey/1.3.14/dropwizard-jersey-1.3.14.pom (3.8 kB at 38 kB/s)
[INFO] Downloading from central: https://repo.maven.apache.org/maven2/com/fasterxml/jackson/jaxrs/jackson-jaxrs-json-provider/2.9.9/jackson-jaxrs-json-provider-2.9.9.pom
[INFO] Downloaded from central: https://repo.maven.apache.org/maven2/com/fasterxml/jackson/jaxrs/jackson-jaxrs-json-provider/2.9.9/jackson-jaxrs-json-provider-2.9.9.pom (3.9 kB at 557 kB/s)
[INFO] Downloading from central: https://repo.maven.apache.org/maven2/com/fasterxml/jackson/jaxrs/jackson-jaxrs-providers/2.9.9/jackson-jaxrs-providers-2.9.9.pom
[INFO] Downloaded from central: https://repo.maven.apache.org/maven2/com/fasterxml/jackson/jaxrs/jackson-jaxrs-providers/2.9.9/jackson-jaxrs-providers-2.9.9.pom (4.1 kB at 684 kB/s)
[INFO] Downloading from central: https://repo.maven.apache.org/maven2/com/fasterxml/jackson/jaxrs/jackson-jaxrs-base/2.9.9/jackson-jaxrs-base-2.9.9.pom
[INFO] Downloaded from central: https://repo.maven.apache.org/maven2/com/fasterxml/jackson/jaxrs/jackson-jaxrs-base/2.9.9/jackson-jaxrs-base-2.9.9.pom (1.5 kB at 217 kB/s)
[INFO] Downloading from central: https://repo.maven.apache.org/maven2/com/fasterxml/jackson/module/jackson-module-jaxb-annotations/2.9.9/jackson-module-jaxb-annotations-2.9.9.pom
[INFO] Downloaded from central: https://repo.maven.apache.org/maven2/com/fasterxml/jackson/module/jackson-module-jaxb-annotations/2.9.9/jackson-module-jaxb-annotations-2.9.9.pom (2.0 kB at 248 kB/s)
[INFO] Downloading from central: https://repo.maven.apache.org/maven2/io/dropwizard/dropwizard-servlets/1.3.14/dropwizard-servlets-1.3.14.pom
[INFO] Downloaded from central: https://repo.maven.apache.org/maven2/io/dropwizard/dropwizard-servlets/1.3.14/dropwizard-servlets-1.3.14.pom (3.1 kB at 30 kB/s)
[INFO] Downloading from central: https://repo.maven.apache.org/maven2/io/dropwizard/dropwizard-jetty/1.3.14/dropwizard-jetty-1.3.14.pom
[INFO] Downloaded from central: https://repo.maven.apache.org/maven2/io/dropwizard/dropwizard-jetty/1.3.14/dropwizard-jetty-1.3.14.pom (3.0 kB at 16 kB/s)
[INFO] Downloading from central: https://repo.maven.apache.org/maven2/io/dropwizard/dropwizard-request-logging/1.3.14/dropwizard-request-logging-1.3.14.pom
[INFO] Downloaded from central: https://repo.maven.apache.org/maven2/io/dropwizard/dropwizard-request-logging/1.3.14/dropwizard-request-logging-1.3.14.pom (1.6 kB at 16 kB/s)
[INFO] Downloading from central: https://repo.maven.apache.org/maven2/io/dropwizard/dropwizard-client/1.3.14/dropwizard-client-1.3.14.pom
[INFO] Downloaded from central: https://repo.maven.apache.org/maven2/io/dropwizard/dropwizard-client/1.3.14/dropwizard-client-1.3.14.pom (2.2 kB at 12 kB/s)
[INFO] Downloading from central: https://repo.maven.apache.org/maven2/org/glassfish/jersey/ext/rx/jersey-rx-client/2.25.1/jersey-rx-client-2.25.1.pom
[INFO] Downloaded from central: https://repo.maven.apache.org/maven2/org/glassfish/jersey/ext/rx/jersey-rx-client/2.25.1/jersey-rx-client-2.25.1.pom (2.8 kB at 237 kB/s)
[INFO] Downloading from central: https://repo.maven.apache.org/maven2/org/glassfish/jersey/ext/rx/project/2.25.1/project-2.25.1.pom
[INFO] Downloaded from central: https://repo.maven.apache.org/maven2/org/glassfish/jersey/ext/rx/project/2.25.1/project-2.25.1.pom (3.4 kB at 105 kB/s)
[INFO] Downloading from central: https://repo.maven.apache.org/maven2/io/dropwizard/metrics/metrics-httpclient/4.0.5/metrics-httpclient-4.0.5.pom
[INFO] Downloaded from central: https://repo.maven.apache.org/maven2/io/dropwizard/metrics/metrics-httpclient/4.0.5/metrics-httpclient-4.0.5.pom (1.7 kB at 248 kB/s)
[INFO] Downloading from central: https://repo.maven.apache.org/maven2/org/glassfish/jersey/connectors/jersey-apache-connector/2.25.1/jersey-apache-connector-2.25.1.pom
[INFO] Downloaded from central: https://repo.maven.apache.org/maven2/org/glassfish/jersey/connectors/jersey-apache-connector/2.25.1/jersey-apache-connector-2.25.1.pom (4.5 kB at 145 kB/s)
[INFO] Downloading from central: https://repo.maven.apache.org/maven2/org/glassfish/jersey/connectors/project/2.25.1/project-2.25.1.pom
[INFO] Downloaded from central: https://repo.maven.apache.org/maven2/org/glassfish/jersey/connectors/project/2.25.1/project-2.25.1.pom (3.8 kB at 380 kB/s)
[INFO] Downloading from central: https://repo.maven.apache.org/maven2/org/apache/httpcomponents/httpclient/4.5/httpclient-4.5.pom
[INFO] Downloaded from central: https://repo.maven.apache.org/maven2/org/apache/httpcomponents/httpclient/4.5/httpclient-4.5.pom (6.4 kB at 710 kB/s)
[INFO] Downloading from central: https://repo.maven.apache.org/maven2/org/apache/httpcomponents/httpcomponents-client/4.5/httpcomponents-client-4.5.pom
[INFO] Downloaded from central: https://repo.maven.apache.org/maven2/org/apache/httpcomponents/httpcomponents-client/4.5/httpcomponents-client-4.5.pom (16 kB at 2.0 MB/s)
[INFO] Downloading from central: https://repo.maven.apache.org/maven2/io/dropwizard/dropwizard-jdbi/1.3.14/dropwizard-jdbi-1.3.14.pom
[INFO] Downloaded from central: https://repo.maven.apache.org/maven2/io/dropwizard/dropwizard-jdbi/1.3.14/dropwizard-jdbi-1.3.14.pom (1.5 kB at 16 kB/s)
[INFO] Downloading from central: https://repo.maven.apache.org/maven2/io/dropwizard/dropwizard-db/1.3.14/dropwizard-db-1.3.14.pom
[INFO] Downloaded from central: https://repo.maven.apache.org/maven2/io/dropwizard/dropwizard-db/1.3.14/dropwizard-db-1.3.14.pom (1.4 kB at 13 kB/s)
[INFO] Downloading from central: https://repo.maven.apache.org/maven2/org/apache/tomcat/tomcat-jdbc/9.0.16/tomcat-jdbc-9.0.16.pom
[INFO] Downloaded from central: https://repo.maven.apache.org/maven2/org/apache/tomcat/tomcat-jdbc/9.0.16/tomcat-jdbc-9.0.16.pom (1.8 kB at 73 kB/s)
[INFO] Downloading from central: https://repo.maven.apache.org/maven2/org/apache/tomcat/tomcat-juli/9.0.16/tomcat-juli-9.0.16.pom
[INFO] Downloaded from central: https://repo.maven.apache.org/maven2/org/apache/tomcat/tomcat-juli/9.0.16/tomcat-juli-9.0.16.pom (1.5 kB at 128 kB/s)
[INFO] Downloading from central: https://repo.maven.apache.org/maven2/org/jdbi/jdbi/2.78/jdbi-2.78.pom
[INFO] Downloaded from central: https://repo.maven.apache.org/maven2/org/jdbi/jdbi/2.78/jdbi-2.78.pom (11 kB at 1.1 MB/s)
[INFO] Downloading from central: https://repo.maven.apache.org/maven2/org/basepom/basepom-oss/19/basepom-oss-19.pom
[INFO] Downloaded from central: https://repo.maven.apache.org/maven2/org/basepom/basepom-oss/19/basepom-oss-19.pom (9.6 kB at 797 kB/s)
[INFO] Downloading from central: https://repo.maven.apache.org/maven2/org/basepom/basepom-minimal/19/basepom-minimal-19.pom
[INFO] Downloaded from central: https://repo.maven.apache.org/maven2/org/basepom/basepom-minimal/19/basepom-minimal-19.pom (12 kB at 1.3 MB/s)
[INFO] Downloading from central: https://repo.maven.apache.org/maven2/org/basepom/basepom-foundation/19/basepom-foundation-19.pom
[INFO] Downloaded from central: https://repo.maven.apache.org/maven2/org/basepom/basepom-foundation/19/basepom-foundation-19.pom (47 kB at 2.6 MB/s)
[INFO] Downloading from central: https://repo.maven.apache.org/maven2/io/dropwizard/metrics/metrics-jdbi/4.0.5/metrics-jdbi-4.0.5.pom
[INFO] Downloaded from central: https://repo.maven.apache.org/maven2/io/dropwizard/metrics/metrics-jdbi/4.0.5/metrics-jdbi-4.0.5.pom (1.6 kB at 199 kB/s)
[INFO] Downloading from central: https://repo.maven.apache.org/maven2/io/dropwizard/dropwizard-metrics-graphite/1.3.14/dropwizard-metrics-graphite-1.3.14.pom
[INFO] Downloaded from central: https://repo.maven.apache.org/maven2/io/dropwizard/dropwizard-metrics-graphite/1.3.14/dropwizard-metrics-graphite-1.3.14.pom (1.6 kB at 16 kB/s)
[INFO] Downloading from central: https://repo.maven.apache.org/maven2/io/dropwizard/metrics/metrics-graphite/4.0.5/metrics-graphite-4.0.5.pom
[INFO] Downloaded from central: https://repo.maven.apache.org/maven2/io/dropwizard/metrics/metrics-graphite/4.0.5/metrics-graphite-4.0.5.pom (2.2 kB at 139 kB/s)
[INFO] Downloading from central: https://repo.maven.apache.org/maven2/com/rabbitmq/amqp-client/4.4.1/amqp-client-4.4.1.pom
[INFO] Downloaded from central: https://repo.maven.apache.org/maven2/com/rabbitmq/amqp-client/4.4.1/amqp-client-4.4.1.pom (33 kB at 2.3 MB/s)
[INFO] Downloading from central: https://repo.maven.apache.org/maven2/io/dropwizard/dropwizard-assets/1.3.14/dropwizard-assets-1.3.14.pom
[INFO] Downloaded from central: https://repo.maven.apache.org/maven2/io/dropwizard/dropwizard-assets/1.3.14/dropwizard-assets-1.3.14.pom (1.2 kB at 6.6 kB/s)
[INFO] Downloading from central: https://repo.maven.apache.org/maven2/org/coursera/dropwizard-metrics-datadog/1.1.14/dropwizard-metrics-datadog-1.1.14.pom
[INFO] Downloaded from central: https://repo.maven.apache.org/maven2/org/coursera/dropwizard-metrics-datadog/1.1.14/dropwizard-metrics-datadog-1.1.14.pom (1.3 kB at 13 kB/s)
[INFO] Downloading from central: https://repo.maven.apache.org/maven2/org/coursera/metrics-datadog-parent/1.1.14/metrics-datadog-parent-1.1.14.pom
[INFO] Downloaded from central: https://repo.maven.apache.org/maven2/org/coursera/metrics-datadog-parent/1.1.14/metrics-datadog-parent-1.1.14.pom (7.1 kB at 647 kB/s)
[INFO] Downloading from central: https://repo.maven.apache.org/maven2/org/coursera/metrics-datadog/1.1.14/metrics-datadog-1.1.14.pom
[INFO] Downloaded from central: https://repo.maven.apache.org/maven2/org/coursera/metrics-datadog/1.1.14/metrics-datadog-1.1.14.pom (2.1 kB at 231 kB/s)
[INFO] Downloading from central: https://repo.maven.apache.org/maven2/io/dropwizard/metrics/metrics-core/3.1.1/metrics-core-3.1.1.pom
[INFO] Downloaded from central: https://repo.maven.apache.org/maven2/io/dropwizard/metrics/metrics-core/3.1.1/metrics-core-3.1.1.pom (846 B at 94 kB/s)
[INFO] Downloading from central: https://repo.maven.apache.org/maven2/io/dropwizard/metrics/metrics-parent/3.1.1/metrics-parent-3.1.1.pom
[INFO] Downloaded from central: https://repo.maven.apache.org/maven2/io/dropwizard/metrics/metrics-parent/3.1.1/metrics-parent-3.1.1.pom (12 kB at 1.3 MB/s)
[INFO] Downloading from central: https://repo.maven.apache.org/maven2/org/apache/httpcomponents/fluent-hc/4.3.6/fluent-hc-4.3.6.pom
[INFO] Downloaded from central: https://repo.maven.apache.org/maven2/org/apache/httpcomponents/fluent-hc/4.3.6/fluent-hc-4.3.6.pom (4.7 kB at 590 kB/s)
[INFO] Downloading from central: https://repo.maven.apache.org/maven2/com/datadoghq/java-dogstatsd-client/2.6.1/java-dogstatsd-client-2.6.1.pom
[INFO] Downloaded from central: https://repo.maven.apache.org/maven2/com/datadoghq/java-dogstatsd-client/2.6.1/java-dogstatsd-client-2.6.1.pom (5.7 kB at 716 kB/s)
[INFO] Downloading from central: https://repo.maven.apache.org/maven2/com/github/jnr/jnr-unixsocket/0.18/jnr-unixsocket-0.18.pom
[INFO] Downloaded from central: https://repo.maven.apache.org/maven2/com/github/jnr/jnr-unixsocket/0.18/jnr-unixsocket-0.18.pom (10 kB at 1.4 MB/s)
[INFO] Downloading from central: https://repo.maven.apache.org/maven2/com/github/jnr/jnr-ffi/2.1.4/jnr-ffi-2.1.4.pom
[INFO] Downloaded from central: https://repo.maven.apache.org/maven2/com/github/jnr/jnr-ffi/2.1.4/jnr-ffi-2.1.4.pom (8.2 kB at 1.0 MB/s)
[INFO] Downloading from central: https://repo.maven.apache.org/maven2/com/github/jnr/jnr-constants/0.9.8/jnr-constants-0.9.8.pom
[INFO] Downloaded from central: https://repo.maven.apache.org/maven2/com/github/jnr/jnr-constants/0.9.8/jnr-constants-0.9.8.pom (3.5 kB at 436 kB/s)
[INFO] Downloading from central: https://repo.maven.apache.org/maven2/com/github/jnr/jnr-enxio/0.16/jnr-enxio-0.16.pom
[INFO] Downloaded from central: https://repo.maven.apache.org/maven2/com/github/jnr/jnr-enxio/0.16/jnr-enxio-0.16.pom (4.1 kB at 592 kB/s)
[INFO] Downloading from central: https://repo.maven.apache.org/maven2/com/github/jnr/jnr-posix/3.0.35/jnr-posix-3.0.35.pom
[INFO] Downloaded from central: https://repo.maven.apache.org/maven2/com/github/jnr/jnr-posix/3.0.35/jnr-posix-3.0.35.pom (6.3 kB at 577 kB/s)
[INFO] Downloading from central: https://repo.maven.apache.org/maven2/io/dropwizard/dropwizard-metrics/0.9.1/dropwizard-metrics-0.9.1.pom
[INFO] Downloaded from central: https://repo.maven.apache.org/maven2/io/dropwizard/dropwizard-metrics/0.9.1/dropwizard-metrics-0.9.1.pom (2.0 kB at 21 kB/s)
[INFO] Downloading from central: https://repo.maven.apache.org/maven2/io/dropwizard/dropwizard-parent/0.9.1/dropwizard-parent-0.9.1.pom
[INFO] Downloaded from central: https://repo.maven.apache.org/maven2/io/dropwizard/dropwizard-parent/0.9.1/dropwizard-parent-0.9.1.pom (24 kB at 1.7 MB/s)
[INFO] Downloading from central: https://repo.maven.apache.org/maven2/io/dropwizard/dropwizard-bom/0.9.1/dropwizard-bom-0.9.1.pom
[INFO] Downloaded from central: https://repo.maven.apache.org/maven2/io/dropwizard/dropwizard-bom/0.9.1/dropwizard-bom-0.9.1.pom (32 kB at 2.9 MB/s)
[INFO] Downloading from central: https://repo.maven.apache.org/maven2/org/glassfish/jersey/jersey-bom/2.22.1/jersey-bom-2.22.1.pom
[INFO] Downloaded from central: https://repo.maven.apache.org/maven2/org/glassfish/jersey/jersey-bom/2.22.1/jersey-bom-2.22.1.pom (20 kB at 93 kB/s)
[INFO] Downloading from central: https://repo.maven.apache.org/maven2/io/dropwizard/dropwizard-lifecycle/0.9.1/dropwizard-lifecycle-0.9.1.pom
[INFO] Downloaded from central: https://repo.maven.apache.org/maven2/io/dropwizard/dropwizard-lifecycle/0.9.1/dropwizard-lifecycle-0.9.1.pom (1.7 kB at 141 kB/s)
[INFO] Downloading from central: https://repo.maven.apache.org/maven2/org/eclipse/jetty/jetty-server/9.2.13.v20150730/jetty-server-9.2.13.v20150730.pom
[INFO] Downloaded from central: https://repo.maven.apache.org/maven2/org/eclipse/jetty/jetty-server/9.2.13.v20150730/jetty-server-9.2.13.v20150730.pom (4.1 kB at 273 kB/s)
[INFO] Downloading from central: https://repo.maven.apache.org/maven2/org/eclipse/jetty/jetty-project/9.2.13.v20150730/jetty-project-9.2.13.v20150730.pom
[INFO] Downloaded from central: https://repo.maven.apache.org/maven2/org/eclipse/jetty/jetty-project/9.2.13.v20150730/jetty-project-9.2.13.v20150730.pom (0 B at 0 B/s)
[INFO] Downloading from central: https://repo.maven.apache.org/maven2/org/eclipse/jetty/jetty-http/9.2.13.v20150730/jetty-http-9.2.13.v20150730.pom
[INFO] Downloaded from central: https://repo.maven.apache.org/maven2/org/eclipse/jetty/jetty-http/9.2.13.v20150730/jetty-http-9.2.13.v20150730.pom (2.5 kB at 252 kB/s)
[INFO] Downloading from central: https://repo.maven.apache.org/maven2/org/eclipse/jetty/jetty-util/9.2.13.v20150730/jetty-util-9.2.13.v20150730.pom
[INFO] Downloaded from central: https://repo.maven.apache.org/maven2/org/eclipse/jetty/jetty-util/9.2.13.v20150730/jetty-util-9.2.13.v20150730.pom (0 B at 0 B/s)
[INFO] Downloading from central: https://repo.maven.apache.org/maven2/org/eclipse/jetty/jetty-io/9.2.13.v20150730/jetty-io-9.2.13.v20150730.pom
[INFO] Downloaded from central: https://repo.maven.apache.org/maven2/org/eclipse/jetty/jetty-io/9.2.13.v20150730/jetty-io-9.2.13.v20150730.pom (0 B at 0 B/s)
[INFO] Downloading from central: https://repo.maven.apache.org/maven2/io/dropwizard/dropwizard-util/0.9.1/dropwizard-util-0.9.1.pom
[INFO] Downloaded from central: https://repo.maven.apache.org/maven2/io/dropwizard/dropwizard-util/0.9.1/dropwizard-util-0.9.1.pom (1.5 kB at 170 kB/s)
[INFO] Downloading from central: https://repo.maven.apache.org/maven2/io/dropwizard/dropwizard-jackson/0.9.1/dropwizard-jackson-0.9.1.pom
[INFO] Downloaded from central: https://repo.maven.apache.org/maven2/io/dropwizard/dropwizard-jackson/0.9.1/dropwizard-jackson-0.9.1.pom (2.7 kB at 149 kB/s)
[INFO] Downloading from central: https://repo.maven.apache.org/maven2/com/fasterxml/jackson/core/jackson-core/2.6.3/jackson-core-2.6.3.pom
[INFO] Downloaded from central: https://repo.maven.apache.org/maven2/com/fasterxml/jackson/core/jackson-core/2.6.3/jackson-core-2.6.3.pom (4.9 kB at 695 kB/s)
[INFO] Downloading from central: https://repo.maven.apache.org/maven2/com/fasterxml/jackson/core/jackson-databind/2.6.3/jackson-databind-2.6.3.pom
[INFO] Downloaded from central: https://repo.maven.apache.org/maven2/com/fasterxml/jackson/core/jackson-databind/2.6.3/jackson-databind-2.6.3.pom (6.1 kB at 1.0 MB/s)
[INFO] Downloading from central: https://repo.maven.apache.org/maven2/com/fasterxml/jackson/datatype/jackson-datatype-jdk7/2.6.3/jackson-datatype-jdk7-2.6.3.pom
[INFO] Downloaded from central: https://repo.maven.apache.org/maven2/com/fasterxml/jackson/datatype/jackson-datatype-jdk7/2.6.3/jackson-datatype-jdk7-2.6.3.pom (2.8 kB at 312 kB/s)
[INFO] Downloading from central: https://repo.maven.apache.org/maven2/com/fasterxml/jackson/datatype/jackson-datatype-guava/2.6.3/jackson-datatype-guava-2.6.3.pom
[INFO] Downloaded from central: https://repo.maven.apache.org/maven2/com/fasterxml/jackson/datatype/jackson-datatype-guava/2.6.3/jackson-datatype-guava-2.6.3.pom (4.1 kB at 517 kB/s)
[INFO] Downloading from central: https://repo.maven.apache.org/maven2/com/fasterxml/jackson/module/jackson-module-afterburner/2.6.3/jackson-module-afterburner-2.6.3.pom
[INFO] Downloaded from central: https://repo.maven.apache.org/maven2/com/fasterxml/jackson/module/jackson-module-afterburner/2.6.3/jackson-module-afterburner-2.6.3.pom (4.9 kB at 544 kB/s)
[INFO] Downloading from central: https://repo.maven.apache.org/maven2/com/fasterxml/jackson/datatype/jackson-datatype-joda/2.6.3/jackson-datatype-joda-2.6.3.pom
[INFO] Downloaded from central: https://repo.maven.apache.org/maven2/com/fasterxml/jackson/datatype/jackson-datatype-joda/2.6.3/jackson-datatype-joda-2.6.3.pom (3.5 kB at 432 kB/s)
[INFO] Downloading from central: https://repo.maven.apache.org/maven2/ch/qos/logback/logback-classic/1.1.3/logback-classic-1.1.3.pom
[INFO] Downloaded from central: https://repo.maven.apache.org/maven2/ch/qos/logback/logback-classic/1.1.3/logback-classic-1.1.3.pom (13 kB at 2.1 MB/s)
[INFO] Downloading from central: https://repo.maven.apache.org/maven2/ch/qos/logback/logback-parent/1.1.3/logback-parent-1.1.3.pom
[INFO] Downloaded from central: https://repo.maven.apache.org/maven2/ch/qos/logback/logback-parent/1.1.3/logback-parent-1.1.3.pom (16 kB at 2.3 MB/s)
[INFO] Downloading from central: https://repo.maven.apache.org/maven2/ch/qos/logback/logback-core/1.1.3/logback-core-1.1.3.pom
[INFO] Downloaded from central: https://repo.maven.apache.org/maven2/ch/qos/logback/logback-core/1.1.3/logback-core-1.1.3.pom (4.2 kB at 698 kB/s)
[INFO] Downloading from central: https://repo.maven.apache.org/maven2/io/dropwizard/dropwizard-validation/0.9.1/dropwizard-validation-0.9.1.pom
[INFO] Downloaded from central: https://repo.maven.apache.org/maven2/io/dropwizard/dropwizard-validation/0.9.1/dropwizard-validation-0.9.1.pom (1.6 kB at 15 kB/s)
[INFO] Downloading from central: https://repo.maven.apache.org/maven2/org/hibernate/hibernate-validator/5.2.2.Final/hibernate-validator-5.2.2.Final.pom
[INFO] Downloaded from central: https://repo.maven.apache.org/maven2/org/hibernate/hibernate-validator/5.2.2.Final/hibernate-validator-5.2.2.Final.pom (13 kB at 1.4 MB/s)
[INFO] Downloading from central: https://repo.maven.apache.org/maven2/org/hibernate/hibernate-validator-parent/5.2.2.Final/hibernate-validator-parent-5.2.2.Final.pom
[INFO] Downloaded from central: https://repo.maven.apache.org/maven2/org/hibernate/hibernate-validator-parent/5.2.2.Final/hibernate-validator-parent-5.2.2.Final.pom (35 kB at 3.2 MB/s)
[INFO] Downloading from central: https://repo.maven.apache.org/maven2/org/jboss/arquillian/arquillian-bom/1.1.9.Final/arquillian-bom-1.1.9.Final.pom
[INFO] Downloaded from central: https://repo.maven.apache.org/maven2/org/jboss/arquillian/arquillian-bom/1.1.9.Final/arquillian-bom-1.1.9.Final.pom (11 kB at 1.3 MB/s)
[INFO] Downloading from central: https://repo.maven.apache.org/maven2/org/jboss/shrinkwrap/shrinkwrap-bom/1.2.2/shrinkwrap-bom-1.2.2.pom
[INFO] Downloaded from central: https://repo.maven.apache.org/maven2/org/jboss/shrinkwrap/shrinkwrap-bom/1.2.2/shrinkwrap-bom-1.2.2.pom (4.0 kB at 566 kB/s)
[INFO] Downloading from central: https://repo.maven.apache.org/maven2/org/jboss/shrinkwrap/resolver/shrinkwrap-resolver-bom/2.1.1/shrinkwrap-resolver-bom-2.1.1.pom
[INFO] Downloaded from central: https://repo.maven.apache.org/maven2/org/jboss/shrinkwrap/resolver/shrinkwrap-resolver-bom/2.1.1/shrinkwrap-resolver-bom-2.1.1.pom (4.6 kB at 577 kB/s)
[INFO] Downloading from central: https://repo.maven.apache.org/maven2/org/jboss/shrinkwrap/descriptors/shrinkwrap-descriptors-bom/2.0.0-alpha-7/shrinkwrap-descriptors-bom-2.0.0-alpha-7.pom
[INFO] Downloaded from central: https://repo.maven.apache.org/maven2/org/jboss/shrinkwrap/descriptors/shrinkwrap-descriptors-bom/2.0.0-alpha-7/shrinkwrap-descriptors-bom-2.0.0-alpha-7.pom (5.2 kB at 582 kB/s)
[INFO] Downloading from central: https://repo.maven.apache.org/maven2/org/jboss/logging/jboss-logging/3.2.1.Final/jboss-logging-3.2.1.Final.pom
[INFO] Downloaded from central: https://repo.maven.apache.org/maven2/org/jboss/logging/jboss-logging/3.2.1.Final/jboss-logging-3.2.1.Final.pom (6.0 kB at 744 kB/s)
[INFO] Downloading from central: https://repo.maven.apache.org/maven2/com/fasterxml/classmate/1.1.0/classmate-1.1.0.pom
[INFO] Downloaded from central: https://repo.maven.apache.org/maven2/com/fasterxml/classmate/1.1.0/classmate-1.1.0.pom (6.6 kB at 820 kB/s)
[INFO] Downloading from central: https://repo.maven.apache.org/maven2/systems/composable/dropwizard-cassandra/4.1.0/dropwizard-cassandra-4.1.0.pom
[INFO] Downloaded from central: https://repo.maven.apache.org/maven2/systems/composable/dropwizard-cassandra/4.1.0/dropwizard-cassandra-4.1.0.pom (17 kB at 1.9 MB/s)
[INFO] Downloading from central: https://repo.maven.apache.org/maven2/com/datastax/cassandra/cassandra-driver-core/3.1.0/cassandra-driver-core-3.1.0.pom
[INFO] Downloaded from central: https://repo.maven.apache.org/maven2/com/datastax/cassandra/cassandra-driver-core/3.1.0/cassandra-driver-core-3.1.0.pom (16 kB at 2.0 MB/s)
[INFO] Downloading from central: https://repo.maven.apache.org/maven2/com/datastax/cassandra/cassandra-driver-parent/3.1.0/cassandra-driver-parent-3.1.0.pom
[INFO] Downloaded from central: https://repo.maven.apache.org/maven2/com/datastax/cassandra/cassandra-driver-parent/3.1.0/cassandra-driver-parent-3.1.0.pom (19 kB at 2.1 MB/s)
[INFO] Downloading from central: https://repo.maven.apache.org/maven2/io/netty/netty-handler/4.0.37.Final/netty-handler-4.0.37.Final.pom
[INFO] Downloaded from central: https://repo.maven.apache.org/maven2/io/netty/netty-handler/4.0.37.Final/netty-handler-4.0.37.Final.pom (2.4 kB at 133 kB/s)
[INFO] Downloading from central: https://repo.maven.apache.org/maven2/io/netty/netty-parent/4.0.37.Final/netty-parent-4.0.37.Final.pom
[INFO] Downloaded from central: https://repo.maven.apache.org/maven2/io/netty/netty-parent/4.0.37.Final/netty-parent-4.0.37.Final.pom (44 kB at 4.0 MB/s)
[INFO] Downloading from central: https://repo.maven.apache.org/maven2/io/netty/netty-buffer/4.0.37.Final/netty-buffer-4.0.37.Final.pom
[INFO] Downloaded from central: https://repo.maven.apache.org/maven2/io/netty/netty-buffer/4.0.37.Final/netty-buffer-4.0.37.Final.pom (1.4 kB at 98 kB/s)
[INFO] Downloading from central: https://repo.maven.apache.org/maven2/io/netty/netty-common/4.0.37.Final/netty-common-4.0.37.Final.pom
[INFO] Downloaded from central: https://repo.maven.apache.org/maven2/io/netty/netty-common/4.0.37.Final/netty-common-4.0.37.Final.pom (3.2 kB at 354 kB/s)
[INFO] Downloading from central: https://repo.maven.apache.org/maven2/io/netty/netty-transport/4.0.37.Final/netty-transport-4.0.37.Final.pom
[INFO] Downloaded from central: https://repo.maven.apache.org/maven2/io/netty/netty-transport/4.0.37.Final/netty-transport-4.0.37.Final.pom (1.4 kB at 115 kB/s)
[INFO] Downloading from central: https://repo.maven.apache.org/maven2/io/netty/netty-codec/4.0.37.Final/netty-codec-4.0.37.Final.pom
[INFO] Downloaded from central: https://repo.maven.apache.org/maven2/io/netty/netty-codec/4.0.37.Final/netty-codec-4.0.37.Final.pom (2.2 kB at 86 kB/s)
[INFO] Downloading from central: https://repo.maven.apache.org/maven2/com/github/jnr/jnr-ffi/2.0.7/jnr-ffi-2.0.7.pom
[INFO] Downloaded from central: https://repo.maven.apache.org/maven2/com/github/jnr/jnr-ffi/2.0.7/jnr-ffi-2.0.7.pom (8.4 kB at 838 kB/s)
[INFO] Downloading from central: https://repo.maven.apache.org/maven2/com/github/jnr/jnr-posix/3.0.27/jnr-posix-3.0.27.pom
[INFO] Downloaded from central: https://repo.maven.apache.org/maven2/com/github/jnr/jnr-posix/3.0.27/jnr-posix-3.0.27.pom (5.9 kB at 587 kB/s)
[INFO] Downloading from central: https://repo.maven.apache.org/maven2/com/github/jnr/jnr-constants/0.9.0/jnr-constants-0.9.0.pom
[INFO] Downloaded from central: https://repo.maven.apache.org/maven2/com/github/jnr/jnr-constants/0.9.0/jnr-constants-0.9.0.pom (2.1 kB at 265 kB/s)
[INFO] Downloading from central: https://repo.maven.apache.org/maven2/org/apache/cassandra/cassandra-all/2.2.12/cassandra-all-2.2.12.pom
[INFO] Downloaded from central: https://repo.maven.apache.org/maven2/org/apache/cassandra/cassandra-all/2.2.12/cassandra-all-2.2.12.pom (26 kB at 228 kB/s)
[INFO] Downloading from central: https://repo.maven.apache.org/maven2/org/apache/cassandra/cassandra-parent/2.2.12/cassandra-parent-2.2.12.pom
[INFO] Downloaded from central: https://repo.maven.apache.org/maven2/org/apache/cassandra/cassandra-parent/2.2.12/cassandra-parent-2.2.12.pom (17 kB at 171 kB/s)
[INFO] Downloading from central: https://repo.maven.apache.org/maven2/com/ning/compress-lzf/0.8.4/compress-lzf-0.8.4.pom
[INFO] Downloaded from central: https://repo.maven.apache.org/maven2/com/ning/compress-lzf/0.8.4/compress-lzf-0.8.4.pom (7.3 kB at 806 kB/s)
[INFO] Downloading from central: https://repo.maven.apache.org/maven2/com/googlecode/concurrentlinkedhashmap/concurrentlinkedhashmap-lru/1.4/concurrentlinkedhashmap-lru-1.4.pom
[INFO] Downloaded from central: https://repo.maven.apache.org/maven2/com/googlecode/concurrentlinkedhashmap/concurrentlinkedhashmap-lru/1.4/concurrentlinkedhashmap-lru-1.4.pom (14 kB at 2.3 MB/s)
[INFO] Downloading from central: https://repo.maven.apache.org/maven2/org/antlr/ST4/4.0.8/ST4-4.0.8.pom
[INFO] Downloaded from central: https://repo.maven.apache.org/maven2/org/antlr/ST4/4.0.8/ST4-4.0.8.pom (0 B at 0 B/s)
[INFO] Downloading from central: https://repo.maven.apache.org/maven2/org/slf4j/log4j-over-slf4j/1.7.7/log4j-over-slf4j-1.7.7.pom
[INFO] Downloaded from central: https://repo.maven.apache.org/maven2/org/slf4j/log4j-over-slf4j/1.7.7/log4j-over-slf4j-1.7.7.pom (1.8 kB at 301 kB/s)
[INFO] Downloading from central: https://repo.maven.apache.org/maven2/com/boundary/high-scale-lib/1.0.6/high-scale-lib-1.0.6.pom
[INFO] Downloaded from central: https://repo.maven.apache.org/maven2/com/boundary/high-scale-lib/1.0.6/high-scale-lib-1.0.6.pom (3.9 kB at 563 kB/s)
[INFO] Downloading from central: https://repo.maven.apache.org/maven2/org/yaml/snakeyaml/1.11/snakeyaml-1.11.pom
[INFO] Downloaded from central: https://repo.maven.apache.org/maven2/org/yaml/snakeyaml/1.11/snakeyaml-1.11.pom (22 kB at 3.2 MB/s)
[INFO] Downloading from central: https://repo.maven.apache.org/maven2/org/mindrot/jbcrypt/0.3m/jbcrypt-0.3m.pom
[INFO] Downloaded from central: https://repo.maven.apache.org/maven2/org/mindrot/jbcrypt/0.3m/jbcrypt-0.3m.pom (4.7 kB at 393 kB/s)
[INFO] Downloading from central: https://repo.maven.apache.org/maven2/io/dropwizard/metrics/metrics-core/3.1.0/metrics-core-3.1.0.pom
[INFO] Downloaded from central: https://repo.maven.apache.org/maven2/io/dropwizard/metrics/metrics-core/3.1.0/metrics-core-3.1.0.pom (846 B at 94 kB/s)
[INFO] Downloading from central: https://repo.maven.apache.org/maven2/io/dropwizard/metrics/metrics-parent/3.1.0/metrics-parent-3.1.0.pom
[INFO] Downloaded from central: https://repo.maven.apache.org/maven2/io/dropwizard/metrics/metrics-parent/3.1.0/metrics-parent-3.1.0.pom (12 kB at 1.4 MB/s)
[INFO] Downloading from central: https://repo.maven.apache.org/maven2/io/dropwizard/metrics/metrics-jvm/3.1.0/metrics-jvm-3.1.0.pom
[INFO] Downloaded from central: https://repo.maven.apache.org/maven2/io/dropwizard/metrics/metrics-jvm/3.1.0/metrics-jvm-3.1.0.pom (967 B at 121 kB/s)
[INFO] Downloading from central: https://repo.maven.apache.org/maven2/com/addthis/metrics/reporter-config3/3.0.0/reporter-config3-3.0.0.pom
[INFO] Downloaded from central: https://repo.maven.apache.org/maven2/com/addthis/metrics/reporter-config3/3.0.0/reporter-config3-3.0.0.pom (2.1 kB at 237 kB/s)
[INFO] Downloading from central: https://repo.maven.apache.org/maven2/com/addthis/metrics/reporter-config-parent/3.0.0/reporter-config-parent-3.0.0.pom
[INFO] Downloaded from central: https://repo.maven.apache.org/maven2/com/addthis/metrics/reporter-config-parent/3.0.0/reporter-config-parent-3.0.0.pom (3.7 kB at 370 kB/s)
[INFO] Downloading from central: https://repo.maven.apache.org/maven2/com/addthis/metrics/reporter-config-base/3.0.0/reporter-config-base-3.0.0.pom
[INFO] Downloaded from central: https://repo.maven.apache.org/maven2/com/addthis/metrics/reporter-config-base/3.0.0/reporter-config-base-3.0.0.pom (1.1 kB at 127 kB/s)
[INFO] Downloading from central: https://repo.maven.apache.org/maven2/org/yaml/snakeyaml/1.12/snakeyaml-1.12.pom
[INFO] Downloaded from central: https://repo.maven.apache.org/maven2/org/yaml/snakeyaml/1.12/snakeyaml-1.12.pom (22 kB at 2.0 MB/s)
[INFO] Downloading from central: https://repo.maven.apache.org/maven2/org/hibernate/hibernate-validator/4.3.0.Final/hibernate-validator-4.3.0.Final.pom
[INFO] Downloaded from central: https://repo.maven.apache.org/maven2/org/hibernate/hibernate-validator/4.3.0.Final/hibernate-validator-4.3.0.Final.pom (12 kB at 1.5 MB/s)
[INFO] Downloading from central: https://repo.maven.apache.org/maven2/org/hibernate/hibernate-validator-parent/4.3.0.Final/hibernate-validator-parent-4.3.0.Final.pom
[INFO] Downloaded from central: https://repo.maven.apache.org/maven2/org/hibernate/hibernate-validator-parent/4.3.0.Final/hibernate-validator-parent-4.3.0.Final.pom (21 kB at 1.8 MB/s)
[INFO] Downloading from central: https://repo.maven.apache.org/maven2/org/jboss/logging/jboss-logging/3.1.0.CR2/jboss-logging-3.1.0.CR2.pom
[INFO] Downloaded from central: https://repo.maven.apache.org/maven2/org/jboss/logging/jboss-logging/3.1.0.CR2/jboss-logging-3.1.0.CR2.pom (6.1 kB at 870 kB/s)
[INFO] Downloading from central: https://repo.maven.apache.org/maven2/org/jboss/jboss-parent/6/jboss-parent-6.pom
[INFO] Downloaded from central: https://repo.maven.apache.org/maven2/org/jboss/jboss-parent/6/jboss-parent-6.pom (23 kB at 228 kB/s)
[INFO] Downloading from central: https://repo.maven.apache.org/maven2/com/thinkaurelius/thrift/thrift-server/0.3.7/thrift-server-0.3.7.pom
[INFO] Downloaded from central: https://repo.maven.apache.org/maven2/com/thinkaurelius/thrift/thrift-server/0.3.7/thrift-server-0.3.7.pom (4.6 kB at 576 kB/s)
[INFO] Downloading from central: https://repo.maven.apache.org/maven2/com/lmax/disruptor/3.0.1/disruptor-3.0.1.pom
[INFO] Downloaded from central: https://repo.maven.apache.org/maven2/com/lmax/disruptor/3.0.1/disruptor-3.0.1.pom (1.7 kB at 97 kB/s)
[INFO] Downloading from central: https://repo.maven.apache.org/maven2/org/apache/thrift/libthrift/0.9.1/libthrift-0.9.1.pom
[INFO] Downloaded from central: https://repo.maven.apache.org/maven2/org/apache/thrift/libthrift/0.9.1/libthrift-0.9.1.pom (3.5 kB at 437 kB/s)
[INFO] Downloading from central: https://repo.maven.apache.org/maven2/com/clearspring/analytics/stream/2.5.2/stream-2.5.2.pom
[INFO] Downloaded from central: https://repo.maven.apache.org/maven2/com/clearspring/analytics/stream/2.5.2/stream-2.5.2.pom (5.9 kB at 977 kB/s)
[INFO] Downloading from central: https://repo.maven.apache.org/maven2/it/unimi/dsi/fastutil/6.5.7/fastutil-6.5.7.pom
[INFO] Downloaded from central: https://repo.maven.apache.org/maven2/it/unimi/dsi/fastutil/6.5.7/fastutil-6.5.7.pom (1.1 kB at 138 kB/s)
[INFO] Downloading from central: https://repo.maven.apache.org/maven2/net/sf/supercsv/super-csv/2.1.0/super-csv-2.1.0.pom
[INFO] Downloaded from central: https://repo.maven.apache.org/maven2/net/sf/supercsv/super-csv/2.1.0/super-csv-2.1.0.pom (2.6 kB at 320 kB/s)
[INFO] Downloading from central: https://repo.maven.apache.org/maven2/net/sf/supercsv/super-csv-parent/2.1.0/super-csv-parent-2.1.0.pom
[INFO] Downloaded from central: https://repo.maven.apache.org/maven2/net/sf/supercsv/super-csv-parent/2.1.0/super-csv-parent-2.1.0.pom (14 kB at 1.8 MB/s)
[INFO] Downloading from central: https://repo.maven.apache.org/maven2/org/apache/thrift/libthrift/0.9.2/libthrift-0.9.2.pom
[INFO] Downloaded from central: https://repo.maven.apache.org/maven2/org/apache/thrift/libthrift/0.9.2/libthrift-0.9.2.pom (3.3 kB at 139 kB/s)
[INFO] Downloading from central: https://repo.maven.apache.org/maven2/org/apache/cassandra/cassandra-thrift/2.2.12/cassandra-thrift-2.2.12.pom
[INFO] Downloaded from central: https://repo.maven.apache.org/maven2/org/apache/cassandra/cassandra-thrift/2.2.12/cassandra-thrift-2.2.12.pom (18 kB at 179 kB/s)
[INFO] Downloading from central: https://repo.maven.apache.org/maven2/net/java/dev/jna/jna/4.0.0/jna-4.0.0.pom
[INFO] Downloaded from central: https://repo.maven.apache.org/maven2/net/java/dev/jna/jna/4.0.0/jna-4.0.0.pom (1.3 kB at 128 kB/s)
[INFO] Downloading from central: https://repo.maven.apache.org/maven2/com/github/jbellis/jamm/0.3.0/jamm-0.3.0.pom
[INFO] Downloaded from central: https://repo.maven.apache.org/maven2/com/github/jbellis/jamm/0.3.0/jamm-0.3.0.pom (4.5 kB at 325 kB/s)
[INFO] Downloading from central: https://repo.maven.apache.org/maven2/com/github/tjake/crc32ex/0.1.1/crc32ex-0.1.1.pom
[INFO] Downloaded from central: https://repo.maven.apache.org/maven2/com/github/tjake/crc32ex/0.1.1/crc32ex-0.1.1.pom (4.8 kB at 344 kB/s)
[INFO] Downloading from central: https://repo.maven.apache.org/maven2/joda-time/joda-time/2.4/joda-time-2.4.pom
[INFO] Downloaded from central: https://repo.maven.apache.org/maven2/joda-time/joda-time/2.4/joda-time-2.4.pom (26 kB at 4.4 MB/s)
[INFO] Downloading from central: https://repo.maven.apache.org/maven2/org/fusesource/sigar/1.6.4/sigar-1.6.4.pom
[INFO] Downloaded from central: https://repo.maven.apache.org/maven2/org/fusesource/sigar/1.6.4/sigar-1.6.4.pom (1.3 kB at 252 kB/s)
[INFO] Downloading from central: https://repo.maven.apache.org/maven2/org/fusesource/fusesource-pom/1.5/fusesource-pom-1.5.pom
[INFO] Downloaded from central: https://repo.maven.apache.org/maven2/org/fusesource/fusesource-pom/1.5/fusesource-pom-1.5.pom (15 kB at 2.1 MB/s)
[INFO] Downloading from central: https://repo.maven.apache.org/maven2/org/caffinitas/ohc/ohc-core/0.3.4/ohc-core-0.3.4.pom
[INFO] Downloaded from central: https://repo.maven.apache.org/maven2/org/caffinitas/ohc/ohc-core/0.3.4/ohc-core-0.3.4.pom (11 kB at 1.4 MB/s)
[INFO] Downloading from central: https://repo.maven.apache.org/maven2/org/caffinitas/ohc/ohc-parent/0.3.4/ohc-parent-0.3.4.pom
[INFO] Downloaded from central: https://repo.maven.apache.org/maven2/org/caffinitas/ohc/ohc-parent/0.3.4/ohc-parent-0.3.4.pom (17 kB at 167 kB/s)
[INFO] Downloading from central: https://repo.maven.apache.org/maven2/com/datastax/cassandra/cassandra-driver-core/3.10.1/cassandra-driver-core-3.10.1.pom
[INFO] Downloaded from central: https://repo.maven.apache.org/maven2/com/datastax/cassandra/cassandra-driver-core/3.10.1/cassandra-driver-core-3.10.1.pom (14 kB at 141 kB/s)
[INFO] Downloading from central: https://repo.maven.apache.org/maven2/com/datastax/cassandra/cassandra-driver-parent/3.10.1/cassandra-driver-parent-3.10.1.pom
[INFO] Downloaded from central: https://repo.maven.apache.org/maven2/com/datastax/cassandra/cassandra-driver-parent/3.10.1/cassandra-driver-parent-3.10.1.pom (48 kB at 232 kB/s)
[INFO] Downloading from central: https://repo.maven.apache.org/maven2/org/postgresql/postgresql/42.2.6/postgresql-42.2.6.pom
[INFO] Downloaded from central: https://repo.maven.apache.org/maven2/org/postgresql/postgresql/42.2.6/postgresql-42.2.6.pom (11 kB at 1.0 MB/s)
[INFO] Downloading from central: https://repo.maven.apache.org/maven2/org/postgresql/pgjdbc-core-parent/1.1.5/pgjdbc-core-parent-1.1.5.pom
[INFO] Downloaded from central: https://repo.maven.apache.org/maven2/org/postgresql/pgjdbc-core-parent/1.1.5/pgjdbc-core-parent-1.1.5.pom (18 kB at 2.6 MB/s)
[INFO] Downloading from central: https://repo.maven.apache.org/maven2/org/postgresql/pgjdbc-versions/1.1.5/pgjdbc-versions-1.1.5.pom
[INFO] Downloaded from central: https://repo.maven.apache.org/maven2/org/postgresql/pgjdbc-versions/1.1.5/pgjdbc-versions-1.1.5.pom (23 kB at 892 kB/s)
[INFO] Downloading from central: https://repo.maven.apache.org/maven2/org/cognitor/cassandra/cassandra-migration/2.3.0/cassandra-migration-2.3.0.pom
[INFO] Downloaded from central: https://repo.maven.apache.org/maven2/org/cognitor/cassandra/cassandra-migration/2.3.0/cassandra-migration-2.3.0.pom (1.9 kB at 5.7 kB/s)
[INFO] Downloading from central: https://repo.maven.apache.org/maven2/org/cognitor/cassandra/cassandra-migration-parent/2.3.0/cassandra-migration-parent-2.3.0.pom
[INFO] Downloaded from central: https://repo.maven.apache.org/maven2/org/cognitor/cassandra/cassandra-migration-parent/2.3.0/cassandra-migration-parent-2.3.0.pom (7.3 kB at 70 kB/s)
[INFO] Downloading from central: https://repo.maven.apache.org/maven2/org/flywaydb/flyway-core/5.2.4/flyway-core-5.2.4.pom
[INFO] Downloaded from central: https://repo.maven.apache.org/maven2/org/flywaydb/flyway-core/5.2.4/flyway-core-5.2.4.pom (7.6 kB at 757 kB/s)
[INFO] Downloading from central: https://repo.maven.apache.org/maven2/org/flywaydb/flyway-parent/5.2.4/flyway-parent-5.2.4.pom
[INFO] Downloaded from central: https://repo.maven.apache.org/maven2/org/flywaydb/flyway-parent/5.2.4/flyway-parent-5.2.4.pom (22 kB at 2.2 MB/s)
[INFO] Downloading from central: https://repo.maven.apache.org/maven2/io/prometheus/simpleclient/0.6.0/simpleclient-0.6.0.pom
[INFO] Downloaded from central: https://repo.maven.apache.org/maven2/io/prometheus/simpleclient/0.6.0/simpleclient-0.6.0.pom (1.6 kB at 229 kB/s)
[INFO] Downloading from central: https://repo.maven.apache.org/maven2/io/prometheus/parent/0.6.0/parent-0.6.0.pom
[INFO] Downloaded from central: https://repo.maven.apache.org/maven2/io/prometheus/parent/0.6.0/parent-0.6.0.pom (7.3 kB at 1.0 MB/s)
[INFO] Downloading from central: https://repo.maven.apache.org/maven2/io/prometheus/simpleclient_servlet/0.6.0/simpleclient_servlet-0.6.0.pom
[INFO] Downloaded from central: https://repo.maven.apache.org/maven2/io/prometheus/simpleclient_servlet/0.6.0/simpleclient_servlet-0.6.0.pom (2.7 kB at 343 kB/s)
[INFO] Downloading from central: https://repo.maven.apache.org/maven2/io/prometheus/simpleclient_common/0.6.0/simpleclient_common-0.6.0.pom
[INFO] Downloaded from central: https://repo.maven.apache.org/maven2/io/prometheus/simpleclient_common/0.6.0/simpleclient_common-0.6.0.pom (1.6 kB at 231 kB/s)
[INFO] Downloading from central: https://repo.maven.apache.org/maven2/io/prometheus/simpleclient_dropwizard/0.6.0/simpleclient_dropwizard-0.6.0.pom
[INFO] Downloaded from central: https://repo.maven.apache.org/maven2/io/prometheus/simpleclient_dropwizard/0.6.0/simpleclient_dropwizard-0.6.0.pom (2.2 kB at 277 kB/s)
[INFO] Downloading from central: https://repo.maven.apache.org/maven2/org/secnod/dropwizard/dropwizard-shiro/0.2.0/dropwizard-shiro-0.2.0.pom
[INFO] Downloaded from central: https://repo.maven.apache.org/maven2/org/secnod/dropwizard/dropwizard-shiro/0.2.0/dropwizard-shiro-0.2.0.pom (11 kB at 958 kB/s)
[INFO] Downloading from central: https://repo.maven.apache.org/maven2/org/apache/shiro/shiro-web/1.2.3/shiro-web-1.2.3.pom
[INFO] Downloaded from central: https://repo.maven.apache.org/maven2/org/apache/shiro/shiro-web/1.2.3/shiro-web-1.2.3.pom (3.7 kB at 335 kB/s)
[INFO] Downloading from central: https://repo.maven.apache.org/maven2/org/apache/shiro/shiro-root/1.2.3/shiro-root-1.2.3.pom
[INFO] Downloaded from central: https://repo.maven.apache.org/maven2/org/apache/shiro/shiro-root/1.2.3/shiro-root-1.2.3.pom (44 kB at 3.6 MB/s)
[INFO] Downloading from central: https://repo.maven.apache.org/maven2/org/apache/shiro/shiro-core/1.2.3/shiro-core-1.2.3.pom
[INFO] Downloaded from central: https://repo.maven.apache.org/maven2/org/apache/shiro/shiro-core/1.2.3/shiro-core-1.2.3.pom (4.2 kB at 465 kB/s)
[INFO] Downloading from central: https://repo.maven.apache.org/maven2/org/secnod/shiro/shiro-jersey/0.2.0/shiro-jersey-0.2.0.pom
[INFO] Downloaded from central: https://repo.maven.apache.org/maven2/org/secnod/shiro/shiro-jersey/0.2.0/shiro-jersey-0.2.0.pom (11 kB at 48 kB/s)
[INFO] Downloading from central: https://repo.maven.apache.org/maven2/io/jsonwebtoken/jjwt/0.9.1/jjwt-0.9.1.pom
[INFO] Downloaded from central: https://repo.maven.apache.org/maven2/io/jsonwebtoken/jjwt/0.9.1/jjwt-0.9.1.pom (20 kB at 1.8 MB/s)
[INFO] Downloading from central: https://repo.maven.apache.org/maven2/org/glassfish/jersey/media/jersey-media-sse/2.25.1/jersey-media-sse-2.25.1.pom
[INFO] Downloaded from central: https://repo.maven.apache.org/maven2/org/glassfish/jersey/media/jersey-media-sse/2.25.1/jersey-media-sse-2.25.1.pom (4.2 kB at 525 kB/s)
[INFO] Downloading from central: https://repo.maven.apache.org/maven2/org/glassfish/hk2/hk2-api/2.5.0/hk2-api-2.5.0.pom
[INFO] Downloaded from central: https://repo.maven.apache.org/maven2/org/glassfish/hk2/hk2-api/2.5.0/hk2-api-2.5.0.pom (3.4 kB at 488 kB/s)
[INFO] Downloading from central: https://repo.maven.apache.org/maven2/org/glassfish/hk2/hk2-parent/2.5.0/hk2-parent-2.5.0.pom
[INFO] Downloaded from central: https://repo.maven.apache.org/maven2/org/glassfish/hk2/hk2-parent/2.5.0/hk2-parent-2.5.0.pom (40 kB at 4.9 MB/s)
[INFO] Downloading from central: https://repo.maven.apache.org/maven2/org/glassfish/hk2/external/jakarta.inject/2.5.0/jakarta.inject-2.5.0.pom
[INFO] Downloaded from central: https://repo.maven.apache.org/maven2/org/glassfish/hk2/external/jakarta.inject/2.5.0/jakarta.inject-2.5.0.pom (5.2 kB at 742 kB/s)
[INFO] Downloading from central: https://repo.maven.apache.org/maven2/org/glassfish/hk2/external/2.5.0/external-2.5.0.pom
[INFO] Downloaded from central: https://repo.maven.apache.org/maven2/org/glassfish/hk2/external/2.5.0/external-2.5.0.pom (1.5 kB at 188 kB/s)
[INFO] Downloading from central: https://repo.maven.apache.org/maven2/org/glassfish/hk2/hk2-utils/2.5.0/hk2-utils-2.5.0.pom
[INFO] Downloaded from central: https://repo.maven.apache.org/maven2/org/glassfish/hk2/hk2-utils/2.5.0/hk2-utils-2.5.0.pom (4.6 kB at 577 kB/s)
[INFO] Downloading from central: https://repo.maven.apache.org/maven2/jakarta/annotation/jakarta.annotation-api/1.3.4/jakarta.annotation-api-1.3.4.pom
[INFO] Downloaded from central: https://repo.maven.apache.org/maven2/jakarta/annotation/jakarta.annotation-api/1.3.4/jakarta.annotation-api-1.3.4.pom (17 kB at 2.4 MB/s)
[INFO] Downloading from central: https://repo.maven.apache.org/maven2/org/glassfish/hk2/external/aopalliance-repackaged/2.5.0/aopalliance-repackaged-2.5.0.pom
[INFO] Downloaded from central: https://repo.maven.apache.org/maven2/org/glassfish/hk2/external/aopalliance-repackaged/2.5.0/aopalliance-repackaged-2.5.0.pom (5.5 kB at 456 kB/s)
[INFO] Downloading from central: https://repo.maven.apache.org/maven2/org/glassfish/main/external/jmxremote_optional-repackaged/5.0/jmxremote_optional-repackaged-5.0.pom
[INFO] Downloaded from central: https://repo.maven.apache.org/maven2/org/glassfish/main/external/jmxremote_optional-repackaged/5.0/jmxremote_optional-repackaged-5.0.pom (7.1 kB at 447 kB/s)
[INFO] Downloading from central: https://repo.maven.apache.org/maven2/org/glassfish/main/external/nucleus-external/5.0/nucleus-external-5.0.pom
[INFO] Downloaded from central: https://repo.maven.apache.org/maven2/org/glassfish/main/external/nucleus-external/5.0/nucleus-external-5.0.pom (4.1 kB at 42 kB/s)
[INFO] Downloading from central: https://repo.maven.apache.org/maven2/org/glassfish/main/glassfish-nucleus-parent/5.0/glassfish-nucleus-parent-5.0.pom
[INFO] Downloaded from central: https://repo.maven.apache.org/maven2/org/glassfish/main/glassfish-nucleus-parent/5.0/glassfish-nucleus-parent-5.0.pom (56 kB at 291 kB/s)
[INFO] Downloading from central: https://repo.maven.apache.org/maven2/org/glassfish/hk2/hk2-bom/2.5.0-b44/hk2-bom-2.5.0-b44.pom
[INFO] Downloaded from central: https://repo.maven.apache.org/maven2/org/glassfish/hk2/hk2-bom/2.5.0-b44/hk2-bom-2.5.0-b44.pom (9.6 kB at 1.1 MB/s)
[INFO] Downloading from central: https://repo.maven.apache.org/maven2/org/glassfish/grizzly/grizzly-bom/2.4.1/grizzly-bom-2.4.1.pom
[INFO] Downloaded from central: https://repo.maven.apache.org/maven2/org/glassfish/grizzly/grizzly-bom/2.4.1/grizzly-bom-2.4.1.pom (11 kB at 892 kB/s)
[INFO] Downloading from central: https://repo.maven.apache.org/maven2/org/glassfish/jersey/jersey-bom/2.26/jersey-bom-2.26.pom
[INFO] Downloaded from central: https://repo.maven.apache.org/maven2/org/glassfish/jersey/jersey-bom/2.26/jersey-bom-2.26.pom (22 kB at 2.4 MB/s)
[INFO] Downloading from central: https://repo.maven.apache.org/maven2/io/dropwizard/dropwizard-testing/1.3.14/dropwizard-testing-1.3.14.pom
[INFO] Downloaded from central: https://repo.maven.apache.org/maven2/io/dropwizard/dropwizard-testing/1.3.14/dropwizard-testing-1.3.14.pom (3.6 kB at 19 kB/s)
[INFO] Downloading from central: https://repo.maven.apache.org/maven2/info/cukes/cucumber-java/1.2.5/cucumber-java-1.2.5.pom
[INFO] Downloaded from central: https://repo.maven.apache.org/maven2/info/cukes/cucumber-java/1.2.5/cucumber-java-1.2.5.pom (6.0 kB at 864 kB/s)
[INFO] Downloading from central: https://repo.maven.apache.org/maven2/info/cukes/cucumber-jvm/1.2.5/cucumber-jvm-1.2.5.pom
[INFO] Downloaded from central: https://repo.maven.apache.org/maven2/info/cukes/cucumber-jvm/1.2.5/cucumber-jvm-1.2.5.pom (39 kB at 3.9 MB/s)
[INFO] Downloading from central: https://repo.maven.apache.org/maven2/info/cukes/cucumber-core/1.2.5/cucumber-core-1.2.5.pom
[INFO] Downloaded from central: https://repo.maven.apache.org/maven2/info/cukes/cucumber-core/1.2.5/cucumber-core-1.2.5.pom (4.1 kB at 579 kB/s)
[INFO] Downloading from central: https://repo.maven.apache.org/maven2/info/cukes/cucumber-html/0.2.3/cucumber-html-0.2.3.pom
[INFO] Downloaded from central: https://repo.maven.apache.org/maven2/info/cukes/cucumber-html/0.2.3/cucumber-html-0.2.3.pom (3.3 kB at 406 kB/s)
[INFO] Downloading from central: https://repo.maven.apache.org/maven2/info/cukes/cucumber-jvm-deps/1.0.5/cucumber-jvm-deps-1.0.5.pom
[INFO] Downloaded from central: https://repo.maven.apache.org/maven2/info/cukes/cucumber-jvm-deps/1.0.5/cucumber-jvm-deps-1.0.5.pom (6.3 kB at 522 kB/s)
[INFO] Downloading from central: https://repo.maven.apache.org/maven2/info/cukes/gherkin/2.12.2/gherkin-2.12.2.pom
[INFO] Downloaded from central: https://repo.maven.apache.org/maven2/info/cukes/gherkin/2.12.2/gherkin-2.12.2.pom (8.9 kB at 886 kB/s)
[INFO] Downloading from central: https://repo.maven.apache.org/maven2/info/cukes/cucumber-junit/1.2.5/cucumber-junit-1.2.5.pom
[INFO] Downloaded from central: https://repo.maven.apache.org/maven2/info/cukes/cucumber-junit/1.2.5/cucumber-junit-1.2.5.pom (2.5 kB at 307 kB/s)
[INFO] Downloading from central: https://repo.maven.apache.org/maven2/org/awaitility/awaitility/3.1.6/awaitility-3.1.6.pom
[INFO] Downloaded from central: https://repo.maven.apache.org/maven2/org/awaitility/awaitility/3.1.6/awaitility-3.1.6.pom (3.9 kB at 557 kB/s)
[INFO] Downloading from central: https://repo.maven.apache.org/maven2/org/awaitility/awaitility-parent/3.1.6/awaitility-parent-3.1.6.pom
[INFO] Downloaded from central: https://repo.maven.apache.org/maven2/org/awaitility/awaitility-parent/3.1.6/awaitility-parent-3.1.6.pom (8.4 kB at 1.0 MB/s)
[INFO] Downloading from central: https://repo.maven.apache.org/maven2/org/easytesting/fest-assert-core/2.0M10/fest-assert-core-2.0M10.pom
[INFO] Downloaded from central: https://repo.maven.apache.org/maven2/org/easytesting/fest-assert-core/2.0M10/fest-assert-core-2.0M10.pom (2.1 kB at 233 kB/s)
[INFO] Downloading from central: https://repo.maven.apache.org/maven2/org/easytesting/fest/1.0.15/fest-1.0.15.pom
[INFO] Downloaded from central: https://repo.maven.apache.org/maven2/org/easytesting/fest/1.0.15/fest-1.0.15.pom (7.6 kB at 839 kB/s)
[INFO] Downloading from central: https://repo.maven.apache.org/maven2/org/easytesting/fest-util/1.2.5/fest-util-1.2.5.pom
[INFO] Downloaded from central: https://repo.maven.apache.org/maven2/org/easytesting/fest-util/1.2.5/fest-util-1.2.5.pom (1.6 kB at 165 kB/s)
[INFO] Downloading from central: https://repo.maven.apache.org/maven2/org/zapodot/embedded-ldap-junit/0.7/embedded-ldap-junit-0.7.pom
[INFO] Downloaded from central: https://repo.maven.apache.org/maven2/org/zapodot/embedded-ldap-junit/0.7/embedded-ldap-junit-0.7.pom (9.3 kB at 93 kB/s)
[INFO] Downloading from central: https://repo.maven.apache.org/maven2/com/unboundid/unboundid-ldapsdk/4.0.4/unboundid-ldapsdk-4.0.4.pom
[INFO] Downloaded from central: https://repo.maven.apache.org/maven2/com/unboundid/unboundid-ldapsdk/4.0.4/unboundid-ldapsdk-4.0.4.pom (3.1 kB at 194 kB/s)
[INFO] Downloading from central: https://repo.maven.apache.org/maven2/net/bytebuddy/byte-buddy/1.8.0/byte-buddy-1.8.0.pom
[INFO] Downloaded from central: https://repo.maven.apache.org/maven2/net/bytebuddy/byte-buddy/1.8.0/byte-buddy-1.8.0.pom (12 kB at 121 kB/s)
[INFO] Downloading from central: https://repo.maven.apache.org/maven2/net/bytebuddy/byte-buddy-parent/1.8.0/byte-buddy-parent-1.8.0.pom
[INFO] Downloaded from central: https://repo.maven.apache.org/maven2/net/bytebuddy/byte-buddy-parent/1.8.0/byte-buddy-parent-1.8.0.pom (26 kB at 2.9 MB/s)
[INFO] Downloading from central: https://repo.maven.apache.org/maven2/com/ibatis/ibatis2-common/2.1.7.597/ibatis2-common-2.1.7.597.pom
[INFO] Downloaded from central: https://repo.maven.apache.org/maven2/com/ibatis/ibatis2-common/2.1.7.597/ibatis2-common-2.1.7.597.pom (162 B at 1.6 kB/s)
[INFO] Downloading from central: https://repo.maven.apache.org/maven2/com/google/guava/guava/23.0/guava-23.0.jar
[INFO] Downloading from central: https://repo.maven.apache.org/maven2/io/dropwizard/dropwizard-core/1.3.14/dropwizard-core-1.3.14.jar
[INFO] Downloading from central: https://repo.maven.apache.org/maven2/io/dropwizard/dropwizard-util/1.3.14/dropwizard-util-1.3.14.jar
[INFO] Downloading from central: https://repo.maven.apache.org/maven2/io/dropwizard/dropwizard-jackson/1.3.14/dropwizard-jackson-1.3.14.jar
[INFO] Downloading from central: https://repo.maven.apache.org/maven2/com/fasterxml/jackson/datatype/jackson-datatype-guava/2.9.9/jackson-datatype-guava-2.9.9.jar
[INFO] Downloaded from central: https://repo.maven.apache.org/maven2/io/dropwizard/dropwizard-core/1.3.14/dropwizard-core-1.3.14.jar (47 kB at 2.5 MB/s)
[INFO] Downloading from central: https://repo.maven.apache.org/maven2/com/fasterxml/jackson/datatype/jackson-datatype-jsr310/2.9.9/jackson-datatype-jsr310-2.9.9.jar
[INFO] Downloaded from central: https://repo.maven.apache.org/maven2/io/dropwizard/dropwizard-util/1.3.14/dropwizard-util-1.3.14.jar (13 kB at 442 kB/s)
[INFO] Downloading from central: https://repo.maven.apache.org/maven2/com/fasterxml/jackson/datatype/jackson-datatype-jdk8/2.9.9/jackson-datatype-jdk8-2.9.9.jar
[INFO] Downloaded from central: https://repo.maven.apache.org/maven2/io/dropwizard/dropwizard-jackson/1.3.14/dropwizard-jackson-1.3.14.jar (18 kB at 607 kB/s)
[INFO] Downloading from central: https://repo.maven.apache.org/maven2/com/fasterxml/jackson/module/jackson-module-parameter-names/2.9.9/jackson-module-parameter-names-2.9.9.jar
[INFO] Downloaded from central: https://repo.maven.apache.org/maven2/com/fasterxml/jackson/datatype/jackson-datatype-jsr310/2.9.9/jackson-datatype-jsr310-2.9.9.jar (101 kB at 2.9 MB/s)
[INFO] Downloading from central: https://repo.maven.apache.org/maven2/com/fasterxml/jackson/module/jackson-module-afterburner/2.9.9/jackson-module-afterburner-2.9.9.jar
[INFO] Downloaded from central: https://repo.maven.apache.org/maven2/com/fasterxml/jackson/datatype/jackson-datatype-jdk8/2.9.9/jackson-datatype-jdk8-2.9.9.jar (33 kB at 955 kB/s)
[INFO] Downloading from central: https://repo.maven.apache.org/maven2/com/fasterxml/jackson/datatype/jackson-datatype-joda/2.9.9/jackson-datatype-joda-2.9.9.jar
[INFO] Downloaded from central: https://repo.maven.apache.org/maven2/com/fasterxml/jackson/module/jackson-module-parameter-names/2.9.9/jackson-module-parameter-names-2.9.9.jar (8.6 kB at 228 kB/s)
[INFO] Downloading from central: https://repo.maven.apache.org/maven2/io/dropwizard/dropwizard-validation/1.3.14/dropwizard-validation-1.3.14.jar
[INFO] Downloaded from central: https://repo.maven.apache.org/maven2/com/fasterxml/jackson/datatype/jackson-datatype-guava/2.9.9/jackson-datatype-guava-2.9.9.jar (78 kB at 1.9 MB/s)
[INFO] Downloading from central: https://repo.maven.apache.org/maven2/io/dropwizard/dropwizard-configuration/1.3.14/dropwizard-configuration-1.3.14.jar
[INFO] Downloaded from central: https://repo.maven.apache.org/maven2/io/dropwizard/dropwizard-validation/1.3.14/dropwizard-validation-1.3.14.jar (30 kB at 652 kB/s)
[INFO] Downloading from central: https://repo.maven.apache.org/maven2/com/fasterxml/jackson/dataformat/jackson-dataformat-yaml/2.9.9/jackson-dataformat-yaml-2.9.9.jar
[INFO] Downloaded from central: https://repo.maven.apache.org/maven2/io/dropwizard/dropwizard-configuration/1.3.14/dropwizard-configuration-1.3.14.jar (26 kB at 549 kB/s)
[INFO] Downloaded from central: https://repo.maven.apache.org/maven2/com/fasterxml/jackson/datatype/jackson-datatype-joda/2.9.9/jackson-datatype-joda-2.9.9.jar (71 kB at 1.5 MB/s)
[INFO] Downloading from central: https://repo.maven.apache.org/maven2/io/dropwizard/dropwizard-logging/1.3.14/dropwizard-logging-1.3.14.jar
[INFO] Downloading from central: https://repo.maven.apache.org/maven2/io/dropwizard/dropwizard-metrics/1.3.14/dropwizard-metrics-1.3.14.jar
[INFO] Downloaded from central: https://repo.maven.apache.org/maven2/com/fasterxml/jackson/dataformat/jackson-dataformat-yaml/2.9.9/jackson-dataformat-yaml-2.9.9.jar (42 kB at 772 kB/s)
[INFO] Downloading from central: https://repo.maven.apache.org/maven2/io/dropwizard/dropwizard-jersey/1.3.14/dropwizard-jersey-1.3.14.jar
[INFO] Downloaded from central: https://repo.maven.apache.org/maven2/io/dropwizard/dropwizard-metrics/1.3.14/dropwizard-metrics-1.3.14.jar (18 kB at 328 kB/s)
[INFO] Downloading from central: https://repo.maven.apache.org/maven2/com/fasterxml/jackson/jaxrs/jackson-jaxrs-json-provider/2.9.9/jackson-jaxrs-json-provider-2.9.9.jar
[INFO] Downloaded from central: https://repo.maven.apache.org/maven2/io/dropwizard/dropwizard-logging/1.3.14/dropwizard-logging-1.3.14.jar (47 kB at 818 kB/s)
[INFO] Downloading from central: https://repo.maven.apache.org/maven2/com/fasterxml/jackson/jaxrs/jackson-jaxrs-base/2.9.9/jackson-jaxrs-base-2.9.9.jar
[INFO] Downloaded from central: https://repo.maven.apache.org/maven2/com/fasterxml/jackson/jaxrs/jackson-jaxrs-json-provider/2.9.9/jackson-jaxrs-json-provider-2.9.9.jar (16 kB at 256 kB/s)
[INFO] Downloading from central: https://repo.maven.apache.org/maven2/com/fasterxml/jackson/module/jackson-module-jaxb-annotations/2.9.9/jackson-module-jaxb-annotations-2.9.9.jar
[INFO] Downloaded from central: https://repo.maven.apache.org/maven2/io/dropwizard/dropwizard-jersey/1.3.14/dropwizard-jersey-1.3.14.jar (111 kB at 1.7 MB/s)
[INFO] Downloading from central: https://repo.maven.apache.org/maven2/io/dropwizard/dropwizard-servlets/1.3.14/dropwizard-servlets-1.3.14.jar
[INFO] Downloaded from central: https://repo.maven.apache.org/maven2/com/fasterxml/jackson/module/jackson-module-jaxb-annotations/2.9.9/jackson-module-jaxb-annotations-2.9.9.jar (33 kB at 480 kB/s)
[INFO] Downloading from central: https://repo.maven.apache.org/maven2/io/dropwizard/dropwizard-jetty/1.3.14/dropwizard-jetty-1.3.14.jar
[INFO] Downloaded from central: https://repo.maven.apache.org/maven2/com/fasterxml/jackson/jaxrs/jackson-jaxrs-base/2.9.9/jackson-jaxrs-base-2.9.9.jar (32 kB at 462 kB/s)
[INFO] Downloading from central: https://repo.maven.apache.org/maven2/io/dropwizard/dropwizard-lifecycle/1.3.14/dropwizard-lifecycle-1.3.14.jar
[INFO] Downloaded from central: https://repo.maven.apache.org/maven2/io/dropwizard/dropwizard-servlets/1.3.14/dropwizard-servlets-1.3.14.jar (31 kB at 427 kB/s)
[INFO] Downloading from central: https://repo.maven.apache.org/maven2/io/dropwizard/dropwizard-request-logging/1.3.14/dropwizard-request-logging-1.3.14.jar
[INFO] Downloaded from central: https://repo.maven.apache.org/maven2/com/google/guava/guava/23.0/guava-23.0.jar (2.6 MB at 23 MB/s)
[INFO] Downloading from central: https://repo.maven.apache.org/maven2/io/dropwizard/dropwizard-client/1.3.14/dropwizard-client-1.3.14.jar
[INFO] Downloaded from central: https://repo.maven.apache.org/maven2/io/dropwizard/dropwizard-jetty/1.3.14/dropwizard-jetty-1.3.14.jar (41 kB at 533 kB/s)
[INFO] Downloading from central: https://repo.maven.apache.org/maven2/org/glassfish/jersey/ext/rx/jersey-rx-client/2.25.1/jersey-rx-client-2.25.1.jar
[INFO] Downloaded from central: https://repo.maven.apache.org/maven2/io/dropwizard/dropwizard-request-logging/1.3.14/dropwizard-request-logging-1.3.14.jar (17 kB at 213 kB/s)
[INFO] Downloading from central: https://repo.maven.apache.org/maven2/io/dropwizard/metrics/metrics-httpclient/4.0.5/metrics-httpclient-4.0.5.jar
[INFO] Downloaded from central: https://repo.maven.apache.org/maven2/org/glassfish/jersey/ext/rx/jersey-rx-client/2.25.1/jersey-rx-client-2.25.1.jar (18 kB at 217 kB/s)
[INFO] Downloading from central: https://repo.maven.apache.org/maven2/org/glassfish/jersey/connectors/jersey-apache-connector/2.25.1/jersey-apache-connector-2.25.1.jar
[INFO] Downloaded from central: https://repo.maven.apache.org/maven2/io/dropwizard/metrics/metrics-httpclient/4.0.5/metrics-httpclient-4.0.5.jar (10.0 kB at 116 kB/s)
[INFO] Downloading from central: https://repo.maven.apache.org/maven2/io/dropwizard/dropwizard-jdbi/1.3.14/dropwizard-jdbi-1.3.14.jar
[INFO] Downloaded from central: https://repo.maven.apache.org/maven2/io/dropwizard/dropwizard-lifecycle/1.3.14/dropwizard-lifecycle-1.3.14.jar (13 kB at 143 kB/s)
[INFO] Downloading from central: https://repo.maven.apache.org/maven2/io/dropwizard/dropwizard-db/1.3.14/dropwizard-db-1.3.14.jar
[INFO] Downloaded from central: https://repo.maven.apache.org/maven2/org/glassfish/jersey/connectors/jersey-apache-connector/2.25.1/jersey-apache-connector-2.25.1.jar (25 kB at 270 kB/s)
[INFO] Downloading from central: https://repo.maven.apache.org/maven2/org/apache/tomcat/tomcat-jdbc/9.0.16/tomcat-jdbc-9.0.16.jar
[INFO] Downloaded from central: https://repo.maven.apache.org/maven2/org/apache/tomcat/tomcat-jdbc/9.0.16/tomcat-jdbc-9.0.16.jar (149 kB at 1.4 MB/s)
[INFO] Downloading from central: https://repo.maven.apache.org/maven2/org/apache/tomcat/tomcat-juli/9.0.16/tomcat-juli-9.0.16.jar
[INFO] Downloaded from central: https://repo.maven.apache.org/maven2/org/apache/tomcat/tomcat-juli/9.0.16/tomcat-juli-9.0.16.jar (47 kB at 418 kB/s)
[INFO] Downloading from central: https://repo.maven.apache.org/maven2/org/jdbi/jdbi/2.78/jdbi-2.78.jar
[INFO] Downloaded from central: https://repo.maven.apache.org/maven2/com/fasterxml/jackson/module/jackson-module-afterburner/2.9.9/jackson-module-afterburner-2.9.9.jar (147 kB at 1.1 MB/s)
[INFO] Downloading from central: https://repo.maven.apache.org/maven2/io/dropwizard/metrics/metrics-jdbi/4.0.5/metrics-jdbi-4.0.5.jar
[INFO] Downloaded from central: https://repo.maven.apache.org/maven2/io/dropwizard/metrics/metrics-jdbi/4.0.5/metrics-jdbi-4.0.5.jar (20 kB at 140 kB/s)
[INFO] Downloading from central: https://repo.maven.apache.org/maven2/io/dropwizard/dropwizard-metrics-graphite/1.3.14/dropwizard-metrics-graphite-1.3.14.jar
[INFO] Downloaded from central: https://repo.maven.apache.org/maven2/org/jdbi/jdbi/2.78/jdbi-2.78.jar (1.0 MB at 6.8 MB/s)
[INFO] Downloading from central: https://repo.maven.apache.org/maven2/io/dropwizard/metrics/metrics-graphite/4.0.5/metrics-graphite-4.0.5.jar
[INFO] Downloaded from central: https://repo.maven.apache.org/maven2/io/dropwizard/dropwizard-client/1.3.14/dropwizard-client-1.3.14.jar (38 kB at 218 kB/s)
[INFO] Downloading from central: https://repo.maven.apache.org/maven2/com/rabbitmq/amqp-client/4.4.1/amqp-client-4.4.1.jar
[INFO] Downloaded from central: https://repo.maven.apache.org/maven2/io/dropwizard/dropwizard-jdbi/1.3.14/dropwizard-jdbi-1.3.14.jar (75 kB at 405 kB/s)
[INFO] Downloading from central: https://repo.maven.apache.org/maven2/io/dropwizard/dropwizard-assets/1.3.14/dropwizard-assets-1.3.14.jar
[INFO] Downloaded from central: https://repo.maven.apache.org/maven2/io/dropwizard/dropwizard-db/1.3.14/dropwizard-db-1.3.14.jar (13 kB at 68 kB/s)
[INFO] Downloading from central: https://repo.maven.apache.org/maven2/org/coursera/dropwizard-metrics-datadog/1.1.14/dropwizard-metrics-datadog-1.1.14.jar
[INFO] Downloaded from central: https://repo.maven.apache.org/maven2/com/rabbitmq/amqp-client/4.4.1/amqp-client-4.4.1.jar (510 kB at 2.6 MB/s)
[INFO] Downloading from central: https://repo.maven.apache.org/maven2/org/coursera/metrics-datadog/1.1.14/metrics-datadog-1.1.14.jar
[INFO] Downloaded from central: https://repo.maven.apache.org/maven2/org/coursera/metrics-datadog/1.1.14/metrics-datadog-1.1.14.jar (37 kB at 184 kB/s)
[INFO] Downloading from central: https://repo.maven.apache.org/maven2/org/apache/httpcomponents/fluent-hc/4.3.6/fluent-hc-4.3.6.jar
[INFO] Downloaded from central: https://repo.maven.apache.org/maven2/org/apache/httpcomponents/fluent-hc/4.3.6/fluent-hc-4.3.6.jar (30 kB at 143 kB/s)
[INFO] Downloading from central: https://repo.maven.apache.org/maven2/com/datadoghq/java-dogstatsd-client/2.6.1/java-dogstatsd-client-2.6.1.jar
[INFO] Downloaded from central: https://repo.maven.apache.org/maven2/com/datadoghq/java-dogstatsd-client/2.6.1/java-dogstatsd-client-2.6.1.jar (26 kB at 120 kB/s)
[INFO] Downloading from central: https://repo.maven.apache.org/maven2/com/github/jnr/jnr-unixsocket/0.18/jnr-unixsocket-0.18.jar
[INFO] Downloaded from central: https://repo.maven.apache.org/maven2/com/github/jnr/jnr-unixsocket/0.18/jnr-unixsocket-0.18.jar (45 kB at 197 kB/s)
[INFO] Downloading from central: https://repo.maven.apache.org/maven2/com/github/jnr/jnr-enxio/0.16/jnr-enxio-0.16.jar
[INFO] Downloaded from central: https://repo.maven.apache.org/maven2/io/dropwizard/dropwizard-metrics-graphite/1.3.14/dropwizard-metrics-graphite-1.3.14.jar (4.4 kB at 19 kB/s)
[INFO] Downloading from central: https://repo.maven.apache.org/maven2/systems/composable/dropwizard-cassandra/4.1.0/dropwizard-cassandra-4.1.0.jar
[INFO] Downloaded from central: https://repo.maven.apache.org/maven2/com/github/jnr/jnr-enxio/0.16/jnr-enxio-0.16.jar (28 kB at 117 kB/s)
[INFO] Downloading from central: https://repo.maven.apache.org/maven2/org/apache/cassandra/cassandra-all/2.2.12/cassandra-all-2.2.12.jar
[INFO] Downloaded from central: https://repo.maven.apache.org/maven2/systems/composable/dropwizard-cassandra/4.1.0/dropwizard-cassandra-4.1.0.jar (49 kB at 203 kB/s)
[INFO] Downloading from central: https://repo.maven.apache.org/maven2/org/xerial/snappy/snappy-java/1.1.1.7/snappy-java-1.1.1.7.jar
[INFO] Downloaded from central: https://repo.maven.apache.org/maven2/io/dropwizard/metrics/metrics-graphite/4.0.5/metrics-graphite-4.0.5.jar (22 kB at 88 kB/s)
[INFO] Downloading from central: https://repo.maven.apache.org/maven2/com/ning/compress-lzf/0.8.4/compress-lzf-0.8.4.jar
[INFO] Downloaded from central: https://repo.maven.apache.org/maven2/com/ning/compress-lzf/0.8.4/compress-lzf-0.8.4.jar (25 kB at 100 kB/s)
[INFO] Downloading from central: https://repo.maven.apache.org/maven2/commons-cli/commons-cli/1.1/commons-cli-1.1.jar
[INFO] Downloaded from central: https://repo.maven.apache.org/maven2/commons-cli/commons-cli/1.1/commons-cli-1.1.jar (36 kB at 137 kB/s)
[INFO] Downloading from central: https://repo.maven.apache.org/maven2/com/googlecode/concurrentlinkedhashmap/concurrentlinkedhashmap-lru/1.4/concurrentlinkedhashmap-lru-1.4.jar
[INFO] Downloaded from central: https://repo.maven.apache.org/maven2/com/googlecode/concurrentlinkedhashmap/concurrentlinkedhashmap-lru/1.4/concurrentlinkedhashmap-lru-1.4.jar (117 kB at 424 kB/s)
[INFO] Downloading from central: https://repo.maven.apache.org/maven2/org/antlr/ST4/4.0.8/ST4-4.0.8.jar
[INFO] Downloaded from central: https://repo.maven.apache.org/maven2/org/xerial/snappy/snappy-java/1.1.1.7/snappy-java-1.1.1.7.jar (594 kB at 2.2 MB/s)
[INFO] Downloading from central: https://repo.maven.apache.org/maven2/org/slf4j/log4j-over-slf4j/1.7.7/log4j-over-slf4j-1.7.7.jar
[INFO] Downloaded from central: https://repo.maven.apache.org/maven2/org/antlr/ST4/4.0.8/ST4-4.0.8.jar (0 B at 0 B/s)
[INFO] Downloading from central: https://repo.maven.apache.org/maven2/com/boundary/high-scale-lib/1.0.6/high-scale-lib-1.0.6.jar
[INFO] Downloaded from central: https://repo.maven.apache.org/maven2/com/boundary/high-scale-lib/1.0.6/high-scale-lib-1.0.6.jar (105 kB at 366 kB/s)
[INFO] Downloading from central: https://repo.maven.apache.org/maven2/org/yaml/snakeyaml/1.11/snakeyaml-1.11.jar
[INFO] Downloaded from central: https://repo.maven.apache.org/maven2/org/slf4j/log4j-over-slf4j/1.7.7/log4j-over-slf4j-1.7.7.jar (24 kB at 84 kB/s)
[INFO] Downloading from central: https://repo.maven.apache.org/maven2/org/mindrot/jbcrypt/0.3m/jbcrypt-0.3m.jar
[INFO] Downloaded from central: https://repo.maven.apache.org/maven2/org/coursera/dropwizard-metrics-datadog/1.1.14/dropwizard-metrics-datadog-1.1.14.jar (9.8 kB at 33 kB/s)
[INFO] Downloading from central: https://repo.maven.apache.org/maven2/com/addthis/metrics/reporter-config3/3.0.0/reporter-config3-3.0.0.jar
[INFO] Downloaded from central: https://repo.maven.apache.org/maven2/org/mindrot/jbcrypt/0.3m/jbcrypt-0.3m.jar (18 kB at 60 kB/s)
[INFO] Downloading from central: https://repo.maven.apache.org/maven2/com/addthis/metrics/reporter-config-base/3.0.0/reporter-config-base-3.0.0.jar
[INFO] Downloaded from central: https://repo.maven.apache.org/maven2/com/addthis/metrics/reporter-config3/3.0.0/reporter-config3-3.0.0.jar (14 kB at 48 kB/s)
[INFO] Downloading from central: https://repo.maven.apache.org/maven2/com/thinkaurelius/thrift/thrift-server/0.3.7/thrift-server-0.3.7.jar
[INFO] Downloaded from central: https://repo.maven.apache.org/maven2/org/yaml/snakeyaml/1.11/snakeyaml-1.11.jar (271 kB at 896 kB/s)
[INFO] Downloading from central: https://repo.maven.apache.org/maven2/com/lmax/disruptor/3.0.1/disruptor-3.0.1.jar
[INFO] Downloaded from central: https://repo.maven.apache.org/maven2/com/addthis/metrics/reporter-config-base/3.0.0/reporter-config-base-3.0.0.jar (24 kB at 78 kB/s)
[INFO] Downloading from central: https://repo.maven.apache.org/maven2/com/clearspring/analytics/stream/2.5.2/stream-2.5.2.jar
[INFO] Downloaded from central: https://repo.maven.apache.org/maven2/com/thinkaurelius/thrift/thrift-server/0.3.7/thrift-server-0.3.7.jar (40 kB at 129 kB/s)
[INFO] Downloaded from central: https://repo.maven.apache.org/maven2/com/lmax/disruptor/3.0.1/disruptor-3.0.1.jar (67 kB at 216 kB/s)
[INFO] Downloading from central: https://repo.maven.apache.org/maven2/it/unimi/dsi/fastutil/6.5.7/fastutil-6.5.7.jar
[INFO] Downloading from central: https://repo.maven.apache.org/maven2/net/sf/supercsv/super-csv/2.1.0/super-csv-2.1.0.jar
[INFO] Downloaded from central: https://repo.maven.apache.org/maven2/com/clearspring/analytics/stream/2.5.2/stream-2.5.2.jar (152 kB at 489 kB/s)
[INFO] Downloading from central: https://repo.maven.apache.org/maven2/org/apache/thrift/libthrift/0.9.2/libthrift-0.9.2.jar
[INFO] Downloaded from central: https://repo.maven.apache.org/maven2/net/sf/supercsv/super-csv/2.1.0/super-csv-2.1.0.jar (91 kB at 285 kB/s)
[INFO] Downloading from central: https://repo.maven.apache.org/maven2/org/apache/cassandra/cassandra-thrift/2.2.12/cassandra-thrift-2.2.12.jar
[INFO] Downloaded from central: https://repo.maven.apache.org/maven2/org/apache/thrift/libthrift/0.9.2/libthrift-0.9.2.jar (228 kB at 696 kB/s)
[INFO] Downloading from central: https://repo.maven.apache.org/maven2/net/java/dev/jna/jna/4.0.0/jna-4.0.0.jar
[INFO] Downloaded from central: https://repo.maven.apache.org/maven2/net/java/dev/jna/jna/4.0.0/jna-4.0.0.jar (915 kB at 2.6 MB/s)
[INFO] Downloading from central: https://repo.maven.apache.org/maven2/com/github/jbellis/jamm/0.3.0/jamm-0.3.0.jar
[INFO] Downloaded from central: https://repo.maven.apache.org/maven2/com/github/jbellis/jamm/0.3.0/jamm-0.3.0.jar (21 kB at 57 kB/s)
[INFO] Downloading from central: https://repo.maven.apache.org/maven2/com/github/tjake/crc32ex/0.1.1/crc32ex-0.1.1.jar
[INFO] Downloaded from central: https://repo.maven.apache.org/maven2/com/github/tjake/crc32ex/0.1.1/crc32ex-0.1.1.jar (27 kB at 72 kB/s)
[INFO] Downloading from central: https://repo.maven.apache.org/maven2/joda-time/joda-time/2.4/joda-time-2.4.jar
[INFO] Downloaded from central: https://repo.maven.apache.org/maven2/io/dropwizard/dropwizard-assets/1.3.14/dropwizard-assets-1.3.14.jar (3.9 kB at 10 kB/s)
[INFO] Downloading from central: https://repo.maven.apache.org/maven2/org/fusesource/sigar/1.6.4/sigar-1.6.4.jar
[INFO] Downloaded from central: https://repo.maven.apache.org/maven2/org/fusesource/sigar/1.6.4/sigar-1.6.4.jar (429 kB at 1.1 MB/s)
[INFO] Downloading from central: https://repo.maven.apache.org/maven2/org/caffinitas/ohc/ohc-core/0.3.4/ohc-core-0.3.4.jar
[INFO] Downloaded from central: https://repo.maven.apache.org/maven2/joda-time/joda-time/2.4/joda-time-2.4.jar (586 kB at 1.4 MB/s)
[INFO] Downloading from central: https://repo.maven.apache.org/maven2/com/datastax/cassandra/cassandra-driver-core/3.10.1/cassandra-driver-core-3.10.1.jar
[INFO] Downloaded from central: https://repo.maven.apache.org/maven2/org/caffinitas/ohc/ohc-core/0.3.4/ohc-core-0.3.4.jar (146 kB at 344 kB/s)
[INFO] Downloading from central: https://repo.maven.apache.org/maven2/io/netty/netty-common/4.0.56.Final/netty-common-4.0.56.Final.jar
[INFO] Downloaded from central: https://repo.maven.apache.org/maven2/io/netty/netty-common/4.0.56.Final/netty-common-4.0.56.Final.jar (408 kB at 847 kB/s)
[INFO] Downloading from central: https://repo.maven.apache.org/maven2/org/postgresql/postgresql/42.2.6/postgresql-42.2.6.jar
[INFO] Downloaded from central: https://repo.maven.apache.org/maven2/org/apache/cassandra/cassandra-all/2.2.12/cassandra-all-2.2.12.jar (4.7 MB at 8.7 MB/s)
[INFO] Downloading from central: https://repo.maven.apache.org/maven2/com/h2database/h2/1.4.199/h2-1.4.199.jar
[INFO] Downloaded from central: https://repo.maven.apache.org/maven2/com/h2database/h2/1.4.199/h2-1.4.199.jar (0 B at 0 B/s)
[INFO] Downloading from central: https://repo.maven.apache.org/maven2/org/cognitor/cassandra/cassandra-migration/2.3.0/cassandra-migration-2.3.0.jar
[INFO] Downloaded from central: https://repo.maven.apache.org/maven2/org/apache/cassandra/cassandra-thrift/2.2.12/cassandra-thrift-2.2.12.jar (1.9 MB at 3.5 MB/s)
[INFO] Downloading from central: https://repo.maven.apache.org/maven2/org/flywaydb/flyway-core/5.2.4/flyway-core-5.2.4.jar
[INFO] Downloaded from central: https://repo.maven.apache.org/maven2/org/postgresql/postgresql/42.2.6/postgresql-42.2.6.jar (843 kB at 1.5 MB/s)
[INFO] Downloading from central: https://repo.maven.apache.org/maven2/io/prometheus/simpleclient/0.6.0/simpleclient-0.6.0.jar
[INFO] Downloaded from central: https://repo.maven.apache.org/maven2/io/prometheus/simpleclient/0.6.0/simpleclient-0.6.0.jar (59 kB at 95 kB/s)
[INFO] Downloaded from central: https://repo.maven.apache.org/maven2/com/datastax/cassandra/cassandra-driver-core/3.10.1/cassandra-driver-core-3.10.1.jar (1.2 MB at 1.9 MB/s)
[INFO] Downloading from central: https://repo.maven.apache.org/maven2/io/prometheus/simpleclient_servlet/0.6.0/simpleclient_servlet-0.6.0.jar
[INFO] Downloaded from central: https://repo.maven.apache.org/maven2/org/flywaydb/flyway-core/5.2.4/flyway-core-5.2.4.jar (509 kB at 815 kB/s)
[INFO] Downloading from central: https://repo.maven.apache.org/maven2/io/prometheus/simpleclient_common/0.6.0/simpleclient_common-0.6.0.jar
[INFO] Downloading from central: https://repo.maven.apache.org/maven2/io/prometheus/simpleclient_dropwizard/0.6.0/simpleclient_dropwizard-0.6.0.jar
[INFO] Downloaded from central: https://repo.maven.apache.org/maven2/io/prometheus/simpleclient_dropwizard/0.6.0/simpleclient_dropwizard-0.6.0.jar (16 kB at 25 kB/s)
[INFO] Downloading from central: https://repo.maven.apache.org/maven2/org/secnod/dropwizard/dropwizard-shiro/0.2.0/dropwizard-shiro-0.2.0.jar
[INFO] Downloaded from central: https://repo.maven.apache.org/maven2/io/prometheus/simpleclient_common/0.6.0/simpleclient_common-0.6.0.jar (5.8 kB at 8.8 kB/s)
[INFO] Downloaded from central: https://repo.maven.apache.org/maven2/org/cognitor/cassandra/cassandra-migration/2.3.0/cassandra-migration-2.3.0.jar (35 kB at 53 kB/s)
[INFO] Downloading from central: https://repo.maven.apache.org/maven2/org/apache/shiro/shiro-web/1.2.3/shiro-web-1.2.3.jar
[INFO] Downloading from central: https://repo.maven.apache.org/maven2/org/apache/shiro/shiro-core/1.2.3/shiro-core-1.2.3.jar
[INFO] Downloaded from central: https://repo.maven.apache.org/maven2/it/unimi/dsi/fastutil/6.5.7/fastutil-6.5.7.jar (17 MB at 25 MB/s)
[INFO] Downloading from central: https://repo.maven.apache.org/maven2/commons-beanutils/commons-beanutils/1.8.3/commons-beanutils-1.8.3.jar
[INFO] Downloaded from central: https://repo.maven.apache.org/maven2/commons-beanutils/commons-beanutils/1.8.3/commons-beanutils-1.8.3.jar (0 B at 0 B/s)
[INFO] Downloading from central: https://repo.maven.apache.org/maven2/org/secnod/shiro/shiro-jersey/0.2.0/shiro-jersey-0.2.0.jar
[INFO] Downloaded from central: https://repo.maven.apache.org/maven2/io/prometheus/simpleclient_servlet/0.6.0/simpleclient_servlet-0.6.0.jar (7.1 kB at 11 kB/s)
[INFO] Downloading from central: https://repo.maven.apache.org/maven2/io/jsonwebtoken/jjwt/0.9.1/jjwt-0.9.1.jar
[INFO] Downloaded from central: https://repo.maven.apache.org/maven2/io/jsonwebtoken/jjwt/0.9.1/jjwt-0.9.1.jar (114 kB at 169 kB/s)
[INFO] Downloading from central: https://repo.maven.apache.org/maven2/com/fasterxml/jackson/core/jackson-databind/2.9.6/jackson-databind-2.9.6.jar
[INFO] Downloaded from central: https://repo.maven.apache.org/maven2/org/apache/shiro/shiro-web/1.2.3/shiro-web-1.2.3.jar (142 kB at 211 kB/s)
[INFO] Downloading from central: https://repo.maven.apache.org/maven2/org/glassfish/jersey/media/jersey-media-sse/2.25.1/jersey-media-sse-2.25.1.jar
[INFO] Downloaded from central: https://repo.maven.apache.org/maven2/org/secnod/shiro/shiro-jersey/0.2.0/shiro-jersey-0.2.0.jar (12 kB at 18 kB/s)
[INFO] Downloading from central: https://repo.maven.apache.org/maven2/org/glassfish/hk2/hk2-api/2.5.0/hk2-api-2.5.0.jar
[INFO] Downloaded from central: https://repo.maven.apache.org/maven2/org/apache/shiro/shiro-core/1.2.3/shiro-core-1.2.3.jar (367 kB at 541 kB/s)
[INFO] Downloading from central: https://repo.maven.apache.org/maven2/org/glassfish/hk2/external/jakarta.inject/2.5.0/jakarta.inject-2.5.0.jar
[INFO] Downloaded from central: https://repo.maven.apache.org/maven2/org/glassfish/jersey/media/jersey-media-sse/2.25.1/jersey-media-sse-2.25.1.jar (41 kB at 60 kB/s)
[INFO] Downloading from central: https://repo.maven.apache.org/maven2/org/glassfish/hk2/hk2-utils/2.5.0/hk2-utils-2.5.0.jar
[INFO] Downloaded from central: https://repo.maven.apache.org/maven2/org/glassfish/hk2/external/jakarta.inject/2.5.0/jakarta.inject-2.5.0.jar (5.4 kB at 7.9 kB/s)
[INFO] Downloading from central: https://repo.maven.apache.org/maven2/jakarta/annotation/jakarta.annotation-api/1.3.4/jakarta.annotation-api-1.3.4.jar
[INFO] Downloaded from central: https://repo.maven.apache.org/maven2/jakarta/annotation/jakarta.annotation-api/1.3.4/jakarta.annotation-api-1.3.4.jar (25 kB at 36 kB/s)
[INFO] Downloading from central: https://repo.maven.apache.org/maven2/org/glassfish/hk2/external/aopalliance-repackaged/2.5.0/aopalliance-repackaged-2.5.0.jar
[INFO] Downloaded from central: https://repo.maven.apache.org/maven2/org/glassfish/hk2/hk2-utils/2.5.0/hk2-utils-2.5.0.jar (117 kB at 168 kB/s)
[INFO] Downloading from central: https://repo.maven.apache.org/maven2/org/glassfish/main/external/jmxremote_optional-repackaged/5.0/jmxremote_optional-repackaged-5.0.jar
[INFO] Downloaded from central: https://repo.maven.apache.org/maven2/org/glassfish/hk2/external/aopalliance-repackaged/2.5.0/aopalliance-repackaged-2.5.0.jar (14 kB at 20 kB/s)
[INFO] Downloading from central: https://repo.maven.apache.org/maven2/io/dropwizard/dropwizard-testing/1.3.14/dropwizard-testing-1.3.14.jar
[INFO] Downloaded from central: https://repo.maven.apache.org/maven2/org/glassfish/hk2/hk2-api/2.5.0/hk2-api-2.5.0.jar (187 kB at 265 kB/s)
[INFO] Downloading from central: https://repo.maven.apache.org/maven2/org/mockito/mockito-core/2.28.2/mockito-core-2.28.2.jar
[INFO] Downloaded from central: https://repo.maven.apache.org/maven2/org/glassfish/main/external/jmxremote_optional-repackaged/5.0/jmxremote_optional-repackaged-5.0.jar (248 kB at 349 kB/s)
[INFO] Downloading from central: https://repo.maven.apache.org/maven2/info/cukes/cucumber-java/1.2.5/cucumber-java-1.2.5.jar
[INFO] Downloaded from central: https://repo.maven.apache.org/maven2/com/fasterxml/jackson/core/jackson-databind/2.9.6/jackson-databind-2.9.6.jar (1.3 MB at 1.9 MB/s)
[INFO] Downloading from central: https://repo.maven.apache.org/maven2/info/cukes/cucumber-core/1.2.5/cucumber-core-1.2.5.jar
[INFO] Downloaded from central: https://repo.maven.apache.org/maven2/info/cukes/cucumber-core/1.2.5/cucumber-core-1.2.5.jar (228 kB at 315 kB/s)
[INFO] Downloading from central: https://repo.maven.apache.org/maven2/info/cukes/cucumber-html/0.2.3/cucumber-html-0.2.3.jar
[INFO] Downloaded from central: https://repo.maven.apache.org/maven2/info/cukes/cucumber-java/1.2.5/cucumber-java-1.2.5.jar (238 kB at 328 kB/s)
[INFO] Downloading from central: https://repo.maven.apache.org/maven2/info/cukes/cucumber-jvm-deps/1.0.5/cucumber-jvm-deps-1.0.5.jar
[INFO] Downloaded from central: https://repo.maven.apache.org/maven2/org/mockito/mockito-core/2.28.2/mockito-core-2.28.2.jar (591 kB at 811 kB/s)
[INFO] Downloading from central: https://repo.maven.apache.org/maven2/info/cukes/gherkin/2.12.2/gherkin-2.12.2.jar
[INFO] Downloaded from central: https://repo.maven.apache.org/maven2/info/cukes/cucumber-html/0.2.3/cucumber-html-0.2.3.jar (39 kB at 53 kB/s)
[INFO] Downloading from central: https://repo.maven.apache.org/maven2/info/cukes/cucumber-junit/1.2.5/cucumber-junit-1.2.5.jar
[INFO] Downloaded from central: https://repo.maven.apache.org/maven2/info/cukes/cucumber-jvm-deps/1.0.5/cucumber-jvm-deps-1.0.5.jar (604 kB at 807 kB/s)
[INFO] Downloading from central: https://repo.maven.apache.org/maven2/org/awaitility/awaitility/3.1.6/awaitility-3.1.6.jar
[INFO] Downloaded from central: https://repo.maven.apache.org/maven2/org/secnod/dropwizard/dropwizard-shiro/0.2.0/dropwizard-shiro-0.2.0.jar (7.2 kB at 9.5 kB/s)
[INFO] Downloading from central: https://repo.maven.apache.org/maven2/org/easytesting/fest-assert-core/2.0M10/fest-assert-core-2.0M10.jar
[INFO] Downloaded from central: https://repo.maven.apache.org/maven2/org/awaitility/awaitility/3.1.6/awaitility-3.1.6.jar (103 kB at 136 kB/s)
[INFO] Downloading from central: https://repo.maven.apache.org/maven2/org/easytesting/fest-util/1.2.5/fest-util-1.2.5.jar
[INFO] Downloaded from central: https://repo.maven.apache.org/maven2/info/cukes/cucumber-junit/1.2.5/cucumber-junit-1.2.5.jar (22 kB at 28 kB/s)
[INFO] Downloading from central: https://repo.maven.apache.org/maven2/org/zapodot/embedded-ldap-junit/0.7/embedded-ldap-junit-0.7.jar
[INFO] Downloaded from central: https://repo.maven.apache.org/maven2/org/easytesting/fest-util/1.2.5/fest-util-1.2.5.jar (33 kB at 42 kB/s)
[INFO] Downloading from central: https://repo.maven.apache.org/maven2/com/unboundid/unboundid-ldapsdk/4.0.4/unboundid-ldapsdk-4.0.4.jar
[INFO] Downloaded from central: https://repo.maven.apache.org/maven2/org/zapodot/embedded-ldap-junit/0.7/embedded-ldap-junit-0.7.jar (22 kB at 28 kB/s)
[INFO] Downloading from central: https://repo.maven.apache.org/maven2/com/ibatis/ibatis2-common/2.1.7.597/ibatis2-common-2.1.7.597.jar
[INFO] Downloaded from central: https://repo.maven.apache.org/maven2/org/easytesting/fest-assert-core/2.0M10/fest-assert-core-2.0M10.jar (268 kB at 346 kB/s)
[INFO] Downloaded from central: https://repo.maven.apache.org/maven2/info/cukes/gherkin/2.12.2/gherkin-2.12.2.jar (1.8 MB at 2.3 MB/s)
[INFO] Downloaded from central: https://repo.maven.apache.org/maven2/io/dropwizard/dropwizard-testing/1.3.14/dropwizard-testing-1.3.14.jar (58 kB at 72 kB/s)
[INFO] Downloaded from central: https://repo.maven.apache.org/maven2/com/unboundid/unboundid-ldapsdk/4.0.4/unboundid-ldapsdk-4.0.4.jar (3.9 MB at 3.8 MB/s)
[INFO] Downloaded from central: https://repo.maven.apache.org/maven2/com/ibatis/ibatis2-common/2.1.7.597/ibatis2-common-2.1.7.597.jar (85 kB at 79 kB/s)
[INFO] 
[INFO] --- maven-clean-plugin:3.1.0:clean (default-clean) @ cassandra-reaper ---
[INFO] 
[INFO] --- maven-enforcer-plugin:1.4.1:enforce (enforce-java) @ cassandra-reaper ---
[INFO] 
[INFO] --- buildnumber-maven-plugin:1.4:create (default) @ cassandra-reaper ---
[INFO] ShortRevision tag detected. The value is '7'.
[INFO] Executing: /bin/sh -c cd '/home/gabsko/breaking-updates/src/server' && 'git' 'rev-parse' '--verify' '--short=7' 'HEAD'
[INFO] Working directory: /home/gabsko/breaking-updates/src/server
[INFO] Storing buildNumber: bb797a3 at timestamp: 1675782584527
[WARNING] Cannot get the branch information from the git repository: 
Detecting the current branch failed: fatal: ref HEAD is not a symbolic ref

[INFO] ShortRevision tag detected. The value is '7'.
[INFO] Executing: /bin/sh -c cd '/home/gabsko/breaking-updates/src/server' && 'git' 'rev-parse' '--verify' '--short=7' 'HEAD'
[INFO] Working directory: /home/gabsko/breaking-updates/src/server
[INFO] Storing buildScmBranch: UNKNOWN
[INFO] 
[INFO] --- maven-checkstyle-plugin:3.0.0:check (validate) @ cassandra-reaper ---
[INFO] Downloading from central: https://repo.maven.apache.org/maven2/com/puppycrawl/tools/checkstyle/6.18/checkstyle-6.18.pom
[INFO] Downloaded from central: https://repo.maven.apache.org/maven2/com/puppycrawl/tools/checkstyle/6.18/checkstyle-6.18.pom (71 kB at 14 MB/s)
[INFO] Downloading from central: https://repo.maven.apache.org/maven2/com/puppycrawl/tools/checkstyle/6.18/checkstyle-6.18.jar
[INFO] Downloading from central: https://repo.maven.apache.org/maven2/com/google/guava/guava/19.0/guava-19.0.jar
[INFO] Downloaded from central: https://repo.maven.apache.org/maven2/com/puppycrawl/tools/checkstyle/6.18/checkstyle-6.18.jar (1.2 MB at 36 MB/s)
[INFO] Downloaded from central: https://repo.maven.apache.org/maven2/com/google/guava/guava/19.0/guava-19.0.jar (2.3 MB at 51 MB/s)
[INFO] Starting audit...
Audit done.
[INFO] 
[INFO] --- replacer:1.5.3:replace (default) @ cassandra-reaper ---
[INFO] Replacement run on 1 file.
[INFO] 
[INFO] --- exec-maven-plugin:1.6.0:exec (exec-npm-install) @ cassandra-reaper ---
npm WARN deprecated resolve-url@0.2.1: https://github.com/lydell/resolve-url#deprecated
npm WARN deprecated source-map-url@0.4.1: See https://github.com/lydell/source-map-url#deprecated
npm WARN deprecated source-map-resolve@0.5.3: See https://github.com/lydell/source-map-resolve#deprecated
npm WARN deprecated urix@0.1.0: Please see https://github.com/lydell/urix#deprecated
npm WARN deprecated har-validator@5.1.5: this library is no longer supported
npm WARN deprecated uuid@3.4.0: Please upgrade  to version 7 or higher.  Older versions may use Math.random() in certain circumstances, which is known to be problematic.  See https://v8.dev/blog/math-random for details.
npm WARN deprecated request@2.88.2: request has been deprecated, see https://github.com/request/request/issues/3142
npm WARN deprecated html-webpack-plugin@3.2.0: 3.x is no longer supported
npm WARN deprecated chokidar@2.1.8: Chokidar 2 does not receive security updates since 2019. Upgrade to chokidar 3 with 15x fewer dependencies
npm WARN deprecated chokidar@2.1.8: Chokidar 2 does not receive security updates since 2019. Upgrade to chokidar 3 with 15x fewer dependencies
npm WARN deprecated querystring@0.2.0: The querystring API is considered Legacy. new code should use the URLSearchParams API instead.
npm WARN deprecated popper.js@1.16.1: You can find the new Popper v2 at @popperjs/core, this package is dedicated to the legacy v1
npm WARN deprecated tar@2.2.2: This version of tar is no longer supported, and will not receive security updates. Please upgrade asap.
npm WARN deprecated core-js@2.6.12: core-js@<3.23.3 is no longer maintained and not recommended for usage due to the number of issues. Because of the V8 engine whims, feature detection in old core-js versions could cause a slowdown up to 100x even if nothing is polyfilled. Some versions have web compatibility issues. Please, upgrade your dependencies to the actual version of core-js.
npm ERR! code 1
npm ERR! path /home/gabsko/breaking-updates/src/ui/node_modules/node-sass
npm ERR! command failed
npm ERR! command sh -c -- node scripts/build.js
npm ERR! Building: /usr/local/bin/node /home/gabsko/breaking-updates/src/ui/node_modules/node-gyp/bin/node-gyp.js rebuild --verbose --libsass_ext= --libsass_cflags= --libsass_ldflags= --libsass_library=
npm ERR! make: Entering directory '/home/gabsko/breaking-updates/src/ui/node_modules/node-sass/build'
npm ERR!   g++ '-DNODE_GYP_MODULE_NAME=libsass' '-DUSING_UV_SHARED=1' '-DUSING_V8_SHARED=1' '-DV8_DEPRECATION_WARNINGS=1' '-DV8_DEPRECATION_WARNINGS' '-DV8_IMMINENT_DEPRECATION_WARNINGS' '-D_GLIBCXX_USE_CXX11_ABI=1' '-D_LARGEFILE_SOURCE' '-D_FILE_OFFSET_BITS=64' '-D__STDC_FORMAT_MACROS' '-DOPENSSL_NO_PINSHARED' '-DOPENSSL_THREADS' '-DLIBSASS_VERSION="3.5.5"' -I/home/gabsko/.node-gyp/16.17.1/include/node -I/home/gabsko/.node-gyp/16.17.1/src -I/home/gabsko/.node-gyp/16.17.1/deps/openssl/config -I/home/gabsko/.node-gyp/16.17.1/deps/openssl/openssl/include -I/home/gabsko/.node-gyp/16.17.1/deps/uv/include -I/home/gabsko/.node-gyp/16.17.1/deps/zlib -I/home/gabsko/.node-gyp/16.17.1/deps/v8/include -I../src/libsass/include  -fPIC -pthread -Wall -Wextra -Wno-unused-parameter -m64 -O3 -fno-omit-frame-pointer -std=gnu++14 -std=c++0x -fexceptions -frtti -MMD -MF ./Release/.deps/Release/obj.target/libsass/src/libsass/src/ast.o.d.raw   -c -o Release/obj.target/libsass/src/libsass/src/ast.o ../src/libsass/src/ast.cpp
npm ERR!   g++ '-DNODE_GYP_MODULE_NAME=libsass' '-DUSING_UV_SHARED=1' '-DUSING_V8_SHARED=1' '-DV8_DEPRECATION_WARNINGS=1' '-DV8_DEPRECATION_WARNINGS' '-DV8_IMMINENT_DEPRECATION_WARNINGS' '-D_GLIBCXX_USE_CXX11_ABI=1' '-D_LARGEFILE_SOURCE' '-D_FILE_OFFSET_BITS=64' '-D__STDC_FORMAT_MACROS' '-DOPENSSL_NO_PINSHARED' '-DOPENSSL_THREADS' '-DLIBSASS_VERSION="3.5.5"' -I/home/gabsko/.node-gyp/16.17.1/include/node -I/home/gabsko/.node-gyp/16.17.1/src -I/home/gabsko/.node-gyp/16.17.1/deps/openssl/config -I/home/gabsko/.node-gyp/16.17.1/deps/openssl/openssl/include -I/home/gabsko/.node-gyp/16.17.1/deps/uv/include -I/home/gabsko/.node-gyp/16.17.1/deps/zlib -I/home/gabsko/.node-gyp/16.17.1/deps/v8/include -I../src/libsass/include  -fPIC -pthread -Wall -Wextra -Wno-unused-parameter -m64 -O3 -fno-omit-frame-pointer -std=gnu++14 -std=c++0x -fexceptions -frtti -MMD -MF ./Release/.deps/Release/obj.target/libsass/src/libsass/src/ast_fwd_decl.o.d.raw   -c -o Release/obj.target/libsass/src/libsass/src/ast_fwd_decl.o ../src/libsass/src/ast_fwd_decl.cpp
npm ERR!   g++ '-DNODE_GYP_MODULE_NAME=libsass' '-DUSING_UV_SHARED=1' '-DUSING_V8_SHARED=1' '-DV8_DEPRECATION_WARNINGS=1' '-DV8_DEPRECATION_WARNINGS' '-DV8_IMMINENT_DEPRECATION_WARNINGS' '-D_GLIBCXX_USE_CXX11_ABI=1' '-D_LARGEFILE_SOURCE' '-D_FILE_OFFSET_BITS=64' '-D__STDC_FORMAT_MACROS' '-DOPENSSL_NO_PINSHARED' '-DOPENSSL_THREADS' '-DLIBSASS_VERSION="3.5.5"' -I/home/gabsko/.node-gyp/16.17.1/include/node -I/home/gabsko/.node-gyp/16.17.1/src -I/home/gabsko/.node-gyp/16.17.1/deps/openssl/config -I/home/gabsko/.node-gyp/16.17.1/deps/openssl/openssl/include -I/home/gabsko/.node-gyp/16.17.1/deps/uv/include -I/home/gabsko/.node-gyp/16.17.1/deps/zlib -I/home/gabsko/.node-gyp/16.17.1/deps/v8/include -I../src/libsass/include  -fPIC -pthread -Wall -Wextra -Wno-unused-parameter -m64 -O3 -fno-omit-frame-pointer -std=gnu++14 -std=c++0x -fexceptions -frtti -MMD -MF ./Release/.deps/Release/obj.target/libsass/src/libsass/src/backtrace.o.d.raw   -c -o Release/obj.target/libsass/src/libsass/src/backtrace.o ../src/libsass/src/backtrace.cpp
npm ERR!   g++ '-DNODE_GYP_MODULE_NAME=libsass' '-DUSING_UV_SHARED=1' '-DUSING_V8_SHARED=1' '-DV8_DEPRECATION_WARNINGS=1' '-DV8_DEPRECATION_WARNINGS' '-DV8_IMMINENT_DEPRECATION_WARNINGS' '-D_GLIBCXX_USE_CXX11_ABI=1' '-D_LARGEFILE_SOURCE' '-D_FILE_OFFSET_BITS=64' '-D__STDC_FORMAT_MACROS' '-DOPENSSL_NO_PINSHARED' '-DOPENSSL_THREADS' '-DLIBSASS_VERSION="3.5.5"' -I/home/gabsko/.node-gyp/16.17.1/include/node -I/home/gabsko/.node-gyp/16.17.1/src -I/home/gabsko/.node-gyp/16.17.1/deps/openssl/config -I/home/gabsko/.node-gyp/16.17.1/deps/openssl/openssl/include -I/home/gabsko/.node-gyp/16.17.1/deps/uv/include -I/home/gabsko/.node-gyp/16.17.1/deps/zlib -I/home/gabsko/.node-gyp/16.17.1/deps/v8/include -I../src/libsass/include  -fPIC -pthread -Wall -Wextra -Wno-unused-parameter -m64 -O3 -fno-omit-frame-pointer -std=gnu++14 -std=c++0x -fexceptions -frtti -MMD -MF ./Release/.deps/Release/obj.target/libsass/src/libsass/src/base64vlq.o.d.raw   -c -o Release/obj.target/libsass/src/libsass/src/base64vlq.o ../src/libsass/src/base64vlq.cpp
npm ERR!   g++ '-DNODE_GYP_MODULE_NAME=libsass' '-DUSING_UV_SHARED=1' '-DUSING_V8_SHARED=1' '-DV8_DEPRECATION_WARNINGS=1' '-DV8_DEPRECATION_WARNINGS' '-DV8_IMMINENT_DEPRECATION_WARNINGS' '-D_GLIBCXX_USE_CXX11_ABI=1' '-D_LARGEFILE_SOURCE' '-D_FILE_OFFSET_BITS=64' '-D__STDC_FORMAT_MACROS' '-DOPENSSL_NO_PINSHARED' '-DOPENSSL_THREADS' '-DLIBSASS_VERSION="3.5.5"' -I/home/gabsko/.node-gyp/16.17.1/include/node -I/home/gabsko/.node-gyp/16.17.1/src -I/home/gabsko/.node-gyp/16.17.1/deps/openssl/config -I/home/gabsko/.node-gyp/16.17.1/deps/openssl/openssl/include -I/home/gabsko/.node-gyp/16.17.1/deps/uv/include -I/home/gabsko/.node-gyp/16.17.1/deps/zlib -I/home/gabsko/.node-gyp/16.17.1/deps/v8/include -I../src/libsass/include  -fPIC -pthread -Wall -Wextra -Wno-unused-parameter -m64 -O3 -fno-omit-frame-pointer -std=gnu++14 -std=c++0x -fexceptions -frtti -MMD -MF ./Release/.deps/Release/obj.target/libsass/src/libsass/src/bind.o.d.raw   -c -o Release/obj.target/libsass/src/libsass/src/bind.o ../src/libsass/src/bind.cpp
npm ERR!   cc '-DNODE_GYP_MODULE_NAME=libsass' '-DUSING_UV_SHARED=1' '-DUSING_V8_SHARED=1' '-DV8_DEPRECATION_WARNINGS=1' '-DV8_DEPRECATION_WARNINGS' '-DV8_IMMINENT_DEPRECATION_WARNINGS' '-D_GLIBCXX_USE_CXX11_ABI=1' '-D_LARGEFILE_SOURCE' '-D_FILE_OFFSET_BITS=64' '-D__STDC_FORMAT_MACROS' '-DOPENSSL_NO_PINSHARED' '-DOPENSSL_THREADS' '-DLIBSASS_VERSION="3.5.5"' -I/home/gabsko/.node-gyp/16.17.1/include/node -I/home/gabsko/.node-gyp/16.17.1/src -I/home/gabsko/.node-gyp/16.17.1/deps/openssl/config -I/home/gabsko/.node-gyp/16.17.1/deps/openssl/openssl/include -I/home/gabsko/.node-gyp/16.17.1/deps/uv/include -I/home/gabsko/.node-gyp/16.17.1/deps/zlib -I/home/gabsko/.node-gyp/16.17.1/deps/v8/include -I../src/libsass/include  -fPIC -pthread -Wall -Wextra -Wno-unused-parameter -m64 -O3 -fno-omit-frame-pointer  -MMD -MF ./Release/.deps/Release/obj.target/libsass/src/libsass/src/cencode.o.d.raw   -c -o Release/obj.target/libsass/src/libsass/src/cencode.o ../src/libsass/src/cencode.c
npm ERR!   g++ '-DNODE_GYP_MODULE_NAME=libsass' '-DUSING_UV_SHARED=1' '-DUSING_V8_SHARED=1' '-DV8_DEPRECATION_WARNINGS=1' '-DV8_DEPRECATION_WARNINGS' '-DV8_IMMINENT_DEPRECATION_WARNINGS' '-D_GLIBCXX_USE_CXX11_ABI=1' '-D_LARGEFILE_SOURCE' '-D_FILE_OFFSET_BITS=64' '-D__STDC_FORMAT_MACROS' '-DOPENSSL_NO_PINSHARED' '-DOPENSSL_THREADS' '-DLIBSASS_VERSION="3.5.5"' -I/home/gabsko/.node-gyp/16.17.1/include/node -I/home/gabsko/.node-gyp/16.17.1/src -I/home/gabsko/.node-gyp/16.17.1/deps/openssl/config -I/home/gabsko/.node-gyp/16.17.1/deps/openssl/openssl/include -I/home/gabsko/.node-gyp/16.17.1/deps/uv/include -I/home/gabsko/.node-gyp/16.17.1/deps/zlib -I/home/gabsko/.node-gyp/16.17.1/deps/v8/include -I../src/libsass/include  -fPIC -pthread -Wall -Wextra -Wno-unused-parameter -m64 -O3 -fno-omit-frame-pointer -std=gnu++14 -std=c++0x -fexceptions -frtti -MMD -MF ./Release/.deps/Release/obj.target/libsass/src/libsass/src/check_nesting.o.d.raw   -c -o Release/obj.target/libsass/src/libsass/src/check_nesting.o ../src/libsass/src/check_nesting.cpp
npm ERR!   g++ '-DNODE_GYP_MODULE_NAME=libsass' '-DUSING_UV_SHARED=1' '-DUSING_V8_SHARED=1' '-DV8_DEPRECATION_WARNINGS=1' '-DV8_DEPRECATION_WARNINGS' '-DV8_IMMINENT_DEPRECATION_WARNINGS' '-D_GLIBCXX_USE_CXX11_ABI=1' '-D_LARGEFILE_SOURCE' '-D_FILE_OFFSET_BITS=64' '-D__STDC_FORMAT_MACROS' '-DOPENSSL_NO_PINSHARED' '-DOPENSSL_THREADS' '-DLIBSASS_VERSION="3.5.5"' -I/home/gabsko/.node-gyp/16.17.1/include/node -I/home/gabsko/.node-gyp/16.17.1/src -I/home/gabsko/.node-gyp/16.17.1/deps/openssl/config -I/home/gabsko/.node-gyp/16.17.1/deps/openssl/openssl/include -I/home/gabsko/.node-gyp/16.17.1/deps/uv/include -I/home/gabsko/.node-gyp/16.17.1/deps/zlib -I/home/gabsko/.node-gyp/16.17.1/deps/v8/include -I../src/libsass/include  -fPIC -pthread -Wall -Wextra -Wno-unused-parameter -m64 -O3 -fno-omit-frame-pointer -std=gnu++14 -std=c++0x -fexceptions -frtti -MMD -MF ./Release/.deps/Release/obj.target/libsass/src/libsass/src/color_maps.o.d.raw   -c -o Release/obj.target/libsass/src/libsass/src/color_maps.o ../src/libsass/src/color_maps.cpp
npm ERR!   g++ '-DNODE_GYP_MODULE_NAME=libsass' '-DUSING_UV_SHARED=1' '-DUSING_V8_SHARED=1' '-DV8_DEPRECATION_WARNINGS=1' '-DV8_DEPRECATION_WARNINGS' '-DV8_IMMINENT_DEPRECATION_WARNINGS' '-D_GLIBCXX_USE_CXX11_ABI=1' '-D_LARGEFILE_SOURCE' '-D_FILE_OFFSET_BITS=64' '-D__STDC_FORMAT_MACROS' '-DOPENSSL_NO_PINSHARED' '-DOPENSSL_THREADS' '-DLIBSASS_VERSION="3.5.5"' -I/home/gabsko/.node-gyp/16.17.1/include/node -I/home/gabsko/.node-gyp/16.17.1/src -I/home/gabsko/.node-gyp/16.17.1/deps/openssl/config -I/home/gabsko/.node-gyp/16.17.1/deps/openssl/openssl/include -I/home/gabsko/.node-gyp/16.17.1/deps/uv/include -I/home/gabsko/.node-gyp/16.17.1/deps/zlib -I/home/gabsko/.node-gyp/16.17.1/deps/v8/include -I../src/libsass/include  -fPIC -pthread -Wall -Wextra -Wno-unused-parameter -m64 -O3 -fno-omit-frame-pointer -std=gnu++14 -std=c++0x -fexceptions -frtti -MMD -MF ./Release/.deps/Release/obj.target/libsass/src/libsass/src/constants.o.d.raw   -c -o Release/obj.target/libsass/src/libsass/src/constants.o ../src/libsass/src/constants.cpp
npm ERR!   g++ '-DNODE_GYP_MODULE_NAME=libsass' '-DUSING_UV_SHARED=1' '-DUSING_V8_SHARED=1' '-DV8_DEPRECATION_WARNINGS=1' '-DV8_DEPRECATION_WARNINGS' '-DV8_IMMINENT_DEPRECATION_WARNINGS' '-D_GLIBCXX_USE_CXX11_ABI=1' '-D_LARGEFILE_SOURCE' '-D_FILE_OFFSET_BITS=64' '-D__STDC_FORMAT_MACROS' '-DOPENSSL_NO_PINSHARED' '-DOPENSSL_THREADS' '-DLIBSASS_VERSION="3.5.5"' -I/home/gabsko/.node-gyp/16.17.1/include/node -I/home/gabsko/.node-gyp/16.17.1/src -I/home/gabsko/.node-gyp/16.17.1/deps/openssl/config -I/home/gabsko/.node-gyp/16.17.1/deps/openssl/openssl/include -I/home/gabsko/.node-gyp/16.17.1/deps/uv/include -I/home/gabsko/.node-gyp/16.17.1/deps/zlib -I/home/gabsko/.node-gyp/16.17.1/deps/v8/include -I../src/libsass/include  -fPIC -pthread -Wall -Wextra -Wno-unused-parameter -m64 -O3 -fno-omit-frame-pointer -std=gnu++14 -std=c++0x -fexceptions -frtti -MMD -MF ./Release/.deps/Release/obj.target/libsass/src/libsass/src/context.o.d.raw   -c -o Release/obj.target/libsass/src/libsass/src/context.o ../src/libsass/src/context.cpp
npm ERR!   g++ '-DNODE_GYP_MODULE_NAME=libsass' '-DUSING_UV_SHARED=1' '-DUSING_V8_SHARED=1' '-DV8_DEPRECATION_WARNINGS=1' '-DV8_DEPRECATION_WARNINGS' '-DV8_IMMINENT_DEPRECATION_WARNINGS' '-D_GLIBCXX_USE_CXX11_ABI=1' '-D_LARGEFILE_SOURCE' '-D_FILE_OFFSET_BITS=64' '-D__STDC_FORMAT_MACROS' '-DOPENSSL_NO_PINSHARED' '-DOPENSSL_THREADS' '-DLIBSASS_VERSION="3.5.5"' -I/home/gabsko/.node-gyp/16.17.1/include/node -I/home/gabsko/.node-gyp/16.17.1/src -I/home/gabsko/.node-gyp/16.17.1/deps/openssl/config -I/home/gabsko/.node-gyp/16.17.1/deps/openssl/openssl/include -I/home/gabsko/.node-gyp/16.17.1/deps/uv/include -I/home/gabsko/.node-gyp/16.17.1/deps/zlib -I/home/gabsko/.node-gyp/16.17.1/deps/v8/include -I../src/libsass/include  -fPIC -pthread -Wall -Wextra -Wno-unused-parameter -m64 -O3 -fno-omit-frame-pointer -std=gnu++14 -std=c++0x -fexceptions -frtti -MMD -MF ./Release/.deps/Release/obj.target/libsass/src/libsass/src/cssize.o.d.raw   -c -o Release/obj.target/libsass/src/libsass/src/cssize.o ../src/libsass/src/cssize.cpp
npm ERR!   g++ '-DNODE_GYP_MODULE_NAME=libsass' '-DUSING_UV_SHARED=1' '-DUSING_V8_SHARED=1' '-DV8_DEPRECATION_WARNINGS=1' '-DV8_DEPRECATION_WARNINGS' '-DV8_IMMINENT_DEPRECATION_WARNINGS' '-D_GLIBCXX_USE_CXX11_ABI=1' '-D_LARGEFILE_SOURCE' '-D_FILE_OFFSET_BITS=64' '-D__STDC_FORMAT_MACROS' '-DOPENSSL_NO_PINSHARED' '-DOPENSSL_THREADS' '-DLIBSASS_VERSION="3.5.5"' -I/home/gabsko/.node-gyp/16.17.1/include/node -I/home/gabsko/.node-gyp/16.17.1/src -I/home/gabsko/.node-gyp/16.17.1/deps/openssl/config -I/home/gabsko/.node-gyp/16.17.1/deps/openssl/openssl/include -I/home/gabsko/.node-gyp/16.17.1/deps/uv/include -I/home/gabsko/.node-gyp/16.17.1/deps/zlib -I/home/gabsko/.node-gyp/16.17.1/deps/v8/include -I../src/libsass/include  -fPIC -pthread -Wall -Wextra -Wno-unused-parameter -m64 -O3 -fno-omit-frame-pointer -std=gnu++14 -std=c++0x -fexceptions -frtti -MMD -MF ./Release/.deps/Release/obj.target/libsass/src/libsass/src/emitter.o.d.raw   -c -o Release/obj.target/libsass/src/libsass/src/emitter.o ../src/libsass/src/emitter.cpp
npm ERR!   g++ '-DNODE_GYP_MODULE_NAME=libsass' '-DUSING_UV_SHARED=1' '-DUSING_V8_SHARED=1' '-DV8_DEPRECATION_WARNINGS=1' '-DV8_DEPRECATION_WARNINGS' '-DV8_IMMINENT_DEPRECATION_WARNINGS' '-D_GLIBCXX_USE_CXX11_ABI=1' '-D_LARGEFILE_SOURCE' '-D_FILE_OFFSET_BITS=64' '-D__STDC_FORMAT_MACROS' '-DOPENSSL_NO_PINSHARED' '-DOPENSSL_THREADS' '-DLIBSASS_VERSION="3.5.5"' -I/home/gabsko/.node-gyp/16.17.1/include/node -I/home/gabsko/.node-gyp/16.17.1/src -I/home/gabsko/.node-gyp/16.17.1/deps/openssl/config -I/home/gabsko/.node-gyp/16.17.1/deps/openssl/openssl/include -I/home/gabsko/.node-gyp/16.17.1/deps/uv/include -I/home/gabsko/.node-gyp/16.17.1/deps/zlib -I/home/gabsko/.node-gyp/16.17.1/deps/v8/include -I../src/libsass/include  -fPIC -pthread -Wall -Wextra -Wno-unused-parameter -m64 -O3 -fno-omit-frame-pointer -std=gnu++14 -std=c++0x -fexceptions -frtti -MMD -MF ./Release/.deps/Release/obj.target/libsass/src/libsass/src/environment.o.d.raw   -c -o Release/obj.target/libsass/src/libsass/src/environment.o ../src/libsass/src/environment.cpp
npm ERR!   g++ '-DNODE_GYP_MODULE_NAME=libsass' '-DUSING_UV_SHARED=1' '-DUSING_V8_SHARED=1' '-DV8_DEPRECATION_WARNINGS=1' '-DV8_DEPRECATION_WARNINGS' '-DV8_IMMINENT_DEPRECATION_WARNINGS' '-D_GLIBCXX_USE_CXX11_ABI=1' '-D_LARGEFILE_SOURCE' '-D_FILE_OFFSET_BITS=64' '-D__STDC_FORMAT_MACROS' '-DOPENSSL_NO_PINSHARED' '-DOPENSSL_THREADS' '-DLIBSASS_VERSION="3.5.5"' -I/home/gabsko/.node-gyp/16.17.1/include/node -I/home/gabsko/.node-gyp/16.17.1/src -I/home/gabsko/.node-gyp/16.17.1/deps/openssl/config -I/home/gabsko/.node-gyp/16.17.1/deps/openssl/openssl/include -I/home/gabsko/.node-gyp/16.17.1/deps/uv/include -I/home/gabsko/.node-gyp/16.17.1/deps/zlib -I/home/gabsko/.node-gyp/16.17.1/deps/v8/include -I../src/libsass/include  -fPIC -pthread -Wall -Wextra -Wno-unused-parameter -m64 -O3 -fno-omit-frame-pointer -std=gnu++14 -std=c++0x -fexceptions -frtti -MMD -MF ./Release/.deps/Release/obj.target/libsass/src/libsass/src/error_handling.o.d.raw   -c -o Release/obj.target/libsass/src/libsass/src/error_handling.o ../src/libsass/src/error_handling.cpp
npm ERR!   g++ '-DNODE_GYP_MODULE_NAME=libsass' '-DUSING_UV_SHARED=1' '-DUSING_V8_SHARED=1' '-DV8_DEPRECATION_WARNINGS=1' '-DV8_DEPRECATION_WARNINGS' '-DV8_IMMINENT_DEPRECATION_WARNINGS' '-D_GLIBCXX_USE_CXX11_ABI=1' '-D_LARGEFILE_SOURCE' '-D_FILE_OFFSET_BITS=64' '-D__STDC_FORMAT_MACROS' '-DOPENSSL_NO_PINSHARED' '-DOPENSSL_THREADS' '-DLIBSASS_VERSION="3.5.5"' -I/home/gabsko/.node-gyp/16.17.1/include/node -I/home/gabsko/.node-gyp/16.17.1/src -I/home/gabsko/.node-gyp/16.17.1/deps/openssl/config -I/home/gabsko/.node-gyp/16.17.1/deps/openssl/openssl/include -I/home/gabsko/.node-gyp/16.17.1/deps/uv/include -I/home/gabsko/.node-gyp/16.17.1/deps/zlib -I/home/gabsko/.node-gyp/16.17.1/deps/v8/include -I../src/libsass/include  -fPIC -pthread -Wall -Wextra -Wno-unused-parameter -m64 -O3 -fno-omit-frame-pointer -std=gnu++14 -std=c++0x -fexceptions -frtti -MMD -MF ./Release/.deps/Release/obj.target/libsass/src/libsass/src/eval.o.d.raw   -c -o Release/obj.target/libsass/src/libsass/src/eval.o ../src/libsass/src/eval.cpp
npm ERR!   g++ '-DNODE_GYP_MODULE_NAME=libsass' '-DUSING_UV_SHARED=1' '-DUSING_V8_SHARED=1' '-DV8_DEPRECATION_WARNINGS=1' '-DV8_DEPRECATION_WARNINGS' '-DV8_IMMINENT_DEPRECATION_WARNINGS' '-D_GLIBCXX_USE_CXX11_ABI=1' '-D_LARGEFILE_SOURCE' '-D_FILE_OFFSET_BITS=64' '-D__STDC_FORMAT_MACROS' '-DOPENSSL_NO_PINSHARED' '-DOPENSSL_THREADS' '-DLIBSASS_VERSION="3.5.5"' -I/home/gabsko/.node-gyp/16.17.1/include/node -I/home/gabsko/.node-gyp/16.17.1/src -I/home/gabsko/.node-gyp/16.17.1/deps/openssl/config -I/home/gabsko/.node-gyp/16.17.1/deps/openssl/openssl/include -I/home/gabsko/.node-gyp/16.17.1/deps/uv/include -I/home/gabsko/.node-gyp/16.17.1/deps/zlib -I/home/gabsko/.node-gyp/16.17.1/deps/v8/include -I../src/libsass/include  -fPIC -pthread -Wall -Wextra -Wno-unused-parameter -m64 -O3 -fno-omit-frame-pointer -std=gnu++14 -std=c++0x -fexceptions -frtti -MMD -MF ./Release/.deps/Release/obj.target/libsass/src/libsass/src/expand.o.d.raw   -c -o Release/obj.target/libsass/src/libsass/src/expand.o ../src/libsass/src/expand.cpp
npm ERR!   g++ '-DNODE_GYP_MODULE_NAME=libsass' '-DUSING_UV_SHARED=1' '-DUSING_V8_SHARED=1' '-DV8_DEPRECATION_WARNINGS=1' '-DV8_DEPRECATION_WARNINGS' '-DV8_IMMINENT_DEPRECATION_WARNINGS' '-D_GLIBCXX_USE_CXX11_ABI=1' '-D_LARGEFILE_SOURCE' '-D_FILE_OFFSET_BITS=64' '-D__STDC_FORMAT_MACROS' '-DOPENSSL_NO_PINSHARED' '-DOPENSSL_THREADS' '-DLIBSASS_VERSION="3.5.5"' -I/home/gabsko/.node-gyp/16.17.1/include/node -I/home/gabsko/.node-gyp/16.17.1/src -I/home/gabsko/.node-gyp/16.17.1/deps/openssl/config -I/home/gabsko/.node-gyp/16.17.1/deps/openssl/openssl/include -I/home/gabsko/.node-gyp/16.17.1/deps/uv/include -I/home/gabsko/.node-gyp/16.17.1/deps/zlib -I/home/gabsko/.node-gyp/16.17.1/deps/v8/include -I../src/libsass/include  -fPIC -pthread -Wall -Wextra -Wno-unused-parameter -m64 -O3 -fno-omit-frame-pointer -std=gnu++14 -std=c++0x -fexceptions -frtti -MMD -MF ./Release/.deps/Release/obj.target/libsass/src/libsass/src/extend.o.d.raw   -c -o Release/obj.target/libsass/src/libsass/src/extend.o ../src/libsass/src/extend.cpp
npm ERR!   g++ '-DNODE_GYP_MODULE_NAME=libsass' '-DUSING_UV_SHARED=1' '-DUSING_V8_SHARED=1' '-DV8_DEPRECATION_WARNINGS=1' '-DV8_DEPRECATION_WARNINGS' '-DV8_IMMINENT_DEPRECATION_WARNINGS' '-D_GLIBCXX_USE_CXX11_ABI=1' '-D_LARGEFILE_SOURCE' '-D_FILE_OFFSET_BITS=64' '-D__STDC_FORMAT_MACROS' '-DOPENSSL_NO_PINSHARED' '-DOPENSSL_THREADS' '-DLIBSASS_VERSION="3.5.5"' -I/home/gabsko/.node-gyp/16.17.1/include/node -I/home/gabsko/.node-gyp/16.17.1/src -I/home/gabsko/.node-gyp/16.17.1/deps/openssl/config -I/home/gabsko/.node-gyp/16.17.1/deps/openssl/openssl/include -I/home/gabsko/.node-gyp/16.17.1/deps/uv/include -I/home/gabsko/.node-gyp/16.17.1/deps/zlib -I/home/gabsko/.node-gyp/16.17.1/deps/v8/include -I../src/libsass/include  -fPIC -pthread -Wall -Wextra -Wno-unused-parameter -m64 -O3 -fno-omit-frame-pointer -std=gnu++14 -std=c++0x -fexceptions -frtti -MMD -MF ./Release/.deps/Release/obj.target/libsass/src/libsass/src/file.o.d.raw   -c -o Release/obj.target/libsass/src/libsass/src/file.o ../src/libsass/src/file.cpp
npm ERR!   g++ '-DNODE_GYP_MODULE_NAME=libsass' '-DUSING_UV_SHARED=1' '-DUSING_V8_SHARED=1' '-DV8_DEPRECATION_WARNINGS=1' '-DV8_DEPRECATION_WARNINGS' '-DV8_IMMINENT_DEPRECATION_WARNINGS' '-D_GLIBCXX_USE_CXX11_ABI=1' '-D_LARGEFILE_SOURCE' '-D_FILE_OFFSET_BITS=64' '-D__STDC_FORMAT_MACROS' '-DOPENSSL_NO_PINSHARED' '-DOPENSSL_THREADS' '-DLIBSASS_VERSION="3.5.5"' -I/home/gabsko/.node-gyp/16.17.1/include/node -I/home/gabsko/.node-gyp/16.17.1/src -I/home/gabsko/.node-gyp/16.17.1/deps/openssl/config -I/home/gabsko/.node-gyp/16.17.1/deps/openssl/openssl/include -I/home/gabsko/.node-gyp/16.17.1/deps/uv/include -I/home/gabsko/.node-gyp/16.17.1/deps/zlib -I/home/gabsko/.node-gyp/16.17.1/deps/v8/include -I../src/libsass/include  -fPIC -pthread -Wall -Wextra -Wno-unused-parameter -m64 -O3 -fno-omit-frame-pointer -std=gnu++14 -std=c++0x -fexceptions -frtti -MMD -MF ./Release/.deps/Release/obj.target/libsass/src/libsass/src/functions.o.d.raw   -c -o Release/obj.target/libsass/src/libsass/src/functions.o ../src/libsass/src/functions.cpp
npm ERR!   g++ '-DNODE_GYP_MODULE_NAME=libsass' '-DUSING_UV_SHARED=1' '-DUSING_V8_SHARED=1' '-DV8_DEPRECATION_WARNINGS=1' '-DV8_DEPRECATION_WARNINGS' '-DV8_IMMINENT_DEPRECATION_WARNINGS' '-D_GLIBCXX_USE_CXX11_ABI=1' '-D_LARGEFILE_SOURCE' '-D_FILE_OFFSET_BITS=64' '-D__STDC_FORMAT_MACROS' '-DOPENSSL_NO_PINSHARED' '-DOPENSSL_THREADS' '-DLIBSASS_VERSION="3.5.5"' -I/home/gabsko/.node-gyp/16.17.1/include/node -I/home/gabsko/.node-gyp/16.17.1/src -I/home/gabsko/.node-gyp/16.17.1/deps/openssl/config -I/home/gabsko/.node-gyp/16.17.1/deps/openssl/openssl/include -I/home/gabsko/.node-gyp/16.17.1/deps/uv/include -I/home/gabsko/.node-gyp/16.17.1/deps/zlib -I/home/gabsko/.node-gyp/16.17.1/deps/v8/include -I../src/libsass/include  -fPIC -pthread -Wall -Wextra -Wno-unused-parameter -m64 -O3 -fno-omit-frame-pointer -std=gnu++14 -std=c++0x -fexceptions -frtti -MMD -MF ./Release/.deps/Release/obj.target/libsass/src/libsass/src/inspect.o.d.raw   -c -o Release/obj.target/libsass/src/libsass/src/inspect.o ../src/libsass/src/inspect.cpp
npm ERR!   g++ '-DNODE_GYP_MODULE_NAME=libsass' '-DUSING_UV_SHARED=1' '-DUSING_V8_SHARED=1' '-DV8_DEPRECATION_WARNINGS=1' '-DV8_DEPRECATION_WARNINGS' '-DV8_IMMINENT_DEPRECATION_WARNINGS' '-D_GLIBCXX_USE_CXX11_ABI=1' '-D_LARGEFILE_SOURCE' '-D_FILE_OFFSET_BITS=64' '-D__STDC_FORMAT_MACROS' '-DOPENSSL_NO_PINSHARED' '-DOPENSSL_THREADS' '-DLIBSASS_VERSION="3.5.5"' -I/home/gabsko/.node-gyp/16.17.1/include/node -I/home/gabsko/.node-gyp/16.17.1/src -I/home/gabsko/.node-gyp/16.17.1/deps/openssl/config -I/home/gabsko/.node-gyp/16.17.1/deps/openssl/openssl/include -I/home/gabsko/.node-gyp/16.17.1/deps/uv/include -I/home/gabsko/.node-gyp/16.17.1/deps/zlib -I/home/gabsko/.node-gyp/16.17.1/deps/v8/include -I../src/libsass/include  -fPIC -pthread -Wall -Wextra -Wno-unused-parameter -m64 -O3 -fno-omit-frame-pointer -std=gnu++14 -std=c++0x -fexceptions -frtti -MMD -MF ./Release/.deps/Release/obj.target/libsass/src/libsass/src/json.o.d.raw   -c -o Release/obj.target/libsass/src/libsass/src/json.o ../src/libsass/src/json.cpp
npm ERR!   g++ '-DNODE_GYP_MODULE_NAME=libsass' '-DUSING_UV_SHARED=1' '-DUSING_V8_SHARED=1' '-DV8_DEPRECATION_WARNINGS=1' '-DV8_DEPRECATION_WARNINGS' '-DV8_IMMINENT_DEPRECATION_WARNINGS' '-D_GLIBCXX_USE_CXX11_ABI=1' '-D_LARGEFILE_SOURCE' '-D_FILE_OFFSET_BITS=64' '-D__STDC_FORMAT_MACROS' '-DOPENSSL_NO_PINSHARED' '-DOPENSSL_THREADS' '-DLIBSASS_VERSION="3.5.5"' -I/home/gabsko/.node-gyp/16.17.1/include/node -I/home/gabsko/.node-gyp/16.17.1/src -I/home/gabsko/.node-gyp/16.17.1/deps/openssl/config -I/home/gabsko/.node-gyp/16.17.1/deps/openssl/openssl/include -I/home/gabsko/.node-gyp/16.17.1/deps/uv/include -I/home/gabsko/.node-gyp/16.17.1/deps/zlib -I/home/gabsko/.node-gyp/16.17.1/deps/v8/include -I../src/libsass/include  -fPIC -pthread -Wall -Wextra -Wno-unused-parameter -m64 -O3 -fno-omit-frame-pointer -std=gnu++14 -std=c++0x -fexceptions -frtti -MMD -MF ./Release/.deps/Release/obj.target/libsass/src/libsass/src/lexer.o.d.raw   -c -o Release/obj.target/libsass/src/libsass/src/lexer.o ../src/libsass/src/lexer.cpp
npm ERR!   g++ '-DNODE_GYP_MODULE_NAME=libsass' '-DUSING_UV_SHARED=1' '-DUSING_V8_SHARED=1' '-DV8_DEPRECATION_WARNINGS=1' '-DV8_DEPRECATION_WARNINGS' '-DV8_IMMINENT_DEPRECATION_WARNINGS' '-D_GLIBCXX_USE_CXX11_ABI=1' '-D_LARGEFILE_SOURCE' '-D_FILE_OFFSET_BITS=64' '-D__STDC_FORMAT_MACROS' '-DOPENSSL_NO_PINSHARED' '-DOPENSSL_THREADS' '-DLIBSASS_VERSION="3.5.5"' -I/home/gabsko/.node-gyp/16.17.1/include/node -I/home/gabsko/.node-gyp/16.17.1/src -I/home/gabsko/.node-gyp/16.17.1/deps/openssl/config -I/home/gabsko/.node-gyp/16.17.1/deps/openssl/openssl/include -I/home/gabsko/.node-gyp/16.17.1/deps/uv/include -I/home/gabsko/.node-gyp/16.17.1/deps/zlib -I/home/gabsko/.node-gyp/16.17.1/deps/v8/include -I../src/libsass/include  -fPIC -pthread -Wall -Wextra -Wno-unused-parameter -m64 -O3 -fno-omit-frame-pointer -std=gnu++14 -std=c++0x -fexceptions -frtti -MMD -MF ./Release/.deps/Release/obj.target/libsass/src/libsass/src/listize.o.d.raw   -c -o Release/obj.target/libsass/src/libsass/src/listize.o ../src/libsass/src/listize.cpp
npm ERR!   g++ '-DNODE_GYP_MODULE_NAME=libsass' '-DUSING_UV_SHARED=1' '-DUSING_V8_SHARED=1' '-DV8_DEPRECATION_WARNINGS=1' '-DV8_DEPRECATION_WARNINGS' '-DV8_IMMINENT_DEPRECATION_WARNINGS' '-D_GLIBCXX_USE_CXX11_ABI=1' '-D_LARGEFILE_SOURCE' '-D_FILE_OFFSET_BITS=64' '-D__STDC_FORMAT_MACROS' '-DOPENSSL_NO_PINSHARED' '-DOPENSSL_THREADS' '-DLIBSASS_VERSION="3.5.5"' -I/home/gabsko/.node-gyp/16.17.1/include/node -I/home/gabsko/.node-gyp/16.17.1/src -I/home/gabsko/.node-gyp/16.17.1/deps/openssl/config -I/home/gabsko/.node-gyp/16.17.1/deps/openssl/openssl/include -I/home/gabsko/.node-gyp/16.17.1/deps/uv/include -I/home/gabsko/.node-gyp/16.17.1/deps/zlib -I/home/gabsko/.node-gyp/16.17.1/deps/v8/include -I../src/libsass/include  -fPIC -pthread -Wall -Wextra -Wno-unused-parameter -m64 -O3 -fno-omit-frame-pointer -std=gnu++14 -std=c++0x -fexceptions -frtti -MMD -MF ./Release/.deps/Release/obj.target/libsass/src/libsass/src/memory/SharedPtr.o.d.raw   -c -o Release/obj.target/libsass/src/libsass/src/memory/SharedPtr.o ../src/libsass/src/memory/SharedPtr.cpp
npm ERR!   g++ '-DNODE_GYP_MODULE_NAME=libsass' '-DUSING_UV_SHARED=1' '-DUSING_V8_SHARED=1' '-DV8_DEPRECATION_WARNINGS=1' '-DV8_DEPRECATION_WARNINGS' '-DV8_IMMINENT_DEPRECATION_WARNINGS' '-D_GLIBCXX_USE_CXX11_ABI=1' '-D_LARGEFILE_SOURCE' '-D_FILE_OFFSET_BITS=64' '-D__STDC_FORMAT_MACROS' '-DOPENSSL_NO_PINSHARED' '-DOPENSSL_THREADS' '-DLIBSASS_VERSION="3.5.5"' -I/home/gabsko/.node-gyp/16.17.1/include/node -I/home/gabsko/.node-gyp/16.17.1/src -I/home/gabsko/.node-gyp/16.17.1/deps/openssl/config -I/home/gabsko/.node-gyp/16.17.1/deps/openssl/openssl/include -I/home/gabsko/.node-gyp/16.17.1/deps/uv/include -I/home/gabsko/.node-gyp/16.17.1/deps/zlib -I/home/gabsko/.node-gyp/16.17.1/deps/v8/include -I../src/libsass/include  -fPIC -pthread -Wall -Wextra -Wno-unused-parameter -m64 -O3 -fno-omit-frame-pointer -std=gnu++14 -std=c++0x -fexceptions -frtti -MMD -MF ./Release/.deps/Release/obj.target/libsass/src/libsass/src/node.o.d.raw   -c -o Release/obj.target/libsass/src/libsass/src/node.o ../src/libsass/src/node.cpp
npm ERR!   g++ '-DNODE_GYP_MODULE_NAME=libsass' '-DUSING_UV_SHARED=1' '-DUSING_V8_SHARED=1' '-DV8_DEPRECATION_WARNINGS=1' '-DV8_DEPRECATION_WARNINGS' '-DV8_IMMINENT_DEPRECATION_WARNINGS' '-D_GLIBCXX_USE_CXX11_ABI=1' '-D_LARGEFILE_SOURCE' '-D_FILE_OFFSET_BITS=64' '-D__STDC_FORMAT_MACROS' '-DOPENSSL_NO_PINSHARED' '-DOPENSSL_THREADS' '-DLIBSASS_VERSION="3.5.5"' -I/home/gabsko/.node-gyp/16.17.1/include/node -I/home/gabsko/.node-gyp/16.17.1/src -I/home/gabsko/.node-gyp/16.17.1/deps/openssl/config -I/home/gabsko/.node-gyp/16.17.1/deps/openssl/openssl/include -I/home/gabsko/.node-gyp/16.17.1/deps/uv/include -I/home/gabsko/.node-gyp/16.17.1/deps/zlib -I/home/gabsko/.node-gyp/16.17.1/deps/v8/include -I../src/libsass/include  -fPIC -pthread -Wall -Wextra -Wno-unused-parameter -m64 -O3 -fno-omit-frame-pointer -std=gnu++14 -std=c++0x -fexceptions -frtti -MMD -MF ./Release/.deps/Release/obj.target/libsass/src/libsass/src/operators.o.d.raw   -c -o Release/obj.target/libsass/src/libsass/src/operators.o ../src/libsass/src/operators.cpp
npm ERR!   g++ '-DNODE_GYP_MODULE_NAME=libsass' '-DUSING_UV_SHARED=1' '-DUSING_V8_SHARED=1' '-DV8_DEPRECATION_WARNINGS=1' '-DV8_DEPRECATION_WARNINGS' '-DV8_IMMINENT_DEPRECATION_WARNINGS' '-D_GLIBCXX_USE_CXX11_ABI=1' '-D_LARGEFILE_SOURCE' '-D_FILE_OFFSET_BITS=64' '-D__STDC_FORMAT_MACROS' '-DOPENSSL_NO_PINSHARED' '-DOPENSSL_THREADS' '-DLIBSASS_VERSION="3.5.5"' -I/home/gabsko/.node-gyp/16.17.1/include/node -I/home/gabsko/.node-gyp/16.17.1/src -I/home/gabsko/.node-gyp/16.17.1/deps/openssl/config -I/home/gabsko/.node-gyp/16.17.1/deps/openssl/openssl/include -I/home/gabsko/.node-gyp/16.17.1/deps/uv/include -I/home/gabsko/.node-gyp/16.17.1/deps/zlib -I/home/gabsko/.node-gyp/16.17.1/deps/v8/include -I../src/libsass/include  -fPIC -pthread -Wall -Wextra -Wno-unused-parameter -m64 -O3 -fno-omit-frame-pointer -std=gnu++14 -std=c++0x -fexceptions -frtti -MMD -MF ./Release/.deps/Release/obj.target/libsass/src/libsass/src/output.o.d.raw   -c -o Release/obj.target/libsass/src/libsass/src/output.o ../src/libsass/src/output.cpp
npm ERR!   g++ '-DNODE_GYP_MODULE_NAME=libsass' '-DUSING_UV_SHARED=1' '-DUSING_V8_SHARED=1' '-DV8_DEPRECATION_WARNINGS=1' '-DV8_DEPRECATION_WARNINGS' '-DV8_IMMINENT_DEPRECATION_WARNINGS' '-D_GLIBCXX_USE_CXX11_ABI=1' '-D_LARGEFILE_SOURCE' '-D_FILE_OFFSET_BITS=64' '-D__STDC_FORMAT_MACROS' '-DOPENSSL_NO_PINSHARED' '-DOPENSSL_THREADS' '-DLIBSASS_VERSION="3.5.5"' -I/home/gabsko/.node-gyp/16.17.1/include/node -I/home/gabsko/.node-gyp/16.17.1/src -I/home/gabsko/.node-gyp/16.17.1/deps/openssl/config -I/home/gabsko/.node-gyp/16.17.1/deps/openssl/openssl/include -I/home/gabsko/.node-gyp/16.17.1/deps/uv/include -I/home/gabsko/.node-gyp/16.17.1/deps/zlib -I/home/gabsko/.node-gyp/16.17.1/deps/v8/include -I../src/libsass/include  -fPIC -pthread -Wall -Wextra -Wno-unused-parameter -m64 -O3 -fno-omit-frame-pointer -std=gnu++14 -std=c++0x -fexceptions -frtti -MMD -MF ./Release/.deps/Release/obj.target/libsass/src/libsass/src/parser.o.d.raw   -c -o Release/obj.target/libsass/src/libsass/src/parser.o ../src/libsass/src/parser.cpp
npm ERR!   g++ '-DNODE_GYP_MODULE_NAME=libsass' '-DUSING_UV_SHARED=1' '-DUSING_V8_SHARED=1' '-DV8_DEPRECATION_WARNINGS=1' '-DV8_DEPRECATION_WARNINGS' '-DV8_IMMINENT_DEPRECATION_WARNINGS' '-D_GLIBCXX_USE_CXX11_ABI=1' '-D_LARGEFILE_SOURCE' '-D_FILE_OFFSET_BITS=64' '-D__STDC_FORMAT_MACROS' '-DOPENSSL_NO_PINSHARED' '-DOPENSSL_THREADS' '-DLIBSASS_VERSION="3.5.5"' -I/home/gabsko/.node-gyp/16.17.1/include/node -I/home/gabsko/.node-gyp/16.17.1/src -I/home/gabsko/.node-gyp/16.17.1/deps/openssl/config -I/home/gabsko/.node-gyp/16.17.1/deps/openssl/openssl/include -I/home/gabsko/.node-gyp/16.17.1/deps/uv/include -I/home/gabsko/.node-gyp/16.17.1/deps/zlib -I/home/gabsko/.node-gyp/16.17.1/deps/v8/include -I../src/libsass/include  -fPIC -pthread -Wall -Wextra -Wno-unused-parameter -m64 -O3 -fno-omit-frame-pointer -std=gnu++14 -std=c++0x -fexceptions -frtti -MMD -MF ./Release/.deps/Release/obj.target/libsass/src/libsass/src/plugins.o.d.raw   -c -o Release/obj.target/libsass/src/libsass/src/plugins.o ../src/libsass/src/plugins.cpp
npm ERR!   g++ '-DNODE_GYP_MODULE_NAME=libsass' '-DUSING_UV_SHARED=1' '-DUSING_V8_SHARED=1' '-DV8_DEPRECATION_WARNINGS=1' '-DV8_DEPRECATION_WARNINGS' '-DV8_IMMINENT_DEPRECATION_WARNINGS' '-D_GLIBCXX_USE_CXX11_ABI=1' '-D_LARGEFILE_SOURCE' '-D_FILE_OFFSET_BITS=64' '-D__STDC_FORMAT_MACROS' '-DOPENSSL_NO_PINSHARED' '-DOPENSSL_THREADS' '-DLIBSASS_VERSION="3.5.5"' -I/home/gabsko/.node-gyp/16.17.1/include/node -I/home/gabsko/.node-gyp/16.17.1/src -I/home/gabsko/.node-gyp/16.17.1/deps/openssl/config -I/home/gabsko/.node-gyp/16.17.1/deps/openssl/openssl/include -I/home/gabsko/.node-gyp/16.17.1/deps/uv/include -I/home/gabsko/.node-gyp/16.17.1/deps/zlib -I/home/gabsko/.node-gyp/16.17.1/deps/v8/include -I../src/libsass/include  -fPIC -pthread -Wall -Wextra -Wno-unused-parameter -m64 -O3 -fno-omit-frame-pointer -std=gnu++14 -std=c++0x -fexceptions -frtti -MMD -MF ./Release/.deps/Release/obj.target/libsass/src/libsass/src/position.o.d.raw   -c -o Release/obj.target/libsass/src/libsass/src/position.o ../src/libsass/src/position.cpp
npm ERR!   g++ '-DNODE_GYP_MODULE_NAME=libsass' '-DUSING_UV_SHARED=1' '-DUSING_V8_SHARED=1' '-DV8_DEPRECATION_WARNINGS=1' '-DV8_DEPRECATION_WARNINGS' '-DV8_IMMINENT_DEPRECATION_WARNINGS' '-D_GLIBCXX_USE_CXX11_ABI=1' '-D_LARGEFILE_SOURCE' '-D_FILE_OFFSET_BITS=64' '-D__STDC_FORMAT_MACROS' '-DOPENSSL_NO_PINSHARED' '-DOPENSSL_THREADS' '-DLIBSASS_VERSION="3.5.5"' -I/home/gabsko/.node-gyp/16.17.1/include/node -I/home/gabsko/.node-gyp/16.17.1/src -I/home/gabsko/.node-gyp/16.17.1/deps/openssl/config -I/home/gabsko/.node-gyp/16.17.1/deps/openssl/openssl/include -I/home/gabsko/.node-gyp/16.17.1/deps/uv/include -I/home/gabsko/.node-gyp/16.17.1/deps/zlib -I/home/gabsko/.node-gyp/16.17.1/deps/v8/include -I../src/libsass/include  -fPIC -pthread -Wall -Wextra -Wno-unused-parameter -m64 -O3 -fno-omit-frame-pointer -std=gnu++14 -std=c++0x -fexceptions -frtti -MMD -MF ./Release/.deps/Release/obj.target/libsass/src/libsass/src/prelexer.o.d.raw   -c -o Release/obj.target/libsass/src/libsass/src/prelexer.o ../src/libsass/src/prelexer.cpp
npm ERR!   g++ '-DNODE_GYP_MODULE_NAME=libsass' '-DUSING_UV_SHARED=1' '-DUSING_V8_SHARED=1' '-DV8_DEPRECATION_WARNINGS=1' '-DV8_DEPRECATION_WARNINGS' '-DV8_IMMINENT_DEPRECATION_WARNINGS' '-D_GLIBCXX_USE_CXX11_ABI=1' '-D_LARGEFILE_SOURCE' '-D_FILE_OFFSET_BITS=64' '-D__STDC_FORMAT_MACROS' '-DOPENSSL_NO_PINSHARED' '-DOPENSSL_THREADS' '-DLIBSASS_VERSION="3.5.5"' -I/home/gabsko/.node-gyp/16.17.1/include/node -I/home/gabsko/.node-gyp/16.17.1/src -I/home/gabsko/.node-gyp/16.17.1/deps/openssl/config -I/home/gabsko/.node-gyp/16.17.1/deps/openssl/openssl/include -I/home/gabsko/.node-gyp/16.17.1/deps/uv/include -I/home/gabsko/.node-gyp/16.17.1/deps/zlib -I/home/gabsko/.node-gyp/16.17.1/deps/v8/include -I../src/libsass/include  -fPIC -pthread -Wall -Wextra -Wno-unused-parameter -m64 -O3 -fno-omit-frame-pointer -std=gnu++14 -std=c++0x -fexceptions -frtti -MMD -MF ./Release/.deps/Release/obj.target/libsass/src/libsass/src/remove_placeholders.o.d.raw   -c -o Release/obj.target/libsass/src/libsass/src/remove_placeholders.o ../src/libsass/src/remove_placeholders.cpp
npm ERR!   g++ '-DNODE_GYP_MODULE_NAME=libsass' '-DUSING_UV_SHARED=1' '-DUSING_V8_SHARED=1' '-DV8_DEPRECATION_WARNINGS=1' '-DV8_DEPRECATION_WARNINGS' '-DV8_IMMINENT_DEPRECATION_WARNINGS' '-D_GLIBCXX_USE_CXX11_ABI=1' '-D_LARGEFILE_SOURCE' '-D_FILE_OFFSET_BITS=64' '-D__STDC_FORMAT_MACROS' '-DOPENSSL_NO_PINSHARED' '-DOPENSSL_THREADS' '-DLIBSASS_VERSION="3.5.5"' -I/home/gabsko/.node-gyp/16.17.1/include/node -I/home/gabsko/.node-gyp/16.17.1/src -I/home/gabsko/.node-gyp/16.17.1/deps/openssl/config -I/home/gabsko/.node-gyp/16.17.1/deps/openssl/openssl/include -I/home/gabsko/.node-gyp/16.17.1/deps/uv/include -I/home/gabsko/.node-gyp/16.17.1/deps/zlib -I/home/gabsko/.node-gyp/16.17.1/deps/v8/include -I../src/libsass/include  -fPIC -pthread -Wall -Wextra -Wno-unused-parameter -m64 -O3 -fno-omit-frame-pointer -std=gnu++14 -std=c++0x -fexceptions -frtti -MMD -MF ./Release/.deps/Release/obj.target/libsass/src/libsass/src/sass.o.d.raw   -c -o Release/obj.target/libsass/src/libsass/src/sass.o ../src/libsass/src/sass.cpp
npm ERR!   g++ '-DNODE_GYP_MODULE_NAME=libsass' '-DUSING_UV_SHARED=1' '-DUSING_V8_SHARED=1' '-DV8_DEPRECATION_WARNINGS=1' '-DV8_DEPRECATION_WARNINGS' '-DV8_IMMINENT_DEPRECATION_WARNINGS' '-D_GLIBCXX_USE_CXX11_ABI=1' '-D_LARGEFILE_SOURCE' '-D_FILE_OFFSET_BITS=64' '-D__STDC_FORMAT_MACROS' '-DOPENSSL_NO_PINSHARED' '-DOPENSSL_THREADS' '-DLIBSASS_VERSION="3.5.5"' -I/home/gabsko/.node-gyp/16.17.1/include/node -I/home/gabsko/.node-gyp/16.17.1/src -I/home/gabsko/.node-gyp/16.17.1/deps/openssl/config -I/home/gabsko/.node-gyp/16.17.1/deps/openssl/openssl/include -I/home/gabsko/.node-gyp/16.17.1/deps/uv/include -I/home/gabsko/.node-gyp/16.17.1/deps/zlib -I/home/gabsko/.node-gyp/16.17.1/deps/v8/include -I../src/libsass/include  -fPIC -pthread -Wall -Wextra -Wno-unused-parameter -m64 -O3 -fno-omit-frame-pointer -std=gnu++14 -std=c++0x -fexceptions -frtti -MMD -MF ./Release/.deps/Release/obj.target/libsass/src/libsass/src/sass2scss.o.d.raw   -c -o Release/obj.target/libsass/src/libsass/src/sass2scss.o ../src/libsass/src/sass2scss.cpp
npm ERR!   g++ '-DNODE_GYP_MODULE_NAME=libsass' '-DUSING_UV_SHARED=1' '-DUSING_V8_SHARED=1' '-DV8_DEPRECATION_WARNINGS=1' '-DV8_DEPRECATION_WARNINGS' '-DV8_IMMINENT_DEPRECATION_WARNINGS' '-D_GLIBCXX_USE_CXX11_ABI=1' '-D_LARGEFILE_SOURCE' '-D_FILE_OFFSET_BITS=64' '-D__STDC_FORMAT_MACROS' '-DOPENSSL_NO_PINSHARED' '-DOPENSSL_THREADS' '-DLIBSASS_VERSION="3.5.5"' -I/home/gabsko/.node-gyp/16.17.1/include/node -I/home/gabsko/.node-gyp/16.17.1/src -I/home/gabsko/.node-gyp/16.17.1/deps/openssl/config -I/home/gabsko/.node-gyp/16.17.1/deps/openssl/openssl/include -I/home/gabsko/.node-gyp/16.17.1/deps/uv/include -I/home/gabsko/.node-gyp/16.17.1/deps/zlib -I/home/gabsko/.node-gyp/16.17.1/deps/v8/include -I../src/libsass/include  -fPIC -pthread -Wall -Wextra -Wno-unused-parameter -m64 -O3 -fno-omit-frame-pointer -std=gnu++14 -std=c++0x -fexceptions -frtti -MMD -MF ./Release/.deps/Release/obj.target/libsass/src/libsass/src/sass_context.o.d.raw   -c -o Release/obj.target/libsass/src/libsass/src/sass_context.o ../src/libsass/src/sass_context.cpp
npm ERR!   g++ '-DNODE_GYP_MODULE_NAME=libsass' '-DUSING_UV_SHARED=1' '-DUSING_V8_SHARED=1' '-DV8_DEPRECATION_WARNINGS=1' '-DV8_DEPRECATION_WARNINGS' '-DV8_IMMINENT_DEPRECATION_WARNINGS' '-D_GLIBCXX_USE_CXX11_ABI=1' '-D_LARGEFILE_SOURCE' '-D_FILE_OFFSET_BITS=64' '-D__STDC_FORMAT_MACROS' '-DOPENSSL_NO_PINSHARED' '-DOPENSSL_THREADS' '-DLIBSASS_VERSION="3.5.5"' -I/home/gabsko/.node-gyp/16.17.1/include/node -I/home/gabsko/.node-gyp/16.17.1/src -I/home/gabsko/.node-gyp/16.17.1/deps/openssl/config -I/home/gabsko/.node-gyp/16.17.1/deps/openssl/openssl/include -I/home/gabsko/.node-gyp/16.17.1/deps/uv/include -I/home/gabsko/.node-gyp/16.17.1/deps/zlib -I/home/gabsko/.node-gyp/16.17.1/deps/v8/include -I../src/libsass/include  -fPIC -pthread -Wall -Wextra -Wno-unused-parameter -m64 -O3 -fno-omit-frame-pointer -std=gnu++14 -std=c++0x -fexceptions -frtti -MMD -MF ./Release/.deps/Release/obj.target/libsass/src/libsass/src/sass_functions.o.d.raw   -c -o Release/obj.target/libsass/src/libsass/src/sass_functions.o ../src/libsass/src/sass_functions.cpp
npm ERR!   g++ '-DNODE_GYP_MODULE_NAME=libsass' '-DUSING_UV_SHARED=1' '-DUSING_V8_SHARED=1' '-DV8_DEPRECATION_WARNINGS=1' '-DV8_DEPRECATION_WARNINGS' '-DV8_IMMINENT_DEPRECATION_WARNINGS' '-D_GLIBCXX_USE_CXX11_ABI=1' '-D_LARGEFILE_SOURCE' '-D_FILE_OFFSET_BITS=64' '-D__STDC_FORMAT_MACROS' '-DOPENSSL_NO_PINSHARED' '-DOPENSSL_THREADS' '-DLIBSASS_VERSION="3.5.5"' -I/home/gabsko/.node-gyp/16.17.1/include/node -I/home/gabsko/.node-gyp/16.17.1/src -I/home/gabsko/.node-gyp/16.17.1/deps/openssl/config -I/home/gabsko/.node-gyp/16.17.1/deps/openssl/openssl/include -I/home/gabsko/.node-gyp/16.17.1/deps/uv/include -I/home/gabsko/.node-gyp/16.17.1/deps/zlib -I/home/gabsko/.node-gyp/16.17.1/deps/v8/include -I../src/libsass/include  -fPIC -pthread -Wall -Wextra -Wno-unused-parameter -m64 -O3 -fno-omit-frame-pointer -std=gnu++14 -std=c++0x -fexceptions -frtti -MMD -MF ./Release/.deps/Release/obj.target/libsass/src/libsass/src/sass_util.o.d.raw   -c -o Release/obj.target/libsass/src/libsass/src/sass_util.o ../src/libsass/src/sass_util.cpp
npm ERR!   g++ '-DNODE_GYP_MODULE_NAME=libsass' '-DUSING_UV_SHARED=1' '-DUSING_V8_SHARED=1' '-DV8_DEPRECATION_WARNINGS=1' '-DV8_DEPRECATION_WARNINGS' '-DV8_IMMINENT_DEPRECATION_WARNINGS' '-D_GLIBCXX_USE_CXX11_ABI=1' '-D_LARGEFILE_SOURCE' '-D_FILE_OFFSET_BITS=64' '-D__STDC_FORMAT_MACROS' '-DOPENSSL_NO_PINSHARED' '-DOPENSSL_THREADS' '-DLIBSASS_VERSION="3.5.5"' -I/home/gabsko/.node-gyp/16.17.1/include/node -I/home/gabsko/.node-gyp/16.17.1/src -I/home/gabsko/.node-gyp/16.17.1/deps/openssl/config -I/home/gabsko/.node-gyp/16.17.1/deps/openssl/openssl/include -I/home/gabsko/.node-gyp/16.17.1/deps/uv/include -I/home/gabsko/.node-gyp/16.17.1/deps/zlib -I/home/gabsko/.node-gyp/16.17.1/deps/v8/include -I../src/libsass/include  -fPIC -pthread -Wall -Wextra -Wno-unused-parameter -m64 -O3 -fno-omit-frame-pointer -std=gnu++14 -std=c++0x -fexceptions -frtti -MMD -MF ./Release/.deps/Release/obj.target/libsass/src/libsass/src/sass_values.o.d.raw   -c -o Release/obj.target/libsass/src/libsass/src/sass_values.o ../src/libsass/src/sass_values.cpp
npm ERR!   g++ '-DNODE_GYP_MODULE_NAME=libsass' '-DUSING_UV_SHARED=1' '-DUSING_V8_SHARED=1' '-DV8_DEPRECATION_WARNINGS=1' '-DV8_DEPRECATION_WARNINGS' '-DV8_IMMINENT_DEPRECATION_WARNINGS' '-D_GLIBCXX_USE_CXX11_ABI=1' '-D_LARGEFILE_SOURCE' '-D_FILE_OFFSET_BITS=64' '-D__STDC_FORMAT_MACROS' '-DOPENSSL_NO_PINSHARED' '-DOPENSSL_THREADS' '-DLIBSASS_VERSION="3.5.5"' -I/home/gabsko/.node-gyp/16.17.1/include/node -I/home/gabsko/.node-gyp/16.17.1/src -I/home/gabsko/.node-gyp/16.17.1/deps/openssl/config -I/home/gabsko/.node-gyp/16.17.1/deps/openssl/openssl/include -I/home/gabsko/.node-gyp/16.17.1/deps/uv/include -I/home/gabsko/.node-gyp/16.17.1/deps/zlib -I/home/gabsko/.node-gyp/16.17.1/deps/v8/include -I../src/libsass/include  -fPIC -pthread -Wall -Wextra -Wno-unused-parameter -m64 -O3 -fno-omit-frame-pointer -std=gnu++14 -std=c++0x -fexceptions -frtti -MMD -MF ./Release/.deps/Release/obj.target/libsass/src/libsass/src/source_map.o.d.raw   -c -o Release/obj.target/libsass/src/libsass/src/source_map.o ../src/libsass/src/source_map.cpp
npm ERR!   g++ '-DNODE_GYP_MODULE_NAME=libsass' '-DUSING_UV_SHARED=1' '-DUSING_V8_SHARED=1' '-DV8_DEPRECATION_WARNINGS=1' '-DV8_DEPRECATION_WARNINGS' '-DV8_IMMINENT_DEPRECATION_WARNINGS' '-D_GLIBCXX_USE_CXX11_ABI=1' '-D_LARGEFILE_SOURCE' '-D_FILE_OFFSET_BITS=64' '-D__STDC_FORMAT_MACROS' '-DOPENSSL_NO_PINSHARED' '-DOPENSSL_THREADS' '-DLIBSASS_VERSION="3.5.5"' -I/home/gabsko/.node-gyp/16.17.1/include/node -I/home/gabsko/.node-gyp/16.17.1/src -I/home/gabsko/.node-gyp/16.17.1/deps/openssl/config -I/home/gabsko/.node-gyp/16.17.1/deps/openssl/openssl/include -I/home/gabsko/.node-gyp/16.17.1/deps/uv/include -I/home/gabsko/.node-gyp/16.17.1/deps/zlib -I/home/gabsko/.node-gyp/16.17.1/deps/v8/include -I../src/libsass/include  -fPIC -pthread -Wall -Wextra -Wno-unused-parameter -m64 -O3 -fno-omit-frame-pointer -std=gnu++14 -std=c++0x -fexceptions -frtti -MMD -MF ./Release/.deps/Release/obj.target/libsass/src/libsass/src/subset_map.o.d.raw   -c -o Release/obj.target/libsass/src/libsass/src/subset_map.o ../src/libsass/src/subset_map.cpp
npm ERR!   g++ '-DNODE_GYP_MODULE_NAME=libsass' '-DUSING_UV_SHARED=1' '-DUSING_V8_SHARED=1' '-DV8_DEPRECATION_WARNINGS=1' '-DV8_DEPRECATION_WARNINGS' '-DV8_IMMINENT_DEPRECATION_WARNINGS' '-D_GLIBCXX_USE_CXX11_ABI=1' '-D_LARGEFILE_SOURCE' '-D_FILE_OFFSET_BITS=64' '-D__STDC_FORMAT_MACROS' '-DOPENSSL_NO_PINSHARED' '-DOPENSSL_THREADS' '-DLIBSASS_VERSION="3.5.5"' -I/home/gabsko/.node-gyp/16.17.1/include/node -I/home/gabsko/.node-gyp/16.17.1/src -I/home/gabsko/.node-gyp/16.17.1/deps/openssl/config -I/home/gabsko/.node-gyp/16.17.1/deps/openssl/openssl/include -I/home/gabsko/.node-gyp/16.17.1/deps/uv/include -I/home/gabsko/.node-gyp/16.17.1/deps/zlib -I/home/gabsko/.node-gyp/16.17.1/deps/v8/include -I../src/libsass/include  -fPIC -pthread -Wall -Wextra -Wno-unused-parameter -m64 -O3 -fno-omit-frame-pointer -std=gnu++14 -std=c++0x -fexceptions -frtti -MMD -MF ./Release/.deps/Release/obj.target/libsass/src/libsass/src/to_c.o.d.raw   -c -o Release/obj.target/libsass/src/libsass/src/to_c.o ../src/libsass/src/to_c.cpp
npm ERR!   g++ '-DNODE_GYP_MODULE_NAME=libsass' '-DUSING_UV_SHARED=1' '-DUSING_V8_SHARED=1' '-DV8_DEPRECATION_WARNINGS=1' '-DV8_DEPRECATION_WARNINGS' '-DV8_IMMINENT_DEPRECATION_WARNINGS' '-D_GLIBCXX_USE_CXX11_ABI=1' '-D_LARGEFILE_SOURCE' '-D_FILE_OFFSET_BITS=64' '-D__STDC_FORMAT_MACROS' '-DOPENSSL_NO_PINSHARED' '-DOPENSSL_THREADS' '-DLIBSASS_VERSION="3.5.5"' -I/home/gabsko/.node-gyp/16.17.1/include/node -I/home/gabsko/.node-gyp/16.17.1/src -I/home/gabsko/.node-gyp/16.17.1/deps/openssl/config -I/home/gabsko/.node-gyp/16.17.1/deps/openssl/openssl/include -I/home/gabsko/.node-gyp/16.17.1/deps/uv/include -I/home/gabsko/.node-gyp/16.17.1/deps/zlib -I/home/gabsko/.node-gyp/16.17.1/deps/v8/include -I../src/libsass/include  -fPIC -pthread -Wall -Wextra -Wno-unused-parameter -m64 -O3 -fno-omit-frame-pointer -std=gnu++14 -std=c++0x -fexceptions -frtti -MMD -MF ./Release/.deps/Release/obj.target/libsass/src/libsass/src/to_value.o.d.raw   -c -o Release/obj.target/libsass/src/libsass/src/to_value.o ../src/libsass/src/to_value.cpp
npm ERR!   g++ '-DNODE_GYP_MODULE_NAME=libsass' '-DUSING_UV_SHARED=1' '-DUSING_V8_SHARED=1' '-DV8_DEPRECATION_WARNINGS=1' '-DV8_DEPRECATION_WARNINGS' '-DV8_IMMINENT_DEPRECATION_WARNINGS' '-D_GLIBCXX_USE_CXX11_ABI=1' '-D_LARGEFILE_SOURCE' '-D_FILE_OFFSET_BITS=64' '-D__STDC_FORMAT_MACROS' '-DOPENSSL_NO_PINSHARED' '-DOPENSSL_THREADS' '-DLIBSASS_VERSION="3.5.5"' -I/home/gabsko/.node-gyp/16.17.1/include/node -I/home/gabsko/.node-gyp/16.17.1/src -I/home/gabsko/.node-gyp/16.17.1/deps/openssl/config -I/home/gabsko/.node-gyp/16.17.1/deps/openssl/openssl/include -I/home/gabsko/.node-gyp/16.17.1/deps/uv/include -I/home/gabsko/.node-gyp/16.17.1/deps/zlib -I/home/gabsko/.node-gyp/16.17.1/deps/v8/include -I../src/libsass/include  -fPIC -pthread -Wall -Wextra -Wno-unused-parameter -m64 -O3 -fno-omit-frame-pointer -std=gnu++14 -std=c++0x -fexceptions -frtti -MMD -MF ./Release/.deps/Release/obj.target/libsass/src/libsass/src/units.o.d.raw   -c -o Release/obj.target/libsass/src/libsass/src/units.o ../src/libsass/src/units.cpp
npm ERR!   g++ '-DNODE_GYP_MODULE_NAME=libsass' '-DUSING_UV_SHARED=1' '-DUSING_V8_SHARED=1' '-DV8_DEPRECATION_WARNINGS=1' '-DV8_DEPRECATION_WARNINGS' '-DV8_IMMINENT_DEPRECATION_WARNINGS' '-D_GLIBCXX_USE_CXX11_ABI=1' '-D_LARGEFILE_SOURCE' '-D_FILE_OFFSET_BITS=64' '-D__STDC_FORMAT_MACROS' '-DOPENSSL_NO_PINSHARED' '-DOPENSSL_THREADS' '-DLIBSASS_VERSION="3.5.5"' -I/home/gabsko/.node-gyp/16.17.1/include/node -I/home/gabsko/.node-gyp/16.17.1/src -I/home/gabsko/.node-gyp/16.17.1/deps/openssl/config -I/home/gabsko/.node-gyp/16.17.1/deps/openssl/openssl/include -I/home/gabsko/.node-gyp/16.17.1/deps/uv/include -I/home/gabsko/.node-gyp/16.17.1/deps/zlib -I/home/gabsko/.node-gyp/16.17.1/deps/v8/include -I../src/libsass/include  -fPIC -pthread -Wall -Wextra -Wno-unused-parameter -m64 -O3 -fno-omit-frame-pointer -std=gnu++14 -std=c++0x -fexceptions -frtti -MMD -MF ./Release/.deps/Release/obj.target/libsass/src/libsass/src/utf8_string.o.d.raw   -c -o Release/obj.target/libsass/src/libsass/src/utf8_string.o ../src/libsass/src/utf8_string.cpp
npm ERR!   g++ '-DNODE_GYP_MODULE_NAME=libsass' '-DUSING_UV_SHARED=1' '-DUSING_V8_SHARED=1' '-DV8_DEPRECATION_WARNINGS=1' '-DV8_DEPRECATION_WARNINGS' '-DV8_IMMINENT_DEPRECATION_WARNINGS' '-D_GLIBCXX_USE_CXX11_ABI=1' '-D_LARGEFILE_SOURCE' '-D_FILE_OFFSET_BITS=64' '-D__STDC_FORMAT_MACROS' '-DOPENSSL_NO_PINSHARED' '-DOPENSSL_THREADS' '-DLIBSASS_VERSION="3.5.5"' -I/home/gabsko/.node-gyp/16.17.1/include/node -I/home/gabsko/.node-gyp/16.17.1/src -I/home/gabsko/.node-gyp/16.17.1/deps/openssl/config -I/home/gabsko/.node-gyp/16.17.1/deps/openssl/openssl/include -I/home/gabsko/.node-gyp/16.17.1/deps/uv/include -I/home/gabsko/.node-gyp/16.17.1/deps/zlib -I/home/gabsko/.node-gyp/16.17.1/deps/v8/include -I../src/libsass/include  -fPIC -pthread -Wall -Wextra -Wno-unused-parameter -m64 -O3 -fno-omit-frame-pointer -std=gnu++14 -std=c++0x -fexceptions -frtti -MMD -MF ./Release/.deps/Release/obj.target/libsass/src/libsass/src/util.o.d.raw   -c -o Release/obj.target/libsass/src/libsass/src/util.o ../src/libsass/src/util.cpp
npm ERR!   g++ '-DNODE_GYP_MODULE_NAME=libsass' '-DUSING_UV_SHARED=1' '-DUSING_V8_SHARED=1' '-DV8_DEPRECATION_WARNINGS=1' '-DV8_DEPRECATION_WARNINGS' '-DV8_IMMINENT_DEPRECATION_WARNINGS' '-D_GLIBCXX_USE_CXX11_ABI=1' '-D_LARGEFILE_SOURCE' '-D_FILE_OFFSET_BITS=64' '-D__STDC_FORMAT_MACROS' '-DOPENSSL_NO_PINSHARED' '-DOPENSSL_THREADS' '-DLIBSASS_VERSION="3.5.5"' -I/home/gabsko/.node-gyp/16.17.1/include/node -I/home/gabsko/.node-gyp/16.17.1/src -I/home/gabsko/.node-gyp/16.17.1/deps/openssl/config -I/home/gabsko/.node-gyp/16.17.1/deps/openssl/openssl/include -I/home/gabsko/.node-gyp/16.17.1/deps/uv/include -I/home/gabsko/.node-gyp/16.17.1/deps/zlib -I/home/gabsko/.node-gyp/16.17.1/deps/v8/include -I../src/libsass/include  -fPIC -pthread -Wall -Wextra -Wno-unused-parameter -m64 -O3 -fno-omit-frame-pointer -std=gnu++14 -std=c++0x -fexceptions -frtti -MMD -MF ./Release/.deps/Release/obj.target/libsass/src/libsass/src/values.o.d.raw   -c -o Release/obj.target/libsass/src/libsass/src/values.o ../src/libsass/src/values.cpp
npm ERR!   rm -f Release/obj.target/src/sass.a && ar crs Release/obj.target/src/sass.a Release/obj.target/libsass/src/libsass/src/ast.o Release/obj.target/libsass/src/libsass/src/ast_fwd_decl.o Release/obj.target/libsass/src/libsass/src/backtrace.o Release/obj.target/libsass/src/libsass/src/base64vlq.o Release/obj.target/libsass/src/libsass/src/bind.o Release/obj.target/libsass/src/libsass/src/cencode.o Release/obj.target/libsass/src/libsass/src/check_nesting.o Release/obj.target/libsass/src/libsass/src/color_maps.o Release/obj.target/libsass/src/libsass/src/constants.o Release/obj.target/libsass/src/libsass/src/context.o Release/obj.target/libsass/src/libsass/src/cssize.o Release/obj.target/libsass/src/libsass/src/emitter.o Release/obj.target/libsass/src/libsass/src/environment.o Release/obj.target/libsass/src/libsass/src/error_handling.o Release/obj.target/libsass/src/libsass/src/eval.o Release/obj.target/libsass/src/libsass/src/expand.o Release/obj.target/libsass/src/libsass/src/extend.o Release/obj.target/libsass/src/libsass/src/file.o Release/obj.target/libsass/src/libsass/src/functions.o Release/obj.target/libsass/src/libsass/src/inspect.o Release/obj.target/libsass/src/libsass/src/json.o Release/obj.target/libsass/src/libsass/src/lexer.o Release/obj.target/libsass/src/libsass/src/listize.o Release/obj.target/libsass/src/libsass/src/memory/SharedPtr.o Release/obj.target/libsass/src/libsass/src/node.o Release/obj.target/libsass/src/libsass/src/operators.o Release/obj.target/libsass/src/libsass/src/output.o Release/obj.target/libsass/src/libsass/src/parser.o Release/obj.target/libsass/src/libsass/src/plugins.o Release/obj.target/libsass/src/libsass/src/position.o Release/obj.target/libsass/src/libsass/src/prelexer.o Release/obj.target/libsass/src/libsass/src/remove_placeholders.o Release/obj.target/libsass/src/libsass/src/sass.o Release/obj.target/libsass/src/libsass/src/sass2scss.o Release/obj.target/libsass/src/libsass/src/sass_context.o Release/obj.target/libsass/src/libsass/src/sass_functions.o Release/obj.target/libsass/src/libsass/src/sass_util.o Release/obj.target/libsass/src/libsass/src/sass_values.o Release/obj.target/libsass/src/libsass/src/source_map.o Release/obj.target/libsass/src/libsass/src/subset_map.o Release/obj.target/libsass/src/libsass/src/to_c.o Release/obj.target/libsass/src/libsass/src/to_value.o Release/obj.target/libsass/src/libsass/src/units.o Release/obj.target/libsass/src/libsass/src/utf8_string.o Release/obj.target/libsass/src/libsass/src/util.o Release/obj.target/libsass/src/libsass/src/values.o
npm ERR!   rm -rf "Release/sass.a" && cp -af "Release/obj.target/src/sass.a" "Release/sass.a"
npm ERR!   g++ '-DNODE_GYP_MODULE_NAME=binding' '-DUSING_UV_SHARED=1' '-DUSING_V8_SHARED=1' '-DV8_DEPRECATION_WARNINGS=1' '-DV8_DEPRECATION_WARNINGS' '-DV8_IMMINENT_DEPRECATION_WARNINGS' '-D_GLIBCXX_USE_CXX11_ABI=1' '-D_LARGEFILE_SOURCE' '-D_FILE_OFFSET_BITS=64' '-D__STDC_FORMAT_MACROS' '-DOPENSSL_NO_PINSHARED' '-DOPENSSL_THREADS' '-DBUILDING_NODE_EXTENSION' -I/home/gabsko/.node-gyp/16.17.1/include/node -I/home/gabsko/.node-gyp/16.17.1/src -I/home/gabsko/.node-gyp/16.17.1/deps/openssl/config -I/home/gabsko/.node-gyp/16.17.1/deps/openssl/openssl/include -I/home/gabsko/.node-gyp/16.17.1/deps/uv/include -I/home/gabsko/.node-gyp/16.17.1/deps/zlib -I/home/gabsko/.node-gyp/16.17.1/deps/v8/include -I../../nan -I../src/libsass/include  -fPIC -pthread -Wall -Wextra -Wno-unused-parameter -m64 -O3 -fno-omit-frame-pointer -fno-rtti -fno-exceptions -std=gnu++14 -std=c++0x -MMD -MF ./Release/.deps/Release/obj.target/binding/src/binding.o.d.raw   -c -o Release/obj.target/binding/src/binding.o ../src/binding.cpp
npm ERR! binding.target.mk:133: recipe for target 'Release/obj.target/binding/src/binding.o' failed
npm ERR! make: Leaving directory '/home/gabsko/breaking-updates/src/ui/node_modules/node-sass/build'
npm ERR! gyp info it worked if it ends with ok
npm ERR! gyp verb cli [
npm ERR! gyp verb cli   '/usr/local/bin/node',
npm ERR! gyp verb cli   '/home/gabsko/breaking-updates/src/ui/node_modules/node-gyp/bin/node-gyp.js',
npm ERR! gyp verb cli   'rebuild',
npm ERR! gyp verb cli   '--verbose',
npm ERR! gyp verb cli   '--libsass_ext=',
npm ERR! gyp verb cli   '--libsass_cflags=',
npm ERR! gyp verb cli   '--libsass_ldflags=',
npm ERR! gyp verb cli   '--libsass_library='
npm ERR! gyp verb cli ]
npm ERR! gyp info using node-gyp@3.8.0
npm ERR! gyp info using node@16.17.1 | linux | x64
npm ERR! gyp verb command rebuild []
npm ERR! gyp verb command clean []
npm ERR! gyp verb clean removing "build" directory
npm ERR! gyp verb command configure []
npm ERR! gyp verb check python checking for Python executable "python2" in the PATH
npm ERR! gyp verb `which` succeeded python2 /usr/bin/python2
npm ERR! gyp verb check python version `/usr/bin/python2 -c "import sys; print "2.7.17
npm ERR! gyp verb check python version .%s.%s" % sys.version_info[:3];"` returned: %j
npm ERR! gyp verb get node dir no --target version specified, falling back to host node version: 16.17.1
npm ERR! gyp verb command install [ '16.17.1' ]
npm ERR! gyp verb install input version string "16.17.1"
npm ERR! gyp verb install installing version: 16.17.1
npm ERR! gyp verb install --ensure was passed, so won't reinstall if already installed
npm ERR! gyp verb install version is already installed, need to check "installVersion"
npm ERR! gyp verb got "installVersion" 9
npm ERR! gyp verb needs "installVersion" 9
npm ERR! gyp verb install version is good
npm ERR! gyp verb get node dir target node version installed: 16.17.1
npm ERR! gyp verb build dir attempting to create "build" dir: /home/gabsko/breaking-updates/src/ui/node_modules/node-sass/build
npm ERR! gyp verb build dir "build" dir needed to be created? /home/gabsko/breaking-updates/src/ui/node_modules/node-sass/build
npm ERR! gyp verb build/config.gypi creating config file
npm ERR! gyp verb build/config.gypi writing out config file: /home/gabsko/breaking-updates/src/ui/node_modules/node-sass/build/config.gypi
npm ERR! (node:34630) [DEP0150] DeprecationWarning: Setting process.config is deprecated. In the future the property will be read-only.
npm ERR! (Use `node --trace-deprecation ...` to show where the warning was created)
npm ERR! gyp verb config.gypi checking for gypi file: /home/gabsko/breaking-updates/src/ui/node_modules/node-sass/config.gypi
npm ERR! gyp verb common.gypi checking for gypi file: /home/gabsko/breaking-updates/src/ui/node_modules/node-sass/common.gypi
npm ERR! gyp verb gyp gyp format was not specified; forcing "make"
npm ERR! gyp info spawn /usr/bin/python2
npm ERR! gyp info spawn args [
npm ERR! gyp info spawn args   '/home/gabsko/breaking-updates/src/ui/node_modules/node-gyp/gyp/gyp_main.py',
npm ERR! gyp info spawn args   'binding.gyp',
npm ERR! gyp info spawn args   '-f',
npm ERR! gyp info spawn args   'make',
npm ERR! gyp info spawn args   '-I',
npm ERR! gyp info spawn args   '/home/gabsko/breaking-updates/src/ui/node_modules/node-sass/build/config.gypi',
npm ERR! gyp info spawn args   '-I',
npm ERR! gyp info spawn args   '/home/gabsko/breaking-updates/src/ui/node_modules/node-gyp/addon.gypi',
npm ERR! gyp info spawn args   '-I',
npm ERR! gyp info spawn args   '/home/gabsko/.node-gyp/16.17.1/include/node/common.gypi',
npm ERR! gyp info spawn args   '-Dlibrary=shared_library',
npm ERR! gyp info spawn args   '-Dvisibility=default',
npm ERR! gyp info spawn args   '-Dnode_root_dir=/home/gabsko/.node-gyp/16.17.1',
npm ERR! gyp info spawn args   '-Dnode_gyp_dir=/home/gabsko/breaking-updates/src/ui/node_modules/node-gyp',
npm ERR! gyp info spawn args   '-Dnode_lib_file=/home/gabsko/.node-gyp/16.17.1/<(target_arch)/node.lib',
npm ERR! gyp info spawn args   '-Dmodule_root_dir=/home/gabsko/breaking-updates/src/ui/node_modules/node-sass',
npm ERR! gyp info spawn args   '-Dnode_engine=v8',
npm ERR! gyp info spawn args   '--depth=.',
npm ERR! gyp info spawn args   '--no-parallel',
npm ERR! gyp info spawn args   '--generator-output',
npm ERR! gyp info spawn args   'build',
npm ERR! gyp info spawn args   '-Goutput_dir=.'
npm ERR! gyp info spawn args ]
npm ERR! gyp verb command build []
npm ERR! gyp verb build type Release
npm ERR! gyp verb architecture x64
npm ERR! gyp verb node dev dir /home/gabsko/.node-gyp/16.17.1
npm ERR! gyp verb `which` succeeded for `make` /usr/bin/make
npm ERR! gyp info spawn make
npm ERR! gyp info spawn args [ 'V=1', 'BUILDTYPE=Release', '-C', 'build' ]
npm ERR! ../src/libsass/src/cencode.c: In function base64_encode_block:
npm ERR! ../src/libsass/src/cencode.c:48:11: warning: this statement may fall through [-Wimplicit-fallthrough=]
npm ERR!     result = (fragment & 0x003) << 4;
npm ERR!     ~~~~~~~^~~~~~~~~~~~~~~~~~~~~~~~~
npm ERR! ../src/libsass/src/cencode.c:52:2: note: here
npm ERR!   case step_B:
npm ERR!   ^~~~
npm ERR! ../src/libsass/src/cencode.c:62:11: warning: this statement may fall through [-Wimplicit-fallthrough=]
npm ERR!     result = (fragment & 0x00f) << 2;
npm ERR!     ~~~~~~~^~~~~~~~~~~~~~~~~~~~~~~~~
npm ERR! ../src/libsass/src/cencode.c:66:2: note: here
npm ERR!   case step_C:
npm ERR!   ^~~~
npm ERR! In file included from /home/gabsko/.node-gyp/16.17.1/include/node/v8.h:30:0,
npm ERR!                  from /home/gabsko/.node-gyp/16.17.1/include/node/node.h:73,
npm ERR!                  from ../../nan/nan.h:60,
npm ERR!                  from ../src/binding.cpp:1:
npm ERR! /home/gabsko/.node-gyp/16.17.1/include/node/v8-internal.h: In function void v8::internal::PerformCastCheck(T*):
npm ERR! /home/gabsko/.node-gyp/16.17.1/include/node/v8-internal.h:492:38: error: remove_cv_t is not a member of std
npm ERR!              !std::is_same<Data, std::remove_cv_t<T>>::value>::Perform(data);
npm ERR!                                       ^~~~~~~~~~~
npm ERR! /home/gabsko/.node-gyp/16.17.1/include/node/v8-internal.h:492:38: note: suggested alternative: remove_cv
npm ERR!              !std::is_same<Data, std::remove_cv_t<T>>::value>::Perform(data);
npm ERR!                                       ^~~~~~~~~~~
npm ERR!                                       remove_cv
npm ERR! /home/gabsko/.node-gyp/16.17.1/include/node/v8-internal.h:492:38: error: remove_cv_t is not a member of std
npm ERR! /home/gabsko/.node-gyp/16.17.1/include/node/v8-internal.h:492:38: note: suggested alternative: remove_cv
npm ERR!              !std::is_same<Data, std::remove_cv_t<T>>::value>::Perform(data);
npm ERR!                                       ^~~~~~~~~~~
npm ERR!                                       remove_cv
npm ERR! /home/gabsko/.node-gyp/16.17.1/include/node/v8-internal.h:492:50: error: template argument 2 is invalid
npm ERR!              !std::is_same<Data, std::remove_cv_t<T>>::value>::Perform(data);
npm ERR!                                                   ^
npm ERR! /home/gabsko/.node-gyp/16.17.1/include/node/v8-internal.h:492:63: error: ::Perform has not been declared
npm ERR!              !std::is_same<Data, std::remove_cv_t<T>>::value>::Perform(data);
npm ERR!                                                                ^~~~~~~
npm ERR! /home/gabsko/.node-gyp/16.17.1/include/node/v8-internal.h:492:63: note: suggested alternative: herror
npm ERR!              !std::is_same<Data, std::remove_cv_t<T>>::value>::Perform(data);
npm ERR!                                                                ^~~~~~~
npm ERR!                                                                herror
npm ERR! make: *** [Release/obj.target/binding/src/binding.o] Error 1
npm ERR! gyp ERR! build error 
npm ERR! gyp ERR! stack Error: `make` failed with exit code: 2
npm ERR! gyp ERR! stack     at ChildProcess.onExit (/home/gabsko/breaking-updates/src/ui/node_modules/node-gyp/lib/build.js:262:23)
npm ERR! gyp ERR! stack     at ChildProcess.emit (node:events:513:28)
npm ERR! gyp ERR! stack     at Process.ChildProcess._handle.onexit (node:internal/child_process:291:12)
npm ERR! gyp ERR! System Linux 5.4.0-113-generic
npm ERR! gyp ERR! command "/usr/local/bin/node" "/home/gabsko/breaking-updates/src/ui/node_modules/node-gyp/bin/node-gyp.js" "rebuild" "--verbose" "--libsass_ext=" "--libsass_cflags=" "--libsass_ldflags=" "--libsass_library="
npm ERR! gyp ERR! cwd /home/gabsko/breaking-updates/src/ui/node_modules/node-sass
npm ERR! gyp ERR! node -v v16.17.1
npm ERR! gyp ERR! node-gyp -v v3.8.0
npm ERR! gyp ERR! not ok 
npm ERR! Build failed with error code: 1

npm ERR! A complete log of this run can be found in:
npm ERR!     /home/gabsko/.npm/_logs/2023-02-07T15_09_48_027Z-debug-0.log
[ERROR] Command execution failed.
org.apache.commons.exec.ExecuteException: Process exited with an error: 1 (Exit value: 1)
    at org.apache.commons.exec.DefaultExecutor.executeInternal (DefaultExecutor.java:404)
    at org.apache.commons.exec.DefaultExecutor.execute (DefaultExecutor.java:166)
    at org.codehaus.mojo.exec.ExecMojo.executeCommandLine (ExecMojo.java:804)
    at org.codehaus.mojo.exec.ExecMojo.executeCommandLine (ExecMojo.java:751)
    at org.codehaus.mojo.exec.ExecMojo.execute (ExecMojo.java:313)
    at org.apache.maven.plugin.DefaultBuildPluginManager.executeMojo (DefaultBuildPluginManager.java:137)
    at org.apache.maven.lifecycle.internal.MojoExecutor.doExecute2 (MojoExecutor.java:370)
    at org.apache.maven.lifecycle.internal.MojoExecutor.doExecute (MojoExecutor.java:351)
    at org.apache.maven.lifecycle.internal.MojoExecutor.execute (MojoExecutor.java:215)
    at org.apache.maven.lifecycle.internal.MojoExecutor.execute (MojoExecutor.java:171)
    at org.apache.maven.lifecycle.internal.MojoExecutor.execute (MojoExecutor.java:163)
    at org.apache.maven.lifecycle.internal.LifecycleModuleBuilder.buildProject (LifecycleModuleBuilder.java:117)
    at org.apache.maven.lifecycle.internal.LifecycleModuleBuilder.buildProject (LifecycleModuleBuilder.java:81)
    at org.apache.maven.lifecycle.internal.builder.singlethreaded.SingleThreadedBuilder.build (SingleThreadedBuilder.java:56)
    at org.apache.maven.lifecycle.internal.LifecycleStarter.execute (LifecycleStarter.java:128)
    at org.apache.maven.DefaultMaven.doExecute (DefaultMaven.java:294)
    at org.apache.maven.DefaultMaven.doExecute (DefaultMaven.java:192)
    at org.apache.maven.DefaultMaven.execute (DefaultMaven.java:105)
    at org.apache.maven.cli.MavenCli.execute (MavenCli.java:960)
    at org.apache.maven.cli.MavenCli.doMain (MavenCli.java:293)
    at org.apache.maven.cli.MavenCli.main (MavenCli.java:196)
    at jdk.internal.reflect.NativeMethodAccessorImpl.invoke0 (Native Method)
    at jdk.internal.reflect.NativeMethodAccessorImpl.invoke (NativeMethodAccessorImpl.java:62)
    at jdk.internal.reflect.DelegatingMethodAccessorImpl.invoke (DelegatingMethodAccessorImpl.java:43)
    at java.lang.reflect.Method.invoke (Method.java:566)
    at org.codehaus.plexus.classworlds.launcher.Launcher.launchEnhanced (Launcher.java:282)
    at org.codehaus.plexus.classworlds.launcher.Launcher.launch (Launcher.java:225)
    at org.codehaus.plexus.classworlds.launcher.Launcher.mainWithExitCode (Launcher.java:406)
    at org.codehaus.plexus.classworlds.launcher.Launcher.main (Launcher.java:347)
[INFO] ------------------------------------------------------------------------
[INFO] Reactor Summary for Cassandra Reaper project 2.2.O-SNAPSHOT:
[INFO] 
[INFO] Cassandra Reaper project ........................... SUCCESS [  0.319 s]
[INFO] Cassandra Reaper server ............................ FAILURE [01:50 min]
[INFO] ------------------------------------------------------------------------
[INFO] BUILD FAILURE
[INFO] ------------------------------------------------------------------------
[INFO] Total time:  01:51 min
[INFO] Finished at: 2023-02-07T15:11:25Z
[INFO] ------------------------------------------------------------------------
[ERROR] Failed to execute goal org.codehaus.mojo:exec-maven-plugin:1.6.0:exec (exec-npm-install) on project cassandra-reaper: Command execution failed. Process exited with an error: 1 (Exit value: 1) -> [Help 1]
[ERROR] 
[ERROR] To see the full stack trace of the errors, re-run Maven with the -e switch.
[ERROR] Re-run Maven using the -X switch to enable full debug logging.
[ERROR] 
[ERROR] For more information about the errors and possible solutions, please read the following articles:
[ERROR] [Help 1] http://cwiki.apache.org/confluence/display/MAVEN/MojoExecutionException
[ERROR] 
[ERROR] After correcting the problems, you can resume the build with the command
[ERROR]   mvn <args> -rf :cassandra-reaper
