[INFO] Scanning for projects...
[INFO] ------------------------------------------------------------------------
[INFO] Reactor Build Order:
[INFO] 
[INFO] Reaper for Apache Cassandra project                                [pom]
[INFO] Reaper for Apache Cassandra server                                 [jar]
[INFO] 
[INFO] --------------< io.cassandrareaper:cassandra-reaper-pom >---------------
[INFO] Building Reaper for Apache Cassandra project 3.1.0-SNAPSHOT        [1/2]
[INFO] --------------------------------[ pom ]---------------------------------
[INFO] 
[INFO] --- maven-clean-plugin:3.1.0:clean (default-clean) @ cassandra-reaper-pom ---
[INFO] 
[INFO] --- maven-enforcer-plugin:1.4.1:enforce (enforce-java) @ cassandra-reaper-pom ---
[INFO] 
[INFO] ----------------< io.cassandrareaper:cassandra-reaper >-----------------
[INFO] Building Reaper for Apache Cassandra server 3.1.0-SNAPSHOT         [2/2]
[INFO] --------------------------------[ jar ]---------------------------------
[INFO] Downloading from central: https://repo.maven.apache.org/maven2/ch/qos/logback/logback-access/1.2.7/logback-access-1.2.7.pom
[INFO] Downloaded from central: https://repo.maven.apache.org/maven2/ch/qos/logback/logback-access/1.2.7/logback-access-1.2.7.pom (5.8 kB at 32 kB/s)
[INFO] Downloading from central: https://repo.maven.apache.org/maven2/io/dropwizard/dropwizard-core/2.0.25/dropwizard-core-2.0.25.pom
[INFO] Downloaded from central: https://repo.maven.apache.org/maven2/io/dropwizard/dropwizard-core/2.0.25/dropwizard-core-2.0.25.pom (7.4 kB at 72 kB/s)
[INFO] Downloading from central: https://repo.maven.apache.org/maven2/io/dropwizard/dropwizard-parent/2.0.25/dropwizard-parent-2.0.25.pom
[INFO] Downloaded from central: https://repo.maven.apache.org/maven2/io/dropwizard/dropwizard-parent/2.0.25/dropwizard-parent-2.0.25.pom (15 kB at 77 kB/s)
[INFO] Downloading from central: https://repo.maven.apache.org/maven2/io/dropwizard/dropwizard-dependencies/2.0.25/dropwizard-dependencies-2.0.25.pom
[INFO] Downloaded from central: https://repo.maven.apache.org/maven2/io/dropwizard/dropwizard-dependencies/2.0.25/dropwizard-dependencies-2.0.25.pom (24 kB at 219 kB/s)
[INFO] Downloading from central: https://repo.maven.apache.org/maven2/io/dropwizard/dropwizard-bom/2.0.25/dropwizard-bom-2.0.25.pom
[INFO] Downloaded from central: https://repo.maven.apache.org/maven2/io/dropwizard/dropwizard-bom/2.0.25/dropwizard-bom-2.0.25.pom (6.3 kB at 571 kB/s)
[INFO] Downloading from central: https://repo.maven.apache.org/maven2/io/dropwizard/dropwizard-project/2.0.25/dropwizard-project-2.0.25.pom
[INFO] Downloaded from central: https://repo.maven.apache.org/maven2/io/dropwizard/dropwizard-project/2.0.25/dropwizard-project-2.0.25.pom (24 kB at 2.0 MB/s)
[INFO] Downloading from central: https://repo.maven.apache.org/maven2/io/dropwizard/dropwizard-util/2.0.25/dropwizard-util-2.0.25.pom
[INFO] Downloaded from central: https://repo.maven.apache.org/maven2/io/dropwizard/dropwizard-util/2.0.25/dropwizard-util-2.0.25.pom (2.0 kB at 245 kB/s)
[INFO] Downloading from central: https://repo.maven.apache.org/maven2/io/dropwizard/dropwizard-jackson/2.0.25/dropwizard-jackson-2.0.25.pom
[INFO] Downloaded from central: https://repo.maven.apache.org/maven2/io/dropwizard/dropwizard-jackson/2.0.25/dropwizard-jackson-2.0.25.pom (4.2 kB at 603 kB/s)
[INFO] Downloading from central: https://repo.maven.apache.org/maven2/io/dropwizard/dropwizard-validation/2.0.25/dropwizard-validation-2.0.25.pom
[INFO] Downloaded from central: https://repo.maven.apache.org/maven2/io/dropwizard/dropwizard-validation/2.0.25/dropwizard-validation-2.0.25.pom (2.9 kB at 415 kB/s)
[INFO] Downloading from central: https://repo.maven.apache.org/maven2/io/dropwizard/dropwizard-configuration/2.0.25/dropwizard-configuration-2.0.25.pom
[INFO] Downloaded from central: https://repo.maven.apache.org/maven2/io/dropwizard/dropwizard-configuration/2.0.25/dropwizard-configuration-2.0.25.pom (3.9 kB at 39 kB/s)
[INFO] Downloading from central: https://repo.maven.apache.org/maven2/io/dropwizard/dropwizard-logging/2.0.25/dropwizard-logging-2.0.25.pom
[INFO] Downloaded from central: https://repo.maven.apache.org/maven2/io/dropwizard/dropwizard-logging/2.0.25/dropwizard-logging-2.0.25.pom (4.4 kB at 546 kB/s)
[INFO] Downloading from central: https://repo.maven.apache.org/maven2/io/dropwizard/logback/logback-throttling-appender/1.1.3/logback-throttling-appender-1.1.3.pom
[INFO] Downloaded from central: https://repo.maven.apache.org/maven2/io/dropwizard/logback/logback-throttling-appender/1.1.3/logback-throttling-appender-1.1.3.pom (13 kB at 1.8 MB/s)
[INFO] Downloading from central: https://repo.maven.apache.org/maven2/io/dropwizard/dropwizard-metrics/2.0.25/dropwizard-metrics-2.0.25.pom
[INFO] Downloaded from central: https://repo.maven.apache.org/maven2/io/dropwizard/dropwizard-metrics/2.0.25/dropwizard-metrics-2.0.25.pom (3.5 kB at 498 kB/s)
[INFO] Downloading from central: https://repo.maven.apache.org/maven2/io/dropwizard/dropwizard-lifecycle/2.0.25/dropwizard-lifecycle-2.0.25.pom
[INFO] Downloaded from central: https://repo.maven.apache.org/maven2/io/dropwizard/dropwizard-lifecycle/2.0.25/dropwizard-lifecycle-2.0.25.pom (2.6 kB at 430 kB/s)
[INFO] Downloading from central: https://repo.maven.apache.org/maven2/io/dropwizard/dropwizard-jersey/2.0.25/dropwizard-jersey-2.0.25.pom
[INFO] Downloaded from central: https://repo.maven.apache.org/maven2/io/dropwizard/dropwizard-jersey/2.0.25/dropwizard-jersey-2.0.25.pom (7.2 kB at 74 kB/s)
[INFO] Downloading from central: https://repo.maven.apache.org/maven2/io/dropwizard/dropwizard-servlets/2.0.25/dropwizard-servlets-2.0.25.pom
[INFO] Downloaded from central: https://repo.maven.apache.org/maven2/io/dropwizard/dropwizard-servlets/2.0.25/dropwizard-servlets-2.0.25.pom (4.0 kB at 40 kB/s)
[INFO] Downloading from central: https://repo.maven.apache.org/maven2/io/dropwizard/dropwizard-jetty/2.0.25/dropwizard-jetty-2.0.25.pom
[INFO] Downloaded from central: https://repo.maven.apache.org/maven2/io/dropwizard/dropwizard-jetty/2.0.25/dropwizard-jetty-2.0.25.pom (5.2 kB at 52 kB/s)
[INFO] Downloading from central: https://repo.maven.apache.org/maven2/io/dropwizard/dropwizard-request-logging/2.0.25/dropwizard-request-logging-2.0.25.pom
[INFO] Downloaded from central: https://repo.maven.apache.org/maven2/io/dropwizard/dropwizard-request-logging/2.0.25/dropwizard-request-logging-2.0.25.pom (4.1 kB at 580 kB/s)
[INFO] Downloading from central: https://repo.maven.apache.org/maven2/io/dropwizard/dropwizard-client/2.0.25/dropwizard-client-2.0.25.pom
[INFO] Downloaded from central: https://repo.maven.apache.org/maven2/io/dropwizard/dropwizard-client/2.0.25/dropwizard-client-2.0.25.pom (5.1 kB at 51 kB/s)
[INFO] Downloading from central: https://repo.maven.apache.org/maven2/io/dropwizard/dropwizard-metrics-graphite/2.0.25/dropwizard-metrics-graphite-2.0.25.pom
[INFO] Downloaded from central: https://repo.maven.apache.org/maven2/io/dropwizard/dropwizard-metrics-graphite/2.0.25/dropwizard-metrics-graphite-2.0.25.pom (2.6 kB at 26 kB/s)
[INFO] Downloading from central: https://repo.maven.apache.org/maven2/io/dropwizard/dropwizard-assets/2.0.25/dropwizard-assets-2.0.25.pom
[INFO] Downloaded from central: https://repo.maven.apache.org/maven2/io/dropwizard/dropwizard-assets/2.0.25/dropwizard-assets-2.0.25.pom (2.2 kB at 11 kB/s)
[INFO] Downloading from central: https://repo.maven.apache.org/maven2/org/cognitor/cassandra/cassandra-migration/2.4.0/cassandra-migration-2.4.0.pom
[INFO] Downloaded from central: https://repo.maven.apache.org/maven2/org/cognitor/cassandra/cassandra-migration/2.4.0/cassandra-migration-2.4.0.pom (1.9 kB at 19 kB/s)
[INFO] Downloading from central: https://repo.maven.apache.org/maven2/org/cognitor/cassandra/cassandra-migration-parent/2.4.0/cassandra-migration-parent-2.4.0.pom
[INFO] Downloaded from central: https://repo.maven.apache.org/maven2/org/cognitor/cassandra/cassandra-migration-parent/2.4.0/cassandra-migration-parent-2.4.0.pom (7.6 kB at 756 kB/s)
[INFO] Downloading from central: https://repo.maven.apache.org/maven2/io/prometheus/simpleclient_servlet/0.12.0/simpleclient_servlet-0.12.0.pom
[INFO] Downloaded from central: https://repo.maven.apache.org/maven2/io/prometheus/simpleclient_servlet/0.12.0/simpleclient_servlet-0.12.0.pom (2.9 kB at 364 kB/s)
[INFO] Downloading from central: https://repo.maven.apache.org/maven2/io/prometheus/simpleclient_servlet_common/0.12.0/simpleclient_servlet_common-0.12.0.pom
[INFO] Downloaded from central: https://repo.maven.apache.org/maven2/io/prometheus/simpleclient_servlet_common/0.12.0/simpleclient_servlet_common-0.12.0.pom (2.1 kB at 297 kB/s)
[INFO] Downloading from central: https://repo.maven.apache.org/maven2/io/prometheus/simpleclient_dropwizard/0.12.0/simpleclient_dropwizard-0.12.0.pom
[INFO] Downloaded from central: https://repo.maven.apache.org/maven2/io/prometheus/simpleclient_dropwizard/0.12.0/simpleclient_dropwizard-0.12.0.pom (2.2 kB at 363 kB/s)
[INFO] Downloading from dependency-snapshots-repo: https://oss.sonatype.org/content/repositories/snapshots/io/cassandrareaper/dropwizard/dropwizard-shiro/0.3.0-SNAPSHOT/maven-metadata.xml
[INFO] Downloaded from dependency-snapshots-repo: https://oss.sonatype.org/content/repositories/snapshots/io/cassandrareaper/dropwizard/dropwizard-shiro/0.3.0-SNAPSHOT/maven-metadata.xml (1.0 kB at 1.5 kB/s)
[INFO] Downloading from dependency-snapshots-repo: https://oss.sonatype.org/content/repositories/snapshots/io/cassandrareaper/dropwizard/dropwizard-shiro/0.3.0-SNAPSHOT/dropwizard-shiro-0.3.0-20211125.055233-2.pom
[INFO] Downloaded from dependency-snapshots-repo: https://oss.sonatype.org/content/repositories/snapshots/io/cassandrareaper/dropwizard/dropwizard-shiro/0.3.0-SNAPSHOT/dropwizard-shiro-0.3.0-20211125.055233-2.pom (11 kB at 46 kB/s)
[INFO] Downloading from dependency-snapshots-repo: https://oss.sonatype.org/content/repositories/snapshots/io/cassandrareaper/shiro/shiro-jersey/0.3.0-SNAPSHOT/maven-metadata.xml
[INFO] Downloaded from dependency-snapshots-repo: https://oss.sonatype.org/content/repositories/snapshots/io/cassandrareaper/shiro/shiro-jersey/0.3.0-SNAPSHOT/maven-metadata.xml (1.4 kB at 5.8 kB/s)
[INFO] Downloading from dependency-snapshots-repo: https://oss.sonatype.org/content/repositories/snapshots/io/cassandrareaper/shiro/shiro-jersey/0.3.0-SNAPSHOT/shiro-jersey-0.3.0-20211125.055209-2.pom
[INFO] Downloaded from dependency-snapshots-repo: https://oss.sonatype.org/content/repositories/snapshots/io/cassandrareaper/shiro/shiro-jersey/0.3.0-SNAPSHOT/shiro-jersey-0.3.0-20211125.055209-2.pom (12 kB at 48 kB/s)
[INFO] Downloading from central: https://repo.maven.apache.org/maven2/org/apache/shiro/shiro-core/1.8.0/shiro-core-1.8.0.pom
[INFO] Downloaded from central: https://repo.maven.apache.org/maven2/org/apache/shiro/shiro-core/1.8.0/shiro-core-1.8.0.pom (4.7 kB at 521 kB/s)
[INFO] Downloading from central: https://repo.maven.apache.org/maven2/org/apache/shiro/shiro-root/1.8.0/shiro-root-1.8.0.pom
[INFO] Downloaded from central: https://repo.maven.apache.org/maven2/org/apache/shiro/shiro-root/1.8.0/shiro-root-1.8.0.pom (69 kB at 4.9 MB/s)
[INFO] Downloading from central: https://repo.maven.apache.org/maven2/org/apache/shiro/shiro-lang/1.8.0/shiro-lang-1.8.0.pom
[INFO] Downloaded from central: https://repo.maven.apache.org/maven2/org/apache/shiro/shiro-lang/1.8.0/shiro-lang-1.8.0.pom (3.2 kB at 454 kB/s)
[INFO] Downloading from central: https://repo.maven.apache.org/maven2/org/apache/shiro/shiro-cache/1.8.0/shiro-cache-1.8.0.pom
[INFO] Downloaded from central: https://repo.maven.apache.org/maven2/org/apache/shiro/shiro-cache/1.8.0/shiro-cache-1.8.0.pom (2.4 kB at 344 kB/s)
[INFO] Downloading from central: https://repo.maven.apache.org/maven2/org/apache/shiro/shiro-crypto-hash/1.8.0/shiro-crypto-hash-1.8.0.pom
[INFO] Downloaded from central: https://repo.maven.apache.org/maven2/org/apache/shiro/shiro-crypto-hash/1.8.0/shiro-crypto-hash-1.8.0.pom (2.6 kB at 434 kB/s)
[INFO] Downloading from central: https://repo.maven.apache.org/maven2/org/apache/shiro/shiro-crypto/1.8.0/shiro-crypto-1.8.0.pom
[INFO] Downloaded from central: https://repo.maven.apache.org/maven2/org/apache/shiro/shiro-crypto/1.8.0/shiro-crypto-1.8.0.pom (1.6 kB at 82 kB/s)
[INFO] Downloading from central: https://repo.maven.apache.org/maven2/org/apache/shiro/shiro-crypto-core/1.8.0/shiro-crypto-core-1.8.0.pom
[INFO] Downloaded from central: https://repo.maven.apache.org/maven2/org/apache/shiro/shiro-crypto-core/1.8.0/shiro-crypto-core-1.8.0.pom (2.4 kB at 408 kB/s)
[INFO] Downloading from central: https://repo.maven.apache.org/maven2/org/apache/shiro/shiro-crypto-cipher/1.8.0/shiro-crypto-cipher-1.8.0.pom
[INFO] Downloaded from central: https://repo.maven.apache.org/maven2/org/apache/shiro/shiro-crypto-cipher/1.8.0/shiro-crypto-cipher-1.8.0.pom (2.8 kB at 313 kB/s)
[INFO] Downloading from central: https://repo.maven.apache.org/maven2/org/apache/shiro/shiro-config-core/1.8.0/shiro-config-core-1.8.0.pom
[INFO] Downloaded from central: https://repo.maven.apache.org/maven2/org/apache/shiro/shiro-config-core/1.8.0/shiro-config-core-1.8.0.pom (2.4 kB at 305 kB/s)
[INFO] Downloading from central: https://repo.maven.apache.org/maven2/org/apache/shiro/shiro-config/1.8.0/shiro-config-1.8.0.pom
[INFO] Downloaded from central: https://repo.maven.apache.org/maven2/org/apache/shiro/shiro-config/1.8.0/shiro-config-1.8.0.pom (1.5 kB at 219 kB/s)
[INFO] Downloading from central: https://repo.maven.apache.org/maven2/org/apache/shiro/shiro-config-ogdl/1.8.0/shiro-config-ogdl-1.8.0.pom
[INFO] Downloaded from central: https://repo.maven.apache.org/maven2/org/apache/shiro/shiro-config-ogdl/1.8.0/shiro-config-ogdl-1.8.0.pom (4.2 kB at 599 kB/s)
[INFO] Downloading from central: https://repo.maven.apache.org/maven2/org/apache/shiro/shiro-event/1.8.0/shiro-event-1.8.0.pom
[INFO] Downloaded from central: https://repo.maven.apache.org/maven2/org/apache/shiro/shiro-event/1.8.0/shiro-event-1.8.0.pom (2.4 kB at 344 kB/s)
[INFO] Downloading from central: https://repo.maven.apache.org/maven2/org/apache/shiro/shiro-web/1.8.0/shiro-web-1.8.0.pom
[INFO] Downloaded from central: https://repo.maven.apache.org/maven2/org/apache/shiro/shiro-web/1.8.0/shiro-web-1.8.0.pom (4.2 kB at 41 kB/s)
[INFO] Downloading from central: https://repo.maven.apache.org/maven2/org/apache/shiro/shiro-jaxrs/1.8.0/shiro-jaxrs-1.8.0.pom
[INFO] Downloaded from central: https://repo.maven.apache.org/maven2/org/apache/shiro/shiro-jaxrs/1.8.0/shiro-jaxrs-1.8.0.pom (3.0 kB at 13 kB/s)
[INFO] Downloading from central: https://repo.maven.apache.org/maven2/org/apache/shiro/shiro-support/1.8.0/shiro-support-1.8.0.pom
[INFO] Downloaded from central: https://repo.maven.apache.org/maven2/org/apache/shiro/shiro-support/1.8.0/shiro-support-1.8.0.pom (1.8 kB at 18 kB/s)
[INFO] Downloading from central: https://repo.maven.apache.org/maven2/org/glassfish/jersey/media/jersey-media-sse/2.33/jersey-media-sse-2.33.pom
[INFO] Downloaded from central: https://repo.maven.apache.org/maven2/org/glassfish/jersey/media/jersey-media-sse/2.33/jersey-media-sse-2.33.pom (3.1 kB at 449 kB/s)
[INFO] Downloading from central: https://repo.maven.apache.org/maven2/org/glassfish/jersey/bundles/repackaged/jersey-guava/2.26-b03/jersey-guava-2.26-b03.pom
[INFO] Downloaded from central: https://repo.maven.apache.org/maven2/org/glassfish/jersey/bundles/repackaged/jersey-guava/2.26-b03/jersey-guava-2.26-b03.pom (13 kB at 1.9 MB/s)
[INFO] Downloading from central: https://repo.maven.apache.org/maven2/org/glassfish/jersey/bundles/repackaged/project/2.26-b03/project-2.26-b03.pom
[INFO] Downloaded from central: https://repo.maven.apache.org/maven2/org/glassfish/jersey/bundles/repackaged/project/2.26-b03/project-2.26-b03.pom (2.8 kB at 459 kB/s)
[INFO] Downloading from central: https://repo.maven.apache.org/maven2/org/glassfish/jersey/bundles/project/2.26-b03/project-2.26-b03.pom
[INFO] Downloaded from central: https://repo.maven.apache.org/maven2/org/glassfish/jersey/bundles/project/2.26-b03/project-2.26-b03.pom (3.1 kB at 445 kB/s)
[INFO] Downloading from central: https://repo.maven.apache.org/maven2/org/glassfish/jersey/project/2.26-b03/project-2.26-b03.pom
[INFO] Downloaded from central: https://repo.maven.apache.org/maven2/org/glassfish/jersey/project/2.26-b03/project-2.26-b03.pom (86 kB at 803 kB/s)
[INFO] Downloading from central: https://repo.maven.apache.org/maven2/org/glassfish/hk2/hk2-bom/2.5.0-b36/hk2-bom-2.5.0-b36.pom
[INFO] Downloaded from central: https://repo.maven.apache.org/maven2/org/glassfish/hk2/hk2-bom/2.5.0-b36/hk2-bom-2.5.0-b36.pom (20 kB at 1.8 MB/s)
[INFO] Downloading from central: https://repo.maven.apache.org/maven2/io/dropwizard/dropwizard-testing/2.0.25/dropwizard-testing-2.0.25.pom
[INFO] Downloaded from central: https://repo.maven.apache.org/maven2/io/dropwizard/dropwizard-testing/2.0.25/dropwizard-testing-2.0.25.pom (9.3 kB at 93 kB/s)
[INFO] Downloading from central: https://repo.maven.apache.org/maven2/org/apache/cxf/cxf-rt-rs-client/3.4.5/cxf-rt-rs-client-3.4.5.pom
[INFO] Downloaded from central: https://repo.maven.apache.org/maven2/org/apache/cxf/cxf-rt-rs-client/3.4.5/cxf-rt-rs-client-3.4.5.pom (6.3 kB at 897 kB/s)
[INFO] Downloading from central: https://repo.maven.apache.org/maven2/org/apache/cxf/cxf-parent/3.4.5/cxf-parent-3.4.5.pom
[INFO] Downloaded from central: https://repo.maven.apache.org/maven2/org/apache/cxf/cxf-parent/3.4.5/cxf-parent-3.4.5.pom (115 kB at 13 MB/s)
[INFO] Downloading from central: https://repo.maven.apache.org/maven2/org/apache/cxf/cxf/3.4.5/cxf-3.4.5.pom
[INFO] Downloaded from central: https://repo.maven.apache.org/maven2/org/apache/cxf/cxf/3.4.5/cxf-3.4.5.pom (39 kB at 5.5 MB/s)
[INFO] Downloading from central: https://repo.maven.apache.org/maven2/org/apache/cxf/cxf-bom/3.4.5/cxf-bom-3.4.5.pom
[INFO] Downloaded from central: https://repo.maven.apache.org/maven2/org/apache/cxf/cxf-bom/3.4.5/cxf-bom-3.4.5.pom (27 kB at 4.4 MB/s)
[INFO] Downloading from central: https://repo.maven.apache.org/maven2/org/apache/cxf/cxf-rt-transports-http/3.4.5/cxf-rt-transports-http-3.4.5.pom
[INFO] Downloaded from central: https://repo.maven.apache.org/maven2/org/apache/cxf/cxf-rt-transports-http/3.4.5/cxf-rt-transports-http-3.4.5.pom (13 kB at 1.9 MB/s)
[INFO] Downloading from central: https://repo.maven.apache.org/maven2/org/apache/cxf/cxf-core/3.4.5/cxf-core-3.4.5.pom
[INFO] Downloaded from central: https://repo.maven.apache.org/maven2/org/apache/cxf/cxf-core/3.4.5/cxf-core-3.4.5.pom (20 kB at 4.0 MB/s)
[INFO] Downloading from central: https://repo.maven.apache.org/maven2/org/apache/cxf/cxf-rt-frontend-jaxrs/3.4.5/cxf-rt-frontend-jaxrs-3.4.5.pom
[INFO] Downloaded from central: https://repo.maven.apache.org/maven2/org/apache/cxf/cxf-rt-frontend-jaxrs/3.4.5/cxf-rt-frontend-jaxrs-3.4.5.pom (10 kB at 1.7 MB/s)
[INFO] Downloading from central: https://repo.maven.apache.org/maven2/org/apache/cxf/cxf-rt-security/3.4.5/cxf-rt-security-3.4.5.pom
[INFO] Downloaded from central: https://repo.maven.apache.org/maven2/org/apache/cxf/cxf-rt-security/3.4.5/cxf-rt-security-3.4.5.pom (2.2 kB at 363 kB/s)
[INFO] Downloading from central: https://repo.maven.apache.org/maven2/org/apache/cxf/cxf-rt-rs-sse/3.4.5/cxf-rt-rs-sse-3.4.5.pom
[INFO] Downloaded from central: https://repo.maven.apache.org/maven2/org/apache/cxf/cxf-rt-rs-sse/3.4.5/cxf-rt-rs-sse-3.4.5.pom (3.5 kB at 506 kB/s)
[INFO] Downloading from central: https://repo.maven.apache.org/maven2/ch/qos/logback/logback-access/1.2.7/logback-access-1.2.7.jar
[INFO] Downloading from central: https://repo.maven.apache.org/maven2/io/dropwizard/dropwizard-core/2.0.25/dropwizard-core-2.0.25.jar
[INFO] Downloading from central: https://repo.maven.apache.org/maven2/io/dropwizard/dropwizard-util/2.0.25/dropwizard-util-2.0.25.jar
[INFO] Downloading from central: https://repo.maven.apache.org/maven2/io/dropwizard/dropwizard-jackson/2.0.25/dropwizard-jackson-2.0.25.jar
[INFO] Downloading from central: https://repo.maven.apache.org/maven2/io/dropwizard/dropwizard-validation/2.0.25/dropwizard-validation-2.0.25.jar
[INFO] Downloaded from central: https://repo.maven.apache.org/maven2/ch/qos/logback/logback-access/1.2.7/logback-access-1.2.7.jar (107 kB at 4.3 MB/s)
[INFO] Downloading from central: https://repo.maven.apache.org/maven2/io/dropwizard/dropwizard-configuration/2.0.25/dropwizard-configuration-2.0.25.jar
[INFO] Downloaded from central: https://repo.maven.apache.org/maven2/io/dropwizard/dropwizard-util/2.0.25/dropwizard-util-2.0.25.jar (32 kB at 830 kB/s)
[INFO] Downloaded from central: https://repo.maven.apache.org/maven2/io/dropwizard/dropwizard-jackson/2.0.25/dropwizard-jackson-2.0.25.jar (22 kB at 590 kB/s)
[INFO] Downloading from central: https://repo.maven.apache.org/maven2/io/dropwizard/dropwizard-logging/2.0.25/dropwizard-logging-2.0.25.jar
[INFO] Downloading from central: https://repo.maven.apache.org/maven2/io/dropwizard/logback/logback-throttling-appender/1.1.3/logback-throttling-appender-1.1.3.jar
[INFO] Downloaded from central: https://repo.maven.apache.org/maven2/io/dropwizard/dropwizard-core/2.0.25/dropwizard-core-2.0.25.jar (52 kB at 1.2 MB/s)
[INFO] Downloading from central: https://repo.maven.apache.org/maven2/io/dropwizard/dropwizard-metrics/2.0.25/dropwizard-metrics-2.0.25.jar
[INFO] Downloaded from central: https://repo.maven.apache.org/maven2/io/dropwizard/dropwizard-logging/2.0.25/dropwizard-logging-2.0.25.jar (53 kB at 1.1 MB/s)
[INFO] Downloading from central: https://repo.maven.apache.org/maven2/io/dropwizard/dropwizard-jersey/2.0.25/dropwizard-jersey-2.0.25.jar
[INFO] Downloaded from central: https://repo.maven.apache.org/maven2/io/dropwizard/dropwizard-metrics/2.0.25/dropwizard-metrics-2.0.25.jar (18 kB at 351 kB/s)
[INFO] Downloading from central: https://repo.maven.apache.org/maven2/io/dropwizard/dropwizard-servlets/2.0.25/dropwizard-servlets-2.0.25.jar
[INFO] Downloaded from central: https://repo.maven.apache.org/maven2/io/dropwizard/dropwizard-jersey/2.0.25/dropwizard-jersey-2.0.25.jar (115 kB at 1.9 MB/s)
[INFO] Downloading from central: https://repo.maven.apache.org/maven2/io/dropwizard/dropwizard-jetty/2.0.25/dropwizard-jetty-2.0.25.jar
[INFO] Downloaded from central: https://repo.maven.apache.org/maven2/io/dropwizard/logback/logback-throttling-appender/1.1.3/logback-throttling-appender-1.1.3.jar (181 kB at 2.9 MB/s)
[INFO] Downloading from central: https://repo.maven.apache.org/maven2/io/dropwizard/dropwizard-lifecycle/2.0.25/dropwizard-lifecycle-2.0.25.jar
[INFO] Downloaded from central: https://repo.maven.apache.org/maven2/io/dropwizard/dropwizard-validation/2.0.25/dropwizard-validation-2.0.25.jar (35 kB at 285 kB/s)
[INFO] Downloading from central: https://repo.maven.apache.org/maven2/io/dropwizard/dropwizard-request-logging/2.0.25/dropwizard-request-logging-2.0.25.jar
[INFO] Downloaded from central: https://repo.maven.apache.org/maven2/io/dropwizard/dropwizard-request-logging/2.0.25/dropwizard-request-logging-2.0.25.jar (19 kB at 155 kB/s)
[INFO] Downloading from central: https://repo.maven.apache.org/maven2/io/dropwizard/dropwizard-client/2.0.25/dropwizard-client-2.0.25.jar
[INFO] Downloaded from central: https://repo.maven.apache.org/maven2/io/dropwizard/dropwizard-client/2.0.25/dropwizard-client-2.0.25.jar (38 kB at 288 kB/s)
[INFO] Downloading from central: https://repo.maven.apache.org/maven2/io/dropwizard/dropwizard-metrics-graphite/2.0.25/dropwizard-metrics-graphite-2.0.25.jar
[INFO] Downloaded from central: https://repo.maven.apache.org/maven2/io/dropwizard/dropwizard-metrics-graphite/2.0.25/dropwizard-metrics-graphite-2.0.25.jar (4.2 kB at 30 kB/s)
[INFO] Downloading from central: https://repo.maven.apache.org/maven2/io/dropwizard/dropwizard-assets/2.0.25/dropwizard-assets-2.0.25.jar
[INFO] Downloaded from central: https://repo.maven.apache.org/maven2/io/dropwizard/dropwizard-assets/2.0.25/dropwizard-assets-2.0.25.jar (4.0 kB at 27 kB/s)
[INFO] Downloading from central: https://repo.maven.apache.org/maven2/io/netty/netty-handler/4.1.70.Final/netty-handler-4.1.70.Final.jar
[INFO] Downloaded from central: https://repo.maven.apache.org/maven2/io/dropwizard/dropwizard-servlets/2.0.25/dropwizard-servlets-2.0.25.jar (34 kB at 228 kB/s)
[INFO] Downloading from central: https://repo.maven.apache.org/maven2/io/netty/netty-common/4.1.70.Final/netty-common-4.1.70.Final.jar
[INFO] Downloaded from central: https://repo.maven.apache.org/maven2/io/dropwizard/dropwizard-configuration/2.0.25/dropwizard-configuration-2.0.25.jar (30 kB at 195 kB/s)
[INFO] Downloading from central: https://repo.maven.apache.org/maven2/io/netty/netty-resolver/4.1.70.Final/netty-resolver-4.1.70.Final.jar
[INFO] Downloaded from central: https://repo.maven.apache.org/maven2/io/dropwizard/dropwizard-lifecycle/2.0.25/dropwizard-lifecycle-2.0.25.jar (16 kB at 101 kB/s)
[INFO] Downloading from central: https://repo.maven.apache.org/maven2/io/netty/netty-buffer/4.1.70.Final/netty-buffer-4.1.70.Final.jar
[INFO] Downloaded from central: https://repo.maven.apache.org/maven2/io/dropwizard/dropwizard-jetty/2.0.25/dropwizard-jetty-2.0.25.jar (37 kB at 221 kB/s)
[INFO] Downloading from central: https://repo.maven.apache.org/maven2/io/netty/netty-transport/4.1.70.Final/netty-transport-4.1.70.Final.jar
[INFO] Downloaded from central: https://repo.maven.apache.org/maven2/io/netty/netty-resolver/4.1.70.Final/netty-resolver-4.1.70.Final.jar (37 kB at 224 kB/s)
[INFO] Downloading from central: https://repo.maven.apache.org/maven2/io/netty/netty-codec/4.1.70.Final/netty-codec-4.1.70.Final.jar
[INFO] Downloaded from central: https://repo.maven.apache.org/maven2/io/netty/netty-common/4.1.70.Final/netty-common-4.1.70.Final.jar (653 kB at 3.6 MB/s)
[INFO] Downloading from central: https://repo.maven.apache.org/maven2/org/cognitor/cassandra/cassandra-migration/2.4.0/cassandra-migration-2.4.0.jar
[INFO] Downloaded from central: https://repo.maven.apache.org/maven2/io/netty/netty-handler/4.1.70.Final/netty-handler-4.1.70.Final.jar (523 kB at 2.8 MB/s)
[INFO] Downloading from central: https://repo.maven.apache.org/maven2/io/prometheus/simpleclient_servlet/0.12.0/simpleclient_servlet-0.12.0.jar
[INFO] Downloaded from central: https://repo.maven.apache.org/maven2/org/cognitor/cassandra/cassandra-migration/2.4.0/cassandra-migration-2.4.0.jar (37 kB at 194 kB/s)
[INFO] Downloading from central: https://repo.maven.apache.org/maven2/io/prometheus/simpleclient_servlet_common/0.12.0/simpleclient_servlet_common-0.12.0.jar
[INFO] Downloaded from central: https://repo.maven.apache.org/maven2/io/prometheus/simpleclient_servlet/0.12.0/simpleclient_servlet-0.12.0.jar (88 kB at 460 kB/s)
[INFO] Downloading from central: https://repo.maven.apache.org/maven2/io/prometheus/simpleclient_dropwizard/0.12.0/simpleclient_dropwizard-0.12.0.jar
[INFO] Downloaded from central: https://repo.maven.apache.org/maven2/io/prometheus/simpleclient_servlet_common/0.12.0/simpleclient_servlet_common-0.12.0.jar (13 kB at 67 kB/s)
[INFO] Downloading from central: https://repo.maven.apache.org/maven2/org/apache/shiro/shiro-core/1.8.0/shiro-core-1.8.0.jar
[INFO] Downloaded from central: https://repo.maven.apache.org/maven2/io/netty/netty-codec/4.1.70.Final/netty-codec-4.1.70.Final.jar (337 kB at 1.7 MB/s)
[INFO] Downloading from central: https://repo.maven.apache.org/maven2/org/apache/shiro/shiro-lang/1.8.0/shiro-lang-1.8.0.jar
[INFO] Downloaded from central: https://repo.maven.apache.org/maven2/io/netty/netty-buffer/4.1.70.Final/netty-buffer-4.1.70.Final.jar (302 kB at 1.5 MB/s)
[INFO] Downloading from central: https://repo.maven.apache.org/maven2/org/apache/shiro/shiro-cache/1.8.0/shiro-cache-1.8.0.jar
[INFO] Downloaded from central: https://repo.maven.apache.org/maven2/io/prometheus/simpleclient_dropwizard/0.12.0/simpleclient_dropwizard-0.12.0.jar (16 kB at 83 kB/s)
[INFO] Downloading from central: https://repo.maven.apache.org/maven2/org/apache/shiro/shiro-crypto-hash/1.8.0/shiro-crypto-hash-1.8.0.jar
[INFO] Downloaded from central: https://repo.maven.apache.org/maven2/io/netty/netty-transport/4.1.70.Final/netty-transport-4.1.70.Final.jar (481 kB at 2.4 MB/s)
[INFO] Downloading from central: https://repo.maven.apache.org/maven2/org/apache/shiro/shiro-crypto-core/1.8.0/shiro-crypto-core-1.8.0.jar
[INFO] Downloaded from central: https://repo.maven.apache.org/maven2/org/apache/shiro/shiro-lang/1.8.0/shiro-lang-1.8.0.jar (52 kB at 253 kB/s)
[INFO] Downloading from central: https://repo.maven.apache.org/maven2/org/apache/shiro/shiro-crypto-cipher/1.8.0/shiro-crypto-cipher-1.8.0.jar
[INFO] Downloaded from central: https://repo.maven.apache.org/maven2/org/apache/shiro/shiro-cache/1.8.0/shiro-cache-1.8.0.jar (14 kB at 68 kB/s)
[INFO] Downloading from central: https://repo.maven.apache.org/maven2/org/apache/shiro/shiro-config-core/1.8.0/shiro-config-core-1.8.0.jar
[INFO] Downloaded from central: https://repo.maven.apache.org/maven2/org/apache/shiro/shiro-crypto-core/1.8.0/shiro-crypto-core-1.8.0.jar (11 kB at 54 kB/s)
[INFO] Downloading from central: https://repo.maven.apache.org/maven2/org/apache/shiro/shiro-config-ogdl/1.8.0/shiro-config-ogdl-1.8.0.jar
[INFO] Downloaded from central: https://repo.maven.apache.org/maven2/org/apache/shiro/shiro-crypto-hash/1.8.0/shiro-crypto-hash-1.8.0.jar (34 kB at 167 kB/s)
[INFO] Downloading from central: https://repo.maven.apache.org/maven2/org/apache/shiro/shiro-event/1.8.0/shiro-event-1.8.0.jar
[INFO] Downloaded from central: https://repo.maven.apache.org/maven2/org/apache/shiro/shiro-crypto-cipher/1.8.0/shiro-crypto-cipher-1.8.0.jar (25 kB at 118 kB/s)
[INFO] Downloading from central: https://repo.maven.apache.org/maven2/org/apache/shiro/shiro-web/1.8.0/shiro-web-1.8.0.jar
[INFO] Downloaded from central: https://repo.maven.apache.org/maven2/org/apache/shiro/shiro-config-ogdl/1.8.0/shiro-config-ogdl-1.8.0.jar (44 kB at 207 kB/s)
[INFO] Downloading from central: https://repo.maven.apache.org/maven2/org/apache/shiro/shiro-jaxrs/1.8.0/shiro-jaxrs-1.8.0.jar
[INFO] Downloaded from central: https://repo.maven.apache.org/maven2/org/apache/shiro/shiro-config-core/1.8.0/shiro-config-core-1.8.0.jar (18 kB at 86 kB/s)
[INFO] Downloading from central: https://repo.maven.apache.org/maven2/org/glassfish/jersey/media/jersey-media-sse/2.33/jersey-media-sse-2.33.jar
[INFO] Downloaded from central: https://repo.maven.apache.org/maven2/org/apache/shiro/shiro-event/1.8.0/shiro-event-1.8.0.jar (19 kB at 91 kB/s)
[INFO] Downloading from central: https://repo.maven.apache.org/maven2/org/glassfish/jersey/bundles/repackaged/jersey-guava/2.26-b03/jersey-guava-2.26-b03.jar
[INFO] Downloaded from central: https://repo.maven.apache.org/maven2/org/apache/shiro/shiro-core/1.8.0/shiro-core-1.8.0.jar (414 kB at 1.9 MB/s)
[INFO] Downloading from central: https://repo.maven.apache.org/maven2/io/dropwizard/dropwizard-testing/2.0.25/dropwizard-testing-2.0.25.jar
[INFO] Downloaded from central: https://repo.maven.apache.org/maven2/org/apache/shiro/shiro-jaxrs/1.8.0/shiro-jaxrs-1.8.0.jar (17 kB at 77 kB/s)
[INFO] Downloading from central: https://repo.maven.apache.org/maven2/org/apache/cxf/cxf-rt-rs-client/3.4.5/cxf-rt-rs-client-3.4.5.jar
[INFO] Downloaded from central: https://repo.maven.apache.org/maven2/org/apache/shiro/shiro-web/1.8.0/shiro-web-1.8.0.jar (161 kB at 710 kB/s)
[INFO] Downloading from central: https://repo.maven.apache.org/maven2/org/apache/cxf/cxf-rt-transports-http/3.4.5/cxf-rt-transports-http-3.4.5.jar
[INFO] Downloaded from central: https://repo.maven.apache.org/maven2/org/glassfish/jersey/media/jersey-media-sse/2.33/jersey-media-sse-2.33.jar (79 kB at 347 kB/s)
[INFO] Downloading from central: https://repo.maven.apache.org/maven2/org/apache/cxf/cxf-core/3.4.5/cxf-core-3.4.5.jar
[INFO] Downloaded from central: https://repo.maven.apache.org/maven2/io/dropwizard/dropwizard-testing/2.0.25/dropwizard-testing-2.0.25.jar (62 kB at 274 kB/s)
[INFO] Downloading from central: https://repo.maven.apache.org/maven2/org/apache/cxf/cxf-rt-frontend-jaxrs/3.4.5/cxf-rt-frontend-jaxrs-3.4.5.jar
[INFO] Downloaded from central: https://repo.maven.apache.org/maven2/org/apache/cxf/cxf-rt-rs-client/3.4.5/cxf-rt-rs-client-3.4.5.jar (190 kB at 795 kB/s)
[INFO] Downloading from central: https://repo.maven.apache.org/maven2/org/apache/cxf/cxf-rt-security/3.4.5/cxf-rt-security-3.4.5.jar
[INFO] Downloaded from central: https://repo.maven.apache.org/maven2/org/apache/cxf/cxf-rt-security/3.4.5/cxf-rt-security-3.4.5.jar (42 kB at 166 kB/s)
[INFO] Downloading from central: https://repo.maven.apache.org/maven2/org/apache/cxf/cxf-rt-rs-sse/3.4.5/cxf-rt-rs-sse-3.4.5.jar
[INFO] Downloaded from central: https://repo.maven.apache.org/maven2/org/apache/cxf/cxf-rt-transports-http/3.4.5/cxf-rt-transports-http-3.4.5.jar (392 kB at 1.6 MB/s)
[INFO] Downloaded from central: https://repo.maven.apache.org/maven2/org/glassfish/jersey/bundles/repackaged/jersey-guava/2.26-b03/jersey-guava-2.26-b03.jar (971 kB at 3.8 MB/s)
[INFO] Downloaded from central: https://repo.maven.apache.org/maven2/org/apache/cxf/cxf-rt-rs-sse/3.4.5/cxf-rt-rs-sse-3.4.5.jar (54 kB at 210 kB/s)
[INFO] Downloaded from central: https://repo.maven.apache.org/maven2/org/apache/cxf/cxf-rt-frontend-jaxrs/3.4.5/cxf-rt-frontend-jaxrs-3.4.5.jar (703 kB at 2.7 MB/s)
[INFO] Downloaded from central: https://repo.maven.apache.org/maven2/org/apache/cxf/cxf-core/3.4.5/cxf-core-3.4.5.jar (1.4 MB at 5.1 MB/s)
[INFO] Downloading from dependency-snapshots-repo: https://oss.sonatype.org/content/repositories/snapshots/io/cassandrareaper/dropwizard/dropwizard-shiro/0.3.0-SNAPSHOT/dropwizard-shiro-0.3.0-20211125.055233-2.jar
[INFO] Downloading from dependency-snapshots-repo: https://oss.sonatype.org/content/repositories/snapshots/io/cassandrareaper/shiro/shiro-jersey/0.3.0-SNAPSHOT/shiro-jersey-0.3.0-20211125.055209-2.jar
[INFO] Downloaded from dependency-snapshots-repo: https://oss.sonatype.org/content/repositories/snapshots/io/cassandrareaper/dropwizard/dropwizard-shiro/0.3.0-SNAPSHOT/dropwizard-shiro-0.3.0-20211125.055233-2.jar (7.5 kB at 30 kB/s)
[INFO] Downloaded from dependency-snapshots-repo: https://oss.sonatype.org/content/repositories/snapshots/io/cassandrareaper/shiro/shiro-jersey/0.3.0-SNAPSHOT/shiro-jersey-0.3.0-20211125.055209-2.jar (10 kB at 17 kB/s)
[INFO] 
[INFO] --- maven-clean-plugin:3.1.0:clean (default-clean) @ cassandra-reaper ---
[INFO] 
[INFO] --- maven-enforcer-plugin:1.4.1:enforce (enforce-java) @ cassandra-reaper ---
[INFO] 
[INFO] --- buildnumber-maven-plugin:1.4:create (default) @ cassandra-reaper ---
[INFO] ShortRevision tag detected. The value is '7'.
[INFO] Executing: /bin/sh -c cd '/home/gabsko/breaking-updates/src/server' && 'git' 'rev-parse' '--verify' '--short=7' 'HEAD'
[INFO] Working directory: /home/gabsko/breaking-updates/src/server
[INFO] Storing buildNumber: bd1211b at timestamp: 1675912563866
[WARNING] Cannot get the branch information from the git repository: 
Detecting the current branch failed: fatal: ref HEAD is not a symbolic ref

[INFO] ShortRevision tag detected. The value is '7'.
[INFO] Executing: /bin/sh -c cd '/home/gabsko/breaking-updates/src/server' && 'git' 'rev-parse' '--verify' '--short=7' 'HEAD'
[INFO] Working directory: /home/gabsko/breaking-updates/src/server
[INFO] Storing buildScmBranch: UNKNOWN
[INFO] 
[INFO] --- maven-checkstyle-plugin:3.1.2:check (validate) @ cassandra-reaper ---
[WARNING] Old version of checkstyle detected. Consider updating to >= v8.30
[WARNING] For more information see: https://maven.apache.org/plugins/maven-checkstyle-plugin/examples/upgrading-checkstyle.html
[INFO] Starting audit...
Audit done.
[INFO] You have 0 Checkstyle violations.
[INFO] 
[INFO] --- jacoco-maven-plugin:0.8.6:prepare-agent (prepare-agent) @ cassandra-reaper ---
[INFO] argLine set to -javaagent:/home/gabsko/.m2/repository/org/jacoco/org.jacoco.agent/0.8.6/org.jacoco.agent-0.8.6-runtime.jar=destfile=/home/gabsko/breaking-updates/src/server/target/jacoco.exec
[INFO] 
[INFO] --- replacer:1.5.3:replace (default) @ cassandra-reaper ---
[INFO] Replacement run on 1 file.
[INFO] 
[INFO] --- exec-maven-plugin:1.6.0:exec (exec-npm-install) @ cassandra-reaper ---
npm WARN deprecated querystring@0.2.0: The querystring API is considered Legacy. new code should use the URLSearchParams API instead.
npm WARN deprecated source-map-url@0.4.1: See https://github.com/lydell/source-map-url#deprecated
npm WARN deprecated resolve-url@0.2.1: https://github.com/lydell/resolve-url#deprecated
npm WARN deprecated source-map-resolve@0.5.3: See https://github.com/lydell/source-map-resolve#deprecated
npm WARN deprecated urix@0.1.0: Please see https://github.com/lydell/urix#deprecated
npm WARN deprecated har-validator@5.1.5: this library is no longer supported
npm WARN deprecated uuid@3.4.0: Please upgrade  to version 7 or higher.  Older versions may use Math.random() in certain circumstances, which is known to be problematic.  See https://v8.dev/blog/math-random for details.
npm WARN deprecated request@2.88.2: request has been deprecated, see https://github.com/request/request/issues/3142
npm WARN deprecated html-webpack-plugin@3.2.0: 3.x is no longer supported
npm WARN deprecated chokidar@2.1.8: Chokidar 2 does not receive security updates since 2019. Upgrade to chokidar 3 with 15x fewer dependencies
npm WARN deprecated chokidar@2.1.8: Chokidar 2 does not receive security updates since 2019. Upgrade to chokidar 3 with 15x fewer dependencies
npm WARN deprecated popper.js@1.16.1: You can find the new Popper v2 at @popperjs/core, this package is dedicated to the legacy v1
npm WARN deprecated tar@2.2.2: This version of tar is no longer supported, and will not receive security updates. Please upgrade asap.
npm WARN deprecated core-js@2.6.12: core-js@<3.23.3 is no longer maintained and not recommended for usage due to the number of issues. Because of the V8 engine whims, feature detection in old core-js versions could cause a slowdown up to 100x even if nothing is polyfilled. Some versions have web compatibility issues. Please, upgrade your dependencies to the actual version of core-js.
npm ERR! code 1
npm ERR! path /home/gabsko/breaking-updates/src/ui/node_modules/node-sass
npm ERR! command failed
npm ERR! command sh -c -- node scripts/build.js
npm ERR! Building: /usr/local/bin/node /home/gabsko/breaking-updates/src/ui/node_modules/node-gyp/bin/node-gyp.js rebuild --verbose --libsass_ext= --libsass_cflags= --libsass_ldflags= --libsass_library=
npm ERR! make: Entering directory '/home/gabsko/breaking-updates/src/ui/node_modules/node-sass/build'
npm ERR!   g++ '-DNODE_GYP_MODULE_NAME=libsass' '-DUSING_UV_SHARED=1' '-DUSING_V8_SHARED=1' '-DV8_DEPRECATION_WARNINGS=1' '-DV8_DEPRECATION_WARNINGS' '-DV8_IMMINENT_DEPRECATION_WARNINGS' '-D_GLIBCXX_USE_CXX11_ABI=1' '-D_LARGEFILE_SOURCE' '-D_FILE_OFFSET_BITS=64' '-D__STDC_FORMAT_MACROS' '-DOPENSSL_NO_PINSHARED' '-DOPENSSL_THREADS' '-DLIBSASS_VERSION="3.5.5"' -I/home/gabsko/.node-gyp/16.17.1/include/node -I/home/gabsko/.node-gyp/16.17.1/src -I/home/gabsko/.node-gyp/16.17.1/deps/openssl/config -I/home/gabsko/.node-gyp/16.17.1/deps/openssl/openssl/include -I/home/gabsko/.node-gyp/16.17.1/deps/uv/include -I/home/gabsko/.node-gyp/16.17.1/deps/zlib -I/home/gabsko/.node-gyp/16.17.1/deps/v8/include -I../src/libsass/include  -fPIC -pthread -Wall -Wextra -Wno-unused-parameter -m64 -O3 -fno-omit-frame-pointer -std=gnu++14 -std=c++0x -fexceptions -frtti -MMD -MF ./Release/.deps/Release/obj.target/libsass/src/libsass/src/ast.o.d.raw   -c -o Release/obj.target/libsass/src/libsass/src/ast.o ../src/libsass/src/ast.cpp
npm ERR!   g++ '-DNODE_GYP_MODULE_NAME=libsass' '-DUSING_UV_SHARED=1' '-DUSING_V8_SHARED=1' '-DV8_DEPRECATION_WARNINGS=1' '-DV8_DEPRECATION_WARNINGS' '-DV8_IMMINENT_DEPRECATION_WARNINGS' '-D_GLIBCXX_USE_CXX11_ABI=1' '-D_LARGEFILE_SOURCE' '-D_FILE_OFFSET_BITS=64' '-D__STDC_FORMAT_MACROS' '-DOPENSSL_NO_PINSHARED' '-DOPENSSL_THREADS' '-DLIBSASS_VERSION="3.5.5"' -I/home/gabsko/.node-gyp/16.17.1/include/node -I/home/gabsko/.node-gyp/16.17.1/src -I/home/gabsko/.node-gyp/16.17.1/deps/openssl/config -I/home/gabsko/.node-gyp/16.17.1/deps/openssl/openssl/include -I/home/gabsko/.node-gyp/16.17.1/deps/uv/include -I/home/gabsko/.node-gyp/16.17.1/deps/zlib -I/home/gabsko/.node-gyp/16.17.1/deps/v8/include -I../src/libsass/include  -fPIC -pthread -Wall -Wextra -Wno-unused-parameter -m64 -O3 -fno-omit-frame-pointer -std=gnu++14 -std=c++0x -fexceptions -frtti -MMD -MF ./Release/.deps/Release/obj.target/libsass/src/libsass/src/ast_fwd_decl.o.d.raw   -c -o Release/obj.target/libsass/src/libsass/src/ast_fwd_decl.o ../src/libsass/src/ast_fwd_decl.cpp
npm ERR!   g++ '-DNODE_GYP_MODULE_NAME=libsass' '-DUSING_UV_SHARED=1' '-DUSING_V8_SHARED=1' '-DV8_DEPRECATION_WARNINGS=1' '-DV8_DEPRECATION_WARNINGS' '-DV8_IMMINENT_DEPRECATION_WARNINGS' '-D_GLIBCXX_USE_CXX11_ABI=1' '-D_LARGEFILE_SOURCE' '-D_FILE_OFFSET_BITS=64' '-D__STDC_FORMAT_MACROS' '-DOPENSSL_NO_PINSHARED' '-DOPENSSL_THREADS' '-DLIBSASS_VERSION="3.5.5"' -I/home/gabsko/.node-gyp/16.17.1/include/node -I/home/gabsko/.node-gyp/16.17.1/src -I/home/gabsko/.node-gyp/16.17.1/deps/openssl/config -I/home/gabsko/.node-gyp/16.17.1/deps/openssl/openssl/include -I/home/gabsko/.node-gyp/16.17.1/deps/uv/include -I/home/gabsko/.node-gyp/16.17.1/deps/zlib -I/home/gabsko/.node-gyp/16.17.1/deps/v8/include -I../src/libsass/include  -fPIC -pthread -Wall -Wextra -Wno-unused-parameter -m64 -O3 -fno-omit-frame-pointer -std=gnu++14 -std=c++0x -fexceptions -frtti -MMD -MF ./Release/.deps/Release/obj.target/libsass/src/libsass/src/backtrace.o.d.raw   -c -o Release/obj.target/libsass/src/libsass/src/backtrace.o ../src/libsass/src/backtrace.cpp
npm ERR!   g++ '-DNODE_GYP_MODULE_NAME=libsass' '-DUSING_UV_SHARED=1' '-DUSING_V8_SHARED=1' '-DV8_DEPRECATION_WARNINGS=1' '-DV8_DEPRECATION_WARNINGS' '-DV8_IMMINENT_DEPRECATION_WARNINGS' '-D_GLIBCXX_USE_CXX11_ABI=1' '-D_LARGEFILE_SOURCE' '-D_FILE_OFFSET_BITS=64' '-D__STDC_FORMAT_MACROS' '-DOPENSSL_NO_PINSHARED' '-DOPENSSL_THREADS' '-DLIBSASS_VERSION="3.5.5"' -I/home/gabsko/.node-gyp/16.17.1/include/node -I/home/gabsko/.node-gyp/16.17.1/src -I/home/gabsko/.node-gyp/16.17.1/deps/openssl/config -I/home/gabsko/.node-gyp/16.17.1/deps/openssl/openssl/include -I/home/gabsko/.node-gyp/16.17.1/deps/uv/include -I/home/gabsko/.node-gyp/16.17.1/deps/zlib -I/home/gabsko/.node-gyp/16.17.1/deps/v8/include -I../src/libsass/include  -fPIC -pthread -Wall -Wextra -Wno-unused-parameter -m64 -O3 -fno-omit-frame-pointer -std=gnu++14 -std=c++0x -fexceptions -frtti -MMD -MF ./Release/.deps/Release/obj.target/libsass/src/libsass/src/base64vlq.o.d.raw   -c -o Release/obj.target/libsass/src/libsass/src/base64vlq.o ../src/libsass/src/base64vlq.cpp
npm ERR!   g++ '-DNODE_GYP_MODULE_NAME=libsass' '-DUSING_UV_SHARED=1' '-DUSING_V8_SHARED=1' '-DV8_DEPRECATION_WARNINGS=1' '-DV8_DEPRECATION_WARNINGS' '-DV8_IMMINENT_DEPRECATION_WARNINGS' '-D_GLIBCXX_USE_CXX11_ABI=1' '-D_LARGEFILE_SOURCE' '-D_FILE_OFFSET_BITS=64' '-D__STDC_FORMAT_MACROS' '-DOPENSSL_NO_PINSHARED' '-DOPENSSL_THREADS' '-DLIBSASS_VERSION="3.5.5"' -I/home/gabsko/.node-gyp/16.17.1/include/node -I/home/gabsko/.node-gyp/16.17.1/src -I/home/gabsko/.node-gyp/16.17.1/deps/openssl/config -I/home/gabsko/.node-gyp/16.17.1/deps/openssl/openssl/include -I/home/gabsko/.node-gyp/16.17.1/deps/uv/include -I/home/gabsko/.node-gyp/16.17.1/deps/zlib -I/home/gabsko/.node-gyp/16.17.1/deps/v8/include -I../src/libsass/include  -fPIC -pthread -Wall -Wextra -Wno-unused-parameter -m64 -O3 -fno-omit-frame-pointer -std=gnu++14 -std=c++0x -fexceptions -frtti -MMD -MF ./Release/.deps/Release/obj.target/libsass/src/libsass/src/bind.o.d.raw   -c -o Release/obj.target/libsass/src/libsass/src/bind.o ../src/libsass/src/bind.cpp
npm ERR!   cc '-DNODE_GYP_MODULE_NAME=libsass' '-DUSING_UV_SHARED=1' '-DUSING_V8_SHARED=1' '-DV8_DEPRECATION_WARNINGS=1' '-DV8_DEPRECATION_WARNINGS' '-DV8_IMMINENT_DEPRECATION_WARNINGS' '-D_GLIBCXX_USE_CXX11_ABI=1' '-D_LARGEFILE_SOURCE' '-D_FILE_OFFSET_BITS=64' '-D__STDC_FORMAT_MACROS' '-DOPENSSL_NO_PINSHARED' '-DOPENSSL_THREADS' '-DLIBSASS_VERSION="3.5.5"' -I/home/gabsko/.node-gyp/16.17.1/include/node -I/home/gabsko/.node-gyp/16.17.1/src -I/home/gabsko/.node-gyp/16.17.1/deps/openssl/config -I/home/gabsko/.node-gyp/16.17.1/deps/openssl/openssl/include -I/home/gabsko/.node-gyp/16.17.1/deps/uv/include -I/home/gabsko/.node-gyp/16.17.1/deps/zlib -I/home/gabsko/.node-gyp/16.17.1/deps/v8/include -I../src/libsass/include  -fPIC -pthread -Wall -Wextra -Wno-unused-parameter -m64 -O3 -fno-omit-frame-pointer  -MMD -MF ./Release/.deps/Release/obj.target/libsass/src/libsass/src/cencode.o.d.raw   -c -o Release/obj.target/libsass/src/libsass/src/cencode.o ../src/libsass/src/cencode.c
npm ERR!   g++ '-DNODE_GYP_MODULE_NAME=libsass' '-DUSING_UV_SHARED=1' '-DUSING_V8_SHARED=1' '-DV8_DEPRECATION_WARNINGS=1' '-DV8_DEPRECATION_WARNINGS' '-DV8_IMMINENT_DEPRECATION_WARNINGS' '-D_GLIBCXX_USE_CXX11_ABI=1' '-D_LARGEFILE_SOURCE' '-D_FILE_OFFSET_BITS=64' '-D__STDC_FORMAT_MACROS' '-DOPENSSL_NO_PINSHARED' '-DOPENSSL_THREADS' '-DLIBSASS_VERSION="3.5.5"' -I/home/gabsko/.node-gyp/16.17.1/include/node -I/home/gabsko/.node-gyp/16.17.1/src -I/home/gabsko/.node-gyp/16.17.1/deps/openssl/config -I/home/gabsko/.node-gyp/16.17.1/deps/openssl/openssl/include -I/home/gabsko/.node-gyp/16.17.1/deps/uv/include -I/home/gabsko/.node-gyp/16.17.1/deps/zlib -I/home/gabsko/.node-gyp/16.17.1/deps/v8/include -I../src/libsass/include  -fPIC -pthread -Wall -Wextra -Wno-unused-parameter -m64 -O3 -fno-omit-frame-pointer -std=gnu++14 -std=c++0x -fexceptions -frtti -MMD -MF ./Release/.deps/Release/obj.target/libsass/src/libsass/src/check_nesting.o.d.raw   -c -o Release/obj.target/libsass/src/libsass/src/check_nesting.o ../src/libsass/src/check_nesting.cpp
npm ERR!   g++ '-DNODE_GYP_MODULE_NAME=libsass' '-DUSING_UV_SHARED=1' '-DUSING_V8_SHARED=1' '-DV8_DEPRECATION_WARNINGS=1' '-DV8_DEPRECATION_WARNINGS' '-DV8_IMMINENT_DEPRECATION_WARNINGS' '-D_GLIBCXX_USE_CXX11_ABI=1' '-D_LARGEFILE_SOURCE' '-D_FILE_OFFSET_BITS=64' '-D__STDC_FORMAT_MACROS' '-DOPENSSL_NO_PINSHARED' '-DOPENSSL_THREADS' '-DLIBSASS_VERSION="3.5.5"' -I/home/gabsko/.node-gyp/16.17.1/include/node -I/home/gabsko/.node-gyp/16.17.1/src -I/home/gabsko/.node-gyp/16.17.1/deps/openssl/config -I/home/gabsko/.node-gyp/16.17.1/deps/openssl/openssl/include -I/home/gabsko/.node-gyp/16.17.1/deps/uv/include -I/home/gabsko/.node-gyp/16.17.1/deps/zlib -I/home/gabsko/.node-gyp/16.17.1/deps/v8/include -I../src/libsass/include  -fPIC -pthread -Wall -Wextra -Wno-unused-parameter -m64 -O3 -fno-omit-frame-pointer -std=gnu++14 -std=c++0x -fexceptions -frtti -MMD -MF ./Release/.deps/Release/obj.target/libsass/src/libsass/src/color_maps.o.d.raw   -c -o Release/obj.target/libsass/src/libsass/src/color_maps.o ../src/libsass/src/color_maps.cpp
npm ERR!   g++ '-DNODE_GYP_MODULE_NAME=libsass' '-DUSING_UV_SHARED=1' '-DUSING_V8_SHARED=1' '-DV8_DEPRECATION_WARNINGS=1' '-DV8_DEPRECATION_WARNINGS' '-DV8_IMMINENT_DEPRECATION_WARNINGS' '-D_GLIBCXX_USE_CXX11_ABI=1' '-D_LARGEFILE_SOURCE' '-D_FILE_OFFSET_BITS=64' '-D__STDC_FORMAT_MACROS' '-DOPENSSL_NO_PINSHARED' '-DOPENSSL_THREADS' '-DLIBSASS_VERSION="3.5.5"' -I/home/gabsko/.node-gyp/16.17.1/include/node -I/home/gabsko/.node-gyp/16.17.1/src -I/home/gabsko/.node-gyp/16.17.1/deps/openssl/config -I/home/gabsko/.node-gyp/16.17.1/deps/openssl/openssl/include -I/home/gabsko/.node-gyp/16.17.1/deps/uv/include -I/home/gabsko/.node-gyp/16.17.1/deps/zlib -I/home/gabsko/.node-gyp/16.17.1/deps/v8/include -I../src/libsass/include  -fPIC -pthread -Wall -Wextra -Wno-unused-parameter -m64 -O3 -fno-omit-frame-pointer -std=gnu++14 -std=c++0x -fexceptions -frtti -MMD -MF ./Release/.deps/Release/obj.target/libsass/src/libsass/src/constants.o.d.raw   -c -o Release/obj.target/libsass/src/libsass/src/constants.o ../src/libsass/src/constants.cpp
npm ERR!   g++ '-DNODE_GYP_MODULE_NAME=libsass' '-DUSING_UV_SHARED=1' '-DUSING_V8_SHARED=1' '-DV8_DEPRECATION_WARNINGS=1' '-DV8_DEPRECATION_WARNINGS' '-DV8_IMMINENT_DEPRECATION_WARNINGS' '-D_GLIBCXX_USE_CXX11_ABI=1' '-D_LARGEFILE_SOURCE' '-D_FILE_OFFSET_BITS=64' '-D__STDC_FORMAT_MACROS' '-DOPENSSL_NO_PINSHARED' '-DOPENSSL_THREADS' '-DLIBSASS_VERSION="3.5.5"' -I/home/gabsko/.node-gyp/16.17.1/include/node -I/home/gabsko/.node-gyp/16.17.1/src -I/home/gabsko/.node-gyp/16.17.1/deps/openssl/config -I/home/gabsko/.node-gyp/16.17.1/deps/openssl/openssl/include -I/home/gabsko/.node-gyp/16.17.1/deps/uv/include -I/home/gabsko/.node-gyp/16.17.1/deps/zlib -I/home/gabsko/.node-gyp/16.17.1/deps/v8/include -I../src/libsass/include  -fPIC -pthread -Wall -Wextra -Wno-unused-parameter -m64 -O3 -fno-omit-frame-pointer -std=gnu++14 -std=c++0x -fexceptions -frtti -MMD -MF ./Release/.deps/Release/obj.target/libsass/src/libsass/src/context.o.d.raw   -c -o Release/obj.target/libsass/src/libsass/src/context.o ../src/libsass/src/context.cpp
npm ERR!   g++ '-DNODE_GYP_MODULE_NAME=libsass' '-DUSING_UV_SHARED=1' '-DUSING_V8_SHARED=1' '-DV8_DEPRECATION_WARNINGS=1' '-DV8_DEPRECATION_WARNINGS' '-DV8_IMMINENT_DEPRECATION_WARNINGS' '-D_GLIBCXX_USE_CXX11_ABI=1' '-D_LARGEFILE_SOURCE' '-D_FILE_OFFSET_BITS=64' '-D__STDC_FORMAT_MACROS' '-DOPENSSL_NO_PINSHARED' '-DOPENSSL_THREADS' '-DLIBSASS_VERSION="3.5.5"' -I/home/gabsko/.node-gyp/16.17.1/include/node -I/home/gabsko/.node-gyp/16.17.1/src -I/home/gabsko/.node-gyp/16.17.1/deps/openssl/config -I/home/gabsko/.node-gyp/16.17.1/deps/openssl/openssl/include -I/home/gabsko/.node-gyp/16.17.1/deps/uv/include -I/home/gabsko/.node-gyp/16.17.1/deps/zlib -I/home/gabsko/.node-gyp/16.17.1/deps/v8/include -I../src/libsass/include  -fPIC -pthread -Wall -Wextra -Wno-unused-parameter -m64 -O3 -fno-omit-frame-pointer -std=gnu++14 -std=c++0x -fexceptions -frtti -MMD -MF ./Release/.deps/Release/obj.target/libsass/src/libsass/src/cssize.o.d.raw   -c -o Release/obj.target/libsass/src/libsass/src/cssize.o ../src/libsass/src/cssize.cpp
npm ERR!   g++ '-DNODE_GYP_MODULE_NAME=libsass' '-DUSING_UV_SHARED=1' '-DUSING_V8_SHARED=1' '-DV8_DEPRECATION_WARNINGS=1' '-DV8_DEPRECATION_WARNINGS' '-DV8_IMMINENT_DEPRECATION_WARNINGS' '-D_GLIBCXX_USE_CXX11_ABI=1' '-D_LARGEFILE_SOURCE' '-D_FILE_OFFSET_BITS=64' '-D__STDC_FORMAT_MACROS' '-DOPENSSL_NO_PINSHARED' '-DOPENSSL_THREADS' '-DLIBSASS_VERSION="3.5.5"' -I/home/gabsko/.node-gyp/16.17.1/include/node -I/home/gabsko/.node-gyp/16.17.1/src -I/home/gabsko/.node-gyp/16.17.1/deps/openssl/config -I/home/gabsko/.node-gyp/16.17.1/deps/openssl/openssl/include -I/home/gabsko/.node-gyp/16.17.1/deps/uv/include -I/home/gabsko/.node-gyp/16.17.1/deps/zlib -I/home/gabsko/.node-gyp/16.17.1/deps/v8/include -I../src/libsass/include  -fPIC -pthread -Wall -Wextra -Wno-unused-parameter -m64 -O3 -fno-omit-frame-pointer -std=gnu++14 -std=c++0x -fexceptions -frtti -MMD -MF ./Release/.deps/Release/obj.target/libsass/src/libsass/src/emitter.o.d.raw   -c -o Release/obj.target/libsass/src/libsass/src/emitter.o ../src/libsass/src/emitter.cpp
npm ERR!   g++ '-DNODE_GYP_MODULE_NAME=libsass' '-DUSING_UV_SHARED=1' '-DUSING_V8_SHARED=1' '-DV8_DEPRECATION_WARNINGS=1' '-DV8_DEPRECATION_WARNINGS' '-DV8_IMMINENT_DEPRECATION_WARNINGS' '-D_GLIBCXX_USE_CXX11_ABI=1' '-D_LARGEFILE_SOURCE' '-D_FILE_OFFSET_BITS=64' '-D__STDC_FORMAT_MACROS' '-DOPENSSL_NO_PINSHARED' '-DOPENSSL_THREADS' '-DLIBSASS_VERSION="3.5.5"' -I/home/gabsko/.node-gyp/16.17.1/include/node -I/home/gabsko/.node-gyp/16.17.1/src -I/home/gabsko/.node-gyp/16.17.1/deps/openssl/config -I/home/gabsko/.node-gyp/16.17.1/deps/openssl/openssl/include -I/home/gabsko/.node-gyp/16.17.1/deps/uv/include -I/home/gabsko/.node-gyp/16.17.1/deps/zlib -I/home/gabsko/.node-gyp/16.17.1/deps/v8/include -I../src/libsass/include  -fPIC -pthread -Wall -Wextra -Wno-unused-parameter -m64 -O3 -fno-omit-frame-pointer -std=gnu++14 -std=c++0x -fexceptions -frtti -MMD -MF ./Release/.deps/Release/obj.target/libsass/src/libsass/src/environment.o.d.raw   -c -o Release/obj.target/libsass/src/libsass/src/environment.o ../src/libsass/src/environment.cpp
npm ERR!   g++ '-DNODE_GYP_MODULE_NAME=libsass' '-DUSING_UV_SHARED=1' '-DUSING_V8_SHARED=1' '-DV8_DEPRECATION_WARNINGS=1' '-DV8_DEPRECATION_WARNINGS' '-DV8_IMMINENT_DEPRECATION_WARNINGS' '-D_GLIBCXX_USE_CXX11_ABI=1' '-D_LARGEFILE_SOURCE' '-D_FILE_OFFSET_BITS=64' '-D__STDC_FORMAT_MACROS' '-DOPENSSL_NO_PINSHARED' '-DOPENSSL_THREADS' '-DLIBSASS_VERSION="3.5.5"' -I/home/gabsko/.node-gyp/16.17.1/include/node -I/home/gabsko/.node-gyp/16.17.1/src -I/home/gabsko/.node-gyp/16.17.1/deps/openssl/config -I/home/gabsko/.node-gyp/16.17.1/deps/openssl/openssl/include -I/home/gabsko/.node-gyp/16.17.1/deps/uv/include -I/home/gabsko/.node-gyp/16.17.1/deps/zlib -I/home/gabsko/.node-gyp/16.17.1/deps/v8/include -I../src/libsass/include  -fPIC -pthread -Wall -Wextra -Wno-unused-parameter -m64 -O3 -fno-omit-frame-pointer -std=gnu++14 -std=c++0x -fexceptions -frtti -MMD -MF ./Release/.deps/Release/obj.target/libsass/src/libsass/src/error_handling.o.d.raw   -c -o Release/obj.target/libsass/src/libsass/src/error_handling.o ../src/libsass/src/error_handling.cpp
npm ERR!   g++ '-DNODE_GYP_MODULE_NAME=libsass' '-DUSING_UV_SHARED=1' '-DUSING_V8_SHARED=1' '-DV8_DEPRECATION_WARNINGS=1' '-DV8_DEPRECATION_WARNINGS' '-DV8_IMMINENT_DEPRECATION_WARNINGS' '-D_GLIBCXX_USE_CXX11_ABI=1' '-D_LARGEFILE_SOURCE' '-D_FILE_OFFSET_BITS=64' '-D__STDC_FORMAT_MACROS' '-DOPENSSL_NO_PINSHARED' '-DOPENSSL_THREADS' '-DLIBSASS_VERSION="3.5.5"' -I/home/gabsko/.node-gyp/16.17.1/include/node -I/home/gabsko/.node-gyp/16.17.1/src -I/home/gabsko/.node-gyp/16.17.1/deps/openssl/config -I/home/gabsko/.node-gyp/16.17.1/deps/openssl/openssl/include -I/home/gabsko/.node-gyp/16.17.1/deps/uv/include -I/home/gabsko/.node-gyp/16.17.1/deps/zlib -I/home/gabsko/.node-gyp/16.17.1/deps/v8/include -I../src/libsass/include  -fPIC -pthread -Wall -Wextra -Wno-unused-parameter -m64 -O3 -fno-omit-frame-pointer -std=gnu++14 -std=c++0x -fexceptions -frtti -MMD -MF ./Release/.deps/Release/obj.target/libsass/src/libsass/src/eval.o.d.raw   -c -o Release/obj.target/libsass/src/libsass/src/eval.o ../src/libsass/src/eval.cpp
npm ERR!   g++ '-DNODE_GYP_MODULE_NAME=libsass' '-DUSING_UV_SHARED=1' '-DUSING_V8_SHARED=1' '-DV8_DEPRECATION_WARNINGS=1' '-DV8_DEPRECATION_WARNINGS' '-DV8_IMMINENT_DEPRECATION_WARNINGS' '-D_GLIBCXX_USE_CXX11_ABI=1' '-D_LARGEFILE_SOURCE' '-D_FILE_OFFSET_BITS=64' '-D__STDC_FORMAT_MACROS' '-DOPENSSL_NO_PINSHARED' '-DOPENSSL_THREADS' '-DLIBSASS_VERSION="3.5.5"' -I/home/gabsko/.node-gyp/16.17.1/include/node -I/home/gabsko/.node-gyp/16.17.1/src -I/home/gabsko/.node-gyp/16.17.1/deps/openssl/config -I/home/gabsko/.node-gyp/16.17.1/deps/openssl/openssl/include -I/home/gabsko/.node-gyp/16.17.1/deps/uv/include -I/home/gabsko/.node-gyp/16.17.1/deps/zlib -I/home/gabsko/.node-gyp/16.17.1/deps/v8/include -I../src/libsass/include  -fPIC -pthread -Wall -Wextra -Wno-unused-parameter -m64 -O3 -fno-omit-frame-pointer -std=gnu++14 -std=c++0x -fexceptions -frtti -MMD -MF ./Release/.deps/Release/obj.target/libsass/src/libsass/src/expand.o.d.raw   -c -o Release/obj.target/libsass/src/libsass/src/expand.o ../src/libsass/src/expand.cpp
npm ERR!   g++ '-DNODE_GYP_MODULE_NAME=libsass' '-DUSING_UV_SHARED=1' '-DUSING_V8_SHARED=1' '-DV8_DEPRECATION_WARNINGS=1' '-DV8_DEPRECATION_WARNINGS' '-DV8_IMMINENT_DEPRECATION_WARNINGS' '-D_GLIBCXX_USE_CXX11_ABI=1' '-D_LARGEFILE_SOURCE' '-D_FILE_OFFSET_BITS=64' '-D__STDC_FORMAT_MACROS' '-DOPENSSL_NO_PINSHARED' '-DOPENSSL_THREADS' '-DLIBSASS_VERSION="3.5.5"' -I/home/gabsko/.node-gyp/16.17.1/include/node -I/home/gabsko/.node-gyp/16.17.1/src -I/home/gabsko/.node-gyp/16.17.1/deps/openssl/config -I/home/gabsko/.node-gyp/16.17.1/deps/openssl/openssl/include -I/home/gabsko/.node-gyp/16.17.1/deps/uv/include -I/home/gabsko/.node-gyp/16.17.1/deps/zlib -I/home/gabsko/.node-gyp/16.17.1/deps/v8/include -I../src/libsass/include  -fPIC -pthread -Wall -Wextra -Wno-unused-parameter -m64 -O3 -fno-omit-frame-pointer -std=gnu++14 -std=c++0x -fexceptions -frtti -MMD -MF ./Release/.deps/Release/obj.target/libsass/src/libsass/src/extend.o.d.raw   -c -o Release/obj.target/libsass/src/libsass/src/extend.o ../src/libsass/src/extend.cpp
npm ERR!   g++ '-DNODE_GYP_MODULE_NAME=libsass' '-DUSING_UV_SHARED=1' '-DUSING_V8_SHARED=1' '-DV8_DEPRECATION_WARNINGS=1' '-DV8_DEPRECATION_WARNINGS' '-DV8_IMMINENT_DEPRECATION_WARNINGS' '-D_GLIBCXX_USE_CXX11_ABI=1' '-D_LARGEFILE_SOURCE' '-D_FILE_OFFSET_BITS=64' '-D__STDC_FORMAT_MACROS' '-DOPENSSL_NO_PINSHARED' '-DOPENSSL_THREADS' '-DLIBSASS_VERSION="3.5.5"' -I/home/gabsko/.node-gyp/16.17.1/include/node -I/home/gabsko/.node-gyp/16.17.1/src -I/home/gabsko/.node-gyp/16.17.1/deps/openssl/config -I/home/gabsko/.node-gyp/16.17.1/deps/openssl/openssl/include -I/home/gabsko/.node-gyp/16.17.1/deps/uv/include -I/home/gabsko/.node-gyp/16.17.1/deps/zlib -I/home/gabsko/.node-gyp/16.17.1/deps/v8/include -I../src/libsass/include  -fPIC -pthread -Wall -Wextra -Wno-unused-parameter -m64 -O3 -fno-omit-frame-pointer -std=gnu++14 -std=c++0x -fexceptions -frtti -MMD -MF ./Release/.deps/Release/obj.target/libsass/src/libsass/src/file.o.d.raw   -c -o Release/obj.target/libsass/src/libsass/src/file.o ../src/libsass/src/file.cpp
npm ERR!   g++ '-DNODE_GYP_MODULE_NAME=libsass' '-DUSING_UV_SHARED=1' '-DUSING_V8_SHARED=1' '-DV8_DEPRECATION_WARNINGS=1' '-DV8_DEPRECATION_WARNINGS' '-DV8_IMMINENT_DEPRECATION_WARNINGS' '-D_GLIBCXX_USE_CXX11_ABI=1' '-D_LARGEFILE_SOURCE' '-D_FILE_OFFSET_BITS=64' '-D__STDC_FORMAT_MACROS' '-DOPENSSL_NO_PINSHARED' '-DOPENSSL_THREADS' '-DLIBSASS_VERSION="3.5.5"' -I/home/gabsko/.node-gyp/16.17.1/include/node -I/home/gabsko/.node-gyp/16.17.1/src -I/home/gabsko/.node-gyp/16.17.1/deps/openssl/config -I/home/gabsko/.node-gyp/16.17.1/deps/openssl/openssl/include -I/home/gabsko/.node-gyp/16.17.1/deps/uv/include -I/home/gabsko/.node-gyp/16.17.1/deps/zlib -I/home/gabsko/.node-gyp/16.17.1/deps/v8/include -I../src/libsass/include  -fPIC -pthread -Wall -Wextra -Wno-unused-parameter -m64 -O3 -fno-omit-frame-pointer -std=gnu++14 -std=c++0x -fexceptions -frtti -MMD -MF ./Release/.deps/Release/obj.target/libsass/src/libsass/src/functions.o.d.raw   -c -o Release/obj.target/libsass/src/libsass/src/functions.o ../src/libsass/src/functions.cpp
npm ERR!   g++ '-DNODE_GYP_MODULE_NAME=libsass' '-DUSING_UV_SHARED=1' '-DUSING_V8_SHARED=1' '-DV8_DEPRECATION_WARNINGS=1' '-DV8_DEPRECATION_WARNINGS' '-DV8_IMMINENT_DEPRECATION_WARNINGS' '-D_GLIBCXX_USE_CXX11_ABI=1' '-D_LARGEFILE_SOURCE' '-D_FILE_OFFSET_BITS=64' '-D__STDC_FORMAT_MACROS' '-DOPENSSL_NO_PINSHARED' '-DOPENSSL_THREADS' '-DLIBSASS_VERSION="3.5.5"' -I/home/gabsko/.node-gyp/16.17.1/include/node -I/home/gabsko/.node-gyp/16.17.1/src -I/home/gabsko/.node-gyp/16.17.1/deps/openssl/config -I/home/gabsko/.node-gyp/16.17.1/deps/openssl/openssl/include -I/home/gabsko/.node-gyp/16.17.1/deps/uv/include -I/home/gabsko/.node-gyp/16.17.1/deps/zlib -I/home/gabsko/.node-gyp/16.17.1/deps/v8/include -I../src/libsass/include  -fPIC -pthread -Wall -Wextra -Wno-unused-parameter -m64 -O3 -fno-omit-frame-pointer -std=gnu++14 -std=c++0x -fexceptions -frtti -MMD -MF ./Release/.deps/Release/obj.target/libsass/src/libsass/src/inspect.o.d.raw   -c -o Release/obj.target/libsass/src/libsass/src/inspect.o ../src/libsass/src/inspect.cpp
npm ERR!   g++ '-DNODE_GYP_MODULE_NAME=libsass' '-DUSING_UV_SHARED=1' '-DUSING_V8_SHARED=1' '-DV8_DEPRECATION_WARNINGS=1' '-DV8_DEPRECATION_WARNINGS' '-DV8_IMMINENT_DEPRECATION_WARNINGS' '-D_GLIBCXX_USE_CXX11_ABI=1' '-D_LARGEFILE_SOURCE' '-D_FILE_OFFSET_BITS=64' '-D__STDC_FORMAT_MACROS' '-DOPENSSL_NO_PINSHARED' '-DOPENSSL_THREADS' '-DLIBSASS_VERSION="3.5.5"' -I/home/gabsko/.node-gyp/16.17.1/include/node -I/home/gabsko/.node-gyp/16.17.1/src -I/home/gabsko/.node-gyp/16.17.1/deps/openssl/config -I/home/gabsko/.node-gyp/16.17.1/deps/openssl/openssl/include -I/home/gabsko/.node-gyp/16.17.1/deps/uv/include -I/home/gabsko/.node-gyp/16.17.1/deps/zlib -I/home/gabsko/.node-gyp/16.17.1/deps/v8/include -I../src/libsass/include  -fPIC -pthread -Wall -Wextra -Wno-unused-parameter -m64 -O3 -fno-omit-frame-pointer -std=gnu++14 -std=c++0x -fexceptions -frtti -MMD -MF ./Release/.deps/Release/obj.target/libsass/src/libsass/src/json.o.d.raw   -c -o Release/obj.target/libsass/src/libsass/src/json.o ../src/libsass/src/json.cpp
npm ERR!   g++ '-DNODE_GYP_MODULE_NAME=libsass' '-DUSING_UV_SHARED=1' '-DUSING_V8_SHARED=1' '-DV8_DEPRECATION_WARNINGS=1' '-DV8_DEPRECATION_WARNINGS' '-DV8_IMMINENT_DEPRECATION_WARNINGS' '-D_GLIBCXX_USE_CXX11_ABI=1' '-D_LARGEFILE_SOURCE' '-D_FILE_OFFSET_BITS=64' '-D__STDC_FORMAT_MACROS' '-DOPENSSL_NO_PINSHARED' '-DOPENSSL_THREADS' '-DLIBSASS_VERSION="3.5.5"' -I/home/gabsko/.node-gyp/16.17.1/include/node -I/home/gabsko/.node-gyp/16.17.1/src -I/home/gabsko/.node-gyp/16.17.1/deps/openssl/config -I/home/gabsko/.node-gyp/16.17.1/deps/openssl/openssl/include -I/home/gabsko/.node-gyp/16.17.1/deps/uv/include -I/home/gabsko/.node-gyp/16.17.1/deps/zlib -I/home/gabsko/.node-gyp/16.17.1/deps/v8/include -I../src/libsass/include  -fPIC -pthread -Wall -Wextra -Wno-unused-parameter -m64 -O3 -fno-omit-frame-pointer -std=gnu++14 -std=c++0x -fexceptions -frtti -MMD -MF ./Release/.deps/Release/obj.target/libsass/src/libsass/src/lexer.o.d.raw   -c -o Release/obj.target/libsass/src/libsass/src/lexer.o ../src/libsass/src/lexer.cpp
npm ERR!   g++ '-DNODE_GYP_MODULE_NAME=libsass' '-DUSING_UV_SHARED=1' '-DUSING_V8_SHARED=1' '-DV8_DEPRECATION_WARNINGS=1' '-DV8_DEPRECATION_WARNINGS' '-DV8_IMMINENT_DEPRECATION_WARNINGS' '-D_GLIBCXX_USE_CXX11_ABI=1' '-D_LARGEFILE_SOURCE' '-D_FILE_OFFSET_BITS=64' '-D__STDC_FORMAT_MACROS' '-DOPENSSL_NO_PINSHARED' '-DOPENSSL_THREADS' '-DLIBSASS_VERSION="3.5.5"' -I/home/gabsko/.node-gyp/16.17.1/include/node -I/home/gabsko/.node-gyp/16.17.1/src -I/home/gabsko/.node-gyp/16.17.1/deps/openssl/config -I/home/gabsko/.node-gyp/16.17.1/deps/openssl/openssl/include -I/home/gabsko/.node-gyp/16.17.1/deps/uv/include -I/home/gabsko/.node-gyp/16.17.1/deps/zlib -I/home/gabsko/.node-gyp/16.17.1/deps/v8/include -I../src/libsass/include  -fPIC -pthread -Wall -Wextra -Wno-unused-parameter -m64 -O3 -fno-omit-frame-pointer -std=gnu++14 -std=c++0x -fexceptions -frtti -MMD -MF ./Release/.deps/Release/obj.target/libsass/src/libsass/src/listize.o.d.raw   -c -o Release/obj.target/libsass/src/libsass/src/listize.o ../src/libsass/src/listize.cpp
npm ERR!   g++ '-DNODE_GYP_MODULE_NAME=libsass' '-DUSING_UV_SHARED=1' '-DUSING_V8_SHARED=1' '-DV8_DEPRECATION_WARNINGS=1' '-DV8_DEPRECATION_WARNINGS' '-DV8_IMMINENT_DEPRECATION_WARNINGS' '-D_GLIBCXX_USE_CXX11_ABI=1' '-D_LARGEFILE_SOURCE' '-D_FILE_OFFSET_BITS=64' '-D__STDC_FORMAT_MACROS' '-DOPENSSL_NO_PINSHARED' '-DOPENSSL_THREADS' '-DLIBSASS_VERSION="3.5.5"' -I/home/gabsko/.node-gyp/16.17.1/include/node -I/home/gabsko/.node-gyp/16.17.1/src -I/home/gabsko/.node-gyp/16.17.1/deps/openssl/config -I/home/gabsko/.node-gyp/16.17.1/deps/openssl/openssl/include -I/home/gabsko/.node-gyp/16.17.1/deps/uv/include -I/home/gabsko/.node-gyp/16.17.1/deps/zlib -I/home/gabsko/.node-gyp/16.17.1/deps/v8/include -I../src/libsass/include  -fPIC -pthread -Wall -Wextra -Wno-unused-parameter -m64 -O3 -fno-omit-frame-pointer -std=gnu++14 -std=c++0x -fexceptions -frtti -MMD -MF ./Release/.deps/Release/obj.target/libsass/src/libsass/src/memory/SharedPtr.o.d.raw   -c -o Release/obj.target/libsass/src/libsass/src/memory/SharedPtr.o ../src/libsass/src/memory/SharedPtr.cpp
npm ERR!   g++ '-DNODE_GYP_MODULE_NAME=libsass' '-DUSING_UV_SHARED=1' '-DUSING_V8_SHARED=1' '-DV8_DEPRECATION_WARNINGS=1' '-DV8_DEPRECATION_WARNINGS' '-DV8_IMMINENT_DEPRECATION_WARNINGS' '-D_GLIBCXX_USE_CXX11_ABI=1' '-D_LARGEFILE_SOURCE' '-D_FILE_OFFSET_BITS=64' '-D__STDC_FORMAT_MACROS' '-DOPENSSL_NO_PINSHARED' '-DOPENSSL_THREADS' '-DLIBSASS_VERSION="3.5.5"' -I/home/gabsko/.node-gyp/16.17.1/include/node -I/home/gabsko/.node-gyp/16.17.1/src -I/home/gabsko/.node-gyp/16.17.1/deps/openssl/config -I/home/gabsko/.node-gyp/16.17.1/deps/openssl/openssl/include -I/home/gabsko/.node-gyp/16.17.1/deps/uv/include -I/home/gabsko/.node-gyp/16.17.1/deps/zlib -I/home/gabsko/.node-gyp/16.17.1/deps/v8/include -I../src/libsass/include  -fPIC -pthread -Wall -Wextra -Wno-unused-parameter -m64 -O3 -fno-omit-frame-pointer -std=gnu++14 -std=c++0x -fexceptions -frtti -MMD -MF ./Release/.deps/Release/obj.target/libsass/src/libsass/src/node.o.d.raw   -c -o Release/obj.target/libsass/src/libsass/src/node.o ../src/libsass/src/node.cpp
npm ERR!   g++ '-DNODE_GYP_MODULE_NAME=libsass' '-DUSING_UV_SHARED=1' '-DUSING_V8_SHARED=1' '-DV8_DEPRECATION_WARNINGS=1' '-DV8_DEPRECATION_WARNINGS' '-DV8_IMMINENT_DEPRECATION_WARNINGS' '-D_GLIBCXX_USE_CXX11_ABI=1' '-D_LARGEFILE_SOURCE' '-D_FILE_OFFSET_BITS=64' '-D__STDC_FORMAT_MACROS' '-DOPENSSL_NO_PINSHARED' '-DOPENSSL_THREADS' '-DLIBSASS_VERSION="3.5.5"' -I/home/gabsko/.node-gyp/16.17.1/include/node -I/home/gabsko/.node-gyp/16.17.1/src -I/home/gabsko/.node-gyp/16.17.1/deps/openssl/config -I/home/gabsko/.node-gyp/16.17.1/deps/openssl/openssl/include -I/home/gabsko/.node-gyp/16.17.1/deps/uv/include -I/home/gabsko/.node-gyp/16.17.1/deps/zlib -I/home/gabsko/.node-gyp/16.17.1/deps/v8/include -I../src/libsass/include  -fPIC -pthread -Wall -Wextra -Wno-unused-parameter -m64 -O3 -fno-omit-frame-pointer -std=gnu++14 -std=c++0x -fexceptions -frtti -MMD -MF ./Release/.deps/Release/obj.target/libsass/src/libsass/src/operators.o.d.raw   -c -o Release/obj.target/libsass/src/libsass/src/operators.o ../src/libsass/src/operators.cpp
npm ERR!   g++ '-DNODE_GYP_MODULE_NAME=libsass' '-DUSING_UV_SHARED=1' '-DUSING_V8_SHARED=1' '-DV8_DEPRECATION_WARNINGS=1' '-DV8_DEPRECATION_WARNINGS' '-DV8_IMMINENT_DEPRECATION_WARNINGS' '-D_GLIBCXX_USE_CXX11_ABI=1' '-D_LARGEFILE_SOURCE' '-D_FILE_OFFSET_BITS=64' '-D__STDC_FORMAT_MACROS' '-DOPENSSL_NO_PINSHARED' '-DOPENSSL_THREADS' '-DLIBSASS_VERSION="3.5.5"' -I/home/gabsko/.node-gyp/16.17.1/include/node -I/home/gabsko/.node-gyp/16.17.1/src -I/home/gabsko/.node-gyp/16.17.1/deps/openssl/config -I/home/gabsko/.node-gyp/16.17.1/deps/openssl/openssl/include -I/home/gabsko/.node-gyp/16.17.1/deps/uv/include -I/home/gabsko/.node-gyp/16.17.1/deps/zlib -I/home/gabsko/.node-gyp/16.17.1/deps/v8/include -I../src/libsass/include  -fPIC -pthread -Wall -Wextra -Wno-unused-parameter -m64 -O3 -fno-omit-frame-pointer -std=gnu++14 -std=c++0x -fexceptions -frtti -MMD -MF ./Release/.deps/Release/obj.target/libsass/src/libsass/src/output.o.d.raw   -c -o Release/obj.target/libsass/src/libsass/src/output.o ../src/libsass/src/output.cpp
npm ERR!   g++ '-DNODE_GYP_MODULE_NAME=libsass' '-DUSING_UV_SHARED=1' '-DUSING_V8_SHARED=1' '-DV8_DEPRECATION_WARNINGS=1' '-DV8_DEPRECATION_WARNINGS' '-DV8_IMMINENT_DEPRECATION_WARNINGS' '-D_GLIBCXX_USE_CXX11_ABI=1' '-D_LARGEFILE_SOURCE' '-D_FILE_OFFSET_BITS=64' '-D__STDC_FORMAT_MACROS' '-DOPENSSL_NO_PINSHARED' '-DOPENSSL_THREADS' '-DLIBSASS_VERSION="3.5.5"' -I/home/gabsko/.node-gyp/16.17.1/include/node -I/home/gabsko/.node-gyp/16.17.1/src -I/home/gabsko/.node-gyp/16.17.1/deps/openssl/config -I/home/gabsko/.node-gyp/16.17.1/deps/openssl/openssl/include -I/home/gabsko/.node-gyp/16.17.1/deps/uv/include -I/home/gabsko/.node-gyp/16.17.1/deps/zlib -I/home/gabsko/.node-gyp/16.17.1/deps/v8/include -I../src/libsass/include  -fPIC -pthread -Wall -Wextra -Wno-unused-parameter -m64 -O3 -fno-omit-frame-pointer -std=gnu++14 -std=c++0x -fexceptions -frtti -MMD -MF ./Release/.deps/Release/obj.target/libsass/src/libsass/src/parser.o.d.raw   -c -o Release/obj.target/libsass/src/libsass/src/parser.o ../src/libsass/src/parser.cpp
npm ERR!   g++ '-DNODE_GYP_MODULE_NAME=libsass' '-DUSING_UV_SHARED=1' '-DUSING_V8_SHARED=1' '-DV8_DEPRECATION_WARNINGS=1' '-DV8_DEPRECATION_WARNINGS' '-DV8_IMMINENT_DEPRECATION_WARNINGS' '-D_GLIBCXX_USE_CXX11_ABI=1' '-D_LARGEFILE_SOURCE' '-D_FILE_OFFSET_BITS=64' '-D__STDC_FORMAT_MACROS' '-DOPENSSL_NO_PINSHARED' '-DOPENSSL_THREADS' '-DLIBSASS_VERSION="3.5.5"' -I/home/gabsko/.node-gyp/16.17.1/include/node -I/home/gabsko/.node-gyp/16.17.1/src -I/home/gabsko/.node-gyp/16.17.1/deps/openssl/config -I/home/gabsko/.node-gyp/16.17.1/deps/openssl/openssl/include -I/home/gabsko/.node-gyp/16.17.1/deps/uv/include -I/home/gabsko/.node-gyp/16.17.1/deps/zlib -I/home/gabsko/.node-gyp/16.17.1/deps/v8/include -I../src/libsass/include  -fPIC -pthread -Wall -Wextra -Wno-unused-parameter -m64 -O3 -fno-omit-frame-pointer -std=gnu++14 -std=c++0x -fexceptions -frtti -MMD -MF ./Release/.deps/Release/obj.target/libsass/src/libsass/src/plugins.o.d.raw   -c -o Release/obj.target/libsass/src/libsass/src/plugins.o ../src/libsass/src/plugins.cpp
npm ERR!   g++ '-DNODE_GYP_MODULE_NAME=libsass' '-DUSING_UV_SHARED=1' '-DUSING_V8_SHARED=1' '-DV8_DEPRECATION_WARNINGS=1' '-DV8_DEPRECATION_WARNINGS' '-DV8_IMMINENT_DEPRECATION_WARNINGS' '-D_GLIBCXX_USE_CXX11_ABI=1' '-D_LARGEFILE_SOURCE' '-D_FILE_OFFSET_BITS=64' '-D__STDC_FORMAT_MACROS' '-DOPENSSL_NO_PINSHARED' '-DOPENSSL_THREADS' '-DLIBSASS_VERSION="3.5.5"' -I/home/gabsko/.node-gyp/16.17.1/include/node -I/home/gabsko/.node-gyp/16.17.1/src -I/home/gabsko/.node-gyp/16.17.1/deps/openssl/config -I/home/gabsko/.node-gyp/16.17.1/deps/openssl/openssl/include -I/home/gabsko/.node-gyp/16.17.1/deps/uv/include -I/home/gabsko/.node-gyp/16.17.1/deps/zlib -I/home/gabsko/.node-gyp/16.17.1/deps/v8/include -I../src/libsass/include  -fPIC -pthread -Wall -Wextra -Wno-unused-parameter -m64 -O3 -fno-omit-frame-pointer -std=gnu++14 -std=c++0x -fexceptions -frtti -MMD -MF ./Release/.deps/Release/obj.target/libsass/src/libsass/src/position.o.d.raw   -c -o Release/obj.target/libsass/src/libsass/src/position.o ../src/libsass/src/position.cpp
npm ERR!   g++ '-DNODE_GYP_MODULE_NAME=libsass' '-DUSING_UV_SHARED=1' '-DUSING_V8_SHARED=1' '-DV8_DEPRECATION_WARNINGS=1' '-DV8_DEPRECATION_WARNINGS' '-DV8_IMMINENT_DEPRECATION_WARNINGS' '-D_GLIBCXX_USE_CXX11_ABI=1' '-D_LARGEFILE_SOURCE' '-D_FILE_OFFSET_BITS=64' '-D__STDC_FORMAT_MACROS' '-DOPENSSL_NO_PINSHARED' '-DOPENSSL_THREADS' '-DLIBSASS_VERSION="3.5.5"' -I/home/gabsko/.node-gyp/16.17.1/include/node -I/home/gabsko/.node-gyp/16.17.1/src -I/home/gabsko/.node-gyp/16.17.1/deps/openssl/config -I/home/gabsko/.node-gyp/16.17.1/deps/openssl/openssl/include -I/home/gabsko/.node-gyp/16.17.1/deps/uv/include -I/home/gabsko/.node-gyp/16.17.1/deps/zlib -I/home/gabsko/.node-gyp/16.17.1/deps/v8/include -I../src/libsass/include  -fPIC -pthread -Wall -Wextra -Wno-unused-parameter -m64 -O3 -fno-omit-frame-pointer -std=gnu++14 -std=c++0x -fexceptions -frtti -MMD -MF ./Release/.deps/Release/obj.target/libsass/src/libsass/src/prelexer.o.d.raw   -c -o Release/obj.target/libsass/src/libsass/src/prelexer.o ../src/libsass/src/prelexer.cpp
npm ERR!   g++ '-DNODE_GYP_MODULE_NAME=libsass' '-DUSING_UV_SHARED=1' '-DUSING_V8_SHARED=1' '-DV8_DEPRECATION_WARNINGS=1' '-DV8_DEPRECATION_WARNINGS' '-DV8_IMMINENT_DEPRECATION_WARNINGS' '-D_GLIBCXX_USE_CXX11_ABI=1' '-D_LARGEFILE_SOURCE' '-D_FILE_OFFSET_BITS=64' '-D__STDC_FORMAT_MACROS' '-DOPENSSL_NO_PINSHARED' '-DOPENSSL_THREADS' '-DLIBSASS_VERSION="3.5.5"' -I/home/gabsko/.node-gyp/16.17.1/include/node -I/home/gabsko/.node-gyp/16.17.1/src -I/home/gabsko/.node-gyp/16.17.1/deps/openssl/config -I/home/gabsko/.node-gyp/16.17.1/deps/openssl/openssl/include -I/home/gabsko/.node-gyp/16.17.1/deps/uv/include -I/home/gabsko/.node-gyp/16.17.1/deps/zlib -I/home/gabsko/.node-gyp/16.17.1/deps/v8/include -I../src/libsass/include  -fPIC -pthread -Wall -Wextra -Wno-unused-parameter -m64 -O3 -fno-omit-frame-pointer -std=gnu++14 -std=c++0x -fexceptions -frtti -MMD -MF ./Release/.deps/Release/obj.target/libsass/src/libsass/src/remove_placeholders.o.d.raw   -c -o Release/obj.target/libsass/src/libsass/src/remove_placeholders.o ../src/libsass/src/remove_placeholders.cpp
npm ERR!   g++ '-DNODE_GYP_MODULE_NAME=libsass' '-DUSING_UV_SHARED=1' '-DUSING_V8_SHARED=1' '-DV8_DEPRECATION_WARNINGS=1' '-DV8_DEPRECATION_WARNINGS' '-DV8_IMMINENT_DEPRECATION_WARNINGS' '-D_GLIBCXX_USE_CXX11_ABI=1' '-D_LARGEFILE_SOURCE' '-D_FILE_OFFSET_BITS=64' '-D__STDC_FORMAT_MACROS' '-DOPENSSL_NO_PINSHARED' '-DOPENSSL_THREADS' '-DLIBSASS_VERSION="3.5.5"' -I/home/gabsko/.node-gyp/16.17.1/include/node -I/home/gabsko/.node-gyp/16.17.1/src -I/home/gabsko/.node-gyp/16.17.1/deps/openssl/config -I/home/gabsko/.node-gyp/16.17.1/deps/openssl/openssl/include -I/home/gabsko/.node-gyp/16.17.1/deps/uv/include -I/home/gabsko/.node-gyp/16.17.1/deps/zlib -I/home/gabsko/.node-gyp/16.17.1/deps/v8/include -I../src/libsass/include  -fPIC -pthread -Wall -Wextra -Wno-unused-parameter -m64 -O3 -fno-omit-frame-pointer -std=gnu++14 -std=c++0x -fexceptions -frtti -MMD -MF ./Release/.deps/Release/obj.target/libsass/src/libsass/src/sass.o.d.raw   -c -o Release/obj.target/libsass/src/libsass/src/sass.o ../src/libsass/src/sass.cpp
npm ERR!   g++ '-DNODE_GYP_MODULE_NAME=libsass' '-DUSING_UV_SHARED=1' '-DUSING_V8_SHARED=1' '-DV8_DEPRECATION_WARNINGS=1' '-DV8_DEPRECATION_WARNINGS' '-DV8_IMMINENT_DEPRECATION_WARNINGS' '-D_GLIBCXX_USE_CXX11_ABI=1' '-D_LARGEFILE_SOURCE' '-D_FILE_OFFSET_BITS=64' '-D__STDC_FORMAT_MACROS' '-DOPENSSL_NO_PINSHARED' '-DOPENSSL_THREADS' '-DLIBSASS_VERSION="3.5.5"' -I/home/gabsko/.node-gyp/16.17.1/include/node -I/home/gabsko/.node-gyp/16.17.1/src -I/home/gabsko/.node-gyp/16.17.1/deps/openssl/config -I/home/gabsko/.node-gyp/16.17.1/deps/openssl/openssl/include -I/home/gabsko/.node-gyp/16.17.1/deps/uv/include -I/home/gabsko/.node-gyp/16.17.1/deps/zlib -I/home/gabsko/.node-gyp/16.17.1/deps/v8/include -I../src/libsass/include  -fPIC -pthread -Wall -Wextra -Wno-unused-parameter -m64 -O3 -fno-omit-frame-pointer -std=gnu++14 -std=c++0x -fexceptions -frtti -MMD -MF ./Release/.deps/Release/obj.target/libsass/src/libsass/src/sass2scss.o.d.raw   -c -o Release/obj.target/libsass/src/libsass/src/sass2scss.o ../src/libsass/src/sass2scss.cpp
npm ERR!   g++ '-DNODE_GYP_MODULE_NAME=libsass' '-DUSING_UV_SHARED=1' '-DUSING_V8_SHARED=1' '-DV8_DEPRECATION_WARNINGS=1' '-DV8_DEPRECATION_WARNINGS' '-DV8_IMMINENT_DEPRECATION_WARNINGS' '-D_GLIBCXX_USE_CXX11_ABI=1' '-D_LARGEFILE_SOURCE' '-D_FILE_OFFSET_BITS=64' '-D__STDC_FORMAT_MACROS' '-DOPENSSL_NO_PINSHARED' '-DOPENSSL_THREADS' '-DLIBSASS_VERSION="3.5.5"' -I/home/gabsko/.node-gyp/16.17.1/include/node -I/home/gabsko/.node-gyp/16.17.1/src -I/home/gabsko/.node-gyp/16.17.1/deps/openssl/config -I/home/gabsko/.node-gyp/16.17.1/deps/openssl/openssl/include -I/home/gabsko/.node-gyp/16.17.1/deps/uv/include -I/home/gabsko/.node-gyp/16.17.1/deps/zlib -I/home/gabsko/.node-gyp/16.17.1/deps/v8/include -I../src/libsass/include  -fPIC -pthread -Wall -Wextra -Wno-unused-parameter -m64 -O3 -fno-omit-frame-pointer -std=gnu++14 -std=c++0x -fexceptions -frtti -MMD -MF ./Release/.deps/Release/obj.target/libsass/src/libsass/src/sass_context.o.d.raw   -c -o Release/obj.target/libsass/src/libsass/src/sass_context.o ../src/libsass/src/sass_context.cpp
npm ERR!   g++ '-DNODE_GYP_MODULE_NAME=libsass' '-DUSING_UV_SHARED=1' '-DUSING_V8_SHARED=1' '-DV8_DEPRECATION_WARNINGS=1' '-DV8_DEPRECATION_WARNINGS' '-DV8_IMMINENT_DEPRECATION_WARNINGS' '-D_GLIBCXX_USE_CXX11_ABI=1' '-D_LARGEFILE_SOURCE' '-D_FILE_OFFSET_BITS=64' '-D__STDC_FORMAT_MACROS' '-DOPENSSL_NO_PINSHARED' '-DOPENSSL_THREADS' '-DLIBSASS_VERSION="3.5.5"' -I/home/gabsko/.node-gyp/16.17.1/include/node -I/home/gabsko/.node-gyp/16.17.1/src -I/home/gabsko/.node-gyp/16.17.1/deps/openssl/config -I/home/gabsko/.node-gyp/16.17.1/deps/openssl/openssl/include -I/home/gabsko/.node-gyp/16.17.1/deps/uv/include -I/home/gabsko/.node-gyp/16.17.1/deps/zlib -I/home/gabsko/.node-gyp/16.17.1/deps/v8/include -I../src/libsass/include  -fPIC -pthread -Wall -Wextra -Wno-unused-parameter -m64 -O3 -fno-omit-frame-pointer -std=gnu++14 -std=c++0x -fexceptions -frtti -MMD -MF ./Release/.deps/Release/obj.target/libsass/src/libsass/src/sass_functions.o.d.raw   -c -o Release/obj.target/libsass/src/libsass/src/sass_functions.o ../src/libsass/src/sass_functions.cpp
npm ERR!   g++ '-DNODE_GYP_MODULE_NAME=libsass' '-DUSING_UV_SHARED=1' '-DUSING_V8_SHARED=1' '-DV8_DEPRECATION_WARNINGS=1' '-DV8_DEPRECATION_WARNINGS' '-DV8_IMMINENT_DEPRECATION_WARNINGS' '-D_GLIBCXX_USE_CXX11_ABI=1' '-D_LARGEFILE_SOURCE' '-D_FILE_OFFSET_BITS=64' '-D__STDC_FORMAT_MACROS' '-DOPENSSL_NO_PINSHARED' '-DOPENSSL_THREADS' '-DLIBSASS_VERSION="3.5.5"' -I/home/gabsko/.node-gyp/16.17.1/include/node -I/home/gabsko/.node-gyp/16.17.1/src -I/home/gabsko/.node-gyp/16.17.1/deps/openssl/config -I/home/gabsko/.node-gyp/16.17.1/deps/openssl/openssl/include -I/home/gabsko/.node-gyp/16.17.1/deps/uv/include -I/home/gabsko/.node-gyp/16.17.1/deps/zlib -I/home/gabsko/.node-gyp/16.17.1/deps/v8/include -I../src/libsass/include  -fPIC -pthread -Wall -Wextra -Wno-unused-parameter -m64 -O3 -fno-omit-frame-pointer -std=gnu++14 -std=c++0x -fexceptions -frtti -MMD -MF ./Release/.deps/Release/obj.target/libsass/src/libsass/src/sass_util.o.d.raw   -c -o Release/obj.target/libsass/src/libsass/src/sass_util.o ../src/libsass/src/sass_util.cpp
npm ERR!   g++ '-DNODE_GYP_MODULE_NAME=libsass' '-DUSING_UV_SHARED=1' '-DUSING_V8_SHARED=1' '-DV8_DEPRECATION_WARNINGS=1' '-DV8_DEPRECATION_WARNINGS' '-DV8_IMMINENT_DEPRECATION_WARNINGS' '-D_GLIBCXX_USE_CXX11_ABI=1' '-D_LARGEFILE_SOURCE' '-D_FILE_OFFSET_BITS=64' '-D__STDC_FORMAT_MACROS' '-DOPENSSL_NO_PINSHARED' '-DOPENSSL_THREADS' '-DLIBSASS_VERSION="3.5.5"' -I/home/gabsko/.node-gyp/16.17.1/include/node -I/home/gabsko/.node-gyp/16.17.1/src -I/home/gabsko/.node-gyp/16.17.1/deps/openssl/config -I/home/gabsko/.node-gyp/16.17.1/deps/openssl/openssl/include -I/home/gabsko/.node-gyp/16.17.1/deps/uv/include -I/home/gabsko/.node-gyp/16.17.1/deps/zlib -I/home/gabsko/.node-gyp/16.17.1/deps/v8/include -I../src/libsass/include  -fPIC -pthread -Wall -Wextra -Wno-unused-parameter -m64 -O3 -fno-omit-frame-pointer -std=gnu++14 -std=c++0x -fexceptions -frtti -MMD -MF ./Release/.deps/Release/obj.target/libsass/src/libsass/src/sass_values.o.d.raw   -c -o Release/obj.target/libsass/src/libsass/src/sass_values.o ../src/libsass/src/sass_values.cpp
npm ERR!   g++ '-DNODE_GYP_MODULE_NAME=libsass' '-DUSING_UV_SHARED=1' '-DUSING_V8_SHARED=1' '-DV8_DEPRECATION_WARNINGS=1' '-DV8_DEPRECATION_WARNINGS' '-DV8_IMMINENT_DEPRECATION_WARNINGS' '-D_GLIBCXX_USE_CXX11_ABI=1' '-D_LARGEFILE_SOURCE' '-D_FILE_OFFSET_BITS=64' '-D__STDC_FORMAT_MACROS' '-DOPENSSL_NO_PINSHARED' '-DOPENSSL_THREADS' '-DLIBSASS_VERSION="3.5.5"' -I/home/gabsko/.node-gyp/16.17.1/include/node -I/home/gabsko/.node-gyp/16.17.1/src -I/home/gabsko/.node-gyp/16.17.1/deps/openssl/config -I/home/gabsko/.node-gyp/16.17.1/deps/openssl/openssl/include -I/home/gabsko/.node-gyp/16.17.1/deps/uv/include -I/home/gabsko/.node-gyp/16.17.1/deps/zlib -I/home/gabsko/.node-gyp/16.17.1/deps/v8/include -I../src/libsass/include  -fPIC -pthread -Wall -Wextra -Wno-unused-parameter -m64 -O3 -fno-omit-frame-pointer -std=gnu++14 -std=c++0x -fexceptions -frtti -MMD -MF ./Release/.deps/Release/obj.target/libsass/src/libsass/src/source_map.o.d.raw   -c -o Release/obj.target/libsass/src/libsass/src/source_map.o ../src/libsass/src/source_map.cpp
npm ERR!   g++ '-DNODE_GYP_MODULE_NAME=libsass' '-DUSING_UV_SHARED=1' '-DUSING_V8_SHARED=1' '-DV8_DEPRECATION_WARNINGS=1' '-DV8_DEPRECATION_WARNINGS' '-DV8_IMMINENT_DEPRECATION_WARNINGS' '-D_GLIBCXX_USE_CXX11_ABI=1' '-D_LARGEFILE_SOURCE' '-D_FILE_OFFSET_BITS=64' '-D__STDC_FORMAT_MACROS' '-DOPENSSL_NO_PINSHARED' '-DOPENSSL_THREADS' '-DLIBSASS_VERSION="3.5.5"' -I/home/gabsko/.node-gyp/16.17.1/include/node -I/home/gabsko/.node-gyp/16.17.1/src -I/home/gabsko/.node-gyp/16.17.1/deps/openssl/config -I/home/gabsko/.node-gyp/16.17.1/deps/openssl/openssl/include -I/home/gabsko/.node-gyp/16.17.1/deps/uv/include -I/home/gabsko/.node-gyp/16.17.1/deps/zlib -I/home/gabsko/.node-gyp/16.17.1/deps/v8/include -I../src/libsass/include  -fPIC -pthread -Wall -Wextra -Wno-unused-parameter -m64 -O3 -fno-omit-frame-pointer -std=gnu++14 -std=c++0x -fexceptions -frtti -MMD -MF ./Release/.deps/Release/obj.target/libsass/src/libsass/src/subset_map.o.d.raw   -c -o Release/obj.target/libsass/src/libsass/src/subset_map.o ../src/libsass/src/subset_map.cpp
npm ERR!   g++ '-DNODE_GYP_MODULE_NAME=libsass' '-DUSING_UV_SHARED=1' '-DUSING_V8_SHARED=1' '-DV8_DEPRECATION_WARNINGS=1' '-DV8_DEPRECATION_WARNINGS' '-DV8_IMMINENT_DEPRECATION_WARNINGS' '-D_GLIBCXX_USE_CXX11_ABI=1' '-D_LARGEFILE_SOURCE' '-D_FILE_OFFSET_BITS=64' '-D__STDC_FORMAT_MACROS' '-DOPENSSL_NO_PINSHARED' '-DOPENSSL_THREADS' '-DLIBSASS_VERSION="3.5.5"' -I/home/gabsko/.node-gyp/16.17.1/include/node -I/home/gabsko/.node-gyp/16.17.1/src -I/home/gabsko/.node-gyp/16.17.1/deps/openssl/config -I/home/gabsko/.node-gyp/16.17.1/deps/openssl/openssl/include -I/home/gabsko/.node-gyp/16.17.1/deps/uv/include -I/home/gabsko/.node-gyp/16.17.1/deps/zlib -I/home/gabsko/.node-gyp/16.17.1/deps/v8/include -I../src/libsass/include  -fPIC -pthread -Wall -Wextra -Wno-unused-parameter -m64 -O3 -fno-omit-frame-pointer -std=gnu++14 -std=c++0x -fexceptions -frtti -MMD -MF ./Release/.deps/Release/obj.target/libsass/src/libsass/src/to_c.o.d.raw   -c -o Release/obj.target/libsass/src/libsass/src/to_c.o ../src/libsass/src/to_c.cpp
npm ERR!   g++ '-DNODE_GYP_MODULE_NAME=libsass' '-DUSING_UV_SHARED=1' '-DUSING_V8_SHARED=1' '-DV8_DEPRECATION_WARNINGS=1' '-DV8_DEPRECATION_WARNINGS' '-DV8_IMMINENT_DEPRECATION_WARNINGS' '-D_GLIBCXX_USE_CXX11_ABI=1' '-D_LARGEFILE_SOURCE' '-D_FILE_OFFSET_BITS=64' '-D__STDC_FORMAT_MACROS' '-DOPENSSL_NO_PINSHARED' '-DOPENSSL_THREADS' '-DLIBSASS_VERSION="3.5.5"' -I/home/gabsko/.node-gyp/16.17.1/include/node -I/home/gabsko/.node-gyp/16.17.1/src -I/home/gabsko/.node-gyp/16.17.1/deps/openssl/config -I/home/gabsko/.node-gyp/16.17.1/deps/openssl/openssl/include -I/home/gabsko/.node-gyp/16.17.1/deps/uv/include -I/home/gabsko/.node-gyp/16.17.1/deps/zlib -I/home/gabsko/.node-gyp/16.17.1/deps/v8/include -I../src/libsass/include  -fPIC -pthread -Wall -Wextra -Wno-unused-parameter -m64 -O3 -fno-omit-frame-pointer -std=gnu++14 -std=c++0x -fexceptions -frtti -MMD -MF ./Release/.deps/Release/obj.target/libsass/src/libsass/src/to_value.o.d.raw   -c -o Release/obj.target/libsass/src/libsass/src/to_value.o ../src/libsass/src/to_value.cpp
npm ERR!   g++ '-DNODE_GYP_MODULE_NAME=libsass' '-DUSING_UV_SHARED=1' '-DUSING_V8_SHARED=1' '-DV8_DEPRECATION_WARNINGS=1' '-DV8_DEPRECATION_WARNINGS' '-DV8_IMMINENT_DEPRECATION_WARNINGS' '-D_GLIBCXX_USE_CXX11_ABI=1' '-D_LARGEFILE_SOURCE' '-D_FILE_OFFSET_BITS=64' '-D__STDC_FORMAT_MACROS' '-DOPENSSL_NO_PINSHARED' '-DOPENSSL_THREADS' '-DLIBSASS_VERSION="3.5.5"' -I/home/gabsko/.node-gyp/16.17.1/include/node -I/home/gabsko/.node-gyp/16.17.1/src -I/home/gabsko/.node-gyp/16.17.1/deps/openssl/config -I/home/gabsko/.node-gyp/16.17.1/deps/openssl/openssl/include -I/home/gabsko/.node-gyp/16.17.1/deps/uv/include -I/home/gabsko/.node-gyp/16.17.1/deps/zlib -I/home/gabsko/.node-gyp/16.17.1/deps/v8/include -I../src/libsass/include  -fPIC -pthread -Wall -Wextra -Wno-unused-parameter -m64 -O3 -fno-omit-frame-pointer -std=gnu++14 -std=c++0x -fexceptions -frtti -MMD -MF ./Release/.deps/Release/obj.target/libsass/src/libsass/src/units.o.d.raw   -c -o Release/obj.target/libsass/src/libsass/src/units.o ../src/libsass/src/units.cpp
npm ERR!   g++ '-DNODE_GYP_MODULE_NAME=libsass' '-DUSING_UV_SHARED=1' '-DUSING_V8_SHARED=1' '-DV8_DEPRECATION_WARNINGS=1' '-DV8_DEPRECATION_WARNINGS' '-DV8_IMMINENT_DEPRECATION_WARNINGS' '-D_GLIBCXX_USE_CXX11_ABI=1' '-D_LARGEFILE_SOURCE' '-D_FILE_OFFSET_BITS=64' '-D__STDC_FORMAT_MACROS' '-DOPENSSL_NO_PINSHARED' '-DOPENSSL_THREADS' '-DLIBSASS_VERSION="3.5.5"' -I/home/gabsko/.node-gyp/16.17.1/include/node -I/home/gabsko/.node-gyp/16.17.1/src -I/home/gabsko/.node-gyp/16.17.1/deps/openssl/config -I/home/gabsko/.node-gyp/16.17.1/deps/openssl/openssl/include -I/home/gabsko/.node-gyp/16.17.1/deps/uv/include -I/home/gabsko/.node-gyp/16.17.1/deps/zlib -I/home/gabsko/.node-gyp/16.17.1/deps/v8/include -I../src/libsass/include  -fPIC -pthread -Wall -Wextra -Wno-unused-parameter -m64 -O3 -fno-omit-frame-pointer -std=gnu++14 -std=c++0x -fexceptions -frtti -MMD -MF ./Release/.deps/Release/obj.target/libsass/src/libsass/src/utf8_string.o.d.raw   -c -o Release/obj.target/libsass/src/libsass/src/utf8_string.o ../src/libsass/src/utf8_string.cpp
npm ERR!   g++ '-DNODE_GYP_MODULE_NAME=libsass' '-DUSING_UV_SHARED=1' '-DUSING_V8_SHARED=1' '-DV8_DEPRECATION_WARNINGS=1' '-DV8_DEPRECATION_WARNINGS' '-DV8_IMMINENT_DEPRECATION_WARNINGS' '-D_GLIBCXX_USE_CXX11_ABI=1' '-D_LARGEFILE_SOURCE' '-D_FILE_OFFSET_BITS=64' '-D__STDC_FORMAT_MACROS' '-DOPENSSL_NO_PINSHARED' '-DOPENSSL_THREADS' '-DLIBSASS_VERSION="3.5.5"' -I/home/gabsko/.node-gyp/16.17.1/include/node -I/home/gabsko/.node-gyp/16.17.1/src -I/home/gabsko/.node-gyp/16.17.1/deps/openssl/config -I/home/gabsko/.node-gyp/16.17.1/deps/openssl/openssl/include -I/home/gabsko/.node-gyp/16.17.1/deps/uv/include -I/home/gabsko/.node-gyp/16.17.1/deps/zlib -I/home/gabsko/.node-gyp/16.17.1/deps/v8/include -I../src/libsass/include  -fPIC -pthread -Wall -Wextra -Wno-unused-parameter -m64 -O3 -fno-omit-frame-pointer -std=gnu++14 -std=c++0x -fexceptions -frtti -MMD -MF ./Release/.deps/Release/obj.target/libsass/src/libsass/src/util.o.d.raw   -c -o Release/obj.target/libsass/src/libsass/src/util.o ../src/libsass/src/util.cpp
npm ERR!   g++ '-DNODE_GYP_MODULE_NAME=libsass' '-DUSING_UV_SHARED=1' '-DUSING_V8_SHARED=1' '-DV8_DEPRECATION_WARNINGS=1' '-DV8_DEPRECATION_WARNINGS' '-DV8_IMMINENT_DEPRECATION_WARNINGS' '-D_GLIBCXX_USE_CXX11_ABI=1' '-D_LARGEFILE_SOURCE' '-D_FILE_OFFSET_BITS=64' '-D__STDC_FORMAT_MACROS' '-DOPENSSL_NO_PINSHARED' '-DOPENSSL_THREADS' '-DLIBSASS_VERSION="3.5.5"' -I/home/gabsko/.node-gyp/16.17.1/include/node -I/home/gabsko/.node-gyp/16.17.1/src -I/home/gabsko/.node-gyp/16.17.1/deps/openssl/config -I/home/gabsko/.node-gyp/16.17.1/deps/openssl/openssl/include -I/home/gabsko/.node-gyp/16.17.1/deps/uv/include -I/home/gabsko/.node-gyp/16.17.1/deps/zlib -I/home/gabsko/.node-gyp/16.17.1/deps/v8/include -I../src/libsass/include  -fPIC -pthread -Wall -Wextra -Wno-unused-parameter -m64 -O3 -fno-omit-frame-pointer -std=gnu++14 -std=c++0x -fexceptions -frtti -MMD -MF ./Release/.deps/Release/obj.target/libsass/src/libsass/src/values.o.d.raw   -c -o Release/obj.target/libsass/src/libsass/src/values.o ../src/libsass/src/values.cpp
npm ERR!   rm -f Release/obj.target/src/sass.a && ar crs Release/obj.target/src/sass.a Release/obj.target/libsass/src/libsass/src/ast.o Release/obj.target/libsass/src/libsass/src/ast_fwd_decl.o Release/obj.target/libsass/src/libsass/src/backtrace.o Release/obj.target/libsass/src/libsass/src/base64vlq.o Release/obj.target/libsass/src/libsass/src/bind.o Release/obj.target/libsass/src/libsass/src/cencode.o Release/obj.target/libsass/src/libsass/src/check_nesting.o Release/obj.target/libsass/src/libsass/src/color_maps.o Release/obj.target/libsass/src/libsass/src/constants.o Release/obj.target/libsass/src/libsass/src/context.o Release/obj.target/libsass/src/libsass/src/cssize.o Release/obj.target/libsass/src/libsass/src/emitter.o Release/obj.target/libsass/src/libsass/src/environment.o Release/obj.target/libsass/src/libsass/src/error_handling.o Release/obj.target/libsass/src/libsass/src/eval.o Release/obj.target/libsass/src/libsass/src/expand.o Release/obj.target/libsass/src/libsass/src/extend.o Release/obj.target/libsass/src/libsass/src/file.o Release/obj.target/libsass/src/libsass/src/functions.o Release/obj.target/libsass/src/libsass/src/inspect.o Release/obj.target/libsass/src/libsass/src/json.o Release/obj.target/libsass/src/libsass/src/lexer.o Release/obj.target/libsass/src/libsass/src/listize.o Release/obj.target/libsass/src/libsass/src/memory/SharedPtr.o Release/obj.target/libsass/src/libsass/src/node.o Release/obj.target/libsass/src/libsass/src/operators.o Release/obj.target/libsass/src/libsass/src/output.o Release/obj.target/libsass/src/libsass/src/parser.o Release/obj.target/libsass/src/libsass/src/plugins.o Release/obj.target/libsass/src/libsass/src/position.o Release/obj.target/libsass/src/libsass/src/prelexer.o Release/obj.target/libsass/src/libsass/src/remove_placeholders.o Release/obj.target/libsass/src/libsass/src/sass.o Release/obj.target/libsass/src/libsass/src/sass2scss.o Release/obj.target/libsass/src/libsass/src/sass_context.o Release/obj.target/libsass/src/libsass/src/sass_functions.o Release/obj.target/libsass/src/libsass/src/sass_util.o Release/obj.target/libsass/src/libsass/src/sass_values.o Release/obj.target/libsass/src/libsass/src/source_map.o Release/obj.target/libsass/src/libsass/src/subset_map.o Release/obj.target/libsass/src/libsass/src/to_c.o Release/obj.target/libsass/src/libsass/src/to_value.o Release/obj.target/libsass/src/libsass/src/units.o Release/obj.target/libsass/src/libsass/src/utf8_string.o Release/obj.target/libsass/src/libsass/src/util.o Release/obj.target/libsass/src/libsass/src/values.o
npm ERR!   rm -rf "Release/sass.a" && cp -af "Release/obj.target/src/sass.a" "Release/sass.a"
npm ERR!   g++ '-DNODE_GYP_MODULE_NAME=binding' '-DUSING_UV_SHARED=1' '-DUSING_V8_SHARED=1' '-DV8_DEPRECATION_WARNINGS=1' '-DV8_DEPRECATION_WARNINGS' '-DV8_IMMINENT_DEPRECATION_WARNINGS' '-D_GLIBCXX_USE_CXX11_ABI=1' '-D_LARGEFILE_SOURCE' '-D_FILE_OFFSET_BITS=64' '-D__STDC_FORMAT_MACROS' '-DOPENSSL_NO_PINSHARED' '-DOPENSSL_THREADS' '-DBUILDING_NODE_EXTENSION' -I/home/gabsko/.node-gyp/16.17.1/include/node -I/home/gabsko/.node-gyp/16.17.1/src -I/home/gabsko/.node-gyp/16.17.1/deps/openssl/config -I/home/gabsko/.node-gyp/16.17.1/deps/openssl/openssl/include -I/home/gabsko/.node-gyp/16.17.1/deps/uv/include -I/home/gabsko/.node-gyp/16.17.1/deps/zlib -I/home/gabsko/.node-gyp/16.17.1/deps/v8/include -I../../nan -I../src/libsass/include  -fPIC -pthread -Wall -Wextra -Wno-unused-parameter -m64 -O3 -fno-omit-frame-pointer -fno-rtti -fno-exceptions -std=gnu++14 -std=c++0x -MMD -MF ./Release/.deps/Release/obj.target/binding/src/binding.o.d.raw   -c -o Release/obj.target/binding/src/binding.o ../src/binding.cpp
npm ERR! binding.target.mk:133: recipe for target 'Release/obj.target/binding/src/binding.o' failed
npm ERR! make: Leaving directory '/home/gabsko/breaking-updates/src/ui/node_modules/node-sass/build'
npm ERR! gyp info it worked if it ends with ok
npm ERR! gyp verb cli [
npm ERR! gyp verb cli   '/usr/local/bin/node',
npm ERR! gyp verb cli   '/home/gabsko/breaking-updates/src/ui/node_modules/node-gyp/bin/node-gyp.js',
npm ERR! gyp verb cli   'rebuild',
npm ERR! gyp verb cli   '--verbose',
npm ERR! gyp verb cli   '--libsass_ext=',
npm ERR! gyp verb cli   '--libsass_cflags=',
npm ERR! gyp verb cli   '--libsass_ldflags=',
npm ERR! gyp verb cli   '--libsass_library='
npm ERR! gyp verb cli ]
npm ERR! gyp info using node-gyp@3.8.0
npm ERR! gyp info using node@16.17.1 | linux | x64
npm ERR! gyp verb command rebuild []
npm ERR! gyp verb command clean []
npm ERR! gyp verb clean removing "build" directory
npm ERR! gyp verb command configure []
npm ERR! gyp verb check python checking for Python executable "python2" in the PATH
npm ERR! gyp verb `which` succeeded python2 /usr/bin/python2
npm ERR! gyp verb check python version `/usr/bin/python2 -c "import sys; print "2.7.17
npm ERR! gyp verb check python version .%s.%s" % sys.version_info[:3];"` returned: %j
npm ERR! gyp verb get node dir no --target version specified, falling back to host node version: 16.17.1
npm ERR! gyp verb command install [ '16.17.1' ]
npm ERR! gyp verb install input version string "16.17.1"
npm ERR! gyp verb install installing version: 16.17.1
npm ERR! gyp verb install --ensure was passed, so won't reinstall if already installed
npm ERR! gyp verb install version is already installed, need to check "installVersion"
npm ERR! gyp verb got "installVersion" 9
npm ERR! gyp verb needs "installVersion" 9
npm ERR! gyp verb install version is good
npm ERR! gyp verb get node dir target node version installed: 16.17.1
npm ERR! gyp verb build dir attempting to create "build" dir: /home/gabsko/breaking-updates/src/ui/node_modules/node-sass/build
npm ERR! gyp verb build dir "build" dir needed to be created? /home/gabsko/breaking-updates/src/ui/node_modules/node-sass/build
npm ERR! gyp verb build/config.gypi creating config file
npm ERR! gyp verb build/config.gypi writing out config file: /home/gabsko/breaking-updates/src/ui/node_modules/node-sass/build/config.gypi
npm ERR! (node:7486) [DEP0150] DeprecationWarning: Setting process.config is deprecated. In the future the property will be read-only.
npm ERR! (Use `node --trace-deprecation ...` to show where the warning was created)
npm ERR! gyp verb config.gypi checking for gypi file: /home/gabsko/breaking-updates/src/ui/node_modules/node-sass/config.gypi
npm ERR! gyp verb common.gypi checking for gypi file: /home/gabsko/breaking-updates/src/ui/node_modules/node-sass/common.gypi
npm ERR! gyp verb gyp gyp format was not specified; forcing "make"
npm ERR! gyp info spawn /usr/bin/python2
npm ERR! gyp info spawn args [
npm ERR! gyp info spawn args   '/home/gabsko/breaking-updates/src/ui/node_modules/node-gyp/gyp/gyp_main.py',
npm ERR! gyp info spawn args   'binding.gyp',
npm ERR! gyp info spawn args   '-f',
npm ERR! gyp info spawn args   'make',
npm ERR! gyp info spawn args   '-I',
npm ERR! gyp info spawn args   '/home/gabsko/breaking-updates/src/ui/node_modules/node-sass/build/config.gypi',
npm ERR! gyp info spawn args   '-I',
npm ERR! gyp info spawn args   '/home/gabsko/breaking-updates/src/ui/node_modules/node-gyp/addon.gypi',
npm ERR! gyp info spawn args   '-I',
npm ERR! gyp info spawn args   '/home/gabsko/.node-gyp/16.17.1/include/node/common.gypi',
npm ERR! gyp info spawn args   '-Dlibrary=shared_library',
npm ERR! gyp info spawn args   '-Dvisibility=default',
npm ERR! gyp info spawn args   '-Dnode_root_dir=/home/gabsko/.node-gyp/16.17.1',
npm ERR! gyp info spawn args   '-Dnode_gyp_dir=/home/gabsko/breaking-updates/src/ui/node_modules/node-gyp',
npm ERR! gyp info spawn args   '-Dnode_lib_file=/home/gabsko/.node-gyp/16.17.1/<(target_arch)/node.lib',
npm ERR! gyp info spawn args   '-Dmodule_root_dir=/home/gabsko/breaking-updates/src/ui/node_modules/node-sass',
npm ERR! gyp info spawn args   '-Dnode_engine=v8',
npm ERR! gyp info spawn args   '--depth=.',
npm ERR! gyp info spawn args   '--no-parallel',
npm ERR! gyp info spawn args   '--generator-output',
npm ERR! gyp info spawn args   'build',
npm ERR! gyp info spawn args   '-Goutput_dir=.'
npm ERR! gyp info spawn args ]
npm ERR! gyp verb command build []
npm ERR! gyp verb build type Release
npm ERR! gyp verb architecture x64
npm ERR! gyp verb node dev dir /home/gabsko/.node-gyp/16.17.1
npm ERR! gyp verb `which` succeeded for `make` /usr/bin/make
npm ERR! gyp info spawn make
npm ERR! gyp info spawn args [ 'V=1', 'BUILDTYPE=Release', '-C', 'build' ]
npm ERR! ../src/libsass/src/cencode.c: In function base64_encode_block:
npm ERR! ../src/libsass/src/cencode.c:48:11: warning: this statement may fall through [-Wimplicit-fallthrough=]
npm ERR!     result = (fragment & 0x003) << 4;
npm ERR!     ~~~~~~~^~~~~~~~~~~~~~~~~~~~~~~~~
npm ERR! ../src/libsass/src/cencode.c:52:2: note: here
npm ERR!   case step_B:
npm ERR!   ^~~~
npm ERR! ../src/libsass/src/cencode.c:62:11: warning: this statement may fall through [-Wimplicit-fallthrough=]
npm ERR!     result = (fragment & 0x00f) << 2;
npm ERR!     ~~~~~~~^~~~~~~~~~~~~~~~~~~~~~~~~
npm ERR! ../src/libsass/src/cencode.c:66:2: note: here
npm ERR!   case step_C:
npm ERR!   ^~~~
npm ERR! In file included from /home/gabsko/.node-gyp/16.17.1/include/node/v8.h:30:0,
npm ERR!                  from /home/gabsko/.node-gyp/16.17.1/include/node/node.h:73,
npm ERR!                  from ../../nan/nan.h:60,
npm ERR!                  from ../src/binding.cpp:1:
npm ERR! /home/gabsko/.node-gyp/16.17.1/include/node/v8-internal.h: In function void v8::internal::PerformCastCheck(T*):
npm ERR! /home/gabsko/.node-gyp/16.17.1/include/node/v8-internal.h:492:38: error: remove_cv_t is not a member of std
npm ERR!              !std::is_same<Data, std::remove_cv_t<T>>::value>::Perform(data);
npm ERR!                                       ^~~~~~~~~~~
npm ERR! /home/gabsko/.node-gyp/16.17.1/include/node/v8-internal.h:492:38: note: suggested alternative: remove_cv
npm ERR!              !std::is_same<Data, std::remove_cv_t<T>>::value>::Perform(data);
npm ERR!                                       ^~~~~~~~~~~
npm ERR!                                       remove_cv
npm ERR! /home/gabsko/.node-gyp/16.17.1/include/node/v8-internal.h:492:38: error: remove_cv_t is not a member of std
npm ERR! /home/gabsko/.node-gyp/16.17.1/include/node/v8-internal.h:492:38: note: suggested alternative: remove_cv
npm ERR!              !std::is_same<Data, std::remove_cv_t<T>>::value>::Perform(data);
npm ERR!                                       ^~~~~~~~~~~
npm ERR!                                       remove_cv
npm ERR! /home/gabsko/.node-gyp/16.17.1/include/node/v8-internal.h:492:50: error: template argument 2 is invalid
npm ERR!              !std::is_same<Data, std::remove_cv_t<T>>::value>::Perform(data);
npm ERR!                                                   ^
npm ERR! /home/gabsko/.node-gyp/16.17.1/include/node/v8-internal.h:492:63: error: ::Perform has not been declared
npm ERR!              !std::is_same<Data, std::remove_cv_t<T>>::value>::Perform(data);
npm ERR!                                                                ^~~~~~~
npm ERR! /home/gabsko/.node-gyp/16.17.1/include/node/v8-internal.h:492:63: note: suggested alternative: herror
npm ERR!              !std::is_same<Data, std::remove_cv_t<T>>::value>::Perform(data);
npm ERR!                                                                ^~~~~~~
npm ERR!                                                                herror
npm ERR! make: *** [Release/obj.target/binding/src/binding.o] Error 1
npm ERR! gyp ERR! build error 
npm ERR! gyp ERR! stack Error: `make` failed with exit code: 2
npm ERR! gyp ERR! stack     at ChildProcess.onExit (/home/gabsko/breaking-updates/src/ui/node_modules/node-gyp/lib/build.js:262:23)
npm ERR! gyp ERR! stack     at ChildProcess.emit (node:events:513:28)
npm ERR! gyp ERR! stack     at Process.ChildProcess._handle.onexit (node:internal/child_process:291:12)
npm ERR! gyp ERR! System Linux 5.4.0-113-generic
npm ERR! gyp ERR! command "/usr/local/bin/node" "/home/gabsko/breaking-updates/src/ui/node_modules/node-gyp/bin/node-gyp.js" "rebuild" "--verbose" "--libsass_ext=" "--libsass_cflags=" "--libsass_ldflags=" "--libsass_library="
npm ERR! gyp ERR! cwd /home/gabsko/breaking-updates/src/ui/node_modules/node-sass
npm ERR! gyp ERR! node -v v16.17.1
npm ERR! gyp ERR! node-gyp -v v3.8.0
npm ERR! gyp ERR! not ok 
npm ERR! Build failed with error code: 1

npm ERR! A complete log of this run can be found in:
npm ERR!     /home/gabsko/.npm/_logs/2023-02-09T03_16_07_102Z-debug-0.log
[ERROR] Command execution failed.
org.apache.commons.exec.ExecuteException: Process exited with an error: 1 (Exit value: 1)
    at org.apache.commons.exec.DefaultExecutor.executeInternal (DefaultExecutor.java:404)
    at org.apache.commons.exec.DefaultExecutor.execute (DefaultExecutor.java:166)
    at org.codehaus.mojo.exec.ExecMojo.executeCommandLine (ExecMojo.java:804)
    at org.codehaus.mojo.exec.ExecMojo.executeCommandLine (ExecMojo.java:751)
    at org.codehaus.mojo.exec.ExecMojo.execute (ExecMojo.java:313)
    at org.apache.maven.plugin.DefaultBuildPluginManager.executeMojo (DefaultBuildPluginManager.java:137)
    at org.apache.maven.lifecycle.internal.MojoExecutor.doExecute2 (MojoExecutor.java:370)
    at org.apache.maven.lifecycle.internal.MojoExecutor.doExecute (MojoExecutor.java:351)
    at org.apache.maven.lifecycle.internal.MojoExecutor.execute (MojoExecutor.java:215)
    at org.apache.maven.lifecycle.internal.MojoExecutor.execute (MojoExecutor.java:171)
    at org.apache.maven.lifecycle.internal.MojoExecutor.execute (MojoExecutor.java:163)
    at org.apache.maven.lifecycle.internal.LifecycleModuleBuilder.buildProject (LifecycleModuleBuilder.java:117)
    at org.apache.maven.lifecycle.internal.LifecycleModuleBuilder.buildProject (LifecycleModuleBuilder.java:81)
    at org.apache.maven.lifecycle.internal.builder.singlethreaded.SingleThreadedBuilder.build (SingleThreadedBuilder.java:56)
    at org.apache.maven.lifecycle.internal.LifecycleStarter.execute (LifecycleStarter.java:128)
    at org.apache.maven.DefaultMaven.doExecute (DefaultMaven.java:294)
    at org.apache.maven.DefaultMaven.doExecute (DefaultMaven.java:192)
    at org.apache.maven.DefaultMaven.execute (DefaultMaven.java:105)
    at org.apache.maven.cli.MavenCli.execute (MavenCli.java:960)
    at org.apache.maven.cli.MavenCli.doMain (MavenCli.java:293)
    at org.apache.maven.cli.MavenCli.main (MavenCli.java:196)
    at jdk.internal.reflect.NativeMethodAccessorImpl.invoke0 (Native Method)
    at jdk.internal.reflect.NativeMethodAccessorImpl.invoke (NativeMethodAccessorImpl.java:62)
    at jdk.internal.reflect.DelegatingMethodAccessorImpl.invoke (DelegatingMethodAccessorImpl.java:43)
    at java.lang.reflect.Method.invoke (Method.java:566)
    at org.codehaus.plexus.classworlds.launcher.Launcher.launchEnhanced (Launcher.java:282)
    at org.codehaus.plexus.classworlds.launcher.Launcher.launch (Launcher.java:225)
    at org.codehaus.plexus.classworlds.launcher.Launcher.mainWithExitCode (Launcher.java:406)
    at org.codehaus.plexus.classworlds.launcher.Launcher.main (Launcher.java:347)
[INFO] ------------------------------------------------------------------------
[INFO] Reactor Summary for Reaper for Apache Cassandra project 3.1.0-SNAPSHOT:
[INFO] 
[INFO] Reaper for Apache Cassandra project ................ SUCCESS [  0.375 s]
[INFO] Reaper for Apache Cassandra server ................. FAILURE [02:19 min]
[INFO] ------------------------------------------------------------------------
[INFO] BUILD FAILURE
[INFO] ------------------------------------------------------------------------
[INFO] Total time:  02:20 min
[INFO] Finished at: 2023-02-09T03:18:17Z
[INFO] ------------------------------------------------------------------------
[ERROR] Failed to execute goal org.codehaus.mojo:exec-maven-plugin:1.6.0:exec (exec-npm-install) on project cassandra-reaper: Command execution failed. Process exited with an error: 1 (Exit value: 1) -> [Help 1]
[ERROR] 
[ERROR] To see the full stack trace of the errors, re-run Maven with the -e switch.
[ERROR] Re-run Maven using the -X switch to enable full debug logging.
[ERROR] 
[ERROR] For more information about the errors and possible solutions, please read the following articles:
[ERROR] [Help 1] http://cwiki.apache.org/confluence/display/MAVEN/MojoExecutionException
[ERROR] 
[ERROR] After correcting the problems, you can resume the build with the command
[ERROR]   mvn <args> -rf :cassandra-reaper
