[INFO] Scanning for projects...
[WARNING] 
[WARNING] Some problems were encountered while building the effective model for fr.pilato.elasticsearch.crawler:fscrawler-it-v7:jar:2.8-SNAPSHOT
[WARNING] 'dependencies.dependency.(groupId:artifactId:type:classifier)' must be unique: fr.pilato.elasticsearch.crawler:fscrawler-it-common:jar -> version (?) vs 2.8-SNAPSHOT @ line 31, column 21
[WARNING] 
[WARNING] It is highly recommended to fix these problems because they threaten the stability of your build.
[WARNING] 
[WARNING] For this reason, future Maven versions might no longer support building such malformed projects.
[WARNING] 
[INFO] ------------------------------------------------------------------------
[INFO] Reactor Build Order:
[INFO] 
[INFO] FSCrawler                                                          [pom]
[INFO] FSCrawler Test Framework                                           [jar]
[INFO] FSCrawler Framework                                                [jar]
[INFO] FSCrawler Settings                                                 [jar]
[INFO] FSCrawler Test Documents                                           [jar]
[INFO] FSCrawler Beans                                                    [jar]
[INFO] FSCrawler 3rd Party libraries                                      [pom]
[INFO] FSCrawler Workplace Search Client                                  [jar]
[INFO] FSCrawler Elasticsearch Client                                     [pom]
[INFO] FSCrawler Elasticsearch Client Base                                [jar]
[INFO] FSCrawler Elasticsearch Client V7                                  [jar]
[INFO] FSCrawler Elasticsearch Client V6                                  [jar]
[INFO] FSCrawler Tika                                                     [jar]
[INFO] FSCrawler Crawlers                                                 [pom]
[INFO] FSCrawler Abstract Crawler                                         [jar]
[INFO] FSCrawler Crawlers: FS                                             [jar]
[INFO] FSCrawler Crawlers: FTP                                            [jar]
[INFO] FSCrawler Crawlers: SSH                                            [jar]
[INFO] FSCrawler Core                                                     [jar]
[INFO] FSCrawler Rest Server                                              [jar]
[INFO] FSCrawler Integration Tests                                        [pom]
[INFO] FSCrawler Integration Common Tests                                 [jar]
[INFO] FSCrawler Integration Tests for Elasticsearch 7.x                  [jar]
[INFO] FSCrawler Integration Tests for Elasticsearch 6.x                  [jar]
[INFO] FSCrawler Cli                                                      [jar]
[INFO] FSCrawler ZIP Distribution                                         [pom]
[INFO] FSCrawler ZIP Distribution for Elasticsearch 7.x                   [jar]
[INFO] FSCrawler ZIP Distribution for Elasticsearch 6.x                   [jar]
[INFO] FSCrawler Documentation                                            [pom]
[INFO] 
[INFO] ----------< fr.pilato.elasticsearch.crawler:fscrawler-parent >----------
[INFO] Building FSCrawler 2.8-SNAPSHOT                                   [1/29]
[INFO] --------------------------------[ pom ]---------------------------------
[INFO] 
[INFO] --- maven-clean-plugin:2.5:clean (default-clean) @ fscrawler-parent ---
[INFO] 
[INFO] ------< fr.pilato.elasticsearch.crawler:fscrawler-test-framework >------
[INFO] Building FSCrawler Test Framework 2.8-SNAPSHOT                    [2/29]
[INFO] --------------------------------[ jar ]---------------------------------
[INFO] 
[INFO] --- maven-clean-plugin:2.5:clean (default-clean) @ fscrawler-test-framework ---
[INFO] Deleting /home/gabsko/breaking-updates/test-framework/target
[INFO] 
[INFO] --- maven-enforcer-plugin:3.0.0-M3:enforce (enforce) @ fscrawler-test-framework ---
[INFO] 
[INFO] --- maven-resources-plugin:3.2.0:resources (default-resources) @ fscrawler-test-framework ---
[INFO] Using 'UTF-8' encoding to copy filtered resources.
[INFO] Using 'UTF-8' encoding to copy filtered properties files.
[INFO] skip non existing resourceDirectory /home/gabsko/breaking-updates/test-framework/src/main/resources
[INFO] 
[INFO] --- maven-compiler-plugin:3.8.1:compile (default-compile) @ fscrawler-test-framework ---
[INFO] Changes detected - recompiling the module!
[INFO] Compiling 4 source files to /home/gabsko/breaking-updates/test-framework/target/classes
[WARNING] No processor claimed any of these annotations: /com.carrotsearch.randomizedtesting.annotations.TimeoutSuite,/org.junit.ClassRule,/org.junit.BeforeClass,/com.carrotsearch.randomizedtesting.annotations.ThreadLeakLingering,/org.junit.Rule,/com.carrotsearch.randomizedtesting.annotations.ThreadLeakScope,/org.junit.runner.RunWith,/org.junit.AfterClass,/com.carrotsearch.randomizedtesting.annotations.Listeners
[INFO] /home/gabsko/breaking-updates/test-framework/src/main/java/fr/pilato/elasticsearch/crawler/fs/test/framework/AbstractFSCrawlerTestCase.java: /home/gabsko/breaking-updates/test-framework/src/main/java/fr/pilato/elasticsearch/crawler/fs/test/framework/AbstractFSCrawlerTestCase.java uses unchecked or unsafe operations.
[INFO] /home/gabsko/breaking-updates/test-framework/src/main/java/fr/pilato/elasticsearch/crawler/fs/test/framework/AbstractFSCrawlerTestCase.java: Recompile with -Xlint:unchecked for details.
[INFO] 
[INFO] --- maven-resources-plugin:3.2.0:testResources (default-testResources) @ fscrawler-test-framework ---
[INFO] Using 'UTF-8' encoding to copy filtered resources.
[INFO] Using 'UTF-8' encoding to copy filtered properties files.
[INFO] Copying 1 resource
[INFO] 
[INFO] --- maven-compiler-plugin:3.8.1:testCompile (default-testCompile) @ fscrawler-test-framework ---
[INFO] Changes detected - recompiling the module!
[INFO] Compiling 1 source file to /home/gabsko/breaking-updates/test-framework/target/test-classes
[WARNING] No processor claimed any of these annotations: /com.carrotsearch.randomizedtesting.annotations.ThreadLeakLingering,/com.carrotsearch.randomizedtesting.annotations.ThreadLeakScope,/org.junit.Test,/com.carrotsearch.randomizedtesting.annotations.TimeoutSuite,/org.junit.runner.RunWith
[INFO] 
[INFO] --- junit4-maven-plugin:2.7.9:junit4 (unit-tests) @ fscrawler-test-framework ---
[INFO] <JUnit4> says hi! Master seed: 7E7A6F5283EEC159
Executing 1 suite with 1 JVM.

Started J0 PID(36024@repairnator).
[INFO] JVM J0:     0.35 ..     1.37 =     1.02s
[INFO] Execution time total: 1.38 sec.
[INFO] Tests summary: 1 suite, 2 tests
[INFO] 
[INFO] --------< fr.pilato.elasticsearch.crawler:fscrawler-framework >---------
[INFO] Building FSCrawler Framework 2.8-SNAPSHOT                         [3/29]
[INFO] --------------------------------[ jar ]---------------------------------
[INFO] 
[INFO] --- maven-clean-plugin:2.5:clean (default-clean) @ fscrawler-framework ---
[INFO] Deleting /home/gabsko/breaking-updates/framework/target
[INFO] 
[INFO] --- maven-enforcer-plugin:3.0.0-M3:enforce (enforce) @ fscrawler-framework ---
[INFO] 
[INFO] --- maven-resources-plugin:3.2.0:resources (default-resources) @ fscrawler-framework ---
[INFO] Using 'UTF-8' encoding to copy filtered resources.
[INFO] Using 'UTF-8' encoding to copy filtered properties files.
[INFO] Copying 1 resource
[INFO] 
[INFO] --- maven-compiler-plugin:3.8.1:compile (default-compile) @ fscrawler-framework ---
[INFO] Changes detected - recompiling the module!
[INFO] Compiling 29 source files to /home/gabsko/breaking-updates/framework/target/classes
[INFO] 
[INFO] --- maven-resources-plugin:3.2.0:testResources (default-testResources) @ fscrawler-framework ---
[INFO] Using 'UTF-8' encoding to copy filtered resources.
[INFO] Using 'UTF-8' encoding to copy filtered properties files.
[INFO] Copying 1 resource
[INFO] 
[INFO] --- maven-compiler-plugin:3.8.1:testCompile (default-testCompile) @ fscrawler-framework ---
[INFO] Changes detected - recompiling the module!
[INFO] Compiling 3 source files to /home/gabsko/breaking-updates/framework/target/test-classes
[WARNING] No processor claimed any of these annotations: /org.junit.BeforeClass,/com.carrotsearch.randomizedtesting.annotations.ThreadLeakLingering,/com.carrotsearch.randomizedtesting.annotations.ThreadLeakScope,/org.junit.Test,/com.carrotsearch.randomizedtesting.annotations.TimeoutSuite,/org.junit.runner.RunWith
[INFO] 
[INFO] ---------< fr.pilato.elasticsearch.crawler:fscrawler-settings >---------
[INFO] Building FSCrawler Settings 2.8-SNAPSHOT                          [4/29]
[INFO] --------------------------------[ jar ]---------------------------------
[INFO] 
[INFO] --- maven-clean-plugin:2.5:clean (default-clean) @ fscrawler-settings ---
[INFO] Deleting /home/gabsko/breaking-updates/settings/target
[INFO] 
[INFO] --- maven-enforcer-plugin:3.0.0-M3:enforce (enforce) @ fscrawler-settings ---
[INFO] 
[INFO] --- maven-resources-plugin:3.2.0:resources (default-resources) @ fscrawler-settings ---
[INFO] Using 'UTF-8' encoding to copy filtered resources.
[INFO] Using 'UTF-8' encoding to copy filtered properties files.
[INFO] Copying 5 resources
[INFO] 
[INFO] --- maven-compiler-plugin:3.8.1:compile (default-compile) @ fscrawler-settings ---
[INFO] Changes detected - recompiling the module!
[INFO] Compiling 11 source files to /home/gabsko/breaking-updates/settings/target/classes
[WARNING] No processor claimed any of these annotations: /com.fasterxml.jackson.annotation.JsonIgnore,/com.fasterxml.jackson.annotation.JsonProperty
[INFO] 
[INFO] --- maven-resources-plugin:3.2.0:testResources (default-testResources) @ fscrawler-settings ---
[INFO] Using 'UTF-8' encoding to copy filtered resources.
[INFO] Using 'UTF-8' encoding to copy filtered properties files.
[INFO] Copying 6 resources
[INFO] 
[INFO] --- maven-compiler-plugin:3.8.1:testCompile (default-testCompile) @ fscrawler-settings ---
[INFO] Changes detected - recompiling the module!
[INFO] Compiling 8 source files to /home/gabsko/breaking-updates/settings/target/test-classes
[WARNING] No processor claimed any of these annotations: /org.junit.BeforeClass,/com.carrotsearch.randomizedtesting.annotations.ThreadLeakLingering,/com.carrotsearch.randomizedtesting.annotations.ThreadLeakScope,/org.junit.Test,/com.carrotsearch.randomizedtesting.annotations.TimeoutSuite,/org.junit.runner.RunWith
[INFO] 
[INFO] --- junit4-maven-plugin:2.7.9:junit4 (unit-tests) @ fscrawler-settings ---
[INFO] <JUnit4> says ‰Ω†Â•Ω! Master seed: 5C6CBCF35BE52233
Executing 8 suites with 4 JVMs.

Started J3 PID(36200@repairnator).
Started J0 PID(36199@repairnator).
Started J2 PID(36217@repairnator).
Started J1 PID(36215@repairnator).
[INFO] JVM J0:     0.27 ..     1.28 =     1.01s
[INFO] JVM J1:     0.28 ..     1.28 =     1.00s
[INFO] JVM J2:     0.28 ..     1.54 =     1.27s
[INFO] JVM J3:     0.27 ..     1.28 =     1.01s
[INFO] Execution time total: 1.54 sec.
[INFO] Tests summary: 8 suites, 49 tests
[INFO] 
[INFO] ------< fr.pilato.elasticsearch.crawler:fscrawler-test-documents >------
[INFO] Building FSCrawler Test Documents 2.8-SNAPSHOT                    [5/29]
[INFO] --------------------------------[ jar ]---------------------------------
[INFO] 
[INFO] --- maven-clean-plugin:2.5:clean (default-clean) @ fscrawler-test-documents ---
[INFO] Deleting /home/gabsko/breaking-updates/test-documents/target
[INFO] 
[INFO] --- maven-enforcer-plugin:3.0.0-M3:enforce (enforce) @ fscrawler-test-documents ---
[INFO] 
[INFO] --- maven-resources-plugin:3.2.0:resources (default-resources) @ fscrawler-test-documents ---
[INFO] Using 'UTF-8' encoding to copy filtered resources.
[INFO] Using 'UTF-8' encoding to copy filtered properties files.
[INFO] Copying 30 resources
[INFO] 
[INFO] --- maven-compiler-plugin:3.8.1:compile (default-compile) @ fscrawler-test-documents ---
[INFO] No sources to compile
[INFO] 
[INFO] --- maven-resources-plugin:3.2.0:testResources (default-testResources) @ fscrawler-test-documents ---
[INFO] Using 'UTF-8' encoding to copy filtered resources.
[INFO] Using 'UTF-8' encoding to copy filtered properties files.
[INFO] skip non existing resourceDirectory /home/gabsko/breaking-updates/test-documents/src/test/resources
[INFO] 
[INFO] --- maven-compiler-plugin:3.8.1:testCompile (default-testCompile) @ fscrawler-test-documents ---
[INFO] No sources to compile
[INFO] 
[INFO] ----------< fr.pilato.elasticsearch.crawler:fscrawler-beans >-----------
[INFO] Building FSCrawler Beans 2.8-SNAPSHOT                             [6/29]
[INFO] --------------------------------[ jar ]---------------------------------
[INFO] 
[INFO] --- maven-clean-plugin:2.5:clean (default-clean) @ fscrawler-beans ---
[INFO] Deleting /home/gabsko/breaking-updates/beans/target
[INFO] 
[INFO] --- maven-enforcer-plugin:3.0.0-M3:enforce (enforce) @ fscrawler-beans ---
[INFO] 
[INFO] --- maven-resources-plugin:3.2.0:resources (default-resources) @ fscrawler-beans ---
[INFO] Using 'UTF-8' encoding to copy filtered resources.
[INFO] Using 'UTF-8' encoding to copy filtered properties files.
[INFO] skip non existing resourceDirectory /home/gabsko/breaking-updates/beans/src/main/resources
[INFO] 
[INFO] --- maven-compiler-plugin:3.8.1:compile (default-compile) @ fscrawler-beans ---
[INFO] Changes detected - recompiling the module!
[INFO] Compiling 12 source files to /home/gabsko/breaking-updates/beans/target/classes
[INFO] /home/gabsko/breaking-updates/beans/src/main/java/fr/pilato/elasticsearch/crawler/fs/beans/DocParser.java: /home/gabsko/breaking-updates/beans/src/main/java/fr/pilato/elasticsearch/crawler/fs/beans/DocParser.java uses unchecked or unsafe operations.
[INFO] /home/gabsko/breaking-updates/beans/src/main/java/fr/pilato/elasticsearch/crawler/fs/beans/DocParser.java: Recompile with -Xlint:unchecked for details.
[INFO] 
[INFO] --- maven-resources-plugin:3.2.0:testResources (default-testResources) @ fscrawler-beans ---
[INFO] Using 'UTF-8' encoding to copy filtered resources.
[INFO] Using 'UTF-8' encoding to copy filtered properties files.
[INFO] Copying 1 resource
[INFO] 
[INFO] --- maven-compiler-plugin:3.8.1:testCompile (default-testCompile) @ fscrawler-beans ---
[INFO] Changes detected - recompiling the module!
[INFO] Compiling 1 source file to /home/gabsko/breaking-updates/beans/target/test-classes
[WARNING] No processor claimed any of these annotations: /com.carrotsearch.randomizedtesting.annotations.ThreadLeakLingering,/com.carrotsearch.randomizedtesting.annotations.ThreadLeakScope,/org.junit.Test,/com.carrotsearch.randomizedtesting.annotations.TimeoutSuite,/org.junit.runner.RunWith
[INFO] 
[INFO] --- junit4-maven-plugin:2.7.9:junit4 (unit-tests) @ fscrawler-beans ---
[INFO] <JUnit4> says ·êä·êÉ! Master seed: 3630336089911260
Executing 1 suite with 1 JVM.

Started J0 PID(36531@repairnator).
[INFO] JVM J0:     0.27 ..     1.27 =     1.00s
[INFO] Execution time total: 1.27 sec.
[INFO] Tests summary: 1 suite, 3 tests
[INFO] 
[INFO] ---------< fr.pilato.elasticsearch.crawler:fscrawler-3rdparty >---------
[INFO] Building FSCrawler 3rd Party libraries 2.8-SNAPSHOT               [7/29]
[INFO] --------------------------------[ pom ]---------------------------------
[INFO] 
[INFO] --- maven-clean-plugin:2.5:clean (default-clean) @ fscrawler-3rdparty ---
[INFO] 
[INFO] --< fr.pilato.elasticsearch.crawler:fscrawler-workplacesearch-client >--
[INFO] Building FSCrawler Workplace Search Client 2.8-SNAPSHOT           [8/29]
[INFO] --------------------------------[ jar ]---------------------------------
[INFO] 
[INFO] --- maven-clean-plugin:2.5:clean (default-clean) @ fscrawler-workplacesearch-client ---
[INFO] Deleting /home/gabsko/breaking-updates/3rdparty/workplacesearch-client/target
[INFO] 
[INFO] --- maven-resources-plugin:3.2.0:resources (default-resources) @ fscrawler-workplacesearch-client ---
[INFO] Using 'UTF-8' encoding to copy filtered resources.
[INFO] Using 'UTF-8' encoding to copy filtered properties files.
[INFO] Copying 1 resource
[INFO] 
[INFO] --- maven-compiler-plugin:3.8.1:compile (default-compile) @ fscrawler-workplacesearch-client ---
[INFO] Changes detected - recompiling the module!
[INFO] Compiling 5 source files to /home/gabsko/breaking-updates/3rdparty/workplacesearch-client/target/classes
[INFO] 
[INFO] --- maven-resources-plugin:3.2.0:testResources (default-testResources) @ fscrawler-workplacesearch-client ---
[INFO] Using 'UTF-8' encoding to copy filtered resources.
[INFO] Using 'UTF-8' encoding to copy filtered properties files.
[INFO] skip non existing resourceDirectory /home/gabsko/breaking-updates/3rdparty/workplacesearch-client/src/test/resources
[INFO] 
[INFO] --- maven-compiler-plugin:3.8.1:testCompile (default-testCompile) @ fscrawler-workplacesearch-client ---
[INFO] No sources to compile
[INFO] 
[INFO] ---< fr.pilato.elasticsearch.crawler:fscrawler-elasticsearch-client >---
[INFO] Building FSCrawler Elasticsearch Client 2.8-SNAPSHOT              [9/29]
[INFO] --------------------------------[ pom ]---------------------------------
[INFO] 
[INFO] --- maven-clean-plugin:2.5:clean (default-clean) @ fscrawler-elasticsearch-client ---
[INFO] 
[INFO] --- maven-enforcer-plugin:3.0.0-M3:enforce (enforce) @ fscrawler-elasticsearch-client ---
[INFO] 
[INFO] --- junit4-maven-plugin:2.7.9:junit4 (unit-tests) @ fscrawler-elasticsearch-client ---
[INFO] 
[INFO] --< fr.pilato.elasticsearch.crawler:fscrawler-elasticsearch-client-base >--
[INFO] Building FSCrawler Elasticsearch Client Base 2.8-SNAPSHOT        [10/29]
[INFO] --------------------------------[ jar ]---------------------------------
[INFO] 
[INFO] --- maven-clean-plugin:2.5:clean (default-clean) @ fscrawler-elasticsearch-client-base ---
[INFO] Deleting /home/gabsko/breaking-updates/elasticsearch-client/elasticsearch-client-base/target
[INFO] 
[INFO] --- maven-enforcer-plugin:3.0.0-M3:enforce (enforce) @ fscrawler-elasticsearch-client-base ---
[INFO] 
[INFO] --- maven-resources-plugin:3.2.0:resources (default-resources) @ fscrawler-elasticsearch-client-base ---
[INFO] Using 'UTF-8' encoding to copy filtered resources.
[INFO] Using 'UTF-8' encoding to copy filtered properties files.
[INFO] skip non existing resourceDirectory /home/gabsko/breaking-updates/elasticsearch-client/elasticsearch-client-base/src/main/resources
[INFO] 
[INFO] --- maven-compiler-plugin:3.8.1:compile (default-compile) @ fscrawler-elasticsearch-client-base ---
[INFO] Changes detected - recompiling the module!
[INFO] Compiling 16 source files to /home/gabsko/breaking-updates/elasticsearch-client/elasticsearch-client-base/target/classes
[INFO] /home/gabsko/breaking-updates/elasticsearch-client/elasticsearch-client-base/src/main/java/fr/pilato/elasticsearch/crawler/fs/client/WorkplaceSearchClientUtil.java: /home/gabsko/breaking-updates/elasticsearch-client/elasticsearch-client-base/src/main/java/fr/pilato/elasticsearch/crawler/fs/client/WorkplaceSearchClientUtil.java uses unchecked or unsafe operations.
[INFO] /home/gabsko/breaking-updates/elasticsearch-client/elasticsearch-client-base/src/main/java/fr/pilato/elasticsearch/crawler/fs/client/WorkplaceSearchClientUtil.java: Recompile with -Xlint:unchecked for details.
[INFO] 
[INFO] --- maven-resources-plugin:3.2.0:testResources (default-testResources) @ fscrawler-elasticsearch-client-base ---
[INFO] Using 'UTF-8' encoding to copy filtered resources.
[INFO] Using 'UTF-8' encoding to copy filtered properties files.
[INFO] Copying 1 resource
[INFO] 
[INFO] --- maven-compiler-plugin:3.8.1:testCompile (default-testCompile) @ fscrawler-elasticsearch-client-base ---
[INFO] Changes detected - recompiling the module!
[INFO] Compiling 5 source files to /home/gabsko/breaking-updates/elasticsearch-client/elasticsearch-client-base/target/test-classes
[WARNING] No processor claimed any of these annotations: /org.junit.Test,/com.carrotsearch.randomizedtesting.annotations.TimeoutSuite,/com.carrotsearch.randomizedtesting.annotations.ThreadLeakLingering,/com.carrotsearch.randomizedtesting.annotations.ThreadLeakScope,/org.junit.runner.RunWith
[WARNING] /home/gabsko/breaking-updates/elasticsearch-client/elasticsearch-client-base/src/test/java/fr/pilato/elasticsearch/crawler/fs/client/ElasticsearchClientDummyBase.java:[97,17] createIndices() in fr.pilato.elasticsearch.crawler.fs.client.ElasticsearchClient has been deprecated
[INFO] 
[INFO] --- junit4-maven-plugin:2.7.9:junit4 (unit-tests) @ fscrawler-elasticsearch-client-base ---
[INFO] <JUnit4> says ahoj! Master seed: 7B6EF2E21729D6F
Executing 2 suites with 2 JVMs.

Started J0 PID(36630@repairnator).
Started J1 PID(36631@repairnator).
[INFO] JVM J0:     0.27 ..     1.02 =     0.75s
[INFO] JVM J1:     0.27 ..     1.02 =     0.75s
[INFO] Execution time total: 1.02 sec.
[INFO] Tests summary: 2 suites, 6 tests
[INFO] 
[INFO] --< fr.pilato.elasticsearch.crawler:fscrawler-elasticsearch-client-v7 >--
[INFO] Building FSCrawler Elasticsearch Client V7 2.8-SNAPSHOT          [11/29]
[INFO] --------------------------------[ jar ]---------------------------------
[INFO] 
[INFO] --- maven-clean-plugin:2.5:clean (default-clean) @ fscrawler-elasticsearch-client-v7 ---
[INFO] Deleting /home/gabsko/breaking-updates/elasticsearch-client/elasticsearch-client-v7/target
[INFO] 
[INFO] --- maven-enforcer-plugin:3.0.0-M3:enforce (enforce) @ fscrawler-elasticsearch-client-v7 ---
[INFO] 
[INFO] --- maven-resources-plugin:3.2.0:resources (default-resources) @ fscrawler-elasticsearch-client-v7 ---
[INFO] Using 'UTF-8' encoding to copy filtered resources.
[INFO] Using 'UTF-8' encoding to copy filtered properties files.
[INFO] skip non existing resourceDirectory /home/gabsko/breaking-updates/elasticsearch-client/elasticsearch-client-v7/src/main/resources
[INFO] 
[INFO] --- maven-compiler-plugin:3.8.1:compile (default-compile) @ fscrawler-elasticsearch-client-v7 ---
[INFO] Changes detected - recompiling the module!
[INFO] Compiling 2 source files to /home/gabsko/breaking-updates/elasticsearch-client/elasticsearch-client-v7/target/classes
[WARNING] /home/gabsko/breaking-updates/elasticsearch-client/elasticsearch-client-v7/src/main/java/fr/pilato/elasticsearch/crawler/fs/client/v7/ElasticsearchClientV7.java:[462,17] createIndices() in fr.pilato.elasticsearch.crawler.fs.client.ElasticsearchClient has been deprecated
[INFO] 
[INFO] --- maven-resources-plugin:3.2.0:testResources (default-testResources) @ fscrawler-elasticsearch-client-v7 ---
[INFO] Using 'UTF-8' encoding to copy filtered resources.
[INFO] Using 'UTF-8' encoding to copy filtered properties files.
[INFO] Copying 1 resource
[INFO] 
[INFO] --- maven-compiler-plugin:3.8.1:testCompile (default-testCompile) @ fscrawler-elasticsearch-client-v7 ---
[INFO] Changes detected - recompiling the module!
[INFO] Compiling 1 source file to /home/gabsko/breaking-updates/elasticsearch-client/elasticsearch-client-v7/target/test-classes
[WARNING] No processor claimed any of these annotations: /com.carrotsearch.randomizedtesting.annotations.ThreadLeakLingering,/com.carrotsearch.randomizedtesting.annotations.ThreadLeakScope,/org.junit.Test,/com.carrotsearch.randomizedtesting.annotations.TimeoutSuite,/org.junit.runner.RunWith
[INFO] 
[INFO] --- junit4-maven-plugin:2.7.9:junit4 (unit-tests) @ fscrawler-elasticsearch-client-v7 ---
[INFO] <JUnit4> says ‰Ω†Â•Ω! Master seed: 2A0DD4AF82424DCC
Executing 1 suite with 1 JVM.

Started J0 PID(36849@repairnator).
[INFO] JVM J0:     0.28 ..     1.28 =     1.00s
[INFO] Execution time total: 1.28 sec.
[INFO] Tests summary: 1 suite, 3 tests
[INFO] 
[INFO] --< fr.pilato.elasticsearch.crawler:fscrawler-elasticsearch-client-v6 >--
[INFO] Building FSCrawler Elasticsearch Client V6 2.8-SNAPSHOT          [12/29]
[INFO] --------------------------------[ jar ]---------------------------------
[INFO] 
[INFO] --- maven-clean-plugin:2.5:clean (default-clean) @ fscrawler-elasticsearch-client-v6 ---
[INFO] Deleting /home/gabsko/breaking-updates/elasticsearch-client/elasticsearch-client-v6/target
[INFO] 
[INFO] --- maven-enforcer-plugin:3.0.0-M3:enforce (enforce) @ fscrawler-elasticsearch-client-v6 ---
[INFO] 
[INFO] --- maven-resources-plugin:3.2.0:resources (default-resources) @ fscrawler-elasticsearch-client-v6 ---
[INFO] Using 'UTF-8' encoding to copy filtered resources.
[INFO] Using 'UTF-8' encoding to copy filtered properties files.
[INFO] skip non existing resourceDirectory /home/gabsko/breaking-updates/elasticsearch-client/elasticsearch-client-v6/src/main/resources
[INFO] 
[INFO] --- maven-compiler-plugin:3.8.1:compile (default-compile) @ fscrawler-elasticsearch-client-v6 ---
[INFO] Changes detected - recompiling the module!
[INFO] Compiling 1 source file to /home/gabsko/breaking-updates/elasticsearch-client/elasticsearch-client-v6/target/classes
[WARNING] /home/gabsko/breaking-updates/elasticsearch-client/elasticsearch-client-v6/src/main/java/fr/pilato/elasticsearch/crawler/fs/client/v6/ElasticsearchClientV6.java:[473,17] createIndices() in fr.pilato.elasticsearch.crawler.fs.client.ElasticsearchClient has been deprecated
[INFO] 
[INFO] --- maven-resources-plugin:3.2.0:testResources (default-testResources) @ fscrawler-elasticsearch-client-v6 ---
[INFO] Using 'UTF-8' encoding to copy filtered resources.
[INFO] Using 'UTF-8' encoding to copy filtered properties files.
[INFO] Copying 1 resource
[INFO] 
[INFO] --- maven-compiler-plugin:3.8.1:testCompile (default-testCompile) @ fscrawler-elasticsearch-client-v6 ---
[INFO] Changes detected - recompiling the module!
[INFO] Compiling 1 source file to /home/gabsko/breaking-updates/elasticsearch-client/elasticsearch-client-v6/target/test-classes
[WARNING] No processor claimed any of these annotations: /com.carrotsearch.randomizedtesting.annotations.ThreadLeakLingering,/com.carrotsearch.randomizedtesting.annotations.ThreadLeakScope,/org.junit.Test,/com.carrotsearch.randomizedtesting.annotations.TimeoutSuite,/org.junit.runner.RunWith
[INFO] 
[INFO] --- junit4-maven-plugin:2.7.9:junit4 (unit-tests) @ fscrawler-elasticsearch-client-v6 ---
[INFO] <JUnit4> says ŸÖÿ±ÿ≠ÿ®ÿß! Master seed: CC04EAD09A8D8A4D
Executing 1 suite with 1 JVM.

Started J0 PID(401@repairnator).
[INFO] JVM J0:     0.27 ..     1.02 =     0.75s
[INFO] Execution time total: 1.02 sec.
[INFO] Tests summary: 1 suite, 2 tests
[INFO] 
[INFO] -----------< fr.pilato.elasticsearch.crawler:fscrawler-tika >-----------
[INFO] Building FSCrawler Tika 2.8-SNAPSHOT                             [13/29]
[INFO] --------------------------------[ jar ]---------------------------------
[INFO] 
[INFO] --- maven-clean-plugin:2.5:clean (default-clean) @ fscrawler-tika ---
[INFO] Deleting /home/gabsko/breaking-updates/tika/target
[INFO] 
[INFO] --- maven-enforcer-plugin:3.0.0-M3:enforce (enforce) @ fscrawler-tika ---
[INFO] 
[INFO] --- maven-resources-plugin:3.2.0:resources (default-resources) @ fscrawler-tika ---
[INFO] Using 'UTF-8' encoding to copy filtered resources.
[INFO] Using 'UTF-8' encoding to copy filtered properties files.
[INFO] skip non existing resourceDirectory /home/gabsko/breaking-updates/tika/src/main/resources
[INFO] 
[INFO] --- maven-compiler-plugin:3.8.1:compile (default-compile) @ fscrawler-tika ---
[INFO] Changes detected - recompiling the module!
[INFO] Compiling 3 source files to /home/gabsko/breaking-updates/tika/target/classes
[INFO] 
[INFO] --- maven-resources-plugin:3.2.0:testResources (default-testResources) @ fscrawler-tika ---
[INFO] Using 'UTF-8' encoding to copy filtered resources.
[INFO] Using 'UTF-8' encoding to copy filtered properties files.
[INFO] Copying 1 resource
[INFO] 
[INFO] --- maven-compiler-plugin:3.8.1:testCompile (default-testCompile) @ fscrawler-tika ---
[INFO] Changes detected - recompiling the module!
[INFO] Compiling 3 source files to /home/gabsko/breaking-updates/tika/target/test-classes
[WARNING] No processor claimed any of these annotations: /org.junit.BeforeClass,/com.carrotsearch.randomizedtesting.annotations.ThreadLeakLingering,/com.carrotsearch.randomizedtesting.annotations.ThreadLeakScope,/org.junit.Test,/com.carrotsearch.randomizedtesting.annotations.TimeoutSuite,/org.junit.runner.RunWith
[INFO] 
[INFO] --- junit4-maven-plugin:2.7.9:junit4 (unit-tests) @ fscrawler-tika ---
[INFO] <JUnit4> says salut! Master seed: 4EF9DBA5D7780906
Executing 2 suites with 2 JVMs.

Started J0 PID(547@repairnator).
Started J1 PID(559@repairnator).
  1> 09:38:57,775 [32mINFO [m [f.p.e.c.f.t.TikaDocParserTest] Test extraction of [test.rtf]
  1> 09:38:57,797 [32mINFO [m [f.p.e.c.f.t.TikaInstance] OCR is disabled.
  1> 09:38:58,524 [32mINFO [m [f.p.e.c.f.t.TikaDocParserTest] Test extraction of [test.txt]
  1> 09:38:58,525 [32mINFO [m [f.p.e.c.f.t.TikaInstance] OCR is disabled.
  1> 09:38:58,624 [32mINFO [m [f.p.e.c.f.t.TikaDocParserTest] Test extraction of [test.wav]
  1> 09:38:58,625 [32mINFO [m [f.p.e.c.f.t.TikaInstance] OCR is disabled.
  1> 09:38:58,712 [32mINFO [m [f.p.e.c.f.t.TikaDocParserTest] Test extraction of [issue-1097.pdf]
  1> 09:38:58,712 [32mINFO [m [f.p.e.c.f.t.TikaInstance] OCR is disabled.
  1> 09:38:58,923 [32mINFO [m [f.p.e.c.f.t.TikaDocParserTest] Test extraction of [test.pdf]
  1> 09:38:58,924 [32mINFO [m [f.p.e.c.f.t.TikaInstance] OCR is disabled.
  1> 09:38:59,026 [32mINFO [m [f.p.e.c.f.t.TikaDocParserTest] Test extraction of [test.txt]
  1> 09:38:59,028 [32mINFO [m [f.p.e.c.f.t.TikaInstance] OCR is disabled.
  1> 09:38:59,130 [32mINFO [m [f.p.e.c.f.t.TikaDocParserTest] Test extraction of [issue-163.xml]
  1> 09:38:59,132 [32mINFO [m [f.p.e.c.f.t.TikaInstance] OCR is disabled.
  1> 09:38:59,236 [32mINFO [m [f.p.e.c.f.t.TikaDocParserTest] Test extraction of [issue-834.txt]
  1> 09:38:59,238 [32mINFO [m [f.p.e.c.f.t.TikaInstance] OCR is disabled.
IGNOR/A 0.01s J0 | TikaDocParserTest.testOcr
   > Assumption #1: Tesseract is not installed so we are skipping this test
  1> 09:38:59,348 [32mINFO [m [f.p.e.c.f.t.TikaDocParserTest] Test extraction of [test.txt]
  1> 09:38:59,349 [32mINFO [m [f.p.e.c.f.t.TikaInstance] OCR is disabled.
  1> 09:38:59,984 [32mINFO [m [f.p.e.c.f.t.TikaDocParserTest] Test extraction of [test-fr.txt]
  1> 09:38:59,986 [32mINFO [m [f.p.e.c.f.t.TikaInstance] OCR is disabled.
  1> 09:39:00,075 [32mINFO [m [f.p.e.c.f.t.TikaDocParserTest] Test extraction of [test-de.txt]
  1> 09:39:00,077 [32mINFO [m [f.p.e.c.f.t.TikaInstance] OCR is disabled.
  1> 09:39:00,189 [32mINFO [m [f.p.e.c.f.t.TikaDocParserTest] Test extraction of [test-enfrde.txt]
  1> 09:39:00,211 [32mINFO [m [f.p.e.c.f.t.TikaInstance] OCR is disabled.
  1> 09:39:00,278 [32mINFO [m [f.p.e.c.f.t.TikaDocParserTest] Test extraction of [test.txt]
  1> 09:39:00,280 [32mINFO [m [f.p.e.c.f.t.TikaInstance] OCR is disabled.
  1> 09:39:00,357 [32mINFO [m [f.p.e.c.f.t.TikaDocParserTest] Test extraction of [test.mp3]
  1> 09:39:00,359 [32mINFO [m [f.p.e.c.f.t.TikaInstance] OCR is disabled.
  1> 09:39:00,461 [32mINFO [m [f.p.e.c.f.t.TikaDocParserTest] Test extraction of [issue-221-doc1.pdf]
  1> 09:39:00,463 [32mINFO [m [f.p.e.c.f.t.TikaInstance] OCR is disabled.
  1> 09:39:00,590 [32mINFO [m [f.p.e.c.f.t.TikaDocParserTest] Test extraction of [issue-221-doc2.pdf]
  1> 09:39:00,592 [32mINFO [m [f.p.e.c.f.t.TikaInstance] OCR is disabled.
  1> 09:39:00,680 [33mWARN [m [o.a.p.p.f.PDFont] Invalid ToUnicode CMap in font RobotoSlab-Regular
  1> 09:39:00,680 [33mWARN [m [o.a.p.p.f.PDFont] Using predefined identity CMap instead
  1> 09:39:00,697 [33mWARN [m [o.a.p.p.f.PDCIDFontType2] Found CFF/OTF but expected embedded TTF font RobotoSlab-Regular
  1> 09:39:00,705 [32mINFO [m [f.p.e.c.f.t.TikaDocParserTest] Test extraction of [test.doc]
  1> 09:39:00,706 [32mINFO [m [f.p.e.c.f.t.TikaInstance] OCR is disabled.
  1> 09:39:00,889 [32mINFO [m [f.p.e.c.f.t.TikaDocParserTest] Test extraction of [test.odt]
  1> 09:39:00,890 [32mINFO [m [f.p.e.c.f.t.TikaInstance] OCR is disabled.
  1> 09:39:01,006 [32mINFO [m [f.p.e.c.f.t.TikaDocParserTest] Test extraction of [issue-400-shiftjis.txt]
  1> 09:39:01,007 [32mINFO [m [f.p.e.c.f.t.TikaInstance] OCR is disabled.
  1> 09:39:01,081 [32mINFO [m [f.p.e.c.f.t.TikaDocParserTest] Test extraction of [test.txt]
  1> 09:39:01,082 [32mINFO [m [f.p.e.c.f.t.TikaDocParserTest] Test extraction of [test.txt]
  1> 09:39:01,084 [32mINFO [m [f.p.e.c.f.t.TikaInstance] OCR is disabled.
  1> 09:39:01,149 [32mINFO [m [f.p.e.c.f.t.TikaDocParserTest] Test extraction of [test.html]
  1> 09:39:01,151 [32mINFO [m [f.p.e.c.f.t.TikaInstance] OCR is disabled.
  1> 09:39:01,328 [32mINFO [m [f.p.e.c.f.t.TikaDocParserTest] Test extraction of [test.docx]
  1> 09:39:01,329 [32mINFO [m [f.p.e.c.f.t.TikaInstance] OCR is disabled.
  1> 09:39:01,416 [1;31mERROR[m [f.document] [90936fbec470f7fa873de6f29f7b9dc2][/] class org.apache.poi.ooxml.extractor.POIXMLTextExtractor can not implement org.apache.poi.extractor.POITextExtractor, because it is not an interface (org.apache.poi.extractor.POITextExtractor is in unnamed module of loader 'app')
  1> 09:39:01,417 [33mWARN [m [f.p.e.c.f.t.TikaDocParser] Failed to extract [100000] characters of text for [/documents/test.docx]: class org.apache.poi.ooxml.extractor.POIXMLTextExtractor can not implement org.apache.poi.extractor.POITextExtractor, because it is not an interface (org.apache.poi.extractor.POITextExtractor is in unnamed module of loader 'app')
  2> REPRODUCE WITH:
  2> mvn integration-test -Dtests.seed=4EF9DBA5D7780906 -Dtests.class=fr.pilato.elasticsearch.crawler.fs.tika.TikaDocParserTest -Dtests.method="testExtractFromDocx" -Dtests.locale=ar-SS -Dtests.timezone=Australia/LHI
FAILURE 0.10s J0 | TikaDocParserTest.testExtractFromDocx <<<
   > Throwable #1: java.lang.AssertionError: 
   > Expected: a string containing "This is a sample text available in page"
   >      but: was null
   > 	at __randomizedtesting.SeedInfo.seed([4EF9DBA5D7780906:B8170398D3C79FBB]:0)
   > 	at org.hamcrest.MatcherAssert.assertThat(MatcherAssert.java:20)
   > 	at org.hamcrest.MatcherAssert.assertThat(MatcherAssert.java:8)
   > 	at fr.pilato.elasticsearch.crawler.fs.tika.TikaDocParserTest.testExtractFromDocx(TikaDocParserTest.java:198)
   > 	at java.base/jdk.internal.reflect.NativeMethodAccessorImpl.invoke0(Native Method)
   > 	at java.base/jdk.internal.reflect.NativeMethodAccessorImpl.invoke(NativeMethodAccessorImpl.java:62)
   > 	at java.base/jdk.internal.reflect.DelegatingMethodAccessorImpl.invoke(DelegatingMethodAccessorImpl.java:43)
   > 	at java.base/java.lang.reflect.Method.invoke(Method.java:566)
   > 	at com.carrotsearch.randomizedtesting.RandomizedRunner.invoke(RandomizedRunner.java:1758)
   > 	at com.carrotsearch.randomizedtesting.RandomizedRunner$8.evaluate(RandomizedRunner.java:946)
   > 	at org.junit.rules.TestWatcher$1.evaluate(TestWatcher.java:61)
   > 	at com.carrotsearch.randomizedtesting.rules.StatementAdapter.evaluate(StatementAdapter.java:36)
   > 	at com.carrotsearch.randomizedtesting.ThreadLeakControl$StatementRunner.run(ThreadLeakControl.java:375)
   > 	at com.carrotsearch.randomizedtesting.ThreadLeakControl.forkTimeoutingTask(ThreadLeakControl.java:824)
   > 	at com.carrotsearch.randomizedtesting.ThreadLeakControl$3.evaluate(ThreadLeakControl.java:475)
   > 	at com.carrotsearch.randomizedtesting.RandomizedRunner.runSingleTest(RandomizedRunner.java:955)
   > 	at com.carrotsearch.randomizedtesting.RandomizedRunner$5.evaluate(RandomizedRunner.java:840)
   > 	at com.carrotsearch.randomizedtesting.RandomizedRunner$6.evaluate(RandomizedRunner.java:891)
   > 	at com.carrotsearch.randomizedtesting.RandomizedRunner$7.evaluate(RandomizedRunner.java:902)
   > 	at org.junit.rules.ExternalResource$1.evaluate(ExternalResource.java:54)
   > 	at com.carrotsearch.randomizedtesting.rules.StatementAdapter.evaluate(StatementAdapter.java:36)
   > 	at com.carrotsearch.randomizedtesting.ThreadLeakControl$StatementRunner.run(ThreadLeakControl.java:375)
   > 	at com.carrotsearch.randomizedtesting.ThreadLeakControl.lambda$forkTimeoutingTask$0(ThreadLeakControl.java:831)
   > 	at java.base/java.lang.Thread.run(Thread.java:829)
  1> 09:39:01,424 [32mINFO [m [f.p.e.c.f.t.TikaDocParserTest] Test extraction of [test-protected.docx]
  1> 09:39:01,426 [32mINFO [m [f.p.e.c.f.t.TikaInstance] OCR is disabled.
  1> 09:39:01,516 [1;31mERROR[m [f.document] [543318f22fa821f2bb0bbc8794de8d][/] TIKA-198: Illegal IOException from org.apache.tika.parser.microsoft.OfficeParser@53d884ab -> java.lang.ClassNotFoundException: org.apache.poi.poifs.crypt.agile.AgileEncryptionInfoBuilder -> org.apache.poi.poifs.crypt.agile.AgileEncryptionInfoBuilder
  1> 09:39:01,516 [33mWARN [m [f.p.e.c.f.t.TikaDocParser] Failed to extract [100000] characters of text for [/documents/test-protected.docx]: TIKA-198: Illegal IOException from org.apache.tika.parser.microsoft.OfficeParser@53d884ab -> java.lang.ClassNotFoundException: org.apache.poi.poifs.crypt.agile.AgileEncryptionInfoBuilder -> org.apache.poi.poifs.crypt.agile.AgileEncryptionInfoBuilder
  1> 09:39:01,518 [32mINFO [m [f.p.e.c.f.t.TikaDocParserTest] Test extraction of [issue-stackoverflow.docx]
  1> 09:39:01,520 [32mINFO [m [f.p.e.c.f.t.TikaInstance] OCR is disabled.
  1> 09:39:01,616 [1;31mERROR[m [f.document] [ed9242994f9413e14bc9e285512386d8][/] class org.apache.poi.ooxml.extractor.POIXMLTextExtractor can not implement org.apache.poi.extractor.POITextExtractor, because it is not an interface (org.apache.poi.extractor.POITextExtractor is in unnamed module of loader 'app')
  1> 09:39:01,617 [33mWARN [m [f.p.e.c.f.t.TikaDocParser] Failed to extract [100000] characters of text for [/documents/issue-stackoverflow.docx]: class org.apache.poi.ooxml.extractor.POIXMLTextExtractor can not implement org.apache.poi.extractor.POITextExtractor, because it is not an interface (org.apache.poi.extractor.POITextExtractor is in unnamed module of loader 'app')
  2> REPRODUCE WITH:
  2> mvn integration-test -Dtests.seed=4EF9DBA5D7780906 -Dtests.class=fr.pilato.elasticsearch.crawler.fs.tika.TikaDocParserTest -Dtests.method="testDocxWithEmbeddedBadPDF" -Dtests.locale=ar-SS -Dtests.timezone=Australia/LHI
FAILURE 0.10s J0 | TikaDocParserTest.testDocxWithEmbeddedBadPDF <<<
   > Throwable #1: java.lang.AssertionError: 
   > Expected: not (null or an empty string)
   >      but: was null
   > 	at __randomizedtesting.SeedInfo.seed([4EF9DBA5D7780906:24729320DE1A302C]:0)
   > 	at org.hamcrest.MatcherAssert.assertThat(MatcherAssert.java:20)
   > 	at org.hamcrest.MatcherAssert.assertThat(MatcherAssert.java:8)
   > 	at fr.pilato.elasticsearch.crawler.fs.tika.TikaDocParserTest.testDocxWithEmbeddedBadPDF(TikaDocParserTest.java:773)
   > 	at java.base/jdk.internal.reflect.NativeMethodAccessorImpl.invoke0(Native Method)
   > 	at java.base/jdk.internal.reflect.NativeMethodAccessorImpl.invoke(NativeMethodAccessorImpl.java:62)
   > 	at java.base/jdk.internal.reflect.DelegatingMethodAccessorImpl.invoke(DelegatingMethodAccessorImpl.java:43)
   > 	at java.base/java.lang.reflect.Method.invoke(Method.java:566)
   > 	at com.carrotsearch.randomizedtesting.RandomizedRunner.invoke(RandomizedRunner.java:1758)
   > 	at com.carrotsearch.randomizedtesting.RandomizedRunner$8.evaluate(RandomizedRunner.java:946)
   > 	at org.junit.rules.TestWatcher$1.evaluate(TestWatcher.java:61)
   > 	at com.carrotsearch.randomizedtesting.rules.StatementAdapter.evaluate(StatementAdapter.java:36)
   > 	at com.carrotsearch.randomizedtesting.ThreadLeakControl$StatementRunner.run(ThreadLeakControl.java:375)
   > 	at com.carrotsearch.randomizedtesting.ThreadLeakControl.forkTimeoutingTask(ThreadLeakControl.java:824)
   > 	at com.carrotsearch.randomizedtesting.ThreadLeakControl$3.evaluate(ThreadLeakControl.java:475)
   > 	at com.carrotsearch.randomizedtesting.RandomizedRunner.runSingleTest(RandomizedRunner.java:955)
   > 	at com.carrotsearch.randomizedtesting.RandomizedRunner$5.evaluate(RandomizedRunner.java:840)
   > 	at com.carrotsearch.randomizedtesting.RandomizedRunner$6.evaluate(RandomizedRunner.java:891)
   > 	at com.carrotsearch.randomizedtesting.RandomizedRunner$7.evaluate(RandomizedRunner.java:902)
   > 	at org.junit.rules.ExternalResource$1.evaluate(ExternalResource.java:54)
   > 	at com.carrotsearch.randomizedtesting.rules.StatementAdapter.evaluate(StatementAdapter.java:36)
   > 	at com.carrotsearch.randomizedtesting.ThreadLeakControl$StatementRunner.run(ThreadLeakControl.java:375)
   > 	at com.carrotsearch.randomizedtesting.ThreadLeakControl.lambda$forkTimeoutingTask$0(ThreadLeakControl.java:831)
   > 	at java.base/java.lang.Thread.run(Thread.java:829)

Tests with failures [seed: 4EF9DBA5D7780906]:
  - fr.pilato.elasticsearch.crawler.fs.tika.TikaDocParserTest.testExtractFromDocx
  - fr.pilato.elasticsearch.crawler.fs.tika.TikaDocParserTest.testDocxWithEmbeddedBadPDF


[INFO] JVM J0:     0.28 ..     5.05 =     4.77s
[INFO] JVM J1:     0.28 ..     1.54 =     1.25s
[INFO] Execution time total: 5.05 sec.
[INFO] Tests summary: 2 suites, 24 tests, 2 failures, 1 ignored (1 assumption)
[INFO] ------------------------------------------------------------------------
[INFO] Reactor Summary for FSCrawler 2.8-SNAPSHOT:
[INFO] 
[INFO] FSCrawler .......................................... SUCCESS [  0.067 s]
[INFO] FSCrawler Test Framework ........................... SUCCESS [  3.209 s]
[INFO] FSCrawler Framework ................................ SUCCESS [  0.762 s]
[INFO] FSCrawler Settings ................................. SUCCESS [  2.205 s]
[INFO] FSCrawler Test Documents ........................... SUCCESS [  0.032 s]
[INFO] FSCrawler Beans .................................... SUCCESS [  1.481 s]
[INFO] FSCrawler 3rd Party libraries ...................... SUCCESS [  0.001 s]
[INFO] FSCrawler Workplace Search Client .................. SUCCESS [  0.129 s]
[INFO] FSCrawler Elasticsearch Client ..................... SUCCESS [  0.007 s]
[INFO] FSCrawler Elasticsearch Client Base ................ SUCCESS [  1.262 s]
[INFO] FSCrawler Elasticsearch Client V7 .................. SUCCESS [  2.141 s]
[INFO] FSCrawler Elasticsearch Client V6 .................. SUCCESS [  1.463 s]
[INFO] FSCrawler Tika ..................................... FAILURE [  6.176 s]
[INFO] FSCrawler Crawlers ................................. SKIPPED
[INFO] FSCrawler Abstract Crawler ......................... SKIPPED
[INFO] FSCrawler Crawlers: FS ............................. SKIPPED
[INFO] FSCrawler Crawlers: FTP ............................ SKIPPED
[INFO] FSCrawler Crawlers: SSH ............................ SKIPPED
[INFO] FSCrawler Core ..................................... SKIPPED
[INFO] FSCrawler Rest Server .............................. SKIPPED
[INFO] FSCrawler Integration Tests ........................ SKIPPED
[INFO] FSCrawler Integration Common Tests ................. SKIPPED
[INFO] FSCrawler Integration Tests for Elasticsearch 7.x .. SKIPPED
[INFO] FSCrawler Integration Tests for Elasticsearch 6.x .. SKIPPED
[INFO] FSCrawler Cli ...................................... SKIPPED
[INFO] FSCrawler ZIP Distribution ......................... SKIPPED
[INFO] FSCrawler ZIP Distribution for Elasticsearch 7.x ... SKIPPED
[INFO] FSCrawler ZIP Distribution for Elasticsearch 6.x ... SKIPPED
[INFO] FSCrawler Documentation ............................ SKIPPED
[INFO] ------------------------------------------------------------------------
[INFO] BUILD FAILURE
[INFO] ------------------------------------------------------------------------
[INFO] Total time:  19.102 s
[INFO] Finished at: 2023-01-06T22:39:01Z
[INFO] ------------------------------------------------------------------------
[ERROR] Failed to execute goal com.carrotsearch.randomizedtesting:junit4-maven-plugin:2.7.9:junit4 (unit-tests) on project fscrawler-tika: There were test failures: 2 suites, 24 tests, 2 failures, 1 ignored (1 assumption) [seed: 4EF9DBA5D7780906] -> [Help 1]
[ERROR] 
[ERROR] To see the full stack trace of the errors, re-run Maven with the -e switch.
[ERROR] Re-run Maven using the -X switch to enable full debug logging.
[ERROR] 
[ERROR] For more information about the errors and possible solutions, please read the following articles:
[ERROR] [Help 1] http://cwiki.apache.org/confluence/display/MAVEN/MojoExecutionException
[ERROR] 
[ERROR] After correcting the problems, you can resume the build with the command
[ERROR]   mvn <args> -rf :fscrawler-tika
