[INFO] Scanning for projects...
[INFO] ------------------------------------------------------------------------
[INFO] Reactor Build Order:
[INFO] 
[INFO] ljprojectbuilder                                                   [pom]
[INFO] webclient                                                          [pom]
[INFO] persistence                                                        [jar]
[INFO] service                                                            [jar]
[INFO] generator                                                          [jar]
[INFO] rest                                                               [jar]
[INFO] application                                                        [jar]
[INFO] 
[INFO] --------------------< de.starwit:ljprojectbuilder >---------------------
[INFO] Building ljprojectbuilder 0.0.1-SNAPSHOT                           [1/7]
[INFO] --------------------------------[ pom ]---------------------------------
[INFO] 
[INFO] --- maven-clean-plugin:3.1.0:clean (default-clean) @ ljprojectbuilder ---
[INFO] 
[INFO] ------------------------< de.starwit:webclient >------------------------
[INFO] Building webclient 0.0.1-SNAPSHOT                                  [2/7]
[INFO] --------------------------------[ pom ]---------------------------------
[INFO] 
[INFO] --- maven-clean-plugin:3.1.0:clean (default-clean) @ webclient ---
[INFO] 
[INFO] -----------------------< de.starwit:persistence >-----------------------
[INFO] Building persistence 0.0.1-SNAPSHOT                                [3/7]
[INFO] --------------------------------[ jar ]---------------------------------
[INFO] 
[INFO] --- maven-clean-plugin:3.1.0:clean (default-clean) @ persistence ---
[INFO] Deleting /home/gabsko/breaking-updates/persistence/target
[INFO] 
[INFO] --- maven-resources-plugin:3.2.0:resources (default-resources) @ persistence ---
[INFO] Using 'UTF-8' encoding to copy filtered resources.
[INFO] Using 'UTF-8' encoding to copy filtered properties files.
[INFO] Copying 1 resource
[INFO] Copying 12 resources
[INFO] 
[INFO] --- maven-compiler-plugin:3.8.1:compile (default-compile) @ persistence ---
[INFO] Changes detected - recompiling the module!
[INFO] Compiling 24 source files to /home/gabsko/breaking-updates/persistence/target/classes
[INFO] 
[INFO] --- maven-resources-plugin:3.2.0:testResources (default-testResources) @ persistence ---
[INFO] Using 'UTF-8' encoding to copy filtered resources.
[INFO] Using 'UTF-8' encoding to copy filtered properties files.
[INFO] Copying 2 resources
[INFO] 
[INFO] --- maven-compiler-plugin:3.8.1:testCompile (default-testCompile) @ persistence ---
[INFO] Changes detected - recompiling the module!
[INFO] Compiling 1 source file to /home/gabsko/breaking-updates/persistence/target/test-classes
[INFO] 
[INFO] --- maven-surefire-plugin:2.22.2:test (default-test) @ persistence ---
[INFO] 
[INFO] -------------------------------------------------------
[INFO]  T E S T S
[INFO] -------------------------------------------------------
[INFO] Running de.starwit.persistence.repository.AppRepositoryTest
                                ,--.           ,--.
 ,---.   ,---.  ,--.--.  ,---.  `--'  ,---.  ,-'  '-.  ,---.  ,--,--,   ,---.  ,---.
| .-. | | .-. : |  .--' (  .-'  ,--. (  .-'  '-.  .-' | .-. : |      \ | .--' | .-. :
| '-' ' \   --. |  |    .-'  `) |  | .-'  `)   |  |   \   --. |  ||  | \ `--. \   --.
|  |-'   `----' `--'    `----'  `--' `----'    `--'    `----' `--''--'  `---'  `----'
`--'
2023-01-13 22:32:38.724  INFO 34469 --- [           main] d.s.p.r.AppRepositoryTest                : Starting AppRepositoryTest using Java 11.0.17 on repairnator with PID 34469 (started by gabsko in /home/gabsko/breaking-updates/persistence)
2023-01-13 22:32:38.728  INFO 34469 --- [           main] d.s.p.r.AppRepositoryTest                : No active profile set, falling back to default profiles: default
2023-01-13 22:32:38.997  INFO 34469 --- [           main] .s.d.r.c.RepositoryConfigurationDelegate : Bootstrapping Spring Data JPA repositories in DEFAULT mode.
2023-01-13 22:32:39.038  INFO 34469 --- [           main] .s.d.r.c.RepositoryConfigurationDelegate : Finished Spring Data repository scanning in 36 ms. Found 5 JPA repository interfaces.
2023-01-13 22:32:39.090  INFO 34469 --- [           main] beddedDataSourceBeanFactoryPostProcessor : Replacing 'dataSource' DataSource bean with embedded version
2023-01-13 22:32:39.287  INFO 34469 --- [           main] o.s.j.d.e.EmbeddedDatabaseFactory        : Starting embedded database: url='jdbc:h2:mem:2862f2c6-3834-463d-ae41-a55e8ee37c2e;DB_CLOSE_DELAY=-1;DB_CLOSE_ON_EXIT=false', username='sa'
2023-01-13 22:32:39.516  INFO 34469 --- [           main] o.f.c.i.l.VersionPrinter                 : Flyway Community Edition 7.15.0 by Redgate
2023-01-13 22:32:39.517  INFO 34469 --- [           main] o.f.c.i.d.b.BaseDatabaseType             : Database: jdbc:h2:mem:2862f2c6-3834-463d-ae41-a55e8ee37c2e (H2 2.1)
2023-01-13 22:32:39.532  WARN 34469 --- [           main] s.c.a.AnnotationConfigApplicationContext : Exception encountered during context initialization - cancelling refresh attempt: org.springframework.beans.factory.BeanCreationException: Error creating bean with name 'flywayInitializer' defined in class path resource [org/springframework/boot/autoconfigure/flyway/FlywayAutoConfiguration$FlywayConfiguration.class]: Invocation of init method failed; nested exception is org.flywaydb.core.internal.exception.FlywaySqlException: Unable to determine H2 compatibility mode
-----------------------------------------
SQL State  : 42001
Error Code : 42001
Message    : Syntax error in SQL statement "SELECT [*]VALUE FROM INFORMATION_SCHEMA.SETTINGS WHERE NAME = 'MODE'"; expected "TOP, DISTINCT, ALL, *, INTERSECTS, NOT, EXISTS, UNIQUE, INTERSECTS"; SQL statement:
SELECT VALUE FROM INFORMATION_SCHEMA.SETTINGS WHERE NAME = 'MODE' [42001-210]

2023-01-13 22:32:39.536  INFO 34469 --- [           main] ConditionEvaluationReportLoggingListener : 

Error starting ApplicationContext. To display the conditions report re-run your application with 'debug' enabled.
2023-01-13 22:32:39.546 ERROR 34469 --- [           main] o.s.b.SpringApplication                  : Application run failed

org.springframework.beans.factory.BeanCreationException: Error creating bean with name 'flywayInitializer' defined in class path resource [org/springframework/boot/autoconfigure/flyway/FlywayAutoConfiguration$FlywayConfiguration.class]: Invocation of init method failed; nested exception is org.flywaydb.core.internal.exception.FlywaySqlException: Unable to determine H2 compatibility mode
-----------------------------------------
SQL State  : 42001
Error Code : 42001
Message    : Syntax error in SQL statement "SELECT [*]VALUE FROM INFORMATION_SCHEMA.SETTINGS WHERE NAME = 'MODE'"; expected "TOP, DISTINCT, ALL, *, INTERSECTS, NOT, EXISTS, UNIQUE, INTERSECTS"; SQL statement:
SELECT VALUE FROM INFORMATION_SCHEMA.SETTINGS WHERE NAME = 'MODE' [42001-210]

	at org.springframework.beans.factory.support.AbstractAutowireCapableBeanFactory.initializeBean(AbstractAutowireCapableBeanFactory.java:1804) ~[spring-beans-5.3.10.jar:5.3.10]
	at org.springframework.beans.factory.support.AbstractAutowireCapableBeanFactory.doCreateBean(AbstractAutowireCapableBeanFactory.java:620) ~[spring-beans-5.3.10.jar:5.3.10]
	at org.springframework.beans.factory.support.AbstractAutowireCapableBeanFactory.createBean(AbstractAutowireCapableBeanFactory.java:542) ~[spring-beans-5.3.10.jar:5.3.10]
	at org.springframework.beans.factory.support.AbstractBeanFactory.lambda$doGetBean$0(AbstractBeanFactory.java:335) ~[spring-beans-5.3.10.jar:5.3.10]
	at org.springframework.beans.factory.support.DefaultSingletonBeanRegistry.getSingleton(DefaultSingletonBeanRegistry.java:234) ~[spring-beans-5.3.10.jar:5.3.10]
	at org.springframework.beans.factory.support.AbstractBeanFactory.doGetBean(AbstractBeanFactory.java:333) ~[spring-beans-5.3.10.jar:5.3.10]
	at org.springframework.beans.factory.support.AbstractBeanFactory.getBean(AbstractBeanFactory.java:208) ~[spring-beans-5.3.10.jar:5.3.10]
	at org.springframework.beans.factory.support.AbstractBeanFactory.doGetBean(AbstractBeanFactory.java:322) ~[spring-beans-5.3.10.jar:5.3.10]
	at org.springframework.beans.factory.support.AbstractBeanFactory.getBean(AbstractBeanFactory.java:208) ~[spring-beans-5.3.10.jar:5.3.10]
	at org.springframework.context.support.AbstractApplicationContext.getBean(AbstractApplicationContext.java:1154) ~[spring-context-5.3.10.jar:5.3.10]
	at org.springframework.context.support.AbstractApplicationContext.finishBeanFactoryInitialization(AbstractApplicationContext.java:908) ~[spring-context-5.3.10.jar:5.3.10]
	at org.springframework.context.support.AbstractApplicationContext.refresh(AbstractApplicationContext.java:583) ~[spring-context-5.3.10.jar:5.3.10]
	at org.springframework.boot.SpringApplication.refresh(SpringApplication.java:754) ~[spring-boot-2.5.5.jar:2.5.5]
	at org.springframework.boot.SpringApplication.refreshContext(SpringApplication.java:434) ~[spring-boot-2.5.5.jar:2.5.5]
	at org.springframework.boot.SpringApplication.run(SpringApplication.java:338) ~[spring-boot-2.5.5.jar:2.5.5]
	at org.springframework.boot.test.context.SpringBootContextLoader.loadContext(SpringBootContextLoader.java:123) ~[spring-boot-test-2.5.5.jar:2.5.5]
	at org.springframework.test.context.cache.DefaultCacheAwareContextLoaderDelegate.loadContextInternal(DefaultCacheAwareContextLoaderDelegate.java:99) ~[spring-test-5.3.10.jar:5.3.10]
	at org.springframework.test.context.cache.DefaultCacheAwareContextLoaderDelegate.loadContext(DefaultCacheAwareContextLoaderDelegate.java:124) ~[spring-test-5.3.10.jar:5.3.10]
	at org.springframework.test.context.support.DefaultTestContext.getApplicationContext(DefaultTestContext.java:124) ~[spring-test-5.3.10.jar:5.3.10]
	at org.springframework.test.context.support.DependencyInjectionTestExecutionListener.injectDependencies(DependencyInjectionTestExecutionListener.java:118) ~[spring-test-5.3.10.jar:5.3.10]
	at org.springframework.test.context.support.DependencyInjectionTestExecutionListener.prepareTestInstance(DependencyInjectionTestExecutionListener.java:83) ~[spring-test-5.3.10.jar:5.3.10]
	at org.springframework.boot.test.autoconfigure.SpringBootDependencyInjectionTestExecutionListener.prepareTestInstance(SpringBootDependencyInjectionTestExecutionListener.java:43) ~[spring-boot-test-autoconfigure-2.5.5.jar:2.5.5]
	at org.springframework.test.context.TestContextManager.prepareTestInstance(TestContextManager.java:248) ~[spring-test-5.3.10.jar:5.3.10]
	at org.springframework.test.context.junit4.SpringJUnit4ClassRunner.createTest(SpringJUnit4ClassRunner.java:227) ~[spring-test-5.3.10.jar:5.3.10]
	at org.springframework.test.context.junit4.SpringJUnit4ClassRunner$1.runReflectiveCall(SpringJUnit4ClassRunner.java:289) ~[spring-test-5.3.10.jar:5.3.10]
	at org.junit.internal.runners.model.ReflectiveCallable.run(ReflectiveCallable.java:12) ~[junit-4.13.2.jar:4.13.2]
	at org.springframework.test.context.junit4.SpringJUnit4ClassRunner.methodBlock(SpringJUnit4ClassRunner.java:291) ~[spring-test-5.3.10.jar:5.3.10]
	at org.springframework.test.context.junit4.SpringJUnit4ClassRunner.runChild(SpringJUnit4ClassRunner.java:246) ~[spring-test-5.3.10.jar:5.3.10]
	at org.springframework.test.context.junit4.SpringJUnit4ClassRunner.runChild(SpringJUnit4ClassRunner.java:97) ~[spring-test-5.3.10.jar:5.3.10]
	at org.junit.runners.ParentRunner$4.run(ParentRunner.java:331) ~[junit-4.13.2.jar:4.13.2]
	at org.junit.runners.ParentRunner$1.schedule(ParentRunner.java:79) ~[junit-4.13.2.jar:4.13.2]
	at org.junit.runners.ParentRunner.runChildren(ParentRunner.java:329) ~[junit-4.13.2.jar:4.13.2]
	at org.junit.runners.ParentRunner.access$100(ParentRunner.java:66) ~[junit-4.13.2.jar:4.13.2]
	at org.junit.runners.ParentRunner$2.evaluate(ParentRunner.java:293) ~[junit-4.13.2.jar:4.13.2]
	at org.springframework.test.context.junit4.statements.RunBeforeTestClassCallbacks.evaluate(RunBeforeTestClassCallbacks.java:61) ~[spring-test-5.3.10.jar:5.3.10]
	at org.springframework.test.context.junit4.statements.RunAfterTestClassCallbacks.evaluate(RunAfterTestClassCallbacks.java:70) ~[spring-test-5.3.10.jar:5.3.10]
	at org.junit.runners.ParentRunner$3.evaluate(ParentRunner.java:306) ~[junit-4.13.2.jar:4.13.2]
	at org.junit.runners.ParentRunner.run(ParentRunner.java:413) ~[junit-4.13.2.jar:4.13.2]
	at org.springframework.test.context.junit4.SpringJUnit4ClassRunner.run(SpringJUnit4ClassRunner.java:190) ~[spring-test-5.3.10.jar:5.3.10]
	at org.junit.runner.JUnitCore.run(JUnitCore.java:137) ~[junit-4.13.2.jar:4.13.2]
	at org.junit.runner.JUnitCore.run(JUnitCore.java:115) ~[junit-4.13.2.jar:4.13.2]
	at org.junit.vintage.engine.execution.RunnerExecutor.execute(RunnerExecutor.java:43) ~[junit-vintage-engine-5.7.2.jar:5.7.2]
	at java.util.stream.ForEachOps$ForEachOp$OfRef.accept(ForEachOps.java:183) ~[?:?]
	at java.util.stream.ReferencePipeline$3$1.accept(ReferencePipeline.java:195) ~[?:?]
	at java.util.Iterator.forEachRemaining(Iterator.java:133) ~[?:?]
	at java.util.Spliterators$IteratorSpliterator.forEachRemaining(Spliterators.java:1801) ~[?:?]
	at java.util.stream.AbstractPipeline.copyInto(AbstractPipeline.java:484) ~[?:?]
	at java.util.stream.AbstractPipeline.wrapAndCopyInto(AbstractPipeline.java:474) ~[?:?]
	at java.util.stream.ForEachOps$ForEachOp.evaluateSequential(ForEachOps.java:150) ~[?:?]
	at java.util.stream.ForEachOps$ForEachOp$OfRef.evaluateSequential(ForEachOps.java:173) ~[?:?]
	at java.util.stream.AbstractPipeline.evaluate(AbstractPipeline.java:234) ~[?:?]
	at java.util.stream.ReferencePipeline.forEach(ReferencePipeline.java:497) ~[?:?]
	at org.junit.vintage.engine.VintageTestEngine.executeAllChildren(VintageTestEngine.java:82) ~[junit-vintage-engine-5.7.2.jar:5.7.2]
	at org.junit.vintage.engine.VintageTestEngine.execute(VintageTestEngine.java:73) ~[junit-vintage-engine-5.7.2.jar:5.7.2]
	at org.junit.platform.launcher.core.DefaultLauncher.execute(DefaultLauncher.java:220) ~[junit-platform-launcher-1.3.1.jar:1.3.1]
	at org.junit.platform.launcher.core.DefaultLauncher.lambda$execute$6(DefaultLauncher.java:188) ~[junit-platform-launcher-1.3.1.jar:1.3.1]
	at org.junit.platform.launcher.core.DefaultLauncher.withInterceptedStreams(DefaultLauncher.java:202) ~[junit-platform-launcher-1.3.1.jar:1.3.1]
	at org.junit.platform.launcher.core.DefaultLauncher.execute(DefaultLauncher.java:181) ~[junit-platform-launcher-1.3.1.jar:1.3.1]
	at org.junit.platform.launcher.core.DefaultLauncher.execute(DefaultLauncher.java:128) ~[junit-platform-launcher-1.3.1.jar:1.3.1]
	at org.apache.maven.surefire.junitplatform.JUnitPlatformProvider.invokeAllTests(JUnitPlatformProvider.java:150) ~[surefire-junit-platform-2.22.2.jar:2.22.2]
	at org.apache.maven.surefire.junitplatform.JUnitPlatformProvider.invoke(JUnitPlatformProvider.java:124) ~[surefire-junit-platform-2.22.2.jar:2.22.2]
	at org.apache.maven.surefire.booter.ForkedBooter.invokeProviderInSameClassLoader(ForkedBooter.java:384) ~[surefire-booter-2.22.2.jar:2.22.2]
	at org.apache.maven.surefire.booter.ForkedBooter.runSuitesInProcess(ForkedBooter.java:345) ~[surefire-booter-2.22.2.jar:2.22.2]
	at org.apache.maven.surefire.booter.ForkedBooter.execute(ForkedBooter.java:126) ~[surefire-booter-2.22.2.jar:2.22.2]
	at org.apache.maven.surefire.booter.ForkedBooter.main(ForkedBooter.java:418) ~[surefire-booter-2.22.2.jar:2.22.2]
Caused by: org.flywaydb.core.internal.exception.FlywaySqlException: Unable to determine H2 compatibility mode
-----------------------------------------
SQL State  : 42001
Error Code : 42001
Message    : Syntax error in SQL statement "SELECT [*]VALUE FROM INFORMATION_SCHEMA.SETTINGS WHERE NAME = 'MODE'"; expected "TOP, DISTINCT, ALL, *, INTERSECTS, NOT, EXISTS, UNIQUE, INTERSECTS"; SQL statement:
SELECT VALUE FROM INFORMATION_SCHEMA.SETTINGS WHERE NAME = 'MODE' [42001-210]

	at org.flywaydb.core.internal.database.h2.H2Database.determineCompatibilityMode(H2Database.java:92) ~[flyway-core-7.15.0.jar:?]
	at org.flywaydb.core.internal.database.h2.H2Database.<init>(H2Database.java:61) ~[flyway-core-7.15.0.jar:?]
	at org.flywaydb.core.internal.database.h2.H2DatabaseType.createDatabase(H2DatabaseType.java:61) ~[flyway-core-7.15.0.jar:?]
	at org.flywaydb.core.internal.database.base.BaseDatabaseType.createDatabase(BaseDatabaseType.java:141) ~[flyway-core-7.15.0.jar:?]
	at org.flywaydb.core.Flyway.execute(Flyway.java:543) ~[flyway-core-7.15.0.jar:?]
	at org.flywaydb.core.Flyway.migrate(Flyway.java:170) ~[flyway-core-7.15.0.jar:?]
	at org.springframework.boot.autoconfigure.flyway.FlywayMigrationInitializer.afterPropertiesSet(FlywayMigrationInitializer.java:66) ~[spring-boot-autoconfigure-2.5.5.jar:2.5.5]
	at org.springframework.beans.factory.support.AbstractAutowireCapableBeanFactory.invokeInitMethods(AbstractAutowireCapableBeanFactory.java:1863) ~[spring-beans-5.3.10.jar:5.3.10]
	at org.springframework.beans.factory.support.AbstractAutowireCapableBeanFactory.initializeBean(AbstractAutowireCapableBeanFactory.java:1800) ~[spring-beans-5.3.10.jar:5.3.10]
	... 64 more
Caused by: org.h2.jdbc.JdbcSQLSyntaxErrorException: Syntax error in SQL statement "SELECT [*]VALUE FROM INFORMATION_SCHEMA.SETTINGS WHERE NAME = 'MODE'"; expected "TOP, DISTINCT, ALL, *, INTERSECTS, NOT, EXISTS, UNIQUE, INTERSECTS"; SQL statement:
SELECT VALUE FROM INFORMATION_SCHEMA.SETTINGS WHERE NAME = 'MODE' [42001-210]
	at org.h2.message.DbException.getJdbcSQLException(DbException.java:521) ~[h2-2.1.210.jar:2.1.210]
	at org.h2.message.DbException.getJdbcSQLException(DbException.java:496) ~[h2-2.1.210.jar:2.1.210]
	at org.h2.message.DbException.getSyntaxError(DbException.java:265) ~[h2-2.1.210.jar:2.1.210]
	at org.h2.command.Parser.getSyntaxError(Parser.java:890) ~[h2-2.1.210.jar:2.1.210]
	at org.h2.command.Parser.readTerm(Parser.java:5191) ~[h2-2.1.210.jar:2.1.210]
	at org.h2.command.Parser.readFactor(Parser.java:3423) ~[h2-2.1.210.jar:2.1.210]
	at org.h2.command.Parser.readSum(Parser.java:3410) ~[h2-2.1.210.jar:2.1.210]
	at org.h2.command.Parser.readConcat(Parser.java:3375) ~[h2-2.1.210.jar:2.1.210]
	at org.h2.command.Parser.readCondition(Parser.java:3160) ~[h2-2.1.210.jar:2.1.210]
	at org.h2.command.Parser.readExpression(Parser.java:3076) ~[h2-2.1.210.jar:2.1.210]
	at org.h2.command.Parser.parseSelectExpressions(Parser.java:2876) ~[h2-2.1.210.jar:2.1.210]
	at org.h2.command.Parser.parseSelect(Parser.java:2893) ~[h2-2.1.210.jar:2.1.210]
	at org.h2.command.Parser.parseQueryPrimary(Parser.java:2783) ~[h2-2.1.210.jar:2.1.210]
	at org.h2.command.Parser.parseQueryTerm(Parser.java:2650) ~[h2-2.1.210.jar:2.1.210]
	at org.h2.command.Parser.parseQueryExpressionBody(Parser.java:2629) ~[h2-2.1.210.jar:2.1.210]
	at org.h2.command.Parser.parseQueryExpressionBodyAndEndOfQuery(Parser.java:2622) ~[h2-2.1.210.jar:2.1.210]
	at org.h2.command.Parser.parseQueryExpression(Parser.java:2615) ~[h2-2.1.210.jar:2.1.210]
	at org.h2.command.Parser.parseQuery(Parser.java:2576) ~[h2-2.1.210.jar:2.1.210]
	at org.h2.command.Parser.parsePrepared(Parser.java:707) ~[h2-2.1.210.jar:2.1.210]
	at org.h2.command.Parser.parse(Parser.java:674) ~[h2-2.1.210.jar:2.1.210]
	at org.h2.command.Parser.parse(Parser.java:649) ~[h2-2.1.210.jar:2.1.210]
	at org.h2.command.Parser.prepareCommand(Parser.java:551) ~[h2-2.1.210.jar:2.1.210]
	at org.h2.engine.SessionLocal.prepareLocal(SessionLocal.java:615) ~[h2-2.1.210.jar:2.1.210]
	at org.h2.engine.SessionLocal.prepareCommand(SessionLocal.java:553) ~[h2-2.1.210.jar:2.1.210]
	at org.h2.jdbc.JdbcConnection.prepareCommand(JdbcConnection.java:1116) ~[h2-2.1.210.jar:2.1.210]
	at org.h2.jdbc.JdbcPreparedStatement.<init>(JdbcPreparedStatement.java:92) ~[h2-2.1.210.jar:2.1.210]
	at org.h2.jdbc.JdbcConnection.prepareStatement(JdbcConnection.java:288) ~[h2-2.1.210.jar:2.1.210]
	at org.flywaydb.core.internal.jdbc.JdbcTemplate.prepareStatement(JdbcTemplate.java:344) ~[flyway-core-7.15.0.jar:?]
	at org.flywaydb.core.internal.jdbc.JdbcTemplate.queryForString(JdbcTemplate.java:196) ~[flyway-core-7.15.0.jar:?]
	at org.flywaydb.core.internal.database.h2.H2Database.determineCompatibilityMode(H2Database.java:87) ~[flyway-core-7.15.0.jar:?]
	at org.flywaydb.core.internal.database.h2.H2Database.<init>(H2Database.java:61) ~[flyway-core-7.15.0.jar:?]
	at org.flywaydb.core.internal.database.h2.H2DatabaseType.createDatabase(H2DatabaseType.java:61) ~[flyway-core-7.15.0.jar:?]
	at org.flywaydb.core.internal.database.base.BaseDatabaseType.createDatabase(BaseDatabaseType.java:141) ~[flyway-core-7.15.0.jar:?]
	at org.flywaydb.core.Flyway.execute(Flyway.java:543) ~[flyway-core-7.15.0.jar:?]
	at org.flywaydb.core.Flyway.migrate(Flyway.java:170) ~[flyway-core-7.15.0.jar:?]
	at org.springframework.boot.autoconfigure.flyway.FlywayMigrationInitializer.afterPropertiesSet(FlywayMigrationInitializer.java:66) ~[spring-boot-autoconfigure-2.5.5.jar:2.5.5]
	at org.springframework.beans.factory.support.AbstractAutowireCapableBeanFactory.invokeInitMethods(AbstractAutowireCapableBeanFactory.java:1863) ~[spring-beans-5.3.10.jar:5.3.10]
	at org.springframework.beans.factory.support.AbstractAutowireCapableBeanFactory.initializeBean(AbstractAutowireCapableBeanFactory.java:1800) ~[spring-beans-5.3.10.jar:5.3.10]
	... 64 more

                                ,--.           ,--.
 ,---.   ,---.  ,--.--.  ,---.  `--'  ,---.  ,-'  '-.  ,---.  ,--,--,   ,---.  ,---.
| .-. | | .-. : |  .--' (  .-'  ,--. (  .-'  '-.  .-' | .-. : |      \ | .--' | .-. :
| '-' ' \   --. |  |    .-'  `) |  | .-'  `)   |  |   \   --. |  ||  | \ `--. \   --.
|  |-'   `----' `--'    `----'  `--' `----'    `--'    `----' `--''--'  `---'  `----'
`--'
2023-01-13 22:32:39.589  INFO 34469 --- [           main] d.s.p.r.AppRepositoryTest                : Starting AppRepositoryTest using Java 11.0.17 on repairnator with PID 34469 (started by gabsko in /home/gabsko/breaking-updates/persistence)
2023-01-13 22:32:39.590  INFO 34469 --- [           main] d.s.p.r.AppRepositoryTest                : No active profile set, falling back to default profiles: default
2023-01-13 22:32:39.664  INFO 34469 --- [           main] .s.d.r.c.RepositoryConfigurationDelegate : Bootstrapping Spring Data JPA repositories in DEFAULT mode.
2023-01-13 22:32:39.674  INFO 34469 --- [           main] .s.d.r.c.RepositoryConfigurationDelegate : Finished Spring Data repository scanning in 9 ms. Found 5 JPA repository interfaces.
2023-01-13 22:32:39.686  INFO 34469 --- [           main] beddedDataSourceBeanFactoryPostProcessor : Replacing 'dataSource' DataSource bean with embedded version
2023-01-13 22:32:39.721  INFO 34469 --- [           main] o.s.j.d.e.EmbeddedDatabaseFactory        : Starting embedded database: url='jdbc:h2:mem:0f264e9e-b0fb-44af-8f93-50711e14c7a0;DB_CLOSE_DELAY=-1;DB_CLOSE_ON_EXIT=false', username='sa'
2023-01-13 22:32:39.728  INFO 34469 --- [           main] o.f.c.i.l.VersionPrinter                 : Flyway Community Edition 7.15.0 by Redgate
2023-01-13 22:32:39.729  INFO 34469 --- [           main] o.f.c.i.d.b.BaseDatabaseType             : Database: jdbc:h2:mem:0f264e9e-b0fb-44af-8f93-50711e14c7a0 (H2 2.1)
2023-01-13 22:32:39.729  WARN 34469 --- [           main] s.c.a.AnnotationConfigApplicationContext : Exception encountered during context initialization - cancelling refresh attempt: org.springframework.beans.factory.BeanCreationException: Error creating bean with name 'flywayInitializer' defined in class path resource [org/springframework/boot/autoconfigure/flyway/FlywayAutoConfiguration$FlywayConfiguration.class]: Invocation of init method failed; nested exception is org.flywaydb.core.internal.exception.FlywaySqlException: Unable to determine H2 compatibility mode
-----------------------------------------
SQL State  : 42001
Error Code : 42001
Message    : Syntax error in SQL statement "SELECT [*]VALUE FROM INFORMATION_SCHEMA.SETTINGS WHERE NAME = 'MODE'"; expected "TOP, DISTINCT, ALL, *, INTERSECTS, NOT, EXISTS, UNIQUE, INTERSECTS"; SQL statement:
SELECT VALUE FROM INFORMATION_SCHEMA.SETTINGS WHERE NAME = 'MODE' [42001-210]

2023-01-13 22:32:39.730  INFO 34469 --- [           main] ConditionEvaluationReportLoggingListener : 

Error starting ApplicationContext. To display the conditions report re-run your application with 'debug' enabled.
2023-01-13 22:32:39.731 ERROR 34469 --- [           main] o.s.b.SpringApplication                  : Application run failed

org.springframework.beans.factory.BeanCreationException: Error creating bean with name 'flywayInitializer' defined in class path resource [org/springframework/boot/autoconfigure/flyway/FlywayAutoConfiguration$FlywayConfiguration.class]: Invocation of init method failed; nested exception is org.flywaydb.core.internal.exception.FlywaySqlException: Unable to determine H2 compatibility mode
-----------------------------------------
SQL State  : 42001
Error Code : 42001
Message    : Syntax error in SQL statement "SELECT [*]VALUE FROM INFORMATION_SCHEMA.SETTINGS WHERE NAME = 'MODE'"; expected "TOP, DISTINCT, ALL, *, INTERSECTS, NOT, EXISTS, UNIQUE, INTERSECTS"; SQL statement:
SELECT VALUE FROM INFORMATION_SCHEMA.SETTINGS WHERE NAME = 'MODE' [42001-210]

	at org.springframework.beans.factory.support.AbstractAutowireCapableBeanFactory.initializeBean(AbstractAutowireCapableBeanFactory.java:1804) ~[spring-beans-5.3.10.jar:5.3.10]
	at org.springframework.beans.factory.support.AbstractAutowireCapableBeanFactory.doCreateBean(AbstractAutowireCapableBeanFactory.java:620) ~[spring-beans-5.3.10.jar:5.3.10]
	at org.springframework.beans.factory.support.AbstractAutowireCapableBeanFactory.createBean(AbstractAutowireCapableBeanFactory.java:542) ~[spring-beans-5.3.10.jar:5.3.10]
	at org.springframework.beans.factory.support.AbstractBeanFactory.lambda$doGetBean$0(AbstractBeanFactory.java:335) ~[spring-beans-5.3.10.jar:5.3.10]
	at org.springframework.beans.factory.support.DefaultSingletonBeanRegistry.getSingleton(DefaultSingletonBeanRegistry.java:234) ~[spring-beans-5.3.10.jar:5.3.10]
	at org.springframework.beans.factory.support.AbstractBeanFactory.doGetBean(AbstractBeanFactory.java:333) ~[spring-beans-5.3.10.jar:5.3.10]
	at org.springframework.beans.factory.support.AbstractBeanFactory.getBean(AbstractBeanFactory.java:208) ~[spring-beans-5.3.10.jar:5.3.10]
	at org.springframework.beans.factory.support.AbstractBeanFactory.doGetBean(AbstractBeanFactory.java:322) ~[spring-beans-5.3.10.jar:5.3.10]
	at org.springframework.beans.factory.support.AbstractBeanFactory.getBean(AbstractBeanFactory.java:208) ~[spring-beans-5.3.10.jar:5.3.10]
	at org.springframework.context.support.AbstractApplicationContext.getBean(AbstractApplicationContext.java:1154) ~[spring-context-5.3.10.jar:5.3.10]
	at org.springframework.context.support.AbstractApplicationContext.finishBeanFactoryInitialization(AbstractApplicationContext.java:908) ~[spring-context-5.3.10.jar:5.3.10]
	at org.springframework.context.support.AbstractApplicationContext.refresh(AbstractApplicationContext.java:583) ~[spring-context-5.3.10.jar:5.3.10]
	at org.springframework.boot.SpringApplication.refresh(SpringApplication.java:754) ~[spring-boot-2.5.5.jar:2.5.5]
	at org.springframework.boot.SpringApplication.refreshContext(SpringApplication.java:434) ~[spring-boot-2.5.5.jar:2.5.5]
	at org.springframework.boot.SpringApplication.run(SpringApplication.java:338) ~[spring-boot-2.5.5.jar:2.5.5]
	at org.springframework.boot.test.context.SpringBootContextLoader.loadContext(SpringBootContextLoader.java:123) ~[spring-boot-test-2.5.5.jar:2.5.5]
	at org.springframework.test.context.cache.DefaultCacheAwareContextLoaderDelegate.loadContextInternal(DefaultCacheAwareContextLoaderDelegate.java:99) ~[spring-test-5.3.10.jar:5.3.10]
	at org.springframework.test.context.cache.DefaultCacheAwareContextLoaderDelegate.loadContext(DefaultCacheAwareContextLoaderDelegate.java:124) ~[spring-test-5.3.10.jar:5.3.10]
	at org.springframework.test.context.support.DefaultTestContext.getApplicationContext(DefaultTestContext.java:124) ~[spring-test-5.3.10.jar:5.3.10]
	at org.springframework.boot.test.autoconfigure.SpringBootDependencyInjectionTestExecutionListener.outputConditionEvaluationReport(SpringBootDependencyInjectionTestExecutionListener.java:53) ~[spring-boot-test-autoconfigure-2.5.5.jar:2.5.5]
	at org.springframework.boot.test.autoconfigure.SpringBootDependencyInjectionTestExecutionListener.prepareTestInstance(SpringBootDependencyInjectionTestExecutionListener.java:46) ~[spring-boot-test-autoconfigure-2.5.5.jar:2.5.5]
	at org.springframework.test.context.TestContextManager.prepareTestInstance(TestContextManager.java:248) ~[spring-test-5.3.10.jar:5.3.10]
	at org.springframework.test.context.junit4.SpringJUnit4ClassRunner.createTest(SpringJUnit4ClassRunner.java:227) ~[spring-test-5.3.10.jar:5.3.10]
	at org.springframework.test.context.junit4.SpringJUnit4ClassRunner$1.runReflectiveCall(SpringJUnit4ClassRunner.java:289) ~[spring-test-5.3.10.jar:5.3.10]
	at org.junit.internal.runners.model.ReflectiveCallable.run(ReflectiveCallable.java:12) ~[junit-4.13.2.jar:4.13.2]
	at org.springframework.test.context.junit4.SpringJUnit4ClassRunner.methodBlock(SpringJUnit4ClassRunner.java:291) ~[spring-test-5.3.10.jar:5.3.10]
	at org.springframework.test.context.junit4.SpringJUnit4ClassRunner.runChild(SpringJUnit4ClassRunner.java:246) ~[spring-test-5.3.10.jar:5.3.10]
	at org.springframework.test.context.junit4.SpringJUnit4ClassRunner.runChild(SpringJUnit4ClassRunner.java:97) ~[spring-test-5.3.10.jar:5.3.10]
	at org.junit.runners.ParentRunner$4.run(ParentRunner.java:331) ~[junit-4.13.2.jar:4.13.2]
	at org.junit.runners.ParentRunner$1.schedule(ParentRunner.java:79) ~[junit-4.13.2.jar:4.13.2]
	at org.junit.runners.ParentRunner.runChildren(ParentRunner.java:329) ~[junit-4.13.2.jar:4.13.2]
	at org.junit.runners.ParentRunner.access$100(ParentRunner.java:66) ~[junit-4.13.2.jar:4.13.2]
	at org.junit.runners.ParentRunner$2.evaluate(ParentRunner.java:293) ~[junit-4.13.2.jar:4.13.2]
	at org.springframework.test.context.junit4.statements.RunBeforeTestClassCallbacks.evaluate(RunBeforeTestClassCallbacks.java:61) ~[spring-test-5.3.10.jar:5.3.10]
	at org.springframework.test.context.junit4.statements.RunAfterTestClassCallbacks.evaluate(RunAfterTestClassCallbacks.java:70) ~[spring-test-5.3.10.jar:5.3.10]
	at org.junit.runners.ParentRunner$3.evaluate(ParentRunner.java:306) ~[junit-4.13.2.jar:4.13.2]
	at org.junit.runners.ParentRunner.run(ParentRunner.java:413) ~[junit-4.13.2.jar:4.13.2]
	at org.springframework.test.context.junit4.SpringJUnit4ClassRunner.run(SpringJUnit4ClassRunner.java:190) ~[spring-test-5.3.10.jar:5.3.10]
	at org.junit.runner.JUnitCore.run(JUnitCore.java:137) ~[junit-4.13.2.jar:4.13.2]
	at org.junit.runner.JUnitCore.run(JUnitCore.java:115) ~[junit-4.13.2.jar:4.13.2]
	at org.junit.vintage.engine.execution.RunnerExecutor.execute(RunnerExecutor.java:43) ~[junit-vintage-engine-5.7.2.jar:5.7.2]
	at java.util.stream.ForEachOps$ForEachOp$OfRef.accept(ForEachOps.java:183) ~[?:?]
	at java.util.stream.ReferencePipeline$3$1.accept(ReferencePipeline.java:195) ~[?:?]
	at java.util.Iterator.forEachRemaining(Iterator.java:133) ~[?:?]
	at java.util.Spliterators$IteratorSpliterator.forEachRemaining(Spliterators.java:1801) ~[?:?]
	at java.util.stream.AbstractPipeline.copyInto(AbstractPipeline.java:484) ~[?:?]
	at java.util.stream.AbstractPipeline.wrapAndCopyInto(AbstractPipeline.java:474) ~[?:?]
	at java.util.stream.ForEachOps$ForEachOp.evaluateSequential(ForEachOps.java:150) ~[?:?]
	at java.util.stream.ForEachOps$ForEachOp$OfRef.evaluateSequential(ForEachOps.java:173) ~[?:?]
	at java.util.stream.AbstractPipeline.evaluate(AbstractPipeline.java:234) ~[?:?]
	at java.util.stream.ReferencePipeline.forEach(ReferencePipeline.java:497) ~[?:?]
	at org.junit.vintage.engine.VintageTestEngine.executeAllChildren(VintageTestEngine.java:82) ~[junit-vintage-engine-5.7.2.jar:5.7.2]
	at org.junit.vintage.engine.VintageTestEngine.execute(VintageTestEngine.java:73) ~[junit-vintage-engine-5.7.2.jar:5.7.2]
	at org.junit.platform.launcher.core.DefaultLauncher.execute(DefaultLauncher.java:220) ~[junit-platform-launcher-1.3.1.jar:1.3.1]
	at org.junit.platform.launcher.core.DefaultLauncher.lambda$execute$6(DefaultLauncher.java:188) ~[junit-platform-launcher-1.3.1.jar:1.3.1]
	at org.junit.platform.launcher.core.DefaultLauncher.withInterceptedStreams(DefaultLauncher.java:202) ~[junit-platform-launcher-1.3.1.jar:1.3.1]
	at org.junit.platform.launcher.core.DefaultLauncher.execute(DefaultLauncher.java:181) ~[junit-platform-launcher-1.3.1.jar:1.3.1]
	at org.junit.platform.launcher.core.DefaultLauncher.execute(DefaultLauncher.java:128) ~[junit-platform-launcher-1.3.1.jar:1.3.1]
	at org.apache.maven.surefire.junitplatform.JUnitPlatformProvider.invokeAllTests(JUnitPlatformProvider.java:150) ~[surefire-junit-platform-2.22.2.jar:2.22.2]
	at org.apache.maven.surefire.junitplatform.JUnitPlatformProvider.invoke(JUnitPlatformProvider.java:124) ~[surefire-junit-platform-2.22.2.jar:2.22.2]
	at org.apache.maven.surefire.booter.ForkedBooter.invokeProviderInSameClassLoader(ForkedBooter.java:384) ~[surefire-booter-2.22.2.jar:2.22.2]
	at org.apache.maven.surefire.booter.ForkedBooter.runSuitesInProcess(ForkedBooter.java:345) ~[surefire-booter-2.22.2.jar:2.22.2]
	at org.apache.maven.surefire.booter.ForkedBooter.execute(ForkedBooter.java:126) ~[surefire-booter-2.22.2.jar:2.22.2]
	at org.apache.maven.surefire.booter.ForkedBooter.main(ForkedBooter.java:418) ~[surefire-booter-2.22.2.jar:2.22.2]
Caused by: org.flywaydb.core.internal.exception.FlywaySqlException: Unable to determine H2 compatibility mode
-----------------------------------------
SQL State  : 42001
Error Code : 42001
Message    : Syntax error in SQL statement "SELECT [*]VALUE FROM INFORMATION_SCHEMA.SETTINGS WHERE NAME = 'MODE'"; expected "TOP, DISTINCT, ALL, *, INTERSECTS, NOT, EXISTS, UNIQUE, INTERSECTS"; SQL statement:
SELECT VALUE FROM INFORMATION_SCHEMA.SETTINGS WHERE NAME = 'MODE' [42001-210]

	at org.flywaydb.core.internal.database.h2.H2Database.determineCompatibilityMode(H2Database.java:92) ~[flyway-core-7.15.0.jar:?]
	at org.flywaydb.core.internal.database.h2.H2Database.<init>(H2Database.java:61) ~[flyway-core-7.15.0.jar:?]
	at org.flywaydb.core.internal.database.h2.H2DatabaseType.createDatabase(H2DatabaseType.java:61) ~[flyway-core-7.15.0.jar:?]
	at org.flywaydb.core.internal.database.base.BaseDatabaseType.createDatabase(BaseDatabaseType.java:141) ~[flyway-core-7.15.0.jar:?]
	at org.flywaydb.core.Flyway.execute(Flyway.java:543) ~[flyway-core-7.15.0.jar:?]
	at org.flywaydb.core.Flyway.migrate(Flyway.java:170) ~[flyway-core-7.15.0.jar:?]
	at org.springframework.boot.autoconfigure.flyway.FlywayMigrationInitializer.afterPropertiesSet(FlywayMigrationInitializer.java:66) ~[spring-boot-autoconfigure-2.5.5.jar:2.5.5]
	at org.springframework.beans.factory.support.AbstractAutowireCapableBeanFactory.invokeInitMethods(AbstractAutowireCapableBeanFactory.java:1863) ~[spring-beans-5.3.10.jar:5.3.10]
	at org.springframework.beans.factory.support.AbstractAutowireCapableBeanFactory.initializeBean(AbstractAutowireCapableBeanFactory.java:1800) ~[spring-beans-5.3.10.jar:5.3.10]
	... 63 more
Caused by: org.h2.jdbc.JdbcSQLSyntaxErrorException: Syntax error in SQL statement "SELECT [*]VALUE FROM INFORMATION_SCHEMA.SETTINGS WHERE NAME = 'MODE'"; expected "TOP, DISTINCT, ALL, *, INTERSECTS, NOT, EXISTS, UNIQUE, INTERSECTS"; SQL statement:
SELECT VALUE FROM INFORMATION_SCHEMA.SETTINGS WHERE NAME = 'MODE' [42001-210]
	at org.h2.message.DbException.getJdbcSQLException(DbException.java:521) ~[h2-2.1.210.jar:2.1.210]
	at org.h2.message.DbException.getJdbcSQLException(DbException.java:496) ~[h2-2.1.210.jar:2.1.210]
	at org.h2.message.DbException.getSyntaxError(DbException.java:265) ~[h2-2.1.210.jar:2.1.210]
	at org.h2.command.Parser.getSyntaxError(Parser.java:890) ~[h2-2.1.210.jar:2.1.210]
	at org.h2.command.Parser.readTerm(Parser.java:5191) ~[h2-2.1.210.jar:2.1.210]
	at org.h2.command.Parser.readFactor(Parser.java:3423) ~[h2-2.1.210.jar:2.1.210]
	at org.h2.command.Parser.readSum(Parser.java:3410) ~[h2-2.1.210.jar:2.1.210]
	at org.h2.command.Parser.readConcat(Parser.java:3375) ~[h2-2.1.210.jar:2.1.210]
	at org.h2.command.Parser.readCondition(Parser.java:3160) ~[h2-2.1.210.jar:2.1.210]
	at org.h2.command.Parser.readExpression(Parser.java:3076) ~[h2-2.1.210.jar:2.1.210]
	at org.h2.command.Parser.parseSelectExpressions(Parser.java:2876) ~[h2-2.1.210.jar:2.1.210]
	at org.h2.command.Parser.parseSelect(Parser.java:2893) ~[h2-2.1.210.jar:2.1.210]
	at org.h2.command.Parser.parseQueryPrimary(Parser.java:2783) ~[h2-2.1.210.jar:2.1.210]
	at org.h2.command.Parser.parseQueryTerm(Parser.java:2650) ~[h2-2.1.210.jar:2.1.210]
	at org.h2.command.Parser.parseQueryExpressionBody(Parser.java:2629) ~[h2-2.1.210.jar:2.1.210]
	at org.h2.command.Parser.parseQueryExpressionBodyAndEndOfQuery(Parser.java:2622) ~[h2-2.1.210.jar:2.1.210]
	at org.h2.command.Parser.parseQueryExpression(Parser.java:2615) ~[h2-2.1.210.jar:2.1.210]
	at org.h2.command.Parser.parseQuery(Parser.java:2576) ~[h2-2.1.210.jar:2.1.210]
	at org.h2.command.Parser.parsePrepared(Parser.java:707) ~[h2-2.1.210.jar:2.1.210]
	at org.h2.command.Parser.parse(Parser.java:674) ~[h2-2.1.210.jar:2.1.210]
	at org.h2.command.Parser.parse(Parser.java:649) ~[h2-2.1.210.jar:2.1.210]
	at org.h2.command.Parser.prepareCommand(Parser.java:551) ~[h2-2.1.210.jar:2.1.210]
	at org.h2.engine.SessionLocal.prepareLocal(SessionLocal.java:615) ~[h2-2.1.210.jar:2.1.210]
	at org.h2.engine.SessionLocal.prepareCommand(SessionLocal.java:553) ~[h2-2.1.210.jar:2.1.210]
	at org.h2.jdbc.JdbcConnection.prepareCommand(JdbcConnection.java:1116) ~[h2-2.1.210.jar:2.1.210]
	at org.h2.jdbc.JdbcPreparedStatement.<init>(JdbcPreparedStatement.java:92) ~[h2-2.1.210.jar:2.1.210]
	at org.h2.jdbc.JdbcConnection.prepareStatement(JdbcConnection.java:288) ~[h2-2.1.210.jar:2.1.210]
	at org.flywaydb.core.internal.jdbc.JdbcTemplate.prepareStatement(JdbcTemplate.java:344) ~[flyway-core-7.15.0.jar:?]
	at org.flywaydb.core.internal.jdbc.JdbcTemplate.queryForString(JdbcTemplate.java:196) ~[flyway-core-7.15.0.jar:?]
	at org.flywaydb.core.internal.database.h2.H2Database.determineCompatibilityMode(H2Database.java:87) ~[flyway-core-7.15.0.jar:?]
	at org.flywaydb.core.internal.database.h2.H2Database.<init>(H2Database.java:61) ~[flyway-core-7.15.0.jar:?]
	at org.flywaydb.core.internal.database.h2.H2DatabaseType.createDatabase(H2DatabaseType.java:61) ~[flyway-core-7.15.0.jar:?]
	at org.flywaydb.core.internal.database.base.BaseDatabaseType.createDatabase(BaseDatabaseType.java:141) ~[flyway-core-7.15.0.jar:?]
	at org.flywaydb.core.Flyway.execute(Flyway.java:543) ~[flyway-core-7.15.0.jar:?]
	at org.flywaydb.core.Flyway.migrate(Flyway.java:170) ~[flyway-core-7.15.0.jar:?]
	at org.springframework.boot.autoconfigure.flyway.FlywayMigrationInitializer.afterPropertiesSet(FlywayMigrationInitializer.java:66) ~[spring-boot-autoconfigure-2.5.5.jar:2.5.5]
	at org.springframework.beans.factory.support.AbstractAutowireCapableBeanFactory.invokeInitMethods(AbstractAutowireCapableBeanFactory.java:1863) ~[spring-beans-5.3.10.jar:5.3.10]
	at org.springframework.beans.factory.support.AbstractAutowireCapableBeanFactory.initializeBean(AbstractAutowireCapableBeanFactory.java:1800) ~[spring-beans-5.3.10.jar:5.3.10]
	... 63 more

2023-01-13 22:32:39.733 ERROR 34469 --- [           main] o.s.t.c.TestContextManager               : Caught exception while allowing TestExecutionListener [org.springframework.boot.test.autoconfigure.SpringBootDependencyInjectionTestExecutionListener@236fdf] to prepare test instance [de.starwit.persistence.repository.AppRepositoryTest@16e99306]

java.lang.IllegalStateException: Failed to load ApplicationContext
	at org.springframework.test.context.cache.DefaultCacheAwareContextLoaderDelegate.loadContext(DefaultCacheAwareContextLoaderDelegate.java:132) ~[spring-test-5.3.10.jar:5.3.10]
	at org.springframework.test.context.support.DefaultTestContext.getApplicationContext(DefaultTestContext.java:124) ~[spring-test-5.3.10.jar:5.3.10]
	at org.springframework.test.context.support.DependencyInjectionTestExecutionListener.injectDependencies(DependencyInjectionTestExecutionListener.java:118) ~[spring-test-5.3.10.jar:5.3.10]
	at org.springframework.test.context.support.DependencyInjectionTestExecutionListener.prepareTestInstance(DependencyInjectionTestExecutionListener.java:83) ~[spring-test-5.3.10.jar:5.3.10]
	at org.springframework.boot.test.autoconfigure.SpringBootDependencyInjectionTestExecutionListener.prepareTestInstance(SpringBootDependencyInjectionTestExecutionListener.java:43) ~[spring-boot-test-autoconfigure-2.5.5.jar:2.5.5]
	at org.springframework.test.context.TestContextManager.prepareTestInstance(TestContextManager.java:248) ~[spring-test-5.3.10.jar:5.3.10]
	at org.springframework.test.context.junit4.SpringJUnit4ClassRunner.createTest(SpringJUnit4ClassRunner.java:227) ~[spring-test-5.3.10.jar:5.3.10]
	at org.springframework.test.context.junit4.SpringJUnit4ClassRunner$1.runReflectiveCall(SpringJUnit4ClassRunner.java:289) ~[spring-test-5.3.10.jar:5.3.10]
	at org.junit.internal.runners.model.ReflectiveCallable.run(ReflectiveCallable.java:12) ~[junit-4.13.2.jar:4.13.2]
	at org.springframework.test.context.junit4.SpringJUnit4ClassRunner.methodBlock(SpringJUnit4ClassRunner.java:291) ~[spring-test-5.3.10.jar:5.3.10]
	at org.springframework.test.context.junit4.SpringJUnit4ClassRunner.runChild(SpringJUnit4ClassRunner.java:246) ~[spring-test-5.3.10.jar:5.3.10]
	at org.springframework.test.context.junit4.SpringJUnit4ClassRunner.runChild(SpringJUnit4ClassRunner.java:97) ~[spring-test-5.3.10.jar:5.3.10]
	at org.junit.runners.ParentRunner$4.run(ParentRunner.java:331) ~[junit-4.13.2.jar:4.13.2]
	at org.junit.runners.ParentRunner$1.schedule(ParentRunner.java:79) ~[junit-4.13.2.jar:4.13.2]
	at org.junit.runners.ParentRunner.runChildren(ParentRunner.java:329) ~[junit-4.13.2.jar:4.13.2]
	at org.junit.runners.ParentRunner.access$100(ParentRunner.java:66) ~[junit-4.13.2.jar:4.13.2]
	at org.junit.runners.ParentRunner$2.evaluate(ParentRunner.java:293) ~[junit-4.13.2.jar:4.13.2]
	at org.springframework.test.context.junit4.statements.RunBeforeTestClassCallbacks.evaluate(RunBeforeTestClassCallbacks.java:61) ~[spring-test-5.3.10.jar:5.3.10]
	at org.springframework.test.context.junit4.statements.RunAfterTestClassCallbacks.evaluate(RunAfterTestClassCallbacks.java:70) ~[spring-test-5.3.10.jar:5.3.10]
	at org.junit.runners.ParentRunner$3.evaluate(ParentRunner.java:306) ~[junit-4.13.2.jar:4.13.2]
	at org.junit.runners.ParentRunner.run(ParentRunner.java:413) ~[junit-4.13.2.jar:4.13.2]
	at org.springframework.test.context.junit4.SpringJUnit4ClassRunner.run(SpringJUnit4ClassRunner.java:190) ~[spring-test-5.3.10.jar:5.3.10]
	at org.junit.runner.JUnitCore.run(JUnitCore.java:137) ~[junit-4.13.2.jar:4.13.2]
	at org.junit.runner.JUnitCore.run(JUnitCore.java:115) ~[junit-4.13.2.jar:4.13.2]
	at org.junit.vintage.engine.execution.RunnerExecutor.execute(RunnerExecutor.java:43) ~[junit-vintage-engine-5.7.2.jar:5.7.2]
	at java.util.stream.ForEachOps$ForEachOp$OfRef.accept(ForEachOps.java:183) ~[?:?]
	at java.util.stream.ReferencePipeline$3$1.accept(ReferencePipeline.java:195) ~[?:?]
	at java.util.Iterator.forEachRemaining(Iterator.java:133) ~[?:?]
	at java.util.Spliterators$IteratorSpliterator.forEachRemaining(Spliterators.java:1801) ~[?:?]
	at java.util.stream.AbstractPipeline.copyInto(AbstractPipeline.java:484) ~[?:?]
	at java.util.stream.AbstractPipeline.wrapAndCopyInto(AbstractPipeline.java:474) ~[?:?]
	at java.util.stream.ForEachOps$ForEachOp.evaluateSequential(ForEachOps.java:150) ~[?:?]
	at java.util.stream.ForEachOps$ForEachOp$OfRef.evaluateSequential(ForEachOps.java:173) ~[?:?]
	at java.util.stream.AbstractPipeline.evaluate(AbstractPipeline.java:234) ~[?:?]
	at java.util.stream.ReferencePipeline.forEach(ReferencePipeline.java:497) ~[?:?]
	at org.junit.vintage.engine.VintageTestEngine.executeAllChildren(VintageTestEngine.java:82) ~[junit-vintage-engine-5.7.2.jar:5.7.2]
	at org.junit.vintage.engine.VintageTestEngine.execute(VintageTestEngine.java:73) ~[junit-vintage-engine-5.7.2.jar:5.7.2]
	at org.junit.platform.launcher.core.DefaultLauncher.execute(DefaultLauncher.java:220) ~[junit-platform-launcher-1.3.1.jar:1.3.1]
	at org.junit.platform.launcher.core.DefaultLauncher.lambda$execute$6(DefaultLauncher.java:188) ~[junit-platform-launcher-1.3.1.jar:1.3.1]
	at org.junit.platform.launcher.core.DefaultLauncher.withInterceptedStreams(DefaultLauncher.java:202) ~[junit-platform-launcher-1.3.1.jar:1.3.1]
	at org.junit.platform.launcher.core.DefaultLauncher.execute(DefaultLauncher.java:181) ~[junit-platform-launcher-1.3.1.jar:1.3.1]
	at org.junit.platform.launcher.core.DefaultLauncher.execute(DefaultLauncher.java:128) ~[junit-platform-launcher-1.3.1.jar:1.3.1]
	at org.apache.maven.surefire.junitplatform.JUnitPlatformProvider.invokeAllTests(JUnitPlatformProvider.java:150) ~[surefire-junit-platform-2.22.2.jar:2.22.2]
	at org.apache.maven.surefire.junitplatform.JUnitPlatformProvider.invoke(JUnitPlatformProvider.java:124) ~[surefire-junit-platform-2.22.2.jar:2.22.2]
	at org.apache.maven.surefire.booter.ForkedBooter.invokeProviderInSameClassLoader(ForkedBooter.java:384) ~[surefire-booter-2.22.2.jar:2.22.2]
	at org.apache.maven.surefire.booter.ForkedBooter.runSuitesInProcess(ForkedBooter.java:345) ~[surefire-booter-2.22.2.jar:2.22.2]
	at org.apache.maven.surefire.booter.ForkedBooter.execute(ForkedBooter.java:126) ~[surefire-booter-2.22.2.jar:2.22.2]
	at org.apache.maven.surefire.booter.ForkedBooter.main(ForkedBooter.java:418) ~[surefire-booter-2.22.2.jar:2.22.2]
Caused by: org.springframework.beans.factory.BeanCreationException: Error creating bean with name 'flywayInitializer' defined in class path resource [org/springframework/boot/autoconfigure/flyway/FlywayAutoConfiguration$FlywayConfiguration.class]: Invocation of init method failed; nested exception is org.flywaydb.core.internal.exception.FlywaySqlException: Unable to determine H2 compatibility mode
-----------------------------------------
SQL State  : 42001
Error Code : 42001
Message    : Syntax error in SQL statement "SELECT [*]VALUE FROM INFORMATION_SCHEMA.SETTINGS WHERE NAME = 'MODE'"; expected "TOP, DISTINCT, ALL, *, INTERSECTS, NOT, EXISTS, UNIQUE, INTERSECTS"; SQL statement:
SELECT VALUE FROM INFORMATION_SCHEMA.SETTINGS WHERE NAME = 'MODE' [42001-210]

	at org.springframework.beans.factory.support.AbstractAutowireCapableBeanFactory.initializeBean(AbstractAutowireCapableBeanFactory.java:1804) ~[spring-beans-5.3.10.jar:5.3.10]
	at org.springframework.beans.factory.support.AbstractAutowireCapableBeanFactory.doCreateBean(AbstractAutowireCapableBeanFactory.java:620) ~[spring-beans-5.3.10.jar:5.3.10]
	at org.springframework.beans.factory.support.AbstractAutowireCapableBeanFactory.createBean(AbstractAutowireCapableBeanFactory.java:542) ~[spring-beans-5.3.10.jar:5.3.10]
	at org.springframework.beans.factory.support.AbstractBeanFactory.lambda$doGetBean$0(AbstractBeanFactory.java:335) ~[spring-beans-5.3.10.jar:5.3.10]
	at org.springframework.beans.factory.support.DefaultSingletonBeanRegistry.getSingleton(DefaultSingletonBeanRegistry.java:234) ~[spring-beans-5.3.10.jar:5.3.10]
	at org.springframework.beans.factory.support.AbstractBeanFactory.doGetBean(AbstractBeanFactory.java:333) ~[spring-beans-5.3.10.jar:5.3.10]
	at org.springframework.beans.factory.support.AbstractBeanFactory.getBean(AbstractBeanFactory.java:208) ~[spring-beans-5.3.10.jar:5.3.10]
	at org.springframework.beans.factory.support.AbstractBeanFactory.doGetBean(AbstractBeanFactory.java:322) ~[spring-beans-5.3.10.jar:5.3.10]
	at org.springframework.beans.factory.support.AbstractBeanFactory.getBean(AbstractBeanFactory.java:208) ~[spring-beans-5.3.10.jar:5.3.10]
	at org.springframework.context.support.AbstractApplicationContext.getBean(AbstractApplicationContext.java:1154) ~[spring-context-5.3.10.jar:5.3.10]
	at org.springframework.context.support.AbstractApplicationContext.finishBeanFactoryInitialization(AbstractApplicationContext.java:908) ~[spring-context-5.3.10.jar:5.3.10]
	at org.springframework.context.support.AbstractApplicationContext.refresh(AbstractApplicationContext.java:583) ~[spring-context-5.3.10.jar:5.3.10]
	at org.springframework.boot.SpringApplication.refresh(SpringApplication.java:754) ~[spring-boot-2.5.5.jar:2.5.5]
	at org.springframework.boot.SpringApplication.refreshContext(SpringApplication.java:434) ~[spring-boot-2.5.5.jar:2.5.5]
	at org.springframework.boot.SpringApplication.run(SpringApplication.java:338) ~[spring-boot-2.5.5.jar:2.5.5]
	at org.springframework.boot.test.context.SpringBootContextLoader.loadContext(SpringBootContextLoader.java:123) ~[spring-boot-test-2.5.5.jar:2.5.5]
	at org.springframework.test.context.cache.DefaultCacheAwareContextLoaderDelegate.loadContextInternal(DefaultCacheAwareContextLoaderDelegate.java:99) ~[spring-test-5.3.10.jar:5.3.10]
	at org.springframework.test.context.cache.DefaultCacheAwareContextLoaderDelegate.loadContext(DefaultCacheAwareContextLoaderDelegate.java:124) ~[spring-test-5.3.10.jar:5.3.10]
	... 47 more
Caused by: org.flywaydb.core.internal.exception.FlywaySqlException: Unable to determine H2 compatibility mode
-----------------------------------------
SQL State  : 42001
Error Code : 42001
Message    : Syntax error in SQL statement "SELECT [*]VALUE FROM INFORMATION_SCHEMA.SETTINGS WHERE NAME = 'MODE'"; expected "TOP, DISTINCT, ALL, *, INTERSECTS, NOT, EXISTS, UNIQUE, INTERSECTS"; SQL statement:
SELECT VALUE FROM INFORMATION_SCHEMA.SETTINGS WHERE NAME = 'MODE' [42001-210]

	at org.flywaydb.core.internal.database.h2.H2Database.determineCompatibilityMode(H2Database.java:92) ~[flyway-core-7.15.0.jar:?]
	at org.flywaydb.core.internal.database.h2.H2Database.<init>(H2Database.java:61) ~[flyway-core-7.15.0.jar:?]
	at org.flywaydb.core.internal.database.h2.H2DatabaseType.createDatabase(H2DatabaseType.java:61) ~[flyway-core-7.15.0.jar:?]
	at org.flywaydb.core.internal.database.base.BaseDatabaseType.createDatabase(BaseDatabaseType.java:141) ~[flyway-core-7.15.0.jar:?]
	at org.flywaydb.core.Flyway.execute(Flyway.java:543) ~[flyway-core-7.15.0.jar:?]
	at org.flywaydb.core.Flyway.migrate(Flyway.java:170) ~[flyway-core-7.15.0.jar:?]
	at org.springframework.boot.autoconfigure.flyway.FlywayMigrationInitializer.afterPropertiesSet(FlywayMigrationInitializer.java:66) ~[spring-boot-autoconfigure-2.5.5.jar:2.5.5]
	at org.springframework.beans.factory.support.AbstractAutowireCapableBeanFactory.invokeInitMethods(AbstractAutowireCapableBeanFactory.java:1863) ~[spring-beans-5.3.10.jar:5.3.10]
	at org.springframework.beans.factory.support.AbstractAutowireCapableBeanFactory.initializeBean(AbstractAutowireCapableBeanFactory.java:1800) ~[spring-beans-5.3.10.jar:5.3.10]
	at org.springframework.beans.factory.support.AbstractAutowireCapableBeanFactory.doCreateBean(AbstractAutowireCapableBeanFactory.java:620) ~[spring-beans-5.3.10.jar:5.3.10]
	at org.springframework.beans.factory.support.AbstractAutowireCapableBeanFactory.createBean(AbstractAutowireCapableBeanFactory.java:542) ~[spring-beans-5.3.10.jar:5.3.10]
	at org.springframework.beans.factory.support.AbstractBeanFactory.lambda$doGetBean$0(AbstractBeanFactory.java:335) ~[spring-beans-5.3.10.jar:5.3.10]
	at org.springframework.beans.factory.support.DefaultSingletonBeanRegistry.getSingleton(DefaultSingletonBeanRegistry.java:234) ~[spring-beans-5.3.10.jar:5.3.10]
	at org.springframework.beans.factory.support.AbstractBeanFactory.doGetBean(AbstractBeanFactory.java:333) ~[spring-beans-5.3.10.jar:5.3.10]
	at org.springframework.beans.factory.support.AbstractBeanFactory.getBean(AbstractBeanFactory.java:208) ~[spring-beans-5.3.10.jar:5.3.10]
	at org.springframework.beans.factory.support.AbstractBeanFactory.doGetBean(AbstractBeanFactory.java:322) ~[spring-beans-5.3.10.jar:5.3.10]
	at org.springframework.beans.factory.support.AbstractBeanFactory.getBean(AbstractBeanFactory.java:208) ~[spring-beans-5.3.10.jar:5.3.10]
	at org.springframework.context.support.AbstractApplicationContext.getBean(AbstractApplicationContext.java:1154) ~[spring-context-5.3.10.jar:5.3.10]
	at org.springframework.context.support.AbstractApplicationContext.finishBeanFactoryInitialization(AbstractApplicationContext.java:908) ~[spring-context-5.3.10.jar:5.3.10]
	at org.springframework.context.support.AbstractApplicationContext.refresh(AbstractApplicationContext.java:583) ~[spring-context-5.3.10.jar:5.3.10]
	at org.springframework.boot.SpringApplication.refresh(SpringApplication.java:754) ~[spring-boot-2.5.5.jar:2.5.5]
	at org.springframework.boot.SpringApplication.refreshContext(SpringApplication.java:434) ~[spring-boot-2.5.5.jar:2.5.5]
	at org.springframework.boot.SpringApplication.run(SpringApplication.java:338) ~[spring-boot-2.5.5.jar:2.5.5]
	at org.springframework.boot.test.context.SpringBootContextLoader.loadContext(SpringBootContextLoader.java:123) ~[spring-boot-test-2.5.5.jar:2.5.5]
	at org.springframework.test.context.cache.DefaultCacheAwareContextLoaderDelegate.loadContextInternal(DefaultCacheAwareContextLoaderDelegate.java:99) ~[spring-test-5.3.10.jar:5.3.10]
	at org.springframework.test.context.cache.DefaultCacheAwareContextLoaderDelegate.loadContext(DefaultCacheAwareContextLoaderDelegate.java:124) ~[spring-test-5.3.10.jar:5.3.10]
	... 47 more
Caused by: org.h2.jdbc.JdbcSQLSyntaxErrorException: Syntax error in SQL statement "SELECT [*]VALUE FROM INFORMATION_SCHEMA.SETTINGS WHERE NAME = 'MODE'"; expected "TOP, DISTINCT, ALL, *, INTERSECTS, NOT, EXISTS, UNIQUE, INTERSECTS"; SQL statement:
SELECT VALUE FROM INFORMATION_SCHEMA.SETTINGS WHERE NAME = 'MODE' [42001-210]
	at org.h2.message.DbException.getJdbcSQLException(DbException.java:521) ~[h2-2.1.210.jar:2.1.210]
	at org.h2.message.DbException.getJdbcSQLException(DbException.java:496) ~[h2-2.1.210.jar:2.1.210]
	at org.h2.message.DbException.getSyntaxError(DbException.java:265) ~[h2-2.1.210.jar:2.1.210]
	at org.h2.command.Parser.getSyntaxError(Parser.java:890) ~[h2-2.1.210.jar:2.1.210]
	at org.h2.command.Parser.readTerm(Parser.java:5191) ~[h2-2.1.210.jar:2.1.210]
	at org.h2.command.Parser.readFactor(Parser.java:3423) ~[h2-2.1.210.jar:2.1.210]
	at org.h2.command.Parser.readSum(Parser.java:3410) ~[h2-2.1.210.jar:2.1.210]
	at org.h2.command.Parser.readConcat(Parser.java:3375) ~[h2-2.1.210.jar:2.1.210]
	at org.h2.command.Parser.readCondition(Parser.java:3160) ~[h2-2.1.210.jar:2.1.210]
	at org.h2.command.Parser.readExpression(Parser.java:3076) ~[h2-2.1.210.jar:2.1.210]
	at org.h2.command.Parser.parseSelectExpressions(Parser.java:2876) ~[h2-2.1.210.jar:2.1.210]
	at org.h2.command.Parser.parseSelect(Parser.java:2893) ~[h2-2.1.210.jar:2.1.210]
	at org.h2.command.Parser.parseQueryPrimary(Parser.java:2783) ~[h2-2.1.210.jar:2.1.210]
	at org.h2.command.Parser.parseQueryTerm(Parser.java:2650) ~[h2-2.1.210.jar:2.1.210]
	at org.h2.command.Parser.parseQueryExpressionBody(Parser.java:2629) ~[h2-2.1.210.jar:2.1.210]
	at org.h2.command.Parser.parseQueryExpressionBodyAndEndOfQuery(Parser.java:2622) ~[h2-2.1.210.jar:2.1.210]
	at org.h2.command.Parser.parseQueryExpression(Parser.java:2615) ~[h2-2.1.210.jar:2.1.210]
	at org.h2.command.Parser.parseQuery(Parser.java:2576) ~[h2-2.1.210.jar:2.1.210]
	at org.h2.command.Parser.parsePrepared(Parser.java:707) ~[h2-2.1.210.jar:2.1.210]
	at org.h2.command.Parser.parse(Parser.java:674) ~[h2-2.1.210.jar:2.1.210]
	at org.h2.command.Parser.parse(Parser.java:649) ~[h2-2.1.210.jar:2.1.210]
	at org.h2.command.Parser.prepareCommand(Parser.java:551) ~[h2-2.1.210.jar:2.1.210]
	at org.h2.engine.SessionLocal.prepareLocal(SessionLocal.java:615) ~[h2-2.1.210.jar:2.1.210]
	at org.h2.engine.SessionLocal.prepareCommand(SessionLocal.java:553) ~[h2-2.1.210.jar:2.1.210]
	at org.h2.jdbc.JdbcConnection.prepareCommand(JdbcConnection.java:1116) ~[h2-2.1.210.jar:2.1.210]
	at org.h2.jdbc.JdbcPreparedStatement.<init>(JdbcPreparedStatement.java:92) ~[h2-2.1.210.jar:2.1.210]
	at org.h2.jdbc.JdbcConnection.prepareStatement(JdbcConnection.java:288) ~[h2-2.1.210.jar:2.1.210]
	at org.flywaydb.core.internal.jdbc.JdbcTemplate.prepareStatement(JdbcTemplate.java:344) ~[flyway-core-7.15.0.jar:?]
	at org.flywaydb.core.internal.jdbc.JdbcTemplate.queryForString(JdbcTemplate.java:196) ~[flyway-core-7.15.0.jar:?]
	at org.flywaydb.core.internal.database.h2.H2Database.determineCompatibilityMode(H2Database.java:87) ~[flyway-core-7.15.0.jar:?]
	at org.flywaydb.core.internal.database.h2.H2Database.<init>(H2Database.java:61) ~[flyway-core-7.15.0.jar:?]
	at org.flywaydb.core.internal.database.h2.H2DatabaseType.createDatabase(H2DatabaseType.java:61) ~[flyway-core-7.15.0.jar:?]
	at org.flywaydb.core.internal.database.base.BaseDatabaseType.createDatabase(BaseDatabaseType.java:141) ~[flyway-core-7.15.0.jar:?]
	at org.flywaydb.core.Flyway.execute(Flyway.java:543) ~[flyway-core-7.15.0.jar:?]
	at org.flywaydb.core.Flyway.migrate(Flyway.java:170) ~[flyway-core-7.15.0.jar:?]
	at org.springframework.boot.autoconfigure.flyway.FlywayMigrationInitializer.afterPropertiesSet(FlywayMigrationInitializer.java:66) ~[spring-boot-autoconfigure-2.5.5.jar:2.5.5]
	at org.springframework.beans.factory.support.AbstractAutowireCapableBeanFactory.invokeInitMethods(AbstractAutowireCapableBeanFactory.java:1863) ~[spring-beans-5.3.10.jar:5.3.10]
	at org.springframework.beans.factory.support.AbstractAutowireCapableBeanFactory.initializeBean(AbstractAutowireCapableBeanFactory.java:1800) ~[spring-beans-5.3.10.jar:5.3.10]
	at org.springframework.beans.factory.support.AbstractAutowireCapableBeanFactory.doCreateBean(AbstractAutowireCapableBeanFactory.java:620) ~[spring-beans-5.3.10.jar:5.3.10]
	at org.springframework.beans.factory.support.AbstractAutowireCapableBeanFactory.createBean(AbstractAutowireCapableBeanFactory.java:542) ~[spring-beans-5.3.10.jar:5.3.10]
	at org.springframework.beans.factory.support.AbstractBeanFactory.lambda$doGetBean$0(AbstractBeanFactory.java:335) ~[spring-beans-5.3.10.jar:5.3.10]
	at org.springframework.beans.factory.support.DefaultSingletonBeanRegistry.getSingleton(DefaultSingletonBeanRegistry.java:234) ~[spring-beans-5.3.10.jar:5.3.10]
	at org.springframework.beans.factory.support.AbstractBeanFactory.doGetBean(AbstractBeanFactory.java:333) ~[spring-beans-5.3.10.jar:5.3.10]
	at org.springframework.beans.factory.support.AbstractBeanFactory.getBean(AbstractBeanFactory.java:208) ~[spring-beans-5.3.10.jar:5.3.10]
	at org.springframework.beans.factory.support.AbstractBeanFactory.doGetBean(AbstractBeanFactory.java:322) ~[spring-beans-5.3.10.jar:5.3.10]
	at org.springframework.beans.factory.support.AbstractBeanFactory.getBean(AbstractBeanFactory.java:208) ~[spring-beans-5.3.10.jar:5.3.10]
	at org.springframework.context.support.AbstractApplicationContext.getBean(AbstractApplicationContext.java:1154) ~[spring-context-5.3.10.jar:5.3.10]
	at org.springframework.context.support.AbstractApplicationContext.finishBeanFactoryInitialization(AbstractApplicationContext.java:908) ~[spring-context-5.3.10.jar:5.3.10]
	at org.springframework.context.support.AbstractApplicationContext.refresh(AbstractApplicationContext.java:583) ~[spring-context-5.3.10.jar:5.3.10]
	at org.springframework.boot.SpringApplication.refresh(SpringApplication.java:754) ~[spring-boot-2.5.5.jar:2.5.5]
	at org.springframework.boot.SpringApplication.refreshContext(SpringApplication.java:434) ~[spring-boot-2.5.5.jar:2.5.5]
	at org.springframework.boot.SpringApplication.run(SpringApplication.java:338) ~[spring-boot-2.5.5.jar:2.5.5]
	at org.springframework.boot.test.context.SpringBootContextLoader.loadContext(SpringBootContextLoader.java:123) ~[spring-boot-test-2.5.5.jar:2.5.5]
	at org.springframework.test.context.cache.DefaultCacheAwareContextLoaderDelegate.loadContextInternal(DefaultCacheAwareContextLoaderDelegate.java:99) ~[spring-test-5.3.10.jar:5.3.10]
	at org.springframework.test.context.cache.DefaultCacheAwareContextLoaderDelegate.loadContext(DefaultCacheAwareContextLoaderDelegate.java:124) ~[spring-test-5.3.10.jar:5.3.10]
	... 47 more

                                ,--.           ,--.
 ,---.   ,---.  ,--.--.  ,---.  `--'  ,---.  ,-'  '-.  ,---.  ,--,--,   ,---.  ,---.
| .-. | | .-. : |  .--' (  .-'  ,--. (  .-'  '-.  .-' | .-. : |      \ | .--' | .-. :
| '-' ' \   --. |  |    .-'  `) |  | .-'  `)   |  |   \   --. |  ||  | \ `--. \   --.
|  |-'   `----' `--'    `----'  `--' `----'    `--'    `----' `--''--'  `---'  `----'
`--'
2023-01-13 22:32:39.767  INFO 34469 --- [           main] d.s.p.r.AppRepositoryTest                : Starting AppRepositoryTest using Java 11.0.17 on repairnator with PID 34469 (started by gabsko in /home/gabsko/breaking-updates/persistence)
2023-01-13 22:32:39.767  INFO 34469 --- [           main] d.s.p.r.AppRepositoryTest                : No active profile set, falling back to default profiles: default
2023-01-13 22:32:39.814  INFO 34469 --- [           main] .s.d.r.c.RepositoryConfigurationDelegate : Bootstrapping Spring Data JPA repositories in DEFAULT mode.
2023-01-13 22:32:39.822  INFO 34469 --- [           main] .s.d.r.c.RepositoryConfigurationDelegate : Finished Spring Data repository scanning in 7 ms. Found 5 JPA repository interfaces.
2023-01-13 22:32:39.832  INFO 34469 --- [           main] beddedDataSourceBeanFactoryPostProcessor : Replacing 'dataSource' DataSource bean with embedded version
2023-01-13 22:32:39.868  INFO 34469 --- [           main] o.s.j.d.e.EmbeddedDatabaseFactory        : Starting embedded database: url='jdbc:h2:mem:78032d96-e73d-4e06-844c-20ff1d0e53a4;DB_CLOSE_DELAY=-1;DB_CLOSE_ON_EXIT=false', username='sa'
2023-01-13 22:32:39.876  INFO 34469 --- [           main] o.f.c.i.l.VersionPrinter                 : Flyway Community Edition 7.15.0 by Redgate
2023-01-13 22:32:39.876  INFO 34469 --- [           main] o.f.c.i.d.b.BaseDatabaseType             : Database: jdbc:h2:mem:78032d96-e73d-4e06-844c-20ff1d0e53a4 (H2 2.1)
2023-01-13 22:32:39.877  WARN 34469 --- [           main] s.c.a.AnnotationConfigApplicationContext : Exception encountered during context initialization - cancelling refresh attempt: org.springframework.beans.factory.BeanCreationException: Error creating bean with name 'flywayInitializer' defined in class path resource [org/springframework/boot/autoconfigure/flyway/FlywayAutoConfiguration$FlywayConfiguration.class]: Invocation of init method failed; nested exception is org.flywaydb.core.internal.exception.FlywaySqlException: Unable to determine H2 compatibility mode
-----------------------------------------
SQL State  : 42001
Error Code : 42001
Message    : Syntax error in SQL statement "SELECT [*]VALUE FROM INFORMATION_SCHEMA.SETTINGS WHERE NAME = 'MODE'"; expected "TOP, DISTINCT, ALL, *, INTERSECTS, NOT, EXISTS, UNIQUE, INTERSECTS"; SQL statement:
SELECT VALUE FROM INFORMATION_SCHEMA.SETTINGS WHERE NAME = 'MODE' [42001-210]

2023-01-13 22:32:39.878  INFO 34469 --- [           main] ConditionEvaluationReportLoggingListener : 

Error starting ApplicationContext. To display the conditions report re-run your application with 'debug' enabled.
2023-01-13 22:32:39.878 ERROR 34469 --- [           main] o.s.b.SpringApplication                  : Application run failed

org.springframework.beans.factory.BeanCreationException: Error creating bean with name 'flywayInitializer' defined in class path resource [org/springframework/boot/autoconfigure/flyway/FlywayAutoConfiguration$FlywayConfiguration.class]: Invocation of init method failed; nested exception is org.flywaydb.core.internal.exception.FlywaySqlException: Unable to determine H2 compatibility mode
-----------------------------------------
SQL State  : 42001
Error Code : 42001
Message    : Syntax error in SQL statement "SELECT [*]VALUE FROM INFORMATION_SCHEMA.SETTINGS WHERE NAME = 'MODE'"; expected "TOP, DISTINCT, ALL, *, INTERSECTS, NOT, EXISTS, UNIQUE, INTERSECTS"; SQL statement:
SELECT VALUE FROM INFORMATION_SCHEMA.SETTINGS WHERE NAME = 'MODE' [42001-210]

	at org.springframework.beans.factory.support.AbstractAutowireCapableBeanFactory.initializeBean(AbstractAutowireCapableBeanFactory.java:1804) ~[spring-beans-5.3.10.jar:5.3.10]
	at org.springframework.beans.factory.support.AbstractAutowireCapableBeanFactory.doCreateBean(AbstractAutowireCapableBeanFactory.java:620) ~[spring-beans-5.3.10.jar:5.3.10]
	at org.springframework.beans.factory.support.AbstractAutowireCapableBeanFactory.createBean(AbstractAutowireCapableBeanFactory.java:542) ~[spring-beans-5.3.10.jar:5.3.10]
	at org.springframework.beans.factory.support.AbstractBeanFactory.lambda$doGetBean$0(AbstractBeanFactory.java:335) ~[spring-beans-5.3.10.jar:5.3.10]
	at org.springframework.beans.factory.support.DefaultSingletonBeanRegistry.getSingleton(DefaultSingletonBeanRegistry.java:234) ~[spring-beans-5.3.10.jar:5.3.10]
	at org.springframework.beans.factory.support.AbstractBeanFactory.doGetBean(AbstractBeanFactory.java:333) ~[spring-beans-5.3.10.jar:5.3.10]
	at org.springframework.beans.factory.support.AbstractBeanFactory.getBean(AbstractBeanFactory.java:208) ~[spring-beans-5.3.10.jar:5.3.10]
	at org.springframework.beans.factory.support.AbstractBeanFactory.doGetBean(AbstractBeanFactory.java:322) ~[spring-beans-5.3.10.jar:5.3.10]
	at org.springframework.beans.factory.support.AbstractBeanFactory.getBean(AbstractBeanFactory.java:208) ~[spring-beans-5.3.10.jar:5.3.10]
	at org.springframework.context.support.AbstractApplicationContext.getBean(AbstractApplicationContext.java:1154) ~[spring-context-5.3.10.jar:5.3.10]
	at org.springframework.context.support.AbstractApplicationContext.finishBeanFactoryInitialization(AbstractApplicationContext.java:908) ~[spring-context-5.3.10.jar:5.3.10]
	at org.springframework.context.support.AbstractApplicationContext.refresh(AbstractApplicationContext.java:583) ~[spring-context-5.3.10.jar:5.3.10]
	at org.springframework.boot.SpringApplication.refresh(SpringApplication.java:754) ~[spring-boot-2.5.5.jar:2.5.5]
	at org.springframework.boot.SpringApplication.refreshContext(SpringApplication.java:434) ~[spring-boot-2.5.5.jar:2.5.5]
	at org.springframework.boot.SpringApplication.run(SpringApplication.java:338) ~[spring-boot-2.5.5.jar:2.5.5]
	at org.springframework.boot.test.context.SpringBootContextLoader.loadContext(SpringBootContextLoader.java:123) ~[spring-boot-test-2.5.5.jar:2.5.5]
	at org.springframework.test.context.cache.DefaultCacheAwareContextLoaderDelegate.loadContextInternal(DefaultCacheAwareContextLoaderDelegate.java:99) ~[spring-test-5.3.10.jar:5.3.10]
	at org.springframework.test.context.cache.DefaultCacheAwareContextLoaderDelegate.loadContext(DefaultCacheAwareContextLoaderDelegate.java:124) ~[spring-test-5.3.10.jar:5.3.10]
	at org.springframework.test.context.support.DefaultTestContext.getApplicationContext(DefaultTestContext.java:124) ~[spring-test-5.3.10.jar:5.3.10]
	at org.springframework.test.context.support.DependencyInjectionTestExecutionListener.injectDependencies(DependencyInjectionTestExecutionListener.java:118) ~[spring-test-5.3.10.jar:5.3.10]
	at org.springframework.test.context.support.DependencyInjectionTestExecutionListener.prepareTestInstance(DependencyInjectionTestExecutionListener.java:83) ~[spring-test-5.3.10.jar:5.3.10]
	at org.springframework.boot.test.autoconfigure.SpringBootDependencyInjectionTestExecutionListener.prepareTestInstance(SpringBootDependencyInjectionTestExecutionListener.java:43) ~[spring-boot-test-autoconfigure-2.5.5.jar:2.5.5]
	at org.springframework.test.context.TestContextManager.prepareTestInstance(TestContextManager.java:248) ~[spring-test-5.3.10.jar:5.3.10]
	at org.springframework.test.context.junit4.SpringJUnit4ClassRunner.createTest(SpringJUnit4ClassRunner.java:227) ~[spring-test-5.3.10.jar:5.3.10]
	at org.springframework.test.context.junit4.SpringJUnit4ClassRunner$1.runReflectiveCall(SpringJUnit4ClassRunner.java:289) ~[spring-test-5.3.10.jar:5.3.10]
	at org.junit.internal.runners.model.ReflectiveCallable.run(ReflectiveCallable.java:12) ~[junit-4.13.2.jar:4.13.2]
	at org.springframework.test.context.junit4.SpringJUnit4ClassRunner.methodBlock(SpringJUnit4ClassRunner.java:291) ~[spring-test-5.3.10.jar:5.3.10]
	at org.springframework.test.context.junit4.SpringJUnit4ClassRunner.runChild(SpringJUnit4ClassRunner.java:246) ~[spring-test-5.3.10.jar:5.3.10]
	at org.springframework.test.context.junit4.SpringJUnit4ClassRunner.runChild(SpringJUnit4ClassRunner.java:97) ~[spring-test-5.3.10.jar:5.3.10]
	at org.junit.runners.ParentRunner$4.run(ParentRunner.java:331) ~[junit-4.13.2.jar:4.13.2]
	at org.junit.runners.ParentRunner$1.schedule(ParentRunner.java:79) ~[junit-4.13.2.jar:4.13.2]
	at org.junit.runners.ParentRunner.runChildren(ParentRunner.java:329) ~[junit-4.13.2.jar:4.13.2]
	at org.junit.runners.ParentRunner.access$100(ParentRunner.java:66) ~[junit-4.13.2.jar:4.13.2]
	at org.junit.runners.ParentRunner$2.evaluate(ParentRunner.java:293) ~[junit-4.13.2.jar:4.13.2]
	at org.springframework.test.context.junit4.statements.RunBeforeTestClassCallbacks.evaluate(RunBeforeTestClassCallbacks.java:61) ~[spring-test-5.3.10.jar:5.3.10]
	at org.springframework.test.context.junit4.statements.RunAfterTestClassCallbacks.evaluate(RunAfterTestClassCallbacks.java:70) ~[spring-test-5.3.10.jar:5.3.10]
	at org.junit.runners.ParentRunner$3.evaluate(ParentRunner.java:306) ~[junit-4.13.2.jar:4.13.2]
	at org.junit.runners.ParentRunner.run(ParentRunner.java:413) ~[junit-4.13.2.jar:4.13.2]
	at org.springframework.test.context.junit4.SpringJUnit4ClassRunner.run(SpringJUnit4ClassRunner.java:190) ~[spring-test-5.3.10.jar:5.3.10]
	at org.junit.runner.JUnitCore.run(JUnitCore.java:137) ~[junit-4.13.2.jar:4.13.2]
	at org.junit.runner.JUnitCore.run(JUnitCore.java:115) ~[junit-4.13.2.jar:4.13.2]
	at org.junit.vintage.engine.execution.RunnerExecutor.execute(RunnerExecutor.java:43) ~[junit-vintage-engine-5.7.2.jar:5.7.2]
	at java.util.stream.ForEachOps$ForEachOp$OfRef.accept(ForEachOps.java:183) ~[?:?]
	at java.util.stream.ReferencePipeline$3$1.accept(ReferencePipeline.java:195) ~[?:?]
	at java.util.Iterator.forEachRemaining(Iterator.java:133) ~[?:?]
	at java.util.Spliterators$IteratorSpliterator.forEachRemaining(Spliterators.java:1801) ~[?:?]
	at java.util.stream.AbstractPipeline.copyInto(AbstractPipeline.java:484) ~[?:?]
	at java.util.stream.AbstractPipeline.wrapAndCopyInto(AbstractPipeline.java:474) ~[?:?]
	at java.util.stream.ForEachOps$ForEachOp.evaluateSequential(ForEachOps.java:150) ~[?:?]
	at java.util.stream.ForEachOps$ForEachOp$OfRef.evaluateSequential(ForEachOps.java:173) ~[?:?]
	at java.util.stream.AbstractPipeline.evaluate(AbstractPipeline.java:234) ~[?:?]
	at java.util.stream.ReferencePipeline.forEach(ReferencePipeline.java:497) ~[?:?]
	at org.junit.vintage.engine.VintageTestEngine.executeAllChildren(VintageTestEngine.java:82) ~[junit-vintage-engine-5.7.2.jar:5.7.2]
	at org.junit.vintage.engine.VintageTestEngine.execute(VintageTestEngine.java:73) ~[junit-vintage-engine-5.7.2.jar:5.7.2]
	at org.junit.platform.launcher.core.DefaultLauncher.execute(DefaultLauncher.java:220) ~[junit-platform-launcher-1.3.1.jar:1.3.1]
	at org.junit.platform.launcher.core.DefaultLauncher.lambda$execute$6(DefaultLauncher.java:188) ~[junit-platform-launcher-1.3.1.jar:1.3.1]
	at org.junit.platform.launcher.core.DefaultLauncher.withInterceptedStreams(DefaultLauncher.java:202) ~[junit-platform-launcher-1.3.1.jar:1.3.1]
	at org.junit.platform.launcher.core.DefaultLauncher.execute(DefaultLauncher.java:181) ~[junit-platform-launcher-1.3.1.jar:1.3.1]
	at org.junit.platform.launcher.core.DefaultLauncher.execute(DefaultLauncher.java:128) ~[junit-platform-launcher-1.3.1.jar:1.3.1]
	at org.apache.maven.surefire.junitplatform.JUnitPlatformProvider.invokeAllTests(JUnitPlatformProvider.java:150) ~[surefire-junit-platform-2.22.2.jar:2.22.2]
	at org.apache.maven.surefire.junitplatform.JUnitPlatformProvider.invoke(JUnitPlatformProvider.java:124) ~[surefire-junit-platform-2.22.2.jar:2.22.2]
	at org.apache.maven.surefire.booter.ForkedBooter.invokeProviderInSameClassLoader(ForkedBooter.java:384) ~[surefire-booter-2.22.2.jar:2.22.2]
	at org.apache.maven.surefire.booter.ForkedBooter.runSuitesInProcess(ForkedBooter.java:345) ~[surefire-booter-2.22.2.jar:2.22.2]
	at org.apache.maven.surefire.booter.ForkedBooter.execute(ForkedBooter.java:126) ~[surefire-booter-2.22.2.jar:2.22.2]
	at org.apache.maven.surefire.booter.ForkedBooter.main(ForkedBooter.java:418) ~[surefire-booter-2.22.2.jar:2.22.2]
Caused by: org.flywaydb.core.internal.exception.FlywaySqlException: Unable to determine H2 compatibility mode
-----------------------------------------
SQL State  : 42001
Error Code : 42001
Message    : Syntax error in SQL statement "SELECT [*]VALUE FROM INFORMATION_SCHEMA.SETTINGS WHERE NAME = 'MODE'"; expected "TOP, DISTINCT, ALL, *, INTERSECTS, NOT, EXISTS, UNIQUE, INTERSECTS"; SQL statement:
SELECT VALUE FROM INFORMATION_SCHEMA.SETTINGS WHERE NAME = 'MODE' [42001-210]

	at org.flywaydb.core.internal.database.h2.H2Database.determineCompatibilityMode(H2Database.java:92) ~[flyway-core-7.15.0.jar:?]
	at org.flywaydb.core.internal.database.h2.H2Database.<init>(H2Database.java:61) ~[flyway-core-7.15.0.jar:?]
	at org.flywaydb.core.internal.database.h2.H2DatabaseType.createDatabase(H2DatabaseType.java:61) ~[flyway-core-7.15.0.jar:?]
	at org.flywaydb.core.internal.database.base.BaseDatabaseType.createDatabase(BaseDatabaseType.java:141) ~[flyway-core-7.15.0.jar:?]
	at org.flywaydb.core.Flyway.execute(Flyway.java:543) ~[flyway-core-7.15.0.jar:?]
	at org.flywaydb.core.Flyway.migrate(Flyway.java:170) ~[flyway-core-7.15.0.jar:?]
	at org.springframework.boot.autoconfigure.flyway.FlywayMigrationInitializer.afterPropertiesSet(FlywayMigrationInitializer.java:66) ~[spring-boot-autoconfigure-2.5.5.jar:2.5.5]
	at org.springframework.beans.factory.support.AbstractAutowireCapableBeanFactory.invokeInitMethods(AbstractAutowireCapableBeanFactory.java:1863) ~[spring-beans-5.3.10.jar:5.3.10]
	at org.springframework.beans.factory.support.AbstractAutowireCapableBeanFactory.initializeBean(AbstractAutowireCapableBeanFactory.java:1800) ~[spring-beans-5.3.10.jar:5.3.10]
	... 64 more
Caused by: org.h2.jdbc.JdbcSQLSyntaxErrorException: Syntax error in SQL statement "SELECT [*]VALUE FROM INFORMATION_SCHEMA.SETTINGS WHERE NAME = 'MODE'"; expected "TOP, DISTINCT, ALL, *, INTERSECTS, NOT, EXISTS, UNIQUE, INTERSECTS"; SQL statement:
SELECT VALUE FROM INFORMATION_SCHEMA.SETTINGS WHERE NAME = 'MODE' [42001-210]
	at org.h2.message.DbException.getJdbcSQLException(DbException.java:521) ~[h2-2.1.210.jar:2.1.210]
	at org.h2.message.DbException.getJdbcSQLException(DbException.java:496) ~[h2-2.1.210.jar:2.1.210]
	at org.h2.message.DbException.getSyntaxError(DbException.java:265) ~[h2-2.1.210.jar:2.1.210]
	at org.h2.command.Parser.getSyntaxError(Parser.java:890) ~[h2-2.1.210.jar:2.1.210]
	at org.h2.command.Parser.readTerm(Parser.java:5191) ~[h2-2.1.210.jar:2.1.210]
	at org.h2.command.Parser.readFactor(Parser.java:3423) ~[h2-2.1.210.jar:2.1.210]
	at org.h2.command.Parser.readSum(Parser.java:3410) ~[h2-2.1.210.jar:2.1.210]
	at org.h2.command.Parser.readConcat(Parser.java:3375) ~[h2-2.1.210.jar:2.1.210]
	at org.h2.command.Parser.readCondition(Parser.java:3160) ~[h2-2.1.210.jar:2.1.210]
	at org.h2.command.Parser.readExpression(Parser.java:3076) ~[h2-2.1.210.jar:2.1.210]
	at org.h2.command.Parser.parseSelectExpressions(Parser.java:2876) ~[h2-2.1.210.jar:2.1.210]
	at org.h2.command.Parser.parseSelect(Parser.java:2893) ~[h2-2.1.210.jar:2.1.210]
	at org.h2.command.Parser.parseQueryPrimary(Parser.java:2783) ~[h2-2.1.210.jar:2.1.210]
	at org.h2.command.Parser.parseQueryTerm(Parser.java:2650) ~[h2-2.1.210.jar:2.1.210]
	at org.h2.command.Parser.parseQueryExpressionBody(Parser.java:2629) ~[h2-2.1.210.jar:2.1.210]
	at org.h2.command.Parser.parseQueryExpressionBodyAndEndOfQuery(Parser.java:2622) ~[h2-2.1.210.jar:2.1.210]
	at org.h2.command.Parser.parseQueryExpression(Parser.java:2615) ~[h2-2.1.210.jar:2.1.210]
	at org.h2.command.Parser.parseQuery(Parser.java:2576) ~[h2-2.1.210.jar:2.1.210]
	at org.h2.command.Parser.parsePrepared(Parser.java:707) ~[h2-2.1.210.jar:2.1.210]
	at org.h2.command.Parser.parse(Parser.java:674) ~[h2-2.1.210.jar:2.1.210]
	at org.h2.command.Parser.parse(Parser.java:649) ~[h2-2.1.210.jar:2.1.210]
	at org.h2.command.Parser.prepareCommand(Parser.java:551) ~[h2-2.1.210.jar:2.1.210]
	at org.h2.engine.SessionLocal.prepareLocal(SessionLocal.java:615) ~[h2-2.1.210.jar:2.1.210]
	at org.h2.engine.SessionLocal.prepareCommand(SessionLocal.java:553) ~[h2-2.1.210.jar:2.1.210]
	at org.h2.jdbc.JdbcConnection.prepareCommand(JdbcConnection.java:1116) ~[h2-2.1.210.jar:2.1.210]
	at org.h2.jdbc.JdbcPreparedStatement.<init>(JdbcPreparedStatement.java:92) ~[h2-2.1.210.jar:2.1.210]
	at org.h2.jdbc.JdbcConnection.prepareStatement(JdbcConnection.java:288) ~[h2-2.1.210.jar:2.1.210]
	at org.flywaydb.core.internal.jdbc.JdbcTemplate.prepareStatement(JdbcTemplate.java:344) ~[flyway-core-7.15.0.jar:?]
	at org.flywaydb.core.internal.jdbc.JdbcTemplate.queryForString(JdbcTemplate.java:196) ~[flyway-core-7.15.0.jar:?]
	at org.flywaydb.core.internal.database.h2.H2Database.determineCompatibilityMode(H2Database.java:87) ~[flyway-core-7.15.0.jar:?]
	at org.flywaydb.core.internal.database.h2.H2Database.<init>(H2Database.java:61) ~[flyway-core-7.15.0.jar:?]
	at org.flywaydb.core.internal.database.h2.H2DatabaseType.createDatabase(H2DatabaseType.java:61) ~[flyway-core-7.15.0.jar:?]
	at org.flywaydb.core.internal.database.base.BaseDatabaseType.createDatabase(BaseDatabaseType.java:141) ~[flyway-core-7.15.0.jar:?]
	at org.flywaydb.core.Flyway.execute(Flyway.java:543) ~[flyway-core-7.15.0.jar:?]
	at org.flywaydb.core.Flyway.migrate(Flyway.java:170) ~[flyway-core-7.15.0.jar:?]
	at org.springframework.boot.autoconfigure.flyway.FlywayMigrationInitializer.afterPropertiesSet(FlywayMigrationInitializer.java:66) ~[spring-boot-autoconfigure-2.5.5.jar:2.5.5]
	at org.springframework.beans.factory.support.AbstractAutowireCapableBeanFactory.invokeInitMethods(AbstractAutowireCapableBeanFactory.java:1863) ~[spring-beans-5.3.10.jar:5.3.10]
	at org.springframework.beans.factory.support.AbstractAutowireCapableBeanFactory.initializeBean(AbstractAutowireCapableBeanFactory.java:1800) ~[spring-beans-5.3.10.jar:5.3.10]
	... 64 more

                                ,--.           ,--.
 ,---.   ,---.  ,--.--.  ,---.  `--'  ,---.  ,-'  '-.  ,---.  ,--,--,   ,---.  ,---.
| .-. | | .-. : |  .--' (  .-'  ,--. (  .-'  '-.  .-' | .-. : |      \ | .--' | .-. :
| '-' ' \   --. |  |    .-'  `) |  | .-'  `)   |  |   \   --. |  ||  | \ `--. \   --.
|  |-'   `----' `--'    `----'  `--' `----'    `--'    `----' `--''--'  `---'  `----'
`--'
2023-01-13 22:32:39.906  INFO 34469 --- [           main] d.s.p.r.AppRepositoryTest                : Starting AppRepositoryTest using Java 11.0.17 on repairnator with PID 34469 (started by gabsko in /home/gabsko/breaking-updates/persistence)
2023-01-13 22:32:39.907  INFO 34469 --- [           main] d.s.p.r.AppRepositoryTest                : No active profile set, falling back to default profiles: default
2023-01-13 22:32:39.957  INFO 34469 --- [           main] .s.d.r.c.RepositoryConfigurationDelegate : Bootstrapping Spring Data JPA repositories in DEFAULT mode.
2023-01-13 22:32:39.965  INFO 34469 --- [           main] .s.d.r.c.RepositoryConfigurationDelegate : Finished Spring Data repository scanning in 7 ms. Found 5 JPA repository interfaces.
2023-01-13 22:32:39.976  INFO 34469 --- [           main] beddedDataSourceBeanFactoryPostProcessor : Replacing 'dataSource' DataSource bean with embedded version
2023-01-13 22:32:40.007  INFO 34469 --- [           main] o.s.j.d.e.EmbeddedDatabaseFactory        : Starting embedded database: url='jdbc:h2:mem:b68ec64d-3ceb-444c-9bb3-d5ca7a1af72f;DB_CLOSE_DELAY=-1;DB_CLOSE_ON_EXIT=false', username='sa'
2023-01-13 22:32:40.014  INFO 34469 --- [           main] o.f.c.i.l.VersionPrinter                 : Flyway Community Edition 7.15.0 by Redgate
2023-01-13 22:32:40.015  INFO 34469 --- [           main] o.f.c.i.d.b.BaseDatabaseType             : Database: jdbc:h2:mem:b68ec64d-3ceb-444c-9bb3-d5ca7a1af72f (H2 2.1)
2023-01-13 22:32:40.015  WARN 34469 --- [           main] s.c.a.AnnotationConfigApplicationContext : Exception encountered during context initialization - cancelling refresh attempt: org.springframework.beans.factory.BeanCreationException: Error creating bean with name 'flywayInitializer' defined in class path resource [org/springframework/boot/autoconfigure/flyway/FlywayAutoConfiguration$FlywayConfiguration.class]: Invocation of init method failed; nested exception is org.flywaydb.core.internal.exception.FlywaySqlException: Unable to determine H2 compatibility mode
-----------------------------------------
SQL State  : 42001
Error Code : 42001
Message    : Syntax error in SQL statement "SELECT [*]VALUE FROM INFORMATION_SCHEMA.SETTINGS WHERE NAME = 'MODE'"; expected "TOP, DISTINCT, ALL, *, INTERSECTS, NOT, EXISTS, UNIQUE, INTERSECTS"; SQL statement:
SELECT VALUE FROM INFORMATION_SCHEMA.SETTINGS WHERE NAME = 'MODE' [42001-210]

2023-01-13 22:32:40.016  INFO 34469 --- [           main] ConditionEvaluationReportLoggingListener : 

Error starting ApplicationContext. To display the conditions report re-run your application with 'debug' enabled.
2023-01-13 22:32:40.017 ERROR 34469 --- [           main] o.s.b.SpringApplication                  : Application run failed

org.springframework.beans.factory.BeanCreationException: Error creating bean with name 'flywayInitializer' defined in class path resource [org/springframework/boot/autoconfigure/flyway/FlywayAutoConfiguration$FlywayConfiguration.class]: Invocation of init method failed; nested exception is org.flywaydb.core.internal.exception.FlywaySqlException: Unable to determine H2 compatibility mode
-----------------------------------------
SQL State  : 42001
Error Code : 42001
Message    : Syntax error in SQL statement "SELECT [*]VALUE FROM INFORMATION_SCHEMA.SETTINGS WHERE NAME = 'MODE'"; expected "TOP, DISTINCT, ALL, *, INTERSECTS, NOT, EXISTS, UNIQUE, INTERSECTS"; SQL statement:
SELECT VALUE FROM INFORMATION_SCHEMA.SETTINGS WHERE NAME = 'MODE' [42001-210]

	at org.springframework.beans.factory.support.AbstractAutowireCapableBeanFactory.initializeBean(AbstractAutowireCapableBeanFactory.java:1804) ~[spring-beans-5.3.10.jar:5.3.10]
	at org.springframework.beans.factory.support.AbstractAutowireCapableBeanFactory.doCreateBean(AbstractAutowireCapableBeanFactory.java:620) ~[spring-beans-5.3.10.jar:5.3.10]
	at org.springframework.beans.factory.support.AbstractAutowireCapableBeanFactory.createBean(AbstractAutowireCapableBeanFactory.java:542) ~[spring-beans-5.3.10.jar:5.3.10]
	at org.springframework.beans.factory.support.AbstractBeanFactory.lambda$doGetBean$0(AbstractBeanFactory.java:335) ~[spring-beans-5.3.10.jar:5.3.10]
	at org.springframework.beans.factory.support.DefaultSingletonBeanRegistry.getSingleton(DefaultSingletonBeanRegistry.java:234) ~[spring-beans-5.3.10.jar:5.3.10]
	at org.springframework.beans.factory.support.AbstractBeanFactory.doGetBean(AbstractBeanFactory.java:333) ~[spring-beans-5.3.10.jar:5.3.10]
	at org.springframework.beans.factory.support.AbstractBeanFactory.getBean(AbstractBeanFactory.java:208) ~[spring-beans-5.3.10.jar:5.3.10]
	at org.springframework.beans.factory.support.AbstractBeanFactory.doGetBean(AbstractBeanFactory.java:322) ~[spring-beans-5.3.10.jar:5.3.10]
	at org.springframework.beans.factory.support.AbstractBeanFactory.getBean(AbstractBeanFactory.java:208) ~[spring-beans-5.3.10.jar:5.3.10]
	at org.springframework.context.support.AbstractApplicationContext.getBean(AbstractApplicationContext.java:1154) ~[spring-context-5.3.10.jar:5.3.10]
	at org.springframework.context.support.AbstractApplicationContext.finishBeanFactoryInitialization(AbstractApplicationContext.java:908) ~[spring-context-5.3.10.jar:5.3.10]
	at org.springframework.context.support.AbstractApplicationContext.refresh(AbstractApplicationContext.java:583) ~[spring-context-5.3.10.jar:5.3.10]
	at org.springframework.boot.SpringApplication.refresh(SpringApplication.java:754) ~[spring-boot-2.5.5.jar:2.5.5]
	at org.springframework.boot.SpringApplication.refreshContext(SpringApplication.java:434) ~[spring-boot-2.5.5.jar:2.5.5]
	at org.springframework.boot.SpringApplication.run(SpringApplication.java:338) ~[spring-boot-2.5.5.jar:2.5.5]
	at org.springframework.boot.test.context.SpringBootContextLoader.loadContext(SpringBootContextLoader.java:123) ~[spring-boot-test-2.5.5.jar:2.5.5]
	at org.springframework.test.context.cache.DefaultCacheAwareContextLoaderDelegate.loadContextInternal(DefaultCacheAwareContextLoaderDelegate.java:99) ~[spring-test-5.3.10.jar:5.3.10]
	at org.springframework.test.context.cache.DefaultCacheAwareContextLoaderDelegate.loadContext(DefaultCacheAwareContextLoaderDelegate.java:124) ~[spring-test-5.3.10.jar:5.3.10]
	at org.springframework.test.context.support.DefaultTestContext.getApplicationContext(DefaultTestContext.java:124) ~[spring-test-5.3.10.jar:5.3.10]
	at org.springframework.boot.test.autoconfigure.SpringBootDependencyInjectionTestExecutionListener.outputConditionEvaluationReport(SpringBootDependencyInjectionTestExecutionListener.java:53) ~[spring-boot-test-autoconfigure-2.5.5.jar:2.5.5]
	at org.springframework.boot.test.autoconfigure.SpringBootDependencyInjectionTestExecutionListener.prepareTestInstance(SpringBootDependencyInjectionTestExecutionListener.java:46) ~[spring-boot-test-autoconfigure-2.5.5.jar:2.5.5]
	at org.springframework.test.context.TestContextManager.prepareTestInstance(TestContextManager.java:248) ~[spring-test-5.3.10.jar:5.3.10]
	at org.springframework.test.context.junit4.SpringJUnit4ClassRunner.createTest(SpringJUnit4ClassRunner.java:227) ~[spring-test-5.3.10.jar:5.3.10]
	at org.springframework.test.context.junit4.SpringJUnit4ClassRunner$1.runReflectiveCall(SpringJUnit4ClassRunner.java:289) ~[spring-test-5.3.10.jar:5.3.10]
	at org.junit.internal.runners.model.ReflectiveCallable.run(ReflectiveCallable.java:12) ~[junit-4.13.2.jar:4.13.2]
	at org.springframework.test.context.junit4.SpringJUnit4ClassRunner.methodBlock(SpringJUnit4ClassRunner.java:291) ~[spring-test-5.3.10.jar:5.3.10]
	at org.springframework.test.context.junit4.SpringJUnit4ClassRunner.runChild(SpringJUnit4ClassRunner.java:246) ~[spring-test-5.3.10.jar:5.3.10]
	at org.springframework.test.context.junit4.SpringJUnit4ClassRunner.runChild(SpringJUnit4ClassRunner.java:97) ~[spring-test-5.3.10.jar:5.3.10]
	at org.junit.runners.ParentRunner$4.run(ParentRunner.java:331) ~[junit-4.13.2.jar:4.13.2]
	at org.junit.runners.ParentRunner$1.schedule(ParentRunner.java:79) ~[junit-4.13.2.jar:4.13.2]
	at org.junit.runners.ParentRunner.runChildren(ParentRunner.java:329) ~[junit-4.13.2.jar:4.13.2]
	at org.junit.runners.ParentRunner.access$100(ParentRunner.java:66) ~[junit-4.13.2.jar:4.13.2]
	at org.junit.runners.ParentRunner$2.evaluate(ParentRunner.java:293) ~[junit-4.13.2.jar:4.13.2]
	at org.springframework.test.context.junit4.statements.RunBeforeTestClassCallbacks.evaluate(RunBeforeTestClassCallbacks.java:61) ~[spring-test-5.3.10.jar:5.3.10]
	at org.springframework.test.context.junit4.statements.RunAfterTestClassCallbacks.evaluate(RunAfterTestClassCallbacks.java:70) ~[spring-test-5.3.10.jar:5.3.10]
	at org.junit.runners.ParentRunner$3.evaluate(ParentRunner.java:306) ~[junit-4.13.2.jar:4.13.2]
	at org.junit.runners.ParentRunner.run(ParentRunner.java:413) ~[junit-4.13.2.jar:4.13.2]
	at org.springframework.test.context.junit4.SpringJUnit4ClassRunner.run(SpringJUnit4ClassRunner.java:190) ~[spring-test-5.3.10.jar:5.3.10]
	at org.junit.runner.JUnitCore.run(JUnitCore.java:137) ~[junit-4.13.2.jar:4.13.2]
	at org.junit.runner.JUnitCore.run(JUnitCore.java:115) ~[junit-4.13.2.jar:4.13.2]
	at org.junit.vintage.engine.execution.RunnerExecutor.execute(RunnerExecutor.java:43) ~[junit-vintage-engine-5.7.2.jar:5.7.2]
	at java.util.stream.ForEachOps$ForEachOp$OfRef.accept(ForEachOps.java:183) ~[?:?]
	at java.util.stream.ReferencePipeline$3$1.accept(ReferencePipeline.java:195) ~[?:?]
	at java.util.Iterator.forEachRemaining(Iterator.java:133) ~[?:?]
	at java.util.Spliterators$IteratorSpliterator.forEachRemaining(Spliterators.java:1801) ~[?:?]
	at java.util.stream.AbstractPipeline.copyInto(AbstractPipeline.java:484) ~[?:?]
	at java.util.stream.AbstractPipeline.wrapAndCopyInto(AbstractPipeline.java:474) ~[?:?]
	at java.util.stream.ForEachOps$ForEachOp.evaluateSequential(ForEachOps.java:150) ~[?:?]
	at java.util.stream.ForEachOps$ForEachOp$OfRef.evaluateSequential(ForEachOps.java:173) ~[?:?]
	at java.util.stream.AbstractPipeline.evaluate(AbstractPipeline.java:234) ~[?:?]
	at java.util.stream.ReferencePipeline.forEach(ReferencePipeline.java:497) ~[?:?]
	at org.junit.vintage.engine.VintageTestEngine.executeAllChildren(VintageTestEngine.java:82) ~[junit-vintage-engine-5.7.2.jar:5.7.2]
	at org.junit.vintage.engine.VintageTestEngine.execute(VintageTestEngine.java:73) ~[junit-vintage-engine-5.7.2.jar:5.7.2]
	at org.junit.platform.launcher.core.DefaultLauncher.execute(DefaultLauncher.java:220) ~[junit-platform-launcher-1.3.1.jar:1.3.1]
	at org.junit.platform.launcher.core.DefaultLauncher.lambda$execute$6(DefaultLauncher.java:188) ~[junit-platform-launcher-1.3.1.jar:1.3.1]
	at org.junit.platform.launcher.core.DefaultLauncher.withInterceptedStreams(DefaultLauncher.java:202) ~[junit-platform-launcher-1.3.1.jar:1.3.1]
	at org.junit.platform.launcher.core.DefaultLauncher.execute(DefaultLauncher.java:181) ~[junit-platform-launcher-1.3.1.jar:1.3.1]
	at org.junit.platform.launcher.core.DefaultLauncher.execute(DefaultLauncher.java:128) ~[junit-platform-launcher-1.3.1.jar:1.3.1]
	at org.apache.maven.surefire.junitplatform.JUnitPlatformProvider.invokeAllTests(JUnitPlatformProvider.java:150) ~[surefire-junit-platform-2.22.2.jar:2.22.2]
	at org.apache.maven.surefire.junitplatform.JUnitPlatformProvider.invoke(JUnitPlatformProvider.java:124) ~[surefire-junit-platform-2.22.2.jar:2.22.2]
	at org.apache.maven.surefire.booter.ForkedBooter.invokeProviderInSameClassLoader(ForkedBooter.java:384) ~[surefire-booter-2.22.2.jar:2.22.2]
	at org.apache.maven.surefire.booter.ForkedBooter.runSuitesInProcess(ForkedBooter.java:345) ~[surefire-booter-2.22.2.jar:2.22.2]
	at org.apache.maven.surefire.booter.ForkedBooter.execute(ForkedBooter.java:126) ~[surefire-booter-2.22.2.jar:2.22.2]
	at org.apache.maven.surefire.booter.ForkedBooter.main(ForkedBooter.java:418) ~[surefire-booter-2.22.2.jar:2.22.2]
Caused by: org.flywaydb.core.internal.exception.FlywaySqlException: Unable to determine H2 compatibility mode
-----------------------------------------
SQL State  : 42001
Error Code : 42001
Message    : Syntax error in SQL statement "SELECT [*]VALUE FROM INFORMATION_SCHEMA.SETTINGS WHERE NAME = 'MODE'"; expected "TOP, DISTINCT, ALL, *, INTERSECTS, NOT, EXISTS, UNIQUE, INTERSECTS"; SQL statement:
SELECT VALUE FROM INFORMATION_SCHEMA.SETTINGS WHERE NAME = 'MODE' [42001-210]

	at org.flywaydb.core.internal.database.h2.H2Database.determineCompatibilityMode(H2Database.java:92) ~[flyway-core-7.15.0.jar:?]
	at org.flywaydb.core.internal.database.h2.H2Database.<init>(H2Database.java:61) ~[flyway-core-7.15.0.jar:?]
	at org.flywaydb.core.internal.database.h2.H2DatabaseType.createDatabase(H2DatabaseType.java:61) ~[flyway-core-7.15.0.jar:?]
	at org.flywaydb.core.internal.database.base.BaseDatabaseType.createDatabase(BaseDatabaseType.java:141) ~[flyway-core-7.15.0.jar:?]
	at org.flywaydb.core.Flyway.execute(Flyway.java:543) ~[flyway-core-7.15.0.jar:?]
	at org.flywaydb.core.Flyway.migrate(Flyway.java:170) ~[flyway-core-7.15.0.jar:?]
	at org.springframework.boot.autoconfigure.flyway.FlywayMigrationInitializer.afterPropertiesSet(FlywayMigrationInitializer.java:66) ~[spring-boot-autoconfigure-2.5.5.jar:2.5.5]
	at org.springframework.beans.factory.support.AbstractAutowireCapableBeanFactory.invokeInitMethods(AbstractAutowireCapableBeanFactory.java:1863) ~[spring-beans-5.3.10.jar:5.3.10]
	at org.springframework.beans.factory.support.AbstractAutowireCapableBeanFactory.initializeBean(AbstractAutowireCapableBeanFactory.java:1800) ~[spring-beans-5.3.10.jar:5.3.10]
	... 63 more
Caused by: org.h2.jdbc.JdbcSQLSyntaxErrorException: Syntax error in SQL statement "SELECT [*]VALUE FROM INFORMATION_SCHEMA.SETTINGS WHERE NAME = 'MODE'"; expected "TOP, DISTINCT, ALL, *, INTERSECTS, NOT, EXISTS, UNIQUE, INTERSECTS"; SQL statement:
SELECT VALUE FROM INFORMATION_SCHEMA.SETTINGS WHERE NAME = 'MODE' [42001-210]
	at org.h2.message.DbException.getJdbcSQLException(DbException.java:521) ~[h2-2.1.210.jar:2.1.210]
	at org.h2.message.DbException.getJdbcSQLException(DbException.java:496) ~[h2-2.1.210.jar:2.1.210]
	at org.h2.message.DbException.getSyntaxError(DbException.java:265) ~[h2-2.1.210.jar:2.1.210]
	at org.h2.command.Parser.getSyntaxError(Parser.java:890) ~[h2-2.1.210.jar:2.1.210]
	at org.h2.command.Parser.readTerm(Parser.java:5191) ~[h2-2.1.210.jar:2.1.210]
	at org.h2.command.Parser.readFactor(Parser.java:3423) ~[h2-2.1.210.jar:2.1.210]
	at org.h2.command.Parser.readSum(Parser.java:3410) ~[h2-2.1.210.jar:2.1.210]
	at org.h2.command.Parser.readConcat(Parser.java:3375) ~[h2-2.1.210.jar:2.1.210]
	at org.h2.command.Parser.readCondition(Parser.java:3160) ~[h2-2.1.210.jar:2.1.210]
	at org.h2.command.Parser.readExpression(Parser.java:3076) ~[h2-2.1.210.jar:2.1.210]
	at org.h2.command.Parser.parseSelectExpressions(Parser.java:2876) ~[h2-2.1.210.jar:2.1.210]
	at org.h2.command.Parser.parseSelect(Parser.java:2893) ~[h2-2.1.210.jar:2.1.210]
	at org.h2.command.Parser.parseQueryPrimary(Parser.java:2783) ~[h2-2.1.210.jar:2.1.210]
	at org.h2.command.Parser.parseQueryTerm(Parser.java:2650) ~[h2-2.1.210.jar:2.1.210]
	at org.h2.command.Parser.parseQueryExpressionBody(Parser.java:2629) ~[h2-2.1.210.jar:2.1.210]
	at org.h2.command.Parser.parseQueryExpressionBodyAndEndOfQuery(Parser.java:2622) ~[h2-2.1.210.jar:2.1.210]
	at org.h2.command.Parser.parseQueryExpression(Parser.java:2615) ~[h2-2.1.210.jar:2.1.210]
	at org.h2.command.Parser.parseQuery(Parser.java:2576) ~[h2-2.1.210.jar:2.1.210]
	at org.h2.command.Parser.parsePrepared(Parser.java:707) ~[h2-2.1.210.jar:2.1.210]
	at org.h2.command.Parser.parse(Parser.java:674) ~[h2-2.1.210.jar:2.1.210]
	at org.h2.command.Parser.parse(Parser.java:649) ~[h2-2.1.210.jar:2.1.210]
	at org.h2.command.Parser.prepareCommand(Parser.java:551) ~[h2-2.1.210.jar:2.1.210]
	at org.h2.engine.SessionLocal.prepareLocal(SessionLocal.java:615) ~[h2-2.1.210.jar:2.1.210]
	at org.h2.engine.SessionLocal.prepareCommand(SessionLocal.java:553) ~[h2-2.1.210.jar:2.1.210]
	at org.h2.jdbc.JdbcConnection.prepareCommand(JdbcConnection.java:1116) ~[h2-2.1.210.jar:2.1.210]
	at org.h2.jdbc.JdbcPreparedStatement.<init>(JdbcPreparedStatement.java:92) ~[h2-2.1.210.jar:2.1.210]
	at org.h2.jdbc.JdbcConnection.prepareStatement(JdbcConnection.java:288) ~[h2-2.1.210.jar:2.1.210]
	at org.flywaydb.core.internal.jdbc.JdbcTemplate.prepareStatement(JdbcTemplate.java:344) ~[flyway-core-7.15.0.jar:?]
	at org.flywaydb.core.internal.jdbc.JdbcTemplate.queryForString(JdbcTemplate.java:196) ~[flyway-core-7.15.0.jar:?]
	at org.flywaydb.core.internal.database.h2.H2Database.determineCompatibilityMode(H2Database.java:87) ~[flyway-core-7.15.0.jar:?]
	at org.flywaydb.core.internal.database.h2.H2Database.<init>(H2Database.java:61) ~[flyway-core-7.15.0.jar:?]
	at org.flywaydb.core.internal.database.h2.H2DatabaseType.createDatabase(H2DatabaseType.java:61) ~[flyway-core-7.15.0.jar:?]
	at org.flywaydb.core.internal.database.base.BaseDatabaseType.createDatabase(BaseDatabaseType.java:141) ~[flyway-core-7.15.0.jar:?]
	at org.flywaydb.core.Flyway.execute(Flyway.java:543) ~[flyway-core-7.15.0.jar:?]
	at org.flywaydb.core.Flyway.migrate(Flyway.java:170) ~[flyway-core-7.15.0.jar:?]
	at org.springframework.boot.autoconfigure.flyway.FlywayMigrationInitializer.afterPropertiesSet(FlywayMigrationInitializer.java:66) ~[spring-boot-autoconfigure-2.5.5.jar:2.5.5]
	at org.springframework.beans.factory.support.AbstractAutowireCapableBeanFactory.invokeInitMethods(AbstractAutowireCapableBeanFactory.java:1863) ~[spring-beans-5.3.10.jar:5.3.10]
	at org.springframework.beans.factory.support.AbstractAutowireCapableBeanFactory.initializeBean(AbstractAutowireCapableBeanFactory.java:1800) ~[spring-beans-5.3.10.jar:5.3.10]
	... 63 more

2023-01-13 22:32:40.018 ERROR 34469 --- [           main] o.s.t.c.TestContextManager               : Caught exception while allowing TestExecutionListener [org.springframework.boot.test.autoconfigure.SpringBootDependencyInjectionTestExecutionListener@236fdf] to prepare test instance [de.starwit.persistence.repository.AppRepositoryTest@2322e56f]

java.lang.IllegalStateException: Failed to load ApplicationContext
	at org.springframework.test.context.cache.DefaultCacheAwareContextLoaderDelegate.loadContext(DefaultCacheAwareContextLoaderDelegate.java:132) ~[spring-test-5.3.10.jar:5.3.10]
	at org.springframework.test.context.support.DefaultTestContext.getApplicationContext(DefaultTestContext.java:124) ~[spring-test-5.3.10.jar:5.3.10]
	at org.springframework.test.context.support.DependencyInjectionTestExecutionListener.injectDependencies(DependencyInjectionTestExecutionListener.java:118) ~[spring-test-5.3.10.jar:5.3.10]
	at org.springframework.test.context.support.DependencyInjectionTestExecutionListener.prepareTestInstance(DependencyInjectionTestExecutionListener.java:83) ~[spring-test-5.3.10.jar:5.3.10]
	at org.springframework.boot.test.autoconfigure.SpringBootDependencyInjectionTestExecutionListener.prepareTestInstance(SpringBootDependencyInjectionTestExecutionListener.java:43) ~[spring-boot-test-autoconfigure-2.5.5.jar:2.5.5]
	at org.springframework.test.context.TestContextManager.prepareTestInstance(TestContextManager.java:248) ~[spring-test-5.3.10.jar:5.3.10]
	at org.springframework.test.context.junit4.SpringJUnit4ClassRunner.createTest(SpringJUnit4ClassRunner.java:227) ~[spring-test-5.3.10.jar:5.3.10]
	at org.springframework.test.context.junit4.SpringJUnit4ClassRunner$1.runReflectiveCall(SpringJUnit4ClassRunner.java:289) ~[spring-test-5.3.10.jar:5.3.10]
	at org.junit.internal.runners.model.ReflectiveCallable.run(ReflectiveCallable.java:12) ~[junit-4.13.2.jar:4.13.2]
	at org.springframework.test.context.junit4.SpringJUnit4ClassRunner.methodBlock(SpringJUnit4ClassRunner.java:291) ~[spring-test-5.3.10.jar:5.3.10]
	at org.springframework.test.context.junit4.SpringJUnit4ClassRunner.runChild(SpringJUnit4ClassRunner.java:246) ~[spring-test-5.3.10.jar:5.3.10]
	at org.springframework.test.context.junit4.SpringJUnit4ClassRunner.runChild(SpringJUnit4ClassRunner.java:97) ~[spring-test-5.3.10.jar:5.3.10]
	at org.junit.runners.ParentRunner$4.run(ParentRunner.java:331) ~[junit-4.13.2.jar:4.13.2]
	at org.junit.runners.ParentRunner$1.schedule(ParentRunner.java:79) ~[junit-4.13.2.jar:4.13.2]
	at org.junit.runners.ParentRunner.runChildren(ParentRunner.java:329) ~[junit-4.13.2.jar:4.13.2]
	at org.junit.runners.ParentRunner.access$100(ParentRunner.java:66) ~[junit-4.13.2.jar:4.13.2]
	at org.junit.runners.ParentRunner$2.evaluate(ParentRunner.java:293) ~[junit-4.13.2.jar:4.13.2]
	at org.springframework.test.context.junit4.statements.RunBeforeTestClassCallbacks.evaluate(RunBeforeTestClassCallbacks.java:61) ~[spring-test-5.3.10.jar:5.3.10]
	at org.springframework.test.context.junit4.statements.RunAfterTestClassCallbacks.evaluate(RunAfterTestClassCallbacks.java:70) ~[spring-test-5.3.10.jar:5.3.10]
	at org.junit.runners.ParentRunner$3.evaluate(ParentRunner.java:306) ~[junit-4.13.2.jar:4.13.2]
	at org.junit.runners.ParentRunner.run(ParentRunner.java:413) ~[junit-4.13.2.jar:4.13.2]
	at org.springframework.test.context.junit4.SpringJUnit4ClassRunner.run(SpringJUnit4ClassRunner.java:190) ~[spring-test-5.3.10.jar:5.3.10]
	at org.junit.runner.JUnitCore.run(JUnitCore.java:137) ~[junit-4.13.2.jar:4.13.2]
	at org.junit.runner.JUnitCore.run(JUnitCore.java:115) ~[junit-4.13.2.jar:4.13.2]
	at org.junit.vintage.engine.execution.RunnerExecutor.execute(RunnerExecutor.java:43) ~[junit-vintage-engine-5.7.2.jar:5.7.2]
	at java.util.stream.ForEachOps$ForEachOp$OfRef.accept(ForEachOps.java:183) ~[?:?]
	at java.util.stream.ReferencePipeline$3$1.accept(ReferencePipeline.java:195) ~[?:?]
	at java.util.Iterator.forEachRemaining(Iterator.java:133) ~[?:?]
	at java.util.Spliterators$IteratorSpliterator.forEachRemaining(Spliterators.java:1801) ~[?:?]
	at java.util.stream.AbstractPipeline.copyInto(AbstractPipeline.java:484) ~[?:?]
	at java.util.stream.AbstractPipeline.wrapAndCopyInto(AbstractPipeline.java:474) ~[?:?]
	at java.util.stream.ForEachOps$ForEachOp.evaluateSequential(ForEachOps.java:150) ~[?:?]
	at java.util.stream.ForEachOps$ForEachOp$OfRef.evaluateSequential(ForEachOps.java:173) ~[?:?]
	at java.util.stream.AbstractPipeline.evaluate(AbstractPipeline.java:234) ~[?:?]
	at java.util.stream.ReferencePipeline.forEach(ReferencePipeline.java:497) ~[?:?]
	at org.junit.vintage.engine.VintageTestEngine.executeAllChildren(VintageTestEngine.java:82) ~[junit-vintage-engine-5.7.2.jar:5.7.2]
	at org.junit.vintage.engine.VintageTestEngine.execute(VintageTestEngine.java:73) ~[junit-vintage-engine-5.7.2.jar:5.7.2]
	at org.junit.platform.launcher.core.DefaultLauncher.execute(DefaultLauncher.java:220) ~[junit-platform-launcher-1.3.1.jar:1.3.1]
	at org.junit.platform.launcher.core.DefaultLauncher.lambda$execute$6(DefaultLauncher.java:188) ~[junit-platform-launcher-1.3.1.jar:1.3.1]
	at org.junit.platform.launcher.core.DefaultLauncher.withInterceptedStreams(DefaultLauncher.java:202) ~[junit-platform-launcher-1.3.1.jar:1.3.1]
	at org.junit.platform.launcher.core.DefaultLauncher.execute(DefaultLauncher.java:181) ~[junit-platform-launcher-1.3.1.jar:1.3.1]
	at org.junit.platform.launcher.core.DefaultLauncher.execute(DefaultLauncher.java:128) ~[junit-platform-launcher-1.3.1.jar:1.3.1]
	at org.apache.maven.surefire.junitplatform.JUnitPlatformProvider.invokeAllTests(JUnitPlatformProvider.java:150) ~[surefire-junit-platform-2.22.2.jar:2.22.2]
	at org.apache.maven.surefire.junitplatform.JUnitPlatformProvider.invoke(JUnitPlatformProvider.java:124) ~[surefire-junit-platform-2.22.2.jar:2.22.2]
	at org.apache.maven.surefire.booter.ForkedBooter.invokeProviderInSameClassLoader(ForkedBooter.java:384) ~[surefire-booter-2.22.2.jar:2.22.2]
	at org.apache.maven.surefire.booter.ForkedBooter.runSuitesInProcess(ForkedBooter.java:345) ~[surefire-booter-2.22.2.jar:2.22.2]
	at org.apache.maven.surefire.booter.ForkedBooter.execute(ForkedBooter.java:126) ~[surefire-booter-2.22.2.jar:2.22.2]
	at org.apache.maven.surefire.booter.ForkedBooter.main(ForkedBooter.java:418) ~[surefire-booter-2.22.2.jar:2.22.2]
Caused by: org.springframework.beans.factory.BeanCreationException: Error creating bean with name 'flywayInitializer' defined in class path resource [org/springframework/boot/autoconfigure/flyway/FlywayAutoConfiguration$FlywayConfiguration.class]: Invocation of init method failed; nested exception is org.flywaydb.core.internal.exception.FlywaySqlException: Unable to determine H2 compatibility mode
-----------------------------------------
SQL State  : 42001
Error Code : 42001
Message    : Syntax error in SQL statement "SELECT [*]VALUE FROM INFORMATION_SCHEMA.SETTINGS WHERE NAME = 'MODE'"; expected "TOP, DISTINCT, ALL, *, INTERSECTS, NOT, EXISTS, UNIQUE, INTERSECTS"; SQL statement:
SELECT VALUE FROM INFORMATION_SCHEMA.SETTINGS WHERE NAME = 'MODE' [42001-210]

	at org.springframework.beans.factory.support.AbstractAutowireCapableBeanFactory.initializeBean(AbstractAutowireCapableBeanFactory.java:1804) ~[spring-beans-5.3.10.jar:5.3.10]
	at org.springframework.beans.factory.support.AbstractAutowireCapableBeanFactory.doCreateBean(AbstractAutowireCapableBeanFactory.java:620) ~[spring-beans-5.3.10.jar:5.3.10]
	at org.springframework.beans.factory.support.AbstractAutowireCapableBeanFactory.createBean(AbstractAutowireCapableBeanFactory.java:542) ~[spring-beans-5.3.10.jar:5.3.10]
	at org.springframework.beans.factory.support.AbstractBeanFactory.lambda$doGetBean$0(AbstractBeanFactory.java:335) ~[spring-beans-5.3.10.jar:5.3.10]
	at org.springframework.beans.factory.support.DefaultSingletonBeanRegistry.getSingleton(DefaultSingletonBeanRegistry.java:234) ~[spring-beans-5.3.10.jar:5.3.10]
	at org.springframework.beans.factory.support.AbstractBeanFactory.doGetBean(AbstractBeanFactory.java:333) ~[spring-beans-5.3.10.jar:5.3.10]
	at org.springframework.beans.factory.support.AbstractBeanFactory.getBean(AbstractBeanFactory.java:208) ~[spring-beans-5.3.10.jar:5.3.10]
	at org.springframework.beans.factory.support.AbstractBeanFactory.doGetBean(AbstractBeanFactory.java:322) ~[spring-beans-5.3.10.jar:5.3.10]
	at org.springframework.beans.factory.support.AbstractBeanFactory.getBean(AbstractBeanFactory.java:208) ~[spring-beans-5.3.10.jar:5.3.10]
	at org.springframework.context.support.AbstractApplicationContext.getBean(AbstractApplicationContext.java:1154) ~[spring-context-5.3.10.jar:5.3.10]
	at org.springframework.context.support.AbstractApplicationContext.finishBeanFactoryInitialization(AbstractApplicationContext.java:908) ~[spring-context-5.3.10.jar:5.3.10]
	at org.springframework.context.support.AbstractApplicationContext.refresh(AbstractApplicationContext.java:583) ~[spring-context-5.3.10.jar:5.3.10]
	at org.springframework.boot.SpringApplication.refresh(SpringApplication.java:754) ~[spring-boot-2.5.5.jar:2.5.5]
	at org.springframework.boot.SpringApplication.refreshContext(SpringApplication.java:434) ~[spring-boot-2.5.5.jar:2.5.5]
	at org.springframework.boot.SpringApplication.run(SpringApplication.java:338) ~[spring-boot-2.5.5.jar:2.5.5]
	at org.springframework.boot.test.context.SpringBootContextLoader.loadContext(SpringBootContextLoader.java:123) ~[spring-boot-test-2.5.5.jar:2.5.5]
	at org.springframework.test.context.cache.DefaultCacheAwareContextLoaderDelegate.loadContextInternal(DefaultCacheAwareContextLoaderDelegate.java:99) ~[spring-test-5.3.10.jar:5.3.10]
	at org.springframework.test.context.cache.DefaultCacheAwareContextLoaderDelegate.loadContext(DefaultCacheAwareContextLoaderDelegate.java:124) ~[spring-test-5.3.10.jar:5.3.10]
	... 47 more
Caused by: org.flywaydb.core.internal.exception.FlywaySqlException: Unable to determine H2 compatibility mode
-----------------------------------------
SQL State  : 42001
Error Code : 42001
Message    : Syntax error in SQL statement "SELECT [*]VALUE FROM INFORMATION_SCHEMA.SETTINGS WHERE NAME = 'MODE'"; expected "TOP, DISTINCT, ALL, *, INTERSECTS, NOT, EXISTS, UNIQUE, INTERSECTS"; SQL statement:
SELECT VALUE FROM INFORMATION_SCHEMA.SETTINGS WHERE NAME = 'MODE' [42001-210]

	at org.flywaydb.core.internal.database.h2.H2Database.determineCompatibilityMode(H2Database.java:92) ~[flyway-core-7.15.0.jar:?]
	at org.flywaydb.core.internal.database.h2.H2Database.<init>(H2Database.java:61) ~[flyway-core-7.15.0.jar:?]
	at org.flywaydb.core.internal.database.h2.H2DatabaseType.createDatabase(H2DatabaseType.java:61) ~[flyway-core-7.15.0.jar:?]
	at org.flywaydb.core.internal.database.base.BaseDatabaseType.createDatabase(BaseDatabaseType.java:141) ~[flyway-core-7.15.0.jar:?]
	at org.flywaydb.core.Flyway.execute(Flyway.java:543) ~[flyway-core-7.15.0.jar:?]
	at org.flywaydb.core.Flyway.migrate(Flyway.java:170) ~[flyway-core-7.15.0.jar:?]
	at org.springframework.boot.autoconfigure.flyway.FlywayMigrationInitializer.afterPropertiesSet(FlywayMigrationInitializer.java:66) ~[spring-boot-autoconfigure-2.5.5.jar:2.5.5]
	at org.springframework.beans.factory.support.AbstractAutowireCapableBeanFactory.invokeInitMethods(AbstractAutowireCapableBeanFactory.java:1863) ~[spring-beans-5.3.10.jar:5.3.10]
	at org.springframework.beans.factory.support.AbstractAutowireCapableBeanFactory.initializeBean(AbstractAutowireCapableBeanFactory.java:1800) ~[spring-beans-5.3.10.jar:5.3.10]
	at org.springframework.beans.factory.support.AbstractAutowireCapableBeanFactory.doCreateBean(AbstractAutowireCapableBeanFactory.java:620) ~[spring-beans-5.3.10.jar:5.3.10]
	at org.springframework.beans.factory.support.AbstractAutowireCapableBeanFactory.createBean(AbstractAutowireCapableBeanFactory.java:542) ~[spring-beans-5.3.10.jar:5.3.10]
	at org.springframework.beans.factory.support.AbstractBeanFactory.lambda$doGetBean$0(AbstractBeanFactory.java:335) ~[spring-beans-5.3.10.jar:5.3.10]
	at org.springframework.beans.factory.support.DefaultSingletonBeanRegistry.getSingleton(DefaultSingletonBeanRegistry.java:234) ~[spring-beans-5.3.10.jar:5.3.10]
	at org.springframework.beans.factory.support.AbstractBeanFactory.doGetBean(AbstractBeanFactory.java:333) ~[spring-beans-5.3.10.jar:5.3.10]
	at org.springframework.beans.factory.support.AbstractBeanFactory.getBean(AbstractBeanFactory.java:208) ~[spring-beans-5.3.10.jar:5.3.10]
	at org.springframework.beans.factory.support.AbstractBeanFactory.doGetBean(AbstractBeanFactory.java:322) ~[spring-beans-5.3.10.jar:5.3.10]
	at org.springframework.beans.factory.support.AbstractBeanFactory.getBean(AbstractBeanFactory.java:208) ~[spring-beans-5.3.10.jar:5.3.10]
	at org.springframework.context.support.AbstractApplicationContext.getBean(AbstractApplicationContext.java:1154) ~[spring-context-5.3.10.jar:5.3.10]
	at org.springframework.context.support.AbstractApplicationContext.finishBeanFactoryInitialization(AbstractApplicationContext.java:908) ~[spring-context-5.3.10.jar:5.3.10]
	at org.springframework.context.support.AbstractApplicationContext.refresh(AbstractApplicationContext.java:583) ~[spring-context-5.3.10.jar:5.3.10]
	at org.springframework.boot.SpringApplication.refresh(SpringApplication.java:754) ~[spring-boot-2.5.5.jar:2.5.5]
	at org.springframework.boot.SpringApplication.refreshContext(SpringApplication.java:434) ~[spring-boot-2.5.5.jar:2.5.5]
	at org.springframework.boot.SpringApplication.run(SpringApplication.java:338) ~[spring-boot-2.5.5.jar:2.5.5]
	at org.springframework.boot.test.context.SpringBootContextLoader.loadContext(SpringBootContextLoader.java:123) ~[spring-boot-test-2.5.5.jar:2.5.5]
	at org.springframework.test.context.cache.DefaultCacheAwareContextLoaderDelegate.loadContextInternal(DefaultCacheAwareContextLoaderDelegate.java:99) ~[spring-test-5.3.10.jar:5.3.10]
	at org.springframework.test.context.cache.DefaultCacheAwareContextLoaderDelegate.loadContext(DefaultCacheAwareContextLoaderDelegate.java:124) ~[spring-test-5.3.10.jar:5.3.10]
	... 47 more
Caused by: org.h2.jdbc.JdbcSQLSyntaxErrorException: Syntax error in SQL statement "SELECT [*]VALUE FROM INFORMATION_SCHEMA.SETTINGS WHERE NAME = 'MODE'"; expected "TOP, DISTINCT, ALL, *, INTERSECTS, NOT, EXISTS, UNIQUE, INTERSECTS"; SQL statement:
SELECT VALUE FROM INFORMATION_SCHEMA.SETTINGS WHERE NAME = 'MODE' [42001-210]
	at org.h2.message.DbException.getJdbcSQLException(DbException.java:521) ~[h2-2.1.210.jar:2.1.210]
	at org.h2.message.DbException.getJdbcSQLException(DbException.java:496) ~[h2-2.1.210.jar:2.1.210]
	at org.h2.message.DbException.getSyntaxError(DbException.java:265) ~[h2-2.1.210.jar:2.1.210]
	at org.h2.command.Parser.getSyntaxError(Parser.java:890) ~[h2-2.1.210.jar:2.1.210]
	at org.h2.command.Parser.readTerm(Parser.java:5191) ~[h2-2.1.210.jar:2.1.210]
	at org.h2.command.Parser.readFactor(Parser.java:3423) ~[h2-2.1.210.jar:2.1.210]
	at org.h2.command.Parser.readSum(Parser.java:3410) ~[h2-2.1.210.jar:2.1.210]
	at org.h2.command.Parser.readConcat(Parser.java:3375) ~[h2-2.1.210.jar:2.1.210]
	at org.h2.command.Parser.readCondition(Parser.java:3160) ~[h2-2.1.210.jar:2.1.210]
	at org.h2.command.Parser.readExpression(Parser.java:3076) ~[h2-2.1.210.jar:2.1.210]
	at org.h2.command.Parser.parseSelectExpressions(Parser.java:2876) ~[h2-2.1.210.jar:2.1.210]
	at org.h2.command.Parser.parseSelect(Parser.java:2893) ~[h2-2.1.210.jar:2.1.210]
	at org.h2.command.Parser.parseQueryPrimary(Parser.java:2783) ~[h2-2.1.210.jar:2.1.210]
	at org.h2.command.Parser.parseQueryTerm(Parser.java:2650) ~[h2-2.1.210.jar:2.1.210]
	at org.h2.command.Parser.parseQueryExpressionBody(Parser.java:2629) ~[h2-2.1.210.jar:2.1.210]
	at org.h2.command.Parser.parseQueryExpressionBodyAndEndOfQuery(Parser.java:2622) ~[h2-2.1.210.jar:2.1.210]
	at org.h2.command.Parser.parseQueryExpression(Parser.java:2615) ~[h2-2.1.210.jar:2.1.210]
	at org.h2.command.Parser.parseQuery(Parser.java:2576) ~[h2-2.1.210.jar:2.1.210]
	at org.h2.command.Parser.parsePrepared(Parser.java:707) ~[h2-2.1.210.jar:2.1.210]
	at org.h2.command.Parser.parse(Parser.java:674) ~[h2-2.1.210.jar:2.1.210]
	at org.h2.command.Parser.parse(Parser.java:649) ~[h2-2.1.210.jar:2.1.210]
	at org.h2.command.Parser.prepareCommand(Parser.java:551) ~[h2-2.1.210.jar:2.1.210]
	at org.h2.engine.SessionLocal.prepareLocal(SessionLocal.java:615) ~[h2-2.1.210.jar:2.1.210]
	at org.h2.engine.SessionLocal.prepareCommand(SessionLocal.java:553) ~[h2-2.1.210.jar:2.1.210]
	at org.h2.jdbc.JdbcConnection.prepareCommand(JdbcConnection.java:1116) ~[h2-2.1.210.jar:2.1.210]
	at org.h2.jdbc.JdbcPreparedStatement.<init>(JdbcPreparedStatement.java:92) ~[h2-2.1.210.jar:2.1.210]
	at org.h2.jdbc.JdbcConnection.prepareStatement(JdbcConnection.java:288) ~[h2-2.1.210.jar:2.1.210]
	at org.flywaydb.core.internal.jdbc.JdbcTemplate.prepareStatement(JdbcTemplate.java:344) ~[flyway-core-7.15.0.jar:?]
	at org.flywaydb.core.internal.jdbc.JdbcTemplate.queryForString(JdbcTemplate.java:196) ~[flyway-core-7.15.0.jar:?]
	at org.flywaydb.core.internal.database.h2.H2Database.determineCompatibilityMode(H2Database.java:87) ~[flyway-core-7.15.0.jar:?]
	at org.flywaydb.core.internal.database.h2.H2Database.<init>(H2Database.java:61) ~[flyway-core-7.15.0.jar:?]
	at org.flywaydb.core.internal.database.h2.H2DatabaseType.createDatabase(H2DatabaseType.java:61) ~[flyway-core-7.15.0.jar:?]
	at org.flywaydb.core.internal.database.base.BaseDatabaseType.createDatabase(BaseDatabaseType.java:141) ~[flyway-core-7.15.0.jar:?]
	at org.flywaydb.core.Flyway.execute(Flyway.java:543) ~[flyway-core-7.15.0.jar:?]
	at org.flywaydb.core.Flyway.migrate(Flyway.java:170) ~[flyway-core-7.15.0.jar:?]
	at org.springframework.boot.autoconfigure.flyway.FlywayMigrationInitializer.afterPropertiesSet(FlywayMigrationInitializer.java:66) ~[spring-boot-autoconfigure-2.5.5.jar:2.5.5]
	at org.springframework.beans.factory.support.AbstractAutowireCapableBeanFactory.invokeInitMethods(AbstractAutowireCapableBeanFactory.java:1863) ~[spring-beans-5.3.10.jar:5.3.10]
	at org.springframework.beans.factory.support.AbstractAutowireCapableBeanFactory.initializeBean(AbstractAutowireCapableBeanFactory.java:1800) ~[spring-beans-5.3.10.jar:5.3.10]
	at org.springframework.beans.factory.support.AbstractAutowireCapableBeanFactory.doCreateBean(AbstractAutowireCapableBeanFactory.java:620) ~[spring-beans-5.3.10.jar:5.3.10]
	at org.springframework.beans.factory.support.AbstractAutowireCapableBeanFactory.createBean(AbstractAutowireCapableBeanFactory.java:542) ~[spring-beans-5.3.10.jar:5.3.10]
	at org.springframework.beans.factory.support.AbstractBeanFactory.lambda$doGetBean$0(AbstractBeanFactory.java:335) ~[spring-beans-5.3.10.jar:5.3.10]
	at org.springframework.beans.factory.support.DefaultSingletonBeanRegistry.getSingleton(DefaultSingletonBeanRegistry.java:234) ~[spring-beans-5.3.10.jar:5.3.10]
	at org.springframework.beans.factory.support.AbstractBeanFactory.doGetBean(AbstractBeanFactory.java:333) ~[spring-beans-5.3.10.jar:5.3.10]
	at org.springframework.beans.factory.support.AbstractBeanFactory.getBean(AbstractBeanFactory.java:208) ~[spring-beans-5.3.10.jar:5.3.10]
	at org.springframework.beans.factory.support.AbstractBeanFactory.doGetBean(AbstractBeanFactory.java:322) ~[spring-beans-5.3.10.jar:5.3.10]
	at org.springframework.beans.factory.support.AbstractBeanFactory.getBean(AbstractBeanFactory.java:208) ~[spring-beans-5.3.10.jar:5.3.10]
	at org.springframework.context.support.AbstractApplicationContext.getBean(AbstractApplicationContext.java:1154) ~[spring-context-5.3.10.jar:5.3.10]
	at org.springframework.context.support.AbstractApplicationContext.finishBeanFactoryInitialization(AbstractApplicationContext.java:908) ~[spring-context-5.3.10.jar:5.3.10]
	at org.springframework.context.support.AbstractApplicationContext.refresh(AbstractApplicationContext.java:583) ~[spring-context-5.3.10.jar:5.3.10]
	at org.springframework.boot.SpringApplication.refresh(SpringApplication.java:754) ~[spring-boot-2.5.5.jar:2.5.5]
	at org.springframework.boot.SpringApplication.refreshContext(SpringApplication.java:434) ~[spring-boot-2.5.5.jar:2.5.5]
	at org.springframework.boot.SpringApplication.run(SpringApplication.java:338) ~[spring-boot-2.5.5.jar:2.5.5]
	at org.springframework.boot.test.context.SpringBootContextLoader.loadContext(SpringBootContextLoader.java:123) ~[spring-boot-test-2.5.5.jar:2.5.5]
	at org.springframework.test.context.cache.DefaultCacheAwareContextLoaderDelegate.loadContextInternal(DefaultCacheAwareContextLoaderDelegate.java:99) ~[spring-test-5.3.10.jar:5.3.10]
	at org.springframework.test.context.cache.DefaultCacheAwareContextLoaderDelegate.loadContext(DefaultCacheAwareContextLoaderDelegate.java:124) ~[spring-test-5.3.10.jar:5.3.10]
	... 47 more

[ERROR] Tests run: 2, Failures: 0, Errors: 2, Skipped: 0, Time elapsed: 1.649 s <<< FAILURE! - in de.starwit.persistence.repository.AppRepositoryTest
[ERROR] testFindAll  Time elapsed: 0.004 s  <<< ERROR!
java.lang.IllegalStateException: Failed to load ApplicationContext
Caused by: org.springframework.beans.factory.BeanCreationException: 
Error creating bean with name 'flywayInitializer' defined in class path resource [org/springframework/boot/autoconfigure/flyway/FlywayAutoConfiguration$FlywayConfiguration.class]: Invocation of init method failed; nested exception is org.flywaydb.core.internal.exception.FlywaySqlException: Unable to determine H2 compatibility mode
-----------------------------------------
SQL State  : 42001
Error Code : 42001
Message    : Syntax error in SQL statement "SELECT [*]VALUE FROM INFORMATION_SCHEMA.SETTINGS WHERE NAME = 'MODE'"; expected "TOP, DISTINCT, ALL, *, INTERSECTS, NOT, EXISTS, UNIQUE, INTERSECTS"; SQL statement:
SELECT VALUE FROM INFORMATION_SCHEMA.SETTINGS WHERE NAME = 'MODE' [42001-210]

Caused by: org.flywaydb.core.internal.exception.FlywaySqlException: 
Unable to determine H2 compatibility mode
-----------------------------------------
SQL State  : 42001
Error Code : 42001
Message    : Syntax error in SQL statement "SELECT [*]VALUE FROM INFORMATION_SCHEMA.SETTINGS WHERE NAME = 'MODE'"; expected "TOP, DISTINCT, ALL, *, INTERSECTS, NOT, EXISTS, UNIQUE, INTERSECTS"; SQL statement:
SELECT VALUE FROM INFORMATION_SCHEMA.SETTINGS WHERE NAME = 'MODE' [42001-210]

Caused by: org.h2.jdbc.JdbcSQLSyntaxErrorException: 
Syntax error in SQL statement "SELECT [*]VALUE FROM INFORMATION_SCHEMA.SETTINGS WHERE NAME = 'MODE'"; expected "TOP, DISTINCT, ALL, *, INTERSECTS, NOT, EXISTS, UNIQUE, INTERSECTS"; SQL statement:
SELECT VALUE FROM INFORMATION_SCHEMA.SETTINGS WHERE NAME = 'MODE' [42001-210]

[ERROR] testCountAppUsingTemplate  Time elapsed: 0 s  <<< ERROR!
java.lang.IllegalStateException: Failed to load ApplicationContext
Caused by: org.springframework.beans.factory.BeanCreationException: 
Error creating bean with name 'flywayInitializer' defined in class path resource [org/springframework/boot/autoconfigure/flyway/FlywayAutoConfiguration$FlywayConfiguration.class]: Invocation of init method failed; nested exception is org.flywaydb.core.internal.exception.FlywaySqlException: Unable to determine H2 compatibility mode
-----------------------------------------
SQL State  : 42001
Error Code : 42001
Message    : Syntax error in SQL statement "SELECT [*]VALUE FROM INFORMATION_SCHEMA.SETTINGS WHERE NAME = 'MODE'"; expected "TOP, DISTINCT, ALL, *, INTERSECTS, NOT, EXISTS, UNIQUE, INTERSECTS"; SQL statement:
SELECT VALUE FROM INFORMATION_SCHEMA.SETTINGS WHERE NAME = 'MODE' [42001-210]

Caused by: org.flywaydb.core.internal.exception.FlywaySqlException: 
Unable to determine H2 compatibility mode
-----------------------------------------
SQL State  : 42001
Error Code : 42001
Message    : Syntax error in SQL statement "SELECT [*]VALUE FROM INFORMATION_SCHEMA.SETTINGS WHERE NAME = 'MODE'"; expected "TOP, DISTINCT, ALL, *, INTERSECTS, NOT, EXISTS, UNIQUE, INTERSECTS"; SQL statement:
SELECT VALUE FROM INFORMATION_SCHEMA.SETTINGS WHERE NAME = 'MODE' [42001-210]

Caused by: org.h2.jdbc.JdbcSQLSyntaxErrorException: 
Syntax error in SQL statement "SELECT [*]VALUE FROM INFORMATION_SCHEMA.SETTINGS WHERE NAME = 'MODE'"; expected "TOP, DISTINCT, ALL, *, INTERSECTS, NOT, EXISTS, UNIQUE, INTERSECTS"; SQL statement:
SELECT VALUE FROM INFORMATION_SCHEMA.SETTINGS WHERE NAME = 'MODE' [42001-210]

[INFO] 
[INFO] Results:
[INFO] 
[ERROR] Errors: 
[ERROR]   AppRepositoryTest.testCountAppUsingTemplate  IllegalState Failed to load Appl...
[ERROR]   AppRepositoryTest.testFindAll  IllegalState Failed to load ApplicationContext
[INFO] 
[ERROR] Tests run: 2, Failures: 0, Errors: 2, Skipped: 0
[INFO] 
[INFO] ------------------------------------------------------------------------
[INFO] Reactor Summary for ljprojectbuilder 0.0.1-SNAPSHOT:
[INFO] 
[INFO] ljprojectbuilder ................................... SUCCESS [  0.115 s]
[INFO] webclient .......................................... SUCCESS [  0.002 s]
[INFO] persistence ........................................ FAILURE [  4.567 s]
[INFO] service ............................................ SKIPPED
[INFO] generator .......................................... SKIPPED
[INFO] rest ............................................... SKIPPED
[INFO] application ........................................ SKIPPED
[INFO] ------------------------------------------------------------------------
[INFO] BUILD FAILURE
[INFO] ------------------------------------------------------------------------
[INFO] Total time:  4.865 s
[INFO] Finished at: 2023-01-13T22:32:40Z
[INFO] ------------------------------------------------------------------------
[ERROR] Failed to execute goal org.apache.maven.plugins:maven-surefire-plugin:2.22.2:test (default-test) on project persistence: There are test failures.
[ERROR] 
[ERROR] Please refer to /home/gabsko/breaking-updates/persistence/target/surefire-reports for the individual test results.
[ERROR] Please refer to dump files (if any exist) [date].dump, [date]-jvmRun[N].dump and [date].dumpstream.
[ERROR] -> [Help 1]
[ERROR] 
[ERROR] To see the full stack trace of the errors, re-run Maven with the -e switch.
[ERROR] Re-run Maven using the -X switch to enable full debug logging.
[ERROR] 
[ERROR] For more information about the errors and possible solutions, please read the following articles:
[ERROR] [Help 1] http://cwiki.apache.org/confluence/display/MAVEN/MojoFailureException
[ERROR] 
[ERROR] After correcting the problems, you can resume the build with the command
[ERROR]   mvn <args> -rf :persistence
