[INFO] Scanning for projects...
[WARNING] 
[WARNING] Some problems were encountered while building the effective model for org.assertj:assertj-vavr:jar:0.4.3-SNAPSHOT
[WARNING] The expression ${inceptionYear} is deprecated. Please use ${project.inceptionYear} instead.
[WARNING] 
[WARNING] It is highly recommended to fix these problems because they threaten the stability of your build.
[WARNING] 
[WARNING] For this reason, future Maven versions might no longer support building such malformed projects.
[WARNING] 
[INFO] Inspecting build with total of 1 modules...
[INFO] Installing Nexus Staging features:
[INFO]   ... total of 1 executions of maven-deploy-plugin replaced with nexus-staging-maven-plugin
[INFO] 
[INFO] ----------------------< org.assertj:assertj-vavr >----------------------
[INFO] Building AssertJ fluent assertions for Vavr 0.4.3-SNAPSHOT
[INFO] --------------------------------[ jar ]---------------------------------
[INFO] 
[INFO] --- maven-clean-plugin:3.2.0:clean (default-clean) @ assertj-vavr ---
[INFO] Deleting /home/gabsko/breaking-updates/target
[INFO] 
[INFO] --- maven-enforcer-plugin:3.0.0:enforce (enforce-maven) @ assertj-vavr ---
[INFO] 
[INFO] --- jacoco-maven-plugin:0.8.8:prepare-agent (prepare-agent) @ assertj-vavr ---
[INFO] argLine set to -javaagent:/home/gabsko/.m2/repository/org/jacoco/org.jacoco.agent/0.8.8/org.jacoco.agent-0.8.8-runtime.jar=destfile=/home/gabsko/breaking-updates/target/jacoco.exec
[INFO] 
[INFO] --- maven-resources-plugin:3.2.0:resources (default-resources) @ assertj-vavr ---
[INFO] Using 'UTF-8' encoding to copy filtered resources.
[INFO] Using 'UTF-8' encoding to copy filtered properties files.
[INFO] skip non existing resourceDirectory /home/gabsko/breaking-updates/src/main/resources
[INFO] 
[INFO] --- maven-compiler-plugin:3.10.1:compile (default-compile) @ assertj-vavr ---
[INFO] Changes detected - recompiling the module!
[INFO] Compiling 52 source files to /home/gabsko/breaking-updates/target/classes
[INFO] /home/gabsko/breaking-updates/src/main/java/org/assertj/vavr/api/AbstractEitherAssert.java: Some input files use or override a deprecated API.
[INFO] /home/gabsko/breaking-updates/src/main/java/org/assertj/vavr/api/AbstractEitherAssert.java: Recompile with -Xlint:deprecation for details.
[INFO] /home/gabsko/breaking-updates/src/main/java/org/assertj/vavr/api/AbstractMapAssert.java: Some input files use unchecked or unsafe operations.
[INFO] /home/gabsko/breaking-updates/src/main/java/org/assertj/vavr/api/AbstractMapAssert.java: Recompile with -Xlint:unchecked for details.
[INFO] -------------------------------------------------------------
[ERROR] COMPILATION ERROR : 
[INFO] -------------------------------------------------------------
[ERROR] /home/gabsko/breaking-updates/src/main/java/org/assertj/vavr/api/VavrAssumptions.java:[24,43] package org.assertj.core.internal.bytebuddy does not exist
[ERROR] /home/gabsko/breaking-updates/src/main/java/org/assertj/vavr/api/VavrAssumptions.java:[25,43] package org.assertj.core.internal.bytebuddy does not exist
[ERROR] /home/gabsko/breaking-updates/src/main/java/org/assertj/vavr/api/VavrAssumptions.java:[26,53] package org.assertj.core.internal.bytebuddy.TypeCache does not exist
[ERROR] /home/gabsko/breaking-updates/src/main/java/org/assertj/vavr/api/VavrAssumptions.java:[27,60] package org.assertj.core.internal.bytebuddy.dynamic.scaffold does not exist
[ERROR] /home/gabsko/breaking-updates/src/main/java/org/assertj/vavr/api/VavrAssumptions.java:[28,58] package org.assertj.core.internal.bytebuddy.implementation does not exist
[ERROR] /home/gabsko/breaking-updates/src/main/java/org/assertj/vavr/api/VavrAssumptions.java:[29,58] package org.assertj.core.internal.bytebuddy.implementation does not exist
[ERROR] /home/gabsko/breaking-updates/src/main/java/org/assertj/vavr/api/VavrAssumptions.java:[30,68] package org.assertj.core.internal.bytebuddy.implementation.auxiliary does not exist
[ERROR] /home/gabsko/breaking-updates/src/main/java/org/assertj/vavr/api/VavrAssumptions.java:[31,74] package org.assertj.core.internal.bytebuddy.implementation.bind.annotation does not exist
[ERROR] /home/gabsko/breaking-updates/src/main/java/org/assertj/vavr/api/VavrAssumptions.java:[32,74] package org.assertj.core.internal.bytebuddy.implementation.bind.annotation does not exist
[ERROR] /home/gabsko/breaking-updates/src/main/java/org/assertj/vavr/api/VavrAssumptions.java:[33,74] package org.assertj.core.internal.bytebuddy.implementation.bind.annotation does not exist
[ERROR] /home/gabsko/breaking-updates/src/main/java/org/assertj/vavr/api/VavrAssumptions.java:[40,58] package org.assertj.core.internal.bytebuddy.matcher does not exist
[ERROR] /home/gabsko/breaking-updates/src/main/java/org/assertj/vavr/api/VavrAssumptions.java:[40,1] static import only from classes and interfaces
[ERROR] /home/gabsko/breaking-updates/src/main/java/org/assertj/vavr/api/ClassLoadingStrategyFactory.java:[16,59] package org.assertj.core.internal.bytebuddy.dynamic.loading does not exist
[ERROR] /home/gabsko/breaking-updates/src/main/java/org/assertj/vavr/api/ClassLoadingStrategyFactory.java:[17,59] package org.assertj.core.internal.bytebuddy.dynamic.loading does not exist
[ERROR] /home/gabsko/breaking-updates/src/main/java/org/assertj/vavr/api/VavrAssumptions.java:[50,26] cannot find symbol
  symbol:   class ByteBuddy
  location: class org.assertj.vavr.api.VavrAssumptions
[ERROR] /home/gabsko/breaking-updates/src/main/java/org/assertj/vavr/api/VavrAssumptions.java:[53,26] cannot find symbol
  symbol:   class Implementation
  location: class org.assertj.vavr.api.VavrAssumptions
[ERROR] /home/gabsko/breaking-updates/src/main/java/org/assertj/vavr/api/VavrAssumptions.java:[55,26] cannot find symbol
  symbol:   class TypeCache
  location: class org.assertj.vavr.api.VavrAssumptions
[ERROR] /home/gabsko/breaking-updates/src/main/java/org/assertj/vavr/api/VavrAssumptions.java:[55,36] cannot find symbol
  symbol:   class SimpleKey
  location: class org.assertj.vavr.api.VavrAssumptions
[ERROR] /home/gabsko/breaking-updates/src/main/java/org/assertj/vavr/api/ClassLoadingStrategyFactory.java:[29,12] cannot find symbol
  symbol:   class ClassLoadingStrategy
  location: class org.assertj.vavr.api.ClassLoadingStrategyFactory
[ERROR] /home/gabsko/breaking-updates/src/main/java/org/assertj/vavr/api/VavrAssumptions.java:[60,41] cannot find symbol
  symbol:   class This
  location: class org.assertj.vavr.api.VavrAssumptions.AssumptionMethodInterceptor
[ERROR] /home/gabsko/breaking-updates/src/main/java/org/assertj/vavr/api/VavrAssumptions.java:[60,83] cannot find symbol
  symbol:   class SuperCall
  location: class org.assertj.vavr.api.VavrAssumptions.AssumptionMethodInterceptor
[ERROR] /home/gabsko/breaking-updates/src/main/java/org/assertj/vavr/api/VavrAssumptions.java:[59,10] cannot find symbol
  symbol:   class RuntimeType
  location: class org.assertj.vavr.api.VavrAssumptions.AssumptionMethodInterceptor
[ERROR] /home/gabsko/breaking-updates/src/main/java/org/assertj/vavr/api/ClassLoadingStrategyFactory.java:[30,26] package ClassInjector does not exist
[ERROR] /home/gabsko/breaking-updates/src/main/java/org/assertj/vavr/api/ClassLoadingStrategyFactory.java:[31,40] package ClassLoadingStrategy does not exist
[ERROR] /home/gabsko/breaking-updates/src/main/java/org/assertj/vavr/api/ClassLoadingStrategyFactory.java:[32,33] package ClassInjector does not exist
[ERROR] /home/gabsko/breaking-updates/src/main/java/org/assertj/vavr/api/ClassLoadingStrategyFactory.java:[34,44] package ClassLoadingStrategy does not exist
[ERROR] /home/gabsko/breaking-updates/src/main/java/org/assertj/vavr/api/VavrAssumptions.java:[51,51] package AuxiliaryType.NamingStrategy does not exist
[ERROR] /home/gabsko/breaking-updates/src/main/java/org/assertj/vavr/api/VavrAssumptions.java:[50,70] cannot find symbol
  symbol:   variable TypeValidation
  location: class org.assertj.vavr.api.VavrAssumptions
[ERROR] /home/gabsko/breaking-updates/src/main/java/org/assertj/vavr/api/VavrAssumptions.java:[50,53] cannot find symbol
  symbol:   class ByteBuddy
  location: class org.assertj.vavr.api.VavrAssumptions
[ERROR] /home/gabsko/breaking-updates/src/main/java/org/assertj/vavr/api/VavrAssumptions.java:[53,54] cannot find symbol
  symbol:   variable MethodDelegation
  location: class org.assertj.vavr.api.VavrAssumptions
[ERROR] /home/gabsko/breaking-updates/src/main/java/org/assertj/vavr/api/VavrAssumptions.java:[55,68] package TypeCache does not exist
[ERROR] /home/gabsko/breaking-updates/src/main/java/org/assertj/vavr/api/VavrAssumptions.java:[55,101] package TypeCache does not exist
[ERROR] /home/gabsko/breaking-updates/src/main/java/org/assertj/vavr/api/VavrAssumptions.java:[215,9] cannot find symbol
  symbol:   class SimpleKey
  location: class org.assertj.vavr.api.VavrAssumptions
[ERROR] /home/gabsko/breaking-updates/src/main/java/org/assertj/vavr/api/VavrAssumptions.java:[215,34] cannot find symbol
  symbol:   class SimpleKey
  location: class org.assertj.vavr.api.VavrAssumptions
[ERROR] /home/gabsko/breaking-updates/src/main/java/org/assertj/vavr/api/VavrAssumptions.java:[223,25] cannot find symbol
  symbol:   method any()
  location: class org.assertj.vavr.api.VavrAssumptions
[INFO] 35 errors 
[INFO] -------------------------------------------------------------
[INFO] ------------------------------------------------------------------------
[INFO] BUILD FAILURE
[INFO] ------------------------------------------------------------------------
[INFO] Total time:  1.914 s
[INFO] Finished at: 2023-01-13T15:03:25Z
[INFO] ------------------------------------------------------------------------
[ERROR] Failed to execute goal org.apache.maven.plugins:maven-compiler-plugin:3.10.1:compile (default-compile) on project assertj-vavr: Compilation failure: Compilation failure: 
[ERROR] /home/gabsko/breaking-updates/src/main/java/org/assertj/vavr/api/VavrAssumptions.java:[24,43] package org.assertj.core.internal.bytebuddy does not exist
[ERROR] /home/gabsko/breaking-updates/src/main/java/org/assertj/vavr/api/VavrAssumptions.java:[25,43] package org.assertj.core.internal.bytebuddy does not exist
[ERROR] /home/gabsko/breaking-updates/src/main/java/org/assertj/vavr/api/VavrAssumptions.java:[26,53] package org.assertj.core.internal.bytebuddy.TypeCache does not exist
[ERROR] /home/gabsko/breaking-updates/src/main/java/org/assertj/vavr/api/VavrAssumptions.java:[27,60] package org.assertj.core.internal.bytebuddy.dynamic.scaffold does not exist
[ERROR] /home/gabsko/breaking-updates/src/main/java/org/assertj/vavr/api/VavrAssumptions.java:[28,58] package org.assertj.core.internal.bytebuddy.implementation does not exist
[ERROR] /home/gabsko/breaking-updates/src/main/java/org/assertj/vavr/api/VavrAssumptions.java:[29,58] package org.assertj.core.internal.bytebuddy.implementation does not exist
[ERROR] /home/gabsko/breaking-updates/src/main/java/org/assertj/vavr/api/VavrAssumptions.java:[30,68] package org.assertj.core.internal.bytebuddy.implementation.auxiliary does not exist
[ERROR] /home/gabsko/breaking-updates/src/main/java/org/assertj/vavr/api/VavrAssumptions.java:[31,74] package org.assertj.core.internal.bytebuddy.implementation.bind.annotation does not exist
[ERROR] /home/gabsko/breaking-updates/src/main/java/org/assertj/vavr/api/VavrAssumptions.java:[32,74] package org.assertj.core.internal.bytebuddy.implementation.bind.annotation does not exist
[ERROR] /home/gabsko/breaking-updates/src/main/java/org/assertj/vavr/api/VavrAssumptions.java:[33,74] package org.assertj.core.internal.bytebuddy.implementation.bind.annotation does not exist
[ERROR] /home/gabsko/breaking-updates/src/main/java/org/assertj/vavr/api/VavrAssumptions.java:[40,58] package org.assertj.core.internal.bytebuddy.matcher does not exist
[ERROR] /home/gabsko/breaking-updates/src/main/java/org/assertj/vavr/api/VavrAssumptions.java:[40,1] static import only from classes and interfaces
[ERROR] /home/gabsko/breaking-updates/src/main/java/org/assertj/vavr/api/ClassLoadingStrategyFactory.java:[16,59] package org.assertj.core.internal.bytebuddy.dynamic.loading does not exist
[ERROR] /home/gabsko/breaking-updates/src/main/java/org/assertj/vavr/api/ClassLoadingStrategyFactory.java:[17,59] package org.assertj.core.internal.bytebuddy.dynamic.loading does not exist
[ERROR] /home/gabsko/breaking-updates/src/main/java/org/assertj/vavr/api/VavrAssumptions.java:[50,26] cannot find symbol
[ERROR]   symbol:   class ByteBuddy
[ERROR]   location: class org.assertj.vavr.api.VavrAssumptions
[ERROR] /home/gabsko/breaking-updates/src/main/java/org/assertj/vavr/api/VavrAssumptions.java:[53,26] cannot find symbol
[ERROR]   symbol:   class Implementation
[ERROR]   location: class org.assertj.vavr.api.VavrAssumptions
[ERROR] /home/gabsko/breaking-updates/src/main/java/org/assertj/vavr/api/VavrAssumptions.java:[55,26] cannot find symbol
[ERROR]   symbol:   class TypeCache
[ERROR]   location: class org.assertj.vavr.api.VavrAssumptions
[ERROR] /home/gabsko/breaking-updates/src/main/java/org/assertj/vavr/api/VavrAssumptions.java:[55,36] cannot find symbol
[ERROR]   symbol:   class SimpleKey
[ERROR]   location: class org.assertj.vavr.api.VavrAssumptions
[ERROR] /home/gabsko/breaking-updates/src/main/java/org/assertj/vavr/api/ClassLoadingStrategyFactory.java:[29,12] cannot find symbol
[ERROR]   symbol:   class ClassLoadingStrategy
[ERROR]   location: class org.assertj.vavr.api.ClassLoadingStrategyFactory
[ERROR] /home/gabsko/breaking-updates/src/main/java/org/assertj/vavr/api/VavrAssumptions.java:[60,41] cannot find symbol
[ERROR]   symbol:   class This
[ERROR]   location: class org.assertj.vavr.api.VavrAssumptions.AssumptionMethodInterceptor
[ERROR] /home/gabsko/breaking-updates/src/main/java/org/assertj/vavr/api/VavrAssumptions.java:[60,83] cannot find symbol
[ERROR]   symbol:   class SuperCall
[ERROR]   location: class org.assertj.vavr.api.VavrAssumptions.AssumptionMethodInterceptor
[ERROR] /home/gabsko/breaking-updates/src/main/java/org/assertj/vavr/api/VavrAssumptions.java:[59,10] cannot find symbol
[ERROR]   symbol:   class RuntimeType
[ERROR]   location: class org.assertj.vavr.api.VavrAssumptions.AssumptionMethodInterceptor
[ERROR] /home/gabsko/breaking-updates/src/main/java/org/assertj/vavr/api/ClassLoadingStrategyFactory.java:[30,26] package ClassInjector does not exist
[ERROR] /home/gabsko/breaking-updates/src/main/java/org/assertj/vavr/api/ClassLoadingStrategyFactory.java:[31,40] package ClassLoadingStrategy does not exist
[ERROR] /home/gabsko/breaking-updates/src/main/java/org/assertj/vavr/api/ClassLoadingStrategyFactory.java:[32,33] package ClassInjector does not exist
[ERROR] /home/gabsko/breaking-updates/src/main/java/org/assertj/vavr/api/ClassLoadingStrategyFactory.java:[34,44] package ClassLoadingStrategy does not exist
[ERROR] /home/gabsko/breaking-updates/src/main/java/org/assertj/vavr/api/VavrAssumptions.java:[51,51] package AuxiliaryType.NamingStrategy does not exist
[ERROR] /home/gabsko/breaking-updates/src/main/java/org/assertj/vavr/api/VavrAssumptions.java:[50,70] cannot find symbol
[ERROR]   symbol:   variable TypeValidation
[ERROR]   location: class org.assertj.vavr.api.VavrAssumptions
[ERROR] /home/gabsko/breaking-updates/src/main/java/org/assertj/vavr/api/VavrAssumptions.java:[50,53] cannot find symbol
[ERROR]   symbol:   class ByteBuddy
[ERROR]   location: class org.assertj.vavr.api.VavrAssumptions
[ERROR] /home/gabsko/breaking-updates/src/main/java/org/assertj/vavr/api/VavrAssumptions.java:[53,54] cannot find symbol
[ERROR]   symbol:   variable MethodDelegation
[ERROR]   location: class org.assertj.vavr.api.VavrAssumptions
[ERROR] /home/gabsko/breaking-updates/src/main/java/org/assertj/vavr/api/VavrAssumptions.java:[55,68] package TypeCache does not exist
[ERROR] /home/gabsko/breaking-updates/src/main/java/org/assertj/vavr/api/VavrAssumptions.java:[55,101] package TypeCache does not exist
[ERROR] /home/gabsko/breaking-updates/src/main/java/org/assertj/vavr/api/VavrAssumptions.java:[215,9] cannot find symbol
[ERROR]   symbol:   class SimpleKey
[ERROR]   location: class org.assertj.vavr.api.VavrAssumptions
[ERROR] /home/gabsko/breaking-updates/src/main/java/org/assertj/vavr/api/VavrAssumptions.java:[215,34] cannot find symbol
[ERROR]   symbol:   class SimpleKey
[ERROR]   location: class org.assertj.vavr.api.VavrAssumptions
[ERROR] /home/gabsko/breaking-updates/src/main/java/org/assertj/vavr/api/VavrAssumptions.java:[223,25] cannot find symbol
[ERROR]   symbol:   method any()
[ERROR]   location: class org.assertj.vavr.api.VavrAssumptions
[ERROR] -> [Help 1]
[ERROR] 
[ERROR] To see the full stack trace of the errors, re-run Maven with the -e switch.
[ERROR] Re-run Maven using the -X switch to enable full debug logging.
[ERROR] 
[ERROR] For more information about the errors and possible solutions, please read the following articles:
[ERROR] [Help 1] http://cwiki.apache.org/confluence/display/MAVEN/MojoFailureException
