[INFO] Scanning for projects...
[INFO] ------------------------------------------------------------------------
[INFO] Reactor Build Order:
[INFO] 
[INFO] Transaction Outbox Parent                                          [pom]
[INFO] Transaction Outbox Core                                            [jar]
[INFO] Transaction Outbox Spring                                          [jar]
[INFO] Transaction Outbox Guice                                           [jar]
[INFO] Transaction Outbox jOOQ                                            [jar]
[INFO] 
[INFO] ---------------< com.gruelbox:transactionoutbox-parent >----------------
[INFO] Building Transaction Outbox Parent 1.3.99999-SNAPSHOT              [1/5]
[INFO] --------------------------------[ pom ]---------------------------------
[INFO] 
[INFO] --- maven-clean-plugin:2.5:clean (default-clean) @ transactionoutbox-parent ---
[INFO] 
[INFO] --- flatten-maven-plugin:1.2.5:clean (flatten.clean) @ transactionoutbox-parent ---
[INFO] Deleting /home/gabsko/breaking-updates/.flattened-pom.xml
[INFO] 
[INFO] --- fmt-maven-plugin:2.10:format (default) @ transactionoutbox-parent ---
[INFO] Skipping format check: project uses 'pom' packaging
[INFO] 
[INFO] --- flatten-maven-plugin:1.2.5:flatten (flatten) @ transactionoutbox-parent ---
[INFO] Generating flattened POM of project com.gruelbox:transactionoutbox-parent:pom:1.3.99999-SNAPSHOT...
[INFO] 
[INFO] ----------------< com.gruelbox:transactionoutbox-core >-----------------
[INFO] Building Transaction Outbox Core 1.3.99999-SNAPSHOT                [2/5]
[INFO] --------------------------------[ jar ]---------------------------------
[INFO] 
[INFO] --- maven-clean-plugin:2.5:clean (default-clean) @ transactionoutbox-core ---
[INFO] Deleting /home/gabsko/breaking-updates/transactionoutbox-core/target
[INFO] 
[INFO] --- flatten-maven-plugin:1.2.5:clean (flatten.clean) @ transactionoutbox-core ---
[INFO] Deleting /home/gabsko/breaking-updates/transactionoutbox-core/.flattened-pom.xml
[INFO] 
[INFO] --- fmt-maven-plugin:2.10:format (default) @ transactionoutbox-core ---
[INFO] File '/home/gabsko/breaking-updates/transactionoutbox-core/src/main/java/com/gruelbox/transactionoutbox' is a directory. Skipping.
[INFO] File '/home/gabsko/breaking-updates/transactionoutbox-core/src/main/java' is a directory. Skipping.
[INFO] File '/home/gabsko/breaking-updates/transactionoutbox-core/src/main/java/com' is a directory. Skipping.
[INFO] File '/home/gabsko/breaking-updates/transactionoutbox-core/src/main/java/com/gruelbox' is a directory. Skipping.
[INFO] File '/home/gabsko/breaking-updates/transactionoutbox-core/src/test/java/com/gruelbox' is a directory. Skipping.
[INFO] File '/home/gabsko/breaking-updates/transactionoutbox-core/src/test/java/com/gruelbox/transactionoutbox' is a directory. Skipping.
[INFO] File '/home/gabsko/breaking-updates/transactionoutbox-core/src/test/java/com/gruelbox/transactionoutbox/acceptance' is a directory. Skipping.
[INFO] File '/home/gabsko/breaking-updates/transactionoutbox-core/src/test/java' is a directory. Skipping.
[INFO] File '/home/gabsko/breaking-updates/transactionoutbox-core/src/test/java/com' is a directory. Skipping.
[INFO] Processed 69 files (1 reformatted).
[INFO] 
[INFO] --- maven-resources-plugin:2.6:resources (default-resources) @ transactionoutbox-core ---
[INFO] Using 'UTF-8' encoding to copy filtered resources.
[INFO] skip non existing resourceDirectory /home/gabsko/breaking-updates/transactionoutbox-core/src/main/resources
[INFO] 
[INFO] --- flatten-maven-plugin:1.2.5:flatten (flatten) @ transactionoutbox-core ---
[INFO] Generating flattened POM of project com.gruelbox:transactionoutbox-core:jar:1.3.99999-SNAPSHOT...
[INFO] 
[INFO] --- maven-compiler-plugin:3.8.1:compile (default-compile) @ transactionoutbox-core ---
[INFO] Changes detected - recompiling the module!
[INFO] Compiling 44 source files to /home/gabsko/breaking-updates/transactionoutbox-core/target/classes
[INFO] 
[INFO] --- maven-resources-plugin:2.6:testResources (default-testResources) @ transactionoutbox-core ---
[INFO] Using 'UTF-8' encoding to copy filtered resources.
[INFO] Copying 1 resource
[INFO] 
[INFO] --- maven-compiler-plugin:3.8.1:testCompile (default-testCompile) @ transactionoutbox-core ---
[INFO] Changes detected - recompiling the module!
[INFO] Compiling 25 source files to /home/gabsko/breaking-updates/transactionoutbox-core/target/test-classes
[INFO] 
[INFO] --- maven-surefire-plugin:3.0.0-M4:test (default-test) @ transactionoutbox-core ---
[INFO] 
[INFO] -------------------------------------------------------
[INFO]  T E S T S
[INFO] -------------------------------------------------------
[INFO] Running com.gruelbox.transactionoutbox.acceptance.TestRequestSerialization
18:23:44.897 [main] INFO  SESSION-KEY= o.h.v.i.u.Version - HV000001: Hibernate Validator 6.1.5.Final
18:23:45.176 [main] INFO  SESSION-KEY= c.g.t.DefaultMigrationManager - Running migration: Create outbox table
18:23:45.185 [main] INFO  SESSION-KEY= c.g.t.DefaultMigrationManager - Running migration: Add unique request id
18:23:45.193 [main] INFO  SESSION-KEY= c.g.t.DefaultMigrationManager - Running migration: Add processed flag
18:23:45.198 [main] INFO  SESSION-KEY= c.g.t.DefaultMigrationManager - Running migration: Add flush index
18:23:45.200 [main] INFO  SESSION-KEY= c.g.t.DefaultMigrationManager - Running migration: Increase size of uniqueRequestId
18:23:45.302 [pool-1-thread-1] INFO  SESSION-KEY= c.g.t.TransactionOutbox - Processing com.gruelbox.transactionoutbox.acceptance.TestRequestSerialization$ComplexProcessor.process(com.gruelbox.transactionoutbox.acceptance.TestRequestSerialization$Arg@5a865416) [bba973a5-12cb-411e-9016-23650edd1781]
18:23:45.304 [pool-1-thread-1] INFO  SESSION-KEY= c.g.t.TransactionOutbox - Processed com.gruelbox.transactionoutbox.acceptance.TestRequestSerialization$ComplexProcessor.process(com.gruelbox.transactionoutbox.acceptance.TestRequestSerialization$Arg@5a865416) [bba973a5-12cb-411e-9016-23650edd1781]
[INFO] Tests run: 1, Failures: 0, Errors: 0, Skipped: 0, Time elapsed: 0.567 s - in com.gruelbox.transactionoutbox.acceptance.TestRequestSerialization
[INFO] Running com.gruelbox.transactionoutbox.acceptance.TestPostgres12
18:23:55.642 [main] ERROR SESSION-KEY= o.t.d.EnvironmentAndSystemPropertyClientProviderStrategy - ping failed with configuration Environment variables, system properties and defaults. Resolved dockerHost=unix:///var/run/docker.sock due to org.rnorth.ducttape.TimeoutException: Timeout waiting for result with exception
org.rnorth.ducttape.TimeoutException: Timeout waiting for result with exception
	at org.rnorth.ducttape.unreliables.Unreliables.retryUntilSuccess(Unreliables.java:54)
	at org.testcontainers.dockerclient.DockerClientProviderStrategy.ping(DockerClientProviderStrategy.java:182)
	at org.testcontainers.dockerclient.EnvironmentAndSystemPropertyClientProviderStrategy.test(EnvironmentAndSystemPropertyClientProviderStrategy.java:41)
	at org.testcontainers.dockerclient.DockerClientProviderStrategy.lambda$getFirstValidStrategy$2(DockerClientProviderStrategy.java:118)
	at java.base/java.util.stream.ReferencePipeline$7$1.accept(ReferencePipeline.java:271)
	at java.base/java.util.stream.StreamSpliterators$WrappingSpliterator.tryAdvance(StreamSpliterators.java:302)
	at java.base/java.util.stream.Streams$ConcatSpliterator.tryAdvance(Streams.java:723)
	at java.base/java.util.stream.ReferencePipeline.forEachWithCancel(ReferencePipeline.java:127)
	at java.base/java.util.stream.AbstractPipeline.copyIntoWithCancel(AbstractPipeline.java:502)
	at java.base/java.util.stream.AbstractPipeline.copyInto(AbstractPipeline.java:488)
	at java.base/java.util.stream.AbstractPipeline.wrapAndCopyInto(AbstractPipeline.java:474)
	at java.base/java.util.stream.FindOps$FindOp.evaluateSequential(FindOps.java:150)
	at java.base/java.util.stream.AbstractPipeline.evaluate(AbstractPipeline.java:234)
	at java.base/java.util.stream.ReferencePipeline.findAny(ReferencePipeline.java:548)
	at org.testcontainers.dockerclient.DockerClientProviderStrategy.getFirstValidStrategy(DockerClientProviderStrategy.java:154)
	at org.testcontainers.DockerClientFactory.getOrInitializeStrategy(DockerClientFactory.java:126)
	at org.testcontainers.DockerClientFactory.client(DockerClientFactory.java:147)
	at org.testcontainers.LazyDockerClient.getDockerClient(LazyDockerClient.java:14)
	at org.testcontainers.LazyDockerClient.listImagesCmd(LazyDockerClient.java:12)
	at org.testcontainers.images.LocalImagesCache.maybeInitCache(LocalImagesCache.java:68)
	at org.testcontainers.images.LocalImagesCache.get(LocalImagesCache.java:32)
	at org.testcontainers.images.AbstractImagePullPolicy.shouldPull(AbstractImagePullPolicy.java:18)
	at org.testcontainers.images.RemoteDockerImage.resolve(RemoteDockerImage.java:59)
	at org.testcontainers.images.RemoteDockerImage.resolve(RemoteDockerImage.java:26)
	at org.testcontainers.utility.LazyFuture.getResolvedValue(LazyFuture.java:20)
	at org.testcontainers.utility.LazyFuture.get(LazyFuture.java:27)
	at org.testcontainers.containers.GenericContainer.getDockerImageName(GenericContainer.java:1277)
	at org.testcontainers.containers.GenericContainer.logger(GenericContainer.java:613)
	at org.testcontainers.containers.GenericContainer.doStart(GenericContainer.java:320)
	at org.testcontainers.containers.GenericContainer.start(GenericContainer.java:311)
	at org.testcontainers.junit.jupiter.TestcontainersExtension$StoreAdapter.start(TestcontainersExtension.java:242)
	at org.testcontainers.junit.jupiter.TestcontainersExtension$StoreAdapter.access$200(TestcontainersExtension.java:229)
	at org.testcontainers.junit.jupiter.TestcontainersExtension.lambda$null$1(TestcontainersExtension.java:59)
	at org.junit.jupiter.engine.execution.ExtensionValuesStore.lambda$getOrComputeIfAbsent$4(ExtensionValuesStore.java:86)
	at org.junit.jupiter.engine.execution.ExtensionValuesStore$MemoizingSupplier.get(ExtensionValuesStore.java:205)
	at org.junit.jupiter.engine.execution.ExtensionValuesStore$StoredValue.evaluate(ExtensionValuesStore.java:182)
	at org.junit.jupiter.engine.execution.ExtensionValuesStore$StoredValue.access$100(ExtensionValuesStore.java:171)
	at org.junit.jupiter.engine.execution.ExtensionValuesStore.getOrComputeIfAbsent(ExtensionValuesStore.java:89)
	at org.junit.jupiter.engine.execution.NamespaceAwareStore.getOrComputeIfAbsent(NamespaceAwareStore.java:53)
	at org.testcontainers.junit.jupiter.TestcontainersExtension.lambda$beforeAll$2(TestcontainersExtension.java:59)
	at java.base/java.util.ArrayList.forEach(ArrayList.java:1541)
	at org.testcontainers.junit.jupiter.TestcontainersExtension.beforeAll(TestcontainersExtension.java:59)
	at org.junit.jupiter.engine.descriptor.ClassBasedTestDescriptor.lambda$invokeBeforeAllCallbacks$8(ClassBasedTestDescriptor.java:368)
	at org.junit.platform.engine.support.hierarchical.ThrowableCollector.execute(ThrowableCollector.java:73)
	at org.junit.jupiter.engine.descriptor.ClassBasedTestDescriptor.invokeBeforeAllCallbacks(ClassBasedTestDescriptor.java:368)
	at org.junit.jupiter.engine.descriptor.ClassBasedTestDescriptor.before(ClassBasedTestDescriptor.java:192)
	at org.junit.jupiter.engine.descriptor.ClassBasedTestDescriptor.before(ClassBasedTestDescriptor.java:78)
	at org.junit.platform.engine.support.hierarchical.NodeTestTask.lambda$executeRecursively$5(NodeTestTask.java:136)
	at org.junit.platform.engine.support.hierarchical.ThrowableCollector.execute(ThrowableCollector.java:73)
	at org.junit.platform.engine.support.hierarchical.NodeTestTask.lambda$executeRecursively$7(NodeTestTask.java:129)
	at org.junit.platform.engine.support.hierarchical.Node.around(Node.java:137)
	at org.junit.platform.engine.support.hierarchical.NodeTestTask.lambda$executeRecursively$8(NodeTestTask.java:127)
	at org.junit.platform.engine.support.hierarchical.ThrowableCollector.execute(ThrowableCollector.java:73)
	at org.junit.platform.engine.support.hierarchical.NodeTestTask.executeRecursively(NodeTestTask.java:126)
	at org.junit.platform.engine.support.hierarchical.NodeTestTask.execute(NodeTestTask.java:84)
	at java.base/java.util.ArrayList.forEach(ArrayList.java:1541)
	at org.junit.platform.engine.support.hierarchical.SameThreadHierarchicalTestExecutorService.invokeAll(SameThreadHierarchicalTestExecutorService.java:38)
	at org.junit.platform.engine.support.hierarchical.NodeTestTask.lambda$executeRecursively$5(NodeTestTask.java:143)
	at org.junit.platform.engine.support.hierarchical.ThrowableCollector.execute(ThrowableCollector.java:73)
	at org.junit.platform.engine.support.hierarchical.NodeTestTask.lambda$executeRecursively$7(NodeTestTask.java:129)
	at org.junit.platform.engine.support.hierarchical.Node.around(Node.java:137)
	at org.junit.platform.engine.support.hierarchical.NodeTestTask.lambda$executeRecursively$8(NodeTestTask.java:127)
	at org.junit.platform.engine.support.hierarchical.ThrowableCollector.execute(ThrowableCollector.java:73)
	at org.junit.platform.engine.support.hierarchical.NodeTestTask.executeRecursively(NodeTestTask.java:126)
	at org.junit.platform.engine.support.hierarchical.NodeTestTask.execute(NodeTestTask.java:84)
	at org.junit.platform.engine.support.hierarchical.SameThreadHierarchicalTestExecutorService.submit(SameThreadHierarchicalTestExecutorService.java:32)
	at org.junit.platform.engine.support.hierarchical.HierarchicalTestExecutor.execute(HierarchicalTestExecutor.java:57)
	at org.junit.platform.engine.support.hierarchical.HierarchicalTestEngine.execute(HierarchicalTestEngine.java:51)
	at org.junit.platform.launcher.core.EngineExecutionOrchestrator.execute(EngineExecutionOrchestrator.java:108)
	at org.junit.platform.launcher.core.EngineExecutionOrchestrator.execute(EngineExecutionOrchestrator.java:88)
	at org.junit.platform.launcher.core.EngineExecutionOrchestrator.lambda$execute$0(EngineExecutionOrchestrator.java:54)
	at org.junit.platform.launcher.core.EngineExecutionOrchestrator.withInterceptedStreams(EngineExecutionOrchestrator.java:67)
	at org.junit.platform.launcher.core.EngineExecutionOrchestrator.execute(EngineExecutionOrchestrator.java:52)
	at org.junit.platform.launcher.core.DefaultLauncher.execute(DefaultLauncher.java:96)
	at org.junit.platform.launcher.core.DefaultLauncher.execute(DefaultLauncher.java:75)
	at org.apache.maven.surefire.junitplatform.JUnitPlatformProvider.invokeAllTests(JUnitPlatformProvider.java:154)
	at org.apache.maven.surefire.junitplatform.JUnitPlatformProvider.invoke(JUnitPlatformProvider.java:127)
	at org.apache.maven.surefire.booter.ForkedBooter.runSuitesInProcess(ForkedBooter.java:377)
	at org.apache.maven.surefire.booter.ForkedBooter.execute(ForkedBooter.java:138)
	at org.apache.maven.surefire.booter.ForkedBooter.run(ForkedBooter.java:465)
	at org.apache.maven.surefire.booter.ForkedBooter.main(ForkedBooter.java:451)
Caused by: java.lang.RuntimeException: java.io.IOException: native connect() failed : Permission denied
	at com.github.dockerjava.okhttp.OkHttpInvocationBuilder.execute(OkHttpInvocationBuilder.java:301)
	at com.github.dockerjava.okhttp.OkHttpInvocationBuilder.execute(OkHttpInvocationBuilder.java:271)
	at com.github.dockerjava.okhttp.OkHttpInvocationBuilder.get(OkHttpInvocationBuilder.java:239)
	at com.github.dockerjava.core.exec.PingCmdExec.execute(PingCmdExec.java:26)
	at com.github.dockerjava.core.exec.PingCmdExec.execute(PingCmdExec.java:12)
	at com.github.dockerjava.core.exec.AbstrSyncDockerCmdExec.exec(AbstrSyncDockerCmdExec.java:21)
	at com.github.dockerjava.core.command.AbstrDockerCmd.exec(AbstrDockerCmd.java:35)
	at org.testcontainers.dockerclient.DockerClientProviderStrategy.lambda$null$4(DockerClientProviderStrategy.java:185)
	at org.rnorth.ducttape.ratelimits.RateLimiter.getWhenReady(RateLimiter.java:51)
	at org.testcontainers.dockerclient.DockerClientProviderStrategy.lambda$ping$5(DockerClientProviderStrategy.java:183)
	at org.rnorth.ducttape.unreliables.Unreliables.lambda$retryUntilSuccess$0(Unreliables.java:43)
	at java.base/java.util.concurrent.FutureTask.run(FutureTask.java:264)
	at java.base/java.util.concurrent.ThreadPoolExecutor.runWorker(ThreadPoolExecutor.java:1128)
	at java.base/java.util.concurrent.ThreadPoolExecutor$Worker.run(ThreadPoolExecutor.java:628)
	at java.base/java.lang.Thread.run(Thread.java:829)
Caused by: java.io.IOException: native connect() failed : Permission denied
	at com.github.dockerjava.okhttp.UnixDomainSocket.connect(UnixDomainSocket.java:157)
	at com.github.dockerjava.okhttp.UnixSocketFactory$1.connect(UnixSocketFactory.java:27)
	at org.testcontainers.shaded.okhttp3.internal.platform.Platform.connectSocket(Platform.java:130)
	at org.testcontainers.shaded.okhttp3.internal.connection.RealConnection.connectSocket(RealConnection.java:263)
	at org.testcontainers.shaded.okhttp3.internal.connection.RealConnection.connect(RealConnection.java:183)
	at org.testcontainers.shaded.okhttp3.internal.connection.ExchangeFinder.findConnection(ExchangeFinder.java:224)
	at org.testcontainers.shaded.okhttp3.internal.connection.ExchangeFinder.findHealthyConnection(ExchangeFinder.java:108)
	at org.testcontainers.shaded.okhttp3.internal.connection.ExchangeFinder.find(ExchangeFinder.java:88)
	at org.testcontainers.shaded.okhttp3.internal.connection.Transmitter.newExchange(Transmitter.java:169)
	at org.testcontainers.shaded.okhttp3.internal.connection.ConnectInterceptor.intercept(ConnectInterceptor.java:41)
	at org.testcontainers.shaded.okhttp3.internal.http.RealInterceptorChain.proceed(RealInterceptorChain.java:142)
	at org.testcontainers.shaded.okhttp3.internal.http.RealInterceptorChain.proceed(RealInterceptorChain.java:117)
	at org.testcontainers.shaded.okhttp3.internal.cache.CacheInterceptor.intercept(CacheInterceptor.java:94)
	at org.testcontainers.shaded.okhttp3.internal.http.RealInterceptorChain.proceed(RealInterceptorChain.java:142)
	at org.testcontainers.shaded.okhttp3.internal.http.RealInterceptorChain.proceed(RealInterceptorChain.java:117)
	at org.testcontainers.shaded.okhttp3.internal.http.BridgeInterceptor.intercept(BridgeInterceptor.java:93)
	at org.testcontainers.shaded.okhttp3.internal.http.RealInterceptorChain.proceed(RealInterceptorChain.java:142)
	at org.testcontainers.shaded.okhttp3.internal.http.RetryAndFollowUpInterceptor.intercept(RetryAndFollowUpInterceptor.java:88)
	at org.testcontainers.shaded.okhttp3.internal.http.RealInterceptorChain.proceed(RealInterceptorChain.java:142)
	at org.testcontainers.shaded.okhttp3.internal.http.RealInterceptorChain.proceed(RealInterceptorChain.java:117)
	at org.testcontainers.shaded.okhttp3.RealCall.getResponseWithInterceptorChain(RealCall.java:229)
	at org.testcontainers.shaded.okhttp3.RealCall.execute(RealCall.java:81)
	at com.github.dockerjava.okhttp.OkHttpInvocationBuilder.execute(OkHttpInvocationBuilder.java:276)
	... 14 common frames omitted
18:24:15.662 [main] ERROR SESSION-KEY= o.t.d.DockerClientProviderStrategy - Could not find a valid Docker environment. Please check configuration. Attempted configurations were:
18:24:15.662 [main] ERROR SESSION-KEY= o.t.d.DockerClientProviderStrategy -     EnvironmentAndSystemPropertyClientProviderStrategy: failed with exception InvalidConfigurationException (ping failed)
18:24:15.663 [main] ERROR SESSION-KEY= o.t.d.DockerClientProviderStrategy -     UnixSocketClientProviderStrategy: failed with exception InvalidConfigurationException (ping failed). Root cause IOException (native connect() failed : Permission denied)
18:24:15.663 [main] ERROR SESSION-KEY= o.t.d.DockerClientProviderStrategy -     ProxiedUnixSocketClientProviderStrategy: failed with exception InvalidConfigurationException (ping failed). Root cause TimeoutException (null)
18:24:15.663 [main] ERROR SESSION-KEY= o.t.d.DockerClientProviderStrategy - As no valid configuration was found, execution cannot continue
Jan 17, 2023 6:24:15 PM org.junit.jupiter.engine.execution.JupiterEngineExecutionContext close
SEVERE: Caught exception while closing extension context: org.junit.jupiter.engine.descriptor.ClassExtensionContext@2dd8239
org.testcontainers.containers.ContainerLaunchException: Container startup failed
	at org.testcontainers.containers.GenericContainer.doStart(GenericContainer.java:330)
	at org.testcontainers.containers.GenericContainer.start(GenericContainer.java:311)
	at org.testcontainers.junit.jupiter.TestcontainersExtension$StoreAdapter.start(TestcontainersExtension.java:242)
	at org.testcontainers.junit.jupiter.TestcontainersExtension$StoreAdapter.access$200(TestcontainersExtension.java:229)
	at org.testcontainers.junit.jupiter.TestcontainersExtension.lambda$null$1(TestcontainersExtension.java:59)
	at org.junit.jupiter.engine.execution.ExtensionValuesStore.lambda$getOrComputeIfAbsent$4(ExtensionValuesStore.java:86)
	at org.junit.jupiter.engine.execution.ExtensionValuesStore$MemoizingSupplier.get(ExtensionValuesStore.java:205)
	at org.junit.jupiter.engine.execution.ExtensionValuesStore$StoredValue.evaluate(ExtensionValuesStore.java:182)
	at org.junit.jupiter.engine.execution.ExtensionValuesStore$StoredValue.access$100(ExtensionValuesStore.java:171)
	at org.junit.jupiter.engine.execution.ExtensionValuesStore.lambda$closeAllStoredCloseableValues$1(ExtensionValuesStore.java:65)
	at java.base/java.util.stream.ReferencePipeline$2$1.accept(ReferencePipeline.java:176)
	at java.base/java.util.concurrent.ConcurrentHashMap$ValueSpliterator.forEachRemaining(ConcurrentHashMap.java:3603)
	at java.base/java.util.stream.AbstractPipeline.copyInto(AbstractPipeline.java:484)
	at java.base/java.util.stream.AbstractPipeline.wrapAndCopyInto(AbstractPipeline.java:474)
	at java.base/java.util.stream.ForEachOps$ForEachOp.evaluateSequential(ForEachOps.java:150)
	at java.base/java.util.stream.ForEachOps$ForEachOp$OfRef.evaluateSequential(ForEachOps.java:173)
	at java.base/java.util.stream.AbstractPipeline.evaluate(AbstractPipeline.java:234)
	at java.base/java.util.stream.ReferencePipeline.forEach(ReferencePipeline.java:497)
	at org.junit.jupiter.engine.execution.ExtensionValuesStore.closeAllStoredCloseableValues(ExtensionValuesStore.java:68)
	at org.junit.jupiter.engine.descriptor.AbstractExtensionContext.close(AbstractExtensionContext.java:74)
	at org.junit.jupiter.engine.execution.JupiterEngineExecutionContext.close(JupiterEngineExecutionContext.java:53)
	at org.junit.jupiter.engine.descriptor.JupiterTestDescriptor.cleanUp(JupiterTestDescriptor.java:222)
	at org.junit.jupiter.engine.descriptor.JupiterTestDescriptor.cleanUp(JupiterTestDescriptor.java:57)
	at org.junit.platform.engine.support.hierarchical.NodeTestTask.lambda$cleanUp$9(NodeTestTask.java:155)
	at org.junit.platform.engine.support.hierarchical.ThrowableCollector.execute(ThrowableCollector.java:73)
	at org.junit.platform.engine.support.hierarchical.NodeTestTask.cleanUp(NodeTestTask.java:155)
	at org.junit.platform.engine.support.hierarchical.NodeTestTask.execute(NodeTestTask.java:87)
	at java.base/java.util.ArrayList.forEach(ArrayList.java:1541)
	at org.junit.platform.engine.support.hierarchical.SameThreadHierarchicalTestExecutorService.invokeAll(SameThreadHierarchicalTestExecutorService.java:38)
	at org.junit.platform.engine.support.hierarchical.NodeTestTask.lambda$executeRecursively$5(NodeTestTask.java:143)
	at org.junit.platform.engine.support.hierarchical.ThrowableCollector.execute(ThrowableCollector.java:73)
	at org.junit.platform.engine.support.hierarchical.NodeTestTask.lambda$executeRecursively$7(NodeTestTask.java:129)
	at org.junit.platform.engine.support.hierarchical.Node.around(Node.java:137)
	at org.junit.platform.engine.support.hierarchical.NodeTestTask.lambda$executeRecursively$8(NodeTestTask.java:127)
	at org.junit.platform.engine.support.hierarchical.ThrowableCollector.execute(ThrowableCollector.java:73)
	at org.junit.platform.engine.support.hierarchical.NodeTestTask.executeRecursively(NodeTestTask.java:126)
	at org.junit.platform.engine.support.hierarchical.NodeTestTask.execute(NodeTestTask.java:84)
	at org.junit.platform.engine.support.hierarchical.SameThreadHierarchicalTestExecutorService.submit(SameThreadHierarchicalTestExecutorService.java:32)
	at org.junit.platform.engine.support.hierarchical.HierarchicalTestExecutor.execute(HierarchicalTestExecutor.java:57)
	at org.junit.platform.engine.support.hierarchical.HierarchicalTestEngine.execute(HierarchicalTestEngine.java:51)
	at org.junit.platform.launcher.core.EngineExecutionOrchestrator.execute(EngineExecutionOrchestrator.java:108)
	at org.junit.platform.launcher.core.EngineExecutionOrchestrator.execute(EngineExecutionOrchestrator.java:88)
	at org.junit.platform.launcher.core.EngineExecutionOrchestrator.lambda$execute$0(EngineExecutionOrchestrator.java:54)
	at org.junit.platform.launcher.core.EngineExecutionOrchestrator.withInterceptedStreams(EngineExecutionOrchestrator.java:67)
	at org.junit.platform.launcher.core.EngineExecutionOrchestrator.execute(EngineExecutionOrchestrator.java:52)
	at org.junit.platform.launcher.core.DefaultLauncher.execute(DefaultLauncher.java:96)
	at org.junit.platform.launcher.core.DefaultLauncher.execute(DefaultLauncher.java:75)
	at org.apache.maven.surefire.junitplatform.JUnitPlatformProvider.invokeAllTests(JUnitPlatformProvider.java:154)
	at org.apache.maven.surefire.junitplatform.JUnitPlatformProvider.invoke(JUnitPlatformProvider.java:127)
	at org.apache.maven.surefire.booter.ForkedBooter.runSuitesInProcess(ForkedBooter.java:377)
	at org.apache.maven.surefire.booter.ForkedBooter.execute(ForkedBooter.java:138)
	at org.apache.maven.surefire.booter.ForkedBooter.run(ForkedBooter.java:465)
	at org.apache.maven.surefire.booter.ForkedBooter.main(ForkedBooter.java:451)
Caused by: org.testcontainers.containers.ContainerFetchException: Can't get Docker image: RemoteDockerImage(imageName=postgres:12, imagePullPolicy=DefaultPullPolicy())
	at org.testcontainers.containers.GenericContainer.getDockerImageName(GenericContainer.java:1279)
	at org.testcontainers.containers.GenericContainer.logger(GenericContainer.java:613)
	at org.testcontainers.containers.GenericContainer.doStart(GenericContainer.java:320)
	... 52 more
Caused by: java.lang.IllegalStateException: Previous attempts to find a Docker environment failed. Will not retry. Please see logs and check configuration
	at org.testcontainers.dockerclient.DockerClientProviderStrategy.getFirstValidStrategy(DockerClientProviderStrategy.java:83)
	at org.testcontainers.DockerClientFactory.getOrInitializeStrategy(DockerClientFactory.java:126)
	at org.testcontainers.DockerClientFactory.client(DockerClientFactory.java:147)
	at org.testcontainers.LazyDockerClient.getDockerClient(LazyDockerClient.java:14)
	at org.testcontainers.LazyDockerClient.inspectImageCmd(LazyDockerClient.java:12)
	at org.testcontainers.images.LocalImagesCache.refreshCache(LocalImagesCache.java:42)
	at org.testcontainers.images.AbstractImagePullPolicy.shouldPull(AbstractImagePullPolicy.java:24)
	at org.testcontainers.images.RemoteDockerImage.resolve(RemoteDockerImage.java:59)
	at org.testcontainers.images.RemoteDockerImage.resolve(RemoteDockerImage.java:26)
	at org.testcontainers.utility.LazyFuture.getResolvedValue(LazyFuture.java:20)
	at org.testcontainers.utility.LazyFuture.get(LazyFuture.java:27)
	at org.testcontainers.containers.GenericContainer.getDockerImageName(GenericContainer.java:1277)
	... 54 more

[INFO] Tests run: 0, Failures: 0, Errors: 0, Skipped: 0, Time elapsed: 30.359 s - in com.gruelbox.transactionoutbox.acceptance.TestPostgres12
[INFO] Running com.gruelbox.transactionoutbox.acceptance.TestStubbing
18:24:15.722 [main] INFO  SESSION-KEY= c.g.t.TransactionOutbox - Processing com.gruelbox.transactionoutbox.acceptance.TestStubbing$Interface.doThing(1, null) [220a2c9f-cf35-4c6b-a040-17c2fc5b5628]
18:24:15.725 [main] INFO  SESSION-KEY= c.g.t.TransactionOutbox - Processed com.gruelbox.transactionoutbox.acceptance.TestStubbing$Interface.doThing(1, null) [220a2c9f-cf35-4c6b-a040-17c2fc5b5628]
18:24:15.764 [main] INFO  SESSION-KEY= c.g.t.TransactionOutbox - Processing com.gruelbox.transactionoutbox.acceptance.TestStubbing$Interface.doThing(1, null) [c2b88ff1-1e2e-4c66-96bf-10dabf3ec96e]
18:24:15.765 [main] INFO  SESSION-KEY= c.g.t.TransactionOutbox - Processed com.gruelbox.transactionoutbox.acceptance.TestStubbing$Interface.doThing(1, null) [c2b88ff1-1e2e-4c66-96bf-10dabf3ec96e]
18:24:15.780 [main] INFO  SESSION-KEY= c.g.t.TransactionOutbox - Processing com.gruelbox.transactionoutbox.acceptance.TestStubbing$Interface.doThing(1, "2", [1, 10]) [beb305e0-e53c-4bf3-8f69-8b7445aa268c]
18:24:15.780 [main] INFO  SESSION-KEY= c.g.t.TransactionOutbox - Processed com.gruelbox.transactionoutbox.acceptance.TestStubbing$Interface.doThing(1, "2", [1, 10]) [beb305e0-e53c-4bf3-8f69-8b7445aa268c]
18:24:15.780 [main] INFO  SESSION-KEY= c.g.t.TransactionOutbox - Processing com.gruelbox.transactionoutbox.acceptance.TestStubbing$Interface.doThing(2, "3", []) [6a2c9dae-313b-4f86-9f93-861c3aa1faf5]
18:24:15.780 [main] INFO  SESSION-KEY= c.g.t.TransactionOutbox - Processed com.gruelbox.transactionoutbox.acceptance.TestStubbing$Interface.doThing(2, "3", []) [6a2c9dae-313b-4f86-9f93-861c3aa1faf5]
18:24:15.780 [main] INFO  SESSION-KEY= c.g.t.TransactionOutbox - Processing com.gruelbox.transactionoutbox.acceptance.TestStubbing$Interface.doThing(3, null, null) [d9597045-2ea3-4627-966b-ca4ff461ef92]
18:24:15.780 [main] INFO  SESSION-KEY= c.g.t.TransactionOutbox - Processed com.gruelbox.transactionoutbox.acceptance.TestStubbing$Interface.doThing(3, null, null) [d9597045-2ea3-4627-966b-ca4ff461ef92]
18:24:15.781 [main] INFO  SESSION-KEY= c.g.t.TransactionOutbox - Processing com.gruelbox.transactionoutbox.acceptance.TestStubbing$Interface.doThing(4, null, null) [4406bd48-a604-47de-8628-f7f8550140da]
18:24:15.781 [main] INFO  SESSION-KEY= c.g.t.TransactionOutbox - Processed com.gruelbox.transactionoutbox.acceptance.TestStubbing$Interface.doThing(4, null, null) [4406bd48-a604-47de-8628-f7f8550140da]
[INFO] Tests run: 4, Failures: 0, Errors: 0, Skipped: 0, Time elapsed: 0.09 s - in com.gruelbox.transactionoutbox.acceptance.TestStubbing
[INFO] Running com.gruelbox.transactionoutbox.acceptance.TestH2
18:24:15.816 [main] INFO  SESSION-KEY= c.g.t.TransactionOutbox - Processing com.gruelbox.transactionoutbox.acceptance.ClassProcessor.process("1") [690e2f35-d87f-48c0-a3d4-8c3d64e0984f] uid=[context-clientkey1]
18:24:15.816 [main] INFO  SESSION-KEY= c.g.t.a.ClassProcessor - Processing work: 1
18:24:15.817 [main] INFO  SESSION-KEY= c.g.t.TransactionOutbox - Processed com.gruelbox.transactionoutbox.acceptance.ClassProcessor.process("1") [690e2f35-d87f-48c0-a3d4-8c3d64e0984f] uid=[context-clientkey1]
18:24:15.820 [main] INFO  SESSION-KEY= c.g.t.TransactionOutbox - Processing com.gruelbox.transactionoutbox.acceptance.ClassProcessor.process("2") [ef0aef6e-beb5-4bf6-b329-73fc3b90942d] uid=[context-clientkey2]
18:24:15.820 [main] INFO  SESSION-KEY= c.g.t.a.ClassProcessor - Processing work: 2
18:24:15.821 [main] INFO  SESSION-KEY= c.g.t.TransactionOutbox - Processed com.gruelbox.transactionoutbox.acceptance.ClassProcessor.process("2") [ef0aef6e-beb5-4bf6-b329-73fc3b90942d] uid=[context-clientkey2]
18:24:15.831 [main] INFO  SESSION-KEY= c.g.t.TransactionOutbox - Processing com.gruelbox.transactionoutbox.acceptance.ClassProcessor.process("4") [8602cab5-3d20-43ff-888f-eb22364a2c57] uid=[context-clientkey4]
18:24:15.831 [main] INFO  SESSION-KEY= c.g.t.a.ClassProcessor - Processing work: 4
18:24:15.832 [main] INFO  SESSION-KEY= c.g.t.TransactionOutbox - Processed com.gruelbox.transactionoutbox.acceptance.ClassProcessor.process("4") [8602cab5-3d20-43ff-888f-eb22364a2c57] uid=[context-clientkey4]
18:24:15.835 [main] INFO  SESSION-KEY= c.g.t.TransactionOutbox - Expired idempotency protection on 2 requests completed more than 48d:00h:00m ago
18:24:15.838 [main] INFO  SESSION-KEY= c.g.t.TransactionOutbox - Processing com.gruelbox.transactionoutbox.acceptance.ClassProcessor.process("6") [d1f458f2-a309-476b-abbc-a5e65d16d15e] uid=[context-clientkey1]
18:24:15.838 [main] INFO  SESSION-KEY= c.g.t.a.ClassProcessor - Processing work: 6
18:24:15.839 [main] INFO  SESSION-KEY= c.g.t.TransactionOutbox - Processed com.gruelbox.transactionoutbox.acceptance.ClassProcessor.process("6") [d1f458f2-a309-476b-abbc-a5e65d16d15e] uid=[context-clientkey1]
18:24:17.864 [main] INFO  SESSION-KEY= c.g.t.a.AbstractAcceptanceTest - Got scheduled event
18:24:17.868 [pool-3-thread-1] INFO  SESSION-KEY= c.g.t.TransactionOutbox - Processing com.gruelbox.transactionoutbox.acceptance.InterfaceProcessor.process(3, "Whee") [6c8ff6e0-c5fa-453e-add6-26be913fbe2b]
18:24:17.870 [pool-3-thread-1] INFO  SESSION-KEY= c.g.t.a.AbstractAcceptanceTest - Processing (3, Whee)
18:24:17.871 [pool-3-thread-1] INFO  SESSION-KEY= c.g.t.TransactionOutbox - Processed com.gruelbox.transactionoutbox.acceptance.InterfaceProcessor.process(3, "Whee") [6c8ff6e0-c5fa-453e-add6-26be913fbe2b]
18:24:17.904 [pool-5-thread-1] INFO  SESSION-KEY= c.g.t.TransactionOutbox - Processing com.gruelbox.transactionoutbox.acceptance.ClassProcessor.process("bc0a2110-04fb-4b7e-acc8-2b1954db9f02") [54b1be2b-530b-4af2-a438-202e345349a9]
18:24:17.904 [pool-5-thread-1] INFO  SESSION-KEY= c.g.t.a.ClassProcessor - Processing work: bc0a2110-04fb-4b7e-acc8-2b1954db9f02
18:24:17.905 [pool-5-thread-1] INFO  SESSION-KEY= c.g.t.TransactionOutbox - Processed com.gruelbox.transactionoutbox.acceptance.ClassProcessor.process("bc0a2110-04fb-4b7e-acc8-2b1954db9f02") [54b1be2b-530b-4af2-a438-202e345349a9]
18:24:17.936 [pool-6-thread-1] INFO  SESSION-KEY= c.g.t.TransactionOutbox - Processing com.gruelbox.transactionoutbox.acceptance.InterfaceProcessor.process(60, "Whee") [75251369-8ea1-46c5-a040-62eb7411bc7f]
18:24:17.938 [pool-6-thread-2] INFO  SESSION-KEY= c.g.t.TransactionOutbox - Processing com.gruelbox.transactionoutbox.acceptance.InterfaceProcessor.process(61, "Whee") [a7c73d12-9bc4-4a94-9b2d-c1d664145e1c]
18:24:17.939 [pool-6-thread-2] INFO  SESSION-KEY= c.g.t.a.AbstractAcceptanceTest - Processing (61, Whee)
18:24:17.939 [pool-6-thread-1] INFO  SESSION-KEY= c.g.t.a.AbstractAcceptanceTest - Processing (60, Whee)
18:24:17.940 [pool-6-thread-2] INFO  SESSION-KEY= c.g.t.a.AbstractAcceptanceTest - Processed (61, Whee)
18:24:17.940 [pool-6-thread-1] INFO  SESSION-KEY= c.g.t.a.AbstractAcceptanceTest - Processed (60, Whee)
18:24:17.942 [pool-6-thread-2] INFO  SESSION-KEY= c.g.t.TransactionOutbox - Processed com.gruelbox.transactionoutbox.acceptance.InterfaceProcessor.process(61, "Whee") [a7c73d12-9bc4-4a94-9b2d-c1d664145e1c]
18:24:17.943 [pool-6-thread-1] INFO  SESSION-KEY= c.g.t.TransactionOutbox - Processed com.gruelbox.transactionoutbox.acceptance.InterfaceProcessor.process(60, "Whee") [75251369-8ea1-46c5-a040-62eb7411bc7f]
18:24:17.944 [pool-6-thread-2] INFO  SESSION-KEY= c.g.t.TransactionOutbox - Processing com.gruelbox.transactionoutbox.acceptance.InterfaceProcessor.process(62, "Whee") [172b8b81-d587-4b05-b442-bc6475d08fd3]
18:24:17.944 [pool-6-thread-2] INFO  SESSION-KEY= c.g.t.a.AbstractAcceptanceTest - Processing (62, Whee)
18:24:17.944 [pool-6-thread-2] INFO  SESSION-KEY= c.g.t.a.AbstractAcceptanceTest - Processed (62, Whee)
18:24:17.945 [pool-6-thread-2] INFO  SESSION-KEY= c.g.t.TransactionOutbox - Processed com.gruelbox.transactionoutbox.acceptance.InterfaceProcessor.process(62, "Whee") [172b8b81-d587-4b05-b442-bc6475d08fd3]
18:24:17.946 [pool-6-thread-1] INFO  SESSION-KEY= c.g.t.TransactionOutbox - Processing com.gruelbox.transactionoutbox.acceptance.InterfaceProcessor.process(63, "Whee") [776c067b-1e71-4cf8-a8a2-fdd154f6913a]
18:24:17.946 [pool-6-thread-1] INFO  SESSION-KEY= c.g.t.a.AbstractAcceptanceTest - Processing (63, Whee)
18:24:17.946 [pool-6-thread-1] INFO  SESSION-KEY= c.g.t.a.AbstractAcceptanceTest - Processed (63, Whee)
18:24:17.947 [pool-6-thread-2] INFO  SESSION-KEY= c.g.t.TransactionOutbox - Processing com.gruelbox.transactionoutbox.acceptance.InterfaceProcessor.process(64, "Whee") [8583b8e6-3a0e-4ec3-9679-eae452d6a458]
18:24:17.948 [pool-6-thread-2] INFO  SESSION-KEY= c.g.t.a.AbstractAcceptanceTest - Processing (64, Whee)
18:24:17.948 [pool-6-thread-2] WARN  SESSION-KEY= c.g.t.SimpleTransactionManager - Exception in transactional block (InvocationTargetException). Rolling back. See later messages for detail
18:24:17.954 [pool-6-thread-2] WARN  SESSION-KEY= c.g.t.TransactionOutbox - Temporarily failed to process: com.gruelbox.transactionoutbox.acceptance.InterfaceProcessor.process(64, "Whee") [8583b8e6-3a0e-4ec3-9679-eae452d6a458]
java.lang.RuntimeException: Temporary failure of InterfaceProcessor
	at com.gruelbox.transactionoutbox.acceptance.AbstractAcceptanceTest$RandomFailingInstantiator.lambda$getInstance$0(AbstractAcceptanceTest.java:563)
	at java.base/jdk.internal.reflect.NativeMethodAccessorImpl.invoke0(Native Method)
	at java.base/jdk.internal.reflect.NativeMethodAccessorImpl.invoke(NativeMethodAccessorImpl.java:62)
	at java.base/jdk.internal.reflect.DelegatingMethodAccessorImpl.invoke(DelegatingMethodAccessorImpl.java:43)
	at java.base/java.lang.reflect.Method.invoke(Method.java:566)
	at com.gruelbox.transactionoutbox.Invocation.invoke(Invocation.java:107)
	at com.gruelbox.transactionoutbox.TransactionOutbox.invoke(TransactionOutbox.java:334)
	at com.gruelbox.transactionoutbox.TransactionOutbox.lambda$processNow$13(TransactionOutbox.java:305)
	at com.gruelbox.transactionoutbox.SimpleTransactionManager.processAndCommitOrRollback(SimpleTransactionManager.java:34)
	at com.gruelbox.transactionoutbox.SimpleTransactionManager.lambda$inTransactionReturnsThrows$0(SimpleTransactionManager.java:24)
	at com.gruelbox.transactionoutbox.SimpleTransactionManager.withTransaction(SimpleTransactionManager.java:64)
	at com.gruelbox.transactionoutbox.SimpleTransactionManager.inTransactionReturnsThrows(SimpleTransactionManager.java:22)
	at com.gruelbox.transactionoutbox.TransactionOutbox.processNow(TransactionOutbox.java:299)
	at com.gruelbox.transactionoutbox.ExecutorSubmitter.lambda$submit$0(ExecutorSubmitter.java:60)
	at java.base/java.util.concurrent.ThreadPoolExecutor.runWorker(ThreadPoolExecutor.java:1128)
	at java.base/java.util.concurrent.ThreadPoolExecutor$Worker.run(ThreadPoolExecutor.java:628)
	at java.base/java.lang.Thread.run(Thread.java:829)
18:24:17.955 [pool-6-thread-1] INFO  SESSION-KEY= c.g.t.TransactionOutbox - Processed com.gruelbox.transactionoutbox.acceptance.InterfaceProcessor.process(63, "Whee") [776c067b-1e71-4cf8-a8a2-fdd154f6913a]
18:24:17.955 [pool-6-thread-2] INFO  SESSION-KEY= c.g.t.TransactionOutbox - Processing com.gruelbox.transactionoutbox.acceptance.InterfaceProcessor.process(65, "Whee") [9112dc87-382d-4774-a7c0-2efb6ca01017]
18:24:17.955 [pool-6-thread-2] INFO  SESSION-KEY= c.g.t.a.AbstractAcceptanceTest - Processing (65, Whee)
18:24:17.956 [pool-6-thread-2] INFO  SESSION-KEY= c.g.t.a.AbstractAcceptanceTest - Processed (65, Whee)
18:24:17.956 [pool-6-thread-2] INFO  SESSION-KEY= c.g.t.TransactionOutbox - Processed com.gruelbox.transactionoutbox.acceptance.InterfaceProcessor.process(65, "Whee") [9112dc87-382d-4774-a7c0-2efb6ca01017]
18:24:17.957 [pool-6-thread-1] INFO  SESSION-KEY= c.g.t.TransactionOutbox - Processing com.gruelbox.transactionoutbox.acceptance.InterfaceProcessor.process(66, "Whee") [da866082-4084-48a5-a2da-e5757f34a967]
18:24:17.957 [pool-6-thread-1] INFO  SESSION-KEY= c.g.t.a.AbstractAcceptanceTest - Processing (66, Whee)
18:24:17.957 [pool-6-thread-1] INFO  SESSION-KEY= c.g.t.a.AbstractAcceptanceTest - Processed (66, Whee)
18:24:17.957 [pool-6-thread-2] INFO  SESSION-KEY= c.g.t.TransactionOutbox - Processing com.gruelbox.transactionoutbox.acceptance.InterfaceProcessor.process(67, "Whee") [5207a945-f05a-4feb-9db7-b3e1ffccc2e1]
18:24:17.958 [pool-6-thread-2] INFO  SESSION-KEY= c.g.t.a.AbstractAcceptanceTest - Processing (67, Whee)
18:24:17.958 [pool-6-thread-2] INFO  SESSION-KEY= c.g.t.a.AbstractAcceptanceTest - Processed (67, Whee)
18:24:17.958 [pool-6-thread-2] INFO  SESSION-KEY= c.g.t.TransactionOutbox - Processed com.gruelbox.transactionoutbox.acceptance.InterfaceProcessor.process(67, "Whee") [5207a945-f05a-4feb-9db7-b3e1ffccc2e1]
18:24:17.959 [pool-6-thread-1] INFO  SESSION-KEY= c.g.t.TransactionOutbox - Processed com.gruelbox.transactionoutbox.acceptance.InterfaceProcessor.process(66, "Whee") [da866082-4084-48a5-a2da-e5757f34a967]
18:24:17.960 [pool-6-thread-2] INFO  SESSION-KEY= c.g.t.TransactionOutbox - Processing com.gruelbox.transactionoutbox.acceptance.InterfaceProcessor.process(68, "Whee") [3ae3d431-d763-4406-a888-a0be2a2f19fe]
18:24:17.960 [pool-6-thread-2] INFO  SESSION-KEY= c.g.t.a.AbstractAcceptanceTest - Processing (68, Whee)
18:24:17.960 [pool-6-thread-2] INFO  SESSION-KEY= c.g.t.a.AbstractAcceptanceTest - Processed (68, Whee)
18:24:17.961 [pool-6-thread-2] INFO  SESSION-KEY= c.g.t.TransactionOutbox - Processed com.gruelbox.transactionoutbox.acceptance.InterfaceProcessor.process(68, "Whee") [3ae3d431-d763-4406-a888-a0be2a2f19fe]
18:24:17.961 [pool-6-thread-1] INFO  SESSION-KEY= c.g.t.TransactionOutbox - Processing com.gruelbox.transactionoutbox.acceptance.InterfaceProcessor.process(69, "Whee") [bf952248-e6a3-49b5-96ed-175c4703af8f]
18:24:17.961 [pool-6-thread-1] INFO  SESSION-KEY= c.g.t.a.AbstractAcceptanceTest - Processing (69, Whee)
18:24:17.961 [pool-6-thread-1] INFO  SESSION-KEY= c.g.t.a.AbstractAcceptanceTest - Processed (69, Whee)
18:24:17.962 [pool-6-thread-2] INFO  SESSION-KEY= c.g.t.TransactionOutbox - Processing com.gruelbox.transactionoutbox.acceptance.InterfaceProcessor.process(80, "Whee") [05af60f5-0e60-4a66-b345-31db8c5b6cd1]
18:24:17.962 [pool-6-thread-2] INFO  SESSION-KEY= c.g.t.a.AbstractAcceptanceTest - Processing (80, Whee)
18:24:17.962 [pool-6-thread-2] INFO  SESSION-KEY= c.g.t.a.AbstractAcceptanceTest - Processed (80, Whee)
18:24:17.962 [pool-6-thread-1] INFO  SESSION-KEY= c.g.t.TransactionOutbox - Processed com.gruelbox.transactionoutbox.acceptance.InterfaceProcessor.process(69, "Whee") [bf952248-e6a3-49b5-96ed-175c4703af8f]
18:24:17.965 [pool-6-thread-2] INFO  SESSION-KEY= c.g.t.TransactionOutbox - Processed com.gruelbox.transactionoutbox.acceptance.InterfaceProcessor.process(80, "Whee") [05af60f5-0e60-4a66-b345-31db8c5b6cd1]
18:24:17.965 [pool-6-thread-1] INFO  SESSION-KEY= c.g.t.TransactionOutbox - Processing com.gruelbox.transactionoutbox.acceptance.InterfaceProcessor.process(81, "Whee") [83397a6c-6728-45dd-be5e-929bf4817795]
18:24:17.965 [pool-6-thread-1] INFO  SESSION-KEY= c.g.t.a.AbstractAcceptanceTest - Processing (81, Whee)
18:24:17.965 [pool-6-thread-1] INFO  SESSION-KEY= c.g.t.a.AbstractAcceptanceTest - Processed (81, Whee)
18:24:17.966 [pool-6-thread-2] INFO  SESSION-KEY= c.g.t.TransactionOutbox - Processing com.gruelbox.transactionoutbox.acceptance.InterfaceProcessor.process(82, "Whee") [b6c4ec58-c448-411e-8b98-2464cb0c3e27]
18:24:17.966 [pool-6-thread-2] INFO  SESSION-KEY= c.g.t.a.AbstractAcceptanceTest - Processing (82, Whee)
18:24:17.966 [pool-6-thread-2] INFO  SESSION-KEY= c.g.t.a.AbstractAcceptanceTest - Processed (82, Whee)
18:24:17.966 [pool-6-thread-1] INFO  SESSION-KEY= c.g.t.TransactionOutbox - Processed com.gruelbox.transactionoutbox.acceptance.InterfaceProcessor.process(81, "Whee") [83397a6c-6728-45dd-be5e-929bf4817795]
18:24:17.966 [pool-6-thread-2] INFO  SESSION-KEY= c.g.t.TransactionOutbox - Processed com.gruelbox.transactionoutbox.acceptance.InterfaceProcessor.process(82, "Whee") [b6c4ec58-c448-411e-8b98-2464cb0c3e27]
18:24:17.968 [pool-6-thread-1] INFO  SESSION-KEY= c.g.t.TransactionOutbox - Processing com.gruelbox.transactionoutbox.acceptance.InterfaceProcessor.process(83, "Whee") [ba70a455-08d1-4a60-8d78-b5be09f70ab3]
18:24:17.968 [pool-6-thread-2] INFO  SESSION-KEY= c.g.t.TransactionOutbox - Processing com.gruelbox.transactionoutbox.acceptance.InterfaceProcessor.process(84, "Whee") [c71fe4a5-d043-46dc-b5f1-d22925ac0541]
18:24:17.968 [pool-6-thread-1] INFO  SESSION-KEY= c.g.t.a.AbstractAcceptanceTest - Processing (83, Whee)
18:24:17.968 [pool-6-thread-2] INFO  SESSION-KEY= c.g.t.a.AbstractAcceptanceTest - Processing (84, Whee)
18:24:17.968 [pool-6-thread-1] INFO  SESSION-KEY= c.g.t.a.AbstractAcceptanceTest - Processed (83, Whee)
18:24:17.968 [pool-6-thread-2] INFO  SESSION-KEY= c.g.t.a.AbstractAcceptanceTest - Processed (84, Whee)
18:24:17.969 [pool-6-thread-2] INFO  SESSION-KEY= c.g.t.TransactionOutbox - Processed com.gruelbox.transactionoutbox.acceptance.InterfaceProcessor.process(84, "Whee") [c71fe4a5-d043-46dc-b5f1-d22925ac0541]
18:24:17.969 [pool-6-thread-1] INFO  SESSION-KEY= c.g.t.TransactionOutbox - Processed com.gruelbox.transactionoutbox.acceptance.InterfaceProcessor.process(83, "Whee") [ba70a455-08d1-4a60-8d78-b5be09f70ab3]
18:24:17.970 [pool-6-thread-2] INFO  SESSION-KEY= c.g.t.TransactionOutbox - Processing com.gruelbox.transactionoutbox.acceptance.InterfaceProcessor.process(85, "Whee") [97e10e02-9596-4773-a17c-69241c11f527]
18:24:17.970 [pool-6-thread-2] INFO  SESSION-KEY= c.g.t.a.AbstractAcceptanceTest - Processing (85, Whee)
18:24:17.970 [pool-6-thread-2] INFO  SESSION-KEY= c.g.t.a.AbstractAcceptanceTest - Processed (85, Whee)
18:24:17.970 [pool-6-thread-2] INFO  SESSION-KEY= c.g.t.TransactionOutbox - Processed com.gruelbox.transactionoutbox.acceptance.InterfaceProcessor.process(85, "Whee") [97e10e02-9596-4773-a17c-69241c11f527]
18:24:17.971 [pool-6-thread-1] INFO  SESSION-KEY= c.g.t.TransactionOutbox - Processing com.gruelbox.transactionoutbox.acceptance.InterfaceProcessor.process(86, "Whee") [5f0e27a3-6bef-4a64-9d31-fb3594e5967a]
18:24:17.971 [pool-6-thread-1] INFO  SESSION-KEY= c.g.t.a.AbstractAcceptanceTest - Processing (86, Whee)
18:24:17.971 [pool-6-thread-1] INFO  SESSION-KEY= c.g.t.a.AbstractAcceptanceTest - Processed (86, Whee)
18:24:17.971 [pool-6-thread-2] INFO  SESSION-KEY= c.g.t.TransactionOutbox - Processing com.gruelbox.transactionoutbox.acceptance.InterfaceProcessor.process(87, "Whee") [9db3e2e7-f89b-4c0a-821d-a857dac900d2]
18:24:17.972 [pool-6-thread-2] INFO  SESSION-KEY= c.g.t.a.AbstractAcceptanceTest - Processing (87, Whee)
18:24:17.972 [pool-6-thread-2] INFO  SESSION-KEY= c.g.t.a.AbstractAcceptanceTest - Processed (87, Whee)
18:24:17.972 [pool-6-thread-1] INFO  SESSION-KEY= c.g.t.TransactionOutbox - Processed com.gruelbox.transactionoutbox.acceptance.InterfaceProcessor.process(86, "Whee") [5f0e27a3-6bef-4a64-9d31-fb3594e5967a]
18:24:17.972 [pool-6-thread-2] INFO  SESSION-KEY= c.g.t.TransactionOutbox - Processed com.gruelbox.transactionoutbox.acceptance.InterfaceProcessor.process(87, "Whee") [9db3e2e7-f89b-4c0a-821d-a857dac900d2]
18:24:17.973 [pool-6-thread-2] INFO  SESSION-KEY= c.g.t.TransactionOutbox - Processing com.gruelbox.transactionoutbox.acceptance.InterfaceProcessor.process(89, "Whee") [cbb13c8c-606f-473f-90b8-548a79a553f6]
18:24:17.973 [pool-6-thread-1] INFO  SESSION-KEY= c.g.t.TransactionOutbox - Processing com.gruelbox.transactionoutbox.acceptance.InterfaceProcessor.process(88, "Whee") [fb412f49-54a3-4c15-abec-44b8121520e3]
18:24:17.973 [pool-6-thread-2] INFO  SESSION-KEY= c.g.t.a.AbstractAcceptanceTest - Processing (89, Whee)
18:24:17.973 [pool-6-thread-2] INFO  SESSION-KEY= c.g.t.a.AbstractAcceptanceTest - Processed (89, Whee)
18:24:17.973 [pool-6-thread-1] INFO  SESSION-KEY= c.g.t.a.AbstractAcceptanceTest - Processing (88, Whee)
18:24:17.973 [pool-6-thread-1] INFO  SESSION-KEY= c.g.t.a.AbstractAcceptanceTest - Processed (88, Whee)
18:24:17.974 [pool-6-thread-2] INFO  SESSION-KEY= c.g.t.TransactionOutbox - Processed com.gruelbox.transactionoutbox.acceptance.InterfaceProcessor.process(89, "Whee") [cbb13c8c-606f-473f-90b8-548a79a553f6]
18:24:17.974 [pool-6-thread-1] INFO  SESSION-KEY= c.g.t.TransactionOutbox - Processed com.gruelbox.transactionoutbox.acceptance.InterfaceProcessor.process(88, "Whee") [fb412f49-54a3-4c15-abec-44b8121520e3]
18:24:17.975 [pool-6-thread-2] INFO  SESSION-KEY= c.g.t.TransactionOutbox - Processing com.gruelbox.transactionoutbox.acceptance.InterfaceProcessor.process(40, "Whee") [c67a4d0d-84c5-4703-8999-0b5c9e342ec0]
18:24:17.975 [pool-6-thread-2] INFO  SESSION-KEY= c.g.t.a.AbstractAcceptanceTest - Processing (40, Whee)
18:24:17.975 [pool-6-thread-2] INFO  SESSION-KEY= c.g.t.a.AbstractAcceptanceTest - Processed (40, Whee)
18:24:17.975 [pool-6-thread-1] INFO  SESSION-KEY= c.g.t.TransactionOutbox - Processing com.gruelbox.transactionoutbox.acceptance.InterfaceProcessor.process(30, "Whee") [6d2be2aa-e46b-4e5c-99f7-786fdaef6635]
18:24:17.975 [pool-6-thread-2] INFO  SESSION-KEY= c.g.t.TransactionOutbox - Processed com.gruelbox.transactionoutbox.acceptance.InterfaceProcessor.process(40, "Whee") [c67a4d0d-84c5-4703-8999-0b5c9e342ec0]
18:24:17.975 [pool-6-thread-1] INFO  SESSION-KEY= c.g.t.a.AbstractAcceptanceTest - Processing (30, Whee)
18:24:17.975 [pool-6-thread-1] INFO  SESSION-KEY= c.g.t.a.AbstractAcceptanceTest - Processed (30, Whee)
18:24:17.976 [pool-6-thread-2] INFO  SESSION-KEY= c.g.t.TransactionOutbox - Processing com.gruelbox.transactionoutbox.acceptance.InterfaceProcessor.process(31, "Whee") [e4c9f031-d483-4848-9fab-ba764f665707]
18:24:17.976 [pool-6-thread-1] INFO  SESSION-KEY= c.g.t.TransactionOutbox - Processed com.gruelbox.transactionoutbox.acceptance.InterfaceProcessor.process(30, "Whee") [6d2be2aa-e46b-4e5c-99f7-786fdaef6635]
18:24:17.976 [pool-6-thread-2] INFO  SESSION-KEY= c.g.t.a.AbstractAcceptanceTest - Processing (31, Whee)
18:24:17.976 [pool-6-thread-2] INFO  SESSION-KEY= c.g.t.a.AbstractAcceptanceTest - Processed (31, Whee)
18:24:17.977 [pool-6-thread-2] INFO  SESSION-KEY= c.g.t.TransactionOutbox - Processed com.gruelbox.transactionoutbox.acceptance.InterfaceProcessor.process(31, "Whee") [e4c9f031-d483-4848-9fab-ba764f665707]
18:24:17.977 [pool-6-thread-1] INFO  SESSION-KEY= c.g.t.TransactionOutbox - Processing com.gruelbox.transactionoutbox.acceptance.InterfaceProcessor.process(70, "Whee") [8b4d7092-b507-405f-9c92-e795ea216ddb]
18:24:17.977 [pool-6-thread-1] INFO  SESSION-KEY= c.g.t.a.AbstractAcceptanceTest - Processing (70, Whee)
18:24:17.977 [pool-6-thread-1] INFO  SESSION-KEY= c.g.t.a.AbstractAcceptanceTest - Processed (70, Whee)
18:24:17.977 [pool-6-thread-2] INFO  SESSION-KEY= c.g.t.TransactionOutbox - Processing com.gruelbox.transactionoutbox.acceptance.InterfaceProcessor.process(71, "Whee") [f3106b1c-5aa8-42d0-a1a7-b24612ff53da]
18:24:17.977 [pool-6-thread-2] INFO  SESSION-KEY= c.g.t.a.AbstractAcceptanceTest - Processing (71, Whee)
18:24:17.978 [pool-6-thread-2] INFO  SESSION-KEY= c.g.t.a.AbstractAcceptanceTest - Processed (71, Whee)
18:24:17.978 [pool-6-thread-2] INFO  SESSION-KEY= c.g.t.TransactionOutbox - Processed com.gruelbox.transactionoutbox.acceptance.InterfaceProcessor.process(71, "Whee") [f3106b1c-5aa8-42d0-a1a7-b24612ff53da]
18:24:17.978 [pool-6-thread-1] INFO  SESSION-KEY= c.g.t.TransactionOutbox - Processed com.gruelbox.transactionoutbox.acceptance.InterfaceProcessor.process(70, "Whee") [8b4d7092-b507-405f-9c92-e795ea216ddb]
18:24:17.979 [pool-6-thread-2] INFO  SESSION-KEY= c.g.t.TransactionOutbox - Processing com.gruelbox.transactionoutbox.acceptance.InterfaceProcessor.process(72, "Whee") [98ee5a8d-8ffd-42f7-8898-fec72b5ee0fb]
18:24:17.979 [pool-6-thread-2] INFO  SESSION-KEY= c.g.t.a.AbstractAcceptanceTest - Processing (72, Whee)
18:24:17.979 [pool-6-thread-2] INFO  SESSION-KEY= c.g.t.a.AbstractAcceptanceTest - Processed (72, Whee)
18:24:17.979 [pool-6-thread-1] INFO  SESSION-KEY= c.g.t.TransactionOutbox - Processing com.gruelbox.transactionoutbox.acceptance.InterfaceProcessor.process(73, "Whee") [7d5e0716-35cd-4fd9-9359-7b266c8bae8d]
18:24:17.979 [pool-6-thread-2] INFO  SESSION-KEY= c.g.t.TransactionOutbox - Processed com.gruelbox.transactionoutbox.acceptance.InterfaceProcessor.process(72, "Whee") [98ee5a8d-8ffd-42f7-8898-fec72b5ee0fb]
18:24:17.979 [pool-6-thread-1] INFO  SESSION-KEY= c.g.t.a.AbstractAcceptanceTest - Processing (73, Whee)
18:24:17.979 [pool-6-thread-1] INFO  SESSION-KEY= c.g.t.a.AbstractAcceptanceTest - Processed (73, Whee)
18:24:17.980 [pool-6-thread-1] INFO  SESSION-KEY= c.g.t.TransactionOutbox - Processed com.gruelbox.transactionoutbox.acceptance.InterfaceProcessor.process(73, "Whee") [7d5e0716-35cd-4fd9-9359-7b266c8bae8d]
18:24:18.437 [pool-6-thread-2] INFO  SESSION-KEY= c.g.t.TransactionOutbox - Processing com.gruelbox.transactionoutbox.acceptance.InterfaceProcessor.process(90, "Whee") [dfd8f57f-ee06-4052-841d-3276411b18e8]
18:24:18.437 [pool-6-thread-2] INFO  SESSION-KEY= c.g.t.a.AbstractAcceptanceTest - Processing (90, Whee)
18:24:18.437 [pool-6-thread-2] INFO  SESSION-KEY= c.g.t.a.AbstractAcceptanceTest - Processed (90, Whee)
18:24:18.437 [pool-6-thread-1] INFO  SESSION-KEY= c.g.t.TransactionOutbox - Processing com.gruelbox.transactionoutbox.acceptance.InterfaceProcessor.process(50, "Whee") [e57e7610-f996-488c-b6c7-fc48ea55ad9c]
18:24:18.437 [pool-6-thread-1] INFO  SESSION-KEY= c.g.t.a.AbstractAcceptanceTest - Processing (50, Whee)
18:24:18.438 [pool-6-thread-1] INFO  SESSION-KEY= c.g.t.a.AbstractAcceptanceTest - Processed (50, Whee)
18:24:18.438 [pool-6-thread-2] INFO  SESSION-KEY= c.g.t.TransactionOutbox - Processed com.gruelbox.transactionoutbox.acceptance.InterfaceProcessor.process(90, "Whee") [dfd8f57f-ee06-4052-841d-3276411b18e8]
18:24:18.439 [pool-6-thread-1] INFO  SESSION-KEY= c.g.t.TransactionOutbox - Processed com.gruelbox.transactionoutbox.acceptance.InterfaceProcessor.process(50, "Whee") [e57e7610-f996-488c-b6c7-fc48ea55ad9c]
18:24:18.440 [pool-6-thread-2] INFO  SESSION-KEY= c.g.t.TransactionOutbox - Processing com.gruelbox.transactionoutbox.acceptance.InterfaceProcessor.process(0, "Whee") [10692c0e-e142-45ad-9d9c-7f365bd05cfb]
18:24:18.440 [pool-6-thread-2] INFO  SESSION-KEY= c.g.t.a.AbstractAcceptanceTest - Processing (0, Whee)
18:24:18.440 [pool-6-thread-2] INFO  SESSION-KEY= c.g.t.a.AbstractAcceptanceTest - Processed (0, Whee)
18:24:18.441 [pool-6-thread-2] INFO  SESSION-KEY= c.g.t.TransactionOutbox - Processed com.gruelbox.transactionoutbox.acceptance.InterfaceProcessor.process(0, "Whee") [10692c0e-e142-45ad-9d9c-7f365bd05cfb]
18:24:18.442 [pool-6-thread-1] INFO  SESSION-KEY= c.g.t.TransactionOutbox - Processing com.gruelbox.transactionoutbox.acceptance.InterfaceProcessor.process(10, "Whee") [1c14c180-7114-45c5-a43d-7aa7ce5d7864]
18:24:18.442 [pool-6-thread-1] INFO  SESSION-KEY= c.g.t.a.AbstractAcceptanceTest - Processing (10, Whee)
18:24:18.442 [pool-6-thread-1] INFO  SESSION-KEY= c.g.t.a.AbstractAcceptanceTest - Processed (10, Whee)
18:24:18.443 [pool-6-thread-1] INFO  SESSION-KEY= c.g.t.TransactionOutbox - Processed com.gruelbox.transactionoutbox.acceptance.InterfaceProcessor.process(10, "Whee") [1c14c180-7114-45c5-a43d-7aa7ce5d7864]
18:24:18.480 [pool-6-thread-2] INFO  SESSION-KEY= c.g.t.TransactionOutbox - Processing com.gruelbox.transactionoutbox.acceptance.InterfaceProcessor.process(20, "Whee") [f1c0e303-0e48-4fec-b736-bfaad3ba65cd]
18:24:18.480 [pool-6-thread-1] INFO  SESSION-KEY= c.g.t.TransactionOutbox - Processing com.gruelbox.transactionoutbox.acceptance.InterfaceProcessor.process(91, "Whee") [1e7422ab-205d-48b0-800d-96139e1381dc]
18:24:18.480 [pool-6-thread-2] INFO  SESSION-KEY= c.g.t.a.AbstractAcceptanceTest - Processing (20, Whee)
18:24:18.480 [pool-6-thread-2] INFO  SESSION-KEY= c.g.t.a.AbstractAcceptanceTest - Processed (20, Whee)
18:24:18.480 [pool-6-thread-1] INFO  SESSION-KEY= c.g.t.a.AbstractAcceptanceTest - Processing (91, Whee)
18:24:18.480 [pool-6-thread-1] INFO  SESSION-KEY= c.g.t.a.AbstractAcceptanceTest - Processed (91, Whee)
18:24:18.481 [pool-6-thread-1] INFO  SESSION-KEY= c.g.t.TransactionOutbox - Processed com.gruelbox.transactionoutbox.acceptance.InterfaceProcessor.process(91, "Whee") [1e7422ab-205d-48b0-800d-96139e1381dc]
18:24:18.481 [pool-6-thread-2] INFO  SESSION-KEY= c.g.t.TransactionOutbox - Processed com.gruelbox.transactionoutbox.acceptance.InterfaceProcessor.process(20, "Whee") [f1c0e303-0e48-4fec-b736-bfaad3ba65cd]
18:24:18.483 [pool-6-thread-1] INFO  SESSION-KEY= c.g.t.TransactionOutbox - Processing com.gruelbox.transactionoutbox.acceptance.InterfaceProcessor.process(21, "Whee") [d05ba72d-61bf-4bfa-aaf5-6d0f305c7669]
18:24:18.483 [pool-6-thread-2] INFO  SESSION-KEY= c.g.t.TransactionOutbox - Processing com.gruelbox.transactionoutbox.acceptance.InterfaceProcessor.process(92, "Whee") [0ad73768-b539-4dee-bc07-686d4bfcc1e6]
18:24:18.483 [pool-6-thread-1] INFO  SESSION-KEY= c.g.t.a.AbstractAcceptanceTest - Processing (21, Whee)
18:24:18.483 [pool-6-thread-2] INFO  SESSION-KEY= c.g.t.a.AbstractAcceptanceTest - Processing (92, Whee)
18:24:18.483 [pool-6-thread-2] INFO  SESSION-KEY= c.g.t.a.AbstractAcceptanceTest - Processed (92, Whee)
18:24:18.483 [pool-6-thread-1] WARN  SESSION-KEY= c.g.t.SimpleTransactionManager - Exception in transactional block (InvocationTargetException). Rolling back. See later messages for detail
18:24:18.484 [pool-6-thread-2] INFO  SESSION-KEY= c.g.t.TransactionOutbox - Processed com.gruelbox.transactionoutbox.acceptance.InterfaceProcessor.process(92, "Whee") [0ad73768-b539-4dee-bc07-686d4bfcc1e6]
18:24:18.486 [pool-6-thread-2] INFO  SESSION-KEY= c.g.t.TransactionOutbox - Processing com.gruelbox.transactionoutbox.acceptance.InterfaceProcessor.process(22, "Whee") [d7cd48b2-0cc1-4fae-98de-ea9ee7e6a0b1]
18:24:18.486 [pool-6-thread-1] WARN  SESSION-KEY= c.g.t.TransactionOutbox - Temporarily failed to process: com.gruelbox.transactionoutbox.acceptance.InterfaceProcessor.process(21, "Whee") [d05ba72d-61bf-4bfa-aaf5-6d0f305c7669]
java.lang.RuntimeException: Temporary failure of InterfaceProcessor
	at com.gruelbox.transactionoutbox.acceptance.AbstractAcceptanceTest$RandomFailingInstantiator.lambda$getInstance$0(AbstractAcceptanceTest.java:563)
	at java.base/jdk.internal.reflect.NativeMethodAccessorImpl.invoke0(Native Method)
	at java.base/jdk.internal.reflect.NativeMethodAccessorImpl.invoke(NativeMethodAccessorImpl.java:62)
	at java.base/jdk.internal.reflect.DelegatingMethodAccessorImpl.invoke(DelegatingMethodAccessorImpl.java:43)
	at java.base/java.lang.reflect.Method.invoke(Method.java:566)
	at com.gruelbox.transactionoutbox.Invocation.invoke(Invocation.java:107)
	at com.gruelbox.transactionoutbox.TransactionOutbox.invoke(TransactionOutbox.java:334)
	at com.gruelbox.transactionoutbox.TransactionOutbox.lambda$processNow$13(TransactionOutbox.java:305)
	at com.gruelbox.transactionoutbox.SimpleTransactionManager.processAndCommitOrRollback(SimpleTransactionManager.java:34)
	at com.gruelbox.transactionoutbox.SimpleTransactionManager.lambda$inTransactionReturnsThrows$0(SimpleTransactionManager.java:24)
	at com.gruelbox.transactionoutbox.SimpleTransactionManager.withTransaction(SimpleTransactionManager.java:64)
	at com.gruelbox.transactionoutbox.SimpleTransactionManager.inTransactionReturnsThrows(SimpleTransactionManager.java:22)
	at com.gruelbox.transactionoutbox.TransactionOutbox.processNow(TransactionOutbox.java:299)
	at com.gruelbox.transactionoutbox.ExecutorSubmitter.lambda$submit$0(ExecutorSubmitter.java:60)
	at java.base/java.util.concurrent.ThreadPoolExecutor.runWorker(ThreadPoolExecutor.java:1128)
	at java.base/java.util.concurrent.ThreadPoolExecutor$Worker.run(ThreadPoolExecutor.java:628)
	at java.base/java.lang.Thread.run(Thread.java:829)
18:24:18.486 [pool-6-thread-2] INFO  SESSION-KEY= c.g.t.a.AbstractAcceptanceTest - Processing (22, Whee)
18:24:18.486 [pool-6-thread-2] INFO  SESSION-KEY= c.g.t.a.AbstractAcceptanceTest - Processed (22, Whee)
18:24:18.487 [pool-6-thread-2] INFO  SESSION-KEY= c.g.t.TransactionOutbox - Processed com.gruelbox.transactionoutbox.acceptance.InterfaceProcessor.process(22, "Whee") [d7cd48b2-0cc1-4fae-98de-ea9ee7e6a0b1]
18:24:18.488 [pool-6-thread-1] INFO  SESSION-KEY= c.g.t.TransactionOutbox - Processing com.gruelbox.transactionoutbox.acceptance.InterfaceProcessor.process(32, "Whee") [32ee1fac-8542-4c43-9a14-bdd6d8ae06a9]
18:24:18.488 [pool-6-thread-1] INFO  SESSION-KEY= c.g.t.a.AbstractAcceptanceTest - Processing (32, Whee)
18:24:18.488 [pool-6-thread-1] INFO  SESSION-KEY= c.g.t.a.AbstractAcceptanceTest - Processed (32, Whee)
18:24:18.488 [pool-6-thread-2] INFO  SESSION-KEY= c.g.t.TransactionOutbox - Processing com.gruelbox.transactionoutbox.acceptance.InterfaceProcessor.process(93, "Whee") [1cfec8ba-2b67-4742-8c0a-d4c38faa306a]
18:24:18.489 [pool-6-thread-2] INFO  SESSION-KEY= c.g.t.a.AbstractAcceptanceTest - Processing (93, Whee)
18:24:18.489 [pool-6-thread-2] INFO  SESSION-KEY= c.g.t.a.AbstractAcceptanceTest - Processed (93, Whee)
18:24:18.489 [pool-6-thread-1] INFO  SESSION-KEY= c.g.t.TransactionOutbox - Processed com.gruelbox.transactionoutbox.acceptance.InterfaceProcessor.process(32, "Whee") [32ee1fac-8542-4c43-9a14-bdd6d8ae06a9]
18:24:18.490 [pool-6-thread-2] INFO  SESSION-KEY= c.g.t.TransactionOutbox - Processed com.gruelbox.transactionoutbox.acceptance.InterfaceProcessor.process(93, "Whee") [1cfec8ba-2b67-4742-8c0a-d4c38faa306a]
18:24:18.490 [pool-6-thread-1] INFO  SESSION-KEY= c.g.t.TransactionOutbox - Processing com.gruelbox.transactionoutbox.acceptance.InterfaceProcessor.process(94, "Whee") [6d4db70a-324e-4c5a-8d87-562e416d13a7]
18:24:18.491 [pool-6-thread-1] INFO  SESSION-KEY= c.g.t.a.AbstractAcceptanceTest - Processing (94, Whee)
18:24:18.491 [pool-6-thread-1] INFO  SESSION-KEY= c.g.t.a.AbstractAcceptanceTest - Processed (94, Whee)
18:24:18.491 [pool-6-thread-2] INFO  SESSION-KEY= c.g.t.TransactionOutbox - Processing com.gruelbox.transactionoutbox.acceptance.InterfaceProcessor.process(51, "Whee") [5a74d94b-58f5-4274-b771-fe4fdd972748]
18:24:18.491 [pool-6-thread-2] INFO  SESSION-KEY= c.g.t.a.AbstractAcceptanceTest - Processing (51, Whee)
18:24:18.491 [pool-6-thread-2] INFO  SESSION-KEY= c.g.t.a.AbstractAcceptanceTest - Processed (51, Whee)
18:24:18.492 [pool-6-thread-1] INFO  SESSION-KEY= c.g.t.TransactionOutbox - Processed com.gruelbox.transactionoutbox.acceptance.InterfaceProcessor.process(94, "Whee") [6d4db70a-324e-4c5a-8d87-562e416d13a7]
18:24:18.492 [pool-6-thread-2] INFO  SESSION-KEY= c.g.t.TransactionOutbox - Processed com.gruelbox.transactionoutbox.acceptance.InterfaceProcessor.process(51, "Whee") [5a74d94b-58f5-4274-b771-fe4fdd972748]
18:24:18.493 [pool-6-thread-1] INFO  SESSION-KEY= c.g.t.TransactionOutbox - Processing com.gruelbox.transactionoutbox.acceptance.InterfaceProcessor.process(23, "Whee") [99a02a22-042d-40e5-99f6-6fd2ca6906fa]
18:24:18.493 [pool-6-thread-1] INFO  SESSION-KEY= c.g.t.a.AbstractAcceptanceTest - Processing (23, Whee)
18:24:18.493 [pool-6-thread-1] INFO  SESSION-KEY= c.g.t.a.AbstractAcceptanceTest - Processed (23, Whee)
18:24:18.494 [pool-6-thread-2] INFO  SESSION-KEY= c.g.t.TransactionOutbox - Processing com.gruelbox.transactionoutbox.acceptance.InterfaceProcessor.process(95, "Whee") [13b60a3e-3ceb-4322-a4f2-1eeb2f1cae57]
18:24:18.494 [pool-6-thread-2] INFO  SESSION-KEY= c.g.t.a.AbstractAcceptanceTest - Processing (95, Whee)
18:24:18.494 [pool-6-thread-2] INFO  SESSION-KEY= c.g.t.a.AbstractAcceptanceTest - Processed (95, Whee)
18:24:18.494 [pool-6-thread-1] INFO  SESSION-KEY= c.g.t.TransactionOutbox - Processed com.gruelbox.transactionoutbox.acceptance.InterfaceProcessor.process(23, "Whee") [99a02a22-042d-40e5-99f6-6fd2ca6906fa]
18:24:18.495 [pool-6-thread-2] INFO  SESSION-KEY= c.g.t.TransactionOutbox - Processed com.gruelbox.transactionoutbox.acceptance.InterfaceProcessor.process(95, "Whee") [13b60a3e-3ceb-4322-a4f2-1eeb2f1cae57]
18:24:18.496 [pool-6-thread-1] INFO  SESSION-KEY= c.g.t.TransactionOutbox - Processing com.gruelbox.transactionoutbox.acceptance.InterfaceProcessor.process(96, "Whee") [c67365da-555e-4df1-8ced-b0f65e34a3ac]
18:24:18.496 [pool-6-thread-1] INFO  SESSION-KEY= c.g.t.a.AbstractAcceptanceTest - Processing (96, Whee)
18:24:18.496 [pool-6-thread-1] INFO  SESSION-KEY= c.g.t.a.AbstractAcceptanceTest - Processed (96, Whee)
18:24:18.496 [pool-6-thread-2] INFO  SESSION-KEY= c.g.t.TransactionOutbox - Processing com.gruelbox.transactionoutbox.acceptance.InterfaceProcessor.process(52, "Whee") [2edfe8ab-42a5-4c09-89ba-5a6c5e24f5fc]
18:24:18.496 [pool-6-thread-2] INFO  SESSION-KEY= c.g.t.a.AbstractAcceptanceTest - Processing (52, Whee)
18:24:18.496 [pool-6-thread-2] INFO  SESSION-KEY= c.g.t.a.AbstractAcceptanceTest - Processed (52, Whee)
18:24:18.497 [pool-6-thread-1] INFO  SESSION-KEY= c.g.t.TransactionOutbox - Processed com.gruelbox.transactionoutbox.acceptance.InterfaceProcessor.process(96, "Whee") [c67365da-555e-4df1-8ced-b0f65e34a3ac]
18:24:18.497 [pool-6-thread-2] INFO  SESSION-KEY= c.g.t.TransactionOutbox - Processed com.gruelbox.transactionoutbox.acceptance.InterfaceProcessor.process(52, "Whee") [2edfe8ab-42a5-4c09-89ba-5a6c5e24f5fc]
18:24:18.498 [pool-6-thread-2] INFO  SESSION-KEY= c.g.t.TransactionOutbox - Processing com.gruelbox.transactionoutbox.acceptance.InterfaceProcessor.process(11, "Whee") [7d34a479-d5c5-4834-a6a3-245c556183e6]
18:24:18.498 [pool-6-thread-2] INFO  SESSION-KEY= c.g.t.a.AbstractAcceptanceTest - Processing (11, Whee)
18:24:18.498 [pool-6-thread-1] INFO  SESSION-KEY= c.g.t.TransactionOutbox - Processing com.gruelbox.transactionoutbox.acceptance.InterfaceProcessor.process(53, "Whee") [77cb9b87-777d-4cc3-88e3-285406015355]
18:24:18.498 [pool-6-thread-2] WARN  SESSION-KEY= c.g.t.SimpleTransactionManager - Exception in transactional block (InvocationTargetException). Rolling back. See later messages for detail
18:24:18.498 [pool-6-thread-1] INFO  SESSION-KEY= c.g.t.a.AbstractAcceptanceTest - Processing (53, Whee)
18:24:18.498 [pool-6-thread-1] INFO  SESSION-KEY= c.g.t.a.AbstractAcceptanceTest - Processed (53, Whee)
18:24:18.499 [pool-6-thread-1] INFO  SESSION-KEY= c.g.t.TransactionOutbox - Processed com.gruelbox.transactionoutbox.acceptance.InterfaceProcessor.process(53, "Whee") [77cb9b87-777d-4cc3-88e3-285406015355]
18:24:18.500 [pool-6-thread-1] INFO  SESSION-KEY= c.g.t.TransactionOutbox - Processing com.gruelbox.transactionoutbox.acceptance.InterfaceProcessor.process(24, "Whee") [4e3b73ce-ad8c-464e-83ae-e03e29872a6d]
18:24:18.500 [pool-6-thread-2] WARN  SESSION-KEY= c.g.t.TransactionOutbox - Temporarily failed to process: com.gruelbox.transactionoutbox.acceptance.InterfaceProcessor.process(11, "Whee") [7d34a479-d5c5-4834-a6a3-245c556183e6]
java.lang.RuntimeException: Temporary failure of InterfaceProcessor
	at com.gruelbox.transactionoutbox.acceptance.AbstractAcceptanceTest$RandomFailingInstantiator.lambda$getInstance$0(AbstractAcceptanceTest.java:563)
	at java.base/jdk.internal.reflect.NativeMethodAccessorImpl.invoke0(Native Method)
	at java.base/jdk.internal.reflect.NativeMethodAccessorImpl.invoke(NativeMethodAccessorImpl.java:62)
	at java.base/jdk.internal.reflect.DelegatingMethodAccessorImpl.invoke(DelegatingMethodAccessorImpl.java:43)
	at java.base/java.lang.reflect.Method.invoke(Method.java:566)
	at com.gruelbox.transactionoutbox.Invocation.invoke(Invocation.java:107)
	at com.gruelbox.transactionoutbox.TransactionOutbox.invoke(TransactionOutbox.java:334)
	at com.gruelbox.transactionoutbox.TransactionOutbox.lambda$processNow$13(TransactionOutbox.java:305)
	at com.gruelbox.transactionoutbox.SimpleTransactionManager.processAndCommitOrRollback(SimpleTransactionManager.java:34)
	at com.gruelbox.transactionoutbox.SimpleTransactionManager.lambda$inTransactionReturnsThrows$0(SimpleTransactionManager.java:24)
	at com.gruelbox.transactionoutbox.SimpleTransactionManager.withTransaction(SimpleTransactionManager.java:64)
	at com.gruelbox.transactionoutbox.SimpleTransactionManager.inTransactionReturnsThrows(SimpleTransactionManager.java:22)
	at com.gruelbox.transactionoutbox.TransactionOutbox.processNow(TransactionOutbox.java:299)
	at com.gruelbox.transactionoutbox.ExecutorSubmitter.lambda$submit$0(ExecutorSubmitter.java:60)
	at java.base/java.util.concurrent.ThreadPoolExecutor.runWorker(ThreadPoolExecutor.java:1128)
	at java.base/java.util.concurrent.ThreadPoolExecutor$Worker.run(ThreadPoolExecutor.java:628)
	at java.base/java.lang.Thread.run(Thread.java:829)
18:24:18.500 [pool-6-thread-1] INFO  SESSION-KEY= c.g.t.a.AbstractAcceptanceTest - Processing (24, Whee)
18:24:18.500 [pool-6-thread-1] INFO  SESSION-KEY= c.g.t.a.AbstractAcceptanceTest - Processed (24, Whee)
18:24:18.501 [pool-6-thread-1] INFO  SESSION-KEY= c.g.t.TransactionOutbox - Processed com.gruelbox.transactionoutbox.acceptance.InterfaceProcessor.process(24, "Whee") [4e3b73ce-ad8c-464e-83ae-e03e29872a6d]
18:24:18.502 [pool-6-thread-1] INFO  SESSION-KEY= c.g.t.TransactionOutbox - Processing com.gruelbox.transactionoutbox.acceptance.InterfaceProcessor.process(34, "Whee") [e5ec5f92-857d-4b02-9814-a70c6de49178]
18:24:18.502 [pool-6-thread-2] INFO  SESSION-KEY= c.g.t.TransactionOutbox - Processing com.gruelbox.transactionoutbox.acceptance.InterfaceProcessor.process(33, "Whee") [c6c51294-9566-4b0e-922d-eb5f23b322e4]
18:24:18.502 [pool-6-thread-1] INFO  SESSION-KEY= c.g.t.a.AbstractAcceptanceTest - Processing (34, Whee)
18:24:18.502 [pool-6-thread-2] INFO  SESSION-KEY= c.g.t.a.AbstractAcceptanceTest - Processing (33, Whee)
18:24:18.502 [pool-6-thread-1] WARN  SESSION-KEY= c.g.t.SimpleTransactionManager - Exception in transactional block (InvocationTargetException). Rolling back. See later messages for detail
18:24:18.502 [pool-6-thread-2] INFO  SESSION-KEY= c.g.t.a.AbstractAcceptanceTest - Processed (33, Whee)
18:24:18.503 [pool-6-thread-2] INFO  SESSION-KEY= c.g.t.TransactionOutbox - Processed com.gruelbox.transactionoutbox.acceptance.InterfaceProcessor.process(33, "Whee") [c6c51294-9566-4b0e-922d-eb5f23b322e4]
18:24:18.504 [pool-6-thread-1] WARN  SESSION-KEY= c.g.t.TransactionOutbox - Temporarily failed to process: com.gruelbox.transactionoutbox.acceptance.InterfaceProcessor.process(34, "Whee") [e5ec5f92-857d-4b02-9814-a70c6de49178]
java.lang.RuntimeException: Temporary failure of InterfaceProcessor
	at com.gruelbox.transactionoutbox.acceptance.AbstractAcceptanceTest$RandomFailingInstantiator.lambda$getInstance$0(AbstractAcceptanceTest.java:563)
	at java.base/jdk.internal.reflect.NativeMethodAccessorImpl.invoke0(Native Method)
	at java.base/jdk.internal.reflect.NativeMethodAccessorImpl.invoke(NativeMethodAccessorImpl.java:62)
	at java.base/jdk.internal.reflect.DelegatingMethodAccessorImpl.invoke(DelegatingMethodAccessorImpl.java:43)
	at java.base/java.lang.reflect.Method.invoke(Method.java:566)
	at com.gruelbox.transactionoutbox.Invocation.invoke(Invocation.java:107)
	at com.gruelbox.transactionoutbox.TransactionOutbox.invoke(TransactionOutbox.java:334)
	at com.gruelbox.transactionoutbox.TransactionOutbox.lambda$processNow$13(TransactionOutbox.java:305)
	at com.gruelbox.transactionoutbox.SimpleTransactionManager.processAndCommitOrRollback(SimpleTransactionManager.java:34)
	at com.gruelbox.transactionoutbox.SimpleTransactionManager.lambda$inTransactionReturnsThrows$0(SimpleTransactionManager.java:24)
	at com.gruelbox.transactionoutbox.SimpleTransactionManager.withTransaction(SimpleTransactionManager.java:64)
	at com.gruelbox.transactionoutbox.SimpleTransactionManager.inTransactionReturnsThrows(SimpleTransactionManager.java:22)
	at com.gruelbox.transactionoutbox.TransactionOutbox.processNow(TransactionOutbox.java:299)
	at com.gruelbox.transactionoutbox.ExecutorSubmitter.lambda$submit$0(ExecutorSubmitter.java:60)
	at java.base/java.util.concurrent.ThreadPoolExecutor.runWorker(ThreadPoolExecutor.java:1128)
	at java.base/java.util.concurrent.ThreadPoolExecutor$Worker.run(ThreadPoolExecutor.java:628)
	at java.base/java.lang.Thread.run(Thread.java:829)
18:24:18.505 [pool-6-thread-2] INFO  SESSION-KEY= c.g.t.TransactionOutbox - Processing com.gruelbox.transactionoutbox.acceptance.InterfaceProcessor.process(78, "Whee") [ed85c2d8-110e-4496-9a2b-ee8e1471c24a]
18:24:18.505 [pool-6-thread-1] INFO  SESSION-KEY= c.g.t.TransactionOutbox - Processing com.gruelbox.transactionoutbox.acceptance.InterfaceProcessor.process(46, "Whee") [2721be4c-7c15-433f-93d5-3c7ce4d48e6f]
18:24:18.505 [pool-6-thread-2] INFO  SESSION-KEY= c.g.t.a.AbstractAcceptanceTest - Processing (78, Whee)
18:24:18.505 [pool-6-thread-1] INFO  SESSION-KEY= c.g.t.a.AbstractAcceptanceTest - Processing (46, Whee)
18:24:18.505 [pool-6-thread-2] INFO  SESSION-KEY= c.g.t.a.AbstractAcceptanceTest - Processed (78, Whee)
18:24:18.505 [pool-6-thread-1] INFO  SESSION-KEY= c.g.t.a.AbstractAcceptanceTest - Processed (46, Whee)
18:24:18.506 [pool-6-thread-1] INFO  SESSION-KEY= c.g.t.TransactionOutbox - Processed com.gruelbox.transactionoutbox.acceptance.InterfaceProcessor.process(46, "Whee") [2721be4c-7c15-433f-93d5-3c7ce4d48e6f]
18:24:18.506 [pool-6-thread-2] INFO  SESSION-KEY= c.g.t.TransactionOutbox - Processed com.gruelbox.transactionoutbox.acceptance.InterfaceProcessor.process(78, "Whee") [ed85c2d8-110e-4496-9a2b-ee8e1471c24a]
18:24:18.506 [pool-6-thread-1] INFO  SESSION-KEY= c.g.t.TransactionOutbox - Processing com.gruelbox.transactionoutbox.acceptance.InterfaceProcessor.process(37, "Whee") [fd81775a-edd8-40e3-988a-17e99ab0dfbe]
18:24:18.506 [pool-6-thread-1] INFO  SESSION-KEY= c.g.t.a.AbstractAcceptanceTest - Processing (37, Whee)
18:24:18.506 [pool-6-thread-1] INFO  SESSION-KEY= c.g.t.a.AbstractAcceptanceTest - Processed (37, Whee)
18:24:18.507 [pool-6-thread-1] INFO  SESSION-KEY= c.g.t.TransactionOutbox - Processed com.gruelbox.transactionoutbox.acceptance.InterfaceProcessor.process(37, "Whee") [fd81775a-edd8-40e3-988a-17e99ab0dfbe]
18:24:18.507 [pool-6-thread-2] INFO  SESSION-KEY= c.g.t.TransactionOutbox - Processing com.gruelbox.transactionoutbox.acceptance.InterfaceProcessor.process(6, "Whee") [2be60be9-3531-4266-b323-bf419dd1bef0]
18:24:18.507 [pool-6-thread-2] INFO  SESSION-KEY= c.g.t.a.AbstractAcceptanceTest - Processing (6, Whee)
18:24:18.507 [pool-6-thread-2] INFO  SESSION-KEY= c.g.t.a.AbstractAcceptanceTest - Processed (6, Whee)
18:24:18.508 [pool-6-thread-1] INFO  SESSION-KEY= c.g.t.TransactionOutbox - Processing com.gruelbox.transactionoutbox.acceptance.InterfaceProcessor.process(29, "Whee") [27e6ee07-ed95-4c6f-bf17-98949a46045a]
18:24:18.508 [pool-6-thread-1] INFO  SESSION-KEY= c.g.t.a.AbstractAcceptanceTest - Processing (29, Whee)
18:24:18.508 [pool-6-thread-1] INFO  SESSION-KEY= c.g.t.a.AbstractAcceptanceTest - Processed (29, Whee)
18:24:18.508 [pool-6-thread-2] INFO  SESSION-KEY= c.g.t.TransactionOutbox - Processed com.gruelbox.transactionoutbox.acceptance.InterfaceProcessor.process(6, "Whee") [2be60be9-3531-4266-b323-bf419dd1bef0]
18:24:18.508 [pool-6-thread-1] INFO  SESSION-KEY= c.g.t.TransactionOutbox - Processed com.gruelbox.transactionoutbox.acceptance.InterfaceProcessor.process(29, "Whee") [27e6ee07-ed95-4c6f-bf17-98949a46045a]
18:24:18.509 [pool-6-thread-1] INFO  SESSION-KEY= c.g.t.TransactionOutbox - Processing com.gruelbox.transactionoutbox.acceptance.InterfaceProcessor.process(16, "Whee") [fc57f76d-4d2a-4b96-ab0e-f19f614ab658]
18:24:18.509 [pool-6-thread-1] INFO  SESSION-KEY= c.g.t.a.AbstractAcceptanceTest - Processing (16, Whee)
18:24:18.509 [pool-6-thread-2] INFO  SESSION-KEY= c.g.t.TransactionOutbox - Processing com.gruelbox.transactionoutbox.acceptance.InterfaceProcessor.process(58, "Whee") [e51592ac-49dc-4ba8-8cdb-bbe9f15612bd]
18:24:18.510 [pool-6-thread-1] WARN  SESSION-KEY= c.g.t.SimpleTransactionManager - Exception in transactional block (InvocationTargetException). Rolling back. See later messages for detail
18:24:18.510 [pool-6-thread-2] INFO  SESSION-KEY= c.g.t.a.AbstractAcceptanceTest - Processing (58, Whee)
18:24:18.510 [pool-6-thread-2] INFO  SESSION-KEY= c.g.t.a.AbstractAcceptanceTest - Processed (58, Whee)
18:24:18.510 [pool-6-thread-2] INFO  SESSION-KEY= c.g.t.TransactionOutbox - Processed com.gruelbox.transactionoutbox.acceptance.InterfaceProcessor.process(58, "Whee") [e51592ac-49dc-4ba8-8cdb-bbe9f15612bd]
18:24:18.511 [pool-6-thread-1] WARN  SESSION-KEY= c.g.t.TransactionOutbox - Temporarily failed to process: com.gruelbox.transactionoutbox.acceptance.InterfaceProcessor.process(16, "Whee") [fc57f76d-4d2a-4b96-ab0e-f19f614ab658]
java.lang.RuntimeException: Temporary failure of InterfaceProcessor
	at com.gruelbox.transactionoutbox.acceptance.AbstractAcceptanceTest$RandomFailingInstantiator.lambda$getInstance$0(AbstractAcceptanceTest.java:563)
	at java.base/jdk.internal.reflect.NativeMethodAccessorImpl.invoke0(Native Method)
	at java.base/jdk.internal.reflect.NativeMethodAccessorImpl.invoke(NativeMethodAccessorImpl.java:62)
	at java.base/jdk.internal.reflect.DelegatingMethodAccessorImpl.invoke(DelegatingMethodAccessorImpl.java:43)
	at java.base/java.lang.reflect.Method.invoke(Method.java:566)
	at com.gruelbox.transactionoutbox.Invocation.invoke(Invocation.java:107)
	at com.gruelbox.transactionoutbox.TransactionOutbox.invoke(TransactionOutbox.java:334)
	at com.gruelbox.transactionoutbox.TransactionOutbox.lambda$processNow$13(TransactionOutbox.java:305)
	at com.gruelbox.transactionoutbox.SimpleTransactionManager.processAndCommitOrRollback(SimpleTransactionManager.java:34)
	at com.gruelbox.transactionoutbox.SimpleTransactionManager.lambda$inTransactionReturnsThrows$0(SimpleTransactionManager.java:24)
	at com.gruelbox.transactionoutbox.SimpleTransactionManager.withTransaction(SimpleTransactionManager.java:64)
	at com.gruelbox.transactionoutbox.SimpleTransactionManager.inTransactionReturnsThrows(SimpleTransactionManager.java:22)
	at com.gruelbox.transactionoutbox.TransactionOutbox.processNow(TransactionOutbox.java:299)
	at com.gruelbox.transactionoutbox.ExecutorSubmitter.lambda$submit$0(ExecutorSubmitter.java:60)
	at java.base/java.util.concurrent.ThreadPoolExecutor.runWorker(ThreadPoolExecutor.java:1128)
	at java.base/java.util.concurrent.ThreadPoolExecutor$Worker.run(ThreadPoolExecutor.java:628)
	at java.base/java.lang.Thread.run(Thread.java:829)
18:24:18.512 [pool-6-thread-1] INFO  SESSION-KEY= c.g.t.TransactionOutbox - Processing com.gruelbox.transactionoutbox.acceptance.InterfaceProcessor.process(47, "Whee") [dec01cff-fe82-43bf-9f69-d26c92451e4a]
18:24:18.512 [pool-6-thread-1] INFO  SESSION-KEY= c.g.t.a.AbstractAcceptanceTest - Processing (47, Whee)
18:24:18.512 [pool-6-thread-1] INFO  SESSION-KEY= c.g.t.a.AbstractAcceptanceTest - Processed (47, Whee)
18:24:18.512 [pool-6-thread-2] INFO  SESSION-KEY= c.g.t.TransactionOutbox - Processing com.gruelbox.transactionoutbox.acceptance.InterfaceProcessor.process(79, "Whee") [2d7cf0c0-5ae4-4bb0-b212-f85a8ae6d9dd]
18:24:18.512 [pool-6-thread-2] INFO  SESSION-KEY= c.g.t.a.AbstractAcceptanceTest - Processing (79, Whee)
18:24:18.512 [pool-6-thread-2] INFO  SESSION-KEY= c.g.t.a.AbstractAcceptanceTest - Processed (79, Whee)
18:24:18.513 [pool-6-thread-1] INFO  SESSION-KEY= c.g.t.TransactionOutbox - Processed com.gruelbox.transactionoutbox.acceptance.InterfaceProcessor.process(47, "Whee") [dec01cff-fe82-43bf-9f69-d26c92451e4a]
18:24:18.513 [pool-6-thread-2] INFO  SESSION-KEY= c.g.t.TransactionOutbox - Processed com.gruelbox.transactionoutbox.acceptance.InterfaceProcessor.process(79, "Whee") [2d7cf0c0-5ae4-4bb0-b212-f85a8ae6d9dd]
18:24:18.513 [pool-6-thread-1] INFO  SESSION-KEY= c.g.t.TransactionOutbox - Processing com.gruelbox.transactionoutbox.acceptance.InterfaceProcessor.process(48, "Whee") [37cc382f-c204-4982-8cb1-d741b0a8b483]
18:24:18.513 [pool-6-thread-1] INFO  SESSION-KEY= c.g.t.a.AbstractAcceptanceTest - Processing (48, Whee)
18:24:18.513 [pool-6-thread-1] INFO  SESSION-KEY= c.g.t.a.AbstractAcceptanceTest - Processed (48, Whee)
18:24:18.514 [pool-6-thread-1] INFO  SESSION-KEY= c.g.t.TransactionOutbox - Processed com.gruelbox.transactionoutbox.acceptance.InterfaceProcessor.process(48, "Whee") [37cc382f-c204-4982-8cb1-d741b0a8b483]
18:24:18.514 [pool-6-thread-2] INFO  SESSION-KEY= c.g.t.TransactionOutbox - Processing com.gruelbox.transactionoutbox.acceptance.InterfaceProcessor.process(38, "Whee") [5a6de891-44c7-4f81-86c0-827e6f49f92a]
18:24:18.515 [pool-6-thread-2] INFO  SESSION-KEY= c.g.t.a.AbstractAcceptanceTest - Processing (38, Whee)
18:24:18.515 [pool-6-thread-2] INFO  SESSION-KEY= c.g.t.a.AbstractAcceptanceTest - Processed (38, Whee)
18:24:18.515 [pool-6-thread-2] INFO  SESSION-KEY= c.g.t.TransactionOutbox - Processed com.gruelbox.transactionoutbox.acceptance.InterfaceProcessor.process(38, "Whee") [5a6de891-44c7-4f81-86c0-827e6f49f92a]
18:24:19.030 [pool-6-thread-1] INFO  SESSION-KEY= c.g.t.TransactionOutbox - Processing com.gruelbox.transactionoutbox.acceptance.InterfaceProcessor.process(1, "Whee") [310b8cf8-3f18-4d71-9598-ec2b6c5c5da1]
18:24:19.030 [pool-6-thread-2] INFO  SESSION-KEY= c.g.t.TransactionOutbox - Processing com.gruelbox.transactionoutbox.acceptance.InterfaceProcessor.process(41, "Whee") [4e3fb62e-b506-4e3d-9ac8-6bc985bdaee1]
18:24:19.031 [pool-6-thread-1] INFO  SESSION-KEY= c.g.t.a.AbstractAcceptanceTest - Processing (1, Whee)
18:24:19.031 [pool-6-thread-2] INFO  SESSION-KEY= c.g.t.a.AbstractAcceptanceTest - Processing (41, Whee)
18:24:19.031 [pool-6-thread-1] INFO  SESSION-KEY= c.g.t.a.AbstractAcceptanceTest - Processed (1, Whee)
18:24:19.031 [pool-6-thread-2] INFO  SESSION-KEY= c.g.t.a.AbstractAcceptanceTest - Processed (41, Whee)
18:24:19.032 [pool-6-thread-2] INFO  SESSION-KEY= c.g.t.TransactionOutbox - Processed com.gruelbox.transactionoutbox.acceptance.InterfaceProcessor.process(41, "Whee") [4e3fb62e-b506-4e3d-9ac8-6bc985bdaee1]
18:24:19.032 [pool-6-thread-1] INFO  SESSION-KEY= c.g.t.TransactionOutbox - Processed com.gruelbox.transactionoutbox.acceptance.InterfaceProcessor.process(1, "Whee") [310b8cf8-3f18-4d71-9598-ec2b6c5c5da1]
18:24:19.033 [pool-6-thread-2] INFO  SESSION-KEY= c.g.t.TransactionOutbox - Processing com.gruelbox.transactionoutbox.acceptance.InterfaceProcessor.process(74, "Whee") [a091a476-36c8-4faf-bd96-4b7370f6532c]
18:24:19.033 [pool-6-thread-2] INFO  SESSION-KEY= c.g.t.a.AbstractAcceptanceTest - Processing (74, Whee)
18:24:19.033 [pool-6-thread-2] INFO  SESSION-KEY= c.g.t.a.AbstractAcceptanceTest - Processed (74, Whee)
18:24:19.033 [pool-6-thread-1] INFO  SESSION-KEY= c.g.t.TransactionOutbox - Processing com.gruelbox.transactionoutbox.acceptance.InterfaceProcessor.process(97, "Whee") [9a11582f-cca3-4bfc-bec4-785284faae48]
18:24:19.034 [pool-6-thread-1] INFO  SESSION-KEY= c.g.t.a.AbstractAcceptanceTest - Processing (97, Whee)
18:24:19.034 [pool-6-thread-1] INFO  SESSION-KEY= c.g.t.a.AbstractAcceptanceTest - Processed (97, Whee)
18:24:19.034 [pool-6-thread-2] INFO  SESSION-KEY= c.g.t.TransactionOutbox - Processed com.gruelbox.transactionoutbox.acceptance.InterfaceProcessor.process(74, "Whee") [a091a476-36c8-4faf-bd96-4b7370f6532c]
18:24:19.034 [pool-6-thread-1] INFO  SESSION-KEY= c.g.t.TransactionOutbox - Processed com.gruelbox.transactionoutbox.acceptance.InterfaceProcessor.process(97, "Whee") [9a11582f-cca3-4bfc-bec4-785284faae48]
18:24:19.036 [pool-6-thread-2] INFO  SESSION-KEY= c.g.t.TransactionOutbox - Processing com.gruelbox.transactionoutbox.acceptance.InterfaceProcessor.process(54, "Whee") [24be16ec-6f94-45c6-8e8a-7b70b6172357]
18:24:19.036 [pool-6-thread-2] INFO  SESSION-KEY= c.g.t.a.AbstractAcceptanceTest - Processing (54, Whee)
18:24:19.036 [pool-6-thread-1] INFO  SESSION-KEY= c.g.t.TransactionOutbox - Processing com.gruelbox.transactionoutbox.acceptance.InterfaceProcessor.process(12, "Whee") [b189cca9-0734-4b2f-bb36-8f77322a0d9d]
18:24:19.036 [pool-6-thread-2] INFO  SESSION-KEY= c.g.t.a.AbstractAcceptanceTest - Processed (54, Whee)
18:24:19.036 [pool-6-thread-1] INFO  SESSION-KEY= c.g.t.a.AbstractAcceptanceTest - Processing (12, Whee)
18:24:19.036 [pool-6-thread-1] INFO  SESSION-KEY= c.g.t.a.AbstractAcceptanceTest - Processed (12, Whee)
18:24:19.037 [pool-6-thread-2] INFO  SESSION-KEY= c.g.t.TransactionOutbox - Processed com.gruelbox.transactionoutbox.acceptance.InterfaceProcessor.process(54, "Whee") [24be16ec-6f94-45c6-8e8a-7b70b6172357]
18:24:19.037 [pool-6-thread-1] INFO  SESSION-KEY= c.g.t.TransactionOutbox - Processed com.gruelbox.transactionoutbox.acceptance.InterfaceProcessor.process(12, "Whee") [b189cca9-0734-4b2f-bb36-8f77322a0d9d]
18:24:19.038 [pool-6-thread-2] INFO  SESSION-KEY= c.g.t.TransactionOutbox - Processing com.gruelbox.transactionoutbox.acceptance.InterfaceProcessor.process(25, "Whee") [ffa4dcc1-6355-4624-98d7-db9c8849deaf]
18:24:19.038 [pool-6-thread-2] INFO  SESSION-KEY= c.g.t.a.AbstractAcceptanceTest - Processing (25, Whee)
18:24:19.038 [pool-6-thread-2] INFO  SESSION-KEY= c.g.t.a.AbstractAcceptanceTest - Processed (25, Whee)
18:24:19.039 [pool-6-thread-2] INFO  SESSION-KEY= c.g.t.TransactionOutbox - Processed com.gruelbox.transactionoutbox.acceptance.InterfaceProcessor.process(25, "Whee") [ffa4dcc1-6355-4624-98d7-db9c8849deaf]
18:24:19.039 [pool-6-thread-1] INFO  SESSION-KEY= c.g.t.TransactionOutbox - Processing com.gruelbox.transactionoutbox.acceptance.InterfaceProcessor.process(42, "Whee") [c0c1f9e7-3a22-453e-be41-e062a28d3c4b]
18:24:19.039 [pool-6-thread-1] INFO  SESSION-KEY= c.g.t.a.AbstractAcceptanceTest - Processing (42, Whee)
18:24:19.039 [pool-6-thread-1] INFO  SESSION-KEY= c.g.t.a.AbstractAcceptanceTest - Processed (42, Whee)
18:24:19.040 [pool-6-thread-1] INFO  SESSION-KEY= c.g.t.TransactionOutbox - Processed com.gruelbox.transactionoutbox.acceptance.InterfaceProcessor.process(42, "Whee") [c0c1f9e7-3a22-453e-be41-e062a28d3c4b]
18:24:19.040 [pool-6-thread-2] INFO  SESSION-KEY= c.g.t.TransactionOutbox - Processing com.gruelbox.transactionoutbox.acceptance.InterfaceProcessor.process(2, "Whee") [f784a52a-8b56-4908-a128-57bcdcdaf40a]
18:24:19.040 [pool-6-thread-2] INFO  SESSION-KEY= c.g.t.a.AbstractAcceptanceTest - Processing (2, Whee)
18:24:19.040 [pool-6-thread-2] INFO  SESSION-KEY= c.g.t.a.AbstractAcceptanceTest - Processed (2, Whee)
18:24:19.040 [pool-6-thread-1] INFO  SESSION-KEY= c.g.t.TransactionOutbox - Processing com.gruelbox.transactionoutbox.acceptance.InterfaceProcessor.process(75, "Whee") [81148545-04db-4e3f-a51c-74436a60ec0e]
18:24:19.040 [pool-6-thread-1] INFO  SESSION-KEY= c.g.t.a.AbstractAcceptanceTest - Processing (75, Whee)
18:24:19.040 [pool-6-thread-1] INFO  SESSION-KEY= c.g.t.a.AbstractAcceptanceTest - Processed (75, Whee)
18:24:19.041 [pool-6-thread-2] INFO  SESSION-KEY= c.g.t.TransactionOutbox - Processed com.gruelbox.transactionoutbox.acceptance.InterfaceProcessor.process(2, "Whee") [f784a52a-8b56-4908-a128-57bcdcdaf40a]
18:24:19.041 [pool-6-thread-1] INFO  SESSION-KEY= c.g.t.TransactionOutbox - Processed com.gruelbox.transactionoutbox.acceptance.InterfaceProcessor.process(75, "Whee") [81148545-04db-4e3f-a51c-74436a60ec0e]
18:24:19.042 [pool-6-thread-2] INFO  SESSION-KEY= c.g.t.TransactionOutbox - Processing com.gruelbox.transactionoutbox.acceptance.InterfaceProcessor.process(3, "Whee") [bc2ab016-4895-476f-8e89-3395a2ea49ff]
18:24:19.042 [pool-6-thread-2] INFO  SESSION-KEY= c.g.t.a.AbstractAcceptanceTest - Processing (3, Whee)
18:24:19.042 [pool-6-thread-1] INFO  SESSION-KEY= c.g.t.TransactionOutbox - Processing com.gruelbox.transactionoutbox.acceptance.InterfaceProcessor.process(98, "Whee") [83aa0971-63d0-4605-91a5-c2409435a761]
18:24:19.042 [pool-6-thread-2] INFO  SESSION-KEY= c.g.t.a.AbstractAcceptanceTest - Processed (3, Whee)
18:24:19.042 [pool-6-thread-1] INFO  SESSION-KEY= c.g.t.a.AbstractAcceptanceTest - Processing (98, Whee)
18:24:19.042 [pool-6-thread-1] INFO  SESSION-KEY= c.g.t.a.AbstractAcceptanceTest - Processed (98, Whee)
18:24:19.042 [pool-6-thread-1] INFO  SESSION-KEY= c.g.t.TransactionOutbox - Processed com.gruelbox.transactionoutbox.acceptance.InterfaceProcessor.process(98, "Whee") [83aa0971-63d0-4605-91a5-c2409435a761]
18:24:19.042 [pool-6-thread-2] INFO  SESSION-KEY= c.g.t.TransactionOutbox - Processed com.gruelbox.transactionoutbox.acceptance.InterfaceProcessor.process(3, "Whee") [bc2ab016-4895-476f-8e89-3395a2ea49ff]
18:24:19.043 [pool-6-thread-1] INFO  SESSION-KEY= c.g.t.TransactionOutbox - Processing com.gruelbox.transactionoutbox.acceptance.InterfaceProcessor.process(55, "Whee") [f0b43295-2425-420d-9801-8f8b3cde9804]
18:24:19.043 [pool-6-thread-1] INFO  SESSION-KEY= c.g.t.a.AbstractAcceptanceTest - Processing (55, Whee)
18:24:19.043 [pool-6-thread-1] INFO  SESSION-KEY= c.g.t.a.AbstractAcceptanceTest - Processed (55, Whee)
18:24:19.043 [pool-6-thread-2] INFO  SESSION-KEY= c.g.t.TransactionOutbox - Processing com.gruelbox.transactionoutbox.acceptance.InterfaceProcessor.process(43, "Whee") [06327e9d-62a2-48d7-9477-603365feaf25]
18:24:19.043 [pool-6-thread-2] INFO  SESSION-KEY= c.g.t.a.AbstractAcceptanceTest - Processing (43, Whee)
18:24:19.043 [pool-6-thread-2] INFO  SESSION-KEY= c.g.t.a.AbstractAcceptanceTest - Processed (43, Whee)
18:24:19.044 [pool-6-thread-1] INFO  SESSION-KEY= c.g.t.TransactionOutbox - Processed com.gruelbox.transactionoutbox.acceptance.InterfaceProcessor.process(55, "Whee") [f0b43295-2425-420d-9801-8f8b3cde9804]
18:24:19.044 [pool-6-thread-2] INFO  SESSION-KEY= c.g.t.TransactionOutbox - Processed com.gruelbox.transactionoutbox.acceptance.InterfaceProcessor.process(43, "Whee") [06327e9d-62a2-48d7-9477-603365feaf25]
18:24:19.044 [pool-6-thread-1] INFO  SESSION-KEY= c.g.t.TransactionOutbox - Processing com.gruelbox.transactionoutbox.acceptance.InterfaceProcessor.process(35, "Whee") [72830a08-774a-4160-ae78-375b3d7d56d2]
18:24:19.045 [pool-6-thread-1] INFO  SESSION-KEY= c.g.t.a.AbstractAcceptanceTest - Processing (35, Whee)
18:24:19.045 [pool-6-thread-1] INFO  SESSION-KEY= c.g.t.a.AbstractAcceptanceTest - Processed (35, Whee)
18:24:19.045 [pool-6-thread-2] INFO  SESSION-KEY= c.g.t.TransactionOutbox - Processing com.gruelbox.transactionoutbox.acceptance.InterfaceProcessor.process(13, "Whee") [5c00f3cc-a9fb-4049-ab33-c95f65d40d33]
18:24:19.045 [pool-6-thread-1] INFO  SESSION-KEY= c.g.t.TransactionOutbox - Processed com.gruelbox.transactionoutbox.acceptance.InterfaceProcessor.process(35, "Whee") [72830a08-774a-4160-ae78-375b3d7d56d2]
18:24:19.045 [pool-6-thread-2] INFO  SESSION-KEY= c.g.t.a.AbstractAcceptanceTest - Processing (13, Whee)
18:24:19.045 [pool-6-thread-2] INFO  SESSION-KEY= c.g.t.a.AbstractAcceptanceTest - Processed (13, Whee)
18:24:19.046 [pool-6-thread-2] INFO  SESSION-KEY= c.g.t.TransactionOutbox - Processed com.gruelbox.transactionoutbox.acceptance.InterfaceProcessor.process(13, "Whee") [5c00f3cc-a9fb-4049-ab33-c95f65d40d33]
18:24:19.046 [pool-6-thread-1] INFO  SESSION-KEY= c.g.t.TransactionOutbox - Processing com.gruelbox.transactionoutbox.acceptance.InterfaceProcessor.process(26, "Whee") [a216b9e1-d18f-42b5-9c6a-aa434ef78120]
18:24:19.046 [pool-6-thread-1] INFO  SESSION-KEY= c.g.t.a.AbstractAcceptanceTest - Processing (26, Whee)
18:24:19.046 [pool-6-thread-1] INFO  SESSION-KEY= c.g.t.a.AbstractAcceptanceTest - Processed (26, Whee)
18:24:19.046 [pool-6-thread-1] INFO  SESSION-KEY= c.g.t.TransactionOutbox - Processed com.gruelbox.transactionoutbox.acceptance.InterfaceProcessor.process(26, "Whee") [a216b9e1-d18f-42b5-9c6a-aa434ef78120]
18:24:19.046 [pool-6-thread-2] INFO  SESSION-KEY= c.g.t.TransactionOutbox - Processing com.gruelbox.transactionoutbox.acceptance.InterfaceProcessor.process(56, "Whee") [64276f9f-d0ac-4102-b716-df63fa914c08]
18:24:19.046 [pool-6-thread-2] INFO  SESSION-KEY= c.g.t.a.AbstractAcceptanceTest - Processing (56, Whee)
18:24:19.047 [pool-6-thread-2] INFO  SESSION-KEY= c.g.t.a.AbstractAcceptanceTest - Processed (56, Whee)
18:24:19.047 [pool-6-thread-2] INFO  SESSION-KEY= c.g.t.TransactionOutbox - Processed com.gruelbox.transactionoutbox.acceptance.InterfaceProcessor.process(56, "Whee") [64276f9f-d0ac-4102-b716-df63fa914c08]
18:24:19.548 [pool-6-thread-1] INFO  SESSION-KEY= c.g.t.TransactionOutbox - Processing com.gruelbox.transactionoutbox.acceptance.InterfaceProcessor.process(76, "Whee") [ddba9cfa-dc06-4649-b4fa-d183d35070c9]
18:24:19.548 [pool-6-thread-1] INFO  SESSION-KEY= c.g.t.a.AbstractAcceptanceTest - Processing (76, Whee)
18:24:19.548 [pool-6-thread-1] INFO  SESSION-KEY= c.g.t.a.AbstractAcceptanceTest - Processed (76, Whee)
18:24:19.548 [pool-6-thread-2] INFO  SESSION-KEY= c.g.t.TransactionOutbox - Processing com.gruelbox.transactionoutbox.acceptance.InterfaceProcessor.process(4, "Whee") [1622bdd3-94d3-43a4-b9c1-285fb8c9ce11]
18:24:19.548 [pool-6-thread-2] INFO  SESSION-KEY= c.g.t.a.AbstractAcceptanceTest - Processing (4, Whee)
18:24:19.548 [pool-6-thread-2] INFO  SESSION-KEY= c.g.t.a.AbstractAcceptanceTest - Processed (4, Whee)
18:24:19.549 [pool-6-thread-1] INFO  SESSION-KEY= c.g.t.TransactionOutbox - Processed com.gruelbox.transactionoutbox.acceptance.InterfaceProcessor.process(76, "Whee") [ddba9cfa-dc06-4649-b4fa-d183d35070c9]
18:24:19.549 [pool-6-thread-2] INFO  SESSION-KEY= c.g.t.TransactionOutbox - Processed com.gruelbox.transactionoutbox.acceptance.InterfaceProcessor.process(4, "Whee") [1622bdd3-94d3-43a4-b9c1-285fb8c9ce11]
18:24:19.550 [pool-6-thread-1] INFO  SESSION-KEY= c.g.t.TransactionOutbox - Processing com.gruelbox.transactionoutbox.acceptance.InterfaceProcessor.process(44, "Whee") [1d17502c-4c18-4263-b4af-3c8f3a79f782]
18:24:19.550 [pool-6-thread-1] INFO  SESSION-KEY= c.g.t.a.AbstractAcceptanceTest - Processing (44, Whee)
18:24:19.550 [pool-6-thread-2] INFO  SESSION-KEY= c.g.t.TransactionOutbox - Processing com.gruelbox.transactionoutbox.acceptance.InterfaceProcessor.process(36, "Whee") [84f5f972-f0d1-4ca8-9134-20e70ee52d87]
18:24:19.550 [pool-6-thread-1] INFO  SESSION-KEY= c.g.t.a.AbstractAcceptanceTest - Processed (44, Whee)
18:24:19.550 [pool-6-thread-2] INFO  SESSION-KEY= c.g.t.a.AbstractAcceptanceTest - Processing (36, Whee)
18:24:19.550 [pool-6-thread-2] WARN  SESSION-KEY= c.g.t.SimpleTransactionManager - Exception in transactional block (InvocationTargetException). Rolling back. See later messages for detail
18:24:19.551 [pool-6-thread-1] INFO  SESSION-KEY= c.g.t.TransactionOutbox - Processed com.gruelbox.transactionoutbox.acceptance.InterfaceProcessor.process(44, "Whee") [1d17502c-4c18-4263-b4af-3c8f3a79f782]
18:24:19.552 [pool-6-thread-1] INFO  SESSION-KEY= c.g.t.TransactionOutbox - Processing com.gruelbox.transactionoutbox.acceptance.InterfaceProcessor.process(5, "Whee") [26b0df84-d2c3-43c6-b038-6998e2875cf7]
18:24:19.552 [pool-6-thread-1] INFO  SESSION-KEY= c.g.t.a.AbstractAcceptanceTest - Processing (5, Whee)
18:24:19.552 [pool-6-thread-2] WARN  SESSION-KEY= c.g.t.TransactionOutbox - Temporarily failed to process: com.gruelbox.transactionoutbox.acceptance.InterfaceProcessor.process(36, "Whee") [84f5f972-f0d1-4ca8-9134-20e70ee52d87]
java.lang.RuntimeException: Temporary failure of InterfaceProcessor
	at com.gruelbox.transactionoutbox.acceptance.AbstractAcceptanceTest$RandomFailingInstantiator.lambda$getInstance$0(AbstractAcceptanceTest.java:563)
	at java.base/jdk.internal.reflect.NativeMethodAccessorImpl.invoke0(Native Method)
	at java.base/jdk.internal.reflect.NativeMethodAccessorImpl.invoke(NativeMethodAccessorImpl.java:62)
	at java.base/jdk.internal.reflect.DelegatingMethodAccessorImpl.invoke(DelegatingMethodAccessorImpl.java:43)
	at java.base/java.lang.reflect.Method.invoke(Method.java:566)
	at com.gruelbox.transactionoutbox.Invocation.invoke(Invocation.java:107)
	at com.gruelbox.transactionoutbox.TransactionOutbox.invoke(TransactionOutbox.java:334)
	at com.gruelbox.transactionoutbox.TransactionOutbox.lambda$processNow$13(TransactionOutbox.java:305)
	at com.gruelbox.transactionoutbox.SimpleTransactionManager.processAndCommitOrRollback(SimpleTransactionManager.java:34)
	at com.gruelbox.transactionoutbox.SimpleTransactionManager.lambda$inTransactionReturnsThrows$0(SimpleTransactionManager.java:24)
	at com.gruelbox.transactionoutbox.SimpleTransactionManager.withTransaction(SimpleTransactionManager.java:64)
	at com.gruelbox.transactionoutbox.SimpleTransactionManager.inTransactionReturnsThrows(SimpleTransactionManager.java:22)
	at com.gruelbox.transactionoutbox.TransactionOutbox.processNow(TransactionOutbox.java:299)
	at com.gruelbox.transactionoutbox.ExecutorSubmitter.lambda$submit$0(ExecutorSubmitter.java:60)
	at java.base/java.util.concurrent.ThreadPoolExecutor.runWorker(ThreadPoolExecutor.java:1128)
	at java.base/java.util.concurrent.ThreadPoolExecutor$Worker.run(ThreadPoolExecutor.java:628)
	at java.base/java.lang.Thread.run(Thread.java:829)
18:24:19.552 [pool-6-thread-1] WARN  SESSION-KEY= c.g.t.SimpleTransactionManager - Exception in transactional block (InvocationTargetException). Rolling back. See later messages for detail
18:24:19.554 [pool-6-thread-2] INFO  SESSION-KEY= c.g.t.TransactionOutbox - Processing com.gruelbox.transactionoutbox.acceptance.InterfaceProcessor.process(27, "Whee") [df9797e1-de0a-423f-a7f7-d301b2347326]
18:24:19.554 [pool-6-thread-2] INFO  SESSION-KEY= c.g.t.a.AbstractAcceptanceTest - Processing (27, Whee)
18:24:19.554 [pool-6-thread-2] INFO  SESSION-KEY= c.g.t.a.AbstractAcceptanceTest - Processed (27, Whee)
18:24:19.554 [pool-6-thread-1] WARN  SESSION-KEY= c.g.t.TransactionOutbox - Temporarily failed to process: com.gruelbox.transactionoutbox.acceptance.InterfaceProcessor.process(5, "Whee") [26b0df84-d2c3-43c6-b038-6998e2875cf7]
java.lang.RuntimeException: Temporary failure of InterfaceProcessor
	at com.gruelbox.transactionoutbox.acceptance.AbstractAcceptanceTest$RandomFailingInstantiator.lambda$getInstance$0(AbstractAcceptanceTest.java:563)
	at java.base/jdk.internal.reflect.NativeMethodAccessorImpl.invoke0(Native Method)
	at java.base/jdk.internal.reflect.NativeMethodAccessorImpl.invoke(NativeMethodAccessorImpl.java:62)
	at java.base/jdk.internal.reflect.DelegatingMethodAccessorImpl.invoke(DelegatingMethodAccessorImpl.java:43)
	at java.base/java.lang.reflect.Method.invoke(Method.java:566)
	at com.gruelbox.transactionoutbox.Invocation.invoke(Invocation.java:107)
	at com.gruelbox.transactionoutbox.TransactionOutbox.invoke(TransactionOutbox.java:334)
	at com.gruelbox.transactionoutbox.TransactionOutbox.lambda$processNow$13(TransactionOutbox.java:305)
	at com.gruelbox.transactionoutbox.SimpleTransactionManager.processAndCommitOrRollback(SimpleTransactionManager.java:34)
	at com.gruelbox.transactionoutbox.SimpleTransactionManager.lambda$inTransactionReturnsThrows$0(SimpleTransactionManager.java:24)
	at com.gruelbox.transactionoutbox.SimpleTransactionManager.withTransaction(SimpleTransactionManager.java:64)
	at com.gruelbox.transactionoutbox.SimpleTransactionManager.inTransactionReturnsThrows(SimpleTransactionManager.java:22)
	at com.gruelbox.transactionoutbox.TransactionOutbox.processNow(TransactionOutbox.java:299)
	at com.gruelbox.transactionoutbox.ExecutorSubmitter.lambda$submit$0(ExecutorSubmitter.java:60)
	at java.base/java.util.concurrent.ThreadPoolExecutor.runWorker(ThreadPoolExecutor.java:1128)
	at java.base/java.util.concurrent.ThreadPoolExecutor$Worker.run(ThreadPoolExecutor.java:628)
	at java.base/java.lang.Thread.run(Thread.java:829)
18:24:19.555 [pool-6-thread-2] INFO  SESSION-KEY= c.g.t.TransactionOutbox - Processed com.gruelbox.transactionoutbox.acceptance.InterfaceProcessor.process(27, "Whee") [df9797e1-de0a-423f-a7f7-d301b2347326]
18:24:19.555 [pool-6-thread-1] INFO  SESSION-KEY= c.g.t.TransactionOutbox - Processing com.gruelbox.transactionoutbox.acceptance.InterfaceProcessor.process(14, "Whee") [d0d62a0b-3404-4307-864c-b8c586081e01]
18:24:19.555 [pool-6-thread-1] INFO  SESSION-KEY= c.g.t.a.AbstractAcceptanceTest - Processing (14, Whee)
18:24:19.555 [pool-6-thread-1] INFO  SESSION-KEY= c.g.t.a.AbstractAcceptanceTest - Processed (14, Whee)
18:24:19.556 [pool-6-thread-2] INFO  SESSION-KEY= c.g.t.TransactionOutbox - Processing com.gruelbox.transactionoutbox.acceptance.InterfaceProcessor.process(77, "Whee") [66d32c8d-6924-418d-818c-a5efc1d74456]
18:24:19.556 [pool-6-thread-1] INFO  SESSION-KEY= c.g.t.TransactionOutbox - Processed com.gruelbox.transactionoutbox.acceptance.InterfaceProcessor.process(14, "Whee") [d0d62a0b-3404-4307-864c-b8c586081e01]
18:24:19.556 [pool-6-thread-2] INFO  SESSION-KEY= c.g.t.a.AbstractAcceptanceTest - Processing (77, Whee)
18:24:19.556 [pool-6-thread-2] INFO  SESSION-KEY= c.g.t.a.AbstractAcceptanceTest - Processed (77, Whee)
18:24:19.556 [pool-6-thread-2] INFO  SESSION-KEY= c.g.t.TransactionOutbox - Processed com.gruelbox.transactionoutbox.acceptance.InterfaceProcessor.process(77, "Whee") [66d32c8d-6924-418d-818c-a5efc1d74456]
18:24:19.557 [pool-6-thread-1] INFO  SESSION-KEY= c.g.t.TransactionOutbox - Processing com.gruelbox.transactionoutbox.acceptance.InterfaceProcessor.process(57, "Whee") [02b7c138-6b3b-4437-9f2e-ec3c01ef4930]
18:24:19.557 [pool-6-thread-1] INFO  SESSION-KEY= c.g.t.a.AbstractAcceptanceTest - Processing (57, Whee)
18:24:19.557 [pool-6-thread-1] INFO  SESSION-KEY= c.g.t.a.AbstractAcceptanceTest - Processed (57, Whee)
18:24:19.557 [pool-6-thread-2] INFO  SESSION-KEY= c.g.t.TransactionOutbox - Processing com.gruelbox.transactionoutbox.acceptance.InterfaceProcessor.process(99, "Whee") [4f0e96a5-ceb8-4b13-981b-ed6daab772c3]
18:24:19.557 [pool-6-thread-1] INFO  SESSION-KEY= c.g.t.TransactionOutbox - Processed com.gruelbox.transactionoutbox.acceptance.InterfaceProcessor.process(57, "Whee") [02b7c138-6b3b-4437-9f2e-ec3c01ef4930]
18:24:19.557 [pool-6-thread-2] INFO  SESSION-KEY= c.g.t.a.AbstractAcceptanceTest - Processing (99, Whee)
18:24:19.557 [pool-6-thread-2] INFO  SESSION-KEY= c.g.t.a.AbstractAcceptanceTest - Processed (99, Whee)
18:24:19.558 [pool-6-thread-2] INFO  SESSION-KEY= c.g.t.TransactionOutbox - Processed com.gruelbox.transactionoutbox.acceptance.InterfaceProcessor.process(99, "Whee") [4f0e96a5-ceb8-4b13-981b-ed6daab772c3]
18:24:19.558 [pool-6-thread-1] INFO  SESSION-KEY= c.g.t.TransactionOutbox - Processing com.gruelbox.transactionoutbox.acceptance.InterfaceProcessor.process(45, "Whee") [c5e1e35e-ebf2-43b3-b72e-5876287cd8b8]
18:24:19.558 [pool-6-thread-1] INFO  SESSION-KEY= c.g.t.a.AbstractAcceptanceTest - Processing (45, Whee)
18:24:19.558 [pool-6-thread-1] WARN  SESSION-KEY= c.g.t.SimpleTransactionManager - Exception in transactional block (InvocationTargetException). Rolling back. See later messages for detail
18:24:19.559 [pool-6-thread-2] INFO  SESSION-KEY= c.g.t.TransactionOutbox - Processing com.gruelbox.transactionoutbox.acceptance.InterfaceProcessor.process(28, "Whee") [e12a0d84-55a6-4ff4-b32d-03370d53fb00]
18:24:19.559 [pool-6-thread-2] INFO  SESSION-KEY= c.g.t.a.AbstractAcceptanceTest - Processing (28, Whee)
18:24:19.559 [pool-6-thread-2] INFO  SESSION-KEY= c.g.t.a.AbstractAcceptanceTest - Processed (28, Whee)
18:24:19.559 [pool-6-thread-2] INFO  SESSION-KEY= c.g.t.TransactionOutbox - Processed com.gruelbox.transactionoutbox.acceptance.InterfaceProcessor.process(28, "Whee") [e12a0d84-55a6-4ff4-b32d-03370d53fb00]
18:24:19.559 [pool-6-thread-1] WARN  SESSION-KEY= c.g.t.TransactionOutbox - Temporarily failed to process: com.gruelbox.transactionoutbox.acceptance.InterfaceProcessor.process(45, "Whee") [c5e1e35e-ebf2-43b3-b72e-5876287cd8b8]
java.lang.RuntimeException: Temporary failure of InterfaceProcessor
	at com.gruelbox.transactionoutbox.acceptance.AbstractAcceptanceTest$RandomFailingInstantiator.lambda$getInstance$0(AbstractAcceptanceTest.java:563)
	at java.base/jdk.internal.reflect.NativeMethodAccessorImpl.invoke0(Native Method)
	at java.base/jdk.internal.reflect.NativeMethodAccessorImpl.invoke(NativeMethodAccessorImpl.java:62)
	at java.base/jdk.internal.reflect.DelegatingMethodAccessorImpl.invoke(DelegatingMethodAccessorImpl.java:43)
	at java.base/java.lang.reflect.Method.invoke(Method.java:566)
	at com.gruelbox.transactionoutbox.Invocation.invoke(Invocation.java:107)
	at com.gruelbox.transactionoutbox.TransactionOutbox.invoke(TransactionOutbox.java:334)
	at com.gruelbox.transactionoutbox.TransactionOutbox.lambda$processNow$13(TransactionOutbox.java:305)
	at com.gruelbox.transactionoutbox.SimpleTransactionManager.processAndCommitOrRollback(SimpleTransactionManager.java:34)
	at com.gruelbox.transactionoutbox.SimpleTransactionManager.lambda$inTransactionReturnsThrows$0(SimpleTransactionManager.java:24)
	at com.gruelbox.transactionoutbox.SimpleTransactionManager.withTransaction(SimpleTransactionManager.java:64)
	at com.gruelbox.transactionoutbox.SimpleTransactionManager.inTransactionReturnsThrows(SimpleTransactionManager.java:22)
	at com.gruelbox.transactionoutbox.TransactionOutbox.processNow(TransactionOutbox.java:299)
	at com.gruelbox.transactionoutbox.ExecutorSubmitter.lambda$submit$0(ExecutorSubmitter.java:60)
	at java.base/java.util.concurrent.ThreadPoolExecutor.runWorker(ThreadPoolExecutor.java:1128)
	at java.base/java.util.concurrent.ThreadPoolExecutor$Worker.run(ThreadPoolExecutor.java:628)
	at java.base/java.lang.Thread.run(Thread.java:829)
18:24:19.560 [pool-6-thread-2] INFO  SESSION-KEY= c.g.t.TransactionOutbox - Processing com.gruelbox.transactionoutbox.acceptance.InterfaceProcessor.process(15, "Whee") [a0a995bd-0845-43c7-9101-d0eb9a32134b]
18:24:19.560 [pool-6-thread-2] INFO  SESSION-KEY= c.g.t.a.AbstractAcceptanceTest - Processing (15, Whee)
18:24:19.560 [pool-6-thread-2] INFO  SESSION-KEY= c.g.t.a.AbstractAcceptanceTest - Processed (15, Whee)
18:24:19.560 [pool-6-thread-1] INFO  SESSION-KEY= c.g.t.TransactionOutbox - Processing com.gruelbox.transactionoutbox.acceptance.InterfaceProcessor.process(21, "Whee") [d05ba72d-61bf-4bfa-aaf5-6d0f305c7669]
18:24:19.561 [pool-6-thread-1] INFO  SESSION-KEY= c.g.t.a.AbstractAcceptanceTest - Processing (21, Whee)
18:24:19.561 [pool-6-thread-1] INFO  SESSION-KEY= c.g.t.a.AbstractAcceptanceTest - Processed (21, Whee)
18:24:19.561 [pool-6-thread-2] INFO  SESSION-KEY= c.g.t.TransactionOutbox - Processed com.gruelbox.transactionoutbox.acceptance.InterfaceProcessor.process(15, "Whee") [a0a995bd-0845-43c7-9101-d0eb9a32134b]
18:24:19.561 [pool-6-thread-1] INFO  SESSION-KEY= c.g.t.TransactionOutbox - Processed com.gruelbox.transactionoutbox.acceptance.InterfaceProcessor.process(21, "Whee") [d05ba72d-61bf-4bfa-aaf5-6d0f305c7669]
18:24:19.562 [pool-6-thread-2] INFO  SESSION-KEY= c.g.t.TransactionOutbox - Processing com.gruelbox.transactionoutbox.acceptance.InterfaceProcessor.process(7, "Whee") [35ac6ce4-6e4a-4532-9f8b-1f214f2908d0]
18:24:19.562 [pool-6-thread-2] INFO  SESSION-KEY= c.g.t.a.AbstractAcceptanceTest - Processing (7, Whee)
18:24:19.562 [pool-6-thread-2] INFO  SESSION-KEY= c.g.t.a.AbstractAcceptanceTest - Processed (7, Whee)
18:24:19.562 [pool-6-thread-1] INFO  SESSION-KEY= c.g.t.TransactionOutbox - Processing com.gruelbox.transactionoutbox.acceptance.InterfaceProcessor.process(59, "Whee") [7bae9ac6-7ebd-40f0-b637-27c264aec819]
18:24:19.562 [pool-6-thread-1] INFO  SESSION-KEY= c.g.t.a.AbstractAcceptanceTest - Processing (59, Whee)
18:24:19.562 [pool-6-thread-1] INFO  SESSION-KEY= c.g.t.a.AbstractAcceptanceTest - Processed (59, Whee)
18:24:19.562 [pool-6-thread-2] INFO  SESSION-KEY= c.g.t.TransactionOutbox - Processed com.gruelbox.transactionoutbox.acceptance.InterfaceProcessor.process(7, "Whee") [35ac6ce4-6e4a-4532-9f8b-1f214f2908d0]
18:24:19.562 [pool-6-thread-1] INFO  SESSION-KEY= c.g.t.TransactionOutbox - Processed com.gruelbox.transactionoutbox.acceptance.InterfaceProcessor.process(59, "Whee") [7bae9ac6-7ebd-40f0-b637-27c264aec819]
18:24:19.563 [pool-6-thread-2] INFO  SESSION-KEY= c.g.t.TransactionOutbox - Processing com.gruelbox.transactionoutbox.acceptance.InterfaceProcessor.process(39, "Whee") [c0b43bda-7839-4dbf-b7a7-e10a3480204b]
18:24:19.563 [pool-6-thread-2] INFO  SESSION-KEY= c.g.t.a.AbstractAcceptanceTest - Processing (39, Whee)
18:24:19.563 [pool-6-thread-2] INFO  SESSION-KEY= c.g.t.a.AbstractAcceptanceTest - Processed (39, Whee)
18:24:19.563 [pool-6-thread-1] INFO  SESSION-KEY= c.g.t.TransactionOutbox - Processing com.gruelbox.transactionoutbox.acceptance.InterfaceProcessor.process(18, "Whee") [6876b058-e49f-4b23-a7e4-c2d8de51ce2d]
18:24:19.563 [pool-6-thread-1] INFO  SESSION-KEY= c.g.t.a.AbstractAcceptanceTest - Processing (18, Whee)
18:24:19.563 [pool-6-thread-1] INFO  SESSION-KEY= c.g.t.a.AbstractAcceptanceTest - Processed (18, Whee)
18:24:19.563 [pool-6-thread-2] INFO  SESSION-KEY= c.g.t.TransactionOutbox - Processed com.gruelbox.transactionoutbox.acceptance.InterfaceProcessor.process(39, "Whee") [c0b43bda-7839-4dbf-b7a7-e10a3480204b]
18:24:19.564 [pool-6-thread-1] INFO  SESSION-KEY= c.g.t.TransactionOutbox - Processed com.gruelbox.transactionoutbox.acceptance.InterfaceProcessor.process(18, "Whee") [6876b058-e49f-4b23-a7e4-c2d8de51ce2d]
18:24:20.059 [pool-6-thread-2] INFO  SESSION-KEY= c.g.t.TransactionOutbox - Processing com.gruelbox.transactionoutbox.acceptance.InterfaceProcessor.process(64, "Whee") [8583b8e6-3a0e-4ec3-9679-eae452d6a458]
18:24:20.059 [pool-6-thread-1] INFO  SESSION-KEY= c.g.t.TransactionOutbox - Processing com.gruelbox.transactionoutbox.acceptance.InterfaceProcessor.process(49, "Whee") [411ea134-eebe-4f6c-aff4-62d1a359dadf]
18:24:20.059 [pool-6-thread-2] INFO  SESSION-KEY= c.g.t.a.AbstractAcceptanceTest - Processing (64, Whee)
18:24:20.059 [pool-6-thread-2] INFO  SESSION-KEY= c.g.t.a.AbstractAcceptanceTest - Processed (64, Whee)
18:24:20.059 [pool-6-thread-1] INFO  SESSION-KEY= c.g.t.a.AbstractAcceptanceTest - Processing (49, Whee)
18:24:20.059 [pool-6-thread-1] INFO  SESSION-KEY= c.g.t.a.AbstractAcceptanceTest - Processed (49, Whee)
18:24:20.060 [pool-6-thread-2] INFO  SESSION-KEY= c.g.t.TransactionOutbox - Processed com.gruelbox.transactionoutbox.acceptance.InterfaceProcessor.process(64, "Whee") [8583b8e6-3a0e-4ec3-9679-eae452d6a458]
18:24:20.060 [pool-6-thread-1] INFO  SESSION-KEY= c.g.t.TransactionOutbox - Processed com.gruelbox.transactionoutbox.acceptance.InterfaceProcessor.process(49, "Whee") [411ea134-eebe-4f6c-aff4-62d1a359dadf]
18:24:20.061 [pool-6-thread-2] INFO  SESSION-KEY= c.g.t.TransactionOutbox - Processing com.gruelbox.transactionoutbox.acceptance.InterfaceProcessor.process(8, "Whee") [22e4202a-602b-496e-8ef7-7fbe21add062]
18:24:20.061 [pool-6-thread-1] INFO  SESSION-KEY= c.g.t.TransactionOutbox - Processing com.gruelbox.transactionoutbox.acceptance.InterfaceProcessor.process(9, "Whee") [8fda6c3f-f76e-419b-b00e-1bc529d8b185]
18:24:20.061 [pool-6-thread-2] INFO  SESSION-KEY= c.g.t.a.AbstractAcceptanceTest - Processing (8, Whee)
18:24:20.061 [pool-6-thread-1] INFO  SESSION-KEY= c.g.t.a.AbstractAcceptanceTest - Processing (9, Whee)
18:24:20.061 [pool-6-thread-2] INFO  SESSION-KEY= c.g.t.a.AbstractAcceptanceTest - Processed (8, Whee)
18:24:20.061 [pool-6-thread-1] INFO  SESSION-KEY= c.g.t.a.AbstractAcceptanceTest - Processed (9, Whee)
18:24:20.062 [pool-6-thread-1] INFO  SESSION-KEY= c.g.t.TransactionOutbox - Processed com.gruelbox.transactionoutbox.acceptance.InterfaceProcessor.process(9, "Whee") [8fda6c3f-f76e-419b-b00e-1bc529d8b185]
18:24:20.062 [pool-6-thread-2] INFO  SESSION-KEY= c.g.t.TransactionOutbox - Processed com.gruelbox.transactionoutbox.acceptance.InterfaceProcessor.process(8, "Whee") [22e4202a-602b-496e-8ef7-7fbe21add062]
18:24:20.064 [pool-6-thread-1] INFO  SESSION-KEY= c.g.t.TransactionOutbox - Processing com.gruelbox.transactionoutbox.acceptance.InterfaceProcessor.process(17, "Whee") [da138f60-dd9c-4194-ab1f-1ac574c6b331]
18:24:20.064 [pool-6-thread-2] INFO  SESSION-KEY= c.g.t.TransactionOutbox - Processing com.gruelbox.transactionoutbox.acceptance.InterfaceProcessor.process(11, "Whee") [7d34a479-d5c5-4834-a6a3-245c556183e6]
18:24:20.064 [pool-6-thread-1] INFO  SESSION-KEY= c.g.t.a.AbstractAcceptanceTest - Processing (17, Whee)
18:24:20.064 [pool-6-thread-1] INFO  SESSION-KEY= c.g.t.a.AbstractAcceptanceTest - Processed (17, Whee)
18:24:20.064 [pool-6-thread-2] INFO  SESSION-KEY= c.g.t.a.AbstractAcceptanceTest - Processing (11, Whee)
18:24:20.064 [pool-6-thread-2] INFO  SESSION-KEY= c.g.t.a.AbstractAcceptanceTest - Processed (11, Whee)
18:24:20.064 [pool-6-thread-1] INFO  SESSION-KEY= c.g.t.TransactionOutbox - Processed com.gruelbox.transactionoutbox.acceptance.InterfaceProcessor.process(17, "Whee") [da138f60-dd9c-4194-ab1f-1ac574c6b331]
18:24:20.064 [pool-6-thread-2] INFO  SESSION-KEY= c.g.t.TransactionOutbox - Processed com.gruelbox.transactionoutbox.acceptance.InterfaceProcessor.process(11, "Whee") [7d34a479-d5c5-4834-a6a3-245c556183e6]
18:24:20.066 [pool-6-thread-2] INFO  SESSION-KEY= c.g.t.TransactionOutbox - Processing com.gruelbox.transactionoutbox.acceptance.InterfaceProcessor.process(16, "Whee") [fc57f76d-4d2a-4b96-ab0e-f19f614ab658]
18:24:20.066 [pool-6-thread-1] INFO  SESSION-KEY= c.g.t.TransactionOutbox - Processing com.gruelbox.transactionoutbox.acceptance.InterfaceProcessor.process(34, "Whee") [e5ec5f92-857d-4b02-9814-a70c6de49178]
18:24:20.066 [pool-6-thread-2] INFO  SESSION-KEY= c.g.t.a.AbstractAcceptanceTest - Processing (16, Whee)
18:24:20.066 [pool-6-thread-2] INFO  SESSION-KEY= c.g.t.a.AbstractAcceptanceTest - Processed (16, Whee)
18:24:20.066 [pool-6-thread-1] INFO  SESSION-KEY= c.g.t.a.AbstractAcceptanceTest - Processing (34, Whee)
18:24:20.066 [pool-6-thread-1] INFO  SESSION-KEY= c.g.t.a.AbstractAcceptanceTest - Processed (34, Whee)
18:24:20.066 [pool-6-thread-1] INFO  SESSION-KEY= c.g.t.TransactionOutbox - Processed com.gruelbox.transactionoutbox.acceptance.InterfaceProcessor.process(34, "Whee") [e5ec5f92-857d-4b02-9814-a70c6de49178]
18:24:20.066 [pool-6-thread-2] INFO  SESSION-KEY= c.g.t.TransactionOutbox - Processed com.gruelbox.transactionoutbox.acceptance.InterfaceProcessor.process(16, "Whee") [fc57f76d-4d2a-4b96-ab0e-f19f614ab658]
18:24:20.068 [pool-6-thread-1] INFO  SESSION-KEY= c.g.t.TransactionOutbox - Processing com.gruelbox.transactionoutbox.acceptance.InterfaceProcessor.process(19, "Whee") [2f2d70dd-2e24-460d-935d-53432f20712a]
18:24:20.068 [pool-6-thread-2] INFO  SESSION-KEY= c.g.t.TransactionOutbox - Processing com.gruelbox.transactionoutbox.acceptance.InterfaceProcessor.process(36, "Whee") [84f5f972-f0d1-4ca8-9134-20e70ee52d87]
18:24:20.068 [pool-6-thread-1] INFO  SESSION-KEY= c.g.t.a.AbstractAcceptanceTest - Processing (19, Whee)
18:24:20.068 [pool-6-thread-2] INFO  SESSION-KEY= c.g.t.a.AbstractAcceptanceTest - Processing (36, Whee)
18:24:20.068 [pool-6-thread-1] INFO  SESSION-KEY= c.g.t.a.AbstractAcceptanceTest - Processed (19, Whee)
18:24:20.068 [pool-6-thread-2] INFO  SESSION-KEY= c.g.t.a.AbstractAcceptanceTest - Processed (36, Whee)
18:24:20.068 [pool-6-thread-1] INFO  SESSION-KEY= c.g.t.TransactionOutbox - Processed com.gruelbox.transactionoutbox.acceptance.InterfaceProcessor.process(19, "Whee") [2f2d70dd-2e24-460d-935d-53432f20712a]
18:24:20.069 [pool-6-thread-2] INFO  SESSION-KEY= c.g.t.TransactionOutbox - Processed com.gruelbox.transactionoutbox.acceptance.InterfaceProcessor.process(36, "Whee") [84f5f972-f0d1-4ca8-9134-20e70ee52d87]
18:24:20.070 [pool-6-thread-1] INFO  SESSION-KEY= c.g.t.TransactionOutbox - Processing com.gruelbox.transactionoutbox.acceptance.InterfaceProcessor.process(5, "Whee") [26b0df84-d2c3-43c6-b038-6998e2875cf7]
18:24:20.070 [pool-6-thread-1] INFO  SESSION-KEY= c.g.t.a.AbstractAcceptanceTest - Processing (5, Whee)
18:24:20.070 [pool-6-thread-1] INFO  SESSION-KEY= c.g.t.a.AbstractAcceptanceTest - Processed (5, Whee)
18:24:20.070 [pool-6-thread-2] INFO  SESSION-KEY= c.g.t.TransactionOutbox - Processing com.gruelbox.transactionoutbox.acceptance.InterfaceProcessor.process(45, "Whee") [c5e1e35e-ebf2-43b3-b72e-5876287cd8b8]
18:24:20.070 [pool-6-thread-2] INFO  SESSION-KEY= c.g.t.a.AbstractAcceptanceTest - Processing (45, Whee)
18:24:20.070 [pool-6-thread-2] INFO  SESSION-KEY= c.g.t.a.AbstractAcceptanceTest - Processed (45, Whee)
18:24:20.070 [pool-6-thread-1] INFO  SESSION-KEY= c.g.t.TransactionOutbox - Processed com.gruelbox.transactionoutbox.acceptance.InterfaceProcessor.process(5, "Whee") [26b0df84-d2c3-43c6-b038-6998e2875cf7]
18:24:20.070 [pool-6-thread-2] INFO  SESSION-KEY= c.g.t.TransactionOutbox - Processed com.gruelbox.transactionoutbox.acceptance.InterfaceProcessor.process(45, "Whee") [c5e1e35e-ebf2-43b3-b72e-5876287cd8b8]
18:24:20.102 [pool-8-thread-1] INFO  SESSION-KEY= c.g.t.TransactionOutbox - Processing BEEF.process(3, "Whee") [92cdbb32-aaf5-4e22-913f-6380d5ce37a5]
18:24:20.103 [pool-8-thread-1] INFO  SESSION-KEY= c.g.t.a.AbstractAcceptanceTest - Processing (3, Whee)
18:24:20.103 [pool-8-thread-1] WARN  SESSION-KEY= c.g.t.SimpleTransactionManager - Exception in transactional block (InvocationTargetException). Rolling back. See later messages for detail
18:24:20.104 [pool-8-thread-1] WARN  SESSION-KEY= c.g.t.TransactionOutbox - Temporarily failed to process: BEEF.process(3, "Whee") [92cdbb32-aaf5-4e22-913f-6380d5ce37a5]
java.lang.RuntimeException: Temporary failure
	at com.gruelbox.transactionoutbox.acceptance.AbstractAcceptanceTest$FailingInstantiator.lambda$getInstance$0(AbstractAcceptanceTest.java:542)
	at java.base/jdk.internal.reflect.NativeMethodAccessorImpl.invoke0(Native Method)
	at java.base/jdk.internal.reflect.NativeMethodAccessorImpl.invoke(NativeMethodAccessorImpl.java:62)
	at java.base/jdk.internal.reflect.DelegatingMethodAccessorImpl.invoke(DelegatingMethodAccessorImpl.java:43)
	at java.base/java.lang.reflect.Method.invoke(Method.java:566)
	at com.gruelbox.transactionoutbox.Invocation.invoke(Invocation.java:107)
	at com.gruelbox.transactionoutbox.TransactionOutbox.invoke(TransactionOutbox.java:334)
	at com.gruelbox.transactionoutbox.TransactionOutbox.lambda$processNow$13(TransactionOutbox.java:305)
	at com.gruelbox.transactionoutbox.SimpleTransactionManager.processAndCommitOrRollback(SimpleTransactionManager.java:34)
	at com.gruelbox.transactionoutbox.SimpleTransactionManager.lambda$inTransactionReturnsThrows$0(SimpleTransactionManager.java:24)
	at com.gruelbox.transactionoutbox.SimpleTransactionManager.withTransaction(SimpleTransactionManager.java:64)
	at com.gruelbox.transactionoutbox.SimpleTransactionManager.inTransactionReturnsThrows(SimpleTransactionManager.java:22)
	at com.gruelbox.transactionoutbox.TransactionOutbox.processNow(TransactionOutbox.java:299)
	at com.gruelbox.transactionoutbox.ExecutorSubmitter.lambda$submit$0(ExecutorSubmitter.java:60)
	at java.base/java.util.concurrent.ThreadPoolExecutor.runWorker(ThreadPoolExecutor.java:1128)
	at java.base/java.util.concurrent.ThreadPoolExecutor$Worker.run(ThreadPoolExecutor.java:628)
	at java.base/java.lang.Thread.run(Thread.java:829)
18:24:20.856 [pool-8-thread-1] INFO  SESSION-KEY= c.g.t.TransactionOutbox - Processing BEEF.process(3, "Whee") [92cdbb32-aaf5-4e22-913f-6380d5ce37a5]
18:24:20.856 [pool-8-thread-1] INFO  SESSION-KEY= c.g.t.a.AbstractAcceptanceTest - Processing (3, Whee)
18:24:20.856 [pool-8-thread-1] WARN  SESSION-KEY= c.g.t.SimpleTransactionManager - Exception in transactional block (InvocationTargetException). Rolling back. See later messages for detail
18:24:20.857 [pool-8-thread-1] ERROR SESSION-KEY= c.g.t.TransactionOutbox - Blacklisting failing process after 2 attempts: BEEF.process(3, "Whee") [92cdbb32-aaf5-4e22-913f-6380d5ce37a5]
java.lang.RuntimeException: Temporary failure
	at com.gruelbox.transactionoutbox.acceptance.AbstractAcceptanceTest$FailingInstantiator.lambda$getInstance$0(AbstractAcceptanceTest.java:542)
	at java.base/jdk.internal.reflect.NativeMethodAccessorImpl.invoke0(Native Method)
	at java.base/jdk.internal.reflect.NativeMethodAccessorImpl.invoke(NativeMethodAccessorImpl.java:62)
	at java.base/jdk.internal.reflect.DelegatingMethodAccessorImpl.invoke(DelegatingMethodAccessorImpl.java:43)
	at java.base/java.lang.reflect.Method.invoke(Method.java:566)
	at com.gruelbox.transactionoutbox.Invocation.invoke(Invocation.java:107)
	at com.gruelbox.transactionoutbox.TransactionOutbox.invoke(TransactionOutbox.java:334)
	at com.gruelbox.transactionoutbox.TransactionOutbox.lambda$processNow$13(TransactionOutbox.java:305)
	at com.gruelbox.transactionoutbox.SimpleTransactionManager.processAndCommitOrRollback(SimpleTransactionManager.java:34)
	at com.gruelbox.transactionoutbox.SimpleTransactionManager.lambda$inTransactionReturnsThrows$0(SimpleTransactionManager.java:24)
	at com.gruelbox.transactionoutbox.SimpleTransactionManager.withTransaction(SimpleTransactionManager.java:64)
	at com.gruelbox.transactionoutbox.SimpleTransactionManager.inTransactionReturnsThrows(SimpleTransactionManager.java:22)
	at com.gruelbox.transactionoutbox.TransactionOutbox.processNow(TransactionOutbox.java:299)
	at com.gruelbox.transactionoutbox.ExecutorSubmitter.lambda$submit$0(ExecutorSubmitter.java:60)
	at java.base/java.util.concurrent.ThreadPoolExecutor.runWorker(ThreadPoolExecutor.java:1128)
	at java.base/java.util.concurrent.ThreadPoolExecutor$Worker.run(ThreadPoolExecutor.java:628)
	at java.base/java.lang.Thread.run(Thread.java:829)
18:24:20.859 [main] INFO  SESSION-KEY= c.g.t.TransactionOutbox - Whitelisting entry 92cdbb32-aaf5-4e22-913f-6380d5ce37a5
18:24:21.362 [pool-8-thread-1] INFO  SESSION-KEY= c.g.t.TransactionOutbox - Processing BEEF.process(3, "Whee") [92cdbb32-aaf5-4e22-913f-6380d5ce37a5]
18:24:21.362 [pool-8-thread-1] INFO  SESSION-KEY= c.g.t.a.AbstractAcceptanceTest - Processing (3, Whee)
18:24:21.362 [pool-8-thread-1] INFO  SESSION-KEY= c.g.t.a.AbstractAcceptanceTest - Processed (3, Whee)
18:24:21.362 [pool-8-thread-1] INFO  SESSION-KEY= c.g.t.TransactionOutbox - Processed BEEF.process(3, "Whee") [92cdbb32-aaf5-4e22-913f-6380d5ce37a5]
18:24:21.385 [pool-9-thread-1] INFO  SESSION-KEY= c.g.t.TransactionOutbox - Processing BEEF.process(3, "Whee") [ece910bc-c1df-4c01-b96e-19f0058d8b54]
18:24:21.386 [pool-9-thread-1] INFO  SESSION-KEY= c.g.t.a.AbstractAcceptanceTest - Processing (3, Whee)
18:24:21.386 [pool-9-thread-1] WARN  SESSION-KEY= c.g.t.SimpleTransactionManager - Exception in transactional block (InvocationTargetException). Rolling back. See later messages for detail
18:24:21.387 [pool-9-thread-1] WARN  SESSION-KEY= c.g.t.TransactionOutbox - Temporarily failed to process: BEEF.process(3, "Whee") [ece910bc-c1df-4c01-b96e-19f0058d8b54]
java.lang.RuntimeException: Temporary failure
	at com.gruelbox.transactionoutbox.acceptance.AbstractAcceptanceTest$FailingInstantiator.lambda$getInstance$0(AbstractAcceptanceTest.java:542)
	at java.base/jdk.internal.reflect.NativeMethodAccessorImpl.invoke0(Native Method)
	at java.base/jdk.internal.reflect.NativeMethodAccessorImpl.invoke(NativeMethodAccessorImpl.java:62)
	at java.base/jdk.internal.reflect.DelegatingMethodAccessorImpl.invoke(DelegatingMethodAccessorImpl.java:43)
	at java.base/java.lang.reflect.Method.invoke(Method.java:566)
	at com.gruelbox.transactionoutbox.Invocation.invoke(Invocation.java:107)
	at com.gruelbox.transactionoutbox.TransactionOutbox.invoke(TransactionOutbox.java:334)
	at com.gruelbox.transactionoutbox.TransactionOutbox.lambda$processNow$13(TransactionOutbox.java:305)
	at com.gruelbox.transactionoutbox.SimpleTransactionManager.processAndCommitOrRollback(SimpleTransactionManager.java:34)
	at com.gruelbox.transactionoutbox.SimpleTransactionManager.lambda$inTransactionReturnsThrows$0(SimpleTransactionManager.java:24)
	at com.gruelbox.transactionoutbox.SimpleTransactionManager.withTransaction(SimpleTransactionManager.java:64)
	at com.gruelbox.transactionoutbox.SimpleTransactionManager.inTransactionReturnsThrows(SimpleTransactionManager.java:22)
	at com.gruelbox.transactionoutbox.TransactionOutbox.processNow(TransactionOutbox.java:299)
	at com.gruelbox.transactionoutbox.ExecutorSubmitter.lambda$submit$0(ExecutorSubmitter.java:60)
	at java.base/java.util.concurrent.ThreadPoolExecutor.runWorker(ThreadPoolExecutor.java:1128)
	at java.base/java.util.concurrent.ThreadPoolExecutor$Worker.run(ThreadPoolExecutor.java:628)
	at java.base/java.lang.Thread.run(Thread.java:829)
18:24:22.138 [pool-9-thread-2] INFO  SESSION-KEY= c.g.t.TransactionOutbox - Processing BEEF.process(3, "Whee") [ece910bc-c1df-4c01-b96e-19f0058d8b54]
18:24:22.138 [pool-9-thread-2] INFO  SESSION-KEY= c.g.t.a.AbstractAcceptanceTest - Processing (3, Whee)
18:24:22.138 [pool-9-thread-2] WARN  SESSION-KEY= c.g.t.SimpleTransactionManager - Exception in transactional block (InvocationTargetException). Rolling back. See later messages for detail
18:24:22.139 [pool-9-thread-2] WARN  SESSION-KEY= c.g.t.TransactionOutbox - Temporarily failed to process: BEEF.process(3, "Whee") [ece910bc-c1df-4c01-b96e-19f0058d8b54]
java.lang.RuntimeException: Temporary failure
	at com.gruelbox.transactionoutbox.acceptance.AbstractAcceptanceTest$FailingInstantiator.lambda$getInstance$0(AbstractAcceptanceTest.java:542)
	at java.base/jdk.internal.reflect.NativeMethodAccessorImpl.invoke0(Native Method)
	at java.base/jdk.internal.reflect.NativeMethodAccessorImpl.invoke(NativeMethodAccessorImpl.java:62)
	at java.base/jdk.internal.reflect.DelegatingMethodAccessorImpl.invoke(DelegatingMethodAccessorImpl.java:43)
	at java.base/java.lang.reflect.Method.invoke(Method.java:566)
	at com.gruelbox.transactionoutbox.Invocation.invoke(Invocation.java:107)
	at com.gruelbox.transactionoutbox.TransactionOutbox.invoke(TransactionOutbox.java:334)
	at com.gruelbox.transactionoutbox.TransactionOutbox.lambda$processNow$13(TransactionOutbox.java:305)
	at com.gruelbox.transactionoutbox.SimpleTransactionManager.processAndCommitOrRollback(SimpleTransactionManager.java:34)
	at com.gruelbox.transactionoutbox.SimpleTransactionManager.lambda$inTransactionReturnsThrows$0(SimpleTransactionManager.java:24)
	at com.gruelbox.transactionoutbox.SimpleTransactionManager.withTransaction(SimpleTransactionManager.java:64)
	at com.gruelbox.transactionoutbox.SimpleTransactionManager.inTransactionReturnsThrows(SimpleTransactionManager.java:22)
	at com.gruelbox.transactionoutbox.TransactionOutbox.processNow(TransactionOutbox.java:299)
	at com.gruelbox.transactionoutbox.ExecutorSubmitter.lambda$submit$0(ExecutorSubmitter.java:60)
	at java.base/java.util.concurrent.ThreadPoolExecutor.runWorker(ThreadPoolExecutor.java:1128)
	at java.base/java.util.concurrent.ThreadPoolExecutor$Worker.run(ThreadPoolExecutor.java:628)
	at java.base/java.lang.Thread.run(Thread.java:829)
18:24:22.644 [pool-9-thread-1] INFO  SESSION-KEY= c.g.t.TransactionOutbox - Processing BEEF.process(3, "Whee") [ece910bc-c1df-4c01-b96e-19f0058d8b54]
18:24:22.644 [pool-9-thread-1] INFO  SESSION-KEY= c.g.t.a.AbstractAcceptanceTest - Processing (3, Whee)
18:24:22.644 [pool-9-thread-1] INFO  SESSION-KEY= c.g.t.a.AbstractAcceptanceTest - Processed (3, Whee)
18:24:22.645 [pool-9-thread-1] INFO  SESSION-KEY= c.g.t.TransactionOutbox - Processed BEEF.process(3, "Whee") [ece910bc-c1df-4c01-b96e-19f0058d8b54]
18:24:22.652 [main] INFO  SESSION-KEY= c.z.h.HikariDataSource - HikariPool-1 - Starting...
18:24:22.681 [main] INFO  SESSION-KEY= c.z.h.HikariDataSource - HikariPool-1 - Start completed.
18:24:22.705 [pool-11-thread-1] INFO  SESSION-KEY= c.g.t.TransactionOutbox - Processing com.gruelbox.transactionoutbox.acceptance.ClassProcessor.process("b6aa02da-1577-4369-999b-340c025b3ed2") [54e117ab-9437-4713-9efe-edb1b90216d3]
18:24:22.705 [pool-11-thread-1] INFO  SESSION-KEY= c.g.t.a.ClassProcessor - Processing work: b6aa02da-1577-4369-999b-340c025b3ed2
18:24:22.706 [pool-11-thread-1] INFO  SESSION-KEY= c.g.t.TransactionOutbox - Processed com.gruelbox.transactionoutbox.acceptance.ClassProcessor.process("b6aa02da-1577-4369-999b-340c025b3ed2") [54e117ab-9437-4713-9efe-edb1b90216d3]
18:24:22.706 [main] INFO  SESSION-KEY= c.z.h.HikariDataSource - HikariPool-1 - Shutdown initiated...
18:24:22.707 [main] INFO  SESSION-KEY= c.z.h.HikariDataSource - HikariPool-1 - Shutdown completed.
[INFO] Tests run: 7, Failures: 0, Errors: 0, Skipped: 0, Time elapsed: 6.919 s - in com.gruelbox.transactionoutbox.acceptance.TestH2
[INFO] Running com.gruelbox.transactionoutbox.acceptance.TestComplexConfigurationExample
[WARNING] Tests run: 1, Failures: 0, Errors: 0, Skipped: 1, Time elapsed: 0.001 s - in com.gruelbox.transactionoutbox.acceptance.TestComplexConfigurationExample
[INFO] Running com.gruelbox.transactionoutbox.acceptance.TestPostgres10
Jan 17, 2023 6:24:22 PM org.junit.jupiter.engine.execution.JupiterEngineExecutionContext close
SEVERE: Caught exception while closing extension context: org.junit.jupiter.engine.descriptor.ClassExtensionContext@6f94a5a5
org.testcontainers.containers.ContainerLaunchException: Container startup failed
	at org.testcontainers.containers.GenericContainer.doStart(GenericContainer.java:330)
	at org.testcontainers.containers.GenericContainer.start(GenericContainer.java:311)
	at org.testcontainers.junit.jupiter.TestcontainersExtension$StoreAdapter.start(TestcontainersExtension.java:242)
	at org.testcontainers.junit.jupiter.TestcontainersExtension$StoreAdapter.access$200(TestcontainersExtension.java:229)
	at org.testcontainers.junit.jupiter.TestcontainersExtension.lambda$null$1(TestcontainersExtension.java:59)
	at org.junit.jupiter.engine.execution.ExtensionValuesStore.lambda$getOrComputeIfAbsent$4(ExtensionValuesStore.java:86)
	at org.junit.jupiter.engine.execution.ExtensionValuesStore$MemoizingSupplier.get(ExtensionValuesStore.java:205)
	at org.junit.jupiter.engine.execution.ExtensionValuesStore$StoredValue.evaluate(ExtensionValuesStore.java:182)
	at org.junit.jupiter.engine.execution.ExtensionValuesStore$StoredValue.access$100(ExtensionValuesStore.java:171)
	at org.junit.jupiter.engine.execution.ExtensionValuesStore.lambda$closeAllStoredCloseableValues$1(ExtensionValuesStore.java:65)
	at java.base/java.util.stream.ReferencePipeline$2$1.accept(ReferencePipeline.java:176)
	at java.base/java.util.concurrent.ConcurrentHashMap$ValueSpliterator.forEachRemaining(ConcurrentHashMap.java:3603)
	at java.base/java.util.stream.AbstractPipeline.copyInto(AbstractPipeline.java:484)
	at java.base/java.util.stream.AbstractPipeline.wrapAndCopyInto(AbstractPipeline.java:474)
	at java.base/java.util.stream.ForEachOps$ForEachOp.evaluateSequential(ForEachOps.java:150)
	at java.base/java.util.stream.ForEachOps$ForEachOp$OfRef.evaluateSequential(ForEachOps.java:173)
	at java.base/java.util.stream.AbstractPipeline.evaluate(AbstractPipeline.java:234)
	at java.base/java.util.stream.ReferencePipeline.forEach(ReferencePipeline.java:497)
	at org.junit.jupiter.engine.execution.ExtensionValuesStore.closeAllStoredCloseableValues(ExtensionValuesStore.java:68)
	at org.junit.jupiter.engine.descriptor.AbstractExtensionContext.close(AbstractExtensionContext.java:74)
	at org.junit.jupiter.engine.execution.JupiterEngineExecutionContext.close(JupiterEngineExecutionContext.java:53)
	at org.junit.jupiter.engine.descriptor.JupiterTestDescriptor.cleanUp(JupiterTestDescriptor.java:222)
	at org.junit.jupiter.engine.descriptor.JupiterTestDescriptor.cleanUp(JupiterTestDescriptor.java:57)
	at org.junit.platform.engine.support.hierarchical.NodeTestTask.lambda$cleanUp$9(NodeTestTask.java:155)
	at org.junit.platform.engine.support.hierarchical.ThrowableCollector.execute(ThrowableCollector.java:73)
	at org.junit.platform.engine.support.hierarchical.NodeTestTask.cleanUp(NodeTestTask.java:155)
	at org.junit.platform.engine.support.hierarchical.NodeTestTask.execute(NodeTestTask.java:87)
	at java.base/java.util.ArrayList.forEach(ArrayList.java:1541)
	at org.junit.platform.engine.support.hierarchical.SameThreadHierarchicalTestExecutorService.invokeAll(SameThreadHierarchicalTestExecutorService.java:38)
	at org.junit.platform.engine.support.hierarchical.NodeTestTask.lambda$executeRecursively$5(NodeTestTask.java:143)
	at org.junit.platform.engine.support.hierarchical.ThrowableCollector.execute(ThrowableCollector.java:73)
	at org.junit.platform.engine.support.hierarchical.NodeTestTask.lambda$executeRecursively$7(NodeTestTask.java:129)
	at org.junit.platform.engine.support.hierarchical.Node.around(Node.java:137)
	at org.junit.platform.engine.support.hierarchical.NodeTestTask.lambda$executeRecursively$8(NodeTestTask.java:127)
	at org.junit.platform.engine.support.hierarchical.ThrowableCollector.execute(ThrowableCollector.java:73)
	at org.junit.platform.engine.support.hierarchical.NodeTestTask.executeRecursively(NodeTestTask.java:126)
	at org.junit.platform.engine.support.hierarchical.NodeTestTask.execute(NodeTestTask.java:84)
	at org.junit.platform.engine.support.hierarchical.SameThreadHierarchicalTestExecutorService.submit(SameThreadHierarchicalTestExecutorService.java:32)
	at org.junit.platform.engine.support.hierarchical.HierarchicalTestExecutor.execute(HierarchicalTestExecutor.java:57)
	at org.junit.platform.engine.support.hierarchical.HierarchicalTestEngine.execute(HierarchicalTestEngine.java:51)
	at org.junit.platform.launcher.core.EngineExecutionOrchestrator.execute(EngineExecutionOrchestrator.java:108)
	at org.junit.platform.launcher.core.EngineExecutionOrchestrator.execute(EngineExecutionOrchestrator.java:88)
	at org.junit.platform.launcher.core.EngineExecutionOrchestrator.lambda$execute$0(EngineExecutionOrchestrator.java:54)
	at org.junit.platform.launcher.core.EngineExecutionOrchestrator.withInterceptedStreams(EngineExecutionOrchestrator.java:67)
	at org.junit.platform.launcher.core.EngineExecutionOrchestrator.execute(EngineExecutionOrchestrator.java:52)
	at org.junit.platform.launcher.core.DefaultLauncher.execute(DefaultLauncher.java:96)
	at org.junit.platform.launcher.core.DefaultLauncher.execute(DefaultLauncher.java:75)
	at org.apache.maven.surefire.junitplatform.JUnitPlatformProvider.invokeAllTests(JUnitPlatformProvider.java:154)
	at org.apache.maven.surefire.junitplatform.JUnitPlatformProvider.invoke(JUnitPlatformProvider.java:127)
	at org.apache.maven.surefire.booter.ForkedBooter.runSuitesInProcess(ForkedBooter.java:377)
	at org.apache.maven.surefire.booter.ForkedBooter.execute(ForkedBooter.java:138)
	at org.apache.maven.surefire.booter.ForkedBooter.run(ForkedBooter.java:465)
	at org.apache.maven.surefire.booter.ForkedBooter.main(ForkedBooter.java:451)
Caused by: org.testcontainers.containers.ContainerFetchException: Can't get Docker image: RemoteDockerImage(imageName=postgres:10, imagePullPolicy=DefaultPullPolicy())
	at org.testcontainers.containers.GenericContainer.getDockerImageName(GenericContainer.java:1279)
	at org.testcontainers.containers.GenericContainer.logger(GenericContainer.java:613)
	at org.testcontainers.containers.GenericContainer.doStart(GenericContainer.java:320)
	... 52 more
Caused by: java.lang.IllegalStateException: Previous attempts to find a Docker environment failed. Will not retry. Please see logs and check configuration
	at org.testcontainers.dockerclient.DockerClientProviderStrategy.getFirstValidStrategy(DockerClientProviderStrategy.java:83)
	at org.testcontainers.DockerClientFactory.getOrInitializeStrategy(DockerClientFactory.java:126)
	at org.testcontainers.DockerClientFactory.client(DockerClientFactory.java:147)
	at org.testcontainers.LazyDockerClient.getDockerClient(LazyDockerClient.java:14)
	at org.testcontainers.LazyDockerClient.inspectImageCmd(LazyDockerClient.java:12)
	at org.testcontainers.images.LocalImagesCache.refreshCache(LocalImagesCache.java:42)
	at org.testcontainers.images.AbstractImagePullPolicy.shouldPull(AbstractImagePullPolicy.java:24)
	at org.testcontainers.images.RemoteDockerImage.resolve(RemoteDockerImage.java:59)
	at org.testcontainers.images.RemoteDockerImage.resolve(RemoteDockerImage.java:26)
	at org.testcontainers.utility.LazyFuture.getResolvedValue(LazyFuture.java:20)
	at org.testcontainers.utility.LazyFuture.get(LazyFuture.java:27)
	at org.testcontainers.containers.GenericContainer.getDockerImageName(GenericContainer.java:1277)
	... 54 more

[INFO] Tests run: 0, Failures: 0, Errors: 0, Skipped: 0, Time elapsed: 0.003 s - in com.gruelbox.transactionoutbox.acceptance.TestPostgres10
[INFO] Running com.gruelbox.transactionoutbox.acceptance.TestPostgres9
Jan 17, 2023 6:24:22 PM org.junit.jupiter.engine.execution.JupiterEngineExecutionContext close
SEVERE: Caught exception while closing extension context: org.junit.jupiter.engine.descriptor.ClassExtensionContext@30b131b2
org.testcontainers.containers.ContainerLaunchException: Container startup failed
	at org.testcontainers.containers.GenericContainer.doStart(GenericContainer.java:330)
	at org.testcontainers.containers.GenericContainer.start(GenericContainer.java:311)
	at org.testcontainers.junit.jupiter.TestcontainersExtension$StoreAdapter.start(TestcontainersExtension.java:242)
	at org.testcontainers.junit.jupiter.TestcontainersExtension$StoreAdapter.access$200(TestcontainersExtension.java:229)
	at org.testcontainers.junit.jupiter.TestcontainersExtension.lambda$null$1(TestcontainersExtension.java:59)
	at org.junit.jupiter.engine.execution.ExtensionValuesStore.lambda$getOrComputeIfAbsent$4(ExtensionValuesStore.java:86)
	at org.junit.jupiter.engine.execution.ExtensionValuesStore$MemoizingSupplier.get(ExtensionValuesStore.java:205)
	at org.junit.jupiter.engine.execution.ExtensionValuesStore$StoredValue.evaluate(ExtensionValuesStore.java:182)
	at org.junit.jupiter.engine.execution.ExtensionValuesStore$StoredValue.access$100(ExtensionValuesStore.java:171)
	at org.junit.jupiter.engine.execution.ExtensionValuesStore.lambda$closeAllStoredCloseableValues$1(ExtensionValuesStore.java:65)
	at java.base/java.util.stream.ReferencePipeline$2$1.accept(ReferencePipeline.java:176)
	at java.base/java.util.concurrent.ConcurrentHashMap$ValueSpliterator.forEachRemaining(ConcurrentHashMap.java:3603)
	at java.base/java.util.stream.AbstractPipeline.copyInto(AbstractPipeline.java:484)
	at java.base/java.util.stream.AbstractPipeline.wrapAndCopyInto(AbstractPipeline.java:474)
	at java.base/java.util.stream.ForEachOps$ForEachOp.evaluateSequential(ForEachOps.java:150)
	at java.base/java.util.stream.ForEachOps$ForEachOp$OfRef.evaluateSequential(ForEachOps.java:173)
	at java.base/java.util.stream.AbstractPipeline.evaluate(AbstractPipeline.java:234)
	at java.base/java.util.stream.ReferencePipeline.forEach(ReferencePipeline.java:497)
	at org.junit.jupiter.engine.execution.ExtensionValuesStore.closeAllStoredCloseableValues(ExtensionValuesStore.java:68)
	at org.junit.jupiter.engine.descriptor.AbstractExtensionContext.close(AbstractExtensionContext.java:74)
	at org.junit.jupiter.engine.execution.JupiterEngineExecutionContext.close(JupiterEngineExecutionContext.java:53)
	at org.junit.jupiter.engine.descriptor.JupiterTestDescriptor.cleanUp(JupiterTestDescriptor.java:222)
	at org.junit.jupiter.engine.descriptor.JupiterTestDescriptor.cleanUp(JupiterTestDescriptor.java:57)
	at org.junit.platform.engine.support.hierarchical.NodeTestTask.lambda$cleanUp$9(NodeTestTask.java:155)
	at org.junit.platform.engine.support.hierarchical.ThrowableCollector.execute(ThrowableCollector.java:73)
	at org.junit.platform.engine.support.hierarchical.NodeTestTask.cleanUp(NodeTestTask.java:155)
	at org.junit.platform.engine.support.hierarchical.NodeTestTask.execute(NodeTestTask.java:87)
	at java.base/java.util.ArrayList.forEach(ArrayList.java:1541)
	at org.junit.platform.engine.support.hierarchical.SameThreadHierarchicalTestExecutorService.invokeAll(SameThreadHierarchicalTestExecutorService.java:38)
	at org.junit.platform.engine.support.hierarchical.NodeTestTask.lambda$executeRecursively$5(NodeTestTask.java:143)
	at org.junit.platform.engine.support.hierarchical.ThrowableCollector.execute(ThrowableCollector.java:73)
	at org.junit.platform.engine.support.hierarchical.NodeTestTask.lambda$executeRecursively$7(NodeTestTask.java:129)
	at org.junit.platform.engine.support.hierarchical.Node.around(Node.java:137)
	at org.junit.platform.engine.support.hierarchical.NodeTestTask.lambda$executeRecursively$8(NodeTestTask.java:127)
	at org.junit.platform.engine.support.hierarchical.ThrowableCollector.execute(ThrowableCollector.java:73)
	at org.junit.platform.engine.support.hierarchical.NodeTestTask.executeRecursively(NodeTestTask.java:126)
	at org.junit.platform.engine.support.hierarchical.NodeTestTask.execute(NodeTestTask.java:84)
	at org.junit.platform.engine.support.hierarchical.SameThreadHierarchicalTestExecutorService.submit(SameThreadHierarchicalTestExecutorService.java:32)
	at org.junit.platform.engine.support.hierarchical.HierarchicalTestExecutor.execute(HierarchicalTestExecutor.java:57)
	at org.junit.platform.engine.support.hierarchical.HierarchicalTestEngine.execute(HierarchicalTestEngine.java:51)
	at org.junit.platform.launcher.core.EngineExecutionOrchestrator.execute(EngineExecutionOrchestrator.java:108)
	at org.junit.platform.launcher.core.EngineExecutionOrchestrator.execute(EngineExecutionOrchestrator.java:88)
	at org.junit.platform.launcher.core.EngineExecutionOrchestrator.lambda$execute$0(EngineExecutionOrchestrator.java:54)
	at org.junit.platform.launcher.core.EngineExecutionOrchestrator.withInterceptedStreams(EngineExecutionOrchestrator.java:67)
	at org.junit.platform.launcher.core.EngineExecutionOrchestrator.execute(EngineExecutionOrchestrator.java:52)
	at org.junit.platform.launcher.core.DefaultLauncher.execute(DefaultLauncher.java:96)
	at org.junit.platform.launcher.core.DefaultLauncher.execute(DefaultLauncher.java:75)
	at org.apache.maven.surefire.junitplatform.JUnitPlatformProvider.invokeAllTests(JUnitPlatformProvider.java:154)
	at org.apache.maven.surefire.junitplatform.JUnitPlatformProvider.invoke(JUnitPlatformProvider.java:127)
	at org.apache.maven.surefire.booter.ForkedBooter.runSuitesInProcess(ForkedBooter.java:377)
	at org.apache.maven.surefire.booter.ForkedBooter.execute(ForkedBooter.java:138)
	at org.apache.maven.surefire.booter.ForkedBooter.run(ForkedBooter.java:465)
	at org.apache.maven.surefire.booter.ForkedBooter.main(ForkedBooter.java:451)
Caused by: org.testcontainers.containers.ContainerFetchException: Can't get Docker image: RemoteDockerImage(imageName=postgres:9, imagePullPolicy=DefaultPullPolicy())
	at org.testcontainers.containers.GenericContainer.getDockerImageName(GenericContainer.java:1279)
	at org.testcontainers.containers.GenericContainer.logger(GenericContainer.java:613)
	at org.testcontainers.containers.GenericContainer.doStart(GenericContainer.java:320)
	... 52 more
Caused by: java.lang.IllegalStateException: Previous attempts to find a Docker environment failed. Will not retry. Please see logs and check configuration
	at org.testcontainers.dockerclient.DockerClientProviderStrategy.getFirstValidStrategy(DockerClientProviderStrategy.java:83)
	at org.testcontainers.DockerClientFactory.getOrInitializeStrategy(DockerClientFactory.java:126)
	at org.testcontainers.DockerClientFactory.client(DockerClientFactory.java:147)
	at org.testcontainers.LazyDockerClient.getDockerClient(LazyDockerClient.java:14)
	at org.testcontainers.LazyDockerClient.inspectImageCmd(LazyDockerClient.java:12)
	at org.testcontainers.images.LocalImagesCache.refreshCache(LocalImagesCache.java:42)
	at org.testcontainers.images.AbstractImagePullPolicy.shouldPull(AbstractImagePullPolicy.java:24)
	at org.testcontainers.images.RemoteDockerImage.resolve(RemoteDockerImage.java:59)
	at org.testcontainers.images.RemoteDockerImage.resolve(RemoteDockerImage.java:26)
	at org.testcontainers.utility.LazyFuture.getResolvedValue(LazyFuture.java:20)
	at org.testcontainers.utility.LazyFuture.get(LazyFuture.java:27)
	at org.testcontainers.containers.GenericContainer.getDockerImageName(GenericContainer.java:1277)
	... 54 more

[INFO] Tests run: 0, Failures: 0, Errors: 0, Skipped: 0, Time elapsed: 0.002 s - in com.gruelbox.transactionoutbox.acceptance.TestPostgres9
[INFO] Running com.gruelbox.transactionoutbox.acceptance.TestMySql8
Jan 17, 2023 6:24:22 PM org.junit.jupiter.engine.execution.JupiterEngineExecutionContext close
SEVERE: Caught exception while closing extension context: org.junit.jupiter.engine.descriptor.ClassExtensionContext@7100dea
org.testcontainers.containers.ContainerLaunchException: Container startup failed
	at org.testcontainers.containers.GenericContainer.doStart(GenericContainer.java:330)
	at org.testcontainers.containers.GenericContainer.start(GenericContainer.java:311)
	at org.testcontainers.junit.jupiter.TestcontainersExtension$StoreAdapter.start(TestcontainersExtension.java:242)
	at org.testcontainers.junit.jupiter.TestcontainersExtension$StoreAdapter.access$200(TestcontainersExtension.java:229)
	at org.testcontainers.junit.jupiter.TestcontainersExtension.lambda$null$1(TestcontainersExtension.java:59)
	at org.junit.jupiter.engine.execution.ExtensionValuesStore.lambda$getOrComputeIfAbsent$4(ExtensionValuesStore.java:86)
	at org.junit.jupiter.engine.execution.ExtensionValuesStore$MemoizingSupplier.get(ExtensionValuesStore.java:205)
	at org.junit.jupiter.engine.execution.ExtensionValuesStore$StoredValue.evaluate(ExtensionValuesStore.java:182)
	at org.junit.jupiter.engine.execution.ExtensionValuesStore$StoredValue.access$100(ExtensionValuesStore.java:171)
	at org.junit.jupiter.engine.execution.ExtensionValuesStore.lambda$closeAllStoredCloseableValues$1(ExtensionValuesStore.java:65)
	at java.base/java.util.stream.ReferencePipeline$2$1.accept(ReferencePipeline.java:176)
	at java.base/java.util.concurrent.ConcurrentHashMap$ValueSpliterator.forEachRemaining(ConcurrentHashMap.java:3603)
	at java.base/java.util.stream.AbstractPipeline.copyInto(AbstractPipeline.java:484)
	at java.base/java.util.stream.AbstractPipeline.wrapAndCopyInto(AbstractPipeline.java:474)
	at java.base/java.util.stream.ForEachOps$ForEachOp.evaluateSequential(ForEachOps.java:150)
	at java.base/java.util.stream.ForEachOps$ForEachOp$OfRef.evaluateSequential(ForEachOps.java:173)
	at java.base/java.util.stream.AbstractPipeline.evaluate(AbstractPipeline.java:234)
	at java.base/java.util.stream.ReferencePipeline.forEach(ReferencePipeline.java:497)
	at org.junit.jupiter.engine.execution.ExtensionValuesStore.closeAllStoredCloseableValues(ExtensionValuesStore.java:68)
	at org.junit.jupiter.engine.descriptor.AbstractExtensionContext.close(AbstractExtensionContext.java:74)
	at org.junit.jupiter.engine.execution.JupiterEngineExecutionContext.close(JupiterEngineExecutionContext.java:53)
	at org.junit.jupiter.engine.descriptor.JupiterTestDescriptor.cleanUp(JupiterTestDescriptor.java:222)
	at org.junit.jupiter.engine.descriptor.JupiterTestDescriptor.cleanUp(JupiterTestDescriptor.java:57)
	at org.junit.platform.engine.support.hierarchical.NodeTestTask.lambda$cleanUp$9(NodeTestTask.java:155)
	at org.junit.platform.engine.support.hierarchical.ThrowableCollector.execute(ThrowableCollector.java:73)
	at org.junit.platform.engine.support.hierarchical.NodeTestTask.cleanUp(NodeTestTask.java:155)
	at org.junit.platform.engine.support.hierarchical.NodeTestTask.execute(NodeTestTask.java:87)
	at java.base/java.util.ArrayList.forEach(ArrayList.java:1541)
	at org.junit.platform.engine.support.hierarchical.SameThreadHierarchicalTestExecutorService.invokeAll(SameThreadHierarchicalTestExecutorService.java:38)
	at org.junit.platform.engine.support.hierarchical.NodeTestTask.lambda$executeRecursively$5(NodeTestTask.java:143)
	at org.junit.platform.engine.support.hierarchical.ThrowableCollector.execute(ThrowableCollector.java:73)
	at org.junit.platform.engine.support.hierarchical.NodeTestTask.lambda$executeRecursively$7(NodeTestTask.java:129)
	at org.junit.platform.engine.support.hierarchical.Node.around(Node.java:137)
	at org.junit.platform.engine.support.hierarchical.NodeTestTask.lambda$executeRecursively$8(NodeTestTask.java:127)
	at org.junit.platform.engine.support.hierarchical.ThrowableCollector.execute(ThrowableCollector.java:73)
	at org.junit.platform.engine.support.hierarchical.NodeTestTask.executeRecursively(NodeTestTask.java:126)
	at org.junit.platform.engine.support.hierarchical.NodeTestTask.execute(NodeTestTask.java:84)
	at org.junit.platform.engine.support.hierarchical.SameThreadHierarchicalTestExecutorService.submit(SameThreadHierarchicalTestExecutorService.java:32)
	at org.junit.platform.engine.support.hierarchical.HierarchicalTestExecutor.execute(HierarchicalTestExecutor.java:57)
	at org.junit.platform.engine.support.hierarchical.HierarchicalTestEngine.execute(HierarchicalTestEngine.java:51)
	at org.junit.platform.launcher.core.EngineExecutionOrchestrator.execute(EngineExecutionOrchestrator.java:108)
	at org.junit.platform.launcher.core.EngineExecutionOrchestrator.execute(EngineExecutionOrchestrator.java:88)
	at org.junit.platform.launcher.core.EngineExecutionOrchestrator.lambda$execute$0(EngineExecutionOrchestrator.java:54)
	at org.junit.platform.launcher.core.EngineExecutionOrchestrator.withInterceptedStreams(EngineExecutionOrchestrator.java:67)
	at org.junit.platform.launcher.core.EngineExecutionOrchestrator.execute(EngineExecutionOrchestrator.java:52)
	at org.junit.platform.launcher.core.DefaultLauncher.execute(DefaultLauncher.java:96)
	at org.junit.platform.launcher.core.DefaultLauncher.execute(DefaultLauncher.java:75)
	at org.apache.maven.surefire.junitplatform.JUnitPlatformProvider.invokeAllTests(JUnitPlatformProvider.java:154)
	at org.apache.maven.surefire.junitplatform.JUnitPlatformProvider.invoke(JUnitPlatformProvider.java:127)
	at org.apache.maven.surefire.booter.ForkedBooter.runSuitesInProcess(ForkedBooter.java:377)
	at org.apache.maven.surefire.booter.ForkedBooter.execute(ForkedBooter.java:138)
	at org.apache.maven.surefire.booter.ForkedBooter.run(ForkedBooter.java:465)
	at org.apache.maven.surefire.booter.ForkedBooter.main(ForkedBooter.java:451)
Caused by: org.testcontainers.containers.ContainerFetchException: Can't get Docker image: RemoteDockerImage(imageName=mysql:8, imagePullPolicy=DefaultPullPolicy())
	at org.testcontainers.containers.GenericContainer.getDockerImageName(GenericContainer.java:1279)
	at org.testcontainers.containers.GenericContainer.logger(GenericContainer.java:613)
	at org.testcontainers.containers.GenericContainer.doStart(GenericContainer.java:320)
	... 52 more
Caused by: java.lang.IllegalStateException: Previous attempts to find a Docker environment failed. Will not retry. Please see logs and check configuration
	at org.testcontainers.dockerclient.DockerClientProviderStrategy.getFirstValidStrategy(DockerClientProviderStrategy.java:83)
	at org.testcontainers.DockerClientFactory.getOrInitializeStrategy(DockerClientFactory.java:126)
	at org.testcontainers.DockerClientFactory.client(DockerClientFactory.java:147)
	at org.testcontainers.LazyDockerClient.getDockerClient(LazyDockerClient.java:14)
	at org.testcontainers.LazyDockerClient.inspectImageCmd(LazyDockerClient.java:12)
	at org.testcontainers.images.LocalImagesCache.refreshCache(LocalImagesCache.java:42)
	at org.testcontainers.images.AbstractImagePullPolicy.shouldPull(AbstractImagePullPolicy.java:24)
	at org.testcontainers.images.RemoteDockerImage.resolve(RemoteDockerImage.java:59)
	at org.testcontainers.images.RemoteDockerImage.resolve(RemoteDockerImage.java:26)
	at org.testcontainers.utility.LazyFuture.getResolvedValue(LazyFuture.java:20)
	at org.testcontainers.utility.LazyFuture.get(LazyFuture.java:27)
	at org.testcontainers.containers.GenericContainer.getDockerImageName(GenericContainer.java:1277)
	... 54 more

[INFO] Tests run: 0, Failures: 0, Errors: 0, Skipped: 0, Time elapsed: 0.006 s - in com.gruelbox.transactionoutbox.acceptance.TestMySql8
[INFO] Running com.gruelbox.transactionoutbox.acceptance.TestMySql5
Jan 17, 2023 6:24:22 PM org.junit.jupiter.engine.execution.JupiterEngineExecutionContext close
SEVERE: Caught exception while closing extension context: org.junit.jupiter.engine.descriptor.ClassExtensionContext@56da7487
org.testcontainers.containers.ContainerLaunchException: Container startup failed
	at org.testcontainers.containers.GenericContainer.doStart(GenericContainer.java:330)
	at org.testcontainers.containers.GenericContainer.start(GenericContainer.java:311)
	at org.testcontainers.junit.jupiter.TestcontainersExtension$StoreAdapter.start(TestcontainersExtension.java:242)
	at org.testcontainers.junit.jupiter.TestcontainersExtension$StoreAdapter.access$200(TestcontainersExtension.java:229)
	at org.testcontainers.junit.jupiter.TestcontainersExtension.lambda$null$1(TestcontainersExtension.java:59)
	at org.junit.jupiter.engine.execution.ExtensionValuesStore.lambda$getOrComputeIfAbsent$4(ExtensionValuesStore.java:86)
	at org.junit.jupiter.engine.execution.ExtensionValuesStore$MemoizingSupplier.get(ExtensionValuesStore.java:205)
	at org.junit.jupiter.engine.execution.ExtensionValuesStore$StoredValue.evaluate(ExtensionValuesStore.java:182)
	at org.junit.jupiter.engine.execution.ExtensionValuesStore$StoredValue.access$100(ExtensionValuesStore.java:171)
	at org.junit.jupiter.engine.execution.ExtensionValuesStore.lambda$closeAllStoredCloseableValues$1(ExtensionValuesStore.java:65)
	at java.base/java.util.stream.ReferencePipeline$2$1.accept(ReferencePipeline.java:176)
	at java.base/java.util.concurrent.ConcurrentHashMap$ValueSpliterator.forEachRemaining(ConcurrentHashMap.java:3603)
	at java.base/java.util.stream.AbstractPipeline.copyInto(AbstractPipeline.java:484)
	at java.base/java.util.stream.AbstractPipeline.wrapAndCopyInto(AbstractPipeline.java:474)
	at java.base/java.util.stream.ForEachOps$ForEachOp.evaluateSequential(ForEachOps.java:150)
	at java.base/java.util.stream.ForEachOps$ForEachOp$OfRef.evaluateSequential(ForEachOps.java:173)
	at java.base/java.util.stream.AbstractPipeline.evaluate(AbstractPipeline.java:234)
	at java.base/java.util.stream.ReferencePipeline.forEach(ReferencePipeline.java:497)
	at org.junit.jupiter.engine.execution.ExtensionValuesStore.closeAllStoredCloseableValues(ExtensionValuesStore.java:68)
	at org.junit.jupiter.engine.descriptor.AbstractExtensionContext.close(AbstractExtensionContext.java:74)
	at org.junit.jupiter.engine.execution.JupiterEngineExecutionContext.close(JupiterEngineExecutionContext.java:53)
	at org.junit.jupiter.engine.descriptor.JupiterTestDescriptor.cleanUp(JupiterTestDescriptor.java:222)
	at org.junit.jupiter.engine.descriptor.JupiterTestDescriptor.cleanUp(JupiterTestDescriptor.java:57)
	at org.junit.platform.engine.support.hierarchical.NodeTestTask.lambda$cleanUp$9(NodeTestTask.java:155)
	at org.junit.platform.engine.support.hierarchical.ThrowableCollector.execute(ThrowableCollector.java:73)
	at org.junit.platform.engine.support.hierarchical.NodeTestTask.cleanUp(NodeTestTask.java:155)
	at org.junit.platform.engine.support.hierarchical.NodeTestTask.execute(NodeTestTask.java:87)
	at java.base/java.util.ArrayList.forEach(ArrayList.java:1541)
	at org.junit.platform.engine.support.hierarchical.SameThreadHierarchicalTestExecutorService.invokeAll(SameThreadHierarchicalTestExecutorService.java:38)
	at org.junit.platform.engine.support.hierarchical.NodeTestTask.lambda$executeRecursively$5(NodeTestTask.java:143)
	at org.junit.platform.engine.support.hierarchical.ThrowableCollector.execute(ThrowableCollector.java:73)
	at org.junit.platform.engine.support.hierarchical.NodeTestTask.lambda$executeRecursively$7(NodeTestTask.java:129)
	at org.junit.platform.engine.support.hierarchical.Node.around(Node.java:137)
	at org.junit.platform.engine.support.hierarchical.NodeTestTask.lambda$executeRecursively$8(NodeTestTask.java:127)
	at org.junit.platform.engine.support.hierarchical.ThrowableCollector.execute(ThrowableCollector.java:73)
	at org.junit.platform.engine.support.hierarchical.NodeTestTask.executeRecursively(NodeTestTask.java:126)
	at org.junit.platform.engine.support.hierarchical.NodeTestTask.execute(NodeTestTask.java:84)
	at org.junit.platform.engine.support.hierarchical.SameThreadHierarchicalTestExecutorService.submit(SameThreadHierarchicalTestExecutorService.java:32)
	at org.junit.platform.engine.support.hierarchical.HierarchicalTestExecutor.execute(HierarchicalTestExecutor.java:57)
	at org.junit.platform.engine.support.hierarchical.HierarchicalTestEngine.execute(HierarchicalTestEngine.java:51)
	at org.junit.platform.launcher.core.EngineExecutionOrchestrator.execute(EngineExecutionOrchestrator.java:108)
	at org.junit.platform.launcher.core.EngineExecutionOrchestrator.execute(EngineExecutionOrchestrator.java:88)
	at org.junit.platform.launcher.core.EngineExecutionOrchestrator.lambda$execute$0(EngineExecutionOrchestrator.java:54)
	at org.junit.platform.launcher.core.EngineExecutionOrchestrator.withInterceptedStreams(EngineExecutionOrchestrator.java:67)
	at org.junit.platform.launcher.core.EngineExecutionOrchestrator.execute(EngineExecutionOrchestrator.java:52)
	at org.junit.platform.launcher.core.DefaultLauncher.execute(DefaultLauncher.java:96)
	at org.junit.platform.launcher.core.DefaultLauncher.execute(DefaultLauncher.java:75)
	at org.apache.maven.surefire.junitplatform.JUnitPlatformProvider.invokeAllTests(JUnitPlatformProvider.java:154)
	at org.apache.maven.surefire.junitplatform.JUnitPlatformProvider.invoke(JUnitPlatformProvider.java:127)
	at org.apache.maven.surefire.booter.ForkedBooter.runSuitesInProcess(ForkedBooter.java:377)
	at org.apache.maven.surefire.booter.ForkedBooter.execute(ForkedBooter.java:138)
	at org.apache.maven.surefire.booter.ForkedBooter.run(ForkedBooter.java:465)
	at org.apache.maven.surefire.booter.ForkedBooter.main(ForkedBooter.java:451)
Caused by: org.testcontainers.containers.ContainerFetchException: Can't get Docker image: RemoteDockerImage(imageName=mysql:5, imagePullPolicy=DefaultPullPolicy())
	at org.testcontainers.containers.GenericContainer.getDockerImageName(GenericContainer.java:1279)
	at org.testcontainers.containers.GenericContainer.logger(GenericContainer.java:613)
	at org.testcontainers.containers.GenericContainer.doStart(GenericContainer.java:320)
	... 52 more
Caused by: java.lang.IllegalStateException: Previous attempts to find a Docker environment failed. Will not retry. Please see logs and check configuration
	at org.testcontainers.dockerclient.DockerClientProviderStrategy.getFirstValidStrategy(DockerClientProviderStrategy.java:83)
	at org.testcontainers.DockerClientFactory.getOrInitializeStrategy(DockerClientFactory.java:126)
	at org.testcontainers.DockerClientFactory.client(DockerClientFactory.java:147)
	at org.testcontainers.LazyDockerClient.getDockerClient(LazyDockerClient.java:14)
	at org.testcontainers.LazyDockerClient.inspectImageCmd(LazyDockerClient.java:12)
	at org.testcontainers.images.LocalImagesCache.refreshCache(LocalImagesCache.java:42)
	at org.testcontainers.images.AbstractImagePullPolicy.shouldPull(AbstractImagePullPolicy.java:24)
	at org.testcontainers.images.RemoteDockerImage.resolve(RemoteDockerImage.java:59)
	at org.testcontainers.images.RemoteDockerImage.resolve(RemoteDockerImage.java:26)
	at org.testcontainers.utility.LazyFuture.getResolvedValue(LazyFuture.java:20)
	at org.testcontainers.utility.LazyFuture.get(LazyFuture.java:27)
	at org.testcontainers.containers.GenericContainer.getDockerImageName(GenericContainer.java:1277)
	... 54 more

[INFO] Tests run: 0, Failures: 0, Errors: 0, Skipped: 0, Time elapsed: 0.002 s - in com.gruelbox.transactionoutbox.acceptance.TestMySql5
[INFO] Running com.gruelbox.transactionoutbox.acceptance.TestPostgres11
Jan 17, 2023 6:24:22 PM org.junit.jupiter.engine.execution.JupiterEngineExecutionContext close
SEVERE: Caught exception while closing extension context: org.junit.jupiter.engine.descriptor.ClassExtensionContext@6b350309
org.testcontainers.containers.ContainerLaunchException: Container startup failed
	at org.testcontainers.containers.GenericContainer.doStart(GenericContainer.java:330)
	at org.testcontainers.containers.GenericContainer.start(GenericContainer.java:311)
	at org.testcontainers.junit.jupiter.TestcontainersExtension$StoreAdapter.start(TestcontainersExtension.java:242)
	at org.testcontainers.junit.jupiter.TestcontainersExtension$StoreAdapter.access$200(TestcontainersExtension.java:229)
	at org.testcontainers.junit.jupiter.TestcontainersExtension.lambda$null$1(TestcontainersExtension.java:59)
	at org.junit.jupiter.engine.execution.ExtensionValuesStore.lambda$getOrComputeIfAbsent$4(ExtensionValuesStore.java:86)
	at org.junit.jupiter.engine.execution.ExtensionValuesStore$MemoizingSupplier.get(ExtensionValuesStore.java:205)
	at org.junit.jupiter.engine.execution.ExtensionValuesStore$StoredValue.evaluate(ExtensionValuesStore.java:182)
	at org.junit.jupiter.engine.execution.ExtensionValuesStore$StoredValue.access$100(ExtensionValuesStore.java:171)
	at org.junit.jupiter.engine.execution.ExtensionValuesStore.lambda$closeAllStoredCloseableValues$1(ExtensionValuesStore.java:65)
	at java.base/java.util.stream.ReferencePipeline$2$1.accept(ReferencePipeline.java:176)
	at java.base/java.util.concurrent.ConcurrentHashMap$ValueSpliterator.forEachRemaining(ConcurrentHashMap.java:3603)
	at java.base/java.util.stream.AbstractPipeline.copyInto(AbstractPipeline.java:484)
	at java.base/java.util.stream.AbstractPipeline.wrapAndCopyInto(AbstractPipeline.java:474)
	at java.base/java.util.stream.ForEachOps$ForEachOp.evaluateSequential(ForEachOps.java:150)
	at java.base/java.util.stream.ForEachOps$ForEachOp$OfRef.evaluateSequential(ForEachOps.java:173)
	at java.base/java.util.stream.AbstractPipeline.evaluate(AbstractPipeline.java:234)
	at java.base/java.util.stream.ReferencePipeline.forEach(ReferencePipeline.java:497)
	at org.junit.jupiter.engine.execution.ExtensionValuesStore.closeAllStoredCloseableValues(ExtensionValuesStore.java:68)
	at org.junit.jupiter.engine.descriptor.AbstractExtensionContext.close(AbstractExtensionContext.java:74)
	at org.junit.jupiter.engine.execution.JupiterEngineExecutionContext.close(JupiterEngineExecutionContext.java:53)
	at org.junit.jupiter.engine.descriptor.JupiterTestDescriptor.cleanUp(JupiterTestDescriptor.java:222)
	at org.junit.jupiter.engine.descriptor.JupiterTestDescriptor.cleanUp(JupiterTestDescriptor.java:57)
	at org.junit.platform.engine.support.hierarchical.NodeTestTask.lambda$cleanUp$9(NodeTestTask.java:155)
	at org.junit.platform.engine.support.hierarchical.ThrowableCollector.execute(ThrowableCollector.java:73)
	at org.junit.platform.engine.support.hierarchical.NodeTestTask.cleanUp(NodeTestTask.java:155)
	at org.junit.platform.engine.support.hierarchical.NodeTestTask.execute(NodeTestTask.java:87)
	at java.base/java.util.ArrayList.forEach(ArrayList.java:1541)
	at org.junit.platform.engine.support.hierarchical.SameThreadHierarchicalTestExecutorService.invokeAll(SameThreadHierarchicalTestExecutorService.java:38)
	at org.junit.platform.engine.support.hierarchical.NodeTestTask.lambda$executeRecursively$5(NodeTestTask.java:143)
	at org.junit.platform.engine.support.hierarchical.ThrowableCollector.execute(ThrowableCollector.java:73)
	at org.junit.platform.engine.support.hierarchical.NodeTestTask.lambda$executeRecursively$7(NodeTestTask.java:129)
	at org.junit.platform.engine.support.hierarchical.Node.around(Node.java:137)
	at org.junit.platform.engine.support.hierarchical.NodeTestTask.lambda$executeRecursively$8(NodeTestTask.java:127)
	at org.junit.platform.engine.support.hierarchical.ThrowableCollector.execute(ThrowableCollector.java:73)
	at org.junit.platform.engine.support.hierarchical.NodeTestTask.executeRecursively(NodeTestTask.java:126)
	at org.junit.platform.engine.support.hierarchical.NodeTestTask.execute(NodeTestTask.java:84)
	at org.junit.platform.engine.support.hierarchical.SameThreadHierarchicalTestExecutorService.submit(SameThreadHierarchicalTestExecutorService.java:32)
	at org.junit.platform.engine.support.hierarchical.HierarchicalTestExecutor.execute(HierarchicalTestExecutor.java:57)
	at org.junit.platform.engine.support.hierarchical.HierarchicalTestEngine.execute(HierarchicalTestEngine.java:51)
	at org.junit.platform.launcher.core.EngineExecutionOrchestrator.execute(EngineExecutionOrchestrator.java:108)
	at org.junit.platform.launcher.core.EngineExecutionOrchestrator.execute(EngineExecutionOrchestrator.java:88)
	at org.junit.platform.launcher.core.EngineExecutionOrchestrator.lambda$execute$0(EngineExecutionOrchestrator.java:54)
	at org.junit.platform.launcher.core.EngineExecutionOrchestrator.withInterceptedStreams(EngineExecutionOrchestrator.java:67)
	at org.junit.platform.launcher.core.EngineExecutionOrchestrator.execute(EngineExecutionOrchestrator.java:52)
	at org.junit.platform.launcher.core.DefaultLauncher.execute(DefaultLauncher.java:96)
	at org.junit.platform.launcher.core.DefaultLauncher.execute(DefaultLauncher.java:75)
	at org.apache.maven.surefire.junitplatform.JUnitPlatformProvider.invokeAllTests(JUnitPlatformProvider.java:154)
	at org.apache.maven.surefire.junitplatform.JUnitPlatformProvider.invoke(JUnitPlatformProvider.java:127)
	at org.apache.maven.surefire.booter.ForkedBooter.runSuitesInProcess(ForkedBooter.java:377)
	at org.apache.maven.surefire.booter.ForkedBooter.execute(ForkedBooter.java:138)
	at org.apache.maven.surefire.booter.ForkedBooter.run(ForkedBooter.java:465)
	at org.apache.maven.surefire.booter.ForkedBooter.main(ForkedBooter.java:451)
Caused by: org.testcontainers.containers.ContainerFetchException: Can't get Docker image: RemoteDockerImage(imageName=postgres:11, imagePullPolicy=DefaultPullPolicy())
	at org.testcontainers.containers.GenericContainer.getDockerImageName(GenericContainer.java:1279)
	at org.testcontainers.containers.GenericContainer.logger(GenericContainer.java:613)
	at org.testcontainers.containers.GenericContainer.doStart(GenericContainer.java:320)
	... 52 more
Caused by: java.lang.IllegalStateException: Previous attempts to find a Docker environment failed. Will not retry. Please see logs and check configuration
	at org.testcontainers.dockerclient.DockerClientProviderStrategy.getFirstValidStrategy(DockerClientProviderStrategy.java:83)
	at org.testcontainers.DockerClientFactory.getOrInitializeStrategy(DockerClientFactory.java:126)
	at org.testcontainers.DockerClientFactory.client(DockerClientFactory.java:147)
	at org.testcontainers.LazyDockerClient.getDockerClient(LazyDockerClient.java:14)
	at org.testcontainers.LazyDockerClient.inspectImageCmd(LazyDockerClient.java:12)
	at org.testcontainers.images.LocalImagesCache.refreshCache(LocalImagesCache.java:42)
	at org.testcontainers.images.AbstractImagePullPolicy.shouldPull(AbstractImagePullPolicy.java:24)
	at org.testcontainers.images.RemoteDockerImage.resolve(RemoteDockerImage.java:59)
	at org.testcontainers.images.RemoteDockerImage.resolve(RemoteDockerImage.java:26)
	at org.testcontainers.utility.LazyFuture.getResolvedValue(LazyFuture.java:20)
	at org.testcontainers.utility.LazyFuture.get(LazyFuture.java:27)
	at org.testcontainers.containers.GenericContainer.getDockerImageName(GenericContainer.java:1277)
	... 54 more

[INFO] Tests run: 0, Failures: 0, Errors: 0, Skipped: 0, Time elapsed: 0.002 s - in com.gruelbox.transactionoutbox.acceptance.TestPostgres11
[INFO] Running com.gruelbox.transactionoutbox.acceptance.TestMDC
18:24:22.738 [pool-12-thread-1] INFO  SESSION-KEY= c.g.t.TransactionOutbox - Processing com.gruelbox.transactionoutbox.acceptance.InterfaceProcessor.process(3, "Whee") [25c02e5c-9a54-46dc-b748-90ee6fb474f6]
18:24:22.739 [pool-12-thread-1] INFO  SESSION-KEY=Foo c.g.t.a.TestMDC - Processing (3, Whee)
18:24:22.739 [pool-12-thread-1] INFO  SESSION-KEY= c.g.t.TransactionOutbox - Processed com.gruelbox.transactionoutbox.acceptance.InterfaceProcessor.process(3, "Whee") [25c02e5c-9a54-46dc-b748-90ee6fb474f6]
[INFO] Tests run: 1, Failures: 0, Errors: 0, Skipped: 0, Time elapsed: 0.009 s - in com.gruelbox.transactionoutbox.acceptance.TestMDC
[INFO] Running com.gruelbox.transactionoutbox.TestDefaultInvocationSerializer
18:24:22.748 [main] WARN  SESSION-KEY= c.g.t.DefaultInvocationSerializer - Serializing as deprecated version 1
18:24:22.748 [main] INFO  SESSION-KEY= c.g.t.TestDefaultInvocationSerializer - Serialised as: {"c":"foo","m":"bar","p":[{"t":"Byte","v":1},{"t":"Short","v":2},{"t":"Integer","v":3},{"t":"Long","v":4},{"t":"Float","v":1.23},{"t":"Double","v":1.23},{"t":"Boolean","v":true},{"t":"Character","v":"-"},{"t":"String","v":"Foo"}]}
18:24:22.749 [main] WARN  SESSION-KEY= c.g.t.DefaultInvocationSerializer - Serializing as deprecated version 1
18:24:22.749 [main] INFO  SESSION-KEY= c.g.t.TestDefaultInvocationSerializer - Serialised as: {"c":"foo","m":"bar","p":[{"t":"Byte","v":1},{"t":"Short","v":2},{"t":"Integer","v":3},{"t":"Long","v":4},{"t":"Float","v":1.23},{"t":"Double","v":1.23},{"t":"Boolean","v":true},{"t":"Character","v":"-"},{"t":"String","v":"Foo"}]}
18:24:22.750 [main] WARN  SESSION-KEY= c.g.t.DefaultInvocationSerializer - Serializing as deprecated version 1
18:24:22.750 [main] INFO  SESSION-KEY= c.g.t.TestDefaultInvocationSerializer - Serialised as: {"c":"foo","m":"bar","p":[{"t":"byte","v":1},{"t":"short","v":2},{"t":"int","v":3},{"t":"long","v":4},{"t":"float","v":1.23},{"t":"double","v":1.23},{"t":"boolean","v":true},{"t":"char","v":"-"}]}
18:24:22.750 [main] WARN  SESSION-KEY= c.g.t.DefaultInvocationSerializer - Serializing as deprecated version 1
18:24:22.750 [main] INFO  SESSION-KEY= c.g.t.TestDefaultInvocationSerializer - Serialised as: {"c":"foo","m":"bar","p":[{"t":"byte","v":1},{"t":"short","v":2},{"t":"int","v":3},{"t":"long","v":4},{"t":"float","v":1.23},{"t":"double","v":1.23},{"t":"boolean","v":true},{"t":"char","v":"-"}]}
18:24:22.750 [main] WARN  SESSION-KEY= c.g.t.DefaultInvocationSerializer - Serializing as deprecated version 1
18:24:22.752 [main] INFO  SESSION-KEY= c.g.t.TestDefaultInvocationSerializer - Serialised as: {"c":"foo","m":"bar","p":[{"t":"Integer","v":1}],"x":{"B":"2","A":"1"}}
18:24:22.752 [main] WARN  SESSION-KEY= c.g.t.DefaultInvocationSerializer - Serializing as deprecated version 1
18:24:22.752 [main] INFO  SESSION-KEY= c.g.t.TestDefaultInvocationSerializer - Serialised as: {"c":"foo","m":"bar","p":[{"t":"Integer","v":1}],"x":{"B":"2","A":"1"}}
18:24:22.752 [main] WARN  SESSION-KEY= c.g.t.DefaultInvocationSerializer - Serializing as deprecated version 1
18:24:22.753 [main] INFO  SESSION-KEY= c.g.t.TestDefaultInvocationSerializer - Serialised as: {"c":"foo","m":"bar","p":[{"t":"DayOfWeek","v":"FRIDAY"},{"t":"Month","v":"APRIL"},{"t":"ChronoUnit","v":"DAYS"}]}
18:24:22.753 [main] WARN  SESSION-KEY= c.g.t.DefaultInvocationSerializer - Serializing as deprecated version 1
18:24:22.753 [main] INFO  SESSION-KEY= c.g.t.TestDefaultInvocationSerializer - Serialised as: {"c":"foo","m":"bar","p":[{"t":"DayOfWeek","v":"FRIDAY"},{"t":"Month","v":"APRIL"},{"t":"ChronoUnit","v":"DAYS"}]}
18:24:22.753 [main] WARN  SESSION-KEY= c.g.t.DefaultInvocationSerializer - Serializing as deprecated version 1
18:24:22.753 [main] INFO  SESSION-KEY= c.g.t.TestDefaultInvocationSerializer - Serialised as: {"c":"foo","m":"bar","p":[{"t":"Date","v":"2023-01-17T18:24:22.753Z"}]}
18:24:22.753 [main] WARN  SESSION-KEY= c.g.t.DefaultInvocationSerializer - Serializing as deprecated version 1
18:24:22.753 [main] INFO  SESSION-KEY= c.g.t.TestDefaultInvocationSerializer - Serialised as: {"c":"foo","m":"bar","p":[{"t":"Date","v":"2023-01-17T18:24:22.753Z"}]}
18:24:22.754 [main] WARN  SESSION-KEY= c.g.t.DefaultInvocationSerializer - Serializing as deprecated version 1
18:24:22.755 [main] INFO  SESSION-KEY= c.g.t.TestDefaultInvocationSerializer - Serialised as: {"c":"foo","m":"bar","p":[{"t":"com.gruelbox.transactionoutbox.TestDefaultInvocationSerializer$ExampleCustomClass","v":{"arg1":"Foo","arg2":"Bar"}},{"t":"com.gruelbox.transactionoutbox.TestDefaultInvocationSerializer$ExampleCustomClass","v":{"arg1":"Bish","arg2":"Bash"}}]}
18:24:22.755 [main] WARN  SESSION-KEY= c.g.t.DefaultInvocationSerializer - Serializing as deprecated version 1
18:24:22.755 [main] INFO  SESSION-KEY= c.g.t.TestDefaultInvocationSerializer - Serialised as: {"c":"foo","m":"bar","p":[{"t":"com.gruelbox.transactionoutbox.TestDefaultInvocationSerializer$ExampleCustomClass","v":{"arg1":"Foo","arg2":"Bar"}},{"t":"com.gruelbox.transactionoutbox.TestDefaultInvocationSerializer$ExampleCustomClass","v":{"arg1":"Bish","arg2":"Bash"}}]}
18:24:22.755 [main] WARN  SESSION-KEY= c.g.t.DefaultInvocationSerializer - Serializing as deprecated version 1
18:24:22.756 [main] INFO  SESSION-KEY= c.g.t.TestDefaultInvocationSerializer - Serialised as: {"c":"foo","m":"bar","p":[{"t":"[I","v":[1,2,3]}]}
18:24:22.756 [main] WARN  SESSION-KEY= c.g.t.DefaultInvocationSerializer - Serializing as deprecated version 1
18:24:22.756 [main] INFO  SESSION-KEY= c.g.t.TestDefaultInvocationSerializer - Serialised as: {"c":"foo","m":"bar","p":[{"t":"[I","v":[1,2,3]}]}
18:24:22.756 [main] WARN  SESSION-KEY= c.g.t.DefaultInvocationSerializer - Serializing as deprecated version 1
18:24:22.756 [main] INFO  SESSION-KEY= c.g.t.TestDefaultInvocationSerializer - Serialised as: {"c":"foo","m":"bar","p":[{"t":"[Ljava.lang.Integer;","v":[1,2,3]}]}
18:24:22.756 [main] WARN  SESSION-KEY= c.g.t.DefaultInvocationSerializer - Serializing as deprecated version 1
18:24:22.756 [main] INFO  SESSION-KEY= c.g.t.TestDefaultInvocationSerializer - Serialised as: {"c":"foo","m":"bar","p":[{"t":"[Ljava.lang.Integer;","v":[1,2,3]}]}
18:24:22.756 [main] WARN  SESSION-KEY= c.g.t.DefaultInvocationSerializer - Serializing as deprecated version 1
18:24:22.756 [main] INFO  SESSION-KEY= c.g.t.TestDefaultInvocationSerializer - Serialised as: {"c":"foo","m":"bar","p":[{"t":"[Ljava.lang.String;","v":["1","2","3"]}]}
18:24:22.756 [main] WARN  SESSION-KEY= c.g.t.DefaultInvocationSerializer - Serializing as deprecated version 1
18:24:22.756 [main] INFO  SESSION-KEY= c.g.t.TestDefaultInvocationSerializer - Serialised as: {"c":"foo","m":"bar","p":[{"t":"[Ljava.lang.String;","v":["1","2","3"]}]}
18:24:22.758 [main] WARN  SESSION-KEY= c.g.t.DefaultInvocationSerializer - Serializing as deprecated version 1
18:24:22.760 [main] INFO  SESSION-KEY= c.g.t.TestDefaultInvocationSerializer - Serialised as: {"c":"foo","m":"bar","p":[{"t":"Duration","v":{"seconds":86400,"nanos":0}},{"t":"Instant","v":{"seconds":1673979862,"nanos":757322000}},{"t":"LocalDate","v":{"year":2023,"month":1,"day":17}},{"t":"LocalDateTime","v":{"date":{"year":2023,"month":1,"day":17},"time":{"hour":18,"minute":24,"second":22,"nano":757364000}}},{"t":"MonthDay","v":{"month":1,"day":1}},{"t":"Period","v":{"years":0,"months":1,"days":0}},{"t":"Year","v":{"year":2023}},{"t":"YearMonth","v":{"year":2023,"month":1}}]}
18:24:22.760 [main] WARN  SESSION-KEY= c.g.t.DefaultInvocationSerializer - Serializing as deprecated version 1
18:24:22.760 [main] INFO  SESSION-KEY= c.g.t.TestDefaultInvocationSerializer - Serialised as: {"c":"foo","m":"bar","p":[{"t":"Duration","v":{"seconds":86400,"nanos":0}},{"t":"Instant","v":{"seconds":1673979862,"nanos":757322000}},{"t":"LocalDate","v":{"year":2023,"month":1,"day":17}},{"t":"LocalDateTime","v":{"date":{"year":2023,"month":1,"day":17},"time":{"hour":18,"minute":24,"second":22,"nano":757364000}}},{"t":"MonthDay","v":{"month":1,"day":1}},{"t":"Period","v":{"years":0,"months":1,"days":0}},{"t":"Year","v":{"year":2023}},{"t":"YearMonth","v":{"year":2023,"month":1}}]}
18:24:22.761 [main] WARN  SESSION-KEY= c.g.t.DefaultInvocationSerializer - Serializing as deprecated version 1
18:24:22.761 [main] INFO  SESSION-KEY= c.g.t.TestDefaultInvocationSerializer - Serialised as: {"c":"java.lang.String","m":"toString","p":[]}
18:24:22.761 [main] WARN  SESSION-KEY= c.g.t.DefaultInvocationSerializer - Serializing as deprecated version 1
18:24:22.761 [main] INFO  SESSION-KEY= c.g.t.TestDefaultInvocationSerializer - Serialised as: {"c":"java.lang.String","m":"toString","p":[]}
18:24:22.761 [main] WARN  SESSION-KEY= c.g.t.DefaultInvocationSerializer - Serializing as deprecated version 1
18:24:22.761 [main] INFO  SESSION-KEY= c.g.t.TestDefaultInvocationSerializer - Serialised as: {"c":"foo","m":"bar","p":[{"t":"com.gruelbox.transactionoutbox.TestDefaultInvocationSerializer$ExampleCustomEnum","v":"ONE"},{"t":"com.gruelbox.transactionoutbox.TestDefaultInvocationSerializer$ExampleCustomEnum","v":"TWO"}]}
18:24:22.761 [main] WARN  SESSION-KEY= c.g.t.DefaultInvocationSerializer - Serializing as deprecated version 1
18:24:22.761 [main] INFO  SESSION-KEY= c.g.t.TestDefaultInvocationSerializer - Serialised as: {"c":"foo","m":"bar","p":[{"t":"com.gruelbox.transactionoutbox.TestDefaultInvocationSerializer$ExampleCustomEnum","v":"ONE"},{"t":"com.gruelbox.transactionoutbox.TestDefaultInvocationSerializer$ExampleCustomEnum","v":"TWO"}]}
18:24:22.762 [main] INFO  SESSION-KEY= c.g.t.TestDefaultInvocationSerializer - Serialised as: {"c":"foo","m":"bar","p":["Byte","Short","Integer","Long","Float","Double","Boolean","Character","String"],"a":[{"t":"Byte","v":1},{"t":"Short","v":2},{"t":"Integer","v":3},{"t":"Long","v":4},{"t":"Float","v":1.23},{"t":"Double","v":1.23},{"t":"Boolean","v":true},{"t":"Character","v":"-"},{"t":"String","v":"Foo"}]}
18:24:22.762 [main] INFO  SESSION-KEY= c.g.t.TestDefaultInvocationSerializer - Serialised as: {"c":"foo","m":"bar","p":["Byte","Short","Integer","Long","Float","Double","Boolean","Character","String"],"a":[{"t":"Byte","v":1},{"t":"Short","v":2},{"t":"Integer","v":3},{"t":"Long","v":4},{"t":"Float","v":1.23},{"t":"Double","v":1.23},{"t":"Boolean","v":true},{"t":"Character","v":"-"},{"t":"String","v":"Foo"}]}
18:24:22.763 [main] INFO  SESSION-KEY= c.g.t.TestDefaultInvocationSerializer - Serialised as: {"c":"foo","m":"bar","p":["byte","short","int","long","float","double","boolean","char"],"a":[{"t":"Byte","v":1},{"t":"Short","v":2},{"t":"Integer","v":3},{"t":"Long","v":4},{"t":"Float","v":1.23},{"t":"Double","v":1.23},{"t":"Boolean","v":true},{"t":"Character","v":"-"}]}
18:24:22.763 [main] INFO  SESSION-KEY= c.g.t.TestDefaultInvocationSerializer - Serialised as: {"c":"foo","m":"bar","p":["byte","short","int","long","float","double","boolean","char"],"a":[{"t":"Byte","v":1},{"t":"Short","v":2},{"t":"Integer","v":3},{"t":"Long","v":4},{"t":"Float","v":1.23},{"t":"Double","v":1.23},{"t":"Boolean","v":true},{"t":"Character","v":"-"}]}
18:24:22.763 [main] INFO  SESSION-KEY= c.g.t.TestDefaultInvocationSerializer - Serialised as: {"c":"foo","m":"bar","p":["Integer"],"a":[{"t":"Integer","v":1}],"x":{"B":"2","A":"1"}}
18:24:22.772 [main] INFO  SESSION-KEY= c.g.t.TestDefaultInvocationSerializer - Serialised as: {"c":"foo","m":"bar","p":["Integer"],"a":[{"t":"Integer","v":1}],"x":{"B":"2","A":"1"}}
18:24:22.774 [main] INFO  SESSION-KEY= c.g.t.TestDefaultInvocationSerializer - Serialised as: {"c":"foo","m":"bar","p":["DayOfWeek","Month","ChronoUnit"],"a":[{"t":"DayOfWeek","v":"FRIDAY"},{"t":"Month","v":"APRIL"},{"t":"ChronoUnit","v":"DAYS"}]}
18:24:22.774 [main] INFO  SESSION-KEY= c.g.t.TestDefaultInvocationSerializer - Serialised as: {"c":"foo","m":"bar","p":["DayOfWeek","Month","ChronoUnit"],"a":[{"t":"DayOfWeek","v":"FRIDAY"},{"t":"Month","v":"APRIL"},{"t":"ChronoUnit","v":"DAYS"}]}
18:24:22.774 [main] INFO  SESSION-KEY= c.g.t.TestDefaultInvocationSerializer - Serialised as: {"c":"foo","m":"bar","p":["Date"],"a":[{"t":"Date","v":"2023-01-17T18:24:22.774Z"}]}
18:24:22.774 [main] INFO  SESSION-KEY= c.g.t.TestDefaultInvocationSerializer - Serialised as: {"c":"foo","m":"bar","p":["Date"],"a":[{"t":"Date","v":"2023-01-17T18:24:22.774Z"}]}
18:24:22.775 [main] INFO  SESSION-KEY= c.g.t.TestDefaultInvocationSerializer - Serialised as: {"c":"foo","m":"bar","p":["com.gruelbox.transactionoutbox.TestDefaultInvocationSerializer$ExampleCustomClass","com.gruelbox.transactionoutbox.TestDefaultInvocationSerializer$ExampleCustomClass"],"a":[{"t":"com.gruelbox.transactionoutbox.TestDefaultInvocationSerializer$ExampleCustomClass","v":{"arg1":"Foo","arg2":"Bar"}},{"t":"com.gruelbox.transactionoutbox.TestDefaultInvocationSerializer$ExampleCustomClass","v":{"arg1":"Bish","arg2":"Bash"}}]}
18:24:22.775 [main] INFO  SESSION-KEY= c.g.t.TestDefaultInvocationSerializer - Serialised as: {"c":"foo","m":"bar","p":["com.gruelbox.transactionoutbox.TestDefaultInvocationSerializer$ExampleCustomClass","com.gruelbox.transactionoutbox.TestDefaultInvocationSerializer$ExampleCustomClass"],"a":[{"t":"com.gruelbox.transactionoutbox.TestDefaultInvocationSerializer$ExampleCustomClass","v":{"arg1":"Foo","arg2":"Bar"}},{"t":"com.gruelbox.transactionoutbox.TestDefaultInvocationSerializer$ExampleCustomClass","v":{"arg1":"Bish","arg2":"Bash"}}]}
18:24:22.775 [main] INFO  SESSION-KEY= c.g.t.TestDefaultInvocationSerializer - Serialised as: {"c":"foo","m":"bar","p":["[I"],"a":[{"t":"[I","v":[1,2,3]}]}
18:24:22.775 [main] INFO  SESSION-KEY= c.g.t.TestDefaultInvocationSerializer - Serialised as: {"c":"foo","m":"bar","p":["[I"],"a":[{"t":"[I","v":[1,2,3]}]}
18:24:22.775 [main] INFO  SESSION-KEY= c.g.t.TestDefaultInvocationSerializer - Serialised as: {"c":"foo","m":"bar","p":["[Ljava.lang.Integer;"],"a":[{"t":"[Ljava.lang.Integer;","v":[1,2,3]}]}
18:24:22.775 [main] INFO  SESSION-KEY= c.g.t.TestDefaultInvocationSerializer - Serialised as: {"c":"foo","m":"bar","p":["[Ljava.lang.Integer;"],"a":[{"t":"[Ljava.lang.Integer;","v":[1,2,3]}]}
18:24:22.775 [main] INFO  SESSION-KEY= c.g.t.TestDefaultInvocationSerializer - Serialised as: {"c":"foo","m":"bar","p":["[Ljava.lang.String;"],"a":[{"t":"[Ljava.lang.String;","v":["1","2","3"]}]}
18:24:22.775 [main] INFO  SESSION-KEY= c.g.t.TestDefaultInvocationSerializer - Serialised as: {"c":"foo","m":"bar","p":["[Ljava.lang.String;"],"a":[{"t":"[Ljava.lang.String;","v":["1","2","3"]}]}
18:24:22.776 [main] INFO  SESSION-KEY= c.g.t.TestDefaultInvocationSerializer - Serialised as: {"c":"foo","m":"bar","p":["Duration","Instant","LocalDate","LocalDateTime","MonthDay","Period","Year","YearMonth"],"a":[{"t":"Duration","v":{"seconds":86400,"nanos":0}},{"t":"Instant","v":{"seconds":1673979862,"nanos":776131000}},{"t":"LocalDate","v":{"year":2023,"month":1,"day":17}},{"t":"LocalDateTime","v":{"date":{"year":2023,"month":1,"day":17},"time":{"hour":18,"minute":24,"second":22,"nano":776144000}}},{"t":"MonthDay","v":{"month":1,"day":1}},{"t":"Period","v":{"years":0,"months":1,"days":0}},{"t":"Year","v":{"year":2023}},{"t":"YearMonth","v":{"year":2023,"month":1}}]}
18:24:22.777 [main] INFO  SESSION-KEY= c.g.t.TestDefaultInvocationSerializer - Serialised as: {"c":"foo","m":"bar","p":["Duration","Instant","LocalDate","LocalDateTime","MonthDay","Period","Year","YearMonth"],"a":[{"t":"Duration","v":{"seconds":86400,"nanos":0}},{"t":"Instant","v":{"seconds":1673979862,"nanos":776131000}},{"t":"LocalDate","v":{"year":2023,"month":1,"day":17}},{"t":"LocalDateTime","v":{"date":{"year":2023,"month":1,"day":17},"time":{"hour":18,"minute":24,"second":22,"nano":776144000}}},{"t":"MonthDay","v":{"month":1,"day":1}},{"t":"Period","v":{"years":0,"months":1,"days":0}},{"t":"Year","v":{"year":2023}},{"t":"YearMonth","v":{"year":2023,"month":1}}]}
18:24:22.777 [main] INFO  SESSION-KEY= c.g.t.TestDefaultInvocationSerializer - Serialised as: {"c":"java.lang.String","m":"toString","p":[],"a":[]}
18:24:22.777 [main] INFO  SESSION-KEY= c.g.t.TestDefaultInvocationSerializer - Serialised as: {"c":"java.lang.String","m":"toString","p":[],"a":[]}
18:24:22.777 [main] INFO  SESSION-KEY= c.g.t.TestDefaultInvocationSerializer - Serialised as: {"c":"foo","m":"bar","p":["com.gruelbox.transactionoutbox.TestDefaultInvocationSerializer$ExampleCustomEnum","com.gruelbox.transactionoutbox.TestDefaultInvocationSerializer$ExampleCustomEnum"],"a":[{"t":"com.gruelbox.transactionoutbox.TestDefaultInvocationSerializer$ExampleCustomEnum","v":"ONE"},{"t":"com.gruelbox.transactionoutbox.TestDefaultInvocationSerializer$ExampleCustomEnum","v":"TWO"}]}
18:24:22.777 [main] INFO  SESSION-KEY= c.g.t.TestDefaultInvocationSerializer - Serialised as: {"c":"foo","m":"bar","p":["com.gruelbox.transactionoutbox.TestDefaultInvocationSerializer$ExampleCustomEnum","com.gruelbox.transactionoutbox.TestDefaultInvocationSerializer$ExampleCustomEnum"],"a":[{"t":"com.gruelbox.transactionoutbox.TestDefaultInvocationSerializer$ExampleCustomEnum","v":"ONE"},{"t":"com.gruelbox.transactionoutbox.TestDefaultInvocationSerializer$ExampleCustomEnum","v":"TWO"}]}
18:24:22.778 [main] INFO  SESSION-KEY= c.g.t.TestDefaultInvocationSerializer - Serialised as: {"c":"foo","m":"bar","p":["Byte","Short","Integer","Long","Float","Double","Boolean","Character","String"],"a":[{"t":"Byte","v":1},{"t":"Short","v":2},{"t":"Integer","v":3},{"t":"Long","v":4},{"t":"Float","v":1.23},{"t":"Double","v":1.23},{"t":"Boolean","v":true},{"t":"Character","v":"-"},{"t":"String","v":"Foo"}]}
18:24:22.778 [main] INFO  SESSION-KEY= c.g.t.TestDefaultInvocationSerializer - Serialised as: {"c":"foo","m":"bar","p":["Byte","Short","Integer","Long","Float","Double","Boolean","Character","String"],"a":[{"t":"Byte","v":1},{"t":"Short","v":2},{"t":"Integer","v":3},{"t":"Long","v":4},{"t":"Float","v":1.23},{"t":"Double","v":1.23},{"t":"Boolean","v":true},{"t":"Character","v":"-"},{"t":"String","v":"Foo"}]}
18:24:22.779 [main] INFO  SESSION-KEY= c.g.t.TestDefaultInvocationSerializer - Serialised as: {"c":"foo","m":"bar","p":["byte","short","int","long","float","double","boolean","char"],"a":[{"t":"Byte","v":1},{"t":"Short","v":2},{"t":"Integer","v":3},{"t":"Long","v":4},{"t":"Float","v":1.23},{"t":"Double","v":1.23},{"t":"Boolean","v":true},{"t":"Character","v":"-"}]}
18:24:22.779 [main] INFO  SESSION-KEY= c.g.t.TestDefaultInvocationSerializer - Serialised as: {"c":"foo","m":"bar","p":["byte","short","int","long","float","double","boolean","char"],"a":[{"t":"Byte","v":1},{"t":"Short","v":2},{"t":"Integer","v":3},{"t":"Long","v":4},{"t":"Float","v":1.23},{"t":"Double","v":1.23},{"t":"Boolean","v":true},{"t":"Character","v":"-"}]}
18:24:22.779 [main] INFO  SESSION-KEY= c.g.t.TestDefaultInvocationSerializer - Serialised as: {"c":"foo","m":"bar","p":["Integer"],"a":[{"t":"Integer","v":1}],"x":{"B":"2","A":"1"}}
18:24:22.779 [main] INFO  SESSION-KEY= c.g.t.TestDefaultInvocationSerializer - Serialised as: {"c":"foo","m":"bar","p":["Integer"],"a":[{"t":"Integer","v":1}],"x":{"B":"2","A":"1"}}
18:24:22.780 [main] INFO  SESSION-KEY= c.g.t.TestDefaultInvocationSerializer - Serialised as: {"c":"foo","m":"bar","p":["DayOfWeek","Month","ChronoUnit"],"a":[{"t":"DayOfWeek","v":"FRIDAY"},{"t":"Month","v":"APRIL"},{"t":"ChronoUnit","v":"DAYS"}]}
18:24:22.780 [main] INFO  SESSION-KEY= c.g.t.TestDefaultInvocationSerializer - Serialised as: {"c":"foo","m":"bar","p":["DayOfWeek","Month","ChronoUnit"],"a":[{"t":"DayOfWeek","v":"FRIDAY"},{"t":"Month","v":"APRIL"},{"t":"ChronoUnit","v":"DAYS"}]}
18:24:22.780 [main] INFO  SESSION-KEY= c.g.t.TestDefaultInvocationSerializer - Serialised as: {"c":"foo","m":"bar","p":["Date"],"a":[{"t":"Date","v":"2023-01-17T18:24:22.780Z"}]}
18:24:22.780 [main] INFO  SESSION-KEY= c.g.t.TestDefaultInvocationSerializer - Serialised as: {"c":"foo","m":"bar","p":["Date"],"a":[{"t":"Date","v":"2023-01-17T18:24:22.780Z"}]}
18:24:22.780 [main] INFO  SESSION-KEY= c.g.t.TestDefaultInvocationSerializer - Serialised as: {"c":"foo","m":"bar","p":["com.gruelbox.transactionoutbox.TestDefaultInvocationSerializer$ExampleCustomClass","com.gruelbox.transactionoutbox.TestDefaultInvocationSerializer$ExampleCustomClass"],"a":[{"t":"com.gruelbox.transactionoutbox.TestDefaultInvocationSerializer$ExampleCustomClass","v":{"arg1":"Foo","arg2":"Bar"}},{"t":"com.gruelbox.transactionoutbox.TestDefaultInvocationSerializer$ExampleCustomClass","v":{"arg1":"Bish","arg2":"Bash"}}]}
18:24:22.781 [main] INFO  SESSION-KEY= c.g.t.TestDefaultInvocationSerializer - Serialised as: {"c":"foo","m":"bar","p":["com.gruelbox.transactionoutbox.TestDefaultInvocationSerializer$ExampleCustomClass","com.gruelbox.transactionoutbox.TestDefaultInvocationSerializer$ExampleCustomClass"],"a":[{"t":"com.gruelbox.transactionoutbox.TestDefaultInvocationSerializer$ExampleCustomClass","v":{"arg1":"Foo","arg2":"Bar"}},{"t":"com.gruelbox.transactionoutbox.TestDefaultInvocationSerializer$ExampleCustomClass","v":{"arg1":"Bish","arg2":"Bash"}}]}
18:24:22.781 [main] INFO  SESSION-KEY= c.g.t.TestDefaultInvocationSerializer - Serialised as: {"c":"foo","m":"bar","p":["[I"],"a":[{"t":"[I","v":[1,2,3]}]}
18:24:22.781 [main] INFO  SESSION-KEY= c.g.t.TestDefaultInvocationSerializer - Serialised as: {"c":"foo","m":"bar","p":["[I"],"a":[{"t":"[I","v":[1,2,3]}]}
18:24:22.781 [main] INFO  SESSION-KEY= c.g.t.TestDefaultInvocationSerializer - Serialised as: {"c":"foo","m":"bar","p":["[Ljava.lang.Integer;"],"a":[{"t":"[Ljava.lang.Integer;","v":[1,2,3]}]}
18:24:22.781 [main] INFO  SESSION-KEY= c.g.t.TestDefaultInvocationSerializer - Serialised as: {"c":"foo","m":"bar","p":["[Ljava.lang.Integer;"],"a":[{"t":"[Ljava.lang.Integer;","v":[1,2,3]}]}
18:24:22.781 [main] INFO  SESSION-KEY= c.g.t.TestDefaultInvocationSerializer - Serialised as: {"c":"foo","m":"bar","p":["[Ljava.lang.String;"],"a":[{"t":"[Ljava.lang.String;","v":["1","2","3"]}]}
18:24:22.781 [main] INFO  SESSION-KEY= c.g.t.TestDefaultInvocationSerializer - Serialised as: {"c":"foo","m":"bar","p":["[Ljava.lang.String;"],"a":[{"t":"[Ljava.lang.String;","v":["1","2","3"]}]}
18:24:22.782 [main] INFO  SESSION-KEY= c.g.t.TestDefaultInvocationSerializer - Serialised as: {"c":"foo","m":"bar","p":["Duration","Instant","LocalDate","LocalDateTime","MonthDay","Period","Year","YearMonth"],"a":[{"t":"Duration","v":{"seconds":86400,"nanos":0}},{"t":"Instant","v":{"seconds":1673979862,"nanos":781967000}},{"t":"LocalDate","v":{"year":2023,"month":1,"day":17}},{"t":"LocalDateTime","v":{"date":{"year":2023,"month":1,"day":17},"time":{"hour":18,"minute":24,"second":22,"nano":781977000}}},{"t":"MonthDay","v":{"month":1,"day":1}},{"t":"Period","v":{"years":0,"months":1,"days":0}},{"t":"Year","v":{"year":2023}},{"t":"YearMonth","v":{"year":2023,"month":1}}]}
18:24:22.782 [main] INFO  SESSION-KEY= c.g.t.TestDefaultInvocationSerializer - Serialised as: {"c":"foo","m":"bar","p":["Duration","Instant","LocalDate","LocalDateTime","MonthDay","Period","Year","YearMonth"],"a":[{"t":"Duration","v":{"seconds":86400,"nanos":0}},{"t":"Instant","v":{"seconds":1673979862,"nanos":781967000}},{"t":"LocalDate","v":{"year":2023,"month":1,"day":17}},{"t":"LocalDateTime","v":{"date":{"year":2023,"month":1,"day":17},"time":{"hour":18,"minute":24,"second":22,"nano":781977000}}},{"t":"MonthDay","v":{"month":1,"day":1}},{"t":"Period","v":{"years":0,"months":1,"days":0}},{"t":"Year","v":{"year":2023}},{"t":"YearMonth","v":{"year":2023,"month":1}}]}
18:24:22.783 [main] INFO  SESSION-KEY= c.g.t.TestDefaultInvocationSerializer - Serialised as: {"c":"java.lang.String","m":"toString","p":[],"a":[]}
18:24:22.783 [main] INFO  SESSION-KEY= c.g.t.TestDefaultInvocationSerializer - Serialised as: {"c":"java.lang.String","m":"toString","p":[],"a":[]}
18:24:22.783 [main] INFO  SESSION-KEY= c.g.t.TestDefaultInvocationSerializer - Serialised as: {"c":"foo","m":"bar","p":["com.gruelbox.transactionoutbox.TestDefaultInvocationSerializer$ExampleCustomEnum","com.gruelbox.transactionoutbox.TestDefaultInvocationSerializer$ExampleCustomEnum"],"a":[{"t":"com.gruelbox.transactionoutbox.TestDefaultInvocationSerializer$ExampleCustomEnum","v":"ONE"},{"t":"com.gruelbox.transactionoutbox.TestDefaultInvocationSerializer$ExampleCustomEnum","v":"TWO"}]}
18:24:22.783 [main] INFO  SESSION-KEY= c.g.t.TestDefaultInvocationSerializer - Serialised as: {"c":"foo","m":"bar","p":["com.gruelbox.transactionoutbox.TestDefaultInvocationSerializer$ExampleCustomEnum","com.gruelbox.transactionoutbox.TestDefaultInvocationSerializer$ExampleCustomEnum"],"a":[{"t":"com.gruelbox.transactionoutbox.TestDefaultInvocationSerializer$ExampleCustomEnum","v":"ONE"},{"t":"com.gruelbox.transactionoutbox.TestDefaultInvocationSerializer$ExampleCustomEnum","v":"TWO"}]}
[INFO] Tests run: 30, Failures: 0, Errors: 0, Skipped: 0, Time elapsed: 0.043 s - in com.gruelbox.transactionoutbox.TestDefaultInvocationSerializer
[INFO] Running com.gruelbox.transactionoutbox.TestProxyGeneration
[INFO] Tests run: 3, Failures: 0, Errors: 0, Skipped: 0, Time elapsed: 0.007 s - in com.gruelbox.transactionoutbox.TestProxyGeneration
[INFO] Running com.gruelbox.transactionoutbox.TestDefaultPersistorMySql5
Jan 17, 2023 6:24:22 PM org.junit.jupiter.engine.execution.JupiterEngineExecutionContext close
SEVERE: Caught exception while closing extension context: org.junit.jupiter.engine.descriptor.ClassExtensionContext@7a583586
org.testcontainers.containers.ContainerLaunchException: Container startup failed
	at org.testcontainers.containers.GenericContainer.doStart(GenericContainer.java:330)
	at org.testcontainers.containers.GenericContainer.start(GenericContainer.java:311)
	at org.testcontainers.junit.jupiter.TestcontainersExtension$StoreAdapter.start(TestcontainersExtension.java:242)
	at org.testcontainers.junit.jupiter.TestcontainersExtension$StoreAdapter.access$200(TestcontainersExtension.java:229)
	at org.testcontainers.junit.jupiter.TestcontainersExtension.lambda$null$1(TestcontainersExtension.java:59)
	at org.junit.jupiter.engine.execution.ExtensionValuesStore.lambda$getOrComputeIfAbsent$4(ExtensionValuesStore.java:86)
	at org.junit.jupiter.engine.execution.ExtensionValuesStore$MemoizingSupplier.get(ExtensionValuesStore.java:205)
	at org.junit.jupiter.engine.execution.ExtensionValuesStore$StoredValue.evaluate(ExtensionValuesStore.java:182)
	at org.junit.jupiter.engine.execution.ExtensionValuesStore$StoredValue.access$100(ExtensionValuesStore.java:171)
	at org.junit.jupiter.engine.execution.ExtensionValuesStore.lambda$closeAllStoredCloseableValues$1(ExtensionValuesStore.java:65)
	at java.base/java.util.stream.ReferencePipeline$2$1.accept(ReferencePipeline.java:176)
	at java.base/java.util.concurrent.ConcurrentHashMap$ValueSpliterator.forEachRemaining(ConcurrentHashMap.java:3603)
	at java.base/java.util.stream.AbstractPipeline.copyInto(AbstractPipeline.java:484)
	at java.base/java.util.stream.AbstractPipeline.wrapAndCopyInto(AbstractPipeline.java:474)
	at java.base/java.util.stream.ForEachOps$ForEachOp.evaluateSequential(ForEachOps.java:150)
	at java.base/java.util.stream.ForEachOps$ForEachOp$OfRef.evaluateSequential(ForEachOps.java:173)
	at java.base/java.util.stream.AbstractPipeline.evaluate(AbstractPipeline.java:234)
	at java.base/java.util.stream.ReferencePipeline.forEach(ReferencePipeline.java:497)
	at org.junit.jupiter.engine.execution.ExtensionValuesStore.closeAllStoredCloseableValues(ExtensionValuesStore.java:68)
	at org.junit.jupiter.engine.descriptor.AbstractExtensionContext.close(AbstractExtensionContext.java:74)
	at org.junit.jupiter.engine.execution.JupiterEngineExecutionContext.close(JupiterEngineExecutionContext.java:53)
	at org.junit.jupiter.engine.descriptor.JupiterTestDescriptor.cleanUp(JupiterTestDescriptor.java:222)
	at org.junit.jupiter.engine.descriptor.JupiterTestDescriptor.cleanUp(JupiterTestDescriptor.java:57)
	at org.junit.platform.engine.support.hierarchical.NodeTestTask.lambda$cleanUp$9(NodeTestTask.java:155)
	at org.junit.platform.engine.support.hierarchical.ThrowableCollector.execute(ThrowableCollector.java:73)
	at org.junit.platform.engine.support.hierarchical.NodeTestTask.cleanUp(NodeTestTask.java:155)
	at org.junit.platform.engine.support.hierarchical.NodeTestTask.execute(NodeTestTask.java:87)
	at java.base/java.util.ArrayList.forEach(ArrayList.java:1541)
	at org.junit.platform.engine.support.hierarchical.SameThreadHierarchicalTestExecutorService.invokeAll(SameThreadHierarchicalTestExecutorService.java:38)
	at org.junit.platform.engine.support.hierarchical.NodeTestTask.lambda$executeRecursively$5(NodeTestTask.java:143)
	at org.junit.platform.engine.support.hierarchical.ThrowableCollector.execute(ThrowableCollector.java:73)
	at org.junit.platform.engine.support.hierarchical.NodeTestTask.lambda$executeRecursively$7(NodeTestTask.java:129)
	at org.junit.platform.engine.support.hierarchical.Node.around(Node.java:137)
	at org.junit.platform.engine.support.hierarchical.NodeTestTask.lambda$executeRecursively$8(NodeTestTask.java:127)
	at org.junit.platform.engine.support.hierarchical.ThrowableCollector.execute(ThrowableCollector.java:73)
	at org.junit.platform.engine.support.hierarchical.NodeTestTask.executeRecursively(NodeTestTask.java:126)
	at org.junit.platform.engine.support.hierarchical.NodeTestTask.execute(NodeTestTask.java:84)
	at org.junit.platform.engine.support.hierarchical.SameThreadHierarchicalTestExecutorService.submit(SameThreadHierarchicalTestExecutorService.java:32)
	at org.junit.platform.engine.support.hierarchical.HierarchicalTestExecutor.execute(HierarchicalTestExecutor.java:57)
	at org.junit.platform.engine.support.hierarchical.HierarchicalTestEngine.execute(HierarchicalTestEngine.java:51)
	at org.junit.platform.launcher.core.EngineExecutionOrchestrator.execute(EngineExecutionOrchestrator.java:108)
	at org.junit.platform.launcher.core.EngineExecutionOrchestrator.execute(EngineExecutionOrchestrator.java:88)
	at org.junit.platform.launcher.core.EngineExecutionOrchestrator.lambda$execute$0(EngineExecutionOrchestrator.java:54)
	at org.junit.platform.launcher.core.EngineExecutionOrchestrator.withInterceptedStreams(EngineExecutionOrchestrator.java:67)
	at org.junit.platform.launcher.core.EngineExecutionOrchestrator.execute(EngineExecutionOrchestrator.java:52)
	at org.junit.platform.launcher.core.DefaultLauncher.execute(DefaultLauncher.java:96)
	at org.junit.platform.launcher.core.DefaultLauncher.execute(DefaultLauncher.java:75)
	at org.apache.maven.surefire.junitplatform.JUnitPlatformProvider.invokeAllTests(JUnitPlatformProvider.java:154)
	at org.apache.maven.surefire.junitplatform.JUnitPlatformProvider.invoke(JUnitPlatformProvider.java:127)
	at org.apache.maven.surefire.booter.ForkedBooter.runSuitesInProcess(ForkedBooter.java:377)
	at org.apache.maven.surefire.booter.ForkedBooter.execute(ForkedBooter.java:138)
	at org.apache.maven.surefire.booter.ForkedBooter.run(ForkedBooter.java:465)
	at org.apache.maven.surefire.booter.ForkedBooter.main(ForkedBooter.java:451)
Caused by: org.testcontainers.containers.ContainerFetchException: Can't get Docker image: RemoteDockerImage(imageName=mysql:5, imagePullPolicy=DefaultPullPolicy())
	at org.testcontainers.containers.GenericContainer.getDockerImageName(GenericContainer.java:1279)
	at org.testcontainers.containers.GenericContainer.logger(GenericContainer.java:613)
	at org.testcontainers.containers.GenericContainer.doStart(GenericContainer.java:320)
	... 52 more
Caused by: java.lang.IllegalStateException: Previous attempts to find a Docker environment failed. Will not retry. Please see logs and check configuration
	at org.testcontainers.dockerclient.DockerClientProviderStrategy.getFirstValidStrategy(DockerClientProviderStrategy.java:83)
	at org.testcontainers.DockerClientFactory.getOrInitializeStrategy(DockerClientFactory.java:126)
	at org.testcontainers.DockerClientFactory.client(DockerClientFactory.java:147)
	at org.testcontainers.LazyDockerClient.getDockerClient(LazyDockerClient.java:14)
	at org.testcontainers.LazyDockerClient.inspectImageCmd(LazyDockerClient.java:12)
	at org.testcontainers.images.LocalImagesCache.refreshCache(LocalImagesCache.java:42)
	at org.testcontainers.images.AbstractImagePullPolicy.shouldPull(AbstractImagePullPolicy.java:24)
	at org.testcontainers.images.RemoteDockerImage.resolve(RemoteDockerImage.java:59)
	at org.testcontainers.images.RemoteDockerImage.resolve(RemoteDockerImage.java:26)
	at org.testcontainers.utility.LazyFuture.getResolvedValue(LazyFuture.java:20)
	at org.testcontainers.utility.LazyFuture.get(LazyFuture.java:27)
	at org.testcontainers.containers.GenericContainer.getDockerImageName(GenericContainer.java:1277)
	... 54 more

[INFO] Tests run: 0, Failures: 0, Errors: 0, Skipped: 0, Time elapsed: 0.002 s - in com.gruelbox.transactionoutbox.TestDefaultPersistorMySql5
[INFO] Running com.gruelbox.transactionoutbox.TestDefaultPersistorPostgres10
Jan 17, 2023 6:24:22 PM org.junit.jupiter.engine.execution.JupiterEngineExecutionContext close
SEVERE: Caught exception while closing extension context: org.junit.jupiter.engine.descriptor.ClassExtensionContext@2a4f5433
org.testcontainers.containers.ContainerLaunchException: Container startup failed
	at org.testcontainers.containers.GenericContainer.doStart(GenericContainer.java:330)
	at org.testcontainers.containers.GenericContainer.start(GenericContainer.java:311)
	at org.testcontainers.junit.jupiter.TestcontainersExtension$StoreAdapter.start(TestcontainersExtension.java:242)
	at org.testcontainers.junit.jupiter.TestcontainersExtension$StoreAdapter.access$200(TestcontainersExtension.java:229)
	at org.testcontainers.junit.jupiter.TestcontainersExtension.lambda$null$1(TestcontainersExtension.java:59)
	at org.junit.jupiter.engine.execution.ExtensionValuesStore.lambda$getOrComputeIfAbsent$4(ExtensionValuesStore.java:86)
	at org.junit.jupiter.engine.execution.ExtensionValuesStore$MemoizingSupplier.get(ExtensionValuesStore.java:205)
	at org.junit.jupiter.engine.execution.ExtensionValuesStore$StoredValue.evaluate(ExtensionValuesStore.java:182)
	at org.junit.jupiter.engine.execution.ExtensionValuesStore$StoredValue.access$100(ExtensionValuesStore.java:171)
	at org.junit.jupiter.engine.execution.ExtensionValuesStore.lambda$closeAllStoredCloseableValues$1(ExtensionValuesStore.java:65)
	at java.base/java.util.stream.ReferencePipeline$2$1.accept(ReferencePipeline.java:176)
	at java.base/java.util.concurrent.ConcurrentHashMap$ValueSpliterator.forEachRemaining(ConcurrentHashMap.java:3603)
	at java.base/java.util.stream.AbstractPipeline.copyInto(AbstractPipeline.java:484)
	at java.base/java.util.stream.AbstractPipeline.wrapAndCopyInto(AbstractPipeline.java:474)
	at java.base/java.util.stream.ForEachOps$ForEachOp.evaluateSequential(ForEachOps.java:150)
	at java.base/java.util.stream.ForEachOps$ForEachOp$OfRef.evaluateSequential(ForEachOps.java:173)
	at java.base/java.util.stream.AbstractPipeline.evaluate(AbstractPipeline.java:234)
	at java.base/java.util.stream.ReferencePipeline.forEach(ReferencePipeline.java:497)
	at org.junit.jupiter.engine.execution.ExtensionValuesStore.closeAllStoredCloseableValues(ExtensionValuesStore.java:68)
	at org.junit.jupiter.engine.descriptor.AbstractExtensionContext.close(AbstractExtensionContext.java:74)
	at org.junit.jupiter.engine.execution.JupiterEngineExecutionContext.close(JupiterEngineExecutionContext.java:53)
	at org.junit.jupiter.engine.descriptor.JupiterTestDescriptor.cleanUp(JupiterTestDescriptor.java:222)
	at org.junit.jupiter.engine.descriptor.JupiterTestDescriptor.cleanUp(JupiterTestDescriptor.java:57)
	at org.junit.platform.engine.support.hierarchical.NodeTestTask.lambda$cleanUp$9(NodeTestTask.java:155)
	at org.junit.platform.engine.support.hierarchical.ThrowableCollector.execute(ThrowableCollector.java:73)
	at org.junit.platform.engine.support.hierarchical.NodeTestTask.cleanUp(NodeTestTask.java:155)
	at org.junit.platform.engine.support.hierarchical.NodeTestTask.execute(NodeTestTask.java:87)
	at java.base/java.util.ArrayList.forEach(ArrayList.java:1541)
	at org.junit.platform.engine.support.hierarchical.SameThreadHierarchicalTestExecutorService.invokeAll(SameThreadHierarchicalTestExecutorService.java:38)
	at org.junit.platform.engine.support.hierarchical.NodeTestTask.lambda$executeRecursively$5(NodeTestTask.java:143)
	at org.junit.platform.engine.support.hierarchical.ThrowableCollector.execute(ThrowableCollector.java:73)
	at org.junit.platform.engine.support.hierarchical.NodeTestTask.lambda$executeRecursively$7(NodeTestTask.java:129)
	at org.junit.platform.engine.support.hierarchical.Node.around(Node.java:137)
	at org.junit.platform.engine.support.hierarchical.NodeTestTask.lambda$executeRecursively$8(NodeTestTask.java:127)
	at org.junit.platform.engine.support.hierarchical.ThrowableCollector.execute(ThrowableCollector.java:73)
	at org.junit.platform.engine.support.hierarchical.NodeTestTask.executeRecursively(NodeTestTask.java:126)
	at org.junit.platform.engine.support.hierarchical.NodeTestTask.execute(NodeTestTask.java:84)
	at org.junit.platform.engine.support.hierarchical.SameThreadHierarchicalTestExecutorService.submit(SameThreadHierarchicalTestExecutorService.java:32)
	at org.junit.platform.engine.support.hierarchical.HierarchicalTestExecutor.execute(HierarchicalTestExecutor.java:57)
	at org.junit.platform.engine.support.hierarchical.HierarchicalTestEngine.execute(HierarchicalTestEngine.java:51)
	at org.junit.platform.launcher.core.EngineExecutionOrchestrator.execute(EngineExecutionOrchestrator.java:108)
	at org.junit.platform.launcher.core.EngineExecutionOrchestrator.execute(EngineExecutionOrchestrator.java:88)
	at org.junit.platform.launcher.core.EngineExecutionOrchestrator.lambda$execute$0(EngineExecutionOrchestrator.java:54)
	at org.junit.platform.launcher.core.EngineExecutionOrchestrator.withInterceptedStreams(EngineExecutionOrchestrator.java:67)
	at org.junit.platform.launcher.core.EngineExecutionOrchestrator.execute(EngineExecutionOrchestrator.java:52)
	at org.junit.platform.launcher.core.DefaultLauncher.execute(DefaultLauncher.java:96)
	at org.junit.platform.launcher.core.DefaultLauncher.execute(DefaultLauncher.java:75)
	at org.apache.maven.surefire.junitplatform.JUnitPlatformProvider.invokeAllTests(JUnitPlatformProvider.java:154)
	at org.apache.maven.surefire.junitplatform.JUnitPlatformProvider.invoke(JUnitPlatformProvider.java:127)
	at org.apache.maven.surefire.booter.ForkedBooter.runSuitesInProcess(ForkedBooter.java:377)
	at org.apache.maven.surefire.booter.ForkedBooter.execute(ForkedBooter.java:138)
	at org.apache.maven.surefire.booter.ForkedBooter.run(ForkedBooter.java:465)
	at org.apache.maven.surefire.booter.ForkedBooter.main(ForkedBooter.java:451)
Caused by: org.testcontainers.containers.ContainerFetchException: Can't get Docker image: RemoteDockerImage(imageName=postgres:10, imagePullPolicy=DefaultPullPolicy())
	at org.testcontainers.containers.GenericContainer.getDockerImageName(GenericContainer.java:1279)
	at org.testcontainers.containers.GenericContainer.logger(GenericContainer.java:613)
	at org.testcontainers.containers.GenericContainer.doStart(GenericContainer.java:320)
	... 52 more
Caused by: java.lang.IllegalStateException: Previous attempts to find a Docker environment failed. Will not retry. Please see logs and check configuration
	at org.testcontainers.dockerclient.DockerClientProviderStrategy.getFirstValidStrategy(DockerClientProviderStrategy.java:83)
	at org.testcontainers.DockerClientFactory.getOrInitializeStrategy(DockerClientFactory.java:126)
	at org.testcontainers.DockerClientFactory.client(DockerClientFactory.java:147)
	at org.testcontainers.LazyDockerClient.getDockerClient(LazyDockerClient.java:14)
	at org.testcontainers.LazyDockerClient.inspectImageCmd(LazyDockerClient.java:12)
	at org.testcontainers.images.LocalImagesCache.refreshCache(LocalImagesCache.java:42)
	at org.testcontainers.images.AbstractImagePullPolicy.shouldPull(AbstractImagePullPolicy.java:24)
	at org.testcontainers.images.RemoteDockerImage.resolve(RemoteDockerImage.java:59)
	at org.testcontainers.images.RemoteDockerImage.resolve(RemoteDockerImage.java:26)
	at org.testcontainers.utility.LazyFuture.getResolvedValue(LazyFuture.java:20)
	at org.testcontainers.utility.LazyFuture.get(LazyFuture.java:27)
	at org.testcontainers.containers.GenericContainer.getDockerImageName(GenericContainer.java:1277)
	... 54 more

[INFO] Tests run: 0, Failures: 0, Errors: 0, Skipped: 0, Time elapsed: 0.003 s - in com.gruelbox.transactionoutbox.TestDefaultPersistorPostgres10
[INFO] Running com.gruelbox.transactionoutbox.TestDefaultPersistorH2
18:24:22.811 [main] INFO  SESSION-KEY= c.g.t.AbstractDefaultPersistorTest - Waiting for background thread to obtain lock
18:24:22.811 [pool-13-thread-1] INFO  SESSION-KEY= c.g.t.AbstractDefaultPersistorTest - Background thread starting
18:24:22.811 [pool-13-thread-1] INFO  SESSION-KEY= c.g.t.AbstractDefaultPersistorTest - Background thread attempting lock
18:24:22.812 [pool-13-thread-1] INFO  SESSION-KEY= c.g.t.AbstractDefaultPersistorTest - Background thread obtained lock, going to sleep
18:24:22.812 [main] INFO  SESSION-KEY= c.g.t.AbstractDefaultPersistorTest - Attempting to obtain duplicate lock
18:24:28.816 [main] INFO  SESSION-KEY= c.g.t.AbstractDefaultPersistorTest - Shutting down
18:24:28.817 [pool-13-thread-1] INFO  SESSION-KEY= c.g.t.AbstractDefaultPersistorTest - Background thread interrupted correctly
18:24:32.159 [main] WARN  SESSION-KEY= c.g.t.SimpleTransactionManager - Exception in transactional block (AlreadyScheduledException - Request Foo.Bar(1, 10, null) [FOO3] uid=[context-clientkey1] already exists). Rolling back. See later messages for detail
[WARNING] Tests run: 15, Failures: 0, Errors: 0, Skipped: 1, Time elapsed: 9.397 s - in com.gruelbox.transactionoutbox.TestDefaultPersistorH2
[INFO] Running com.gruelbox.transactionoutbox.TestValidator
[INFO] Tests run: 3, Failures: 0, Errors: 0, Skipped: 0, Time elapsed: 0.039 s - in com.gruelbox.transactionoutbox.TestValidator
[INFO] Running com.gruelbox.transactionoutbox.TestDefaultPersistorMySql8
Jan 17, 2023 6:24:32 PM org.junit.jupiter.engine.execution.JupiterEngineExecutionContext close
SEVERE: Caught exception while closing extension context: org.junit.jupiter.engine.descriptor.ClassExtensionContext@5349b246
org.testcontainers.containers.ContainerLaunchException: Container startup failed
	at org.testcontainers.containers.GenericContainer.doStart(GenericContainer.java:330)
	at org.testcontainers.containers.GenericContainer.start(GenericContainer.java:311)
	at org.testcontainers.junit.jupiter.TestcontainersExtension$StoreAdapter.start(TestcontainersExtension.java:242)
	at org.testcontainers.junit.jupiter.TestcontainersExtension$StoreAdapter.access$200(TestcontainersExtension.java:229)
	at org.testcontainers.junit.jupiter.TestcontainersExtension.lambda$null$1(TestcontainersExtension.java:59)
	at org.junit.jupiter.engine.execution.ExtensionValuesStore.lambda$getOrComputeIfAbsent$4(ExtensionValuesStore.java:86)
	at org.junit.jupiter.engine.execution.ExtensionValuesStore$MemoizingSupplier.get(ExtensionValuesStore.java:205)
	at org.junit.jupiter.engine.execution.ExtensionValuesStore$StoredValue.evaluate(ExtensionValuesStore.java:182)
	at org.junit.jupiter.engine.execution.ExtensionValuesStore$StoredValue.access$100(ExtensionValuesStore.java:171)
	at org.junit.jupiter.engine.execution.ExtensionValuesStore.lambda$closeAllStoredCloseableValues$1(ExtensionValuesStore.java:65)
	at java.base/java.util.stream.ReferencePipeline$2$1.accept(ReferencePipeline.java:176)
	at java.base/java.util.concurrent.ConcurrentHashMap$ValueSpliterator.forEachRemaining(ConcurrentHashMap.java:3603)
	at java.base/java.util.stream.AbstractPipeline.copyInto(AbstractPipeline.java:484)
	at java.base/java.util.stream.AbstractPipeline.wrapAndCopyInto(AbstractPipeline.java:474)
	at java.base/java.util.stream.ForEachOps$ForEachOp.evaluateSequential(ForEachOps.java:150)
	at java.base/java.util.stream.ForEachOps$ForEachOp$OfRef.evaluateSequential(ForEachOps.java:173)
	at java.base/java.util.stream.AbstractPipeline.evaluate(AbstractPipeline.java:234)
	at java.base/java.util.stream.ReferencePipeline.forEach(ReferencePipeline.java:497)
	at org.junit.jupiter.engine.execution.ExtensionValuesStore.closeAllStoredCloseableValues(ExtensionValuesStore.java:68)
	at org.junit.jupiter.engine.descriptor.AbstractExtensionContext.close(AbstractExtensionContext.java:74)
	at org.junit.jupiter.engine.execution.JupiterEngineExecutionContext.close(JupiterEngineExecutionContext.java:53)
	at org.junit.jupiter.engine.descriptor.JupiterTestDescriptor.cleanUp(JupiterTestDescriptor.java:222)
	at org.junit.jupiter.engine.descriptor.JupiterTestDescriptor.cleanUp(JupiterTestDescriptor.java:57)
	at org.junit.platform.engine.support.hierarchical.NodeTestTask.lambda$cleanUp$9(NodeTestTask.java:155)
	at org.junit.platform.engine.support.hierarchical.ThrowableCollector.execute(ThrowableCollector.java:73)
	at org.junit.platform.engine.support.hierarchical.NodeTestTask.cleanUp(NodeTestTask.java:155)
	at org.junit.platform.engine.support.hierarchical.NodeTestTask.execute(NodeTestTask.java:87)
	at java.base/java.util.ArrayList.forEach(ArrayList.java:1541)
	at org.junit.platform.engine.support.hierarchical.SameThreadHierarchicalTestExecutorService.invokeAll(SameThreadHierarchicalTestExecutorService.java:38)
	at org.junit.platform.engine.support.hierarchical.NodeTestTask.lambda$executeRecursively$5(NodeTestTask.java:143)
	at org.junit.platform.engine.support.hierarchical.ThrowableCollector.execute(ThrowableCollector.java:73)
	at org.junit.platform.engine.support.hierarchical.NodeTestTask.lambda$executeRecursively$7(NodeTestTask.java:129)
	at org.junit.platform.engine.support.hierarchical.Node.around(Node.java:137)
	at org.junit.platform.engine.support.hierarchical.NodeTestTask.lambda$executeRecursively$8(NodeTestTask.java:127)
	at org.junit.platform.engine.support.hierarchical.ThrowableCollector.execute(ThrowableCollector.java:73)
	at org.junit.platform.engine.support.hierarchical.NodeTestTask.executeRecursively(NodeTestTask.java:126)
	at org.junit.platform.engine.support.hierarchical.NodeTestTask.execute(NodeTestTask.java:84)
	at org.junit.platform.engine.support.hierarchical.SameThreadHierarchicalTestExecutorService.submit(SameThreadHierarchicalTestExecutorService.java:32)
	at org.junit.platform.engine.support.hierarchical.HierarchicalTestExecutor.execute(HierarchicalTestExecutor.java:57)
	at org.junit.platform.engine.support.hierarchical.HierarchicalTestEngine.execute(HierarchicalTestEngine.java:51)
	at org.junit.platform.launcher.core.EngineExecutionOrchestrator.execute(EngineExecutionOrchestrator.java:108)
	at org.junit.platform.launcher.core.EngineExecutionOrchestrator.execute(EngineExecutionOrchestrator.java:88)
	at org.junit.platform.launcher.core.EngineExecutionOrchestrator.lambda$execute$0(EngineExecutionOrchestrator.java:54)
	at org.junit.platform.launcher.core.EngineExecutionOrchestrator.withInterceptedStreams(EngineExecutionOrchestrator.java:67)
	at org.junit.platform.launcher.core.EngineExecutionOrchestrator.execute(EngineExecutionOrchestrator.java:52)
	at org.junit.platform.launcher.core.DefaultLauncher.execute(DefaultLauncher.java:96)
	at org.junit.platform.launcher.core.DefaultLauncher.execute(DefaultLauncher.java:75)
	at org.apache.maven.surefire.junitplatform.JUnitPlatformProvider.invokeAllTests(JUnitPlatformProvider.java:154)
	at org.apache.maven.surefire.junitplatform.JUnitPlatformProvider.invoke(JUnitPlatformProvider.java:127)
	at org.apache.maven.surefire.booter.ForkedBooter.runSuitesInProcess(ForkedBooter.java:377)
	at org.apache.maven.surefire.booter.ForkedBooter.execute(ForkedBooter.java:138)
	at org.apache.maven.surefire.booter.ForkedBooter.run(ForkedBooter.java:465)
	at org.apache.maven.surefire.booter.ForkedBooter.main(ForkedBooter.java:451)
Caused by: org.testcontainers.containers.ContainerFetchException: Can't get Docker image: RemoteDockerImage(imageName=mysql:8, imagePullPolicy=DefaultPullPolicy())
	at org.testcontainers.containers.GenericContainer.getDockerImageName(GenericContainer.java:1279)
	at org.testcontainers.containers.GenericContainer.logger(GenericContainer.java:613)
	at org.testcontainers.containers.GenericContainer.doStart(GenericContainer.java:320)
	... 52 more
Caused by: java.lang.IllegalStateException: Previous attempts to find a Docker environment failed. Will not retry. Please see logs and check configuration
	at org.testcontainers.dockerclient.DockerClientProviderStrategy.getFirstValidStrategy(DockerClientProviderStrategy.java:83)
	at org.testcontainers.DockerClientFactory.getOrInitializeStrategy(DockerClientFactory.java:126)
	at org.testcontainers.DockerClientFactory.client(DockerClientFactory.java:147)
	at org.testcontainers.LazyDockerClient.getDockerClient(LazyDockerClient.java:14)
	at org.testcontainers.LazyDockerClient.inspectImageCmd(LazyDockerClient.java:12)
	at org.testcontainers.images.LocalImagesCache.refreshCache(LocalImagesCache.java:42)
	at org.testcontainers.images.AbstractImagePullPolicy.shouldPull(AbstractImagePullPolicy.java:24)
	at org.testcontainers.images.RemoteDockerImage.resolve(RemoteDockerImage.java:59)
	at org.testcontainers.images.RemoteDockerImage.resolve(RemoteDockerImage.java:26)
	at org.testcontainers.utility.LazyFuture.getResolvedValue(LazyFuture.java:20)
	at org.testcontainers.utility.LazyFuture.get(LazyFuture.java:27)
	at org.testcontainers.containers.GenericContainer.getDockerImageName(GenericContainer.java:1277)
	... 54 more

[INFO] Tests run: 0, Failures: 0, Errors: 0, Skipped: 0, Time elapsed: 0.003 s - in com.gruelbox.transactionoutbox.TestDefaultPersistorMySql8
[INFO] 
[INFO] Results:
[INFO] 
[WARNING] Tests run: 65, Failures: 0, Errors: 0, Skipped: 2
[INFO] 
[INFO] 
[INFO] ---------------< com.gruelbox:transactionoutbox-spring >----------------
[INFO] Building Transaction Outbox Spring 1.3.99999-SNAPSHOT              [3/5]
[INFO] --------------------------------[ jar ]---------------------------------
[INFO] 
[INFO] --- maven-clean-plugin:2.5:clean (default-clean) @ transactionoutbox-spring ---
[INFO] Deleting /home/gabsko/breaking-updates/transactionoutbox-spring/target
[INFO] 
[INFO] --- flatten-maven-plugin:1.2.5:clean (flatten.clean) @ transactionoutbox-spring ---
[INFO] Deleting /home/gabsko/breaking-updates/transactionoutbox-spring/.flattened-pom.xml
[INFO] 
[INFO] --- fmt-maven-plugin:2.10:format (default) @ transactionoutbox-spring ---
[INFO] File '/home/gabsko/breaking-updates/transactionoutbox-spring/src/main/java/com/gruelbox' is a directory. Skipping.
[INFO] File '/home/gabsko/breaking-updates/transactionoutbox-spring/src/main/java/com/gruelbox/transactionoutbox' is a directory. Skipping.
[INFO] File '/home/gabsko/breaking-updates/transactionoutbox-spring/src/main/java' is a directory. Skipping.
[INFO] File '/home/gabsko/breaking-updates/transactionoutbox-spring/src/main/java/com' is a directory. Skipping.
[INFO] File '/home/gabsko/breaking-updates/transactionoutbox-spring/src/test/java/com' is a directory. Skipping.
[INFO] File '/home/gabsko/breaking-updates/transactionoutbox-spring/src/test/java/com/gruelbox' is a directory. Skipping.
[INFO] File '/home/gabsko/breaking-updates/transactionoutbox-spring/src/test/java' is a directory. Skipping.
[INFO] File '/home/gabsko/breaking-updates/transactionoutbox-spring/src/test/java/com/gruelbox/transactionoutbox/acceptance' is a directory. Skipping.
[INFO] File '/home/gabsko/breaking-updates/transactionoutbox-spring/src/test/java/com/gruelbox/transactionoutbox' is a directory. Skipping.
[INFO] Processed 14 files (0 reformatted).
[INFO] 
[INFO] --- maven-resources-plugin:2.6:resources (default-resources) @ transactionoutbox-spring ---
[INFO] Using 'UTF-8' encoding to copy filtered resources.
[INFO] skip non existing resourceDirectory /home/gabsko/breaking-updates/transactionoutbox-spring/src/main/resources
[INFO] 
[INFO] --- flatten-maven-plugin:1.2.5:flatten (flatten) @ transactionoutbox-spring ---
[INFO] Generating flattened POM of project com.gruelbox:transactionoutbox-spring:jar:1.3.99999-SNAPSHOT...
[INFO] 
[INFO] --- maven-compiler-plugin:3.8.1:compile (default-compile) @ transactionoutbox-spring ---
[INFO] Changes detected - recompiling the module!
[INFO] Compiling 4 source files to /home/gabsko/breaking-updates/transactionoutbox-spring/target/classes
[INFO] /home/gabsko/breaking-updates/transactionoutbox-spring/src/main/java/com/gruelbox/transactionoutbox/SpringTransactionOutboxConfiguration.java: /home/gabsko/breaking-updates/transactionoutbox-spring/src/main/java/com/gruelbox/transactionoutbox/SpringTransactionOutboxConfiguration.java uses or overrides a deprecated API.
[INFO] /home/gabsko/breaking-updates/transactionoutbox-spring/src/main/java/com/gruelbox/transactionoutbox/SpringTransactionOutboxConfiguration.java: Recompile with -Xlint:deprecation for details.
[INFO] 
[INFO] --- maven-resources-plugin:2.6:testResources (default-testResources) @ transactionoutbox-spring ---
[INFO] Using 'UTF-8' encoding to copy filtered resources.
[INFO] Copying 3 resources
[INFO] 
[INFO] --- maven-compiler-plugin:3.8.1:testCompile (default-testCompile) @ transactionoutbox-spring ---
[INFO] Changes detected - recompiling the module!
[INFO] Compiling 10 source files to /home/gabsko/breaking-updates/transactionoutbox-spring/target/test-classes
[INFO] 
[INFO] --- maven-surefire-plugin:3.0.0-M4:test (default-test) @ transactionoutbox-spring ---
[INFO] 
[INFO] -------------------------------------------------------
[INFO]  T E S T S
[INFO] -------------------------------------------------------
[INFO] Running com.gruelbox.transactionoutbox.acceptance.EventuallyConsistentControllerTest
18:24:34.026 [main] INFO  o.s.b.t.c.SpringBootTestContextBootstrapper - Neither @ContextConfiguration nor @ContextHierarchy found for test class [com.gruelbox.transactionoutbox.acceptance.EventuallyConsistentControllerTest], using SpringBootContextLoader
18:24:34.030 [main] INFO  o.s.t.c.s.AbstractContextLoader - Could not detect default resource locations for test class [com.gruelbox.transactionoutbox.acceptance.EventuallyConsistentControllerTest]: no resource found for suffixes {-context.xml, Context.groovy}.
18:24:34.031 [main] INFO  o.s.t.c.s.AnnotationConfigContextLoaderUtils - Could not detect default configuration classes for test class [com.gruelbox.transactionoutbox.acceptance.EventuallyConsistentControllerTest]: EventuallyConsistentControllerTest does not declare any static, non-private, non-final, nested classes annotated with @Configuration.
18:24:34.101 [main] INFO  o.s.b.t.c.SpringBootTestContextBootstrapper - Found @SpringBootConfiguration com.gruelbox.transactionoutbox.acceptance.TransactionOutboxSpringDemoApplication for test class com.gruelbox.transactionoutbox.acceptance.EventuallyConsistentControllerTest
18:24:34.158 [main] INFO  o.s.b.t.c.SpringBootTestContextBootstrapper - Loaded default TestExecutionListener class names from location [META-INF/spring.factories]: [org.springframework.boot.test.mock.mockito.MockitoTestExecutionListener, org.springframework.boot.test.mock.mockito.ResetMocksTestExecutionListener, org.springframework.boot.test.autoconfigure.restdocs.RestDocsTestExecutionListener, org.springframework.boot.test.autoconfigure.web.client.MockRestServiceServerResetTestExecutionListener, org.springframework.boot.test.autoconfigure.web.servlet.MockMvcPrintOnlyOnFailureTestExecutionListener, org.springframework.boot.test.autoconfigure.web.servlet.WebDriverTestExecutionListener, org.springframework.boot.test.autoconfigure.webservices.client.MockWebServiceServerTestExecutionListener, org.springframework.test.context.web.ServletTestExecutionListener, org.springframework.test.context.support.DirtiesContextBeforeModesTestExecutionListener, org.springframework.test.context.support.DependencyInjectionTestExecutionListener, org.springframework.test.context.support.DirtiesContextTestExecutionListener, org.springframework.test.context.transaction.TransactionalTestExecutionListener, org.springframework.test.context.jdbc.SqlScriptsTestExecutionListener, org.springframework.test.context.event.EventPublishingTestExecutionListener]
18:24:34.169 [main] INFO  o.s.b.t.c.SpringBootTestContextBootstrapper - Using TestExecutionListeners: [org.springframework.test.context.web.ServletTestExecutionListener@4218500f, org.springframework.test.context.support.DirtiesContextBeforeModesTestExecutionListener@4bff64c2, org.springframework.boot.test.mock.mockito.MockitoTestExecutionListener@1b2c4efb, org.springframework.boot.test.autoconfigure.SpringBootDependencyInjectionTestExecutionListener@c35172e, org.springframework.test.context.support.DirtiesContextTestExecutionListener@c2db68f, org.springframework.test.context.transaction.TransactionalTestExecutionListener@3cc41abc, org.springframework.test.context.jdbc.SqlScriptsTestExecutionListener@4566d049, org.springframework.test.context.event.EventPublishingTestExecutionListener@61ce23ac, org.springframework.boot.test.mock.mockito.ResetMocksTestExecutionListener@3668d4, org.springframework.boot.test.autoconfigure.restdocs.RestDocsTestExecutionListener@1c3b9394, org.springframework.boot.test.autoconfigure.web.client.MockRestServiceServerResetTestExecutionListener@6f2cfcc2, org.springframework.boot.test.autoconfigure.web.servlet.MockMvcPrintOnlyOnFailureTestExecutionListener@7f6f61c8, org.springframework.boot.test.autoconfigure.web.servlet.WebDriverTestExecutionListener@4c2cc639, org.springframework.boot.test.autoconfigure.webservices.client.MockWebServiceServerTestExecutionListener@ccb4b1b]

  .   ____          _            __ _ _
 /\\ / ___'_ __ _ _(_)_ __  __ _ \ \ \ \
( ( )\___ | '_ | '_| | '_ \/ _` | \ \ \ \
 \\/  ___)| |_)| | | | | || (_| |  ) ) ) )
  '  |____| .__|_| |_|_| |_\__, | / / / /
 =========|_|==============|___/=/_/_/_/
 :: Spring Boot ::        (v2.3.4.RELEASE)

18:24:34.346 [background-preinit] INFO  o.h.v.i.u.Version - HV000001: Hibernate Validator 6.1.5.Final
18:24:34.360 [main] INFO  c.g.t.a.EventuallyConsistentControllerTest - Starting EventuallyConsistentControllerTest on repairnator with PID 2751 (started by gabsko in /home/gabsko/breaking-updates/transactionoutbox-spring)
18:24:34.361 [main] INFO  c.g.t.a.EventuallyConsistentControllerTest - No active profile set, falling back to default profiles: default
18:24:34.820 [main] INFO  o.s.d.r.c.RepositoryConfigurationDelegate - Bootstrapping Spring Data JPA repositories in DEFERRED mode.
18:24:34.889 [main] INFO  o.s.d.r.c.RepositoryConfigurationDelegate - Finished Spring Data repository scanning in 57ms. Found 2 JPA repository interfaces.
18:24:35.319 [main] INFO  o.s.b.w.e.t.TomcatWebServer - Tomcat initialized with port(s): 0 (http)
18:24:35.326 [main] INFO  o.a.c.h.Http11NioProtocol - Initializing ProtocolHandler ["http-nio-auto-1"]
18:24:35.327 [main] INFO  o.a.c.c.StandardService - Starting service [Tomcat]
18:24:35.327 [main] INFO  o.a.c.c.StandardEngine - Starting Servlet engine: [Apache Tomcat/9.0.38]
18:24:35.388 [main] INFO  o.a.c.c.C.[.[.[/] - Initializing Spring embedded WebApplicationContext
18:24:35.388 [main] INFO  o.s.b.w.s.c.ServletWebServerApplicationContext - Root WebApplicationContext: initialization completed in 1015 ms
18:24:35.511 [main] INFO  o.s.s.c.ThreadPoolTaskExecutor - Initializing ExecutorService 'applicationTaskExecutor'
18:24:35.520 [main] INFO  c.z.h.HikariDataSource - HikariPool-1 - Starting...
18:24:35.645 [main] INFO  c.z.h.HikariDataSource - HikariPool-1 - Start completed.
18:24:35.723 [task-1] INFO  o.h.j.i.u.LogHelper - HHH000204: Processing PersistenceUnitInfo [name: default]
18:24:35.778 [task-1] INFO  o.h.Version - HHH000412: Hibernate ORM core version 5.4.21.Final
18:24:35.794 [main] WARN  o.s.b.a.o.j.JpaBaseConfiguration$JpaWebConfiguration - spring.jpa.open-in-view is enabled by default. Therefore, database queries may be performed during view rendering. Explicitly configure spring.jpa.open-in-view to disable this warning
18:24:35.874 [task-1] INFO  o.h.a.c.Version - HCANN000001: Hibernate Commons Annotations {5.1.0.Final}
18:24:35.972 [task-1] INFO  o.h.d.Dialect - HHH000400: Using dialect: org.hibernate.dialect.H2Dialect
18:24:36.282 [main] INFO  o.a.c.h.Http11NioProtocol - Starting ProtocolHandler ["http-nio-auto-1"]
18:24:36.297 [main] INFO  o.s.b.w.e.t.TomcatWebServer - Tomcat started on port(s): 45703 (http) with context path ''
18:24:36.298 [main] INFO  o.s.d.r.c.DeferredRepositoryInitializationListener - Triggering deferred initialization of Spring Data repositories
18:24:36.494 [task-1] INFO  o.h.e.t.j.p.i.JtaPlatformInitiator - HHH000490: Using JtaPlatform implementation: [org.hibernate.engine.transaction.jta.platform.internal.NoJtaPlatform]
18:24:36.502 [task-1] INFO  o.s.o.j.LocalContainerEntityManagerFactoryBean - Initialized JPA EntityManagerFactory for persistence unit 'default'
18:24:36.658 [main] INFO  o.s.d.r.c.DeferredRepositoryInitializationListener - Spring Data repositories initialized!
18:24:36.666 [main] INFO  c.g.t.a.EventuallyConsistentControllerTest - Started EventuallyConsistentControllerTest in 2.475 seconds (JVM running for 3.237)
18:24:36.820 [http-nio-auto-1-exec-1] INFO  o.a.c.c.C.[.[.[/] - Initializing Spring DispatcherServlet 'dispatcherServlet'
18:24:36.820 [http-nio-auto-1-exec-1] INFO  o.s.w.s.DispatcherServlet - Initializing Servlet 'dispatcherServlet'
18:24:36.830 [http-nio-auto-1-exec-1] INFO  o.s.w.s.DispatcherServlet - Completed initialization in 10 ms
18:24:36.854 [http-nio-auto-1-exec-1] INFO  c.g.t.a.EventuallyConsistentController - Creating customers
18:24:36.919 [http-nio-auto-1-exec-1] INFO  c.g.t.DefaultMigrationManager - Running migration: Create outbox table
18:24:36.925 [http-nio-auto-1-exec-1] INFO  c.g.t.DefaultMigrationManager - Running migration: Add unique request id
18:24:36.935 [http-nio-auto-1-exec-1] INFO  c.g.t.DefaultMigrationManager - Running migration: Add processed flag
18:24:36.941 [http-nio-auto-1-exec-1] INFO  c.g.t.DefaultMigrationManager - Running migration: Add flush index
18:24:36.943 [http-nio-auto-1-exec-1] INFO  c.g.t.DefaultMigrationManager - Running migration: Increase size of uniqueRequestId
18:24:37.072 [http-nio-auto-1-exec-1] INFO  c.g.t.a.EventuallyConsistentController - Customers created
18:24:37.118 [pool-1-thread-1] INFO  c.g.t.TransactionOutbox - Processing eventPublisher.publish(1, "Created customers", 2023-01-17T18:24:37.001790) [1806b8f5-6554-4be3-b38d-efe17f16163f]
18:24:37.135 [pool-1-thread-1] INFO  c.g.t.TransactionOutbox - Processed eventPublisher.publish(1, "Created customers", 2023-01-17T18:24:37.001790) [1806b8f5-6554-4be3-b38d-efe17f16163f]
[INFO] Tests run: 1, Failures: 0, Errors: 0, Skipped: 0, Time elapsed: 3.408 s - in com.gruelbox.transactionoutbox.acceptance.EventuallyConsistentControllerTest
18:24:37.386 [SpringContextShutdownHook] INFO  o.s.o.j.LocalContainerEntityManagerFactoryBean - Closing JPA EntityManagerFactory for persistence unit 'default'
18:24:37.387 [SpringContextShutdownHook] INFO  o.h.t.s.i.SchemaDropperImpl$DelayedDropActionImpl - HHH000477: Starting delayed evictData of schema as part of SessionFactory shut-down'
18:24:37.392 [SpringContextShutdownHook] INFO  o.s.s.c.ThreadPoolTaskExecutor - Shutting down ExecutorService 'applicationTaskExecutor'
18:24:37.393 [SpringContextShutdownHook] INFO  c.z.h.HikariDataSource - HikariPool-1 - Shutdown initiated...
18:24:37.399 [SpringContextShutdownHook] INFO  c.z.h.HikariDataSource - HikariPool-1 - Shutdown completed.
[INFO] 
[INFO] Results:
[INFO] 
[INFO] Tests run: 1, Failures: 0, Errors: 0, Skipped: 0
[INFO] 
[INFO] 
[INFO] ----------------< com.gruelbox:transactionoutbox-guice >----------------
[INFO] Building Transaction Outbox Guice 1.3.99999-SNAPSHOT               [4/5]
[INFO] --------------------------------[ jar ]---------------------------------
[INFO] 
[INFO] --- maven-clean-plugin:2.5:clean (default-clean) @ transactionoutbox-guice ---
[INFO] Deleting /home/gabsko/breaking-updates/transactionoutbox-guice/target
[INFO] 
[INFO] --- flatten-maven-plugin:1.2.5:clean (flatten.clean) @ transactionoutbox-guice ---
[INFO] Deleting /home/gabsko/breaking-updates/transactionoutbox-guice/.flattened-pom.xml
[INFO] 
[INFO] --- fmt-maven-plugin:2.10:format (default) @ transactionoutbox-guice ---
[INFO] File '/home/gabsko/breaking-updates/transactionoutbox-guice/src/main/java/com/gruelbox' is a directory. Skipping.
[INFO] File '/home/gabsko/breaking-updates/transactionoutbox-guice/src/main/java/com' is a directory. Skipping.
[INFO] File '/home/gabsko/breaking-updates/transactionoutbox-guice/src/main/java' is a directory. Skipping.
[INFO] File '/home/gabsko/breaking-updates/transactionoutbox-guice/src/main/java/com/gruelbox/transactionoutbox' is a directory. Skipping.
[INFO] File '/home/gabsko/breaking-updates/transactionoutbox-guice/src/test/java/com.gruelbox.transactionoutbox.acceptance' is a directory. Skipping.
[INFO] File '/home/gabsko/breaking-updates/transactionoutbox-guice/src/test/java' is a directory. Skipping.
[INFO] Processed 3 files (0 reformatted).
[INFO] 
[INFO] --- maven-resources-plugin:2.6:resources (default-resources) @ transactionoutbox-guice ---
[INFO] Using 'UTF-8' encoding to copy filtered resources.
[INFO] skip non existing resourceDirectory /home/gabsko/breaking-updates/transactionoutbox-guice/src/main/resources
[INFO] 
[INFO] --- flatten-maven-plugin:1.2.5:flatten (flatten) @ transactionoutbox-guice ---
[INFO] Generating flattened POM of project com.gruelbox:transactionoutbox-guice:jar:1.3.99999-SNAPSHOT...
[INFO] 
[INFO] --- maven-compiler-plugin:3.8.1:compile (default-compile) @ transactionoutbox-guice ---
[INFO] Changes detected - recompiling the module!
[INFO] Compiling 1 source file to /home/gabsko/breaking-updates/transactionoutbox-guice/target/classes
[INFO] 
[INFO] --- maven-resources-plugin:2.6:testResources (default-testResources) @ transactionoutbox-guice ---
[INFO] Using 'UTF-8' encoding to copy filtered resources.
[INFO] Copying 1 resource
[INFO] 
[INFO] --- maven-compiler-plugin:3.8.1:testCompile (default-testCompile) @ transactionoutbox-guice ---
[INFO] Changes detected - recompiling the module!
[INFO] Compiling 2 source files to /home/gabsko/breaking-updates/transactionoutbox-guice/target/test-classes
[INFO] 
[INFO] --- maven-surefire-plugin:3.0.0-M4:test (default-test) @ transactionoutbox-guice ---
[INFO] 
[INFO] -------------------------------------------------------
[INFO]  T E S T S
[INFO] -------------------------------------------------------
[INFO] Running com.gruelbox.transactionoutbox.acceptance.TestGuiceBinding
18:24:38.792 [main] INFO  SESSION-KEY= o.h.v.i.u.Version - HV000001: Hibernate Validator 6.1.5.Final
18:24:39.004 [main] INFO  SESSION-KEY= c.g.t.a.TestGuiceBinding - Queued request
18:24:39.006 [main] INFO  SESSION-KEY= c.g.t.TransactionOutbox - Processing com.gruelbox.transactionoutbox.acceptance.TestGuiceBinding$MyService.process() [f995bb94-0122-4873-b09d-7333b5f9001f]
18:24:39.007 [main] INFO  SESSION-KEY= c.g.t.a.TestGuiceBinding - Processed local
18:24:39.008 [main] INFO  SESSION-KEY= c.g.t.TransactionOutbox - Processed com.gruelbox.transactionoutbox.acceptance.TestGuiceBinding$MyService.process() [f995bb94-0122-4873-b09d-7333b5f9001f]
[INFO] Tests run: 1, Failures: 0, Errors: 0, Skipped: 0, Time elapsed: 0.483 s - in com.gruelbox.transactionoutbox.acceptance.TestGuiceBinding
[INFO] Running com.gruelbox.transactionoutbox.acceptance.TestGuiceInstantiator
[INFO] Tests run: 1, Failures: 0, Errors: 0, Skipped: 0, Time elapsed: 0.011 s - in com.gruelbox.transactionoutbox.acceptance.TestGuiceInstantiator
[INFO] 
[INFO] Results:
[INFO] 
[INFO] Tests run: 2, Failures: 0, Errors: 0, Skipped: 0
[INFO] 
[INFO] 
[INFO] ----------------< com.gruelbox:transactionoutbox-jooq >-----------------
[INFO] Building Transaction Outbox jOOQ 1.3.99999-SNAPSHOT                [5/5]
[INFO] --------------------------------[ jar ]---------------------------------
[INFO] 
[INFO] --- maven-clean-plugin:2.5:clean (default-clean) @ transactionoutbox-jooq ---
[INFO] Deleting /home/gabsko/breaking-updates/transactionoutbox-jooq/target
[INFO] 
[INFO] --- flatten-maven-plugin:1.2.5:clean (flatten.clean) @ transactionoutbox-jooq ---
[INFO] Deleting /home/gabsko/breaking-updates/transactionoutbox-jooq/.flattened-pom.xml
[INFO] 
[INFO] --- fmt-maven-plugin:2.10:format (default) @ transactionoutbox-jooq ---
[INFO] File '/home/gabsko/breaking-updates/transactionoutbox-jooq/src/main/java/com/gruelbox' is a directory. Skipping.
[INFO] File '/home/gabsko/breaking-updates/transactionoutbox-jooq/src/main/java/com' is a directory. Skipping.
[INFO] File '/home/gabsko/breaking-updates/transactionoutbox-jooq/src/main/java/com/gruelbox/transactionoutbox' is a directory. Skipping.
[INFO] File '/home/gabsko/breaking-updates/transactionoutbox-jooq/src/main/java' is a directory. Skipping.
[INFO] File '/home/gabsko/breaking-updates/transactionoutbox-jooq/src/test/java/com/gruelbox/transactionoutbox/acceptance' is a directory. Skipping.
[INFO] File '/home/gabsko/breaking-updates/transactionoutbox-jooq/src/test/java/com/gruelbox/transactionoutbox' is a directory. Skipping.
[INFO] File '/home/gabsko/breaking-updates/transactionoutbox-jooq/src/test/java/com' is a directory. Skipping.
[INFO] File '/home/gabsko/breaking-updates/transactionoutbox-jooq/src/test/java/com/gruelbox' is a directory. Skipping.
[INFO] File '/home/gabsko/breaking-updates/transactionoutbox-jooq/src/test/java' is a directory. Skipping.
[INFO] Processed 8 files (0 reformatted).
[INFO] 
[INFO] --- maven-resources-plugin:2.6:resources (default-resources) @ transactionoutbox-jooq ---
[INFO] Using 'UTF-8' encoding to copy filtered resources.
[INFO] skip non existing resourceDirectory /home/gabsko/breaking-updates/transactionoutbox-jooq/src/main/resources
[INFO] 
[INFO] --- flatten-maven-plugin:1.2.5:flatten (flatten) @ transactionoutbox-jooq ---
[INFO] Generating flattened POM of project com.gruelbox:transactionoutbox-jooq:jar:1.3.99999-SNAPSHOT...
[INFO] 
[INFO] --- maven-compiler-plugin:3.8.1:compile (default-compile) @ transactionoutbox-jooq ---
[INFO] Changes detected - recompiling the module!
[INFO] Compiling 4 source files to /home/gabsko/breaking-updates/transactionoutbox-jooq/target/classes
[INFO] 
[INFO] --- maven-resources-plugin:2.6:testResources (default-testResources) @ transactionoutbox-jooq ---
[INFO] Using 'UTF-8' encoding to copy filtered resources.
[INFO] Copying 1 resource
[INFO] 
[INFO] --- maven-compiler-plugin:3.8.1:testCompile (default-testCompile) @ transactionoutbox-jooq ---
[INFO] Changes detected - recompiling the module!
[INFO] Compiling 4 source files to /home/gabsko/breaking-updates/transactionoutbox-jooq/target/test-classes
[INFO] -------------------------------------------------------------
[ERROR] COMPILATION ERROR : 
[INFO] -------------------------------------------------------------
[ERROR] /home/gabsko/breaking-updates/transactionoutbox-jooq/src/test/java/com/gruelbox/transactionoutbox/acceptance/TestJooqTransactionManagerWithThreadLocalProvider.java:[72,8] cannot find symbol
  symbol:   method close()
  location: variable dsl of type org.jooq.DSLContext
[ERROR] /home/gabsko/breaking-updates/transactionoutbox-jooq/src/test/java/com/gruelbox/transactionoutbox/acceptance/TestJooqTransactionManagerWithDefaultProviderAndExplicitlyPassedContext.java:[59,8] cannot find symbol
  symbol:   method close()
  location: variable dsl of type org.jooq.DSLContext
[ERROR] /home/gabsko/breaking-updates/transactionoutbox-jooq/src/test/java/com/gruelbox/transactionoutbox/acceptance/TestJooqTransactionManagerWithDefaultProviderAndExplicitlyPassedContext.java:[136,21] incompatible types: try-with-resources not applicable to variable type
    (org.jooq.DSLContext cannot be converted to java.lang.AutoCloseable)
[ERROR] /home/gabsko/breaking-updates/transactionoutbox-jooq/src/test/java/com/gruelbox/transactionoutbox/acceptance/TestJooqTransactionManagerWithDefaultProviderAndThreadLocalContext.java:[69,8] cannot find symbol
  symbol:   method close()
  location: variable dsl of type org.jooq.DSLContext
[INFO] 4 errors 
[INFO] -------------------------------------------------------------
[INFO] ------------------------------------------------------------------------
[INFO] Reactor Summary for Transaction Outbox Parent 1.3.99999-SNAPSHOT:
[INFO] 
[INFO] Transaction Outbox Parent .......................... SUCCESS [  0.398 s]
[INFO] Transaction Outbox Core ............................ SUCCESS [ 51.638 s]
[INFO] Transaction Outbox Spring .......................... SUCCESS [  5.155 s]
[INFO] Transaction Outbox Guice ........................... SUCCESS [  1.614 s]
[INFO] Transaction Outbox jOOQ ............................ FAILURE [  0.655 s]
[INFO] ------------------------------------------------------------------------
[INFO] BUILD FAILURE
[INFO] ------------------------------------------------------------------------
[INFO] Total time:  59.539 s
[INFO] Finished at: 2023-01-17T18:24:40Z
[INFO] ------------------------------------------------------------------------
[ERROR] Failed to execute goal org.apache.maven.plugins:maven-compiler-plugin:3.8.1:testCompile (default-testCompile) on project transactionoutbox-jooq: Compilation failure: Compilation failure: 
[ERROR] /home/gabsko/breaking-updates/transactionoutbox-jooq/src/test/java/com/gruelbox/transactionoutbox/acceptance/TestJooqTransactionManagerWithThreadLocalProvider.java:[72,8] cannot find symbol
[ERROR]   symbol:   method close()
[ERROR]   location: variable dsl of type org.jooq.DSLContext
[ERROR] /home/gabsko/breaking-updates/transactionoutbox-jooq/src/test/java/com/gruelbox/transactionoutbox/acceptance/TestJooqTransactionManagerWithDefaultProviderAndExplicitlyPassedContext.java:[59,8] cannot find symbol
[ERROR]   symbol:   method close()
[ERROR]   location: variable dsl of type org.jooq.DSLContext
[ERROR] /home/gabsko/breaking-updates/transactionoutbox-jooq/src/test/java/com/gruelbox/transactionoutbox/acceptance/TestJooqTransactionManagerWithDefaultProviderAndExplicitlyPassedContext.java:[136,21] incompatible types: try-with-resources not applicable to variable type
[ERROR]     (org.jooq.DSLContext cannot be converted to java.lang.AutoCloseable)
[ERROR] /home/gabsko/breaking-updates/transactionoutbox-jooq/src/test/java/com/gruelbox/transactionoutbox/acceptance/TestJooqTransactionManagerWithDefaultProviderAndThreadLocalContext.java:[69,8] cannot find symbol
[ERROR]   symbol:   method close()
[ERROR]   location: variable dsl of type org.jooq.DSLContext
[ERROR] -> [Help 1]
[ERROR] 
[ERROR] To see the full stack trace of the errors, re-run Maven with the -e switch.
[ERROR] Re-run Maven using the -X switch to enable full debug logging.
[ERROR] 
[ERROR] For more information about the errors and possible solutions, please read the following articles:
[ERROR] [Help 1] http://cwiki.apache.org/confluence/display/MAVEN/MojoFailureException
[ERROR] 
[ERROR] After correcting the problems, you can resume the build with the command
[ERROR]   mvn <args> -rf :transactionoutbox-jooq
