[INFO] Scanning for projects...
[INFO] 
[INFO] ----------------------< com.jcabi:jcabi-aspects >-----------------------
[INFO] Building jcabi-aspects 1.0-SNAPSHOT
[INFO] -------------------------------[ bundle ]-------------------------------
[INFO] 
[INFO] --- maven-clean-plugin:3.1.0:clean (default-clean) @ jcabi-aspects ---
[INFO] Deleting /home/gabsko/breaking-updates/target
[INFO] 
[INFO] --- maven-enforcer-plugin:3.0.0-M3:enforce (enforce-maven) @ jcabi-aspects ---
[INFO] 
[INFO] --- buildnumber-maven-plugin:1.4:create (jcabi-build-number) @ jcabi-aspects ---
[INFO] ShortRevision tag detected. The value is '7'.
[INFO] Executing: /bin/sh -c cd '/home/gabsko/breaking-updates' && 'git' 'rev-parse' '--verify' '--short=7' 'HEAD'
[INFO] Working directory: /home/gabsko/breaking-updates
[INFO] Storing buildNumber: 28152ab at timestamp: 2023-01-17T18:54:27
[INFO] Storing buildScmBranch: branch-jcabi/jcabi-aspects-28152ab4e77733c0469ac35b2e03a3f99b19e355
[INFO] 
[INFO] --- buildnumber-maven-plugin:1.4:create-timestamp (jcabi-build-number) @ jcabi-aspects ---
[INFO] 
[INFO] --- maven-resources-plugin:3.2.0:resources (default-resources) @ jcabi-aspects ---
[INFO] Using 'UTF-8' encoding to copy filtered resources.
[INFO] Using 'UTF-8' encoding to copy filtered properties files.
[INFO] skip non existing resourceDirectory /home/gabsko/breaking-updates/src/main/resources
[INFO] 
[INFO] --- templating-maven-plugin:1.0.0:filter-sources (default-cli) @ jcabi-aspects ---
[INFO] Coping files with filtering to temporary directory.
[INFO] Using 'UTF-8' encoding to copy filtered resources.
[INFO] Copying 2 resources
[INFO] Copied 2 files to output directory: /home/gabsko/breaking-updates/target/generated-sources/java-templates
[INFO] Source directory: /home/gabsko/breaking-updates/target/generated-sources/java-templates added.
[INFO] 
[INFO] --- maven-compiler-plugin:3.9.0:compile (default-compile) @ jcabi-aspects ---
[INFO] Changes detected - recompiling the module!
[INFO] Compiling 35 source files to /home/gabsko/breaking-updates/target/classes
[INFO] 
[INFO] --- aspectj-maven-plugin:1.14.0:compile (jcabi-weave-classes) @ jcabi-aspects ---
[INFO] Showing AJC message detail for messages of types: [error, warning, fail]
[WARNING] bad version number found in /home/gabsko/.m2/repository/org/aspectj/aspectjrt/1.9.9.1/aspectjrt-1.9.9.1.jar expected 1.9.7 found 1.9.9.1
	<unknown source file>:<no line information>

[INFO] Join point 'initialization(void com.jcabi.aspects.aj.Repeater.<init>())' in Type 'com.jcabi.aspects.aj.Repeater' (Repeater.java:52) advised by after advice from 'com.jcabi.aspects.aj.ImmutabilityChecker' (ImmutabilityChecker.java:67)
[INFO] Join point 'initialization(void com.jcabi.aspects.aj.ExceptionsLogger.<init>())' in Type 'com.jcabi.aspects.aj.ExceptionsLogger' (ExceptionsLogger.java:48) advised by after advice from 'com.jcabi.aspects.aj.ImmutabilityChecker' (ImmutabilityChecker.java:67)
[INFO] Join point 'initialization(void com.jcabi.aspects.aj.Parallelizer.<init>())' in Type 'com.jcabi.aspects.aj.Parallelizer' (Parallelizer.java:59) advised by after advice from 'com.jcabi.aspects.aj.ImmutabilityChecker' (ImmutabilityChecker.java:67)
[INFO] Join point 'initialization(void com.jcabi.aspects.aj.QuietExceptionsLogger.<init>())' in Type 'com.jcabi.aspects.aj.QuietExceptionsLogger' (QuietExceptionsLogger.java:49) advised by after advice from 'com.jcabi.aspects.aj.ImmutabilityChecker' (ImmutabilityChecker.java:67)
[INFO] Join point 'initialization(void com.jcabi.aspects.aj.SingleException.<init>())' in Type 'com.jcabi.aspects.aj.SingleException' (SingleException.java:50) advised by after advice from 'com.jcabi.aspects.aj.ImmutabilityChecker' (ImmutabilityChecker.java:67)
[INFO] Join point 'initialization(void com.jcabi.aspects.aj.Mnemos.<init>())' in Type 'com.jcabi.aspects.aj.Mnemos' (Mnemos.java:60) advised by after advice from 'com.jcabi.aspects.aj.ImmutabilityChecker' (ImmutabilityChecker.java:67)
[INFO] 
[INFO] --- maven-resources-plugin:3.2.0:testResources (default-testResources) @ jcabi-aspects ---
[INFO] Using 'UTF-8' encoding to copy filtered resources.
[INFO] Using 'UTF-8' encoding to copy filtered properties files.
[INFO] Copying 2 resources
[INFO] The encoding used to copy filtered properties files have not been set. This means that the same encoding will be used to copy filtered properties files as when copying other filtered resources. This might not be what you want! Run your build with --debug to see which files might be affected. Read more at https://maven.apache.org/plugins/maven-resources-plugin/examples/filtering-properties-files.html
[INFO] 
[INFO] --- maven-compiler-plugin:3.9.0:testCompile (default-testCompile) @ jcabi-aspects ---
[INFO] Changes detected - recompiling the module!
[INFO] Compiling 17 source files to /home/gabsko/breaking-updates/target/test-classes
[INFO] 
[INFO] --- aspectj-maven-plugin:1.14.0:test-compile (jcabi-weave-classes) @ jcabi-aspects ---
[INFO] Showing AJC message detail for messages of types: [error, warning, fail]
[WARNING] bad version number found in /home/gabsko/.m2/repository/org/aspectj/aspectjrt/1.9.9.1/aspectjrt-1.9.9.1.jar expected 1.9.7 found 1.9.9.1
	<unknown source file>:<no line information>

[INFO] Join point 'initialization(void com.jcabi.aspects.aj.ImmutabilityCheckerTest$NonFinal.<init>(java.lang.String))' in Type 'com.jcabi.aspects.aj.ImmutabilityCheckerTest$NonFinal' (ImmutabilityCheckerTest.java:83) advised by after advice from 'com.jcabi.aspects.aj.ImmutabilityChecker' (ImmutabilityChecker.class(from ImmutabilityChecker.java))
[INFO] Join point 'initialization(void com.jcabi.aspects.aj.ImmutabilityCheckerTest$NonFinal.<init>(java.lang.String, com.jcabi.aspects.aj.ImmutabilityCheckerTest$NonFinal))' in Type 'com.jcabi.aspects.aj.ImmutabilityCheckerTest$NonFinal' (ImmutabilityCheckerTest.java:84) advised by after advice from 'com.jcabi.aspects.aj.ImmutabilityChecker' (ImmutabilityChecker.class(from ImmutabilityChecker.java))
[INFO] Join point 'initialization(void com.jcabi.aspects.aj.ImmutabilityCheckerTest$Recursive.<init>(com.jcabi.aspects.aj.ImmutabilityCheckerTest$Recursive))' in Type 'com.jcabi.aspects.aj.ImmutabilityCheckerTest$Recursive' (ImmutabilityCheckerTest.java:103) advised by after advice from 'com.jcabi.aspects.aj.ImmutabilityChecker' (ImmutabilityChecker.class(from ImmutabilityChecker.java))
[INFO] Join point 'initialization(void com.jcabi.aspects.aj.ImmutabilityCheckerTest$Recursive.<init>(com.jcabi.aspects.aj.ImmutabilityCheckerTest$Recursive, com.jcabi.aspects.aj.ImmutabilityCheckerTest$Recursive))' in Type 'com.jcabi.aspects.aj.ImmutabilityCheckerTest$Recursive' (ImmutabilityCheckerTest.java:104) advised by after advice from 'com.jcabi.aspects.aj.ImmutabilityChecker' (ImmutabilityChecker.class(from ImmutabilityChecker.java))
[INFO] Join point 'method-execution(void com.jcabi.aspects.aj.ParallelizerTest$3.run())' in Type 'com.jcabi.aspects.aj.ParallelizerTest$3' (ParallelizerTest.java:73) advised by around advice from 'com.jcabi.aspects.aj.Parallelizer' (Parallelizer.class(from Parallelizer.java))
[INFO] Join point 'method-execution(void com.jcabi.aspects.aj.ParallelizerTest$2.run())' in Type 'com.jcabi.aspects.aj.ParallelizerTest$2' (ParallelizerTest.java:56) advised by around advice from 'com.jcabi.aspects.aj.Parallelizer' (Parallelizer.class(from Parallelizer.java))
[INFO] Join point 'method-execution(java.lang.Boolean com.jcabi.aspects.aj.RepeaterTest$7.call())' in Type 'com.jcabi.aspects.aj.RepeaterTest$7' (RepeaterTest.java:158) advised by around advice from 'com.jcabi.aspects.aj.Repeater' (Repeater.class(from Repeater.java))
[INFO] Join point 'method-execution(java.lang.Boolean com.jcabi.aspects.aj.RepeaterTest$3.call())' in Type 'com.jcabi.aspects.aj.RepeaterTest$3' (RepeaterTest.java:58) advised by around advice from 'com.jcabi.aspects.aj.Repeater' (Repeater.class(from Repeater.java))
[INFO] Join point 'method-execution(java.lang.Boolean com.jcabi.aspects.aj.RepeaterTest$6.call())' in Type 'com.jcabi.aspects.aj.RepeaterTest$6' (RepeaterTest.java:133) advised by around advice from 'com.jcabi.aspects.aj.Repeater' (Repeater.class(from Repeater.java))
[INFO] Join point 'method-execution(java.lang.Boolean com.jcabi.aspects.aj.RepeaterTest$4.call())' in Type 'com.jcabi.aspects.aj.RepeaterTest$4' (RepeaterTest.java:82) advised by around advice from 'com.jcabi.aspects.aj.Repeater' (Repeater.class(from Repeater.java))
[INFO] Join point 'method-execution(java.lang.Boolean com.jcabi.aspects.aj.RepeaterTest$5.call())' in Type 'com.jcabi.aspects.aj.RepeaterTest$5' (RepeaterTest.java:107) advised by around advice from 'com.jcabi.aspects.aj.Repeater' (Repeater.class(from Repeater.java))
[INFO] Join point 'method-execution(void com.jcabi.aspects.aj.MethodSchedulerTest$LongRun.close())' in Type 'com.jcabi.aspects.aj.MethodSchedulerTest$LongRun' (MethodSchedulerTest.java:123) advised by before advice from 'com.jcabi.aspects.aj.MethodScheduler' (MethodScheduler.class(from MethodScheduler.java))
[INFO] Join point 'initialization(void com.jcabi.aspects.aj.MethodSchedulerTest$LongRun.<init>())' in Type 'com.jcabi.aspects.aj.MethodSchedulerTest$LongRun' (MethodSchedulerTest.java:105) advised by after advice from 'com.jcabi.aspects.aj.MethodScheduler' (MethodScheduler.class(from MethodScheduler.java))
[INFO] Join point 'initialization(void com.jcabi.aspects.aj.MethodSchedulerTest$LongRun.<init>(com.jcabi.aspects.aj.MethodSchedulerTest$LongRun))' in Type 'com.jcabi.aspects.aj.MethodSchedulerTest$LongRun' (MethodSchedulerTest.java:105) advised by after advice from 'com.jcabi.aspects.aj.MethodScheduler' (MethodScheduler.class(from MethodScheduler.java))
[INFO] Join point 'method-execution(void com.jcabi.aspects.aj.MethodSchedulerTest$ShortRun.close())' in Type 'com.jcabi.aspects.aj.MethodSchedulerTest$ShortRun' (MethodSchedulerTest.java:94) advised by before advice from 'com.jcabi.aspects.aj.MethodScheduler' (MethodScheduler.class(from MethodScheduler.java))
[INFO] Join point 'initialization(void com.jcabi.aspects.aj.MethodSchedulerTest$ShortRun.<init>())' in Type 'com.jcabi.aspects.aj.MethodSchedulerTest$ShortRun' (MethodSchedulerTest.java:76) advised by after advice from 'com.jcabi.aspects.aj.MethodScheduler' (MethodScheduler.class(from MethodScheduler.java))
[INFO] Join point 'initialization(void com.jcabi.aspects.aj.MethodSchedulerTest$ShortRun.<init>(com.jcabi.aspects.aj.MethodSchedulerTest$ShortRun))' in Type 'com.jcabi.aspects.aj.MethodSchedulerTest$ShortRun' (MethodSchedulerTest.java:76) advised by after advice from 'com.jcabi.aspects.aj.MethodScheduler' (MethodScheduler.class(from MethodScheduler.java))
[INFO] Join point 'initialization(void com.jcabi.aspects.ImmutableTest$TruelyImmutable.<init>())' in Type 'com.jcabi.aspects.ImmutableTest$TruelyImmutable' (ImmutableTest.java:214) advised by after advice from 'com.jcabi.aspects.aj.ImmutabilityChecker' (ImmutabilityChecker.class(from ImmutabilityChecker.java))
[INFO] Join point 'initialization(void com.jcabi.aspects.ImmutableTest$TruelyImmutable.<init>(com.jcabi.aspects.ImmutableTest$TruelyImmutableWithNonPrivateFields))' in Type 'com.jcabi.aspects.ImmutableTest$TruelyImmutable' (ImmutableTest.java:223) advised by after advice from 'com.jcabi.aspects.aj.ImmutabilityChecker' (ImmutabilityChecker.class(from ImmutabilityChecker.java))
[INFO] Join point 'initialization(void com.jcabi.aspects.ImmutableTest$TruelyImmutable.<init>(java.lang.String))' in Type 'com.jcabi.aspects.ImmutableTest$TruelyImmutable' (ImmutableTest.java:233) advised by after advice from 'com.jcabi.aspects.aj.ImmutabilityChecker' (ImmutabilityChecker.class(from ImmutabilityChecker.java))
[INFO] Join point 'initialization(void com.jcabi.aspects.ImmutableTest$TruelyImmutable.<init>(com.jcabi.aspects.ImmutableTest$TruelyImmutableWithNonPrivateFields, com.jcabi.aspects.ImmutableTest$TruelyImmutable))' in Type 'com.jcabi.aspects.ImmutableTest$TruelyImmutable' (ImmutableTest.java:234) advised by after advice from 'com.jcabi.aspects.aj.ImmutabilityChecker' (ImmutabilityChecker.class(from ImmutabilityChecker.java))
[INFO] Join point 'initialization(void com.jcabi.aspects.ImmutableTest$Mutable.<init>())' in Type 'com.jcabi.aspects.ImmutableTest$Mutable' (ImmutableTest.java:152) advised by after advice from 'com.jcabi.aspects.aj.ImmutabilityChecker' (ImmutabilityChecker.class(from ImmutabilityChecker.java))
[INFO] Join point 'initialization(void com.jcabi.aspects.ImmutableTest$Mutable.<init>(com.jcabi.aspects.ImmutableTest$Mutable))' in Type 'com.jcabi.aspects.ImmutableTest$Mutable' (ImmutableTest.java:152) advised by after advice from 'com.jcabi.aspects.aj.ImmutabilityChecker' (ImmutabilityChecker.class(from ImmutabilityChecker.java))
[INFO] Join point 'initialization(void com.jcabi.aspects.ImmutableTest$MutableWithArray.<init>())' in Type 'com.jcabi.aspects.ImmutableTest$MutableWithArray' (ImmutableTest.java:165) advised by after advice from 'com.jcabi.aspects.aj.ImmutabilityChecker' (ImmutabilityChecker.class(from ImmutabilityChecker.java))
[INFO] Join point 'initialization(void com.jcabi.aspects.ImmutableTest$MutableWithArray.<init>(com.jcabi.aspects.ImmutableTest$MutableWithArray))' in Type 'com.jcabi.aspects.ImmutableTest$MutableWithArray' (ImmutableTest.java:165) advised by after advice from 'com.jcabi.aspects.aj.ImmutabilityChecker' (ImmutabilityChecker.class(from ImmutabilityChecker.java))
[INFO] Join point 'initialization(void com.jcabi.aspects.ImmutableTest$MutableByInheritance.<init>())' in Type 'com.jcabi.aspects.ImmutableTest$MutableByInheritance' (ImmutableTest.java:294) advised by after advice from 'com.jcabi.aspects.aj.ImmutabilityChecker' (ImmutabilityChecker.class(from ImmutabilityChecker.java))
[INFO] Join point 'initialization(void com.jcabi.aspects.ImmutableTest$MutableByInheritance.<init>(com.jcabi.aspects.ImmutableTest$MutableByInheritance))' in Type 'com.jcabi.aspects.ImmutableTest$MutableByInheritance' (ImmutableTest.java:294) advised by after advice from 'com.jcabi.aspects.aj.ImmutabilityChecker' (ImmutabilityChecker.class(from ImmutabilityChecker.java))
[INFO] Join point 'initialization(void com.jcabi.aspects.ImmutableTest$TruelyImmutableWithNonPrivateFields.<init>())' in Type 'com.jcabi.aspects.ImmutableTest$TruelyImmutableWithNonPrivateFields' (ImmutableTest.java:263) advised by after advice from 'com.jcabi.aspects.aj.ImmutabilityChecker' (ImmutabilityChecker.class(from ImmutabilityChecker.java))
[INFO] Join point 'initialization(void com.jcabi.aspects.ImmutableTest$TruelyImmutableWithNonPrivateFields.<init>(com.jcabi.aspects.ImmutableTest$TruelyImmutableWithNonPrivateFields))' in Type 'com.jcabi.aspects.ImmutableTest$TruelyImmutableWithNonPrivateFields' (ImmutableTest.java:263) advised by after advice from 'com.jcabi.aspects.aj.ImmutabilityChecker' (ImmutabilityChecker.class(from ImmutabilityChecker.java))
[INFO] Join point 'method-execution(java.util.concurrent.Future com.jcabi.aspects.AsyncTest$Foo.asyncMethodWithReturnValue())' in Type 'com.jcabi.aspects.AsyncTest$Foo' (AsyncTest.java:115) advised by around advice from 'com.jcabi.aspects.aj.MethodAsyncRunner' (MethodAsyncRunner.class(from MethodAsyncRunner.java))
[INFO] Join point 'method-execution(int com.jcabi.aspects.AsyncTest$Foo.asyncMethodThatReturnsInt())' in Type 'com.jcabi.aspects.AsyncTest$Foo' (AsyncTest.java:152) advised by around advice from 'com.jcabi.aspects.aj.MethodAsyncRunner' (MethodAsyncRunner.class(from MethodAsyncRunner.java))
[INFO] Join point 'method-execution(void com.jcabi.aspects.AsyncTest$1.run())' in Type 'com.jcabi.aspects.AsyncTest$1' (AsyncTest.java:67) advised by around advice from 'com.jcabi.aspects.aj.MethodAsyncRunner' (MethodAsyncRunner.class(from MethodAsyncRunner.java))
[INFO] Join point 'method-execution(void com.jcabi.aspects.TimeableTest.slow())' in Type 'com.jcabi.aspects.TimeableTest' (TimeableTest.java:59) advised by around advice from 'com.jcabi.aspects.aj.MethodInterrupter' (MethodInterrupter.class(from MethodInterrupter.java))
[INFO] Join point 'method-execution(void com.jcabi.aspects.RetryOnFailureTest$2.run())' in Type 'com.jcabi.aspects.RetryOnFailureTest$2' (RetryOnFailureTest.java:74) advised by around advice from 'com.jcabi.aspects.aj.Repeater' (Repeater.class(from Repeater.java))
[INFO] Join point 'method-execution(void com.jcabi.aspects.RetryOnFailureTest$1.run())' in Type 'com.jcabi.aspects.RetryOnFailureTest$1' (RetryOnFailureTest.java:54) advised by around advice from 'com.jcabi.aspects.aj.Repeater' (Repeater.class(from Repeater.java))
[INFO] Join point 'method-execution(void com.jcabi.aspects.ScheduleWithFixedDelayTest$Sample.close())' in Type 'com.jcabi.aspects.ScheduleWithFixedDelayTest$Sample' (ScheduleWithFixedDelayTest.java:104) advised by before advice from 'com.jcabi.aspects.aj.MethodScheduler' (MethodScheduler.class(from MethodScheduler.java))
[INFO] Join point 'initialization(void com.jcabi.aspects.ScheduleWithFixedDelayTest$Sample.<init>(java.util.concurrent.atomic.AtomicLong))' in Type 'com.jcabi.aspects.ScheduleWithFixedDelayTest$Sample' (ScheduleWithFixedDelayTest.java:94) advised by after advice from 'com.jcabi.aspects.aj.MethodScheduler' (MethodScheduler.class(from MethodScheduler.java))
[INFO] Join point 'method-execution(void com.jcabi.aspects.ScheduleWithFixedDelayTest$LongDelaySample.close())' in Type 'com.jcabi.aspects.ScheduleWithFixedDelayTest$LongDelaySample' (ScheduleWithFixedDelayTest.java:135) advised by before advice from 'com.jcabi.aspects.aj.MethodScheduler' (MethodScheduler.class(from MethodScheduler.java))
[INFO] Join point 'initialization(void com.jcabi.aspects.ScheduleWithFixedDelayTest$LongDelaySample.<init>(java.util.concurrent.atomic.AtomicLong))' in Type 'com.jcabi.aspects.ScheduleWithFixedDelayTest$LongDelaySample' (ScheduleWithFixedDelayTest.java:125) advised by after advice from 'com.jcabi.aspects.aj.MethodScheduler' (MethodScheduler.class(from MethodScheduler.java))
[INFO] Join point 'method-execution(void com.jcabi.aspects.JSR303Test$Bar.test(java.lang.String))' in Type 'com.jcabi.aspects.JSR303Test$Bar' (JSR303Test.java:258) advised by around advice from 'com.jcabi.aspects.aj.MethodLogger' (MethodLogger.class(from MethodLogger.java)) [with runtime test]
[INFO] Join point 'method-execution(void com.jcabi.aspects.JSR303Test$Bar.test(java.lang.String))' in Type 'com.jcabi.aspects.JSR303Test$Bar' (JSR303Test.java:258) advised by before advice from 'com.jcabi.aspects.aj.MethodValidator' (MethodValidator.class(from MethodValidator.java))
[INFO] Join point 'method-execution(int com.jcabi.aspects.JSR303Test$Foo.foo(java.lang.String))' in Type 'com.jcabi.aspects.JSR303Test$Foo' (JSR303Test.java:193) advised by around advice from 'com.jcabi.aspects.aj.MethodLogger' (MethodLogger.class(from MethodLogger.java)) [with runtime test]
[INFO] Join point 'method-execution(int com.jcabi.aspects.JSR303Test$Foo.foo(java.lang.String))' in Type 'com.jcabi.aspects.JSR303Test$Foo' (JSR303Test.java:193) advised by before advice from 'com.jcabi.aspects.aj.MethodValidator' (MethodValidator.class(from MethodValidator.java))
[INFO] Join point 'method-execution(int com.jcabi.aspects.JSR303Test$Foo.foo(java.lang.String))' in Type 'com.jcabi.aspects.JSR303Test$Foo' (JSR303Test.java:193) advised by afterReturning advice from 'com.jcabi.aspects.aj.MethodValidator' (MethodValidator.class(from MethodValidator.java))
[INFO] Join point 'method-execution(java.lang.Integer com.jcabi.aspects.JSR303Test$Foo.nullValue())' in Type 'com.jcabi.aspects.JSR303Test$Foo' (JSR303Test.java:207) advised by around advice from 'com.jcabi.aspects.aj.MethodLogger' (MethodLogger.class(from MethodLogger.java)) [with runtime test]
[INFO] Join point 'method-execution(java.lang.Integer com.jcabi.aspects.JSR303Test$Foo.nullValue())' in Type 'com.jcabi.aspects.JSR303Test$Foo' (JSR303Test.java:207) advised by afterReturning advice from 'com.jcabi.aspects.aj.MethodValidator' (MethodValidator.class(from MethodValidator.java))
[INFO] Join point 'method-execution(void com.jcabi.aspects.JSR303Test$Foo.voidAlways())' in Type 'com.jcabi.aspects.JSR303Test$Foo' (JSR303Test.java:214) advised by around advice from 'com.jcabi.aspects.aj.MethodLogger' (MethodLogger.class(from MethodLogger.java)) [with runtime test]
[INFO] Join point 'preinitialization(void com.jcabi.aspects.JSR303Test$ConstructorValidation.<init>(java.lang.String, java.lang.String))' in Type 'com.jcabi.aspects.JSR303Test$ConstructorValidation' (JSR303Test.java:233) advised by before advice from 'com.jcabi.aspects.aj.MethodValidator' (MethodValidator.class(from MethodValidator.java))
[INFO] Join point 'preinitialization(void com.jcabi.aspects.JSR303Test$ConstructorValidation.<init>(java.lang.String))' in Type 'com.jcabi.aspects.JSR303Test$ConstructorValidation' (JSR303Test.java:245) advised by before advice from 'com.jcabi.aspects.aj.MethodValidator' (MethodValidator.class(from MethodValidator.java))
[INFO] Join point 'method-execution(com.jcabi.aspects.LoggableTest$Foo com.jcabi.aspects.LoggableTest$Foo.self())' in Type 'com.jcabi.aspects.LoggableTest$Foo' (LoggableTest.java:248) advised by around advice from 'com.jcabi.aspects.aj.MethodLogger' (MethodLogger.class(from MethodLogger.java))
[INFO] Join point 'method-execution(com.jcabi.aspects.LoggableTest$Foo com.jcabi.aspects.LoggableTest$Foo.self())' in Type 'com.jcabi.aspects.LoggableTest$Foo' (LoggableTest.java:248) advised by around advice from 'com.jcabi.aspects.aj.MethodLogger' (MethodLogger.class(from MethodLogger.java)) [with runtime test]
[INFO] Join point 'method-execution(java.lang.String com.jcabi.aspects.LoggableTest$Foo.text())' in Type 'com.jcabi.aspects.LoggableTest$Foo' (LoggableTest.java:258) advised by around advice from 'com.jcabi.aspects.aj.MethodLogger' (MethodLogger.class(from MethodLogger.java)) [with runtime test]
[INFO] Join point 'method-execution(java.lang.String com.jcabi.aspects.LoggableTest$Foo.text())' in Type 'com.jcabi.aspects.LoggableTest$Foo' (LoggableTest.java:258) advised by around advice from 'com.jcabi.aspects.aj.MethodInterrupter' (MethodInterrupter.class(from MethodInterrupter.java))
[INFO] Join point 'method-execution(java.lang.String com.jcabi.aspects.LoggableTest$Foo.explicitLoggerName())' in Type 'com.jcabi.aspects.LoggableTest$Foo' (LoggableTest.java:268) advised by around advice from 'com.jcabi.aspects.aj.MethodLogger' (MethodLogger.class(from MethodLogger.java))
[INFO] Join point 'method-execution(java.lang.String com.jcabi.aspects.LoggableTest$Foo.explicitLoggerName())' in Type 'com.jcabi.aspects.LoggableTest$Foo' (LoggableTest.java:268) advised by around advice from 'com.jcabi.aspects.aj.MethodLogger' (MethodLogger.class(from MethodLogger.java)) [with runtime test]
[INFO] Join point 'method-execution(java.lang.String com.jcabi.aspects.LoggableTest$Foo.revert(java.lang.String))' in Type 'com.jcabi.aspects.LoggableTest$Foo' (LoggableTest.java:279) advised by around advice from 'com.jcabi.aspects.aj.MethodLogger' (MethodLogger.class(from MethodLogger.java))
[INFO] Join point 'method-execution(java.lang.String com.jcabi.aspects.LoggableTest$Foo.revert(java.lang.String))' in Type 'com.jcabi.aspects.LoggableTest$Foo' (LoggableTest.java:279) advised by around advice from 'com.jcabi.aspects.aj.MethodLogger' (MethodLogger.class(from MethodLogger.java)) [with runtime test]
[INFO] Join point 'method-execution(java.lang.String com.jcabi.aspects.LoggableTest$Foo.revert(java.lang.String))' in Type 'com.jcabi.aspects.LoggableTest$Foo' (LoggableTest.java:279) advised by around advice from 'com.jcabi.aspects.aj.MethodInterrupter' (MethodInterrupter.class(from MethodInterrupter.java))
[INFO] Join point 'method-execution(java.lang.String com.jcabi.aspects.LoggableTest$Foo.logsDurationInSeconds())' in Type 'com.jcabi.aspects.LoggableTest$Foo' (LoggableTest.java:289) advised by around advice from 'com.jcabi.aspects.aj.MethodLogger' (MethodLogger.class(from MethodLogger.java))
[INFO] Join point 'method-execution(java.lang.String com.jcabi.aspects.LoggableTest$Foo.logsDurationInSeconds())' in Type 'com.jcabi.aspects.LoggableTest$Foo' (LoggableTest.java:289) advised by around advice from 'com.jcabi.aspects.aj.MethodLogger' (MethodLogger.class(from MethodLogger.java)) [with runtime test]
[INFO] Join point 'method-execution(byte[] com.jcabi.aspects.LoggableTest$Foo.logsByteArray())' in Type 'com.jcabi.aspects.LoggableTest$Foo' (LoggableTest.java:299) advised by around advice from 'com.jcabi.aspects.aj.MethodLogger' (MethodLogger.class(from MethodLogger.java))
[INFO] Join point 'method-execution(byte[] com.jcabi.aspects.LoggableTest$Foo.logsByteArray())' in Type 'com.jcabi.aspects.LoggableTest$Foo' (LoggableTest.java:299) advised by around advice from 'com.jcabi.aspects.aj.MethodLogger' (MethodLogger.class(from MethodLogger.java)) [with runtime test]
[INFO] Join point 'method-execution(short[] com.jcabi.aspects.LoggableTest$Foo.logsShortArray())' in Type 'com.jcabi.aspects.LoggableTest$Foo' (LoggableTest.java:310) advised by around advice from 'com.jcabi.aspects.aj.MethodLogger' (MethodLogger.class(from MethodLogger.java))
[INFO] Join point 'method-execution(short[] com.jcabi.aspects.LoggableTest$Foo.logsShortArray())' in Type 'com.jcabi.aspects.LoggableTest$Foo' (LoggableTest.java:310) advised by around advice from 'com.jcabi.aspects.aj.MethodLogger' (MethodLogger.class(from MethodLogger.java)) [with runtime test]
[INFO] Join point 'method-execution(java.lang.String com.jcabi.aspects.LoggableTest$Foo.last(java.lang.String))' in Type 'com.jcabi.aspects.LoggableTest$Foo' (LoggableTest.java:325) advised by around advice from 'com.jcabi.aspects.aj.MethodLogger' (MethodLogger.class(from MethodLogger.java))
[INFO] Join point 'method-execution(java.lang.String com.jcabi.aspects.LoggableTest$Foo.last(java.lang.String))' in Type 'com.jcabi.aspects.LoggableTest$Foo' (LoggableTest.java:325) advised by around advice from 'com.jcabi.aspects.aj.MethodLogger' (MethodLogger.class(from MethodLogger.java)) [with runtime test]
[INFO] Join point 'method-execution(void com.jcabi.aspects.LoggableTest$Foo.doThrow())' in Type 'com.jcabi.aspects.LoggableTest$Foo' (LoggableTest.java:341) advised by around advice from 'com.jcabi.aspects.aj.MethodLogger' (MethodLogger.class(from MethodLogger.java))
[INFO] Join point 'method-execution(void com.jcabi.aspects.UnitedThrowTest$Thrower.save())' in Type 'com.jcabi.aspects.UnitedThrowTest$Thrower' (UnitedThrowTest.java:113) advised by around advice from 'com.jcabi.aspects.aj.SingleException' (SingleException.class(from SingleException.java))
[INFO] Join point 'method-execution(void com.jcabi.aspects.UnitedThrowTest$Thrower.file())' in Type 'com.jcabi.aspects.UnitedThrowTest$Thrower' (UnitedThrowTest.java:122) advised by around advice from 'com.jcabi.aspects.aj.SingleException' (SingleException.class(from SingleException.java))
[INFO] Join point 'method-execution(void com.jcabi.aspects.UnitedThrowTest$Thrower.multiple())' in Type 'com.jcabi.aspects.UnitedThrowTest$Thrower' (UnitedThrowTest.java:131) advised by around advice from 'com.jcabi.aspects.aj.SingleException' (SingleException.class(from SingleException.java))
[INFO] Join point 'method-execution(void com.jcabi.aspects.UnitedThrowTest$Thrower.def())' in Type 'com.jcabi.aspects.UnitedThrowTest$Thrower' (UnitedThrowTest.java:139) advised by around advice from 'com.jcabi.aspects.aj.SingleException' (SingleException.class(from SingleException.java))
[INFO] Join point 'method-execution(void com.jcabi.aspects.UnitedThrowTest$Thrower.encapsulate())' in Type 'com.jcabi.aspects.UnitedThrowTest$Thrower' (UnitedThrowTest.java:147) advised by around advice from 'com.jcabi.aspects.aj.SingleException' (SingleException.class(from SingleException.java))
[INFO] Join point 'method-execution(long com.jcabi.aspects.CacheableTest$Bar.get())' in Type 'com.jcabi.aspects.CacheableTest$Bar' (CacheableTest.java:292) advised by around advice from 'com.jcabi.aspects.aj.MethodCacher' (MethodCacher.class(from MethodCacher.java))
[INFO] Join point 'method-execution(java.lang.String com.jcabi.aspects.CacheableTest$Foo.toString())' in Type 'com.jcabi.aspects.CacheableTest$Foo' (CacheableTest.java:217) advised by around advice from 'com.jcabi.aspects.aj.MethodLogger' (MethodLogger.class(from MethodLogger.java))
[INFO] Join point 'method-execution(java.lang.String com.jcabi.aspects.CacheableTest$Foo.toString())' in Type 'com.jcabi.aspects.CacheableTest$Foo' (CacheableTest.java:217) advised by around advice from 'com.jcabi.aspects.aj.MethodCacher' (MethodCacher.class(from MethodCacher.java))
[INFO] Join point 'method-execution(com.jcabi.aspects.CacheableTest$Foo com.jcabi.aspects.CacheableTest$Foo.get())' in Type 'com.jcabi.aspects.CacheableTest$Foo' (CacheableTest.java:227) advised by around advice from 'com.jcabi.aspects.aj.MethodLogger' (MethodLogger.class(from MethodLogger.java))
[INFO] Join point 'method-execution(com.jcabi.aspects.CacheableTest$Foo com.jcabi.aspects.CacheableTest$Foo.get())' in Type 'com.jcabi.aspects.CacheableTest$Foo' (CacheableTest.java:227) advised by around advice from 'com.jcabi.aspects.aj.MethodCacher' (MethodCacher.class(from MethodCacher.java))
[INFO] Join point 'method-execution(com.jcabi.aspects.CacheableTest$Foo com.jcabi.aspects.CacheableTest$Foo.asyncGet())' in Type 'com.jcabi.aspects.CacheableTest$Foo' (CacheableTest.java:237) advised by around advice from 'com.jcabi.aspects.aj.MethodLogger' (MethodLogger.class(from MethodLogger.java))
[INFO] Join point 'method-execution(com.jcabi.aspects.CacheableTest$Foo com.jcabi.aspects.CacheableTest$Foo.asyncGet())' in Type 'com.jcabi.aspects.CacheableTest$Foo' (CacheableTest.java:237) advised by around advice from 'com.jcabi.aspects.aj.MethodCacher' (MethodCacher.class(from MethodCacher.java))
[INFO] Join point 'method-execution(com.jcabi.aspects.CacheableTest$Foo com.jcabi.aspects.CacheableTest$Foo.never())' in Type 'com.jcabi.aspects.CacheableTest$Foo' (CacheableTest.java:247) advised by around advice from 'com.jcabi.aspects.aj.MethodLogger' (MethodLogger.class(from MethodLogger.java))
[INFO] Join point 'method-execution(com.jcabi.aspects.CacheableTest$Foo com.jcabi.aspects.CacheableTest$Foo.never())' in Type 'com.jcabi.aspects.CacheableTest$Foo' (CacheableTest.java:247) advised by around advice from 'com.jcabi.aspects.aj.MethodCacher' (MethodCacher.class(from MethodCacher.java))
[INFO] Join point 'method-execution(void com.jcabi.aspects.CacheableTest$Foo.flush())' in Type 'com.jcabi.aspects.CacheableTest$Foo' (CacheableTest.java:260) advised by before advice from 'com.jcabi.aspects.aj.MethodCacher' (MethodCacher.class(from MethodCacher.java))
[INFO] Join point 'method-execution(java.lang.String com.jcabi.aspects.CacheableTest$Foo.staticGet())' in Type 'com.jcabi.aspects.CacheableTest$Foo' (CacheableTest.java:269) advised by around advice from 'com.jcabi.aspects.aj.MethodCacher' (MethodCacher.class(from MethodCacher.java))
[INFO] Join point 'method-execution(void com.jcabi.aspects.CacheableTest$Foo.staticFlush())' in Type 'com.jcabi.aspects.CacheableTest$Foo' (CacheableTest.java:277) advised by before advice from 'com.jcabi.aspects.aj.MethodCacher' (MethodCacher.class(from MethodCacher.java))
[INFO] 
[INFO] --- maven-surefire-plugin:3.0.0-M7:test (default-test) @ jcabi-aspects ---
[INFO] Tests will run in random order. To reproduce ordering use flag -Dsurefire.runOrder.random.seed=19968199372236296
[INFO] Using auto detected provider org.apache.maven.surefire.junitplatform.JUnitPlatformProvider
[INFO] 
[INFO] -------------------------------------------------------
[INFO]  T E S T S
[INFO] -------------------------------------------------------
[INFO] Running com.jcabi.aspects.aj.ParallelizerTest
[[2;37mDEBUG[m] main com.jcabi.aspects.aj.ImmutabilityChecker: #check(class com.jcabi.aspects.aj.Parallelizer): immutability checked
[INFO] Tests run: 2, Failures: 0, Errors: 0, Skipped: 0, Time elapsed: 0.103 s - in com.jcabi.aspects.aj.ParallelizerTest
[INFO] Running com.jcabi.aspects.version.VersionTest
[INFO] Tests run: 2, Failures: 0, Errors: 0, Skipped: 0, Time elapsed: 0.002 s - in com.jcabi.aspects.version.VersionTest
[INFO] Running com.jcabi.aspects.ImmutableTest
[[2;37mDEBUG[m] main com.jcabi.aspects.aj.ImmutabilityChecker: #check(class com.jcabi.aspects.ImmutableTest$TruelyImmutableWithNonPrivateFields): immutability checked
[[2;37mDEBUG[m] main com.jcabi.aspects.aj.ImmutabilityChecker: #check(class com.jcabi.aspects.ImmutableTest$TruelyImmutable): immutability checked
[INFO] Tests run: 6, Failures: 0, Errors: 0, Skipped: 0, Time elapsed: 0.011 s - in com.jcabi.aspects.ImmutableTest
[INFO] Running com.jcabi.aspects.aj.ImmutabilityCheckerTest
[[2;37mDEBUG[m] main com.jcabi.aspects.aj.ImmutabilityChecker: #check(class com.jcabi.aspects.aj.ImmutabilityCheckerTest$Recursive): immutability checked
[INFO] Tests run: 2, Failures: 0, Errors: 0, Skipped: 0, Time elapsed: 0.002 s - in com.jcabi.aspects.aj.ImmutabilityCheckerTest
[INFO] Running com.jcabi.aspects.JSR303Test
[[0;37mINFO[m] main com.jcabi.aspects.aj.NamedThreads: jcabi-aspects 1.0-SNAPSHOT/28152ab started new daemon thread jcabi-loggable for watching of @Loggable annotated methods
[[0;37mINFO[m] main com.jcabi.aspects.JSR303Test$Foo: #voidAlways(): in 999.25Âµs
[[0;37mINFO[m] main com.jcabi.aspects.JSR303Test$Foo: #nullValue(): NULL in 25.70Âµs
[ERROR] Tests run: 9, Failures: 0, Errors: 6, Skipped: 2, Time elapsed: 0.03 s <<< FAILURE! - in com.jcabi.aspects.JSR303Test
[ERROR] com.jcabi.aspects.JSR303Test.skipsConstraintRule  Time elapsed: 0.003 s  <<< ERROR!
org.aspectj.lang.NoAspectBoundException: Exception while initializing com.jcabi.aspects.aj.MethodValidator: javax.validation.NoProviderFoundException: Unable to create a Configuration, because no Bean Validation provider could be found. Add a provider like Hibernate Validator (RI) to your classpath.
	at com.jcabi.aspects.aj.MethodValidator.aspectOf(MethodValidator.java:1)
	at com.jcabi.aspects.JSR303Test$Bar.test(JSR303Test.java:260)
	at com.jcabi.aspects.JSR303Test.skipsConstraintRule(JSR303Test.java:155)
	at java.base/jdk.internal.reflect.NativeMethodAccessorImpl.invoke0(Native Method)
	at java.base/jdk.internal.reflect.NativeMethodAccessorImpl.invoke(NativeMethodAccessorImpl.java:62)
	at java.base/jdk.internal.reflect.DelegatingMethodAccessorImpl.invoke(DelegatingMethodAccessorImpl.java:43)
	at java.base/java.lang.reflect.Method.invoke(Method.java:566)
	at org.junit.platform.commons.util.ReflectionUtils.invokeMethod(ReflectionUtils.java:686)
	at org.junit.jupiter.engine.execution.MethodInvocation.proceed(MethodInvocation.java:60)
	at org.junit.jupiter.engine.execution.InvocationInterceptorChain$ValidatingInvocation.proceed(InvocationInterceptorChain.java:131)
	at org.junit.jupiter.engine.extension.TimeoutExtension.intercept(TimeoutExtension.java:149)
	at org.junit.jupiter.engine.extension.TimeoutExtension.interceptTestableMethod(TimeoutExtension.java:140)
	at org.junit.jupiter.engine.extension.TimeoutExtension.interceptTestMethod(TimeoutExtension.java:84)
	at org.junit.jupiter.engine.execution.ExecutableInvoker$ReflectiveInterceptorCall.lambda$ofVoidMethod$0(ExecutableInvoker.java:115)
	at org.junit.jupiter.engine.execution.ExecutableInvoker.lambda$invoke$0(ExecutableInvoker.java:105)
	at org.junit.jupiter.engine.execution.InvocationInterceptorChain$InterceptedInvocation.proceed(InvocationInterceptorChain.java:106)
	at org.junit.jupiter.engine.execution.InvocationInterceptorChain.proceed(InvocationInterceptorChain.java:64)
	at org.junit.jupiter.engine.execution.InvocationInterceptorChain.chainAndInvoke(InvocationInterceptorChain.java:45)
	at org.junit.jupiter.engine.execution.InvocationInterceptorChain.invoke(InvocationInterceptorChain.java:37)
	at org.junit.jupiter.engine.execution.ExecutableInvoker.invoke(ExecutableInvoker.java:104)
	at org.junit.jupiter.engine.execution.ExecutableInvoker.invoke(ExecutableInvoker.java:98)
	at org.junit.jupiter.engine.descriptor.TestMethodTestDescriptor.lambda$invokeTestMethod$6(TestMethodTestDescriptor.java:212)
	at org.junit.platform.engine.support.hierarchical.ThrowableCollector.execute(ThrowableCollector.java:73)
	at org.junit.jupiter.engine.descriptor.TestMethodTestDescriptor.invokeTestMethod(TestMethodTestDescriptor.java:208)
	at org.junit.jupiter.engine.descriptor.TestMethodTestDescriptor.execute(TestMethodTestDescriptor.java:137)
	at org.junit.jupiter.engine.descriptor.TestMethodTestDescriptor.execute(TestMethodTestDescriptor.java:71)
	at org.junit.platform.engine.support.hierarchical.NodeTestTask.lambda$executeRecursively$5(NodeTestTask.java:135)
	at org.junit.platform.engine.support.hierarchical.ThrowableCollector.execute(ThrowableCollector.java:73)
	at org.junit.platform.engine.support.hierarchical.NodeTestTask.lambda$executeRecursively$7(NodeTestTask.java:125)
	at org.junit.platform.engine.support.hierarchical.Node.around(Node.java:135)
	at org.junit.platform.engine.support.hierarchical.NodeTestTask.lambda$executeRecursively$8(NodeTestTask.java:123)
	at org.junit.platform.engine.support.hierarchical.ThrowableCollector.execute(ThrowableCollector.java:73)
	at org.junit.platform.engine.support.hierarchical.NodeTestTask.executeRecursively(NodeTestTask.java:122)
	at org.junit.platform.engine.support.hierarchical.NodeTestTask.execute(NodeTestTask.java:80)
	at java.base/java.util.ArrayList.forEach(ArrayList.java:1541)
	at org.junit.platform.engine.support.hierarchical.SameThreadHierarchicalTestExecutorService.invokeAll(SameThreadHierarchicalTestExecutorService.java:38)
	at org.junit.platform.engine.support.hierarchical.NodeTestTask.lambda$executeRecursively$5(NodeTestTask.java:139)
	at org.junit.platform.engine.support.hierarchical.ThrowableCollector.execute(ThrowableCollector.java:73)
	at org.junit.platform.engine.support.hierarchical.NodeTestTask.lambda$executeRecursively$7(NodeTestTask.java:125)
	at org.junit.platform.engine.support.hierarchical.Node.around(Node.java:135)
	at org.junit.platform.engine.support.hierarchical.NodeTestTask.lambda$executeRecursively$8(NodeTestTask.java:123)
	at org.junit.platform.engine.support.hierarchical.ThrowableCollector.execute(ThrowableCollector.java:73)
	at org.junit.platform.engine.support.hierarchical.NodeTestTask.executeRecursively(NodeTestTask.java:122)
	at org.junit.platform.engine.support.hierarchical.NodeTestTask.execute(NodeTestTask.java:80)
	at java.base/java.util.ArrayList.forEach(ArrayList.java:1541)
	at org.junit.platform.engine.support.hierarchical.SameThreadHierarchicalTestExecutorService.invokeAll(SameThreadHierarchicalTestExecutorService.java:38)
	at org.junit.platform.engine.support.hierarchical.NodeTestTask.lambda$executeRecursively$5(NodeTestTask.java:139)
	at org.junit.platform.engine.support.hierarchical.ThrowableCollector.execute(ThrowableCollector.java:73)
	at org.junit.platform.engine.support.hierarchical.NodeTestTask.lambda$executeRecursively$7(NodeTestTask.java:125)
	at org.junit.platform.engine.support.hierarchical.Node.around(Node.java:135)
	at org.junit.platform.engine.support.hierarchical.NodeTestTask.lambda$executeRecursively$8(NodeTestTask.java:123)
	at org.junit.platform.engine.support.hierarchical.ThrowableCollector.execute(ThrowableCollector.java:73)
	at org.junit.platform.engine.support.hierarchical.NodeTestTask.executeRecursively(NodeTestTask.java:122)
	at org.junit.platform.engine.support.hierarchical.NodeTestTask.execute(NodeTestTask.java:80)
	at org.junit.platform.engine.support.hierarchical.SameThreadHierarchicalTestExecutorService.submit(SameThreadHierarchicalTestExecutorService.java:32)
	at org.junit.platform.engine.support.hierarchical.HierarchicalTestExecutor.execute(HierarchicalTestExecutor.java:57)
	at org.junit.platform.engine.support.hierarchical.HierarchicalTestEngine.execute(HierarchicalTestEngine.java:51)
	at org.junit.platform.launcher.core.DefaultLauncher.execute(DefaultLauncher.java:248)
	at org.junit.platform.launcher.core.DefaultLauncher.lambda$execute$5(DefaultLauncher.java:211)
	at org.junit.platform.launcher.core.DefaultLauncher.withInterceptedStreams(DefaultLauncher.java:226)
	at org.junit.platform.launcher.core.DefaultLauncher.execute(DefaultLauncher.java:199)
	at org.junit.platform.launcher.core.DefaultLauncher.execute(DefaultLauncher.java:132)
	at org.apache.maven.surefire.junitplatform.LazyLauncher.execute(LazyLauncher.java:55)
	at org.apache.maven.surefire.junitplatform.JUnitPlatformProvider.execute(JUnitPlatformProvider.java:223)
	at org.apache.maven.surefire.junitplatform.JUnitPlatformProvider.invokeAllTests(JUnitPlatformProvider.java:175)
	at org.apache.maven.surefire.junitplatform.JUnitPlatformProvider.invoke(JUnitPlatformProvider.java:139)
	at org.apache.maven.surefire.booter.ForkedBooter.runSuitesInProcess(ForkedBooter.java:456)
	at org.apache.maven.surefire.booter.ForkedBooter.execute(ForkedBooter.java:169)
	at org.apache.maven.surefire.booter.ForkedBooter.run(ForkedBooter.java:595)
	at org.apache.maven.surefire.booter.ForkedBooter.main(ForkedBooter.java:581)
Caused by: javax.validation.NoProviderFoundException: Unable to create a Configuration, because no Bean Validation provider could be found. Add a provider like Hibernate Validator (RI) to your classpath.
	at javax.validation.Validation$GenericBootstrapImpl.configure(Validation.java:291)
	at javax.validation.Validation.buildDefaultValidatorFactory(Validation.java:103)
	at com.jcabi.aspects.aj.MethodValidator.<init>(MethodValidator.java:70)
	at com.jcabi.aspects.aj.MethodValidator.ajc$postClinit(MethodValidator.java:1)
	at com.jcabi.aspects.aj.MethodValidator.<clinit>(MethodValidator.java:1)
	... 69 more

[ERROR] com.jcabi.aspects.JSR303Test.throwsWhenRegularExpressionDoesntMatch  Time elapsed: 0.001 s  <<< ERROR!
java.lang.NoClassDefFoundError: org/junit/platform/commons/util/UnrecoverableExceptions
	at org.junit.jupiter.api.AssertThrows.assertThrows(AssertThrows.java:62)
	at org.junit.jupiter.api.AssertThrows.assertThrows(AssertThrows.java:37)
	at org.junit.jupiter.api.Assertions.assertThrows(Assertions.java:3082)
	at com.jcabi.aspects.JSR303Test.throwsWhenRegularExpressionDoesntMatch(JSR303Test.java:76)
	at java.base/jdk.internal.reflect.NativeMethodAccessorImpl.invoke0(Native Method)
	at java.base/jdk.internal.reflect.NativeMethodAccessorImpl.invoke(NativeMethodAccessorImpl.java:62)
	at java.base/jdk.internal.reflect.DelegatingMethodAccessorImpl.invoke(DelegatingMethodAccessorImpl.java:43)
	at java.base/java.lang.reflect.Method.invoke(Method.java:566)
	at org.junit.platform.commons.util.ReflectionUtils.invokeMethod(ReflectionUtils.java:686)
	at org.junit.jupiter.engine.execution.MethodInvocation.proceed(MethodInvocation.java:60)
	at org.junit.jupiter.engine.execution.InvocationInterceptorChain$ValidatingInvocation.proceed(InvocationInterceptorChain.java:131)
	at org.junit.jupiter.engine.extension.TimeoutExtension.intercept(TimeoutExtension.java:149)
	at org.junit.jupiter.engine.extension.TimeoutExtension.interceptTestableMethod(TimeoutExtension.java:140)
	at org.junit.jupiter.engine.extension.TimeoutExtension.interceptTestMethod(TimeoutExtension.java:84)
	at org.junit.jupiter.engine.execution.ExecutableInvoker$ReflectiveInterceptorCall.lambda$ofVoidMethod$0(ExecutableInvoker.java:115)
	at org.junit.jupiter.engine.execution.ExecutableInvoker.lambda$invoke$0(ExecutableInvoker.java:105)
	at org.junit.jupiter.engine.execution.InvocationInterceptorChain$InterceptedInvocation.proceed(InvocationInterceptorChain.java:106)
	at org.junit.jupiter.engine.execution.InvocationInterceptorChain.proceed(InvocationInterceptorChain.java:64)
	at org.junit.jupiter.engine.execution.InvocationInterceptorChain.chainAndInvoke(InvocationInterceptorChain.java:45)
	at org.junit.jupiter.engine.execution.InvocationInterceptorChain.invoke(InvocationInterceptorChain.java:37)
	at org.junit.jupiter.engine.execution.ExecutableInvoker.invoke(ExecutableInvoker.java:104)
	at org.junit.jupiter.engine.execution.ExecutableInvoker.invoke(ExecutableInvoker.java:98)
	at org.junit.jupiter.engine.descriptor.TestMethodTestDescriptor.lambda$invokeTestMethod$6(TestMethodTestDescriptor.java:212)
	at org.junit.platform.engine.support.hierarchical.ThrowableCollector.execute(ThrowableCollector.java:73)
	at org.junit.jupiter.engine.descriptor.TestMethodTestDescriptor.invokeTestMethod(TestMethodTestDescriptor.java:208)
	at org.junit.jupiter.engine.descriptor.TestMethodTestDescriptor.execute(TestMethodTestDescriptor.java:137)
	at org.junit.jupiter.engine.descriptor.TestMethodTestDescriptor.execute(TestMethodTestDescriptor.java:71)
	at org.junit.platform.engine.support.hierarchical.NodeTestTask.lambda$executeRecursively$5(NodeTestTask.java:135)
	at org.junit.platform.engine.support.hierarchical.ThrowableCollector.execute(ThrowableCollector.java:73)
	at org.junit.platform.engine.support.hierarchical.NodeTestTask.lambda$executeRecursively$7(NodeTestTask.java:125)
	at org.junit.platform.engine.support.hierarchical.Node.around(Node.java:135)
	at org.junit.platform.engine.support.hierarchical.NodeTestTask.lambda$executeRecursively$8(NodeTestTask.java:123)
	at org.junit.platform.engine.support.hierarchical.ThrowableCollector.execute(ThrowableCollector.java:73)
	at org.junit.platform.engine.support.hierarchical.NodeTestTask.executeRecursively(NodeTestTask.java:122)
	at org.junit.platform.engine.support.hierarchical.NodeTestTask.execute(NodeTestTask.java:80)
	at java.base/java.util.ArrayList.forEach(ArrayList.java:1541)
	at org.junit.platform.engine.support.hierarchical.SameThreadHierarchicalTestExecutorService.invokeAll(SameThreadHierarchicalTestExecutorService.java:38)
	at org.junit.platform.engine.support.hierarchical.NodeTestTask.lambda$executeRecursively$5(NodeTestTask.java:139)
	at org.junit.platform.engine.support.hierarchical.ThrowableCollector.execute(ThrowableCollector.java:73)
	at org.junit.platform.engine.support.hierarchical.NodeTestTask.lambda$executeRecursively$7(NodeTestTask.java:125)
	at org.junit.platform.engine.support.hierarchical.Node.around(Node.java:135)
	at org.junit.platform.engine.support.hierarchical.NodeTestTask.lambda$executeRecursively$8(NodeTestTask.java:123)
	at org.junit.platform.engine.support.hierarchical.ThrowableCollector.execute(ThrowableCollector.java:73)
	at org.junit.platform.engine.support.hierarchical.NodeTestTask.executeRecursively(NodeTestTask.java:122)
	at org.junit.platform.engine.support.hierarchical.NodeTestTask.execute(NodeTestTask.java:80)
	at java.base/java.util.ArrayList.forEach(ArrayList.java:1541)
	at org.junit.platform.engine.support.hierarchical.SameThreadHierarchicalTestExecutorService.invokeAll(SameThreadHierarchicalTestExecutorService.java:38)
	at org.junit.platform.engine.support.hierarchical.NodeTestTask.lambda$executeRecursively$5(NodeTestTask.java:139)
	at org.junit.platform.engine.support.hierarchical.ThrowableCollector.execute(ThrowableCollector.java:73)
	at org.junit.platform.engine.support.hierarchical.NodeTestTask.lambda$executeRecursively$7(NodeTestTask.java:125)
	at org.junit.platform.engine.support.hierarchical.Node.around(Node.java:135)
	at org.junit.platform.engine.support.hierarchical.NodeTestTask.lambda$executeRecursively$8(NodeTestTask.java:123)
	at org.junit.platform.engine.support.hierarchical.ThrowableCollector.execute(ThrowableCollector.java:73)
	at org.junit.platform.engine.support.hierarchical.NodeTestTask.executeRecursively(NodeTestTask.java:122)
	at org.junit.platform.engine.support.hierarchical.NodeTestTask.execute(NodeTestTask.java:80)
	at org.junit.platform.engine.support.hierarchical.SameThreadHierarchicalTestExecutorService.submit(SameThreadHierarchicalTestExecutorService.java:32)
	at org.junit.platform.engine.support.hierarchical.HierarchicalTestExecutor.execute(HierarchicalTestExecutor.java:57)
	at org.junit.platform.engine.support.hierarchical.HierarchicalTestEngine.execute(HierarchicalTestEngine.java:51)
	at org.junit.platform.launcher.core.DefaultLauncher.execute(DefaultLauncher.java:248)
	at org.junit.platform.launcher.core.DefaultLauncher.lambda$execute$5(DefaultLauncher.java:211)
	at org.junit.platform.launcher.core.DefaultLauncher.withInterceptedStreams(DefaultLauncher.java:226)
	at org.junit.platform.launcher.core.DefaultLauncher.execute(DefaultLauncher.java:199)
	at org.junit.platform.launcher.core.DefaultLauncher.execute(DefaultLauncher.java:132)
	at org.apache.maven.surefire.junitplatform.LazyLauncher.execute(LazyLauncher.java:55)
	at org.apache.maven.surefire.junitplatform.JUnitPlatformProvider.execute(JUnitPlatformProvider.java:223)
	at org.apache.maven.surefire.junitplatform.JUnitPlatformProvider.invokeAllTests(JUnitPlatformProvider.java:175)
	at org.apache.maven.surefire.junitplatform.JUnitPlatformProvider.invoke(JUnitPlatformProvider.java:139)
	at org.apache.maven.surefire.booter.ForkedBooter.runSuitesInProcess(ForkedBooter.java:456)
	at org.apache.maven.surefire.booter.ForkedBooter.execute(ForkedBooter.java:169)
	at org.apache.maven.surefire.booter.ForkedBooter.run(ForkedBooter.java:595)
	at org.apache.maven.surefire.booter.ForkedBooter.main(ForkedBooter.java:581)
Caused by: java.lang.ClassNotFoundException: org.junit.platform.commons.util.UnrecoverableExceptions
	at java.base/jdk.internal.loader.BuiltinClassLoader.loadClass(BuiltinClassLoader.java:581)
	at java.base/jdk.internal.loader.ClassLoaders$AppClassLoader.loadClass(ClassLoaders.java:178)
	at java.base/java.lang.ClassLoader.loadClass(ClassLoader.java:522)
	... 71 more

[ERROR] com.jcabi.aspects.JSR303Test.validatesOutputForNonNull  Time elapsed: 0.003 s  <<< ERROR!
java.lang.NoClassDefFoundError: org/junit/platform/commons/util/UnrecoverableExceptions
	at org.junit.jupiter.api.AssertThrows.assertThrows(AssertThrows.java:62)
	at org.junit.jupiter.api.AssertThrows.assertThrows(AssertThrows.java:37)
	at org.junit.jupiter.api.Assertions.assertThrows(Assertions.java:3082)
	at com.jcabi.aspects.JSR303Test.validatesOutputForNonNull(JSR303Test.java:95)
	at java.base/jdk.internal.reflect.NativeMethodAccessorImpl.invoke0(Native Method)
	at java.base/jdk.internal.reflect.NativeMethodAccessorImpl.invoke(NativeMethodAccessorImpl.java:62)
	at java.base/jdk.internal.reflect.DelegatingMethodAccessorImpl.invoke(DelegatingMethodAccessorImpl.java:43)
	at java.base/java.lang.reflect.Method.invoke(Method.java:566)
	at org.junit.platform.commons.util.ReflectionUtils.invokeMethod(ReflectionUtils.java:686)
	at org.junit.jupiter.engine.execution.MethodInvocation.proceed(MethodInvocation.java:60)
	at org.junit.jupiter.engine.execution.InvocationInterceptorChain$ValidatingInvocation.proceed(InvocationInterceptorChain.java:131)
	at org.junit.jupiter.engine.extension.TimeoutExtension.intercept(TimeoutExtension.java:149)
	at org.junit.jupiter.engine.extension.TimeoutExtension.interceptTestableMethod(TimeoutExtension.java:140)
	at org.junit.jupiter.engine.extension.TimeoutExtension.interceptTestMethod(TimeoutExtension.java:84)
	at org.junit.jupiter.engine.execution.ExecutableInvoker$ReflectiveInterceptorCall.lambda$ofVoidMethod$0(ExecutableInvoker.java:115)
	at org.junit.jupiter.engine.execution.ExecutableInvoker.lambda$invoke$0(ExecutableInvoker.java:105)
	at org.junit.jupiter.engine.execution.InvocationInterceptorChain$InterceptedInvocation.proceed(InvocationInterceptorChain.java:106)
	at org.junit.jupiter.engine.execution.InvocationInterceptorChain.proceed(InvocationInterceptorChain.java:64)
	at org.junit.jupiter.engine.execution.InvocationInterceptorChain.chainAndInvoke(InvocationInterceptorChain.java:45)
	at org.junit.jupiter.engine.execution.InvocationInterceptorChain.invoke(InvocationInterceptorChain.java:37)
	at org.junit.jupiter.engine.execution.ExecutableInvoker.invoke(ExecutableInvoker.java:104)
	at org.junit.jupiter.engine.execution.ExecutableInvoker.invoke(ExecutableInvoker.java:98)
	at org.junit.jupiter.engine.descriptor.TestMethodTestDescriptor.lambda$invokeTestMethod$6(TestMethodTestDescriptor.java:212)
	at org.junit.platform.engine.support.hierarchical.ThrowableCollector.execute(ThrowableCollector.java:73)
	at org.junit.jupiter.engine.descriptor.TestMethodTestDescriptor.invokeTestMethod(TestMethodTestDescriptor.java:208)
	at org.junit.jupiter.engine.descriptor.TestMethodTestDescriptor.execute(TestMethodTestDescriptor.java:137)
	at org.junit.jupiter.engine.descriptor.TestMethodTestDescriptor.execute(TestMethodTestDescriptor.java:71)
	at org.junit.platform.engine.support.hierarchical.NodeTestTask.lambda$executeRecursively$5(NodeTestTask.java:135)
	at org.junit.platform.engine.support.hierarchical.ThrowableCollector.execute(ThrowableCollector.java:73)
	at org.junit.platform.engine.support.hierarchical.NodeTestTask.lambda$executeRecursively$7(NodeTestTask.java:125)
	at org.junit.platform.engine.support.hierarchical.Node.around(Node.java:135)
	at org.junit.platform.engine.support.hierarchical.NodeTestTask.lambda$executeRecursively$8(NodeTestTask.java:123)
	at org.junit.platform.engine.support.hierarchical.ThrowableCollector.execute(ThrowableCollector.java:73)
	at org.junit.platform.engine.support.hierarchical.NodeTestTask.executeRecursively(NodeTestTask.java:122)
	at org.junit.platform.engine.support.hierarchical.NodeTestTask.execute(NodeTestTask.java:80)
	at java.base/java.util.ArrayList.forEach(ArrayList.java:1541)
	at org.junit.platform.engine.support.hierarchical.SameThreadHierarchicalTestExecutorService.invokeAll(SameThreadHierarchicalTestExecutorService.java:38)
	at org.junit.platform.engine.support.hierarchical.NodeTestTask.lambda$executeRecursively$5(NodeTestTask.java:139)
	at org.junit.platform.engine.support.hierarchical.ThrowableCollector.execute(ThrowableCollector.java:73)
	at org.junit.platform.engine.support.hierarchical.NodeTestTask.lambda$executeRecursively$7(NodeTestTask.java:125)
	at org.junit.platform.engine.support.hierarchical.Node.around(Node.java:135)
	at org.junit.platform.engine.support.hierarchical.NodeTestTask.lambda$executeRecursively$8(NodeTestTask.java:123)
	at org.junit.platform.engine.support.hierarchical.ThrowableCollector.execute(ThrowableCollector.java:73)
	at org.junit.platform.engine.support.hierarchical.NodeTestTask.executeRecursively(NodeTestTask.java:122)
	at org.junit.platform.engine.support.hierarchical.NodeTestTask.execute(NodeTestTask.java:80)
	at java.base/java.util.ArrayList.forEach(ArrayList.java:1541)
	at org.junit.platform.engine.support.hierarchical.SameThreadHierarchicalTestExecutorService.invokeAll(SameThreadHierarchicalTestExecutorService.java:38)
	at org.junit.platform.engine.support.hierarchical.NodeTestTask.lambda$executeRecursively$5(NodeTestTask.java:139)
	at org.junit.platform.engine.support.hierarchical.ThrowableCollector.execute(ThrowableCollector.java:73)
	at org.junit.platform.engine.support.hierarchical.NodeTestTask.lambda$executeRecursively$7(NodeTestTask.java:125)
	at org.junit.platform.engine.support.hierarchical.Node.around(Node.java:135)
	at org.junit.platform.engine.support.hierarchical.NodeTestTask.lambda$executeRecursively$8(NodeTestTask.java:123)
	at org.junit.platform.engine.support.hierarchical.ThrowableCollector.execute(ThrowableCollector.java:73)
	at org.junit.platform.engine.support.hierarchical.NodeTestTask.executeRecursively(NodeTestTask.java:122)
	at org.junit.platform.engine.support.hierarchical.NodeTestTask.execute(NodeTestTask.java:80)
	at org.junit.platform.engine.support.hierarchical.SameThreadHierarchicalTestExecutorService.submit(SameThreadHierarchicalTestExecutorService.java:32)
	at org.junit.platform.engine.support.hierarchical.HierarchicalTestExecutor.execute(HierarchicalTestExecutor.java:57)
	at org.junit.platform.engine.support.hierarchical.HierarchicalTestEngine.execute(HierarchicalTestEngine.java:51)
	at org.junit.platform.launcher.core.DefaultLauncher.execute(DefaultLauncher.java:248)
	at org.junit.platform.launcher.core.DefaultLauncher.lambda$execute$5(DefaultLauncher.java:211)
	at org.junit.platform.launcher.core.DefaultLauncher.withInterceptedStreams(DefaultLauncher.java:226)
	at org.junit.platform.launcher.core.DefaultLauncher.execute(DefaultLauncher.java:199)
	at org.junit.platform.launcher.core.DefaultLauncher.execute(DefaultLauncher.java:132)
	at org.apache.maven.surefire.junitplatform.LazyLauncher.execute(LazyLauncher.java:55)
	at org.apache.maven.surefire.junitplatform.JUnitPlatformProvider.execute(JUnitPlatformProvider.java:223)
	at org.apache.maven.surefire.junitplatform.JUnitPlatformProvider.invokeAllTests(JUnitPlatformProvider.java:175)
	at org.apache.maven.surefire.junitplatform.JUnitPlatformProvider.invoke(JUnitPlatformProvider.java:139)
	at org.apache.maven.surefire.booter.ForkedBooter.runSuitesInProcess(ForkedBooter.java:456)
	at org.apache.maven.surefire.booter.ForkedBooter.execute(ForkedBooter.java:169)
	at org.apache.maven.surefire.booter.ForkedBooter.run(ForkedBooter.java:595)
	at org.apache.maven.surefire.booter.ForkedBooter.main(ForkedBooter.java:581)

[ERROR] com.jcabi.aspects.JSR303Test.overridesMessage  Time elapsed: 0.001 s  <<< ERROR!
java.lang.NoClassDefFoundError: org/junit/platform/commons/util/UnrecoverableExceptions
	at org.junit.jupiter.api.AssertThrows.assertThrows(AssertThrows.java:62)
	at org.junit.jupiter.api.AssertThrows.assertThrows(AssertThrows.java:37)
	at org.junit.jupiter.api.Assertions.assertThrows(Assertions.java:3082)
	at com.jcabi.aspects.JSR303Test.overridesMessage(JSR303Test.java:139)
	at java.base/jdk.internal.reflect.NativeMethodAccessorImpl.invoke0(Native Method)
	at java.base/jdk.internal.reflect.NativeMethodAccessorImpl.invoke(NativeMethodAccessorImpl.java:62)
	at java.base/jdk.internal.reflect.DelegatingMethodAccessorImpl.invoke(DelegatingMethodAccessorImpl.java:43)
	at java.base/java.lang.reflect.Method.invoke(Method.java:566)
	at org.junit.platform.commons.util.ReflectionUtils.invokeMethod(ReflectionUtils.java:686)
	at org.junit.jupiter.engine.execution.MethodInvocation.proceed(MethodInvocation.java:60)
	at org.junit.jupiter.engine.execution.InvocationInterceptorChain$ValidatingInvocation.proceed(InvocationInterceptorChain.java:131)
	at org.junit.jupiter.engine.extension.TimeoutExtension.intercept(TimeoutExtension.java:149)
	at org.junit.jupiter.engine.extension.TimeoutExtension.interceptTestableMethod(TimeoutExtension.java:140)
	at org.junit.jupiter.engine.extension.TimeoutExtension.interceptTestMethod(TimeoutExtension.java:84)
	at org.junit.jupiter.engine.execution.ExecutableInvoker$ReflectiveInterceptorCall.lambda$ofVoidMethod$0(ExecutableInvoker.java:115)
	at org.junit.jupiter.engine.execution.ExecutableInvoker.lambda$invoke$0(ExecutableInvoker.java:105)
	at org.junit.jupiter.engine.execution.InvocationInterceptorChain$InterceptedInvocation.proceed(InvocationInterceptorChain.java:106)
	at org.junit.jupiter.engine.execution.InvocationInterceptorChain.proceed(InvocationInterceptorChain.java:64)
	at org.junit.jupiter.engine.execution.InvocationInterceptorChain.chainAndInvoke(InvocationInterceptorChain.java:45)
	at org.junit.jupiter.engine.execution.InvocationInterceptorChain.invoke(InvocationInterceptorChain.java:37)
	at org.junit.jupiter.engine.execution.ExecutableInvoker.invoke(ExecutableInvoker.java:104)
	at org.junit.jupiter.engine.execution.ExecutableInvoker.invoke(ExecutableInvoker.java:98)
	at org.junit.jupiter.engine.descriptor.TestMethodTestDescriptor.lambda$invokeTestMethod$6(TestMethodTestDescriptor.java:212)
	at org.junit.platform.engine.support.hierarchical.ThrowableCollector.execute(ThrowableCollector.java:73)
	at org.junit.jupiter.engine.descriptor.TestMethodTestDescriptor.invokeTestMethod(TestMethodTestDescriptor.java:208)
	at org.junit.jupiter.engine.descriptor.TestMethodTestDescriptor.execute(TestMethodTestDescriptor.java:137)
	at org.junit.jupiter.engine.descriptor.TestMethodTestDescriptor.execute(TestMethodTestDescriptor.java:71)
	at org.junit.platform.engine.support.hierarchical.NodeTestTask.lambda$executeRecursively$5(NodeTestTask.java:135)
	at org.junit.platform.engine.support.hierarchical.ThrowableCollector.execute(ThrowableCollector.java:73)
	at org.junit.platform.engine.support.hierarchical.NodeTestTask.lambda$executeRecursively$7(NodeTestTask.java:125)
	at org.junit.platform.engine.support.hierarchical.Node.around(Node.java:135)
	at org.junit.platform.engine.support.hierarchical.NodeTestTask.lambda$executeRecursively$8(NodeTestTask.java:123)
	at org.junit.platform.engine.support.hierarchical.ThrowableCollector.execute(ThrowableCollector.java:73)
	at org.junit.platform.engine.support.hierarchical.NodeTestTask.executeRecursively(NodeTestTask.java:122)
	at org.junit.platform.engine.support.hierarchical.NodeTestTask.execute(NodeTestTask.java:80)
	at java.base/java.util.ArrayList.forEach(ArrayList.java:1541)
	at org.junit.platform.engine.support.hierarchical.SameThreadHierarchicalTestExecutorService.invokeAll(SameThreadHierarchicalTestExecutorService.java:38)
	at org.junit.platform.engine.support.hierarchical.NodeTestTask.lambda$executeRecursively$5(NodeTestTask.java:139)
	at org.junit.platform.engine.support.hierarchical.ThrowableCollector.execute(ThrowableCollector.java:73)
	at org.junit.platform.engine.support.hierarchical.NodeTestTask.lambda$executeRecursively$7(NodeTestTask.java:125)
	at org.junit.platform.engine.support.hierarchical.Node.around(Node.java:135)
	at org.junit.platform.engine.support.hierarchical.NodeTestTask.lambda$executeRecursively$8(NodeTestTask.java:123)
	at org.junit.platform.engine.support.hierarchical.ThrowableCollector.execute(ThrowableCollector.java:73)
	at org.junit.platform.engine.support.hierarchical.NodeTestTask.executeRecursively(NodeTestTask.java:122)
	at org.junit.platform.engine.support.hierarchical.NodeTestTask.execute(NodeTestTask.java:80)
	at java.base/java.util.ArrayList.forEach(ArrayList.java:1541)
	at org.junit.platform.engine.support.hierarchical.SameThreadHierarchicalTestExecutorService.invokeAll(SameThreadHierarchicalTestExecutorService.java:38)
	at org.junit.platform.engine.support.hierarchical.NodeTestTask.lambda$executeRecursively$5(NodeTestTask.java:139)
	at org.junit.platform.engine.support.hierarchical.ThrowableCollector.execute(ThrowableCollector.java:73)
	at org.junit.platform.engine.support.hierarchical.NodeTestTask.lambda$executeRecursively$7(NodeTestTask.java:125)
	at org.junit.platform.engine.support.hierarchical.Node.around(Node.java:135)
	at org.junit.platform.engine.support.hierarchical.NodeTestTask.lambda$executeRecursively$8(NodeTestTask.java:123)
	at org.junit.platform.engine.support.hierarchical.ThrowableCollector.execute(ThrowableCollector.java:73)
	at org.junit.platform.engine.support.hierarchical.NodeTestTask.executeRecursively(NodeTestTask.java:122)
	at org.junit.platform.engine.support.hierarchical.NodeTestTask.execute(NodeTestTask.java:80)
	at org.junit.platform.engine.support.hierarchical.SameThreadHierarchicalTestExecutorService.submit(SameThreadHierarchicalTestExecutorService.java:32)
	at org.junit.platform.engine.support.hierarchical.HierarchicalTestExecutor.execute(HierarchicalTestExecutor.java:57)
	at org.junit.platform.engine.support.hierarchical.HierarchicalTestEngine.execute(HierarchicalTestEngine.java:51)
	at org.junit.platform.launcher.core.DefaultLauncher.execute(DefaultLauncher.java:248)
	at org.junit.platform.launcher.core.DefaultLauncher.lambda$execute$5(DefaultLauncher.java:211)
	at org.junit.platform.launcher.core.DefaultLauncher.withInterceptedStreams(DefaultLauncher.java:226)
	at org.junit.platform.launcher.core.DefaultLauncher.execute(DefaultLauncher.java:199)
	at org.junit.platform.launcher.core.DefaultLauncher.execute(DefaultLauncher.java:132)
	at org.apache.maven.surefire.junitplatform.LazyLauncher.execute(LazyLauncher.java:55)
	at org.apache.maven.surefire.junitplatform.JUnitPlatformProvider.execute(JUnitPlatformProvider.java:223)
	at org.apache.maven.surefire.junitplatform.JUnitPlatformProvider.invokeAllTests(JUnitPlatformProvider.java:175)
	at org.apache.maven.surefire.junitplatform.JUnitPlatformProvider.invoke(JUnitPlatformProvider.java:139)
	at org.apache.maven.surefire.booter.ForkedBooter.runSuitesInProcess(ForkedBooter.java:456)
	at org.apache.maven.surefire.booter.ForkedBooter.execute(ForkedBooter.java:169)
	at org.apache.maven.surefire.booter.ForkedBooter.run(ForkedBooter.java:595)
	at org.apache.maven.surefire.booter.ForkedBooter.main(ForkedBooter.java:581)

[ERROR] com.jcabi.aspects.JSR303Test.passesWhenMethodParametersAreValid  Time elapsed: 0.001 s  <<< ERROR!
org.aspectj.lang.NoAspectBoundException: Exception while initializing com.jcabi.aspects.aj.MethodValidator: javax.validation.NoProviderFoundException: Unable to create a Configuration, because no Bean Validation provider could be found. Add a provider like Hibernate Validator (RI) to your classpath.
	at com.jcabi.aspects.aj.MethodValidator.aspectOf(MethodValidator.java:1)
	at com.jcabi.aspects.JSR303Test$Foo.foo(JSR303Test.java:197)
	at com.jcabi.aspects.JSR303Test.passesWhenMethodParametersAreValid(JSR303Test.java:87)
	at java.base/jdk.internal.reflect.NativeMethodAccessorImpl.invoke0(Native Method)
	at java.base/jdk.internal.reflect.NativeMethodAccessorImpl.invoke(NativeMethodAccessorImpl.java:62)
	at java.base/jdk.internal.reflect.DelegatingMethodAccessorImpl.invoke(DelegatingMethodAccessorImpl.java:43)
	at java.base/java.lang.reflect.Method.invoke(Method.java:566)
	at org.junit.platform.commons.util.ReflectionUtils.invokeMethod(ReflectionUtils.java:686)
	at org.junit.jupiter.engine.execution.MethodInvocation.proceed(MethodInvocation.java:60)
	at org.junit.jupiter.engine.execution.InvocationInterceptorChain$ValidatingInvocation.proceed(InvocationInterceptorChain.java:131)
	at org.junit.jupiter.engine.extension.TimeoutExtension.intercept(TimeoutExtension.java:149)
	at org.junit.jupiter.engine.extension.TimeoutExtension.interceptTestableMethod(TimeoutExtension.java:140)
	at org.junit.jupiter.engine.extension.TimeoutExtension.interceptTestMethod(TimeoutExtension.java:84)
	at org.junit.jupiter.engine.execution.ExecutableInvoker$ReflectiveInterceptorCall.lambda$ofVoidMethod$0(ExecutableInvoker.java:115)
	at org.junit.jupiter.engine.execution.ExecutableInvoker.lambda$invoke$0(ExecutableInvoker.java:105)
	at org.junit.jupiter.engine.execution.InvocationInterceptorChain$InterceptedInvocation.proceed(InvocationInterceptorChain.java:106)
	at org.junit.jupiter.engine.execution.InvocationInterceptorChain.proceed(InvocationInterceptorChain.java:64)
	at org.junit.jupiter.engine.execution.InvocationInterceptorChain.chainAndInvoke(InvocationInterceptorChain.java:45)
	at org.junit.jupiter.engine.execution.InvocationInterceptorChain.invoke(InvocationInterceptorChain.java:37)
	at org.junit.jupiter.engine.execution.ExecutableInvoker.invoke(ExecutableInvoker.java:104)
	at org.junit.jupiter.engine.execution.ExecutableInvoker.invoke(ExecutableInvoker.java:98)
	at org.junit.jupiter.engine.descriptor.TestMethodTestDescriptor.lambda$invokeTestMethod$6(TestMethodTestDescriptor.java:212)
	at org.junit.platform.engine.support.hierarchical.ThrowableCollector.execute(ThrowableCollector.java:73)
	at org.junit.jupiter.engine.descriptor.TestMethodTestDescriptor.invokeTestMethod(TestMethodTestDescriptor.java:208)
	at org.junit.jupiter.engine.descriptor.TestMethodTestDescriptor.execute(TestMethodTestDescriptor.java:137)
	at org.junit.jupiter.engine.descriptor.TestMethodTestDescriptor.execute(TestMethodTestDescriptor.java:71)
	at org.junit.platform.engine.support.hierarchical.NodeTestTask.lambda$executeRecursively$5(NodeTestTask.java:135)
	at org.junit.platform.engine.support.hierarchical.ThrowableCollector.execute(ThrowableCollector.java:73)
	at org.junit.platform.engine.support.hierarchical.NodeTestTask.lambda$executeRecursively$7(NodeTestTask.java:125)
	at org.junit.platform.engine.support.hierarchical.Node.around(Node.java:135)
	at org.junit.platform.engine.support.hierarchical.NodeTestTask.lambda$executeRecursively$8(NodeTestTask.java:123)
	at org.junit.platform.engine.support.hierarchical.ThrowableCollector.execute(ThrowableCollector.java:73)
	at org.junit.platform.engine.support.hierarchical.NodeTestTask.executeRecursively(NodeTestTask.java:122)
	at org.junit.platform.engine.support.hierarchical.NodeTestTask.execute(NodeTestTask.java:80)
	at java.base/java.util.ArrayList.forEach(ArrayList.java:1541)
	at org.junit.platform.engine.support.hierarchical.SameThreadHierarchicalTestExecutorService.invokeAll(SameThreadHierarchicalTestExecutorService.java:38)
	at org.junit.platform.engine.support.hierarchical.NodeTestTask.lambda$executeRecursively$5(NodeTestTask.java:139)
	at org.junit.platform.engine.support.hierarchical.ThrowableCollector.execute(ThrowableCollector.java:73)
	at org.junit.platform.engine.support.hierarchical.NodeTestTask.lambda$executeRecursively$7(NodeTestTask.java:125)
	at org.junit.platform.engine.support.hierarchical.Node.around(Node.java:135)
	at org.junit.platform.engine.support.hierarchical.NodeTestTask.lambda$executeRecursively$8(NodeTestTask.java:123)
	at org.junit.platform.engine.support.hierarchical.ThrowableCollector.execute(ThrowableCollector.java:73)
	at org.junit.platform.engine.support.hierarchical.NodeTestTask.executeRecursively(NodeTestTask.java:122)
	at org.junit.platform.engine.support.hierarchical.NodeTestTask.execute(NodeTestTask.java:80)
	at java.base/java.util.ArrayList.forEach(ArrayList.java:1541)
	at org.junit.platform.engine.support.hierarchical.SameThreadHierarchicalTestExecutorService.invokeAll(SameThreadHierarchicalTestExecutorService.java:38)
	at org.junit.platform.engine.support.hierarchical.NodeTestTask.lambda$executeRecursively$5(NodeTestTask.java:139)
	at org.junit.platform.engine.support.hierarchical.ThrowableCollector.execute(ThrowableCollector.java:73)
	at org.junit.platform.engine.support.hierarchical.NodeTestTask.lambda$executeRecursively$7(NodeTestTask.java:125)
	at org.junit.platform.engine.support.hierarchical.Node.around(Node.java:135)
	at org.junit.platform.engine.support.hierarchical.NodeTestTask.lambda$executeRecursively$8(NodeTestTask.java:123)
	at org.junit.platform.engine.support.hierarchical.ThrowableCollector.execute(ThrowableCollector.java:73)
	at org.junit.platform.engine.support.hierarchical.NodeTestTask.executeRecursively(NodeTestTask.java:122)
	at org.junit.platform.engine.support.hierarchical.NodeTestTask.execute(NodeTestTask.java:80)
	at org.junit.platform.engine.support.hierarchical.SameThreadHierarchicalTestExecutorService.submit(SameThreadHierarchicalTestExecutorService.java:32)
	at org.junit.platform.engine.support.hierarchical.HierarchicalTestExecutor.execute(HierarchicalTestExecutor.java:57)
	at org.junit.platform.engine.support.hierarchical.HierarchicalTestEngine.execute(HierarchicalTestEngine.java:51)
	at org.junit.platform.launcher.core.DefaultLauncher.execute(DefaultLauncher.java:248)
	at org.junit.platform.launcher.core.DefaultLauncher.lambda$execute$5(DefaultLauncher.java:211)
	at org.junit.platform.launcher.core.DefaultLauncher.withInterceptedStreams(DefaultLauncher.java:226)
	at org.junit.platform.launcher.core.DefaultLauncher.execute(DefaultLauncher.java:199)
	at org.junit.platform.launcher.core.DefaultLauncher.execute(DefaultLauncher.java:132)
	at org.apache.maven.surefire.junitplatform.LazyLauncher.execute(LazyLauncher.java:55)
	at org.apache.maven.surefire.junitplatform.JUnitPlatformProvider.execute(JUnitPlatformProvider.java:223)
	at org.apache.maven.surefire.junitplatform.JUnitPlatformProvider.invokeAllTests(JUnitPlatformProvider.java:175)
	at org.apache.maven.surefire.junitplatform.JUnitPlatformProvider.invoke(JUnitPlatformProvider.java:139)
	at org.apache.maven.surefire.booter.ForkedBooter.runSuitesInProcess(ForkedBooter.java:456)
	at org.apache.maven.surefire.booter.ForkedBooter.execute(ForkedBooter.java:169)
	at org.apache.maven.surefire.booter.ForkedBooter.run(ForkedBooter.java:595)
	at org.apache.maven.surefire.booter.ForkedBooter.main(ForkedBooter.java:581)
Caused by: javax.validation.NoProviderFoundException: Unable to create a Configuration, because no Bean Validation provider could be found. Add a provider like Hibernate Validator (RI) to your classpath.
	at javax.validation.Validation$GenericBootstrapImpl.configure(Validation.java:291)
	at javax.validation.Validation.buildDefaultValidatorFactory(Validation.java:103)
	at com.jcabi.aspects.aj.MethodValidator.<init>(MethodValidator.java:70)
	at com.jcabi.aspects.aj.MethodValidator.ajc$postClinit(MethodValidator.java:1)
	at com.jcabi.aspects.aj.MethodValidator.<clinit>(MethodValidator.java:1)
	at com.jcabi.aspects.JSR303Test$Bar.test(JSR303Test.java:260)
	at com.jcabi.aspects.JSR303Test.skipsConstraintRule(JSR303Test.java:155)
	... 67 more

[ERROR] com.jcabi.aspects.JSR303Test.throwsWhenMethodParametersAreInvalid  Time elapsed: 0 s  <<< ERROR!
java.lang.NoClassDefFoundError: org/junit/platform/commons/util/UnrecoverableExceptions
	at org.junit.jupiter.api.AssertThrows.assertThrows(AssertThrows.java:62)
	at org.junit.jupiter.api.AssertThrows.assertThrows(AssertThrows.java:37)
	at org.junit.jupiter.api.Assertions.assertThrows(Assertions.java:3082)
	at com.jcabi.aspects.JSR303Test.throwsWhenMethodParametersAreInvalid(JSR303Test.java:65)
	at java.base/jdk.internal.reflect.NativeMethodAccessorImpl.invoke0(Native Method)
	at java.base/jdk.internal.reflect.NativeMethodAccessorImpl.invoke(NativeMethodAccessorImpl.java:62)
	at java.base/jdk.internal.reflect.DelegatingMethodAccessorImpl.invoke(DelegatingMethodAccessorImpl.java:43)
	at java.base/java.lang.reflect.Method.invoke(Method.java:566)
	at org.junit.platform.commons.util.ReflectionUtils.invokeMethod(ReflectionUtils.java:686)
	at org.junit.jupiter.engine.execution.MethodInvocation.proceed(MethodInvocation.java:60)
	at org.junit.jupiter.engine.execution.InvocationInterceptorChain$ValidatingInvocation.proceed(InvocationInterceptorChain.java:131)
	at org.junit.jupiter.engine.extension.TimeoutExtension.intercept(TimeoutExtension.java:149)
	at org.junit.jupiter.engine.extension.TimeoutExtension.interceptTestableMethod(TimeoutExtension.java:140)
	at org.junit.jupiter.engine.extension.TimeoutExtension.interceptTestMethod(TimeoutExtension.java:84)
	at org.junit.jupiter.engine.execution.ExecutableInvoker$ReflectiveInterceptorCall.lambda$ofVoidMethod$0(ExecutableInvoker.java:115)
	at org.junit.jupiter.engine.execution.ExecutableInvoker.lambda$invoke$0(ExecutableInvoker.java:105)
	at org.junit.jupiter.engine.execution.InvocationInterceptorChain$InterceptedInvocation.proceed(InvocationInterceptorChain.java:106)
	at org.junit.jupiter.engine.execution.InvocationInterceptorChain.proceed(InvocationInterceptorChain.java:64)
	at org.junit.jupiter.engine.execution.InvocationInterceptorChain.chainAndInvoke(InvocationInterceptorChain.java:45)
	at org.junit.jupiter.engine.execution.InvocationInterceptorChain.invoke(InvocationInterceptorChain.java:37)
	at org.junit.jupiter.engine.execution.ExecutableInvoker.invoke(ExecutableInvoker.java:104)
	at org.junit.jupiter.engine.execution.ExecutableInvoker.invoke(ExecutableInvoker.java:98)
	at org.junit.jupiter.engine.descriptor.TestMethodTestDescriptor.lambda$invokeTestMethod$6(TestMethodTestDescriptor.java:212)
	at org.junit.platform.engine.support.hierarchical.ThrowableCollector.execute(ThrowableCollector.java:73)
	at org.junit.jupiter.engine.descriptor.TestMethodTestDescriptor.invokeTestMethod(TestMethodTestDescriptor.java:208)
	at org.junit.jupiter.engine.descriptor.TestMethodTestDescriptor.execute(TestMethodTestDescriptor.java:137)
	at org.junit.jupiter.engine.descriptor.TestMethodTestDescriptor.execute(TestMethodTestDescriptor.java:71)
	at org.junit.platform.engine.support.hierarchical.NodeTestTask.lambda$executeRecursively$5(NodeTestTask.java:135)
	at org.junit.platform.engine.support.hierarchical.ThrowableCollector.execute(ThrowableCollector.java:73)
	at org.junit.platform.engine.support.hierarchical.NodeTestTask.lambda$executeRecursively$7(NodeTestTask.java:125)
	at org.junit.platform.engine.support.hierarchical.Node.around(Node.java:135)
	at org.junit.platform.engine.support.hierarchical.NodeTestTask.lambda$executeRecursively$8(NodeTestTask.java:123)
	at org.junit.platform.engine.support.hierarchical.ThrowableCollector.execute(ThrowableCollector.java:73)
	at org.junit.platform.engine.support.hierarchical.NodeTestTask.executeRecursively(NodeTestTask.java:122)
	at org.junit.platform.engine.support.hierarchical.NodeTestTask.execute(NodeTestTask.java:80)
	at java.base/java.util.ArrayList.forEach(ArrayList.java:1541)
	at org.junit.platform.engine.support.hierarchical.SameThreadHierarchicalTestExecutorService.invokeAll(SameThreadHierarchicalTestExecutorService.java:38)
	at org.junit.platform.engine.support.hierarchical.NodeTestTask.lambda$executeRecursively$5(NodeTestTask.java:139)
	at org.junit.platform.engine.support.hierarchical.ThrowableCollector.execute(ThrowableCollector.java:73)
	at org.junit.platform.engine.support.hierarchical.NodeTestTask.lambda$executeRecursively$7(NodeTestTask.java:125)
	at org.junit.platform.engine.support.hierarchical.Node.around(Node.java:135)
	at org.junit.platform.engine.support.hierarchical.NodeTestTask.lambda$executeRecursively$8(NodeTestTask.java:123)
	at org.junit.platform.engine.support.hierarchical.ThrowableCollector.execute(ThrowableCollector.java:73)
	at org.junit.platform.engine.support.hierarchical.NodeTestTask.executeRecursively(NodeTestTask.java:122)
	at org.junit.platform.engine.support.hierarchical.NodeTestTask.execute(NodeTestTask.java:80)
	at java.base/java.util.ArrayList.forEach(ArrayList.java:1541)
	at org.junit.platform.engine.support.hierarchical.SameThreadHierarchicalTestExecutorService.invokeAll(SameThreadHierarchicalTestExecutorService.java:38)
	at org.junit.platform.engine.support.hierarchical.NodeTestTask.lambda$executeRecursively$5(NodeTestTask.java:139)
	at org.junit.platform.engine.support.hierarchical.ThrowableCollector.execute(ThrowableCollector.java:73)
	at org.junit.platform.engine.support.hierarchical.NodeTestTask.lambda$executeRecursively$7(NodeTestTask.java:125)
	at org.junit.platform.engine.support.hierarchical.Node.around(Node.java:135)
	at org.junit.platform.engine.support.hierarchical.NodeTestTask.lambda$executeRecursively$8(NodeTestTask.java:123)
	at org.junit.platform.engine.support.hierarchical.ThrowableCollector.execute(ThrowableCollector.java:73)
	at org.junit.platform.engine.support.hierarchical.NodeTestTask.executeRecursively(NodeTestTask.java:122)
	at org.junit.platform.engine.support.hierarchical.NodeTestTask.execute(NodeTestTask.java:80)
	at org.junit.platform.engine.support.hierarchical.SameThreadHierarchicalTestExecutorService.submit(SameThreadHierarchicalTestExecutorService.java:32)
	at org.junit.platform.engine.support.hierarchical.HierarchicalTestExecutor.execute(HierarchicalTestExecutor.java:57)
	at org.junit.platform.engine.support.hierarchical.HierarchicalTestEngine.execute(HierarchicalTestEngine.java:51)
	at org.junit.platform.launcher.core.DefaultLauncher.execute(DefaultLauncher.java:248)
	at org.junit.platform.launcher.core.DefaultLauncher.lambda$execute$5(DefaultLauncher.java:211)
	at org.junit.platform.launcher.core.DefaultLauncher.withInterceptedStreams(DefaultLauncher.java:226)
	at org.junit.platform.launcher.core.DefaultLauncher.execute(DefaultLauncher.java:199)
	at org.junit.platform.launcher.core.DefaultLauncher.execute(DefaultLauncher.java:132)
	at org.apache.maven.surefire.junitplatform.LazyLauncher.execute(LazyLauncher.java:55)
	at org.apache.maven.surefire.junitplatform.JUnitPlatformProvider.execute(JUnitPlatformProvider.java:223)
	at org.apache.maven.surefire.junitplatform.JUnitPlatformProvider.invokeAllTests(JUnitPlatformProvider.java:175)
	at org.apache.maven.surefire.junitplatform.JUnitPlatformProvider.invoke(JUnitPlatformProvider.java:139)
	at org.apache.maven.surefire.booter.ForkedBooter.runSuitesInProcess(ForkedBooter.java:456)
	at org.apache.maven.surefire.booter.ForkedBooter.execute(ForkedBooter.java:169)
	at org.apache.maven.surefire.booter.ForkedBooter.run(ForkedBooter.java:595)
	at org.apache.maven.surefire.booter.ForkedBooter.main(ForkedBooter.java:581)

[INFO] Running com.jcabi.aspects.TimeableTest
[[0;37mINFO[m] main com.jcabi.aspects.aj.NamedThreads: jcabi-aspects 1.0-SNAPSHOT/28152ab started new daemon thread jcabi-timeable for interrupting of @Timeable annotated methods
[[2;37mDEBUG[m] jcabi-loggable com.jcabi.aspects.aj.MethodLogger$1: Logging monitor thread interrupted
[[0;33mWARN[m] jcabi-timeable com.jcabi.aspects.TimeableTest: #slow(): interrupted on 978ms timeout (over 1ms)
[INFO] Tests run: 1, Failures: 0, Errors: 0, Skipped: 0, Time elapsed: 1.003 s - in com.jcabi.aspects.TimeableTest
[INFO] Running com.jcabi.aspects.RetryOnFailureTest
[[2;37mDEBUG[m] main com.jcabi.aspects.aj.ImmutabilityChecker: #check(class com.jcabi.aspects.aj.Repeater): immutability checked
[[0;33mWARN[m] main com.jcabi.aspects.RetryOnFailureTest$2: #run(): attempt #1/3 failed with java.lang.AssertionError in 155Âµs (655Âµs in total): Should be caught and ignored.
[[0;33mWARN[m] main com.jcabi.aspects.RetryOnFailureTest$1: #run(): attempt #1/3 failed with java.lang.IllegalArgumentException in 99Âµs (114Âµs in total): this exception should be caught and swallowed
[INFO] Tests run: 2, Failures: 0, Errors: 0, Skipped: 0, Time elapsed: 4.026 s - in com.jcabi.aspects.RetryOnFailureTest
[INFO] Running com.jcabi.aspects.CacheableTest
[[0;37mINFO[m] main com.jcabi.aspects.aj.NamedThreads: jcabi-aspects 1.0-SNAPSHOT/28152ab started new daemon thread jcabi-cacheable-clean for automated cleaning of expired @Cacheable values
[[0;37mINFO[m] main com.jcabi.aspects.aj.NamedThreads: jcabi-aspects 1.0-SNAPSHOT/28152ab started new daemon thread jcabi-cacheable-update for async update of expired @Cacheable values
[[2;37mDEBUG[m] main com.jcabi.aspects.CacheableTest$Foo: #toString(): '-3770086528655066753' in 56.18Âµs
[[2;37mDEBUG[m] main com.jcabi.aspects.CacheableTest$Foo: #toString(): '-3770086528655066753' cached in 2ms, valid forever
[[2;37mDEBUG[m] main com.jcabi.aspects.CacheableTest$Foo: #get(): -3770086528655066753 in 92.45Âµs
[[2;37mDEBUG[m] main com.jcabi.aspects.CacheableTest$Foo: #toString(): '-3770086528655066753' from cache (hit #1, 3ms old)
[[2;37mDEBUG[m] main com.jcabi.aspects.CacheableTest$Foo: #get(): -3770086528655066753 cached in 3ms, valid for 1s
[[2;37mDEBUG[m] main com.jcabi.aspects.CacheableTest$Foo: #toString(): '-3770086528655066753' from cache (hit #2, 4ms old)
[[2;37mDEBUG[m] main com.jcabi.aspects.CacheableTest$Foo: #toString(): '-3770086528655066753' from cache (hit #3, 4ms old)
[[2;37mDEBUG[m] main com.jcabi.aspects.CacheableTest$Foo: #get(): -3770086528655066753 from cache (hit #1, 7ms old)
[[2;37mDEBUG[m] main com.jcabi.aspects.CacheableTest$Foo: #toString(): '-3770086528655066753' from cache (hit #4, 5ms old)
[[2;37mDEBUG[m] main com.jcabi.aspects.CacheableTest$Foo: #toString(): '-3770086528655066753' from cache (hit #5, 5ms old)
[[2;37mDEBUG[m] main com.jcabi.aspects.CacheableTest$Foo: #flush(): #get():-3770086528655066753 removed from cache before the call
[[2;37mDEBUG[m] main com.jcabi.aspects.CacheableTest$Foo: #toString(): '-3399889538039023762' in 14.86Âµs
[[2;37mDEBUG[m] main com.jcabi.aspects.CacheableTest$Foo: #toString(): '-3399889538039023762' cached in 1ms, valid forever
[[2;37mDEBUG[m] main com.jcabi.aspects.CacheableTest$Foo: #get(): -3399889538039023762 in 74.25Âµs
[[2;37mDEBUG[m] main com.jcabi.aspects.CacheableTest$Foo: #toString(): '-3399889538039023762' from cache (hit #1, 1ms old)
[[2;37mDEBUG[m] main com.jcabi.aspects.CacheableTest$Foo: #get(): -3399889538039023762 cached in 2ms, valid for 1s
[[2;37mDEBUG[m] main com.jcabi.aspects.CacheableTest$Foo: #toString(): '-3399889538039023762' from cache (hit #2, 3ms old)
[[2;37mDEBUG[m] main com.jcabi.aspects.CacheableTest$Foo: #staticGet(): '-5050577128170358519' cached in 1ms, valid for 1s
[[2;37mDEBUG[m] main com.jcabi.aspects.CacheableTest$Foo: #staticGet(): '-5050577128170358519' from cache (hit #1, 1ms old)
[[2;37mDEBUG[m] main com.jcabi.aspects.CacheableTest$Foo: #staticFlush(): #staticGet():'-5050577128170358519' removed from cache before the call
[[2;37mDEBUG[m] main com.jcabi.aspects.CacheableTest$Foo: #staticGet(): '4748820712544355382' cached in 0ms, valid for 1s
[[2;37mDEBUG[m] pool-2-thread-1 com.jcabi.aspects.CacheableTest$Foo: #toString(): '-1867663218105044304' in 34.78Âµs
[[2;37mDEBUG[m] pool-2-thread-1 com.jcabi.aspects.CacheableTest$Foo: #toString(): '-1867663218105044304' cached in 2ms, valid forever
[[2;37mDEBUG[m] pool-2-thread-1 com.jcabi.aspects.CacheableTest$Foo: #get(): -1867663218105044304 in 786.76Âµs
[[2;37mDEBUG[m] pool-2-thread-1 com.jcabi.aspects.CacheableTest$Foo: #toString(): '-1867663218105044304' from cache (hit #1, 3ms old)
[[2;37mDEBUG[m] pool-2-thread-1 com.jcabi.aspects.CacheableTest$Foo: #get(): -1867663218105044304 cached in 5ms, valid for 1s
[[2;37mDEBUG[m] pool-2-thread-1 com.jcabi.aspects.CacheableTest$Foo: #toString(): '-1867663218105044304' from cache (hit #2, 5ms old)
[[2;37mDEBUG[m] pool-2-thread-71 com.jcabi.aspects.CacheableTest$Foo: #toString(): '-1867663218105044304' from cache (hit #3, 6ms old)
[[2;37mDEBUG[m] pool-2-thread-71 com.jcabi.aspects.CacheableTest$Foo: #get(): -1867663218105044304 from cache (hit #1, 8ms old)
[[2;37mDEBUG[m] pool-2-thread-71 com.jcabi.aspects.CacheableTest$Foo: #toString(): '-1867663218105044304' from cache (hit #4, 7ms old)
[[2;37mDEBUG[m] pool-2-thread-70 com.jcabi.aspects.CacheableTest$Foo: #toString(): '-1867663218105044304' from cache (hit #5, 8ms old)
[[2;37mDEBUG[m] pool-2-thread-70 com.jcabi.aspects.CacheableTest$Foo: #get(): -1867663218105044304 from cache (hit #2, 10ms old)
[[2;37mDEBUG[m] pool-2-thread-70 com.jcabi.aspects.CacheableTest$Foo: #toString(): '-1867663218105044304' from cache (hit #6, 9ms old)
[[2;37mDEBUG[m] pool-2-thread-69 com.jcabi.aspects.CacheableTest$Foo: #toString(): '-1867663218105044304' from cache (hit #7, 9ms old)
[[2;37mDEBUG[m] pool-2-thread-69 com.jcabi.aspects.CacheableTest$Foo: #get(): -1867663218105044304 from cache (hit #3, 12ms old)
[[2;37mDEBUG[m] pool-2-thread-69 com.jcabi.aspects.CacheableTest$Foo: #toString(): '-1867663218105044304' from cache (hit #8, 10ms old)
[[2;37mDEBUG[m] pool-2-thread-68 com.jcabi.aspects.CacheableTest$Foo: #toString(): '-1867663218105044304' from cache (hit #9, 11ms old)
[[2;37mDEBUG[m] pool-2-thread-68 com.jcabi.aspects.CacheableTest$Foo: #get(): -1867663218105044304 from cache (hit #4, 13ms old)
[[2;37mDEBUG[m] pool-2-thread-68 com.jcabi.aspects.CacheableTest$Foo: #toString(): '-1867663218105044304' from cache (hit #10, 12ms old)
[[2;37mDEBUG[m] pool-2-thread-67 com.jcabi.aspects.CacheableTest$Foo: #toString(): '-1867663218105044304' from cache (hit #11, 12ms old)
[[2;37mDEBUG[m] pool-2-thread-67 com.jcabi.aspects.CacheableTest$Foo: #get(): -1867663218105044304 from cache (hit #5, 15ms old)
[[2;37mDEBUG[m] pool-2-thread-67 com.jcabi.aspects.CacheableTest$Foo: #toString(): '-1867663218105044304' from cache (hit #12, 14ms old)
[[2;37mDEBUG[m] pool-2-thread-58 com.jcabi.aspects.CacheableTest$Foo: #toString(): '-1867663218105044304' from cache (hit #13, 14ms old)
[[2;37mDEBUG[m] pool-2-thread-58 com.jcabi.aspects.CacheableTest$Foo: #get(): -1867663218105044304 from cache (hit #6, 17ms old)
[[2;37mDEBUG[m] pool-2-thread-58 com.jcabi.aspects.CacheableTest$Foo: #toString(): '-1867663218105044304' from cache (hit #14, 15ms old)
[[2;37mDEBUG[m] pool-2-thread-66 com.jcabi.aspects.CacheableTest$Foo: #toString(): '-1867663218105044304' from cache (hit #15, 16ms old)
[[2;37mDEBUG[m] pool-2-thread-66 com.jcabi.aspects.CacheableTest$Foo: #get(): -1867663218105044304 from cache (hit #7, 19ms old)
[[2;37mDEBUG[m] pool-2-thread-66 com.jcabi.aspects.CacheableTest$Foo: #toString(): '-1867663218105044304' from cache (hit #16, 17ms old)
[[2;37mDEBUG[m] pool-2-thread-65 com.jcabi.aspects.CacheableTest$Foo: #toString(): '-1867663218105044304' from cache (hit #17, 18ms old)
[[2;37mDEBUG[m] pool-2-thread-65 com.jcabi.aspects.CacheableTest$Foo: #get(): -1867663218105044304 from cache (hit #8, 21ms old)
[[2;37mDEBUG[m] pool-2-thread-65 com.jcabi.aspects.CacheableTest$Foo: #toString(): '-1867663218105044304' from cache (hit #18, 19ms old)
[[2;37mDEBUG[m] pool-2-thread-50 com.jcabi.aspects.CacheableTest$Foo: #toString(): '-1867663218105044304' from cache (hit #19, 20ms old)
[[2;37mDEBUG[m] pool-2-thread-50 com.jcabi.aspects.CacheableTest$Foo: #get(): -1867663218105044304 from cache (hit #9, 22ms old)
[[2;37mDEBUG[m] pool-2-thread-50 com.jcabi.aspects.CacheableTest$Foo: #toString(): '-1867663218105044304' from cache (hit #20, 20ms old)
[[2;37mDEBUG[m] pool-2-thread-64 com.jcabi.aspects.CacheableTest$Foo: #toString(): '-1867663218105044304' from cache (hit #21, 21ms old)
[[2;37mDEBUG[m] pool-2-thread-64 com.jcabi.aspects.CacheableTest$Foo: #get(): -1867663218105044304 from cache (hit #10, 23ms old)
[[2;37mDEBUG[m] pool-2-thread-64 com.jcabi.aspects.CacheableTest$Foo: #toString(): '-1867663218105044304' from cache (hit #22, 22ms old)
[[2;37mDEBUG[m] pool-2-thread-63 com.jcabi.aspects.CacheableTest$Foo: #toString(): '-1867663218105044304' from cache (hit #23, 22ms old)
[[2;37mDEBUG[m] pool-2-thread-63 com.jcabi.aspects.CacheableTest$Foo: #get(): -1867663218105044304 from cache (hit #11, 24ms old)
[[2;37mDEBUG[m] pool-2-thread-63 com.jcabi.aspects.CacheableTest$Foo: #toString(): '-1867663218105044304' from cache (hit #24, 23ms old)
[[2;37mDEBUG[m] pool-2-thread-62 com.jcabi.aspects.CacheableTest$Foo: #toString(): '-1867663218105044304' from cache (hit #25, 23ms old)
[[2;37mDEBUG[m] pool-2-thread-62 com.jcabi.aspects.CacheableTest$Foo: #get(): -1867663218105044304 from cache (hit #12, 26ms old)
[[2;37mDEBUG[m] pool-2-thread-62 com.jcabi.aspects.CacheableTest$Foo: #toString(): '-1867663218105044304' from cache (hit #26, 24ms old)
[[2;37mDEBUG[m] pool-2-thread-61 com.jcabi.aspects.CacheableTest$Foo: #toString(): '-1867663218105044304' from cache (hit #27, 25ms old)
[[2;37mDEBUG[m] pool-2-thread-61 com.jcabi.aspects.CacheableTest$Foo: #get(): -1867663218105044304 from cache (hit #13, 27ms old)
[[2;37mDEBUG[m] pool-2-thread-61 com.jcabi.aspects.CacheableTest$Foo: #toString(): '-1867663218105044304' from cache (hit #28, 26ms old)
[[2;37mDEBUG[m] pool-2-thread-56 com.jcabi.aspects.CacheableTest$Foo: #toString(): '-1867663218105044304' from cache (hit #29, 26ms old)
[[2;37mDEBUG[m] pool-2-thread-56 com.jcabi.aspects.CacheableTest$Foo: #get(): -1867663218105044304 from cache (hit #14, 29ms old)
[[2;37mDEBUG[m] pool-2-thread-56 com.jcabi.aspects.CacheableTest$Foo: #toString(): '-1867663218105044304' from cache (hit #30, 27ms old)
[[2;37mDEBUG[m] pool-2-thread-60 com.jcabi.aspects.CacheableTest$Foo: #toString(): '-1867663218105044304' from cache (hit #31, 28ms old)
[[2;37mDEBUG[m] pool-2-thread-60 com.jcabi.aspects.CacheableTest$Foo: #get(): -1867663218105044304 from cache (hit #15, 30ms old)
[[2;37mDEBUG[m] pool-2-thread-60 com.jcabi.aspects.CacheableTest$Foo: #toString(): '-1867663218105044304' from cache (hit #32, 29ms old)
[[2;37mDEBUG[m] pool-2-thread-59 com.jcabi.aspects.CacheableTest$Foo: #toString(): '-1867663218105044304' from cache (hit #33, 29ms old)
[[2;37mDEBUG[m] pool-2-thread-59 com.jcabi.aspects.CacheableTest$Foo: #get(): -1867663218105044304 from cache (hit #16, 32ms old)
[[2;37mDEBUG[m] pool-2-thread-59 com.jcabi.aspects.CacheableTest$Foo: #toString(): '-1867663218105044304' from cache (hit #34, 30ms old)
[[2;37mDEBUG[m] pool-2-thread-55 com.jcabi.aspects.CacheableTest$Foo: #toString(): '-1867663218105044304' from cache (hit #35, 31ms old)
[[2;37mDEBUG[m] pool-2-thread-55 com.jcabi.aspects.CacheableTest$Foo: #get(): -1867663218105044304 from cache (hit #17, 33ms old)
[[2;37mDEBUG[m] pool-2-thread-55 com.jcabi.aspects.CacheableTest$Foo: #toString(): '-1867663218105044304' from cache (hit #36, 31ms old)
[[2;37mDEBUG[m] pool-2-thread-57 com.jcabi.aspects.CacheableTest$Foo: #toString(): '-1867663218105044304' from cache (hit #37, 32ms old)
[[2;37mDEBUG[m] pool-2-thread-57 com.jcabi.aspects.CacheableTest$Foo: #get(): -1867663218105044304 from cache (hit #18, 34ms old)
[[2;37mDEBUG[m] pool-2-thread-57 com.jcabi.aspects.CacheableTest$Foo: #toString(): '-1867663218105044304' from cache (hit #38, 32ms old)
[[2;37mDEBUG[m] pool-2-thread-53 com.jcabi.aspects.CacheableTest$Foo: #toString(): '-1867663218105044304' from cache (hit #39, 33ms old)
[[2;37mDEBUG[m] pool-2-thread-53 com.jcabi.aspects.CacheableTest$Foo: #get(): -1867663218105044304 from cache (hit #19, 35ms old)
[[2;37mDEBUG[m] pool-2-thread-53 com.jcabi.aspects.CacheableTest$Foo: #toString(): '-1867663218105044304' from cache (hit #40, 33ms old)
[[2;37mDEBUG[m] pool-2-thread-54 com.jcabi.aspects.CacheableTest$Foo: #toString(): '-1867663218105044304' from cache (hit #41, 34ms old)
[[2;37mDEBUG[m] pool-2-thread-54 com.jcabi.aspects.CacheableTest$Foo: #get(): -1867663218105044304 from cache (hit #20, 36ms old)
[[2;37mDEBUG[m] pool-2-thread-54 com.jcabi.aspects.CacheableTest$Foo: #toString(): '-1867663218105044304' from cache (hit #42, 34ms old)
[[2;37mDEBUG[m] pool-2-thread-52 com.jcabi.aspects.CacheableTest$Foo: #toString(): '-1867663218105044304' from cache (hit #43, 35ms old)
[[2;37mDEBUG[m] pool-2-thread-52 com.jcabi.aspects.CacheableTest$Foo: #get(): -1867663218105044304 from cache (hit #21, 37ms old)
[[2;37mDEBUG[m] pool-2-thread-52 com.jcabi.aspects.CacheableTest$Foo: #toString(): '-1867663218105044304' from cache (hit #44, 35ms old)
[[2;37mDEBUG[m] pool-2-thread-51 com.jcabi.aspects.CacheableTest$Foo: #toString(): '-1867663218105044304' from cache (hit #45, 36ms old)
[[2;37mDEBUG[m] pool-2-thread-51 com.jcabi.aspects.CacheableTest$Foo: #get(): -1867663218105044304 from cache (hit #22, 38ms old)
[[2;37mDEBUG[m] pool-2-thread-51 com.jcabi.aspects.CacheableTest$Foo: #toString(): '-1867663218105044304' from cache (hit #46, 36ms old)
[[2;37mDEBUG[m] pool-2-thread-49 com.jcabi.aspects.CacheableTest$Foo: #toString(): '-1867663218105044304' from cache (hit #47, 37ms old)
[[2;37mDEBUG[m] pool-2-thread-49 com.jcabi.aspects.CacheableTest$Foo: #get(): -1867663218105044304 from cache (hit #23, 39ms old)
[[2;37mDEBUG[m] pool-2-thread-49 com.jcabi.aspects.CacheableTest$Foo: #toString(): '-1867663218105044304' from cache (hit #48, 38ms old)
[[2;37mDEBUG[m] pool-2-thread-48 com.jcabi.aspects.CacheableTest$Foo: #toString(): '-1867663218105044304' from cache (hit #49, 38ms old)
[[2;37mDEBUG[m] pool-2-thread-48 com.jcabi.aspects.CacheableTest$Foo: #get(): -1867663218105044304 from cache (hit #24, 40ms old)
[[2;37mDEBUG[m] pool-2-thread-48 com.jcabi.aspects.CacheableTest$Foo: #toString(): '-1867663218105044304' from cache (hit #50, 39ms old)
[[2;37mDEBUG[m] pool-2-thread-47 com.jcabi.aspects.CacheableTest$Foo: #toString(): '-1867663218105044304' from cache (hit #51, 39ms old)
[[2;37mDEBUG[m] pool-2-thread-47 com.jcabi.aspects.CacheableTest$Foo: #get(): -1867663218105044304 from cache (hit #25, 41ms old)
[[2;37mDEBUG[m] pool-2-thread-47 com.jcabi.aspects.CacheableTest$Foo: #toString(): '-1867663218105044304' from cache (hit #52, 40ms old)
[[2;37mDEBUG[m] pool-2-thread-46 com.jcabi.aspects.CacheableTest$Foo: #toString(): '-1867663218105044304' from cache (hit #53, 40ms old)
[[2;37mDEBUG[m] pool-2-thread-46 com.jcabi.aspects.CacheableTest$Foo: #get(): -1867663218105044304 from cache (hit #26, 43ms old)
[[2;37mDEBUG[m] pool-2-thread-46 com.jcabi.aspects.CacheableTest$Foo: #toString(): '-1867663218105044304' from cache (hit #54, 41ms old)
[[2;37mDEBUG[m] pool-2-thread-45 com.jcabi.aspects.CacheableTest$Foo: #toString(): '-1867663218105044304' from cache (hit #55, 42ms old)
[[2;37mDEBUG[m] pool-2-thread-45 com.jcabi.aspects.CacheableTest$Foo: #get(): -1867663218105044304 from cache (hit #27, 44ms old)
[[2;37mDEBUG[m] pool-2-thread-45 com.jcabi.aspects.CacheableTest$Foo: #toString(): '-1867663218105044304' from cache (hit #56, 42ms old)
[[2;37mDEBUG[m] pool-2-thread-44 com.jcabi.aspects.CacheableTest$Foo: #toString(): '-1867663218105044304' from cache (hit #57, 43ms old)
[[2;37mDEBUG[m] pool-2-thread-44 com.jcabi.aspects.CacheableTest$Foo: #get(): -1867663218105044304 from cache (hit #28, 45ms old)
[[2;37mDEBUG[m] pool-2-thread-44 com.jcabi.aspects.CacheableTest$Foo: #toString(): '-1867663218105044304' from cache (hit #58, 43ms old)
[[2;37mDEBUG[m] pool-2-thread-43 com.jcabi.aspects.CacheableTest$Foo: #toString(): '-1867663218105044304' from cache (hit #59, 44ms old)
[[2;37mDEBUG[m] pool-2-thread-43 com.jcabi.aspects.CacheableTest$Foo: #get(): -1867663218105044304 from cache (hit #29, 46ms old)
[[2;37mDEBUG[m] pool-2-thread-43 com.jcabi.aspects.CacheableTest$Foo: #toString(): '-1867663218105044304' from cache (hit #60, 45ms old)
[[2;37mDEBUG[m] pool-2-thread-42 com.jcabi.aspects.CacheableTest$Foo: #toString(): '-1867663218105044304' from cache (hit #61, 45ms old)
[[2;37mDEBUG[m] pool-2-thread-42 com.jcabi.aspects.CacheableTest$Foo: #get(): -1867663218105044304 from cache (hit #30, 48ms old)
[[2;37mDEBUG[m] pool-2-thread-42 com.jcabi.aspects.CacheableTest$Foo: #toString(): '-1867663218105044304' from cache (hit #62, 46ms old)
[[2;37mDEBUG[m] pool-2-thread-41 com.jcabi.aspects.CacheableTest$Foo: #toString(): '-1867663218105044304' from cache (hit #63, 46ms old)
[[2;37mDEBUG[m] pool-2-thread-41 com.jcabi.aspects.CacheableTest$Foo: #get(): -1867663218105044304 from cache (hit #31, 49ms old)
[[2;37mDEBUG[m] pool-2-thread-41 com.jcabi.aspects.CacheableTest$Foo: #toString(): '-1867663218105044304' from cache (hit #64, 47ms old)
[[2;37mDEBUG[m] pool-2-thread-40 com.jcabi.aspects.CacheableTest$Foo: #toString(): '-1867663218105044304' from cache (hit #65, 47ms old)
[[2;37mDEBUG[m] pool-2-thread-40 com.jcabi.aspects.CacheableTest$Foo: #get(): -1867663218105044304 from cache (hit #32, 50ms old)
[[2;37mDEBUG[m] pool-2-thread-40 com.jcabi.aspects.CacheableTest$Foo: #toString(): '-1867663218105044304' from cache (hit #66, 48ms old)
[[2;37mDEBUG[m] pool-2-thread-39 com.jcabi.aspects.CacheableTest$Foo: #toString(): '-1867663218105044304' from cache (hit #67, 49ms old)
[[2;37mDEBUG[m] pool-2-thread-39 com.jcabi.aspects.CacheableTest$Foo: #get(): -1867663218105044304 from cache (hit #33, 51ms old)
[[2;37mDEBUG[m] pool-2-thread-39 com.jcabi.aspects.CacheableTest$Foo: #toString(): '-1867663218105044304' from cache (hit #68, 49ms old)
[[2;37mDEBUG[m] pool-2-thread-38 com.jcabi.aspects.CacheableTest$Foo: #toString(): '-1867663218105044304' from cache (hit #69, 50ms old)
[[2;37mDEBUG[m] pool-2-thread-38 com.jcabi.aspects.CacheableTest$Foo: #get(): -1867663218105044304 from cache (hit #34, 52ms old)
[[2;37mDEBUG[m] pool-2-thread-38 com.jcabi.aspects.CacheableTest$Foo: #toString(): '-1867663218105044304' from cache (hit #70, 50ms old)
[[2;37mDEBUG[m] pool-2-thread-37 com.jcabi.aspects.CacheableTest$Foo: #toString(): '-1867663218105044304' from cache (hit #71, 50ms old)
[[2;37mDEBUG[m] pool-2-thread-37 com.jcabi.aspects.CacheableTest$Foo: #get(): -1867663218105044304 from cache (hit #35, 53ms old)
[[2;37mDEBUG[m] pool-2-thread-37 com.jcabi.aspects.CacheableTest$Foo: #toString(): '-1867663218105044304' from cache (hit #72, 51ms old)
[[2;37mDEBUG[m] pool-2-thread-34 com.jcabi.aspects.CacheableTest$Foo: #toString(): '-1867663218105044304' from cache (hit #73, 52ms old)
[[2;37mDEBUG[m] pool-2-thread-34 com.jcabi.aspects.CacheableTest$Foo: #get(): -1867663218105044304 from cache (hit #36, 54ms old)
[[2;37mDEBUG[m] pool-2-thread-34 com.jcabi.aspects.CacheableTest$Foo: #toString(): '-1867663218105044304' from cache (hit #74, 52ms old)
[[2;37mDEBUG[m] pool-2-thread-36 com.jcabi.aspects.CacheableTest$Foo: #toString(): '-1867663218105044304' from cache (hit #75, 53ms old)
[[2;37mDEBUG[m] pool-2-thread-36 com.jcabi.aspects.CacheableTest$Foo: #get(): -1867663218105044304 from cache (hit #37, 55ms old)
[[2;37mDEBUG[m] pool-2-thread-36 com.jcabi.aspects.CacheableTest$Foo: #toString(): '-1867663218105044304' from cache (hit #76, 53ms old)
[[2;37mDEBUG[m] pool-2-thread-35 com.jcabi.aspects.CacheableTest$Foo: #toString(): '-1867663218105044304' from cache (hit #77, 53ms old)
[[2;37mDEBUG[m] pool-2-thread-35 com.jcabi.aspects.CacheableTest$Foo: #get(): -1867663218105044304 from cache (hit #38, 55ms old)
[[2;37mDEBUG[m] pool-2-thread-35 com.jcabi.aspects.CacheableTest$Foo: #toString(): '-1867663218105044304' from cache (hit #78, 54ms old)
[[2;37mDEBUG[m] pool-2-thread-33 com.jcabi.aspects.CacheableTest$Foo: #toString(): '-1867663218105044304' from cache (hit #79, 54ms old)
[[2;37mDEBUG[m] pool-2-thread-33 com.jcabi.aspects.CacheableTest$Foo: #get(): -1867663218105044304 from cache (hit #39, 57ms old)
[[2;37mDEBUG[m] pool-2-thread-33 com.jcabi.aspects.CacheableTest$Foo: #toString(): '-1867663218105044304' from cache (hit #80, 55ms old)
[[2;37mDEBUG[m] pool-2-thread-32 com.jcabi.aspects.CacheableTest$Foo: #toString(): '-1867663218105044304' from cache (hit #81, 55ms old)
[[2;37mDEBUG[m] pool-2-thread-32 com.jcabi.aspects.CacheableTest$Foo: #get(): -1867663218105044304 from cache (hit #40, 58ms old)
[[2;37mDEBUG[m] pool-2-thread-32 com.jcabi.aspects.CacheableTest$Foo: #toString(): '-1867663218105044304' from cache (hit #82, 56ms old)
[[2;37mDEBUG[m] pool-2-thread-31 com.jcabi.aspects.CacheableTest$Foo: #toString(): '-1867663218105044304' from cache (hit #83, 56ms old)
[[2;37mDEBUG[m] pool-2-thread-31 com.jcabi.aspects.CacheableTest$Foo: #get(): -1867663218105044304 from cache (hit #41, 59ms old)
[[2;37mDEBUG[m] pool-2-thread-31 com.jcabi.aspects.CacheableTest$Foo: #toString(): '-1867663218105044304' from cache (hit #84, 57ms old)
[[2;37mDEBUG[m] pool-2-thread-17 com.jcabi.aspects.CacheableTest$Foo: #toString(): '-1867663218105044304' from cache (hit #85, 57ms old)
[[2;37mDEBUG[m] pool-2-thread-17 com.jcabi.aspects.CacheableTest$Foo: #get(): -1867663218105044304 from cache (hit #42, 59ms old)
[[2;37mDEBUG[m] pool-2-thread-17 com.jcabi.aspects.CacheableTest$Foo: #toString(): '-1867663218105044304' from cache (hit #86, 58ms old)
[[2;37mDEBUG[m] pool-2-thread-30 com.jcabi.aspects.CacheableTest$Foo: #toString(): '-1867663218105044304' from cache (hit #87, 58ms old)
[[2;37mDEBUG[m] pool-2-thread-30 com.jcabi.aspects.CacheableTest$Foo: #get(): -1867663218105044304 from cache (hit #43, 60ms old)
[[2;37mDEBUG[m] pool-2-thread-30 com.jcabi.aspects.CacheableTest$Foo: #toString(): '-1867663218105044304' from cache (hit #88, 59ms old)
[[2;37mDEBUG[m] pool-2-thread-29 com.jcabi.aspects.CacheableTest$Foo: #toString(): '-1867663218105044304' from cache (hit #89, 59ms old)
[[2;37mDEBUG[m] pool-2-thread-29 com.jcabi.aspects.CacheableTest$Foo: #get(): -1867663218105044304 from cache (hit #44, 61ms old)
[[2;37mDEBUG[m] pool-2-thread-29 com.jcabi.aspects.CacheableTest$Foo: #toString(): '-1867663218105044304' from cache (hit #90, 60ms old)
[[2;37mDEBUG[m] pool-2-thread-28 com.jcabi.aspects.CacheableTest$Foo: #toString(): '-1867663218105044304' from cache (hit #91, 60ms old)
[[2;37mDEBUG[m] pool-2-thread-28 com.jcabi.aspects.CacheableTest$Foo: #get(): -1867663218105044304 from cache (hit #45, 62ms old)
[[2;37mDEBUG[m] pool-2-thread-28 com.jcabi.aspects.CacheableTest$Foo: #toString(): '-1867663218105044304' from cache (hit #92, 61ms old)
[[2;37mDEBUG[m] pool-2-thread-26 com.jcabi.aspects.CacheableTest$Foo: #toString(): '-1867663218105044304' from cache (hit #93, 61ms old)
[[2;37mDEBUG[m] pool-2-thread-26 com.jcabi.aspects.CacheableTest$Foo: #get(): -1867663218105044304 from cache (hit #46, 64ms old)
[[2;37mDEBUG[m] pool-2-thread-26 com.jcabi.aspects.CacheableTest$Foo: #toString(): '-1867663218105044304' from cache (hit #94, 62ms old)
[[2;37mDEBUG[m] pool-2-thread-25 com.jcabi.aspects.CacheableTest$Foo: #toString(): '-1867663218105044304' from cache (hit #95, 62ms old)
[[2;37mDEBUG[m] pool-2-thread-25 com.jcabi.aspects.CacheableTest$Foo: #get(): -1867663218105044304 from cache (hit #47, 65ms old)
[[2;37mDEBUG[m] pool-2-thread-25 com.jcabi.aspects.CacheableTest$Foo: #toString(): '-1867663218105044304' from cache (hit #96, 63ms old)
[[2;37mDEBUG[m] pool-2-thread-27 com.jcabi.aspects.CacheableTest$Foo: #toString(): '-1867663218105044304' from cache (hit #97, 63ms old)
[[2;37mDEBUG[m] pool-2-thread-27 com.jcabi.aspects.CacheableTest$Foo: #get(): -1867663218105044304 from cache (hit #48, 66ms old)
[[2;37mDEBUG[m] pool-2-thread-27 com.jcabi.aspects.CacheableTest$Foo: #toString(): '-1867663218105044304' from cache (hit #98, 64ms old)
[[2;37mDEBUG[m] pool-2-thread-7 com.jcabi.aspects.CacheableTest$Foo: #toString(): '-1867663218105044304' from cache (hit #99, 64ms old)
[[2;37mDEBUG[m] pool-2-thread-7 com.jcabi.aspects.CacheableTest$Foo: #get(): -1867663218105044304 from cache (hit #49, 67ms old)
[[2;37mDEBUG[m] pool-2-thread-7 com.jcabi.aspects.CacheableTest$Foo: #toString(): '-1867663218105044304' from cache (hit #100, 65ms old)
[[2;37mDEBUG[m] pool-2-thread-24 com.jcabi.aspects.CacheableTest$Foo: #toString(): '-1867663218105044304' from cache (hit #101, 65ms old)
[[2;37mDEBUG[m] pool-2-thread-24 com.jcabi.aspects.CacheableTest$Foo: #get(): -1867663218105044304 from cache (hit #50, 68ms old)
[[2;37mDEBUG[m] pool-2-thread-24 com.jcabi.aspects.CacheableTest$Foo: #toString(): '-1867663218105044304' from cache (hit #102, 66ms old)
[[2;37mDEBUG[m] pool-2-thread-9 com.jcabi.aspects.CacheableTest$Foo: #toString(): '-1867663218105044304' from cache (hit #103, 66ms old)
[[2;37mDEBUG[m] pool-2-thread-9 com.jcabi.aspects.CacheableTest$Foo: #get(): -1867663218105044304 from cache (hit #51, 69ms old)
[[2;37mDEBUG[m] pool-2-thread-9 com.jcabi.aspects.CacheableTest$Foo: #toString(): '-1867663218105044304' from cache (hit #104, 67ms old)
[[2;37mDEBUG[m] pool-2-thread-23 com.jcabi.aspects.CacheableTest$Foo: #toString(): '-1867663218105044304' from cache (hit #105, 67ms old)
[[2;37mDEBUG[m] pool-2-thread-23 com.jcabi.aspects.CacheableTest$Foo: #get(): -1867663218105044304 from cache (hit #52, 70ms old)
[[2;37mDEBUG[m] pool-2-thread-23 com.jcabi.aspects.CacheableTest$Foo: #toString(): '-1867663218105044304' from cache (hit #106, 68ms old)
[[2;37mDEBUG[m] pool-2-thread-22 com.jcabi.aspects.CacheableTest$Foo: #toString(): '-1867663218105044304' from cache (hit #107, 69ms old)
[[2;37mDEBUG[m] pool-2-thread-22 com.jcabi.aspects.CacheableTest$Foo: #get(): -1867663218105044304 from cache (hit #53, 71ms old)
[[2;37mDEBUG[m] pool-2-thread-22 com.jcabi.aspects.CacheableTest$Foo: #toString(): '-1867663218105044304' from cache (hit #108, 70ms old)
[[2;37mDEBUG[m] pool-2-thread-21 com.jcabi.aspects.CacheableTest$Foo: #toString(): '-1867663218105044304' from cache (hit #109, 70ms old)
[[2;37mDEBUG[m] pool-2-thread-21 com.jcabi.aspects.CacheableTest$Foo: #get(): -1867663218105044304 from cache (hit #54, 72ms old)
[[2;37mDEBUG[m] pool-2-thread-21 com.jcabi.aspects.CacheableTest$Foo: #toString(): '-1867663218105044304' from cache (hit #110, 71ms old)
[[2;37mDEBUG[m] pool-2-thread-10 com.jcabi.aspects.CacheableTest$Foo: #toString(): '-1867663218105044304' from cache (hit #111, 71ms old)
[[2;37mDEBUG[m] pool-2-thread-10 com.jcabi.aspects.CacheableTest$Foo: #get(): -1867663218105044304 from cache (hit #55, 74ms old)
[[2;37mDEBUG[m] pool-2-thread-10 com.jcabi.aspects.CacheableTest$Foo: #toString(): '-1867663218105044304' from cache (hit #112, 72ms old)
[[2;37mDEBUG[m] pool-2-thread-11 com.jcabi.aspects.CacheableTest$Foo: #toString(): '-1867663218105044304' from cache (hit #113, 72ms old)
[[2;37mDEBUG[m] pool-2-thread-11 com.jcabi.aspects.CacheableTest$Foo: #get(): -1867663218105044304 from cache (hit #56, 75ms old)
[[2;37mDEBUG[m] pool-2-thread-11 com.jcabi.aspects.CacheableTest$Foo: #toString(): '-1867663218105044304' from cache (hit #114, 73ms old)
[[2;37mDEBUG[m] pool-2-thread-19 com.jcabi.aspects.CacheableTest$Foo: #toString(): '-1867663218105044304' from cache (hit #115, 73ms old)
[[2;37mDEBUG[m] pool-2-thread-19 com.jcabi.aspects.CacheableTest$Foo: #get(): -1867663218105044304 from cache (hit #57, 76ms old)
[[2;37mDEBUG[m] pool-2-thread-19 com.jcabi.aspects.CacheableTest$Foo: #toString(): '-1867663218105044304' from cache (hit #116, 74ms old)
[[2;37mDEBUG[m] pool-2-thread-20 com.jcabi.aspects.CacheableTest$Foo: #toString(): '-1867663218105044304' from cache (hit #117, 74ms old)
[[2;37mDEBUG[m] pool-2-thread-20 com.jcabi.aspects.CacheableTest$Foo: #get(): -1867663218105044304 from cache (hit #58, 77ms old)
[[2;37mDEBUG[m] pool-2-thread-20 com.jcabi.aspects.CacheableTest$Foo: #toString(): '-1867663218105044304' from cache (hit #118, 75ms old)
[[2;37mDEBUG[m] pool-2-thread-18 com.jcabi.aspects.CacheableTest$Foo: #toString(): '-1867663218105044304' from cache (hit #119, 75ms old)
[[2;37mDEBUG[m] pool-2-thread-18 com.jcabi.aspects.CacheableTest$Foo: #get(): -1867663218105044304 from cache (hit #59, 78ms old)
[[2;37mDEBUG[m] pool-2-thread-18 com.jcabi.aspects.CacheableTest$Foo: #toString(): '-1867663218105044304' from cache (hit #120, 76ms old)
[[2;37mDEBUG[m] pool-2-thread-16 com.jcabi.aspects.CacheableTest$Foo: #toString(): '-1867663218105044304' from cache (hit #121, 76ms old)
[[2;37mDEBUG[m] pool-2-thread-16 com.jcabi.aspects.CacheableTest$Foo: #get(): -1867663218105044304 from cache (hit #60, 79ms old)
[[2;37mDEBUG[m] pool-2-thread-16 com.jcabi.aspects.CacheableTest$Foo: #toString(): '-1867663218105044304' from cache (hit #122, 77ms old)
[[2;37mDEBUG[m] pool-2-thread-14 com.jcabi.aspects.CacheableTest$Foo: #toString(): '-1867663218105044304' from cache (hit #123, 78ms old)
[[2;37mDEBUG[m] pool-2-thread-14 com.jcabi.aspects.CacheableTest$Foo: #get(): -1867663218105044304 from cache (hit #61, 80ms old)
[[2;37mDEBUG[m] pool-2-thread-14 com.jcabi.aspects.CacheableTest$Foo: #toString(): '-1867663218105044304' from cache (hit #124, 78ms old)
[[2;37mDEBUG[m] pool-2-thread-15 com.jcabi.aspects.CacheableTest$Foo: #toString(): '-1867663218105044304' from cache (hit #125, 78ms old)
[[2;37mDEBUG[m] pool-2-thread-15 com.jcabi.aspects.CacheableTest$Foo: #get(): -1867663218105044304 from cache (hit #62, 81ms old)
[[2;37mDEBUG[m] pool-2-thread-15 com.jcabi.aspects.CacheableTest$Foo: #toString(): '-1867663218105044304' from cache (hit #126, 79ms old)
[[2;37mDEBUG[m] pool-2-thread-3 com.jcabi.aspects.CacheableTest$Foo: #toString(): '-1867663218105044304' from cache (hit #127, 79ms old)
[[2;37mDEBUG[m] pool-2-thread-3 com.jcabi.aspects.CacheableTest$Foo: #get(): -1867663218105044304 from cache (hit #63, 82ms old)
[[2;37mDEBUG[m] pool-2-thread-3 com.jcabi.aspects.CacheableTest$Foo: #toString(): '-1867663218105044304' from cache (hit #128, 80ms old)
[[2;37mDEBUG[m] pool-2-thread-13 com.jcabi.aspects.CacheableTest$Foo: #toString(): '-1867663218105044304' from cache (hit #129, 80ms old)
[[2;37mDEBUG[m] pool-2-thread-13 com.jcabi.aspects.CacheableTest$Foo: #get(): -1867663218105044304 from cache (hit #64, 83ms old)
[[2;37mDEBUG[m] pool-2-thread-13 com.jcabi.aspects.CacheableTest$Foo: #toString(): '-1867663218105044304' from cache (hit #130, 81ms old)
[[2;37mDEBUG[m] pool-2-thread-12 com.jcabi.aspects.CacheableTest$Foo: #toString(): '-1867663218105044304' from cache (hit #131, 81ms old)
[[2;37mDEBUG[m] pool-2-thread-12 com.jcabi.aspects.CacheableTest$Foo: #get(): -1867663218105044304 from cache (hit #65, 84ms old)
[[2;37mDEBUG[m] pool-2-thread-12 com.jcabi.aspects.CacheableTest$Foo: #toString(): '-1867663218105044304' from cache (hit #132, 82ms old)
[[2;37mDEBUG[m] pool-2-thread-8 com.jcabi.aspects.CacheableTest$Foo: #toString(): '-1867663218105044304' from cache (hit #133, 83ms old)
[[2;37mDEBUG[m] pool-2-thread-8 com.jcabi.aspects.CacheableTest$Foo: #get(): -1867663218105044304 from cache (hit #66, 85ms old)
[[2;37mDEBUG[m] pool-2-thread-8 com.jcabi.aspects.CacheableTest$Foo: #toString(): '-1867663218105044304' from cache (hit #134, 83ms old)
[[2;37mDEBUG[m] pool-2-thread-6 com.jcabi.aspects.CacheableTest$Foo: #toString(): '-1867663218105044304' from cache (hit #135, 84ms old)
[[2;37mDEBUG[m] pool-2-thread-6 com.jcabi.aspects.CacheableTest$Foo: #get(): -1867663218105044304 from cache (hit #67, 86ms old)
[[2;37mDEBUG[m] pool-2-thread-6 com.jcabi.aspects.CacheableTest$Foo: #toString(): '-1867663218105044304' from cache (hit #136, 84ms old)
[[2;37mDEBUG[m] pool-2-thread-4 com.jcabi.aspects.CacheableTest$Foo: #toString(): '-1867663218105044304' from cache (hit #137, 85ms old)
[[2;37mDEBUG[m] pool-2-thread-4 com.jcabi.aspects.CacheableTest$Foo: #get(): -1867663218105044304 from cache (hit #68, 87ms old)
[[2;37mDEBUG[m] pool-2-thread-4 com.jcabi.aspects.CacheableTest$Foo: #toString(): '-1867663218105044304' from cache (hit #138, 85ms old)
[[2;37mDEBUG[m] pool-2-thread-5 com.jcabi.aspects.CacheableTest$Foo: #toString(): '-1867663218105044304' from cache (hit #139, 86ms old)
[[2;37mDEBUG[m] pool-2-thread-5 com.jcabi.aspects.CacheableTest$Foo: #get(): -1867663218105044304 from cache (hit #69, 88ms old)
[[2;37mDEBUG[m] pool-2-thread-5 com.jcabi.aspects.CacheableTest$Foo: #toString(): '-1867663218105044304' from cache (hit #140, 86ms old)
[[2;37mDEBUG[m] pool-2-thread-72 com.jcabi.aspects.CacheableTest$Foo: #toString(): '-1867663218105044304' from cache (hit #141, 87ms old)
[[2;37mDEBUG[m] pool-2-thread-72 com.jcabi.aspects.CacheableTest$Foo: #get(): -1867663218105044304 from cache (hit #70, 89ms old)
[[2;37mDEBUG[m] pool-2-thread-72 com.jcabi.aspects.CacheableTest$Foo: #toString(): '-1867663218105044304' from cache (hit #142, 88ms old)
[[2;37mDEBUG[m] pool-2-thread-2 com.jcabi.aspects.CacheableTest$Foo: #toString(): '-1867663218105044304' from cache (hit #143, 88ms old)
[[2;37mDEBUG[m] pool-2-thread-2 com.jcabi.aspects.CacheableTest$Foo: #get(): -1867663218105044304 from cache (hit #71, 91ms old)
[[2;37mDEBUG[m] pool-2-thread-2 com.jcabi.aspects.CacheableTest$Foo: #toString(): '-1867663218105044304' from cache (hit #144, 89ms old)
[[2;37mDEBUG[m] Thread-25 com.jcabi.aspects.CacheableTest$Foo: #never(): thrown java.lang.IllegalStateException(java.lang.InterruptedException: sleep interrupted) out of com.jcabi.aspects.CacheableTest$Foo#never_aroundBody12[251] in 136ms
Exception in thread "Thread-25" java.lang.IllegalStateException: java.lang.InterruptedException: sleep interrupted
	at com.jcabi.aspects.CacheableTest$Foo.never_aroundBody12(CacheableTest.java:251)
	at com.jcabi.aspects.CacheableTest$Foo$AjcClosure13.run(CacheableTest.java:1)
	at org.aspectj.runtime.reflect.JoinPointImpl.proceed(JoinPointImpl.java:183)
	at com.jcabi.aspects.aj.MethodLogger.wrap(MethodLogger.java:208)
	at com.jcabi.aspects.aj.MethodLogger.ajc$inlineAccessMethod$com_jcabi_aspects_aj_MethodLogger$com_jcabi_aspects_aj_MethodLogger$wrap(MethodLogger.java:1)
	at com.jcabi.aspects.aj.MethodLogger.wrapMethod(MethodLogger.java:164)
	at com.jcabi.aspects.CacheableTest$Foo.never_aroundBody14(CacheableTest.java:247)
	at com.jcabi.aspects.CacheableTest$Foo$AjcClosure15.run(CacheableTest.java:1)
	at org.aspectj.runtime.reflect.JoinPointImpl.proceed(JoinPointImpl.java:183)
	at com.jcabi.aspects.aj.MethodCacher$Tunnel.through(MethodCacher.java:401)
	at com.jcabi.aspects.aj.MethodCacher.cache(MethodCacher.java:170)
	at com.jcabi.aspects.CacheableTest$Foo.never(CacheableTest.java:247)
	at java.base/java.lang.Thread.run(Thread.java:829)
Caused by: java.lang.InterruptedException: sleep interrupted
	at java.base/java.lang.Thread.sleep(Native Method)
	at java.base/java.lang.Thread.sleep(Thread.java:334)
	at java.base/java.util.concurrent.TimeUnit.sleep(TimeUnit.java:446)
	at com.jcabi.aspects.CacheableTest$Foo.never_aroundBody12(CacheableTest.java:249)
	... 12 more
[[2;37mDEBUG[m] main com.jcabi.aspects.CacheableTest$Foo: #toString(): '-198417345314558462' in 33.19Âµs
[[2;37mDEBUG[m] main com.jcabi.aspects.CacheableTest$Foo: #toString(): '-198417345314558462' cached in 6ms, valid forever
[[2;37mDEBUG[m] main com.jcabi.aspects.CacheableTest$Foo: #get(): -198417345314558462 in 92.28Âµs
[[2;37mDEBUG[m] main com.jcabi.aspects.CacheableTest$Foo: #toString(): '-198417345314558462' from cache (hit #1, 7ms old)
[[2;37mDEBUG[m] main com.jcabi.aspects.CacheableTest$Foo: #get(): -198417345314558462 cached in 7ms, valid for 1s
[[2;37mDEBUG[m] main com.jcabi.aspects.CacheableTest$Foo: #toString(): '-198417345314558462' from cache (hit #2, 7ms old)
[[2;37mDEBUG[m] jcabi-cacheable-clean com.jcabi.aspects.aj.MethodCacher: #staticGet():'4748820712544355382' expired in cache
[[2;37mDEBUG[m] jcabi-cacheable-clean com.jcabi.aspects.CacheableTest$Foo: #toString(): '-3399889538039023762' from cache (hit #3, 2s old)
[[2;37mDEBUG[m] jcabi-cacheable-clean com.jcabi.aspects.aj.MethodCacher: #get():-3399889538039023762 expired in cache
[[2;37mDEBUG[m] jcabi-cacheable-clean com.jcabi.aspects.CacheableTest$Foo: #toString(): '-1867663218105044304' from cache (hit #145, 2s old)
[[2;37mDEBUG[m] jcabi-cacheable-clean com.jcabi.aspects.aj.MethodCacher: #get():-1867663218105044304 expired in cache
[[2;37mDEBUG[m] jcabi-cacheable-clean com.jcabi.aspects.CacheableTest$Foo: #toString(): '-198417345314558462' from cache (hit #3, 2s old)
[[2;37mDEBUG[m] jcabi-cacheable-clean com.jcabi.aspects.aj.MethodCacher: #get():-198417345314558462 expired in cache
[[2;37mDEBUG[m] main com.jcabi.aspects.CacheableTest$Foo: #toString(): '-8570221316634258963' in 17.48Âµs
[[2;37mDEBUG[m] main com.jcabi.aspects.CacheableTest$Foo: #toString(): '-8570221316634258963' cached in 2ms, valid forever
[[2;37mDEBUG[m] main com.jcabi.aspects.CacheableTest$Foo: #get(): -8570221316634258963 in 170.18Âµs
[[2;37mDEBUG[m] main com.jcabi.aspects.CacheableTest$Foo: #toString(): '-8570221316634258963' from cache (hit #1, 2ms old)
[[2;37mDEBUG[m] main com.jcabi.aspects.CacheableTest$Foo: #get(): -8570221316634258963 cached in 3ms, valid for 1s
[[2;37mDEBUG[m] main com.jcabi.aspects.CacheableTest$Foo: #toString(): '-8570221316634258963' from cache (hit #2, 3ms old)
[[2;37mDEBUG[m] main com.jcabi.aspects.CacheableTest$Bar: #get(): -414666984764329541 cached in 2ms, valid for 1min
[[2;37mDEBUG[m] main com.jcabi.aspects.CacheableTest$Bar: #get(): #get():-414666984764329541 removed from cache before the call
[[2;37mDEBUG[m] main com.jcabi.aspects.CacheableTest$Bar: #get(): -2657221924100895250 cached in 0ms, valid for 1min
[WARNING] Tests run: 6, Failures: 0, Errors: 0, Skipped: 1, Time elapsed: 5.186 s - in com.jcabi.aspects.CacheableTest
[INFO] Running com.jcabi.aspects.aj.QuietExceptionsLoggerTest
[[2;37mDEBUG[m] main com.jcabi.aspects.aj.ImmutabilityChecker: #check(class com.jcabi.aspects.aj.QuietExceptionsLogger): immutability checked
[[0;33mWARN[m] main java.lang.Object: java.lang.Exception
	at com.jcabi.aspects.aj.QuietExceptionsLogger.wrap(QuietExceptionsLogger.java:81)
	at com.jcabi.aspects.aj.QuietExceptionsLoggerTest.exception(QuietExceptionsLoggerTest.java:83)
	at java.base/jdk.internal.reflect.NativeMethodAccessorImpl.invoke0(Native Method)
	at java.base/jdk.internal.reflect.NativeMethodAccessorImpl.invoke(NativeMethodAccessorImpl.java:62)
	at java.base/jdk.internal.reflect.DelegatingMethodAccessorImpl.invoke(DelegatingMethodAccessorImpl.java:43)
	at java.base/java.lang.reflect.Method.invoke(Method.java:566)
	at org.junit.platform.commons.util.ReflectionUtils.invokeMethod(ReflectionUtils.java:686)
	at org.junit.jupiter.engine.execution.MethodInvocation.proceed(MethodInvocation.java:60)
	at org.junit.jupiter.engine.execution.InvocationInterceptorChain$ValidatingInvocation.proceed(InvocationInterceptorChain.java:131)
	at org.junit.jupiter.engine.extension.TimeoutExtension.intercept(TimeoutExtension.java:149)
	at org.junit.jupiter.engine.extension.TimeoutExtension.interceptTestableMethod(TimeoutExtension.java:140)
	at org.junit.jupiter.engine.extension.TimeoutExtension.interceptTestMethod(TimeoutExtension.java:84)
	at org.junit.jupiter.engine.execution.ExecutableInvoker$ReflectiveInterceptorCall.lambda$ofVoidMethod$0(ExecutableInvoker.java:115)
	at org.junit.jupiter.engine.execution.ExecutableInvoker.lambda$invoke$0(ExecutableInvoker.java:105)
	at org.junit.jupiter.engine.execution.InvocationInterceptorChain$InterceptedInvocation.proceed(InvocationInterceptorChain.java:106)
	at org.junit.jupiter.engine.execution.InvocationInterceptorChain.proceed(InvocationInterceptorChain.java:64)
	at org.junit.jupiter.engine.execution.InvocationInterceptorChain.chainAndInvoke(InvocationInterceptorChain.java:45)
	at org.junit.jupiter.engine.execution.InvocationInterceptorChain.invoke(InvocationInterceptorChain.java:37)
	at org.junit.jupiter.engine.execution.ExecutableInvoker.invoke(ExecutableInvoker.java:104)
	at org.junit.jupiter.engine.execution.ExecutableInvoker.invoke(ExecutableInvoker.java:98)
	at org.junit.jupiter.engine.descriptor.TestMethodTestDescriptor.lambda$invokeTestMethod$6(TestMethodTestDescriptor.java:212)
	at org.junit.platform.engine.support.hierarchical.ThrowableCollector.execute(ThrowableCollector.java:73)
	at org.junit.jupiter.engine.descriptor.TestMethodTestDescriptor.invokeTestMethod(TestMethodTestDescriptor.java:208)
	at org.junit.jupiter.engine.descriptor.TestMethodTestDescriptor.execute(TestMethodTestDescriptor.java:137)
	at org.junit.jupiter.engine.descriptor.TestMethodTestDescriptor.execute(TestMethodTestDescriptor.java:71)
	at org.junit.platform.engine.support.hierarchical.NodeTestTask.lambda$executeRecursively$5(NodeTestTask.java:135)
	at org.junit.platform.engine.support.hierarchical.ThrowableCollector.execute(ThrowableCollector.java:73)
	at org.junit.platform.engine.support.hierarchical.NodeTestTask.lambda$executeRecursively$7(NodeTestTask.java:125)
	at org.junit.platform.engine.support.hierarchical.Node.around(Node.java:135)
	at org.junit.platform.engine.support.hierarchical.NodeTestTask.lambda$executeRecursively$8(NodeTestTask.java:123)
	at org.junit.platform.engine.support.hierarchical.ThrowableCollector.execute(ThrowableCollector.java:73)
	at org.junit.platform.engine.support.hierarchical.NodeTestTask.executeRecursively(NodeTestTask.java:122)
	at org.junit.platform.engine.support.hierarchical.NodeTestTask.execute(NodeTestTask.java:80)
	at java.base/java.util.ArrayList.forEach(ArrayList.java:1541)
	at org.junit.platform.engine.support.hierarchical.SameThreadHierarchicalTestExecutorService.invokeAll(SameThreadHierarchicalTestExecutorService.java:38)
	at org.junit.platform.engine.support.hierarchical.NodeTestTask.lambda$executeRecursively$5(NodeTestTask.java:139)
	at org.junit.platform.engine.support.hierarchical.ThrowableCollector.execute(ThrowableCollector.java:73)
	at org.junit.platform.engine.support.hierarchical.NodeTestTask.lambda$executeRecursively$7(NodeTestTask.java:125)
	at org.junit.platform.engine.support.hierarchical.Node.around(Node.java:135)
	at org.junit.platform.engine.support.hierarchical.NodeTestTask.lambda$executeRecursively$8(NodeTestTask.java:123)
	at org.junit.platform.engine.support.hierarchical.ThrowableCollector.execute(ThrowableCollector.java:73)
	at org.junit.platform.engine.support.hierarchical.NodeTestTask.executeRecursively(NodeTestTask.java:122)
	at org.junit.platform.engine.support.hierarchical.NodeTestTask.execute(NodeTestTask.java:80)
	at java.base/java.util.ArrayList.forEach(ArrayList.java:1541)
	at org.junit.platform.engine.support.hierarchical.SameThreadHierarchicalTestExecutorService.invokeAll(SameThreadHierarchicalTestExecutorService.java:38)
	at org.junit.platform.engine.support.hierarchical.NodeTestTask.lambda$executeRecursively$5(NodeTestTask.java:139)
	at org.junit.platform.engine.support.hierarchical.ThrowableCollector.execute(ThrowableCollector.java:73)
	at org.junit.platform.engine.support.hierarchical.NodeTestTask.lambda$executeRecursively$7(NodeTestTask.java:125)
	at org.junit.platform.engine.support.hierarchical.Node.around(Node.java:135)
	at org.junit.platform.engine.support.hierarchical.NodeTestTask.lambda$executeRecursively$8(NodeTestTask.java:123)
	at org.junit.platform.engine.support.hierarchical.ThrowableCollector.execute(ThrowableCollector.java:73)
	at org.junit.platform.engine.support.hierarchical.NodeTestTask.executeRecursively(NodeTestTask.java:122)
	at org.junit.platform.engine.support.hierarchical.NodeTestTask.execute(NodeTestTask.java:80)
	at org.junit.platform.engine.support.hierarchical.SameThreadHierarchicalTestExecutorService.submit(SameThreadHierarchicalTestExecutorService.java:32)
	at org.junit.platform.engine.support.hierarchical.HierarchicalTestExecutor.execute(HierarchicalTestExecutor.java:57)
	at org.junit.platform.engine.support.hierarchical.HierarchicalTestEngine.execute(HierarchicalTestEngine.java:51)
	at org.junit.platform.launcher.core.DefaultLauncher.execute(DefaultLauncher.java:248)
	at org.junit.platform.launcher.core.DefaultLauncher.lambda$execute$5(DefaultLauncher.java:211)
	at org.junit.platform.launcher.core.DefaultLauncher.withInterceptedStreams(DefaultLauncher.java:226)
	at org.junit.platform.launcher.core.DefaultLauncher.execute(DefaultLauncher.java:199)
	at org.junit.platform.launcher.core.DefaultLauncher.execute(DefaultLauncher.java:132)
	at org.apache.maven.surefire.junitplatform.LazyLauncher.execute(LazyLauncher.java:55)
	at org.apache.maven.surefire.junitplatform.JUnitPlatformProvider.execute(JUnitPlatformProvider.java:223)
	at org.apache.maven.surefire.junitplatform.JUnitPlatformProvider.invokeAllTests(JUnitPlatformProvider.java:175)
	at org.apache.maven.surefire.junitplatform.JUnitPlatformProvider.invoke(JUnitPlatformProvider.java:139)
	at org.apache.maven.surefire.booter.ForkedBooter.runSuitesInProcess(ForkedBooter.java:456)
	at org.apache.maven.surefire.booter.ForkedBooter.execute(ForkedBooter.java:169)
	at org.apache.maven.surefire.booter.ForkedBooter.run(ForkedBooter.java:595)
	at org.apache.maven.surefire.booter.ForkedBooter.main(ForkedBooter.java:581)

[INFO] Tests run: 3, Failures: 0, Errors: 0, Skipped: 0, Time elapsed: 0.341 s - in com.jcabi.aspects.aj.QuietExceptionsLoggerTest
[INFO] Running com.jcabi.aspects.aj.MnemosTest
[INFO] Tests run: 8, Failures: 0, Errors: 0, Skipped: 0, Time elapsed: 0.005 s - in com.jcabi.aspects.aj.MnemosTest
[INFO] Running com.jcabi.aspects.aj.MethodSchedulerTest
[[0;37mINFO[m] main com.jcabi.aspects.aj.MethodSchedulerTest$LongRun: scheduled for execution with 1 NANOSECONDS interval
[[0;37mINFO[m] main com.jcabi.aspects.aj.MethodScheduler$Service: waiting 1s for threads termination
[[2;37mDEBUG[m] jcabi-cacheable-clean com.jcabi.aspects.CacheableTest$Foo: #toString(): '-8570221316634258963' from cache (hit #3, 2s old)
[[2;37mDEBUG[m] jcabi-cacheable-clean com.jcabi.aspects.aj.MethodCacher: #get():-8570221316634258963 expired in cache
[[0;37mINFO[m] main com.jcabi.aspects.aj.MethodScheduler$Service: waiting 2s for threads termination
[[0;37mINFO[m] main com.jcabi.aspects.aj.MethodScheduler$Service: waiting 3s for threads termination
[[0;37mINFO[m] main com.jcabi.aspects.aj.MethodScheduler$Service: waiting 4s for threads termination
[[0;37mINFO[m] main com.jcabi.aspects.aj.MethodScheduler$Service: waiting 5s for threads termination
[[0;37mINFO[m] main com.jcabi.aspects.aj.MethodScheduler$Service: waiting 6s for threads termination
[[0;37mINFO[m] main com.jcabi.aspects.aj.MethodScheduler$Service: waiting 7s for threads termination
[[0;37mINFO[m] main com.jcabi.aspects.aj.MethodScheduler$Service: waiting 8s for threads termination
[[0;37mINFO[m] main com.jcabi.aspects.aj.MethodScheduler$Service: waiting 9s for threads termination
[[0;37mINFO[m] main com.jcabi.aspects.aj.MethodSchedulerTest$LongRun: execution stopped after 10s and 0 tick(s)
[[0;37mINFO[m] main com.jcabi.aspects.aj.MethodSchedulerTest$ShortRun: scheduled for execution with 1 NANOSECONDS interval
[[0;37mINFO[m] main com.jcabi.aspects.aj.MethodSchedulerTest$ShortRun: execution stopped after 5s and 5 tick(s)
[INFO] Tests run: 2, Failures: 0, Errors: 0, Skipped: 0, Time elapsed: 15.02 s - in com.jcabi.aspects.aj.MethodSchedulerTest
[INFO] Running com.jcabi.aspects.LoggableTest
[[0;37mINFO[m] main com.jcabi.aspects.LoggableTest$Foo: #logsShortArray(): [27564, -13524, 23843, -32124, -32099, -14071, -29500, 13724, -10436, -8216] in 99.54Âµs
[[0;37mINFO[m] main com.jcabi.aspects.LoggableTest$Foo: #logsByteArray(): [-33, -117, -93, -105, -53, -15, -49, -29, -34, 16] in 88.75Âµs
[[0;37mINFO[m] main com.jcabi.aspects.LoggableTest$Foo: some text#last('TEST'): 'T' in 44.89Âµs
[[2;37mDEBUG[m] main test-logger: #explicitLoggerName(): entered
[[2;37mDEBUG[m] main test-logger: #explicitLoggerName(): 'some static text' in 467.42Âµs
[[0;37mINFO[m] main com.jcabi.aspects.LoggableTest$Foo: #revert('hello'): 'olleh' in 57.79Âµs
[[2;37mDEBUG[m] main com.jcabi.aspects.LoggableTest$Foo: #text(): entered
[[0;33mWARN[m] main com.jcabi.aspects.LoggableTest$Foo: #text(): 'some static text' in 2.00s (too slow!)
[[0;37mINFO[m] main com.jcabi.aspects.LoggableTest$Foo: #logsDurationInSeconds(): 'some static text' in 2.000s
[[0;37mINFO[m] main com.jcabi.aspects.LoggableTest$Foo: #self(): 'some text' in 43.51Âµs
[INFO] Tests run: 10, Failures: 0, Errors: 0, Skipped: 0, Time elapsed: 4.029 s - in com.jcabi.aspects.LoggableTest
[INFO] Running com.jcabi.aspects.aj.RepeaterTest
[[0;33mWARN[m] main com.jcabi.aspects.aj.RepeaterTest$5: #call(): attempt #1/3 failed with java.lang.ArrayIndexOutOfBoundsException in 92Âµs (100Âµs in total): null
[[0;33mWARN[m] main com.jcabi.aspects.aj.RepeaterTest$5: #call(): attempt #2/3 failed with java.lang.ArrayIndexOutOfBoundsException in 68Âµs (705Âµs in total): null
[[0;33mWARN[m] main com.jcabi.aspects.aj.RepeaterTest$3: #call(): attempt #1/3 failed with java.lang.IllegalStateException in 80Âµs (89Âµs in total): null
[[0;33mWARN[m] main com.jcabi.aspects.aj.RepeaterTest$3: #call(): attempt #2/3 failed with java.lang.IllegalStateException in 137Âµs (101ms in total): null
[[0;33mWARN[m] main com.jcabi.aspects.aj.RepeaterTest$4: #call(): attempt #1/3 failed with java.lang.IllegalStateException in 94Âµs (104Âµs in total): null
[[0;33mWARN[m] main com.jcabi.aspects.aj.RepeaterTest$4: #call(): attempt #2/3 failed with java.lang.IllegalStateException in 120Âµs (51ms in total): null
[[0;33mWARN[m] main com.jcabi.aspects.aj.RepeaterTest$4: #call(): attempt #3/3 failed with java.lang.IllegalStateException in 61Âµs (52ms in total): null
[[0;33mWARN[m] main com.jcabi.aspects.aj.RepeaterTest$7: #call(): attempt #1/3 failed with java.lang.ArrayIndexOutOfBoundsException in 74Âµs (83Âµs in total): null
[[0;33mWARN[m] main com.jcabi.aspects.aj.RepeaterTest$7: #call(): attempt #2/3 failed with java.lang.ArrayIndexOutOfBoundsException in 127Âµs (51ms in total): null
[INFO] Tests run: 5, Failures: 0, Errors: 0, Skipped: 0, Time elapsed: 0.671 s - in com.jcabi.aspects.aj.RepeaterTest
[INFO] Running com.jcabi.aspects.aj.NamedThreadsTest
[[0;37mINFO[m] main com.jcabi.aspects.aj.NamedThreads: jcabi-aspects 1.0-SNAPSHOT/28152ab started new daemon thread jcabi-test for desc
[INFO] Tests run: 1, Failures: 0, Errors: 0, Skipped: 0, Time elapsed: 0.003 s - in com.jcabi.aspects.aj.NamedThreadsTest
[INFO] Running com.jcabi.aspects.ScheduleWithFixedDelayTest
[[0;37mINFO[m] main com.jcabi.aspects.ScheduleWithFixedDelayTest$Sample: scheduled for execution with 1 MILLISECONDS interval
[[0;37mINFO[m] main com.jcabi.aspects.ScheduleWithFixedDelayTest$Sample: execution stopped after 1s and 453 tick(s)
[[0;37mINFO[m] main com.jcabi.aspects.ScheduleWithFixedDelayTest$LongDelaySample: scheduled for execution with 1 MINUTES interval
[[0;37mINFO[m] main com.jcabi.aspects.ScheduleWithFixedDelayTest$LongDelaySample: execution stopped after 1ms and 0 tick(s)
[INFO] Tests run: 2, Failures: 0, Errors: 0, Skipped: 0, Time elapsed: 1.119 s - in com.jcabi.aspects.ScheduleWithFixedDelayTest
[INFO] Running com.jcabi.aspects.AsyncTest
[[0;37mINFO[m] main com.jcabi.aspects.aj.NamedThreads: jcabi-aspects 1.0-SNAPSHOT/28152ab started new daemon thread jcabi-async for Asynchronous method execution
[[0;37mINFO[m] main com.jcabi.aspects.aj.NamedThreads: jcabi-aspects 1.0-SNAPSHOT/28152ab started new daemon thread jcabi-async for Asynchronous method execution
[INFO] Tests run: 3, Failures: 0, Errors: 0, Skipped: 0, Time elapsed: 0.009 s - in com.jcabi.aspects.AsyncTest
[INFO] Running com.jcabi.aspects.UnitedThrowTest
[[2;37mDEBUG[m] main com.jcabi.aspects.aj.ImmutabilityChecker: #check(class com.jcabi.aspects.aj.SingleException): immutability checked
[INFO] Tests run: 5, Failures: 0, Errors: 0, Skipped: 0, Time elapsed: 0.012 s - in com.jcabi.aspects.UnitedThrowTest
[INFO] 
[INFO] Results:
[INFO] 
[ERROR] Errors: 
[ERROR]   JSR303Test.overridesMessage:139 Â» NoClassDefFound org/junit/platform/commons/util/UnrecoverableExceptions
[ERROR]   JSR303Test.passesWhenMethodParametersAreValid:87 Â» NoAspectBound Exception while initializing com.jcabi.aspects.aj.MethodValidator: javax.validation.NoProviderFoundException: Unable to create a Configuration, because no Bean Validation provider could be found. Add a provider like Hibernate Validator (RI) to your classpath.
[ERROR]   JSR303Test.skipsConstraintRule:155 Â» NoAspectBound Exception while initializing com.jcabi.aspects.aj.MethodValidator: javax.validation.NoProviderFoundException: Unable to create a Configuration, because no Bean Validation provider could be found. Add a provider like Hibernate Validator (RI) to your classpath.
[ERROR]   JSR303Test.throwsWhenMethodParametersAreInvalid:65 Â» NoClassDefFound org/junit/platform/commons/util/UnrecoverableExceptions
[ERROR]   JSR303Test.throwsWhenRegularExpressionDoesntMatch:76 Â» NoClassDefFound org/junit/platform/commons/util/UnrecoverableExceptions
[ERROR]   JSR303Test.validatesOutputForNonNull:95 Â» NoClassDefFound org/junit/platform/commons/util/UnrecoverableExceptions
[INFO] 
[ERROR] Tests run: 69, Failures: 0, Errors: 6, Skipped: 3
[INFO] 
[INFO] ------------------------------------------------------------------------
[INFO] BUILD FAILURE
[INFO] ------------------------------------------------------------------------
[INFO] Total time:  37.059 s
[INFO] Finished at: 2023-01-17T18:55:03Z
[INFO] ------------------------------------------------------------------------
[ERROR] Failed to execute goal org.apache.maven.plugins:maven-surefire-plugin:3.0.0-M7:test (default-test) on project jcabi-aspects: 
[ERROR] 
[ERROR] Please refer to /home/gabsko/breaking-updates/target/surefire-reports for the individual test results.
[ERROR] Please refer to dump files (if any exist) [date].dump, [date]-jvmRun[N].dump and [date].dumpstream.
[ERROR] -> [Help 1]
[ERROR] 
[ERROR] To see the full stack trace of the errors, re-run Maven with the -e switch.
[ERROR] Re-run Maven using the -X switch to enable full debug logging.
[ERROR] 
[ERROR] For more information about the errors and possible solutions, please read the following articles:
[ERROR] [Help 1] http://cwiki.apache.org/confluence/display/MAVEN/MojoFailureException
