[INFO] Scanning for projects...
[INFO] ------------------------------------------------------------------------
[INFO] Reactor Build Order:
[INFO] 
[INFO] FSCrawler                                                          [pom]
[INFO] FSCrawler Test Framework                                           [jar]
[INFO] FSCrawler Framework                                                [jar]
[INFO] FSCrawler Settings                                                 [jar]
[INFO] FSCrawler Test Documents                                           [jar]
[INFO] FSCrawler Beans                                                    [jar]
[INFO] FSCrawler 3rd Party libraries                                      [pom]
[INFO] FSCrawler Workplace Search Client                                  [jar]
[INFO] FSCrawler Elasticsearch Client                                     [jar]
[INFO] FSCrawler Tika                                                     [jar]
[INFO] FSCrawler Crawlers                                                 [pom]
[INFO] FSCrawler Abstract Crawler                                         [jar]
[INFO] FSCrawler Crawlers: FS                                             [jar]
[INFO] FSCrawler Crawlers: FTP                                            [jar]
[INFO] FSCrawler Crawlers: SSH                                            [jar]
[INFO] FSCrawler Core                                                     [jar]
[INFO] FSCrawler Rest Server                                              [jar]
[INFO] FSCrawler Integration Tests                                        [jar]
[INFO] FSCrawler Cli                                                      [jar]
[INFO] FSCrawler ZIP Distribution                                         [jar]
[INFO] FSCrawler Documentation                                            [pom]
[INFO] 
[INFO] ----------< fr.pilato.elasticsearch.crawler:fscrawler-parent >----------
[INFO] Building FSCrawler 2.10-SNAPSHOT                                  [1/21]
[INFO] --------------------------------[ pom ]---------------------------------
[INFO] 
[INFO] --- maven-clean-plugin:2.5:clean (default-clean) @ fscrawler-parent ---
[INFO] 
[INFO] ------< fr.pilato.elasticsearch.crawler:fscrawler-test-framework >------
[INFO] Building FSCrawler Test Framework 2.10-SNAPSHOT                   [2/21]
[INFO] --------------------------------[ jar ]---------------------------------
[INFO] 
[INFO] --- maven-clean-plugin:2.5:clean (default-clean) @ fscrawler-test-framework ---
[INFO] Deleting /home/gabsko/breaking-updates/test-framework/target
[INFO] 
[INFO] --- maven-enforcer-plugin:3.0.0-M3:enforce (enforce) @ fscrawler-test-framework ---
[INFO] 
[INFO] --- maven-resources-plugin:3.2.0:resources (default-resources) @ fscrawler-test-framework ---
[INFO] Using 'UTF-8' encoding to copy filtered resources.
[INFO] Using 'UTF-8' encoding to copy filtered properties files.
[INFO] skip non existing resourceDirectory /home/gabsko/breaking-updates/test-framework/src/main/resources
[INFO] 
[INFO] --- maven-compiler-plugin:3.10.1:compile (default-compile) @ fscrawler-test-framework ---
[INFO] Changes detected - recompiling the module!
[INFO] Compiling 4 source files to /home/gabsko/breaking-updates/test-framework/target/classes
[WARNING] No processor claimed any of these annotations: /com.carrotsearch.randomizedtesting.annotations.TimeoutSuite,/org.junit.ClassRule,/org.junit.BeforeClass,/com.carrotsearch.randomizedtesting.annotations.ThreadLeakLingering,/org.junit.Rule,/com.carrotsearch.randomizedtesting.annotations.ThreadLeakScope,/org.junit.runner.RunWith,/org.junit.AfterClass,/com.carrotsearch.randomizedtesting.annotations.Listeners
[INFO] /home/gabsko/breaking-updates/test-framework/src/main/java/fr/pilato/elasticsearch/crawler/fs/test/framework/AbstractFSCrawlerTestCase.java: /home/gabsko/breaking-updates/test-framework/src/main/java/fr/pilato/elasticsearch/crawler/fs/test/framework/AbstractFSCrawlerTestCase.java uses unchecked or unsafe operations.
[INFO] /home/gabsko/breaking-updates/test-framework/src/main/java/fr/pilato/elasticsearch/crawler/fs/test/framework/AbstractFSCrawlerTestCase.java: Recompile with -Xlint:unchecked for details.
[INFO] 
[INFO] --- maven-resources-plugin:3.2.0:testResources (default-testResources) @ fscrawler-test-framework ---
[INFO] Using 'UTF-8' encoding to copy filtered resources.
[INFO] Using 'UTF-8' encoding to copy filtered properties files.
[INFO] Copying 1 resource
[INFO] 
[INFO] --- maven-compiler-plugin:3.10.1:testCompile (default-testCompile) @ fscrawler-test-framework ---
[INFO] Changes detected - recompiling the module!
[INFO] Compiling 1 source file to /home/gabsko/breaking-updates/test-framework/target/test-classes
[WARNING] No processor claimed any of these annotations: /com.carrotsearch.randomizedtesting.annotations.ThreadLeakLingering,/com.carrotsearch.randomizedtesting.annotations.ThreadLeakScope,/org.junit.Test,/com.carrotsearch.randomizedtesting.annotations.TimeoutSuite,/org.junit.runner.RunWith
[INFO] 
[INFO] --- junit4-maven-plugin:2.7.9:junit4 (unit-tests) @ fscrawler-test-framework ---
[INFO] <JUnit4> says jolly good day! Master seed: FE7CD1A40A1C7C50
Executing 1 suite with 1 JVM.

Started J0 PID(2851@repairnator).
[INFO] JVM J0:     0.34 ..     1.10 =     0.76s
[INFO] Execution time total: 1.11 sec.
[INFO] Tests summary: 1 suite, 2 tests
[INFO] 
[INFO] --------< fr.pilato.elasticsearch.crawler:fscrawler-framework >---------
[INFO] Building FSCrawler Framework 2.10-SNAPSHOT                        [3/21]
[INFO] --------------------------------[ jar ]---------------------------------
[INFO] 
[INFO] --- maven-clean-plugin:2.5:clean (default-clean) @ fscrawler-framework ---
[INFO] Deleting /home/gabsko/breaking-updates/framework/target
[INFO] 
[INFO] --- maven-enforcer-plugin:3.0.0-M3:enforce (enforce) @ fscrawler-framework ---
[INFO] 
[INFO] --- maven-resources-plugin:3.2.0:resources (default-resources) @ fscrawler-framework ---
[INFO] Using 'UTF-8' encoding to copy filtered resources.
[INFO] Using 'UTF-8' encoding to copy filtered properties files.
[INFO] Copying 1 resource
[INFO] 
[INFO] --- maven-compiler-plugin:3.10.1:compile (default-compile) @ fscrawler-framework ---
[INFO] Changes detected - recompiling the module!
[INFO] Compiling 28 source files to /home/gabsko/breaking-updates/framework/target/classes
[INFO] 
[INFO] --- maven-resources-plugin:3.2.0:testResources (default-testResources) @ fscrawler-framework ---
[INFO] Using 'UTF-8' encoding to copy filtered resources.
[INFO] Using 'UTF-8' encoding to copy filtered properties files.
[INFO] Copying 1 resource
[INFO] 
[INFO] --- maven-compiler-plugin:3.10.1:testCompile (default-testCompile) @ fscrawler-framework ---
[INFO] Changes detected - recompiling the module!
[INFO] Compiling 4 source files to /home/gabsko/breaking-updates/framework/target/test-classes
[WARNING] No processor claimed any of these annotations: /org.junit.BeforeClass,/com.carrotsearch.randomizedtesting.annotations.ThreadLeakLingering,/com.carrotsearch.randomizedtesting.annotations.ThreadLeakScope,/org.junit.Test,/com.carrotsearch.randomizedtesting.annotations.TimeoutSuite,/org.junit.runner.RunWith
[INFO] 
[INFO] ---------< fr.pilato.elasticsearch.crawler:fscrawler-settings >---------
[INFO] Building FSCrawler Settings 2.10-SNAPSHOT                         [4/21]
[INFO] --------------------------------[ jar ]---------------------------------
[INFO] 
[INFO] --- maven-clean-plugin:2.5:clean (default-clean) @ fscrawler-settings ---
[INFO] Deleting /home/gabsko/breaking-updates/settings/target
[INFO] 
[INFO] --- maven-enforcer-plugin:3.0.0-M3:enforce (enforce) @ fscrawler-settings ---
[INFO] 
[INFO] --- maven-resources-plugin:3.2.0:resources (default-resources) @ fscrawler-settings ---
[INFO] Using 'UTF-8' encoding to copy filtered resources.
[INFO] Using 'UTF-8' encoding to copy filtered properties files.
[INFO] Copying 5 resources
[INFO] 
[INFO] --- maven-compiler-plugin:3.10.1:compile (default-compile) @ fscrawler-settings ---
[INFO] Changes detected - recompiling the module!
[INFO] Compiling 11 source files to /home/gabsko/breaking-updates/settings/target/classes
[WARNING] No processor claimed any of these annotations: /com.fasterxml.jackson.annotation.JsonIgnore,/com.fasterxml.jackson.annotation.JsonProperty
[INFO] 
[INFO] --- maven-resources-plugin:3.2.0:testResources (default-testResources) @ fscrawler-settings ---
[INFO] Using 'UTF-8' encoding to copy filtered resources.
[INFO] Using 'UTF-8' encoding to copy filtered properties files.
[INFO] Copying 6 resources
[INFO] 
[INFO] --- maven-compiler-plugin:3.10.1:testCompile (default-testCompile) @ fscrawler-settings ---
[INFO] Changes detected - recompiling the module!
[INFO] Compiling 8 source files to /home/gabsko/breaking-updates/settings/target/test-classes
[WARNING] No processor claimed any of these annotations: /org.junit.BeforeClass,/com.carrotsearch.randomizedtesting.annotations.ThreadLeakLingering,/com.carrotsearch.randomizedtesting.annotations.ThreadLeakScope,/org.junit.Test,/com.carrotsearch.randomizedtesting.annotations.TimeoutSuite,/org.junit.runner.RunWith
[INFO] 
[INFO] --- junit4-maven-plugin:2.7.9:junit4 (unit-tests) @ fscrawler-settings ---
[INFO] <JUnit4> says ‰ªäÊó•„ÅØ! Master seed: 46ACDCE885940130
Executing 8 suites with 4 JVMs.

Started J0 PID(4049@repairnator).
Started J3 PID(4046@repairnator).
Started J2 PID(4047@repairnator).
Started J1 PID(4012@repairnator).
[INFO] JVM J0:     0.31 ..     1.56 =     1.25s
[INFO] JVM J1:     0.53 ..     1.54 =     1.01s
[INFO] JVM J2:     0.38 ..     1.90 =     1.51s
[INFO] JVM J3:     0.38 ..     1.39 =     1.01s
[INFO] Execution time total: 1.90 sec.
[INFO] Tests summary: 8 suites, 50 tests
[INFO] 
[INFO] ------< fr.pilato.elasticsearch.crawler:fscrawler-test-documents >------
[INFO] Building FSCrawler Test Documents 2.10-SNAPSHOT                   [5/21]
[INFO] --------------------------------[ jar ]---------------------------------
[INFO] 
[INFO] --- maven-clean-plugin:2.5:clean (default-clean) @ fscrawler-test-documents ---
[INFO] Deleting /home/gabsko/breaking-updates/test-documents/target
[INFO] 
[INFO] --- maven-enforcer-plugin:3.0.0-M3:enforce (enforce) @ fscrawler-test-documents ---
[INFO] 
[INFO] --- maven-resources-plugin:3.2.0:resources (default-resources) @ fscrawler-test-documents ---
[INFO] Using 'UTF-8' encoding to copy filtered resources.
[INFO] Using 'UTF-8' encoding to copy filtered properties files.
[INFO] Copying 32 resources
[INFO] 
[INFO] --- maven-compiler-plugin:3.10.1:compile (default-compile) @ fscrawler-test-documents ---
[INFO] No sources to compile
[INFO] 
[INFO] --- maven-resources-plugin:3.2.0:testResources (default-testResources) @ fscrawler-test-documents ---
[INFO] Using 'UTF-8' encoding to copy filtered resources.
[INFO] Using 'UTF-8' encoding to copy filtered properties files.
[INFO] skip non existing resourceDirectory /home/gabsko/breaking-updates/test-documents/src/test/resources
[INFO] 
[INFO] --- maven-compiler-plugin:3.10.1:testCompile (default-testCompile) @ fscrawler-test-documents ---
[INFO] No sources to compile
[INFO] 
[INFO] ----------< fr.pilato.elasticsearch.crawler:fscrawler-beans >-----------
[INFO] Building FSCrawler Beans 2.10-SNAPSHOT                            [6/21]
[INFO] --------------------------------[ jar ]---------------------------------
[INFO] 
[INFO] --- maven-clean-plugin:2.5:clean (default-clean) @ fscrawler-beans ---
[INFO] Deleting /home/gabsko/breaking-updates/beans/target
[INFO] 
[INFO] --- maven-enforcer-plugin:3.0.0-M3:enforce (enforce) @ fscrawler-beans ---
[INFO] 
[INFO] --- maven-resources-plugin:3.2.0:resources (default-resources) @ fscrawler-beans ---
[INFO] Using 'UTF-8' encoding to copy filtered resources.
[INFO] Using 'UTF-8' encoding to copy filtered properties files.
[INFO] skip non existing resourceDirectory /home/gabsko/breaking-updates/beans/src/main/resources
[INFO] 
[INFO] --- maven-compiler-plugin:3.10.1:compile (default-compile) @ fscrawler-beans ---
[INFO] Changes detected - recompiling the module!
[INFO] Compiling 9 source files to /home/gabsko/breaking-updates/beans/target/classes
[INFO] 
[INFO] --- maven-resources-plugin:3.2.0:testResources (default-testResources) @ fscrawler-beans ---
[INFO] Using 'UTF-8' encoding to copy filtered resources.
[INFO] Using 'UTF-8' encoding to copy filtered properties files.
[INFO] Copying 1 resource
[INFO] 
[INFO] --- maven-compiler-plugin:3.10.1:testCompile (default-testCompile) @ fscrawler-beans ---
[INFO] Changes detected - recompiling the module!
[INFO] Compiling 1 source file to /home/gabsko/breaking-updates/beans/target/test-classes
[WARNING] No processor claimed any of these annotations: /com.carrotsearch.randomizedtesting.annotations.ThreadLeakLingering,/com.carrotsearch.randomizedtesting.annotations.ThreadLeakScope,/org.junit.Test,/com.carrotsearch.randomizedtesting.annotations.TimeoutSuite,/org.junit.runner.RunWith
[INFO] 
[INFO] --- junit4-maven-plugin:2.7.9:junit4 (unit-tests) @ fscrawler-beans ---
[INFO] <JUnit4> says ‰Ω†Â•Ω! Master seed: 844B8758E515B617
Executing 1 suite with 1 JVM.

Started J0 PID(4973@repairnator).
[INFO] JVM J0:     0.27 ..     1.52 =     1.25s
[INFO] Execution time total: 1.52 sec.
[INFO] Tests summary: 1 suite, 3 tests
[INFO] 
[INFO] ---------< fr.pilato.elasticsearch.crawler:fscrawler-3rdparty >---------
[INFO] Building FSCrawler 3rd Party libraries 2.10-SNAPSHOT              [7/21]
[INFO] --------------------------------[ pom ]---------------------------------
[INFO] 
[INFO] --- maven-clean-plugin:2.5:clean (default-clean) @ fscrawler-3rdparty ---
[INFO] 
[INFO] --< fr.pilato.elasticsearch.crawler:fscrawler-workplacesearch-client >--
[INFO] Building FSCrawler Workplace Search Client 2.10-SNAPSHOT          [8/21]
[INFO] --------------------------------[ jar ]---------------------------------
[INFO] 
[INFO] --- maven-clean-plugin:2.5:clean (default-clean) @ fscrawler-workplacesearch-client ---
[INFO] Deleting /home/gabsko/breaking-updates/3rdparty/workplacesearch-client/target
[INFO] 
[INFO] --- maven-resources-plugin:3.2.0:resources (default-resources) @ fscrawler-workplacesearch-client ---
[INFO] Using 'UTF-8' encoding to copy filtered resources.
[INFO] Using 'UTF-8' encoding to copy filtered properties files.
[INFO] Copying 1 resource
[INFO] 
[INFO] --- maven-compiler-plugin:3.10.1:compile (default-compile) @ fscrawler-workplacesearch-client ---
[INFO] Changes detected - recompiling the module!
[INFO] Compiling 5 source files to /home/gabsko/breaking-updates/3rdparty/workplacesearch-client/target/classes
[WARNING] /home/gabsko/breaking-updates/3rdparty/workplacesearch-client/src/main/java/fr/pilato/elasticsearch/crawler/fs/thirdparty/wpsearch/WPSearchClient.java:[342,31] parseJson(java.lang.String) in fr.pilato.elasticsearch.crawler.fs.framework.JsonUtil has been deprecated
[WARNING] /home/gabsko/breaking-updates/3rdparty/workplacesearch-client/src/main/java/fr/pilato/elasticsearch/crawler/fs/thirdparty/wpsearch/WPSearchClient.java:[391,27] parseJson(java.lang.String) in fr.pilato.elasticsearch.crawler.fs.framework.JsonUtil has been deprecated
[INFO] 
[INFO] --- maven-resources-plugin:3.2.0:testResources (default-testResources) @ fscrawler-workplacesearch-client ---
[INFO] Using 'UTF-8' encoding to copy filtered resources.
[INFO] Using 'UTF-8' encoding to copy filtered properties files.
[INFO] skip non existing resourceDirectory /home/gabsko/breaking-updates/3rdparty/workplacesearch-client/src/test/resources
[INFO] 
[INFO] --- maven-compiler-plugin:3.10.1:testCompile (default-testCompile) @ fscrawler-workplacesearch-client ---
[INFO] No sources to compile
[INFO] 
[INFO] ---< fr.pilato.elasticsearch.crawler:fscrawler-elasticsearch-client >---
[INFO] Building FSCrawler Elasticsearch Client 2.10-SNAPSHOT             [9/21]
[INFO] --------------------------------[ jar ]---------------------------------
[INFO] 
[INFO] --- maven-clean-plugin:2.5:clean (default-clean) @ fscrawler-elasticsearch-client ---
[INFO] Deleting /home/gabsko/breaking-updates/elasticsearch-client/target
[INFO] 
[INFO] --- maven-enforcer-plugin:3.0.0-M3:enforce (enforce) @ fscrawler-elasticsearch-client ---
[INFO] 
[INFO] --- maven-resources-plugin:3.2.0:resources (default-resources) @ fscrawler-elasticsearch-client ---
[INFO] Using 'UTF-8' encoding to copy filtered resources.
[INFO] Using 'UTF-8' encoding to copy filtered properties files.
[INFO] skip non existing resourceDirectory /home/gabsko/breaking-updates/elasticsearch-client/src/main/resources
[INFO] 
[INFO] --- maven-compiler-plugin:3.10.1:compile (default-compile) @ fscrawler-elasticsearch-client ---
[INFO] Changes detected - recompiling the module!
[INFO] Compiling 22 source files to /home/gabsko/breaking-updates/elasticsearch-client/target/classes
[WARNING] /home/gabsko/breaking-updates/elasticsearch-client/src/main/java/fr/pilato/elasticsearch/crawler/fs/client/ElasticsearchClient.java:[407,17] createIndices() in fr.pilato.elasticsearch.crawler.fs.client.IElasticsearchClient has been deprecated
[WARNING] /home/gabsko/breaking-updates/elasticsearch-client/src/main/java/fr/pilato/elasticsearch/crawler/fs/client/ElasticsearchClient.java:[170,27] parseJson(java.lang.String) in fr.pilato.elasticsearch.crawler.fs.framework.JsonUtil has been deprecated
[WARNING] /home/gabsko/breaking-updates/elasticsearch-client/src/main/java/fr/pilato/elasticsearch/crawler/fs/client/ElasticsearchClient.java:[274,27] parseJson(java.lang.String) in fr.pilato.elasticsearch.crawler.fs.framework.JsonUtil has been deprecated
[WARNING] /home/gabsko/breaking-updates/elasticsearch-client/src/main/java/fr/pilato/elasticsearch/crawler/fs/client/ElasticsearchClient.java:[535,32] setSourceAsMap(java.util.Map<java.lang.String,java.lang.Object>) in fr.pilato.elasticsearch.crawler.fs.client.ESSearchHit has been deprecated
[WARNING] /home/gabsko/breaking-updates/elasticsearch-client/src/main/java/fr/pilato/elasticsearch/crawler/fs/client/ElasticsearchClient.java:[537,32] setSourceAsMap(java.util.Map<java.lang.String,java.lang.Object>) in fr.pilato.elasticsearch.crawler.fs.client.ESSearchHit has been deprecated
[WARNING] /home/gabsko/breaking-updates/elasticsearch-client/src/main/java/fr/pilato/elasticsearch/crawler/fs/client/ElasticsearchClient.java:[635,31] parseJson(java.lang.String) in fr.pilato.elasticsearch.crawler.fs.framework.JsonUtil has been deprecated
[WARNING] /home/gabsko/breaking-updates/elasticsearch-client/src/main/java/fr/pilato/elasticsearch/crawler/fs/client/ElasticsearchClient.java:[667,12] setSourceAsMap(java.util.Map<java.lang.String,java.lang.Object>) in fr.pilato.elasticsearch.crawler.fs.client.ESSearchHit has been deprecated
[INFO] /home/gabsko/breaking-updates/elasticsearch-client/src/main/java/fr/pilato/elasticsearch/crawler/fs/client/ElasticsearchBulkResponse.java: Some input files use unchecked or unsafe operations.
[INFO] /home/gabsko/breaking-updates/elasticsearch-client/src/main/java/fr/pilato/elasticsearch/crawler/fs/client/ElasticsearchBulkResponse.java: Recompile with -Xlint:unchecked for details.
[INFO] 
[INFO] --- maven-resources-plugin:3.2.0:testResources (default-testResources) @ fscrawler-elasticsearch-client ---
[INFO] Using 'UTF-8' encoding to copy filtered resources.
[INFO] Using 'UTF-8' encoding to copy filtered properties files.
[INFO] Copying 1 resource
[INFO] 
[INFO] --- maven-compiler-plugin:3.10.1:testCompile (default-testCompile) @ fscrawler-elasticsearch-client ---
[INFO] Changes detected - recompiling the module!
[INFO] Compiling 1 source file to /home/gabsko/breaking-updates/elasticsearch-client/target/test-classes
[WARNING] No processor claimed any of these annotations: /com.carrotsearch.randomizedtesting.annotations.ThreadLeakLingering,/com.carrotsearch.randomizedtesting.annotations.ThreadLeakScope,/org.junit.Test,/com.carrotsearch.randomizedtesting.annotations.TimeoutSuite,/org.junit.runner.RunWith
[INFO] 
[INFO] --- junit4-maven-plugin:2.7.9:junit4 (unit-tests) @ fscrawler-elasticsearch-client ---
[INFO] <JUnit4> says ‰ªäÊó•„ÅØ! Master seed: 2719CCE22F671576
Executing 1 suite with 1 JVM.

Started J0 PID(5827@repairnator).
[INFO] JVM J0:     0.26 ..     1.26 =     1.00s
[INFO] Execution time total: 1.26 sec.
[INFO] Tests summary: 1 suite, 3 tests
[INFO] 
[INFO] -----------< fr.pilato.elasticsearch.crawler:fscrawler-tika >-----------
[INFO] Building FSCrawler Tika 2.10-SNAPSHOT                            [10/21]
[INFO] --------------------------------[ jar ]---------------------------------
[INFO] 
[INFO] --- maven-clean-plugin:2.5:clean (default-clean) @ fscrawler-tika ---
[INFO] Deleting /home/gabsko/breaking-updates/tika/target
[INFO] 
[INFO] --- maven-enforcer-plugin:3.0.0-M3:enforce (enforce) @ fscrawler-tika ---
[INFO] 
[INFO] --- maven-resources-plugin:3.2.0:resources (default-resources) @ fscrawler-tika ---
[INFO] Using 'UTF-8' encoding to copy filtered resources.
[INFO] Using 'UTF-8' encoding to copy filtered properties files.
[INFO] skip non existing resourceDirectory /home/gabsko/breaking-updates/tika/src/main/resources
[INFO] 
[INFO] --- maven-compiler-plugin:3.10.1:compile (default-compile) @ fscrawler-tika ---
[INFO] Changes detected - recompiling the module!
[INFO] Compiling 3 source files to /home/gabsko/breaking-updates/tika/target/classes
[INFO] 
[INFO] --- maven-resources-plugin:3.2.0:testResources (default-testResources) @ fscrawler-tika ---
[INFO] Using 'UTF-8' encoding to copy filtered resources.
[INFO] Using 'UTF-8' encoding to copy filtered properties files.
[INFO] Copying 1 resource
[INFO] 
[INFO] --- maven-compiler-plugin:3.10.1:testCompile (default-testCompile) @ fscrawler-tika ---
[INFO] Changes detected - recompiling the module!
[INFO] Compiling 3 source files to /home/gabsko/breaking-updates/tika/target/test-classes
[WARNING] No processor claimed any of these annotations: /org.junit.BeforeClass,/com.carrotsearch.randomizedtesting.annotations.ThreadLeakLingering,/com.carrotsearch.randomizedtesting.annotations.ThreadLeakScope,/org.junit.Test,/com.carrotsearch.randomizedtesting.annotations.TimeoutSuite,/org.junit.runner.RunWith
[INFO] 
[INFO] --- junit4-maven-plugin:2.7.9:junit4 (unit-tests) @ fscrawler-tika ---
[INFO] <JUnit4> says ‡§®‡§Æ‡§∏‡•ç‡§§‡•á! Master seed: A51D17CDBAA79199
Executing 2 suites with 2 JVMs.

Started J0 PID(7782@repairnator).
Started J1 PID(7788@repairnator).
  1> 19:45:05,540 [32mINFO [m [f.p.e.c.f.t.TikaDocParserTest] Test extraction of [test.txt]
  1> 19:45:05,564 [32mINFO [m [f.p.e.c.f.t.TikaInstance] OCR is disabled.
  1> 19:45:06,334 [32mINFO [m [f.p.e.c.f.t.TikaDocParserTest] Test extraction of [test.rtf]
  1> 19:45:06,336 [32mINFO [m [f.p.e.c.f.t.TikaInstance] OCR is disabled.
  1> 19:45:06,533 [32mINFO [m [f.p.e.c.f.t.TikaDocParserTest] Test extraction of [test.html]
  1> 19:45:06,534 [32mINFO [m [f.p.e.c.f.t.TikaInstance] OCR is disabled.
  1> 19:45:06,836 [32mINFO [m [f.p.e.c.f.t.TikaDocParserTest] Test extraction of [test.html]
  1> 19:45:06,837 [32mINFO [m [f.p.e.c.f.t.TikaInstance] Using custom tika configuration from [/tmp/junit16794597873597750363/tika-config/tikaConfig.xml].
  1> 19:45:07,030 [32mINFO [m [f.p.e.c.f.t.TikaDocParserTest] Test extraction of [test.xhtml]
  1> 19:45:07,036 [32mINFO [m [f.p.e.c.f.t.TikaInstance] OCR is disabled.
  1> 19:45:07,180 [32mINFO [m [f.p.e.c.f.t.TikaDocParserTest] Test extraction of [test.xhtml]
  1> 19:45:07,180 [32mINFO [m [f.p.e.c.f.t.TikaInstance] Using custom tika configuration from [/tmp/junit16794597873597750363/tika-config/tikaConfig.xml].
  1> 19:45:07,333 [32mINFO [m [f.p.e.c.f.t.TikaDocParserTest] Test extraction of [issue-400-shiftjis.txt]
  1> 19:45:07,335 [32mINFO [m [f.p.e.c.f.t.TikaInstance] OCR is disabled.
  1> 19:45:07,484 [32mINFO [m [f.p.e.c.f.t.TikaDocParserTest] Test extraction of [test.pdf]
  1> 19:45:07,485 [32mINFO [m [f.p.e.c.f.t.TikaInstance] OCR is disabled.
  1> 19:45:07,798 [32mINFO [m [f.p.e.c.f.t.TikaDocParserTest] Test extraction of [issue-1097.pdf]
  1> 19:45:07,799 [32mINFO [m [f.p.e.c.f.t.TikaInstance] OCR is disabled.
  1> 19:45:07,965 [32mINFO [m [f.p.e.c.f.t.TikaDocParserTest] Test extraction of [test.doc]
  1> 19:45:07,969 [32mINFO [m [f.p.e.c.f.t.TikaInstance] OCR is disabled.
  1> 19:45:08,165 [1;31mERROR[m [f.document] [adcd46a474daa5d22e2b5d15a4192ceb][/] 'byte[] org.apache.poi.util.IOUtils.toByteArray(java.io.InputStream, int, int)'
  1> 19:45:08,165 [33mWARN [m [f.p.e.c.f.t.TikaDocParser] Failed to extract [100000] characters of text for [/documents/test.doc]: 'byte[] org.apache.poi.util.IOUtils.toByteArray(java.io.InputStream, int, int)'
  2> REPRODUCE WITH:
  2> mvn integration-test -Dtests.seed=A51D17CDBAA79199 -Dtests.class=fr.pilato.elasticsearch.crawler.fs.tika.TikaDocParserTest -Dtests.method="testExtractFromDoc" -Dtests.locale=ff-SN -Dtests.timezone=Europe/Mariehamn
FAILURE 0.21s J0 | TikaDocParserTest.testExtractFromDoc <<<
   > Throwable #1: java.lang.AssertionError: 
   > Expected: a string containing "This is a sample text available in page"
   >      but: was null
   > 	at __randomizedtesting.SeedInfo.seed([A51D17CDBAA79199:A025EFD7BCD37DB6]:0)
   > 	at org.hamcrest.MatcherAssert.assertThat(MatcherAssert.java:20)
   > 	at org.hamcrest.MatcherAssert.assertThat(MatcherAssert.java:8)
   > 	at fr.pilato.elasticsearch.crawler.fs.tika.TikaDocParserTest.testExtractFromDoc(TikaDocParserTest.java:153)
   > 	at java.base/jdk.internal.reflect.NativeMethodAccessorImpl.invoke0(Native Method)
   > 	at java.base/jdk.internal.reflect.NativeMethodAccessorImpl.invoke(NativeMethodAccessorImpl.java:62)
   > 	at java.base/jdk.internal.reflect.DelegatingMethodAccessorImpl.invoke(DelegatingMethodAccessorImpl.java:43)
   > 	at java.base/java.lang.reflect.Method.invoke(Method.java:566)
   > 	at com.carrotsearch.randomizedtesting.RandomizedRunner.invoke(RandomizedRunner.java:1758)
   > 	at com.carrotsearch.randomizedtesting.RandomizedRunner$8.evaluate(RandomizedRunner.java:946)
   > 	at org.junit.rules.TestWatcher$1.evaluate(TestWatcher.java:61)
   > 	at com.carrotsearch.randomizedtesting.rules.StatementAdapter.evaluate(StatementAdapter.java:36)
   > 	at com.carrotsearch.randomizedtesting.ThreadLeakControl$StatementRunner.run(ThreadLeakControl.java:375)
   > 	at com.carrotsearch.randomizedtesting.ThreadLeakControl.forkTimeoutingTask(ThreadLeakControl.java:824)
   > 	at com.carrotsearch.randomizedtesting.ThreadLeakControl$3.evaluate(ThreadLeakControl.java:475)
   > 	at com.carrotsearch.randomizedtesting.RandomizedRunner.runSingleTest(RandomizedRunner.java:955)
   > 	at com.carrotsearch.randomizedtesting.RandomizedRunner$5.evaluate(RandomizedRunner.java:840)
   > 	at com.carrotsearch.randomizedtesting.RandomizedRunner$6.evaluate(RandomizedRunner.java:891)
   > 	at com.carrotsearch.randomizedtesting.RandomizedRunner$7.evaluate(RandomizedRunner.java:902)
   > 	at org.junit.rules.ExternalResource$1.evaluate(ExternalResource.java:54)
   > 	at com.carrotsearch.randomizedtesting.rules.StatementAdapter.evaluate(StatementAdapter.java:36)
   > 	at com.carrotsearch.randomizedtesting.ThreadLeakControl$StatementRunner.run(ThreadLeakControl.java:375)
   > 	at com.carrotsearch.randomizedtesting.ThreadLeakControl.lambda$forkTimeoutingTask$0(ThreadLeakControl.java:831)
   > 	at java.base/java.lang.Thread.run(Thread.java:829)
  1> 19:45:08,179 [32mINFO [m [f.p.e.c.f.t.TikaDocParserTest] Test extraction of [test.txt]
  1> 19:45:08,184 [32mINFO [m [f.p.e.c.f.t.TikaInstance] OCR is disabled.
  1> 19:45:08,351 [32mINFO [m [f.p.e.c.f.t.TikaDocParserTest] Test extraction of [test.docx]
  1> 19:45:08,353 [32mINFO [m [f.p.e.c.f.t.TikaInstance] OCR is disabled.
  1> 19:45:08,904 [32mINFO [m [f.p.e.c.f.t.TikaDocParserTest] Test extraction of [test.txt]
  1> 19:45:08,905 [32mINFO [m [f.p.e.c.f.t.TikaInstance] OCR is disabled.
  1> 19:45:09,703 [32mINFO [m [f.p.e.c.f.t.TikaDocParserTest] Test extraction of [test-fr.txt]
  1> 19:45:09,705 [32mINFO [m [f.p.e.c.f.t.TikaInstance] OCR is disabled.
  1> 19:45:09,844 [32mINFO [m [f.p.e.c.f.t.TikaDocParserTest] Test extraction of [test-de.txt]
  1> 19:45:09,845 [32mINFO [m [f.p.e.c.f.t.TikaInstance] OCR is disabled.
  1> 19:45:09,979 [32mINFO [m [f.p.e.c.f.t.TikaDocParserTest] Test extraction of [test-enfrde.txt]
  1> 19:45:09,981 [32mINFO [m [f.p.e.c.f.t.TikaInstance] OCR is disabled.
  1> 19:45:10,126 [32mINFO [m [f.p.e.c.f.t.TikaDocParserTest] Test extraction of [test.mp3]
  1> 19:45:10,127 [32mINFO [m [f.p.e.c.f.t.TikaInstance] OCR is disabled.
  1> 19:45:10,274 [32mINFO [m [f.p.e.c.f.t.TikaDocParserTest] Test extraction of [issue-stackoverflow.docx]
  1> 19:45:10,276 [32mINFO [m [f.p.e.c.f.t.TikaInstance] OCR is disabled.
  1> 19:45:11,067 [33mWARN [m [o.a.p.p.PDPageTree] COSDictionary expected, but got null
  1> 19:45:11,067 [33mWARN [m [o.a.p.p.PDPageTree] COSDictionary expected, but got null
  1> 19:45:11,068 [1;31mERROR[m [o.a.p.p.PDPageTree] This page tree node has already been visited
  1> 19:45:11,068 [1;31mERROR[m [o.a.p.p.PDPageTree] This page tree node has already been visited
  1> 19:45:11,068 [33mWARN [m [o.a.p.p.PDPageTree] COSDictionary expected, but got null
  1> 19:45:11,068 [33mWARN [m [o.a.p.p.PDPageTree] COSDictionary expected, but got null
  1> 19:45:11,068 [33mWARN [m [o.a.p.p.PDPageTree] COSDictionary expected, but got null
  1> 19:45:11,068 [33mWARN [m [o.a.p.p.PDPageTree] COSDictionary expected, but got null
  1> 19:45:11,068 [33mWARN [m [o.a.p.p.PDPageTree] COSDictionary expected, but got null
  1> 19:45:11,068 [33mWARN [m [o.a.p.p.PDPageTree] COSDictionary expected, but got null
  1> 19:45:11,068 [33mWARN [m [o.a.p.p.PDPageTree] COSDictionary expected, but got null
  1> 19:45:11,068 [33mWARN [m [o.a.p.p.PDPageTree] COSDictionary expected, but got null
  1> 19:45:11,068 [33mWARN [m [o.a.p.p.PDPageTree] COSDictionary expected, but got null
  1> 19:45:11,068 [33mWARN [m [o.a.p.p.PDPageTree] COSDictionary expected, but got null
  1> 19:45:11,068 [33mWARN [m [o.a.p.p.PDPageTree] COSDictionary expected, but got null
  1> 19:45:11,068 [33mWARN [m [o.a.p.p.PDPageTree] COSDictionary expected, but got null
  1> 19:45:11,068 [33mWARN [m [o.a.p.p.PDPageTree] COSDictionary expected, but got null
  1> 19:45:11,068 [33mWARN [m [o.a.p.p.PDPageTree] COSDictionary expected, but got null
  1> 19:45:11,071 [32mINFO [m [f.p.e.c.f.t.TikaDocParserTest] Test extraction of [issue-221-doc1.pdf]
  1> 19:45:11,073 [32mINFO [m [f.p.e.c.f.t.TikaInstance] OCR is disabled.
  1> 19:45:11,252 [32mINFO [m [f.p.e.c.f.t.TikaDocParserTest] Test extraction of [issue-221-doc2.pdf]
  1> 19:45:11,254 [32mINFO [m [f.p.e.c.f.t.TikaInstance] OCR is disabled.
  1> 19:45:11,384 [33mWARN [m [o.a.p.p.f.PDFont] Invalid ToUnicode CMap in font RobotoSlab-Regular
  1> 19:45:11,384 [33mWARN [m [o.a.p.p.f.PDFont] Using predefined identity CMap instead
  1> 19:45:11,407 [33mWARN [m [o.a.p.p.f.PDCIDFontType2] Found CFF/OTF but expected embedded TTF font RobotoSlab-Regular
  1> 19:45:11,418 [32mINFO [m [f.p.e.c.f.t.TikaDocParserTest] Test extraction of [issue-163.xml]
  1> 19:45:11,420 [32mINFO [m [f.p.e.c.f.t.TikaInstance] OCR is disabled.
  1> 19:45:11,575 [32mINFO [m [f.p.e.c.f.t.TikaDocParserTest] Test extraction of [test.txt]
  1> 19:45:11,588 [32mINFO [m [f.p.e.c.f.t.TikaInstance] OCR is disabled.
  1> 19:45:11,725 [32mINFO [m [f.p.e.c.f.t.TikaDocParserTest] Test extraction of [test.txt]
  1> 19:45:11,727 [32mINFO [m [f.p.e.c.f.t.TikaInstance] OCR is disabled.
  1> 19:45:11,871 [32mINFO [m [f.p.e.c.f.t.TikaDocParserTest] Test extraction of [test.html]
  1> 19:45:11,876 [32mINFO [m [f.p.e.c.f.t.TikaInstance] OCR is disabled.
  1> 19:45:12,029 [32mINFO [m [f.p.e.c.f.t.TikaDocParserTest] Test extraction of [test.odt]
  1> 19:45:12,030 [32mINFO [m [f.p.e.c.f.t.TikaInstance] OCR is disabled.
  1> 19:45:12,199 [32mINFO [m [f.p.e.c.f.t.TikaDocParserTest] Test extraction of [test.txt]
IGNOR/A 0.00s J0 | TikaDocParserTest.testOcr
   > Assumption #1: Tesseract is not installed so we are skipping this test
  1> 19:45:12,204 [32mINFO [m [f.p.e.c.f.t.TikaDocParserTest] Test extraction of [issue-834.txt]
  1> 19:45:12,205 [32mINFO [m [f.p.e.c.f.t.TikaInstance] OCR is disabled.
  1> 19:45:12,319 [32mINFO [m [f.p.e.c.f.t.TikaDocParserTest] Test extraction of [test-protected.docx]
  1> 19:45:12,321 [32mINFO [m [f.p.e.c.f.t.TikaInstance] OCR is disabled.
  1> 19:45:12,630 [1;31mERROR[m [f.document] [543318f22fa821f2bb0bbc8794de8d][/] Unable to process: document is encrypted
  1> 19:45:12,630 [33mWARN [m [f.p.e.c.f.t.TikaDocParser] Failed to extract [100000] characters of text for [/documents/test-protected.docx]: Unable to process: document is encrypted
  1> 19:45:12,631 [32mINFO [m [f.p.e.c.f.t.TikaDocParserTest] Test extraction of [test.wav]
  1> 19:45:12,633 [32mINFO [m [f.p.e.c.f.t.TikaInstance] OCR is disabled.

Tests with failures [seed: A51D17CDBAA79199]:
  - fr.pilato.elasticsearch.crawler.fs.tika.TikaDocParserTest.testExtractFromDoc


[INFO] JVM J0:     0.53 ..     8.80 =     8.27s
[INFO] JVM J1:     0.55 ..     1.80 =     1.25s
[INFO] Execution time total: 8.81 sec.
[INFO] Tests summary: 2 suites, 25 tests, 1 failure, 1 ignored (1 assumption)
[INFO] ------------------------------------------------------------------------
[INFO] Reactor Summary for FSCrawler 2.10-SNAPSHOT:
[INFO] 
[INFO] FSCrawler .......................................... SUCCESS [  0.078 s]
[INFO] FSCrawler Test Framework ........................... SUCCESS [  3.183 s]
[INFO] FSCrawler Framework ................................ SUCCESS [  0.909 s]
[INFO] FSCrawler Settings ................................. SUCCESS [  2.714 s]
[INFO] FSCrawler Test Documents ........................... SUCCESS [  0.019 s]
[INFO] FSCrawler Beans .................................... SUCCESS [  1.789 s]
[INFO] FSCrawler 3rd Party libraries ...................... SUCCESS [  0.002 s]
[INFO] FSCrawler Workplace Search Client .................. SUCCESS [  0.202 s]
[INFO] FSCrawler Elasticsearch Client ..................... SUCCESS [  1.935 s]
[INFO] FSCrawler Tika ..................................... FAILURE [ 10.612 s]
[INFO] FSCrawler Crawlers ................................. SKIPPED
[INFO] FSCrawler Abstract Crawler ......................... SKIPPED
[INFO] FSCrawler Crawlers: FS ............................. SKIPPED
[INFO] FSCrawler Crawlers: FTP ............................ SKIPPED
[INFO] FSCrawler Crawlers: SSH ............................ SKIPPED
[INFO] FSCrawler Core ..................................... SKIPPED
[INFO] FSCrawler Rest Server .............................. SKIPPED
[INFO] FSCrawler Integration Tests ........................ SKIPPED
[INFO] FSCrawler Cli ...................................... SKIPPED
[INFO] FSCrawler ZIP Distribution ......................... SKIPPED
[INFO] FSCrawler Documentation ............................ SKIPPED
[INFO] ------------------------------------------------------------------------
[INFO] BUILD FAILURE
[INFO] ------------------------------------------------------------------------
[INFO] Total time:  21.629 s
[INFO] Finished at: 2023-01-24T17:45:13Z
[INFO] ------------------------------------------------------------------------
[ERROR] Failed to execute goal com.carrotsearch.randomizedtesting:junit4-maven-plugin:2.7.9:junit4 (unit-tests) on project fscrawler-tika: There were test failures: 2 suites, 25 tests, 1 failure, 1 ignored (1 assumption) [seed: A51D17CDBAA79199] -> [Help 1]
[ERROR] 
[ERROR] To see the full stack trace of the errors, re-run Maven with the -e switch.
[ERROR] Re-run Maven using the -X switch to enable full debug logging.
[ERROR] 
[ERROR] For more information about the errors and possible solutions, please read the following articles:
[ERROR] [Help 1] http://cwiki.apache.org/confluence/display/MAVEN/MojoExecutionException
[ERROR] 
[ERROR] After correcting the problems, you can resume the build with the command
[ERROR]   mvn <args> -rf :fscrawler-tika
