[INFO] Scanning for projects...
[WARNING] 
[WARNING] Some problems were encountered while building the effective model for fr.pilato.elasticsearch.crawler:fscrawler-it-v7:jar:2.8-SNAPSHOT
[WARNING] 'dependencies.dependency.(groupId:artifactId:type:classifier)' must be unique: fr.pilato.elasticsearch.crawler:fscrawler-it-common:jar -> version (?) vs 2.8-SNAPSHOT @ line 31, column 21
[WARNING] 
[WARNING] It is highly recommended to fix these problems because they threaten the stability of your build.
[WARNING] 
[WARNING] For this reason, future Maven versions might no longer support building such malformed projects.
[WARNING] 
[INFO] ------------------------------------------------------------------------
[INFO] Reactor Build Order:
[INFO] 
[INFO] FSCrawler                                                          [pom]
[INFO] FSCrawler Test Framework                                           [jar]
[INFO] FSCrawler Framework                                                [jar]
[INFO] FSCrawler Settings                                                 [jar]
[INFO] FSCrawler Test Documents                                           [jar]
[INFO] FSCrawler Beans                                                    [jar]
[INFO] FSCrawler 3rd Party libraries                                      [pom]
[INFO] FSCrawler Workplace Search Client                                  [jar]
[INFO] FSCrawler Elasticsearch Client                                     [pom]
[INFO] FSCrawler Elasticsearch Client Base                                [jar]
[INFO] FSCrawler Elasticsearch Client V7                                  [jar]
[INFO] FSCrawler Elasticsearch Client V6                                  [jar]
[INFO] FSCrawler Tika                                                     [jar]
[INFO] FSCrawler Crawlers                                                 [pom]
[INFO] FSCrawler Abstract Crawler                                         [jar]
[INFO] FSCrawler Crawlers: FS                                             [jar]
[INFO] FSCrawler Crawlers: FTP                                            [jar]
[INFO] FSCrawler Crawlers: SSH                                            [jar]
[INFO] FSCrawler Core                                                     [jar]
[INFO] FSCrawler Rest Server                                              [jar]
[INFO] FSCrawler Integration Tests                                        [pom]
[INFO] FSCrawler Integration Common Tests                                 [jar]
[INFO] FSCrawler Integration Tests for Elasticsearch 7.x                  [jar]
[INFO] FSCrawler Integration Tests for Elasticsearch 6.x                  [jar]
[INFO] FSCrawler Cli                                                      [jar]
[INFO] FSCrawler ZIP Distribution                                         [pom]
[INFO] FSCrawler ZIP Distribution for Elasticsearch 7.x                   [jar]
[INFO] FSCrawler ZIP Distribution for Elasticsearch 6.x                   [jar]
[INFO] FSCrawler Documentation                                            [pom]
[INFO] 
[INFO] ----------< fr.pilato.elasticsearch.crawler:fscrawler-parent >----------
[INFO] Building FSCrawler 2.8-SNAPSHOT                                   [1/29]
[INFO] --------------------------------[ pom ]---------------------------------
[INFO] 
[INFO] --- maven-clean-plugin:2.5:clean (default-clean) @ fscrawler-parent ---
[INFO] 
[INFO] ------< fr.pilato.elasticsearch.crawler:fscrawler-test-framework >------
[INFO] Building FSCrawler Test Framework 2.8-SNAPSHOT                    [2/29]
[INFO] --------------------------------[ jar ]---------------------------------
[INFO] 
[INFO] --- maven-clean-plugin:2.5:clean (default-clean) @ fscrawler-test-framework ---
[INFO] Deleting /home/gabsko/breaking-updates/test-framework/target
[INFO] 
[INFO] --- maven-enforcer-plugin:3.0.0-M3:enforce (enforce) @ fscrawler-test-framework ---
[INFO] 
[INFO] --- maven-resources-plugin:3.2.0:resources (default-resources) @ fscrawler-test-framework ---
[INFO] Using 'UTF-8' encoding to copy filtered resources.
[INFO] Using 'UTF-8' encoding to copy filtered properties files.
[INFO] skip non existing resourceDirectory /home/gabsko/breaking-updates/test-framework/src/main/resources
[INFO] 
[INFO] --- maven-compiler-plugin:3.8.1:compile (default-compile) @ fscrawler-test-framework ---
[INFO] Changes detected - recompiling the module!
[INFO] Compiling 4 source files to /home/gabsko/breaking-updates/test-framework/target/classes
[WARNING] No processor claimed any of these annotations: /com.carrotsearch.randomizedtesting.annotations.TimeoutSuite,/org.junit.ClassRule,/org.junit.BeforeClass,/com.carrotsearch.randomizedtesting.annotations.ThreadLeakLingering,/org.junit.Rule,/com.carrotsearch.randomizedtesting.annotations.ThreadLeakScope,/org.junit.runner.RunWith,/org.junit.AfterClass,/com.carrotsearch.randomizedtesting.annotations.Listeners
[INFO] /home/gabsko/breaking-updates/test-framework/src/main/java/fr/pilato/elasticsearch/crawler/fs/test/framework/AbstractFSCrawlerTestCase.java: /home/gabsko/breaking-updates/test-framework/src/main/java/fr/pilato/elasticsearch/crawler/fs/test/framework/AbstractFSCrawlerTestCase.java uses unchecked or unsafe operations.
[INFO] /home/gabsko/breaking-updates/test-framework/src/main/java/fr/pilato/elasticsearch/crawler/fs/test/framework/AbstractFSCrawlerTestCase.java: Recompile with -Xlint:unchecked for details.
[INFO] 
[INFO] --- maven-resources-plugin:3.2.0:testResources (default-testResources) @ fscrawler-test-framework ---
[INFO] Using 'UTF-8' encoding to copy filtered resources.
[INFO] Using 'UTF-8' encoding to copy filtered properties files.
[INFO] Copying 1 resource
[INFO] 
[INFO] --- maven-compiler-plugin:3.8.1:testCompile (default-testCompile) @ fscrawler-test-framework ---
[INFO] Changes detected - recompiling the module!
[INFO] Compiling 1 source file to /home/gabsko/breaking-updates/test-framework/target/test-classes
[WARNING] No processor claimed any of these annotations: /com.carrotsearch.randomizedtesting.annotations.ThreadLeakLingering,/com.carrotsearch.randomizedtesting.annotations.ThreadLeakScope,/org.junit.Test,/com.carrotsearch.randomizedtesting.annotations.TimeoutSuite,/org.junit.runner.RunWith
[INFO] 
[INFO] --- junit4-maven-plugin:2.7.9:junit4 (unit-tests) @ fscrawler-test-framework ---
[INFO] <JUnit4> says hallo! Master seed: 4E4966907344D7CD
Executing 1 suite with 1 JVM.

Started J0 PID(32333@repairnator).
[INFO] JVM J0:     0.33 ..     1.09 =     0.76s
[INFO] Execution time total: 1.10 sec.
[INFO] Tests summary: 1 suite, 2 tests
[INFO] 
[INFO] --------< fr.pilato.elasticsearch.crawler:fscrawler-framework >---------
[INFO] Building FSCrawler Framework 2.8-SNAPSHOT                         [3/29]
[INFO] --------------------------------[ jar ]---------------------------------
[INFO] 
[INFO] --- maven-clean-plugin:2.5:clean (default-clean) @ fscrawler-framework ---
[INFO] Deleting /home/gabsko/breaking-updates/framework/target
[INFO] 
[INFO] --- maven-enforcer-plugin:3.0.0-M3:enforce (enforce) @ fscrawler-framework ---
[INFO] 
[INFO] --- maven-resources-plugin:3.2.0:resources (default-resources) @ fscrawler-framework ---
[INFO] Using 'UTF-8' encoding to copy filtered resources.
[INFO] Using 'UTF-8' encoding to copy filtered properties files.
[INFO] Copying 1 resource
[INFO] 
[INFO] --- maven-compiler-plugin:3.8.1:compile (default-compile) @ fscrawler-framework ---
[INFO] Changes detected - recompiling the module!
[INFO] Compiling 29 source files to /home/gabsko/breaking-updates/framework/target/classes
[INFO] 
[INFO] --- maven-resources-plugin:3.2.0:testResources (default-testResources) @ fscrawler-framework ---
[INFO] Using 'UTF-8' encoding to copy filtered resources.
[INFO] Using 'UTF-8' encoding to copy filtered properties files.
[INFO] Copying 1 resource
[INFO] 
[INFO] --- maven-compiler-plugin:3.8.1:testCompile (default-testCompile) @ fscrawler-framework ---
[INFO] Changes detected - recompiling the module!
[INFO] Compiling 3 source files to /home/gabsko/breaking-updates/framework/target/test-classes
[WARNING] No processor claimed any of these annotations: /org.junit.BeforeClass,/com.carrotsearch.randomizedtesting.annotations.ThreadLeakLingering,/com.carrotsearch.randomizedtesting.annotations.ThreadLeakScope,/org.junit.Test,/com.carrotsearch.randomizedtesting.annotations.TimeoutSuite,/org.junit.runner.RunWith
[INFO] 
[INFO] ---------< fr.pilato.elasticsearch.crawler:fscrawler-settings >---------
[INFO] Building FSCrawler Settings 2.8-SNAPSHOT                          [4/29]
[INFO] --------------------------------[ jar ]---------------------------------
[INFO] 
[INFO] --- maven-clean-plugin:2.5:clean (default-clean) @ fscrawler-settings ---
[INFO] Deleting /home/gabsko/breaking-updates/settings/target
[INFO] 
[INFO] --- maven-enforcer-plugin:3.0.0-M3:enforce (enforce) @ fscrawler-settings ---
[INFO] 
[INFO] --- maven-resources-plugin:3.2.0:resources (default-resources) @ fscrawler-settings ---
[INFO] Using 'UTF-8' encoding to copy filtered resources.
[INFO] Using 'UTF-8' encoding to copy filtered properties files.
[INFO] Copying 5 resources
[INFO] 
[INFO] --- maven-compiler-plugin:3.8.1:compile (default-compile) @ fscrawler-settings ---
[INFO] Changes detected - recompiling the module!
[INFO] Compiling 11 source files to /home/gabsko/breaking-updates/settings/target/classes
[WARNING] No processor claimed any of these annotations: /com.fasterxml.jackson.annotation.JsonIgnore,/com.fasterxml.jackson.annotation.JsonProperty
[INFO] 
[INFO] --- maven-resources-plugin:3.2.0:testResources (default-testResources) @ fscrawler-settings ---
[INFO] Using 'UTF-8' encoding to copy filtered resources.
[INFO] Using 'UTF-8' encoding to copy filtered properties files.
[INFO] Copying 6 resources
[INFO] 
[INFO] --- maven-compiler-plugin:3.8.1:testCompile (default-testCompile) @ fscrawler-settings ---
[INFO] Changes detected - recompiling the module!
[INFO] Compiling 8 source files to /home/gabsko/breaking-updates/settings/target/test-classes
[WARNING] No processor claimed any of these annotations: /org.junit.BeforeClass,/com.carrotsearch.randomizedtesting.annotations.ThreadLeakLingering,/com.carrotsearch.randomizedtesting.annotations.ThreadLeakScope,/org.junit.Test,/com.carrotsearch.randomizedtesting.annotations.TimeoutSuite,/org.junit.runner.RunWith
[INFO] 
[INFO] --- junit4-maven-plugin:2.7.9:junit4 (unit-tests) @ fscrawler-settings ---
[INFO] <JUnit4> says cze≈õƒá! Master seed: 6B3FED7FCAECC251
Executing 8 suites with 4 JVMs.

Started J0 PID(33190@repairnator).
Started J1 PID(33229@repairnator).
Started J2 PID(33230@repairnator).
Started J3 PID(33228@repairnator).
[INFO] JVM J0:     0.28 ..     1.29 =     1.00s
[INFO] JVM J1:     0.38 ..     1.38 =     1.01s
[INFO] JVM J2:     0.38 ..     1.89 =     1.51s
[INFO] JVM J3:     0.38 ..     1.38 =     1.01s
[INFO] Execution time total: 1.89 sec.
[INFO] Tests summary: 8 suites, 49 tests
[INFO] 
[INFO] ------< fr.pilato.elasticsearch.crawler:fscrawler-test-documents >------
[INFO] Building FSCrawler Test Documents 2.8-SNAPSHOT                    [5/29]
[INFO] --------------------------------[ jar ]---------------------------------
[INFO] 
[INFO] --- maven-clean-plugin:2.5:clean (default-clean) @ fscrawler-test-documents ---
[INFO] Deleting /home/gabsko/breaking-updates/test-documents/target
[INFO] 
[INFO] --- maven-enforcer-plugin:3.0.0-M3:enforce (enforce) @ fscrawler-test-documents ---
[INFO] 
[INFO] --- maven-resources-plugin:3.2.0:resources (default-resources) @ fscrawler-test-documents ---
[INFO] Using 'UTF-8' encoding to copy filtered resources.
[INFO] Using 'UTF-8' encoding to copy filtered properties files.
[INFO] Copying 30 resources
[INFO] 
[INFO] --- maven-compiler-plugin:3.8.1:compile (default-compile) @ fscrawler-test-documents ---
[INFO] No sources to compile
[INFO] 
[INFO] --- maven-resources-plugin:3.2.0:testResources (default-testResources) @ fscrawler-test-documents ---
[INFO] Using 'UTF-8' encoding to copy filtered resources.
[INFO] Using 'UTF-8' encoding to copy filtered properties files.
[INFO] skip non existing resourceDirectory /home/gabsko/breaking-updates/test-documents/src/test/resources
[INFO] 
[INFO] --- maven-compiler-plugin:3.8.1:testCompile (default-testCompile) @ fscrawler-test-documents ---
[INFO] No sources to compile
[INFO] 
[INFO] ----------< fr.pilato.elasticsearch.crawler:fscrawler-beans >-----------
[INFO] Building FSCrawler Beans 2.8-SNAPSHOT                             [6/29]
[INFO] --------------------------------[ jar ]---------------------------------
[INFO] 
[INFO] --- maven-clean-plugin:2.5:clean (default-clean) @ fscrawler-beans ---
[INFO] Deleting /home/gabsko/breaking-updates/beans/target
[INFO] 
[INFO] --- maven-enforcer-plugin:3.0.0-M3:enforce (enforce) @ fscrawler-beans ---
[INFO] 
[INFO] --- maven-resources-plugin:3.2.0:resources (default-resources) @ fscrawler-beans ---
[INFO] Using 'UTF-8' encoding to copy filtered resources.
[INFO] Using 'UTF-8' encoding to copy filtered properties files.
[INFO] skip non existing resourceDirectory /home/gabsko/breaking-updates/beans/src/main/resources
[INFO] 
[INFO] --- maven-compiler-plugin:3.8.1:compile (default-compile) @ fscrawler-beans ---
[INFO] Changes detected - recompiling the module!
[INFO] Compiling 12 source files to /home/gabsko/breaking-updates/beans/target/classes
[INFO] /home/gabsko/breaking-updates/beans/src/main/java/fr/pilato/elasticsearch/crawler/fs/beans/DocParser.java: /home/gabsko/breaking-updates/beans/src/main/java/fr/pilato/elasticsearch/crawler/fs/beans/DocParser.java uses unchecked or unsafe operations.
[INFO] /home/gabsko/breaking-updates/beans/src/main/java/fr/pilato/elasticsearch/crawler/fs/beans/DocParser.java: Recompile with -Xlint:unchecked for details.
[INFO] 
[INFO] --- maven-resources-plugin:3.2.0:testResources (default-testResources) @ fscrawler-beans ---
[INFO] Using 'UTF-8' encoding to copy filtered resources.
[INFO] Using 'UTF-8' encoding to copy filtered properties files.
[INFO] Copying 1 resource
[INFO] 
[INFO] --- maven-compiler-plugin:3.8.1:testCompile (default-testCompile) @ fscrawler-beans ---
[INFO] Changes detected - recompiling the module!
[INFO] Compiling 1 source file to /home/gabsko/breaking-updates/beans/target/test-classes
[WARNING] No processor claimed any of these annotations: /com.carrotsearch.randomizedtesting.annotations.ThreadLeakLingering,/com.carrotsearch.randomizedtesting.annotations.ThreadLeakScope,/org.junit.Test,/com.carrotsearch.randomizedtesting.annotations.TimeoutSuite,/org.junit.runner.RunWith
[INFO] 
[INFO] --- junit4-maven-plugin:2.7.9:junit4 (unit-tests) @ fscrawler-beans ---
[INFO] <JUnit4> says kaixo! Master seed: FA3519303E71DE53
Executing 1 suite with 1 JVM.

Started J0 PID(34219@repairnator).
[INFO] JVM J0:     0.26 ..     1.27 =     1.00s
[INFO] Execution time total: 1.27 sec.
[INFO] Tests summary: 1 suite, 3 tests
[INFO] 
[INFO] ---------< fr.pilato.elasticsearch.crawler:fscrawler-3rdparty >---------
[INFO] Building FSCrawler 3rd Party libraries 2.8-SNAPSHOT               [7/29]
[INFO] --------------------------------[ pom ]---------------------------------
[INFO] 
[INFO] --- maven-clean-plugin:2.5:clean (default-clean) @ fscrawler-3rdparty ---
[INFO] 
[INFO] --< fr.pilato.elasticsearch.crawler:fscrawler-workplacesearch-client >--
[INFO] Building FSCrawler Workplace Search Client 2.8-SNAPSHOT           [8/29]
[INFO] --------------------------------[ jar ]---------------------------------
[INFO] 
[INFO] --- maven-clean-plugin:2.5:clean (default-clean) @ fscrawler-workplacesearch-client ---
[INFO] Deleting /home/gabsko/breaking-updates/3rdparty/workplacesearch-client/target
[INFO] 
[INFO] --- maven-resources-plugin:3.2.0:resources (default-resources) @ fscrawler-workplacesearch-client ---
[INFO] Using 'UTF-8' encoding to copy filtered resources.
[INFO] Using 'UTF-8' encoding to copy filtered properties files.
[INFO] Copying 1 resource
[INFO] 
[INFO] --- maven-compiler-plugin:3.8.1:compile (default-compile) @ fscrawler-workplacesearch-client ---
[INFO] Changes detected - recompiling the module!
[INFO] Compiling 5 source files to /home/gabsko/breaking-updates/3rdparty/workplacesearch-client/target/classes
[INFO] 
[INFO] --- maven-resources-plugin:3.2.0:testResources (default-testResources) @ fscrawler-workplacesearch-client ---
[INFO] Using 'UTF-8' encoding to copy filtered resources.
[INFO] Using 'UTF-8' encoding to copy filtered properties files.
[INFO] skip non existing resourceDirectory /home/gabsko/breaking-updates/3rdparty/workplacesearch-client/src/test/resources
[INFO] 
[INFO] --- maven-compiler-plugin:3.8.1:testCompile (default-testCompile) @ fscrawler-workplacesearch-client ---
[INFO] No sources to compile
[INFO] 
[INFO] ---< fr.pilato.elasticsearch.crawler:fscrawler-elasticsearch-client >---
[INFO] Building FSCrawler Elasticsearch Client 2.8-SNAPSHOT              [9/29]
[INFO] --------------------------------[ pom ]---------------------------------
[INFO] 
[INFO] --- maven-clean-plugin:2.5:clean (default-clean) @ fscrawler-elasticsearch-client ---
[INFO] 
[INFO] --- maven-enforcer-plugin:3.0.0-M3:enforce (enforce) @ fscrawler-elasticsearch-client ---
[INFO] 
[INFO] --- junit4-maven-plugin:2.7.9:junit4 (unit-tests) @ fscrawler-elasticsearch-client ---
[INFO] 
[INFO] --< fr.pilato.elasticsearch.crawler:fscrawler-elasticsearch-client-base >--
[INFO] Building FSCrawler Elasticsearch Client Base 2.8-SNAPSHOT        [10/29]
[INFO] --------------------------------[ jar ]---------------------------------
[INFO] 
[INFO] --- maven-clean-plugin:2.5:clean (default-clean) @ fscrawler-elasticsearch-client-base ---
[INFO] Deleting /home/gabsko/breaking-updates/elasticsearch-client/elasticsearch-client-base/target
[INFO] 
[INFO] --- maven-enforcer-plugin:3.0.0-M3:enforce (enforce) @ fscrawler-elasticsearch-client-base ---
[INFO] 
[INFO] --- maven-resources-plugin:3.2.0:resources (default-resources) @ fscrawler-elasticsearch-client-base ---
[INFO] Using 'UTF-8' encoding to copy filtered resources.
[INFO] Using 'UTF-8' encoding to copy filtered properties files.
[INFO] skip non existing resourceDirectory /home/gabsko/breaking-updates/elasticsearch-client/elasticsearch-client-base/src/main/resources
[INFO] 
[INFO] --- maven-compiler-plugin:3.8.1:compile (default-compile) @ fscrawler-elasticsearch-client-base ---
[INFO] Changes detected - recompiling the module!
[INFO] Compiling 16 source files to /home/gabsko/breaking-updates/elasticsearch-client/elasticsearch-client-base/target/classes
[INFO] /home/gabsko/breaking-updates/elasticsearch-client/elasticsearch-client-base/src/main/java/fr/pilato/elasticsearch/crawler/fs/client/WorkplaceSearchClientUtil.java: /home/gabsko/breaking-updates/elasticsearch-client/elasticsearch-client-base/src/main/java/fr/pilato/elasticsearch/crawler/fs/client/WorkplaceSearchClientUtil.java uses unchecked or unsafe operations.
[INFO] /home/gabsko/breaking-updates/elasticsearch-client/elasticsearch-client-base/src/main/java/fr/pilato/elasticsearch/crawler/fs/client/WorkplaceSearchClientUtil.java: Recompile with -Xlint:unchecked for details.
[INFO] 
[INFO] --- maven-resources-plugin:3.2.0:testResources (default-testResources) @ fscrawler-elasticsearch-client-base ---
[INFO] Using 'UTF-8' encoding to copy filtered resources.
[INFO] Using 'UTF-8' encoding to copy filtered properties files.
[INFO] Copying 1 resource
[INFO] 
[INFO] --- maven-compiler-plugin:3.8.1:testCompile (default-testCompile) @ fscrawler-elasticsearch-client-base ---
[INFO] Changes detected - recompiling the module!
[INFO] Compiling 5 source files to /home/gabsko/breaking-updates/elasticsearch-client/elasticsearch-client-base/target/test-classes
[WARNING] No processor claimed any of these annotations: /org.junit.Test,/com.carrotsearch.randomizedtesting.annotations.TimeoutSuite,/com.carrotsearch.randomizedtesting.annotations.ThreadLeakLingering,/com.carrotsearch.randomizedtesting.annotations.ThreadLeakScope,/org.junit.runner.RunWith
[WARNING] /home/gabsko/breaking-updates/elasticsearch-client/elasticsearch-client-base/src/test/java/fr/pilato/elasticsearch/crawler/fs/client/ElasticsearchClientDummyBase.java:[97,17] createIndices() in fr.pilato.elasticsearch.crawler.fs.client.ElasticsearchClient has been deprecated
[INFO] 
[INFO] --- junit4-maven-plugin:2.7.9:junit4 (unit-tests) @ fscrawler-elasticsearch-client-base ---
[INFO] <JUnit4> says kaixo! Master seed: F31B93256130D788
Executing 2 suites with 2 JVMs.

Started J0 PID(34812@repairnator).
Started J1 PID(34825@repairnator).
[INFO] JVM J0:     0.26 ..     1.02 =     0.75s
[INFO] JVM J1:     0.27 ..     1.02 =     0.75s
[INFO] Execution time total: 1.02 sec.
[INFO] Tests summary: 2 suites, 6 tests
[INFO] 
[INFO] --< fr.pilato.elasticsearch.crawler:fscrawler-elasticsearch-client-v7 >--
[INFO] Building FSCrawler Elasticsearch Client V7 2.8-SNAPSHOT          [11/29]
[INFO] --------------------------------[ jar ]---------------------------------
[INFO] 
[INFO] --- maven-clean-plugin:2.5:clean (default-clean) @ fscrawler-elasticsearch-client-v7 ---
[INFO] Deleting /home/gabsko/breaking-updates/elasticsearch-client/elasticsearch-client-v7/target
[INFO] 
[INFO] --- maven-enforcer-plugin:3.0.0-M3:enforce (enforce) @ fscrawler-elasticsearch-client-v7 ---
[INFO] 
[INFO] --- maven-resources-plugin:3.2.0:resources (default-resources) @ fscrawler-elasticsearch-client-v7 ---
[INFO] Using 'UTF-8' encoding to copy filtered resources.
[INFO] Using 'UTF-8' encoding to copy filtered properties files.
[INFO] skip non existing resourceDirectory /home/gabsko/breaking-updates/elasticsearch-client/elasticsearch-client-v7/src/main/resources
[INFO] 
[INFO] --- maven-compiler-plugin:3.8.1:compile (default-compile) @ fscrawler-elasticsearch-client-v7 ---
[INFO] Changes detected - recompiling the module!
[INFO] Compiling 2 source files to /home/gabsko/breaking-updates/elasticsearch-client/elasticsearch-client-v7/target/classes
[WARNING] /home/gabsko/breaking-updates/elasticsearch-client/elasticsearch-client-v7/src/main/java/fr/pilato/elasticsearch/crawler/fs/client/v7/ElasticsearchClientV7.java:[462,17] createIndices() in fr.pilato.elasticsearch.crawler.fs.client.ElasticsearchClient has been deprecated
[INFO] 
[INFO] --- maven-resources-plugin:3.2.0:testResources (default-testResources) @ fscrawler-elasticsearch-client-v7 ---
[INFO] Using 'UTF-8' encoding to copy filtered resources.
[INFO] Using 'UTF-8' encoding to copy filtered properties files.
[INFO] Copying 1 resource
[INFO] 
[INFO] --- maven-compiler-plugin:3.8.1:testCompile (default-testCompile) @ fscrawler-elasticsearch-client-v7 ---
[INFO] Changes detected - recompiling the module!
[INFO] Compiling 1 source file to /home/gabsko/breaking-updates/elasticsearch-client/elasticsearch-client-v7/target/test-classes
[WARNING] No processor claimed any of these annotations: /com.carrotsearch.randomizedtesting.annotations.ThreadLeakLingering,/com.carrotsearch.randomizedtesting.annotations.ThreadLeakScope,/org.junit.Test,/com.carrotsearch.randomizedtesting.annotations.TimeoutSuite,/org.junit.runner.RunWith
[INFO] 
[INFO] --- junit4-maven-plugin:2.7.9:junit4 (unit-tests) @ fscrawler-elasticsearch-client-v7 ---
[INFO] <JUnit4> says ·êä·êÉ! Master seed: EF134B04117AF0BA
Executing 1 suite with 1 JVM.

Started J0 PID(35442@repairnator).
[INFO] JVM J0:     0.27 ..     1.27 =     1.00s
[INFO] Execution time total: 1.28 sec.
[INFO] Tests summary: 1 suite, 3 tests
[INFO] 
[INFO] --< fr.pilato.elasticsearch.crawler:fscrawler-elasticsearch-client-v6 >--
[INFO] Building FSCrawler Elasticsearch Client V6 2.8-SNAPSHOT          [12/29]
[INFO] --------------------------------[ jar ]---------------------------------
[INFO] 
[INFO] --- maven-clean-plugin:2.5:clean (default-clean) @ fscrawler-elasticsearch-client-v6 ---
[INFO] Deleting /home/gabsko/breaking-updates/elasticsearch-client/elasticsearch-client-v6/target
[INFO] 
[INFO] --- maven-enforcer-plugin:3.0.0-M3:enforce (enforce) @ fscrawler-elasticsearch-client-v6 ---
[INFO] 
[INFO] --- maven-resources-plugin:3.2.0:resources (default-resources) @ fscrawler-elasticsearch-client-v6 ---
[INFO] Using 'UTF-8' encoding to copy filtered resources.
[INFO] Using 'UTF-8' encoding to copy filtered properties files.
[INFO] skip non existing resourceDirectory /home/gabsko/breaking-updates/elasticsearch-client/elasticsearch-client-v6/src/main/resources
[INFO] 
[INFO] --- maven-compiler-plugin:3.8.1:compile (default-compile) @ fscrawler-elasticsearch-client-v6 ---
[INFO] Changes detected - recompiling the module!
[INFO] Compiling 1 source file to /home/gabsko/breaking-updates/elasticsearch-client/elasticsearch-client-v6/target/classes
[WARNING] /home/gabsko/breaking-updates/elasticsearch-client/elasticsearch-client-v6/src/main/java/fr/pilato/elasticsearch/crawler/fs/client/v6/ElasticsearchClientV6.java:[473,17] createIndices() in fr.pilato.elasticsearch.crawler.fs.client.ElasticsearchClient has been deprecated
[INFO] 
[INFO] --- maven-resources-plugin:3.2.0:testResources (default-testResources) @ fscrawler-elasticsearch-client-v6 ---
[INFO] Using 'UTF-8' encoding to copy filtered resources.
[INFO] Using 'UTF-8' encoding to copy filtered properties files.
[INFO] Copying 1 resource
[INFO] 
[INFO] --- maven-compiler-plugin:3.8.1:testCompile (default-testCompile) @ fscrawler-elasticsearch-client-v6 ---
[INFO] Changes detected - recompiling the module!
[INFO] Compiling 1 source file to /home/gabsko/breaking-updates/elasticsearch-client/elasticsearch-client-v6/target/test-classes
[WARNING] No processor claimed any of these annotations: /com.carrotsearch.randomizedtesting.annotations.ThreadLeakLingering,/com.carrotsearch.randomizedtesting.annotations.ThreadLeakScope,/org.junit.Test,/com.carrotsearch.randomizedtesting.annotations.TimeoutSuite,/org.junit.runner.RunWith
[INFO] 
[INFO] --- junit4-maven-plugin:2.7.9:junit4 (unit-tests) @ fscrawler-elasticsearch-client-v6 ---
[INFO] <JUnit4> says ‡§®‡§Æ‡§∏‡•ç‡§§‡•á! Master seed: 15433AC6E667150
Executing 1 suite with 1 JVM.

Started J0 PID(36398@repairnator).
[INFO] JVM J0:     0.26 ..     1.27 =     1.00s
[INFO] Execution time total: 1.27 sec.
[INFO] Tests summary: 1 suite, 2 tests
[INFO] 
[INFO] -----------< fr.pilato.elasticsearch.crawler:fscrawler-tika >-----------
[INFO] Building FSCrawler Tika 2.8-SNAPSHOT                             [13/29]
[INFO] --------------------------------[ jar ]---------------------------------
[INFO] 
[INFO] --- maven-clean-plugin:2.5:clean (default-clean) @ fscrawler-tika ---
[INFO] Deleting /home/gabsko/breaking-updates/tika/target
[INFO] 
[INFO] --- maven-enforcer-plugin:3.0.0-M3:enforce (enforce) @ fscrawler-tika ---
[INFO] 
[INFO] --- maven-resources-plugin:3.2.0:resources (default-resources) @ fscrawler-tika ---
[INFO] Using 'UTF-8' encoding to copy filtered resources.
[INFO] Using 'UTF-8' encoding to copy filtered properties files.
[INFO] skip non existing resourceDirectory /home/gabsko/breaking-updates/tika/src/main/resources
[INFO] 
[INFO] --- maven-compiler-plugin:3.8.1:compile (default-compile) @ fscrawler-tika ---
[INFO] Changes detected - recompiling the module!
[INFO] Compiling 3 source files to /home/gabsko/breaking-updates/tika/target/classes
[INFO] 
[INFO] --- maven-resources-plugin:3.2.0:testResources (default-testResources) @ fscrawler-tika ---
[INFO] Using 'UTF-8' encoding to copy filtered resources.
[INFO] Using 'UTF-8' encoding to copy filtered properties files.
[INFO] Copying 1 resource
[INFO] 
[INFO] --- maven-compiler-plugin:3.8.1:testCompile (default-testCompile) @ fscrawler-tika ---
[INFO] Changes detected - recompiling the module!
[INFO] Compiling 3 source files to /home/gabsko/breaking-updates/tika/target/test-classes
[WARNING] No processor claimed any of these annotations: /org.junit.BeforeClass,/com.carrotsearch.randomizedtesting.annotations.ThreadLeakLingering,/com.carrotsearch.randomizedtesting.annotations.ThreadLeakScope,/org.junit.Test,/com.carrotsearch.randomizedtesting.annotations.TimeoutSuite,/org.junit.runner.RunWith
[INFO] 
[INFO] --- junit4-maven-plugin:2.7.9:junit4 (unit-tests) @ fscrawler-tika ---
[INFO] <JUnit4> says ‰Ω†Â•Ω! Master seed: 50439568D740BB61
Executing 2 suites with 2 JVMs.

Started J0 PID(1176@repairnator).
Started J1 PID(1191@repairnator).
  1> 00:24:01,532 [32mINFO [m [f.p.e.c.f.t.TikaDocParserTest] Test extraction of [test.doc]
  1> 00:24:01,553 [32mINFO [m [f.p.e.c.f.t.TikaInstance] OCR is disabled.
  1> 00:24:02,285 [1;31mERROR[m [f.document] [adcd46a474daa5d22e2b5d15a4192ceb][/] 'byte[] org.apache.poi.util.IOUtils.toByteArray(java.io.InputStream, int, int)'
  1> 00:24:02,285 [33mWARN [m [f.p.e.c.f.t.TikaDocParser] Failed to extract [100000] characters of text for [/documents/test.doc]: 'byte[] org.apache.poi.util.IOUtils.toByteArray(java.io.InputStream, int, int)'
  2> REPRODUCE WITH:
  2> mvn integration-test -Dtests.seed=50439568D740BB61 -Dtests.class=fr.pilato.elasticsearch.crawler.fs.tika.TikaDocParserTest -Dtests.method="testExtractFromDoc" -Dtests.locale=sr-RS -Dtests.timezone=Greenwich
FAILURE 0.79s J0 | TikaDocParserTest.testExtractFromDoc <<<
   > Throwable #1: java.lang.AssertionError: 
   > Expected: a string containing "This is a sample text available in page"
   >      but: was null
   > 	at __randomizedtesting.SeedInfo.seed([50439568D740BB61:557B6D72D134574E]:0)
   > 	at org.hamcrest.MatcherAssert.assertThat(MatcherAssert.java:20)
   > 	at org.hamcrest.MatcherAssert.assertThat(MatcherAssert.java:8)
   > 	at fr.pilato.elasticsearch.crawler.fs.tika.TikaDocParserTest.testExtractFromDoc(TikaDocParserTest.java:153)
   > 	at java.base/jdk.internal.reflect.NativeMethodAccessorImpl.invoke0(Native Method)
   > 	at java.base/jdk.internal.reflect.NativeMethodAccessorImpl.invoke(NativeMethodAccessorImpl.java:62)
   > 	at java.base/jdk.internal.reflect.DelegatingMethodAccessorImpl.invoke(DelegatingMethodAccessorImpl.java:43)
   > 	at java.base/java.lang.reflect.Method.invoke(Method.java:566)
   > 	at com.carrotsearch.randomizedtesting.RandomizedRunner.invoke(RandomizedRunner.java:1758)
   > 	at com.carrotsearch.randomizedtesting.RandomizedRunner$8.evaluate(RandomizedRunner.java:946)
   > 	at org.junit.rules.TestWatcher$1.evaluate(TestWatcher.java:61)
   > 	at com.carrotsearch.randomizedtesting.rules.StatementAdapter.evaluate(StatementAdapter.java:36)
   > 	at com.carrotsearch.randomizedtesting.ThreadLeakControl$StatementRunner.run(ThreadLeakControl.java:375)
   > 	at com.carrotsearch.randomizedtesting.ThreadLeakControl.forkTimeoutingTask(ThreadLeakControl.java:824)
   > 	at com.carrotsearch.randomizedtesting.ThreadLeakControl$3.evaluate(ThreadLeakControl.java:475)
   > 	at com.carrotsearch.randomizedtesting.RandomizedRunner.runSingleTest(RandomizedRunner.java:955)
   > 	at com.carrotsearch.randomizedtesting.RandomizedRunner$5.evaluate(RandomizedRunner.java:840)
   > 	at com.carrotsearch.randomizedtesting.RandomizedRunner$6.evaluate(RandomizedRunner.java:891)
   > 	at com.carrotsearch.randomizedtesting.RandomizedRunner$7.evaluate(RandomizedRunner.java:902)
   > 	at org.junit.rules.ExternalResource$1.evaluate(ExternalResource.java:54)
   > 	at com.carrotsearch.randomizedtesting.rules.StatementAdapter.evaluate(StatementAdapter.java:36)
   > 	at com.carrotsearch.randomizedtesting.ThreadLeakControl$StatementRunner.run(ThreadLeakControl.java:375)
   > 	at com.carrotsearch.randomizedtesting.ThreadLeakControl.lambda$forkTimeoutingTask$0(ThreadLeakControl.java:831)
   > 	at java.base/java.lang.Thread.run(Thread.java:829)
  1> 00:24:02,308 [32mINFO [m [f.p.e.c.f.t.TikaDocParserTest] Test extraction of [test.txt]
  1> 00:24:02,310 [32mINFO [m [f.p.e.c.f.t.TikaInstance] OCR is disabled.
  1> 00:24:03,098 [32mINFO [m [f.p.e.c.f.t.TikaDocParserTest] Test extraction of [test-fr.txt]
  1> 00:24:03,099 [32mINFO [m [f.p.e.c.f.t.TikaInstance] OCR is disabled.
  1> 00:24:03,175 [32mINFO [m [f.p.e.c.f.t.TikaDocParserTest] Test extraction of [test-de.txt]
  1> 00:24:03,181 [32mINFO [m [f.p.e.c.f.t.TikaInstance] OCR is disabled.
  1> 00:24:03,282 [32mINFO [m [f.p.e.c.f.t.TikaDocParserTest] Test extraction of [test-enfrde.txt]
  1> 00:24:03,300 [32mINFO [m [f.p.e.c.f.t.TikaInstance] OCR is disabled.
  1> 00:24:03,373 [32mINFO [m [f.p.e.c.f.t.TikaDocParserTest] Test extraction of [test.txt]
  1> 00:24:03,376 [32mINFO [m [f.p.e.c.f.t.TikaDocParserTest] Test extraction of [test.html]
  1> 00:24:03,377 [32mINFO [m [f.p.e.c.f.t.TikaInstance] OCR is disabled.
  1> 00:24:03,548 [32mINFO [m [f.p.e.c.f.t.TikaDocParserTest] Test extraction of [test-protected.docx]
  1> 00:24:03,549 [32mINFO [m [f.p.e.c.f.t.TikaInstance] OCR is disabled.
  1> 00:24:03,866 [1;31mERROR[m [f.document] [543318f22fa821f2bb0bbc8794de8d][/] Unable to process: document is encrypted
  1> 00:24:03,866 [33mWARN [m [f.p.e.c.f.t.TikaDocParser] Failed to extract [100000] characters of text for [/documents/test-protected.docx]: Unable to process: document is encrypted
  1> 00:24:03,868 [32mINFO [m [f.p.e.c.f.t.TikaDocParserTest] Test extraction of [test.pdf]
  1> 00:24:03,869 [32mINFO [m [f.p.e.c.f.t.TikaInstance] OCR is disabled.
  1> 00:24:04,116 [32mINFO [m [f.p.e.c.f.t.TikaDocParserTest] Test extraction of [issue-163.xml]
  1> 00:24:04,117 [32mINFO [m [f.p.e.c.f.t.TikaInstance] OCR is disabled.
  1> 00:24:04,186 [32mINFO [m [f.p.e.c.f.t.TikaDocParserTest] Test extraction of [test.txt]
  1> 00:24:04,187 [32mINFO [m [f.p.e.c.f.t.TikaInstance] OCR is disabled.
  1> 00:24:04,264 [32mINFO [m [f.p.e.c.f.t.TikaDocParserTest] Test extraction of [test.txt]
  1> 00:24:04,265 [32mINFO [m [f.p.e.c.f.t.TikaInstance] OCR is disabled.
  1> 00:24:04,344 [32mINFO [m [f.p.e.c.f.t.TikaDocParserTest] Test extraction of [test.mp3]
  1> 00:24:04,345 [32mINFO [m [f.p.e.c.f.t.TikaInstance] OCR is disabled.
  1> 00:24:04,433 [32mINFO [m [f.p.e.c.f.t.TikaDocParserTest] Test extraction of [issue-400-shiftjis.txt]
  1> 00:24:04,435 [32mINFO [m [f.p.e.c.f.t.TikaInstance] OCR is disabled.
  1> 00:24:04,500 [32mINFO [m [f.p.e.c.f.t.TikaDocParserTest] Test extraction of [issue-221-doc1.pdf]
  1> 00:24:04,502 [32mINFO [m [f.p.e.c.f.t.TikaInstance] OCR is disabled.
  1> 00:24:04,613 [32mINFO [m [f.p.e.c.f.t.TikaDocParserTest] Test extraction of [issue-221-doc2.pdf]
  1> 00:24:04,616 [32mINFO [m [f.p.e.c.f.t.TikaInstance] OCR is disabled.
  1> 00:24:04,704 [33mWARN [m [o.a.p.p.f.PDFont] Invalid ToUnicode CMap in font RobotoSlab-Regular
  1> 00:24:04,704 [33mWARN [m [o.a.p.p.f.PDFont] Using predefined identity CMap instead
  1> 00:24:04,730 [33mWARN [m [o.a.p.p.f.PDCIDFontType2] Found CFF/OTF but expected embedded TTF font RobotoSlab-Regular
  1> 00:24:04,747 [32mINFO [m [f.p.e.c.f.t.TikaDocParserTest] Test extraction of [test.docx]
  1> 00:24:04,749 [32mINFO [m [f.p.e.c.f.t.TikaInstance] OCR is disabled.
  1> 00:24:05,119 [32mINFO [m [f.p.e.c.f.t.TikaDocParserTest] Test extraction of [issue-stackoverflow.docx]
  1> 00:24:05,121 [32mINFO [m [f.p.e.c.f.t.TikaInstance] OCR is disabled.
  1> 00:24:05,761 [33mWARN [m [o.a.p.p.PDPageTree] COSDictionary expected, but got null
  1> 00:24:05,761 [33mWARN [m [o.a.p.p.PDPageTree] COSDictionary expected, but got null
  1> 00:24:05,761 [1;31mERROR[m [o.a.p.p.PDPageTree] This page tree node has already been visited
  1> 00:24:05,761 [1;31mERROR[m [o.a.p.p.PDPageTree] This page tree node has already been visited
  1> 00:24:05,761 [33mWARN [m [o.a.p.p.PDPageTree] COSDictionary expected, but got null
  1> 00:24:05,761 [33mWARN [m [o.a.p.p.PDPageTree] COSDictionary expected, but got null
  1> 00:24:05,761 [33mWARN [m [o.a.p.p.PDPageTree] COSDictionary expected, but got null
  1> 00:24:05,761 [33mWARN [m [o.a.p.p.PDPageTree] COSDictionary expected, but got null
  1> 00:24:05,761 [33mWARN [m [o.a.p.p.PDPageTree] COSDictionary expected, but got null
  1> 00:24:05,761 [33mWARN [m [o.a.p.p.PDPageTree] COSDictionary expected, but got null
  1> 00:24:05,761 [33mWARN [m [o.a.p.p.PDPageTree] COSDictionary expected, but got null
  1> 00:24:05,761 [33mWARN [m [o.a.p.p.PDPageTree] COSDictionary expected, but got null
  1> 00:24:05,762 [33mWARN [m [o.a.p.p.PDPageTree] COSDictionary expected, but got null
  1> 00:24:05,762 [33mWARN [m [o.a.p.p.PDPageTree] COSDictionary expected, but got null
  1> 00:24:05,762 [33mWARN [m [o.a.p.p.PDPageTree] COSDictionary expected, but got null
  1> 00:24:05,762 [33mWARN [m [o.a.p.p.PDPageTree] COSDictionary expected, but got null
  1> 00:24:05,762 [33mWARN [m [o.a.p.p.PDPageTree] COSDictionary expected, but got null
  1> 00:24:05,762 [33mWARN [m [o.a.p.p.PDPageTree] COSDictionary expected, but got null
  1> 00:24:05,764 [32mINFO [m [f.p.e.c.f.t.TikaDocParserTest] Test extraction of [test.txt]
  1> 00:24:05,766 [32mINFO [m [f.p.e.c.f.t.TikaInstance] OCR is disabled.
  1> 00:24:05,828 [32mINFO [m [f.p.e.c.f.t.TikaDocParserTest] Test extraction of [test.txt]
  1> 00:24:05,830 [32mINFO [m [f.p.e.c.f.t.TikaInstance] OCR is disabled.
  1> 00:24:05,917 [32mINFO [m [f.p.e.c.f.t.TikaDocParserTest] Test extraction of [issue-834.txt]
  1> 00:24:05,919 [32mINFO [m [f.p.e.c.f.t.TikaInstance] OCR is disabled.
  1> 00:24:05,982 [32mINFO [m [f.p.e.c.f.t.TikaDocParserTest] Test extraction of [test.wav]
  1> 00:24:05,984 [32mINFO [m [f.p.e.c.f.t.TikaInstance] OCR is disabled.
  1> 00:24:06,075 [32mINFO [m [f.p.e.c.f.t.TikaDocParserTest] Test extraction of [test.odt]
  1> 00:24:06,077 [32mINFO [m [f.p.e.c.f.t.TikaInstance] OCR is disabled.
IGNOR/A 0.00s J0 | TikaDocParserTest.testOcr
   > Assumption #1: Tesseract is not installed so we are skipping this test
  1> 00:24:06,164 [32mINFO [m [f.p.e.c.f.t.TikaDocParserTest] Test extraction of [issue-1097.pdf]
  1> 00:24:06,165 [32mINFO [m [f.p.e.c.f.t.TikaInstance] OCR is disabled.
  1> 00:24:06,238 [32mINFO [m [f.p.e.c.f.t.TikaDocParserTest] Test extraction of [test.rtf]
  1> 00:24:06,239 [32mINFO [m [f.p.e.c.f.t.TikaInstance] OCR is disabled.

Tests with failures [seed: 50439568D740BB61]:
  - fr.pilato.elasticsearch.crawler.fs.tika.TikaDocParserTest.testExtractFromDoc


[INFO] JVM J0:     0.53 ..     6.30 =     5.76s
[INFO] JVM J1:     0.54 ..     1.54 =     1.00s
[INFO] Execution time total: 6.34 sec.
[INFO] Tests summary: 2 suites, 24 tests, 1 failure, 1 ignored (1 assumption)
[INFO] ------------------------------------------------------------------------
[INFO] Reactor Summary for FSCrawler 2.8-SNAPSHOT:
[INFO] 
[INFO] FSCrawler .......................................... SUCCESS [  0.072 s]
[INFO] FSCrawler Test Framework ........................... SUCCESS [  2.880 s]
[INFO] FSCrawler Framework ................................ SUCCESS [  0.924 s]
[INFO] FSCrawler Settings ................................. SUCCESS [  2.599 s]
[INFO] FSCrawler Test Documents ........................... SUCCESS [  0.032 s]
[INFO] FSCrawler Beans .................................... SUCCESS [  1.505 s]
[INFO] FSCrawler 3rd Party libraries ...................... SUCCESS [  0.002 s]
[INFO] FSCrawler Workplace Search Client .................. SUCCESS [  0.173 s]
[INFO] FSCrawler Elasticsearch Client ..................... SUCCESS [  0.010 s]
[INFO] FSCrawler Elasticsearch Client Base ................ SUCCESS [  1.292 s]
[INFO] FSCrawler Elasticsearch Client V7 .................. SUCCESS [  2.140 s]
[INFO] FSCrawler Elasticsearch Client V6 .................. SUCCESS [  1.804 s]
[INFO] FSCrawler Tika ..................................... FAILURE [  7.720 s]
[INFO] FSCrawler Crawlers ................................. SKIPPED
[INFO] FSCrawler Abstract Crawler ......................... SKIPPED
[INFO] FSCrawler Crawlers: FS ............................. SKIPPED
[INFO] FSCrawler Crawlers: FTP ............................ SKIPPED
[INFO] FSCrawler Crawlers: SSH ............................ SKIPPED
[INFO] FSCrawler Core ..................................... SKIPPED
[INFO] FSCrawler Rest Server .............................. SKIPPED
[INFO] FSCrawler Integration Tests ........................ SKIPPED
[INFO] FSCrawler Integration Common Tests ................. SKIPPED
[INFO] FSCrawler Integration Tests for Elasticsearch 7.x .. SKIPPED
[INFO] FSCrawler Integration Tests for Elasticsearch 6.x .. SKIPPED
[INFO] FSCrawler Cli ...................................... SKIPPED
[INFO] FSCrawler ZIP Distribution ......................... SKIPPED
[INFO] FSCrawler ZIP Distribution for Elasticsearch 7.x ... SKIPPED
[INFO] FSCrawler ZIP Distribution for Elasticsearch 6.x ... SKIPPED
[INFO] FSCrawler Documentation ............................ SKIPPED
[INFO] ------------------------------------------------------------------------
[INFO] BUILD FAILURE
[INFO] ------------------------------------------------------------------------
[INFO] Total time:  21.386 s
[INFO] Finished at: 2023-01-30T00:24:06Z
[INFO] ------------------------------------------------------------------------
[ERROR] Failed to execute goal com.carrotsearch.randomizedtesting:junit4-maven-plugin:2.7.9:junit4 (unit-tests) on project fscrawler-tika: There were test failures: 2 suites, 24 tests, 1 failure, 1 ignored (1 assumption) [seed: 50439568D740BB61] -> [Help 1]
[ERROR] 
[ERROR] To see the full stack trace of the errors, re-run Maven with the -e switch.
[ERROR] Re-run Maven using the -X switch to enable full debug logging.
[ERROR] 
[ERROR] For more information about the errors and possible solutions, please read the following articles:
[ERROR] [Help 1] http://cwiki.apache.org/confluence/display/MAVEN/MojoExecutionException
[ERROR] 
[ERROR] After correcting the problems, you can resume the build with the command
[ERROR]   mvn <args> -rf :fscrawler-tika
