[INFO] Scanning for projects...
[INFO] ------------------------------------------------------------------------
[INFO] Reactor Build Order:
[INFO] 
[INFO] FSCrawler                                                          [pom]
[INFO] FSCrawler Test Framework                                           [jar]
[INFO] FSCrawler Framework                                                [jar]
[INFO] FSCrawler Settings                                                 [jar]
[INFO] FSCrawler Test Documents                                           [jar]
[INFO] FSCrawler Beans                                                    [jar]
[INFO] FSCrawler 3rd Party libraries                                      [pom]
[INFO] FSCrawler Workplace Search Client                                  [jar]
[INFO] FSCrawler Elasticsearch Client                                     [jar]
[INFO] FSCrawler Tika                                                     [jar]
[INFO] FSCrawler Crawlers                                                 [pom]
[INFO] FSCrawler Abstract Crawler                                         [jar]
[INFO] FSCrawler Crawlers: FS                                             [jar]
[INFO] FSCrawler Crawlers: FTP                                            [jar]
[INFO] FSCrawler Crawlers: SSH                                            [jar]
[INFO] FSCrawler Core                                                     [jar]
[INFO] FSCrawler Rest Server                                              [jar]
[INFO] FSCrawler Integration Tests                                        [jar]
[INFO] FSCrawler Cli                                                      [jar]
[INFO] FSCrawler ZIP Distribution                                         [jar]
[INFO] FSCrawler Documentation                                            [pom]
[INFO] 
[INFO] ----------< fr.pilato.elasticsearch.crawler:fscrawler-parent >----------
[INFO] Building FSCrawler 2.10-SNAPSHOT                                  [1/21]
[INFO] --------------------------------[ pom ]---------------------------------
[INFO] 
[INFO] --- maven-clean-plugin:2.5:clean (default-clean) @ fscrawler-parent ---
[INFO] 
[INFO] ------< fr.pilato.elasticsearch.crawler:fscrawler-test-framework >------
[INFO] Building FSCrawler Test Framework 2.10-SNAPSHOT                   [2/21]
[INFO] --------------------------------[ jar ]---------------------------------
[INFO] 
[INFO] --- maven-clean-plugin:2.5:clean (default-clean) @ fscrawler-test-framework ---
[INFO] Deleting /home/gabsko/breaking-updates/test-framework/target
[INFO] 
[INFO] --- maven-enforcer-plugin:3.0.0-M3:enforce (enforce) @ fscrawler-test-framework ---
[INFO] 
[INFO] --- maven-resources-plugin:3.2.0:resources (default-resources) @ fscrawler-test-framework ---
[INFO] Using 'UTF-8' encoding to copy filtered resources.
[INFO] Using 'UTF-8' encoding to copy filtered properties files.
[INFO] skip non existing resourceDirectory /home/gabsko/breaking-updates/test-framework/src/main/resources
[INFO] 
[INFO] --- maven-compiler-plugin:3.10.0:compile (default-compile) @ fscrawler-test-framework ---
[INFO] Changes detected - recompiling the module!
[INFO] Compiling 4 source files to /home/gabsko/breaking-updates/test-framework/target/classes
[WARNING] No processor claimed any of these annotations: /com.carrotsearch.randomizedtesting.annotations.TimeoutSuite,/org.junit.ClassRule,/org.junit.BeforeClass,/com.carrotsearch.randomizedtesting.annotations.ThreadLeakLingering,/org.junit.Rule,/com.carrotsearch.randomizedtesting.annotations.ThreadLeakScope,/org.junit.runner.RunWith,/org.junit.AfterClass,/com.carrotsearch.randomizedtesting.annotations.Listeners
[INFO] /home/gabsko/breaking-updates/test-framework/src/main/java/fr/pilato/elasticsearch/crawler/fs/test/framework/AbstractFSCrawlerTestCase.java: /home/gabsko/breaking-updates/test-framework/src/main/java/fr/pilato/elasticsearch/crawler/fs/test/framework/AbstractFSCrawlerTestCase.java uses unchecked or unsafe operations.
[INFO] /home/gabsko/breaking-updates/test-framework/src/main/java/fr/pilato/elasticsearch/crawler/fs/test/framework/AbstractFSCrawlerTestCase.java: Recompile with -Xlint:unchecked for details.
[INFO] 
[INFO] --- maven-resources-plugin:3.2.0:testResources (default-testResources) @ fscrawler-test-framework ---
[INFO] Using 'UTF-8' encoding to copy filtered resources.
[INFO] Using 'UTF-8' encoding to copy filtered properties files.
[INFO] Copying 1 resource
[INFO] 
[INFO] --- maven-compiler-plugin:3.10.0:testCompile (default-testCompile) @ fscrawler-test-framework ---
[INFO] Changes detected - recompiling the module!
[INFO] Compiling 1 source file to /home/gabsko/breaking-updates/test-framework/target/test-classes
[WARNING] No processor claimed any of these annotations: /com.carrotsearch.randomizedtesting.annotations.ThreadLeakLingering,/com.carrotsearch.randomizedtesting.annotations.ThreadLeakScope,/org.junit.Test,/com.carrotsearch.randomizedtesting.annotations.TimeoutSuite,/org.junit.runner.RunWith
[INFO] 
[INFO] --- junit4-maven-plugin:2.7.9:junit4 (unit-tests) @ fscrawler-test-framework ---
[INFO] <JUnit4> says aloha! Master seed: 4C705FB5A9ECD9AF
Executing 1 suite with 1 JVM.

Started J0 PID(21328@repairnator).
[INFO] JVM J0:     0.34 ..     1.10 =     0.76s
[INFO] Execution time total: 1.11 sec.
[INFO] Tests summary: 1 suite, 2 tests
[INFO] 
[INFO] --------< fr.pilato.elasticsearch.crawler:fscrawler-framework >---------
[INFO] Building FSCrawler Framework 2.10-SNAPSHOT                        [3/21]
[INFO] --------------------------------[ jar ]---------------------------------
[INFO] 
[INFO] --- maven-clean-plugin:2.5:clean (default-clean) @ fscrawler-framework ---
[INFO] Deleting /home/gabsko/breaking-updates/framework/target
[INFO] 
[INFO] --- maven-enforcer-plugin:3.0.0-M3:enforce (enforce) @ fscrawler-framework ---
[INFO] 
[INFO] --- maven-resources-plugin:3.2.0:resources (default-resources) @ fscrawler-framework ---
[INFO] Using 'UTF-8' encoding to copy filtered resources.
[INFO] Using 'UTF-8' encoding to copy filtered properties files.
[INFO] Copying 1 resource
[INFO] 
[INFO] --- maven-compiler-plugin:3.10.0:compile (default-compile) @ fscrawler-framework ---
[INFO] Changes detected - recompiling the module!
[INFO] Compiling 28 source files to /home/gabsko/breaking-updates/framework/target/classes
[INFO] 
[INFO] --- maven-resources-plugin:3.2.0:testResources (default-testResources) @ fscrawler-framework ---
[INFO] Using 'UTF-8' encoding to copy filtered resources.
[INFO] Using 'UTF-8' encoding to copy filtered properties files.
[INFO] Copying 1 resource
[INFO] 
[INFO] --- maven-compiler-plugin:3.10.0:testCompile (default-testCompile) @ fscrawler-framework ---
[INFO] Changes detected - recompiling the module!
[INFO] Compiling 4 source files to /home/gabsko/breaking-updates/framework/target/test-classes
[WARNING] No processor claimed any of these annotations: /org.junit.BeforeClass,/com.carrotsearch.randomizedtesting.annotations.ThreadLeakLingering,/com.carrotsearch.randomizedtesting.annotations.ThreadLeakScope,/org.junit.Test,/com.carrotsearch.randomizedtesting.annotations.TimeoutSuite,/org.junit.runner.RunWith
[INFO] 
[INFO] ---------< fr.pilato.elasticsearch.crawler:fscrawler-settings >---------
[INFO] Building FSCrawler Settings 2.10-SNAPSHOT                         [4/21]
[INFO] --------------------------------[ jar ]---------------------------------
[INFO] 
[INFO] --- maven-clean-plugin:2.5:clean (default-clean) @ fscrawler-settings ---
[INFO] Deleting /home/gabsko/breaking-updates/settings/target
[INFO] 
[INFO] --- maven-enforcer-plugin:3.0.0-M3:enforce (enforce) @ fscrawler-settings ---
[INFO] 
[INFO] --- maven-resources-plugin:3.2.0:resources (default-resources) @ fscrawler-settings ---
[INFO] Using 'UTF-8' encoding to copy filtered resources.
[INFO] Using 'UTF-8' encoding to copy filtered properties files.
[INFO] Copying 5 resources
[INFO] 
[INFO] --- maven-compiler-plugin:3.10.0:compile (default-compile) @ fscrawler-settings ---
[INFO] Changes detected - recompiling the module!
[INFO] Compiling 11 source files to /home/gabsko/breaking-updates/settings/target/classes
[WARNING] No processor claimed any of these annotations: /com.fasterxml.jackson.annotation.JsonIgnore,/com.fasterxml.jackson.annotation.JsonProperty
[INFO] 
[INFO] --- maven-resources-plugin:3.2.0:testResources (default-testResources) @ fscrawler-settings ---
[INFO] Using 'UTF-8' encoding to copy filtered resources.
[INFO] Using 'UTF-8' encoding to copy filtered properties files.
[INFO] Copying 6 resources
[INFO] 
[INFO] --- maven-compiler-plugin:3.10.0:testCompile (default-testCompile) @ fscrawler-settings ---
[INFO] Changes detected - recompiling the module!
[INFO] Compiling 8 source files to /home/gabsko/breaking-updates/settings/target/test-classes
[WARNING] No processor claimed any of these annotations: /org.junit.BeforeClass,/com.carrotsearch.randomizedtesting.annotations.ThreadLeakLingering,/com.carrotsearch.randomizedtesting.annotations.ThreadLeakScope,/org.junit.Test,/com.carrotsearch.randomizedtesting.annotations.TimeoutSuite,/org.junit.runner.RunWith
[INFO] 
[INFO] --- junit4-maven-plugin:2.7.9:junit4 (unit-tests) @ fscrawler-settings ---
[INFO] <JUnit4> says aloha! Master seed: 3A84EF337BF38623
Executing 8 suites with 4 JVMs.

Started J1 PID(22131@repairnator).
Started J2 PID(22136@repairnator).
Started J3 PID(22138@repairnator).
Started J0 PID(22141@repairnator).
[INFO] JVM J0:     0.28 ..     1.28 =     1.00s
[INFO] JVM J1:     0.27 ..     1.28 =     1.01s
[INFO] JVM J2:     0.27 ..     1.79 =     1.51s
[INFO] JVM J3:     0.28 ..     1.29 =     1.01s
[INFO] Execution time total: 1.79 sec.
[INFO] Tests summary: 8 suites, 50 tests
[INFO] 
[INFO] ------< fr.pilato.elasticsearch.crawler:fscrawler-test-documents >------
[INFO] Building FSCrawler Test Documents 2.10-SNAPSHOT                   [5/21]
[INFO] --------------------------------[ jar ]---------------------------------
[INFO] 
[INFO] --- maven-clean-plugin:2.5:clean (default-clean) @ fscrawler-test-documents ---
[INFO] Deleting /home/gabsko/breaking-updates/test-documents/target
[INFO] 
[INFO] --- maven-enforcer-plugin:3.0.0-M3:enforce (enforce) @ fscrawler-test-documents ---
[INFO] 
[INFO] --- maven-resources-plugin:3.2.0:resources (default-resources) @ fscrawler-test-documents ---
[INFO] Using 'UTF-8' encoding to copy filtered resources.
[INFO] Using 'UTF-8' encoding to copy filtered properties files.
[INFO] Copying 30 resources
[INFO] 
[INFO] --- maven-compiler-plugin:3.10.0:compile (default-compile) @ fscrawler-test-documents ---
[INFO] No sources to compile
[INFO] 
[INFO] --- maven-resources-plugin:3.2.0:testResources (default-testResources) @ fscrawler-test-documents ---
[INFO] Using 'UTF-8' encoding to copy filtered resources.
[INFO] Using 'UTF-8' encoding to copy filtered properties files.
[INFO] skip non existing resourceDirectory /home/gabsko/breaking-updates/test-documents/src/test/resources
[INFO] 
[INFO] --- maven-compiler-plugin:3.10.0:testCompile (default-testCompile) @ fscrawler-test-documents ---
[INFO] No sources to compile
[INFO] 
[INFO] ----------< fr.pilato.elasticsearch.crawler:fscrawler-beans >-----------
[INFO] Building FSCrawler Beans 2.10-SNAPSHOT                            [6/21]
[INFO] --------------------------------[ jar ]---------------------------------
[INFO] 
[INFO] --- maven-clean-plugin:2.5:clean (default-clean) @ fscrawler-beans ---
[INFO] Deleting /home/gabsko/breaking-updates/beans/target
[INFO] 
[INFO] --- maven-enforcer-plugin:3.0.0-M3:enforce (enforce) @ fscrawler-beans ---
[INFO] 
[INFO] --- maven-resources-plugin:3.2.0:resources (default-resources) @ fscrawler-beans ---
[INFO] Using 'UTF-8' encoding to copy filtered resources.
[INFO] Using 'UTF-8' encoding to copy filtered properties files.
[INFO] skip non existing resourceDirectory /home/gabsko/breaking-updates/beans/src/main/resources
[INFO] 
[INFO] --- maven-compiler-plugin:3.10.0:compile (default-compile) @ fscrawler-beans ---
[INFO] Changes detected - recompiling the module!
[INFO] Compiling 9 source files to /home/gabsko/breaking-updates/beans/target/classes
[INFO] 
[INFO] --- maven-resources-plugin:3.2.0:testResources (default-testResources) @ fscrawler-beans ---
[INFO] Using 'UTF-8' encoding to copy filtered resources.
[INFO] Using 'UTF-8' encoding to copy filtered properties files.
[INFO] Copying 1 resource
[INFO] 
[INFO] --- maven-compiler-plugin:3.10.0:testCompile (default-testCompile) @ fscrawler-beans ---
[INFO] Changes detected - recompiling the module!
[INFO] Compiling 1 source file to /home/gabsko/breaking-updates/beans/target/test-classes
[WARNING] No processor claimed any of these annotations: /com.carrotsearch.randomizedtesting.annotations.ThreadLeakLingering,/com.carrotsearch.randomizedtesting.annotations.ThreadLeakScope,/org.junit.Test,/com.carrotsearch.randomizedtesting.annotations.TimeoutSuite,/org.junit.runner.RunWith
[INFO] 
[INFO] --- junit4-maven-plugin:2.7.9:junit4 (unit-tests) @ fscrawler-beans ---
[INFO] <JUnit4> says ‡§®‡§Æ‡§∏‡•ç‡§§‡•á! Master seed: FC4C34B07EED5FD0
Executing 1 suite with 1 JVM.

Started J0 PID(22814@repairnator).
[INFO] JVM J0:     0.26 ..     1.51 =     1.25s
[INFO] Execution time total: 1.51 sec.
[INFO] Tests summary: 1 suite, 3 tests
[INFO] 
[INFO] ---------< fr.pilato.elasticsearch.crawler:fscrawler-3rdparty >---------
[INFO] Building FSCrawler 3rd Party libraries 2.10-SNAPSHOT              [7/21]
[INFO] --------------------------------[ pom ]---------------------------------
[INFO] 
[INFO] --- maven-clean-plugin:2.5:clean (default-clean) @ fscrawler-3rdparty ---
[INFO] 
[INFO] --< fr.pilato.elasticsearch.crawler:fscrawler-workplacesearch-client >--
[INFO] Building FSCrawler Workplace Search Client 2.10-SNAPSHOT          [8/21]
[INFO] --------------------------------[ jar ]---------------------------------
[INFO] 
[INFO] --- maven-clean-plugin:2.5:clean (default-clean) @ fscrawler-workplacesearch-client ---
[INFO] Deleting /home/gabsko/breaking-updates/3rdparty/workplacesearch-client/target
[INFO] 
[INFO] --- maven-resources-plugin:3.2.0:resources (default-resources) @ fscrawler-workplacesearch-client ---
[INFO] Using 'UTF-8' encoding to copy filtered resources.
[INFO] Using 'UTF-8' encoding to copy filtered properties files.
[INFO] Copying 1 resource
[INFO] 
[INFO] --- maven-compiler-plugin:3.10.0:compile (default-compile) @ fscrawler-workplacesearch-client ---
[INFO] Changes detected - recompiling the module!
[INFO] Compiling 5 source files to /home/gabsko/breaking-updates/3rdparty/workplacesearch-client/target/classes
[WARNING] /home/gabsko/breaking-updates/3rdparty/workplacesearch-client/src/main/java/fr/pilato/elasticsearch/crawler/fs/thirdparty/wpsearch/WPSearchClient.java:[342,31] parseJson(java.lang.String) in fr.pilato.elasticsearch.crawler.fs.framework.JsonUtil has been deprecated
[WARNING] /home/gabsko/breaking-updates/3rdparty/workplacesearch-client/src/main/java/fr/pilato/elasticsearch/crawler/fs/thirdparty/wpsearch/WPSearchClient.java:[391,27] parseJson(java.lang.String) in fr.pilato.elasticsearch.crawler.fs.framework.JsonUtil has been deprecated
[INFO] 
[INFO] --- maven-resources-plugin:3.2.0:testResources (default-testResources) @ fscrawler-workplacesearch-client ---
[INFO] Using 'UTF-8' encoding to copy filtered resources.
[INFO] Using 'UTF-8' encoding to copy filtered properties files.
[INFO] skip non existing resourceDirectory /home/gabsko/breaking-updates/3rdparty/workplacesearch-client/src/test/resources
[INFO] 
[INFO] --- maven-compiler-plugin:3.10.0:testCompile (default-testCompile) @ fscrawler-workplacesearch-client ---
[INFO] No sources to compile
[INFO] 
[INFO] ---< fr.pilato.elasticsearch.crawler:fscrawler-elasticsearch-client >---
[INFO] Building FSCrawler Elasticsearch Client 2.10-SNAPSHOT             [9/21]
[INFO] --------------------------------[ jar ]---------------------------------
[INFO] 
[INFO] --- maven-clean-plugin:2.5:clean (default-clean) @ fscrawler-elasticsearch-client ---
[INFO] Deleting /home/gabsko/breaking-updates/elasticsearch-client/target
[INFO] 
[INFO] --- maven-enforcer-plugin:3.0.0-M3:enforce (enforce) @ fscrawler-elasticsearch-client ---
[INFO] 
[INFO] --- maven-resources-plugin:3.2.0:resources (default-resources) @ fscrawler-elasticsearch-client ---
[INFO] Using 'UTF-8' encoding to copy filtered resources.
[INFO] Using 'UTF-8' encoding to copy filtered properties files.
[INFO] skip non existing resourceDirectory /home/gabsko/breaking-updates/elasticsearch-client/src/main/resources
[INFO] 
[INFO] --- maven-compiler-plugin:3.10.0:compile (default-compile) @ fscrawler-elasticsearch-client ---
[INFO] Changes detected - recompiling the module!
[INFO] Compiling 22 source files to /home/gabsko/breaking-updates/elasticsearch-client/target/classes
[WARNING] /home/gabsko/breaking-updates/elasticsearch-client/src/main/java/fr/pilato/elasticsearch/crawler/fs/client/ElasticsearchClient.java:[407,17] createIndices() in fr.pilato.elasticsearch.crawler.fs.client.IElasticsearchClient has been deprecated
[WARNING] /home/gabsko/breaking-updates/elasticsearch-client/src/main/java/fr/pilato/elasticsearch/crawler/fs/client/ElasticsearchClient.java:[170,27] parseJson(java.lang.String) in fr.pilato.elasticsearch.crawler.fs.framework.JsonUtil has been deprecated
[WARNING] /home/gabsko/breaking-updates/elasticsearch-client/src/main/java/fr/pilato/elasticsearch/crawler/fs/client/ElasticsearchClient.java:[274,27] parseJson(java.lang.String) in fr.pilato.elasticsearch.crawler.fs.framework.JsonUtil has been deprecated
[WARNING] /home/gabsko/breaking-updates/elasticsearch-client/src/main/java/fr/pilato/elasticsearch/crawler/fs/client/ElasticsearchClient.java:[535,32] setSourceAsMap(java.util.Map<java.lang.String,java.lang.Object>) in fr.pilato.elasticsearch.crawler.fs.client.ESSearchHit has been deprecated
[WARNING] /home/gabsko/breaking-updates/elasticsearch-client/src/main/java/fr/pilato/elasticsearch/crawler/fs/client/ElasticsearchClient.java:[537,32] setSourceAsMap(java.util.Map<java.lang.String,java.lang.Object>) in fr.pilato.elasticsearch.crawler.fs.client.ESSearchHit has been deprecated
[WARNING] /home/gabsko/breaking-updates/elasticsearch-client/src/main/java/fr/pilato/elasticsearch/crawler/fs/client/ElasticsearchClient.java:[635,31] parseJson(java.lang.String) in fr.pilato.elasticsearch.crawler.fs.framework.JsonUtil has been deprecated
[WARNING] /home/gabsko/breaking-updates/elasticsearch-client/src/main/java/fr/pilato/elasticsearch/crawler/fs/client/ElasticsearchClient.java:[667,12] setSourceAsMap(java.util.Map<java.lang.String,java.lang.Object>) in fr.pilato.elasticsearch.crawler.fs.client.ESSearchHit has been deprecated
[INFO] /home/gabsko/breaking-updates/elasticsearch-client/src/main/java/fr/pilato/elasticsearch/crawler/fs/client/ElasticsearchBulkResponse.java: Some input files use unchecked or unsafe operations.
[INFO] /home/gabsko/breaking-updates/elasticsearch-client/src/main/java/fr/pilato/elasticsearch/crawler/fs/client/ElasticsearchBulkResponse.java: Recompile with -Xlint:unchecked for details.
[INFO] 
[INFO] --- maven-resources-plugin:3.2.0:testResources (default-testResources) @ fscrawler-elasticsearch-client ---
[INFO] Using 'UTF-8' encoding to copy filtered resources.
[INFO] Using 'UTF-8' encoding to copy filtered properties files.
[INFO] Copying 1 resource
[INFO] 
[INFO] --- maven-compiler-plugin:3.10.0:testCompile (default-testCompile) @ fscrawler-elasticsearch-client ---
[INFO] Changes detected - recompiling the module!
[INFO] Compiling 1 source file to /home/gabsko/breaking-updates/elasticsearch-client/target/test-classes
[WARNING] No processor claimed any of these annotations: /com.carrotsearch.randomizedtesting.annotations.ThreadLeakLingering,/com.carrotsearch.randomizedtesting.annotations.ThreadLeakScope,/org.junit.Test,/com.carrotsearch.randomizedtesting.annotations.TimeoutSuite,/org.junit.runner.RunWith
[INFO] 
[INFO] --- junit4-maven-plugin:2.7.9:junit4 (unit-tests) @ fscrawler-elasticsearch-client ---
[INFO] <JUnit4> says cze≈õƒá! Master seed: 40001EC8062640B3
Executing 1 suite with 1 JVM.

Started J0 PID(23590@repairnator).
[INFO] JVM J0:     0.27 ..     1.27 =     1.00s
[INFO] Execution time total: 1.27 sec.
[INFO] Tests summary: 1 suite, 3 tests
[INFO] 
[INFO] -----------< fr.pilato.elasticsearch.crawler:fscrawler-tika >-----------
[INFO] Building FSCrawler Tika 2.10-SNAPSHOT                            [10/21]
[INFO] --------------------------------[ jar ]---------------------------------
[INFO] 
[INFO] --- maven-clean-plugin:2.5:clean (default-clean) @ fscrawler-tika ---
[INFO] Deleting /home/gabsko/breaking-updates/tika/target
[INFO] 
[INFO] --- maven-enforcer-plugin:3.0.0-M3:enforce (enforce) @ fscrawler-tika ---
[INFO] 
[INFO] --- maven-resources-plugin:3.2.0:resources (default-resources) @ fscrawler-tika ---
[INFO] Using 'UTF-8' encoding to copy filtered resources.
[INFO] Using 'UTF-8' encoding to copy filtered properties files.
[INFO] skip non existing resourceDirectory /home/gabsko/breaking-updates/tika/src/main/resources
[INFO] 
[INFO] --- maven-compiler-plugin:3.10.0:compile (default-compile) @ fscrawler-tika ---
[INFO] Changes detected - recompiling the module!
[INFO] Compiling 3 source files to /home/gabsko/breaking-updates/tika/target/classes
[INFO] 
[INFO] --- maven-resources-plugin:3.2.0:testResources (default-testResources) @ fscrawler-tika ---
[INFO] Using 'UTF-8' encoding to copy filtered resources.
[INFO] Using 'UTF-8' encoding to copy filtered properties files.
[INFO] Copying 1 resource
[INFO] 
[INFO] --- maven-compiler-plugin:3.10.0:testCompile (default-testCompile) @ fscrawler-tika ---
[INFO] Changes detected - recompiling the module!
[INFO] Compiling 3 source files to /home/gabsko/breaking-updates/tika/target/test-classes
[WARNING] No processor claimed any of these annotations: /org.junit.BeforeClass,/com.carrotsearch.randomizedtesting.annotations.ThreadLeakLingering,/com.carrotsearch.randomizedtesting.annotations.ThreadLeakScope,/org.junit.Test,/com.carrotsearch.randomizedtesting.annotations.TimeoutSuite,/org.junit.runner.RunWith
[INFO] 
[INFO] --- junit4-maven-plugin:2.7.9:junit4 (unit-tests) @ fscrawler-tika ---
[INFO] <JUnit4> says ◊©◊ú◊ï◊ù! Master seed: 8918FD2BC27F50DE
Executing 2 suites with 2 JVMs.

Started J0 PID(24770@repairnator).
Started J1 PID(24776@repairnator).
  1> 21:25:07,561 [32mINFO [m [f.p.e.c.f.t.TikaDocParserTest] Test extraction of [test.html]
  1> 21:25:07,584 [32mINFO [m [f.p.e.c.f.t.TikaInstance] OCR is disabled.
IGNOR/A 0.01s J0 | TikaDocParserTest.testOcr
   > Assumption #1: Tesseract is not installed so we are skipping this test
  1> 21:25:08,457 [32mINFO [m [f.p.e.c.f.t.TikaDocParserTest] Test extraction of [test.txt]
  1> 21:25:08,459 [32mINFO [m [f.p.e.c.f.t.TikaInstance] OCR is disabled.
  1> 21:25:08,629 [32mINFO [m [f.p.e.c.f.t.TikaDocParserTest] Test extraction of [issue-stackoverflow.docx]
  1> 21:25:08,631 [32mINFO [m [f.p.e.c.f.t.TikaInstance] OCR is disabled.
  1> 21:25:08,809 [1;31mERROR[m [f.document] [ed9242994f9413e14bc9e285512386d8][/] class org.apache.poi.ooxml.extractor.POIXMLTextExtractor can not implement org.apache.poi.extractor.POITextExtractor, because it is not an interface (org.apache.poi.extractor.POITextExtractor is in unnamed module of loader 'app')
  1> 21:25:08,810 [33mWARN [m [f.p.e.c.f.t.TikaDocParser] Failed to extract [100000] characters of text for [/documents/issue-stackoverflow.docx]: class org.apache.poi.ooxml.extractor.POIXMLTextExtractor can not implement org.apache.poi.extractor.POITextExtractor, because it is not an interface (org.apache.poi.extractor.POITextExtractor is in unnamed module of loader 'app')
  2> REPRODUCE WITH:
  2> mvn integration-test -Dtests.seed=8918FD2BC27F50DE -Dtests.class=fr.pilato.elasticsearch.crawler.fs.tika.TikaDocParserTest -Dtests.method="testDocxWithEmbeddedBadPDF" -Dtests.locale=mgh -Dtests.timezone=America/Belem
FAILURE 0.19s J0 | TikaDocParserTest.testDocxWithEmbeddedBadPDF <<<
   > Throwable #1: java.lang.AssertionError: 
   > Expected: not (null or an empty string)
   >      but: was null
   > 	at __randomizedtesting.SeedInfo.seed([8918FD2BC27F50DE:E393B5AECB1D69F4]:0)
   > 	at org.hamcrest.MatcherAssert.assertThat(MatcherAssert.java:20)
   > 	at org.hamcrest.MatcherAssert.assertThat(MatcherAssert.java:8)
   > 	at fr.pilato.elasticsearch.crawler.fs.tika.TikaDocParserTest.testDocxWithEmbeddedBadPDF(TikaDocParserTest.java:770)
   > 	at java.base/jdk.internal.reflect.NativeMethodAccessorImpl.invoke0(Native Method)
   > 	at java.base/jdk.internal.reflect.NativeMethodAccessorImpl.invoke(NativeMethodAccessorImpl.java:62)
   > 	at java.base/jdk.internal.reflect.DelegatingMethodAccessorImpl.invoke(DelegatingMethodAccessorImpl.java:43)
   > 	at java.base/java.lang.reflect.Method.invoke(Method.java:566)
   > 	at com.carrotsearch.randomizedtesting.RandomizedRunner.invoke(RandomizedRunner.java:1758)
   > 	at com.carrotsearch.randomizedtesting.RandomizedRunner$8.evaluate(RandomizedRunner.java:946)
   > 	at org.junit.rules.TestWatcher$1.evaluate(TestWatcher.java:61)
   > 	at com.carrotsearch.randomizedtesting.rules.StatementAdapter.evaluate(StatementAdapter.java:36)
   > 	at com.carrotsearch.randomizedtesting.ThreadLeakControl$StatementRunner.run(ThreadLeakControl.java:375)
   > 	at com.carrotsearch.randomizedtesting.ThreadLeakControl.forkTimeoutingTask(ThreadLeakControl.java:824)
   > 	at com.carrotsearch.randomizedtesting.ThreadLeakControl$3.evaluate(ThreadLeakControl.java:475)
   > 	at com.carrotsearch.randomizedtesting.RandomizedRunner.runSingleTest(RandomizedRunner.java:955)
   > 	at com.carrotsearch.randomizedtesting.RandomizedRunner$5.evaluate(RandomizedRunner.java:840)
   > 	at com.carrotsearch.randomizedtesting.RandomizedRunner$6.evaluate(RandomizedRunner.java:891)
   > 	at com.carrotsearch.randomizedtesting.RandomizedRunner$7.evaluate(RandomizedRunner.java:902)
   > 	at org.junit.rules.ExternalResource$1.evaluate(ExternalResource.java:54)
   > 	at com.carrotsearch.randomizedtesting.rules.StatementAdapter.evaluate(StatementAdapter.java:36)
   > 	at com.carrotsearch.randomizedtesting.ThreadLeakControl$StatementRunner.run(ThreadLeakControl.java:375)
   > 	at com.carrotsearch.randomizedtesting.ThreadLeakControl.lambda$forkTimeoutingTask$0(ThreadLeakControl.java:831)
   > 	at java.base/java.lang.Thread.run(Thread.java:829)
  1> 21:25:08,819 [32mINFO [m [f.p.e.c.f.t.TikaDocParserTest] Test extraction of [test-protected.docx]
  1> 21:25:08,820 [32mINFO [m [f.p.e.c.f.t.TikaInstance] OCR is disabled.
  1> 21:25:09,011 [1;31mERROR[m [f.document] [543318f22fa821f2bb0bbc8794de8d][/] TIKA-198: Illegal IOException from org.apache.tika.parser.microsoft.OfficeParser@7dd4a759 -> java.lang.ClassNotFoundException: org.apache.poi.poifs.crypt.agile.AgileEncryptionInfoBuilder -> org.apache.poi.poifs.crypt.agile.AgileEncryptionInfoBuilder
  1> 21:25:09,011 [33mWARN [m [f.p.e.c.f.t.TikaDocParser] Failed to extract [100000] characters of text for [/documents/test-protected.docx]: TIKA-198: Illegal IOException from org.apache.tika.parser.microsoft.OfficeParser@7dd4a759 -> java.lang.ClassNotFoundException: org.apache.poi.poifs.crypt.agile.AgileEncryptionInfoBuilder -> org.apache.poi.poifs.crypt.agile.AgileEncryptionInfoBuilder
  1> 21:25:09,013 [32mINFO [m [f.p.e.c.f.t.TikaDocParserTest] Test extraction of [issue-1097.pdf]
  1> 21:25:09,013 [32mINFO [m [f.p.e.c.f.t.TikaInstance] OCR is disabled.
  1> 21:25:09,292 [32mINFO [m [f.p.e.c.f.t.TikaDocParserTest] Test extraction of [test.txt]
  1> 21:25:09,293 [32mINFO [m [f.p.e.c.f.t.TikaInstance] OCR is disabled.
  1> 21:25:10,079 [32mINFO [m [f.p.e.c.f.t.TikaDocParserTest] Test extraction of [test-fr.txt]
  1> 21:25:10,081 [32mINFO [m [f.p.e.c.f.t.TikaInstance] OCR is disabled.
  1> 21:25:10,206 [32mINFO [m [f.p.e.c.f.t.TikaDocParserTest] Test extraction of [test-de.txt]
  1> 21:25:10,208 [32mINFO [m [f.p.e.c.f.t.TikaInstance] OCR is disabled.
  1> 21:25:10,376 [32mINFO [m [f.p.e.c.f.t.TikaDocParserTest] Test extraction of [test-enfrde.txt]
  1> 21:25:10,377 [32mINFO [m [f.p.e.c.f.t.TikaInstance] OCR is disabled.
  1> 21:25:10,549 [32mINFO [m [f.p.e.c.f.t.TikaDocParserTest] Test extraction of [test.txt]
  1> 21:25:10,551 [32mINFO [m [f.p.e.c.f.t.TikaInstance] OCR is disabled.
  1> 21:25:10,671 [32mINFO [m [f.p.e.c.f.t.TikaDocParserTest] Test extraction of [test.docx]
  1> 21:25:10,682 [32mINFO [m [f.p.e.c.f.t.TikaInstance] OCR is disabled.
  1> 21:25:10,828 [1;31mERROR[m [f.document] [90936fbec470f7fa873de6f29f7b9dc2][/] class org.apache.poi.ooxml.extractor.POIXMLTextExtractor can not implement org.apache.poi.extractor.POITextExtractor, because it is not an interface (org.apache.poi.extractor.POITextExtractor is in unnamed module of loader 'app')
  1> 21:25:10,828 [33mWARN [m [f.p.e.c.f.t.TikaDocParser] Failed to extract [100000] characters of text for [/documents/test.docx]: class org.apache.poi.ooxml.extractor.POIXMLTextExtractor can not implement org.apache.poi.extractor.POITextExtractor, because it is not an interface (org.apache.poi.extractor.POITextExtractor is in unnamed module of loader 'app')
  2> REPRODUCE WITH:
  2> mvn integration-test -Dtests.seed=8918FD2BC27F50DE -Dtests.class=fr.pilato.elasticsearch.crawler.fs.tika.TikaDocParserTest -Dtests.method="testExtractFromDocx" -Dtests.locale=mgh -Dtests.timezone=America/Belem
FAILURE 0.16s J0 | TikaDocParserTest.testExtractFromDocx <<<
   > Throwable #1: java.lang.AssertionError: 
   > Expected: a string containing "This is a sample text available in page"
   >      but: was null
   > 	at __randomizedtesting.SeedInfo.seed([8918FD2BC27F50DE:7FF62516C6C0C663]:0)
   > 	at org.hamcrest.MatcherAssert.assertThat(MatcherAssert.java:20)
   > 	at org.hamcrest.MatcherAssert.assertThat(MatcherAssert.java:8)
   > 	at fr.pilato.elasticsearch.crawler.fs.tika.TikaDocParserTest.testExtractFromDocx(TikaDocParserTest.java:197)
   > 	at java.base/jdk.internal.reflect.NativeMethodAccessorImpl.invoke0(Native Method)
   > 	at java.base/jdk.internal.reflect.NativeMethodAccessorImpl.invoke(NativeMethodAccessorImpl.java:62)
   > 	at java.base/jdk.internal.reflect.DelegatingMethodAccessorImpl.invoke(DelegatingMethodAccessorImpl.java:43)
   > 	at java.base/java.lang.reflect.Method.invoke(Method.java:566)
   > 	at com.carrotsearch.randomizedtesting.RandomizedRunner.invoke(RandomizedRunner.java:1758)
   > 	at com.carrotsearch.randomizedtesting.RandomizedRunner$8.evaluate(RandomizedRunner.java:946)
   > 	at org.junit.rules.TestWatcher$1.evaluate(TestWatcher.java:61)
   > 	at com.carrotsearch.randomizedtesting.rules.StatementAdapter.evaluate(StatementAdapter.java:36)
   > 	at com.carrotsearch.randomizedtesting.ThreadLeakControl$StatementRunner.run(ThreadLeakControl.java:375)
   > 	at com.carrotsearch.randomizedtesting.ThreadLeakControl.forkTimeoutingTask(ThreadLeakControl.java:824)
   > 	at com.carrotsearch.randomizedtesting.ThreadLeakControl$3.evaluate(ThreadLeakControl.java:475)
   > 	at com.carrotsearch.randomizedtesting.RandomizedRunner.runSingleTest(RandomizedRunner.java:955)
   > 	at com.carrotsearch.randomizedtesting.RandomizedRunner$5.evaluate(RandomizedRunner.java:840)
   > 	at com.carrotsearch.randomizedtesting.RandomizedRunner$6.evaluate(RandomizedRunner.java:891)
   > 	at com.carrotsearch.randomizedtesting.RandomizedRunner$7.evaluate(RandomizedRunner.java:902)
   > 	at org.junit.rules.ExternalResource$1.evaluate(ExternalResource.java:54)
   > 	at com.carrotsearch.randomizedtesting.rules.StatementAdapter.evaluate(StatementAdapter.java:36)
   > 	at com.carrotsearch.randomizedtesting.ThreadLeakControl$StatementRunner.run(ThreadLeakControl.java:375)
   > 	at com.carrotsearch.randomizedtesting.ThreadLeakControl.lambda$forkTimeoutingTask$0(ThreadLeakControl.java:831)
   > 	at java.base/java.lang.Thread.run(Thread.java:829)
  1> 21:25:10,830 [32mINFO [m [f.p.e.c.f.t.TikaDocParserTest] Test extraction of [issue-834.txt]
  1> 21:25:10,831 [32mINFO [m [f.p.e.c.f.t.TikaInstance] OCR is disabled.
  1> 21:25:10,968 [32mINFO [m [f.p.e.c.f.t.TikaDocParserTest] Test extraction of [issue-221-doc1.pdf]
  1> 21:25:10,970 [32mINFO [m [f.p.e.c.f.t.TikaInstance] OCR is disabled.
  1> 21:25:11,152 [32mINFO [m [f.p.e.c.f.t.TikaDocParserTest] Test extraction of [issue-221-doc2.pdf]
  1> 21:25:11,154 [32mINFO [m [f.p.e.c.f.t.TikaInstance] OCR is disabled.
  1> 21:25:11,312 [33mWARN [m [o.a.p.p.f.PDFont] Invalid ToUnicode CMap in font RobotoSlab-Regular
  1> 21:25:11,313 [33mWARN [m [o.a.p.p.f.PDFont] Using predefined identity CMap instead
  1> 21:25:11,333 [33mWARN [m [o.a.p.p.f.PDCIDFontType2] Found CFF/OTF but expected embedded TTF font RobotoSlab-Regular
  1> 21:25:11,342 [32mINFO [m [f.p.e.c.f.t.TikaDocParserTest] Test extraction of [test.txt]
  1> 21:25:11,344 [32mINFO [m [f.p.e.c.f.t.TikaInstance] OCR is disabled.
  1> 21:25:11,468 [32mINFO [m [f.p.e.c.f.t.TikaDocParserTest] Test extraction of [test.txt]
  1> 21:25:11,470 [32mINFO [m [f.p.e.c.f.t.TikaInstance] OCR is disabled.
  1> 21:25:11,627 [32mINFO [m [f.p.e.c.f.t.TikaDocParserTest] Test extraction of [test.pdf]
  1> 21:25:11,629 [32mINFO [m [f.p.e.c.f.t.TikaInstance] OCR is disabled.
  1> 21:25:11,790 [32mINFO [m [f.p.e.c.f.t.TikaDocParserTest] Test extraction of [test.txt]
  1> 21:25:11,791 [32mINFO [m [f.p.e.c.f.t.TikaDocParserTest] Test extraction of [test.odt]
  1> 21:25:11,793 [32mINFO [m [f.p.e.c.f.t.TikaInstance] OCR is disabled.
  1> 21:25:11,947 [32mINFO [m [f.p.e.c.f.t.TikaDocParserTest] Test extraction of [test.mp3]
  1> 21:25:11,949 [32mINFO [m [f.p.e.c.f.t.TikaInstance] OCR is disabled.
  1> 21:25:12,140 [32mINFO [m [f.p.e.c.f.t.TikaDocParserTest] Test extraction of [issue-400-shiftjis.txt]
  1> 21:25:12,142 [32mINFO [m [f.p.e.c.f.t.TikaInstance] OCR is disabled.
  1> 21:25:12,291 [32mINFO [m [f.p.e.c.f.t.TikaDocParserTest] Test extraction of [issue-163.xml]
  1> 21:25:12,293 [32mINFO [m [f.p.e.c.f.t.TikaInstance] OCR is disabled.
  1> 21:25:12,441 [32mINFO [m [f.p.e.c.f.t.TikaDocParserTest] Test extraction of [test.wav]
  1> 21:25:12,443 [32mINFO [m [f.p.e.c.f.t.TikaInstance] OCR is disabled.
  1> 21:25:12,588 [32mINFO [m [f.p.e.c.f.t.TikaDocParserTest] Test extraction of [test.rtf]
  1> 21:25:12,591 [32mINFO [m [f.p.e.c.f.t.TikaInstance] OCR is disabled.
  1> 21:25:12,751 [32mINFO [m [f.p.e.c.f.t.TikaDocParserTest] Test extraction of [test.doc]
  1> 21:25:12,752 [32mINFO [m [f.p.e.c.f.t.TikaInstance] OCR is disabled.

Tests with failures [seed: 8918FD2BC27F50DE]:
  - fr.pilato.elasticsearch.crawler.fs.tika.TikaDocParserTest.testDocxWithEmbeddedBadPDF
  - fr.pilato.elasticsearch.crawler.fs.tika.TikaDocParserTest.testExtractFromDocx


[INFO] JVM J0:     0.27 ..     6.80 =     6.52s
[INFO] JVM J1:     0.28 ..     1.53 =     1.25s
[INFO] Execution time total: 6.86 sec.
[INFO] Tests summary: 2 suites, 24 tests, 2 failures, 1 ignored (1 assumption)
[INFO] ------------------------------------------------------------------------
[INFO] Reactor Summary for FSCrawler 2.10-SNAPSHOT:
[INFO] 
[INFO] FSCrawler .......................................... SUCCESS [  0.102 s]
[INFO] FSCrawler Test Framework ........................... SUCCESS [  2.880 s]
[INFO] FSCrawler Framework ................................ SUCCESS [  0.801 s]
[INFO] FSCrawler Settings ................................. SUCCESS [  2.523 s]
[INFO] FSCrawler Test Documents ........................... SUCCESS [  0.027 s]
[INFO] FSCrawler Beans .................................... SUCCESS [  1.730 s]
[INFO] FSCrawler 3rd Party libraries ...................... SUCCESS [  0.003 s]
[INFO] FSCrawler Workplace Search Client .................. SUCCESS [  0.165 s]
[INFO] FSCrawler Elasticsearch Client ..................... SUCCESS [  1.911 s]
[INFO] FSCrawler Tika ..................................... FAILURE [  8.444 s]
[INFO] FSCrawler Crawlers ................................. SKIPPED
[INFO] FSCrawler Abstract Crawler ......................... SKIPPED
[INFO] FSCrawler Crawlers: FS ............................. SKIPPED
[INFO] FSCrawler Crawlers: FTP ............................ SKIPPED
[INFO] FSCrawler Crawlers: SSH ............................ SKIPPED
[INFO] FSCrawler Core ..................................... SKIPPED
[INFO] FSCrawler Rest Server .............................. SKIPPED
[INFO] FSCrawler Integration Tests ........................ SKIPPED
[INFO] FSCrawler Cli ...................................... SKIPPED
[INFO] FSCrawler ZIP Distribution ......................... SKIPPED
[INFO] FSCrawler Documentation ............................ SKIPPED
[INFO] ------------------------------------------------------------------------
[INFO] BUILD FAILURE
[INFO] ------------------------------------------------------------------------
[INFO] Total time:  18.768 s
[INFO] Finished at: 2023-01-30T00:25:13Z
[INFO] ------------------------------------------------------------------------
[ERROR] Failed to execute goal com.carrotsearch.randomizedtesting:junit4-maven-plugin:2.7.9:junit4 (unit-tests) on project fscrawler-tika: There were test failures: 2 suites, 24 tests, 2 failures, 1 ignored (1 assumption) [seed: 8918FD2BC27F50DE] -> [Help 1]
[ERROR] 
[ERROR] To see the full stack trace of the errors, re-run Maven with the -e switch.
[ERROR] Re-run Maven using the -X switch to enable full debug logging.
[ERROR] 
[ERROR] For more information about the errors and possible solutions, please read the following articles:
[ERROR] [Help 1] http://cwiki.apache.org/confluence/display/MAVEN/MojoExecutionException
[ERROR] 
[ERROR] After correcting the problems, you can resume the build with the command
[ERROR]   mvn <args> -rf :fscrawler-tika
