[INFO] Scanning for projects...
[INFO] ------------------------------------------------------------------------
[INFO] Reactor Build Order:
[INFO] 
[INFO] Transaction Outbox Parent                                          [pom]
[INFO] Transaction Outbox Core                                            [jar]
[INFO] Transaction Outbox Spring                                          [jar]
[INFO] Transaction Outbox Guice                                           [jar]
[INFO] Transaction Outbox jOOQ                                            [jar]
[INFO] 
[INFO] ---------------< com.gruelbox:transactionoutbox-parent >----------------
[INFO] Building Transaction Outbox Parent 1.3.99999-SNAPSHOT              [1/5]
[INFO] --------------------------------[ pom ]---------------------------------
[INFO] 
[INFO] --- maven-clean-plugin:2.5:clean (default-clean) @ transactionoutbox-parent ---
[INFO] 
[INFO] --- flatten-maven-plugin:1.2.5:clean (flatten.clean) @ transactionoutbox-parent ---
[INFO] Deleting /home/gabsko/breaking-updates/.flattened-pom.xml
[INFO] 
[INFO] --- fmt-maven-plugin:2.10:format (default) @ transactionoutbox-parent ---
[INFO] Skipping format check: project uses 'pom' packaging
[INFO] 
[INFO] --- flatten-maven-plugin:1.2.5:flatten (flatten) @ transactionoutbox-parent ---
[INFO] Generating flattened POM of project com.gruelbox:transactionoutbox-parent:pom:1.3.99999-SNAPSHOT...
[INFO] 
[INFO] ----------------< com.gruelbox:transactionoutbox-core >-----------------
[INFO] Building Transaction Outbox Core 1.3.99999-SNAPSHOT                [2/5]
[INFO] --------------------------------[ jar ]---------------------------------
[INFO] 
[INFO] --- maven-clean-plugin:2.5:clean (default-clean) @ transactionoutbox-core ---
[INFO] Deleting /home/gabsko/breaking-updates/transactionoutbox-core/target
[INFO] 
[INFO] --- flatten-maven-plugin:1.2.5:clean (flatten.clean) @ transactionoutbox-core ---
[INFO] Deleting /home/gabsko/breaking-updates/transactionoutbox-core/.flattened-pom.xml
[INFO] 
[INFO] --- fmt-maven-plugin:2.10:format (default) @ transactionoutbox-core ---
[INFO] File '/home/gabsko/breaking-updates/transactionoutbox-core/src/main/java/com/gruelbox/transactionoutbox' is a directory. Skipping.
[INFO] File '/home/gabsko/breaking-updates/transactionoutbox-core/src/main/java/com' is a directory. Skipping.
[INFO] File '/home/gabsko/breaking-updates/transactionoutbox-core/src/main/java/com/gruelbox' is a directory. Skipping.
[INFO] File '/home/gabsko/breaking-updates/transactionoutbox-core/src/main/java' is a directory. Skipping.
[INFO] File '/home/gabsko/breaking-updates/transactionoutbox-core/src/test/java' is a directory. Skipping.
[INFO] File '/home/gabsko/breaking-updates/transactionoutbox-core/src/test/java/com/gruelbox/transactionoutbox' is a directory. Skipping.
[INFO] File '/home/gabsko/breaking-updates/transactionoutbox-core/src/test/java/com/gruelbox/transactionoutbox/acceptance' is a directory. Skipping.
[INFO] File '/home/gabsko/breaking-updates/transactionoutbox-core/src/test/java/com/gruelbox' is a directory. Skipping.
[INFO] File '/home/gabsko/breaking-updates/transactionoutbox-core/src/test/java/com' is a directory. Skipping.
[INFO] Processed 69 files (0 reformatted).
[INFO] 
[INFO] --- maven-resources-plugin:2.6:resources (default-resources) @ transactionoutbox-core ---
[INFO] Using 'UTF-8' encoding to copy filtered resources.
[INFO] skip non existing resourceDirectory /home/gabsko/breaking-updates/transactionoutbox-core/src/main/resources
[INFO] 
[INFO] --- flatten-maven-plugin:1.2.5:flatten (flatten) @ transactionoutbox-core ---
[INFO] Generating flattened POM of project com.gruelbox:transactionoutbox-core:jar:1.3.99999-SNAPSHOT...
[INFO] 
[INFO] --- maven-compiler-plugin:3.8.1:compile (default-compile) @ transactionoutbox-core ---
[INFO] Changes detected - recompiling the module!
[INFO] Compiling 44 source files to /home/gabsko/breaking-updates/transactionoutbox-core/target/classes
[INFO] 
[INFO] --- maven-resources-plugin:2.6:testResources (default-testResources) @ transactionoutbox-core ---
[INFO] Using 'UTF-8' encoding to copy filtered resources.
[INFO] Copying 1 resource
[INFO] 
[INFO] --- maven-compiler-plugin:3.8.1:testCompile (default-testCompile) @ transactionoutbox-core ---
[INFO] Changes detected - recompiling the module!
[INFO] Compiling 25 source files to /home/gabsko/breaking-updates/transactionoutbox-core/target/test-classes
[INFO] 
[INFO] --- maven-surefire-plugin:3.0.0-M4:test (default-test) @ transactionoutbox-core ---
[INFO] 
[INFO] -------------------------------------------------------
[INFO]  T E S T S
[INFO] -------------------------------------------------------
[INFO] Running com.gruelbox.transactionoutbox.acceptance.TestRequestSerialization
04:59:00.079 [main] INFO  SESSION-KEY= o.h.v.i.u.Version - HV000001: Hibernate Validator 6.1.5.Final
04:59:00.414 [main] INFO  SESSION-KEY= c.g.t.DefaultMigrationManager - Running migration: Create outbox table
04:59:00.425 [main] INFO  SESSION-KEY= c.g.t.DefaultMigrationManager - Running migration: Add unique request id
04:59:00.433 [main] INFO  SESSION-KEY= c.g.t.DefaultMigrationManager - Running migration: Add processed flag
04:59:00.440 [main] INFO  SESSION-KEY= c.g.t.DefaultMigrationManager - Running migration: Add flush index
04:59:00.441 [main] INFO  SESSION-KEY= c.g.t.DefaultMigrationManager - Running migration: Increase size of uniqueRequestId
04:59:00.448 [main] INFO  SESSION-KEY= c.g.t.DefaultMigrationManager - Running migration: Rename column blacklisted to blocked
04:59:00.536 [pool-1-thread-1] INFO  SESSION-KEY= c.g.t.TransactionOutbox - Processing com.gruelbox.transactionoutbox.acceptance.TestRequestSerialization$ComplexProcessor.process(com.gruelbox.transactionoutbox.acceptance.TestRequestSerialization$Arg@14faa38c) [4b2f6ec7-7956-404f-a293-7b9b02525f94]
04:59:00.541 [pool-1-thread-1] INFO  SESSION-KEY= c.g.t.TransactionOutbox - Processed com.gruelbox.transactionoutbox.acceptance.TestRequestSerialization$ComplexProcessor.process(com.gruelbox.transactionoutbox.acceptance.TestRequestSerialization$Arg@14faa38c) [4b2f6ec7-7956-404f-a293-7b9b02525f94]
[INFO] Tests run: 1, Failures: 0, Errors: 0, Skipped: 0, Time elapsed: 0.662 s - in com.gruelbox.transactionoutbox.acceptance.TestRequestSerialization
[INFO] Running com.gruelbox.transactionoutbox.acceptance.TestPostgres12
04:59:11.001 [main] ERROR SESSION-KEY= o.t.d.EnvironmentAndSystemPropertyClientProviderStrategy - ping failed with configuration Environment variables, system properties and defaults. Resolved dockerHost=unix:///var/run/docker.sock due to org.rnorth.ducttape.TimeoutException: Timeout waiting for result with exception
org.rnorth.ducttape.TimeoutException: Timeout waiting for result with exception
	at org.rnorth.ducttape.unreliables.Unreliables.retryUntilSuccess(Unreliables.java:54)
	at org.testcontainers.dockerclient.DockerClientProviderStrategy.ping(DockerClientProviderStrategy.java:182)
	at org.testcontainers.dockerclient.EnvironmentAndSystemPropertyClientProviderStrategy.test(EnvironmentAndSystemPropertyClientProviderStrategy.java:41)
	at org.testcontainers.dockerclient.DockerClientProviderStrategy.lambda$getFirstValidStrategy$2(DockerClientProviderStrategy.java:118)
	at java.base/java.util.stream.ReferencePipeline$7$1.accept(ReferencePipeline.java:271)
	at java.base/java.util.stream.StreamSpliterators$WrappingSpliterator.tryAdvance(StreamSpliterators.java:302)
	at java.base/java.util.stream.Streams$ConcatSpliterator.tryAdvance(Streams.java:723)
	at java.base/java.util.stream.ReferencePipeline.forEachWithCancel(ReferencePipeline.java:127)
	at java.base/java.util.stream.AbstractPipeline.copyIntoWithCancel(AbstractPipeline.java:502)
	at java.base/java.util.stream.AbstractPipeline.copyInto(AbstractPipeline.java:488)
	at java.base/java.util.stream.AbstractPipeline.wrapAndCopyInto(AbstractPipeline.java:474)
	at java.base/java.util.stream.FindOps$FindOp.evaluateSequential(FindOps.java:150)
	at java.base/java.util.stream.AbstractPipeline.evaluate(AbstractPipeline.java:234)
	at java.base/java.util.stream.ReferencePipeline.findAny(ReferencePipeline.java:548)
	at org.testcontainers.dockerclient.DockerClientProviderStrategy.getFirstValidStrategy(DockerClientProviderStrategy.java:154)
	at org.testcontainers.DockerClientFactory.getOrInitializeStrategy(DockerClientFactory.java:126)
	at org.testcontainers.DockerClientFactory.client(DockerClientFactory.java:147)
	at org.testcontainers.LazyDockerClient.getDockerClient(LazyDockerClient.java:14)
	at org.testcontainers.LazyDockerClient.listImagesCmd(LazyDockerClient.java:12)
	at org.testcontainers.images.LocalImagesCache.maybeInitCache(LocalImagesCache.java:68)
	at org.testcontainers.images.LocalImagesCache.get(LocalImagesCache.java:32)
	at org.testcontainers.images.AbstractImagePullPolicy.shouldPull(AbstractImagePullPolicy.java:18)
	at org.testcontainers.images.RemoteDockerImage.resolve(RemoteDockerImage.java:59)
	at org.testcontainers.images.RemoteDockerImage.resolve(RemoteDockerImage.java:26)
	at org.testcontainers.utility.LazyFuture.getResolvedValue(LazyFuture.java:20)
	at org.testcontainers.utility.LazyFuture.get(LazyFuture.java:27)
	at org.testcontainers.containers.GenericContainer.getDockerImageName(GenericContainer.java:1277)
	at org.testcontainers.containers.GenericContainer.logger(GenericContainer.java:613)
	at org.testcontainers.containers.GenericContainer.doStart(GenericContainer.java:320)
	at org.testcontainers.containers.GenericContainer.start(GenericContainer.java:311)
	at org.testcontainers.junit.jupiter.TestcontainersExtension$StoreAdapter.start(TestcontainersExtension.java:242)
	at org.testcontainers.junit.jupiter.TestcontainersExtension$StoreAdapter.access$200(TestcontainersExtension.java:229)
	at org.testcontainers.junit.jupiter.TestcontainersExtension.lambda$null$1(TestcontainersExtension.java:59)
	at org.junit.jupiter.engine.execution.ExtensionValuesStore.lambda$getOrComputeIfAbsent$4(ExtensionValuesStore.java:86)
	at org.junit.jupiter.engine.execution.ExtensionValuesStore$MemoizingSupplier.get(ExtensionValuesStore.java:205)
	at org.junit.jupiter.engine.execution.ExtensionValuesStore$StoredValue.evaluate(ExtensionValuesStore.java:182)
	at org.junit.jupiter.engine.execution.ExtensionValuesStore$StoredValue.access$100(ExtensionValuesStore.java:171)
	at org.junit.jupiter.engine.execution.ExtensionValuesStore.getOrComputeIfAbsent(ExtensionValuesStore.java:89)
	at org.junit.jupiter.engine.execution.NamespaceAwareStore.getOrComputeIfAbsent(NamespaceAwareStore.java:53)
	at org.testcontainers.junit.jupiter.TestcontainersExtension.lambda$beforeAll$2(TestcontainersExtension.java:59)
	at java.base/java.util.ArrayList.forEach(ArrayList.java:1541)
	at org.testcontainers.junit.jupiter.TestcontainersExtension.beforeAll(TestcontainersExtension.java:59)
	at org.junit.jupiter.engine.descriptor.ClassBasedTestDescriptor.lambda$invokeBeforeAllCallbacks$8(ClassBasedTestDescriptor.java:368)
	at org.junit.platform.engine.support.hierarchical.ThrowableCollector.execute(ThrowableCollector.java:73)
	at org.junit.jupiter.engine.descriptor.ClassBasedTestDescriptor.invokeBeforeAllCallbacks(ClassBasedTestDescriptor.java:368)
	at org.junit.jupiter.engine.descriptor.ClassBasedTestDescriptor.before(ClassBasedTestDescriptor.java:192)
	at org.junit.jupiter.engine.descriptor.ClassBasedTestDescriptor.before(ClassBasedTestDescriptor.java:78)
	at org.junit.platform.engine.support.hierarchical.NodeTestTask.lambda$executeRecursively$5(NodeTestTask.java:136)
	at org.junit.platform.engine.support.hierarchical.ThrowableCollector.execute(ThrowableCollector.java:73)
	at org.junit.platform.engine.support.hierarchical.NodeTestTask.lambda$executeRecursively$7(NodeTestTask.java:129)
	at org.junit.platform.engine.support.hierarchical.Node.around(Node.java:137)
	at org.junit.platform.engine.support.hierarchical.NodeTestTask.lambda$executeRecursively$8(NodeTestTask.java:127)
	at org.junit.platform.engine.support.hierarchical.ThrowableCollector.execute(ThrowableCollector.java:73)
	at org.junit.platform.engine.support.hierarchical.NodeTestTask.executeRecursively(NodeTestTask.java:126)
	at org.junit.platform.engine.support.hierarchical.NodeTestTask.execute(NodeTestTask.java:84)
	at java.base/java.util.ArrayList.forEach(ArrayList.java:1541)
	at org.junit.platform.engine.support.hierarchical.SameThreadHierarchicalTestExecutorService.invokeAll(SameThreadHierarchicalTestExecutorService.java:38)
	at org.junit.platform.engine.support.hierarchical.NodeTestTask.lambda$executeRecursively$5(NodeTestTask.java:143)
	at org.junit.platform.engine.support.hierarchical.ThrowableCollector.execute(ThrowableCollector.java:73)
	at org.junit.platform.engine.support.hierarchical.NodeTestTask.lambda$executeRecursively$7(NodeTestTask.java:129)
	at org.junit.platform.engine.support.hierarchical.Node.around(Node.java:137)
	at org.junit.platform.engine.support.hierarchical.NodeTestTask.lambda$executeRecursively$8(NodeTestTask.java:127)
	at org.junit.platform.engine.support.hierarchical.ThrowableCollector.execute(ThrowableCollector.java:73)
	at org.junit.platform.engine.support.hierarchical.NodeTestTask.executeRecursively(NodeTestTask.java:126)
	at org.junit.platform.engine.support.hierarchical.NodeTestTask.execute(NodeTestTask.java:84)
	at org.junit.platform.engine.support.hierarchical.SameThreadHierarchicalTestExecutorService.submit(SameThreadHierarchicalTestExecutorService.java:32)
	at org.junit.platform.engine.support.hierarchical.HierarchicalTestExecutor.execute(HierarchicalTestExecutor.java:57)
	at org.junit.platform.engine.support.hierarchical.HierarchicalTestEngine.execute(HierarchicalTestEngine.java:51)
	at org.junit.platform.launcher.core.EngineExecutionOrchestrator.execute(EngineExecutionOrchestrator.java:108)
	at org.junit.platform.launcher.core.EngineExecutionOrchestrator.execute(EngineExecutionOrchestrator.java:88)
	at org.junit.platform.launcher.core.EngineExecutionOrchestrator.lambda$execute$0(EngineExecutionOrchestrator.java:54)
	at org.junit.platform.launcher.core.EngineExecutionOrchestrator.withInterceptedStreams(EngineExecutionOrchestrator.java:67)
	at org.junit.platform.launcher.core.EngineExecutionOrchestrator.execute(EngineExecutionOrchestrator.java:52)
	at org.junit.platform.launcher.core.DefaultLauncher.execute(DefaultLauncher.java:96)
	at org.junit.platform.launcher.core.DefaultLauncher.execute(DefaultLauncher.java:75)
	at org.apache.maven.surefire.junitplatform.JUnitPlatformProvider.invokeAllTests(JUnitPlatformProvider.java:154)
	at org.apache.maven.surefire.junitplatform.JUnitPlatformProvider.invoke(JUnitPlatformProvider.java:127)
	at org.apache.maven.surefire.booter.ForkedBooter.runSuitesInProcess(ForkedBooter.java:377)
	at org.apache.maven.surefire.booter.ForkedBooter.execute(ForkedBooter.java:138)
	at org.apache.maven.surefire.booter.ForkedBooter.run(ForkedBooter.java:465)
	at org.apache.maven.surefire.booter.ForkedBooter.main(ForkedBooter.java:451)
Caused by: java.lang.RuntimeException: java.io.IOException: native connect() failed : Permission denied
	at com.github.dockerjava.okhttp.OkHttpInvocationBuilder.execute(OkHttpInvocationBuilder.java:301)
	at com.github.dockerjava.okhttp.OkHttpInvocationBuilder.execute(OkHttpInvocationBuilder.java:271)
	at com.github.dockerjava.okhttp.OkHttpInvocationBuilder.get(OkHttpInvocationBuilder.java:239)
	at com.github.dockerjava.core.exec.PingCmdExec.execute(PingCmdExec.java:26)
	at com.github.dockerjava.core.exec.PingCmdExec.execute(PingCmdExec.java:12)
	at com.github.dockerjava.core.exec.AbstrSyncDockerCmdExec.exec(AbstrSyncDockerCmdExec.java:21)
	at com.github.dockerjava.core.command.AbstrDockerCmd.exec(AbstrDockerCmd.java:35)
	at org.testcontainers.dockerclient.DockerClientProviderStrategy.lambda$null$4(DockerClientProviderStrategy.java:185)
	at org.rnorth.ducttape.ratelimits.RateLimiter.getWhenReady(RateLimiter.java:51)
	at org.testcontainers.dockerclient.DockerClientProviderStrategy.lambda$ping$5(DockerClientProviderStrategy.java:183)
	at org.rnorth.ducttape.unreliables.Unreliables.lambda$retryUntilSuccess$0(Unreliables.java:43)
	at java.base/java.util.concurrent.FutureTask.run(FutureTask.java:264)
	at java.base/java.util.concurrent.ThreadPoolExecutor.runWorker(ThreadPoolExecutor.java:1128)
	at java.base/java.util.concurrent.ThreadPoolExecutor$Worker.run(ThreadPoolExecutor.java:628)
	at java.base/java.lang.Thread.run(Thread.java:829)
Caused by: java.io.IOException: native connect() failed : Permission denied
	at com.github.dockerjava.okhttp.UnixDomainSocket.connect(UnixDomainSocket.java:157)
	at com.github.dockerjava.okhttp.UnixSocketFactory$1.connect(UnixSocketFactory.java:27)
	at org.testcontainers.shaded.okhttp3.internal.platform.Platform.connectSocket(Platform.java:130)
	at org.testcontainers.shaded.okhttp3.internal.connection.RealConnection.connectSocket(RealConnection.java:263)
	at org.testcontainers.shaded.okhttp3.internal.connection.RealConnection.connect(RealConnection.java:183)
	at org.testcontainers.shaded.okhttp3.internal.connection.ExchangeFinder.findConnection(ExchangeFinder.java:224)
	at org.testcontainers.shaded.okhttp3.internal.connection.ExchangeFinder.findHealthyConnection(ExchangeFinder.java:108)
	at org.testcontainers.shaded.okhttp3.internal.connection.ExchangeFinder.find(ExchangeFinder.java:88)
	at org.testcontainers.shaded.okhttp3.internal.connection.Transmitter.newExchange(Transmitter.java:169)
	at org.testcontainers.shaded.okhttp3.internal.connection.ConnectInterceptor.intercept(ConnectInterceptor.java:41)
	at org.testcontainers.shaded.okhttp3.internal.http.RealInterceptorChain.proceed(RealInterceptorChain.java:142)
	at org.testcontainers.shaded.okhttp3.internal.http.RealInterceptorChain.proceed(RealInterceptorChain.java:117)
	at org.testcontainers.shaded.okhttp3.internal.cache.CacheInterceptor.intercept(CacheInterceptor.java:94)
	at org.testcontainers.shaded.okhttp3.internal.http.RealInterceptorChain.proceed(RealInterceptorChain.java:142)
	at org.testcontainers.shaded.okhttp3.internal.http.RealInterceptorChain.proceed(RealInterceptorChain.java:117)
	at org.testcontainers.shaded.okhttp3.internal.http.BridgeInterceptor.intercept(BridgeInterceptor.java:93)
	at org.testcontainers.shaded.okhttp3.internal.http.RealInterceptorChain.proceed(RealInterceptorChain.java:142)
	at org.testcontainers.shaded.okhttp3.internal.http.RetryAndFollowUpInterceptor.intercept(RetryAndFollowUpInterceptor.java:88)
	at org.testcontainers.shaded.okhttp3.internal.http.RealInterceptorChain.proceed(RealInterceptorChain.java:142)
	at org.testcontainers.shaded.okhttp3.internal.http.RealInterceptorChain.proceed(RealInterceptorChain.java:117)
	at org.testcontainers.shaded.okhttp3.RealCall.getResponseWithInterceptorChain(RealCall.java:229)
	at org.testcontainers.shaded.okhttp3.RealCall.execute(RealCall.java:81)
	at com.github.dockerjava.okhttp.OkHttpInvocationBuilder.execute(OkHttpInvocationBuilder.java:276)
	... 14 common frames omitted
04:59:31.031 [main] ERROR SESSION-KEY= o.t.d.DockerClientProviderStrategy - Could not find a valid Docker environment. Please check configuration. Attempted configurations were:
04:59:31.032 [main] ERROR SESSION-KEY= o.t.d.DockerClientProviderStrategy -     EnvironmentAndSystemPropertyClientProviderStrategy: failed with exception InvalidConfigurationException (ping failed)
04:59:31.032 [main] ERROR SESSION-KEY= o.t.d.DockerClientProviderStrategy -     UnixSocketClientProviderStrategy: failed with exception InvalidConfigurationException (ping failed). Root cause IOException (native connect() failed : Permission denied)
04:59:31.032 [main] ERROR SESSION-KEY= o.t.d.DockerClientProviderStrategy -     ProxiedUnixSocketClientProviderStrategy: failed with exception InvalidConfigurationException (ping failed). Root cause TimeoutException (null)
04:59:31.032 [main] ERROR SESSION-KEY= o.t.d.DockerClientProviderStrategy - As no valid configuration was found, execution cannot continue
Feb 05, 2023 4:59:31 AM org.junit.jupiter.engine.execution.JupiterEngineExecutionContext close
SEVERE: Caught exception while closing extension context: org.junit.jupiter.engine.descriptor.ClassExtensionContext@472698d
org.testcontainers.containers.ContainerLaunchException: Container startup failed
	at org.testcontainers.containers.GenericContainer.doStart(GenericContainer.java:330)
	at org.testcontainers.containers.GenericContainer.start(GenericContainer.java:311)
	at org.testcontainers.junit.jupiter.TestcontainersExtension$StoreAdapter.start(TestcontainersExtension.java:242)
	at org.testcontainers.junit.jupiter.TestcontainersExtension$StoreAdapter.access$200(TestcontainersExtension.java:229)
	at org.testcontainers.junit.jupiter.TestcontainersExtension.lambda$null$1(TestcontainersExtension.java:59)
	at org.junit.jupiter.engine.execution.ExtensionValuesStore.lambda$getOrComputeIfAbsent$4(ExtensionValuesStore.java:86)
	at org.junit.jupiter.engine.execution.ExtensionValuesStore$MemoizingSupplier.get(ExtensionValuesStore.java:205)
	at org.junit.jupiter.engine.execution.ExtensionValuesStore$StoredValue.evaluate(ExtensionValuesStore.java:182)
	at org.junit.jupiter.engine.execution.ExtensionValuesStore$StoredValue.access$100(ExtensionValuesStore.java:171)
	at org.junit.jupiter.engine.execution.ExtensionValuesStore.lambda$closeAllStoredCloseableValues$1(ExtensionValuesStore.java:65)
	at java.base/java.util.stream.ReferencePipeline$2$1.accept(ReferencePipeline.java:176)
	at java.base/java.util.concurrent.ConcurrentHashMap$ValueSpliterator.forEachRemaining(ConcurrentHashMap.java:3603)
	at java.base/java.util.stream.AbstractPipeline.copyInto(AbstractPipeline.java:484)
	at java.base/java.util.stream.AbstractPipeline.wrapAndCopyInto(AbstractPipeline.java:474)
	at java.base/java.util.stream.ForEachOps$ForEachOp.evaluateSequential(ForEachOps.java:150)
	at java.base/java.util.stream.ForEachOps$ForEachOp$OfRef.evaluateSequential(ForEachOps.java:173)
	at java.base/java.util.stream.AbstractPipeline.evaluate(AbstractPipeline.java:234)
	at java.base/java.util.stream.ReferencePipeline.forEach(ReferencePipeline.java:497)
	at org.junit.jupiter.engine.execution.ExtensionValuesStore.closeAllStoredCloseableValues(ExtensionValuesStore.java:68)
	at org.junit.jupiter.engine.descriptor.AbstractExtensionContext.close(AbstractExtensionContext.java:74)
	at org.junit.jupiter.engine.execution.JupiterEngineExecutionContext.close(JupiterEngineExecutionContext.java:53)
	at org.junit.jupiter.engine.descriptor.JupiterTestDescriptor.cleanUp(JupiterTestDescriptor.java:222)
	at org.junit.jupiter.engine.descriptor.JupiterTestDescriptor.cleanUp(JupiterTestDescriptor.java:57)
	at org.junit.platform.engine.support.hierarchical.NodeTestTask.lambda$cleanUp$9(NodeTestTask.java:155)
	at org.junit.platform.engine.support.hierarchical.ThrowableCollector.execute(ThrowableCollector.java:73)
	at org.junit.platform.engine.support.hierarchical.NodeTestTask.cleanUp(NodeTestTask.java:155)
	at org.junit.platform.engine.support.hierarchical.NodeTestTask.execute(NodeTestTask.java:87)
	at java.base/java.util.ArrayList.forEach(ArrayList.java:1541)
	at org.junit.platform.engine.support.hierarchical.SameThreadHierarchicalTestExecutorService.invokeAll(SameThreadHierarchicalTestExecutorService.java:38)
	at org.junit.platform.engine.support.hierarchical.NodeTestTask.lambda$executeRecursively$5(NodeTestTask.java:143)
	at org.junit.platform.engine.support.hierarchical.ThrowableCollector.execute(ThrowableCollector.java:73)
	at org.junit.platform.engine.support.hierarchical.NodeTestTask.lambda$executeRecursively$7(NodeTestTask.java:129)
	at org.junit.platform.engine.support.hierarchical.Node.around(Node.java:137)
	at org.junit.platform.engine.support.hierarchical.NodeTestTask.lambda$executeRecursively$8(NodeTestTask.java:127)
	at org.junit.platform.engine.support.hierarchical.ThrowableCollector.execute(ThrowableCollector.java:73)
	at org.junit.platform.engine.support.hierarchical.NodeTestTask.executeRecursively(NodeTestTask.java:126)
	at org.junit.platform.engine.support.hierarchical.NodeTestTask.execute(NodeTestTask.java:84)
	at org.junit.platform.engine.support.hierarchical.SameThreadHierarchicalTestExecutorService.submit(SameThreadHierarchicalTestExecutorService.java:32)
	at org.junit.platform.engine.support.hierarchical.HierarchicalTestExecutor.execute(HierarchicalTestExecutor.java:57)
	at org.junit.platform.engine.support.hierarchical.HierarchicalTestEngine.execute(HierarchicalTestEngine.java:51)
	at org.junit.platform.launcher.core.EngineExecutionOrchestrator.execute(EngineExecutionOrchestrator.java:108)
	at org.junit.platform.launcher.core.EngineExecutionOrchestrator.execute(EngineExecutionOrchestrator.java:88)
	at org.junit.platform.launcher.core.EngineExecutionOrchestrator.lambda$execute$0(EngineExecutionOrchestrator.java:54)
	at org.junit.platform.launcher.core.EngineExecutionOrchestrator.withInterceptedStreams(EngineExecutionOrchestrator.java:67)
	at org.junit.platform.launcher.core.EngineExecutionOrchestrator.execute(EngineExecutionOrchestrator.java:52)
	at org.junit.platform.launcher.core.DefaultLauncher.execute(DefaultLauncher.java:96)
	at org.junit.platform.launcher.core.DefaultLauncher.execute(DefaultLauncher.java:75)
	at org.apache.maven.surefire.junitplatform.JUnitPlatformProvider.invokeAllTests(JUnitPlatformProvider.java:154)
	at org.apache.maven.surefire.junitplatform.JUnitPlatformProvider.invoke(JUnitPlatformProvider.java:127)
	at org.apache.maven.surefire.booter.ForkedBooter.runSuitesInProcess(ForkedBooter.java:377)
	at org.apache.maven.surefire.booter.ForkedBooter.execute(ForkedBooter.java:138)
	at org.apache.maven.surefire.booter.ForkedBooter.run(ForkedBooter.java:465)
	at org.apache.maven.surefire.booter.ForkedBooter.main(ForkedBooter.java:451)
Caused by: org.testcontainers.containers.ContainerFetchException: Can't get Docker image: RemoteDockerImage(imageName=postgres:12, imagePullPolicy=DefaultPullPolicy())
	at org.testcontainers.containers.GenericContainer.getDockerImageName(GenericContainer.java:1279)
	at org.testcontainers.containers.GenericContainer.logger(GenericContainer.java:613)
	at org.testcontainers.containers.GenericContainer.doStart(GenericContainer.java:320)
	... 52 more
Caused by: java.lang.IllegalStateException: Previous attempts to find a Docker environment failed. Will not retry. Please see logs and check configuration
	at org.testcontainers.dockerclient.DockerClientProviderStrategy.getFirstValidStrategy(DockerClientProviderStrategy.java:83)
	at org.testcontainers.DockerClientFactory.getOrInitializeStrategy(DockerClientFactory.java:126)
	at org.testcontainers.DockerClientFactory.client(DockerClientFactory.java:147)
	at org.testcontainers.LazyDockerClient.getDockerClient(LazyDockerClient.java:14)
	at org.testcontainers.LazyDockerClient.inspectImageCmd(LazyDockerClient.java:12)
	at org.testcontainers.images.LocalImagesCache.refreshCache(LocalImagesCache.java:42)
	at org.testcontainers.images.AbstractImagePullPolicy.shouldPull(AbstractImagePullPolicy.java:24)
	at org.testcontainers.images.RemoteDockerImage.resolve(RemoteDockerImage.java:59)
	at org.testcontainers.images.RemoteDockerImage.resolve(RemoteDockerImage.java:26)
	at org.testcontainers.utility.LazyFuture.getResolvedValue(LazyFuture.java:20)
	at org.testcontainers.utility.LazyFuture.get(LazyFuture.java:27)
	at org.testcontainers.containers.GenericContainer.getDockerImageName(GenericContainer.java:1277)
	... 54 more

[INFO] Tests run: 0, Failures: 0, Errors: 0, Skipped: 0, Time elapsed: 30.479 s - in com.gruelbox.transactionoutbox.acceptance.TestPostgres12
[INFO] Running com.gruelbox.transactionoutbox.acceptance.TestStubbing
04:59:31.087 [main] INFO  SESSION-KEY= c.g.t.TransactionOutbox - Processing com.gruelbox.transactionoutbox.acceptance.TestStubbing$Interface.doThing(1, null) [9d809382-191b-4079-9420-cca8313e95dc]
04:59:31.089 [main] INFO  SESSION-KEY= c.g.t.TransactionOutbox - Processed com.gruelbox.transactionoutbox.acceptance.TestStubbing$Interface.doThing(1, null) [9d809382-191b-4079-9420-cca8313e95dc]
04:59:31.130 [main] INFO  SESSION-KEY= c.g.t.TransactionOutbox - Processing com.gruelbox.transactionoutbox.acceptance.TestStubbing$Interface.doThing(1, null) [b5faab9d-8edb-4968-9d73-9609243cfffd]
04:59:31.131 [main] INFO  SESSION-KEY= c.g.t.TransactionOutbox - Processed com.gruelbox.transactionoutbox.acceptance.TestStubbing$Interface.doThing(1, null) [b5faab9d-8edb-4968-9d73-9609243cfffd]
04:59:31.152 [main] INFO  SESSION-KEY= c.g.t.TransactionOutbox - Processing com.gruelbox.transactionoutbox.acceptance.TestStubbing$Interface.doThing(1, "2", [1, 10]) [6b3772c4-759f-49c1-9be6-1692bdcf398f]
04:59:31.152 [main] INFO  SESSION-KEY= c.g.t.TransactionOutbox - Processed com.gruelbox.transactionoutbox.acceptance.TestStubbing$Interface.doThing(1, "2", [1, 10]) [6b3772c4-759f-49c1-9be6-1692bdcf398f]
04:59:31.152 [main] INFO  SESSION-KEY= c.g.t.TransactionOutbox - Processing com.gruelbox.transactionoutbox.acceptance.TestStubbing$Interface.doThing(2, "3", []) [458b13c2-3bc3-4395-bc4c-cec4bccb8f06]
04:59:31.152 [main] INFO  SESSION-KEY= c.g.t.TransactionOutbox - Processed com.gruelbox.transactionoutbox.acceptance.TestStubbing$Interface.doThing(2, "3", []) [458b13c2-3bc3-4395-bc4c-cec4bccb8f06]
04:59:31.152 [main] INFO  SESSION-KEY= c.g.t.TransactionOutbox - Processing com.gruelbox.transactionoutbox.acceptance.TestStubbing$Interface.doThing(3, null, null) [8c4cb8ee-01d2-4422-89aa-9330bed6c55d]
04:59:31.153 [main] INFO  SESSION-KEY= c.g.t.TransactionOutbox - Processed com.gruelbox.transactionoutbox.acceptance.TestStubbing$Interface.doThing(3, null, null) [8c4cb8ee-01d2-4422-89aa-9330bed6c55d]
04:59:31.153 [main] INFO  SESSION-KEY= c.g.t.TransactionOutbox - Processing com.gruelbox.transactionoutbox.acceptance.TestStubbing$Interface.doThing(4, null, null) [03d5275f-8829-4518-bb7a-3dd9020b9f0d]
04:59:31.153 [main] INFO  SESSION-KEY= c.g.t.TransactionOutbox - Processed com.gruelbox.transactionoutbox.acceptance.TestStubbing$Interface.doThing(4, null, null) [03d5275f-8829-4518-bb7a-3dd9020b9f0d]
[INFO] Tests run: 4, Failures: 0, Errors: 0, Skipped: 0, Time elapsed: 0.095 s - in com.gruelbox.transactionoutbox.acceptance.TestStubbing
[INFO] Running com.gruelbox.transactionoutbox.acceptance.TestH2
04:59:31.180 [main] INFO  SESSION-KEY= c.g.t.TransactionOutbox - Processing com.gruelbox.transactionoutbox.acceptance.ClassProcessor.process("1") [ad7c0713-3217-4fb4-9299-ab6e8445ba08] uid=[context-clientkey1]
04:59:31.180 [main] INFO  SESSION-KEY= c.g.t.a.ClassProcessor - Processing work: 1
04:59:31.181 [main] INFO  SESSION-KEY= c.g.t.TransactionOutbox - Processed com.gruelbox.transactionoutbox.acceptance.ClassProcessor.process("1") [ad7c0713-3217-4fb4-9299-ab6e8445ba08] uid=[context-clientkey1]
04:59:31.184 [main] INFO  SESSION-KEY= c.g.t.TransactionOutbox - Processing com.gruelbox.transactionoutbox.acceptance.ClassProcessor.process("2") [1833c9c4-b280-4038-960c-ba6514aafa07] uid=[context-clientkey2]
04:59:31.184 [main] INFO  SESSION-KEY= c.g.t.a.ClassProcessor - Processing work: 2
04:59:31.185 [main] INFO  SESSION-KEY= c.g.t.TransactionOutbox - Processed com.gruelbox.transactionoutbox.acceptance.ClassProcessor.process("2") [1833c9c4-b280-4038-960c-ba6514aafa07] uid=[context-clientkey2]
04:59:31.197 [main] INFO  SESSION-KEY= c.g.t.TransactionOutbox - Processing com.gruelbox.transactionoutbox.acceptance.ClassProcessor.process("4") [e7702851-b679-4eb2-92f6-3eca1c36693a] uid=[context-clientkey4]
04:59:31.197 [main] INFO  SESSION-KEY= c.g.t.a.ClassProcessor - Processing work: 4
04:59:31.198 [main] INFO  SESSION-KEY= c.g.t.TransactionOutbox - Processed com.gruelbox.transactionoutbox.acceptance.ClassProcessor.process("4") [e7702851-b679-4eb2-92f6-3eca1c36693a] uid=[context-clientkey4]
04:59:31.202 [main] INFO  SESSION-KEY= c.g.t.TransactionOutbox - Expired idempotency protection on 2 requests completed more than 48d:00h:00m ago
04:59:31.206 [main] INFO  SESSION-KEY= c.g.t.TransactionOutbox - Processing com.gruelbox.transactionoutbox.acceptance.ClassProcessor.process("6") [f6a5984d-e5dc-4a5a-a70a-e3d189f3d236] uid=[context-clientkey1]
04:59:31.207 [main] INFO  SESSION-KEY= c.g.t.a.ClassProcessor - Processing work: 6
04:59:31.207 [main] INFO  SESSION-KEY= c.g.t.TransactionOutbox - Processed com.gruelbox.transactionoutbox.acceptance.ClassProcessor.process("6") [f6a5984d-e5dc-4a5a-a70a-e3d189f3d236] uid=[context-clientkey1]
04:59:33.228 [main] INFO  SESSION-KEY= c.g.t.a.AbstractAcceptanceTest - Got scheduled event
04:59:33.231 [pool-3-thread-1] INFO  SESSION-KEY= c.g.t.TransactionOutbox - Processing com.gruelbox.transactionoutbox.acceptance.InterfaceProcessor.process(3, "Whee") [bf8b43fb-efd3-4c0d-a099-9defa8fb8642]
04:59:33.233 [pool-3-thread-1] INFO  SESSION-KEY= c.g.t.a.AbstractAcceptanceTest - Processing (3, Whee)
04:59:33.235 [pool-3-thread-1] INFO  SESSION-KEY= c.g.t.TransactionOutbox - Processed com.gruelbox.transactionoutbox.acceptance.InterfaceProcessor.process(3, "Whee") [bf8b43fb-efd3-4c0d-a099-9defa8fb8642]
04:59:33.301 [pool-5-thread-1] INFO  SESSION-KEY= c.g.t.TransactionOutbox - Processing com.gruelbox.transactionoutbox.acceptance.ClassProcessor.process("53720cd6-95d0-4384-b958-2739b9f6f024") [b90358e8-b579-444e-b857-92415c439b94]
04:59:33.301 [pool-5-thread-1] INFO  SESSION-KEY= c.g.t.a.ClassProcessor - Processing work: 53720cd6-95d0-4384-b958-2739b9f6f024
04:59:33.302 [pool-5-thread-1] INFO  SESSION-KEY= c.g.t.TransactionOutbox - Processed com.gruelbox.transactionoutbox.acceptance.ClassProcessor.process("53720cd6-95d0-4384-b958-2739b9f6f024") [b90358e8-b579-444e-b857-92415c439b94]
04:59:33.349 [pool-6-thread-2] INFO  SESSION-KEY= c.g.t.TransactionOutbox - Processing com.gruelbox.transactionoutbox.acceptance.InterfaceProcessor.process(80, "Whee") [4f20b291-9feb-4025-98b2-5452955fd673]
04:59:33.349 [pool-6-thread-1] INFO  SESSION-KEY= c.g.t.TransactionOutbox - Processing com.gruelbox.transactionoutbox.acceptance.InterfaceProcessor.process(40, "Whee") [f88fb494-3b4a-4bc0-b607-97a128236eb5]
04:59:33.350 [pool-6-thread-2] INFO  SESSION-KEY= c.g.t.a.AbstractAcceptanceTest - Processing (80, Whee)
04:59:33.350 [pool-6-thread-1] INFO  SESSION-KEY= c.g.t.a.AbstractAcceptanceTest - Processing (40, Whee)
04:59:33.351 [pool-6-thread-1] INFO  SESSION-KEY= c.g.t.a.AbstractAcceptanceTest - Processed (40, Whee)
04:59:33.351 [pool-6-thread-2] INFO  SESSION-KEY= c.g.t.a.AbstractAcceptanceTest - Processed (80, Whee)
04:59:33.352 [pool-6-thread-1] INFO  SESSION-KEY= c.g.t.TransactionOutbox - Processed com.gruelbox.transactionoutbox.acceptance.InterfaceProcessor.process(40, "Whee") [f88fb494-3b4a-4bc0-b607-97a128236eb5]
04:59:33.352 [pool-6-thread-2] INFO  SESSION-KEY= c.g.t.TransactionOutbox - Processed com.gruelbox.transactionoutbox.acceptance.InterfaceProcessor.process(80, "Whee") [4f20b291-9feb-4025-98b2-5452955fd673]
04:59:33.353 [pool-6-thread-1] INFO  SESSION-KEY= c.g.t.TransactionOutbox - Processing com.gruelbox.transactionoutbox.acceptance.InterfaceProcessor.process(90, "Whee") [ae51aca1-55dc-4cdc-84b3-c20c53ce8a17]
04:59:33.353 [pool-6-thread-1] INFO  SESSION-KEY= c.g.t.a.AbstractAcceptanceTest - Processing (90, Whee)
04:59:33.353 [pool-6-thread-1] INFO  SESSION-KEY= c.g.t.a.AbstractAcceptanceTest - Processed (90, Whee)
04:59:33.354 [pool-6-thread-1] INFO  SESSION-KEY= c.g.t.TransactionOutbox - Processed com.gruelbox.transactionoutbox.acceptance.InterfaceProcessor.process(90, "Whee") [ae51aca1-55dc-4cdc-84b3-c20c53ce8a17]
04:59:33.354 [pool-6-thread-2] INFO  SESSION-KEY= c.g.t.TransactionOutbox - Processing com.gruelbox.transactionoutbox.acceptance.InterfaceProcessor.process(91, "Whee") [287238fb-3c87-43f8-92db-6da6b12297f3]
04:59:33.354 [pool-6-thread-2] INFO  SESSION-KEY= c.g.t.a.AbstractAcceptanceTest - Processing (91, Whee)
04:59:33.355 [pool-6-thread-2] INFO  SESSION-KEY= c.g.t.a.AbstractAcceptanceTest - Processed (91, Whee)
04:59:33.355 [pool-6-thread-1] INFO  SESSION-KEY= c.g.t.TransactionOutbox - Processing com.gruelbox.transactionoutbox.acceptance.InterfaceProcessor.process(92, "Whee") [7b84db0b-4a99-462d-a6d1-8c7bf54fb80e]
04:59:33.355 [pool-6-thread-1] INFO  SESSION-KEY= c.g.t.a.AbstractAcceptanceTest - Processing (92, Whee)
04:59:33.356 [pool-6-thread-1] INFO  SESSION-KEY= c.g.t.a.AbstractAcceptanceTest - Processed (92, Whee)
04:59:33.356 [pool-6-thread-2] INFO  SESSION-KEY= c.g.t.TransactionOutbox - Processed com.gruelbox.transactionoutbox.acceptance.InterfaceProcessor.process(91, "Whee") [287238fb-3c87-43f8-92db-6da6b12297f3]
04:59:33.357 [pool-6-thread-2] INFO  SESSION-KEY= c.g.t.TransactionOutbox - Processing com.gruelbox.transactionoutbox.acceptance.InterfaceProcessor.process(93, "Whee") [c2d8ae5b-1063-4f0e-8f3b-7da8937933a7]
04:59:33.357 [pool-6-thread-1] INFO  SESSION-KEY= c.g.t.TransactionOutbox - Processed com.gruelbox.transactionoutbox.acceptance.InterfaceProcessor.process(92, "Whee") [7b84db0b-4a99-462d-a6d1-8c7bf54fb80e]
04:59:33.357 [pool-6-thread-2] INFO  SESSION-KEY= c.g.t.a.AbstractAcceptanceTest - Processing (93, Whee)
04:59:33.357 [pool-6-thread-2] INFO  SESSION-KEY= c.g.t.a.AbstractAcceptanceTest - Processed (93, Whee)
04:59:33.358 [pool-6-thread-2] INFO  SESSION-KEY= c.g.t.TransactionOutbox - Processed com.gruelbox.transactionoutbox.acceptance.InterfaceProcessor.process(93, "Whee") [c2d8ae5b-1063-4f0e-8f3b-7da8937933a7]
04:59:33.358 [pool-6-thread-1] INFO  SESSION-KEY= c.g.t.TransactionOutbox - Processing com.gruelbox.transactionoutbox.acceptance.InterfaceProcessor.process(94, "Whee") [9772d1ad-90e8-4712-866f-7d8b93d124ae]
04:59:33.359 [pool-6-thread-1] INFO  SESSION-KEY= c.g.t.a.AbstractAcceptanceTest - Processing (94, Whee)
04:59:33.359 [pool-6-thread-1] INFO  SESSION-KEY= c.g.t.a.AbstractAcceptanceTest - Processed (94, Whee)
04:59:33.359 [pool-6-thread-2] INFO  SESSION-KEY= c.g.t.TransactionOutbox - Processing com.gruelbox.transactionoutbox.acceptance.InterfaceProcessor.process(95, "Whee") [49b3dfdd-81d6-45f7-b302-0b915471c609]
04:59:33.359 [pool-6-thread-2] INFO  SESSION-KEY= c.g.t.a.AbstractAcceptanceTest - Processing (95, Whee)
04:59:33.359 [pool-6-thread-2] INFO  SESSION-KEY= c.g.t.a.AbstractAcceptanceTest - Processed (95, Whee)
04:59:33.359 [pool-6-thread-1] INFO  SESSION-KEY= c.g.t.TransactionOutbox - Processed com.gruelbox.transactionoutbox.acceptance.InterfaceProcessor.process(94, "Whee") [9772d1ad-90e8-4712-866f-7d8b93d124ae]
04:59:33.360 [pool-6-thread-2] INFO  SESSION-KEY= c.g.t.TransactionOutbox - Processed com.gruelbox.transactionoutbox.acceptance.InterfaceProcessor.process(95, "Whee") [49b3dfdd-81d6-45f7-b302-0b915471c609]
04:59:33.361 [pool-6-thread-2] INFO  SESSION-KEY= c.g.t.TransactionOutbox - Processing com.gruelbox.transactionoutbox.acceptance.InterfaceProcessor.process(97, "Whee") [a24eb5d4-f27e-4417-a648-d1c21af5fa59]
04:59:33.361 [pool-6-thread-1] INFO  SESSION-KEY= c.g.t.TransactionOutbox - Processing com.gruelbox.transactionoutbox.acceptance.InterfaceProcessor.process(96, "Whee") [f505b1ea-0a05-477b-870e-cf23a8ae4285]
04:59:33.361 [pool-6-thread-2] INFO  SESSION-KEY= c.g.t.a.AbstractAcceptanceTest - Processing (97, Whee)
04:59:33.361 [pool-6-thread-2] INFO  SESSION-KEY= c.g.t.a.AbstractAcceptanceTest - Processed (97, Whee)
04:59:33.361 [pool-6-thread-1] INFO  SESSION-KEY= c.g.t.a.AbstractAcceptanceTest - Processing (96, Whee)
04:59:33.361 [pool-6-thread-1] INFO  SESSION-KEY= c.g.t.a.AbstractAcceptanceTest - Processed (96, Whee)
04:59:33.362 [pool-6-thread-2] INFO  SESSION-KEY= c.g.t.TransactionOutbox - Processed com.gruelbox.transactionoutbox.acceptance.InterfaceProcessor.process(97, "Whee") [a24eb5d4-f27e-4417-a648-d1c21af5fa59]
04:59:33.362 [pool-6-thread-1] INFO  SESSION-KEY= c.g.t.TransactionOutbox - Processed com.gruelbox.transactionoutbox.acceptance.InterfaceProcessor.process(96, "Whee") [f505b1ea-0a05-477b-870e-cf23a8ae4285]
04:59:33.363 [pool-6-thread-2] INFO  SESSION-KEY= c.g.t.TransactionOutbox - Processing com.gruelbox.transactionoutbox.acceptance.InterfaceProcessor.process(98, "Whee") [3a8bb5b9-a5dd-4a61-945e-d64067d75481]
04:59:33.363 [pool-6-thread-2] INFO  SESSION-KEY= c.g.t.a.AbstractAcceptanceTest - Processing (98, Whee)
04:59:33.363 [pool-6-thread-1] INFO  SESSION-KEY= c.g.t.TransactionOutbox - Processing com.gruelbox.transactionoutbox.acceptance.InterfaceProcessor.process(99, "Whee") [b256a1be-d671-4122-a181-f82aeb17e048]
04:59:33.363 [pool-6-thread-2] WARN  SESSION-KEY= c.g.t.SimpleTransactionManager - Exception in transactional block (InvocationTargetException). Rolling back. See later messages for detail
04:59:33.363 [pool-6-thread-1] INFO  SESSION-KEY= c.g.t.a.AbstractAcceptanceTest - Processing (99, Whee)
04:59:33.364 [pool-6-thread-1] INFO  SESSION-KEY= c.g.t.a.AbstractAcceptanceTest - Processed (99, Whee)
04:59:33.365 [pool-6-thread-1] INFO  SESSION-KEY= c.g.t.TransactionOutbox - Processed com.gruelbox.transactionoutbox.acceptance.InterfaceProcessor.process(99, "Whee") [b256a1be-d671-4122-a181-f82aeb17e048]
04:59:33.366 [pool-6-thread-1] INFO  SESSION-KEY= c.g.t.TransactionOutbox - Processing com.gruelbox.transactionoutbox.acceptance.InterfaceProcessor.process(10, "Whee") [eb0293fa-4f92-42bd-8dae-05840ad46a6c]
04:59:33.366 [pool-6-thread-2] WARN  SESSION-KEY= c.g.t.TransactionOutbox - Temporarily failed to process entry 3a8bb5b9-a5dd-4a61-945e-d64067d75481 : com.gruelbox.transactionoutbox.acceptance.InterfaceProcessor.process(98, "Whee") [3a8bb5b9-a5dd-4a61-945e-d64067d75481]
java.lang.RuntimeException: Temporary failure of InterfaceProcessor
	at com.gruelbox.transactionoutbox.acceptance.AbstractAcceptanceTest$RandomFailingInstantiator.lambda$getInstance$0(AbstractAcceptanceTest.java:563)
	at java.base/jdk.internal.reflect.NativeMethodAccessorImpl.invoke0(Native Method)
	at java.base/jdk.internal.reflect.NativeMethodAccessorImpl.invoke(NativeMethodAccessorImpl.java:62)
	at java.base/jdk.internal.reflect.DelegatingMethodAccessorImpl.invoke(DelegatingMethodAccessorImpl.java:43)
	at java.base/java.lang.reflect.Method.invoke(Method.java:566)
	at com.gruelbox.transactionoutbox.Invocation.invoke(Invocation.java:107)
	at com.gruelbox.transactionoutbox.TransactionOutbox.invoke(TransactionOutbox.java:335)
	at com.gruelbox.transactionoutbox.TransactionOutbox.lambda$processNow$13(TransactionOutbox.java:306)
	at com.gruelbox.transactionoutbox.SimpleTransactionManager.processAndCommitOrRollback(SimpleTransactionManager.java:34)
	at com.gruelbox.transactionoutbox.SimpleTransactionManager.lambda$inTransactionReturnsThrows$0(SimpleTransactionManager.java:24)
	at com.gruelbox.transactionoutbox.SimpleTransactionManager.withTransaction(SimpleTransactionManager.java:64)
	at com.gruelbox.transactionoutbox.SimpleTransactionManager.inTransactionReturnsThrows(SimpleTransactionManager.java:22)
	at com.gruelbox.transactionoutbox.TransactionOutbox.processNow(TransactionOutbox.java:300)
	at com.gruelbox.transactionoutbox.ExecutorSubmitter.lambda$submit$0(ExecutorSubmitter.java:60)
	at java.base/java.util.concurrent.ThreadPoolExecutor.runWorker(ThreadPoolExecutor.java:1128)
	at java.base/java.util.concurrent.ThreadPoolExecutor$Worker.run(ThreadPoolExecutor.java:628)
	at java.base/java.lang.Thread.run(Thread.java:829)
04:59:33.366 [pool-6-thread-1] INFO  SESSION-KEY= c.g.t.a.AbstractAcceptanceTest - Processing (10, Whee)
04:59:33.366 [pool-6-thread-1] INFO  SESSION-KEY= c.g.t.a.AbstractAcceptanceTest - Processed (10, Whee)
04:59:33.367 [pool-6-thread-1] INFO  SESSION-KEY= c.g.t.TransactionOutbox - Processed com.gruelbox.transactionoutbox.acceptance.InterfaceProcessor.process(10, "Whee") [eb0293fa-4f92-42bd-8dae-05840ad46a6c]
04:59:33.367 [pool-6-thread-2] INFO  SESSION-KEY= c.g.t.TransactionOutbox - Processing com.gruelbox.transactionoutbox.acceptance.InterfaceProcessor.process(11, "Whee") [fc019203-2fb2-465e-84fc-fce79d5b949a]
04:59:33.367 [pool-6-thread-2] INFO  SESSION-KEY= c.g.t.a.AbstractAcceptanceTest - Processing (11, Whee)
04:59:33.368 [pool-6-thread-2] INFO  SESSION-KEY= c.g.t.a.AbstractAcceptanceTest - Processed (11, Whee)
04:59:33.368 [pool-6-thread-1] INFO  SESSION-KEY= c.g.t.TransactionOutbox - Processing com.gruelbox.transactionoutbox.acceptance.InterfaceProcessor.process(12, "Whee") [f50a44dd-b321-46cb-abf2-c81509955676]
04:59:33.368 [pool-6-thread-1] INFO  SESSION-KEY= c.g.t.a.AbstractAcceptanceTest - Processing (12, Whee)
04:59:33.368 [pool-6-thread-1] INFO  SESSION-KEY= c.g.t.a.AbstractAcceptanceTest - Processed (12, Whee)
04:59:33.368 [pool-6-thread-2] INFO  SESSION-KEY= c.g.t.TransactionOutbox - Processed com.gruelbox.transactionoutbox.acceptance.InterfaceProcessor.process(11, "Whee") [fc019203-2fb2-465e-84fc-fce79d5b949a]
04:59:33.369 [pool-6-thread-1] INFO  SESSION-KEY= c.g.t.TransactionOutbox - Processed com.gruelbox.transactionoutbox.acceptance.InterfaceProcessor.process(12, "Whee") [f50a44dd-b321-46cb-abf2-c81509955676]
04:59:33.369 [pool-6-thread-2] INFO  SESSION-KEY= c.g.t.TransactionOutbox - Processing com.gruelbox.transactionoutbox.acceptance.InterfaceProcessor.process(13, "Whee") [62b78377-e265-4ca9-a025-f1dfa695d2c0]
04:59:33.370 [pool-6-thread-2] INFO  SESSION-KEY= c.g.t.a.AbstractAcceptanceTest - Processing (13, Whee)
04:59:33.370 [pool-6-thread-1] INFO  SESSION-KEY= c.g.t.TransactionOutbox - Processing com.gruelbox.transactionoutbox.acceptance.InterfaceProcessor.process(14, "Whee") [0b638252-2f4a-4427-9a3f-6e96025a8a0b]
04:59:33.370 [pool-6-thread-2] INFO  SESSION-KEY= c.g.t.a.AbstractAcceptanceTest - Processed (13, Whee)
04:59:33.370 [pool-6-thread-1] INFO  SESSION-KEY= c.g.t.a.AbstractAcceptanceTest - Processing (14, Whee)
04:59:33.370 [pool-6-thread-1] INFO  SESSION-KEY= c.g.t.a.AbstractAcceptanceTest - Processed (14, Whee)
04:59:33.370 [pool-6-thread-2] INFO  SESSION-KEY= c.g.t.TransactionOutbox - Processed com.gruelbox.transactionoutbox.acceptance.InterfaceProcessor.process(13, "Whee") [62b78377-e265-4ca9-a025-f1dfa695d2c0]
04:59:33.370 [pool-6-thread-1] INFO  SESSION-KEY= c.g.t.TransactionOutbox - Processed com.gruelbox.transactionoutbox.acceptance.InterfaceProcessor.process(14, "Whee") [0b638252-2f4a-4427-9a3f-6e96025a8a0b]
04:59:33.371 [pool-6-thread-2] INFO  SESSION-KEY= c.g.t.TransactionOutbox - Processing com.gruelbox.transactionoutbox.acceptance.InterfaceProcessor.process(15, "Whee") [bfe224c0-af2a-41ec-9059-28b9c6d202c1]
04:59:33.371 [pool-6-thread-2] INFO  SESSION-KEY= c.g.t.a.AbstractAcceptanceTest - Processing (15, Whee)
04:59:33.371 [pool-6-thread-2] INFO  SESSION-KEY= c.g.t.a.AbstractAcceptanceTest - Processed (15, Whee)
04:59:33.371 [pool-6-thread-1] INFO  SESSION-KEY= c.g.t.TransactionOutbox - Processing com.gruelbox.transactionoutbox.acceptance.InterfaceProcessor.process(20, "Whee") [c1f219d3-ba5a-4cbd-b109-605a8687250a]
04:59:33.371 [pool-6-thread-1] INFO  SESSION-KEY= c.g.t.a.AbstractAcceptanceTest - Processing (20, Whee)
04:59:33.372 [pool-6-thread-1] INFO  SESSION-KEY= c.g.t.a.AbstractAcceptanceTest - Processed (20, Whee)
04:59:33.372 [pool-6-thread-2] INFO  SESSION-KEY= c.g.t.TransactionOutbox - Processed com.gruelbox.transactionoutbox.acceptance.InterfaceProcessor.process(15, "Whee") [bfe224c0-af2a-41ec-9059-28b9c6d202c1]
04:59:33.372 [pool-6-thread-1] INFO  SESSION-KEY= c.g.t.TransactionOutbox - Processed com.gruelbox.transactionoutbox.acceptance.InterfaceProcessor.process(20, "Whee") [c1f219d3-ba5a-4cbd-b109-605a8687250a]
04:59:33.373 [pool-6-thread-2] INFO  SESSION-KEY= c.g.t.TransactionOutbox - Processing com.gruelbox.transactionoutbox.acceptance.InterfaceProcessor.process(21, "Whee") [2b72cc10-f72b-4ef7-8a2d-01eec6ff00a7]
04:59:33.373 [pool-6-thread-2] INFO  SESSION-KEY= c.g.t.a.AbstractAcceptanceTest - Processing (21, Whee)
04:59:33.373 [pool-6-thread-2] INFO  SESSION-KEY= c.g.t.a.AbstractAcceptanceTest - Processed (21, Whee)
04:59:33.373 [pool-6-thread-1] INFO  SESSION-KEY= c.g.t.TransactionOutbox - Processing com.gruelbox.transactionoutbox.acceptance.InterfaceProcessor.process(75, "Whee") [592f1de9-71db-415d-a00b-39fb35384fd8]
04:59:33.374 [pool-6-thread-1] INFO  SESSION-KEY= c.g.t.a.AbstractAcceptanceTest - Processing (75, Whee)
04:59:33.374 [pool-6-thread-2] INFO  SESSION-KEY= c.g.t.TransactionOutbox - Processed com.gruelbox.transactionoutbox.acceptance.InterfaceProcessor.process(21, "Whee") [2b72cc10-f72b-4ef7-8a2d-01eec6ff00a7]
04:59:33.374 [pool-6-thread-1] INFO  SESSION-KEY= c.g.t.a.AbstractAcceptanceTest - Processed (75, Whee)
04:59:33.374 [pool-6-thread-1] INFO  SESSION-KEY= c.g.t.TransactionOutbox - Processed com.gruelbox.transactionoutbox.acceptance.InterfaceProcessor.process(75, "Whee") [592f1de9-71db-415d-a00b-39fb35384fd8]
04:59:33.375 [pool-6-thread-2] INFO  SESSION-KEY= c.g.t.TransactionOutbox - Processing com.gruelbox.transactionoutbox.acceptance.InterfaceProcessor.process(60, "Whee") [124c6f51-81c2-468e-b6d5-fe4bf4f1e028]
04:59:33.375 [pool-6-thread-2] INFO  SESSION-KEY= c.g.t.a.AbstractAcceptanceTest - Processing (60, Whee)
04:59:33.375 [pool-6-thread-2] INFO  SESSION-KEY= c.g.t.a.AbstractAcceptanceTest - Processed (60, Whee)
04:59:33.375 [pool-6-thread-2] INFO  SESSION-KEY= c.g.t.TransactionOutbox - Processed com.gruelbox.transactionoutbox.acceptance.InterfaceProcessor.process(60, "Whee") [124c6f51-81c2-468e-b6d5-fe4bf4f1e028]
04:59:33.838 [pool-6-thread-2] INFO  SESSION-KEY= c.g.t.TransactionOutbox - Processing com.gruelbox.transactionoutbox.acceptance.InterfaceProcessor.process(50, "Whee") [b40cda15-b950-422d-ae77-bd1b4d41c144]
04:59:33.839 [pool-6-thread-2] INFO  SESSION-KEY= c.g.t.a.AbstractAcceptanceTest - Processing (50, Whee)
04:59:33.839 [pool-6-thread-1] INFO  SESSION-KEY= c.g.t.TransactionOutbox - Processing com.gruelbox.transactionoutbox.acceptance.InterfaceProcessor.process(70, "Whee") [6500a742-01c4-42eb-8ec8-08ce8373bfe9]
04:59:33.839 [pool-6-thread-2] INFO  SESSION-KEY= c.g.t.a.AbstractAcceptanceTest - Processed (50, Whee)
04:59:33.839 [pool-6-thread-1] INFO  SESSION-KEY= c.g.t.a.AbstractAcceptanceTest - Processing (70, Whee)
04:59:33.839 [pool-6-thread-1] INFO  SESSION-KEY= c.g.t.a.AbstractAcceptanceTest - Processed (70, Whee)
04:59:33.840 [pool-6-thread-2] INFO  SESSION-KEY= c.g.t.TransactionOutbox - Processed com.gruelbox.transactionoutbox.acceptance.InterfaceProcessor.process(50, "Whee") [b40cda15-b950-422d-ae77-bd1b4d41c144]
04:59:33.840 [pool-6-thread-1] INFO  SESSION-KEY= c.g.t.TransactionOutbox - Processed com.gruelbox.transactionoutbox.acceptance.InterfaceProcessor.process(70, "Whee") [6500a742-01c4-42eb-8ec8-08ce8373bfe9]
04:59:33.842 [pool-6-thread-2] INFO  SESSION-KEY= c.g.t.TransactionOutbox - Processing com.gruelbox.transactionoutbox.acceptance.InterfaceProcessor.process(0, "Whee") [4b883f32-4cc6-4352-9f49-4df58b499df0]
04:59:33.842 [pool-6-thread-2] INFO  SESSION-KEY= c.g.t.a.AbstractAcceptanceTest - Processing (0, Whee)
04:59:33.842 [pool-6-thread-2] INFO  SESSION-KEY= c.g.t.a.AbstractAcceptanceTest - Processed (0, Whee)
04:59:33.843 [pool-6-thread-2] INFO  SESSION-KEY= c.g.t.TransactionOutbox - Processed com.gruelbox.transactionoutbox.acceptance.InterfaceProcessor.process(0, "Whee") [4b883f32-4cc6-4352-9f49-4df58b499df0]
04:59:33.872 [pool-6-thread-2] INFO  SESSION-KEY= c.g.t.TransactionOutbox - Processing com.gruelbox.transactionoutbox.acceptance.InterfaceProcessor.process(41, "Whee") [4917ebd8-598c-4169-bc41-d608a3364052]
04:59:33.872 [pool-6-thread-2] INFO  SESSION-KEY= c.g.t.a.AbstractAcceptanceTest - Processing (41, Whee)
04:59:33.872 [pool-6-thread-2] WARN  SESSION-KEY= c.g.t.SimpleTransactionManager - Exception in transactional block (InvocationTargetException). Rolling back. See later messages for detail
04:59:33.873 [pool-6-thread-1] INFO  SESSION-KEY= c.g.t.TransactionOutbox - Processing com.gruelbox.transactionoutbox.acceptance.InterfaceProcessor.process(30, "Whee") [9d8ce043-70b3-442d-8a15-431635be9251]
04:59:33.873 [pool-6-thread-1] INFO  SESSION-KEY= c.g.t.a.AbstractAcceptanceTest - Processing (30, Whee)
04:59:33.873 [pool-6-thread-1] INFO  SESSION-KEY= c.g.t.a.AbstractAcceptanceTest - Processed (30, Whee)
04:59:33.875 [pool-6-thread-1] INFO  SESSION-KEY= c.g.t.TransactionOutbox - Processed com.gruelbox.transactionoutbox.acceptance.InterfaceProcessor.process(30, "Whee") [9d8ce043-70b3-442d-8a15-431635be9251]
04:59:33.875 [pool-6-thread-2] WARN  SESSION-KEY= c.g.t.TransactionOutbox - Temporarily failed to process entry 4917ebd8-598c-4169-bc41-d608a3364052 : com.gruelbox.transactionoutbox.acceptance.InterfaceProcessor.process(41, "Whee") [4917ebd8-598c-4169-bc41-d608a3364052]
java.lang.RuntimeException: Temporary failure of InterfaceProcessor
	at com.gruelbox.transactionoutbox.acceptance.AbstractAcceptanceTest$RandomFailingInstantiator.lambda$getInstance$0(AbstractAcceptanceTest.java:563)
	at java.base/jdk.internal.reflect.NativeMethodAccessorImpl.invoke0(Native Method)
	at java.base/jdk.internal.reflect.NativeMethodAccessorImpl.invoke(NativeMethodAccessorImpl.java:62)
	at java.base/jdk.internal.reflect.DelegatingMethodAccessorImpl.invoke(DelegatingMethodAccessorImpl.java:43)
	at java.base/java.lang.reflect.Method.invoke(Method.java:566)
	at com.gruelbox.transactionoutbox.Invocation.invoke(Invocation.java:107)
	at com.gruelbox.transactionoutbox.TransactionOutbox.invoke(TransactionOutbox.java:335)
	at com.gruelbox.transactionoutbox.TransactionOutbox.lambda$processNow$13(TransactionOutbox.java:306)
	at com.gruelbox.transactionoutbox.SimpleTransactionManager.processAndCommitOrRollback(SimpleTransactionManager.java:34)
	at com.gruelbox.transactionoutbox.SimpleTransactionManager.lambda$inTransactionReturnsThrows$0(SimpleTransactionManager.java:24)
	at com.gruelbox.transactionoutbox.SimpleTransactionManager.withTransaction(SimpleTransactionManager.java:64)
	at com.gruelbox.transactionoutbox.SimpleTransactionManager.inTransactionReturnsThrows(SimpleTransactionManager.java:22)
	at com.gruelbox.transactionoutbox.TransactionOutbox.processNow(TransactionOutbox.java:300)
	at com.gruelbox.transactionoutbox.ExecutorSubmitter.lambda$submit$0(ExecutorSubmitter.java:60)
	at java.base/java.util.concurrent.ThreadPoolExecutor.runWorker(ThreadPoolExecutor.java:1128)
	at java.base/java.util.concurrent.ThreadPoolExecutor$Worker.run(ThreadPoolExecutor.java:628)
	at java.base/java.lang.Thread.run(Thread.java:829)
04:59:33.877 [pool-6-thread-2] INFO  SESSION-KEY= c.g.t.TransactionOutbox - Processing com.gruelbox.transactionoutbox.acceptance.InterfaceProcessor.process(42, "Whee") [db347f2d-c5ec-420e-950e-09076d0a8385]
04:59:33.877 [pool-6-thread-2] INFO  SESSION-KEY= c.g.t.a.AbstractAcceptanceTest - Processing (42, Whee)
04:59:33.877 [pool-6-thread-1] INFO  SESSION-KEY= c.g.t.TransactionOutbox - Processing com.gruelbox.transactionoutbox.acceptance.InterfaceProcessor.process(81, "Whee") [b07f0fd0-74f6-405b-b45e-ab299ffdf1ba]
04:59:33.877 [pool-6-thread-2] INFO  SESSION-KEY= c.g.t.a.AbstractAcceptanceTest - Processed (42, Whee)
04:59:33.877 [pool-6-thread-1] INFO  SESSION-KEY= c.g.t.a.AbstractAcceptanceTest - Processing (81, Whee)
04:59:33.877 [pool-6-thread-1] INFO  SESSION-KEY= c.g.t.a.AbstractAcceptanceTest - Processed (81, Whee)
04:59:33.878 [pool-6-thread-2] INFO  SESSION-KEY= c.g.t.TransactionOutbox - Processed com.gruelbox.transactionoutbox.acceptance.InterfaceProcessor.process(42, "Whee") [db347f2d-c5ec-420e-950e-09076d0a8385]
04:59:33.879 [pool-6-thread-1] INFO  SESSION-KEY= c.g.t.TransactionOutbox - Processed com.gruelbox.transactionoutbox.acceptance.InterfaceProcessor.process(81, "Whee") [b07f0fd0-74f6-405b-b45e-ab299ffdf1ba]
04:59:33.880 [pool-6-thread-2] INFO  SESSION-KEY= c.g.t.TransactionOutbox - Processing com.gruelbox.transactionoutbox.acceptance.InterfaceProcessor.process(82, "Whee") [cf6f8f80-2fed-4914-9369-3bace9a8ba92]
04:59:33.880 [pool-6-thread-1] INFO  SESSION-KEY= c.g.t.TransactionOutbox - Processing com.gruelbox.transactionoutbox.acceptance.InterfaceProcessor.process(43, "Whee") [481a9f7c-8490-4dc9-b66b-c835452ee3ac]
04:59:33.880 [pool-6-thread-2] INFO  SESSION-KEY= c.g.t.a.AbstractAcceptanceTest - Processing (82, Whee)
04:59:33.880 [pool-6-thread-1] INFO  SESSION-KEY= c.g.t.a.AbstractAcceptanceTest - Processing (43, Whee)
04:59:33.880 [pool-6-thread-2] INFO  SESSION-KEY= c.g.t.a.AbstractAcceptanceTest - Processed (82, Whee)
04:59:33.880 [pool-6-thread-1] INFO  SESSION-KEY= c.g.t.a.AbstractAcceptanceTest - Processed (43, Whee)
04:59:33.881 [pool-6-thread-2] INFO  SESSION-KEY= c.g.t.TransactionOutbox - Processed com.gruelbox.transactionoutbox.acceptance.InterfaceProcessor.process(82, "Whee") [cf6f8f80-2fed-4914-9369-3bace9a8ba92]
04:59:33.881 [pool-6-thread-1] INFO  SESSION-KEY= c.g.t.TransactionOutbox - Processed com.gruelbox.transactionoutbox.acceptance.InterfaceProcessor.process(43, "Whee") [481a9f7c-8490-4dc9-b66b-c835452ee3ac]
04:59:33.883 [pool-6-thread-1] INFO  SESSION-KEY= c.g.t.TransactionOutbox - Processing com.gruelbox.transactionoutbox.acceptance.InterfaceProcessor.process(84, "Whee") [707931f6-d3d0-495e-8964-0a72855b807c]
04:59:33.883 [pool-6-thread-2] INFO  SESSION-KEY= c.g.t.TransactionOutbox - Processing com.gruelbox.transactionoutbox.acceptance.InterfaceProcessor.process(83, "Whee") [8a0e9239-55df-4ac8-bad1-f9e59431e446]
04:59:33.883 [pool-6-thread-1] INFO  SESSION-KEY= c.g.t.a.AbstractAcceptanceTest - Processing (84, Whee)
04:59:33.883 [pool-6-thread-1] INFO  SESSION-KEY= c.g.t.a.AbstractAcceptanceTest - Processed (84, Whee)
04:59:33.883 [pool-6-thread-2] INFO  SESSION-KEY= c.g.t.a.AbstractAcceptanceTest - Processing (83, Whee)
04:59:33.883 [pool-6-thread-2] WARN  SESSION-KEY= c.g.t.SimpleTransactionManager - Exception in transactional block (InvocationTargetException). Rolling back. See later messages for detail
04:59:33.884 [pool-6-thread-1] INFO  SESSION-KEY= c.g.t.TransactionOutbox - Processed com.gruelbox.transactionoutbox.acceptance.InterfaceProcessor.process(84, "Whee") [707931f6-d3d0-495e-8964-0a72855b807c]
04:59:33.885 [pool-6-thread-1] INFO  SESSION-KEY= c.g.t.TransactionOutbox - Processing com.gruelbox.transactionoutbox.acceptance.InterfaceProcessor.process(51, "Whee") [182d74a1-a22d-44f6-84c3-6057ab3aaf5f]
04:59:33.885 [pool-6-thread-1] INFO  SESSION-KEY= c.g.t.a.AbstractAcceptanceTest - Processing (51, Whee)
04:59:33.885 [pool-6-thread-1] INFO  SESSION-KEY= c.g.t.a.AbstractAcceptanceTest - Processed (51, Whee)
04:59:33.885 [pool-6-thread-2] WARN  SESSION-KEY= c.g.t.TransactionOutbox - Temporarily failed to process entry 8a0e9239-55df-4ac8-bad1-f9e59431e446 : com.gruelbox.transactionoutbox.acceptance.InterfaceProcessor.process(83, "Whee") [8a0e9239-55df-4ac8-bad1-f9e59431e446]
java.lang.RuntimeException: Temporary failure of InterfaceProcessor
	at com.gruelbox.transactionoutbox.acceptance.AbstractAcceptanceTest$RandomFailingInstantiator.lambda$getInstance$0(AbstractAcceptanceTest.java:563)
	at java.base/jdk.internal.reflect.NativeMethodAccessorImpl.invoke0(Native Method)
	at java.base/jdk.internal.reflect.NativeMethodAccessorImpl.invoke(NativeMethodAccessorImpl.java:62)
	at java.base/jdk.internal.reflect.DelegatingMethodAccessorImpl.invoke(DelegatingMethodAccessorImpl.java:43)
	at java.base/java.lang.reflect.Method.invoke(Method.java:566)
	at com.gruelbox.transactionoutbox.Invocation.invoke(Invocation.java:107)
	at com.gruelbox.transactionoutbox.TransactionOutbox.invoke(TransactionOutbox.java:335)
	at com.gruelbox.transactionoutbox.TransactionOutbox.lambda$processNow$13(TransactionOutbox.java:306)
	at com.gruelbox.transactionoutbox.SimpleTransactionManager.processAndCommitOrRollback(SimpleTransactionManager.java:34)
	at com.gruelbox.transactionoutbox.SimpleTransactionManager.lambda$inTransactionReturnsThrows$0(SimpleTransactionManager.java:24)
	at com.gruelbox.transactionoutbox.SimpleTransactionManager.withTransaction(SimpleTransactionManager.java:64)
	at com.gruelbox.transactionoutbox.SimpleTransactionManager.inTransactionReturnsThrows(SimpleTransactionManager.java:22)
	at com.gruelbox.transactionoutbox.TransactionOutbox.processNow(TransactionOutbox.java:300)
	at com.gruelbox.transactionoutbox.ExecutorSubmitter.lambda$submit$0(ExecutorSubmitter.java:60)
	at java.base/java.util.concurrent.ThreadPoolExecutor.runWorker(ThreadPoolExecutor.java:1128)
	at java.base/java.util.concurrent.ThreadPoolExecutor$Worker.run(ThreadPoolExecutor.java:628)
	at java.base/java.lang.Thread.run(Thread.java:829)
04:59:33.886 [pool-6-thread-1] INFO  SESSION-KEY= c.g.t.TransactionOutbox - Processed com.gruelbox.transactionoutbox.acceptance.InterfaceProcessor.process(51, "Whee") [182d74a1-a22d-44f6-84c3-6057ab3aaf5f]
04:59:33.887 [pool-6-thread-2] INFO  SESSION-KEY= c.g.t.TransactionOutbox - Processing com.gruelbox.transactionoutbox.acceptance.InterfaceProcessor.process(52, "Whee") [6c465fcd-9abe-46a4-b74a-99e4b77d1074]
04:59:33.887 [pool-6-thread-1] INFO  SESSION-KEY= c.g.t.TransactionOutbox - Processing com.gruelbox.transactionoutbox.acceptance.InterfaceProcessor.process(31, "Whee") [aa646e37-380e-4067-af2e-51683794dc3c]
04:59:33.887 [pool-6-thread-2] INFO  SESSION-KEY= c.g.t.a.AbstractAcceptanceTest - Processing (52, Whee)
04:59:33.887 [pool-6-thread-1] INFO  SESSION-KEY= c.g.t.a.AbstractAcceptanceTest - Processing (31, Whee)
04:59:33.887 [pool-6-thread-2] INFO  SESSION-KEY= c.g.t.a.AbstractAcceptanceTest - Processed (52, Whee)
04:59:33.887 [pool-6-thread-1] INFO  SESSION-KEY= c.g.t.a.AbstractAcceptanceTest - Processed (31, Whee)
04:59:33.888 [pool-6-thread-1] INFO  SESSION-KEY= c.g.t.TransactionOutbox - Processed com.gruelbox.transactionoutbox.acceptance.InterfaceProcessor.process(31, "Whee") [aa646e37-380e-4067-af2e-51683794dc3c]
04:59:33.888 [pool-6-thread-2] INFO  SESSION-KEY= c.g.t.TransactionOutbox - Processed com.gruelbox.transactionoutbox.acceptance.InterfaceProcessor.process(52, "Whee") [6c465fcd-9abe-46a4-b74a-99e4b77d1074]
04:59:33.889 [pool-6-thread-1] INFO  SESSION-KEY= c.g.t.TransactionOutbox - Processing com.gruelbox.transactionoutbox.acceptance.InterfaceProcessor.process(22, "Whee") [cfcaf958-69ea-427c-9f4f-ff71f1915c92]
04:59:33.889 [pool-6-thread-1] INFO  SESSION-KEY= c.g.t.a.AbstractAcceptanceTest - Processing (22, Whee)
04:59:33.889 [pool-6-thread-2] INFO  SESSION-KEY= c.g.t.TransactionOutbox - Processing com.gruelbox.transactionoutbox.acceptance.InterfaceProcessor.process(61, "Whee") [baafb768-8036-4418-a09b-f95e32964c11]
04:59:33.889 [pool-6-thread-1] INFO  SESSION-KEY= c.g.t.a.AbstractAcceptanceTest - Processed (22, Whee)
04:59:33.889 [pool-6-thread-2] INFO  SESSION-KEY= c.g.t.a.AbstractAcceptanceTest - Processing (61, Whee)
04:59:33.889 [pool-6-thread-2] INFO  SESSION-KEY= c.g.t.a.AbstractAcceptanceTest - Processed (61, Whee)
04:59:33.890 [pool-6-thread-1] INFO  SESSION-KEY= c.g.t.TransactionOutbox - Processed com.gruelbox.transactionoutbox.acceptance.InterfaceProcessor.process(22, "Whee") [cfcaf958-69ea-427c-9f4f-ff71f1915c92]
04:59:33.890 [pool-6-thread-2] INFO  SESSION-KEY= c.g.t.TransactionOutbox - Processed com.gruelbox.transactionoutbox.acceptance.InterfaceProcessor.process(61, "Whee") [baafb768-8036-4418-a09b-f95e32964c11]
04:59:33.891 [pool-6-thread-1] INFO  SESSION-KEY= c.g.t.TransactionOutbox - Processing com.gruelbox.transactionoutbox.acceptance.InterfaceProcessor.process(44, "Whee") [f1374477-000a-40d6-b800-90a34b05f00d]
04:59:33.891 [pool-6-thread-2] INFO  SESSION-KEY= c.g.t.TransactionOutbox - Processing com.gruelbox.transactionoutbox.acceptance.InterfaceProcessor.process(45, "Whee") [40bd9b00-48fb-43c1-9962-aef00ac523d9]
04:59:33.891 [pool-6-thread-1] INFO  SESSION-KEY= c.g.t.a.AbstractAcceptanceTest - Processing (44, Whee)
04:59:33.891 [pool-6-thread-1] INFO  SESSION-KEY= c.g.t.a.AbstractAcceptanceTest - Processed (44, Whee)
04:59:33.891 [pool-6-thread-2] INFO  SESSION-KEY= c.g.t.a.AbstractAcceptanceTest - Processing (45, Whee)
04:59:33.891 [pool-6-thread-2] INFO  SESSION-KEY= c.g.t.a.AbstractAcceptanceTest - Processed (45, Whee)
04:59:33.891 [pool-6-thread-1] INFO  SESSION-KEY= c.g.t.TransactionOutbox - Processed com.gruelbox.transactionoutbox.acceptance.InterfaceProcessor.process(44, "Whee") [f1374477-000a-40d6-b800-90a34b05f00d]
04:59:33.892 [pool-6-thread-2] INFO  SESSION-KEY= c.g.t.TransactionOutbox - Processed com.gruelbox.transactionoutbox.acceptance.InterfaceProcessor.process(45, "Whee") [40bd9b00-48fb-43c1-9962-aef00ac523d9]
04:59:33.892 [pool-6-thread-1] INFO  SESSION-KEY= c.g.t.TransactionOutbox - Processing com.gruelbox.transactionoutbox.acceptance.InterfaceProcessor.process(46, "Whee") [44e27703-ed5a-4b07-b260-d103b0ec426d]
04:59:33.892 [pool-6-thread-1] INFO  SESSION-KEY= c.g.t.a.AbstractAcceptanceTest - Processing (46, Whee)
04:59:33.892 [pool-6-thread-1] INFO  SESSION-KEY= c.g.t.a.AbstractAcceptanceTest - Processed (46, Whee)
04:59:33.893 [pool-6-thread-2] INFO  SESSION-KEY= c.g.t.TransactionOutbox - Processing com.gruelbox.transactionoutbox.acceptance.InterfaceProcessor.process(16, "Whee") [3eaf016f-b4d9-4f2a-a4a9-d381bafc9adb]
04:59:33.893 [pool-6-thread-2] INFO  SESSION-KEY= c.g.t.a.AbstractAcceptanceTest - Processing (16, Whee)
04:59:33.893 [pool-6-thread-2] INFO  SESSION-KEY= c.g.t.a.AbstractAcceptanceTest - Processed (16, Whee)
04:59:33.893 [pool-6-thread-1] INFO  SESSION-KEY= c.g.t.TransactionOutbox - Processed com.gruelbox.transactionoutbox.acceptance.InterfaceProcessor.process(46, "Whee") [44e27703-ed5a-4b07-b260-d103b0ec426d]
04:59:33.893 [pool-6-thread-2] INFO  SESSION-KEY= c.g.t.TransactionOutbox - Processed com.gruelbox.transactionoutbox.acceptance.InterfaceProcessor.process(16, "Whee") [3eaf016f-b4d9-4f2a-a4a9-d381bafc9adb]
04:59:33.894 [pool-6-thread-1] INFO  SESSION-KEY= c.g.t.TransactionOutbox - Processing com.gruelbox.transactionoutbox.acceptance.InterfaceProcessor.process(53, "Whee") [a68d0763-f04e-4a81-8abc-82bd7f641aa3]
04:59:33.894 [pool-6-thread-1] INFO  SESSION-KEY= c.g.t.a.AbstractAcceptanceTest - Processing (53, Whee)
04:59:33.894 [pool-6-thread-1] INFO  SESSION-KEY= c.g.t.a.AbstractAcceptanceTest - Processed (53, Whee)
04:59:33.894 [pool-6-thread-2] INFO  SESSION-KEY= c.g.t.TransactionOutbox - Processing com.gruelbox.transactionoutbox.acceptance.InterfaceProcessor.process(58, "Whee") [2eb60c2d-8068-4d62-8124-16ad5296b510]
04:59:33.894 [pool-6-thread-2] INFO  SESSION-KEY= c.g.t.a.AbstractAcceptanceTest - Processing (58, Whee)
04:59:33.894 [pool-6-thread-2] INFO  SESSION-KEY= c.g.t.a.AbstractAcceptanceTest - Processed (58, Whee)
04:59:33.894 [pool-6-thread-1] INFO  SESSION-KEY= c.g.t.TransactionOutbox - Processed com.gruelbox.transactionoutbox.acceptance.InterfaceProcessor.process(53, "Whee") [a68d0763-f04e-4a81-8abc-82bd7f641aa3]
04:59:33.895 [pool-6-thread-2] INFO  SESSION-KEY= c.g.t.TransactionOutbox - Processed com.gruelbox.transactionoutbox.acceptance.InterfaceProcessor.process(58, "Whee") [2eb60c2d-8068-4d62-8124-16ad5296b510]
04:59:33.895 [pool-6-thread-1] INFO  SESSION-KEY= c.g.t.TransactionOutbox - Processing com.gruelbox.transactionoutbox.acceptance.InterfaceProcessor.process(59, "Whee") [f2d63244-68f8-490a-abeb-aa4b5d04182a]
04:59:33.895 [pool-6-thread-1] INFO  SESSION-KEY= c.g.t.a.AbstractAcceptanceTest - Processing (59, Whee)
04:59:33.895 [pool-6-thread-1] INFO  SESSION-KEY= c.g.t.a.AbstractAcceptanceTest - Processed (59, Whee)
04:59:33.896 [pool-6-thread-2] INFO  SESSION-KEY= c.g.t.TransactionOutbox - Processing com.gruelbox.transactionoutbox.acceptance.InterfaceProcessor.process(3, "Whee") [399612a4-595a-48c2-8b4f-8f28a2db6f1a]
04:59:33.896 [pool-6-thread-2] INFO  SESSION-KEY= c.g.t.a.AbstractAcceptanceTest - Processing (3, Whee)
04:59:33.896 [pool-6-thread-1] INFO  SESSION-KEY= c.g.t.TransactionOutbox - Processed com.gruelbox.transactionoutbox.acceptance.InterfaceProcessor.process(59, "Whee") [f2d63244-68f8-490a-abeb-aa4b5d04182a]
04:59:33.896 [pool-6-thread-2] INFO  SESSION-KEY= c.g.t.a.AbstractAcceptanceTest - Processed (3, Whee)
04:59:33.896 [pool-6-thread-2] INFO  SESSION-KEY= c.g.t.TransactionOutbox - Processed com.gruelbox.transactionoutbox.acceptance.InterfaceProcessor.process(3, "Whee") [399612a4-595a-48c2-8b4f-8f28a2db6f1a]
04:59:33.897 [pool-6-thread-1] INFO  SESSION-KEY= c.g.t.TransactionOutbox - Processing com.gruelbox.transactionoutbox.acceptance.InterfaceProcessor.process(27, "Whee") [6221f3e4-1346-4f53-8573-2df07ea12bd7]
04:59:33.897 [pool-6-thread-1] INFO  SESSION-KEY= c.g.t.a.AbstractAcceptanceTest - Processing (27, Whee)
04:59:33.897 [pool-6-thread-1] INFO  SESSION-KEY= c.g.t.a.AbstractAcceptanceTest - Processed (27, Whee)
04:59:33.897 [pool-6-thread-2] INFO  SESSION-KEY= c.g.t.TransactionOutbox - Processing com.gruelbox.transactionoutbox.acceptance.InterfaceProcessor.process(64, "Whee") [f7878538-bb09-44d8-8494-60c90e2b60d8]
04:59:33.897 [pool-6-thread-2] INFO  SESSION-KEY= c.g.t.a.AbstractAcceptanceTest - Processing (64, Whee)
04:59:33.897 [pool-6-thread-1] INFO  SESSION-KEY= c.g.t.TransactionOutbox - Processed com.gruelbox.transactionoutbox.acceptance.InterfaceProcessor.process(27, "Whee") [6221f3e4-1346-4f53-8573-2df07ea12bd7]
04:59:33.897 [pool-6-thread-2] INFO  SESSION-KEY= c.g.t.a.AbstractAcceptanceTest - Processed (64, Whee)
04:59:33.898 [pool-6-thread-2] INFO  SESSION-KEY= c.g.t.TransactionOutbox - Processed com.gruelbox.transactionoutbox.acceptance.InterfaceProcessor.process(64, "Whee") [f7878538-bb09-44d8-8494-60c90e2b60d8]
04:59:33.898 [pool-6-thread-1] INFO  SESSION-KEY= c.g.t.TransactionOutbox - Processing com.gruelbox.transactionoutbox.acceptance.InterfaceProcessor.process(65, "Whee") [405091c8-975f-404b-8a2b-0526d4dafa15]
04:59:33.898 [pool-6-thread-1] INFO  SESSION-KEY= c.g.t.a.AbstractAcceptanceTest - Processing (65, Whee)
04:59:33.898 [pool-6-thread-1] INFO  SESSION-KEY= c.g.t.a.AbstractAcceptanceTest - Processed (65, Whee)
04:59:33.899 [pool-6-thread-1] INFO  SESSION-KEY= c.g.t.TransactionOutbox - Processed com.gruelbox.transactionoutbox.acceptance.InterfaceProcessor.process(65, "Whee") [405091c8-975f-404b-8a2b-0526d4dafa15]
04:59:33.899 [pool-6-thread-2] INFO  SESSION-KEY= c.g.t.TransactionOutbox - Processing com.gruelbox.transactionoutbox.acceptance.InterfaceProcessor.process(35, "Whee") [f4874712-82e9-42de-a1a0-6c0764af85a6]
04:59:33.899 [pool-6-thread-2] INFO  SESSION-KEY= c.g.t.a.AbstractAcceptanceTest - Processing (35, Whee)
04:59:33.899 [pool-6-thread-2] INFO  SESSION-KEY= c.g.t.a.AbstractAcceptanceTest - Processed (35, Whee)
04:59:33.899 [pool-6-thread-1] INFO  SESSION-KEY= c.g.t.TransactionOutbox - Processing com.gruelbox.transactionoutbox.acceptance.InterfaceProcessor.process(36, "Whee") [f5c8081b-2d4f-4416-ac61-fb92a7d41552]
04:59:33.899 [pool-6-thread-2] INFO  SESSION-KEY= c.g.t.TransactionOutbox - Processed com.gruelbox.transactionoutbox.acceptance.InterfaceProcessor.process(35, "Whee") [f4874712-82e9-42de-a1a0-6c0764af85a6]
04:59:33.899 [pool-6-thread-1] INFO  SESSION-KEY= c.g.t.a.AbstractAcceptanceTest - Processing (36, Whee)
04:59:33.899 [pool-6-thread-1] INFO  SESSION-KEY= c.g.t.a.AbstractAcceptanceTest - Processed (36, Whee)
04:59:33.900 [pool-6-thread-1] INFO  SESSION-KEY= c.g.t.TransactionOutbox - Processed com.gruelbox.transactionoutbox.acceptance.InterfaceProcessor.process(36, "Whee") [f5c8081b-2d4f-4416-ac61-fb92a7d41552]
04:59:33.900 [pool-6-thread-2] INFO  SESSION-KEY= c.g.t.TransactionOutbox - Processing com.gruelbox.transactionoutbox.acceptance.InterfaceProcessor.process(4, "Whee") [1ff0e63c-566e-4e18-8f13-ee6081304af5]
04:59:33.900 [pool-6-thread-2] INFO  SESSION-KEY= c.g.t.a.AbstractAcceptanceTest - Processing (4, Whee)
04:59:33.900 [pool-6-thread-2] INFO  SESSION-KEY= c.g.t.a.AbstractAcceptanceTest - Processed (4, Whee)
04:59:33.900 [pool-6-thread-2] INFO  SESSION-KEY= c.g.t.TransactionOutbox - Processed com.gruelbox.transactionoutbox.acceptance.InterfaceProcessor.process(4, "Whee") [1ff0e63c-566e-4e18-8f13-ee6081304af5]
04:59:33.901 [pool-6-thread-1] INFO  SESSION-KEY= c.g.t.TransactionOutbox - Processing com.gruelbox.transactionoutbox.acceptance.InterfaceProcessor.process(28, "Whee") [b5c78ed0-9cea-4418-87aa-44ad9e28d11a]
04:59:33.901 [pool-6-thread-1] INFO  SESSION-KEY= c.g.t.a.AbstractAcceptanceTest - Processing (28, Whee)
04:59:33.901 [pool-6-thread-1] INFO  SESSION-KEY= c.g.t.a.AbstractAcceptanceTest - Processed (28, Whee)
04:59:33.901 [pool-6-thread-1] INFO  SESSION-KEY= c.g.t.TransactionOutbox - Processed com.gruelbox.transactionoutbox.acceptance.InterfaceProcessor.process(28, "Whee") [b5c78ed0-9cea-4418-87aa-44ad9e28d11a]
04:59:33.901 [pool-6-thread-2] INFO  SESSION-KEY= c.g.t.TransactionOutbox - Processing com.gruelbox.transactionoutbox.acceptance.InterfaceProcessor.process(76, "Whee") [b6272b47-e1ea-409f-8845-c91a3084912c]
04:59:33.901 [pool-6-thread-2] INFO  SESSION-KEY= c.g.t.a.AbstractAcceptanceTest - Processing (76, Whee)
04:59:33.902 [pool-6-thread-2] INFO  SESSION-KEY= c.g.t.a.AbstractAcceptanceTest - Processed (76, Whee)
04:59:33.902 [pool-6-thread-2] INFO  SESSION-KEY= c.g.t.TransactionOutbox - Processed com.gruelbox.transactionoutbox.acceptance.InterfaceProcessor.process(76, "Whee") [b6272b47-e1ea-409f-8845-c91a3084912c]
04:59:33.902 [pool-6-thread-1] INFO  SESSION-KEY= c.g.t.TransactionOutbox - Processing com.gruelbox.transactionoutbox.acceptance.InterfaceProcessor.process(66, "Whee") [d0f90c93-3740-4124-af44-060a3f7f905c]
04:59:33.902 [pool-6-thread-1] INFO  SESSION-KEY= c.g.t.a.AbstractAcceptanceTest - Processing (66, Whee)
04:59:33.902 [pool-6-thread-1] INFO  SESSION-KEY= c.g.t.a.AbstractAcceptanceTest - Processed (66, Whee)
04:59:33.903 [pool-6-thread-1] INFO  SESSION-KEY= c.g.t.TransactionOutbox - Processed com.gruelbox.transactionoutbox.acceptance.InterfaceProcessor.process(66, "Whee") [d0f90c93-3740-4124-af44-060a3f7f905c]
04:59:33.903 [pool-6-thread-2] INFO  SESSION-KEY= c.g.t.TransactionOutbox - Processing com.gruelbox.transactionoutbox.acceptance.InterfaceProcessor.process(37, "Whee") [2174a0c0-0c1e-4792-937c-623600d26ed4]
04:59:33.903 [pool-6-thread-2] INFO  SESSION-KEY= c.g.t.a.AbstractAcceptanceTest - Processing (37, Whee)
04:59:33.903 [pool-6-thread-2] INFO  SESSION-KEY= c.g.t.a.AbstractAcceptanceTest - Processed (37, Whee)
04:59:33.903 [pool-6-thread-1] INFO  SESSION-KEY= c.g.t.TransactionOutbox - Processing com.gruelbox.transactionoutbox.acceptance.InterfaceProcessor.process(38, "Whee") [dea6b3ff-b2e4-49c0-b4a6-f9f50349eafd]
04:59:33.903 [pool-6-thread-1] INFO  SESSION-KEY= c.g.t.a.AbstractAcceptanceTest - Processing (38, Whee)
04:59:33.903 [pool-6-thread-1] INFO  SESSION-KEY= c.g.t.a.AbstractAcceptanceTest - Processed (38, Whee)
04:59:33.903 [pool-6-thread-2] INFO  SESSION-KEY= c.g.t.TransactionOutbox - Processed com.gruelbox.transactionoutbox.acceptance.InterfaceProcessor.process(37, "Whee") [2174a0c0-0c1e-4792-937c-623600d26ed4]
04:59:33.904 [pool-6-thread-1] INFO  SESSION-KEY= c.g.t.TransactionOutbox - Processed com.gruelbox.transactionoutbox.acceptance.InterfaceProcessor.process(38, "Whee") [dea6b3ff-b2e4-49c0-b4a6-f9f50349eafd]
04:59:33.904 [pool-6-thread-2] INFO  SESSION-KEY= c.g.t.TransactionOutbox - Processing com.gruelbox.transactionoutbox.acceptance.InterfaceProcessor.process(39, "Whee") [38b6cbd9-2495-4657-8573-7a789ba94a5e]
04:59:33.904 [pool-6-thread-2] INFO  SESSION-KEY= c.g.t.a.AbstractAcceptanceTest - Processing (39, Whee)
04:59:33.904 [pool-6-thread-2] INFO  SESSION-KEY= c.g.t.a.AbstractAcceptanceTest - Processed (39, Whee)
04:59:33.904 [pool-6-thread-1] INFO  SESSION-KEY= c.g.t.TransactionOutbox - Processing com.gruelbox.transactionoutbox.acceptance.InterfaceProcessor.process(5, "Whee") [902132c1-6a53-40fb-b99c-b45db40c1a64]
04:59:33.904 [pool-6-thread-1] INFO  SESSION-KEY= c.g.t.a.AbstractAcceptanceTest - Processing (5, Whee)
04:59:33.905 [pool-6-thread-1] WARN  SESSION-KEY= c.g.t.SimpleTransactionManager - Exception in transactional block (InvocationTargetException). Rolling back. See later messages for detail
04:59:33.905 [pool-6-thread-2] INFO  SESSION-KEY= c.g.t.TransactionOutbox - Processed com.gruelbox.transactionoutbox.acceptance.InterfaceProcessor.process(39, "Whee") [38b6cbd9-2495-4657-8573-7a789ba94a5e]
04:59:33.906 [pool-6-thread-2] INFO  SESSION-KEY= c.g.t.TransactionOutbox - Processing com.gruelbox.transactionoutbox.acceptance.InterfaceProcessor.process(77, "Whee") [2120e394-1707-4302-b7db-b41a5c359ffa]
04:59:33.906 [pool-6-thread-2] INFO  SESSION-KEY= c.g.t.a.AbstractAcceptanceTest - Processing (77, Whee)
04:59:33.906 [pool-6-thread-1] WARN  SESSION-KEY= c.g.t.TransactionOutbox - Temporarily failed to process entry 902132c1-6a53-40fb-b99c-b45db40c1a64 : com.gruelbox.transactionoutbox.acceptance.InterfaceProcessor.process(5, "Whee") [902132c1-6a53-40fb-b99c-b45db40c1a64]
java.lang.RuntimeException: Temporary failure of InterfaceProcessor
	at com.gruelbox.transactionoutbox.acceptance.AbstractAcceptanceTest$RandomFailingInstantiator.lambda$getInstance$0(AbstractAcceptanceTest.java:563)
	at java.base/jdk.internal.reflect.NativeMethodAccessorImpl.invoke0(Native Method)
	at java.base/jdk.internal.reflect.NativeMethodAccessorImpl.invoke(NativeMethodAccessorImpl.java:62)
	at java.base/jdk.internal.reflect.DelegatingMethodAccessorImpl.invoke(DelegatingMethodAccessorImpl.java:43)
	at java.base/java.lang.reflect.Method.invoke(Method.java:566)
	at com.gruelbox.transactionoutbox.Invocation.invoke(Invocation.java:107)
	at com.gruelbox.transactionoutbox.TransactionOutbox.invoke(TransactionOutbox.java:335)
	at com.gruelbox.transactionoutbox.TransactionOutbox.lambda$processNow$13(TransactionOutbox.java:306)
	at com.gruelbox.transactionoutbox.SimpleTransactionManager.processAndCommitOrRollback(SimpleTransactionManager.java:34)
	at com.gruelbox.transactionoutbox.SimpleTransactionManager.lambda$inTransactionReturnsThrows$0(SimpleTransactionManager.java:24)
	at com.gruelbox.transactionoutbox.SimpleTransactionManager.withTransaction(SimpleTransactionManager.java:64)
	at com.gruelbox.transactionoutbox.SimpleTransactionManager.inTransactionReturnsThrows(SimpleTransactionManager.java:22)
	at com.gruelbox.transactionoutbox.TransactionOutbox.processNow(TransactionOutbox.java:300)
	at com.gruelbox.transactionoutbox.ExecutorSubmitter.lambda$submit$0(ExecutorSubmitter.java:60)
	at java.base/java.util.concurrent.ThreadPoolExecutor.runWorker(ThreadPoolExecutor.java:1128)
	at java.base/java.util.concurrent.ThreadPoolExecutor$Worker.run(ThreadPoolExecutor.java:628)
	at java.base/java.lang.Thread.run(Thread.java:829)
04:59:33.906 [pool-6-thread-2] WARN  SESSION-KEY= c.g.t.SimpleTransactionManager - Exception in transactional block (InvocationTargetException). Rolling back. See later messages for detail
04:59:33.907 [pool-6-thread-2] WARN  SESSION-KEY= c.g.t.TransactionOutbox - Temporarily failed to process entry 2120e394-1707-4302-b7db-b41a5c359ffa : com.gruelbox.transactionoutbox.acceptance.InterfaceProcessor.process(77, "Whee") [2120e394-1707-4302-b7db-b41a5c359ffa]
java.lang.RuntimeException: Temporary failure of InterfaceProcessor
	at com.gruelbox.transactionoutbox.acceptance.AbstractAcceptanceTest$RandomFailingInstantiator.lambda$getInstance$0(AbstractAcceptanceTest.java:563)
	at java.base/jdk.internal.reflect.NativeMethodAccessorImpl.invoke0(Native Method)
	at java.base/jdk.internal.reflect.NativeMethodAccessorImpl.invoke(NativeMethodAccessorImpl.java:62)
	at java.base/jdk.internal.reflect.DelegatingMethodAccessorImpl.invoke(DelegatingMethodAccessorImpl.java:43)
	at java.base/java.lang.reflect.Method.invoke(Method.java:566)
	at com.gruelbox.transactionoutbox.Invocation.invoke(Invocation.java:107)
	at com.gruelbox.transactionoutbox.TransactionOutbox.invoke(TransactionOutbox.java:335)
	at com.gruelbox.transactionoutbox.TransactionOutbox.lambda$processNow$13(TransactionOutbox.java:306)
	at com.gruelbox.transactionoutbox.SimpleTransactionManager.processAndCommitOrRollback(SimpleTransactionManager.java:34)
	at com.gruelbox.transactionoutbox.SimpleTransactionManager.lambda$inTransactionReturnsThrows$0(SimpleTransactionManager.java:24)
	at com.gruelbox.transactionoutbox.SimpleTransactionManager.withTransaction(SimpleTransactionManager.java:64)
	at com.gruelbox.transactionoutbox.SimpleTransactionManager.inTransactionReturnsThrows(SimpleTransactionManager.java:22)
	at com.gruelbox.transactionoutbox.TransactionOutbox.processNow(TransactionOutbox.java:300)
	at com.gruelbox.transactionoutbox.ExecutorSubmitter.lambda$submit$0(ExecutorSubmitter.java:60)
	at java.base/java.util.concurrent.ThreadPoolExecutor.runWorker(ThreadPoolExecutor.java:1128)
	at java.base/java.util.concurrent.ThreadPoolExecutor$Worker.run(ThreadPoolExecutor.java:628)
	at java.base/java.lang.Thread.run(Thread.java:829)
04:59:34.423 [pool-6-thread-2] INFO  SESSION-KEY= c.g.t.TransactionOutbox - Processing com.gruelbox.transactionoutbox.acceptance.InterfaceProcessor.process(86, "Whee") [b1befc44-1c03-477e-8176-91cedc8de964]
04:59:34.423 [pool-6-thread-2] INFO  SESSION-KEY= c.g.t.a.AbstractAcceptanceTest - Processing (86, Whee)
04:59:34.423 [pool-6-thread-2] WARN  SESSION-KEY= c.g.t.SimpleTransactionManager - Exception in transactional block (InvocationTargetException). Rolling back. See later messages for detail
04:59:34.424 [pool-6-thread-1] INFO  SESSION-KEY= c.g.t.TransactionOutbox - Processing com.gruelbox.transactionoutbox.acceptance.InterfaceProcessor.process(85, "Whee") [a3348c41-c36b-451b-99ab-f04f3fadf8c3]
04:59:34.424 [pool-6-thread-1] INFO  SESSION-KEY= c.g.t.a.AbstractAcceptanceTest - Processing (85, Whee)
04:59:34.424 [pool-6-thread-1] INFO  SESSION-KEY= c.g.t.a.AbstractAcceptanceTest - Processed (85, Whee)
04:59:34.425 [pool-6-thread-2] WARN  SESSION-KEY= c.g.t.TransactionOutbox - Temporarily failed to process entry b1befc44-1c03-477e-8176-91cedc8de964 : com.gruelbox.transactionoutbox.acceptance.InterfaceProcessor.process(86, "Whee") [b1befc44-1c03-477e-8176-91cedc8de964]
java.lang.RuntimeException: Temporary failure of InterfaceProcessor
	at com.gruelbox.transactionoutbox.acceptance.AbstractAcceptanceTest$RandomFailingInstantiator.lambda$getInstance$0(AbstractAcceptanceTest.java:563)
	at java.base/jdk.internal.reflect.NativeMethodAccessorImpl.invoke0(Native Method)
	at java.base/jdk.internal.reflect.NativeMethodAccessorImpl.invoke(NativeMethodAccessorImpl.java:62)
	at java.base/jdk.internal.reflect.DelegatingMethodAccessorImpl.invoke(DelegatingMethodAccessorImpl.java:43)
	at java.base/java.lang.reflect.Method.invoke(Method.java:566)
	at com.gruelbox.transactionoutbox.Invocation.invoke(Invocation.java:107)
	at com.gruelbox.transactionoutbox.TransactionOutbox.invoke(TransactionOutbox.java:335)
	at com.gruelbox.transactionoutbox.TransactionOutbox.lambda$processNow$13(TransactionOutbox.java:306)
	at com.gruelbox.transactionoutbox.SimpleTransactionManager.processAndCommitOrRollback(SimpleTransactionManager.java:34)
	at com.gruelbox.transactionoutbox.SimpleTransactionManager.lambda$inTransactionReturnsThrows$0(SimpleTransactionManager.java:24)
	at com.gruelbox.transactionoutbox.SimpleTransactionManager.withTransaction(SimpleTransactionManager.java:64)
	at com.gruelbox.transactionoutbox.SimpleTransactionManager.inTransactionReturnsThrows(SimpleTransactionManager.java:22)
	at com.gruelbox.transactionoutbox.TransactionOutbox.processNow(TransactionOutbox.java:300)
	at com.gruelbox.transactionoutbox.ExecutorSubmitter.lambda$submit$0(ExecutorSubmitter.java:60)
	at java.base/java.util.concurrent.ThreadPoolExecutor.runWorker(ThreadPoolExecutor.java:1128)
	at java.base/java.util.concurrent.ThreadPoolExecutor$Worker.run(ThreadPoolExecutor.java:628)
	at java.base/java.lang.Thread.run(Thread.java:829)
04:59:34.425 [pool-6-thread-1] INFO  SESSION-KEY= c.g.t.TransactionOutbox - Processed com.gruelbox.transactionoutbox.acceptance.InterfaceProcessor.process(85, "Whee") [a3348c41-c36b-451b-99ab-f04f3fadf8c3]
04:59:34.425 [pool-6-thread-2] INFO  SESSION-KEY= c.g.t.TransactionOutbox - Processing com.gruelbox.transactionoutbox.acceptance.InterfaceProcessor.process(32, "Whee") [2891cca2-4ea9-4f62-9aa8-a9b50975eb28]
04:59:34.425 [pool-6-thread-2] INFO  SESSION-KEY= c.g.t.a.AbstractAcceptanceTest - Processing (32, Whee)
04:59:34.425 [pool-6-thread-2] INFO  SESSION-KEY= c.g.t.a.AbstractAcceptanceTest - Processed (32, Whee)
04:59:34.426 [pool-6-thread-2] INFO  SESSION-KEY= c.g.t.TransactionOutbox - Processed com.gruelbox.transactionoutbox.acceptance.InterfaceProcessor.process(32, "Whee") [2891cca2-4ea9-4f62-9aa8-a9b50975eb28]
04:59:34.426 [pool-6-thread-1] INFO  SESSION-KEY= c.g.t.TransactionOutbox - Processing com.gruelbox.transactionoutbox.acceptance.InterfaceProcessor.process(33, "Whee") [1f20293c-07b5-4b6f-b283-ad8a6d90dd45]
04:59:34.426 [pool-6-thread-1] INFO  SESSION-KEY= c.g.t.a.AbstractAcceptanceTest - Processing (33, Whee)
04:59:34.426 [pool-6-thread-1] INFO  SESSION-KEY= c.g.t.a.AbstractAcceptanceTest - Processed (33, Whee)
04:59:34.426 [pool-6-thread-2] INFO  SESSION-KEY= c.g.t.TransactionOutbox - Processing com.gruelbox.transactionoutbox.acceptance.InterfaceProcessor.process(23, "Whee") [d8834f30-8829-4682-82b4-fbe065d2b321]
04:59:34.427 [pool-6-thread-2] INFO  SESSION-KEY= c.g.t.a.AbstractAcceptanceTest - Processing (23, Whee)
04:59:34.427 [pool-6-thread-2] INFO  SESSION-KEY= c.g.t.a.AbstractAcceptanceTest - Processed (23, Whee)
04:59:34.427 [pool-6-thread-1] INFO  SESSION-KEY= c.g.t.TransactionOutbox - Processed com.gruelbox.transactionoutbox.acceptance.InterfaceProcessor.process(33, "Whee") [1f20293c-07b5-4b6f-b283-ad8a6d90dd45]
04:59:34.427 [pool-6-thread-2] INFO  SESSION-KEY= c.g.t.TransactionOutbox - Processed com.gruelbox.transactionoutbox.acceptance.InterfaceProcessor.process(23, "Whee") [d8834f30-8829-4682-82b4-fbe065d2b321]
04:59:34.428 [pool-6-thread-2] INFO  SESSION-KEY= c.g.t.TransactionOutbox - Processing com.gruelbox.transactionoutbox.acceptance.InterfaceProcessor.process(47, "Whee") [bf4e4bed-4ef6-4dba-8611-a4b308319de4]
04:59:34.428 [pool-6-thread-2] INFO  SESSION-KEY= c.g.t.a.AbstractAcceptanceTest - Processing (47, Whee)
04:59:34.428 [pool-6-thread-2] INFO  SESSION-KEY= c.g.t.a.AbstractAcceptanceTest - Processed (47, Whee)
04:59:34.428 [pool-6-thread-1] INFO  SESSION-KEY= c.g.t.TransactionOutbox - Processing com.gruelbox.transactionoutbox.acceptance.InterfaceProcessor.process(71, "Whee") [6615b2ba-a5f2-40ac-a2fe-d78f4672fbe6]
04:59:34.428 [pool-6-thread-1] INFO  SESSION-KEY= c.g.t.a.AbstractAcceptanceTest - Processing (71, Whee)
04:59:34.428 [pool-6-thread-1] INFO  SESSION-KEY= c.g.t.a.AbstractAcceptanceTest - Processed (71, Whee)
04:59:34.428 [pool-6-thread-2] INFO  SESSION-KEY= c.g.t.TransactionOutbox - Processed com.gruelbox.transactionoutbox.acceptance.InterfaceProcessor.process(47, "Whee") [bf4e4bed-4ef6-4dba-8611-a4b308319de4]
04:59:34.429 [pool-6-thread-1] INFO  SESSION-KEY= c.g.t.TransactionOutbox - Processed com.gruelbox.transactionoutbox.acceptance.InterfaceProcessor.process(71, "Whee") [6615b2ba-a5f2-40ac-a2fe-d78f4672fbe6]
04:59:34.429 [pool-6-thread-2] INFO  SESSION-KEY= c.g.t.TransactionOutbox - Processing com.gruelbox.transactionoutbox.acceptance.InterfaceProcessor.process(48, "Whee") [18afbda5-faa9-4250-8f0b-66c19411446c]
04:59:34.429 [pool-6-thread-2] INFO  SESSION-KEY= c.g.t.a.AbstractAcceptanceTest - Processing (48, Whee)
04:59:34.429 [pool-6-thread-2] INFO  SESSION-KEY= c.g.t.a.AbstractAcceptanceTest - Processed (48, Whee)
04:59:34.429 [pool-6-thread-2] INFO  SESSION-KEY= c.g.t.TransactionOutbox - Processed com.gruelbox.transactionoutbox.acceptance.InterfaceProcessor.process(48, "Whee") [18afbda5-faa9-4250-8f0b-66c19411446c]
04:59:34.430 [pool-6-thread-1] INFO  SESSION-KEY= c.g.t.TransactionOutbox - Processing com.gruelbox.transactionoutbox.acceptance.InterfaceProcessor.process(62, "Whee") [4d72e5a7-dfc4-4c5d-bea7-2414a6b01ce8]
04:59:34.430 [pool-6-thread-2] INFO  SESSION-KEY= c.g.t.TransactionOutbox - Processing com.gruelbox.transactionoutbox.acceptance.InterfaceProcessor.process(17, "Whee") [cf27d6eb-ac11-4cbc-991f-183bab199147]
04:59:34.430 [pool-6-thread-2] INFO  SESSION-KEY= c.g.t.a.AbstractAcceptanceTest - Processing (17, Whee)
04:59:34.430 [pool-6-thread-2] INFO  SESSION-KEY= c.g.t.a.AbstractAcceptanceTest - Processed (17, Whee)
04:59:34.430 [pool-6-thread-1] INFO  SESSION-KEY= c.g.t.a.AbstractAcceptanceTest - Processing (62, Whee)
04:59:34.430 [pool-6-thread-1] INFO  SESSION-KEY= c.g.t.a.AbstractAcceptanceTest - Processed (62, Whee)
04:59:34.430 [pool-6-thread-2] INFO  SESSION-KEY= c.g.t.TransactionOutbox - Processed com.gruelbox.transactionoutbox.acceptance.InterfaceProcessor.process(17, "Whee") [cf27d6eb-ac11-4cbc-991f-183bab199147]
04:59:34.431 [pool-6-thread-1] INFO  SESSION-KEY= c.g.t.TransactionOutbox - Processed com.gruelbox.transactionoutbox.acceptance.InterfaceProcessor.process(62, "Whee") [4d72e5a7-dfc4-4c5d-bea7-2414a6b01ce8]
04:59:34.431 [pool-6-thread-2] INFO  SESSION-KEY= c.g.t.TransactionOutbox - Processing com.gruelbox.transactionoutbox.acceptance.InterfaceProcessor.process(87, "Whee") [5db29849-d7ed-4a35-b488-8d385402f882]
04:59:34.431 [pool-6-thread-2] INFO  SESSION-KEY= c.g.t.a.AbstractAcceptanceTest - Processing (87, Whee)
04:59:34.431 [pool-6-thread-2] INFO  SESSION-KEY= c.g.t.a.AbstractAcceptanceTest - Processed (87, Whee)
04:59:34.431 [pool-6-thread-2] INFO  SESSION-KEY= c.g.t.TransactionOutbox - Processed com.gruelbox.transactionoutbox.acceptance.InterfaceProcessor.process(87, "Whee") [5db29849-d7ed-4a35-b488-8d385402f882]
04:59:34.432 [pool-6-thread-2] INFO  SESSION-KEY= c.g.t.TransactionOutbox - Processing com.gruelbox.transactionoutbox.acceptance.InterfaceProcessor.process(88, "Whee") [24bfb22a-7b7b-4499-9498-ac38dc6e9dd5]
04:59:34.432 [pool-6-thread-1] INFO  SESSION-KEY= c.g.t.TransactionOutbox - Processing com.gruelbox.transactionoutbox.acceptance.InterfaceProcessor.process(49, "Whee") [e0ac63b4-294a-4cf6-b2b5-3b1134f240d0]
04:59:34.432 [pool-6-thread-2] INFO  SESSION-KEY= c.g.t.a.AbstractAcceptanceTest - Processing (88, Whee)
04:59:34.432 [pool-6-thread-2] INFO  SESSION-KEY= c.g.t.a.AbstractAcceptanceTest - Processed (88, Whee)
04:59:34.432 [pool-6-thread-1] INFO  SESSION-KEY= c.g.t.a.AbstractAcceptanceTest - Processing (49, Whee)
04:59:34.432 [pool-6-thread-1] INFO  SESSION-KEY= c.g.t.a.AbstractAcceptanceTest - Processed (49, Whee)
04:59:34.432 [pool-6-thread-2] INFO  SESSION-KEY= c.g.t.TransactionOutbox - Processed com.gruelbox.transactionoutbox.acceptance.InterfaceProcessor.process(88, "Whee") [24bfb22a-7b7b-4499-9498-ac38dc6e9dd5]
04:59:34.432 [pool-6-thread-1] INFO  SESSION-KEY= c.g.t.TransactionOutbox - Processed com.gruelbox.transactionoutbox.acceptance.InterfaceProcessor.process(49, "Whee") [e0ac63b4-294a-4cf6-b2b5-3b1134f240d0]
04:59:34.433 [pool-6-thread-2] INFO  SESSION-KEY= c.g.t.TransactionOutbox - Processing com.gruelbox.transactionoutbox.acceptance.InterfaceProcessor.process(18, "Whee") [9e28321d-d967-4076-9f77-149d96902508]
04:59:34.433 [pool-6-thread-2] INFO  SESSION-KEY= c.g.t.a.AbstractAcceptanceTest - Processing (18, Whee)
04:59:34.433 [pool-6-thread-2] INFO  SESSION-KEY= c.g.t.a.AbstractAcceptanceTest - Processed (18, Whee)
04:59:34.433 [pool-6-thread-2] INFO  SESSION-KEY= c.g.t.TransactionOutbox - Processed com.gruelbox.transactionoutbox.acceptance.InterfaceProcessor.process(18, "Whee") [9e28321d-d967-4076-9f77-149d96902508]
04:59:34.433 [pool-6-thread-1] INFO  SESSION-KEY= c.g.t.TransactionOutbox - Processing com.gruelbox.transactionoutbox.acceptance.InterfaceProcessor.process(89, "Whee") [c012d4a0-c59c-4b2b-92eb-7f6497211002]
04:59:34.433 [pool-6-thread-1] INFO  SESSION-KEY= c.g.t.a.AbstractAcceptanceTest - Processing (89, Whee)
04:59:34.433 [pool-6-thread-1] INFO  SESSION-KEY= c.g.t.a.AbstractAcceptanceTest - Processed (89, Whee)
04:59:34.433 [pool-6-thread-1] INFO  SESSION-KEY= c.g.t.TransactionOutbox - Processed com.gruelbox.transactionoutbox.acceptance.InterfaceProcessor.process(89, "Whee") [c012d4a0-c59c-4b2b-92eb-7f6497211002]
04:59:34.434 [pool-6-thread-2] INFO  SESSION-KEY= c.g.t.TransactionOutbox - Processing com.gruelbox.transactionoutbox.acceptance.InterfaceProcessor.process(19, "Whee") [7ec5c9a7-e9e4-4f79-b41b-8bf6c73e23ae]
04:59:34.434 [pool-6-thread-2] INFO  SESSION-KEY= c.g.t.a.AbstractAcceptanceTest - Processing (19, Whee)
04:59:34.434 [pool-6-thread-2] INFO  SESSION-KEY= c.g.t.a.AbstractAcceptanceTest - Processed (19, Whee)
04:59:34.434 [pool-6-thread-2] INFO  SESSION-KEY= c.g.t.TransactionOutbox - Processed com.gruelbox.transactionoutbox.acceptance.InterfaceProcessor.process(19, "Whee") [7ec5c9a7-e9e4-4f79-b41b-8bf6c73e23ae]
04:59:34.434 [pool-6-thread-1] INFO  SESSION-KEY= c.g.t.TransactionOutbox - Processing com.gruelbox.transactionoutbox.acceptance.InterfaceProcessor.process(54, "Whee") [a984907e-979e-4f77-9103-34c7cc7c677b]
04:59:34.434 [pool-6-thread-1] INFO  SESSION-KEY= c.g.t.a.AbstractAcceptanceTest - Processing (54, Whee)
04:59:34.434 [pool-6-thread-2] INFO  SESSION-KEY= c.g.t.TransactionOutbox - Processing com.gruelbox.transactionoutbox.acceptance.InterfaceProcessor.process(55, "Whee") [1819f6d4-d94b-412c-841c-0fed7ac8c102]
04:59:34.434 [pool-6-thread-1] INFO  SESSION-KEY= c.g.t.a.AbstractAcceptanceTest - Processed (54, Whee)
04:59:34.434 [pool-6-thread-2] INFO  SESSION-KEY= c.g.t.a.AbstractAcceptanceTest - Processing (55, Whee)
04:59:34.435 [pool-6-thread-2] WARN  SESSION-KEY= c.g.t.SimpleTransactionManager - Exception in transactional block (InvocationTargetException). Rolling back. See later messages for detail
04:59:34.435 [pool-6-thread-1] INFO  SESSION-KEY= c.g.t.TransactionOutbox - Processed com.gruelbox.transactionoutbox.acceptance.InterfaceProcessor.process(54, "Whee") [a984907e-979e-4f77-9103-34c7cc7c677b]
04:59:34.435 [pool-6-thread-2] WARN  SESSION-KEY= c.g.t.TransactionOutbox - Temporarily failed to process entry 1819f6d4-d94b-412c-841c-0fed7ac8c102 : com.gruelbox.transactionoutbox.acceptance.InterfaceProcessor.process(55, "Whee") [1819f6d4-d94b-412c-841c-0fed7ac8c102]
java.lang.RuntimeException: Temporary failure of InterfaceProcessor
	at com.gruelbox.transactionoutbox.acceptance.AbstractAcceptanceTest$RandomFailingInstantiator.lambda$getInstance$0(AbstractAcceptanceTest.java:563)
	at java.base/jdk.internal.reflect.NativeMethodAccessorImpl.invoke0(Native Method)
	at java.base/jdk.internal.reflect.NativeMethodAccessorImpl.invoke(NativeMethodAccessorImpl.java:62)
	at java.base/jdk.internal.reflect.DelegatingMethodAccessorImpl.invoke(DelegatingMethodAccessorImpl.java:43)
	at java.base/java.lang.reflect.Method.invoke(Method.java:566)
	at com.gruelbox.transactionoutbox.Invocation.invoke(Invocation.java:107)
	at com.gruelbox.transactionoutbox.TransactionOutbox.invoke(TransactionOutbox.java:335)
	at com.gruelbox.transactionoutbox.TransactionOutbox.lambda$processNow$13(TransactionOutbox.java:306)
	at com.gruelbox.transactionoutbox.SimpleTransactionManager.processAndCommitOrRollback(SimpleTransactionManager.java:34)
	at com.gruelbox.transactionoutbox.SimpleTransactionManager.lambda$inTransactionReturnsThrows$0(SimpleTransactionManager.java:24)
	at com.gruelbox.transactionoutbox.SimpleTransactionManager.withTransaction(SimpleTransactionManager.java:64)
	at com.gruelbox.transactionoutbox.SimpleTransactionManager.inTransactionReturnsThrows(SimpleTransactionManager.java:22)
	at com.gruelbox.transactionoutbox.TransactionOutbox.processNow(TransactionOutbox.java:300)
	at com.gruelbox.transactionoutbox.ExecutorSubmitter.lambda$submit$0(ExecutorSubmitter.java:60)
	at java.base/java.util.concurrent.ThreadPoolExecutor.runWorker(ThreadPoolExecutor.java:1128)
	at java.base/java.util.concurrent.ThreadPoolExecutor$Worker.run(ThreadPoolExecutor.java:628)
	at java.base/java.lang.Thread.run(Thread.java:829)
04:59:34.436 [pool-6-thread-1] INFO  SESSION-KEY= c.g.t.TransactionOutbox - Processing com.gruelbox.transactionoutbox.acceptance.InterfaceProcessor.process(5, "Whee") [902132c1-6a53-40fb-b99c-b45db40c1a64]
04:59:34.436 [pool-6-thread-1] INFO  SESSION-KEY= c.g.t.a.AbstractAcceptanceTest - Processing (5, Whee)
04:59:34.436 [pool-6-thread-1] INFO  SESSION-KEY= c.g.t.a.AbstractAcceptanceTest - Processed (5, Whee)
04:59:34.436 [pool-6-thread-2] INFO  SESSION-KEY= c.g.t.TransactionOutbox - Processing com.gruelbox.transactionoutbox.acceptance.InterfaceProcessor.process(77, "Whee") [2120e394-1707-4302-b7db-b41a5c359ffa]
04:59:34.436 [pool-6-thread-2] INFO  SESSION-KEY= c.g.t.a.AbstractAcceptanceTest - Processing (77, Whee)
04:59:34.436 [pool-6-thread-2] INFO  SESSION-KEY= c.g.t.a.AbstractAcceptanceTest - Processed (77, Whee)
04:59:34.436 [pool-6-thread-1] INFO  SESSION-KEY= c.g.t.TransactionOutbox - Processed com.gruelbox.transactionoutbox.acceptance.InterfaceProcessor.process(5, "Whee") [902132c1-6a53-40fb-b99c-b45db40c1a64]
04:59:34.436 [pool-6-thread-2] INFO  SESSION-KEY= c.g.t.TransactionOutbox - Processed com.gruelbox.transactionoutbox.acceptance.InterfaceProcessor.process(77, "Whee") [2120e394-1707-4302-b7db-b41a5c359ffa]
04:59:34.948 [pool-6-thread-2] INFO  SESSION-KEY= c.g.t.TransactionOutbox - Processing com.gruelbox.transactionoutbox.acceptance.InterfaceProcessor.process(34, "Whee") [693a907b-ab89-479f-9ce0-df6f6aeec706]
04:59:34.948 [pool-6-thread-2] INFO  SESSION-KEY= c.g.t.a.AbstractAcceptanceTest - Processing (34, Whee)
04:59:34.948 [pool-6-thread-2] INFO  SESSION-KEY= c.g.t.a.AbstractAcceptanceTest - Processed (34, Whee)
04:59:34.948 [pool-6-thread-1] INFO  SESSION-KEY= c.g.t.TransactionOutbox - Processing com.gruelbox.transactionoutbox.acceptance.InterfaceProcessor.process(56, "Whee") [100ad798-35e6-441e-99e1-2573b5d171a3]
04:59:34.948 [pool-6-thread-1] INFO  SESSION-KEY= c.g.t.a.AbstractAcceptanceTest - Processing (56, Whee)
04:59:34.948 [pool-6-thread-1] INFO  SESSION-KEY= c.g.t.a.AbstractAcceptanceTest - Processed (56, Whee)
04:59:34.949 [pool-6-thread-2] INFO  SESSION-KEY= c.g.t.TransactionOutbox - Processed com.gruelbox.transactionoutbox.acceptance.InterfaceProcessor.process(34, "Whee") [693a907b-ab89-479f-9ce0-df6f6aeec706]
04:59:34.949 [pool-6-thread-1] INFO  SESSION-KEY= c.g.t.TransactionOutbox - Processed com.gruelbox.transactionoutbox.acceptance.InterfaceProcessor.process(56, "Whee") [100ad798-35e6-441e-99e1-2573b5d171a3]
04:59:34.949 [pool-6-thread-2] INFO  SESSION-KEY= c.g.t.TransactionOutbox - Processing com.gruelbox.transactionoutbox.acceptance.InterfaceProcessor.process(24, "Whee") [efbe9d83-38aa-4bdd-b911-0d4e23201425]
04:59:34.949 [pool-6-thread-2] INFO  SESSION-KEY= c.g.t.a.AbstractAcceptanceTest - Processing (24, Whee)
04:59:34.949 [pool-6-thread-2] INFO  SESSION-KEY= c.g.t.a.AbstractAcceptanceTest - Processed (24, Whee)
04:59:34.950 [pool-6-thread-2] INFO  SESSION-KEY= c.g.t.TransactionOutbox - Processed com.gruelbox.transactionoutbox.acceptance.InterfaceProcessor.process(24, "Whee") [efbe9d83-38aa-4bdd-b911-0d4e23201425]
04:59:34.950 [pool-6-thread-1] INFO  SESSION-KEY= c.g.t.TransactionOutbox - Processing com.gruelbox.transactionoutbox.acceptance.InterfaceProcessor.process(72, "Whee") [673c7918-e95d-4b5b-8899-f8f082f4e795]
04:59:34.950 [pool-6-thread-1] INFO  SESSION-KEY= c.g.t.a.AbstractAcceptanceTest - Processing (72, Whee)
04:59:34.950 [pool-6-thread-1] INFO  SESSION-KEY= c.g.t.a.AbstractAcceptanceTest - Processed (72, Whee)
04:59:34.950 [pool-6-thread-2] INFO  SESSION-KEY= c.g.t.TransactionOutbox - Processing com.gruelbox.transactionoutbox.acceptance.InterfaceProcessor.process(1, "Whee") [7771906b-550d-4060-b508-7a44b4fdcdda]
04:59:34.950 [pool-6-thread-2] INFO  SESSION-KEY= c.g.t.a.AbstractAcceptanceTest - Processing (1, Whee)
04:59:34.950 [pool-6-thread-2] INFO  SESSION-KEY= c.g.t.a.AbstractAcceptanceTest - Processed (1, Whee)
04:59:34.951 [pool-6-thread-1] INFO  SESSION-KEY= c.g.t.TransactionOutbox - Processed com.gruelbox.transactionoutbox.acceptance.InterfaceProcessor.process(72, "Whee") [673c7918-e95d-4b5b-8899-f8f082f4e795]
04:59:34.951 [pool-6-thread-2] INFO  SESSION-KEY= c.g.t.TransactionOutbox - Processed com.gruelbox.transactionoutbox.acceptance.InterfaceProcessor.process(1, "Whee") [7771906b-550d-4060-b508-7a44b4fdcdda]
04:59:34.952 [pool-6-thread-2] INFO  SESSION-KEY= c.g.t.TransactionOutbox - Processing com.gruelbox.transactionoutbox.acceptance.InterfaceProcessor.process(57, "Whee") [331f08a8-2dee-4a8e-8a30-ebadbe5eccf4]
04:59:34.952 [pool-6-thread-2] INFO  SESSION-KEY= c.g.t.a.AbstractAcceptanceTest - Processing (57, Whee)
04:59:34.952 [pool-6-thread-2] INFO  SESSION-KEY= c.g.t.a.AbstractAcceptanceTest - Processed (57, Whee)
04:59:34.952 [pool-6-thread-1] INFO  SESSION-KEY= c.g.t.TransactionOutbox - Processing com.gruelbox.transactionoutbox.acceptance.InterfaceProcessor.process(25, "Whee") [cf1d77aa-9a34-4c37-82e1-3a3ab86fa129]
04:59:34.952 [pool-6-thread-2] INFO  SESSION-KEY= c.g.t.TransactionOutbox - Processed com.gruelbox.transactionoutbox.acceptance.InterfaceProcessor.process(57, "Whee") [331f08a8-2dee-4a8e-8a30-ebadbe5eccf4]
04:59:34.952 [pool-6-thread-1] INFO  SESSION-KEY= c.g.t.a.AbstractAcceptanceTest - Processing (25, Whee)
04:59:34.953 [pool-6-thread-1] WARN  SESSION-KEY= c.g.t.SimpleTransactionManager - Exception in transactional block (InvocationTargetException). Rolling back. See later messages for detail
04:59:34.953 [pool-6-thread-2] INFO  SESSION-KEY= c.g.t.TransactionOutbox - Processing com.gruelbox.transactionoutbox.acceptance.InterfaceProcessor.process(2, "Whee") [41a9c081-bee2-4553-93d0-a968c0c007f7]
04:59:34.953 [pool-6-thread-2] INFO  SESSION-KEY= c.g.t.a.AbstractAcceptanceTest - Processing (2, Whee)
04:59:34.953 [pool-6-thread-2] INFO  SESSION-KEY= c.g.t.a.AbstractAcceptanceTest - Processed (2, Whee)
04:59:34.953 [pool-6-thread-2] INFO  SESSION-KEY= c.g.t.TransactionOutbox - Processed com.gruelbox.transactionoutbox.acceptance.InterfaceProcessor.process(2, "Whee") [41a9c081-bee2-4553-93d0-a968c0c007f7]
04:59:34.954 [pool-6-thread-2] INFO  SESSION-KEY= c.g.t.TransactionOutbox - Processing com.gruelbox.transactionoutbox.acceptance.InterfaceProcessor.process(73, "Whee") [67d9b2b8-c1a8-43c0-a861-85dc342f66af]
04:59:34.954 [pool-6-thread-2] INFO  SESSION-KEY= c.g.t.a.AbstractAcceptanceTest - Processing (73, Whee)
04:59:34.954 [pool-6-thread-2] INFO  SESSION-KEY= c.g.t.a.AbstractAcceptanceTest - Processed (73, Whee)
04:59:34.955 [pool-6-thread-2] INFO  SESSION-KEY= c.g.t.TransactionOutbox - Processed com.gruelbox.transactionoutbox.acceptance.InterfaceProcessor.process(73, "Whee") [67d9b2b8-c1a8-43c0-a861-85dc342f66af]
04:59:34.954 [pool-6-thread-1] WARN  SESSION-KEY= c.g.t.TransactionOutbox - Temporarily failed to process entry cf1d77aa-9a34-4c37-82e1-3a3ab86fa129 : com.gruelbox.transactionoutbox.acceptance.InterfaceProcessor.process(25, "Whee") [cf1d77aa-9a34-4c37-82e1-3a3ab86fa129]
java.lang.RuntimeException: Temporary failure of InterfaceProcessor
	at com.gruelbox.transactionoutbox.acceptance.AbstractAcceptanceTest$RandomFailingInstantiator.lambda$getInstance$0(AbstractAcceptanceTest.java:563)
	at java.base/jdk.internal.reflect.NativeMethodAccessorImpl.invoke0(Native Method)
	at java.base/jdk.internal.reflect.NativeMethodAccessorImpl.invoke(NativeMethodAccessorImpl.java:62)
	at java.base/jdk.internal.reflect.DelegatingMethodAccessorImpl.invoke(DelegatingMethodAccessorImpl.java:43)
	at java.base/java.lang.reflect.Method.invoke(Method.java:566)
	at com.gruelbox.transactionoutbox.Invocation.invoke(Invocation.java:107)
	at com.gruelbox.transactionoutbox.TransactionOutbox.invoke(TransactionOutbox.java:335)
	at com.gruelbox.transactionoutbox.TransactionOutbox.lambda$processNow$13(TransactionOutbox.java:306)
	at com.gruelbox.transactionoutbox.SimpleTransactionManager.processAndCommitOrRollback(SimpleTransactionManager.java:34)
	at com.gruelbox.transactionoutbox.SimpleTransactionManager.lambda$inTransactionReturnsThrows$0(SimpleTransactionManager.java:24)
	at com.gruelbox.transactionoutbox.SimpleTransactionManager.withTransaction(SimpleTransactionManager.java:64)
	at com.gruelbox.transactionoutbox.SimpleTransactionManager.inTransactionReturnsThrows(SimpleTransactionManager.java:22)
	at com.gruelbox.transactionoutbox.TransactionOutbox.processNow(TransactionOutbox.java:300)
	at com.gruelbox.transactionoutbox.ExecutorSubmitter.lambda$submit$0(ExecutorSubmitter.java:60)
	at java.base/java.util.concurrent.ThreadPoolExecutor.runWorker(ThreadPoolExecutor.java:1128)
	at java.base/java.util.concurrent.ThreadPoolExecutor$Worker.run(ThreadPoolExecutor.java:628)
	at java.base/java.lang.Thread.run(Thread.java:829)
04:59:34.955 [pool-6-thread-2] INFO  SESSION-KEY= c.g.t.TransactionOutbox - Processing com.gruelbox.transactionoutbox.acceptance.InterfaceProcessor.process(63, "Whee") [c9808725-73c9-4254-9f47-7b66c24a6911]
04:59:34.955 [pool-6-thread-2] INFO  SESSION-KEY= c.g.t.a.AbstractAcceptanceTest - Processing (63, Whee)
04:59:34.955 [pool-6-thread-2] INFO  SESSION-KEY= c.g.t.a.AbstractAcceptanceTest - Processed (63, Whee)
04:59:34.955 [pool-6-thread-2] INFO  SESSION-KEY= c.g.t.TransactionOutbox - Processed com.gruelbox.transactionoutbox.acceptance.InterfaceProcessor.process(63, "Whee") [c9808725-73c9-4254-9f47-7b66c24a6911]
04:59:34.956 [pool-6-thread-1] INFO  SESSION-KEY= c.g.t.TransactionOutbox - Processing com.gruelbox.transactionoutbox.acceptance.InterfaceProcessor.process(41, "Whee") [4917ebd8-598c-4169-bc41-d608a3364052]
04:59:34.956 [pool-6-thread-1] INFO  SESSION-KEY= c.g.t.a.AbstractAcceptanceTest - Processing (41, Whee)
04:59:34.956 [pool-6-thread-2] INFO  SESSION-KEY= c.g.t.TransactionOutbox - Processing com.gruelbox.transactionoutbox.acceptance.InterfaceProcessor.process(26, "Whee") [444710b9-b55c-46ba-a8ea-1da0361c96e7]
04:59:34.956 [pool-6-thread-1] INFO  SESSION-KEY= c.g.t.a.AbstractAcceptanceTest - Processed (41, Whee)
04:59:34.956 [pool-6-thread-2] INFO  SESSION-KEY= c.g.t.a.AbstractAcceptanceTest - Processing (26, Whee)
04:59:34.956 [pool-6-thread-2] INFO  SESSION-KEY= c.g.t.a.AbstractAcceptanceTest - Processed (26, Whee)
04:59:34.956 [pool-6-thread-2] INFO  SESSION-KEY= c.g.t.TransactionOutbox - Processed com.gruelbox.transactionoutbox.acceptance.InterfaceProcessor.process(26, "Whee") [444710b9-b55c-46ba-a8ea-1da0361c96e7]
04:59:34.956 [pool-6-thread-1] INFO  SESSION-KEY= c.g.t.TransactionOutbox - Processed com.gruelbox.transactionoutbox.acceptance.InterfaceProcessor.process(41, "Whee") [4917ebd8-598c-4169-bc41-d608a3364052]
04:59:34.957 [pool-6-thread-2] INFO  SESSION-KEY= c.g.t.TransactionOutbox - Processing com.gruelbox.transactionoutbox.acceptance.InterfaceProcessor.process(29, "Whee") [795193bd-39ba-4f07-acd8-72a2943044e6]
04:59:34.957 [pool-6-thread-2] INFO  SESSION-KEY= c.g.t.a.AbstractAcceptanceTest - Processing (29, Whee)
04:59:34.957 [pool-6-thread-2] INFO  SESSION-KEY= c.g.t.a.AbstractAcceptanceTest - Processed (29, Whee)
04:59:34.957 [pool-6-thread-2] INFO  SESSION-KEY= c.g.t.TransactionOutbox - Processed com.gruelbox.transactionoutbox.acceptance.InterfaceProcessor.process(29, "Whee") [795193bd-39ba-4f07-acd8-72a2943044e6]
04:59:34.958 [pool-6-thread-2] INFO  SESSION-KEY= c.g.t.TransactionOutbox - Processing com.gruelbox.transactionoutbox.acceptance.InterfaceProcessor.process(83, "Whee") [8a0e9239-55df-4ac8-bad1-f9e59431e446]
04:59:34.958 [pool-6-thread-1] INFO  SESSION-KEY= c.g.t.TransactionOutbox - Processing com.gruelbox.transactionoutbox.acceptance.InterfaceProcessor.process(74, "Whee") [a24066a7-cbcb-4963-b3d4-17858408d01c]
04:59:34.958 [pool-6-thread-2] INFO  SESSION-KEY= c.g.t.a.AbstractAcceptanceTest - Processing (83, Whee)
04:59:34.958 [pool-6-thread-2] INFO  SESSION-KEY= c.g.t.a.AbstractAcceptanceTest - Processed (83, Whee)
04:59:34.958 [pool-6-thread-1] INFO  SESSION-KEY= c.g.t.a.AbstractAcceptanceTest - Processing (74, Whee)
04:59:34.958 [pool-6-thread-1] INFO  SESSION-KEY= c.g.t.a.AbstractAcceptanceTest - Processed (74, Whee)
04:59:34.958 [pool-6-thread-2] INFO  SESSION-KEY= c.g.t.TransactionOutbox - Processed com.gruelbox.transactionoutbox.acceptance.InterfaceProcessor.process(83, "Whee") [8a0e9239-55df-4ac8-bad1-f9e59431e446]
04:59:34.958 [pool-6-thread-1] INFO  SESSION-KEY= c.g.t.TransactionOutbox - Processed com.gruelbox.transactionoutbox.acceptance.InterfaceProcessor.process(74, "Whee") [a24066a7-cbcb-4963-b3d4-17858408d01c]
04:59:34.959 [pool-6-thread-2] INFO  SESSION-KEY= c.g.t.TransactionOutbox - Processing com.gruelbox.transactionoutbox.acceptance.InterfaceProcessor.process(6, "Whee") [a998406a-c054-4016-bdb1-1c5a4a9ef5a4]
04:59:34.959 [pool-6-thread-2] INFO  SESSION-KEY= c.g.t.a.AbstractAcceptanceTest - Processing (6, Whee)
04:59:34.959 [pool-6-thread-2] INFO  SESSION-KEY= c.g.t.a.AbstractAcceptanceTest - Processed (6, Whee)
04:59:34.959 [pool-6-thread-2] INFO  SESSION-KEY= c.g.t.TransactionOutbox - Processed com.gruelbox.transactionoutbox.acceptance.InterfaceProcessor.process(6, "Whee") [a998406a-c054-4016-bdb1-1c5a4a9ef5a4]
04:59:34.959 [pool-6-thread-1] INFO  SESSION-KEY= c.g.t.TransactionOutbox - Processing com.gruelbox.transactionoutbox.acceptance.InterfaceProcessor.process(78, "Whee") [23b5bb5f-f934-4ff8-9064-14f9a41a02a2]
04:59:34.959 [pool-6-thread-1] INFO  SESSION-KEY= c.g.t.a.AbstractAcceptanceTest - Processing (78, Whee)
04:59:34.959 [pool-6-thread-1] WARN  SESSION-KEY= c.g.t.SimpleTransactionManager - Exception in transactional block (InvocationTargetException). Rolling back. See later messages for detail
04:59:34.960 [pool-6-thread-2] INFO  SESSION-KEY= c.g.t.TransactionOutbox - Processing com.gruelbox.transactionoutbox.acceptance.InterfaceProcessor.process(67, "Whee") [2def4b18-9c51-413f-a303-1eda2b7ab659]
04:59:34.960 [pool-6-thread-2] INFO  SESSION-KEY= c.g.t.a.AbstractAcceptanceTest - Processing (67, Whee)
04:59:34.960 [pool-6-thread-2] INFO  SESSION-KEY= c.g.t.a.AbstractAcceptanceTest - Processed (67, Whee)
04:59:34.960 [pool-6-thread-2] INFO  SESSION-KEY= c.g.t.TransactionOutbox - Processed com.gruelbox.transactionoutbox.acceptance.InterfaceProcessor.process(67, "Whee") [2def4b18-9c51-413f-a303-1eda2b7ab659]
04:59:34.961 [pool-6-thread-2] INFO  SESSION-KEY= c.g.t.TransactionOutbox - Processing com.gruelbox.transactionoutbox.acceptance.InterfaceProcessor.process(55, "Whee") [1819f6d4-d94b-412c-841c-0fed7ac8c102]
04:59:34.961 [pool-6-thread-2] INFO  SESSION-KEY= c.g.t.a.AbstractAcceptanceTest - Processing (55, Whee)
04:59:34.961 [pool-6-thread-2] INFO  SESSION-KEY= c.g.t.a.AbstractAcceptanceTest - Processed (55, Whee)
04:59:34.961 [pool-6-thread-2] INFO  SESSION-KEY= c.g.t.TransactionOutbox - Processed com.gruelbox.transactionoutbox.acceptance.InterfaceProcessor.process(55, "Whee") [1819f6d4-d94b-412c-841c-0fed7ac8c102]
04:59:34.961 [pool-6-thread-1] WARN  SESSION-KEY= c.g.t.TransactionOutbox - Temporarily failed to process entry 23b5bb5f-f934-4ff8-9064-14f9a41a02a2 : com.gruelbox.transactionoutbox.acceptance.InterfaceProcessor.process(78, "Whee") [23b5bb5f-f934-4ff8-9064-14f9a41a02a2]
java.lang.RuntimeException: Temporary failure of InterfaceProcessor
	at com.gruelbox.transactionoutbox.acceptance.AbstractAcceptanceTest$RandomFailingInstantiator.lambda$getInstance$0(AbstractAcceptanceTest.java:563)
	at java.base/jdk.internal.reflect.NativeMethodAccessorImpl.invoke0(Native Method)
	at java.base/jdk.internal.reflect.NativeMethodAccessorImpl.invoke(NativeMethodAccessorImpl.java:62)
	at java.base/jdk.internal.reflect.DelegatingMethodAccessorImpl.invoke(DelegatingMethodAccessorImpl.java:43)
	at java.base/java.lang.reflect.Method.invoke(Method.java:566)
	at com.gruelbox.transactionoutbox.Invocation.invoke(Invocation.java:107)
	at com.gruelbox.transactionoutbox.TransactionOutbox.invoke(TransactionOutbox.java:335)
	at com.gruelbox.transactionoutbox.TransactionOutbox.lambda$processNow$13(TransactionOutbox.java:306)
	at com.gruelbox.transactionoutbox.SimpleTransactionManager.processAndCommitOrRollback(SimpleTransactionManager.java:34)
	at com.gruelbox.transactionoutbox.SimpleTransactionManager.lambda$inTransactionReturnsThrows$0(SimpleTransactionManager.java:24)
	at com.gruelbox.transactionoutbox.SimpleTransactionManager.withTransaction(SimpleTransactionManager.java:64)
	at com.gruelbox.transactionoutbox.SimpleTransactionManager.inTransactionReturnsThrows(SimpleTransactionManager.java:22)
	at com.gruelbox.transactionoutbox.TransactionOutbox.processNow(TransactionOutbox.java:300)
	at com.gruelbox.transactionoutbox.ExecutorSubmitter.lambda$submit$0(ExecutorSubmitter.java:60)
	at java.base/java.util.concurrent.ThreadPoolExecutor.runWorker(ThreadPoolExecutor.java:1128)
	at java.base/java.util.concurrent.ThreadPoolExecutor$Worker.run(ThreadPoolExecutor.java:628)
	at java.base/java.lang.Thread.run(Thread.java:829)
04:59:35.462 [pool-6-thread-2] INFO  SESSION-KEY= c.g.t.TransactionOutbox - Processing com.gruelbox.transactionoutbox.acceptance.InterfaceProcessor.process(7, "Whee") [c917b51c-2611-4157-aa3b-39ced337c70f]
04:59:35.462 [pool-6-thread-2] INFO  SESSION-KEY= c.g.t.a.AbstractAcceptanceTest - Processing (7, Whee)
04:59:35.462 [pool-6-thread-2] INFO  SESSION-KEY= c.g.t.a.AbstractAcceptanceTest - Processed (7, Whee)
04:59:35.462 [pool-6-thread-2] INFO  SESSION-KEY= c.g.t.TransactionOutbox - Processed com.gruelbox.transactionoutbox.acceptance.InterfaceProcessor.process(7, "Whee") [c917b51c-2611-4157-aa3b-39ced337c70f]
04:59:35.462 [pool-6-thread-1] INFO  SESSION-KEY= c.g.t.TransactionOutbox - Processing com.gruelbox.transactionoutbox.acceptance.InterfaceProcessor.process(79, "Whee") [cc41a9a1-9d66-4768-8d82-19c73af5000b]
04:59:35.463 [pool-6-thread-1] INFO  SESSION-KEY= c.g.t.a.AbstractAcceptanceTest - Processing (79, Whee)
04:59:35.463 [pool-6-thread-1] INFO  SESSION-KEY= c.g.t.a.AbstractAcceptanceTest - Processed (79, Whee)
04:59:35.463 [pool-6-thread-2] INFO  SESSION-KEY= c.g.t.TransactionOutbox - Processing com.gruelbox.transactionoutbox.acceptance.InterfaceProcessor.process(98, "Whee") [3a8bb5b9-a5dd-4a61-945e-d64067d75481]
04:59:35.463 [pool-6-thread-2] INFO  SESSION-KEY= c.g.t.a.AbstractAcceptanceTest - Processing (98, Whee)
04:59:35.463 [pool-6-thread-2] INFO  SESSION-KEY= c.g.t.a.AbstractAcceptanceTest - Processed (98, Whee)
04:59:35.463 [pool-6-thread-1] INFO  SESSION-KEY= c.g.t.TransactionOutbox - Processed com.gruelbox.transactionoutbox.acceptance.InterfaceProcessor.process(79, "Whee") [cc41a9a1-9d66-4768-8d82-19c73af5000b]
04:59:35.463 [pool-6-thread-2] INFO  SESSION-KEY= c.g.t.TransactionOutbox - Processed com.gruelbox.transactionoutbox.acceptance.InterfaceProcessor.process(98, "Whee") [3a8bb5b9-a5dd-4a61-945e-d64067d75481]
04:59:35.464 [pool-6-thread-2] INFO  SESSION-KEY= c.g.t.TransactionOutbox - Processing com.gruelbox.transactionoutbox.acceptance.InterfaceProcessor.process(68, "Whee") [ee5acf48-4351-48c0-a422-6f29bcb34f90]
04:59:35.464 [pool-6-thread-2] INFO  SESSION-KEY= c.g.t.a.AbstractAcceptanceTest - Processing (68, Whee)
04:59:35.464 [pool-6-thread-2] INFO  SESSION-KEY= c.g.t.a.AbstractAcceptanceTest - Processed (68, Whee)
04:59:35.464 [pool-6-thread-1] INFO  SESSION-KEY= c.g.t.TransactionOutbox - Processing com.gruelbox.transactionoutbox.acceptance.InterfaceProcessor.process(8, "Whee") [a6ff0990-12b7-4d41-ba36-e9617a1dc579]
04:59:35.464 [pool-6-thread-1] INFO  SESSION-KEY= c.g.t.a.AbstractAcceptanceTest - Processing (8, Whee)
04:59:35.464 [pool-6-thread-1] INFO  SESSION-KEY= c.g.t.a.AbstractAcceptanceTest - Processed (8, Whee)
04:59:35.464 [pool-6-thread-2] INFO  SESSION-KEY= c.g.t.TransactionOutbox - Processed com.gruelbox.transactionoutbox.acceptance.InterfaceProcessor.process(68, "Whee") [ee5acf48-4351-48c0-a422-6f29bcb34f90]
04:59:35.465 [pool-6-thread-1] INFO  SESSION-KEY= c.g.t.TransactionOutbox - Processed com.gruelbox.transactionoutbox.acceptance.InterfaceProcessor.process(8, "Whee") [a6ff0990-12b7-4d41-ba36-e9617a1dc579]
04:59:35.465 [pool-6-thread-2] INFO  SESSION-KEY= c.g.t.TransactionOutbox - Processing com.gruelbox.transactionoutbox.acceptance.InterfaceProcessor.process(69, "Whee") [9cbd0fdb-c2fe-43bb-9fc2-9e6e8a5a1147]
04:59:35.465 [pool-6-thread-2] INFO  SESSION-KEY= c.g.t.a.AbstractAcceptanceTest - Processing (69, Whee)
04:59:35.465 [pool-6-thread-2] WARN  SESSION-KEY= c.g.t.SimpleTransactionManager - Exception in transactional block (InvocationTargetException). Rolling back. See later messages for detail
04:59:35.466 [pool-6-thread-1] INFO  SESSION-KEY= c.g.t.TransactionOutbox - Processing com.gruelbox.transactionoutbox.acceptance.InterfaceProcessor.process(86, "Whee") [b1befc44-1c03-477e-8176-91cedc8de964]
04:59:35.466 [pool-6-thread-1] INFO  SESSION-KEY= c.g.t.a.AbstractAcceptanceTest - Processing (86, Whee)
04:59:35.466 [pool-6-thread-1] INFO  SESSION-KEY= c.g.t.a.AbstractAcceptanceTest - Processed (86, Whee)
04:59:35.466 [pool-6-thread-2] WARN  SESSION-KEY= c.g.t.TransactionOutbox - Temporarily failed to process entry 9cbd0fdb-c2fe-43bb-9fc2-9e6e8a5a1147 : com.gruelbox.transactionoutbox.acceptance.InterfaceProcessor.process(69, "Whee") [9cbd0fdb-c2fe-43bb-9fc2-9e6e8a5a1147]
java.lang.RuntimeException: Temporary failure of InterfaceProcessor
	at com.gruelbox.transactionoutbox.acceptance.AbstractAcceptanceTest$RandomFailingInstantiator.lambda$getInstance$0(AbstractAcceptanceTest.java:563)
	at java.base/jdk.internal.reflect.NativeMethodAccessorImpl.invoke0(Native Method)
	at java.base/jdk.internal.reflect.NativeMethodAccessorImpl.invoke(NativeMethodAccessorImpl.java:62)
	at java.base/jdk.internal.reflect.DelegatingMethodAccessorImpl.invoke(DelegatingMethodAccessorImpl.java:43)
	at java.base/java.lang.reflect.Method.invoke(Method.java:566)
	at com.gruelbox.transactionoutbox.Invocation.invoke(Invocation.java:107)
	at com.gruelbox.transactionoutbox.TransactionOutbox.invoke(TransactionOutbox.java:335)
	at com.gruelbox.transactionoutbox.TransactionOutbox.lambda$processNow$13(TransactionOutbox.java:306)
	at com.gruelbox.transactionoutbox.SimpleTransactionManager.processAndCommitOrRollback(SimpleTransactionManager.java:34)
	at com.gruelbox.transactionoutbox.SimpleTransactionManager.lambda$inTransactionReturnsThrows$0(SimpleTransactionManager.java:24)
	at com.gruelbox.transactionoutbox.SimpleTransactionManager.withTransaction(SimpleTransactionManager.java:64)
	at com.gruelbox.transactionoutbox.SimpleTransactionManager.inTransactionReturnsThrows(SimpleTransactionManager.java:22)
	at com.gruelbox.transactionoutbox.TransactionOutbox.processNow(TransactionOutbox.java:300)
	at com.gruelbox.transactionoutbox.ExecutorSubmitter.lambda$submit$0(ExecutorSubmitter.java:60)
	at java.base/java.util.concurrent.ThreadPoolExecutor.runWorker(ThreadPoolExecutor.java:1128)
	at java.base/java.util.concurrent.ThreadPoolExecutor$Worker.run(ThreadPoolExecutor.java:628)
	at java.base/java.lang.Thread.run(Thread.java:829)
04:59:35.466 [pool-6-thread-1] INFO  SESSION-KEY= c.g.t.TransactionOutbox - Processed com.gruelbox.transactionoutbox.acceptance.InterfaceProcessor.process(86, "Whee") [b1befc44-1c03-477e-8176-91cedc8de964]
04:59:35.467 [pool-6-thread-2] INFO  SESSION-KEY= c.g.t.TransactionOutbox - Processing com.gruelbox.transactionoutbox.acceptance.InterfaceProcessor.process(9, "Whee") [96e2a847-17bd-4c66-a8d3-85d979cc262f]
04:59:35.467 [pool-6-thread-2] INFO  SESSION-KEY= c.g.t.a.AbstractAcceptanceTest - Processing (9, Whee)
04:59:35.467 [pool-6-thread-2] INFO  SESSION-KEY= c.g.t.a.AbstractAcceptanceTest - Processed (9, Whee)
04:59:35.467 [pool-6-thread-2] INFO  SESSION-KEY= c.g.t.TransactionOutbox - Processed com.gruelbox.transactionoutbox.acceptance.InterfaceProcessor.process(9, "Whee") [96e2a847-17bd-4c66-a8d3-85d979cc262f]
04:59:35.467 [pool-6-thread-1] INFO  SESSION-KEY= c.g.t.TransactionOutbox - Processing com.gruelbox.transactionoutbox.acceptance.InterfaceProcessor.process(25, "Whee") [cf1d77aa-9a34-4c37-82e1-3a3ab86fa129]
04:59:35.467 [pool-6-thread-1] INFO  SESSION-KEY= c.g.t.a.AbstractAcceptanceTest - Processing (25, Whee)
04:59:35.467 [pool-6-thread-1] INFO  SESSION-KEY= c.g.t.a.AbstractAcceptanceTest - Processed (25, Whee)
04:59:35.468 [pool-6-thread-2] INFO  SESSION-KEY= c.g.t.TransactionOutbox - Processing com.gruelbox.transactionoutbox.acceptance.InterfaceProcessor.process(78, "Whee") [23b5bb5f-f934-4ff8-9064-14f9a41a02a2]
04:59:35.468 [pool-6-thread-2] INFO  SESSION-KEY= c.g.t.a.AbstractAcceptanceTest - Processing (78, Whee)
04:59:35.468 [pool-6-thread-2] INFO  SESSION-KEY= c.g.t.a.AbstractAcceptanceTest - Processed (78, Whee)
04:59:35.468 [pool-6-thread-1] INFO  SESSION-KEY= c.g.t.TransactionOutbox - Processed com.gruelbox.transactionoutbox.acceptance.InterfaceProcessor.process(25, "Whee") [cf1d77aa-9a34-4c37-82e1-3a3ab86fa129]
04:59:35.468 [pool-6-thread-2] INFO  SESSION-KEY= c.g.t.TransactionOutbox - Processed com.gruelbox.transactionoutbox.acceptance.InterfaceProcessor.process(78, "Whee") [23b5bb5f-f934-4ff8-9064-14f9a41a02a2]
04:59:35.970 [pool-6-thread-1] INFO  SESSION-KEY= c.g.t.TransactionOutbox - Processing com.gruelbox.transactionoutbox.acceptance.InterfaceProcessor.process(69, "Whee") [9cbd0fdb-c2fe-43bb-9fc2-9e6e8a5a1147]
04:59:35.971 [pool-6-thread-1] INFO  SESSION-KEY= c.g.t.a.AbstractAcceptanceTest - Processing (69, Whee)
04:59:35.971 [pool-6-thread-1] WARN  SESSION-KEY= c.g.t.SimpleTransactionManager - Exception in transactional block (InvocationTargetException). Rolling back. See later messages for detail
04:59:35.972 [pool-6-thread-1] WARN  SESSION-KEY= c.g.t.TransactionOutbox - Temporarily failed to process entry 9cbd0fdb-c2fe-43bb-9fc2-9e6e8a5a1147 : com.gruelbox.transactionoutbox.acceptance.InterfaceProcessor.process(69, "Whee") [9cbd0fdb-c2fe-43bb-9fc2-9e6e8a5a1147]
java.lang.RuntimeException: Temporary failure of InterfaceProcessor
	at com.gruelbox.transactionoutbox.acceptance.AbstractAcceptanceTest$RandomFailingInstantiator.lambda$getInstance$0(AbstractAcceptanceTest.java:563)
	at java.base/jdk.internal.reflect.NativeMethodAccessorImpl.invoke0(Native Method)
	at java.base/jdk.internal.reflect.NativeMethodAccessorImpl.invoke(NativeMethodAccessorImpl.java:62)
	at java.base/jdk.internal.reflect.DelegatingMethodAccessorImpl.invoke(DelegatingMethodAccessorImpl.java:43)
	at java.base/java.lang.reflect.Method.invoke(Method.java:566)
	at com.gruelbox.transactionoutbox.Invocation.invoke(Invocation.java:107)
	at com.gruelbox.transactionoutbox.TransactionOutbox.invoke(TransactionOutbox.java:335)
	at com.gruelbox.transactionoutbox.TransactionOutbox.lambda$processNow$13(TransactionOutbox.java:306)
	at com.gruelbox.transactionoutbox.SimpleTransactionManager.processAndCommitOrRollback(SimpleTransactionManager.java:34)
	at com.gruelbox.transactionoutbox.SimpleTransactionManager.lambda$inTransactionReturnsThrows$0(SimpleTransactionManager.java:24)
	at com.gruelbox.transactionoutbox.SimpleTransactionManager.withTransaction(SimpleTransactionManager.java:64)
	at com.gruelbox.transactionoutbox.SimpleTransactionManager.inTransactionReturnsThrows(SimpleTransactionManager.java:22)
	at com.gruelbox.transactionoutbox.TransactionOutbox.processNow(TransactionOutbox.java:300)
	at com.gruelbox.transactionoutbox.ExecutorSubmitter.lambda$submit$0(ExecutorSubmitter.java:60)
	at java.base/java.util.concurrent.ThreadPoolExecutor.runWorker(ThreadPoolExecutor.java:1128)
	at java.base/java.util.concurrent.ThreadPoolExecutor$Worker.run(ThreadPoolExecutor.java:628)
	at java.base/java.lang.Thread.run(Thread.java:829)
04:59:36.475 [pool-6-thread-2] INFO  SESSION-KEY= c.g.t.TransactionOutbox - Processing com.gruelbox.transactionoutbox.acceptance.InterfaceProcessor.process(69, "Whee") [9cbd0fdb-c2fe-43bb-9fc2-9e6e8a5a1147]
04:59:36.475 [pool-6-thread-2] INFO  SESSION-KEY= c.g.t.a.AbstractAcceptanceTest - Processing (69, Whee)
04:59:36.475 [pool-6-thread-2] INFO  SESSION-KEY= c.g.t.a.AbstractAcceptanceTest - Processed (69, Whee)
04:59:36.476 [pool-6-thread-2] INFO  SESSION-KEY= c.g.t.TransactionOutbox - Processed com.gruelbox.transactionoutbox.acceptance.InterfaceProcessor.process(69, "Whee") [9cbd0fdb-c2fe-43bb-9fc2-9e6e8a5a1147]
04:59:36.503 [pool-8-thread-1] INFO  SESSION-KEY= c.g.t.TransactionOutbox - Processing BEEF.process(3, "Whee") [d701b105-dd96-44fb-a8bd-b83ed59bb5db]
04:59:36.504 [pool-8-thread-1] INFO  SESSION-KEY= c.g.t.a.AbstractAcceptanceTest - Processing (3, Whee)
04:59:36.505 [pool-8-thread-1] WARN  SESSION-KEY= c.g.t.SimpleTransactionManager - Exception in transactional block (InvocationTargetException). Rolling back. See later messages for detail
04:59:36.506 [pool-8-thread-1] WARN  SESSION-KEY= c.g.t.TransactionOutbox - Temporarily failed to process entry d701b105-dd96-44fb-a8bd-b83ed59bb5db : BEEF.process(3, "Whee") [d701b105-dd96-44fb-a8bd-b83ed59bb5db]
java.lang.RuntimeException: Temporary failure
	at com.gruelbox.transactionoutbox.acceptance.AbstractAcceptanceTest$FailingInstantiator.lambda$getInstance$0(AbstractAcceptanceTest.java:542)
	at java.base/jdk.internal.reflect.NativeMethodAccessorImpl.invoke0(Native Method)
	at java.base/jdk.internal.reflect.NativeMethodAccessorImpl.invoke(NativeMethodAccessorImpl.java:62)
	at java.base/jdk.internal.reflect.DelegatingMethodAccessorImpl.invoke(DelegatingMethodAccessorImpl.java:43)
	at java.base/java.lang.reflect.Method.invoke(Method.java:566)
	at com.gruelbox.transactionoutbox.Invocation.invoke(Invocation.java:107)
	at com.gruelbox.transactionoutbox.TransactionOutbox.invoke(TransactionOutbox.java:335)
	at com.gruelbox.transactionoutbox.TransactionOutbox.lambda$processNow$13(TransactionOutbox.java:306)
	at com.gruelbox.transactionoutbox.SimpleTransactionManager.processAndCommitOrRollback(SimpleTransactionManager.java:34)
	at com.gruelbox.transactionoutbox.SimpleTransactionManager.lambda$inTransactionReturnsThrows$0(SimpleTransactionManager.java:24)
	at com.gruelbox.transactionoutbox.SimpleTransactionManager.withTransaction(SimpleTransactionManager.java:64)
	at com.gruelbox.transactionoutbox.SimpleTransactionManager.inTransactionReturnsThrows(SimpleTransactionManager.java:22)
	at com.gruelbox.transactionoutbox.TransactionOutbox.processNow(TransactionOutbox.java:300)
	at com.gruelbox.transactionoutbox.ExecutorSubmitter.lambda$submit$0(ExecutorSubmitter.java:60)
	at java.base/java.util.concurrent.ThreadPoolExecutor.runWorker(ThreadPoolExecutor.java:1128)
	at java.base/java.util.concurrent.ThreadPoolExecutor$Worker.run(ThreadPoolExecutor.java:628)
	at java.base/java.lang.Thread.run(Thread.java:829)
04:59:37.256 [pool-8-thread-1] INFO  SESSION-KEY= c.g.t.TransactionOutbox - Processing BEEF.process(3, "Whee") [d701b105-dd96-44fb-a8bd-b83ed59bb5db]
04:59:37.257 [pool-8-thread-1] INFO  SESSION-KEY= c.g.t.a.AbstractAcceptanceTest - Processing (3, Whee)
04:59:37.257 [pool-8-thread-1] WARN  SESSION-KEY= c.g.t.SimpleTransactionManager - Exception in transactional block (InvocationTargetException). Rolling back. See later messages for detail
04:59:37.259 [pool-8-thread-1] ERROR SESSION-KEY= c.g.t.TransactionOutbox - Blocking failing entry d701b105-dd96-44fb-a8bd-b83ed59bb5db after 2 attempts: BEEF.process(3, "Whee") [d701b105-dd96-44fb-a8bd-b83ed59bb5db]
java.lang.RuntimeException: Temporary failure
	at com.gruelbox.transactionoutbox.acceptance.AbstractAcceptanceTest$FailingInstantiator.lambda$getInstance$0(AbstractAcceptanceTest.java:542)
	at java.base/jdk.internal.reflect.NativeMethodAccessorImpl.invoke0(Native Method)
	at java.base/jdk.internal.reflect.NativeMethodAccessorImpl.invoke(NativeMethodAccessorImpl.java:62)
	at java.base/jdk.internal.reflect.DelegatingMethodAccessorImpl.invoke(DelegatingMethodAccessorImpl.java:43)
	at java.base/java.lang.reflect.Method.invoke(Method.java:566)
	at com.gruelbox.transactionoutbox.Invocation.invoke(Invocation.java:107)
	at com.gruelbox.transactionoutbox.TransactionOutbox.invoke(TransactionOutbox.java:335)
	at com.gruelbox.transactionoutbox.TransactionOutbox.lambda$processNow$13(TransactionOutbox.java:306)
	at com.gruelbox.transactionoutbox.SimpleTransactionManager.processAndCommitOrRollback(SimpleTransactionManager.java:34)
	at com.gruelbox.transactionoutbox.SimpleTransactionManager.lambda$inTransactionReturnsThrows$0(SimpleTransactionManager.java:24)
	at com.gruelbox.transactionoutbox.SimpleTransactionManager.withTransaction(SimpleTransactionManager.java:64)
	at com.gruelbox.transactionoutbox.SimpleTransactionManager.inTransactionReturnsThrows(SimpleTransactionManager.java:22)
	at com.gruelbox.transactionoutbox.TransactionOutbox.processNow(TransactionOutbox.java:300)
	at com.gruelbox.transactionoutbox.ExecutorSubmitter.lambda$submit$0(ExecutorSubmitter.java:60)
	at java.base/java.util.concurrent.ThreadPoolExecutor.runWorker(ThreadPoolExecutor.java:1128)
	at java.base/java.util.concurrent.ThreadPoolExecutor$Worker.run(ThreadPoolExecutor.java:628)
	at java.base/java.lang.Thread.run(Thread.java:829)
04:59:37.260 [main] INFO  SESSION-KEY= c.g.t.TransactionOutbox - Unblocking entry d701b105-dd96-44fb-a8bd-b83ed59bb5db for retry.
04:59:37.762 [pool-8-thread-1] INFO  SESSION-KEY= c.g.t.TransactionOutbox - Processing BEEF.process(3, "Whee") [d701b105-dd96-44fb-a8bd-b83ed59bb5db]
04:59:37.762 [pool-8-thread-1] INFO  SESSION-KEY= c.g.t.a.AbstractAcceptanceTest - Processing (3, Whee)
04:59:37.762 [pool-8-thread-1] INFO  SESSION-KEY= c.g.t.a.AbstractAcceptanceTest - Processed (3, Whee)
04:59:37.763 [pool-8-thread-1] INFO  SESSION-KEY= c.g.t.TransactionOutbox - Processed BEEF.process(3, "Whee") [d701b105-dd96-44fb-a8bd-b83ed59bb5db]
04:59:37.785 [pool-9-thread-1] INFO  SESSION-KEY= c.g.t.TransactionOutbox - Processing BEEF.process(3, "Whee") [16e37f91-7dc2-4c4e-ba2d-2d1536d2fd62]
04:59:37.786 [pool-9-thread-1] INFO  SESSION-KEY= c.g.t.a.AbstractAcceptanceTest - Processing (3, Whee)
04:59:37.786 [pool-9-thread-1] WARN  SESSION-KEY= c.g.t.SimpleTransactionManager - Exception in transactional block (InvocationTargetException). Rolling back. See later messages for detail
04:59:37.787 [pool-9-thread-1] WARN  SESSION-KEY= c.g.t.TransactionOutbox - Temporarily failed to process entry 16e37f91-7dc2-4c4e-ba2d-2d1536d2fd62 : BEEF.process(3, "Whee") [16e37f91-7dc2-4c4e-ba2d-2d1536d2fd62]
java.lang.RuntimeException: Temporary failure
	at com.gruelbox.transactionoutbox.acceptance.AbstractAcceptanceTest$FailingInstantiator.lambda$getInstance$0(AbstractAcceptanceTest.java:542)
	at java.base/jdk.internal.reflect.NativeMethodAccessorImpl.invoke0(Native Method)
	at java.base/jdk.internal.reflect.NativeMethodAccessorImpl.invoke(NativeMethodAccessorImpl.java:62)
	at java.base/jdk.internal.reflect.DelegatingMethodAccessorImpl.invoke(DelegatingMethodAccessorImpl.java:43)
	at java.base/java.lang.reflect.Method.invoke(Method.java:566)
	at com.gruelbox.transactionoutbox.Invocation.invoke(Invocation.java:107)
	at com.gruelbox.transactionoutbox.TransactionOutbox.invoke(TransactionOutbox.java:335)
	at com.gruelbox.transactionoutbox.TransactionOutbox.lambda$processNow$13(TransactionOutbox.java:306)
	at com.gruelbox.transactionoutbox.SimpleTransactionManager.processAndCommitOrRollback(SimpleTransactionManager.java:34)
	at com.gruelbox.transactionoutbox.SimpleTransactionManager.lambda$inTransactionReturnsThrows$0(SimpleTransactionManager.java:24)
	at com.gruelbox.transactionoutbox.SimpleTransactionManager.withTransaction(SimpleTransactionManager.java:64)
	at com.gruelbox.transactionoutbox.SimpleTransactionManager.inTransactionReturnsThrows(SimpleTransactionManager.java:22)
	at com.gruelbox.transactionoutbox.TransactionOutbox.processNow(TransactionOutbox.java:300)
	at com.gruelbox.transactionoutbox.ExecutorSubmitter.lambda$submit$0(ExecutorSubmitter.java:60)
	at java.base/java.util.concurrent.ThreadPoolExecutor.runWorker(ThreadPoolExecutor.java:1128)
	at java.base/java.util.concurrent.ThreadPoolExecutor$Worker.run(ThreadPoolExecutor.java:628)
	at java.base/java.lang.Thread.run(Thread.java:829)
04:59:38.537 [pool-9-thread-2] INFO  SESSION-KEY= c.g.t.TransactionOutbox - Processing BEEF.process(3, "Whee") [16e37f91-7dc2-4c4e-ba2d-2d1536d2fd62]
04:59:38.537 [pool-9-thread-2] INFO  SESSION-KEY= c.g.t.a.AbstractAcceptanceTest - Processing (3, Whee)
04:59:38.537 [pool-9-thread-2] WARN  SESSION-KEY= c.g.t.SimpleTransactionManager - Exception in transactional block (InvocationTargetException). Rolling back. See later messages for detail
04:59:38.538 [pool-9-thread-2] WARN  SESSION-KEY= c.g.t.TransactionOutbox - Temporarily failed to process entry 16e37f91-7dc2-4c4e-ba2d-2d1536d2fd62 : BEEF.process(3, "Whee") [16e37f91-7dc2-4c4e-ba2d-2d1536d2fd62]
java.lang.RuntimeException: Temporary failure
	at com.gruelbox.transactionoutbox.acceptance.AbstractAcceptanceTest$FailingInstantiator.lambda$getInstance$0(AbstractAcceptanceTest.java:542)
	at java.base/jdk.internal.reflect.NativeMethodAccessorImpl.invoke0(Native Method)
	at java.base/jdk.internal.reflect.NativeMethodAccessorImpl.invoke(NativeMethodAccessorImpl.java:62)
	at java.base/jdk.internal.reflect.DelegatingMethodAccessorImpl.invoke(DelegatingMethodAccessorImpl.java:43)
	at java.base/java.lang.reflect.Method.invoke(Method.java:566)
	at com.gruelbox.transactionoutbox.Invocation.invoke(Invocation.java:107)
	at com.gruelbox.transactionoutbox.TransactionOutbox.invoke(TransactionOutbox.java:335)
	at com.gruelbox.transactionoutbox.TransactionOutbox.lambda$processNow$13(TransactionOutbox.java:306)
	at com.gruelbox.transactionoutbox.SimpleTransactionManager.processAndCommitOrRollback(SimpleTransactionManager.java:34)
	at com.gruelbox.transactionoutbox.SimpleTransactionManager.lambda$inTransactionReturnsThrows$0(SimpleTransactionManager.java:24)
	at com.gruelbox.transactionoutbox.SimpleTransactionManager.withTransaction(SimpleTransactionManager.java:64)
	at com.gruelbox.transactionoutbox.SimpleTransactionManager.inTransactionReturnsThrows(SimpleTransactionManager.java:22)
	at com.gruelbox.transactionoutbox.TransactionOutbox.processNow(TransactionOutbox.java:300)
	at com.gruelbox.transactionoutbox.ExecutorSubmitter.lambda$submit$0(ExecutorSubmitter.java:60)
	at java.base/java.util.concurrent.ThreadPoolExecutor.runWorker(ThreadPoolExecutor.java:1128)
	at java.base/java.util.concurrent.ThreadPoolExecutor$Worker.run(ThreadPoolExecutor.java:628)
	at java.base/java.lang.Thread.run(Thread.java:829)
04:59:39.041 [pool-9-thread-1] INFO  SESSION-KEY= c.g.t.TransactionOutbox - Processing BEEF.process(3, "Whee") [16e37f91-7dc2-4c4e-ba2d-2d1536d2fd62]
04:59:39.041 [pool-9-thread-1] INFO  SESSION-KEY= c.g.t.a.AbstractAcceptanceTest - Processing (3, Whee)
04:59:39.041 [pool-9-thread-1] INFO  SESSION-KEY= c.g.t.a.AbstractAcceptanceTest - Processed (3, Whee)
04:59:39.042 [pool-9-thread-1] INFO  SESSION-KEY= c.g.t.TransactionOutbox - Processed BEEF.process(3, "Whee") [16e37f91-7dc2-4c4e-ba2d-2d1536d2fd62]
04:59:39.045 [main] INFO  SESSION-KEY= c.z.h.HikariDataSource - HikariPool-1 - Starting...
04:59:39.059 [main] INFO  SESSION-KEY= c.z.h.HikariDataSource - HikariPool-1 - Start completed.
04:59:39.077 [pool-11-thread-1] INFO  SESSION-KEY= c.g.t.TransactionOutbox - Processing com.gruelbox.transactionoutbox.acceptance.ClassProcessor.process("2f419b42-9a0f-44ce-8474-2a61991d6137") [030a9c9c-4949-4d2c-9640-c2b21cb99e85]
04:59:39.078 [pool-11-thread-1] INFO  SESSION-KEY= c.g.t.a.ClassProcessor - Processing work: 2f419b42-9a0f-44ce-8474-2a61991d6137
04:59:39.078 [pool-11-thread-1] INFO  SESSION-KEY= c.g.t.TransactionOutbox - Processed com.gruelbox.transactionoutbox.acceptance.ClassProcessor.process("2f419b42-9a0f-44ce-8474-2a61991d6137") [030a9c9c-4949-4d2c-9640-c2b21cb99e85]
04:59:39.078 [main] INFO  SESSION-KEY= c.z.h.HikariDataSource - HikariPool-1 - Shutdown initiated...
04:59:39.080 [main] INFO  SESSION-KEY= c.z.h.HikariDataSource - HikariPool-1 - Shutdown completed.
[INFO] Tests run: 7, Failures: 0, Errors: 0, Skipped: 0, Time elapsed: 7.923 s - in com.gruelbox.transactionoutbox.acceptance.TestH2
[INFO] Running com.gruelbox.transactionoutbox.acceptance.TestComplexConfigurationExample
[WARNING] Tests run: 1, Failures: 0, Errors: 0, Skipped: 1, Time elapsed: 0.002 s - in com.gruelbox.transactionoutbox.acceptance.TestComplexConfigurationExample
[INFO] Running com.gruelbox.transactionoutbox.acceptance.TestPostgres10
Feb 05, 2023 4:59:39 AM org.junit.jupiter.engine.execution.JupiterEngineExecutionContext close
SEVERE: Caught exception while closing extension context: org.junit.jupiter.engine.descriptor.ClassExtensionContext@a92be4f
org.testcontainers.containers.ContainerLaunchException: Container startup failed
	at org.testcontainers.containers.GenericContainer.doStart(GenericContainer.java:330)
	at org.testcontainers.containers.GenericContainer.start(GenericContainer.java:311)
	at org.testcontainers.junit.jupiter.TestcontainersExtension$StoreAdapter.start(TestcontainersExtension.java:242)
	at org.testcontainers.junit.jupiter.TestcontainersExtension$StoreAdapter.access$200(TestcontainersExtension.java:229)
	at org.testcontainers.junit.jupiter.TestcontainersExtension.lambda$null$1(TestcontainersExtension.java:59)
	at org.junit.jupiter.engine.execution.ExtensionValuesStore.lambda$getOrComputeIfAbsent$4(ExtensionValuesStore.java:86)
	at org.junit.jupiter.engine.execution.ExtensionValuesStore$MemoizingSupplier.get(ExtensionValuesStore.java:205)
	at org.junit.jupiter.engine.execution.ExtensionValuesStore$StoredValue.evaluate(ExtensionValuesStore.java:182)
	at org.junit.jupiter.engine.execution.ExtensionValuesStore$StoredValue.access$100(ExtensionValuesStore.java:171)
	at org.junit.jupiter.engine.execution.ExtensionValuesStore.lambda$closeAllStoredCloseableValues$1(ExtensionValuesStore.java:65)
	at java.base/java.util.stream.ReferencePipeline$2$1.accept(ReferencePipeline.java:176)
	at java.base/java.util.concurrent.ConcurrentHashMap$ValueSpliterator.forEachRemaining(ConcurrentHashMap.java:3603)
	at java.base/java.util.stream.AbstractPipeline.copyInto(AbstractPipeline.java:484)
	at java.base/java.util.stream.AbstractPipeline.wrapAndCopyInto(AbstractPipeline.java:474)
	at java.base/java.util.stream.ForEachOps$ForEachOp.evaluateSequential(ForEachOps.java:150)
	at java.base/java.util.stream.ForEachOps$ForEachOp$OfRef.evaluateSequential(ForEachOps.java:173)
	at java.base/java.util.stream.AbstractPipeline.evaluate(AbstractPipeline.java:234)
	at java.base/java.util.stream.ReferencePipeline.forEach(ReferencePipeline.java:497)
	at org.junit.jupiter.engine.execution.ExtensionValuesStore.closeAllStoredCloseableValues(ExtensionValuesStore.java:68)
	at org.junit.jupiter.engine.descriptor.AbstractExtensionContext.close(AbstractExtensionContext.java:74)
	at org.junit.jupiter.engine.execution.JupiterEngineExecutionContext.close(JupiterEngineExecutionContext.java:53)
	at org.junit.jupiter.engine.descriptor.JupiterTestDescriptor.cleanUp(JupiterTestDescriptor.java:222)
	at org.junit.jupiter.engine.descriptor.JupiterTestDescriptor.cleanUp(JupiterTestDescriptor.java:57)
	at org.junit.platform.engine.support.hierarchical.NodeTestTask.lambda$cleanUp$9(NodeTestTask.java:155)
	at org.junit.platform.engine.support.hierarchical.ThrowableCollector.execute(ThrowableCollector.java:73)
	at org.junit.platform.engine.support.hierarchical.NodeTestTask.cleanUp(NodeTestTask.java:155)
	at org.junit.platform.engine.support.hierarchical.NodeTestTask.execute(NodeTestTask.java:87)
	at java.base/java.util.ArrayList.forEach(ArrayList.java:1541)
	at org.junit.platform.engine.support.hierarchical.SameThreadHierarchicalTestExecutorService.invokeAll(SameThreadHierarchicalTestExecutorService.java:38)
	at org.junit.platform.engine.support.hierarchical.NodeTestTask.lambda$executeRecursively$5(NodeTestTask.java:143)
	at org.junit.platform.engine.support.hierarchical.ThrowableCollector.execute(ThrowableCollector.java:73)
	at org.junit.platform.engine.support.hierarchical.NodeTestTask.lambda$executeRecursively$7(NodeTestTask.java:129)
	at org.junit.platform.engine.support.hierarchical.Node.around(Node.java:137)
	at org.junit.platform.engine.support.hierarchical.NodeTestTask.lambda$executeRecursively$8(NodeTestTask.java:127)
	at org.junit.platform.engine.support.hierarchical.ThrowableCollector.execute(ThrowableCollector.java:73)
	at org.junit.platform.engine.support.hierarchical.NodeTestTask.executeRecursively(NodeTestTask.java:126)
	at org.junit.platform.engine.support.hierarchical.NodeTestTask.execute(NodeTestTask.java:84)
	at org.junit.platform.engine.support.hierarchical.SameThreadHierarchicalTestExecutorService.submit(SameThreadHierarchicalTestExecutorService.java:32)
	at org.junit.platform.engine.support.hierarchical.HierarchicalTestExecutor.execute(HierarchicalTestExecutor.java:57)
	at org.junit.platform.engine.support.hierarchical.HierarchicalTestEngine.execute(HierarchicalTestEngine.java:51)
	at org.junit.platform.launcher.core.EngineExecutionOrchestrator.execute(EngineExecutionOrchestrator.java:108)
	at org.junit.platform.launcher.core.EngineExecutionOrchestrator.execute(EngineExecutionOrchestrator.java:88)
	at org.junit.platform.launcher.core.EngineExecutionOrchestrator.lambda$execute$0(EngineExecutionOrchestrator.java:54)
	at org.junit.platform.launcher.core.EngineExecutionOrchestrator.withInterceptedStreams(EngineExecutionOrchestrator.java:67)
	at org.junit.platform.launcher.core.EngineExecutionOrchestrator.execute(EngineExecutionOrchestrator.java:52)
	at org.junit.platform.launcher.core.DefaultLauncher.execute(DefaultLauncher.java:96)
	at org.junit.platform.launcher.core.DefaultLauncher.execute(DefaultLauncher.java:75)
	at org.apache.maven.surefire.junitplatform.JUnitPlatformProvider.invokeAllTests(JUnitPlatformProvider.java:154)
	at org.apache.maven.surefire.junitplatform.JUnitPlatformProvider.invoke(JUnitPlatformProvider.java:127)
	at org.apache.maven.surefire.booter.ForkedBooter.runSuitesInProcess(ForkedBooter.java:377)
	at org.apache.maven.surefire.booter.ForkedBooter.execute(ForkedBooter.java:138)
	at org.apache.maven.surefire.booter.ForkedBooter.run(ForkedBooter.java:465)
	at org.apache.maven.surefire.booter.ForkedBooter.main(ForkedBooter.java:451)
Caused by: org.testcontainers.containers.ContainerFetchException: Can't get Docker image: RemoteDockerImage(imageName=postgres:10, imagePullPolicy=DefaultPullPolicy())
	at org.testcontainers.containers.GenericContainer.getDockerImageName(GenericContainer.java:1279)
	at org.testcontainers.containers.GenericContainer.logger(GenericContainer.java:613)
	at org.testcontainers.containers.GenericContainer.doStart(GenericContainer.java:320)
	... 52 more
Caused by: java.lang.IllegalStateException: Previous attempts to find a Docker environment failed. Will not retry. Please see logs and check configuration
	at org.testcontainers.dockerclient.DockerClientProviderStrategy.getFirstValidStrategy(DockerClientProviderStrategy.java:83)
	at org.testcontainers.DockerClientFactory.getOrInitializeStrategy(DockerClientFactory.java:126)
	at org.testcontainers.DockerClientFactory.client(DockerClientFactory.java:147)
	at org.testcontainers.LazyDockerClient.getDockerClient(LazyDockerClient.java:14)
	at org.testcontainers.LazyDockerClient.inspectImageCmd(LazyDockerClient.java:12)
	at org.testcontainers.images.LocalImagesCache.refreshCache(LocalImagesCache.java:42)
	at org.testcontainers.images.AbstractImagePullPolicy.shouldPull(AbstractImagePullPolicy.java:24)
	at org.testcontainers.images.RemoteDockerImage.resolve(RemoteDockerImage.java:59)
	at org.testcontainers.images.RemoteDockerImage.resolve(RemoteDockerImage.java:26)
	at org.testcontainers.utility.LazyFuture.getResolvedValue(LazyFuture.java:20)
	at org.testcontainers.utility.LazyFuture.get(LazyFuture.java:27)
	at org.testcontainers.containers.GenericContainer.getDockerImageName(GenericContainer.java:1277)
	... 54 more

[INFO] Tests run: 0, Failures: 0, Errors: 0, Skipped: 0, Time elapsed: 0.003 s - in com.gruelbox.transactionoutbox.acceptance.TestPostgres10
[INFO] Running com.gruelbox.transactionoutbox.acceptance.TestPostgres9
Feb 05, 2023 4:59:39 AM org.junit.jupiter.engine.execution.JupiterEngineExecutionContext close
SEVERE: Caught exception while closing extension context: org.junit.jupiter.engine.descriptor.ClassExtensionContext@7baf1f5a
org.testcontainers.containers.ContainerLaunchException: Container startup failed
	at org.testcontainers.containers.GenericContainer.doStart(GenericContainer.java:330)
	at org.testcontainers.containers.GenericContainer.start(GenericContainer.java:311)
	at org.testcontainers.junit.jupiter.TestcontainersExtension$StoreAdapter.start(TestcontainersExtension.java:242)
	at org.testcontainers.junit.jupiter.TestcontainersExtension$StoreAdapter.access$200(TestcontainersExtension.java:229)
	at org.testcontainers.junit.jupiter.TestcontainersExtension.lambda$null$1(TestcontainersExtension.java:59)
	at org.junit.jupiter.engine.execution.ExtensionValuesStore.lambda$getOrComputeIfAbsent$4(ExtensionValuesStore.java:86)
	at org.junit.jupiter.engine.execution.ExtensionValuesStore$MemoizingSupplier.get(ExtensionValuesStore.java:205)
	at org.junit.jupiter.engine.execution.ExtensionValuesStore$StoredValue.evaluate(ExtensionValuesStore.java:182)
	at org.junit.jupiter.engine.execution.ExtensionValuesStore$StoredValue.access$100(ExtensionValuesStore.java:171)
	at org.junit.jupiter.engine.execution.ExtensionValuesStore.lambda$closeAllStoredCloseableValues$1(ExtensionValuesStore.java:65)
	at java.base/java.util.stream.ReferencePipeline$2$1.accept(ReferencePipeline.java:176)
	at java.base/java.util.concurrent.ConcurrentHashMap$ValueSpliterator.forEachRemaining(ConcurrentHashMap.java:3603)
	at java.base/java.util.stream.AbstractPipeline.copyInto(AbstractPipeline.java:484)
	at java.base/java.util.stream.AbstractPipeline.wrapAndCopyInto(AbstractPipeline.java:474)
	at java.base/java.util.stream.ForEachOps$ForEachOp.evaluateSequential(ForEachOps.java:150)
	at java.base/java.util.stream.ForEachOps$ForEachOp$OfRef.evaluateSequential(ForEachOps.java:173)
	at java.base/java.util.stream.AbstractPipeline.evaluate(AbstractPipeline.java:234)
	at java.base/java.util.stream.ReferencePipeline.forEach(ReferencePipeline.java:497)
	at org.junit.jupiter.engine.execution.ExtensionValuesStore.closeAllStoredCloseableValues(ExtensionValuesStore.java:68)
	at org.junit.jupiter.engine.descriptor.AbstractExtensionContext.close(AbstractExtensionContext.java:74)
	at org.junit.jupiter.engine.execution.JupiterEngineExecutionContext.close(JupiterEngineExecutionContext.java:53)
	at org.junit.jupiter.engine.descriptor.JupiterTestDescriptor.cleanUp(JupiterTestDescriptor.java:222)
	at org.junit.jupiter.engine.descriptor.JupiterTestDescriptor.cleanUp(JupiterTestDescriptor.java:57)
	at org.junit.platform.engine.support.hierarchical.NodeTestTask.lambda$cleanUp$9(NodeTestTask.java:155)
	at org.junit.platform.engine.support.hierarchical.ThrowableCollector.execute(ThrowableCollector.java:73)
	at org.junit.platform.engine.support.hierarchical.NodeTestTask.cleanUp(NodeTestTask.java:155)
	at org.junit.platform.engine.support.hierarchical.NodeTestTask.execute(NodeTestTask.java:87)
	at java.base/java.util.ArrayList.forEach(ArrayList.java:1541)
	at org.junit.platform.engine.support.hierarchical.SameThreadHierarchicalTestExecutorService.invokeAll(SameThreadHierarchicalTestExecutorService.java:38)
	at org.junit.platform.engine.support.hierarchical.NodeTestTask.lambda$executeRecursively$5(NodeTestTask.java:143)
	at org.junit.platform.engine.support.hierarchical.ThrowableCollector.execute(ThrowableCollector.java:73)
	at org.junit.platform.engine.support.hierarchical.NodeTestTask.lambda$executeRecursively$7(NodeTestTask.java:129)
	at org.junit.platform.engine.support.hierarchical.Node.around(Node.java:137)
	at org.junit.platform.engine.support.hierarchical.NodeTestTask.lambda$executeRecursively$8(NodeTestTask.java:127)
	at org.junit.platform.engine.support.hierarchical.ThrowableCollector.execute(ThrowableCollector.java:73)
	at org.junit.platform.engine.support.hierarchical.NodeTestTask.executeRecursively(NodeTestTask.java:126)
	at org.junit.platform.engine.support.hierarchical.NodeTestTask.execute(NodeTestTask.java:84)
	at org.junit.platform.engine.support.hierarchical.SameThreadHierarchicalTestExecutorService.submit(SameThreadHierarchicalTestExecutorService.java:32)
	at org.junit.platform.engine.support.hierarchical.HierarchicalTestExecutor.execute(HierarchicalTestExecutor.java:57)
	at org.junit.platform.engine.support.hierarchical.HierarchicalTestEngine.execute(HierarchicalTestEngine.java:51)
	at org.junit.platform.launcher.core.EngineExecutionOrchestrator.execute(EngineExecutionOrchestrator.java:108)
	at org.junit.platform.launcher.core.EngineExecutionOrchestrator.execute(EngineExecutionOrchestrator.java:88)
	at org.junit.platform.launcher.core.EngineExecutionOrchestrator.lambda$execute$0(EngineExecutionOrchestrator.java:54)
	at org.junit.platform.launcher.core.EngineExecutionOrchestrator.withInterceptedStreams(EngineExecutionOrchestrator.java:67)
	at org.junit.platform.launcher.core.EngineExecutionOrchestrator.execute(EngineExecutionOrchestrator.java:52)
	at org.junit.platform.launcher.core.DefaultLauncher.execute(DefaultLauncher.java:96)
	at org.junit.platform.launcher.core.DefaultLauncher.execute(DefaultLauncher.java:75)
	at org.apache.maven.surefire.junitplatform.JUnitPlatformProvider.invokeAllTests(JUnitPlatformProvider.java:154)
	at org.apache.maven.surefire.junitplatform.JUnitPlatformProvider.invoke(JUnitPlatformProvider.java:127)
	at org.apache.maven.surefire.booter.ForkedBooter.runSuitesInProcess(ForkedBooter.java:377)
	at org.apache.maven.surefire.booter.ForkedBooter.execute(ForkedBooter.java:138)
	at org.apache.maven.surefire.booter.ForkedBooter.run(ForkedBooter.java:465)
	at org.apache.maven.surefire.booter.ForkedBooter.main(ForkedBooter.java:451)
Caused by: org.testcontainers.containers.ContainerFetchException: Can't get Docker image: RemoteDockerImage(imageName=postgres:9, imagePullPolicy=DefaultPullPolicy())
	at org.testcontainers.containers.GenericContainer.getDockerImageName(GenericContainer.java:1279)
	at org.testcontainers.containers.GenericContainer.logger(GenericContainer.java:613)
	at org.testcontainers.containers.GenericContainer.doStart(GenericContainer.java:320)
	... 52 more
Caused by: java.lang.IllegalStateException: Previous attempts to find a Docker environment failed. Will not retry. Please see logs and check configuration
	at org.testcontainers.dockerclient.DockerClientProviderStrategy.getFirstValidStrategy(DockerClientProviderStrategy.java:83)
	at org.testcontainers.DockerClientFactory.getOrInitializeStrategy(DockerClientFactory.java:126)
	at org.testcontainers.DockerClientFactory.client(DockerClientFactory.java:147)
	at org.testcontainers.LazyDockerClient.getDockerClient(LazyDockerClient.java:14)
	at org.testcontainers.LazyDockerClient.inspectImageCmd(LazyDockerClient.java:12)
	at org.testcontainers.images.LocalImagesCache.refreshCache(LocalImagesCache.java:42)
	at org.testcontainers.images.AbstractImagePullPolicy.shouldPull(AbstractImagePullPolicy.java:24)
	at org.testcontainers.images.RemoteDockerImage.resolve(RemoteDockerImage.java:59)
	at org.testcontainers.images.RemoteDockerImage.resolve(RemoteDockerImage.java:26)
	at org.testcontainers.utility.LazyFuture.getResolvedValue(LazyFuture.java:20)
	at org.testcontainers.utility.LazyFuture.get(LazyFuture.java:27)
	at org.testcontainers.containers.GenericContainer.getDockerImageName(GenericContainer.java:1277)
	... 54 more

[INFO] Tests run: 0, Failures: 0, Errors: 0, Skipped: 0, Time elapsed: 0.004 s - in com.gruelbox.transactionoutbox.acceptance.TestPostgres9
[INFO] Running com.gruelbox.transactionoutbox.acceptance.TestMySql8
Feb 05, 2023 4:59:39 AM org.junit.jupiter.engine.execution.JupiterEngineExecutionContext close
SEVERE: Caught exception while closing extension context: org.junit.jupiter.engine.descriptor.ClassExtensionContext@5a6d30e2
org.testcontainers.containers.ContainerLaunchException: Container startup failed
	at org.testcontainers.containers.GenericContainer.doStart(GenericContainer.java:330)
	at org.testcontainers.containers.GenericContainer.start(GenericContainer.java:311)
	at org.testcontainers.junit.jupiter.TestcontainersExtension$StoreAdapter.start(TestcontainersExtension.java:242)
	at org.testcontainers.junit.jupiter.TestcontainersExtension$StoreAdapter.access$200(TestcontainersExtension.java:229)
	at org.testcontainers.junit.jupiter.TestcontainersExtension.lambda$null$1(TestcontainersExtension.java:59)
	at org.junit.jupiter.engine.execution.ExtensionValuesStore.lambda$getOrComputeIfAbsent$4(ExtensionValuesStore.java:86)
	at org.junit.jupiter.engine.execution.ExtensionValuesStore$MemoizingSupplier.get(ExtensionValuesStore.java:205)
	at org.junit.jupiter.engine.execution.ExtensionValuesStore$StoredValue.evaluate(ExtensionValuesStore.java:182)
	at org.junit.jupiter.engine.execution.ExtensionValuesStore$StoredValue.access$100(ExtensionValuesStore.java:171)
	at org.junit.jupiter.engine.execution.ExtensionValuesStore.lambda$closeAllStoredCloseableValues$1(ExtensionValuesStore.java:65)
	at java.base/java.util.stream.ReferencePipeline$2$1.accept(ReferencePipeline.java:176)
	at java.base/java.util.concurrent.ConcurrentHashMap$ValueSpliterator.forEachRemaining(ConcurrentHashMap.java:3603)
	at java.base/java.util.stream.AbstractPipeline.copyInto(AbstractPipeline.java:484)
	at java.base/java.util.stream.AbstractPipeline.wrapAndCopyInto(AbstractPipeline.java:474)
	at java.base/java.util.stream.ForEachOps$ForEachOp.evaluateSequential(ForEachOps.java:150)
	at java.base/java.util.stream.ForEachOps$ForEachOp$OfRef.evaluateSequential(ForEachOps.java:173)
	at java.base/java.util.stream.AbstractPipeline.evaluate(AbstractPipeline.java:234)
	at java.base/java.util.stream.ReferencePipeline.forEach(ReferencePipeline.java:497)
	at org.junit.jupiter.engine.execution.ExtensionValuesStore.closeAllStoredCloseableValues(ExtensionValuesStore.java:68)
	at org.junit.jupiter.engine.descriptor.AbstractExtensionContext.close(AbstractExtensionContext.java:74)
	at org.junit.jupiter.engine.execution.JupiterEngineExecutionContext.close(JupiterEngineExecutionContext.java:53)
	at org.junit.jupiter.engine.descriptor.JupiterTestDescriptor.cleanUp(JupiterTestDescriptor.java:222)
	at org.junit.jupiter.engine.descriptor.JupiterTestDescriptor.cleanUp(JupiterTestDescriptor.java:57)
	at org.junit.platform.engine.support.hierarchical.NodeTestTask.lambda$cleanUp$9(NodeTestTask.java:155)
	at org.junit.platform.engine.support.hierarchical.ThrowableCollector.execute(ThrowableCollector.java:73)
	at org.junit.platform.engine.support.hierarchical.NodeTestTask.cleanUp(NodeTestTask.java:155)
	at org.junit.platform.engine.support.hierarchical.NodeTestTask.execute(NodeTestTask.java:87)
	at java.base/java.util.ArrayList.forEach(ArrayList.java:1541)
	at org.junit.platform.engine.support.hierarchical.SameThreadHierarchicalTestExecutorService.invokeAll(SameThreadHierarchicalTestExecutorService.java:38)
	at org.junit.platform.engine.support.hierarchical.NodeTestTask.lambda$executeRecursively$5(NodeTestTask.java:143)
	at org.junit.platform.engine.support.hierarchical.ThrowableCollector.execute(ThrowableCollector.java:73)
	at org.junit.platform.engine.support.hierarchical.NodeTestTask.lambda$executeRecursively$7(NodeTestTask.java:129)
	at org.junit.platform.engine.support.hierarchical.Node.around(Node.java:137)
	at org.junit.platform.engine.support.hierarchical.NodeTestTask.lambda$executeRecursively$8(NodeTestTask.java:127)
	at org.junit.platform.engine.support.hierarchical.ThrowableCollector.execute(ThrowableCollector.java:73)
	at org.junit.platform.engine.support.hierarchical.NodeTestTask.executeRecursively(NodeTestTask.java:126)
	at org.junit.platform.engine.support.hierarchical.NodeTestTask.execute(NodeTestTask.java:84)
	at org.junit.platform.engine.support.hierarchical.SameThreadHierarchicalTestExecutorService.submit(SameThreadHierarchicalTestExecutorService.java:32)
	at org.junit.platform.engine.support.hierarchical.HierarchicalTestExecutor.execute(HierarchicalTestExecutor.java:57)
	at org.junit.platform.engine.support.hierarchical.HierarchicalTestEngine.execute(HierarchicalTestEngine.java:51)
	at org.junit.platform.launcher.core.EngineExecutionOrchestrator.execute(EngineExecutionOrchestrator.java:108)
	at org.junit.platform.launcher.core.EngineExecutionOrchestrator.execute(EngineExecutionOrchestrator.java:88)
	at org.junit.platform.launcher.core.EngineExecutionOrchestrator.lambda$execute$0(EngineExecutionOrchestrator.java:54)
	at org.junit.platform.launcher.core.EngineExecutionOrchestrator.withInterceptedStreams(EngineExecutionOrchestrator.java:67)
	at org.junit.platform.launcher.core.EngineExecutionOrchestrator.execute(EngineExecutionOrchestrator.java:52)
	at org.junit.platform.launcher.core.DefaultLauncher.execute(DefaultLauncher.java:96)
	at org.junit.platform.launcher.core.DefaultLauncher.execute(DefaultLauncher.java:75)
	at org.apache.maven.surefire.junitplatform.JUnitPlatformProvider.invokeAllTests(JUnitPlatformProvider.java:154)
	at org.apache.maven.surefire.junitplatform.JUnitPlatformProvider.invoke(JUnitPlatformProvider.java:127)
	at org.apache.maven.surefire.booter.ForkedBooter.runSuitesInProcess(ForkedBooter.java:377)
	at org.apache.maven.surefire.booter.ForkedBooter.execute(ForkedBooter.java:138)
	at org.apache.maven.surefire.booter.ForkedBooter.run(ForkedBooter.java:465)
	at org.apache.maven.surefire.booter.ForkedBooter.main(ForkedBooter.java:451)
Caused by: org.testcontainers.containers.ContainerFetchException: Can't get Docker image: RemoteDockerImage(imageName=mysql:8, imagePullPolicy=DefaultPullPolicy())
	at org.testcontainers.containers.GenericContainer.getDockerImageName(GenericContainer.java:1279)
	at org.testcontainers.containers.GenericContainer.logger(GenericContainer.java:613)
	at org.testcontainers.containers.GenericContainer.doStart(GenericContainer.java:320)
	... 52 more
Caused by: java.lang.IllegalStateException: Previous attempts to find a Docker environment failed. Will not retry. Please see logs and check configuration
	at org.testcontainers.dockerclient.DockerClientProviderStrategy.getFirstValidStrategy(DockerClientProviderStrategy.java:83)
	at org.testcontainers.DockerClientFactory.getOrInitializeStrategy(DockerClientFactory.java:126)
	at org.testcontainers.DockerClientFactory.client(DockerClientFactory.java:147)
	at org.testcontainers.LazyDockerClient.getDockerClient(LazyDockerClient.java:14)
	at org.testcontainers.LazyDockerClient.inspectImageCmd(LazyDockerClient.java:12)
	at org.testcontainers.images.LocalImagesCache.refreshCache(LocalImagesCache.java:42)
	at org.testcontainers.images.AbstractImagePullPolicy.shouldPull(AbstractImagePullPolicy.java:24)
	at org.testcontainers.images.RemoteDockerImage.resolve(RemoteDockerImage.java:59)
	at org.testcontainers.images.RemoteDockerImage.resolve(RemoteDockerImage.java:26)
	at org.testcontainers.utility.LazyFuture.getResolvedValue(LazyFuture.java:20)
	at org.testcontainers.utility.LazyFuture.get(LazyFuture.java:27)
	at org.testcontainers.containers.GenericContainer.getDockerImageName(GenericContainer.java:1277)
	... 54 more

[INFO] Tests run: 0, Failures: 0, Errors: 0, Skipped: 0, Time elapsed: 0.005 s - in com.gruelbox.transactionoutbox.acceptance.TestMySql8
[INFO] Running com.gruelbox.transactionoutbox.acceptance.TestMySql5
Feb 05, 2023 4:59:39 AM org.junit.jupiter.engine.execution.JupiterEngineExecutionContext close
SEVERE: Caught exception while closing extension context: org.junit.jupiter.engine.descriptor.ClassExtensionContext@296e281a
org.testcontainers.containers.ContainerLaunchException: Container startup failed
	at org.testcontainers.containers.GenericContainer.doStart(GenericContainer.java:330)
	at org.testcontainers.containers.GenericContainer.start(GenericContainer.java:311)
	at org.testcontainers.junit.jupiter.TestcontainersExtension$StoreAdapter.start(TestcontainersExtension.java:242)
	at org.testcontainers.junit.jupiter.TestcontainersExtension$StoreAdapter.access$200(TestcontainersExtension.java:229)
	at org.testcontainers.junit.jupiter.TestcontainersExtension.lambda$null$1(TestcontainersExtension.java:59)
	at org.junit.jupiter.engine.execution.ExtensionValuesStore.lambda$getOrComputeIfAbsent$4(ExtensionValuesStore.java:86)
	at org.junit.jupiter.engine.execution.ExtensionValuesStore$MemoizingSupplier.get(ExtensionValuesStore.java:205)
	at org.junit.jupiter.engine.execution.ExtensionValuesStore$StoredValue.evaluate(ExtensionValuesStore.java:182)
	at org.junit.jupiter.engine.execution.ExtensionValuesStore$StoredValue.access$100(ExtensionValuesStore.java:171)
	at org.junit.jupiter.engine.execution.ExtensionValuesStore.lambda$closeAllStoredCloseableValues$1(ExtensionValuesStore.java:65)
	at java.base/java.util.stream.ReferencePipeline$2$1.accept(ReferencePipeline.java:176)
	at java.base/java.util.concurrent.ConcurrentHashMap$ValueSpliterator.forEachRemaining(ConcurrentHashMap.java:3603)
	at java.base/java.util.stream.AbstractPipeline.copyInto(AbstractPipeline.java:484)
	at java.base/java.util.stream.AbstractPipeline.wrapAndCopyInto(AbstractPipeline.java:474)
	at java.base/java.util.stream.ForEachOps$ForEachOp.evaluateSequential(ForEachOps.java:150)
	at java.base/java.util.stream.ForEachOps$ForEachOp$OfRef.evaluateSequential(ForEachOps.java:173)
	at java.base/java.util.stream.AbstractPipeline.evaluate(AbstractPipeline.java:234)
	at java.base/java.util.stream.ReferencePipeline.forEach(ReferencePipeline.java:497)
	at org.junit.jupiter.engine.execution.ExtensionValuesStore.closeAllStoredCloseableValues(ExtensionValuesStore.java:68)
	at org.junit.jupiter.engine.descriptor.AbstractExtensionContext.close(AbstractExtensionContext.java:74)
	at org.junit.jupiter.engine.execution.JupiterEngineExecutionContext.close(JupiterEngineExecutionContext.java:53)
	at org.junit.jupiter.engine.descriptor.JupiterTestDescriptor.cleanUp(JupiterTestDescriptor.java:222)
	at org.junit.jupiter.engine.descriptor.JupiterTestDescriptor.cleanUp(JupiterTestDescriptor.java:57)
	at org.junit.platform.engine.support.hierarchical.NodeTestTask.lambda$cleanUp$9(NodeTestTask.java:155)
	at org.junit.platform.engine.support.hierarchical.ThrowableCollector.execute(ThrowableCollector.java:73)
	at org.junit.platform.engine.support.hierarchical.NodeTestTask.cleanUp(NodeTestTask.java:155)
	at org.junit.platform.engine.support.hierarchical.NodeTestTask.execute(NodeTestTask.java:87)
	at java.base/java.util.ArrayList.forEach(ArrayList.java:1541)
	at org.junit.platform.engine.support.hierarchical.SameThreadHierarchicalTestExecutorService.invokeAll(SameThreadHierarchicalTestExecutorService.java:38)
	at org.junit.platform.engine.support.hierarchical.NodeTestTask.lambda$executeRecursively$5(NodeTestTask.java:143)
	at org.junit.platform.engine.support.hierarchical.ThrowableCollector.execute(ThrowableCollector.java:73)
	at org.junit.platform.engine.support.hierarchical.NodeTestTask.lambda$executeRecursively$7(NodeTestTask.java:129)
	at org.junit.platform.engine.support.hierarchical.Node.around(Node.java:137)
	at org.junit.platform.engine.support.hierarchical.NodeTestTask.lambda$executeRecursively$8(NodeTestTask.java:127)
	at org.junit.platform.engine.support.hierarchical.ThrowableCollector.execute(ThrowableCollector.java:73)
	at org.junit.platform.engine.support.hierarchical.NodeTestTask.executeRecursively(NodeTestTask.java:126)
	at org.junit.platform.engine.support.hierarchical.NodeTestTask.execute(NodeTestTask.java:84)
	at org.junit.platform.engine.support.hierarchical.SameThreadHierarchicalTestExecutorService.submit(SameThreadHierarchicalTestExecutorService.java:32)
	at org.junit.platform.engine.support.hierarchical.HierarchicalTestExecutor.execute(HierarchicalTestExecutor.java:57)
	at org.junit.platform.engine.support.hierarchical.HierarchicalTestEngine.execute(HierarchicalTestEngine.java:51)
	at org.junit.platform.launcher.core.EngineExecutionOrchestrator.execute(EngineExecutionOrchestrator.java:108)
	at org.junit.platform.launcher.core.EngineExecutionOrchestrator.execute(EngineExecutionOrchestrator.java:88)
	at org.junit.platform.launcher.core.EngineExecutionOrchestrator.lambda$execute$0(EngineExecutionOrchestrator.java:54)
	at org.junit.platform.launcher.core.EngineExecutionOrchestrator.withInterceptedStreams(EngineExecutionOrchestrator.java:67)
	at org.junit.platform.launcher.core.EngineExecutionOrchestrator.execute(EngineExecutionOrchestrator.java:52)
	at org.junit.platform.launcher.core.DefaultLauncher.execute(DefaultLauncher.java:96)
	at org.junit.platform.launcher.core.DefaultLauncher.execute(DefaultLauncher.java:75)
	at org.apache.maven.surefire.junitplatform.JUnitPlatformProvider.invokeAllTests(JUnitPlatformProvider.java:154)
	at org.apache.maven.surefire.junitplatform.JUnitPlatformProvider.invoke(JUnitPlatformProvider.java:127)
	at org.apache.maven.surefire.booter.ForkedBooter.runSuitesInProcess(ForkedBooter.java:377)
	at org.apache.maven.surefire.booter.ForkedBooter.execute(ForkedBooter.java:138)
	at org.apache.maven.surefire.booter.ForkedBooter.run(ForkedBooter.java:465)
	at org.apache.maven.surefire.booter.ForkedBooter.main(ForkedBooter.java:451)
Caused by: org.testcontainers.containers.ContainerFetchException: Can't get Docker image: RemoteDockerImage(imageName=mysql:5, imagePullPolicy=DefaultPullPolicy())
	at org.testcontainers.containers.GenericContainer.getDockerImageName(GenericContainer.java:1279)
	at org.testcontainers.containers.GenericContainer.logger(GenericContainer.java:613)
	at org.testcontainers.containers.GenericContainer.doStart(GenericContainer.java:320)
	... 52 more
Caused by: java.lang.IllegalStateException: Previous attempts to find a Docker environment failed. Will not retry. Please see logs and check configuration
	at org.testcontainers.dockerclient.DockerClientProviderStrategy.getFirstValidStrategy(DockerClientProviderStrategy.java:83)
	at org.testcontainers.DockerClientFactory.getOrInitializeStrategy(DockerClientFactory.java:126)
	at org.testcontainers.DockerClientFactory.client(DockerClientFactory.java:147)
	at org.testcontainers.LazyDockerClient.getDockerClient(LazyDockerClient.java:14)
	at org.testcontainers.LazyDockerClient.inspectImageCmd(LazyDockerClient.java:12)
	at org.testcontainers.images.LocalImagesCache.refreshCache(LocalImagesCache.java:42)
	at org.testcontainers.images.AbstractImagePullPolicy.shouldPull(AbstractImagePullPolicy.java:24)
	at org.testcontainers.images.RemoteDockerImage.resolve(RemoteDockerImage.java:59)
	at org.testcontainers.images.RemoteDockerImage.resolve(RemoteDockerImage.java:26)
	at org.testcontainers.utility.LazyFuture.getResolvedValue(LazyFuture.java:20)
	at org.testcontainers.utility.LazyFuture.get(LazyFuture.java:27)
	at org.testcontainers.containers.GenericContainer.getDockerImageName(GenericContainer.java:1277)
	... 54 more

[INFO] Tests run: 0, Failures: 0, Errors: 0, Skipped: 0, Time elapsed: 0.003 s - in com.gruelbox.transactionoutbox.acceptance.TestMySql5
[INFO] Running com.gruelbox.transactionoutbox.acceptance.TestPostgres11
Feb 05, 2023 4:59:39 AM org.junit.jupiter.engine.execution.JupiterEngineExecutionContext close
SEVERE: Caught exception while closing extension context: org.junit.jupiter.engine.descriptor.ClassExtensionContext@6342d610
org.testcontainers.containers.ContainerLaunchException: Container startup failed
	at org.testcontainers.containers.GenericContainer.doStart(GenericContainer.java:330)
	at org.testcontainers.containers.GenericContainer.start(GenericContainer.java:311)
	at org.testcontainers.junit.jupiter.TestcontainersExtension$StoreAdapter.start(TestcontainersExtension.java:242)
	at org.testcontainers.junit.jupiter.TestcontainersExtension$StoreAdapter.access$200(TestcontainersExtension.java:229)
	at org.testcontainers.junit.jupiter.TestcontainersExtension.lambda$null$1(TestcontainersExtension.java:59)
	at org.junit.jupiter.engine.execution.ExtensionValuesStore.lambda$getOrComputeIfAbsent$4(ExtensionValuesStore.java:86)
	at org.junit.jupiter.engine.execution.ExtensionValuesStore$MemoizingSupplier.get(ExtensionValuesStore.java:205)
	at org.junit.jupiter.engine.execution.ExtensionValuesStore$StoredValue.evaluate(ExtensionValuesStore.java:182)
	at org.junit.jupiter.engine.execution.ExtensionValuesStore$StoredValue.access$100(ExtensionValuesStore.java:171)
	at org.junit.jupiter.engine.execution.ExtensionValuesStore.lambda$closeAllStoredCloseableValues$1(ExtensionValuesStore.java:65)
	at java.base/java.util.stream.ReferencePipeline$2$1.accept(ReferencePipeline.java:176)
	at java.base/java.util.concurrent.ConcurrentHashMap$ValueSpliterator.forEachRemaining(ConcurrentHashMap.java:3603)
	at java.base/java.util.stream.AbstractPipeline.copyInto(AbstractPipeline.java:484)
	at java.base/java.util.stream.AbstractPipeline.wrapAndCopyInto(AbstractPipeline.java:474)
	at java.base/java.util.stream.ForEachOps$ForEachOp.evaluateSequential(ForEachOps.java:150)
	at java.base/java.util.stream.ForEachOps$ForEachOp$OfRef.evaluateSequential(ForEachOps.java:173)
	at java.base/java.util.stream.AbstractPipeline.evaluate(AbstractPipeline.java:234)
	at java.base/java.util.stream.ReferencePipeline.forEach(ReferencePipeline.java:497)
	at org.junit.jupiter.engine.execution.ExtensionValuesStore.closeAllStoredCloseableValues(ExtensionValuesStore.java:68)
	at org.junit.jupiter.engine.descriptor.AbstractExtensionContext.close(AbstractExtensionContext.java:74)
	at org.junit.jupiter.engine.execution.JupiterEngineExecutionContext.close(JupiterEngineExecutionContext.java:53)
	at org.junit.jupiter.engine.descriptor.JupiterTestDescriptor.cleanUp(JupiterTestDescriptor.java:222)
	at org.junit.jupiter.engine.descriptor.JupiterTestDescriptor.cleanUp(JupiterTestDescriptor.java:57)
	at org.junit.platform.engine.support.hierarchical.NodeTestTask.lambda$cleanUp$9(NodeTestTask.java:155)
	at org.junit.platform.engine.support.hierarchical.ThrowableCollector.execute(ThrowableCollector.java:73)
	at org.junit.platform.engine.support.hierarchical.NodeTestTask.cleanUp(NodeTestTask.java:155)
	at org.junit.platform.engine.support.hierarchical.NodeTestTask.execute(NodeTestTask.java:87)
	at java.base/java.util.ArrayList.forEach(ArrayList.java:1541)
	at org.junit.platform.engine.support.hierarchical.SameThreadHierarchicalTestExecutorService.invokeAll(SameThreadHierarchicalTestExecutorService.java:38)
	at org.junit.platform.engine.support.hierarchical.NodeTestTask.lambda$executeRecursively$5(NodeTestTask.java:143)
	at org.junit.platform.engine.support.hierarchical.ThrowableCollector.execute(ThrowableCollector.java:73)
	at org.junit.platform.engine.support.hierarchical.NodeTestTask.lambda$executeRecursively$7(NodeTestTask.java:129)
	at org.junit.platform.engine.support.hierarchical.Node.around(Node.java:137)
	at org.junit.platform.engine.support.hierarchical.NodeTestTask.lambda$executeRecursively$8(NodeTestTask.java:127)
	at org.junit.platform.engine.support.hierarchical.ThrowableCollector.execute(ThrowableCollector.java:73)
	at org.junit.platform.engine.support.hierarchical.NodeTestTask.executeRecursively(NodeTestTask.java:126)
	at org.junit.platform.engine.support.hierarchical.NodeTestTask.execute(NodeTestTask.java:84)
	at org.junit.platform.engine.support.hierarchical.SameThreadHierarchicalTestExecutorService.submit(SameThreadHierarchicalTestExecutorService.java:32)
	at org.junit.platform.engine.support.hierarchical.HierarchicalTestExecutor.execute(HierarchicalTestExecutor.java:57)
	at org.junit.platform.engine.support.hierarchical.HierarchicalTestEngine.execute(HierarchicalTestEngine.java:51)
	at org.junit.platform.launcher.core.EngineExecutionOrchestrator.execute(EngineExecutionOrchestrator.java:108)
	at org.junit.platform.launcher.core.EngineExecutionOrchestrator.execute(EngineExecutionOrchestrator.java:88)
	at org.junit.platform.launcher.core.EngineExecutionOrchestrator.lambda$execute$0(EngineExecutionOrchestrator.java:54)
	at org.junit.platform.launcher.core.EngineExecutionOrchestrator.withInterceptedStreams(EngineExecutionOrchestrator.java:67)
	at org.junit.platform.launcher.core.EngineExecutionOrchestrator.execute(EngineExecutionOrchestrator.java:52)
	at org.junit.platform.launcher.core.DefaultLauncher.execute(DefaultLauncher.java:96)
	at org.junit.platform.launcher.core.DefaultLauncher.execute(DefaultLauncher.java:75)
	at org.apache.maven.surefire.junitplatform.JUnitPlatformProvider.invokeAllTests(JUnitPlatformProvider.java:154)
	at org.apache.maven.surefire.junitplatform.JUnitPlatformProvider.invoke(JUnitPlatformProvider.java:127)
	at org.apache.maven.surefire.booter.ForkedBooter.runSuitesInProcess(ForkedBooter.java:377)
	at org.apache.maven.surefire.booter.ForkedBooter.execute(ForkedBooter.java:138)
	at org.apache.maven.surefire.booter.ForkedBooter.run(ForkedBooter.java:465)
	at org.apache.maven.surefire.booter.ForkedBooter.main(ForkedBooter.java:451)
Caused by: org.testcontainers.containers.ContainerFetchException: Can't get Docker image: RemoteDockerImage(imageName=postgres:11, imagePullPolicy=DefaultPullPolicy())
	at org.testcontainers.containers.GenericContainer.getDockerImageName(GenericContainer.java:1279)
	at org.testcontainers.containers.GenericContainer.logger(GenericContainer.java:613)
	at org.testcontainers.containers.GenericContainer.doStart(GenericContainer.java:320)
	... 52 more
Caused by: java.lang.IllegalStateException: Previous attempts to find a Docker environment failed. Will not retry. Please see logs and check configuration
	at org.testcontainers.dockerclient.DockerClientProviderStrategy.getFirstValidStrategy(DockerClientProviderStrategy.java:83)
	at org.testcontainers.DockerClientFactory.getOrInitializeStrategy(DockerClientFactory.java:126)
	at org.testcontainers.DockerClientFactory.client(DockerClientFactory.java:147)
	at org.testcontainers.LazyDockerClient.getDockerClient(LazyDockerClient.java:14)
	at org.testcontainers.LazyDockerClient.inspectImageCmd(LazyDockerClient.java:12)
	at org.testcontainers.images.LocalImagesCache.refreshCache(LocalImagesCache.java:42)
	at org.testcontainers.images.AbstractImagePullPolicy.shouldPull(AbstractImagePullPolicy.java:24)
	at org.testcontainers.images.RemoteDockerImage.resolve(RemoteDockerImage.java:59)
	at org.testcontainers.images.RemoteDockerImage.resolve(RemoteDockerImage.java:26)
	at org.testcontainers.utility.LazyFuture.getResolvedValue(LazyFuture.java:20)
	at org.testcontainers.utility.LazyFuture.get(LazyFuture.java:27)
	at org.testcontainers.containers.GenericContainer.getDockerImageName(GenericContainer.java:1277)
	... 54 more

[INFO] Tests run: 0, Failures: 0, Errors: 0, Skipped: 0, Time elapsed: 0.003 s - in com.gruelbox.transactionoutbox.acceptance.TestPostgres11
[INFO] Running com.gruelbox.transactionoutbox.acceptance.TestMDC
04:59:39.117 [pool-12-thread-1] INFO  SESSION-KEY= c.g.t.TransactionOutbox - Processing com.gruelbox.transactionoutbox.acceptance.InterfaceProcessor.process(3, "Whee") [ea4a4820-edb6-4083-b4b8-49c0c54ab3d3]
04:59:39.117 [pool-12-thread-1] INFO  SESSION-KEY=Foo c.g.t.a.TestMDC - Processing (3, Whee)
04:59:39.117 [pool-12-thread-1] INFO  SESSION-KEY= c.g.t.TransactionOutbox - Processed com.gruelbox.transactionoutbox.acceptance.InterfaceProcessor.process(3, "Whee") [ea4a4820-edb6-4083-b4b8-49c0c54ab3d3]
[INFO] Tests run: 1, Failures: 0, Errors: 0, Skipped: 0, Time elapsed: 0.011 s - in com.gruelbox.transactionoutbox.acceptance.TestMDC
[INFO] Running com.gruelbox.transactionoutbox.TestDefaultInvocationSerializer
04:59:39.135 [main] WARN  SESSION-KEY= c.g.t.DefaultInvocationSerializer - Serializing as deprecated version 1
04:59:39.135 [main] INFO  SESSION-KEY= c.g.t.TestDefaultInvocationSerializer - Serialised as: {"c":"foo","m":"bar","p":[{"t":"Byte","v":1},{"t":"Short","v":2},{"t":"Integer","v":3},{"t":"Long","v":4},{"t":"Float","v":1.23},{"t":"Double","v":1.23},{"t":"Boolean","v":true},{"t":"Character","v":"-"},{"t":"String","v":"Foo"}]}
04:59:39.135 [main] WARN  SESSION-KEY= c.g.t.DefaultInvocationSerializer - Serializing as deprecated version 1
04:59:39.136 [main] INFO  SESSION-KEY= c.g.t.TestDefaultInvocationSerializer - Serialised as: {"c":"foo","m":"bar","p":[{"t":"Byte","v":1},{"t":"Short","v":2},{"t":"Integer","v":3},{"t":"Long","v":4},{"t":"Float","v":1.23},{"t":"Double","v":1.23},{"t":"Boolean","v":true},{"t":"Character","v":"-"},{"t":"String","v":"Foo"}]}
04:59:39.137 [main] WARN  SESSION-KEY= c.g.t.DefaultInvocationSerializer - Serializing as deprecated version 1
04:59:39.137 [main] INFO  SESSION-KEY= c.g.t.TestDefaultInvocationSerializer - Serialised as: {"c":"foo","m":"bar","p":[{"t":"byte","v":1},{"t":"short","v":2},{"t":"int","v":3},{"t":"long","v":4},{"t":"float","v":1.23},{"t":"double","v":1.23},{"t":"boolean","v":true},{"t":"char","v":"-"}]}
04:59:39.138 [main] WARN  SESSION-KEY= c.g.t.DefaultInvocationSerializer - Serializing as deprecated version 1
04:59:39.138 [main] INFO  SESSION-KEY= c.g.t.TestDefaultInvocationSerializer - Serialised as: {"c":"foo","m":"bar","p":[{"t":"byte","v":1},{"t":"short","v":2},{"t":"int","v":3},{"t":"long","v":4},{"t":"float","v":1.23},{"t":"double","v":1.23},{"t":"boolean","v":true},{"t":"char","v":"-"}]}
04:59:39.138 [main] WARN  SESSION-KEY= c.g.t.DefaultInvocationSerializer - Serializing as deprecated version 1
04:59:39.140 [main] INFO  SESSION-KEY= c.g.t.TestDefaultInvocationSerializer - Serialised as: {"c":"foo","m":"bar","p":[{"t":"Integer","v":1}],"x":{"B":"2","A":"1"}}
04:59:39.140 [main] WARN  SESSION-KEY= c.g.t.DefaultInvocationSerializer - Serializing as deprecated version 1
04:59:39.140 [main] INFO  SESSION-KEY= c.g.t.TestDefaultInvocationSerializer - Serialised as: {"c":"foo","m":"bar","p":[{"t":"Integer","v":1}],"x":{"B":"2","A":"1"}}
04:59:39.141 [main] WARN  SESSION-KEY= c.g.t.DefaultInvocationSerializer - Serializing as deprecated version 1
04:59:39.142 [main] INFO  SESSION-KEY= c.g.t.TestDefaultInvocationSerializer - Serialised as: {"c":"foo","m":"bar","p":[{"t":"DayOfWeek","v":"FRIDAY"},{"t":"Month","v":"APRIL"},{"t":"ChronoUnit","v":"DAYS"}]}
04:59:39.142 [main] WARN  SESSION-KEY= c.g.t.DefaultInvocationSerializer - Serializing as deprecated version 1
04:59:39.142 [main] INFO  SESSION-KEY= c.g.t.TestDefaultInvocationSerializer - Serialised as: {"c":"foo","m":"bar","p":[{"t":"DayOfWeek","v":"FRIDAY"},{"t":"Month","v":"APRIL"},{"t":"ChronoUnit","v":"DAYS"}]}
04:59:39.142 [main] WARN  SESSION-KEY= c.g.t.DefaultInvocationSerializer - Serializing as deprecated version 1
04:59:39.142 [main] INFO  SESSION-KEY= c.g.t.TestDefaultInvocationSerializer - Serialised as: {"c":"foo","m":"bar","p":[{"t":"Date","v":"2023-02-05T04:59:39.142Z"}]}
04:59:39.143 [main] WARN  SESSION-KEY= c.g.t.DefaultInvocationSerializer - Serializing as deprecated version 1
04:59:39.143 [main] INFO  SESSION-KEY= c.g.t.TestDefaultInvocationSerializer - Serialised as: {"c":"foo","m":"bar","p":[{"t":"Date","v":"2023-02-05T04:59:39.142Z"}]}
04:59:39.143 [main] WARN  SESSION-KEY= c.g.t.DefaultInvocationSerializer - Serializing as deprecated version 1
04:59:39.144 [main] INFO  SESSION-KEY= c.g.t.TestDefaultInvocationSerializer - Serialised as: {"c":"foo","m":"bar","p":[{"t":"com.gruelbox.transactionoutbox.TestDefaultInvocationSerializer$ExampleCustomClass","v":{"arg1":"Foo","arg2":"Bar"}},{"t":"com.gruelbox.transactionoutbox.TestDefaultInvocationSerializer$ExampleCustomClass","v":{"arg1":"Bish","arg2":"Bash"}}]}
04:59:39.145 [main] WARN  SESSION-KEY= c.g.t.DefaultInvocationSerializer - Serializing as deprecated version 1
04:59:39.145 [main] INFO  SESSION-KEY= c.g.t.TestDefaultInvocationSerializer - Serialised as: {"c":"foo","m":"bar","p":[{"t":"com.gruelbox.transactionoutbox.TestDefaultInvocationSerializer$ExampleCustomClass","v":{"arg1":"Foo","arg2":"Bar"}},{"t":"com.gruelbox.transactionoutbox.TestDefaultInvocationSerializer$ExampleCustomClass","v":{"arg1":"Bish","arg2":"Bash"}}]}
04:59:39.145 [main] WARN  SESSION-KEY= c.g.t.DefaultInvocationSerializer - Serializing as deprecated version 1
04:59:39.146 [main] INFO  SESSION-KEY= c.g.t.TestDefaultInvocationSerializer - Serialised as: {"c":"foo","m":"bar","p":[{"t":"[I","v":[1,2,3]}]}
04:59:39.146 [main] WARN  SESSION-KEY= c.g.t.DefaultInvocationSerializer - Serializing as deprecated version 1
04:59:39.146 [main] INFO  SESSION-KEY= c.g.t.TestDefaultInvocationSerializer - Serialised as: {"c":"foo","m":"bar","p":[{"t":"[I","v":[1,2,3]}]}
04:59:39.146 [main] WARN  SESSION-KEY= c.g.t.DefaultInvocationSerializer - Serializing as deprecated version 1
04:59:39.146 [main] INFO  SESSION-KEY= c.g.t.TestDefaultInvocationSerializer - Serialised as: {"c":"foo","m":"bar","p":[{"t":"[Ljava.lang.Integer;","v":[1,2,3]}]}
04:59:39.146 [main] WARN  SESSION-KEY= c.g.t.DefaultInvocationSerializer - Serializing as deprecated version 1
04:59:39.146 [main] INFO  SESSION-KEY= c.g.t.TestDefaultInvocationSerializer - Serialised as: {"c":"foo","m":"bar","p":[{"t":"[Ljava.lang.Integer;","v":[1,2,3]}]}
04:59:39.146 [main] WARN  SESSION-KEY= c.g.t.DefaultInvocationSerializer - Serializing as deprecated version 1
04:59:39.146 [main] INFO  SESSION-KEY= c.g.t.TestDefaultInvocationSerializer - Serialised as: {"c":"foo","m":"bar","p":[{"t":"[Ljava.lang.String;","v":["1","2","3"]}]}
04:59:39.146 [main] WARN  SESSION-KEY= c.g.t.DefaultInvocationSerializer - Serializing as deprecated version 1
04:59:39.146 [main] INFO  SESSION-KEY= c.g.t.TestDefaultInvocationSerializer - Serialised as: {"c":"foo","m":"bar","p":[{"t":"[Ljava.lang.String;","v":["1","2","3"]}]}
04:59:39.149 [main] WARN  SESSION-KEY= c.g.t.DefaultInvocationSerializer - Serializing as deprecated version 1
04:59:39.151 [main] INFO  SESSION-KEY= c.g.t.TestDefaultInvocationSerializer - Serialised as: {"c":"foo","m":"bar","p":[{"t":"Duration","v":{"seconds":86400,"nanos":0}},{"t":"Instant","v":{"seconds":1675573179,"nanos":147157000}},{"t":"LocalDate","v":{"year":2023,"month":2,"day":5}},{"t":"LocalDateTime","v":{"date":{"year":2023,"month":2,"day":5},"time":{"hour":4,"minute":59,"second":39,"nano":147198000}}},{"t":"MonthDay","v":{"month":1,"day":1}},{"t":"Period","v":{"years":0,"months":1,"days":0}},{"t":"Year","v":{"year":2023}},{"t":"YearMonth","v":{"year":2023,"month":2}}]}
04:59:39.151 [main] WARN  SESSION-KEY= c.g.t.DefaultInvocationSerializer - Serializing as deprecated version 1
04:59:39.152 [main] INFO  SESSION-KEY= c.g.t.TestDefaultInvocationSerializer - Serialised as: {"c":"foo","m":"bar","p":[{"t":"Duration","v":{"seconds":86400,"nanos":0}},{"t":"Instant","v":{"seconds":1675573179,"nanos":147157000}},{"t":"LocalDate","v":{"year":2023,"month":2,"day":5}},{"t":"LocalDateTime","v":{"date":{"year":2023,"month":2,"day":5},"time":{"hour":4,"minute":59,"second":39,"nano":147198000}}},{"t":"MonthDay","v":{"month":1,"day":1}},{"t":"Period","v":{"years":0,"months":1,"days":0}},{"t":"Year","v":{"year":2023}},{"t":"YearMonth","v":{"year":2023,"month":2}}]}
04:59:39.153 [main] WARN  SESSION-KEY= c.g.t.DefaultInvocationSerializer - Serializing as deprecated version 1
04:59:39.153 [main] INFO  SESSION-KEY= c.g.t.TestDefaultInvocationSerializer - Serialised as: {"c":"java.lang.String","m":"toString","p":[]}
04:59:39.153 [main] WARN  SESSION-KEY= c.g.t.DefaultInvocationSerializer - Serializing as deprecated version 1
04:59:39.153 [main] INFO  SESSION-KEY= c.g.t.TestDefaultInvocationSerializer - Serialised as: {"c":"java.lang.String","m":"toString","p":[]}
04:59:39.153 [main] WARN  SESSION-KEY= c.g.t.DefaultInvocationSerializer - Serializing as deprecated version 1
04:59:39.153 [main] INFO  SESSION-KEY= c.g.t.TestDefaultInvocationSerializer - Serialised as: {"c":"foo","m":"bar","p":[{"t":"com.gruelbox.transactionoutbox.TestDefaultInvocationSerializer$ExampleCustomEnum","v":"ONE"},{"t":"com.gruelbox.transactionoutbox.TestDefaultInvocationSerializer$ExampleCustomEnum","v":"TWO"}]}
04:59:39.153 [main] WARN  SESSION-KEY= c.g.t.DefaultInvocationSerializer - Serializing as deprecated version 1
04:59:39.153 [main] INFO  SESSION-KEY= c.g.t.TestDefaultInvocationSerializer - Serialised as: {"c":"foo","m":"bar","p":[{"t":"com.gruelbox.transactionoutbox.TestDefaultInvocationSerializer$ExampleCustomEnum","v":"ONE"},{"t":"com.gruelbox.transactionoutbox.TestDefaultInvocationSerializer$ExampleCustomEnum","v":"TWO"}]}
04:59:39.154 [main] INFO  SESSION-KEY= c.g.t.TestDefaultInvocationSerializer - Serialised as: {"c":"foo","m":"bar","p":["Byte","Short","Integer","Long","Float","Double","Boolean","Character","String"],"a":[{"t":"Byte","v":1},{"t":"Short","v":2},{"t":"Integer","v":3},{"t":"Long","v":4},{"t":"Float","v":1.23},{"t":"Double","v":1.23},{"t":"Boolean","v":true},{"t":"Character","v":"-"},{"t":"String","v":"Foo"}]}
04:59:39.154 [main] INFO  SESSION-KEY= c.g.t.TestDefaultInvocationSerializer - Serialised as: {"c":"foo","m":"bar","p":["Byte","Short","Integer","Long","Float","Double","Boolean","Character","String"],"a":[{"t":"Byte","v":1},{"t":"Short","v":2},{"t":"Integer","v":3},{"t":"Long","v":4},{"t":"Float","v":1.23},{"t":"Double","v":1.23},{"t":"Boolean","v":true},{"t":"Character","v":"-"},{"t":"String","v":"Foo"}]}
04:59:39.155 [main] INFO  SESSION-KEY= c.g.t.TestDefaultInvocationSerializer - Serialised as: {"c":"foo","m":"bar","p":["byte","short","int","long","float","double","boolean","char"],"a":[{"t":"Byte","v":1},{"t":"Short","v":2},{"t":"Integer","v":3},{"t":"Long","v":4},{"t":"Float","v":1.23},{"t":"Double","v":1.23},{"t":"Boolean","v":true},{"t":"Character","v":"-"}]}
04:59:39.155 [main] INFO  SESSION-KEY= c.g.t.TestDefaultInvocationSerializer - Serialised as: {"c":"foo","m":"bar","p":["byte","short","int","long","float","double","boolean","char"],"a":[{"t":"Byte","v":1},{"t":"Short","v":2},{"t":"Integer","v":3},{"t":"Long","v":4},{"t":"Float","v":1.23},{"t":"Double","v":1.23},{"t":"Boolean","v":true},{"t":"Character","v":"-"}]}
04:59:39.156 [main] INFO  SESSION-KEY= c.g.t.TestDefaultInvocationSerializer - Serialised as: {"c":"foo","m":"bar","p":["Integer"],"a":[{"t":"Integer","v":1}],"x":{"B":"2","A":"1"}}
04:59:39.157 [main] INFO  SESSION-KEY= c.g.t.TestDefaultInvocationSerializer - Serialised as: {"c":"foo","m":"bar","p":["Integer"],"a":[{"t":"Integer","v":1}],"x":{"B":"2","A":"1"}}
04:59:39.158 [main] INFO  SESSION-KEY= c.g.t.TestDefaultInvocationSerializer - Serialised as: {"c":"foo","m":"bar","p":["DayOfWeek","Month","ChronoUnit"],"a":[{"t":"DayOfWeek","v":"FRIDAY"},{"t":"Month","v":"APRIL"},{"t":"ChronoUnit","v":"DAYS"}]}
04:59:39.158 [main] INFO  SESSION-KEY= c.g.t.TestDefaultInvocationSerializer - Serialised as: {"c":"foo","m":"bar","p":["DayOfWeek","Month","ChronoUnit"],"a":[{"t":"DayOfWeek","v":"FRIDAY"},{"t":"Month","v":"APRIL"},{"t":"ChronoUnit","v":"DAYS"}]}
04:59:39.159 [main] INFO  SESSION-KEY= c.g.t.TestDefaultInvocationSerializer - Serialised as: {"c":"foo","m":"bar","p":["Date"],"a":[{"t":"Date","v":"2023-02-05T04:59:39.159Z"}]}
04:59:39.159 [main] INFO  SESSION-KEY= c.g.t.TestDefaultInvocationSerializer - Serialised as: {"c":"foo","m":"bar","p":["Date"],"a":[{"t":"Date","v":"2023-02-05T04:59:39.159Z"}]}
04:59:39.160 [main] INFO  SESSION-KEY= c.g.t.TestDefaultInvocationSerializer - Serialised as: {"c":"foo","m":"bar","p":["com.gruelbox.transactionoutbox.TestDefaultInvocationSerializer$ExampleCustomClass","com.gruelbox.transactionoutbox.TestDefaultInvocationSerializer$ExampleCustomClass"],"a":[{"t":"com.gruelbox.transactionoutbox.TestDefaultInvocationSerializer$ExampleCustomClass","v":{"arg1":"Foo","arg2":"Bar"}},{"t":"com.gruelbox.transactionoutbox.TestDefaultInvocationSerializer$ExampleCustomClass","v":{"arg1":"Bish","arg2":"Bash"}}]}
04:59:39.160 [main] INFO  SESSION-KEY= c.g.t.TestDefaultInvocationSerializer - Serialised as: {"c":"foo","m":"bar","p":["com.gruelbox.transactionoutbox.TestDefaultInvocationSerializer$ExampleCustomClass","com.gruelbox.transactionoutbox.TestDefaultInvocationSerializer$ExampleCustomClass"],"a":[{"t":"com.gruelbox.transactionoutbox.TestDefaultInvocationSerializer$ExampleCustomClass","v":{"arg1":"Foo","arg2":"Bar"}},{"t":"com.gruelbox.transactionoutbox.TestDefaultInvocationSerializer$ExampleCustomClass","v":{"arg1":"Bish","arg2":"Bash"}}]}
04:59:39.161 [main] INFO  SESSION-KEY= c.g.t.TestDefaultInvocationSerializer - Serialised as: {"c":"foo","m":"bar","p":["[I"],"a":[{"t":"[I","v":[1,2,3]}]}
04:59:39.162 [main] INFO  SESSION-KEY= c.g.t.TestDefaultInvocationSerializer - Serialised as: {"c":"foo","m":"bar","p":["[I"],"a":[{"t":"[I","v":[1,2,3]}]}
04:59:39.162 [main] INFO  SESSION-KEY= c.g.t.TestDefaultInvocationSerializer - Serialised as: {"c":"foo","m":"bar","p":["[Ljava.lang.Integer;"],"a":[{"t":"[Ljava.lang.Integer;","v":[1,2,3]}]}
04:59:39.162 [main] INFO  SESSION-KEY= c.g.t.TestDefaultInvocationSerializer - Serialised as: {"c":"foo","m":"bar","p":["[Ljava.lang.Integer;"],"a":[{"t":"[Ljava.lang.Integer;","v":[1,2,3]}]}
04:59:39.162 [main] INFO  SESSION-KEY= c.g.t.TestDefaultInvocationSerializer - Serialised as: {"c":"foo","m":"bar","p":["[Ljava.lang.String;"],"a":[{"t":"[Ljava.lang.String;","v":["1","2","3"]}]}
04:59:39.162 [main] INFO  SESSION-KEY= c.g.t.TestDefaultInvocationSerializer - Serialised as: {"c":"foo","m":"bar","p":["[Ljava.lang.String;"],"a":[{"t":"[Ljava.lang.String;","v":["1","2","3"]}]}
04:59:39.167 [main] INFO  SESSION-KEY= c.g.t.TestDefaultInvocationSerializer - Serialised as: {"c":"foo","m":"bar","p":["Duration","Instant","LocalDate","LocalDateTime","MonthDay","Period","Year","YearMonth"],"a":[{"t":"Duration","v":{"seconds":86400,"nanos":0}},{"t":"Instant","v":{"seconds":1675573179,"nanos":163551000}},{"t":"LocalDate","v":{"year":2023,"month":2,"day":5}},{"t":"LocalDateTime","v":{"date":{"year":2023,"month":2,"day":5},"time":{"hour":4,"minute":59,"second":39,"nano":163574000}}},{"t":"MonthDay","v":{"month":1,"day":1}},{"t":"Period","v":{"years":0,"months":1,"days":0}},{"t":"Year","v":{"year":2023}},{"t":"YearMonth","v":{"year":2023,"month":2}}]}
04:59:39.167 [main] INFO  SESSION-KEY= c.g.t.TestDefaultInvocationSerializer - Serialised as: {"c":"foo","m":"bar","p":["Duration","Instant","LocalDate","LocalDateTime","MonthDay","Period","Year","YearMonth"],"a":[{"t":"Duration","v":{"seconds":86400,"nanos":0}},{"t":"Instant","v":{"seconds":1675573179,"nanos":163551000}},{"t":"LocalDate","v":{"year":2023,"month":2,"day":5}},{"t":"LocalDateTime","v":{"date":{"year":2023,"month":2,"day":5},"time":{"hour":4,"minute":59,"second":39,"nano":163574000}}},{"t":"MonthDay","v":{"month":1,"day":1}},{"t":"Period","v":{"years":0,"months":1,"days":0}},{"t":"Year","v":{"year":2023}},{"t":"YearMonth","v":{"year":2023,"month":2}}]}
04:59:39.169 [main] INFO  SESSION-KEY= c.g.t.TestDefaultInvocationSerializer - Serialised as: {"c":"java.lang.String","m":"toString","p":[],"a":[]}
04:59:39.169 [main] INFO  SESSION-KEY= c.g.t.TestDefaultInvocationSerializer - Serialised as: {"c":"java.lang.String","m":"toString","p":[],"a":[]}
04:59:39.169 [main] INFO  SESSION-KEY= c.g.t.TestDefaultInvocationSerializer - Serialised as: {"c":"foo","m":"bar","p":["com.gruelbox.transactionoutbox.TestDefaultInvocationSerializer$ExampleCustomEnum","com.gruelbox.transactionoutbox.TestDefaultInvocationSerializer$ExampleCustomEnum"],"a":[{"t":"com.gruelbox.transactionoutbox.TestDefaultInvocationSerializer$ExampleCustomEnum","v":"ONE"},{"t":"com.gruelbox.transactionoutbox.TestDefaultInvocationSerializer$ExampleCustomEnum","v":"TWO"}]}
04:59:39.169 [main] INFO  SESSION-KEY= c.g.t.TestDefaultInvocationSerializer - Serialised as: {"c":"foo","m":"bar","p":["com.gruelbox.transactionoutbox.TestDefaultInvocationSerializer$ExampleCustomEnum","com.gruelbox.transactionoutbox.TestDefaultInvocationSerializer$ExampleCustomEnum"],"a":[{"t":"com.gruelbox.transactionoutbox.TestDefaultInvocationSerializer$ExampleCustomEnum","v":"ONE"},{"t":"com.gruelbox.transactionoutbox.TestDefaultInvocationSerializer$ExampleCustomEnum","v":"TWO"}]}
04:59:39.170 [main] INFO  SESSION-KEY= c.g.t.TestDefaultInvocationSerializer - Serialised as: {"c":"foo","m":"bar","p":["Byte","Short","Integer","Long","Float","Double","Boolean","Character","String"],"a":[{"t":"Byte","v":1},{"t":"Short","v":2},{"t":"Integer","v":3},{"t":"Long","v":4},{"t":"Float","v":1.23},{"t":"Double","v":1.23},{"t":"Boolean","v":true},{"t":"Character","v":"-"},{"t":"String","v":"Foo"}]}
04:59:39.171 [main] INFO  SESSION-KEY= c.g.t.TestDefaultInvocationSerializer - Serialised as: {"c":"foo","m":"bar","p":["Byte","Short","Integer","Long","Float","Double","Boolean","Character","String"],"a":[{"t":"Byte","v":1},{"t":"Short","v":2},{"t":"Integer","v":3},{"t":"Long","v":4},{"t":"Float","v":1.23},{"t":"Double","v":1.23},{"t":"Boolean","v":true},{"t":"Character","v":"-"},{"t":"String","v":"Foo"}]}
04:59:39.171 [main] INFO  SESSION-KEY= c.g.t.TestDefaultInvocationSerializer - Serialised as: {"c":"foo","m":"bar","p":["byte","short","int","long","float","double","boolean","char"],"a":[{"t":"Byte","v":1},{"t":"Short","v":2},{"t":"Integer","v":3},{"t":"Long","v":4},{"t":"Float","v":1.23},{"t":"Double","v":1.23},{"t":"Boolean","v":true},{"t":"Character","v":"-"}]}
04:59:39.172 [main] INFO  SESSION-KEY= c.g.t.TestDefaultInvocationSerializer - Serialised as: {"c":"foo","m":"bar","p":["byte","short","int","long","float","double","boolean","char"],"a":[{"t":"Byte","v":1},{"t":"Short","v":2},{"t":"Integer","v":3},{"t":"Long","v":4},{"t":"Float","v":1.23},{"t":"Double","v":1.23},{"t":"Boolean","v":true},{"t":"Character","v":"-"}]}
04:59:39.172 [main] INFO  SESSION-KEY= c.g.t.TestDefaultInvocationSerializer - Serialised as: {"c":"foo","m":"bar","p":["Integer"],"a":[{"t":"Integer","v":1}],"x":{"B":"2","A":"1"}}
04:59:39.173 [main] INFO  SESSION-KEY= c.g.t.TestDefaultInvocationSerializer - Serialised as: {"c":"foo","m":"bar","p":["Integer"],"a":[{"t":"Integer","v":1}],"x":{"B":"2","A":"1"}}
04:59:39.174 [main] INFO  SESSION-KEY= c.g.t.TestDefaultInvocationSerializer - Serialised as: {"c":"foo","m":"bar","p":["DayOfWeek","Month","ChronoUnit"],"a":[{"t":"DayOfWeek","v":"FRIDAY"},{"t":"Month","v":"APRIL"},{"t":"ChronoUnit","v":"DAYS"}]}
04:59:39.174 [main] INFO  SESSION-KEY= c.g.t.TestDefaultInvocationSerializer - Serialised as: {"c":"foo","m":"bar","p":["DayOfWeek","Month","ChronoUnit"],"a":[{"t":"DayOfWeek","v":"FRIDAY"},{"t":"Month","v":"APRIL"},{"t":"ChronoUnit","v":"DAYS"}]}
04:59:39.174 [main] INFO  SESSION-KEY= c.g.t.TestDefaultInvocationSerializer - Serialised as: {"c":"foo","m":"bar","p":["Date"],"a":[{"t":"Date","v":"2023-02-05T04:59:39.174Z"}]}
04:59:39.175 [main] INFO  SESSION-KEY= c.g.t.TestDefaultInvocationSerializer - Serialised as: {"c":"foo","m":"bar","p":["Date"],"a":[{"t":"Date","v":"2023-02-05T04:59:39.174Z"}]}
04:59:39.175 [main] INFO  SESSION-KEY= c.g.t.TestDefaultInvocationSerializer - Serialised as: {"c":"foo","m":"bar","p":["com.gruelbox.transactionoutbox.TestDefaultInvocationSerializer$ExampleCustomClass","com.gruelbox.transactionoutbox.TestDefaultInvocationSerializer$ExampleCustomClass"],"a":[{"t":"com.gruelbox.transactionoutbox.TestDefaultInvocationSerializer$ExampleCustomClass","v":{"arg1":"Foo","arg2":"Bar"}},{"t":"com.gruelbox.transactionoutbox.TestDefaultInvocationSerializer$ExampleCustomClass","v":{"arg1":"Bish","arg2":"Bash"}}]}
04:59:39.175 [main] INFO  SESSION-KEY= c.g.t.TestDefaultInvocationSerializer - Serialised as: {"c":"foo","m":"bar","p":["com.gruelbox.transactionoutbox.TestDefaultInvocationSerializer$ExampleCustomClass","com.gruelbox.transactionoutbox.TestDefaultInvocationSerializer$ExampleCustomClass"],"a":[{"t":"com.gruelbox.transactionoutbox.TestDefaultInvocationSerializer$ExampleCustomClass","v":{"arg1":"Foo","arg2":"Bar"}},{"t":"com.gruelbox.transactionoutbox.TestDefaultInvocationSerializer$ExampleCustomClass","v":{"arg1":"Bish","arg2":"Bash"}}]}
04:59:39.176 [main] INFO  SESSION-KEY= c.g.t.TestDefaultInvocationSerializer - Serialised as: {"c":"foo","m":"bar","p":["[I"],"a":[{"t":"[I","v":[1,2,3]}]}
04:59:39.176 [main] INFO  SESSION-KEY= c.g.t.TestDefaultInvocationSerializer - Serialised as: {"c":"foo","m":"bar","p":["[I"],"a":[{"t":"[I","v":[1,2,3]}]}
04:59:39.176 [main] INFO  SESSION-KEY= c.g.t.TestDefaultInvocationSerializer - Serialised as: {"c":"foo","m":"bar","p":["[Ljava.lang.Integer;"],"a":[{"t":"[Ljava.lang.Integer;","v":[1,2,3]}]}
04:59:39.176 [main] INFO  SESSION-KEY= c.g.t.TestDefaultInvocationSerializer - Serialised as: {"c":"foo","m":"bar","p":["[Ljava.lang.Integer;"],"a":[{"t":"[Ljava.lang.Integer;","v":[1,2,3]}]}
04:59:39.176 [main] INFO  SESSION-KEY= c.g.t.TestDefaultInvocationSerializer - Serialised as: {"c":"foo","m":"bar","p":["[Ljava.lang.String;"],"a":[{"t":"[Ljava.lang.String;","v":["1","2","3"]}]}
04:59:39.177 [main] INFO  SESSION-KEY= c.g.t.TestDefaultInvocationSerializer - Serialised as: {"c":"foo","m":"bar","p":["[Ljava.lang.String;"],"a":[{"t":"[Ljava.lang.String;","v":["1","2","3"]}]}
04:59:39.178 [main] INFO  SESSION-KEY= c.g.t.TestDefaultInvocationSerializer - Serialised as: {"c":"foo","m":"bar","p":["Duration","Instant","LocalDate","LocalDateTime","MonthDay","Period","Year","YearMonth"],"a":[{"t":"Duration","v":{"seconds":86400,"nanos":0}},{"t":"Instant","v":{"seconds":1675573179,"nanos":177396000}},{"t":"LocalDate","v":{"year":2023,"month":2,"day":5}},{"t":"LocalDateTime","v":{"date":{"year":2023,"month":2,"day":5},"time":{"hour":4,"minute":59,"second":39,"nano":177410000}}},{"t":"MonthDay","v":{"month":1,"day":1}},{"t":"Period","v":{"years":0,"months":1,"days":0}},{"t":"Year","v":{"year":2023}},{"t":"YearMonth","v":{"year":2023,"month":2}}]}
04:59:39.178 [main] INFO  SESSION-KEY= c.g.t.TestDefaultInvocationSerializer - Serialised as: {"c":"foo","m":"bar","p":["Duration","Instant","LocalDate","LocalDateTime","MonthDay","Period","Year","YearMonth"],"a":[{"t":"Duration","v":{"seconds":86400,"nanos":0}},{"t":"Instant","v":{"seconds":1675573179,"nanos":177396000}},{"t":"LocalDate","v":{"year":2023,"month":2,"day":5}},{"t":"LocalDateTime","v":{"date":{"year":2023,"month":2,"day":5},"time":{"hour":4,"minute":59,"second":39,"nano":177410000}}},{"t":"MonthDay","v":{"month":1,"day":1}},{"t":"Period","v":{"years":0,"months":1,"days":0}},{"t":"Year","v":{"year":2023}},{"t":"YearMonth","v":{"year":2023,"month":2}}]}
04:59:39.179 [main] INFO  SESSION-KEY= c.g.t.TestDefaultInvocationSerializer - Serialised as: {"c":"java.lang.String","m":"toString","p":[],"a":[]}
04:59:39.179 [main] INFO  SESSION-KEY= c.g.t.TestDefaultInvocationSerializer - Serialised as: {"c":"java.lang.String","m":"toString","p":[],"a":[]}
04:59:39.179 [main] INFO  SESSION-KEY= c.g.t.TestDefaultInvocationSerializer - Serialised as: {"c":"foo","m":"bar","p":["com.gruelbox.transactionoutbox.TestDefaultInvocationSerializer$ExampleCustomEnum","com.gruelbox.transactionoutbox.TestDefaultInvocationSerializer$ExampleCustomEnum"],"a":[{"t":"com.gruelbox.transactionoutbox.TestDefaultInvocationSerializer$ExampleCustomEnum","v":"ONE"},{"t":"com.gruelbox.transactionoutbox.TestDefaultInvocationSerializer$ExampleCustomEnum","v":"TWO"}]}
04:59:39.179 [main] INFO  SESSION-KEY= c.g.t.TestDefaultInvocationSerializer - Serialised as: {"c":"foo","m":"bar","p":["com.gruelbox.transactionoutbox.TestDefaultInvocationSerializer$ExampleCustomEnum","com.gruelbox.transactionoutbox.TestDefaultInvocationSerializer$ExampleCustomEnum"],"a":[{"t":"com.gruelbox.transactionoutbox.TestDefaultInvocationSerializer$ExampleCustomEnum","v":"ONE"},{"t":"com.gruelbox.transactionoutbox.TestDefaultInvocationSerializer$ExampleCustomEnum","v":"TWO"}]}
[INFO] Tests run: 30, Failures: 0, Errors: 0, Skipped: 0, Time elapsed: 0.06 s - in com.gruelbox.transactionoutbox.TestDefaultInvocationSerializer
[INFO] Running com.gruelbox.transactionoutbox.TestProxyGeneration
[INFO] Tests run: 3, Failures: 0, Errors: 0, Skipped: 0, Time elapsed: 0.008 s - in com.gruelbox.transactionoutbox.TestProxyGeneration
[INFO] Running com.gruelbox.transactionoutbox.TestDefaultPersistorMySql5
Feb 05, 2023 4:59:39 AM org.junit.jupiter.engine.execution.JupiterEngineExecutionContext close
SEVERE: Caught exception while closing extension context: org.junit.jupiter.engine.descriptor.ClassExtensionContext@54e02f6a
org.testcontainers.containers.ContainerLaunchException: Container startup failed
	at org.testcontainers.containers.GenericContainer.doStart(GenericContainer.java:330)
	at org.testcontainers.containers.GenericContainer.start(GenericContainer.java:311)
	at org.testcontainers.junit.jupiter.TestcontainersExtension$StoreAdapter.start(TestcontainersExtension.java:242)
	at org.testcontainers.junit.jupiter.TestcontainersExtension$StoreAdapter.access$200(TestcontainersExtension.java:229)
	at org.testcontainers.junit.jupiter.TestcontainersExtension.lambda$null$1(TestcontainersExtension.java:59)
	at org.junit.jupiter.engine.execution.ExtensionValuesStore.lambda$getOrComputeIfAbsent$4(ExtensionValuesStore.java:86)
	at org.junit.jupiter.engine.execution.ExtensionValuesStore$MemoizingSupplier.get(ExtensionValuesStore.java:205)
	at org.junit.jupiter.engine.execution.ExtensionValuesStore$StoredValue.evaluate(ExtensionValuesStore.java:182)
	at org.junit.jupiter.engine.execution.ExtensionValuesStore$StoredValue.access$100(ExtensionValuesStore.java:171)
	at org.junit.jupiter.engine.execution.ExtensionValuesStore.lambda$closeAllStoredCloseableValues$1(ExtensionValuesStore.java:65)
	at java.base/java.util.stream.ReferencePipeline$2$1.accept(ReferencePipeline.java:176)
	at java.base/java.util.concurrent.ConcurrentHashMap$ValueSpliterator.forEachRemaining(ConcurrentHashMap.java:3603)
	at java.base/java.util.stream.AbstractPipeline.copyInto(AbstractPipeline.java:484)
	at java.base/java.util.stream.AbstractPipeline.wrapAndCopyInto(AbstractPipeline.java:474)
	at java.base/java.util.stream.ForEachOps$ForEachOp.evaluateSequential(ForEachOps.java:150)
	at java.base/java.util.stream.ForEachOps$ForEachOp$OfRef.evaluateSequential(ForEachOps.java:173)
	at java.base/java.util.stream.AbstractPipeline.evaluate(AbstractPipeline.java:234)
	at java.base/java.util.stream.ReferencePipeline.forEach(ReferencePipeline.java:497)
	at org.junit.jupiter.engine.execution.ExtensionValuesStore.closeAllStoredCloseableValues(ExtensionValuesStore.java:68)
	at org.junit.jupiter.engine.descriptor.AbstractExtensionContext.close(AbstractExtensionContext.java:74)
	at org.junit.jupiter.engine.execution.JupiterEngineExecutionContext.close(JupiterEngineExecutionContext.java:53)
	at org.junit.jupiter.engine.descriptor.JupiterTestDescriptor.cleanUp(JupiterTestDescriptor.java:222)
	at org.junit.jupiter.engine.descriptor.JupiterTestDescriptor.cleanUp(JupiterTestDescriptor.java:57)
	at org.junit.platform.engine.support.hierarchical.NodeTestTask.lambda$cleanUp$9(NodeTestTask.java:155)
	at org.junit.platform.engine.support.hierarchical.ThrowableCollector.execute(ThrowableCollector.java:73)
	at org.junit.platform.engine.support.hierarchical.NodeTestTask.cleanUp(NodeTestTask.java:155)
	at org.junit.platform.engine.support.hierarchical.NodeTestTask.execute(NodeTestTask.java:87)
	at java.base/java.util.ArrayList.forEach(ArrayList.java:1541)
	at org.junit.platform.engine.support.hierarchical.SameThreadHierarchicalTestExecutorService.invokeAll(SameThreadHierarchicalTestExecutorService.java:38)
	at org.junit.platform.engine.support.hierarchical.NodeTestTask.lambda$executeRecursively$5(NodeTestTask.java:143)
	at org.junit.platform.engine.support.hierarchical.ThrowableCollector.execute(ThrowableCollector.java:73)
	at org.junit.platform.engine.support.hierarchical.NodeTestTask.lambda$executeRecursively$7(NodeTestTask.java:129)
	at org.junit.platform.engine.support.hierarchical.Node.around(Node.java:137)
	at org.junit.platform.engine.support.hierarchical.NodeTestTask.lambda$executeRecursively$8(NodeTestTask.java:127)
	at org.junit.platform.engine.support.hierarchical.ThrowableCollector.execute(ThrowableCollector.java:73)
	at org.junit.platform.engine.support.hierarchical.NodeTestTask.executeRecursively(NodeTestTask.java:126)
	at org.junit.platform.engine.support.hierarchical.NodeTestTask.execute(NodeTestTask.java:84)
	at org.junit.platform.engine.support.hierarchical.SameThreadHierarchicalTestExecutorService.submit(SameThreadHierarchicalTestExecutorService.java:32)
	at org.junit.platform.engine.support.hierarchical.HierarchicalTestExecutor.execute(HierarchicalTestExecutor.java:57)
	at org.junit.platform.engine.support.hierarchical.HierarchicalTestEngine.execute(HierarchicalTestEngine.java:51)
	at org.junit.platform.launcher.core.EngineExecutionOrchestrator.execute(EngineExecutionOrchestrator.java:108)
	at org.junit.platform.launcher.core.EngineExecutionOrchestrator.execute(EngineExecutionOrchestrator.java:88)
	at org.junit.platform.launcher.core.EngineExecutionOrchestrator.lambda$execute$0(EngineExecutionOrchestrator.java:54)
	at org.junit.platform.launcher.core.EngineExecutionOrchestrator.withInterceptedStreams(EngineExecutionOrchestrator.java:67)
	at org.junit.platform.launcher.core.EngineExecutionOrchestrator.execute(EngineExecutionOrchestrator.java:52)
	at org.junit.platform.launcher.core.DefaultLauncher.execute(DefaultLauncher.java:96)
	at org.junit.platform.launcher.core.DefaultLauncher.execute(DefaultLauncher.java:75)
	at org.apache.maven.surefire.junitplatform.JUnitPlatformProvider.invokeAllTests(JUnitPlatformProvider.java:154)
	at org.apache.maven.surefire.junitplatform.JUnitPlatformProvider.invoke(JUnitPlatformProvider.java:127)
	at org.apache.maven.surefire.booter.ForkedBooter.runSuitesInProcess(ForkedBooter.java:377)
	at org.apache.maven.surefire.booter.ForkedBooter.execute(ForkedBooter.java:138)
	at org.apache.maven.surefire.booter.ForkedBooter.run(ForkedBooter.java:465)
	at org.apache.maven.surefire.booter.ForkedBooter.main(ForkedBooter.java:451)
Caused by: org.testcontainers.containers.ContainerFetchException: Can't get Docker image: RemoteDockerImage(imageName=mysql:5, imagePullPolicy=DefaultPullPolicy())
	at org.testcontainers.containers.GenericContainer.getDockerImageName(GenericContainer.java:1279)
	at org.testcontainers.containers.GenericContainer.logger(GenericContainer.java:613)
	at org.testcontainers.containers.GenericContainer.doStart(GenericContainer.java:320)
	... 52 more
Caused by: java.lang.IllegalStateException: Previous attempts to find a Docker environment failed. Will not retry. Please see logs and check configuration
	at org.testcontainers.dockerclient.DockerClientProviderStrategy.getFirstValidStrategy(DockerClientProviderStrategy.java:83)
	at org.testcontainers.DockerClientFactory.getOrInitializeStrategy(DockerClientFactory.java:126)
	at org.testcontainers.DockerClientFactory.client(DockerClientFactory.java:147)
	at org.testcontainers.LazyDockerClient.getDockerClient(LazyDockerClient.java:14)
	at org.testcontainers.LazyDockerClient.inspectImageCmd(LazyDockerClient.java:12)
	at org.testcontainers.images.LocalImagesCache.refreshCache(LocalImagesCache.java:42)
	at org.testcontainers.images.AbstractImagePullPolicy.shouldPull(AbstractImagePullPolicy.java:24)
	at org.testcontainers.images.RemoteDockerImage.resolve(RemoteDockerImage.java:59)
	at org.testcontainers.images.RemoteDockerImage.resolve(RemoteDockerImage.java:26)
	at org.testcontainers.utility.LazyFuture.getResolvedValue(LazyFuture.java:20)
	at org.testcontainers.utility.LazyFuture.get(LazyFuture.java:27)
	at org.testcontainers.containers.GenericContainer.getDockerImageName(GenericContainer.java:1277)
	... 54 more

[INFO] Tests run: 0, Failures: 0, Errors: 0, Skipped: 0, Time elapsed: 0.003 s - in com.gruelbox.transactionoutbox.TestDefaultPersistorMySql5
[INFO] Running com.gruelbox.transactionoutbox.TestDefaultPersistorPostgres10
Feb 05, 2023 4:59:39 AM org.junit.jupiter.engine.execution.JupiterEngineExecutionContext close
SEVERE: Caught exception while closing extension context: org.junit.jupiter.engine.descriptor.ClassExtensionContext@3b920bdc
org.testcontainers.containers.ContainerLaunchException: Container startup failed
	at org.testcontainers.containers.GenericContainer.doStart(GenericContainer.java:330)
	at org.testcontainers.containers.GenericContainer.start(GenericContainer.java:311)
	at org.testcontainers.junit.jupiter.TestcontainersExtension$StoreAdapter.start(TestcontainersExtension.java:242)
	at org.testcontainers.junit.jupiter.TestcontainersExtension$StoreAdapter.access$200(TestcontainersExtension.java:229)
	at org.testcontainers.junit.jupiter.TestcontainersExtension.lambda$null$1(TestcontainersExtension.java:59)
	at org.junit.jupiter.engine.execution.ExtensionValuesStore.lambda$getOrComputeIfAbsent$4(ExtensionValuesStore.java:86)
	at org.junit.jupiter.engine.execution.ExtensionValuesStore$MemoizingSupplier.get(ExtensionValuesStore.java:205)
	at org.junit.jupiter.engine.execution.ExtensionValuesStore$StoredValue.evaluate(ExtensionValuesStore.java:182)
	at org.junit.jupiter.engine.execution.ExtensionValuesStore$StoredValue.access$100(ExtensionValuesStore.java:171)
	at org.junit.jupiter.engine.execution.ExtensionValuesStore.lambda$closeAllStoredCloseableValues$1(ExtensionValuesStore.java:65)
	at java.base/java.util.stream.ReferencePipeline$2$1.accept(ReferencePipeline.java:176)
	at java.base/java.util.concurrent.ConcurrentHashMap$ValueSpliterator.forEachRemaining(ConcurrentHashMap.java:3603)
	at java.base/java.util.stream.AbstractPipeline.copyInto(AbstractPipeline.java:484)
	at java.base/java.util.stream.AbstractPipeline.wrapAndCopyInto(AbstractPipeline.java:474)
	at java.base/java.util.stream.ForEachOps$ForEachOp.evaluateSequential(ForEachOps.java:150)
	at java.base/java.util.stream.ForEachOps$ForEachOp$OfRef.evaluateSequential(ForEachOps.java:173)
	at java.base/java.util.stream.AbstractPipeline.evaluate(AbstractPipeline.java:234)
	at java.base/java.util.stream.ReferencePipeline.forEach(ReferencePipeline.java:497)
	at org.junit.jupiter.engine.execution.ExtensionValuesStore.closeAllStoredCloseableValues(ExtensionValuesStore.java:68)
	at org.junit.jupiter.engine.descriptor.AbstractExtensionContext.close(AbstractExtensionContext.java:74)
	at org.junit.jupiter.engine.execution.JupiterEngineExecutionContext.close(JupiterEngineExecutionContext.java:53)
	at org.junit.jupiter.engine.descriptor.JupiterTestDescriptor.cleanUp(JupiterTestDescriptor.java:222)
	at org.junit.jupiter.engine.descriptor.JupiterTestDescriptor.cleanUp(JupiterTestDescriptor.java:57)
	at org.junit.platform.engine.support.hierarchical.NodeTestTask.lambda$cleanUp$9(NodeTestTask.java:155)
	at org.junit.platform.engine.support.hierarchical.ThrowableCollector.execute(ThrowableCollector.java:73)
	at org.junit.platform.engine.support.hierarchical.NodeTestTask.cleanUp(NodeTestTask.java:155)
	at org.junit.platform.engine.support.hierarchical.NodeTestTask.execute(NodeTestTask.java:87)
	at java.base/java.util.ArrayList.forEach(ArrayList.java:1541)
	at org.junit.platform.engine.support.hierarchical.SameThreadHierarchicalTestExecutorService.invokeAll(SameThreadHierarchicalTestExecutorService.java:38)
	at org.junit.platform.engine.support.hierarchical.NodeTestTask.lambda$executeRecursively$5(NodeTestTask.java:143)
	at org.junit.platform.engine.support.hierarchical.ThrowableCollector.execute(ThrowableCollector.java:73)
	at org.junit.platform.engine.support.hierarchical.NodeTestTask.lambda$executeRecursively$7(NodeTestTask.java:129)
	at org.junit.platform.engine.support.hierarchical.Node.around(Node.java:137)
	at org.junit.platform.engine.support.hierarchical.NodeTestTask.lambda$executeRecursively$8(NodeTestTask.java:127)
	at org.junit.platform.engine.support.hierarchical.ThrowableCollector.execute(ThrowableCollector.java:73)
	at org.junit.platform.engine.support.hierarchical.NodeTestTask.executeRecursively(NodeTestTask.java:126)
	at org.junit.platform.engine.support.hierarchical.NodeTestTask.execute(NodeTestTask.java:84)
	at org.junit.platform.engine.support.hierarchical.SameThreadHierarchicalTestExecutorService.submit(SameThreadHierarchicalTestExecutorService.java:32)
	at org.junit.platform.engine.support.hierarchical.HierarchicalTestExecutor.execute(HierarchicalTestExecutor.java:57)
	at org.junit.platform.engine.support.hierarchical.HierarchicalTestEngine.execute(HierarchicalTestEngine.java:51)
	at org.junit.platform.launcher.core.EngineExecutionOrchestrator.execute(EngineExecutionOrchestrator.java:108)
	at org.junit.platform.launcher.core.EngineExecutionOrchestrator.execute(EngineExecutionOrchestrator.java:88)
	at org.junit.platform.launcher.core.EngineExecutionOrchestrator.lambda$execute$0(EngineExecutionOrchestrator.java:54)
	at org.junit.platform.launcher.core.EngineExecutionOrchestrator.withInterceptedStreams(EngineExecutionOrchestrator.java:67)
	at org.junit.platform.launcher.core.EngineExecutionOrchestrator.execute(EngineExecutionOrchestrator.java:52)
	at org.junit.platform.launcher.core.DefaultLauncher.execute(DefaultLauncher.java:96)
	at org.junit.platform.launcher.core.DefaultLauncher.execute(DefaultLauncher.java:75)
	at org.apache.maven.surefire.junitplatform.JUnitPlatformProvider.invokeAllTests(JUnitPlatformProvider.java:154)
	at org.apache.maven.surefire.junitplatform.JUnitPlatformProvider.invoke(JUnitPlatformProvider.java:127)
	at org.apache.maven.surefire.booter.ForkedBooter.runSuitesInProcess(ForkedBooter.java:377)
	at org.apache.maven.surefire.booter.ForkedBooter.execute(ForkedBooter.java:138)
	at org.apache.maven.surefire.booter.ForkedBooter.run(ForkedBooter.java:465)
	at org.apache.maven.surefire.booter.ForkedBooter.main(ForkedBooter.java:451)
Caused by: org.testcontainers.containers.ContainerFetchException: Can't get Docker image: RemoteDockerImage(imageName=postgres:10, imagePullPolicy=DefaultPullPolicy())
	at org.testcontainers.containers.GenericContainer.getDockerImageName(GenericContainer.java:1279)
	at org.testcontainers.containers.GenericContainer.logger(GenericContainer.java:613)
	at org.testcontainers.containers.GenericContainer.doStart(GenericContainer.java:320)
	... 52 more
Caused by: java.lang.IllegalStateException: Previous attempts to find a Docker environment failed. Will not retry. Please see logs and check configuration
	at org.testcontainers.dockerclient.DockerClientProviderStrategy.getFirstValidStrategy(DockerClientProviderStrategy.java:83)
	at org.testcontainers.DockerClientFactory.getOrInitializeStrategy(DockerClientFactory.java:126)
	at org.testcontainers.DockerClientFactory.client(DockerClientFactory.java:147)
	at org.testcontainers.LazyDockerClient.getDockerClient(LazyDockerClient.java:14)
	at org.testcontainers.LazyDockerClient.inspectImageCmd(LazyDockerClient.java:12)
	at org.testcontainers.images.LocalImagesCache.refreshCache(LocalImagesCache.java:42)
	at org.testcontainers.images.AbstractImagePullPolicy.shouldPull(AbstractImagePullPolicy.java:24)
	at org.testcontainers.images.RemoteDockerImage.resolve(RemoteDockerImage.java:59)
	at org.testcontainers.images.RemoteDockerImage.resolve(RemoteDockerImage.java:26)
	at org.testcontainers.utility.LazyFuture.getResolvedValue(LazyFuture.java:20)
	at org.testcontainers.utility.LazyFuture.get(LazyFuture.java:27)
	at org.testcontainers.containers.GenericContainer.getDockerImageName(GenericContainer.java:1277)
	... 54 more

[INFO] Tests run: 0, Failures: 0, Errors: 0, Skipped: 0, Time elapsed: 0.003 s - in com.gruelbox.transactionoutbox.TestDefaultPersistorPostgres10
[INFO] Running com.gruelbox.transactionoutbox.TestDefaultPersistorH2
04:59:39.211 [main] INFO  SESSION-KEY= c.g.t.AbstractDefaultPersistorTest - Waiting for background thread to obtain lock
04:59:39.211 [pool-13-thread-1] INFO  SESSION-KEY= c.g.t.AbstractDefaultPersistorTest - Background thread starting
04:59:39.212 [pool-13-thread-1] INFO  SESSION-KEY= c.g.t.AbstractDefaultPersistorTest - Background thread attempting lock
04:59:39.214 [pool-13-thread-1] INFO  SESSION-KEY= c.g.t.AbstractDefaultPersistorTest - Background thread obtained lock, going to sleep
04:59:39.214 [main] INFO  SESSION-KEY= c.g.t.AbstractDefaultPersistorTest - Attempting to obtain duplicate lock
04:59:45.218 [main] INFO  SESSION-KEY= c.g.t.AbstractDefaultPersistorTest - Shutting down
04:59:45.218 [pool-13-thread-1] INFO  SESSION-KEY= c.g.t.AbstractDefaultPersistorTest - Background thread interrupted correctly
04:59:48.551 [main] WARN  SESSION-KEY= c.g.t.SimpleTransactionManager - Exception in transactional block (AlreadyScheduledException - Request Foo.Bar(1, 10, null) [FOO3] uid=[context-clientkey1] already exists). Rolling back. See later messages for detail
[WARNING] Tests run: 15, Failures: 0, Errors: 0, Skipped: 1, Time elapsed: 9.388 s - in com.gruelbox.transactionoutbox.TestDefaultPersistorH2
[INFO] Running com.gruelbox.transactionoutbox.TestValidator
[INFO] Tests run: 3, Failures: 0, Errors: 0, Skipped: 0, Time elapsed: 0.06 s - in com.gruelbox.transactionoutbox.TestValidator
[INFO] Running com.gruelbox.transactionoutbox.TestDefaultPersistorMySql8
Feb 05, 2023 4:59:48 AM org.junit.jupiter.engine.execution.JupiterEngineExecutionContext close
SEVERE: Caught exception while closing extension context: org.junit.jupiter.engine.descriptor.ClassExtensionContext@77114efe
org.testcontainers.containers.ContainerLaunchException: Container startup failed
	at org.testcontainers.containers.GenericContainer.doStart(GenericContainer.java:330)
	at org.testcontainers.containers.GenericContainer.start(GenericContainer.java:311)
	at org.testcontainers.junit.jupiter.TestcontainersExtension$StoreAdapter.start(TestcontainersExtension.java:242)
	at org.testcontainers.junit.jupiter.TestcontainersExtension$StoreAdapter.access$200(TestcontainersExtension.java:229)
	at org.testcontainers.junit.jupiter.TestcontainersExtension.lambda$null$1(TestcontainersExtension.java:59)
	at org.junit.jupiter.engine.execution.ExtensionValuesStore.lambda$getOrComputeIfAbsent$4(ExtensionValuesStore.java:86)
	at org.junit.jupiter.engine.execution.ExtensionValuesStore$MemoizingSupplier.get(ExtensionValuesStore.java:205)
	at org.junit.jupiter.engine.execution.ExtensionValuesStore$StoredValue.evaluate(ExtensionValuesStore.java:182)
	at org.junit.jupiter.engine.execution.ExtensionValuesStore$StoredValue.access$100(ExtensionValuesStore.java:171)
	at org.junit.jupiter.engine.execution.ExtensionValuesStore.lambda$closeAllStoredCloseableValues$1(ExtensionValuesStore.java:65)
	at java.base/java.util.stream.ReferencePipeline$2$1.accept(ReferencePipeline.java:176)
	at java.base/java.util.concurrent.ConcurrentHashMap$ValueSpliterator.forEachRemaining(ConcurrentHashMap.java:3603)
	at java.base/java.util.stream.AbstractPipeline.copyInto(AbstractPipeline.java:484)
	at java.base/java.util.stream.AbstractPipeline.wrapAndCopyInto(AbstractPipeline.java:474)
	at java.base/java.util.stream.ForEachOps$ForEachOp.evaluateSequential(ForEachOps.java:150)
	at java.base/java.util.stream.ForEachOps$ForEachOp$OfRef.evaluateSequential(ForEachOps.java:173)
	at java.base/java.util.stream.AbstractPipeline.evaluate(AbstractPipeline.java:234)
	at java.base/java.util.stream.ReferencePipeline.forEach(ReferencePipeline.java:497)
	at org.junit.jupiter.engine.execution.ExtensionValuesStore.closeAllStoredCloseableValues(ExtensionValuesStore.java:68)
	at org.junit.jupiter.engine.descriptor.AbstractExtensionContext.close(AbstractExtensionContext.java:74)
	at org.junit.jupiter.engine.execution.JupiterEngineExecutionContext.close(JupiterEngineExecutionContext.java:53)
	at org.junit.jupiter.engine.descriptor.JupiterTestDescriptor.cleanUp(JupiterTestDescriptor.java:222)
	at org.junit.jupiter.engine.descriptor.JupiterTestDescriptor.cleanUp(JupiterTestDescriptor.java:57)
	at org.junit.platform.engine.support.hierarchical.NodeTestTask.lambda$cleanUp$9(NodeTestTask.java:155)
	at org.junit.platform.engine.support.hierarchical.ThrowableCollector.execute(ThrowableCollector.java:73)
	at org.junit.platform.engine.support.hierarchical.NodeTestTask.cleanUp(NodeTestTask.java:155)
	at org.junit.platform.engine.support.hierarchical.NodeTestTask.execute(NodeTestTask.java:87)
	at java.base/java.util.ArrayList.forEach(ArrayList.java:1541)
	at org.junit.platform.engine.support.hierarchical.SameThreadHierarchicalTestExecutorService.invokeAll(SameThreadHierarchicalTestExecutorService.java:38)
	at org.junit.platform.engine.support.hierarchical.NodeTestTask.lambda$executeRecursively$5(NodeTestTask.java:143)
	at org.junit.platform.engine.support.hierarchical.ThrowableCollector.execute(ThrowableCollector.java:73)
	at org.junit.platform.engine.support.hierarchical.NodeTestTask.lambda$executeRecursively$7(NodeTestTask.java:129)
	at org.junit.platform.engine.support.hierarchical.Node.around(Node.java:137)
	at org.junit.platform.engine.support.hierarchical.NodeTestTask.lambda$executeRecursively$8(NodeTestTask.java:127)
	at org.junit.platform.engine.support.hierarchical.ThrowableCollector.execute(ThrowableCollector.java:73)
	at org.junit.platform.engine.support.hierarchical.NodeTestTask.executeRecursively(NodeTestTask.java:126)
	at org.junit.platform.engine.support.hierarchical.NodeTestTask.execute(NodeTestTask.java:84)
	at org.junit.platform.engine.support.hierarchical.SameThreadHierarchicalTestExecutorService.submit(SameThreadHierarchicalTestExecutorService.java:32)
	at org.junit.platform.engine.support.hierarchical.HierarchicalTestExecutor.execute(HierarchicalTestExecutor.java:57)
	at org.junit.platform.engine.support.hierarchical.HierarchicalTestEngine.execute(HierarchicalTestEngine.java:51)
	at org.junit.platform.launcher.core.EngineExecutionOrchestrator.execute(EngineExecutionOrchestrator.java:108)
	at org.junit.platform.launcher.core.EngineExecutionOrchestrator.execute(EngineExecutionOrchestrator.java:88)
	at org.junit.platform.launcher.core.EngineExecutionOrchestrator.lambda$execute$0(EngineExecutionOrchestrator.java:54)
	at org.junit.platform.launcher.core.EngineExecutionOrchestrator.withInterceptedStreams(EngineExecutionOrchestrator.java:67)
	at org.junit.platform.launcher.core.EngineExecutionOrchestrator.execute(EngineExecutionOrchestrator.java:52)
	at org.junit.platform.launcher.core.DefaultLauncher.execute(DefaultLauncher.java:96)
	at org.junit.platform.launcher.core.DefaultLauncher.execute(DefaultLauncher.java:75)
	at org.apache.maven.surefire.junitplatform.JUnitPlatformProvider.invokeAllTests(JUnitPlatformProvider.java:154)
	at org.apache.maven.surefire.junitplatform.JUnitPlatformProvider.invoke(JUnitPlatformProvider.java:127)
	at org.apache.maven.surefire.booter.ForkedBooter.runSuitesInProcess(ForkedBooter.java:377)
	at org.apache.maven.surefire.booter.ForkedBooter.execute(ForkedBooter.java:138)
	at org.apache.maven.surefire.booter.ForkedBooter.run(ForkedBooter.java:465)
	at org.apache.maven.surefire.booter.ForkedBooter.main(ForkedBooter.java:451)
Caused by: org.testcontainers.containers.ContainerFetchException: Can't get Docker image: RemoteDockerImage(imageName=mysql:8, imagePullPolicy=DefaultPullPolicy())
	at org.testcontainers.containers.GenericContainer.getDockerImageName(GenericContainer.java:1279)
	at org.testcontainers.containers.GenericContainer.logger(GenericContainer.java:613)
	at org.testcontainers.containers.GenericContainer.doStart(GenericContainer.java:320)
	... 52 more
Caused by: java.lang.IllegalStateException: Previous attempts to find a Docker environment failed. Will not retry. Please see logs and check configuration
	at org.testcontainers.dockerclient.DockerClientProviderStrategy.getFirstValidStrategy(DockerClientProviderStrategy.java:83)
	at org.testcontainers.DockerClientFactory.getOrInitializeStrategy(DockerClientFactory.java:126)
	at org.testcontainers.DockerClientFactory.client(DockerClientFactory.java:147)
	at org.testcontainers.LazyDockerClient.getDockerClient(LazyDockerClient.java:14)
	at org.testcontainers.LazyDockerClient.inspectImageCmd(LazyDockerClient.java:12)
	at org.testcontainers.images.LocalImagesCache.refreshCache(LocalImagesCache.java:42)
	at org.testcontainers.images.AbstractImagePullPolicy.shouldPull(AbstractImagePullPolicy.java:24)
	at org.testcontainers.images.RemoteDockerImage.resolve(RemoteDockerImage.java:59)
	at org.testcontainers.images.RemoteDockerImage.resolve(RemoteDockerImage.java:26)
	at org.testcontainers.utility.LazyFuture.getResolvedValue(LazyFuture.java:20)
	at org.testcontainers.utility.LazyFuture.get(LazyFuture.java:27)
	at org.testcontainers.containers.GenericContainer.getDockerImageName(GenericContainer.java:1277)
	... 54 more

[INFO] Tests run: 0, Failures: 0, Errors: 0, Skipped: 0, Time elapsed: 0.003 s - in com.gruelbox.transactionoutbox.TestDefaultPersistorMySql8
[INFO] 
[INFO] Results:
[INFO] 
[WARNING] Tests run: 65, Failures: 0, Errors: 0, Skipped: 2
[INFO] 
[INFO] 
[INFO] ---------------< com.gruelbox:transactionoutbox-spring >----------------
[INFO] Building Transaction Outbox Spring 1.3.99999-SNAPSHOT              [3/5]
[INFO] --------------------------------[ jar ]---------------------------------
[INFO] 
[INFO] --- maven-clean-plugin:2.5:clean (default-clean) @ transactionoutbox-spring ---
[INFO] Deleting /home/gabsko/breaking-updates/transactionoutbox-spring/target
[INFO] 
[INFO] --- flatten-maven-plugin:1.2.5:clean (flatten.clean) @ transactionoutbox-spring ---
[INFO] Deleting /home/gabsko/breaking-updates/transactionoutbox-spring/.flattened-pom.xml
[INFO] 
[INFO] --- fmt-maven-plugin:2.10:format (default) @ transactionoutbox-spring ---
[INFO] File '/home/gabsko/breaking-updates/transactionoutbox-spring/src/main/java' is a directory. Skipping.
[INFO] File '/home/gabsko/breaking-updates/transactionoutbox-spring/src/main/java/com' is a directory. Skipping.
[INFO] File '/home/gabsko/breaking-updates/transactionoutbox-spring/src/main/java/com/gruelbox/transactionoutbox' is a directory. Skipping.
[INFO] File '/home/gabsko/breaking-updates/transactionoutbox-spring/src/main/java/com/gruelbox' is a directory. Skipping.
[INFO] File '/home/gabsko/breaking-updates/transactionoutbox-spring/src/test/java/com/gruelbox/transactionoutbox/acceptance' is a directory. Skipping.
[INFO] File '/home/gabsko/breaking-updates/transactionoutbox-spring/src/test/java' is a directory. Skipping.
[INFO] File '/home/gabsko/breaking-updates/transactionoutbox-spring/src/test/java/com/gruelbox/transactionoutbox' is a directory. Skipping.
[INFO] File '/home/gabsko/breaking-updates/transactionoutbox-spring/src/test/java/com' is a directory. Skipping.
[INFO] File '/home/gabsko/breaking-updates/transactionoutbox-spring/src/test/java/com/gruelbox' is a directory. Skipping.
[INFO] Processed 14 files (0 reformatted).
[INFO] 
[INFO] --- maven-resources-plugin:2.6:resources (default-resources) @ transactionoutbox-spring ---
[INFO] Using 'UTF-8' encoding to copy filtered resources.
[INFO] skip non existing resourceDirectory /home/gabsko/breaking-updates/transactionoutbox-spring/src/main/resources
[INFO] 
[INFO] --- flatten-maven-plugin:1.2.5:flatten (flatten) @ transactionoutbox-spring ---
[INFO] Generating flattened POM of project com.gruelbox:transactionoutbox-spring:jar:1.3.99999-SNAPSHOT...
[INFO] 
[INFO] --- maven-compiler-plugin:3.8.1:compile (default-compile) @ transactionoutbox-spring ---
[INFO] Changes detected - recompiling the module!
[INFO] Compiling 4 source files to /home/gabsko/breaking-updates/transactionoutbox-spring/target/classes
[INFO] /home/gabsko/breaking-updates/transactionoutbox-spring/src/main/java/com/gruelbox/transactionoutbox/SpringTransactionOutboxConfiguration.java: Some input files use or override a deprecated API.
[INFO] /home/gabsko/breaking-updates/transactionoutbox-spring/src/main/java/com/gruelbox/transactionoutbox/SpringTransactionOutboxConfiguration.java: Recompile with -Xlint:deprecation for details.
[INFO] 
[INFO] --- maven-resources-plugin:2.6:testResources (default-testResources) @ transactionoutbox-spring ---
[INFO] Using 'UTF-8' encoding to copy filtered resources.
[INFO] Copying 3 resources
[INFO] 
[INFO] --- maven-compiler-plugin:3.8.1:testCompile (default-testCompile) @ transactionoutbox-spring ---
[INFO] Changes detected - recompiling the module!
[INFO] Compiling 10 source files to /home/gabsko/breaking-updates/transactionoutbox-spring/target/test-classes
[INFO] 
[INFO] --- maven-surefire-plugin:3.0.0-M4:test (default-test) @ transactionoutbox-spring ---
[INFO] 
[INFO] -------------------------------------------------------
[INFO]  T E S T S
[INFO] -------------------------------------------------------
[INFO] Running com.gruelbox.transactionoutbox.acceptance.EventuallyConsistentControllerTest
04:59:50.707 [main] INFO  o.s.b.t.c.SpringBootTestContextBootstrapper - Neither @ContextConfiguration nor @ContextHierarchy found for test class [com.gruelbox.transactionoutbox.acceptance.EventuallyConsistentControllerTest], using SpringBootContextLoader
04:59:50.711 [main] INFO  o.s.t.c.s.AbstractContextLoader - Could not detect default resource locations for test class [com.gruelbox.transactionoutbox.acceptance.EventuallyConsistentControllerTest]: no resource found for suffixes {-context.xml, Context.groovy}.
04:59:50.712 [main] INFO  o.s.t.c.s.AnnotationConfigContextLoaderUtils - Could not detect default configuration classes for test class [com.gruelbox.transactionoutbox.acceptance.EventuallyConsistentControllerTest]: EventuallyConsistentControllerTest does not declare any static, non-private, non-final, nested classes annotated with @Configuration.
04:59:50.799 [main] INFO  o.s.b.t.c.SpringBootTestContextBootstrapper - Found @SpringBootConfiguration com.gruelbox.transactionoutbox.acceptance.TransactionOutboxSpringDemoApplication for test class com.gruelbox.transactionoutbox.acceptance.EventuallyConsistentControllerTest
04:59:50.867 [main] INFO  o.s.b.t.c.SpringBootTestContextBootstrapper - Loaded default TestExecutionListener class names from location [META-INF/spring.factories]: [org.springframework.boot.test.mock.mockito.MockitoTestExecutionListener, org.springframework.boot.test.mock.mockito.ResetMocksTestExecutionListener, org.springframework.boot.test.autoconfigure.restdocs.RestDocsTestExecutionListener, org.springframework.boot.test.autoconfigure.web.client.MockRestServiceServerResetTestExecutionListener, org.springframework.boot.test.autoconfigure.web.servlet.MockMvcPrintOnlyOnFailureTestExecutionListener, org.springframework.boot.test.autoconfigure.web.servlet.WebDriverTestExecutionListener, org.springframework.boot.test.autoconfigure.webservices.client.MockWebServiceServerTestExecutionListener, org.springframework.test.context.web.ServletTestExecutionListener, org.springframework.test.context.support.DirtiesContextBeforeModesTestExecutionListener, org.springframework.test.context.support.DependencyInjectionTestExecutionListener, org.springframework.test.context.support.DirtiesContextTestExecutionListener, org.springframework.test.context.transaction.TransactionalTestExecutionListener, org.springframework.test.context.jdbc.SqlScriptsTestExecutionListener, org.springframework.test.context.event.EventPublishingTestExecutionListener]
04:59:50.880 [main] INFO  o.s.b.t.c.SpringBootTestContextBootstrapper - Using TestExecutionListeners: [org.springframework.test.context.web.ServletTestExecutionListener@710b18a6, org.springframework.test.context.support.DirtiesContextBeforeModesTestExecutionListener@119020fb, org.springframework.boot.test.mock.mockito.MockitoTestExecutionListener@3d9f6567, org.springframework.boot.test.autoconfigure.SpringBootDependencyInjectionTestExecutionListener@c055c54, org.springframework.test.context.support.DirtiesContextTestExecutionListener@25e2ab5a, org.springframework.test.context.transaction.TransactionalTestExecutionListener@35e5d0e5, org.springframework.test.context.jdbc.SqlScriptsTestExecutionListener@73173f63, org.springframework.test.context.event.EventPublishingTestExecutionListener@55562aa9, org.springframework.boot.test.mock.mockito.ResetMocksTestExecutionListener@655ef322, org.springframework.boot.test.autoconfigure.restdocs.RestDocsTestExecutionListener@7e276594, org.springframework.boot.test.autoconfigure.web.client.MockRestServiceServerResetTestExecutionListener@3401a114, org.springframework.boot.test.autoconfigure.web.servlet.MockMvcPrintOnlyOnFailureTestExecutionListener@5066d65f, org.springframework.boot.test.autoconfigure.web.servlet.WebDriverTestExecutionListener@4233e892, org.springframework.boot.test.autoconfigure.webservices.client.MockWebServiceServerTestExecutionListener@77d2e85]

  .   ____          _            __ _ _
 /\\ / ___'_ __ _ _(_)_ __  __ _ \ \ \ \
( ( )\___ | '_ | '_| | '_ \/ _` | \ \ \ \
 \\/  ___)| |_)| | | | | || (_| |  ) ) ) )
  '  |____| .__|_| |_|_| |_\__, | / / / /
 =========|_|==============|___/=/_/_/_/
 :: Spring Boot ::        (v2.3.4.RELEASE)

04:59:51.098 [background-preinit] INFO  o.h.v.i.u.Version - HV000001: Hibernate Validator 6.1.5.Final
04:59:51.132 [main] INFO  c.g.t.a.EventuallyConsistentControllerTest - Starting EventuallyConsistentControllerTest on repairnator with PID 22944 (started by gabsko in /home/gabsko/breaking-updates/transactionoutbox-spring)
04:59:51.133 [main] INFO  c.g.t.a.EventuallyConsistentControllerTest - No active profile set, falling back to default profiles: default
04:59:51.685 [main] INFO  o.s.d.r.c.RepositoryConfigurationDelegate - Bootstrapping Spring Data JPA repositories in DEFERRED mode.
04:59:51.728 [main] INFO  o.s.d.r.c.RepositoryConfigurationDelegate - Finished Spring Data repository scanning in 37ms. Found 2 JPA repository interfaces.
04:59:52.245 [main] INFO  o.s.b.w.e.t.TomcatWebServer - Tomcat initialized with port(s): 0 (http)
04:59:52.253 [main] INFO  o.a.c.h.Http11NioProtocol - Initializing ProtocolHandler ["http-nio-auto-1"]
04:59:52.253 [main] INFO  o.a.c.c.StandardService - Starting service [Tomcat]
04:59:52.253 [main] INFO  o.a.c.c.StandardEngine - Starting Servlet engine: [Apache Tomcat/9.0.38]
04:59:52.329 [main] INFO  o.a.c.c.C.[.[.[/] - Initializing Spring embedded WebApplicationContext
04:59:52.329 [main] INFO  o.s.b.w.s.c.ServletWebServerApplicationContext - Root WebApplicationContext: initialization completed in 1183 ms
04:59:52.491 [main] INFO  o.s.s.c.ThreadPoolTaskExecutor - Initializing ExecutorService 'applicationTaskExecutor'
04:59:52.500 [main] INFO  c.z.h.HikariDataSource - HikariPool-1 - Starting...
04:59:52.640 [main] INFO  c.z.h.HikariDataSource - HikariPool-1 - Start completed.
04:59:52.705 [task-1] INFO  o.h.j.i.u.LogHelper - HHH000204: Processing PersistenceUnitInfo [name: default]
04:59:52.747 [task-1] INFO  o.h.Version - HHH000412: Hibernate ORM core version 5.4.21.Final
04:59:52.784 [main] WARN  o.s.b.a.o.j.JpaBaseConfiguration$JpaWebConfiguration - spring.jpa.open-in-view is enabled by default. Therefore, database queries may be performed during view rendering. Explicitly configure spring.jpa.open-in-view to disable this warning
04:59:52.841 [task-1] INFO  o.h.a.c.Version - HCANN000001: Hibernate Commons Annotations {5.1.0.Final}
04:59:52.935 [task-1] INFO  o.h.d.Dialect - HHH000400: Using dialect: org.hibernate.dialect.H2Dialect
04:59:53.259 [main] INFO  o.a.c.h.Http11NioProtocol - Starting ProtocolHandler ["http-nio-auto-1"]
04:59:53.307 [main] INFO  o.s.b.w.e.t.TomcatWebServer - Tomcat started on port(s): 43929 (http) with context path ''
04:59:53.309 [main] INFO  o.s.d.r.c.DeferredRepositoryInitializationListener - Triggering deferred initialization of Spring Data repositories
04:59:53.435 [task-1] INFO  o.h.e.t.j.p.i.JtaPlatformInitiator - HHH000490: Using JtaPlatform implementation: [org.hibernate.engine.transaction.jta.platform.internal.NoJtaPlatform]
04:59:53.441 [task-1] INFO  o.s.o.j.LocalContainerEntityManagerFactoryBean - Initialized JPA EntityManagerFactory for persistence unit 'default'
04:59:53.640 [main] INFO  o.s.d.r.c.DeferredRepositoryInitializationListener - Spring Data repositories initialized!
04:59:53.651 [main] INFO  c.g.t.a.EventuallyConsistentControllerTest - Started EventuallyConsistentControllerTest in 2.734 seconds (JVM running for 3.69)
04:59:53.823 [http-nio-auto-1-exec-1] INFO  o.a.c.c.C.[.[.[/] - Initializing Spring DispatcherServlet 'dispatcherServlet'
04:59:53.823 [http-nio-auto-1-exec-1] INFO  o.s.w.s.DispatcherServlet - Initializing Servlet 'dispatcherServlet'
04:59:53.837 [http-nio-auto-1-exec-1] INFO  o.s.w.s.DispatcherServlet - Completed initialization in 13 ms
04:59:53.866 [http-nio-auto-1-exec-1] INFO  c.g.t.a.EventuallyConsistentController - Creating customers
04:59:53.946 [http-nio-auto-1-exec-1] INFO  c.g.t.DefaultMigrationManager - Running migration: Create outbox table
04:59:53.953 [http-nio-auto-1-exec-1] INFO  c.g.t.DefaultMigrationManager - Running migration: Add unique request id
04:59:53.964 [http-nio-auto-1-exec-1] INFO  c.g.t.DefaultMigrationManager - Running migration: Add processed flag
04:59:53.969 [http-nio-auto-1-exec-1] INFO  c.g.t.DefaultMigrationManager - Running migration: Add flush index
04:59:53.971 [http-nio-auto-1-exec-1] INFO  c.g.t.DefaultMigrationManager - Running migration: Increase size of uniqueRequestId
04:59:53.978 [http-nio-auto-1-exec-1] INFO  c.g.t.DefaultMigrationManager - Running migration: Rename column blacklisted to blocked
04:59:54.114 [http-nio-auto-1-exec-1] INFO  c.g.t.a.EventuallyConsistentController - Customers created
04:59:54.143 [pool-1-thread-1] INFO  c.g.t.TransactionOutbox - Processing eventPublisher.publish(1, "Created customers", 2023-02-05T04:59:54.043375) [40bca527-9a83-4ab1-a59b-457d75d7ccaf]
04:59:54.153 [pool-1-thread-1] INFO  c.g.t.TransactionOutbox - Processed eventPublisher.publish(1, "Created customers", 2023-02-05T04:59:54.043375) [40bca527-9a83-4ab1-a59b-457d75d7ccaf]
[INFO] Tests run: 1, Failures: 0, Errors: 0, Skipped: 0, Time elapsed: 3.647 s - in com.gruelbox.transactionoutbox.acceptance.EventuallyConsistentControllerTest
04:59:54.279 [SpringContextShutdownHook] INFO  o.s.o.j.LocalContainerEntityManagerFactoryBean - Closing JPA EntityManagerFactory for persistence unit 'default'
04:59:54.280 [SpringContextShutdownHook] INFO  o.h.t.s.i.SchemaDropperImpl$DelayedDropActionImpl - HHH000477: Starting delayed evictData of schema as part of SessionFactory shut-down'
04:59:54.285 [SpringContextShutdownHook] INFO  o.s.s.c.ThreadPoolTaskExecutor - Shutting down ExecutorService 'applicationTaskExecutor'
04:59:54.286 [SpringContextShutdownHook] INFO  c.z.h.HikariDataSource - HikariPool-1 - Shutdown initiated...
04:59:54.291 [SpringContextShutdownHook] INFO  c.z.h.HikariDataSource - HikariPool-1 - Shutdown completed.
[INFO] 
[INFO] Results:
[INFO] 
[INFO] Tests run: 1, Failures: 0, Errors: 0, Skipped: 0
[INFO] 
[INFO] 
[INFO] ----------------< com.gruelbox:transactionoutbox-guice >----------------
[INFO] Building Transaction Outbox Guice 1.3.99999-SNAPSHOT               [4/5]
[INFO] --------------------------------[ jar ]---------------------------------
[INFO] 
[INFO] --- maven-clean-plugin:2.5:clean (default-clean) @ transactionoutbox-guice ---
[INFO] Deleting /home/gabsko/breaking-updates/transactionoutbox-guice/target
[INFO] 
[INFO] --- flatten-maven-plugin:1.2.5:clean (flatten.clean) @ transactionoutbox-guice ---
[INFO] Deleting /home/gabsko/breaking-updates/transactionoutbox-guice/.flattened-pom.xml
[INFO] 
[INFO] --- fmt-maven-plugin:2.10:format (default) @ transactionoutbox-guice ---
[INFO] File '/home/gabsko/breaking-updates/transactionoutbox-guice/src/main/java/com/gruelbox' is a directory. Skipping.
[INFO] File '/home/gabsko/breaking-updates/transactionoutbox-guice/src/main/java' is a directory. Skipping.
[INFO] File '/home/gabsko/breaking-updates/transactionoutbox-guice/src/main/java/com/gruelbox/transactionoutbox' is a directory. Skipping.
[INFO] File '/home/gabsko/breaking-updates/transactionoutbox-guice/src/main/java/com' is a directory. Skipping.
[INFO] File '/home/gabsko/breaking-updates/transactionoutbox-guice/src/test/java/com.gruelbox.transactionoutbox.acceptance' is a directory. Skipping.
[INFO] File '/home/gabsko/breaking-updates/transactionoutbox-guice/src/test/java' is a directory. Skipping.
[INFO] Processed 3 files (0 reformatted).
[INFO] 
[INFO] --- maven-resources-plugin:2.6:resources (default-resources) @ transactionoutbox-guice ---
[INFO] Using 'UTF-8' encoding to copy filtered resources.
[INFO] skip non existing resourceDirectory /home/gabsko/breaking-updates/transactionoutbox-guice/src/main/resources
[INFO] 
[INFO] --- flatten-maven-plugin:1.2.5:flatten (flatten) @ transactionoutbox-guice ---
[INFO] Generating flattened POM of project com.gruelbox:transactionoutbox-guice:jar:1.3.99999-SNAPSHOT...
[INFO] 
[INFO] --- maven-compiler-plugin:3.8.1:compile (default-compile) @ transactionoutbox-guice ---
[INFO] Changes detected - recompiling the module!
[INFO] Compiling 1 source file to /home/gabsko/breaking-updates/transactionoutbox-guice/target/classes
[INFO] 
[INFO] --- maven-resources-plugin:2.6:testResources (default-testResources) @ transactionoutbox-guice ---
[INFO] Using 'UTF-8' encoding to copy filtered resources.
[INFO] Copying 1 resource
[INFO] 
[INFO] --- maven-compiler-plugin:3.8.1:testCompile (default-testCompile) @ transactionoutbox-guice ---
[INFO] Changes detected - recompiling the module!
[INFO] Compiling 2 source files to /home/gabsko/breaking-updates/transactionoutbox-guice/target/test-classes
[INFO] 
[INFO] --- maven-surefire-plugin:3.0.0-M4:test (default-test) @ transactionoutbox-guice ---
[INFO] 
[INFO] -------------------------------------------------------
[INFO]  T E S T S
[INFO] -------------------------------------------------------
[INFO] Running com.gruelbox.transactionoutbox.acceptance.TestGuiceBinding
04:59:55.864 [main] INFO  SESSION-KEY= o.h.v.i.u.Version - HV000001: Hibernate Validator 6.1.5.Final
04:59:56.155 [main] INFO  SESSION-KEY= c.g.t.a.TestGuiceBinding - Queued request
04:59:56.157 [main] INFO  SESSION-KEY= c.g.t.TransactionOutbox - Processing com.gruelbox.transactionoutbox.acceptance.TestGuiceBinding$MyService.process() [56632070-4a83-4b17-a2c5-9dc18c9a64a7]
04:59:56.158 [main] INFO  SESSION-KEY= c.g.t.a.TestGuiceBinding - Processed local
04:59:56.158 [main] INFO  SESSION-KEY= c.g.t.TransactionOutbox - Processed com.gruelbox.transactionoutbox.acceptance.TestGuiceBinding$MyService.process() [56632070-4a83-4b17-a2c5-9dc18c9a64a7]
[INFO] Tests run: 1, Failures: 0, Errors: 0, Skipped: 0, Time elapsed: 0.585 s - in com.gruelbox.transactionoutbox.acceptance.TestGuiceBinding
[INFO] Running com.gruelbox.transactionoutbox.acceptance.TestGuiceInstantiator
[INFO] Tests run: 1, Failures: 0, Errors: 0, Skipped: 0, Time elapsed: 0.014 s - in com.gruelbox.transactionoutbox.acceptance.TestGuiceInstantiator
[INFO] 
[INFO] Results:
[INFO] 
[INFO] Tests run: 2, Failures: 0, Errors: 0, Skipped: 0
[INFO] 
[INFO] 
[INFO] ----------------< com.gruelbox:transactionoutbox-jooq >-----------------
[INFO] Building Transaction Outbox jOOQ 1.3.99999-SNAPSHOT                [5/5]
[INFO] --------------------------------[ jar ]---------------------------------
[INFO] 
[INFO] --- maven-clean-plugin:2.5:clean (default-clean) @ transactionoutbox-jooq ---
[INFO] Deleting /home/gabsko/breaking-updates/transactionoutbox-jooq/target
[INFO] 
[INFO] --- flatten-maven-plugin:1.2.5:clean (flatten.clean) @ transactionoutbox-jooq ---
[INFO] Deleting /home/gabsko/breaking-updates/transactionoutbox-jooq/.flattened-pom.xml
[INFO] 
[INFO] --- fmt-maven-plugin:2.10:format (default) @ transactionoutbox-jooq ---
[INFO] File '/home/gabsko/breaking-updates/transactionoutbox-jooq/src/main/java/com/gruelbox' is a directory. Skipping.
[INFO] File '/home/gabsko/breaking-updates/transactionoutbox-jooq/src/main/java/com/gruelbox/transactionoutbox' is a directory. Skipping.
[INFO] File '/home/gabsko/breaking-updates/transactionoutbox-jooq/src/main/java' is a directory. Skipping.
[INFO] File '/home/gabsko/breaking-updates/transactionoutbox-jooq/src/main/java/com' is a directory. Skipping.
[INFO] File '/home/gabsko/breaking-updates/transactionoutbox-jooq/src/test/java/com/gruelbox' is a directory. Skipping.
[INFO] File '/home/gabsko/breaking-updates/transactionoutbox-jooq/src/test/java/com' is a directory. Skipping.
[INFO] File '/home/gabsko/breaking-updates/transactionoutbox-jooq/src/test/java' is a directory. Skipping.
[INFO] File '/home/gabsko/breaking-updates/transactionoutbox-jooq/src/test/java/com/gruelbox/transactionoutbox' is a directory. Skipping.
[INFO] File '/home/gabsko/breaking-updates/transactionoutbox-jooq/src/test/java/com/gruelbox/transactionoutbox/acceptance' is a directory. Skipping.
[INFO] Processed 8 files (0 reformatted).
[INFO] 
[INFO] --- maven-resources-plugin:2.6:resources (default-resources) @ transactionoutbox-jooq ---
[INFO] Using 'UTF-8' encoding to copy filtered resources.
[INFO] skip non existing resourceDirectory /home/gabsko/breaking-updates/transactionoutbox-jooq/src/main/resources
[INFO] 
[INFO] --- flatten-maven-plugin:1.2.5:flatten (flatten) @ transactionoutbox-jooq ---
[INFO] Generating flattened POM of project com.gruelbox:transactionoutbox-jooq:jar:1.3.99999-SNAPSHOT...
[INFO] 
[INFO] --- maven-compiler-plugin:3.8.1:compile (default-compile) @ transactionoutbox-jooq ---
[INFO] Changes detected - recompiling the module!
[INFO] Compiling 4 source files to /home/gabsko/breaking-updates/transactionoutbox-jooq/target/classes
[INFO] 
[INFO] --- maven-resources-plugin:2.6:testResources (default-testResources) @ transactionoutbox-jooq ---
[INFO] Using 'UTF-8' encoding to copy filtered resources.
[INFO] Copying 1 resource
[INFO] 
[INFO] --- maven-compiler-plugin:3.8.1:testCompile (default-testCompile) @ transactionoutbox-jooq ---
[INFO] Changes detected - recompiling the module!
[INFO] Compiling 4 source files to /home/gabsko/breaking-updates/transactionoutbox-jooq/target/test-classes
[INFO] -------------------------------------------------------------
[ERROR] COMPILATION ERROR : 
[INFO] -------------------------------------------------------------
[ERROR] /home/gabsko/breaking-updates/transactionoutbox-jooq/src/test/java/com/gruelbox/transactionoutbox/acceptance/TestJooqTransactionManagerWithThreadLocalProvider.java:[72,8] cannot find symbol
  symbol:   method close()
  location: variable dsl of type org.jooq.DSLContext
[ERROR] /home/gabsko/breaking-updates/transactionoutbox-jooq/src/test/java/com/gruelbox/transactionoutbox/acceptance/TestJooqTransactionManagerWithDefaultProviderAndExplicitlyPassedContext.java:[59,8] cannot find symbol
  symbol:   method close()
  location: variable dsl of type org.jooq.DSLContext
[ERROR] /home/gabsko/breaking-updates/transactionoutbox-jooq/src/test/java/com/gruelbox/transactionoutbox/acceptance/TestJooqTransactionManagerWithDefaultProviderAndExplicitlyPassedContext.java:[136,21] incompatible types: try-with-resources not applicable to variable type
    (org.jooq.DSLContext cannot be converted to java.lang.AutoCloseable)
[ERROR] /home/gabsko/breaking-updates/transactionoutbox-jooq/src/test/java/com/gruelbox/transactionoutbox/acceptance/TestJooqTransactionManagerWithDefaultProviderAndThreadLocalContext.java:[69,8] cannot find symbol
  symbol:   method close()
  location: variable dsl of type org.jooq.DSLContext
[INFO] 4 errors 
[INFO] -------------------------------------------------------------
[INFO] ------------------------------------------------------------------------
[INFO] Reactor Summary for Transaction Outbox Parent 1.3.99999-SNAPSHOT:
[INFO] 
[INFO] Transaction Outbox Parent .......................... SUCCESS [  0.526 s]
[INFO] Transaction Outbox Core ............................ SUCCESS [ 53.501 s]
[INFO] Transaction Outbox Spring .......................... SUCCESS [  5.651 s]
[INFO] Transaction Outbox Guice ........................... SUCCESS [  1.862 s]
[INFO] Transaction Outbox jOOQ ............................ FAILURE [  0.800 s]
[INFO] ------------------------------------------------------------------------
[INFO] BUILD FAILURE
[INFO] ------------------------------------------------------------------------
[INFO] Total time:  01:02 min
[INFO] Finished at: 2023-02-05T04:59:57Z
[INFO] ------------------------------------------------------------------------
[ERROR] Failed to execute goal org.apache.maven.plugins:maven-compiler-plugin:3.8.1:testCompile (default-testCompile) on project transactionoutbox-jooq: Compilation failure: Compilation failure: 
[ERROR] /home/gabsko/breaking-updates/transactionoutbox-jooq/src/test/java/com/gruelbox/transactionoutbox/acceptance/TestJooqTransactionManagerWithThreadLocalProvider.java:[72,8] cannot find symbol
[ERROR]   symbol:   method close()
[ERROR]   location: variable dsl of type org.jooq.DSLContext
[ERROR] /home/gabsko/breaking-updates/transactionoutbox-jooq/src/test/java/com/gruelbox/transactionoutbox/acceptance/TestJooqTransactionManagerWithDefaultProviderAndExplicitlyPassedContext.java:[59,8] cannot find symbol
[ERROR]   symbol:   method close()
[ERROR]   location: variable dsl of type org.jooq.DSLContext
[ERROR] /home/gabsko/breaking-updates/transactionoutbox-jooq/src/test/java/com/gruelbox/transactionoutbox/acceptance/TestJooqTransactionManagerWithDefaultProviderAndExplicitlyPassedContext.java:[136,21] incompatible types: try-with-resources not applicable to variable type
[ERROR]     (org.jooq.DSLContext cannot be converted to java.lang.AutoCloseable)
[ERROR] /home/gabsko/breaking-updates/transactionoutbox-jooq/src/test/java/com/gruelbox/transactionoutbox/acceptance/TestJooqTransactionManagerWithDefaultProviderAndThreadLocalContext.java:[69,8] cannot find symbol
[ERROR]   symbol:   method close()
[ERROR]   location: variable dsl of type org.jooq.DSLContext
[ERROR] -> [Help 1]
[ERROR] 
[ERROR] To see the full stack trace of the errors, re-run Maven with the -e switch.
[ERROR] Re-run Maven using the -X switch to enable full debug logging.
[ERROR] 
[ERROR] For more information about the errors and possible solutions, please read the following articles:
[ERROR] [Help 1] http://cwiki.apache.org/confluence/display/MAVEN/MojoFailureException
[ERROR] 
[ERROR] After correcting the problems, you can resume the build with the command
[ERROR]   mvn <args> -rf :transactionoutbox-jooq
